entering python script
[2018/09/21 14:23:42 __main__ INFO] - {
  "model_config": {
    "arch": "vgg",
    "input_shape": [
      1,
      3,
      32,
      32
    ],
    "n_classes": 10,
    "n_channels": [
      64,
      128,
      256,
      512,
      512
    ],
    "n_layers": [
      2,
      2,
      3,
      3,
      3
    ],
    "use_bn": true
  },
  "optim_config": {
    "epochs": 160,
    "batch_size": 128,
    "optimizer": "sgd",
    "base_lr": 0.1,
    "weight_decay": 0.0001,
    "momentum": 0.9,
    "nesterov": true,
    "scheduler": "multistep",
    "milestones": [
      80,
      120
    ],
    "lr_decay": 0.1
  },
  "data_config": {
    "dataset": "CIFAR10",
    "n_classes": 10,
    "num_workers": 7,
    "batch_size": 128,
    "use_cutout": false,
    "use_random_erasing": false,
    "use_mixup": false,
    "use_gpu": true
  },
  "run_config": {
    "outdir": "/scratch/ruairidh/results/vgg_15_BN_64/",
    "seed": 7,
    "test_first": true,
    "gpu": "0",
    "tensorboard": false,
    "tensorboard_train_images": false,
    "tensorboard_test_images": false,
    "tensorboard_model_params": false,
    "use_gpu": true
  },
  "env_info": {
    "pytorch_version": "0.4.1",
    "cuda_version": "9.2.148",
    "cudnn_version": 7104,
    "gpu0": {
      "name": "Tesla P100-PCIE-16GB",
      "capability": "6.0"
    }
  }
}
[2018/09/21 14:23:43 __main__ INFO] - Loading model...
[2018/09/21 14:23:44 __main__ INFO] - n_params: 14728266
[2018/09/21 14:23:46 __main__ INFO] - Done
/home/ruairidh/miniconda3/envs/pytorch_env/lib/python3.7/site-packages/torch/nn/functional.py:52: UserWarning: size_average and reduce args will be deprecated, please use reduction='elementwise_mean' instead.
  warnings.warn(warning.format(ret))
[2018/09/21 14:23:46 __main__ INFO] - Test 0
Files already downloaded and verified
Files already downloaded and verified
[2018/09/21 14:23:49 __main__ INFO] - Epoch 0 Loss 2.3026 Accuracy 0.1001
[2018/09/21 14:23:49 __main__ INFO] - Elapsed 3.20
[2018/09/21 14:23:49 __main__ INFO] - Train 1
[2018/09/21 14:23:50 __main__ INFO] - Epoch 1 Step 0/390 Loss 2.3366 (2.3366) Accuracy 0.1172 (0.1172)
[2018/09/21 14:23:54 __main__ INFO] - Epoch 1 Step 100/390 Loss 1.8075 (2.1335) Accuracy 0.2578 (0.2306)
[2018/09/21 14:23:59 __main__ INFO] - Epoch 1 Step 200/390 Loss 1.5831 (1.9377) Accuracy 0.3672 (0.2811)
[2018/09/21 14:24:03 __main__ INFO] - Epoch 1 Step 300/390 Loss 1.4029 (1.8181) Accuracy 0.4453 (0.3215)
[2018/09/21 14:24:06 __main__ INFO] - Elapsed 17.31
[2018/09/21 14:24:06 __main__ INFO] - Test 1
[2018/09/21 14:24:09 __main__ INFO] - Epoch 1 Loss 1.4065 Accuracy 0.4912
[2018/09/21 14:24:09 __main__ INFO] - Elapsed 2.77
[2018/09/21 14:24:10 __main__ INFO] - Train 2
[2018/09/21 14:24:10 __main__ INFO] - Epoch 2 Step 0/390 Loss 1.2458 (1.2458) Accuracy 0.5234 (0.5234)
[2018/09/21 14:24:14 __main__ INFO] - Epoch 2 Step 100/390 Loss 0.9924 (1.2786) Accuracy 0.6328 (0.5319)
[2018/09/21 14:24:19 __main__ INFO] - Epoch 2 Step 200/390 Loss 0.9107 (1.2214) Accuracy 0.6875 (0.5573)
[2018/09/21 14:24:23 __main__ INFO] - Epoch 2 Step 300/390 Loss 1.0629 (1.1787) Accuracy 0.6094 (0.5734)
[2018/09/21 14:24:27 __main__ INFO] - Elapsed 17.29
[2018/09/21 14:24:27 __main__ INFO] - Test 2
[2018/09/21 14:24:30 __main__ INFO] - Epoch 2 Loss 0.9742 Accuracy 0.6596
[2018/09/21 14:24:30 __main__ INFO] - Elapsed 2.74
[2018/09/21 14:24:30 __main__ INFO] - Train 3
[2018/09/21 14:24:30 __main__ INFO] - Epoch 3 Step 0/390 Loss 0.9930 (0.9930) Accuracy 0.6484 (0.6484)
[2018/09/21 14:24:35 __main__ INFO] - Epoch 3 Step 100/390 Loss 1.0077 (0.9714) Accuracy 0.6406 (0.6491)
[2018/09/21 14:24:39 __main__ INFO] - Epoch 3 Step 200/390 Loss 0.9119 (0.9471) Accuracy 0.6875 (0.6575)
[2018/09/21 14:24:43 __main__ INFO] - Epoch 3 Step 300/390 Loss 0.9413 (0.9252) Accuracy 0.6328 (0.6674)
[2018/09/21 14:24:47 __main__ INFO] - Elapsed 16.85
[2018/09/21 14:24:47 __main__ INFO] - Test 3
[2018/09/21 14:24:50 __main__ INFO] - Epoch 3 Loss 0.9052 Accuracy 0.6823
[2018/09/21 14:24:50 __main__ INFO] - Elapsed 2.73
[2018/09/21 14:24:50 __main__ INFO] - Train 4
[2018/09/21 14:24:50 __main__ INFO] - Epoch 4 Step 0/390 Loss 0.9599 (0.9599) Accuracy 0.6719 (0.6719)
[2018/09/21 14:24:55 __main__ INFO] - Epoch 4 Step 100/390 Loss 0.6364 (0.7919) Accuracy 0.7344 (0.7235)
[2018/09/21 14:24:59 __main__ INFO] - Epoch 4 Step 200/390 Loss 0.6994 (0.7828) Accuracy 0.7344 (0.7243)
[2018/09/21 14:25:04 __main__ INFO] - Epoch 4 Step 300/390 Loss 0.7168 (0.7717) Accuracy 0.7656 (0.7269)
[2018/09/21 14:25:07 __main__ INFO] - Elapsed 17.19
[2018/09/21 14:25:07 __main__ INFO] - Test 4
[2018/09/21 14:25:10 __main__ INFO] - Epoch 4 Loss 0.7858 Accuracy 0.7268
[2018/09/21 14:25:10 __main__ INFO] - Elapsed 2.79
[2018/09/21 14:25:10 __main__ INFO] - Train 5
[2018/09/21 14:25:11 __main__ INFO] - Epoch 5 Step 0/390 Loss 0.8667 (0.8667) Accuracy 0.6953 (0.6953)
[2018/09/21 14:25:15 __main__ INFO] - Epoch 5 Step 100/390 Loss 0.6104 (0.6965) Accuracy 0.7656 (0.7558)
[2018/09/21 14:25:19 __main__ INFO] - Epoch 5 Step 200/390 Loss 0.8305 (0.6919) Accuracy 0.7578 (0.7591)
[2018/09/21 14:25:24 __main__ INFO] - Epoch 5 Step 300/390 Loss 0.5810 (0.6810) Accuracy 0.7891 (0.7634)
[2018/09/21 14:25:28 __main__ INFO] - Elapsed 17.22
[2018/09/21 14:25:28 __main__ INFO] - Test 5
[2018/09/21 14:25:30 __main__ INFO] - Epoch 5 Loss 0.7034 Accuracy 0.7593
[2018/09/21 14:25:30 __main__ INFO] - Elapsed 2.73
[2018/09/21 14:25:31 __main__ INFO] - Train 6
[2018/09/21 14:25:31 __main__ INFO] - Epoch 6 Step 0/390 Loss 0.6437 (0.6437) Accuracy 0.7656 (0.7656)
[2018/09/21 14:25:36 __main__ INFO] - Epoch 6 Step 100/390 Loss 0.7389 (0.6278) Accuracy 0.7734 (0.7847)
[2018/09/21 14:25:40 __main__ INFO] - Epoch 6 Step 200/390 Loss 0.5546 (0.6212) Accuracy 0.8281 (0.7872)
[2018/09/21 14:25:44 __main__ INFO] - Epoch 6 Step 300/390 Loss 0.5984 (0.6148) Accuracy 0.7891 (0.7886)
[2018/09/21 14:25:48 __main__ INFO] - Elapsed 17.26
[2018/09/21 14:25:48 __main__ INFO] - Test 6
[2018/09/21 14:25:51 __main__ INFO] - Epoch 6 Loss 0.6358 Accuracy 0.7828
[2018/09/21 14:25:51 __main__ INFO] - Elapsed 2.77
[2018/09/21 14:25:51 __main__ INFO] - Train 7
[2018/09/21 14:25:51 __main__ INFO] - Epoch 7 Step 0/390 Loss 0.5780 (0.5780) Accuracy 0.7734 (0.7734)
[2018/09/21 14:25:56 __main__ INFO] - Epoch 7 Step 100/390 Loss 0.5455 (0.5774) Accuracy 0.7969 (0.7991)
[2018/09/21 14:26:00 __main__ INFO] - Epoch 7 Step 200/390 Loss 0.5136 (0.5721) Accuracy 0.8125 (0.8019)
[2018/09/21 14:26:05 __main__ INFO] - Epoch 7 Step 300/390 Loss 0.4566 (0.5713) Accuracy 0.8672 (0.8008)
[2018/09/21 14:26:08 __main__ INFO] - Elapsed 17.23
[2018/09/21 14:26:08 __main__ INFO] - Test 7
[2018/09/21 14:26:11 __main__ INFO] - Epoch 7 Loss 0.6242 Accuracy 0.7879
[2018/09/21 14:26:11 __main__ INFO] - Elapsed 2.66
[2018/09/21 14:26:11 __main__ INFO] - Train 8
[2018/09/21 14:26:12 __main__ INFO] - Epoch 8 Step 0/390 Loss 0.5273 (0.5273) Accuracy 0.8125 (0.8125)
[2018/09/21 14:26:16 __main__ INFO] - Epoch 8 Step 100/390 Loss 0.5023 (0.5252) Accuracy 0.8125 (0.8166)
[2018/09/21 14:26:21 __main__ INFO] - Epoch 8 Step 200/390 Loss 0.5022 (0.5250) Accuracy 0.8281 (0.8197)
[2018/09/21 14:26:25 __main__ INFO] - Epoch 8 Step 300/390 Loss 0.4516 (0.5261) Accuracy 0.8281 (0.8183)
[2018/09/21 14:26:29 __main__ INFO] - Elapsed 17.41
[2018/09/21 14:26:29 __main__ INFO] - Test 8
[2018/09/21 14:26:31 __main__ INFO] - Epoch 8 Loss 0.6503 Accuracy 0.7788
[2018/09/21 14:26:31 __main__ INFO] - Elapsed 2.72
[2018/09/21 14:26:32 __main__ INFO] - Train 9
[2018/09/21 14:26:32 __main__ INFO] - Epoch 9 Step 0/390 Loss 0.4281 (0.4281) Accuracy 0.8672 (0.8672)
[2018/09/21 14:26:37 __main__ INFO] - Epoch 9 Step 100/390 Loss 0.4949 (0.5004) Accuracy 0.8203 (0.8286)
[2018/09/21 14:26:41 __main__ INFO] - Epoch 9 Step 200/390 Loss 0.6258 (0.4933) Accuracy 0.7891 (0.8320)
[2018/09/21 14:26:45 __main__ INFO] - Epoch 9 Step 300/390 Loss 0.7399 (0.4995) Accuracy 0.6953 (0.8296)
[2018/09/21 14:26:49 __main__ INFO] - Elapsed 17.29
[2018/09/21 14:26:49 __main__ INFO] - Test 9
[2018/09/21 14:26:52 __main__ INFO] - Epoch 9 Loss 0.5144 Accuracy 0.8228
[2018/09/21 14:26:52 __main__ INFO] - Elapsed 2.78
[2018/09/21 14:26:52 __main__ INFO] - Train 10
[2018/09/21 14:26:53 __main__ INFO] - Epoch 10 Step 0/390 Loss 0.4225 (0.4225) Accuracy 0.8281 (0.8281)
[2018/09/21 14:26:57 __main__ INFO] - Epoch 10 Step 100/390 Loss 0.5170 (0.4793) Accuracy 0.8281 (0.8376)
[2018/09/21 14:27:02 __main__ INFO] - Epoch 10 Step 200/390 Loss 0.5317 (0.4772) Accuracy 0.8359 (0.8362)
[2018/09/21 14:27:06 __main__ INFO] - Epoch 10 Step 300/390 Loss 0.4073 (0.4762) Accuracy 0.8906 (0.8371)
[2018/09/21 14:27:10 __main__ INFO] - Elapsed 17.43
[2018/09/21 14:27:10 __main__ INFO] - Test 10
[2018/09/21 14:27:12 __main__ INFO] - Epoch 10 Loss 0.5462 Accuracy 0.8160
[2018/09/21 14:27:12 __main__ INFO] - Elapsed 2.69
[2018/09/21 14:27:13 __main__ INFO] - Train 11
[2018/09/21 14:27:13 __main__ INFO] - Epoch 11 Step 0/390 Loss 0.3498 (0.3498) Accuracy 0.8828 (0.8828)
[2018/09/21 14:27:17 __main__ INFO] - Epoch 11 Step 100/390 Loss 0.5906 (0.4558) Accuracy 0.8047 (0.8444)
[2018/09/21 14:27:22 __main__ INFO] - Epoch 11 Step 200/390 Loss 0.4899 (0.4488) Accuracy 0.8516 (0.8459)
[2018/09/21 14:27:26 __main__ INFO] - Epoch 11 Step 300/390 Loss 0.5849 (0.4515) Accuracy 0.7969 (0.8446)
[2018/09/21 14:27:30 __main__ INFO] - Elapsed 17.11
[2018/09/21 14:27:30 __main__ INFO] - Test 11
[2018/09/21 14:27:32 __main__ INFO] - Epoch 11 Loss 0.4866 Accuracy 0.8388
[2018/09/21 14:27:32 __main__ INFO] - Elapsed 2.67
[2018/09/21 14:27:33 __main__ INFO] - Train 12
[2018/09/21 14:27:33 __main__ INFO] - Epoch 12 Step 0/390 Loss 0.3647 (0.3647) Accuracy 0.8594 (0.8594)
[2018/09/21 14:27:38 __main__ INFO] - Epoch 12 Step 100/390 Loss 0.5724 (0.4297) Accuracy 0.8125 (0.8508)
[2018/09/21 14:27:42 __main__ INFO] - Epoch 12 Step 200/390 Loss 0.4940 (0.4305) Accuracy 0.8281 (0.8528)
[2018/09/21 14:27:46 __main__ INFO] - Epoch 12 Step 300/390 Loss 0.4770 (0.4320) Accuracy 0.8203 (0.8518)
[2018/09/21 14:27:50 __main__ INFO] - Elapsed 17.40
[2018/09/21 14:27:50 __main__ INFO] - Test 12
[2018/09/21 14:27:53 __main__ INFO] - Epoch 12 Loss 0.5089 Accuracy 0.8254
[2018/09/21 14:27:53 __main__ INFO] - Elapsed 2.66
[2018/09/21 14:27:53 __main__ INFO] - Train 13
[2018/09/21 14:27:54 __main__ INFO] - Epoch 13 Step 0/390 Loss 0.5502 (0.5502) Accuracy 0.8125 (0.8125)
[2018/09/21 14:27:58 __main__ INFO] - Epoch 13 Step 100/390 Loss 0.3953 (0.4109) Accuracy 0.8984 (0.8567)
[2018/09/21 14:28:02 __main__ INFO] - Epoch 13 Step 200/390 Loss 0.5093 (0.4188) Accuracy 0.8203 (0.8559)
[2018/09/21 14:28:06 __main__ INFO] - Epoch 13 Step 300/390 Loss 0.2656 (0.4178) Accuracy 0.9062 (0.8566)
[2018/09/21 14:28:10 __main__ INFO] - Elapsed 16.87
[2018/09/21 14:28:10 __main__ INFO] - Test 13
[2018/09/21 14:28:13 __main__ INFO] - Epoch 13 Loss 0.5012 Accuracy 0.8322
[2018/09/21 14:28:13 __main__ INFO] - Elapsed 2.68
[2018/09/21 14:28:13 __main__ INFO] - Train 14
[2018/09/21 14:28:13 __main__ INFO] - Epoch 14 Step 0/390 Loss 0.4315 (0.4315) Accuracy 0.8438 (0.8438)
[2018/09/21 14:28:18 __main__ INFO] - Epoch 14 Step 100/390 Loss 0.3715 (0.3861) Accuracy 0.8672 (0.8649)
[2018/09/21 14:28:22 __main__ INFO] - Epoch 14 Step 200/390 Loss 0.2689 (0.3873) Accuracy 0.8984 (0.8656)
[2018/09/21 14:28:26 __main__ INFO] - Epoch 14 Step 300/390 Loss 0.5490 (0.3933) Accuracy 0.8047 (0.8636)
[2018/09/21 14:28:30 __main__ INFO] - Elapsed 17.05
[2018/09/21 14:28:30 __main__ INFO] - Test 14
[2018/09/21 14:28:33 __main__ INFO] - Epoch 14 Loss 0.5264 Accuracy 0.8242
[2018/09/21 14:28:33 __main__ INFO] - Elapsed 2.63
[2018/09/21 14:28:33 __main__ INFO] - Train 15
[2018/09/21 14:28:33 __main__ INFO] - Epoch 15 Step 0/390 Loss 0.4665 (0.4665) Accuracy 0.8516 (0.8516)
[2018/09/21 14:28:38 __main__ INFO] - Epoch 15 Step 100/390 Loss 0.3516 (0.3752) Accuracy 0.8828 (0.8677)
[2018/09/21 14:28:42 __main__ INFO] - Epoch 15 Step 200/390 Loss 0.3401 (0.3750) Accuracy 0.9062 (0.8686)
[2018/09/21 14:28:47 __main__ INFO] - Epoch 15 Step 300/390 Loss 0.4730 (0.3782) Accuracy 0.8594 (0.8686)
[2018/09/21 14:28:50 __main__ INFO] - Elapsed 17.38
[2018/09/21 14:28:51 __main__ INFO] - Test 15
[2018/09/21 14:28:53 __main__ INFO] - Epoch 15 Loss 0.4787 Accuracy 0.8360
[2018/09/21 14:28:53 __main__ INFO] - Elapsed 2.66
[2018/09/21 14:28:53 __main__ INFO] - Train 16
[2018/09/21 14:28:54 __main__ INFO] - Epoch 16 Step 0/390 Loss 0.3432 (0.3432) Accuracy 0.8438 (0.8438)
[2018/09/21 14:28:58 __main__ INFO] - Epoch 16 Step 100/390 Loss 0.2888 (0.3673) Accuracy 0.8984 (0.8745)
[2018/09/21 14:29:03 __main__ INFO] - Epoch 16 Step 200/390 Loss 0.4502 (0.3683) Accuracy 0.8203 (0.8743)
[2018/09/21 14:29:07 __main__ INFO] - Epoch 16 Step 300/390 Loss 0.3904 (0.3686) Accuracy 0.8359 (0.8740)
[2018/09/21 14:29:11 __main__ INFO] - Elapsed 17.42
[2018/09/21 14:29:11 __main__ INFO] - Test 16
[2018/09/21 14:29:14 __main__ INFO] - Epoch 16 Loss 0.4661 Accuracy 0.8429
[2018/09/21 14:29:14 __main__ INFO] - Elapsed 2.76
[2018/09/21 14:29:14 __main__ INFO] - Train 17
[2018/09/21 14:29:14 __main__ INFO] - Epoch 17 Step 0/390 Loss 0.4292 (0.4292) Accuracy 0.8438 (0.8438)
[2018/09/21 14:29:19 __main__ INFO] - Epoch 17 Step 100/390 Loss 0.3991 (0.3515) Accuracy 0.8906 (0.8752)
[2018/09/21 14:29:23 __main__ INFO] - Epoch 17 Step 200/390 Loss 0.2678 (0.3515) Accuracy 0.8984 (0.8776)
[2018/09/21 14:29:28 __main__ INFO] - Epoch 17 Step 300/390 Loss 0.3367 (0.3550) Accuracy 0.8828 (0.8773)
[2018/09/21 14:29:31 __main__ INFO] - Elapsed 17.42
[2018/09/21 14:29:31 __main__ INFO] - Test 17
[2018/09/21 14:29:34 __main__ INFO] - Epoch 17 Loss 0.4483 Accuracy 0.8456
[2018/09/21 14:29:34 __main__ INFO] - Elapsed 2.63
[2018/09/21 14:29:34 __main__ INFO] - Train 18
[2018/09/21 14:29:35 __main__ INFO] - Epoch 18 Step 0/390 Loss 0.3800 (0.3800) Accuracy 0.8750 (0.8750)
[2018/09/21 14:29:39 __main__ INFO] - Epoch 18 Step 100/390 Loss 0.3370 (0.3199) Accuracy 0.8672 (0.8871)
[2018/09/21 14:29:44 __main__ INFO] - Epoch 18 Step 200/390 Loss 0.4175 (0.3294) Accuracy 0.8516 (0.8858)
[2018/09/21 14:29:48 __main__ INFO] - Epoch 18 Step 300/390 Loss 0.4934 (0.3380) Accuracy 0.7891 (0.8828)
[2018/09/21 14:29:52 __main__ INFO] - Elapsed 17.23
[2018/09/21 14:29:52 __main__ INFO] - Test 18
[2018/09/21 14:29:54 __main__ INFO] - Epoch 18 Loss 0.4638 Accuracy 0.8448
[2018/09/21 14:29:54 __main__ INFO] - Elapsed 2.63
[2018/09/21 14:29:55 __main__ INFO] - Train 19
[2018/09/21 14:29:55 __main__ INFO] - Epoch 19 Step 0/390 Loss 0.3173 (0.3173) Accuracy 0.8594 (0.8594)
[2018/09/21 14:29:59 __main__ INFO] - Epoch 19 Step 100/390 Loss 0.2506 (0.3364) Accuracy 0.9141 (0.8821)
[2018/09/21 14:30:04 __main__ INFO] - Epoch 19 Step 200/390 Loss 0.4180 (0.3350) Accuracy 0.8516 (0.8825)
[2018/09/21 14:30:08 __main__ INFO] - Epoch 19 Step 300/390 Loss 0.3727 (0.3369) Accuracy 0.8828 (0.8825)
[2018/09/21 14:30:12 __main__ INFO] - Elapsed 17.41
[2018/09/21 14:30:12 __main__ INFO] - Test 19
[2018/09/21 14:30:15 __main__ INFO] - Epoch 19 Loss 0.4814 Accuracy 0.8417
[2018/09/21 14:30:15 __main__ INFO] - Elapsed 2.78
[2018/09/21 14:30:15 __main__ INFO] - Train 20
[2018/09/21 14:30:15 __main__ INFO] - Epoch 20 Step 0/390 Loss 0.2498 (0.2498) Accuracy 0.9219 (0.9219)
[2018/09/21 14:30:20 __main__ INFO] - Epoch 20 Step 100/390 Loss 0.2571 (0.3288) Accuracy 0.9141 (0.8841)
[2018/09/21 14:30:24 __main__ INFO] - Epoch 20 Step 200/390 Loss 0.2286 (0.3265) Accuracy 0.9297 (0.8866)
[2018/09/21 14:30:29 __main__ INFO] - Epoch 20 Step 300/390 Loss 0.2680 (0.3287) Accuracy 0.9062 (0.8870)
[2018/09/21 14:30:32 __main__ INFO] - Elapsed 17.32
[2018/09/21 14:30:32 __main__ INFO] - Test 20
[2018/09/21 14:30:35 __main__ INFO] - Epoch 20 Loss 0.4437 Accuracy 0.8560
[2018/09/21 14:30:35 __main__ INFO] - Elapsed 2.73
[2018/09/21 14:30:35 __main__ INFO] - Train 21
[2018/09/21 14:30:36 __main__ INFO] - Epoch 21 Step 0/390 Loss 0.2764 (0.2764) Accuracy 0.9219 (0.9219)
[2018/09/21 14:30:41 __main__ INFO] - Epoch 21 Step 100/390 Loss 0.3246 (0.3067) Accuracy 0.8594 (0.8943)
[2018/09/21 14:30:45 __main__ INFO] - Epoch 21 Step 200/390 Loss 0.2390 (0.3111) Accuracy 0.9141 (0.8941)
[2018/09/21 14:30:49 __main__ INFO] - Epoch 21 Step 300/390 Loss 0.4648 (0.3141) Accuracy 0.8203 (0.8921)
[2018/09/21 14:30:53 __main__ INFO] - Elapsed 17.08
[2018/09/21 14:30:53 __main__ INFO] - Test 21
[2018/09/21 14:30:55 __main__ INFO] - Epoch 21 Loss 0.4471 Accuracy 0.8499
[2018/09/21 14:30:55 __main__ INFO] - Elapsed 2.67
[2018/09/21 14:30:56 __main__ INFO] - Train 22
[2018/09/21 14:30:56 __main__ INFO] - Epoch 22 Step 0/390 Loss 0.2392 (0.2392) Accuracy 0.9141 (0.9141)
[2018/09/21 14:31:01 __main__ INFO] - Epoch 22 Step 100/390 Loss 0.2814 (0.3080) Accuracy 0.8906 (0.8950)
[2018/09/21 14:31:05 __main__ INFO] - Epoch 22 Step 200/390 Loss 0.2677 (0.3017) Accuracy 0.8906 (0.8966)
[2018/09/21 14:31:09 __main__ INFO] - Epoch 22 Step 300/390 Loss 0.2553 (0.3041) Accuracy 0.9141 (0.8953)
[2018/09/21 14:31:13 __main__ INFO] - Elapsed 17.43
[2018/09/21 14:31:13 __main__ INFO] - Test 22
[2018/09/21 14:31:16 __main__ INFO] - Epoch 22 Loss 0.4141 Accuracy 0.8643
[2018/09/21 14:31:16 __main__ INFO] - Elapsed 2.74
[2018/09/21 14:31:16 __main__ INFO] - Train 23
[2018/09/21 14:31:17 __main__ INFO] - Epoch 23 Step 0/390 Loss 0.2134 (0.2134) Accuracy 0.9141 (0.9141)
[2018/09/21 14:31:21 __main__ INFO] - Epoch 23 Step 100/390 Loss 0.2219 (0.2870) Accuracy 0.9219 (0.9016)
[2018/09/21 14:31:25 __main__ INFO] - Epoch 23 Step 200/390 Loss 0.2633 (0.2928) Accuracy 0.9141 (0.8996)
[2018/09/21 14:31:30 __main__ INFO] - Epoch 23 Step 300/390 Loss 0.3699 (0.2995) Accuracy 0.8516 (0.8978)
[2018/09/21 14:31:33 __main__ INFO] - Elapsed 17.40
[2018/09/21 14:31:33 __main__ INFO] - Test 23
[2018/09/21 14:31:36 __main__ INFO] - Epoch 23 Loss 0.4479 Accuracy 0.8539
[2018/09/21 14:31:36 __main__ INFO] - Elapsed 2.83
[2018/09/21 14:31:37 __main__ INFO] - Train 24
[2018/09/21 14:31:37 __main__ INFO] - Epoch 24 Step 0/390 Loss 0.3724 (0.3724) Accuracy 0.8906 (0.8906)
[2018/09/21 14:31:42 __main__ INFO] - Epoch 24 Step 100/390 Loss 0.2837 (0.2757) Accuracy 0.8984 (0.9082)
[2018/09/21 14:31:46 __main__ INFO] - Epoch 24 Step 200/390 Loss 0.2162 (0.2849) Accuracy 0.9609 (0.9043)
[2018/09/21 14:31:50 __main__ INFO] - Epoch 24 Step 300/390 Loss 0.2541 (0.2870) Accuracy 0.9062 (0.9019)
[2018/09/21 14:31:54 __main__ INFO] - Elapsed 17.32
[2018/09/21 14:31:54 __main__ INFO] - Test 24
[2018/09/21 14:31:57 __main__ INFO] - Epoch 24 Loss 0.4346 Accuracy 0.8583
[2018/09/21 14:31:57 __main__ INFO] - Elapsed 2.82
[2018/09/21 14:31:57 __main__ INFO] - Train 25
[2018/09/21 14:31:57 __main__ INFO] - Epoch 25 Step 0/390 Loss 0.2924 (0.2924) Accuracy 0.8828 (0.8828)
[2018/09/21 14:32:02 __main__ INFO] - Epoch 25 Step 100/390 Loss 0.2676 (0.2820) Accuracy 0.9375 (0.8997)
[2018/09/21 14:32:06 __main__ INFO] - Epoch 25 Step 200/390 Loss 0.2589 (0.2817) Accuracy 0.9062 (0.9012)
[2018/09/21 14:32:11 __main__ INFO] - Epoch 25 Step 300/390 Loss 0.2103 (0.2850) Accuracy 0.9297 (0.9005)
[2018/09/21 14:32:14 __main__ INFO] - Elapsed 17.43
[2018/09/21 14:32:14 __main__ INFO] - Test 25
[2018/09/21 14:32:17 __main__ INFO] - Epoch 25 Loss 0.3889 Accuracy 0.8688
[2018/09/21 14:32:17 __main__ INFO] - Elapsed 2.77
[2018/09/21 14:32:17 __main__ INFO] - Train 26
[2018/09/21 14:32:18 __main__ INFO] - Epoch 26 Step 0/390 Loss 0.1712 (0.1712) Accuracy 0.9453 (0.9453)
[2018/09/21 14:32:22 __main__ INFO] - Epoch 26 Step 100/390 Loss 0.2248 (0.2662) Accuracy 0.9375 (0.9086)
[2018/09/21 14:32:27 __main__ INFO] - Epoch 26 Step 200/390 Loss 0.3593 (0.2681) Accuracy 0.8750 (0.9075)
[2018/09/21 14:32:31 __main__ INFO] - Epoch 26 Step 300/390 Loss 0.2617 (0.2747) Accuracy 0.9141 (0.9046)
[2018/09/21 14:32:35 __main__ INFO] - Elapsed 17.50
[2018/09/21 14:32:35 __main__ INFO] - Test 26
[2018/09/21 14:32:37 __main__ INFO] - Epoch 26 Loss 0.4216 Accuracy 0.8644
[2018/09/21 14:32:37 __main__ INFO] - Elapsed 2.51
[2018/09/21 14:32:38 __main__ INFO] - Train 27
[2018/09/21 14:32:38 __main__ INFO] - Epoch 27 Step 0/390 Loss 0.3019 (0.3019) Accuracy 0.8828 (0.8828)
[2018/09/21 14:32:42 __main__ INFO] - Epoch 27 Step 100/390 Loss 0.2876 (0.2697) Accuracy 0.8984 (0.9077)
[2018/09/21 14:32:47 __main__ INFO] - Epoch 27 Step 200/390 Loss 0.3244 (0.2739) Accuracy 0.9219 (0.9054)
[2018/09/21 14:32:51 __main__ INFO] - Epoch 27 Step 300/390 Loss 0.3254 (0.2788) Accuracy 0.8906 (0.9044)
[2018/09/21 14:32:54 __main__ INFO] - Elapsed 16.67
[2018/09/21 14:32:54 __main__ INFO] - Test 27
[2018/09/21 14:32:57 __main__ INFO] - Epoch 27 Loss 0.4064 Accuracy 0.8690
[2018/09/21 14:32:57 __main__ INFO] - Elapsed 2.56
[2018/09/21 14:32:57 __main__ INFO] - Train 28
[2018/09/21 14:32:58 __main__ INFO] - Epoch 28 Step 0/390 Loss 0.2430 (0.2430) Accuracy 0.9141 (0.9141)
[2018/09/21 14:33:02 __main__ INFO] - Epoch 28 Step 100/390 Loss 0.2477 (0.2514) Accuracy 0.9375 (0.9104)
[2018/09/21 14:33:06 __main__ INFO] - Epoch 28 Step 200/390 Loss 0.2637 (0.2603) Accuracy 0.9141 (0.9078)
[2018/09/21 14:33:10 __main__ INFO] - Epoch 28 Step 300/390 Loss 0.2865 (0.2656) Accuracy 0.9219 (0.9073)
[2018/09/21 14:33:14 __main__ INFO] - Elapsed 16.80
[2018/09/21 14:33:14 __main__ INFO] - Test 28
[2018/09/21 14:33:17 __main__ INFO] - Epoch 28 Loss 0.4349 Accuracy 0.8615
[2018/09/21 14:33:17 __main__ INFO] - Elapsed 2.53
[2018/09/21 14:33:17 __main__ INFO] - Train 29
[2018/09/21 14:33:17 __main__ INFO] - Epoch 29 Step 0/390 Loss 0.1815 (0.1815) Accuracy 0.9531 (0.9531)
[2018/09/21 14:33:22 __main__ INFO] - Epoch 29 Step 100/390 Loss 0.2554 (0.2459) Accuracy 0.9375 (0.9157)
[2018/09/21 14:33:26 __main__ INFO] - Epoch 29 Step 200/390 Loss 0.2522 (0.2548) Accuracy 0.9141 (0.9130)
[2018/09/21 14:33:30 __main__ INFO] - Epoch 29 Step 300/390 Loss 0.3778 (0.2598) Accuracy 0.8828 (0.9108)
[2018/09/21 14:33:34 __main__ INFO] - Elapsed 16.89
[2018/09/21 14:33:34 __main__ INFO] - Test 29
[2018/09/21 14:33:36 __main__ INFO] - Epoch 29 Loss 0.4057 Accuracy 0.8663
[2018/09/21 14:33:36 __main__ INFO] - Elapsed 2.43
[2018/09/21 14:33:36 __main__ INFO] - Train 30
[2018/09/21 14:33:37 __main__ INFO] - Epoch 30 Step 0/390 Loss 0.1965 (0.1965) Accuracy 0.9375 (0.9375)
[2018/09/21 14:33:41 __main__ INFO] - Epoch 30 Step 100/390 Loss 0.1262 (0.2461) Accuracy 0.9688 (0.9158)
[2018/09/21 14:33:45 __main__ INFO] - Epoch 30 Step 200/390 Loss 0.2102 (0.2520) Accuracy 0.9141 (0.9124)
[2018/09/21 14:33:49 __main__ INFO] - Epoch 30 Step 300/390 Loss 0.1876 (0.2559) Accuracy 0.9453 (0.9108)
[2018/09/21 14:33:53 __main__ INFO] - Elapsed 16.59
[2018/09/21 14:33:53 __main__ INFO] - Test 30
[2018/09/21 14:33:56 __main__ INFO] - Epoch 30 Loss 0.3806 Accuracy 0.8775
[2018/09/21 14:33:56 __main__ INFO] - Elapsed 2.55
[2018/09/21 14:33:56 __main__ INFO] - Train 31
[2018/09/21 14:33:56 __main__ INFO] - Epoch 31 Step 0/390 Loss 0.3260 (0.3260) Accuracy 0.8906 (0.8906)
[2018/09/21 14:34:01 __main__ INFO] - Epoch 31 Step 100/390 Loss 0.2805 (0.2289) Accuracy 0.8750 (0.9213)
[2018/09/21 14:34:05 __main__ INFO] - Epoch 31 Step 200/390 Loss 0.2699 (0.2427) Accuracy 0.9062 (0.9168)
[2018/09/21 14:34:09 __main__ INFO] - Epoch 31 Step 300/390 Loss 0.3693 (0.2461) Accuracy 0.8984 (0.9157)
[2018/09/21 14:34:13 __main__ INFO] - Elapsed 16.94
[2018/09/21 14:34:13 __main__ INFO] - Test 31
[2018/09/21 14:34:15 __main__ INFO] - Epoch 31 Loss 0.4608 Accuracy 0.8562
[2018/09/21 14:34:15 __main__ INFO] - Elapsed 2.52
[2018/09/21 14:34:16 __main__ INFO] - Train 32
[2018/09/21 14:34:16 __main__ INFO] - Epoch 32 Step 0/390 Loss 0.2741 (0.2741) Accuracy 0.9219 (0.9219)
[2018/09/21 14:34:20 __main__ INFO] - Epoch 32 Step 100/390 Loss 0.2026 (0.2474) Accuracy 0.9062 (0.9139)
[2018/09/21 14:34:24 __main__ INFO] - Epoch 32 Step 200/390 Loss 0.1811 (0.2445) Accuracy 0.9219 (0.9152)
[2018/09/21 14:34:28 __main__ INFO] - Epoch 32 Step 300/390 Loss 0.1727 (0.2485) Accuracy 0.9219 (0.9137)
[2018/09/21 14:34:32 __main__ INFO] - Elapsed 16.53
[2018/09/21 14:34:32 __main__ INFO] - Test 32
[2018/09/21 14:34:35 __main__ INFO] - Epoch 32 Loss 0.4313 Accuracy 0.8600
[2018/09/21 14:34:35 __main__ INFO] - Elapsed 2.55
[2018/09/21 14:34:35 __main__ INFO] - Train 33
[2018/09/21 14:34:35 __main__ INFO] - Epoch 33 Step 0/390 Loss 0.1695 (0.1695) Accuracy 0.9531 (0.9531)
[2018/09/21 14:34:40 __main__ INFO] - Epoch 33 Step 100/390 Loss 0.2637 (0.2354) Accuracy 0.9062 (0.9181)
[2018/09/21 14:34:44 __main__ INFO] - Epoch 33 Step 200/390 Loss 0.2269 (0.2344) Accuracy 0.9141 (0.9178)
[2018/09/21 14:34:48 __main__ INFO] - Epoch 33 Step 300/390 Loss 0.1824 (0.2434) Accuracy 0.9297 (0.9148)
[2018/09/21 14:34:51 __main__ INFO] - Elapsed 16.59
[2018/09/21 14:34:51 __main__ INFO] - Test 33
[2018/09/21 14:34:54 __main__ INFO] - Epoch 33 Loss 0.3970 Accuracy 0.8720
[2018/09/21 14:34:54 __main__ INFO] - Elapsed 2.58
[2018/09/21 14:34:54 __main__ INFO] - Train 34
[2018/09/21 14:34:55 __main__ INFO] - Epoch 34 Step 0/390 Loss 0.2017 (0.2017) Accuracy 0.9297 (0.9297)
[2018/09/21 14:34:59 __main__ INFO] - Epoch 34 Step 100/390 Loss 0.3126 (0.2379) Accuracy 0.8672 (0.9194)
[2018/09/21 14:35:03 __main__ INFO] - Epoch 34 Step 200/390 Loss 0.2681 (0.2382) Accuracy 0.9141 (0.9178)
[2018/09/21 14:35:07 __main__ INFO] - Epoch 34 Step 300/390 Loss 0.2002 (0.2401) Accuracy 0.9219 (0.9167)
[2018/09/21 14:35:11 __main__ INFO] - Elapsed 16.78
[2018/09/21 14:35:11 __main__ INFO] - Test 34
[2018/09/21 14:35:14 __main__ INFO] - Epoch 34 Loss 0.3795 Accuracy 0.8740
[2018/09/21 14:35:14 __main__ INFO] - Elapsed 2.51
[2018/09/21 14:35:14 __main__ INFO] - Train 35
[2018/09/21 14:35:14 __main__ INFO] - Epoch 35 Step 0/390 Loss 0.1615 (0.1615) Accuracy 0.9453 (0.9453)
[2018/09/21 14:35:18 __main__ INFO] - Epoch 35 Step 100/390 Loss 0.2481 (0.2287) Accuracy 0.9141 (0.9216)
[2018/09/21 14:35:23 __main__ INFO] - Epoch 35 Step 200/390 Loss 0.1585 (0.2257) Accuracy 0.9453 (0.9222)
[2018/09/21 14:35:27 __main__ INFO] - Epoch 35 Step 300/390 Loss 0.2479 (0.2304) Accuracy 0.9062 (0.9204)
[2018/09/21 14:35:30 __main__ INFO] - Elapsed 16.66
[2018/09/21 14:35:31 __main__ INFO] - Test 35
[2018/09/21 14:35:33 __main__ INFO] - Epoch 35 Loss 0.4591 Accuracy 0.8549
[2018/09/21 14:35:33 __main__ INFO] - Elapsed 2.46
[2018/09/21 14:35:33 __main__ INFO] - Train 36
[2018/09/21 14:35:34 __main__ INFO] - Epoch 36 Step 0/390 Loss 0.1463 (0.1463) Accuracy 0.9531 (0.9531)
[2018/09/21 14:35:38 __main__ INFO] - Epoch 36 Step 100/390 Loss 0.2327 (0.2237) Accuracy 0.9219 (0.9215)
[2018/09/21 14:35:42 __main__ INFO] - Epoch 36 Step 200/390 Loss 0.2469 (0.2280) Accuracy 0.9062 (0.9206)
[2018/09/21 14:35:46 __main__ INFO] - Epoch 36 Step 300/390 Loss 0.2451 (0.2304) Accuracy 0.9141 (0.9201)
[2018/09/21 14:35:50 __main__ INFO] - Elapsed 16.68
[2018/09/21 14:35:50 __main__ INFO] - Test 36
[2018/09/21 14:35:52 __main__ INFO] - Epoch 36 Loss 0.4127 Accuracy 0.8715
[2018/09/21 14:35:52 __main__ INFO] - Elapsed 2.51
[2018/09/21 14:35:53 __main__ INFO] - Train 37
[2018/09/21 14:35:53 __main__ INFO] - Epoch 37 Step 0/390 Loss 0.3058 (0.3058) Accuracy 0.8672 (0.8672)
[2018/09/21 14:35:57 __main__ INFO] - Epoch 37 Step 100/390 Loss 0.1216 (0.2244) Accuracy 0.9531 (0.9240)
[2018/09/21 14:36:01 __main__ INFO] - Epoch 37 Step 200/390 Loss 0.3263 (0.2254) Accuracy 0.9141 (0.9228)
[2018/09/21 14:36:05 __main__ INFO] - Epoch 37 Step 300/390 Loss 0.3121 (0.2333) Accuracy 0.9062 (0.9199)
[2018/09/21 14:36:09 __main__ INFO] - Elapsed 16.49
[2018/09/21 14:36:09 __main__ INFO] - Test 37
[2018/09/21 14:36:12 __main__ INFO] - Epoch 37 Loss 0.4443 Accuracy 0.8615
[2018/09/21 14:36:12 __main__ INFO] - Elapsed 2.55
[2018/09/21 14:36:12 __main__ INFO] - Train 38
[2018/09/21 14:36:12 __main__ INFO] - Epoch 38 Step 0/390 Loss 0.2440 (0.2440) Accuracy 0.9219 (0.9219)
[2018/09/21 14:36:16 __main__ INFO] - Epoch 38 Step 100/390 Loss 0.3291 (0.2082) Accuracy 0.9297 (0.9272)
[2018/09/21 14:36:21 __main__ INFO] - Epoch 38 Step 200/390 Loss 0.2099 (0.2192) Accuracy 0.9141 (0.9236)
[2018/09/21 14:36:25 __main__ INFO] - Epoch 38 Step 300/390 Loss 0.2145 (0.2230) Accuracy 0.9219 (0.9227)
[2018/09/21 14:36:28 __main__ INFO] - Elapsed 16.48
[2018/09/21 14:36:28 __main__ INFO] - Test 38
[2018/09/21 14:36:31 __main__ INFO] - Epoch 38 Loss 0.4277 Accuracy 0.8643
[2018/09/21 14:36:31 __main__ INFO] - Elapsed 2.47
[2018/09/21 14:36:31 __main__ INFO] - Train 39
[2018/09/21 14:36:32 __main__ INFO] - Epoch 39 Step 0/390 Loss 0.2218 (0.2218) Accuracy 0.9141 (0.9141)
[2018/09/21 14:36:36 __main__ INFO] - Epoch 39 Step 100/390 Loss 0.1994 (0.2078) Accuracy 0.9219 (0.9276)
[2018/09/21 14:36:40 __main__ INFO] - Epoch 39 Step 200/390 Loss 0.2651 (0.2218) Accuracy 0.9219 (0.9222)
[2018/09/21 14:36:44 __main__ INFO] - Epoch 39 Step 300/390 Loss 0.2694 (0.2231) Accuracy 0.9062 (0.9222)
[2018/09/21 14:36:48 __main__ INFO] - Elapsed 16.56
[2018/09/21 14:36:48 __main__ INFO] - Test 39
[2018/09/21 14:36:50 __main__ INFO] - Epoch 39 Loss 0.4498 Accuracy 0.8577
[2018/09/21 14:36:50 __main__ INFO] - Elapsed 2.48
[2018/09/21 14:36:50 __main__ INFO] - Train 40
[2018/09/21 14:36:51 __main__ INFO] - Epoch 40 Step 0/390 Loss 0.2725 (0.2725) Accuracy 0.9062 (0.9062)
[2018/09/21 14:36:55 __main__ INFO] - Epoch 40 Step 100/390 Loss 0.1923 (0.2084) Accuracy 0.9141 (0.9260)
[2018/09/21 14:36:59 __main__ INFO] - Epoch 40 Step 200/390 Loss 0.1691 (0.2145) Accuracy 0.9375 (0.9232)
[2018/09/21 14:37:03 __main__ INFO] - Epoch 40 Step 300/390 Loss 0.2456 (0.2212) Accuracy 0.9062 (0.9215)
[2018/09/21 14:37:07 __main__ INFO] - Elapsed 16.54
[2018/09/21 14:37:07 __main__ INFO] - Test 40
[2018/09/21 14:37:09 __main__ INFO] - Epoch 40 Loss 0.4213 Accuracy 0.8718
[2018/09/21 14:37:09 __main__ INFO] - Elapsed 2.48
[2018/09/21 14:37:10 __main__ INFO] - Train 41
[2018/09/21 14:37:10 __main__ INFO] - Epoch 41 Step 0/390 Loss 0.1983 (0.1983) Accuracy 0.9219 (0.9219)
[2018/09/21 14:37:14 __main__ INFO] - Epoch 41 Step 100/390 Loss 0.3140 (0.1985) Accuracy 0.9219 (0.9312)
[2018/09/21 14:37:18 __main__ INFO] - Epoch 41 Step 200/390 Loss 0.1777 (0.2146) Accuracy 0.9219 (0.9255)
[2018/09/21 14:37:22 __main__ INFO] - Epoch 41 Step 300/390 Loss 0.2461 (0.2182) Accuracy 0.9297 (0.9238)
[2018/09/21 14:37:26 __main__ INFO] - Elapsed 16.40
[2018/09/21 14:37:26 __main__ INFO] - Test 41
[2018/09/21 14:37:28 __main__ INFO] - Epoch 41 Loss 0.4034 Accuracy 0.8733
[2018/09/21 14:37:28 __main__ INFO] - Elapsed 2.49
[2018/09/21 14:37:29 __main__ INFO] - Train 42
[2018/09/21 14:37:29 __main__ INFO] - Epoch 42 Step 0/390 Loss 0.2085 (0.2085) Accuracy 0.9297 (0.9297)
[2018/09/21 14:37:33 __main__ INFO] - Epoch 42 Step 100/390 Loss 0.1979 (0.2068) Accuracy 0.9531 (0.9276)
[2018/09/21 14:37:38 __main__ INFO] - Epoch 42 Step 200/390 Loss 0.2760 (0.2104) Accuracy 0.9062 (0.9265)
[2018/09/21 14:37:42 __main__ INFO] - Epoch 42 Step 300/390 Loss 0.2103 (0.2080) Accuracy 0.9375 (0.9281)
[2018/09/21 14:37:45 __main__ INFO] - Elapsed 16.60
[2018/09/21 14:37:45 __main__ INFO] - Test 42
[2018/09/21 14:37:48 __main__ INFO] - Epoch 42 Loss 0.3817 Accuracy 0.8756
[2018/09/21 14:37:48 __main__ INFO] - Elapsed 2.54
[2018/09/21 14:37:48 __main__ INFO] - Train 43
[2018/09/21 14:37:48 __main__ INFO] - Epoch 43 Step 0/390 Loss 0.1561 (0.1561) Accuracy 0.9609 (0.9609)
[2018/09/21 14:37:53 __main__ INFO] - Epoch 43 Step 100/390 Loss 0.1462 (0.2083) Accuracy 0.9375 (0.9281)
[2018/09/21 14:37:57 __main__ INFO] - Epoch 43 Step 200/390 Loss 0.2183 (0.2128) Accuracy 0.9297 (0.9265)
[2018/09/21 14:38:01 __main__ INFO] - Epoch 43 Step 300/390 Loss 0.1763 (0.2142) Accuracy 0.9453 (0.9257)
[2018/09/21 14:38:05 __main__ INFO] - Elapsed 16.61
[2018/09/21 14:38:05 __main__ INFO] - Test 43
[2018/09/21 14:38:07 __main__ INFO] - Epoch 43 Loss 0.4335 Accuracy 0.8653
[2018/09/21 14:38:07 __main__ INFO] - Elapsed 2.52
[2018/09/21 14:38:07 __main__ INFO] - Train 44
[2018/09/21 14:38:08 __main__ INFO] - Epoch 44 Step 0/390 Loss 0.3014 (0.3014) Accuracy 0.8906 (0.8906)
[2018/09/21 14:38:12 __main__ INFO] - Epoch 44 Step 100/390 Loss 0.3128 (0.1903) Accuracy 0.9141 (0.9341)
[2018/09/21 14:38:16 __main__ INFO] - Epoch 44 Step 200/390 Loss 0.2470 (0.2021) Accuracy 0.9141 (0.9299)
[2018/09/21 14:38:20 __main__ INFO] - Epoch 44 Step 300/390 Loss 0.1045 (0.2071) Accuracy 0.9609 (0.9283)
[2018/09/21 14:38:24 __main__ INFO] - Elapsed 16.66
[2018/09/21 14:38:24 __main__ INFO] - Test 44
[2018/09/21 14:38:27 __main__ INFO] - Epoch 44 Loss 0.4025 Accuracy 0.8730
[2018/09/21 14:38:27 __main__ INFO] - Elapsed 2.53
[2018/09/21 14:38:27 __main__ INFO] - Train 45
[2018/09/21 14:38:27 __main__ INFO] - Epoch 45 Step 0/390 Loss 0.1345 (0.1345) Accuracy 0.9531 (0.9531)
[2018/09/21 14:38:31 __main__ INFO] - Epoch 45 Step 100/390 Loss 0.2433 (0.1997) Accuracy 0.8906 (0.9310)
[2018/09/21 14:38:36 __main__ INFO] - Epoch 45 Step 200/390 Loss 0.1561 (0.2097) Accuracy 0.9453 (0.9279)
[2018/09/21 14:38:40 __main__ INFO] - Epoch 45 Step 300/390 Loss 0.1256 (0.2085) Accuracy 0.9453 (0.9278)
[2018/09/21 14:38:43 __main__ INFO] - Elapsed 16.39
[2018/09/21 14:38:43 __main__ INFO] - Test 45
[2018/09/21 14:38:46 __main__ INFO] - Epoch 45 Loss 0.4048 Accuracy 0.8673
[2018/09/21 14:38:46 __main__ INFO] - Elapsed 2.51
[2018/09/21 14:38:46 __main__ INFO] - Train 46
[2018/09/21 14:38:46 __main__ INFO] - Epoch 46 Step 0/390 Loss 0.1952 (0.1952) Accuracy 0.9141 (0.9141)
[2018/09/21 14:38:51 __main__ INFO] - Epoch 46 Step 100/390 Loss 0.3302 (0.1921) Accuracy 0.9141 (0.9346)
[2018/09/21 14:38:55 __main__ INFO] - Epoch 46 Step 200/390 Loss 0.2697 (0.2020) Accuracy 0.9141 (0.9305)
[2018/09/21 14:38:59 __main__ INFO] - Epoch 46 Step 300/390 Loss 0.2501 (0.2074) Accuracy 0.9062 (0.9282)
[2018/09/21 14:39:02 __main__ INFO] - Elapsed 16.47
[2018/09/21 14:39:02 __main__ INFO] - Test 46
[2018/09/21 14:39:05 __main__ INFO] - Epoch 46 Loss 0.4066 Accuracy 0.8701
[2018/09/21 14:39:05 __main__ INFO] - Elapsed 2.56
[2018/09/21 14:39:05 __main__ INFO] - Train 47
[2018/09/21 14:39:06 __main__ INFO] - Epoch 47 Step 0/390 Loss 0.2552 (0.2552) Accuracy 0.9062 (0.9062)
[2018/09/21 14:39:10 __main__ INFO] - Epoch 47 Step 100/390 Loss 0.1995 (0.1843) Accuracy 0.9141 (0.9366)
[2018/09/21 14:39:14 __main__ INFO] - Epoch 47 Step 200/390 Loss 0.2626 (0.1952) Accuracy 0.9062 (0.9308)
[2018/09/21 14:39:18 __main__ INFO] - Epoch 47 Step 300/390 Loss 0.2263 (0.2026) Accuracy 0.9141 (0.9286)
[2018/09/21 14:39:22 __main__ INFO] - Elapsed 16.81
[2018/09/21 14:39:22 __main__ INFO] - Test 47
[2018/09/21 14:39:25 __main__ INFO] - Epoch 47 Loss 0.4061 Accuracy 0.8745
[2018/09/21 14:39:25 __main__ INFO] - Elapsed 2.54
[2018/09/21 14:39:25 __main__ INFO] - Train 48
[2018/09/21 14:39:25 __main__ INFO] - Epoch 48 Step 0/390 Loss 0.1562 (0.1562) Accuracy 0.9453 (0.9453)
[2018/09/21 14:39:30 __main__ INFO] - Epoch 48 Step 100/390 Loss 0.1949 (0.1975) Accuracy 0.9141 (0.9312)
[2018/09/21 14:39:34 __main__ INFO] - Epoch 48 Step 200/390 Loss 0.2155 (0.2031) Accuracy 0.9375 (0.9300)
[2018/09/21 14:39:38 __main__ INFO] - Epoch 48 Step 300/390 Loss 0.2600 (0.2037) Accuracy 0.9219 (0.9292)
[2018/09/21 14:39:41 __main__ INFO] - Elapsed 16.54
[2018/09/21 14:39:41 __main__ INFO] - Test 48
[2018/09/21 14:39:44 __main__ INFO] - Epoch 48 Loss 0.4038 Accuracy 0.8713
[2018/09/21 14:39:44 __main__ INFO] - Elapsed 2.52
[2018/09/21 14:39:44 __main__ INFO] - Train 49
[2018/09/21 14:39:45 __main__ INFO] - Epoch 49 Step 0/390 Loss 0.1702 (0.1702) Accuracy 0.9531 (0.9531)
[2018/09/21 14:39:49 __main__ INFO] - Epoch 49 Step 100/390 Loss 0.1188 (0.2012) Accuracy 0.9609 (0.9321)
[2018/09/21 14:39:53 __main__ INFO] - Epoch 49 Step 200/390 Loss 0.1396 (0.1965) Accuracy 0.9453 (0.9323)
[2018/09/21 14:39:57 __main__ INFO] - Epoch 49 Step 300/390 Loss 0.1967 (0.2005) Accuracy 0.8984 (0.9297)
[2018/09/21 14:40:01 __main__ INFO] - Elapsed 16.53
[2018/09/21 14:40:01 __main__ INFO] - Test 49
[2018/09/21 14:40:03 __main__ INFO] - Epoch 49 Loss 0.3874 Accuracy 0.8760
[2018/09/21 14:40:03 __main__ INFO] - Elapsed 2.57
[2018/09/21 14:40:03 __main__ INFO] - Train 50
[2018/09/21 14:40:04 __main__ INFO] - Epoch 50 Step 0/390 Loss 0.1692 (0.1692) Accuracy 0.9531 (0.9531)
[2018/09/21 14:40:08 __main__ INFO] - Epoch 50 Step 100/390 Loss 0.2625 (0.1920) Accuracy 0.8984 (0.9320)
[2018/09/21 14:40:12 __main__ INFO] - Epoch 50 Step 200/390 Loss 0.1220 (0.1945) Accuracy 0.9531 (0.9311)
[2018/09/21 14:40:16 __main__ INFO] - Epoch 50 Step 300/390 Loss 0.1502 (0.1982) Accuracy 0.9531 (0.9300)
[2018/09/21 14:40:20 __main__ INFO] - Elapsed 16.49
[2018/09/21 14:40:20 __main__ INFO] - Test 50
[2018/09/21 14:40:22 __main__ INFO] - Epoch 50 Loss 0.3896 Accuracy 0.8775
[2018/09/21 14:40:22 __main__ INFO] - Elapsed 2.48
[2018/09/21 14:40:23 __main__ INFO] - Train 51
[2018/09/21 14:40:23 __main__ INFO] - Epoch 51 Step 0/390 Loss 0.1657 (0.1657) Accuracy 0.9141 (0.9141)
[2018/09/21 14:40:27 __main__ INFO] - Epoch 51 Step 100/390 Loss 0.2222 (0.1864) Accuracy 0.9141 (0.9337)
[2018/09/21 14:40:31 __main__ INFO] - Epoch 51 Step 200/390 Loss 0.2582 (0.1898) Accuracy 0.8984 (0.9335)
[2018/09/21 14:40:35 __main__ INFO] - Epoch 51 Step 300/390 Loss 0.2866 (0.1974) Accuracy 0.9219 (0.9306)
[2018/09/21 14:40:39 __main__ INFO] - Elapsed 16.38
[2018/09/21 14:40:39 __main__ INFO] - Test 51
[2018/09/21 14:40:41 __main__ INFO] - Epoch 51 Loss 0.4074 Accuracy 0.8716
[2018/09/21 14:40:41 __main__ INFO] - Elapsed 2.50
[2018/09/21 14:40:42 __main__ INFO] - Train 52
[2018/09/21 14:40:42 __main__ INFO] - Epoch 52 Step 0/390 Loss 0.1131 (0.1131) Accuracy 0.9688 (0.9688)
[2018/09/21 14:40:46 __main__ INFO] - Epoch 52 Step 100/390 Loss 0.0892 (0.1842) Accuracy 0.9766 (0.9364)
[2018/09/21 14:40:51 __main__ INFO] - Epoch 52 Step 200/390 Loss 0.1761 (0.1852) Accuracy 0.9375 (0.9357)
[2018/09/21 14:40:55 __main__ INFO] - Epoch 52 Step 300/390 Loss 0.2350 (0.1920) Accuracy 0.9219 (0.9331)
[2018/09/21 14:40:58 __main__ INFO] - Elapsed 16.37
[2018/09/21 14:40:58 __main__ INFO] - Test 52
[2018/09/21 14:41:01 __main__ INFO] - Epoch 52 Loss 0.3996 Accuracy 0.8717
[2018/09/21 14:41:01 __main__ INFO] - Elapsed 2.73
[2018/09/21 14:41:01 __main__ INFO] - Train 53
[2018/09/21 14:41:01 __main__ INFO] - Epoch 53 Step 0/390 Loss 0.1518 (0.1518) Accuracy 0.9297 (0.9297)
[2018/09/21 14:41:06 __main__ INFO] - Epoch 53 Step 100/390 Loss 0.1796 (0.1801) Accuracy 0.9297 (0.9385)
[2018/09/21 14:41:10 __main__ INFO] - Epoch 53 Step 200/390 Loss 0.1826 (0.1852) Accuracy 0.9297 (0.9359)
[2018/09/21 14:41:14 __main__ INFO] - Epoch 53 Step 300/390 Loss 0.1627 (0.1877) Accuracy 0.9297 (0.9353)
[2018/09/21 14:41:18 __main__ INFO] - Elapsed 16.75
[2018/09/21 14:41:18 __main__ INFO] - Test 53
[2018/09/21 14:41:20 __main__ INFO] - Epoch 53 Loss 0.3626 Accuracy 0.8813
[2018/09/21 14:41:20 __main__ INFO] - Elapsed 2.68
[2018/09/21 14:41:21 __main__ INFO] - Train 54
[2018/09/21 14:41:21 __main__ INFO] - Epoch 54 Step 0/390 Loss 0.1530 (0.1530) Accuracy 0.9453 (0.9453)
[2018/09/21 14:41:25 __main__ INFO] - Epoch 54 Step 100/390 Loss 0.2654 (0.1814) Accuracy 0.9062 (0.9379)
[2018/09/21 14:41:30 __main__ INFO] - Epoch 54 Step 200/390 Loss 0.2645 (0.1896) Accuracy 0.9297 (0.9342)
[2018/09/21 14:41:34 __main__ INFO] - Epoch 54 Step 300/390 Loss 0.1555 (0.1927) Accuracy 0.9453 (0.9337)
[2018/09/21 14:41:37 __main__ INFO] - Elapsed 16.61
[2018/09/21 14:41:37 __main__ INFO] - Test 54
[2018/09/21 14:41:40 __main__ INFO] - Epoch 54 Loss 0.3977 Accuracy 0.8767
[2018/09/21 14:41:40 __main__ INFO] - Elapsed 2.60
[2018/09/21 14:41:40 __main__ INFO] - Train 55
[2018/09/21 14:41:41 __main__ INFO] - Epoch 55 Step 0/390 Loss 0.1571 (0.1571) Accuracy 0.9219 (0.9219)
[2018/09/21 14:41:45 __main__ INFO] - Epoch 55 Step 100/390 Loss 0.1811 (0.1849) Accuracy 0.9453 (0.9343)
[2018/09/21 14:41:49 __main__ INFO] - Epoch 55 Step 200/390 Loss 0.1747 (0.1912) Accuracy 0.9375 (0.9332)
[2018/09/21 14:41:53 __main__ INFO] - Epoch 55 Step 300/390 Loss 0.2353 (0.1944) Accuracy 0.9141 (0.9323)
[2018/09/21 14:41:57 __main__ INFO] - Elapsed 16.69
[2018/09/21 14:41:57 __main__ INFO] - Test 55
[2018/09/21 14:41:59 __main__ INFO] - Epoch 55 Loss 0.4199 Accuracy 0.8699
[2018/09/21 14:41:59 __main__ INFO] - Elapsed 2.51
[2018/09/21 14:42:00 __main__ INFO] - Train 56
[2018/09/21 14:42:00 __main__ INFO] - Epoch 56 Step 0/390 Loss 0.1883 (0.1883) Accuracy 0.9219 (0.9219)
[2018/09/21 14:42:04 __main__ INFO] - Epoch 56 Step 100/390 Loss 0.2283 (0.1824) Accuracy 0.9062 (0.9376)
[2018/09/21 14:42:08 __main__ INFO] - Epoch 56 Step 200/390 Loss 0.2517 (0.1849) Accuracy 0.9297 (0.9356)
[2018/09/21 14:42:12 __main__ INFO] - Epoch 56 Step 300/390 Loss 0.2033 (0.1900) Accuracy 0.9219 (0.9337)
[2018/09/21 14:42:16 __main__ INFO] - Elapsed 16.53
[2018/09/21 14:42:16 __main__ INFO] - Test 56
[2018/09/21 14:42:19 __main__ INFO] - Epoch 56 Loss 0.3884 Accuracy 0.8817
[2018/09/21 14:42:19 __main__ INFO] - Elapsed 2.44
[2018/09/21 14:42:19 __main__ INFO] - Train 57
[2018/09/21 14:42:19 __main__ INFO] - Epoch 57 Step 0/390 Loss 0.1692 (0.1692) Accuracy 0.9453 (0.9453)
[2018/09/21 14:42:24 __main__ INFO] - Epoch 57 Step 100/390 Loss 0.1781 (0.1756) Accuracy 0.9297 (0.9387)
[2018/09/21 14:42:28 __main__ INFO] - Epoch 57 Step 200/390 Loss 0.2370 (0.1851) Accuracy 0.9062 (0.9374)
[2018/09/21 14:42:32 __main__ INFO] - Epoch 57 Step 300/390 Loss 0.1828 (0.1832) Accuracy 0.9453 (0.9384)
[2018/09/21 14:42:36 __main__ INFO] - Elapsed 16.73
[2018/09/21 14:42:36 __main__ INFO] - Test 57
[2018/09/21 14:42:38 __main__ INFO] - Epoch 57 Loss 0.3913 Accuracy 0.8756
[2018/09/21 14:42:38 __main__ INFO] - Elapsed 2.71
[2018/09/21 14:42:39 __main__ INFO] - Train 58
[2018/09/21 14:42:39 __main__ INFO] - Epoch 58 Step 0/390 Loss 0.2305 (0.2305) Accuracy 0.9297 (0.9297)
[2018/09/21 14:42:44 __main__ INFO] - Epoch 58 Step 100/390 Loss 0.2708 (0.1837) Accuracy 0.9219 (0.9382)
[2018/09/21 14:42:48 __main__ INFO] - Epoch 58 Step 200/390 Loss 0.2034 (0.1841) Accuracy 0.9375 (0.9374)
[2018/09/21 14:42:52 __main__ INFO] - Epoch 58 Step 300/390 Loss 0.2759 (0.1904) Accuracy 0.9141 (0.9340)
[2018/09/21 14:42:56 __main__ INFO] - Elapsed 16.97
[2018/09/21 14:42:56 __main__ INFO] - Test 58
[2018/09/21 14:42:58 __main__ INFO] - Epoch 58 Loss 0.3639 Accuracy 0.8853
[2018/09/21 14:42:58 __main__ INFO] - Elapsed 2.63
[2018/09/21 14:42:59 __main__ INFO] - Train 59
[2018/09/21 14:42:59 __main__ INFO] - Epoch 59 Step 0/390 Loss 0.1141 (0.1141) Accuracy 0.9531 (0.9531)
[2018/09/21 14:43:04 __main__ INFO] - Epoch 59 Step 100/390 Loss 0.1423 (0.1812) Accuracy 0.9453 (0.9356)
[2018/09/21 14:43:08 __main__ INFO] - Epoch 59 Step 200/390 Loss 0.1436 (0.1808) Accuracy 0.9688 (0.9359)
[2018/09/21 14:43:12 __main__ INFO] - Epoch 59 Step 300/390 Loss 0.1256 (0.1881) Accuracy 0.9531 (0.9344)
[2018/09/21 14:43:16 __main__ INFO] - Elapsed 17.17
[2018/09/21 14:43:16 __main__ INFO] - Test 59
[2018/09/21 14:43:19 __main__ INFO] - Epoch 59 Loss 0.4745 Accuracy 0.8557
[2018/09/21 14:43:19 __main__ INFO] - Elapsed 2.71
[2018/09/21 14:43:19 __main__ INFO] - Train 60
[2018/09/21 14:43:19 __main__ INFO] - Epoch 60 Step 0/390 Loss 0.3837 (0.3837) Accuracy 0.8672 (0.8672)
[2018/09/21 14:43:24 __main__ INFO] - Epoch 60 Step 100/390 Loss 0.1183 (0.1711) Accuracy 0.9531 (0.9397)
[2018/09/21 14:43:28 __main__ INFO] - Epoch 60 Step 200/390 Loss 0.2074 (0.1753) Accuracy 0.9219 (0.9384)
[2018/09/21 14:43:33 __main__ INFO] - Epoch 60 Step 300/390 Loss 0.2237 (0.1810) Accuracy 0.9297 (0.9367)
[2018/09/21 14:43:36 __main__ INFO] - Elapsed 17.56
[2018/09/21 14:43:36 __main__ INFO] - Test 60
[2018/09/21 14:43:39 __main__ INFO] - Epoch 60 Loss 0.4018 Accuracy 0.8744
[2018/09/21 14:43:39 __main__ INFO] - Elapsed 2.80
[2018/09/21 14:43:39 __main__ INFO] - Train 61
[2018/09/21 14:43:40 __main__ INFO] - Epoch 61 Step 0/390 Loss 0.2176 (0.2176) Accuracy 0.9375 (0.9375)
[2018/09/21 14:43:44 __main__ INFO] - Epoch 61 Step 100/390 Loss 0.1644 (0.1666) Accuracy 0.9531 (0.9419)
[2018/09/21 14:43:49 __main__ INFO] - Epoch 61 Step 200/390 Loss 0.2234 (0.1730) Accuracy 0.9375 (0.9396)
[2018/09/21 14:43:53 __main__ INFO] - Epoch 61 Step 300/390 Loss 0.2012 (0.1774) Accuracy 0.9062 (0.9381)
[2018/09/21 14:43:57 __main__ INFO] - Elapsed 17.41
[2018/09/21 14:43:57 __main__ INFO] - Test 61
[2018/09/21 14:44:00 __main__ INFO] - Epoch 61 Loss 0.4060 Accuracy 0.8723
[2018/09/21 14:44:00 __main__ INFO] - Elapsed 2.76
[2018/09/21 14:44:00 __main__ INFO] - Train 62
[2018/09/21 14:44:00 __main__ INFO] - Epoch 62 Step 0/390 Loss 0.1965 (0.1965) Accuracy 0.9375 (0.9375)
[2018/09/21 14:44:05 __main__ INFO] - Epoch 62 Step 100/390 Loss 0.1443 (0.1701) Accuracy 0.9375 (0.9393)
[2018/09/21 14:44:09 __main__ INFO] - Epoch 62 Step 200/390 Loss 0.1937 (0.1806) Accuracy 0.9297 (0.9371)
[2018/09/21 14:44:13 __main__ INFO] - Epoch 62 Step 300/390 Loss 0.1778 (0.1829) Accuracy 0.9375 (0.9368)
[2018/09/21 14:44:17 __main__ INFO] - Elapsed 17.34
[2018/09/21 14:44:17 __main__ INFO] - Test 62
[2018/09/21 14:44:20 __main__ INFO] - Epoch 62 Loss 0.3722 Accuracy 0.8816
[2018/09/21 14:44:20 __main__ INFO] - Elapsed 2.68
[2018/09/21 14:44:20 __main__ INFO] - Train 63
[2018/09/21 14:44:21 __main__ INFO] - Epoch 63 Step 0/390 Loss 0.1511 (0.1511) Accuracy 0.9531 (0.9531)
[2018/09/21 14:44:25 __main__ INFO] - Epoch 63 Step 100/390 Loss 0.1668 (0.1660) Accuracy 0.9297 (0.9445)
[2018/09/21 14:44:30 __main__ INFO] - Epoch 63 Step 200/390 Loss 0.2665 (0.1729) Accuracy 0.8984 (0.9404)
[2018/09/21 14:44:34 __main__ INFO] - Epoch 63 Step 300/390 Loss 0.1873 (0.1791) Accuracy 0.9297 (0.9385)
[2018/09/21 14:44:38 __main__ INFO] - Elapsed 17.41
[2018/09/21 14:44:38 __main__ INFO] - Test 63
[2018/09/21 14:44:40 __main__ INFO] - Epoch 63 Loss 0.3279 Accuracy 0.8939
[2018/09/21 14:44:40 __main__ INFO] - Elapsed 2.80
[2018/09/21 14:44:41 __main__ INFO] - Train 64
[2018/09/21 14:44:41 __main__ INFO] - Epoch 64 Step 0/390 Loss 0.1360 (0.1360) Accuracy 0.9297 (0.9297)
[2018/09/21 14:44:46 __main__ INFO] - Epoch 64 Step 100/390 Loss 0.2671 (0.1697) Accuracy 0.8984 (0.9411)
[2018/09/21 14:44:50 __main__ INFO] - Epoch 64 Step 200/390 Loss 0.2430 (0.1770) Accuracy 0.9062 (0.9375)
[2018/09/21 14:44:55 __main__ INFO] - Epoch 64 Step 300/390 Loss 0.1564 (0.1787) Accuracy 0.9609 (0.9374)
[2018/09/21 14:44:58 __main__ INFO] - Elapsed 17.44
[2018/09/21 14:44:58 __main__ INFO] - Test 64
[2018/09/21 14:45:01 __main__ INFO] - Epoch 64 Loss 0.3560 Accuracy 0.8862
[2018/09/21 14:45:01 __main__ INFO] - Elapsed 2.67
[2018/09/21 14:45:01 __main__ INFO] - Train 65
[2018/09/21 14:45:02 __main__ INFO] - Epoch 65 Step 0/390 Loss 0.0845 (0.0845) Accuracy 0.9766 (0.9766)
[2018/09/21 14:45:06 __main__ INFO] - Epoch 65 Step 100/390 Loss 0.1282 (0.1553) Accuracy 0.9453 (0.9473)
[2018/09/21 14:45:11 __main__ INFO] - Epoch 65 Step 200/390 Loss 0.1033 (0.1653) Accuracy 0.9766 (0.9436)
[2018/09/21 14:45:15 __main__ INFO] - Epoch 65 Step 300/390 Loss 0.2315 (0.1729) Accuracy 0.9219 (0.9406)
[2018/09/21 14:45:19 __main__ INFO] - Elapsed 17.32
[2018/09/21 14:45:19 __main__ INFO] - Test 65
[2018/09/21 14:45:21 __main__ INFO] - Epoch 65 Loss 0.3810 Accuracy 0.8823
[2018/09/21 14:45:21 __main__ INFO] - Elapsed 2.65
[2018/09/21 14:45:21 __main__ INFO] - Train 66
[2018/09/21 14:45:22 __main__ INFO] - Epoch 66 Step 0/390 Loss 0.1133 (0.1133) Accuracy 0.9531 (0.9531)
[2018/09/21 14:45:27 __main__ INFO] - Epoch 66 Step 100/390 Loss 0.1511 (0.1599) Accuracy 0.9375 (0.9447)
[2018/09/21 14:45:31 __main__ INFO] - Epoch 66 Step 200/390 Loss 0.1561 (0.1698) Accuracy 0.9453 (0.9412)
[2018/09/21 14:45:35 __main__ INFO] - Epoch 66 Step 300/390 Loss 0.2479 (0.1765) Accuracy 0.9062 (0.9386)
[2018/09/21 14:45:39 __main__ INFO] - Elapsed 17.31
[2018/09/21 14:45:39 __main__ INFO] - Test 66
[2018/09/21 14:45:42 __main__ INFO] - Epoch 66 Loss 0.3555 Accuracy 0.8878
[2018/09/21 14:45:42 __main__ INFO] - Elapsed 2.78
[2018/09/21 14:45:42 __main__ INFO] - Train 67
[2018/09/21 14:45:42 __main__ INFO] - Epoch 67 Step 0/390 Loss 0.1273 (0.1273) Accuracy 0.9609 (0.9609)
[2018/09/21 14:45:47 __main__ INFO] - Epoch 67 Step 100/390 Loss 0.1356 (0.1558) Accuracy 0.9531 (0.9473)
[2018/09/21 14:45:51 __main__ INFO] - Epoch 67 Step 200/390 Loss 0.1527 (0.1694) Accuracy 0.9453 (0.9423)
[2018/09/21 14:45:56 __main__ INFO] - Epoch 67 Step 300/390 Loss 0.1640 (0.1706) Accuracy 0.9609 (0.9417)
[2018/09/21 14:45:59 __main__ INFO] - Elapsed 17.46
[2018/09/21 14:45:59 __main__ INFO] - Test 67
[2018/09/21 14:46:02 __main__ INFO] - Epoch 67 Loss 0.4001 Accuracy 0.8769
[2018/09/21 14:46:02 __main__ INFO] - Elapsed 2.75
[2018/09/21 14:46:02 __main__ INFO] - Train 68
[2018/09/21 14:46:03 __main__ INFO] - Epoch 68 Step 0/390 Loss 0.1182 (0.1182) Accuracy 0.9531 (0.9531)
[2018/09/21 14:46:07 __main__ INFO] - Epoch 68 Step 100/390 Loss 0.1277 (0.1750) Accuracy 0.9531 (0.9400)
[2018/09/21 14:46:12 __main__ INFO] - Epoch 68 Step 200/390 Loss 0.1193 (0.1811) Accuracy 0.9531 (0.9369)
[2018/09/21 14:46:16 __main__ INFO] - Epoch 68 Step 300/390 Loss 0.1821 (0.1812) Accuracy 0.9297 (0.9371)
[2018/09/21 14:46:20 __main__ INFO] - Elapsed 17.48
[2018/09/21 14:46:20 __main__ INFO] - Test 68
[2018/09/21 14:46:23 __main__ INFO] - Epoch 68 Loss 0.3845 Accuracy 0.8844
[2018/09/21 14:46:23 __main__ INFO] - Elapsed 2.71
[2018/09/21 14:46:23 __main__ INFO] - Train 69
[2018/09/21 14:46:23 __main__ INFO] - Epoch 69 Step 0/390 Loss 0.1098 (0.1098) Accuracy 0.9531 (0.9531)
[2018/09/21 14:46:28 __main__ INFO] - Epoch 69 Step 100/390 Loss 0.1234 (0.1606) Accuracy 0.9531 (0.9448)
[2018/09/21 14:46:32 __main__ INFO] - Epoch 69 Step 200/390 Loss 0.0966 (0.1657) Accuracy 0.9766 (0.9431)
[2018/09/21 14:46:36 __main__ INFO] - Epoch 69 Step 300/390 Loss 0.2285 (0.1703) Accuracy 0.8906 (0.9417)
[2018/09/21 14:46:40 __main__ INFO] - Elapsed 17.37
[2018/09/21 14:46:40 __main__ INFO] - Test 69
[2018/09/21 14:46:43 __main__ INFO] - Epoch 69 Loss 0.4024 Accuracy 0.8712
[2018/09/21 14:46:43 __main__ INFO] - Elapsed 2.81
[2018/09/21 14:46:43 __main__ INFO] - Train 70
[2018/09/21 14:46:44 __main__ INFO] - Epoch 70 Step 0/390 Loss 0.1463 (0.1463) Accuracy 0.9609 (0.9609)
[2018/09/21 14:46:48 __main__ INFO] - Epoch 70 Step 100/390 Loss 0.2034 (0.1617) Accuracy 0.9453 (0.9450)
[2018/09/21 14:46:53 __main__ INFO] - Epoch 70 Step 200/390 Loss 0.1397 (0.1638) Accuracy 0.9453 (0.9421)
[2018/09/21 14:46:57 __main__ INFO] - Epoch 70 Step 300/390 Loss 0.2076 (0.1716) Accuracy 0.9219 (0.9412)
[2018/09/21 14:47:01 __main__ INFO] - Elapsed 17.44
[2018/09/21 14:47:01 __main__ INFO] - Test 70
[2018/09/21 14:47:04 __main__ INFO] - Epoch 70 Loss 0.4207 Accuracy 0.8720
[2018/09/21 14:47:04 __main__ INFO] - Elapsed 2.87
[2018/09/21 14:47:04 __main__ INFO] - Train 71
[2018/09/21 14:47:04 __main__ INFO] - Epoch 71 Step 0/390 Loss 0.1120 (0.1120) Accuracy 0.9609 (0.9609)
[2018/09/21 14:47:09 __main__ INFO] - Epoch 71 Step 100/390 Loss 0.1752 (0.1594) Accuracy 0.9219 (0.9435)
[2018/09/21 14:47:13 __main__ INFO] - Epoch 71 Step 200/390 Loss 0.1620 (0.1596) Accuracy 0.9375 (0.9434)
[2018/09/21 14:47:17 __main__ INFO] - Epoch 71 Step 300/390 Loss 0.1614 (0.1663) Accuracy 0.9609 (0.9408)
[2018/09/21 14:47:21 __main__ INFO] - Elapsed 17.15
[2018/09/21 14:47:21 __main__ INFO] - Test 71
[2018/09/21 14:47:24 __main__ INFO] - Epoch 71 Loss 0.3888 Accuracy 0.8769
[2018/09/21 14:47:24 __main__ INFO] - Elapsed 2.77
[2018/09/21 14:47:24 __main__ INFO] - Train 72
[2018/09/21 14:47:24 __main__ INFO] - Epoch 72 Step 0/390 Loss 0.1038 (0.1038) Accuracy 0.9453 (0.9453)
[2018/09/21 14:47:29 __main__ INFO] - Epoch 72 Step 100/390 Loss 0.1830 (0.1593) Accuracy 0.9531 (0.9466)
[2018/09/21 14:47:33 __main__ INFO] - Epoch 72 Step 200/390 Loss 0.1664 (0.1646) Accuracy 0.9453 (0.9431)
[2018/09/21 14:47:38 __main__ INFO] - Epoch 72 Step 300/390 Loss 0.1771 (0.1713) Accuracy 0.9453 (0.9406)
[2018/09/21 14:47:41 __main__ INFO] - Elapsed 17.41
[2018/09/21 14:47:41 __main__ INFO] - Test 72
[2018/09/21 14:47:44 __main__ INFO] - Epoch 72 Loss 0.3927 Accuracy 0.8810
[2018/09/21 14:47:44 __main__ INFO] - Elapsed 2.78
[2018/09/21 14:47:44 __main__ INFO] - Train 73
[2018/09/21 14:47:45 __main__ INFO] - Epoch 73 Step 0/390 Loss 0.1337 (0.1337) Accuracy 0.9531 (0.9531)
[2018/09/21 14:47:49 __main__ INFO] - Epoch 73 Step 100/390 Loss 0.2374 (0.1675) Accuracy 0.9297 (0.9410)
[2018/09/21 14:47:54 __main__ INFO] - Epoch 73 Step 200/390 Loss 0.1710 (0.1680) Accuracy 0.9141 (0.9415)
[2018/09/21 14:47:58 __main__ INFO] - Epoch 73 Step 300/390 Loss 0.1997 (0.1722) Accuracy 0.9375 (0.9401)
[2018/09/21 14:48:02 __main__ INFO] - Elapsed 17.29
[2018/09/21 14:48:02 __main__ INFO] - Test 73
[2018/09/21 14:48:05 __main__ INFO] - Epoch 73 Loss 0.3785 Accuracy 0.8831
[2018/09/21 14:48:05 __main__ INFO] - Elapsed 2.83
[2018/09/21 14:48:05 __main__ INFO] - Train 74
[2018/09/21 14:48:05 __main__ INFO] - Epoch 74 Step 0/390 Loss 0.1391 (0.1391) Accuracy 0.9531 (0.9531)
[2018/09/21 14:48:10 __main__ INFO] - Epoch 74 Step 100/390 Loss 0.2336 (0.1667) Accuracy 0.9219 (0.9401)
[2018/09/21 14:48:14 __main__ INFO] - Epoch 74 Step 200/390 Loss 0.1607 (0.1677) Accuracy 0.9375 (0.9401)
[2018/09/21 14:48:18 __main__ INFO] - Epoch 74 Step 300/390 Loss 0.2077 (0.1674) Accuracy 0.9297 (0.9407)
[2018/09/21 14:48:22 __main__ INFO] - Elapsed 17.28
[2018/09/21 14:48:22 __main__ INFO] - Test 74
[2018/09/21 14:48:25 __main__ INFO] - Epoch 74 Loss 0.3868 Accuracy 0.8813
[2018/09/21 14:48:25 __main__ INFO] - Elapsed 2.71
[2018/09/21 14:48:25 __main__ INFO] - Train 75
[2018/09/21 14:48:26 __main__ INFO] - Epoch 75 Step 0/390 Loss 0.0864 (0.0864) Accuracy 0.9766 (0.9766)
[2018/09/21 14:48:30 __main__ INFO] - Epoch 75 Step 100/390 Loss 0.1275 (0.1661) Accuracy 0.9453 (0.9405)
[2018/09/21 14:48:34 __main__ INFO] - Epoch 75 Step 200/390 Loss 0.2327 (0.1693) Accuracy 0.9297 (0.9402)
[2018/09/21 14:48:39 __main__ INFO] - Epoch 75 Step 300/390 Loss 0.2186 (0.1697) Accuracy 0.9062 (0.9399)
[2018/09/21 14:48:43 __main__ INFO] - Elapsed 17.53
[2018/09/21 14:48:43 __main__ INFO] - Test 75
[2018/09/21 14:48:45 __main__ INFO] - Epoch 75 Loss 0.4565 Accuracy 0.8655
[2018/09/21 14:48:45 __main__ INFO] - Elapsed 2.75
[2018/09/21 14:48:46 __main__ INFO] - Train 76
[2018/09/21 14:48:46 __main__ INFO] - Epoch 76 Step 0/390 Loss 0.1566 (0.1566) Accuracy 0.9297 (0.9297)
[2018/09/21 14:48:50 __main__ INFO] - Epoch 76 Step 100/390 Loss 0.2646 (0.1590) Accuracy 0.9219 (0.9448)
[2018/09/21 14:48:55 __main__ INFO] - Epoch 76 Step 200/390 Loss 0.1479 (0.1611) Accuracy 0.9375 (0.9445)
[2018/09/21 14:48:59 __main__ INFO] - Epoch 76 Step 300/390 Loss 0.0894 (0.1655) Accuracy 0.9609 (0.9428)
[2018/09/21 14:49:03 __main__ INFO] - Elapsed 17.24
[2018/09/21 14:49:03 __main__ INFO] - Test 76
[2018/09/21 14:49:06 __main__ INFO] - Epoch 76 Loss 0.4041 Accuracy 0.8778
[2018/09/21 14:49:06 __main__ INFO] - Elapsed 2.69
[2018/09/21 14:49:06 __main__ INFO] - Train 77
[2018/09/21 14:49:06 __main__ INFO] - Epoch 77 Step 0/390 Loss 0.1616 (0.1616) Accuracy 0.9375 (0.9375)
[2018/09/21 14:49:11 __main__ INFO] - Epoch 77 Step 100/390 Loss 0.1020 (0.1655) Accuracy 0.9609 (0.9442)
[2018/09/21 14:49:15 __main__ INFO] - Epoch 77 Step 200/390 Loss 0.1310 (0.1641) Accuracy 0.9531 (0.9437)
[2018/09/21 14:49:20 __main__ INFO] - Epoch 77 Step 300/390 Loss 0.1441 (0.1683) Accuracy 0.9688 (0.9417)
[2018/09/21 14:49:24 __main__ INFO] - Elapsed 17.65
[2018/09/21 14:49:24 __main__ INFO] - Test 77
[2018/09/21 14:49:26 __main__ INFO] - Epoch 77 Loss 0.4089 Accuracy 0.8721
[2018/09/21 14:49:26 __main__ INFO] - Elapsed 2.68
[2018/09/21 14:49:27 __main__ INFO] - Train 78
[2018/09/21 14:49:27 __main__ INFO] - Epoch 78 Step 0/390 Loss 0.0922 (0.0922) Accuracy 0.9609 (0.9609)
[2018/09/21 14:49:31 __main__ INFO] - Epoch 78 Step 100/390 Loss 0.1534 (0.1560) Accuracy 0.9531 (0.9451)
[2018/09/21 14:49:36 __main__ INFO] - Epoch 78 Step 200/390 Loss 0.0868 (0.1612) Accuracy 0.9609 (0.9435)
[2018/09/21 14:49:40 __main__ INFO] - Epoch 78 Step 300/390 Loss 0.2399 (0.1650) Accuracy 0.9297 (0.9429)
[2018/09/21 14:49:44 __main__ INFO] - Elapsed 17.37
[2018/09/21 14:49:44 __main__ INFO] - Test 78
[2018/09/21 14:49:47 __main__ INFO] - Epoch 78 Loss 0.3773 Accuracy 0.8814
[2018/09/21 14:49:47 __main__ INFO] - Elapsed 2.78
[2018/09/21 14:49:47 __main__ INFO] - Train 79
[2018/09/21 14:49:47 __main__ INFO] - Epoch 79 Step 0/390 Loss 0.1229 (0.1229) Accuracy 0.9688 (0.9688)
[2018/09/21 14:49:52 __main__ INFO] - Epoch 79 Step 100/390 Loss 0.2206 (0.1615) Accuracy 0.9453 (0.9442)
[2018/09/21 14:49:56 __main__ INFO] - Epoch 79 Step 200/390 Loss 0.1556 (0.1662) Accuracy 0.9531 (0.9426)
[2018/09/21 14:50:00 __main__ INFO] - Epoch 79 Step 300/390 Loss 0.2995 (0.1685) Accuracy 0.8906 (0.9418)
[2018/09/21 14:50:04 __main__ INFO] - Elapsed 17.23
[2018/09/21 14:50:04 __main__ INFO] - Test 79
[2018/09/21 14:50:07 __main__ INFO] - Epoch 79 Loss 0.3776 Accuracy 0.8801
[2018/09/21 14:50:07 __main__ INFO] - Elapsed 2.76
[2018/09/21 14:50:07 __main__ INFO] - Train 80
[2018/09/21 14:50:08 __main__ INFO] - Epoch 80 Step 0/390 Loss 0.1762 (0.1762) Accuracy 0.9297 (0.9297)
[2018/09/21 14:50:12 __main__ INFO] - Epoch 80 Step 100/390 Loss 0.1791 (0.1458) Accuracy 0.9297 (0.9508)
[2018/09/21 14:50:17 __main__ INFO] - Epoch 80 Step 200/390 Loss 0.2899 (0.1608) Accuracy 0.8906 (0.9441)
[2018/09/21 14:50:21 __main__ INFO] - Epoch 80 Step 300/390 Loss 0.2002 (0.1634) Accuracy 0.9219 (0.9428)
[2018/09/21 14:50:25 __main__ INFO] - Elapsed 17.50
[2018/09/21 14:50:25 __main__ INFO] - Test 80
[2018/09/21 14:50:27 __main__ INFO] - Epoch 80 Loss 0.4019 Accuracy 0.8759
[2018/09/21 14:50:27 __main__ INFO] - Elapsed 2.70
[2018/09/21 14:50:28 __main__ INFO] - Train 81
[2018/09/21 14:50:28 __main__ INFO] - Epoch 81 Step 0/390 Loss 0.1662 (0.1662) Accuracy 0.9375 (0.9375)
[2018/09/21 14:50:33 __main__ INFO] - Epoch 81 Step 100/390 Loss 0.0921 (0.1104) Accuracy 0.9609 (0.9633)
[2018/09/21 14:50:37 __main__ INFO] - Epoch 81 Step 200/390 Loss 0.0538 (0.0945) Accuracy 0.9844 (0.9689)
[2018/09/21 14:50:41 __main__ INFO] - Epoch 81 Step 300/390 Loss 0.0869 (0.0892) Accuracy 0.9688 (0.9702)
[2018/09/21 14:50:45 __main__ INFO] - Elapsed 17.28
[2018/09/21 14:50:45 __main__ INFO] - Test 81
[2018/09/21 14:50:48 __main__ INFO] - Epoch 81 Loss 0.2747 Accuracy 0.9166
[2018/09/21 14:50:48 __main__ INFO] - Elapsed 2.76
[2018/09/21 14:50:48 __main__ INFO] - Train 82
[2018/09/21 14:50:49 __main__ INFO] - Epoch 82 Step 0/390 Loss 0.0262 (0.0262) Accuracy 0.9922 (0.9922)
[2018/09/21 14:50:53 __main__ INFO] - Epoch 82 Step 100/390 Loss 0.0440 (0.0609) Accuracy 0.9844 (0.9799)
[2018/09/21 14:50:58 __main__ INFO] - Epoch 82 Step 200/390 Loss 0.0788 (0.0587) Accuracy 0.9844 (0.9802)
[2018/09/21 14:51:02 __main__ INFO] - Epoch 82 Step 300/390 Loss 0.0361 (0.0569) Accuracy 0.9922 (0.9806)
[2018/09/21 14:51:05 __main__ INFO] - Elapsed 17.38
[2018/09/21 14:51:05 __main__ INFO] - Test 82
[2018/09/21 14:51:08 __main__ INFO] - Epoch 82 Loss 0.2847 Accuracy 0.9193
[2018/09/21 14:51:08 __main__ INFO] - Elapsed 2.87
[2018/09/21 14:51:09 __main__ INFO] - Train 83
[2018/09/21 14:51:09 __main__ INFO] - Epoch 83 Step 0/390 Loss 0.0863 (0.0863) Accuracy 0.9766 (0.9766)
[2018/09/21 14:51:14 __main__ INFO] - Epoch 83 Step 100/390 Loss 0.0275 (0.0528) Accuracy 1.0000 (0.9820)
[2018/09/21 14:51:18 __main__ INFO] - Epoch 83 Step 200/390 Loss 0.0529 (0.0485) Accuracy 0.9766 (0.9836)
[2018/09/21 14:51:23 __main__ INFO] - Epoch 83 Step 300/390 Loss 0.0214 (0.0480) Accuracy 0.9922 (0.9839)
[2018/09/21 14:51:26 __main__ INFO] - Elapsed 17.50
[2018/09/21 14:51:26 __main__ INFO] - Test 83
[2018/09/21 14:51:29 __main__ INFO] - Epoch 83 Loss 0.2880 Accuracy 0.9202
[2018/09/21 14:51:29 __main__ INFO] - Elapsed 2.84
[2018/09/21 14:51:30 __main__ INFO] - Train 84
[2018/09/21 14:51:30 __main__ INFO] - Epoch 84 Step 0/390 Loss 0.0392 (0.0392) Accuracy 0.9844 (0.9844)
[2018/09/21 14:51:35 __main__ INFO] - Epoch 84 Step 100/390 Loss 0.0524 (0.0406) Accuracy 0.9922 (0.9867)
[2018/09/21 14:51:39 __main__ INFO] - Epoch 84 Step 200/390 Loss 0.0113 (0.0397) Accuracy 1.0000 (0.9870)
[2018/09/21 14:51:43 __main__ INFO] - Epoch 84 Step 300/390 Loss 0.0132 (0.0398) Accuracy 1.0000 (0.9869)
[2018/09/21 14:51:47 __main__ INFO] - Elapsed 17.19
[2018/09/21 14:51:47 __main__ INFO] - Test 84
[2018/09/21 14:51:49 __main__ INFO] - Epoch 84 Loss 0.2924 Accuracy 0.9187
[2018/09/21 14:51:49 __main__ INFO] - Elapsed 2.76
[2018/09/21 14:51:50 __main__ INFO] - Train 85
[2018/09/21 14:51:50 __main__ INFO] - Epoch 85 Step 0/390 Loss 0.0190 (0.0190) Accuracy 0.9922 (0.9922)
[2018/09/21 14:51:55 __main__ INFO] - Epoch 85 Step 100/390 Loss 0.0235 (0.0356) Accuracy 0.9922 (0.9875)
[2018/09/21 14:51:59 __main__ INFO] - Epoch 85 Step 200/390 Loss 0.0521 (0.0367) Accuracy 0.9922 (0.9872)
[2018/09/21 14:52:03 __main__ INFO] - Epoch 85 Step 300/390 Loss 0.0779 (0.0363) Accuracy 0.9766 (0.9874)
[2018/09/21 14:52:07 __main__ INFO] - Elapsed 17.16
[2018/09/21 14:52:07 __main__ INFO] - Test 85
[2018/09/21 14:52:10 __main__ INFO] - Epoch 85 Loss 0.2989 Accuracy 0.9197
[2018/09/21 14:52:10 __main__ INFO] - Elapsed 2.74
[2018/09/21 14:52:10 __main__ INFO] - Train 86
[2018/09/21 14:52:10 __main__ INFO] - Epoch 86 Step 0/390 Loss 0.0417 (0.0417) Accuracy 0.9922 (0.9922)
[2018/09/21 14:52:15 __main__ INFO] - Epoch 86 Step 100/390 Loss 0.0268 (0.0322) Accuracy 0.9922 (0.9890)
[2018/09/21 14:52:19 __main__ INFO] - Epoch 86 Step 200/390 Loss 0.0092 (0.0336) Accuracy 1.0000 (0.9885)
[2018/09/21 14:52:24 __main__ INFO] - Epoch 86 Step 300/390 Loss 0.0383 (0.0341) Accuracy 0.9844 (0.9881)
[2018/09/21 14:52:27 __main__ INFO] - Elapsed 17.49
[2018/09/21 14:52:27 __main__ INFO] - Test 86
[2018/09/21 14:52:30 __main__ INFO] - Epoch 86 Loss 0.2987 Accuracy 0.9231
[2018/09/21 14:52:30 __main__ INFO] - Elapsed 2.69
[2018/09/21 14:52:31 __main__ INFO] - Train 87
[2018/09/21 14:52:31 __main__ INFO] - Epoch 87 Step 0/390 Loss 0.0125 (0.0125) Accuracy 1.0000 (1.0000)
[2018/09/21 14:52:36 __main__ INFO] - Epoch 87 Step 100/390 Loss 0.0098 (0.0267) Accuracy 1.0000 (0.9913)
[2018/09/21 14:52:40 __main__ INFO] - Epoch 87 Step 200/390 Loss 0.0186 (0.0286) Accuracy 0.9922 (0.9902)
[2018/09/21 14:52:44 __main__ INFO] - Epoch 87 Step 300/390 Loss 0.0320 (0.0282) Accuracy 0.9922 (0.9907)
[2018/09/21 14:52:48 __main__ INFO] - Elapsed 17.35
[2018/09/21 14:52:48 __main__ INFO] - Test 87
[2018/09/21 14:52:51 __main__ INFO] - Epoch 87 Loss 0.3014 Accuracy 0.9220
[2018/09/21 14:52:51 __main__ INFO] - Elapsed 2.77
[2018/09/21 14:52:51 __main__ INFO] - Train 88
[2018/09/21 14:52:51 __main__ INFO] - Epoch 88 Step 0/390 Loss 0.0235 (0.0235) Accuracy 0.9922 (0.9922)
[2018/09/21 14:52:56 __main__ INFO] - Epoch 88 Step 100/390 Loss 0.0182 (0.0275) Accuracy 1.0000 (0.9908)
[2018/09/21 14:53:00 __main__ INFO] - Epoch 88 Step 200/390 Loss 0.0422 (0.0275) Accuracy 0.9922 (0.9912)
[2018/09/21 14:53:05 __main__ INFO] - Epoch 88 Step 300/390 Loss 0.0208 (0.0274) Accuracy 0.9922 (0.9911)
[2018/09/21 14:53:08 __main__ INFO] - Elapsed 17.56
[2018/09/21 14:53:09 __main__ INFO] - Test 88
[2018/09/21 14:53:11 __main__ INFO] - Epoch 88 Loss 0.3132 Accuracy 0.9222
[2018/09/21 14:53:11 __main__ INFO] - Elapsed 2.70
[2018/09/21 14:53:11 __main__ INFO] - Train 89
[2018/09/21 14:53:12 __main__ INFO] - Epoch 89 Step 0/390 Loss 0.0255 (0.0255) Accuracy 0.9844 (0.9844)
[2018/09/21 14:53:16 __main__ INFO] - Epoch 89 Step 100/390 Loss 0.0263 (0.0282) Accuracy 0.9922 (0.9904)
[2018/09/21 14:53:21 __main__ INFO] - Epoch 89 Step 200/390 Loss 0.0194 (0.0268) Accuracy 0.9922 (0.9906)
[2018/09/21 14:53:25 __main__ INFO] - Epoch 89 Step 300/390 Loss 0.0469 (0.0269) Accuracy 0.9766 (0.9907)
[2018/09/21 14:53:29 __main__ INFO] - Elapsed 17.57
[2018/09/21 14:53:29 __main__ INFO] - Test 89
[2018/09/21 14:53:32 __main__ INFO] - Epoch 89 Loss 0.3154 Accuracy 0.9216
[2018/09/21 14:53:32 __main__ INFO] - Elapsed 2.68
[2018/09/21 14:53:32 __main__ INFO] - Train 90
[2018/09/21 14:53:32 __main__ INFO] - Epoch 90 Step 0/390 Loss 0.0073 (0.0073) Accuracy 1.0000 (1.0000)
[2018/09/21 14:53:37 __main__ INFO] - Epoch 90 Step 100/390 Loss 0.0639 (0.0223) Accuracy 0.9844 (0.9930)
[2018/09/21 14:53:41 __main__ INFO] - Epoch 90 Step 200/390 Loss 0.0210 (0.0228) Accuracy 0.9922 (0.9922)
[2018/09/21 14:53:46 __main__ INFO] - Epoch 90 Step 300/390 Loss 0.0706 (0.0228) Accuracy 0.9844 (0.9924)
[2018/09/21 14:53:49 __main__ INFO] - Elapsed 17.42
[2018/09/21 14:53:49 __main__ INFO] - Test 90
[2018/09/21 14:53:52 __main__ INFO] - Epoch 90 Loss 0.3153 Accuracy 0.9249
[2018/09/21 14:53:52 __main__ INFO] - Elapsed 2.83
[2018/09/21 14:53:53 __main__ INFO] - Train 91
[2018/09/21 14:53:53 __main__ INFO] - Epoch 91 Step 0/390 Loss 0.0303 (0.0303) Accuracy 0.9922 (0.9922)
[2018/09/21 14:53:58 __main__ INFO] - Epoch 91 Step 100/390 Loss 0.0079 (0.0226) Accuracy 1.0000 (0.9927)
[2018/09/21 14:54:02 __main__ INFO] - Epoch 91 Step 200/390 Loss 0.0514 (0.0214) Accuracy 0.9844 (0.9932)
[2018/09/21 14:54:06 __main__ INFO] - Epoch 91 Step 300/390 Loss 0.0170 (0.0211) Accuracy 1.0000 (0.9933)
[2018/09/21 14:54:10 __main__ INFO] - Elapsed 17.43
[2018/09/21 14:54:10 __main__ INFO] - Test 91
[2018/09/21 14:54:13 __main__ INFO] - Epoch 91 Loss 0.3258 Accuracy 0.9229
[2018/09/21 14:54:13 __main__ INFO] - Elapsed 2.79
[2018/09/21 14:54:13 __main__ INFO] - Train 92
[2018/09/21 14:54:14 __main__ INFO] - Epoch 92 Step 0/390 Loss 0.0229 (0.0229) Accuracy 0.9922 (0.9922)
[2018/09/21 14:54:18 __main__ INFO] - Epoch 92 Step 100/390 Loss 0.0040 (0.0233) Accuracy 1.0000 (0.9920)
[2018/09/21 14:54:22 __main__ INFO] - Epoch 92 Step 200/390 Loss 0.0176 (0.0211) Accuracy 0.9922 (0.9925)
[2018/09/21 14:54:27 __main__ INFO] - Epoch 92 Step 300/390 Loss 0.0203 (0.0221) Accuracy 0.9844 (0.9922)
[2018/09/21 14:54:30 __main__ INFO] - Elapsed 17.04
[2018/09/21 14:54:30 __main__ INFO] - Test 92
[2018/09/21 14:54:33 __main__ INFO] - Epoch 92 Loss 0.3270 Accuracy 0.9222
[2018/09/21 14:54:33 __main__ INFO] - Elapsed 2.72
[2018/09/21 14:54:33 __main__ INFO] - Train 93
[2018/09/21 14:54:34 __main__ INFO] - Epoch 93 Step 0/390 Loss 0.0197 (0.0197) Accuracy 0.9922 (0.9922)
[2018/09/21 14:54:38 __main__ INFO] - Epoch 93 Step 100/390 Loss 0.0078 (0.0168) Accuracy 1.0000 (0.9948)
[2018/09/21 14:54:43 __main__ INFO] - Epoch 93 Step 200/390 Loss 0.0283 (0.0183) Accuracy 0.9844 (0.9935)
[2018/09/21 14:54:47 __main__ INFO] - Epoch 93 Step 300/390 Loss 0.0423 (0.0179) Accuracy 0.9844 (0.9940)
[2018/09/21 14:54:51 __main__ INFO] - Elapsed 17.45
[2018/09/21 14:54:51 __main__ INFO] - Test 93
[2018/09/21 14:54:53 __main__ INFO] - Epoch 93 Loss 0.3364 Accuracy 0.9217
[2018/09/21 14:54:53 __main__ INFO] - Elapsed 2.77
[2018/09/21 14:54:54 __main__ INFO] - Train 94
[2018/09/21 14:54:54 __main__ INFO] - Epoch 94 Step 0/390 Loss 0.0028 (0.0028) Accuracy 1.0000 (1.0000)
[2018/09/21 14:54:59 __main__ INFO] - Epoch 94 Step 100/390 Loss 0.0121 (0.0182) Accuracy 0.9922 (0.9937)
[2018/09/21 14:55:03 __main__ INFO] - Epoch 94 Step 200/390 Loss 0.0521 (0.0172) Accuracy 0.9844 (0.9940)
[2018/09/21 14:55:08 __main__ INFO] - Epoch 94 Step 300/390 Loss 0.0121 (0.0170) Accuracy 1.0000 (0.9943)
[2018/09/21 14:55:11 __main__ INFO] - Elapsed 17.52
[2018/09/21 14:55:11 __main__ INFO] - Test 94
[2018/09/21 14:55:14 __main__ INFO] - Epoch 94 Loss 0.3406 Accuracy 0.9232
[2018/09/21 14:55:14 __main__ INFO] - Elapsed 2.74
[2018/09/21 14:55:14 __main__ INFO] - Train 95
[2018/09/21 14:55:15 __main__ INFO] - Epoch 95 Step 0/390 Loss 0.0074 (0.0074) Accuracy 1.0000 (1.0000)
[2018/09/21 14:55:19 __main__ INFO] - Epoch 95 Step 100/390 Loss 0.0098 (0.0172) Accuracy 1.0000 (0.9942)
[2018/09/21 14:55:24 __main__ INFO] - Epoch 95 Step 200/390 Loss 0.0083 (0.0173) Accuracy 0.9922 (0.9939)
[2018/09/21 14:55:28 __main__ INFO] - Epoch 95 Step 300/390 Loss 0.0133 (0.0171) Accuracy 0.9922 (0.9941)
[2018/09/21 14:55:31 __main__ INFO] - Elapsed 16.94
[2018/09/21 14:55:31 __main__ INFO] - Test 95
[2018/09/21 14:55:34 __main__ INFO] - Epoch 95 Loss 0.3407 Accuracy 0.9225
[2018/09/21 14:55:34 __main__ INFO] - Elapsed 2.75
[2018/09/21 14:55:34 __main__ INFO] - Train 96
[2018/09/21 14:55:35 __main__ INFO] - Epoch 96 Step 0/390 Loss 0.0352 (0.0352) Accuracy 0.9922 (0.9922)
[2018/09/21 14:55:39 __main__ INFO] - Epoch 96 Step 100/390 Loss 0.0146 (0.0164) Accuracy 0.9922 (0.9939)
[2018/09/21 14:55:44 __main__ INFO] - Epoch 96 Step 200/390 Loss 0.0027 (0.0169) Accuracy 1.0000 (0.9944)
[2018/09/21 14:55:48 __main__ INFO] - Epoch 96 Step 300/390 Loss 0.0123 (0.0168) Accuracy 0.9922 (0.9943)
[2018/09/21 14:55:52 __main__ INFO] - Elapsed 17.54
[2018/09/21 14:55:52 __main__ INFO] - Test 96
[2018/09/21 14:55:54 __main__ INFO] - Epoch 96 Loss 0.3437 Accuracy 0.9216
[2018/09/21 14:55:54 __main__ INFO] - Elapsed 2.74
[2018/09/21 14:55:55 __main__ INFO] - Train 97
[2018/09/21 14:55:55 __main__ INFO] - Epoch 97 Step 0/390 Loss 0.0068 (0.0068) Accuracy 1.0000 (1.0000)
[2018/09/21 14:56:00 __main__ INFO] - Epoch 97 Step 100/390 Loss 0.0089 (0.0157) Accuracy 1.0000 (0.9946)
[2018/09/21 14:56:04 __main__ INFO] - Epoch 97 Step 200/390 Loss 0.0189 (0.0160) Accuracy 0.9922 (0.9945)
[2018/09/21 14:56:08 __main__ INFO] - Epoch 97 Step 300/390 Loss 0.0176 (0.0160) Accuracy 1.0000 (0.9947)
[2018/09/21 14:56:12 __main__ INFO] - Elapsed 17.28
[2018/09/21 14:56:12 __main__ INFO] - Test 97
[2018/09/21 14:56:15 __main__ INFO] - Epoch 97 Loss 0.3545 Accuracy 0.9218
[2018/09/21 14:56:15 __main__ INFO] - Elapsed 2.85
[2018/09/21 14:56:15 __main__ INFO] - Train 98
[2018/09/21 14:56:15 __main__ INFO] - Epoch 98 Step 0/390 Loss 0.0079 (0.0079) Accuracy 0.9922 (0.9922)
[2018/09/21 14:56:20 __main__ INFO] - Epoch 98 Step 100/390 Loss 0.0017 (0.0136) Accuracy 1.0000 (0.9955)
[2018/09/21 14:56:24 __main__ INFO] - Epoch 98 Step 200/390 Loss 0.0045 (0.0146) Accuracy 1.0000 (0.9955)
[2018/09/21 14:56:29 __main__ INFO] - Epoch 98 Step 300/390 Loss 0.0030 (0.0144) Accuracy 1.0000 (0.9957)
[2018/09/21 14:56:32 __main__ INFO] - Elapsed 17.38
[2018/09/21 14:56:32 __main__ INFO] - Test 98
[2018/09/21 14:56:35 __main__ INFO] - Epoch 98 Loss 0.3436 Accuracy 0.9243
[2018/09/21 14:56:35 __main__ INFO] - Elapsed 2.74
[2018/09/21 14:56:35 __main__ INFO] - Train 99
[2018/09/21 14:56:36 __main__ INFO] - Epoch 99 Step 0/390 Loss 0.0149 (0.0149) Accuracy 0.9922 (0.9922)
[2018/09/21 14:56:40 __main__ INFO] - Epoch 99 Step 100/390 Loss 0.0453 (0.0158) Accuracy 0.9844 (0.9947)
[2018/09/21 14:56:45 __main__ INFO] - Epoch 99 Step 200/390 Loss 0.0060 (0.0153) Accuracy 1.0000 (0.9948)
[2018/09/21 14:56:49 __main__ INFO] - Epoch 99 Step 300/390 Loss 0.0047 (0.0154) Accuracy 1.0000 (0.9949)
[2018/09/21 14:56:52 __main__ INFO] - Elapsed 16.99
[2018/09/21 14:56:52 __main__ INFO] - Test 99
[2018/09/21 14:56:55 __main__ INFO] - Epoch 99 Loss 0.3505 Accuracy 0.9240
[2018/09/21 14:56:55 __main__ INFO] - Elapsed 2.73
[2018/09/21 14:56:55 __main__ INFO] - Train 100
[2018/09/21 14:56:56 __main__ INFO] - Epoch 100 Step 0/390 Loss 0.0267 (0.0267) Accuracy 0.9922 (0.9922)
[2018/09/21 14:57:00 __main__ INFO] - Epoch 100 Step 100/390 Loss 0.0332 (0.0147) Accuracy 0.9922 (0.9947)
[2018/09/21 14:57:05 __main__ INFO] - Epoch 100 Step 200/390 Loss 0.0335 (0.0142) Accuracy 0.9922 (0.9951)
[2018/09/21 14:57:09 __main__ INFO] - Epoch 100 Step 300/390 Loss 0.0062 (0.0133) Accuracy 1.0000 (0.9953)
[2018/09/21 14:57:13 __main__ INFO] - Elapsed 17.18
[2018/09/21 14:57:13 __main__ INFO] - Test 100
[2018/09/21 14:57:15 __main__ INFO] - Epoch 100 Loss 0.3591 Accuracy 0.9231
[2018/09/21 14:57:15 __main__ INFO] - Elapsed 2.73
[2018/09/21 14:57:16 __main__ INFO] - Train 101
[2018/09/21 14:57:16 __main__ INFO] - Epoch 101 Step 0/390 Loss 0.0332 (0.0332) Accuracy 0.9922 (0.9922)
[2018/09/21 14:57:21 __main__ INFO] - Epoch 101 Step 100/390 Loss 0.0026 (0.0111) Accuracy 1.0000 (0.9961)
[2018/09/21 14:57:25 __main__ INFO] - Epoch 101 Step 200/390 Loss 0.0035 (0.0116) Accuracy 1.0000 (0.9962)
[2018/09/21 14:57:29 __main__ INFO] - Epoch 101 Step 300/390 Loss 0.0045 (0.0116) Accuracy 1.0000 (0.9963)
[2018/09/21 14:57:33 __main__ INFO] - Elapsed 17.36
[2018/09/21 14:57:33 __main__ INFO] - Test 101
[2018/09/21 14:57:36 __main__ INFO] - Epoch 101 Loss 0.3628 Accuracy 0.9249
[2018/09/21 14:57:36 __main__ INFO] - Elapsed 2.71
