entering inner script
activating virtual env
wrn_28_10
identifier: con_False_lr_0.01_seed_1
--arch=wrn --c10h_save_interval=2 --dataset=CIFAR10H --no_output --c10h_datasplit_seed=1 --human_tune --nonhuman_control=False --base_lr=0.01
wrn_28_10_control:False_lr:0.01_seed:1.out
entering python script
/tigress/ruairidh/model_results/run_1/wrn_28_10/model_best_state.pth
/tigress/ruairidh/model_results/run_1/saves/wrn_28_10/con_False_lr_0.01_seed_1
Using TensorFlow backend.
[2018/09/25 19:42:00 __main__ INFO] - {
  "model_config": {
    "arch": "wrn",
    "input_shape": [
      1,
      3,
      32,
      32
    ],
    "n_classes": 10,
    "base_channels": 16,
    "depth": 28,
    "widening_factor": 10,
    "drop_rate": 0
  },
  "optim_config": {
    "epochs": 200,
    "batch_size": 128,
    "optimizer": "sgd",
    "base_lr": 0.01,
    "weight_decay": 0.0005,
    "momentum": 0.9,
    "nesterov": true,
    "scheduler": "multistep",
    "milestones": [
      60,
      120,
      160
    ],
    "lr_decay": 0.2
  },
  "data_config": {
    "dataset": "CIFAR10H",
    "n_classes": 10,
    "num_workers": 7,
    "batch_size": 128,
    "use_cutout": false,
    "use_random_erasing": false,
    "use_mixup": false,
    "c10h_sample": false,
    "c10h_testsplit_percent": 0.1,
    "c10h_datasplit_seed": 1,
    "use_gpu": true
  },
  "run_config": {
    "seed": 17,
    "test_first": true,
    "gpu": "0",
    "tensorboard": false,
    "tensorboard_train_images": false,
    "tensorboard_test_images": false,
    "tensorboard_model_params": false,
    "resume": "/tigress/ruairidh/model_results/run_1/wrn_28_10/model_best_state.pth",
    "human_tune": true,
    "no_output": true,
    "test_only": false,
    "nonhuman_control": false,
    "c10h_scores_outdir": "/tigress/ruairidh/model_results/run_1/saves/wrn_28_10/con_False_lr_0.01_seed_1",
    "c10h_save_interval": "2",
    "use_gpu": true
  },
  "env_info": {
    "pytorch_version": "0.4.1",
    "cuda_version": "9.0.176",
    "cudnn_version": 7102,
    "gpu0": {
      "name": "Tesla P100-PCIE-16GB",
      "capability": "6.0"
    }
  }
}
Files already downloaded and verified
Files already downloaded and verified
Files already downloaded and verified
Files already downloaded and verified
Files already downloaded and verified
[2018/09/25 19:42:04 __main__ INFO] - Loading model...
[2018/09/25 19:42:05 __main__ INFO] - n_params: 36479194
[2018/09/25 19:42:07 __main__ INFO] - Done
=> loading checkpoint '/tigress/ruairidh/model_results/run_1/wrn_28_10/model_best_state.pth'
=> loaded checkpoint '/tigress/ruairidh/model_results/run_1/wrn_28_10/model_best_state.pth' (epoch 197)
[2018/09/25 19:42:10 __main__ INFO] - TEST 0
[2018/09/25 19:43:00 __main__ INFO] - - epoch 0    c10h_train    : 0.4616 (acc: 0.9479) | c10h_val    : 0.4554 (acc: 0.9650)
[2018/09/25 19:43:00 __main__ INFO] - -            c10h_train_c10: 0.1773 (acc: 0.9502) | c10h_val_c10: 0.1349 (acc: 0.9690)
[2018/09/25 19:43:00 __main__ INFO] - -            v4            : 0.4034 (acc: 0.8986) |           v6: 0.3818 (acc: 0.9100)
[2018/09/25 19:43:00 __main__ INFO] - -            c10_50k       : 0.0012 (acc: 1.0000)
[2018/09/25 19:43:00 __main__ INFO] - Elapsed 50.46
keys:  dict_keys(['epoch', 'c10h_train_loss', 'c10h_train_acc', 'c10h_val_loss', 'c10h_val_acc', 'c10h_train_c10_loss', 'c10h_train_c10_acc', 'c10h_val_c10_loss', 'c10h_val_c10_acc', 'v4_loss', 'v4_acc', 'v6_loss', 'v6_acc', 'c10_50k_loss', 'c10_50k_acc']) 
 c10h_outdir:  /tigress/ruairidh/model_results/run_1/saves/wrn_28_10/con_False_lr_0.01_seed_1
[2018/09/25 19:43:02 __main__ INFO] - Train 1
[2018/09/25 19:43:22 __main__ INFO] - TEST 1
[2018/09/25 19:44:10 __main__ INFO] - - epoch 1    c10h_train    : 0.3263 (acc: 0.9401) | c10h_val    : 0.3791 (acc: 0.9260)
[2018/09/25 19:44:10 __main__ INFO] - -            c10h_train_c10: 0.1926 (acc: 0.9404) | c10h_val_c10: 0.2349 (acc: 0.9290)
[2018/09/25 19:44:10 __main__ INFO] - -            v4            : 0.5156 (acc: 0.8238) |           v6: 0.4867 (acc: 0.8255)
[2018/09/25 19:44:10 __main__ INFO] - -            c10_50k       : 0.1299 (acc: 0.9735)
[2018/09/25 19:44:10 __main__ INFO] - Elapsed 47.85
keys:  dict_keys(['epoch', 'c10h_train_loss', 'c10h_train_acc', 'c10h_val_loss', 'c10h_val_acc', 'c10h_train_c10_loss', 'c10h_train_c10_acc', 'c10h_val_c10_loss', 'c10h_val_c10_acc', 'v4_loss', 'v4_acc', 'v6_loss', 'v6_acc', 'c10_50k_loss', 'c10_50k_acc']) 
 c10h_outdir:  /tigress/ruairidh/model_results/run_1/saves/wrn_28_10/con_False_lr_0.01_seed_1
[2018/09/25 19:44:12 __main__ INFO] - Train 2
[2018/09/25 19:44:31 __main__ INFO] - TEST 2
[2018/09/25 19:45:19 __main__ INFO] - - epoch 2    c10h_train    : 0.2817 (acc: 0.9584) | c10h_val    : 0.3493 (acc: 0.9310)
[2018/09/25 19:45:19 __main__ INFO] - -            c10h_train_c10: 0.1422 (acc: 0.9578) | c10h_val_c10: 0.2021 (acc: 0.9300)
[2018/09/25 19:45:19 __main__ INFO] - -            v4            : 0.4616 (acc: 0.8511) |           v6: 0.3955 (acc: 0.8765)
[2018/09/25 19:45:19 __main__ INFO] - -            c10_50k       : 0.0995 (acc: 0.9805)
[2018/09/25 19:45:19 __main__ INFO] - Elapsed 47.89
keys:  dict_keys(['epoch', 'c10h_train_loss', 'c10h_train_acc', 'c10h_val_loss', 'c10h_val_acc', 'c10h_train_c10_loss', 'c10h_train_c10_acc', 'c10h_val_c10_loss', 'c10h_val_c10_acc', 'v4_loss', 'v4_acc', 'v6_loss', 'v6_acc', 'c10_50k_loss', 'c10_50k_acc']) 
 c10h_outdir:  /tigress/ruairidh/model_results/run_1/saves/wrn_28_10/con_False_lr_0.01_seed_1
[2018/09/25 19:45:20 __main__ INFO] - Train 3
[2018/09/25 19:45:39 __main__ INFO] - TEST 3
[2018/09/25 19:46:27 __main__ INFO] - - epoch 3    c10h_train    : 0.2559 (acc: 0.9729) | c10h_val    : 0.3233 (acc: 0.9440)
[2018/09/25 19:46:27 __main__ INFO] - -            c10h_train_c10: 0.1129 (acc: 0.9722) | c10h_val_c10: 0.1757 (acc: 0.9450)
[2018/09/25 19:46:27 __main__ INFO] - -            v4            : 0.4402 (acc: 0.8595) |           v6: 0.3996 (acc: 0.8690)
[2018/09/25 19:46:27 __main__ INFO] - -            c10_50k       : 0.0926 (acc: 0.9849)
[2018/09/25 19:46:27 __main__ INFO] - Elapsed 47.84
keys:  dict_keys(['epoch', 'c10h_train_loss', 'c10h_train_acc', 'c10h_val_loss', 'c10h_val_acc', 'c10h_train_c10_loss', 'c10h_train_c10_acc', 'c10h_val_c10_loss', 'c10h_val_c10_acc', 'v4_loss', 'v4_acc', 'v6_loss', 'v6_acc', 'c10_50k_loss', 'c10_50k_acc']) 
 c10h_outdir:  /tigress/ruairidh/model_results/run_1/saves/wrn_28_10/con_False_lr_0.01_seed_1
[2018/09/25 19:46:29 __main__ INFO] - Train 4
[2018/09/25 19:46:49 __main__ INFO] - TEST 4
[2018/09/25 19:47:37 __main__ INFO] - - epoch 4    c10h_train    : 0.2672 (acc: 0.9637) | c10h_val    : 0.3876 (acc: 0.9210)
[2018/09/25 19:47:37 __main__ INFO] - -            c10h_train_c10: 0.1296 (acc: 0.9620) | c10h_val_c10: 0.2410 (acc: 0.9210)
[2018/09/25 19:47:37 __main__ INFO] - -            v4            : 0.4941 (acc: 0.8377) |           v6: 0.4847 (acc: 0.8460)
[2018/09/25 19:47:37 __main__ INFO] - -            c10_50k       : 0.1164 (acc: 0.9737)
[2018/09/25 19:47:37 __main__ INFO] - Elapsed 47.93
keys:  dict_keys(['epoch', 'c10h_train_loss', 'c10h_train_acc', 'c10h_val_loss', 'c10h_val_acc', 'c10h_train_c10_loss', 'c10h_train_c10_acc', 'c10h_val_c10_loss', 'c10h_val_c10_acc', 'v4_loss', 'v4_acc', 'v6_loss', 'v6_acc', 'c10_50k_loss', 'c10_50k_acc']) 
 c10h_outdir:  /tigress/ruairidh/model_results/run_1/saves/wrn_28_10/con_False_lr_0.01_seed_1
[2018/09/25 19:47:38 __main__ INFO] - Train 5
[2018/09/25 19:47:57 __main__ INFO] - TEST 5
[2018/09/25 19:48:45 __main__ INFO] - - epoch 5    c10h_train    : 0.2320 (acc: 0.9813) | c10h_val    : 0.3400 (acc: 0.9380)
[2018/09/25 19:48:45 __main__ INFO] - -            c10h_train_c10: 0.0809 (acc: 0.9810) | c10h_val_c10: 0.1837 (acc: 0.9400)
[2018/09/25 19:48:45 __main__ INFO] - -            v4            : 0.4111 (acc: 0.8669) |           v6: 0.3786 (acc: 0.8770)
[2018/09/25 19:48:45 __main__ INFO] - -            c10_50k       : 0.0731 (acc: 0.9883)
[2018/09/25 19:48:45 __main__ INFO] - Elapsed 47.73
keys:  dict_keys(['epoch', 'c10h_train_loss', 'c10h_train_acc', 'c10h_val_loss', 'c10h_val_acc', 'c10h_train_c10_loss', 'c10h_train_c10_acc', 'c10h_val_c10_loss', 'c10h_val_c10_acc', 'v4_loss', 'v4_acc', 'v6_loss', 'v6_acc', 'c10_50k_loss', 'c10_50k_acc']) 
 c10h_outdir:  /tigress/ruairidh/model_results/run_1/saves/wrn_28_10/con_False_lr_0.01_seed_1
[2018/09/25 19:48:47 __main__ INFO] - Train 6
[2018/09/25 19:49:06 __main__ INFO] - TEST 6
[2018/09/25 19:49:54 __main__ INFO] - - epoch 6    c10h_train    : 0.2261 (acc: 0.9833) | c10h_val    : 0.3302 (acc: 0.9370)
[2018/09/25 19:49:54 __main__ INFO] - -            c10h_train_c10: 0.0774 (acc: 0.9809) | c10h_val_c10: 0.1726 (acc: 0.9390)
[2018/09/25 19:49:54 __main__ INFO] - -            v4            : 0.4065 (acc: 0.8704) |           v6: 0.3653 (acc: 0.8850)
[2018/09/25 19:49:54 __main__ INFO] - -            c10_50k       : 0.0695 (acc: 0.9897)
[2018/09/25 19:49:54 __main__ INFO] - Elapsed 47.90
keys:  dict_keys(['epoch', 'c10h_train_loss', 'c10h_train_acc', 'c10h_val_loss', 'c10h_val_acc', 'c10h_train_c10_loss', 'c10h_train_c10_acc', 'c10h_val_c10_loss', 'c10h_val_c10_acc', 'v4_loss', 'v4_acc', 'v6_loss', 'v6_acc', 'c10_50k_loss', 'c10_50k_acc']) 
 c10h_outdir:  /tigress/ruairidh/model_results/run_1/saves/wrn_28_10/con_False_lr_0.01_seed_1
[2018/09/25 19:49:56 __main__ INFO] - Train 7
[2018/09/25 19:50:15 __main__ INFO] - TEST 7
[2018/09/25 19:51:03 __main__ INFO] - - epoch 7    c10h_train    : 0.2228 (acc: 0.9849) | c10h_val    : 0.3313 (acc: 0.9400)
[2018/09/25 19:51:03 __main__ INFO] - -            c10h_train_c10: 0.0722 (acc: 0.9833) | c10h_val_c10: 0.1703 (acc: 0.9430)
[2018/09/25 19:51:03 __main__ INFO] - -            v4            : 0.4023 (acc: 0.8689) |           v6: 0.3646 (acc: 0.8845)
[2018/09/25 19:51:03 __main__ INFO] - -            c10_50k       : 0.0698 (acc: 0.9891)
[2018/09/25 19:51:03 __main__ INFO] - Elapsed 48.13
keys:  dict_keys(['epoch', 'c10h_train_loss', 'c10h_train_acc', 'c10h_val_loss', 'c10h_val_acc', 'c10h_train_c10_loss', 'c10h_train_c10_acc', 'c10h_val_c10_loss', 'c10h_val_c10_acc', 'v4_loss', 'v4_acc', 'v6_loss', 'v6_acc', 'c10_50k_loss', 'c10_50k_acc']) 
 c10h_outdir:  /tigress/ruairidh/model_results/run_1/saves/wrn_28_10/con_False_lr_0.01_seed_1
[2018/09/25 19:51:04 __main__ INFO] - Train 8
[2018/09/25 19:51:24 __main__ INFO] - TEST 8
[2018/09/25 19:52:12 __main__ INFO] - - epoch 8    c10h_train    : 0.2158 (acc: 0.9854) | c10h_val    : 0.3280 (acc: 0.9390)
[2018/09/25 19:52:12 __main__ INFO] - -            c10h_train_c10: 0.0698 (acc: 0.9827) | c10h_val_c10: 0.1766 (acc: 0.9400)
[2018/09/25 19:52:12 __main__ INFO] - -            v4            : 0.4019 (acc: 0.8728) |           v6: 0.3734 (acc: 0.8830)
[2018/09/25 19:52:12 __main__ INFO] - -            c10_50k       : 0.0708 (acc: 0.9901)
[2018/09/25 19:52:12 __main__ INFO] - Elapsed 48.01
keys:  dict_keys(['epoch', 'c10h_train_loss', 'c10h_train_acc', 'c10h_val_loss', 'c10h_val_acc', 'c10h_train_c10_loss', 'c10h_train_c10_acc', 'c10h_val_c10_loss', 'c10h_val_c10_acc', 'v4_loss', 'v4_acc', 'v6_loss', 'v6_acc', 'c10_50k_loss', 'c10_50k_acc']) 
 c10h_outdir:  /tigress/ruairidh/model_results/run_1/saves/wrn_28_10/con_False_lr_0.01_seed_1
[2018/09/25 19:52:13 __main__ INFO] - Train 9
[2018/09/25 19:52:33 __main__ INFO] - TEST 9
[2018/09/25 19:53:21 __main__ INFO] - - epoch 9    c10h_train    : 0.2125 (acc: 0.9861) | c10h_val    : 0.3237 (acc: 0.9420)
[2018/09/25 19:53:21 __main__ INFO] - -            c10h_train_c10: 0.0706 (acc: 0.9823) | c10h_val_c10: 0.1711 (acc: 0.9430)
[2018/09/25 19:53:21 __main__ INFO] - -            v4            : 0.3910 (acc: 0.8753) |           v6: 0.3594 (acc: 0.8850)
[2018/09/25 19:53:21 __main__ INFO] - -            c10_50k       : 0.0700 (acc: 0.9896)
[2018/09/25 19:53:21 __main__ INFO] - Elapsed 48.06
keys:  dict_keys(['epoch', 'c10h_train_loss', 'c10h_train_acc', 'c10h_val_loss', 'c10h_val_acc', 'c10h_train_c10_loss', 'c10h_train_c10_acc', 'c10h_val_c10_loss', 'c10h_val_c10_acc', 'v4_loss', 'v4_acc', 'v6_loss', 'v6_acc', 'c10_50k_loss', 'c10_50k_acc']) 
 c10h_outdir:  /tigress/ruairidh/model_results/run_1/saves/wrn_28_10/con_False_lr_0.01_seed_1
[2018/09/25 19:53:21 __main__ INFO] - Train 10
[2018/09/25 19:53:41 __main__ INFO] - TEST 10
[2018/09/25 19:54:29 __main__ INFO] - - epoch 10    c10h_train    : 0.2097 (acc: 0.9860) | c10h_val    : 0.3087 (acc: 0.9470)
[2018/09/25 19:54:29 __main__ INFO] - -            c10h_train_c10: 0.0681 (acc: 0.9837) | c10h_val_c10: 0.1593 (acc: 0.9490)
[2018/09/25 19:54:29 __main__ INFO] - -            v4            : 0.3858 (acc: 0.8704) |           v6: 0.3474 (acc: 0.8855)
[2018/09/25 19:54:29 __main__ INFO] - -            c10_50k       : 0.0676 (acc: 0.9921)
[2018/09/25 19:54:29 __main__ INFO] - Elapsed 47.87
keys:  dict_keys(['epoch', 'c10h_train_loss', 'c10h_train_acc', 'c10h_val_loss', 'c10h_val_acc', 'c10h_train_c10_loss', 'c10h_train_c10_acc', 'c10h_val_c10_loss', 'c10h_val_c10_acc', 'v4_loss', 'v4_acc', 'v6_loss', 'v6_acc', 'c10_50k_loss', 'c10_50k_acc']) 
 c10h_outdir:  /tigress/ruairidh/model_results/run_1/saves/wrn_28_10/con_False_lr_0.01_seed_1
[2018/09/25 19:54:30 __main__ INFO] - Train 11
[2018/09/25 19:54:49 __main__ INFO] - TEST 11
[2018/09/25 19:55:37 __main__ INFO] - - epoch 11    c10h_train    : 0.2105 (acc: 0.9862) | c10h_val    : 0.3165 (acc: 0.9450)
[2018/09/25 19:55:38 __main__ INFO] - -            c10h_train_c10: 0.0691 (acc: 0.9831) | c10h_val_c10: 0.1649 (acc: 0.9470)
[2018/09/25 19:55:38 __main__ INFO] - -            v4            : 0.3809 (acc: 0.8758) |           v6: 0.3379 (acc: 0.8910)
[2018/09/25 19:55:38 __main__ INFO] - -            c10_50k       : 0.0688 (acc: 0.9907)
[2018/09/25 19:55:38 __main__ INFO] - Elapsed 48.17
keys:  dict_keys(['epoch', 'c10h_train_loss', 'c10h_train_acc', 'c10h_val_loss', 'c10h_val_acc', 'c10h_train_c10_loss', 'c10h_train_c10_acc', 'c10h_val_c10_loss', 'c10h_val_c10_acc', 'v4_loss', 'v4_acc', 'v6_loss', 'v6_acc', 'c10_50k_loss', 'c10_50k_acc']) 
 c10h_outdir:  /tigress/ruairidh/model_results/run_1/saves/wrn_28_10/con_False_lr_0.01_seed_1
[2018/09/25 19:55:38 __main__ INFO] - Train 12
[2018/09/25 19:55:58 __main__ INFO] - TEST 12
[2018/09/25 19:56:46 __main__ INFO] - - epoch 12    c10h_train    : 0.2080 (acc: 0.9868) | c10h_val    : 0.3015 (acc: 0.9460)
[2018/09/25 19:56:46 __main__ INFO] - -            c10h_train_c10: 0.0682 (acc: 0.9848) | c10h_val_c10: 0.1510 (acc: 0.9490)
[2018/09/25 19:56:46 __main__ INFO] - -            v4            : 0.3750 (acc: 0.8718) |           v6: 0.3346 (acc: 0.8915)
[2018/09/25 19:56:46 __main__ INFO] - -            c10_50k       : 0.0676 (acc: 0.9914)
[2018/09/25 19:56:46 __main__ INFO] - Elapsed 48.00
keys:  dict_keys(['epoch', 'c10h_train_loss', 'c10h_train_acc', 'c10h_val_loss', 'c10h_val_acc', 'c10h_train_c10_loss', 'c10h_train_c10_acc', 'c10h_val_c10_loss', 'c10h_val_c10_acc', 'v4_loss', 'v4_acc', 'v6_loss', 'v6_acc', 'c10_50k_loss', 'c10_50k_acc']) 
 c10h_outdir:  /tigress/ruairidh/model_results/run_1/saves/wrn_28_10/con_False_lr_0.01_seed_1
[2018/09/25 19:56:49 __main__ INFO] - Train 13
[2018/09/25 19:57:08 __main__ INFO] - TEST 13
[2018/09/25 19:57:56 __main__ INFO] - - epoch 13    c10h_train    : 0.2061 (acc: 0.9861) | c10h_val    : 0.3144 (acc: 0.9470)
[2018/09/25 19:57:57 __main__ INFO] - -            c10h_train_c10: 0.0698 (acc: 0.9837) | c10h_val_c10: 0.1676 (acc: 0.9470)
[2018/09/25 19:57:57 __main__ INFO] - -            v4            : 0.4050 (acc: 0.8699) |           v6: 0.3506 (acc: 0.8850)
[2018/09/25 19:57:57 __main__ INFO] - -            c10_50k       : 0.0695 (acc: 0.9916)
[2018/09/25 19:57:57 __main__ INFO] - Elapsed 48.18
keys:  dict_keys(['epoch', 'c10h_train_loss', 'c10h_train_acc', 'c10h_val_loss', 'c10h_val_acc', 'c10h_train_c10_loss', 'c10h_train_c10_acc', 'c10h_val_c10_loss', 'c10h_val_c10_acc', 'v4_loss', 'v4_acc', 'v6_loss', 'v6_acc', 'c10_50k_loss', 'c10_50k_acc']) 
 c10h_outdir:  /tigress/ruairidh/model_results/run_1/saves/wrn_28_10/con_False_lr_0.01_seed_1
[2018/09/25 19:57:59 __main__ INFO] - Train 14
[2018/09/25 19:58:18 __main__ INFO] - TEST 14
[2018/09/25 19:59:06 __main__ INFO] - - epoch 14    c10h_train    : 0.2043 (acc: 0.9879) | c10h_val    : 0.3071 (acc: 0.9400)
[2018/09/25 19:59:06 __main__ INFO] - -            c10h_train_c10: 0.0663 (acc: 0.9843) | c10h_val_c10: 0.1623 (acc: 0.9410)
[2018/09/25 19:59:06 __main__ INFO] - -            v4            : 0.3671 (acc: 0.8793) |           v6: 0.3462 (acc: 0.8905)
[2018/09/25 19:59:06 __main__ INFO] - -            c10_50k       : 0.0681 (acc: 0.9911)
[2018/09/25 19:59:06 __main__ INFO] - Elapsed 47.85
keys:  dict_keys(['epoch', 'c10h_train_loss', 'c10h_train_acc', 'c10h_val_loss', 'c10h_val_acc', 'c10h_train_c10_loss', 'c10h_train_c10_acc', 'c10h_val_c10_loss', 'c10h_val_c10_acc', 'v4_loss', 'v4_acc', 'v6_loss', 'v6_acc', 'c10_50k_loss', 'c10_50k_acc']) 
 c10h_outdir:  /tigress/ruairidh/model_results/run_1/saves/wrn_28_10/con_False_lr_0.01_seed_1
[2018/09/25 19:59:08 __main__ INFO] - Train 15
[2018/09/25 19:59:27 __main__ INFO] - TEST 15
[2018/09/25 20:00:15 __main__ INFO] - - epoch 15    c10h_train    : 0.2023 (acc: 0.9878) | c10h_val    : 0.2963 (acc: 0.9510)
[2018/09/25 20:00:15 __main__ INFO] - -            c10h_train_c10: 0.0689 (acc: 0.9842) | c10h_val_c10: 0.1557 (acc: 0.9540)
[2018/09/25 20:00:15 __main__ INFO] - -            v4            : 0.3868 (acc: 0.8783) |           v6: 0.3468 (acc: 0.8920)
[2018/09/25 20:00:15 __main__ INFO] - -            c10_50k       : 0.0703 (acc: 0.9913)
[2018/09/25 20:00:15 __main__ INFO] - Elapsed 48.13
keys:  dict_keys(['epoch', 'c10h_train_loss', 'c10h_train_acc', 'c10h_val_loss', 'c10h_val_acc', 'c10h_train_c10_loss', 'c10h_train_c10_acc', 'c10h_val_c10_loss', 'c10h_val_c10_acc', 'v4_loss', 'v4_acc', 'v6_loss', 'v6_acc', 'c10_50k_loss', 'c10_50k_acc']) 
 c10h_outdir:  /tigress/ruairidh/model_results/run_1/saves/wrn_28_10/con_False_lr_0.01_seed_1
[2018/09/25 20:00:17 __main__ INFO] - Train 16
[2018/09/25 20:00:37 __main__ INFO] - TEST 16
[2018/09/25 20:01:25 __main__ INFO] - - epoch 16    c10h_train    : 0.2020 (acc: 0.9882) | c10h_val    : 0.3147 (acc: 0.9420)
[2018/09/25 20:01:25 __main__ INFO] - -            c10h_train_c10: 0.0610 (acc: 0.9852) | c10h_val_c10: 0.1662 (acc: 0.9440)
[2018/09/25 20:01:25 __main__ INFO] - -            v4            : 0.3655 (acc: 0.8808) |           v6: 0.3289 (acc: 0.8995)
[2018/09/25 20:01:25 __main__ INFO] - -            c10_50k       : 0.0617 (acc: 0.9926)
[2018/09/25 20:01:25 __main__ INFO] - Elapsed 47.97
keys:  dict_keys(['epoch', 'c10h_train_loss', 'c10h_train_acc', 'c10h_val_loss', 'c10h_val_acc', 'c10h_train_c10_loss', 'c10h_train_c10_acc', 'c10h_val_c10_loss', 'c10h_val_c10_acc', 'v4_loss', 'v4_acc', 'v6_loss', 'v6_acc', 'c10_50k_loss', 'c10_50k_acc']) 
 c10h_outdir:  /tigress/ruairidh/model_results/run_1/saves/wrn_28_10/con_False_lr_0.01_seed_1
[2018/09/25 20:01:28 __main__ INFO] - Train 17
[2018/09/25 20:01:48 __main__ INFO] - TEST 17
[2018/09/25 20:02:35 __main__ INFO] - - epoch 17    c10h_train    : 0.2012 (acc: 0.9877) | c10h_val    : 0.3009 (acc: 0.9490)
[2018/09/25 20:02:36 __main__ INFO] - -            c10h_train_c10: 0.0667 (acc: 0.9842) | c10h_val_c10: 0.1613 (acc: 0.9490)
[2018/09/25 20:02:36 __main__ INFO] - -            v4            : 0.3627 (acc: 0.8852) |           v6: 0.3430 (acc: 0.8860)
[2018/09/25 20:02:36 __main__ INFO] - -            c10_50k       : 0.0708 (acc: 0.9902)
[2018/09/25 20:02:36 __main__ INFO] - Elapsed 47.91
keys:  dict_keys(['epoch', 'c10h_train_loss', 'c10h_train_acc', 'c10h_val_loss', 'c10h_val_acc', 'c10h_train_c10_loss', 'c10h_train_c10_acc', 'c10h_val_c10_loss', 'c10h_val_c10_acc', 'v4_loss', 'v4_acc', 'v6_loss', 'v6_acc', 'c10_50k_loss', 'c10_50k_acc']) 
 c10h_outdir:  /tigress/ruairidh/model_results/run_1/saves/wrn_28_10/con_False_lr_0.01_seed_1
[2018/09/25 20:02:37 __main__ INFO] - Train 18
[2018/09/25 20:02:56 __main__ INFO] - TEST 18
[2018/09/25 20:03:44 __main__ INFO] - - epoch 18    c10h_train    : 0.2003 (acc: 0.9880) | c10h_val    : 0.3041 (acc: 0.9460)
[2018/09/25 20:03:44 __main__ INFO] - -            c10h_train_c10: 0.0656 (acc: 0.9852) | c10h_val_c10: 0.1607 (acc: 0.9480)
[2018/09/25 20:03:44 __main__ INFO] - -            v4            : 0.3849 (acc: 0.8714) |           v6: 0.3520 (acc: 0.8855)
[2018/09/25 20:03:44 __main__ INFO] - -            c10_50k       : 0.0676 (acc: 0.9914)
[2018/09/25 20:03:44 __main__ INFO] - Elapsed 47.92
keys:  dict_keys(['epoch', 'c10h_train_loss', 'c10h_train_acc', 'c10h_val_loss', 'c10h_val_acc', 'c10h_train_c10_loss', 'c10h_train_c10_acc', 'c10h_val_c10_loss', 'c10h_val_c10_acc', 'v4_loss', 'v4_acc', 'v6_loss', 'v6_acc', 'c10_50k_loss', 'c10_50k_acc']) 
 c10h_outdir:  /tigress/ruairidh/model_results/run_1/saves/wrn_28_10/con_False_lr_0.01_seed_1
[2018/09/25 20:03:47 __main__ INFO] - Train 19
[2018/09/25 20:04:07 __main__ INFO] - TEST 19
[2018/09/25 20:04:54 __main__ INFO] - - epoch 19    c10h_train    : 0.1980 (acc: 0.9882) | c10h_val    : 0.2866 (acc: 0.9570)
[2018/09/25 20:04:55 __main__ INFO] - -            c10h_train_c10: 0.0628 (acc: 0.9837) | c10h_val_c10: 0.1389 (acc: 0.9560)
[2018/09/25 20:04:55 __main__ INFO] - -            v4            : 0.3785 (acc: 0.8714) |           v6: 0.3327 (acc: 0.8940)
[2018/09/25 20:04:55 __main__ INFO] - -            c10_50k       : 0.0627 (acc: 0.9921)
[2018/09/25 20:04:55 __main__ INFO] - Elapsed 47.91
keys:  dict_keys(['epoch', 'c10h_train_loss', 'c10h_train_acc', 'c10h_val_loss', 'c10h_val_acc', 'c10h_train_c10_loss', 'c10h_train_c10_acc', 'c10h_val_c10_loss', 'c10h_val_c10_acc', 'v4_loss', 'v4_acc', 'v6_loss', 'v6_acc', 'c10_50k_loss', 'c10_50k_acc']) 
 c10h_outdir:  /tigress/ruairidh/model_results/run_1/saves/wrn_28_10/con_False_lr_0.01_seed_1
[2018/09/25 20:04:57 __main__ INFO] - Train 20
[2018/09/25 20:05:16 __main__ INFO] - TEST 20
[2018/09/25 20:06:04 __main__ INFO] - - epoch 20    c10h_train    : 0.1970 (acc: 0.9883) | c10h_val    : 0.2940 (acc: 0.9500)
[2018/09/25 20:06:04 __main__ INFO] - -            c10h_train_c10: 0.0672 (acc: 0.9839) | c10h_val_c10: 0.1525 (acc: 0.9510)
[2018/09/25 20:06:04 __main__ INFO] - -            v4            : 0.3629 (acc: 0.8832) |           v6: 0.3279 (acc: 0.8935)
[2018/09/25 20:06:04 __main__ INFO] - -            c10_50k       : 0.0683 (acc: 0.9923)
[2018/09/25 20:06:04 __main__ INFO] - Elapsed 48.15
keys:  dict_keys(['epoch', 'c10h_train_loss', 'c10h_train_acc', 'c10h_val_loss', 'c10h_val_acc', 'c10h_train_c10_loss', 'c10h_train_c10_acc', 'c10h_val_c10_loss', 'c10h_val_c10_acc', 'v4_loss', 'v4_acc', 'v6_loss', 'v6_acc', 'c10_50k_loss', 'c10_50k_acc']) 
 c10h_outdir:  /tigress/ruairidh/model_results/run_1/saves/wrn_28_10/con_False_lr_0.01_seed_1
[2018/09/25 20:06:07 __main__ INFO] - Train 21
[2018/09/25 20:06:26 __main__ INFO] - TEST 21
[2018/09/25 20:07:14 __main__ INFO] - - epoch 21    c10h_train    : 0.1967 (acc: 0.9870) | c10h_val    : 0.2972 (acc: 0.9460)
[2018/09/25 20:07:14 __main__ INFO] - -            c10h_train_c10: 0.0660 (acc: 0.9838) | c10h_val_c10: 0.1560 (acc: 0.9460)
[2018/09/25 20:07:14 __main__ INFO] - -            v4            : 0.3881 (acc: 0.8748) |           v6: 0.3423 (acc: 0.8920)
[2018/09/25 20:07:14 __main__ INFO] - -            c10_50k       : 0.0674 (acc: 0.9916)
[2018/09/25 20:07:14 __main__ INFO] - Elapsed 48.04
keys:  dict_keys(['epoch', 'c10h_train_loss', 'c10h_train_acc', 'c10h_val_loss', 'c10h_val_acc', 'c10h_train_c10_loss', 'c10h_train_c10_acc', 'c10h_val_c10_loss', 'c10h_val_c10_acc', 'v4_loss', 'v4_acc', 'v6_loss', 'v6_acc', 'c10_50k_loss', 'c10_50k_acc']) 
 c10h_outdir:  /tigress/ruairidh/model_results/run_1/saves/wrn_28_10/con_False_lr_0.01_seed_1
[2018/09/25 20:07:15 __main__ INFO] - Train 22
[2018/09/25 20:07:35 __main__ INFO] - TEST 22
[2018/09/25 20:08:23 __main__ INFO] - - epoch 22    c10h_train    : 0.1972 (acc: 0.9878) | c10h_val    : 0.3013 (acc: 0.9500)
[2018/09/25 20:08:23 __main__ INFO] - -            c10h_train_c10: 0.0656 (acc: 0.9843) | c10h_val_c10: 0.1583 (acc: 0.9520)
[2018/09/25 20:08:23 __main__ INFO] - -            v4            : 0.3772 (acc: 0.8778) |           v6: 0.3343 (acc: 0.8895)
[2018/09/25 20:08:23 __main__ INFO] - -            c10_50k       : 0.0667 (acc: 0.9924)
[2018/09/25 20:08:23 __main__ INFO] - Elapsed 48.36
keys:  dict_keys(['epoch', 'c10h_train_loss', 'c10h_train_acc', 'c10h_val_loss', 'c10h_val_acc', 'c10h_train_c10_loss', 'c10h_train_c10_acc', 'c10h_val_c10_loss', 'c10h_val_c10_acc', 'v4_loss', 'v4_acc', 'v6_loss', 'v6_acc', 'c10_50k_loss', 'c10_50k_acc']) 
 c10h_outdir:  /tigress/ruairidh/model_results/run_1/saves/wrn_28_10/con_False_lr_0.01_seed_1
[2018/09/25 20:08:24 __main__ INFO] - Train 23
[2018/09/25 20:08:43 __main__ INFO] - TEST 23
[2018/09/25 20:09:31 __main__ INFO] - - epoch 23    c10h_train    : 0.1943 (acc: 0.9889) | c10h_val    : 0.2984 (acc: 0.9500)
[2018/09/25 20:09:31 __main__ INFO] - -            c10h_train_c10: 0.0605 (acc: 0.9850) | c10h_val_c10: 0.1527 (acc: 0.9500)
[2018/09/25 20:09:31 __main__ INFO] - -            v4            : 0.3698 (acc: 0.8773) |           v6: 0.3350 (acc: 0.8925)
[2018/09/25 20:09:31 __main__ INFO] - -            c10_50k       : 0.0631 (acc: 0.9925)
[2018/09/25 20:09:31 __main__ INFO] - Elapsed 48.02
keys:  dict_keys(['epoch', 'c10h_train_loss', 'c10h_train_acc', 'c10h_val_loss', 'c10h_val_acc', 'c10h_train_c10_loss', 'c10h_train_c10_acc', 'c10h_val_c10_loss', 'c10h_val_c10_acc', 'v4_loss', 'v4_acc', 'v6_loss', 'v6_acc', 'c10_50k_loss', 'c10_50k_acc']) 
 c10h_outdir:  /tigress/ruairidh/model_results/run_1/saves/wrn_28_10/con_False_lr_0.01_seed_1
[2018/09/25 20:09:32 __main__ INFO] - Train 24
[2018/09/25 20:09:51 __main__ INFO] - TEST 24
[2018/09/25 20:10:39 __main__ INFO] - - epoch 24    c10h_train    : 0.1951 (acc: 0.9889) | c10h_val    : 0.2949 (acc: 0.9490)
[2018/09/25 20:10:39 __main__ INFO] - -            c10h_train_c10: 0.0648 (acc: 0.9832) | c10h_val_c10: 0.1550 (acc: 0.9470)
[2018/09/25 20:10:39 __main__ INFO] - -            v4            : 0.3661 (acc: 0.8783) |           v6: 0.3295 (acc: 0.8935)
[2018/09/25 20:10:39 __main__ INFO] - -            c10_50k       : 0.0666 (acc: 0.9916)
[2018/09/25 20:10:39 __main__ INFO] - Elapsed 48.05
keys:  dict_keys(['epoch', 'c10h_train_loss', 'c10h_train_acc', 'c10h_val_loss', 'c10h_val_acc', 'c10h_train_c10_loss', 'c10h_train_c10_acc', 'c10h_val_c10_loss', 'c10h_val_c10_acc', 'v4_loss', 'v4_acc', 'v6_loss', 'v6_acc', 'c10_50k_loss', 'c10_50k_acc']) 
 c10h_outdir:  /tigress/ruairidh/model_results/run_1/saves/wrn_28_10/con_False_lr_0.01_seed_1
[2018/09/25 20:10:41 __main__ INFO] - Train 25
[2018/09/25 20:11:00 __main__ INFO] - TEST 25
[2018/09/25 20:11:49 __main__ INFO] - - epoch 25    c10h_train    : 0.1946 (acc: 0.9886) | c10h_val    : 0.2996 (acc: 0.9440)
[2018/09/25 20:11:49 __main__ INFO] - -            c10h_train_c10: 0.0660 (acc: 0.9849) | c10h_val_c10: 0.1581 (acc: 0.9440)
[2018/09/25 20:11:49 __main__ INFO] - -            v4            : 0.3852 (acc: 0.8738) |           v6: 0.3327 (acc: 0.8975)
[2018/09/25 20:11:49 __main__ INFO] - -            c10_50k       : 0.0674 (acc: 0.9926)
[2018/09/25 20:11:49 __main__ INFO] - Elapsed 48.19
keys:  dict_keys(['epoch', 'c10h_train_loss', 'c10h_train_acc', 'c10h_val_loss', 'c10h_val_acc', 'c10h_train_c10_loss', 'c10h_train_c10_acc', 'c10h_val_c10_loss', 'c10h_val_c10_acc', 'v4_loss', 'v4_acc', 'v6_loss', 'v6_acc', 'c10_50k_loss', 'c10_50k_acc']) 
 c10h_outdir:  /tigress/ruairidh/model_results/run_1/saves/wrn_28_10/con_False_lr_0.01_seed_1
[2018/09/25 20:11:49 __main__ INFO] - Train 26
[2018/09/25 20:12:09 __main__ INFO] - TEST 26
[2018/09/25 20:12:57 __main__ INFO] - - epoch 26    c10h_train    : 0.1928 (acc: 0.9888) | c10h_val    : 0.2988 (acc: 0.9530)
[2018/09/25 20:12:57 __main__ INFO] - -            c10h_train_c10: 0.0632 (acc: 0.9839) | c10h_val_c10: 0.1566 (acc: 0.9510)
[2018/09/25 20:12:57 __main__ INFO] - -            v4            : 0.3596 (acc: 0.8817) |           v6: 0.3365 (acc: 0.8905)
[2018/09/25 20:12:57 __main__ INFO] - -            c10_50k       : 0.0658 (acc: 0.9915)
[2018/09/25 20:12:57 __main__ INFO] - Elapsed 48.11
keys:  dict_keys(['epoch', 'c10h_train_loss', 'c10h_train_acc', 'c10h_val_loss', 'c10h_val_acc', 'c10h_train_c10_loss', 'c10h_train_c10_acc', 'c10h_val_c10_loss', 'c10h_val_c10_acc', 'v4_loss', 'v4_acc', 'v6_loss', 'v6_acc', 'c10_50k_loss', 'c10_50k_acc']) 
 c10h_outdir:  /tigress/ruairidh/model_results/run_1/saves/wrn_28_10/con_False_lr_0.01_seed_1
[2018/09/25 20:12:58 __main__ INFO] - Train 27
[2018/09/25 20:13:17 __main__ INFO] - TEST 27
[2018/09/25 20:14:05 __main__ INFO] - - epoch 27    c10h_train    : 0.1925 (acc: 0.9886) | c10h_val    : 0.2975 (acc: 0.9510)
[2018/09/25 20:14:05 __main__ INFO] - -            c10h_train_c10: 0.0672 (acc: 0.9839) | c10h_val_c10: 0.1619 (acc: 0.9510)
[2018/09/25 20:14:05 __main__ INFO] - -            v4            : 0.3709 (acc: 0.8832) |           v6: 0.3394 (acc: 0.8960)
[2018/09/25 20:14:05 __main__ INFO] - -            c10_50k       : 0.0697 (acc: 0.9924)
[2018/09/25 20:14:05 __main__ INFO] - Elapsed 47.87
keys:  dict_keys(['epoch', 'c10h_train_loss', 'c10h_train_acc', 'c10h_val_loss', 'c10h_val_acc', 'c10h_train_c10_loss', 'c10h_train_c10_acc', 'c10h_val_c10_loss', 'c10h_val_c10_acc', 'v4_loss', 'v4_acc', 'v6_loss', 'v6_acc', 'c10_50k_loss', 'c10_50k_acc']) 
 c10h_outdir:  /tigress/ruairidh/model_results/run_1/saves/wrn_28_10/con_False_lr_0.01_seed_1
[2018/09/25 20:14:07 __main__ INFO] - Train 28
[2018/09/25 20:14:27 __main__ INFO] - TEST 28
[2018/09/25 20:15:15 __main__ INFO] - - epoch 28    c10h_train    : 0.1921 (acc: 0.9888) | c10h_val    : 0.2908 (acc: 0.9570)
[2018/09/25 20:15:15 __main__ INFO] - -            c10h_train_c10: 0.0666 (acc: 0.9854) | c10h_val_c10: 0.1510 (acc: 0.9550)
[2018/09/25 20:15:15 __main__ INFO] - -            v4            : 0.3738 (acc: 0.8822) |           v6: 0.3371 (acc: 0.8905)
[2018/09/25 20:15:15 __main__ INFO] - -            c10_50k       : 0.0672 (acc: 0.9933)
[2018/09/25 20:15:15 __main__ INFO] - Elapsed 47.97
keys:  dict_keys(['epoch', 'c10h_train_loss', 'c10h_train_acc', 'c10h_val_loss', 'c10h_val_acc', 'c10h_train_c10_loss', 'c10h_train_c10_acc', 'c10h_val_c10_loss', 'c10h_val_c10_acc', 'v4_loss', 'v4_acc', 'v6_loss', 'v6_acc', 'c10_50k_loss', 'c10_50k_acc']) 
 c10h_outdir:  /tigress/ruairidh/model_results/run_1/saves/wrn_28_10/con_False_lr_0.01_seed_1
[2018/09/25 20:15:16 __main__ INFO] - Train 29
[2018/09/25 20:15:36 __main__ INFO] - TEST 29
[2018/09/25 20:16:24 __main__ INFO] - - epoch 29    c10h_train    : 0.1914 (acc: 0.9889) | c10h_val    : 0.2948 (acc: 0.9520)
[2018/09/25 20:16:24 __main__ INFO] - -            c10h_train_c10: 0.0625 (acc: 0.9862) | c10h_val_c10: 0.1498 (acc: 0.9530)
[2018/09/25 20:16:24 __main__ INFO] - -            v4            : 0.3615 (acc: 0.8808) |           v6: 0.3286 (acc: 0.8900)
[2018/09/25 20:16:24 __main__ INFO] - -            c10_50k       : 0.0646 (acc: 0.9918)
[2018/09/25 20:16:24 __main__ INFO] - Elapsed 48.15
keys:  dict_keys(['epoch', 'c10h_train_loss', 'c10h_train_acc', 'c10h_val_loss', 'c10h_val_acc', 'c10h_train_c10_loss', 'c10h_train_c10_acc', 'c10h_val_c10_loss', 'c10h_val_c10_acc', 'v4_loss', 'v4_acc', 'v6_loss', 'v6_acc', 'c10_50k_loss', 'c10_50k_acc']) 
 c10h_outdir:  /tigress/ruairidh/model_results/run_1/saves/wrn_28_10/con_False_lr_0.01_seed_1
[2018/09/25 20:16:24 __main__ INFO] - Train 30
[2018/09/25 20:16:44 __main__ INFO] - TEST 30
[2018/09/25 20:17:32 __main__ INFO] - - epoch 30    c10h_train    : 0.1909 (acc: 0.9884) | c10h_val    : 0.2967 (acc: 0.9520)
[2018/09/25 20:17:32 __main__ INFO] - -            c10h_train_c10: 0.0650 (acc: 0.9853) | c10h_val_c10: 0.1576 (acc: 0.9520)
[2018/09/25 20:17:32 __main__ INFO] - -            v4            : 0.3787 (acc: 0.8808) |           v6: 0.3396 (acc: 0.8880)
[2018/09/25 20:17:32 __main__ INFO] - -            c10_50k       : 0.0671 (acc: 0.9922)
[2018/09/25 20:17:32 __main__ INFO] - Elapsed 47.98
keys:  dict_keys(['epoch', 'c10h_train_loss', 'c10h_train_acc', 'c10h_val_loss', 'c10h_val_acc', 'c10h_train_c10_loss', 'c10h_train_c10_acc', 'c10h_val_c10_loss', 'c10h_val_c10_acc', 'v4_loss', 'v4_acc', 'v6_loss', 'v6_acc', 'c10_50k_loss', 'c10_50k_acc']) 
 c10h_outdir:  /tigress/ruairidh/model_results/run_1/saves/wrn_28_10/con_False_lr_0.01_seed_1
[2018/09/25 20:17:33 __main__ INFO] - Train 31
[2018/09/25 20:17:53 __main__ INFO] - TEST 31
[2018/09/25 20:18:41 __main__ INFO] - - epoch 31    c10h_train    : 0.1913 (acc: 0.9888) | c10h_val    : 0.2971 (acc: 0.9490)
[2018/09/25 20:18:41 __main__ INFO] - -            c10h_train_c10: 0.0612 (acc: 0.9856) | c10h_val_c10: 0.1511 (acc: 0.9500)
[2018/09/25 20:18:41 __main__ INFO] - -            v4            : 0.3663 (acc: 0.8803) |           v6: 0.3310 (acc: 0.8905)
[2018/09/25 20:18:41 __main__ INFO] - -            c10_50k       : 0.0619 (acc: 0.9929)
[2018/09/25 20:18:41 __main__ INFO] - Elapsed 47.89
keys:  dict_keys(['epoch', 'c10h_train_loss', 'c10h_train_acc', 'c10h_val_loss', 'c10h_val_acc', 'c10h_train_c10_loss', 'c10h_train_c10_acc', 'c10h_val_c10_loss', 'c10h_val_c10_acc', 'v4_loss', 'v4_acc', 'v6_loss', 'v6_acc', 'c10_50k_loss', 'c10_50k_acc']) 
 c10h_outdir:  /tigress/ruairidh/model_results/run_1/saves/wrn_28_10/con_False_lr_0.01_seed_1
[2018/09/25 20:18:41 __main__ INFO] - Train 32
[2018/09/25 20:19:01 __main__ INFO] - TEST 32
[2018/09/25 20:19:49 __main__ INFO] - - epoch 32    c10h_train    : 0.1911 (acc: 0.9894) | c10h_val    : 0.2878 (acc: 0.9540)
[2018/09/25 20:19:49 __main__ INFO] - -            c10h_train_c10: 0.0701 (acc: 0.9844) | c10h_val_c10: 0.1483 (acc: 0.9550)
[2018/09/25 20:19:49 __main__ INFO] - -            v4            : 0.3710 (acc: 0.8768) |           v6: 0.3328 (acc: 0.8920)
[2018/09/25 20:19:49 __main__ INFO] - -            c10_50k       : 0.0709 (acc: 0.9923)
[2018/09/25 20:19:49 __main__ INFO] - Elapsed 47.99
keys:  dict_keys(['epoch', 'c10h_train_loss', 'c10h_train_acc', 'c10h_val_loss', 'c10h_val_acc', 'c10h_train_c10_loss', 'c10h_train_c10_acc', 'c10h_val_c10_loss', 'c10h_val_c10_acc', 'v4_loss', 'v4_acc', 'v6_loss', 'v6_acc', 'c10_50k_loss', 'c10_50k_acc']) 
 c10h_outdir:  /tigress/ruairidh/model_results/run_1/saves/wrn_28_10/con_False_lr_0.01_seed_1
[2018/09/25 20:19:50 __main__ INFO] - Train 33
[2018/09/25 20:20:10 __main__ INFO] - TEST 33
[2018/09/25 20:20:57 __main__ INFO] - - epoch 33    c10h_train    : 0.1893 (acc: 0.9884) | c10h_val    : 0.2934 (acc: 0.9490)
[2018/09/25 20:20:57 __main__ INFO] - -            c10h_train_c10: 0.0668 (acc: 0.9841) | c10h_val_c10: 0.1518 (acc: 0.9500)
[2018/09/25 20:20:57 __main__ INFO] - -            v4            : 0.3659 (acc: 0.8817) |           v6: 0.3390 (acc: 0.8910)
[2018/09/25 20:20:57 __main__ INFO] - -            c10_50k       : 0.0674 (acc: 0.9919)
[2018/09/25 20:20:57 __main__ INFO] - Elapsed 47.73
keys:  dict_keys(['epoch', 'c10h_train_loss', 'c10h_train_acc', 'c10h_val_loss', 'c10h_val_acc', 'c10h_train_c10_loss', 'c10h_train_c10_acc', 'c10h_val_c10_loss', 'c10h_val_c10_acc', 'v4_loss', 'v4_acc', 'v6_loss', 'v6_acc', 'c10_50k_loss', 'c10_50k_acc']) 
 c10h_outdir:  /tigress/ruairidh/model_results/run_1/saves/wrn_28_10/con_False_lr_0.01_seed_1
[2018/09/25 20:20:58 __main__ INFO] - Train 34
[2018/09/25 20:21:17 __main__ INFO] - TEST 34
[2018/09/25 20:22:05 __main__ INFO] - - epoch 34    c10h_train    : 0.1883 (acc: 0.9896) | c10h_val    : 0.2906 (acc: 0.9560)
[2018/09/25 20:22:05 __main__ INFO] - -            c10h_train_c10: 0.0666 (acc: 0.9848) | c10h_val_c10: 0.1491 (acc: 0.9590)
[2018/09/25 20:22:05 __main__ INFO] - -            v4            : 0.3719 (acc: 0.8768) |           v6: 0.3400 (acc: 0.8885)
[2018/09/25 20:22:05 __main__ INFO] - -            c10_50k       : 0.0671 (acc: 0.9926)
[2018/09/25 20:22:05 __main__ INFO] - Elapsed 47.83
keys:  dict_keys(['epoch', 'c10h_train_loss', 'c10h_train_acc', 'c10h_val_loss', 'c10h_val_acc', 'c10h_train_c10_loss', 'c10h_train_c10_acc', 'c10h_val_c10_loss', 'c10h_val_c10_acc', 'v4_loss', 'v4_acc', 'v6_loss', 'v6_acc', 'c10_50k_loss', 'c10_50k_acc']) 
 c10h_outdir:  /tigress/ruairidh/model_results/run_1/saves/wrn_28_10/con_False_lr_0.01_seed_1
[2018/09/25 20:22:06 __main__ INFO] - Train 35
[2018/09/25 20:22:25 __main__ INFO] - TEST 35
[2018/09/25 20:23:13 __main__ INFO] - - epoch 35    c10h_train    : 0.1892 (acc: 0.9890) | c10h_val    : 0.2989 (acc: 0.9540)
[2018/09/25 20:23:13 __main__ INFO] - -            c10h_train_c10: 0.0646 (acc: 0.9853) | c10h_val_c10: 0.1543 (acc: 0.9540)
[2018/09/25 20:23:13 __main__ INFO] - -            v4            : 0.3642 (acc: 0.8852) |           v6: 0.3268 (acc: 0.8950)
[2018/09/25 20:23:13 __main__ INFO] - -            c10_50k       : 0.0643 (acc: 0.9925)
[2018/09/25 20:23:13 __main__ INFO] - Elapsed 47.98
keys:  dict_keys(['epoch', 'c10h_train_loss', 'c10h_train_acc', 'c10h_val_loss', 'c10h_val_acc', 'c10h_train_c10_loss', 'c10h_train_c10_acc', 'c10h_val_c10_loss', 'c10h_val_c10_acc', 'v4_loss', 'v4_acc', 'v6_loss', 'v6_acc', 'c10_50k_loss', 'c10_50k_acc']) 
 c10h_outdir:  /tigress/ruairidh/model_results/run_1/saves/wrn_28_10/con_False_lr_0.01_seed_1
[2018/09/25 20:23:14 __main__ INFO] - Train 36
[2018/09/25 20:23:33 __main__ INFO] - TEST 36
[2018/09/25 20:24:21 __main__ INFO] - - epoch 36    c10h_train    : 0.1880 (acc: 0.9899) | c10h_val    : 0.2924 (acc: 0.9570)
[2018/09/25 20:24:21 __main__ INFO] - -            c10h_train_c10: 0.0654 (acc: 0.9851) | c10h_val_c10: 0.1491 (acc: 0.9580)
[2018/09/25 20:24:21 __main__ INFO] - -            v4            : 0.3626 (acc: 0.8837) |           v6: 0.3343 (acc: 0.8980)
[2018/09/25 20:24:21 __main__ INFO] - -            c10_50k       : 0.0652 (acc: 0.9931)
[2018/09/25 20:24:21 __main__ INFO] - Elapsed 48.09
keys:  dict_keys(['epoch', 'c10h_train_loss', 'c10h_train_acc', 'c10h_val_loss', 'c10h_val_acc', 'c10h_train_c10_loss', 'c10h_train_c10_acc', 'c10h_val_c10_loss', 'c10h_val_c10_acc', 'v4_loss', 'v4_acc', 'v6_loss', 'v6_acc', 'c10_50k_loss', 'c10_50k_acc']) 
 c10h_outdir:  /tigress/ruairidh/model_results/run_1/saves/wrn_28_10/con_False_lr_0.01_seed_1
[2018/09/25 20:24:22 __main__ INFO] - Train 37
[2018/09/25 20:24:42 __main__ INFO] - TEST 37
[2018/09/25 20:25:30 __main__ INFO] - - epoch 37    c10h_train    : 0.1875 (acc: 0.9912) | c10h_val    : 0.2917 (acc: 0.9520)
[2018/09/25 20:25:30 __main__ INFO] - -            c10h_train_c10: 0.0639 (acc: 0.9858) | c10h_val_c10: 0.1522 (acc: 0.9530)
[2018/09/25 20:25:30 __main__ INFO] - -            v4            : 0.3692 (acc: 0.8743) |           v6: 0.3337 (acc: 0.8915)
[2018/09/25 20:25:30 __main__ INFO] - -            c10_50k       : 0.0665 (acc: 0.9916)
[2018/09/25 20:25:30 __main__ INFO] - Elapsed 48.32
keys:  dict_keys(['epoch', 'c10h_train_loss', 'c10h_train_acc', 'c10h_val_loss', 'c10h_val_acc', 'c10h_train_c10_loss', 'c10h_train_c10_acc', 'c10h_val_c10_loss', 'c10h_val_c10_acc', 'v4_loss', 'v4_acc', 'v6_loss', 'v6_acc', 'c10_50k_loss', 'c10_50k_acc']) 
 c10h_outdir:  /tigress/ruairidh/model_results/run_1/saves/wrn_28_10/con_False_lr_0.01_seed_1
[2018/09/25 20:25:33 __main__ INFO] - Train 38
[2018/09/25 20:25:52 __main__ INFO] - TEST 38
[2018/09/25 20:26:40 __main__ INFO] - - epoch 38    c10h_train    : 0.1873 (acc: 0.9894) | c10h_val    : 0.2864 (acc: 0.9550)
[2018/09/25 20:26:41 __main__ INFO] - -            c10h_train_c10: 0.0637 (acc: 0.9846) | c10h_val_c10: 0.1468 (acc: 0.9560)
[2018/09/25 20:26:41 __main__ INFO] - -            v4            : 0.3628 (acc: 0.8867) |           v6: 0.3323 (acc: 0.8960)
[2018/09/25 20:26:41 __main__ INFO] - -            c10_50k       : 0.0652 (acc: 0.9924)
[2018/09/25 20:26:41 __main__ INFO] - Elapsed 48.23
keys:  dict_keys(['epoch', 'c10h_train_loss', 'c10h_train_acc', 'c10h_val_loss', 'c10h_val_acc', 'c10h_train_c10_loss', 'c10h_train_c10_acc', 'c10h_val_c10_loss', 'c10h_val_c10_acc', 'v4_loss', 'v4_acc', 'v6_loss', 'v6_acc', 'c10_50k_loss', 'c10_50k_acc']) 
 c10h_outdir:  /tigress/ruairidh/model_results/run_1/saves/wrn_28_10/con_False_lr_0.01_seed_1
[2018/09/25 20:26:42 __main__ INFO] - Train 39
[2018/09/25 20:27:02 __main__ INFO] - TEST 39
[2018/09/25 20:27:50 __main__ INFO] - - epoch 39    c10h_train    : 0.1864 (acc: 0.9896) | c10h_val    : 0.2993 (acc: 0.9480)
[2018/09/25 20:27:50 __main__ INFO] - -            c10h_train_c10: 0.0637 (acc: 0.9852) | c10h_val_c10: 0.1600 (acc: 0.9480)
[2018/09/25 20:27:50 __main__ INFO] - -            v4            : 0.3602 (acc: 0.8862) |           v6: 0.3384 (acc: 0.8895)
[2018/09/25 20:27:50 __main__ INFO] - -            c10_50k       : 0.0642 (acc: 0.9925)
[2018/09/25 20:27:50 __main__ INFO] - Elapsed 48.20
keys:  dict_keys(['epoch', 'c10h_train_loss', 'c10h_train_acc', 'c10h_val_loss', 'c10h_val_acc', 'c10h_train_c10_loss', 'c10h_train_c10_acc', 'c10h_val_c10_loss', 'c10h_val_c10_acc', 'v4_loss', 'v4_acc', 'v6_loss', 'v6_acc', 'c10_50k_loss', 'c10_50k_acc']) 
 c10h_outdir:  /tigress/ruairidh/model_results/run_1/saves/wrn_28_10/con_False_lr_0.01_seed_1
[2018/09/25 20:27:53 __main__ INFO] - Train 40
[2018/09/25 20:28:12 __main__ INFO] - TEST 40
[2018/09/25 20:29:00 __main__ INFO] - - epoch 40    c10h_train    : 0.1867 (acc: 0.9906) | c10h_val    : 0.2953 (acc: 0.9490)
[2018/09/25 20:29:00 __main__ INFO] - -            c10h_train_c10: 0.0666 (acc: 0.9857) | c10h_val_c10: 0.1564 (acc: 0.9490)
[2018/09/25 20:29:00 __main__ INFO] - -            v4            : 0.3610 (acc: 0.8817) |           v6: 0.3358 (acc: 0.8935)
[2018/09/25 20:29:00 __main__ INFO] - -            c10_50k       : 0.0696 (acc: 0.9915)
[2018/09/25 20:29:00 __main__ INFO] - Elapsed 47.98
keys:  dict_keys(['epoch', 'c10h_train_loss', 'c10h_train_acc', 'c10h_val_loss', 'c10h_val_acc', 'c10h_train_c10_loss', 'c10h_train_c10_acc', 'c10h_val_c10_loss', 'c10h_val_c10_acc', 'v4_loss', 'v4_acc', 'v6_loss', 'v6_acc', 'c10_50k_loss', 'c10_50k_acc']) 
 c10h_outdir:  /tigress/ruairidh/model_results/run_1/saves/wrn_28_10/con_False_lr_0.01_seed_1
[2018/09/25 20:29:03 __main__ INFO] - Train 41
[2018/09/25 20:29:22 __main__ INFO] - TEST 41
[2018/09/25 20:30:11 __main__ INFO] - - epoch 41    c10h_train    : 0.1856 (acc: 0.9898) | c10h_val    : 0.2931 (acc: 0.9540)
[2018/09/25 20:30:11 __main__ INFO] - -            c10h_train_c10: 0.0608 (acc: 0.9843) | c10h_val_c10: 0.1481 (acc: 0.9550)
[2018/09/25 20:30:11 __main__ INFO] - -            v4            : 0.3529 (acc: 0.8862) |           v6: 0.3390 (acc: 0.8940)
[2018/09/25 20:30:11 __main__ INFO] - -            c10_50k       : 0.0636 (acc: 0.9916)
[2018/09/25 20:30:11 __main__ INFO] - Elapsed 48.07
keys:  dict_keys(['epoch', 'c10h_train_loss', 'c10h_train_acc', 'c10h_val_loss', 'c10h_val_acc', 'c10h_train_c10_loss', 'c10h_train_c10_acc', 'c10h_val_c10_loss', 'c10h_val_c10_acc', 'v4_loss', 'v4_acc', 'v6_loss', 'v6_acc', 'c10_50k_loss', 'c10_50k_acc']) 
 c10h_outdir:  /tigress/ruairidh/model_results/run_1/saves/wrn_28_10/con_False_lr_0.01_seed_1
[2018/09/25 20:30:13 __main__ INFO] - Train 42
[2018/09/25 20:30:32 __main__ INFO] - TEST 42
[2018/09/25 20:31:20 __main__ INFO] - - epoch 42    c10h_train    : 0.1854 (acc: 0.9902) | c10h_val    : 0.2995 (acc: 0.9530)
[2018/09/25 20:31:20 __main__ INFO] - -            c10h_train_c10: 0.0652 (acc: 0.9851) | c10h_val_c10: 0.1601 (acc: 0.9530)
[2018/09/25 20:31:20 __main__ INFO] - -            v4            : 0.3597 (acc: 0.8862) |           v6: 0.3289 (acc: 0.8970)
[2018/09/25 20:31:20 __main__ INFO] - -            c10_50k       : 0.0676 (acc: 0.9920)
[2018/09/25 20:31:20 __main__ INFO] - Elapsed 48.01
keys:  dict_keys(['epoch', 'c10h_train_loss', 'c10h_train_acc', 'c10h_val_loss', 'c10h_val_acc', 'c10h_train_c10_loss', 'c10h_train_c10_acc', 'c10h_val_c10_loss', 'c10h_val_c10_acc', 'v4_loss', 'v4_acc', 'v6_loss', 'v6_acc', 'c10_50k_loss', 'c10_50k_acc']) 
 c10h_outdir:  /tigress/ruairidh/model_results/run_1/saves/wrn_28_10/con_False_lr_0.01_seed_1
[2018/09/25 20:31:23 __main__ INFO] - Train 43
[2018/09/25 20:31:43 __main__ INFO] - TEST 43
[2018/09/25 20:32:30 __main__ INFO] - - epoch 43    c10h_train    : 0.1854 (acc: 0.9896) | c10h_val    : 0.2918 (acc: 0.9560)
[2018/09/25 20:32:31 __main__ INFO] - -            c10h_train_c10: 0.0632 (acc: 0.9863) | c10h_val_c10: 0.1482 (acc: 0.9570)
[2018/09/25 20:32:31 __main__ INFO] - -            v4            : 0.3635 (acc: 0.8788) |           v6: 0.3370 (acc: 0.8925)
[2018/09/25 20:32:31 __main__ INFO] - -            c10_50k       : 0.0639 (acc: 0.9925)
[2018/09/25 20:32:31 __main__ INFO] - Elapsed 47.91
keys:  dict_keys(['epoch', 'c10h_train_loss', 'c10h_train_acc', 'c10h_val_loss', 'c10h_val_acc', 'c10h_train_c10_loss', 'c10h_train_c10_acc', 'c10h_val_c10_loss', 'c10h_val_c10_acc', 'v4_loss', 'v4_acc', 'v6_loss', 'v6_acc', 'c10_50k_loss', 'c10_50k_acc']) 
 c10h_outdir:  /tigress/ruairidh/model_results/run_1/saves/wrn_28_10/con_False_lr_0.01_seed_1
[2018/09/25 20:32:33 __main__ INFO] - Train 44
[2018/09/25 20:32:53 __main__ INFO] - TEST 44
[2018/09/25 20:33:41 __main__ INFO] - - epoch 44    c10h_train    : 0.1851 (acc: 0.9901) | c10h_val    : 0.2989 (acc: 0.9510)
[2018/09/25 20:33:41 __main__ INFO] - -            c10h_train_c10: 0.0612 (acc: 0.9853) | c10h_val_c10: 0.1505 (acc: 0.9500)
[2018/09/25 20:33:41 __main__ INFO] - -            v4            : 0.3533 (acc: 0.8872) |           v6: 0.3308 (acc: 0.8995)
[2018/09/25 20:33:41 __main__ INFO] - -            c10_50k       : 0.0606 (acc: 0.9920)
[2018/09/25 20:33:41 __main__ INFO] - Elapsed 48.19
keys:  dict_keys(['epoch', 'c10h_train_loss', 'c10h_train_acc', 'c10h_val_loss', 'c10h_val_acc', 'c10h_train_c10_loss', 'c10h_train_c10_acc', 'c10h_val_c10_loss', 'c10h_val_c10_acc', 'v4_loss', 'v4_acc', 'v6_loss', 'v6_acc', 'c10_50k_loss', 'c10_50k_acc']) 
 c10h_outdir:  /tigress/ruairidh/model_results/run_1/saves/wrn_28_10/con_False_lr_0.01_seed_1
[2018/09/25 20:33:42 __main__ INFO] - Train 45
[2018/09/25 20:34:01 __main__ INFO] - TEST 45
[2018/09/25 20:34:50 __main__ INFO] - - epoch 45    c10h_train    : 0.1841 (acc: 0.9901) | c10h_val    : 0.2962 (acc: 0.9570)
[2018/09/25 20:34:50 __main__ INFO] - -            c10h_train_c10: 0.0641 (acc: 0.9852) | c10h_val_c10: 0.1504 (acc: 0.9560)
[2018/09/25 20:34:50 __main__ INFO] - -            v4            : 0.3570 (acc: 0.8872) |           v6: 0.3349 (acc: 0.8935)
[2018/09/25 20:34:50 __main__ INFO] - -            c10_50k       : 0.0627 (acc: 0.9933)
[2018/09/25 20:34:50 __main__ INFO] - Elapsed 48.13
keys:  dict_keys(['epoch', 'c10h_train_loss', 'c10h_train_acc', 'c10h_val_loss', 'c10h_val_acc', 'c10h_train_c10_loss', 'c10h_train_c10_acc', 'c10h_val_c10_loss', 'c10h_val_c10_acc', 'v4_loss', 'v4_acc', 'v6_loss', 'v6_acc', 'c10_50k_loss', 'c10_50k_acc']) 
 c10h_outdir:  /tigress/ruairidh/model_results/run_1/saves/wrn_28_10/con_False_lr_0.01_seed_1
[2018/09/25 20:34:52 __main__ INFO] - Train 46
[2018/09/25 20:35:11 __main__ INFO] - TEST 46
[2018/09/25 20:35:59 __main__ INFO] - - epoch 46    c10h_train    : 0.1840 (acc: 0.9908) | c10h_val    : 0.3001 (acc: 0.9520)
[2018/09/25 20:35:59 __main__ INFO] - -            c10h_train_c10: 0.0658 (acc: 0.9854) | c10h_val_c10: 0.1580 (acc: 0.9500)
[2018/09/25 20:35:59 __main__ INFO] - -            v4            : 0.3608 (acc: 0.8882) |           v6: 0.3349 (acc: 0.8905)
[2018/09/25 20:35:59 __main__ INFO] - -            c10_50k       : 0.0668 (acc: 0.9923)
[2018/09/25 20:35:59 __main__ INFO] - Elapsed 47.74
keys:  dict_keys(['epoch', 'c10h_train_loss', 'c10h_train_acc', 'c10h_val_loss', 'c10h_val_acc', 'c10h_train_c10_loss', 'c10h_train_c10_acc', 'c10h_val_c10_loss', 'c10h_val_c10_acc', 'v4_loss', 'v4_acc', 'v6_loss', 'v6_acc', 'c10_50k_loss', 'c10_50k_acc']) 
 c10h_outdir:  /tigress/ruairidh/model_results/run_1/saves/wrn_28_10/con_False_lr_0.01_seed_1
[2018/09/25 20:36:01 __main__ INFO] - Train 47
[2018/09/25 20:36:21 __main__ INFO] - TEST 47
[2018/09/25 20:37:08 __main__ INFO] - - epoch 47    c10h_train    : 0.1832 (acc: 0.9908) | c10h_val    : 0.3000 (acc: 0.9490)
[2018/09/25 20:37:09 __main__ INFO] - -            c10h_train_c10: 0.0605 (acc: 0.9867) | c10h_val_c10: 0.1512 (acc: 0.9500)
[2018/09/25 20:37:09 __main__ INFO] - -            v4            : 0.3602 (acc: 0.8862) |           v6: 0.3347 (acc: 0.8955)
[2018/09/25 20:37:09 __main__ INFO] - -            c10_50k       : 0.0596 (acc: 0.9927)
[2018/09/25 20:37:09 __main__ INFO] - Elapsed 47.93
keys:  dict_keys(['epoch', 'c10h_train_loss', 'c10h_train_acc', 'c10h_val_loss', 'c10h_val_acc', 'c10h_train_c10_loss', 'c10h_train_c10_acc', 'c10h_val_c10_loss', 'c10h_val_c10_acc', 'v4_loss', 'v4_acc', 'v6_loss', 'v6_acc', 'c10_50k_loss', 'c10_50k_acc']) 
 c10h_outdir:  /tigress/ruairidh/model_results/run_1/saves/wrn_28_10/con_False_lr_0.01_seed_1
[2018/09/25 20:37:10 __main__ INFO] - Train 48
[2018/09/25 20:37:29 __main__ INFO] - TEST 48
[2018/09/25 20:38:17 __main__ INFO] - - epoch 48    c10h_train    : 0.1842 (acc: 0.9908) | c10h_val    : 0.3016 (acc: 0.9500)
[2018/09/25 20:38:17 __main__ INFO] - -            c10h_train_c10: 0.0679 (acc: 0.9859) | c10h_val_c10: 0.1596 (acc: 0.9510)
[2018/09/25 20:38:17 __main__ INFO] - -            v4            : 0.3620 (acc: 0.8867) |           v6: 0.3290 (acc: 0.8965)
[2018/09/25 20:38:17 __main__ INFO] - -            c10_50k       : 0.0701 (acc: 0.9922)
[2018/09/25 20:38:17 __main__ INFO] - Elapsed 47.98
keys:  dict_keys(['epoch', 'c10h_train_loss', 'c10h_train_acc', 'c10h_val_loss', 'c10h_val_acc', 'c10h_train_c10_loss', 'c10h_train_c10_acc', 'c10h_val_c10_loss', 'c10h_val_c10_acc', 'v4_loss', 'v4_acc', 'v6_loss', 'v6_acc', 'c10_50k_loss', 'c10_50k_acc']) 
 c10h_outdir:  /tigress/ruairidh/model_results/run_1/saves/wrn_28_10/con_False_lr_0.01_seed_1
[2018/09/25 20:38:21 __main__ INFO] - Train 49
[2018/09/25 20:38:40 __main__ INFO] - TEST 49
[2018/09/25 20:39:28 __main__ INFO] - - epoch 49    c10h_train    : 0.1834 (acc: 0.9898) | c10h_val    : 0.3021 (acc: 0.9520)
[2018/09/25 20:39:28 __main__ INFO] - -            c10h_train_c10: 0.0584 (acc: 0.9854) | c10h_val_c10: 0.1468 (acc: 0.9530)
[2018/09/25 20:39:28 __main__ INFO] - -            v4            : 0.3484 (acc: 0.8827) |           v6: 0.3252 (acc: 0.8975)
[2018/09/25 20:39:28 __main__ INFO] - -            c10_50k       : 0.0579 (acc: 0.9918)
[2018/09/25 20:39:28 __main__ INFO] - Elapsed 48.04
keys:  dict_keys(['epoch', 'c10h_train_loss', 'c10h_train_acc', 'c10h_val_loss', 'c10h_val_acc', 'c10h_train_c10_loss', 'c10h_train_c10_acc', 'c10h_val_c10_loss', 'c10h_val_c10_acc', 'v4_loss', 'v4_acc', 'v6_loss', 'v6_acc', 'c10_50k_loss', 'c10_50k_acc']) 
 c10h_outdir:  /tigress/ruairidh/model_results/run_1/saves/wrn_28_10/con_False_lr_0.01_seed_1
[2018/09/25 20:39:30 __main__ INFO] - Train 50
[2018/09/25 20:39:49 __main__ INFO] - TEST 50
[2018/09/25 20:40:37 __main__ INFO] - - epoch 50    c10h_train    : 0.1828 (acc: 0.9920) | c10h_val    : 0.3013 (acc: 0.9480)
[2018/09/25 20:40:37 __main__ INFO] - -            c10h_train_c10: 0.0624 (acc: 0.9862) | c10h_val_c10: 0.1553 (acc: 0.9480)
[2018/09/25 20:40:37 __main__ INFO] - -            v4            : 0.3556 (acc: 0.8827) |           v6: 0.3338 (acc: 0.8945)
[2018/09/25 20:40:37 __main__ INFO] - -            c10_50k       : 0.0626 (acc: 0.9925)
[2018/09/25 20:40:37 __main__ INFO] - Elapsed 48.03
keys:  dict_keys(['epoch', 'c10h_train_loss', 'c10h_train_acc', 'c10h_val_loss', 'c10h_val_acc', 'c10h_train_c10_loss', 'c10h_train_c10_acc', 'c10h_val_c10_loss', 'c10h_val_c10_acc', 'v4_loss', 'v4_acc', 'v6_loss', 'v6_acc', 'c10_50k_loss', 'c10_50k_acc']) 
 c10h_outdir:  /tigress/ruairidh/model_results/run_1/saves/wrn_28_10/con_False_lr_0.01_seed_1
[2018/09/25 20:40:42 __main__ INFO] - Train 51
[2018/09/25 20:41:01 __main__ INFO] - TEST 51
[2018/09/25 20:41:49 __main__ INFO] - - epoch 51    c10h_train    : 0.1835 (acc: 0.9907) | c10h_val    : 0.2965 (acc: 0.9560)
[2018/09/25 20:41:49 __main__ INFO] - -            c10h_train_c10: 0.0643 (acc: 0.9863) | c10h_val_c10: 0.1499 (acc: 0.9560)
[2018/09/25 20:41:49 __main__ INFO] - -            v4            : 0.3655 (acc: 0.8793) |           v6: 0.3295 (acc: 0.8970)
[2018/09/25 20:41:49 __main__ INFO] - -            c10_50k       : 0.0677 (acc: 0.9913)
[2018/09/25 20:41:49 __main__ INFO] - Elapsed 48.13
keys:  dict_keys(['epoch', 'c10h_train_loss', 'c10h_train_acc', 'c10h_val_loss', 'c10h_val_acc', 'c10h_train_c10_loss', 'c10h_train_c10_acc', 'c10h_val_c10_loss', 'c10h_val_c10_acc', 'v4_loss', 'v4_acc', 'v6_loss', 'v6_acc', 'c10_50k_loss', 'c10_50k_acc']) 
 c10h_outdir:  /tigress/ruairidh/model_results/run_1/saves/wrn_28_10/con_False_lr_0.01_seed_1
[2018/09/25 20:41:52 __main__ INFO] - Train 52
[2018/09/25 20:42:11 __main__ INFO] - TEST 52
[2018/09/25 20:42:59 __main__ INFO] - - epoch 52    c10h_train    : 0.1834 (acc: 0.9918) | c10h_val    : 0.3060 (acc: 0.9500)
[2018/09/25 20:43:00 __main__ INFO] - -            c10h_train_c10: 0.0587 (acc: 0.9864) | c10h_val_c10: 0.1580 (acc: 0.9500)
[2018/09/25 20:43:00 __main__ INFO] - -            v4            : 0.3724 (acc: 0.8822) |           v6: 0.3460 (acc: 0.8855)
[2018/09/25 20:43:00 __main__ INFO] - -            c10_50k       : 0.0620 (acc: 0.9914)
[2018/09/25 20:43:00 __main__ INFO] - Elapsed 48.01
keys:  dict_keys(['epoch', 'c10h_train_loss', 'c10h_train_acc', 'c10h_val_loss', 'c10h_val_acc', 'c10h_train_c10_loss', 'c10h_train_c10_acc', 'c10h_val_c10_loss', 'c10h_val_c10_acc', 'v4_loss', 'v4_acc', 'v6_loss', 'v6_acc', 'c10_50k_loss', 'c10_50k_acc']) 
 c10h_outdir:  /tigress/ruairidh/model_results/run_1/saves/wrn_28_10/con_False_lr_0.01_seed_1
[2018/09/25 20:43:00 __main__ INFO] - Train 53
[2018/09/25 20:43:20 __main__ INFO] - TEST 53
[2018/09/25 20:44:08 __main__ INFO] - - epoch 53    c10h_train    : 0.1830 (acc: 0.9890) | c10h_val    : 0.3059 (acc: 0.9520)
[2018/09/25 20:44:08 __main__ INFO] - -            c10h_train_c10: 0.0631 (acc: 0.9852) | c10h_val_c10: 0.1559 (acc: 0.9530)
[2018/09/25 20:44:08 __main__ INFO] - -            v4            : 0.3699 (acc: 0.8842) |           v6: 0.3305 (acc: 0.8950)
[2018/09/25 20:44:08 __main__ INFO] - -            c10_50k       : 0.0648 (acc: 0.9910)
[2018/09/25 20:44:08 __main__ INFO] - Elapsed 47.99
keys:  dict_keys(['epoch', 'c10h_train_loss', 'c10h_train_acc', 'c10h_val_loss', 'c10h_val_acc', 'c10h_train_c10_loss', 'c10h_train_c10_acc', 'c10h_val_c10_loss', 'c10h_val_c10_acc', 'v4_loss', 'v4_acc', 'v6_loss', 'v6_acc', 'c10_50k_loss', 'c10_50k_acc']) 
 c10h_outdir:  /tigress/ruairidh/model_results/run_1/saves/wrn_28_10/con_False_lr_0.01_seed_1
[2018/09/25 20:44:10 __main__ INFO] - Train 54
[2018/09/25 20:44:29 __main__ INFO] - TEST 54
[2018/09/25 20:45:17 __main__ INFO] - - epoch 54    c10h_train    : 0.1813 (acc: 0.9903) | c10h_val    : 0.3001 (acc: 0.9510)
[2018/09/25 20:45:18 __main__ INFO] - -            c10h_train_c10: 0.0630 (acc: 0.9859) | c10h_val_c10: 0.1555 (acc: 0.9520)
[2018/09/25 20:45:18 __main__ INFO] - -            v4            : 0.3746 (acc: 0.8852) |           v6: 0.3384 (acc: 0.8940)
[2018/09/25 20:45:18 __main__ INFO] - -            c10_50k       : 0.0653 (acc: 0.9915)
[2018/09/25 20:45:18 __main__ INFO] - Elapsed 48.05
keys:  dict_keys(['epoch', 'c10h_train_loss', 'c10h_train_acc', 'c10h_val_loss', 'c10h_val_acc', 'c10h_train_c10_loss', 'c10h_train_c10_acc', 'c10h_val_c10_loss', 'c10h_val_c10_acc', 'v4_loss', 'v4_acc', 'v6_loss', 'v6_acc', 'c10_50k_loss', 'c10_50k_acc']) 
 c10h_outdir:  /tigress/ruairidh/model_results/run_1/saves/wrn_28_10/con_False_lr_0.01_seed_1
[2018/09/25 20:45:19 __main__ INFO] - Train 55
[2018/09/25 20:45:38 __main__ INFO] - TEST 55
[2018/09/25 20:46:26 __main__ INFO] - - epoch 55    c10h_train    : 0.1821 (acc: 0.9903) | c10h_val    : 0.3017 (acc: 0.9540)
[2018/09/25 20:46:26 __main__ INFO] - -            c10h_train_c10: 0.0660 (acc: 0.9854) | c10h_val_c10: 0.1574 (acc: 0.9540)
[2018/09/25 20:46:26 __main__ INFO] - -            v4            : 0.3711 (acc: 0.8812) |           v6: 0.3299 (acc: 0.8935)
[2018/09/25 20:46:26 __main__ INFO] - -            c10_50k       : 0.0669 (acc: 0.9923)
[2018/09/25 20:46:26 __main__ INFO] - Elapsed 47.98
keys:  dict_keys(['epoch', 'c10h_train_loss', 'c10h_train_acc', 'c10h_val_loss', 'c10h_val_acc', 'c10h_train_c10_loss', 'c10h_train_c10_acc', 'c10h_val_c10_loss', 'c10h_val_c10_acc', 'v4_loss', 'v4_acc', 'v6_loss', 'v6_acc', 'c10_50k_loss', 'c10_50k_acc']) 
 c10h_outdir:  /tigress/ruairidh/model_results/run_1/saves/wrn_28_10/con_False_lr_0.01_seed_1
[2018/09/25 20:46:28 __main__ INFO] - Train 56
[2018/09/25 20:46:47 __main__ INFO] - TEST 56
[2018/09/25 20:47:35 __main__ INFO] - - epoch 56    c10h_train    : 0.1812 (acc: 0.9903) | c10h_val    : 0.2983 (acc: 0.9560)
[2018/09/25 20:47:35 __main__ INFO] - -            c10h_train_c10: 0.0640 (acc: 0.9856) | c10h_val_c10: 0.1524 (acc: 0.9570)
[2018/09/25 20:47:35 __main__ INFO] - -            v4            : 0.3734 (acc: 0.8808) |           v6: 0.3291 (acc: 0.8985)
[2018/09/25 20:47:35 __main__ INFO] - -            c10_50k       : 0.0646 (acc: 0.9921)
[2018/09/25 20:47:35 __main__ INFO] - Elapsed 47.97
keys:  dict_keys(['epoch', 'c10h_train_loss', 'c10h_train_acc', 'c10h_val_loss', 'c10h_val_acc', 'c10h_train_c10_loss', 'c10h_train_c10_acc', 'c10h_val_c10_loss', 'c10h_val_c10_acc', 'v4_loss', 'v4_acc', 'v6_loss', 'v6_acc', 'c10_50k_loss', 'c10_50k_acc']) 
 c10h_outdir:  /tigress/ruairidh/model_results/run_1/saves/wrn_28_10/con_False_lr_0.01_seed_1
[2018/09/25 20:47:36 __main__ INFO] - Train 57
[2018/09/25 20:47:56 __main__ INFO] - TEST 57
[2018/09/25 20:48:44 __main__ INFO] - - epoch 57    c10h_train    : 0.1810 (acc: 0.9908) | c10h_val    : 0.2972 (acc: 0.9570)
[2018/09/25 20:48:44 __main__ INFO] - -            c10h_train_c10: 0.0625 (acc: 0.9848) | c10h_val_c10: 0.1479 (acc: 0.9580)
[2018/09/25 20:48:44 __main__ INFO] - -            v4            : 0.3726 (acc: 0.8847) |           v6: 0.3315 (acc: 0.8955)
[2018/09/25 20:48:44 __main__ INFO] - -            c10_50k       : 0.0615 (acc: 0.9924)
[2018/09/25 20:48:44 __main__ INFO] - Elapsed 47.77
keys:  dict_keys(['epoch', 'c10h_train_loss', 'c10h_train_acc', 'c10h_val_loss', 'c10h_val_acc', 'c10h_train_c10_loss', 'c10h_train_c10_acc', 'c10h_val_c10_loss', 'c10h_val_c10_acc', 'v4_loss', 'v4_acc', 'v6_loss', 'v6_acc', 'c10_50k_loss', 'c10_50k_acc']) 
 c10h_outdir:  /tigress/ruairidh/model_results/run_1/saves/wrn_28_10/con_False_lr_0.01_seed_1
[2018/09/25 20:48:44 __main__ INFO] - Train 58
[2018/09/25 20:49:04 __main__ INFO] - TEST 58
[2018/09/25 20:49:52 __main__ INFO] - - epoch 58    c10h_train    : 0.1817 (acc: 0.9911) | c10h_val    : 0.2881 (acc: 0.9610)
[2018/09/25 20:49:52 __main__ INFO] - -            c10h_train_c10: 0.0691 (acc: 0.9847) | c10h_val_c10: 0.1468 (acc: 0.9620)
[2018/09/25 20:49:52 __main__ INFO] - -            v4            : 0.3726 (acc: 0.8837) |           v6: 0.3337 (acc: 0.8960)
[2018/09/25 20:49:52 __main__ INFO] - -            c10_50k       : 0.0683 (acc: 0.9920)
[2018/09/25 20:49:52 __main__ INFO] - Elapsed 48.01
keys:  dict_keys(['epoch', 'c10h_train_loss', 'c10h_train_acc', 'c10h_val_loss', 'c10h_val_acc', 'c10h_train_c10_loss', 'c10h_train_c10_acc', 'c10h_val_c10_loss', 'c10h_val_c10_acc', 'v4_loss', 'v4_acc', 'v6_loss', 'v6_acc', 'c10_50k_loss', 'c10_50k_acc']) 
 c10h_outdir:  /tigress/ruairidh/model_results/run_1/saves/wrn_28_10/con_False_lr_0.01_seed_1
[2018/09/25 20:49:54 __main__ INFO] - Train 59
[2018/09/25 20:50:13 __main__ INFO] - TEST 59
[2018/09/25 20:51:01 __main__ INFO] - - epoch 59    c10h_train    : 0.1804 (acc: 0.9918) | c10h_val    : 0.2906 (acc: 0.9490)
[2018/09/25 20:51:02 __main__ INFO] - -            c10h_train_c10: 0.0622 (acc: 0.9862) | c10h_val_c10: 0.1408 (acc: 0.9500)
[2018/09/25 20:51:02 __main__ INFO] - -            v4            : 0.3756 (acc: 0.8788) |           v6: 0.3376 (acc: 0.8935)
[2018/09/25 20:51:02 __main__ INFO] - -            c10_50k       : 0.0632 (acc: 0.9924)
[2018/09/25 20:51:02 __main__ INFO] - Elapsed 48.14
keys:  dict_keys(['epoch', 'c10h_train_loss', 'c10h_train_acc', 'c10h_val_loss', 'c10h_val_acc', 'c10h_train_c10_loss', 'c10h_train_c10_acc', 'c10h_val_c10_loss', 'c10h_val_c10_acc', 'v4_loss', 'v4_acc', 'v6_loss', 'v6_acc', 'c10_50k_loss', 'c10_50k_acc']) 
 c10h_outdir:  /tigress/ruairidh/model_results/run_1/saves/wrn_28_10/con_False_lr_0.01_seed_1
[2018/09/25 20:51:03 __main__ INFO] - Train 60
[2018/09/25 20:51:23 __main__ INFO] - TEST 60
[2018/09/25 20:52:11 __main__ INFO] - - epoch 60    c10h_train    : 0.1797 (acc: 0.9910) | c10h_val    : 0.2987 (acc: 0.9540)
[2018/09/25 20:52:11 __main__ INFO] - -            c10h_train_c10: 0.0602 (acc: 0.9863) | c10h_val_c10: 0.1517 (acc: 0.9540)
[2018/09/25 20:52:11 __main__ INFO] - -            v4            : 0.3528 (acc: 0.8867) |           v6: 0.3290 (acc: 0.8935)
[2018/09/25 20:52:11 __main__ INFO] - -            c10_50k       : 0.0614 (acc: 0.9923)
[2018/09/25 20:52:11 __main__ INFO] - Elapsed 48.08
keys:  dict_keys(['epoch', 'c10h_train_loss', 'c10h_train_acc', 'c10h_val_loss', 'c10h_val_acc', 'c10h_train_c10_loss', 'c10h_train_c10_acc', 'c10h_val_c10_loss', 'c10h_val_c10_acc', 'v4_loss', 'v4_acc', 'v6_loss', 'v6_acc', 'c10_50k_loss', 'c10_50k_acc']) 
 c10h_outdir:  /tigress/ruairidh/model_results/run_1/saves/wrn_28_10/con_False_lr_0.01_seed_1
[2018/09/25 20:52:13 __main__ INFO] - Train 61
[2018/09/25 20:52:32 __main__ INFO] - TEST 61
[2018/09/25 20:53:20 __main__ INFO] - - epoch 61    c10h_train    : 0.1779 (acc: 0.9918) | c10h_val    : 0.2944 (acc: 0.9590)
[2018/09/25 20:53:20 __main__ INFO] - -            c10h_train_c10: 0.0609 (acc: 0.9866) | c10h_val_c10: 0.1485 (acc: 0.9590)
[2018/09/25 20:53:20 __main__ INFO] - -            v4            : 0.3465 (acc: 0.8892) |           v6: 0.3221 (acc: 0.8960)
[2018/09/25 20:53:20 __main__ INFO] - -            c10_50k       : 0.0605 (acc: 0.9932)
[2018/09/25 20:53:20 __main__ INFO] - Elapsed 47.89
keys:  dict_keys(['epoch', 'c10h_train_loss', 'c10h_train_acc', 'c10h_val_loss', 'c10h_val_acc', 'c10h_train_c10_loss', 'c10h_train_c10_acc', 'c10h_val_c10_loss', 'c10h_val_c10_acc', 'v4_loss', 'v4_acc', 'v6_loss', 'v6_acc', 'c10_50k_loss', 'c10_50k_acc']) 
 c10h_outdir:  /tigress/ruairidh/model_results/run_1/saves/wrn_28_10/con_False_lr_0.01_seed_1
[2018/09/25 20:53:22 __main__ INFO] - Train 62
[2018/09/25 20:53:42 __main__ INFO] - TEST 62
[2018/09/25 20:54:30 __main__ INFO] - - epoch 62    c10h_train    : 0.1773 (acc: 0.9929) | c10h_val    : 0.2951 (acc: 0.9560)
[2018/09/25 20:54:30 __main__ INFO] - -            c10h_train_c10: 0.0607 (acc: 0.9867) | c10h_val_c10: 0.1471 (acc: 0.9560)
[2018/09/25 20:54:30 __main__ INFO] - -            v4            : 0.3478 (acc: 0.8902) |           v6: 0.3206 (acc: 0.8985)
[2018/09/25 20:54:30 __main__ INFO] - -            c10_50k       : 0.0589 (acc: 0.9932)
[2018/09/25 20:54:30 __main__ INFO] - Elapsed 48.07
keys:  dict_keys(['epoch', 'c10h_train_loss', 'c10h_train_acc', 'c10h_val_loss', 'c10h_val_acc', 'c10h_train_c10_loss', 'c10h_train_c10_acc', 'c10h_val_c10_loss', 'c10h_val_c10_acc', 'v4_loss', 'v4_acc', 'v6_loss', 'v6_acc', 'c10_50k_loss', 'c10_50k_acc']) 
 c10h_outdir:  /tigress/ruairidh/model_results/run_1/saves/wrn_28_10/con_False_lr_0.01_seed_1
[2018/09/25 20:54:30 __main__ INFO] - Train 63
[2018/09/25 20:54:50 __main__ INFO] - TEST 63
[2018/09/25 20:55:38 __main__ INFO] - - epoch 63    c10h_train    : 0.1771 (acc: 0.9919) | c10h_val    : 0.2924 (acc: 0.9570)
[2018/09/25 20:55:38 __main__ INFO] - -            c10h_train_c10: 0.0615 (acc: 0.9870) | c10h_val_c10: 0.1463 (acc: 0.9570)
[2018/09/25 20:55:38 __main__ INFO] - -            v4            : 0.3399 (acc: 0.8941) |           v6: 0.3212 (acc: 0.8970)
[2018/09/25 20:55:38 __main__ INFO] - -            c10_50k       : 0.0613 (acc: 0.9926)
[2018/09/25 20:55:38 __main__ INFO] - Elapsed 48.05
keys:  dict_keys(['epoch', 'c10h_train_loss', 'c10h_train_acc', 'c10h_val_loss', 'c10h_val_acc', 'c10h_train_c10_loss', 'c10h_train_c10_acc', 'c10h_val_c10_loss', 'c10h_val_c10_acc', 'v4_loss', 'v4_acc', 'v6_loss', 'v6_acc', 'c10_50k_loss', 'c10_50k_acc']) 
 c10h_outdir:  /tigress/ruairidh/model_results/run_1/saves/wrn_28_10/con_False_lr_0.01_seed_1
[2018/09/25 20:55:39 __main__ INFO] - Train 64
[2018/09/25 20:55:59 __main__ INFO] - TEST 64
[2018/09/25 20:56:47 __main__ INFO] - - epoch 64    c10h_train    : 0.1772 (acc: 0.9927) | c10h_val    : 0.2945 (acc: 0.9580)
[2018/09/25 20:56:47 __main__ INFO] - -            c10h_train_c10: 0.0629 (acc: 0.9872) | c10h_val_c10: 0.1487 (acc: 0.9580)
[2018/09/25 20:56:47 __main__ INFO] - -            v4            : 0.3618 (acc: 0.8862) |           v6: 0.3203 (acc: 0.8985)
[2018/09/25 20:56:47 __main__ INFO] - -            c10_50k       : 0.0622 (acc: 0.9933)
[2018/09/25 20:56:47 __main__ INFO] - Elapsed 48.08
keys:  dict_keys(['epoch', 'c10h_train_loss', 'c10h_train_acc', 'c10h_val_loss', 'c10h_val_acc', 'c10h_train_c10_loss', 'c10h_train_c10_acc', 'c10h_val_c10_loss', 'c10h_val_c10_acc', 'v4_loss', 'v4_acc', 'v6_loss', 'v6_acc', 'c10_50k_loss', 'c10_50k_acc']) 
 c10h_outdir:  /tigress/ruairidh/model_results/run_1/saves/wrn_28_10/con_False_lr_0.01_seed_1
[2018/09/25 20:56:47 __main__ INFO] - Train 65
[2018/09/25 20:57:07 __main__ INFO] - TEST 65
[2018/09/25 20:57:55 __main__ INFO] - - epoch 65    c10h_train    : 0.1764 (acc: 0.9927) | c10h_val    : 0.2928 (acc: 0.9580)
[2018/09/25 20:57:55 __main__ INFO] - -            c10h_train_c10: 0.0620 (acc: 0.9867) | c10h_val_c10: 0.1464 (acc: 0.9580)
[2018/09/25 20:57:55 __main__ INFO] - -            v4            : 0.3438 (acc: 0.8926) |           v6: 0.3217 (acc: 0.8985)
[2018/09/25 20:57:55 __main__ INFO] - -            c10_50k       : 0.0605 (acc: 0.9930)
[2018/09/25 20:57:55 __main__ INFO] - Elapsed 48.12
keys:  dict_keys(['epoch', 'c10h_train_loss', 'c10h_train_acc', 'c10h_val_loss', 'c10h_val_acc', 'c10h_train_c10_loss', 'c10h_train_c10_acc', 'c10h_val_c10_loss', 'c10h_val_c10_acc', 'v4_loss', 'v4_acc', 'v6_loss', 'v6_acc', 'c10_50k_loss', 'c10_50k_acc']) 
 c10h_outdir:  /tigress/ruairidh/model_results/run_1/saves/wrn_28_10/con_False_lr_0.01_seed_1
[2018/09/25 20:57:56 __main__ INFO] - Train 66
[2018/09/25 20:58:16 __main__ INFO] - TEST 66
[2018/09/25 20:59:03 __main__ INFO] - - epoch 66    c10h_train    : 0.1763 (acc: 0.9926) | c10h_val    : 0.2923 (acc: 0.9560)
[2018/09/25 20:59:04 __main__ INFO] - -            c10h_train_c10: 0.0623 (acc: 0.9870) | c10h_val_c10: 0.1454 (acc: 0.9560)
[2018/09/25 20:59:04 __main__ INFO] - -            v4            : 0.3454 (acc: 0.8946) |           v6: 0.3235 (acc: 0.8955)
[2018/09/25 20:59:04 __main__ INFO] - -            c10_50k       : 0.0608 (acc: 0.9932)
[2018/09/25 20:59:04 __main__ INFO] - Elapsed 47.93
keys:  dict_keys(['epoch', 'c10h_train_loss', 'c10h_train_acc', 'c10h_val_loss', 'c10h_val_acc', 'c10h_train_c10_loss', 'c10h_train_c10_acc', 'c10h_val_c10_loss', 'c10h_val_c10_acc', 'v4_loss', 'v4_acc', 'v6_loss', 'v6_acc', 'c10_50k_loss', 'c10_50k_acc']) 
 c10h_outdir:  /tigress/ruairidh/model_results/run_1/saves/wrn_28_10/con_False_lr_0.01_seed_1
[2018/09/25 20:59:05 __main__ INFO] - Train 67
[2018/09/25 20:59:25 __main__ INFO] - TEST 67
[2018/09/25 21:00:13 __main__ INFO] - - epoch 67    c10h_train    : 0.1763 (acc: 0.9914) | c10h_val    : 0.2948 (acc: 0.9590)
[2018/09/25 21:00:13 __main__ INFO] - -            c10h_train_c10: 0.0624 (acc: 0.9867) | c10h_val_c10: 0.1470 (acc: 0.9590)
[2018/09/25 21:00:13 __main__ INFO] - -            v4            : 0.3487 (acc: 0.8867) |           v6: 0.3207 (acc: 0.8970)
[2018/09/25 21:00:13 __main__ INFO] - -            c10_50k       : 0.0604 (acc: 0.9934)
[2018/09/25 21:00:13 __main__ INFO] - Elapsed 47.99
keys:  dict_keys(['epoch', 'c10h_train_loss', 'c10h_train_acc', 'c10h_val_loss', 'c10h_val_acc', 'c10h_train_c10_loss', 'c10h_train_c10_acc', 'c10h_val_c10_loss', 'c10h_val_c10_acc', 'v4_loss', 'v4_acc', 'v6_loss', 'v6_acc', 'c10_50k_loss', 'c10_50k_acc']) 
 c10h_outdir:  /tigress/ruairidh/model_results/run_1/saves/wrn_28_10/con_False_lr_0.01_seed_1
[2018/09/25 21:00:13 __main__ INFO] - Train 68
[2018/09/25 21:00:33 __main__ INFO] - TEST 68
[2018/09/25 21:01:21 __main__ INFO] - - epoch 68    c10h_train    : 0.1759 (acc: 0.9928) | c10h_val    : 0.2917 (acc: 0.9580)
[2018/09/25 21:01:21 __main__ INFO] - -            c10h_train_c10: 0.0615 (acc: 0.9870) | c10h_val_c10: 0.1443 (acc: 0.9590)
[2018/09/25 21:01:21 __main__ INFO] - -            v4            : 0.3581 (acc: 0.8803) |           v6: 0.3232 (acc: 0.8980)
[2018/09/25 21:01:21 __main__ INFO] - -            c10_50k       : 0.0607 (acc: 0.9933)
[2018/09/25 21:01:21 __main__ INFO] - Elapsed 48.09
keys:  dict_keys(['epoch', 'c10h_train_loss', 'c10h_train_acc', 'c10h_val_loss', 'c10h_val_acc', 'c10h_train_c10_loss', 'c10h_train_c10_acc', 'c10h_val_c10_loss', 'c10h_val_c10_acc', 'v4_loss', 'v4_acc', 'v6_loss', 'v6_acc', 'c10_50k_loss', 'c10_50k_acc']) 
 c10h_outdir:  /tigress/ruairidh/model_results/run_1/saves/wrn_28_10/con_False_lr_0.01_seed_1
[2018/09/25 21:01:22 __main__ INFO] - Train 69
[2018/09/25 21:01:42 __main__ INFO] - TEST 69
[2018/09/25 21:02:30 __main__ INFO] - - epoch 69    c10h_train    : 0.1758 (acc: 0.9932) | c10h_val    : 0.2932 (acc: 0.9590)
[2018/09/25 21:02:30 __main__ INFO] - -            c10h_train_c10: 0.0611 (acc: 0.9874) | c10h_val_c10: 0.1452 (acc: 0.9600)
[2018/09/25 21:02:30 __main__ INFO] - -            v4            : 0.3584 (acc: 0.8812) |           v6: 0.3246 (acc: 0.8960)
[2018/09/25 21:02:30 __main__ INFO] - -            c10_50k       : 0.0604 (acc: 0.9937)
[2018/09/25 21:02:30 __main__ INFO] - Elapsed 47.89
keys:  dict_keys(['epoch', 'c10h_train_loss', 'c10h_train_acc', 'c10h_val_loss', 'c10h_val_acc', 'c10h_train_c10_loss', 'c10h_train_c10_acc', 'c10h_val_c10_loss', 'c10h_val_c10_acc', 'v4_loss', 'v4_acc', 'v6_loss', 'v6_acc', 'c10_50k_loss', 'c10_50k_acc']) 
 c10h_outdir:  /tigress/ruairidh/model_results/run_1/saves/wrn_28_10/con_False_lr_0.01_seed_1
[2018/09/25 21:02:31 __main__ INFO] - Train 70
[2018/09/25 21:02:50 __main__ INFO] - TEST 70
[2018/09/25 21:03:38 __main__ INFO] - - epoch 70    c10h_train    : 0.1756 (acc: 0.9929) | c10h_val    : 0.2941 (acc: 0.9600)
[2018/09/25 21:03:38 __main__ INFO] - -            c10h_train_c10: 0.0625 (acc: 0.9866) | c10h_val_c10: 0.1475 (acc: 0.9610)
[2018/09/25 21:03:38 __main__ INFO] - -            v4            : 0.3423 (acc: 0.8897) |           v6: 0.3300 (acc: 0.8940)
[2018/09/25 21:03:38 __main__ INFO] - -            c10_50k       : 0.0623 (acc: 0.9925)
[2018/09/25 21:03:38 __main__ INFO] - Elapsed 48.26
keys:  dict_keys(['epoch', 'c10h_train_loss', 'c10h_train_acc', 'c10h_val_loss', 'c10h_val_acc', 'c10h_train_c10_loss', 'c10h_train_c10_acc', 'c10h_val_c10_loss', 'c10h_val_c10_acc', 'v4_loss', 'v4_acc', 'v6_loss', 'v6_acc', 'c10_50k_loss', 'c10_50k_acc']) 
 c10h_outdir:  /tigress/ruairidh/model_results/run_1/saves/wrn_28_10/con_False_lr_0.01_seed_1
[2018/09/25 21:03:39 __main__ INFO] - Train 71
[2018/09/25 21:03:59 __main__ INFO] - TEST 71
[2018/09/25 21:04:47 __main__ INFO] - - epoch 71    c10h_train    : 0.1756 (acc: 0.9923) | c10h_val    : 0.2948 (acc: 0.9560)
[2018/09/25 21:04:47 __main__ INFO] - -            c10h_train_c10: 0.0633 (acc: 0.9869) | c10h_val_c10: 0.1482 (acc: 0.9570)
[2018/09/25 21:04:47 __main__ INFO] - -            v4            : 0.3587 (acc: 0.8827) |           v6: 0.3281 (acc: 0.8950)
[2018/09/25 21:04:47 __main__ INFO] - -            c10_50k       : 0.0619 (acc: 0.9929)
[2018/09/25 21:04:47 __main__ INFO] - Elapsed 47.98
keys:  dict_keys(['epoch', 'c10h_train_loss', 'c10h_train_acc', 'c10h_val_loss', 'c10h_val_acc', 'c10h_train_c10_loss', 'c10h_train_c10_acc', 'c10h_val_c10_loss', 'c10h_val_c10_acc', 'v4_loss', 'v4_acc', 'v6_loss', 'v6_acc', 'c10_50k_loss', 'c10_50k_acc']) 
 c10h_outdir:  /tigress/ruairidh/model_results/run_1/saves/wrn_28_10/con_False_lr_0.01_seed_1
[2018/09/25 21:04:48 __main__ INFO] - Train 72
[2018/09/25 21:05:08 __main__ INFO] - TEST 72
[2018/09/25 21:05:56 __main__ INFO] - - epoch 72    c10h_train    : 0.1753 (acc: 0.9928) | c10h_val    : 0.2933 (acc: 0.9570)
[2018/09/25 21:05:56 __main__ INFO] - -            c10h_train_c10: 0.0619 (acc: 0.9871) | c10h_val_c10: 0.1455 (acc: 0.9580)
[2018/09/25 21:05:56 __main__ INFO] - -            v4            : 0.3479 (acc: 0.8936) |           v6: 0.3269 (acc: 0.8965)
[2018/09/25 21:05:56 __main__ INFO] - -            c10_50k       : 0.0603 (acc: 0.9935)
[2018/09/25 21:05:56 __main__ INFO] - Elapsed 48.36
keys:  dict_keys(['epoch', 'c10h_train_loss', 'c10h_train_acc', 'c10h_val_loss', 'c10h_val_acc', 'c10h_train_c10_loss', 'c10h_train_c10_acc', 'c10h_val_c10_loss', 'c10h_val_c10_acc', 'v4_loss', 'v4_acc', 'v6_loss', 'v6_acc', 'c10_50k_loss', 'c10_50k_acc']) 
 c10h_outdir:  /tigress/ruairidh/model_results/run_1/saves/wrn_28_10/con_False_lr_0.01_seed_1
[2018/09/25 21:05:58 __main__ INFO] - Train 73
[2018/09/25 21:06:17 __main__ INFO] - TEST 73
[2018/09/25 21:07:05 __main__ INFO] - - epoch 73    c10h_train    : 0.1753 (acc: 0.9927) | c10h_val    : 0.2945 (acc: 0.9570)
[2018/09/25 21:07:05 __main__ INFO] - -            c10h_train_c10: 0.0614 (acc: 0.9876) | c10h_val_c10: 0.1469 (acc: 0.9580)
[2018/09/25 21:07:05 __main__ INFO] - -            v4            : 0.3591 (acc: 0.8852) |           v6: 0.3286 (acc: 0.8930)
[2018/09/25 21:07:05 __main__ INFO] - -            c10_50k       : 0.0608 (acc: 0.9930)
[2018/09/25 21:07:05 __main__ INFO] - Elapsed 47.89
keys:  dict_keys(['epoch', 'c10h_train_loss', 'c10h_train_acc', 'c10h_val_loss', 'c10h_val_acc', 'c10h_train_c10_loss', 'c10h_train_c10_acc', 'c10h_val_c10_loss', 'c10h_val_c10_acc', 'v4_loss', 'v4_acc', 'v6_loss', 'v6_acc', 'c10_50k_loss', 'c10_50k_acc']) 
 c10h_outdir:  /tigress/ruairidh/model_results/run_1/saves/wrn_28_10/con_False_lr_0.01_seed_1
[2018/09/25 21:07:07 __main__ INFO] - Train 74
[2018/09/25 21:07:26 __main__ INFO] - TEST 74
[2018/09/25 21:08:15 __main__ INFO] - - epoch 74    c10h_train    : 0.1749 (acc: 0.9934) | c10h_val    : 0.2913 (acc: 0.9550)
[2018/09/25 21:08:15 __main__ INFO] - -            c10h_train_c10: 0.0617 (acc: 0.9869) | c10h_val_c10: 0.1434 (acc: 0.9560)
[2018/09/25 21:08:15 __main__ INFO] - -            v4            : 0.3585 (acc: 0.8867) |           v6: 0.3306 (acc: 0.8935)
[2018/09/25 21:08:15 __main__ INFO] - -            c10_50k       : 0.0603 (acc: 0.9934)
[2018/09/25 21:08:15 __main__ INFO] - Elapsed 48.11
keys:  dict_keys(['epoch', 'c10h_train_loss', 'c10h_train_acc', 'c10h_val_loss', 'c10h_val_acc', 'c10h_train_c10_loss', 'c10h_train_c10_acc', 'c10h_val_c10_loss', 'c10h_val_c10_acc', 'v4_loss', 'v4_acc', 'v6_loss', 'v6_acc', 'c10_50k_loss', 'c10_50k_acc']) 
 c10h_outdir:  /tigress/ruairidh/model_results/run_1/saves/wrn_28_10/con_False_lr_0.01_seed_1
[2018/09/25 21:08:16 __main__ INFO] - Train 75
[2018/09/25 21:08:35 __main__ INFO] - TEST 75
[2018/09/25 21:09:23 __main__ INFO] - - epoch 75    c10h_train    : 0.1748 (acc: 0.9928) | c10h_val    : 0.2948 (acc: 0.9560)
[2018/09/25 21:09:23 __main__ INFO] - -            c10h_train_c10: 0.0620 (acc: 0.9869) | c10h_val_c10: 0.1471 (acc: 0.9570)
[2018/09/25 21:09:23 __main__ INFO] - -            v4            : 0.3485 (acc: 0.8867) |           v6: 0.3289 (acc: 0.8955)
[2018/09/25 21:09:23 __main__ INFO] - -            c10_50k       : 0.0609 (acc: 0.9929)
[2018/09/25 21:09:23 __main__ INFO] - Elapsed 48.10
keys:  dict_keys(['epoch', 'c10h_train_loss', 'c10h_train_acc', 'c10h_val_loss', 'c10h_val_acc', 'c10h_train_c10_loss', 'c10h_train_c10_acc', 'c10h_val_c10_loss', 'c10h_val_c10_acc', 'v4_loss', 'v4_acc', 'v6_loss', 'v6_acc', 'c10_50k_loss', 'c10_50k_acc']) 
 c10h_outdir:  /tigress/ruairidh/model_results/run_1/saves/wrn_28_10/con_False_lr_0.01_seed_1
[2018/09/25 21:09:24 __main__ INFO] - Train 76
[2018/09/25 21:09:43 __main__ INFO] - TEST 76
[2018/09/25 21:10:31 __main__ INFO] - - epoch 76    c10h_train    : 0.1752 (acc: 0.9926) | c10h_val    : 0.2977 (acc: 0.9540)
[2018/09/25 21:10:31 __main__ INFO] - -            c10h_train_c10: 0.0618 (acc: 0.9863) | c10h_val_c10: 0.1490 (acc: 0.9550)
[2018/09/25 21:10:31 __main__ INFO] - -            v4            : 0.3636 (acc: 0.8778) |           v6: 0.3259 (acc: 0.8965)
[2018/09/25 21:10:31 __main__ INFO] - -            c10_50k       : 0.0610 (acc: 0.9927)
[2018/09/25 21:10:31 __main__ INFO] - Elapsed 47.94
keys:  dict_keys(['epoch', 'c10h_train_loss', 'c10h_train_acc', 'c10h_val_loss', 'c10h_val_acc', 'c10h_train_c10_loss', 'c10h_train_c10_acc', 'c10h_val_c10_loss', 'c10h_val_c10_acc', 'v4_loss', 'v4_acc', 'v6_loss', 'v6_acc', 'c10_50k_loss', 'c10_50k_acc']) 
 c10h_outdir:  /tigress/ruairidh/model_results/run_1/saves/wrn_28_10/con_False_lr_0.01_seed_1
[2018/09/25 21:10:34 __main__ INFO] - Train 77
[2018/09/25 21:10:53 __main__ INFO] - TEST 77
[2018/09/25 21:11:41 __main__ INFO] - - epoch 77    c10h_train    : 0.1747 (acc: 0.9924) | c10h_val    : 0.2957 (acc: 0.9560)
[2018/09/25 21:11:41 __main__ INFO] - -            c10h_train_c10: 0.0621 (acc: 0.9870) | c10h_val_c10: 0.1480 (acc: 0.9570)
[2018/09/25 21:11:41 __main__ INFO] - -            v4            : 0.3571 (acc: 0.8872) |           v6: 0.3271 (acc: 0.8955)
[2018/09/25 21:11:41 __main__ INFO] - -            c10_50k       : 0.0602 (acc: 0.9934)
[2018/09/25 21:11:41 __main__ INFO] - Elapsed 47.91
keys:  dict_keys(['epoch', 'c10h_train_loss', 'c10h_train_acc', 'c10h_val_loss', 'c10h_val_acc', 'c10h_train_c10_loss', 'c10h_train_c10_acc', 'c10h_val_c10_loss', 'c10h_val_c10_acc', 'v4_loss', 'v4_acc', 'v6_loss', 'v6_acc', 'c10_50k_loss', 'c10_50k_acc']) 
 c10h_outdir:  /tigress/ruairidh/model_results/run_1/saves/wrn_28_10/con_False_lr_0.01_seed_1
[2018/09/25 21:11:43 __main__ INFO] - Train 78
[2018/09/25 21:12:03 __main__ INFO] - TEST 78
[2018/09/25 21:12:51 __main__ INFO] - - epoch 78    c10h_train    : 0.1747 (acc: 0.9923) | c10h_val    : 0.2944 (acc: 0.9600)
[2018/09/25 21:12:51 __main__ INFO] - -            c10h_train_c10: 0.0627 (acc: 0.9861) | c10h_val_c10: 0.1472 (acc: 0.9610)
[2018/09/25 21:12:51 __main__ INFO] - -            v4            : 0.3629 (acc: 0.8793) |           v6: 0.3275 (acc: 0.8950)
[2018/09/25 21:12:51 __main__ INFO] - -            c10_50k       : 0.0604 (acc: 0.9938)
[2018/09/25 21:12:51 __main__ INFO] - Elapsed 48.25
keys:  dict_keys(['epoch', 'c10h_train_loss', 'c10h_train_acc', 'c10h_val_loss', 'c10h_val_acc', 'c10h_train_c10_loss', 'c10h_train_c10_acc', 'c10h_val_c10_loss', 'c10h_val_c10_acc', 'v4_loss', 'v4_acc', 'v6_loss', 'v6_acc', 'c10_50k_loss', 'c10_50k_acc']) 
 c10h_outdir:  /tigress/ruairidh/model_results/run_1/saves/wrn_28_10/con_False_lr_0.01_seed_1
[2018/09/25 21:12:52 __main__ INFO] - Train 79
[2018/09/25 21:13:12 __main__ INFO] - TEST 79
[2018/09/25 21:14:00 __main__ INFO] - - epoch 79    c10h_train    : 0.1741 (acc: 0.9931) | c10h_val    : 0.2968 (acc: 0.9530)
[2018/09/25 21:14:00 __main__ INFO] - -            c10h_train_c10: 0.0624 (acc: 0.9866) | c10h_val_c10: 0.1487 (acc: 0.9540)
[2018/09/25 21:14:00 __main__ INFO] - -            v4            : 0.3513 (acc: 0.8847) |           v6: 0.3318 (acc: 0.8935)
[2018/09/25 21:14:00 __main__ INFO] - -            c10_50k       : 0.0607 (acc: 0.9930)
[2018/09/25 21:14:00 __main__ INFO] - Elapsed 48.11
keys:  dict_keys(['epoch', 'c10h_train_loss', 'c10h_train_acc', 'c10h_val_loss', 'c10h_val_acc', 'c10h_train_c10_loss', 'c10h_train_c10_acc', 'c10h_val_c10_loss', 'c10h_val_c10_acc', 'v4_loss', 'v4_acc', 'v6_loss', 'v6_acc', 'c10_50k_loss', 'c10_50k_acc']) 
 c10h_outdir:  /tigress/ruairidh/model_results/run_1/saves/wrn_28_10/con_False_lr_0.01_seed_1
[2018/09/25 21:14:02 __main__ INFO] - Train 80
[2018/09/25 21:14:21 __main__ INFO] - TEST 80
[2018/09/25 21:15:09 __main__ INFO] - - epoch 80    c10h_train    : 0.1745 (acc: 0.9933) | c10h_val    : 0.2976 (acc: 0.9500)
[2018/09/25 21:15:09 __main__ INFO] - -            c10h_train_c10: 0.0618 (acc: 0.9872) | c10h_val_c10: 0.1488 (acc: 0.9510)
[2018/09/25 21:15:09 __main__ INFO] - -            v4            : 0.3506 (acc: 0.8837) |           v6: 0.3288 (acc: 0.8975)
[2018/09/25 21:15:09 __main__ INFO] - -            c10_50k       : 0.0599 (acc: 0.9931)
[2018/09/25 21:15:09 __main__ INFO] - Elapsed 48.06
keys:  dict_keys(['epoch', 'c10h_train_loss', 'c10h_train_acc', 'c10h_val_loss', 'c10h_val_acc', 'c10h_train_c10_loss', 'c10h_train_c10_acc', 'c10h_val_c10_loss', 'c10h_val_c10_acc', 'v4_loss', 'v4_acc', 'v6_loss', 'v6_acc', 'c10_50k_loss', 'c10_50k_acc']) 
 c10h_outdir:  /tigress/ruairidh/model_results/run_1/saves/wrn_28_10/con_False_lr_0.01_seed_1
[2018/09/25 21:15:11 __main__ INFO] - Train 81
[2018/09/25 21:15:30 __main__ INFO] - TEST 81
[2018/09/25 21:16:18 __main__ INFO] - - epoch 81    c10h_train    : 0.1741 (acc: 0.9931) | c10h_val    : 0.2973 (acc: 0.9570)
[2018/09/25 21:16:18 __main__ INFO] - -            c10h_train_c10: 0.0609 (acc: 0.9880) | c10h_val_c10: 0.1485 (acc: 0.9580)
[2018/09/25 21:16:18 __main__ INFO] - -            v4            : 0.3673 (acc: 0.8758) |           v6: 0.3296 (acc: 0.8950)
[2018/09/25 21:16:18 __main__ INFO] - -            c10_50k       : 0.0611 (acc: 0.9931)
[2018/09/25 21:16:18 __main__ INFO] - Elapsed 48.27
keys:  dict_keys(['epoch', 'c10h_train_loss', 'c10h_train_acc', 'c10h_val_loss', 'c10h_val_acc', 'c10h_train_c10_loss', 'c10h_train_c10_acc', 'c10h_val_c10_loss', 'c10h_val_c10_acc', 'v4_loss', 'v4_acc', 'v6_loss', 'v6_acc', 'c10_50k_loss', 'c10_50k_acc']) 
 c10h_outdir:  /tigress/ruairidh/model_results/run_1/saves/wrn_28_10/con_False_lr_0.01_seed_1
[2018/09/25 21:16:22 __main__ INFO] - Train 82
[2018/09/25 21:16:41 __main__ INFO] - TEST 82
[2018/09/25 21:17:30 __main__ INFO] - - epoch 82    c10h_train    : 0.1745 (acc: 0.9934) | c10h_val    : 0.2969 (acc: 0.9550)
[2018/09/25 21:17:30 __main__ INFO] - -            c10h_train_c10: 0.0622 (acc: 0.9872) | c10h_val_c10: 0.1487 (acc: 0.9560)
[2018/09/25 21:17:30 __main__ INFO] - -            v4            : 0.3648 (acc: 0.8852) |           v6: 0.3318 (acc: 0.8965)
[2018/09/25 21:17:30 __main__ INFO] - -            c10_50k       : 0.0605 (acc: 0.9930)
[2018/09/25 21:17:30 __main__ INFO] - Elapsed 48.23
keys:  dict_keys(['epoch', 'c10h_train_loss', 'c10h_train_acc', 'c10h_val_loss', 'c10h_val_acc', 'c10h_train_c10_loss', 'c10h_train_c10_acc', 'c10h_val_c10_loss', 'c10h_val_c10_acc', 'v4_loss', 'v4_acc', 'v6_loss', 'v6_acc', 'c10_50k_loss', 'c10_50k_acc']) 
 c10h_outdir:  /tigress/ruairidh/model_results/run_1/saves/wrn_28_10/con_False_lr_0.01_seed_1
[2018/09/25 21:17:31 __main__ INFO] - Train 83
[2018/09/25 21:17:50 __main__ INFO] - TEST 83
[2018/09/25 21:18:38 __main__ INFO] - - epoch 83    c10h_train    : 0.1743 (acc: 0.9926) | c10h_val    : 0.2954 (acc: 0.9560)
[2018/09/25 21:18:39 __main__ INFO] - -            c10h_train_c10: 0.0610 (acc: 0.9862) | c10h_val_c10: 0.1454 (acc: 0.9570)
[2018/09/25 21:18:39 __main__ INFO] - -            v4            : 0.3566 (acc: 0.8827) |           v6: 0.3284 (acc: 0.8945)
[2018/09/25 21:18:39 __main__ INFO] - -            c10_50k       : 0.0602 (acc: 0.9933)
[2018/09/25 21:18:39 __main__ INFO] - Elapsed 48.03
keys:  dict_keys(['epoch', 'c10h_train_loss', 'c10h_train_acc', 'c10h_val_loss', 'c10h_val_acc', 'c10h_train_c10_loss', 'c10h_train_c10_acc', 'c10h_val_c10_loss', 'c10h_val_c10_acc', 'v4_loss', 'v4_acc', 'v6_loss', 'v6_acc', 'c10_50k_loss', 'c10_50k_acc']) 
 c10h_outdir:  /tigress/ruairidh/model_results/run_1/saves/wrn_28_10/con_False_lr_0.01_seed_1
[2018/09/25 21:18:40 __main__ INFO] - Train 84
[2018/09/25 21:18:59 __main__ INFO] - TEST 84
[2018/09/25 21:19:47 __main__ INFO] - - epoch 84    c10h_train    : 0.1739 (acc: 0.9922) | c10h_val    : 0.2939 (acc: 0.9580)
[2018/09/25 21:19:47 __main__ INFO] - -            c10h_train_c10: 0.0601 (acc: 0.9873) | c10h_val_c10: 0.1427 (acc: 0.9590)
[2018/09/25 21:19:47 __main__ INFO] - -            v4            : 0.3581 (acc: 0.8867) |           v6: 0.3260 (acc: 0.8965)
[2018/09/25 21:19:47 __main__ INFO] - -            c10_50k       : 0.0598 (acc: 0.9929)
[2018/09/25 21:19:47 __main__ INFO] - Elapsed 48.13
keys:  dict_keys(['epoch', 'c10h_train_loss', 'c10h_train_acc', 'c10h_val_loss', 'c10h_val_acc', 'c10h_train_c10_loss', 'c10h_train_c10_acc', 'c10h_val_c10_loss', 'c10h_val_c10_acc', 'v4_loss', 'v4_acc', 'v6_loss', 'v6_acc', 'c10_50k_loss', 'c10_50k_acc']) 
 c10h_outdir:  /tigress/ruairidh/model_results/run_1/saves/wrn_28_10/con_False_lr_0.01_seed_1
[2018/09/25 21:19:53 __main__ INFO] - Train 85
[2018/09/25 21:20:12 __main__ INFO] - TEST 85
[2018/09/25 21:21:01 __main__ INFO] - - epoch 85    c10h_train    : 0.1741 (acc: 0.9929) | c10h_val    : 0.2945 (acc: 0.9550)
[2018/09/25 21:21:01 __main__ INFO] - -            c10h_train_c10: 0.0618 (acc: 0.9876) | c10h_val_c10: 0.1456 (acc: 0.9560)
[2018/09/25 21:21:01 __main__ INFO] - -            v4            : 0.3480 (acc: 0.8931) |           v6: 0.3263 (acc: 0.9000)
[2018/09/25 21:21:01 __main__ INFO] - -            c10_50k       : 0.0602 (acc: 0.9932)
[2018/09/25 21:21:01 __main__ INFO] - Elapsed 48.34
keys:  dict_keys(['epoch', 'c10h_train_loss', 'c10h_train_acc', 'c10h_val_loss', 'c10h_val_acc', 'c10h_train_c10_loss', 'c10h_train_c10_acc', 'c10h_val_c10_loss', 'c10h_val_c10_acc', 'v4_loss', 'v4_acc', 'v6_loss', 'v6_acc', 'c10_50k_loss', 'c10_50k_acc']) 
 c10h_outdir:  /tigress/ruairidh/model_results/run_1/saves/wrn_28_10/con_False_lr_0.01_seed_1
[2018/09/25 21:21:06 __main__ INFO] - Train 86
[2018/09/25 21:21:26 __main__ INFO] - TEST 86
[2018/09/25 21:22:14 __main__ INFO] - - epoch 86    c10h_train    : 0.1740 (acc: 0.9936) | c10h_val    : 0.2959 (acc: 0.9540)
[2018/09/25 21:22:14 __main__ INFO] - -            c10h_train_c10: 0.0631 (acc: 0.9876) | c10h_val_c10: 0.1476 (acc: 0.9550)
[2018/09/25 21:22:14 __main__ INFO] - -            v4            : 0.3580 (acc: 0.8847) |           v6: 0.3288 (acc: 0.8995)
[2018/09/25 21:22:14 __main__ INFO] - -            c10_50k       : 0.0616 (acc: 0.9930)
[2018/09/25 21:22:14 __main__ INFO] - Elapsed 48.09
keys:  dict_keys(['epoch', 'c10h_train_loss', 'c10h_train_acc', 'c10h_val_loss', 'c10h_val_acc', 'c10h_train_c10_loss', 'c10h_train_c10_acc', 'c10h_val_c10_loss', 'c10h_val_c10_acc', 'v4_loss', 'v4_acc', 'v6_loss', 'v6_acc', 'c10_50k_loss', 'c10_50k_acc']) 
 c10h_outdir:  /tigress/ruairidh/model_results/run_1/saves/wrn_28_10/con_False_lr_0.01_seed_1
[2018/09/25 21:22:21 __main__ INFO] - Train 87
[2018/09/25 21:22:41 __main__ INFO] - TEST 87
[2018/09/25 21:23:29 __main__ INFO] - - epoch 87    c10h_train    : 0.1737 (acc: 0.9929) | c10h_val    : 0.2965 (acc: 0.9520)
[2018/09/25 21:23:29 __main__ INFO] - -            c10h_train_c10: 0.0621 (acc: 0.9876) | c10h_val_c10: 0.1480 (acc: 0.9530)
[2018/09/25 21:23:29 __main__ INFO] - -            v4            : 0.3673 (acc: 0.8832) |           v6: 0.3269 (acc: 0.8955)
[2018/09/25 21:23:29 __main__ INFO] - -            c10_50k       : 0.0611 (acc: 0.9928)
[2018/09/25 21:23:29 __main__ INFO] - Elapsed 48.11
keys:  dict_keys(['epoch', 'c10h_train_loss', 'c10h_train_acc', 'c10h_val_loss', 'c10h_val_acc', 'c10h_train_c10_loss', 'c10h_train_c10_acc', 'c10h_val_c10_loss', 'c10h_val_c10_acc', 'v4_loss', 'v4_acc', 'v6_loss', 'v6_acc', 'c10_50k_loss', 'c10_50k_acc']) 
 c10h_outdir:  /tigress/ruairidh/model_results/run_1/saves/wrn_28_10/con_False_lr_0.01_seed_1
[2018/09/25 21:23:35 __main__ INFO] - Train 88
[2018/09/25 21:23:55 __main__ INFO] - TEST 88
[2018/09/25 21:24:43 __main__ INFO] - - epoch 88    c10h_train    : 0.1736 (acc: 0.9933) | c10h_val    : 0.2982 (acc: 0.9550)
[2018/09/25 21:24:43 __main__ INFO] - -            c10h_train_c10: 0.0614 (acc: 0.9871) | c10h_val_c10: 0.1487 (acc: 0.9560)
[2018/09/25 21:24:43 __main__ INFO] - -            v4            : 0.3557 (acc: 0.8887) |           v6: 0.3268 (acc: 0.8960)
[2018/09/25 21:24:43 __main__ INFO] - -            c10_50k       : 0.0609 (acc: 0.9930)
[2018/09/25 21:24:43 __main__ INFO] - Elapsed 48.02
keys:  dict_keys(['epoch', 'c10h_train_loss', 'c10h_train_acc', 'c10h_val_loss', 'c10h_val_acc', 'c10h_train_c10_loss', 'c10h_train_c10_acc', 'c10h_val_c10_loss', 'c10h_val_c10_acc', 'v4_loss', 'v4_acc', 'v6_loss', 'v6_acc', 'c10_50k_loss', 'c10_50k_acc']) 
 c10h_outdir:  /tigress/ruairidh/model_results/run_1/saves/wrn_28_10/con_False_lr_0.01_seed_1
[2018/09/25 21:24:46 __main__ INFO] - Train 89
[2018/09/25 21:25:06 __main__ INFO] - TEST 89
[2018/09/25 21:25:54 __main__ INFO] - - epoch 89    c10h_train    : 0.1734 (acc: 0.9928) | c10h_val    : 0.2949 (acc: 0.9580)
[2018/09/25 21:25:54 __main__ INFO] - -            c10h_train_c10: 0.0618 (acc: 0.9868) | c10h_val_c10: 0.1451 (acc: 0.9590)
[2018/09/25 21:25:54 __main__ INFO] - -            v4            : 0.3587 (acc: 0.8877) |           v6: 0.3292 (acc: 0.8975)
[2018/09/25 21:25:54 __main__ INFO] - -            c10_50k       : 0.0602 (acc: 0.9929)
[2018/09/25 21:25:54 __main__ INFO] - Elapsed 47.97
keys:  dict_keys(['epoch', 'c10h_train_loss', 'c10h_train_acc', 'c10h_val_loss', 'c10h_val_acc', 'c10h_train_c10_loss', 'c10h_train_c10_acc', 'c10h_val_c10_loss', 'c10h_val_c10_acc', 'v4_loss', 'v4_acc', 'v6_loss', 'v6_acc', 'c10_50k_loss', 'c10_50k_acc']) 
 c10h_outdir:  /tigress/ruairidh/model_results/run_1/saves/wrn_28_10/con_False_lr_0.01_seed_1
[2018/09/25 21:25:55 __main__ INFO] - Train 90
[2018/09/25 21:26:14 __main__ INFO] - TEST 90
[2018/09/25 21:27:03 __main__ INFO] - - epoch 90    c10h_train    : 0.1739 (acc: 0.9930) | c10h_val    : 0.2952 (acc: 0.9580)
[2018/09/25 21:27:03 __main__ INFO] - -            c10h_train_c10: 0.0629 (acc: 0.9863) | c10h_val_c10: 0.1467 (acc: 0.9590)
[2018/09/25 21:27:03 __main__ INFO] - -            v4            : 0.3538 (acc: 0.8872) |           v6: 0.3294 (acc: 0.8975)
[2018/09/25 21:27:03 __main__ INFO] - -            c10_50k       : 0.0618 (acc: 0.9925)
[2018/09/25 21:27:03 __main__ INFO] - Elapsed 48.19
keys:  dict_keys(['epoch', 'c10h_train_loss', 'c10h_train_acc', 'c10h_val_loss', 'c10h_val_acc', 'c10h_train_c10_loss', 'c10h_train_c10_acc', 'c10h_val_c10_loss', 'c10h_val_c10_acc', 'v4_loss', 'v4_acc', 'v6_loss', 'v6_acc', 'c10_50k_loss', 'c10_50k_acc']) 
 c10h_outdir:  /tigress/ruairidh/model_results/run_1/saves/wrn_28_10/con_False_lr_0.01_seed_1
[2018/09/25 21:27:03 __main__ INFO] - Train 91
[2018/09/25 21:27:23 __main__ INFO] - TEST 91
[2018/09/25 21:28:11 __main__ INFO] - - epoch 91    c10h_train    : 0.1735 (acc: 0.9927) | c10h_val    : 0.2971 (acc: 0.9560)
[2018/09/25 21:28:11 __main__ INFO] - -            c10h_train_c10: 0.0610 (acc: 0.9870) | c10h_val_c10: 0.1459 (acc: 0.9570)
[2018/09/25 21:28:11 __main__ INFO] - -            v4            : 0.3571 (acc: 0.8822) |           v6: 0.3300 (acc: 0.8970)
[2018/09/25 21:28:11 __main__ INFO] - -            c10_50k       : 0.0594 (acc: 0.9930)
[2018/09/25 21:28:11 __main__ INFO] - Elapsed 48.28
keys:  dict_keys(['epoch', 'c10h_train_loss', 'c10h_train_acc', 'c10h_val_loss', 'c10h_val_acc', 'c10h_train_c10_loss', 'c10h_train_c10_acc', 'c10h_val_c10_loss', 'c10h_val_c10_acc', 'v4_loss', 'v4_acc', 'v6_loss', 'v6_acc', 'c10_50k_loss', 'c10_50k_acc']) 
 c10h_outdir:  /tigress/ruairidh/model_results/run_1/saves/wrn_28_10/con_False_lr_0.01_seed_1
[2018/09/25 21:28:11 __main__ INFO] - Train 92
[2018/09/25 21:28:31 __main__ INFO] - TEST 92
[2018/09/25 21:29:19 __main__ INFO] - - epoch 92    c10h_train    : 0.1733 (acc: 0.9930) | c10h_val    : 0.2956 (acc: 0.9560)
[2018/09/25 21:29:19 __main__ INFO] - -            c10h_train_c10: 0.0624 (acc: 0.9868) | c10h_val_c10: 0.1476 (acc: 0.9570)
[2018/09/25 21:29:19 __main__ INFO] - -            v4            : 0.3541 (acc: 0.8832) |           v6: 0.3314 (acc: 0.8950)
[2018/09/25 21:29:19 __main__ INFO] - -            c10_50k       : 0.0608 (acc: 0.9927)
[2018/09/25 21:29:19 __main__ INFO] - Elapsed 48.02
keys:  dict_keys(['epoch', 'c10h_train_loss', 'c10h_train_acc', 'c10h_val_loss', 'c10h_val_acc', 'c10h_train_c10_loss', 'c10h_train_c10_acc', 'c10h_val_c10_loss', 'c10h_val_c10_acc', 'v4_loss', 'v4_acc', 'v6_loss', 'v6_acc', 'c10_50k_loss', 'c10_50k_acc']) 
 c10h_outdir:  /tigress/ruairidh/model_results/run_1/saves/wrn_28_10/con_False_lr_0.01_seed_1
[2018/09/25 21:29:19 __main__ INFO] - Train 93
[2018/09/25 21:29:39 __main__ INFO] - TEST 93
[2018/09/25 21:30:27 __main__ INFO] - - epoch 93    c10h_train    : 0.1735 (acc: 0.9923) | c10h_val    : 0.2981 (acc: 0.9570)
[2018/09/25 21:30:27 __main__ INFO] - -            c10h_train_c10: 0.0615 (acc: 0.9872) | c10h_val_c10: 0.1473 (acc: 0.9580)
[2018/09/25 21:30:27 __main__ INFO] - -            v4            : 0.3608 (acc: 0.8852) |           v6: 0.3245 (acc: 0.8960)
[2018/09/25 21:30:27 __main__ INFO] - -            c10_50k       : 0.0595 (acc: 0.9930)
[2018/09/25 21:30:27 __main__ INFO] - Elapsed 48.05
keys:  dict_keys(['epoch', 'c10h_train_loss', 'c10h_train_acc', 'c10h_val_loss', 'c10h_val_acc', 'c10h_train_c10_loss', 'c10h_train_c10_acc', 'c10h_val_c10_loss', 'c10h_val_c10_acc', 'v4_loss', 'v4_acc', 'v6_loss', 'v6_acc', 'c10_50k_loss', 'c10_50k_acc']) 
 c10h_outdir:  /tigress/ruairidh/model_results/run_1/saves/wrn_28_10/con_False_lr_0.01_seed_1
[2018/09/25 21:30:28 __main__ INFO] - Train 94
[2018/09/25 21:30:48 __main__ INFO] - TEST 94
[2018/09/25 21:31:36 __main__ INFO] - - epoch 94    c10h_train    : 0.1733 (acc: 0.9932) | c10h_val    : 0.2973 (acc: 0.9560)
[2018/09/25 21:31:36 __main__ INFO] - -            c10h_train_c10: 0.0617 (acc: 0.9879) | c10h_val_c10: 0.1472 (acc: 0.9570)
[2018/09/25 21:31:36 __main__ INFO] - -            v4            : 0.3650 (acc: 0.8832) |           v6: 0.3286 (acc: 0.8925)
[2018/09/25 21:31:36 __main__ INFO] - -            c10_50k       : 0.0604 (acc: 0.9928)
[2018/09/25 21:31:36 __main__ INFO] - Elapsed 48.36
keys:  dict_keys(['epoch', 'c10h_train_loss', 'c10h_train_acc', 'c10h_val_loss', 'c10h_val_acc', 'c10h_train_c10_loss', 'c10h_train_c10_acc', 'c10h_val_c10_loss', 'c10h_val_c10_acc', 'v4_loss', 'v4_acc', 'v6_loss', 'v6_acc', 'c10_50k_loss', 'c10_50k_acc']) 
 c10h_outdir:  /tigress/ruairidh/model_results/run_1/saves/wrn_28_10/con_False_lr_0.01_seed_1
[2018/09/25 21:31:40 __main__ INFO] - Train 95
[2018/09/25 21:31:59 __main__ INFO] - TEST 95
[2018/09/25 21:32:47 __main__ INFO] - - epoch 95    c10h_train    : 0.1734 (acc: 0.9936) | c10h_val    : 0.2977 (acc: 0.9550)
[2018/09/25 21:32:47 __main__ INFO] - -            c10h_train_c10: 0.0629 (acc: 0.9873) | c10h_val_c10: 0.1492 (acc: 0.9560)
[2018/09/25 21:32:47 __main__ INFO] - -            v4            : 0.3519 (acc: 0.8827) |           v6: 0.3274 (acc: 0.8955)
[2018/09/25 21:32:47 __main__ INFO] - -            c10_50k       : 0.0626 (acc: 0.9927)
[2018/09/25 21:32:47 __main__ INFO] - Elapsed 47.85
keys:  dict_keys(['epoch', 'c10h_train_loss', 'c10h_train_acc', 'c10h_val_loss', 'c10h_val_acc', 'c10h_train_c10_loss', 'c10h_train_c10_acc', 'c10h_val_c10_loss', 'c10h_val_c10_acc', 'v4_loss', 'v4_acc', 'v6_loss', 'v6_acc', 'c10_50k_loss', 'c10_50k_acc']) 
 c10h_outdir:  /tigress/ruairidh/model_results/run_1/saves/wrn_28_10/con_False_lr_0.01_seed_1
[2018/09/25 21:32:49 __main__ INFO] - Train 96
[2018/09/25 21:33:08 __main__ INFO] - TEST 96
[2018/09/25 21:33:56 __main__ INFO] - - epoch 96    c10h_train    : 0.1729 (acc: 0.9937) | c10h_val    : 0.2940 (acc: 0.9560)
[2018/09/25 21:33:56 __main__ INFO] - -            c10h_train_c10: 0.0612 (acc: 0.9879) | c10h_val_c10: 0.1445 (acc: 0.9570)
[2018/09/25 21:33:56 __main__ INFO] - -            v4            : 0.3500 (acc: 0.8852) |           v6: 0.3290 (acc: 0.8965)
[2018/09/25 21:33:56 __main__ INFO] - -            c10_50k       : 0.0608 (acc: 0.9928)
[2018/09/25 21:33:56 __main__ INFO] - Elapsed 48.07
keys:  dict_keys(['epoch', 'c10h_train_loss', 'c10h_train_acc', 'c10h_val_loss', 'c10h_val_acc', 'c10h_train_c10_loss', 'c10h_train_c10_acc', 'c10h_val_c10_loss', 'c10h_val_c10_acc', 'v4_loss', 'v4_acc', 'v6_loss', 'v6_acc', 'c10_50k_loss', 'c10_50k_acc']) 
 c10h_outdir:  /tigress/ruairidh/model_results/run_1/saves/wrn_28_10/con_False_lr_0.01_seed_1
[2018/09/25 21:33:57 __main__ INFO] - Train 97
[2018/09/25 21:34:16 __main__ INFO] - TEST 97
[2018/09/25 21:35:04 __main__ INFO] - - epoch 97    c10h_train    : 0.1729 (acc: 0.9929) | c10h_val    : 0.2956 (acc: 0.9610)
[2018/09/25 21:35:05 __main__ INFO] - -            c10h_train_c10: 0.0631 (acc: 0.9871) | c10h_val_c10: 0.1472 (acc: 0.9620)
[2018/09/25 21:35:05 __main__ INFO] - -            v4            : 0.3640 (acc: 0.8788) |           v6: 0.3323 (acc: 0.8960)
[2018/09/25 21:35:05 __main__ INFO] - -            c10_50k       : 0.0617 (acc: 0.9928)
[2018/09/25 21:35:05 __main__ INFO] - Elapsed 48.05
keys:  dict_keys(['epoch', 'c10h_train_loss', 'c10h_train_acc', 'c10h_val_loss', 'c10h_val_acc', 'c10h_train_c10_loss', 'c10h_train_c10_acc', 'c10h_val_c10_loss', 'c10h_val_c10_acc', 'v4_loss', 'v4_acc', 'v6_loss', 'v6_acc', 'c10_50k_loss', 'c10_50k_acc']) 
 c10h_outdir:  /tigress/ruairidh/model_results/run_1/saves/wrn_28_10/con_False_lr_0.01_seed_1
[2018/09/25 21:35:05 __main__ INFO] - Train 98
[2018/09/25 21:35:24 __main__ INFO] - TEST 98
[2018/09/25 21:36:13 __main__ INFO] - - epoch 98    c10h_train    : 0.1729 (acc: 0.9932) | c10h_val    : 0.2977 (acc: 0.9550)
[2018/09/25 21:36:13 __main__ INFO] - -            c10h_train_c10: 0.0612 (acc: 0.9870) | c10h_val_c10: 0.1478 (acc: 0.9560)
[2018/09/25 21:36:13 __main__ INFO] - -            v4            : 0.3556 (acc: 0.8817) |           v6: 0.3288 (acc: 0.8945)
[2018/09/25 21:36:13 __main__ INFO] - -            c10_50k       : 0.0608 (acc: 0.9925)
[2018/09/25 21:36:13 __main__ INFO] - Elapsed 48.05
keys:  dict_keys(['epoch', 'c10h_train_loss', 'c10h_train_acc', 'c10h_val_loss', 'c10h_val_acc', 'c10h_train_c10_loss', 'c10h_train_c10_acc', 'c10h_val_c10_loss', 'c10h_val_c10_acc', 'v4_loss', 'v4_acc', 'v6_loss', 'v6_acc', 'c10_50k_loss', 'c10_50k_acc']) 
 c10h_outdir:  /tigress/ruairidh/model_results/run_1/saves/wrn_28_10/con_False_lr_0.01_seed_1
[2018/09/25 21:36:13 __main__ INFO] - Train 99
[2018/09/25 21:36:33 __main__ INFO] - TEST 99
[2018/09/25 21:37:21 __main__ INFO] - - epoch 99    c10h_train    : 0.1730 (acc: 0.9931) | c10h_val    : 0.2968 (acc: 0.9550)
[2018/09/25 21:37:21 __main__ INFO] - -            c10h_train_c10: 0.0607 (acc: 0.9872) | c10h_val_c10: 0.1457 (acc: 0.9560)
[2018/09/25 21:37:21 __main__ INFO] - -            v4            : 0.3633 (acc: 0.8817) |           v6: 0.3298 (acc: 0.9000)
[2018/09/25 21:37:21 __main__ INFO] - -            c10_50k       : 0.0606 (acc: 0.9923)
[2018/09/25 21:37:21 __main__ INFO] - Elapsed 47.90
keys:  dict_keys(['epoch', 'c10h_train_loss', 'c10h_train_acc', 'c10h_val_loss', 'c10h_val_acc', 'c10h_train_c10_loss', 'c10h_train_c10_acc', 'c10h_val_c10_loss', 'c10h_val_c10_acc', 'v4_loss', 'v4_acc', 'v6_loss', 'v6_acc', 'c10_50k_loss', 'c10_50k_acc']) 
 c10h_outdir:  /tigress/ruairidh/model_results/run_1/saves/wrn_28_10/con_False_lr_0.01_seed_1
[2018/09/25 21:37:21 __main__ INFO] - Train 100
[2018/09/25 21:37:41 __main__ INFO] - TEST 100
[2018/09/25 21:38:29 __main__ INFO] - - epoch 100    c10h_train    : 0.1728 (acc: 0.9929) | c10h_val    : 0.2980 (acc: 0.9570)
[2018/09/25 21:38:29 __main__ INFO] - -            c10h_train_c10: 0.0631 (acc: 0.9866) | c10h_val_c10: 0.1487 (acc: 0.9580)
[2018/09/25 21:38:29 __main__ INFO] - -            v4            : 0.3594 (acc: 0.8837) |           v6: 0.3314 (acc: 0.8965)
[2018/09/25 21:38:29 __main__ INFO] - -            c10_50k       : 0.0621 (acc: 0.9929)
[2018/09/25 21:38:29 __main__ INFO] - Elapsed 48.00
keys:  dict_keys(['epoch', 'c10h_train_loss', 'c10h_train_acc', 'c10h_val_loss', 'c10h_val_acc', 'c10h_train_c10_loss', 'c10h_train_c10_acc', 'c10h_val_c10_loss', 'c10h_val_c10_acc', 'v4_loss', 'v4_acc', 'v6_loss', 'v6_acc', 'c10_50k_loss', 'c10_50k_acc']) 
 c10h_outdir:  /tigress/ruairidh/model_results/run_1/saves/wrn_28_10/con_False_lr_0.01_seed_1
inner done
