entering inner script
activating virtual env
wrn_28_10
identifier: con_False_lr_0.1_seed_2
--arch=wrn --c10h_save_interval=2 --dataset=CIFAR10H --no_output --c10h_datasplit_seed=2 --human_tune --nonhuman_control=False --base_lr=0.1
wrn_28_10_control:False_lr:0.1_seed:2.out
entering python script
/tigress/ruairidh/model_results/run_1/wrn_28_10/model_best_state.pth
/tigress/ruairidh/model_results/run_1/saves/wrn_28_10/con_False_lr_0.1_seed_2
Using TensorFlow backend.
[2018/09/25 19:42:00 __main__ INFO] - {
  "model_config": {
    "arch": "wrn",
    "input_shape": [
      1,
      3,
      32,
      32
    ],
    "n_classes": 10,
    "base_channels": 16,
    "depth": 28,
    "widening_factor": 10,
    "drop_rate": 0
  },
  "optim_config": {
    "epochs": 200,
    "batch_size": 128,
    "optimizer": "sgd",
    "base_lr": 0.1,
    "weight_decay": 0.0005,
    "momentum": 0.9,
    "nesterov": true,
    "scheduler": "multistep",
    "milestones": [
      60,
      120,
      160
    ],
    "lr_decay": 0.2
  },
  "data_config": {
    "dataset": "CIFAR10H",
    "n_classes": 10,
    "num_workers": 7,
    "batch_size": 128,
    "use_cutout": false,
    "use_random_erasing": false,
    "use_mixup": false,
    "c10h_sample": false,
    "c10h_testsplit_percent": 0.1,
    "c10h_datasplit_seed": 2,
    "use_gpu": true
  },
  "run_config": {
    "seed": 17,
    "test_first": true,
    "gpu": "0",
    "tensorboard": false,
    "tensorboard_train_images": false,
    "tensorboard_test_images": false,
    "tensorboard_model_params": false,
    "resume": "/tigress/ruairidh/model_results/run_1/wrn_28_10/model_best_state.pth",
    "human_tune": true,
    "no_output": true,
    "test_only": false,
    "nonhuman_control": false,
    "c10h_scores_outdir": "/tigress/ruairidh/model_results/run_1/saves/wrn_28_10/con_False_lr_0.1_seed_2",
    "c10h_save_interval": "2",
    "use_gpu": true
  },
  "env_info": {
    "pytorch_version": "0.4.1",
    "cuda_version": "9.0.176",
    "cudnn_version": 7102,
    "gpu0": {
      "name": "Tesla P100-PCIE-16GB",
      "capability": "6.0"
    }
  }
}
Files already downloaded and verified
Files already downloaded and verified
Files already downloaded and verified
Files already downloaded and verified
Files already downloaded and verified
[2018/09/25 19:42:04 __main__ INFO] - Loading model...
[2018/09/25 19:42:04 __main__ INFO] - n_params: 36479194
[2018/09/25 19:42:06 __main__ INFO] - Done
=> loading checkpoint '/tigress/ruairidh/model_results/run_1/wrn_28_10/model_best_state.pth'
=> loaded checkpoint '/tigress/ruairidh/model_results/run_1/wrn_28_10/model_best_state.pth' (epoch 197)
[2018/09/25 19:42:10 __main__ INFO] - TEST 0
[2018/09/25 19:43:00 __main__ INFO] - - epoch 0    c10h_train    : 0.4530 (acc: 0.9493) | c10h_val    : 0.4780 (acc: 0.9620)
[2018/09/25 19:43:00 __main__ INFO] - -            c10h_train_c10: 0.1676 (acc: 0.9526) | c10h_val_c10: 0.1461 (acc: 0.9650)
[2018/09/25 19:43:00 __main__ INFO] - -            v4            : 0.4034 (acc: 0.8986) |           v6: 0.3818 (acc: 0.9100)
[2018/09/25 19:43:00 __main__ INFO] - -            c10_50k       : 0.0012 (acc: 1.0000)
[2018/09/25 19:43:00 __main__ INFO] - Elapsed 50.60
keys:  dict_keys(['epoch', 'c10h_train_loss', 'c10h_train_acc', 'c10h_val_loss', 'c10h_val_acc', 'c10h_train_c10_loss', 'c10h_train_c10_acc', 'c10h_val_c10_loss', 'c10h_val_c10_acc', 'v4_loss', 'v4_acc', 'v6_loss', 'v6_acc', 'c10_50k_loss', 'c10_50k_acc']) 
 c10h_outdir:  /tigress/ruairidh/model_results/run_1/saves/wrn_28_10/con_False_lr_0.1_seed_2
[2018/09/25 19:43:02 __main__ INFO] - Train 1
[2018/09/25 19:43:22 __main__ INFO] - TEST 1
[2018/09/25 19:44:10 __main__ INFO] - - epoch 1    c10h_train    : 1.4382 (acc: 0.4707) | c10h_val    : 1.4491 (acc: 0.4950)
[2018/09/25 19:44:10 __main__ INFO] - -            c10h_train_c10: 1.4156 (acc: 0.4699) | c10h_val_c10: 1.4251 (acc: 0.4990)
[2018/09/25 19:44:10 __main__ INFO] - -            v4            : 1.7252 (acc: 0.3855) |           v6: 1.7372 (acc: 0.3855)
[2018/09/25 19:44:10 __main__ INFO] - -            c10_50k       : 1.4334 (acc: 0.4739)
[2018/09/25 19:44:10 __main__ INFO] - Elapsed 48.01
keys:  dict_keys(['epoch', 'c10h_train_loss', 'c10h_train_acc', 'c10h_val_loss', 'c10h_val_acc', 'c10h_train_c10_loss', 'c10h_train_c10_acc', 'c10h_val_c10_loss', 'c10h_val_c10_acc', 'v4_loss', 'v4_acc', 'v6_loss', 'v6_acc', 'c10_50k_loss', 'c10_50k_acc']) 
 c10h_outdir:  /tigress/ruairidh/model_results/run_1/saves/wrn_28_10/con_False_lr_0.1_seed_2
[2018/09/25 19:44:13 __main__ INFO] - Train 2
[2018/09/25 19:44:32 __main__ INFO] - TEST 2
[2018/09/25 19:45:20 __main__ INFO] - - epoch 2    c10h_train    : 1.4707 (acc: 0.4987) | c10h_val    : 1.5377 (acc: 0.4780)
[2018/09/25 19:45:20 __main__ INFO] - -            c10h_train_c10: 1.4326 (acc: 0.4983) | c10h_val_c10: 1.4943 (acc: 0.4800)
[2018/09/25 19:45:20 __main__ INFO] - -            v4            : 1.8237 (acc: 0.3859) |           v6: 1.8688 (acc: 0.3780)
[2018/09/25 19:45:20 __main__ INFO] - -            c10_50k       : 1.4767 (acc: 0.4882)
[2018/09/25 19:45:20 __main__ INFO] - Elapsed 47.92
keys:  dict_keys(['epoch', 'c10h_train_loss', 'c10h_train_acc', 'c10h_val_loss', 'c10h_val_acc', 'c10h_train_c10_loss', 'c10h_train_c10_acc', 'c10h_val_c10_loss', 'c10h_val_c10_acc', 'v4_loss', 'v4_acc', 'v6_loss', 'v6_acc', 'c10_50k_loss', 'c10_50k_acc']) 
 c10h_outdir:  /tigress/ruairidh/model_results/run_1/saves/wrn_28_10/con_False_lr_0.1_seed_2
[2018/09/25 19:45:21 __main__ INFO] - Train 3
[2018/09/25 19:45:40 __main__ INFO] - TEST 3
[2018/09/25 19:46:28 __main__ INFO] - - epoch 3    c10h_train    : 1.4163 (acc: 0.5287) | c10h_val    : 1.4983 (acc: 0.5140)
[2018/09/25 19:46:29 __main__ INFO] - -            c10h_train_c10: 1.3573 (acc: 0.5288) | c10h_val_c10: 1.4271 (acc: 0.5150)
[2018/09/25 19:46:29 __main__ INFO] - -            v4            : 1.8323 (acc: 0.4067) |           v6: 1.8311 (acc: 0.4235)
[2018/09/25 19:46:29 __main__ INFO] - -            c10_50k       : 1.4261 (acc: 0.5132)
[2018/09/25 19:46:29 __main__ INFO] - Elapsed 48.29
keys:  dict_keys(['epoch', 'c10h_train_loss', 'c10h_train_acc', 'c10h_val_loss', 'c10h_val_acc', 'c10h_train_c10_loss', 'c10h_train_c10_acc', 'c10h_val_c10_loss', 'c10h_val_c10_acc', 'v4_loss', 'v4_acc', 'v6_loss', 'v6_acc', 'c10_50k_loss', 'c10_50k_acc']) 
 c10h_outdir:  /tigress/ruairidh/model_results/run_1/saves/wrn_28_10/con_False_lr_0.1_seed_2
[2018/09/25 19:46:33 __main__ INFO] - Train 4
[2018/09/25 19:46:52 __main__ INFO] - TEST 4
[2018/09/25 19:47:40 __main__ INFO] - - epoch 4    c10h_train    : 1.4505 (acc: 0.5516) | c10h_val    : 1.6983 (acc: 0.5280)
[2018/09/25 19:47:40 __main__ INFO] - -            c10h_train_c10: 1.3873 (acc: 0.5509) | c10h_val_c10: 1.6111 (acc: 0.5280)
[2018/09/25 19:47:40 __main__ INFO] - -            v4            : 1.8664 (acc: 0.4240) |           v6: 2.0646 (acc: 0.4355)
[2018/09/25 19:47:40 __main__ INFO] - -            c10_50k       : 1.4306 (acc: 0.5395)
[2018/09/25 19:47:40 __main__ INFO] - Elapsed 48.12
keys:  dict_keys(['epoch', 'c10h_train_loss', 'c10h_train_acc', 'c10h_val_loss', 'c10h_val_acc', 'c10h_train_c10_loss', 'c10h_train_c10_acc', 'c10h_val_c10_loss', 'c10h_val_c10_acc', 'v4_loss', 'v4_acc', 'v6_loss', 'v6_acc', 'c10_50k_loss', 'c10_50k_acc']) 
 c10h_outdir:  /tigress/ruairidh/model_results/run_1/saves/wrn_28_10/con_False_lr_0.1_seed_2
[2018/09/25 19:47:42 __main__ INFO] - Train 5
[2018/09/25 19:48:02 __main__ INFO] - TEST 5
[2018/09/25 19:48:50 __main__ INFO] - - epoch 5    c10h_train    : 1.0421 (acc: 0.6501) | c10h_val    : 1.2090 (acc: 0.6060)
[2018/09/25 19:48:50 __main__ INFO] - -            c10h_train_c10: 0.9683 (acc: 0.6514) | c10h_val_c10: 1.1432 (acc: 0.6070)
[2018/09/25 19:48:50 __main__ INFO] - -            v4            : 1.4515 (acc: 0.5225) |           v6: 1.5252 (acc: 0.5240)
[2018/09/25 19:48:50 __main__ INFO] - -            c10_50k       : 1.0787 (acc: 0.6241)
[2018/09/25 19:48:50 __main__ INFO] - Elapsed 47.84
keys:  dict_keys(['epoch', 'c10h_train_loss', 'c10h_train_acc', 'c10h_val_loss', 'c10h_val_acc', 'c10h_train_c10_loss', 'c10h_train_c10_acc', 'c10h_val_c10_loss', 'c10h_val_c10_acc', 'v4_loss', 'v4_acc', 'v6_loss', 'v6_acc', 'c10_50k_loss', 'c10_50k_acc']) 
 c10h_outdir:  /tigress/ruairidh/model_results/run_1/saves/wrn_28_10/con_False_lr_0.1_seed_2
[2018/09/25 19:48:52 __main__ INFO] - Train 6
[2018/09/25 19:49:11 __main__ INFO] - TEST 6
[2018/09/25 19:49:59 __main__ INFO] - - epoch 6    c10h_train    : 0.8696 (acc: 0.7258) | c10h_val    : 1.0061 (acc: 0.6720)
[2018/09/25 19:49:59 __main__ INFO] - -            c10h_train_c10: 0.7946 (acc: 0.7258) | c10h_val_c10: 0.9237 (acc: 0.6720)
[2018/09/25 19:49:59 __main__ INFO] - -            v4            : 1.2629 (acc: 0.5819) |           v6: 1.2939 (acc: 0.5745)
[2018/09/25 19:49:59 __main__ INFO] - -            c10_50k       : 0.9039 (acc: 0.6880)
[2018/09/25 19:49:59 __main__ INFO] - Elapsed 48.19
keys:  dict_keys(['epoch', 'c10h_train_loss', 'c10h_train_acc', 'c10h_val_loss', 'c10h_val_acc', 'c10h_train_c10_loss', 'c10h_train_c10_acc', 'c10h_val_c10_loss', 'c10h_val_c10_acc', 'v4_loss', 'v4_acc', 'v6_loss', 'v6_acc', 'c10_50k_loss', 'c10_50k_acc']) 
 c10h_outdir:  /tigress/ruairidh/model_results/run_1/saves/wrn_28_10/con_False_lr_0.1_seed_2
[2018/09/25 19:50:01 __main__ INFO] - Train 7
[2018/09/25 19:50:20 __main__ INFO] - TEST 7
[2018/09/25 19:51:08 __main__ INFO] - - epoch 7    c10h_train    : 0.8362 (acc: 0.7322) | c10h_val    : 0.9768 (acc: 0.7110)
[2018/09/25 19:51:08 __main__ INFO] - -            c10h_train_c10: 0.7473 (acc: 0.7330) | c10h_val_c10: 0.8753 (acc: 0.7110)
[2018/09/25 19:51:08 __main__ INFO] - -            v4            : 1.2566 (acc: 0.5666) |           v6: 1.2747 (acc: 0.5895)
[2018/09/25 19:51:08 __main__ INFO] - -            c10_50k       : 0.8754 (acc: 0.6992)
[2018/09/25 19:51:08 __main__ INFO] - Elapsed 48.05
keys:  dict_keys(['epoch', 'c10h_train_loss', 'c10h_train_acc', 'c10h_val_loss', 'c10h_val_acc', 'c10h_train_c10_loss', 'c10h_train_c10_acc', 'c10h_val_c10_loss', 'c10h_val_c10_acc', 'v4_loss', 'v4_acc', 'v6_loss', 'v6_acc', 'c10_50k_loss', 'c10_50k_acc']) 
 c10h_outdir:  /tigress/ruairidh/model_results/run_1/saves/wrn_28_10/con_False_lr_0.1_seed_2
[2018/09/25 19:51:09 __main__ INFO] - Train 8
[2018/09/25 19:51:29 __main__ INFO] - TEST 8
[2018/09/25 19:52:17 __main__ INFO] - - epoch 8    c10h_train    : 1.0328 (acc: 0.6744) | c10h_val    : 1.2383 (acc: 0.6480)
[2018/09/25 19:52:17 __main__ INFO] - -            c10h_train_c10: 0.9523 (acc: 0.6746) | c10h_val_c10: 1.1602 (acc: 0.6460)
[2018/09/25 19:52:17 __main__ INFO] - -            v4            : 1.4988 (acc: 0.5354) |           v6: 1.6676 (acc: 0.5185)
[2018/09/25 19:52:17 __main__ INFO] - -            c10_50k       : 1.0865 (acc: 0.6517)
[2018/09/25 19:52:17 __main__ INFO] - Elapsed 48.07
keys:  dict_keys(['epoch', 'c10h_train_loss', 'c10h_train_acc', 'c10h_val_loss', 'c10h_val_acc', 'c10h_train_c10_loss', 'c10h_train_c10_acc', 'c10h_val_c10_loss', 'c10h_val_c10_acc', 'v4_loss', 'v4_acc', 'v6_loss', 'v6_acc', 'c10_50k_loss', 'c10_50k_acc']) 
 c10h_outdir:  /tigress/ruairidh/model_results/run_1/saves/wrn_28_10/con_False_lr_0.1_seed_2
[2018/09/25 19:52:18 __main__ INFO] - Train 9
[2018/09/25 19:52:37 __main__ INFO] - TEST 9
[2018/09/25 19:53:26 __main__ INFO] - - epoch 9    c10h_train    : 0.7086 (acc: 0.7914) | c10h_val    : 0.9074 (acc: 0.7510)
[2018/09/25 19:53:26 __main__ INFO] - -            c10h_train_c10: 0.6068 (acc: 0.7920) | c10h_val_c10: 0.7990 (acc: 0.7510)
[2018/09/25 19:53:26 __main__ INFO] - -            v4            : 1.1183 (acc: 0.6180) |           v6: 1.1147 (acc: 0.6340)
[2018/09/25 19:53:26 __main__ INFO] - -            c10_50k       : 0.7590 (acc: 0.7423)
[2018/09/25 19:53:26 __main__ INFO] - Elapsed 48.32
keys:  dict_keys(['epoch', 'c10h_train_loss', 'c10h_train_acc', 'c10h_val_loss', 'c10h_val_acc', 'c10h_train_c10_loss', 'c10h_train_c10_acc', 'c10h_val_c10_loss', 'c10h_val_c10_acc', 'v4_loss', 'v4_acc', 'v6_loss', 'v6_acc', 'c10_50k_loss', 'c10_50k_acc']) 
 c10h_outdir:  /tigress/ruairidh/model_results/run_1/saves/wrn_28_10/con_False_lr_0.1_seed_2
[2018/09/25 19:53:27 __main__ INFO] - Train 10
[2018/09/25 19:53:47 __main__ INFO] - TEST 10
[2018/09/25 19:54:35 __main__ INFO] - - epoch 10    c10h_train    : 0.6378 (acc: 0.8146) | c10h_val    : 0.8299 (acc: 0.7670)
[2018/09/25 19:54:35 __main__ INFO] - -            c10h_train_c10: 0.5307 (acc: 0.8150) | c10h_val_c10: 0.7131 (acc: 0.7680)
[2018/09/25 19:54:35 __main__ INFO] - -            v4            : 1.1092 (acc: 0.6284) |           v6: 1.0831 (acc: 0.6485)
[2018/09/25 19:54:35 __main__ INFO] - -            c10_50k       : 0.7100 (acc: 0.7581)
[2018/09/25 19:54:35 __main__ INFO] - Elapsed 47.93
keys:  dict_keys(['epoch', 'c10h_train_loss', 'c10h_train_acc', 'c10h_val_loss', 'c10h_val_acc', 'c10h_train_c10_loss', 'c10h_train_c10_acc', 'c10h_val_c10_loss', 'c10h_val_c10_acc', 'v4_loss', 'v4_acc', 'v6_loss', 'v6_acc', 'c10_50k_loss', 'c10_50k_acc']) 
 c10h_outdir:  /tigress/ruairidh/model_results/run_1/saves/wrn_28_10/con_False_lr_0.1_seed_2
[2018/09/25 19:54:37 __main__ INFO] - Train 11
[2018/09/25 19:54:56 __main__ INFO] - TEST 11
[2018/09/25 19:55:44 __main__ INFO] - - epoch 11    c10h_train    : 0.8089 (acc: 0.7562) | c10h_val    : 1.0099 (acc: 0.7080)
[2018/09/25 19:55:44 __main__ INFO] - -            c10h_train_c10: 0.7267 (acc: 0.7563) | c10h_val_c10: 0.9309 (acc: 0.7110)
[2018/09/25 19:55:44 __main__ INFO] - -            v4            : 1.3677 (acc: 0.5680) |           v6: 1.3997 (acc: 0.5815)
[2018/09/25 19:55:44 __main__ INFO] - -            c10_50k       : 0.8881 (acc: 0.7096)
[2018/09/25 19:55:44 __main__ INFO] - Elapsed 48.25
keys:  dict_keys(['epoch', 'c10h_train_loss', 'c10h_train_acc', 'c10h_val_loss', 'c10h_val_acc', 'c10h_train_c10_loss', 'c10h_train_c10_acc', 'c10h_val_c10_loss', 'c10h_val_c10_acc', 'v4_loss', 'v4_acc', 'v6_loss', 'v6_acc', 'c10_50k_loss', 'c10_50k_acc']) 
 c10h_outdir:  /tigress/ruairidh/model_results/run_1/saves/wrn_28_10/con_False_lr_0.1_seed_2
[2018/09/25 19:55:46 __main__ INFO] - Train 12
[2018/09/25 19:56:06 __main__ INFO] - TEST 12
[2018/09/25 19:56:54 __main__ INFO] - - epoch 12    c10h_train    : 0.6852 (acc: 0.7909) | c10h_val    : 0.9273 (acc: 0.7260)
[2018/09/25 19:56:54 __main__ INFO] - -            c10h_train_c10: 0.5924 (acc: 0.7904) | c10h_val_c10: 0.8140 (acc: 0.7290)
[2018/09/25 19:56:54 __main__ INFO] - -            v4            : 1.2095 (acc: 0.5883) |           v6: 1.2267 (acc: 0.6090)
[2018/09/25 19:56:54 __main__ INFO] - -            c10_50k       : 0.7988 (acc: 0.7314)
[2018/09/25 19:56:54 __main__ INFO] - Elapsed 47.97
keys:  dict_keys(['epoch', 'c10h_train_loss', 'c10h_train_acc', 'c10h_val_loss', 'c10h_val_acc', 'c10h_train_c10_loss', 'c10h_train_c10_acc', 'c10h_val_c10_loss', 'c10h_val_c10_acc', 'v4_loss', 'v4_acc', 'v6_loss', 'v6_acc', 'c10_50k_loss', 'c10_50k_acc']) 
 c10h_outdir:  /tigress/ruairidh/model_results/run_1/saves/wrn_28_10/con_False_lr_0.1_seed_2
[2018/09/25 19:56:55 __main__ INFO] - Train 13
[2018/09/25 19:57:15 __main__ INFO] - TEST 13
[2018/09/25 19:58:03 __main__ INFO] - - epoch 13    c10h_train    : 0.5385 (acc: 0.8483) | c10h_val    : 0.7821 (acc: 0.7740)
[2018/09/25 19:58:04 __main__ INFO] - -            c10h_train_c10: 0.4436 (acc: 0.8464) | c10h_val_c10: 0.6856 (acc: 0.7760)
[2018/09/25 19:58:04 __main__ INFO] - -            v4            : 1.0237 (acc: 0.6685) |           v6: 1.0392 (acc: 0.6655)
[2018/09/25 19:58:04 __main__ INFO] - -            c10_50k       : 0.6535 (acc: 0.7812)
[2018/09/25 19:58:04 __main__ INFO] - Elapsed 48.97
keys:  dict_keys(['epoch', 'c10h_train_loss', 'c10h_train_acc', 'c10h_val_loss', 'c10h_val_acc', 'c10h_train_c10_loss', 'c10h_train_c10_acc', 'c10h_val_c10_loss', 'c10h_val_c10_acc', 'v4_loss', 'v4_acc', 'v6_loss', 'v6_acc', 'c10_50k_loss', 'c10_50k_acc']) 
 c10h_outdir:  /tigress/ruairidh/model_results/run_1/saves/wrn_28_10/con_False_lr_0.1_seed_2
[2018/09/25 19:58:06 __main__ INFO] - Train 14
[2018/09/25 19:58:25 __main__ INFO] - TEST 14
[2018/09/25 19:59:14 __main__ INFO] - - epoch 14    c10h_train    : 0.5334 (acc: 0.8566) | c10h_val    : 0.7685 (acc: 0.7950)
[2018/09/25 19:59:14 __main__ INFO] - -            c10h_train_c10: 0.4210 (acc: 0.8576) | c10h_val_c10: 0.6522 (acc: 0.7970)
[2018/09/25 19:59:14 __main__ INFO] - -            v4            : 0.9869 (acc: 0.6531) |           v6: 0.9877 (acc: 0.6720)
[2018/09/25 19:59:14 __main__ INFO] - -            c10_50k       : 0.6431 (acc: 0.7843)
[2018/09/25 19:59:14 __main__ INFO] - Elapsed 48.31
keys:  dict_keys(['epoch', 'c10h_train_loss', 'c10h_train_acc', 'c10h_val_loss', 'c10h_val_acc', 'c10h_train_c10_loss', 'c10h_train_c10_acc', 'c10h_val_c10_loss', 'c10h_val_c10_acc', 'v4_loss', 'v4_acc', 'v6_loss', 'v6_acc', 'c10_50k_loss', 'c10_50k_acc']) 
 c10h_outdir:  /tigress/ruairidh/model_results/run_1/saves/wrn_28_10/con_False_lr_0.1_seed_2
[2018/09/25 19:59:17 __main__ INFO] - Train 15
[2018/09/25 19:59:36 __main__ INFO] - TEST 15
[2018/09/25 20:00:24 __main__ INFO] - - epoch 15    c10h_train    : 0.4993 (acc: 0.8697) | c10h_val    : 0.7035 (acc: 0.7860)
[2018/09/25 20:00:24 __main__ INFO] - -            c10h_train_c10: 0.3986 (acc: 0.8679) | c10h_val_c10: 0.6083 (acc: 0.7860)
[2018/09/25 20:00:24 __main__ INFO] - -            v4            : 0.9495 (acc: 0.6690) |           v6: 0.9461 (acc: 0.6730)
[2018/09/25 20:00:24 __main__ INFO] - -            c10_50k       : 0.6249 (acc: 0.7869)
[2018/09/25 20:00:24 __main__ INFO] - Elapsed 48.25
keys:  dict_keys(['epoch', 'c10h_train_loss', 'c10h_train_acc', 'c10h_val_loss', 'c10h_val_acc', 'c10h_train_c10_loss', 'c10h_train_c10_acc', 'c10h_val_c10_loss', 'c10h_val_c10_acc', 'v4_loss', 'v4_acc', 'v6_loss', 'v6_acc', 'c10_50k_loss', 'c10_50k_acc']) 
 c10h_outdir:  /tigress/ruairidh/model_results/run_1/saves/wrn_28_10/con_False_lr_0.1_seed_2
[2018/09/25 20:00:26 __main__ INFO] - Train 16
[2018/09/25 20:00:46 __main__ INFO] - TEST 16
[2018/09/25 20:01:34 __main__ INFO] - - epoch 16    c10h_train    : 0.6916 (acc: 0.8024) | c10h_val    : 0.9236 (acc: 0.7590)
[2018/09/25 20:01:34 __main__ INFO] - -            c10h_train_c10: 0.5795 (acc: 0.8029) | c10h_val_c10: 0.8067 (acc: 0.7590)
[2018/09/25 20:01:34 __main__ INFO] - -            v4            : 1.3499 (acc: 0.6022) |           v6: 1.4153 (acc: 0.6140)
[2018/09/25 20:01:34 __main__ INFO] - -            c10_50k       : 0.8578 (acc: 0.7319)
[2018/09/25 20:01:34 __main__ INFO] - Elapsed 48.08
keys:  dict_keys(['epoch', 'c10h_train_loss', 'c10h_train_acc', 'c10h_val_loss', 'c10h_val_acc', 'c10h_train_c10_loss', 'c10h_train_c10_acc', 'c10h_val_c10_loss', 'c10h_val_c10_acc', 'v4_loss', 'v4_acc', 'v6_loss', 'v6_acc', 'c10_50k_loss', 'c10_50k_acc']) 
 c10h_outdir:  /tigress/ruairidh/model_results/run_1/saves/wrn_28_10/con_False_lr_0.1_seed_2
[2018/09/25 20:01:36 __main__ INFO] - Train 17
[2018/09/25 20:01:56 __main__ INFO] - TEST 17
[2018/09/25 20:02:44 __main__ INFO] - - epoch 17    c10h_train    : 0.8079 (acc: 0.7468) | c10h_val    : 1.1620 (acc: 0.6870)
[2018/09/25 20:02:44 __main__ INFO] - -            c10h_train_c10: 0.7024 (acc: 0.7460) | c10h_val_c10: 1.0347 (acc: 0.6870)
[2018/09/25 20:02:44 __main__ INFO] - -            v4            : 1.3178 (acc: 0.5794) |           v6: 1.4162 (acc: 0.5745)
[2018/09/25 20:02:44 __main__ INFO] - -            c10_50k       : 0.9543 (acc: 0.6860)
[2018/09/25 20:02:44 __main__ INFO] - Elapsed 48.15
keys:  dict_keys(['epoch', 'c10h_train_loss', 'c10h_train_acc', 'c10h_val_loss', 'c10h_val_acc', 'c10h_train_c10_loss', 'c10h_train_c10_acc', 'c10h_val_c10_loss', 'c10h_val_c10_acc', 'v4_loss', 'v4_acc', 'v6_loss', 'v6_acc', 'c10_50k_loss', 'c10_50k_acc']) 
 c10h_outdir:  /tigress/ruairidh/model_results/run_1/saves/wrn_28_10/con_False_lr_0.1_seed_2
[2018/09/25 20:02:46 __main__ INFO] - Train 18
[2018/09/25 20:03:05 __main__ INFO] - TEST 18
[2018/09/25 20:03:53 __main__ INFO] - - epoch 18    c10h_train    : 0.4735 (acc: 0.8778) | c10h_val    : 0.6931 (acc: 0.8080)
[2018/09/25 20:03:53 __main__ INFO] - -            c10h_train_c10: 0.3664 (acc: 0.8779) | c10h_val_c10: 0.5868 (acc: 0.8100)
[2018/09/25 20:03:53 __main__ INFO] - -            v4            : 0.9361 (acc: 0.6724) |           v6: 0.9151 (acc: 0.7030)
[2018/09/25 20:03:53 __main__ INFO] - -            c10_50k       : 0.6121 (acc: 0.7910)
[2018/09/25 20:03:53 __main__ INFO] - Elapsed 48.13
keys:  dict_keys(['epoch', 'c10h_train_loss', 'c10h_train_acc', 'c10h_val_loss', 'c10h_val_acc', 'c10h_train_c10_loss', 'c10h_train_c10_acc', 'c10h_val_c10_loss', 'c10h_val_c10_acc', 'v4_loss', 'v4_acc', 'v6_loss', 'v6_acc', 'c10_50k_loss', 'c10_50k_acc']) 
 c10h_outdir:  /tigress/ruairidh/model_results/run_1/saves/wrn_28_10/con_False_lr_0.1_seed_2
[2018/09/25 20:03:56 __main__ INFO] - Train 19
[2018/09/25 20:04:15 __main__ INFO] - TEST 19
[2018/09/25 20:05:03 __main__ INFO] - - epoch 19    c10h_train    : 0.7426 (acc: 0.7744) | c10h_val    : 1.1009 (acc: 0.6970)
[2018/09/25 20:05:03 __main__ INFO] - -            c10h_train_c10: 0.6349 (acc: 0.7733) | c10h_val_c10: 0.9980 (acc: 0.6990)
[2018/09/25 20:05:03 __main__ INFO] - -            v4            : 1.5280 (acc: 0.5760) |           v6: 1.5759 (acc: 0.5865)
[2018/09/25 20:05:03 __main__ INFO] - -            c10_50k       : 0.9307 (acc: 0.7071)
[2018/09/25 20:05:03 __main__ INFO] - Elapsed 48.20
keys:  dict_keys(['epoch', 'c10h_train_loss', 'c10h_train_acc', 'c10h_val_loss', 'c10h_val_acc', 'c10h_train_c10_loss', 'c10h_train_c10_acc', 'c10h_val_c10_loss', 'c10h_val_c10_acc', 'v4_loss', 'v4_acc', 'v6_loss', 'v6_acc', 'c10_50k_loss', 'c10_50k_acc']) 
 c10h_outdir:  /tigress/ruairidh/model_results/run_1/saves/wrn_28_10/con_False_lr_0.1_seed_2
[2018/09/25 20:05:04 __main__ INFO] - Train 20
[2018/09/25 20:05:23 __main__ INFO] - TEST 20
[2018/09/25 20:06:11 __main__ INFO] - - epoch 20    c10h_train    : 0.4817 (acc: 0.8707) | c10h_val    : 0.7066 (acc: 0.8080)
[2018/09/25 20:06:11 __main__ INFO] - -            c10h_train_c10: 0.3702 (acc: 0.8700) | c10h_val_c10: 0.5918 (acc: 0.8070)
[2018/09/25 20:06:11 __main__ INFO] - -            v4            : 1.0001 (acc: 0.6630) |           v6: 1.0251 (acc: 0.6565)
[2018/09/25 20:06:11 __main__ INFO] - -            c10_50k       : 0.6205 (acc: 0.7864)
[2018/09/25 20:06:11 __main__ INFO] - Elapsed 48.12
keys:  dict_keys(['epoch', 'c10h_train_loss', 'c10h_train_acc', 'c10h_val_loss', 'c10h_val_acc', 'c10h_train_c10_loss', 'c10h_train_c10_acc', 'c10h_val_c10_loss', 'c10h_val_c10_acc', 'v4_loss', 'v4_acc', 'v6_loss', 'v6_acc', 'c10_50k_loss', 'c10_50k_acc']) 
 c10h_outdir:  /tigress/ruairidh/model_results/run_1/saves/wrn_28_10/con_False_lr_0.1_seed_2
[2018/09/25 20:06:12 __main__ INFO] - Train 21
[2018/09/25 20:06:31 __main__ INFO] - TEST 21
[2018/09/25 20:07:19 __main__ INFO] - - epoch 21    c10h_train    : 0.4832 (acc: 0.8719) | c10h_val    : 0.7890 (acc: 0.7980)
[2018/09/25 20:07:19 __main__ INFO] - -            c10h_train_c10: 0.3707 (acc: 0.8702) | c10h_val_c10: 0.6720 (acc: 0.8000)
[2018/09/25 20:07:19 __main__ INFO] - -            v4            : 1.0102 (acc: 0.6690) |           v6: 1.0205 (acc: 0.6790)
[2018/09/25 20:07:19 __main__ INFO] - -            c10_50k       : 0.6572 (acc: 0.7819)
[2018/09/25 20:07:19 __main__ INFO] - Elapsed 48.07
keys:  dict_keys(['epoch', 'c10h_train_loss', 'c10h_train_acc', 'c10h_val_loss', 'c10h_val_acc', 'c10h_train_c10_loss', 'c10h_train_c10_acc', 'c10h_val_c10_loss', 'c10h_val_c10_acc', 'v4_loss', 'v4_acc', 'v6_loss', 'v6_acc', 'c10_50k_loss', 'c10_50k_acc']) 
 c10h_outdir:  /tigress/ruairidh/model_results/run_1/saves/wrn_28_10/con_False_lr_0.1_seed_2
[2018/09/25 20:07:20 __main__ INFO] - Train 22
[2018/09/25 20:07:40 __main__ INFO] - TEST 22
[2018/09/25 20:08:28 __main__ INFO] - - epoch 22    c10h_train    : 0.4363 (acc: 0.8921) | c10h_val    : 0.7690 (acc: 0.7910)
[2018/09/25 20:08:28 __main__ INFO] - -            c10h_train_c10: 0.3157 (acc: 0.8914) | c10h_val_c10: 0.6477 (acc: 0.7910)
[2018/09/25 20:08:28 __main__ INFO] - -            v4            : 1.0109 (acc: 0.6635) |           v6: 0.9977 (acc: 0.6790)
[2018/09/25 20:08:28 __main__ INFO] - -            c10_50k       : 0.6334 (acc: 0.7897)
[2018/09/25 20:08:28 __main__ INFO] - Elapsed 48.28
keys:  dict_keys(['epoch', 'c10h_train_loss', 'c10h_train_acc', 'c10h_val_loss', 'c10h_val_acc', 'c10h_train_c10_loss', 'c10h_train_c10_acc', 'c10h_val_c10_loss', 'c10h_val_c10_acc', 'v4_loss', 'v4_acc', 'v6_loss', 'v6_acc', 'c10_50k_loss', 'c10_50k_acc']) 
 c10h_outdir:  /tigress/ruairidh/model_results/run_1/saves/wrn_28_10/con_False_lr_0.1_seed_2
[2018/09/25 20:08:30 __main__ INFO] - Train 23
[2018/09/25 20:08:50 __main__ INFO] - TEST 23
[2018/09/25 20:09:38 __main__ INFO] - - epoch 23    c10h_train    : 0.3693 (acc: 0.9238) | c10h_val    : 0.6763 (acc: 0.8090)
[2018/09/25 20:09:38 __main__ INFO] - -            c10h_train_c10: 0.2345 (acc: 0.9246) | c10h_val_c10: 0.5414 (acc: 0.8110)
[2018/09/25 20:09:38 __main__ INFO] - -            v4            : 0.8696 (acc: 0.7095) |           v6: 0.8485 (acc: 0.7255)
[2018/09/25 20:09:38 __main__ INFO] - -            c10_50k       : 0.5254 (acc: 0.8205)
[2018/09/25 20:09:38 __main__ INFO] - Elapsed 48.26
keys:  dict_keys(['epoch', 'c10h_train_loss', 'c10h_train_acc', 'c10h_val_loss', 'c10h_val_acc', 'c10h_train_c10_loss', 'c10h_train_c10_acc', 'c10h_val_c10_loss', 'c10h_val_c10_acc', 'v4_loss', 'v4_acc', 'v6_loss', 'v6_acc', 'c10_50k_loss', 'c10_50k_acc']) 
 c10h_outdir:  /tigress/ruairidh/model_results/run_1/saves/wrn_28_10/con_False_lr_0.1_seed_2
[2018/09/25 20:09:40 __main__ INFO] - Train 24
[2018/09/25 20:09:59 __main__ INFO] - TEST 24
[2018/09/25 20:10:47 __main__ INFO] - - epoch 24    c10h_train    : 0.4024 (acc: 0.9036) | c10h_val    : 0.6899 (acc: 0.8010)
[2018/09/25 20:10:47 __main__ INFO] - -            c10h_train_c10: 0.2808 (acc: 0.9016) | c10h_val_c10: 0.5657 (acc: 0.8020)
[2018/09/25 20:10:47 __main__ INFO] - -            v4            : 0.8796 (acc: 0.7036) |           v6: 0.8952 (acc: 0.7035)
[2018/09/25 20:10:47 __main__ INFO] - -            c10_50k       : 0.5725 (acc: 0.8070)
[2018/09/25 20:10:47 __main__ INFO] - Elapsed 47.92
keys:  dict_keys(['epoch', 'c10h_train_loss', 'c10h_train_acc', 'c10h_val_loss', 'c10h_val_acc', 'c10h_train_c10_loss', 'c10h_train_c10_acc', 'c10h_val_c10_loss', 'c10h_val_c10_acc', 'v4_loss', 'v4_acc', 'v6_loss', 'v6_acc', 'c10_50k_loss', 'c10_50k_acc']) 
 c10h_outdir:  /tigress/ruairidh/model_results/run_1/saves/wrn_28_10/con_False_lr_0.1_seed_2
[2018/09/25 20:10:50 __main__ INFO] - Train 25
[2018/09/25 20:11:09 __main__ INFO] - TEST 25
[2018/09/25 20:11:57 __main__ INFO] - - epoch 25    c10h_train    : 0.4150 (acc: 0.9050) | c10h_val    : 0.7126 (acc: 0.7870)
[2018/09/25 20:11:57 __main__ INFO] - -            c10h_train_c10: 0.2927 (acc: 0.9050) | c10h_val_c10: 0.5892 (acc: 0.7870)
[2018/09/25 20:11:57 __main__ INFO] - -            v4            : 0.9874 (acc: 0.6611) |           v6: 0.9603 (acc: 0.6805)
[2018/09/25 20:11:57 __main__ INFO] - -            c10_50k       : 0.5974 (acc: 0.7993)
[2018/09/25 20:11:57 __main__ INFO] - Elapsed 48.16
keys:  dict_keys(['epoch', 'c10h_train_loss', 'c10h_train_acc', 'c10h_val_loss', 'c10h_val_acc', 'c10h_train_c10_loss', 'c10h_train_c10_acc', 'c10h_val_c10_loss', 'c10h_val_c10_acc', 'v4_loss', 'v4_acc', 'v6_loss', 'v6_acc', 'c10_50k_loss', 'c10_50k_acc']) 
 c10h_outdir:  /tigress/ruairidh/model_results/run_1/saves/wrn_28_10/con_False_lr_0.1_seed_2
[2018/09/25 20:11:59 __main__ INFO] - Train 26
[2018/09/25 20:12:18 __main__ INFO] - TEST 26
[2018/09/25 20:13:07 __main__ INFO] - - epoch 26    c10h_train    : 0.5249 (acc: 0.8604) | c10h_val    : 0.9413 (acc: 0.7450)
[2018/09/25 20:13:07 __main__ INFO] - -            c10h_train_c10: 0.4014 (acc: 0.8580) | c10h_val_c10: 0.8289 (acc: 0.7470)
[2018/09/25 20:13:07 __main__ INFO] - -            v4            : 1.2267 (acc: 0.6319) |           v6: 1.3542 (acc: 0.6225)
[2018/09/25 20:13:07 __main__ INFO] - -            c10_50k       : 0.7659 (acc: 0.7630)
[2018/09/25 20:13:07 __main__ INFO] - Elapsed 48.30
keys:  dict_keys(['epoch', 'c10h_train_loss', 'c10h_train_acc', 'c10h_val_loss', 'c10h_val_acc', 'c10h_train_c10_loss', 'c10h_train_c10_acc', 'c10h_val_c10_loss', 'c10h_val_c10_acc', 'v4_loss', 'v4_acc', 'v6_loss', 'v6_acc', 'c10_50k_loss', 'c10_50k_acc']) 
 c10h_outdir:  /tigress/ruairidh/model_results/run_1/saves/wrn_28_10/con_False_lr_0.1_seed_2
[2018/09/25 20:13:07 __main__ INFO] - Train 27
[2018/09/25 20:13:27 __main__ INFO] - TEST 27
[2018/09/25 20:14:15 __main__ INFO] - - epoch 27    c10h_train    : 0.7844 (acc: 0.7738) | c10h_val    : 1.2452 (acc: 0.6750)
[2018/09/25 20:14:15 __main__ INFO] - -            c10h_train_c10: 0.6563 (acc: 0.7719) | c10h_val_c10: 1.1132 (acc: 0.6740)
[2018/09/25 20:14:15 __main__ INFO] - -            v4            : 1.5186 (acc: 0.5784) |           v6: 1.6053 (acc: 0.5765)
[2018/09/25 20:14:15 __main__ INFO] - -            c10_50k       : 1.0144 (acc: 0.6940)
[2018/09/25 20:14:15 __main__ INFO] - Elapsed 48.06
keys:  dict_keys(['epoch', 'c10h_train_loss', 'c10h_train_acc', 'c10h_val_loss', 'c10h_val_acc', 'c10h_train_c10_loss', 'c10h_train_c10_acc', 'c10h_val_c10_loss', 'c10h_val_c10_acc', 'v4_loss', 'v4_acc', 'v6_loss', 'v6_acc', 'c10_50k_loss', 'c10_50k_acc']) 
 c10h_outdir:  /tigress/ruairidh/model_results/run_1/saves/wrn_28_10/con_False_lr_0.1_seed_2
[2018/09/25 20:14:15 __main__ INFO] - Train 28
[2018/09/25 20:14:35 __main__ INFO] - TEST 28
[2018/09/25 20:15:23 __main__ INFO] - - epoch 28    c10h_train    : 0.4505 (acc: 0.8917) | c10h_val    : 0.7993 (acc: 0.7890)
[2018/09/25 20:15:23 __main__ INFO] - -            c10h_train_c10: 0.3308 (acc: 0.8897) | c10h_val_c10: 0.6726 (acc: 0.7890)
[2018/09/25 20:15:23 __main__ INFO] - -            v4            : 1.0389 (acc: 0.6655) |           v6: 1.0929 (acc: 0.6590)
[2018/09/25 20:15:23 __main__ INFO] - -            c10_50k       : 0.6453 (acc: 0.7885)
[2018/09/25 20:15:23 __main__ INFO] - Elapsed 48.32
keys:  dict_keys(['epoch', 'c10h_train_loss', 'c10h_train_acc', 'c10h_val_loss', 'c10h_val_acc', 'c10h_train_c10_loss', 'c10h_train_c10_acc', 'c10h_val_c10_loss', 'c10h_val_c10_acc', 'v4_loss', 'v4_acc', 'v6_loss', 'v6_acc', 'c10_50k_loss', 'c10_50k_acc']) 
 c10h_outdir:  /tigress/ruairidh/model_results/run_1/saves/wrn_28_10/con_False_lr_0.1_seed_2
[2018/09/25 20:15:25 __main__ INFO] - Train 29
[2018/09/25 20:15:45 __main__ INFO] - TEST 29
[2018/09/25 20:16:33 __main__ INFO] - - epoch 29    c10h_train    : 0.3855 (acc: 0.9177) | c10h_val    : 0.7344 (acc: 0.8180)
[2018/09/25 20:16:33 __main__ INFO] - -            c10h_train_c10: 0.2554 (acc: 0.9153) | c10h_val_c10: 0.6108 (acc: 0.8170)
[2018/09/25 20:16:33 __main__ INFO] - -            v4            : 0.9535 (acc: 0.6962) |           v6: 0.9824 (acc: 0.7015)
[2018/09/25 20:16:33 __main__ INFO] - -            c10_50k       : 0.5788 (acc: 0.8121)
[2018/09/25 20:16:33 __main__ INFO] - Elapsed 47.97
keys:  dict_keys(['epoch', 'c10h_train_loss', 'c10h_train_acc', 'c10h_val_loss', 'c10h_val_acc', 'c10h_train_c10_loss', 'c10h_train_c10_acc', 'c10h_val_c10_loss', 'c10h_val_c10_acc', 'v4_loss', 'v4_acc', 'v6_loss', 'v6_acc', 'c10_50k_loss', 'c10_50k_acc']) 
 c10h_outdir:  /tigress/ruairidh/model_results/run_1/saves/wrn_28_10/con_False_lr_0.1_seed_2
[2018/09/25 20:16:34 __main__ INFO] - Train 30
[2018/09/25 20:16:53 __main__ INFO] - TEST 30
[2018/09/25 20:17:42 __main__ INFO] - - epoch 30    c10h_train    : 0.3723 (acc: 0.9227) | c10h_val    : 0.7403 (acc: 0.8040)
[2018/09/25 20:17:42 __main__ INFO] - -            c10h_train_c10: 0.2396 (acc: 0.9221) | c10h_val_c10: 0.6063 (acc: 0.8060)
[2018/09/25 20:17:42 __main__ INFO] - -            v4            : 0.8988 (acc: 0.7115) |           v6: 0.9271 (acc: 0.7050)
[2018/09/25 20:17:42 __main__ INFO] - -            c10_50k       : 0.5441 (acc: 0.8171)
[2018/09/25 20:17:42 __main__ INFO] - Elapsed 48.13
keys:  dict_keys(['epoch', 'c10h_train_loss', 'c10h_train_acc', 'c10h_val_loss', 'c10h_val_acc', 'c10h_train_c10_loss', 'c10h_train_c10_acc', 'c10h_val_c10_loss', 'c10h_val_c10_acc', 'v4_loss', 'v4_acc', 'v6_loss', 'v6_acc', 'c10_50k_loss', 'c10_50k_acc']) 
 c10h_outdir:  /tigress/ruairidh/model_results/run_1/saves/wrn_28_10/con_False_lr_0.1_seed_2
[2018/09/25 20:17:44 __main__ INFO] - Train 31
[2018/09/25 20:18:03 __main__ INFO] - TEST 31
[2018/09/25 20:18:52 __main__ INFO] - - epoch 31    c10h_train    : 0.4407 (acc: 0.8976) | c10h_val    : 0.8089 (acc: 0.7800)
[2018/09/25 20:18:52 __main__ INFO] - -            c10h_train_c10: 0.3150 (acc: 0.8971) | c10h_val_c10: 0.6854 (acc: 0.7830)
[2018/09/25 20:18:52 __main__ INFO] - -            v4            : 1.0772 (acc: 0.6655) |           v6: 1.1255 (acc: 0.6660)
[2018/09/25 20:18:52 __main__ INFO] - -            c10_50k       : 0.6573 (acc: 0.7883)
[2018/09/25 20:18:52 __main__ INFO] - Elapsed 48.39
keys:  dict_keys(['epoch', 'c10h_train_loss', 'c10h_train_acc', 'c10h_val_loss', 'c10h_val_acc', 'c10h_train_c10_loss', 'c10h_train_c10_acc', 'c10h_val_c10_loss', 'c10h_val_c10_acc', 'v4_loss', 'v4_acc', 'v6_loss', 'v6_acc', 'c10_50k_loss', 'c10_50k_acc']) 
 c10h_outdir:  /tigress/ruairidh/model_results/run_1/saves/wrn_28_10/con_False_lr_0.1_seed_2
[2018/09/25 20:18:53 __main__ INFO] - Train 32
[2018/09/25 20:19:12 __main__ INFO] - TEST 32
[2018/09/25 20:20:00 __main__ INFO] - - epoch 32    c10h_train    : 0.4140 (acc: 0.9050) | c10h_val    : 0.7881 (acc: 0.7930)
[2018/09/25 20:20:01 __main__ INFO] - -            c10h_train_c10: 0.2802 (acc: 0.9044) | c10h_val_c10: 0.6453 (acc: 0.7940)
[2018/09/25 20:20:01 __main__ INFO] - -            v4            : 0.9995 (acc: 0.6739) |           v6: 1.0034 (acc: 0.6895)
[2018/09/25 20:20:01 __main__ INFO] - -            c10_50k       : 0.6019 (acc: 0.8010)
[2018/09/25 20:20:01 __main__ INFO] - Elapsed 47.97
keys:  dict_keys(['epoch', 'c10h_train_loss', 'c10h_train_acc', 'c10h_val_loss', 'c10h_val_acc', 'c10h_train_c10_loss', 'c10h_train_c10_acc', 'c10h_val_c10_loss', 'c10h_val_c10_acc', 'v4_loss', 'v4_acc', 'v6_loss', 'v6_acc', 'c10_50k_loss', 'c10_50k_acc']) 
 c10h_outdir:  /tigress/ruairidh/model_results/run_1/saves/wrn_28_10/con_False_lr_0.1_seed_2
[2018/09/25 20:20:01 __main__ INFO] - Train 33
[2018/09/25 20:20:20 __main__ INFO] - TEST 33
[2018/09/25 20:21:08 __main__ INFO] - - epoch 33    c10h_train    : 0.4869 (acc: 0.8727) | c10h_val    : 0.8802 (acc: 0.7540)
[2018/09/25 20:21:09 __main__ INFO] - -            c10h_train_c10: 0.3571 (acc: 0.8730) | c10h_val_c10: 0.7390 (acc: 0.7590)
[2018/09/25 20:21:09 __main__ INFO] - -            v4            : 1.1224 (acc: 0.6581) |           v6: 1.1297 (acc: 0.6590)
[2018/09/25 20:21:09 __main__ INFO] - -            c10_50k       : 0.7002 (acc: 0.7698)
[2018/09/25 20:21:09 __main__ INFO] - Elapsed 48.05
keys:  dict_keys(['epoch', 'c10h_train_loss', 'c10h_train_acc', 'c10h_val_loss', 'c10h_val_acc', 'c10h_train_c10_loss', 'c10h_train_c10_acc', 'c10h_val_c10_loss', 'c10h_val_c10_acc', 'v4_loss', 'v4_acc', 'v6_loss', 'v6_acc', 'c10_50k_loss', 'c10_50k_acc']) 
 c10h_outdir:  /tigress/ruairidh/model_results/run_1/saves/wrn_28_10/con_False_lr_0.1_seed_2
[2018/09/25 20:21:11 __main__ INFO] - Train 34
[2018/09/25 20:21:31 __main__ INFO] - TEST 34
[2018/09/25 20:22:19 __main__ INFO] - - epoch 34    c10h_train    : 0.3552 (acc: 0.9311) | c10h_val    : 0.7272 (acc: 0.8030)
[2018/09/25 20:22:19 __main__ INFO] - -            c10h_train_c10: 0.2308 (acc: 0.9297) | c10h_val_c10: 0.6097 (acc: 0.8050)
[2018/09/25 20:22:19 __main__ INFO] - -            v4            : 0.9153 (acc: 0.7036) |           v6: 0.8928 (acc: 0.7210)
[2018/09/25 20:22:19 __main__ INFO] - -            c10_50k       : 0.5781 (acc: 0.8095)
[2018/09/25 20:22:19 __main__ INFO] - Elapsed 48.29
keys:  dict_keys(['epoch', 'c10h_train_loss', 'c10h_train_acc', 'c10h_val_loss', 'c10h_val_acc', 'c10h_train_c10_loss', 'c10h_train_c10_acc', 'c10h_val_c10_loss', 'c10h_val_c10_acc', 'v4_loss', 'v4_acc', 'v6_loss', 'v6_acc', 'c10_50k_loss', 'c10_50k_acc']) 
 c10h_outdir:  /tigress/ruairidh/model_results/run_1/saves/wrn_28_10/con_False_lr_0.1_seed_2
[2018/09/25 20:22:20 __main__ INFO] - Train 35
[2018/09/25 20:22:39 __main__ INFO] - TEST 35
[2018/09/25 20:23:28 __main__ INFO] - - epoch 35    c10h_train    : 0.4237 (acc: 0.9028) | c10h_val    : 0.7648 (acc: 0.7930)
[2018/09/25 20:23:28 __main__ INFO] - -            c10h_train_c10: 0.2918 (acc: 0.9022) | c10h_val_c10: 0.6418 (acc: 0.7970)
[2018/09/25 20:23:28 __main__ INFO] - -            v4            : 1.0161 (acc: 0.6695) |           v6: 1.0917 (acc: 0.6680)
[2018/09/25 20:23:28 __main__ INFO] - -            c10_50k       : 0.6547 (acc: 0.7894)
[2018/09/25 20:23:28 __main__ INFO] - Elapsed 48.30
keys:  dict_keys(['epoch', 'c10h_train_loss', 'c10h_train_acc', 'c10h_val_loss', 'c10h_val_acc', 'c10h_train_c10_loss', 'c10h_train_c10_acc', 'c10h_val_c10_loss', 'c10h_val_c10_acc', 'v4_loss', 'v4_acc', 'v6_loss', 'v6_acc', 'c10_50k_loss', 'c10_50k_acc']) 
 c10h_outdir:  /tigress/ruairidh/model_results/run_1/saves/wrn_28_10/con_False_lr_0.1_seed_2
[2018/09/25 20:23:28 __main__ INFO] - Train 36
[2018/09/25 20:23:48 __main__ INFO] - TEST 36
[2018/09/25 20:24:36 __main__ INFO] - - epoch 36    c10h_train    : 0.4276 (acc: 0.9029) | c10h_val    : 0.7852 (acc: 0.8050)
[2018/09/25 20:24:36 __main__ INFO] - -            c10h_train_c10: 0.3004 (acc: 0.9028) | c10h_val_c10: 0.6520 (acc: 0.8060)
[2018/09/25 20:24:36 __main__ INFO] - -            v4            : 1.0241 (acc: 0.6719) |           v6: 1.0332 (acc: 0.6750)
[2018/09/25 20:24:36 __main__ INFO] - -            c10_50k       : 0.6408 (acc: 0.7937)
[2018/09/25 20:24:36 __main__ INFO] - Elapsed 48.24
keys:  dict_keys(['epoch', 'c10h_train_loss', 'c10h_train_acc', 'c10h_val_loss', 'c10h_val_acc', 'c10h_train_c10_loss', 'c10h_train_c10_acc', 'c10h_val_c10_loss', 'c10h_val_c10_acc', 'v4_loss', 'v4_acc', 'v6_loss', 'v6_acc', 'c10_50k_loss', 'c10_50k_acc']) 
 c10h_outdir:  /tigress/ruairidh/model_results/run_1/saves/wrn_28_10/con_False_lr_0.1_seed_2
[2018/09/25 20:24:39 __main__ INFO] - Train 37
[2018/09/25 20:24:58 __main__ INFO] - TEST 37
[2018/09/25 20:25:46 __main__ INFO] - - epoch 37    c10h_train    : 0.4018 (acc: 0.9089) | c10h_val    : 0.7836 (acc: 0.7850)
[2018/09/25 20:25:46 __main__ INFO] - -            c10h_train_c10: 0.2780 (acc: 0.9082) | c10h_val_c10: 0.6640 (acc: 0.7840)
[2018/09/25 20:25:46 __main__ INFO] - -            v4            : 1.0214 (acc: 0.6670) |           v6: 1.0866 (acc: 0.6670)
[2018/09/25 20:25:46 __main__ INFO] - -            c10_50k       : 0.6107 (acc: 0.7988)
[2018/09/25 20:25:46 __main__ INFO] - Elapsed 48.10
keys:  dict_keys(['epoch', 'c10h_train_loss', 'c10h_train_acc', 'c10h_val_loss', 'c10h_val_acc', 'c10h_train_c10_loss', 'c10h_train_c10_acc', 'c10h_val_c10_loss', 'c10h_val_c10_acc', 'v4_loss', 'v4_acc', 'v6_loss', 'v6_acc', 'c10_50k_loss', 'c10_50k_acc']) 
 c10h_outdir:  /tigress/ruairidh/model_results/run_1/saves/wrn_28_10/con_False_lr_0.1_seed_2
[2018/09/25 20:25:49 __main__ INFO] - Train 38
[2018/09/25 20:26:08 __main__ INFO] - TEST 38
[2018/09/25 20:26:56 __main__ INFO] - - epoch 38    c10h_train    : 0.3837 (acc: 0.9183) | c10h_val    : 0.7601 (acc: 0.8000)
[2018/09/25 20:26:56 __main__ INFO] - -            c10h_train_c10: 0.2577 (acc: 0.9179) | c10h_val_c10: 0.6517 (acc: 0.7990)
[2018/09/25 20:26:56 __main__ INFO] - -            v4            : 0.9758 (acc: 0.6873) |           v6: 1.0095 (acc: 0.6945)
[2018/09/25 20:26:56 __main__ INFO] - -            c10_50k       : 0.6071 (acc: 0.8040)
[2018/09/25 20:26:56 __main__ INFO] - Elapsed 47.90
keys:  dict_keys(['epoch', 'c10h_train_loss', 'c10h_train_acc', 'c10h_val_loss', 'c10h_val_acc', 'c10h_train_c10_loss', 'c10h_train_c10_acc', 'c10h_val_c10_loss', 'c10h_val_c10_acc', 'v4_loss', 'v4_acc', 'v6_loss', 'v6_acc', 'c10_50k_loss', 'c10_50k_acc']) 
 c10h_outdir:  /tigress/ruairidh/model_results/run_1/saves/wrn_28_10/con_False_lr_0.1_seed_2
[2018/09/25 20:26:58 __main__ INFO] - Train 39
[2018/09/25 20:27:18 __main__ INFO] - TEST 39
[2018/09/25 20:28:06 __main__ INFO] - - epoch 39    c10h_train    : 0.4949 (acc: 0.8739) | c10h_val    : 0.8315 (acc: 0.7770)
[2018/09/25 20:28:06 __main__ INFO] - -            c10h_train_c10: 0.3791 (acc: 0.8727) | c10h_val_c10: 0.7085 (acc: 0.7770)
[2018/09/25 20:28:06 __main__ INFO] - -            v4            : 1.1682 (acc: 0.6388) |           v6: 1.1595 (acc: 0.6395)
[2018/09/25 20:28:06 __main__ INFO] - -            c10_50k       : 0.7544 (acc: 0.7604)
[2018/09/25 20:28:06 __main__ INFO] - Elapsed 48.19
keys:  dict_keys(['epoch', 'c10h_train_loss', 'c10h_train_acc', 'c10h_val_loss', 'c10h_val_acc', 'c10h_train_c10_loss', 'c10h_train_c10_acc', 'c10h_val_c10_loss', 'c10h_val_c10_acc', 'v4_loss', 'v4_acc', 'v6_loss', 'v6_acc', 'c10_50k_loss', 'c10_50k_acc']) 
 c10h_outdir:  /tigress/ruairidh/model_results/run_1/saves/wrn_28_10/con_False_lr_0.1_seed_2
[2018/09/25 20:28:08 __main__ INFO] - Train 40
[2018/09/25 20:28:27 __main__ INFO] - TEST 40
[2018/09/25 20:29:15 __main__ INFO] - - epoch 40    c10h_train    : 0.3973 (acc: 0.9104) | c10h_val    : 0.7575 (acc: 0.7900)
[2018/09/25 20:29:16 __main__ INFO] - -            c10h_train_c10: 0.2748 (acc: 0.9092) | c10h_val_c10: 0.6415 (acc: 0.7920)
[2018/09/25 20:29:16 __main__ INFO] - -            v4            : 0.9223 (acc: 0.6893) |           v6: 0.9244 (acc: 0.7085)
[2018/09/25 20:29:16 __main__ INFO] - -            c10_50k       : 0.5924 (acc: 0.8053)
[2018/09/25 20:29:16 __main__ INFO] - Elapsed 48.13
keys:  dict_keys(['epoch', 'c10h_train_loss', 'c10h_train_acc', 'c10h_val_loss', 'c10h_val_acc', 'c10h_train_c10_loss', 'c10h_train_c10_acc', 'c10h_val_c10_loss', 'c10h_val_c10_acc', 'v4_loss', 'v4_acc', 'v6_loss', 'v6_acc', 'c10_50k_loss', 'c10_50k_acc']) 
 c10h_outdir:  /tigress/ruairidh/model_results/run_1/saves/wrn_28_10/con_False_lr_0.1_seed_2
[2018/09/25 20:29:17 __main__ INFO] - Train 41
[2018/09/25 20:29:37 __main__ INFO] - TEST 41
[2018/09/25 20:30:25 __main__ INFO] - - epoch 41    c10h_train    : 0.3945 (acc: 0.9091) | c10h_val    : 0.7805 (acc: 0.7720)
[2018/09/25 20:30:25 __main__ INFO] - -            c10h_train_c10: 0.2726 (acc: 0.9070) | c10h_val_c10: 0.6663 (acc: 0.7730)
[2018/09/25 20:30:25 __main__ INFO] - -            v4            : 0.9628 (acc: 0.6907) |           v6: 1.0136 (acc: 0.6820)
[2018/09/25 20:30:25 __main__ INFO] - -            c10_50k       : 0.6324 (acc: 0.7910)
[2018/09/25 20:30:25 __main__ INFO] - Elapsed 47.98
keys:  dict_keys(['epoch', 'c10h_train_loss', 'c10h_train_acc', 'c10h_val_loss', 'c10h_val_acc', 'c10h_train_c10_loss', 'c10h_train_c10_acc', 'c10h_val_c10_loss', 'c10h_val_c10_acc', 'v4_loss', 'v4_acc', 'v6_loss', 'v6_acc', 'c10_50k_loss', 'c10_50k_acc']) 
 c10h_outdir:  /tigress/ruairidh/model_results/run_1/saves/wrn_28_10/con_False_lr_0.1_seed_2
[2018/09/25 20:30:25 __main__ INFO] - Train 42
[2018/09/25 20:30:45 __main__ INFO] - TEST 42
[2018/09/25 20:31:33 __main__ INFO] - - epoch 42    c10h_train    : 0.4449 (acc: 0.8980) | c10h_val    : 0.8709 (acc: 0.7670)
[2018/09/25 20:31:33 __main__ INFO] - -            c10h_train_c10: 0.3109 (acc: 0.8971) | c10h_val_c10: 0.7479 (acc: 0.7670)
[2018/09/25 20:31:33 __main__ INFO] - -            v4            : 1.1727 (acc: 0.6531) |           v6: 1.2176 (acc: 0.6550)
[2018/09/25 20:31:33 __main__ INFO] - -            c10_50k       : 0.7028 (acc: 0.7770)
[2018/09/25 20:31:33 __main__ INFO] - Elapsed 47.92
keys:  dict_keys(['epoch', 'c10h_train_loss', 'c10h_train_acc', 'c10h_val_loss', 'c10h_val_acc', 'c10h_train_c10_loss', 'c10h_train_c10_acc', 'c10h_val_c10_loss', 'c10h_val_c10_acc', 'v4_loss', 'v4_acc', 'v6_loss', 'v6_acc', 'c10_50k_loss', 'c10_50k_acc']) 
 c10h_outdir:  /tigress/ruairidh/model_results/run_1/saves/wrn_28_10/con_False_lr_0.1_seed_2
[2018/09/25 20:31:33 __main__ INFO] - Train 43
[2018/09/25 20:31:53 __main__ INFO] - TEST 43
[2018/09/25 20:32:41 __main__ INFO] - - epoch 43    c10h_train    : 0.3883 (acc: 0.9169) | c10h_val    : 0.7843 (acc: 0.7870)
[2018/09/25 20:32:41 __main__ INFO] - -            c10h_train_c10: 0.2722 (acc: 0.9144) | c10h_val_c10: 0.6764 (acc: 0.7860)
[2018/09/25 20:32:41 __main__ INFO] - -            v4            : 0.9808 (acc: 0.6838) |           v6: 1.0484 (acc: 0.6830)
[2018/09/25 20:32:41 __main__ INFO] - -            c10_50k       : 0.6257 (acc: 0.7985)
[2018/09/25 20:32:41 __main__ INFO] - Elapsed 48.04
keys:  dict_keys(['epoch', 'c10h_train_loss', 'c10h_train_acc', 'c10h_val_loss', 'c10h_val_acc', 'c10h_train_c10_loss', 'c10h_train_c10_acc', 'c10h_val_c10_loss', 'c10h_val_c10_acc', 'v4_loss', 'v4_acc', 'v6_loss', 'v6_acc', 'c10_50k_loss', 'c10_50k_acc']) 
 c10h_outdir:  /tigress/ruairidh/model_results/run_1/saves/wrn_28_10/con_False_lr_0.1_seed_2
[2018/09/25 20:32:41 __main__ INFO] - Train 44
[2018/09/25 20:33:01 __main__ INFO] - TEST 44
[2018/09/25 20:33:49 __main__ INFO] - - epoch 44    c10h_train    : 0.4063 (acc: 0.9142) | c10h_val    : 0.8854 (acc: 0.7750)
[2018/09/25 20:33:49 __main__ INFO] - -            c10h_train_c10: 0.2693 (acc: 0.9137) | c10h_val_c10: 0.7661 (acc: 0.7770)
[2018/09/25 20:33:49 __main__ INFO] - -            v4            : 1.0397 (acc: 0.6739) |           v6: 1.1054 (acc: 0.6780)
[2018/09/25 20:33:49 __main__ INFO] - -            c10_50k       : 0.6628 (acc: 0.7918)
[2018/09/25 20:33:49 __main__ INFO] - Elapsed 48.08
keys:  dict_keys(['epoch', 'c10h_train_loss', 'c10h_train_acc', 'c10h_val_loss', 'c10h_val_acc', 'c10h_train_c10_loss', 'c10h_train_c10_acc', 'c10h_val_c10_loss', 'c10h_val_c10_acc', 'v4_loss', 'v4_acc', 'v6_loss', 'v6_acc', 'c10_50k_loss', 'c10_50k_acc']) 
 c10h_outdir:  /tigress/ruairidh/model_results/run_1/saves/wrn_28_10/con_False_lr_0.1_seed_2
[2018/09/25 20:33:51 __main__ INFO] - Train 45
[2018/09/25 20:34:10 __main__ INFO] - TEST 45
[2018/09/25 20:34:58 __main__ INFO] - - epoch 45    c10h_train    : 0.4408 (acc: 0.8919) | c10h_val    : 0.9056 (acc: 0.7590)
[2018/09/25 20:34:58 __main__ INFO] - -            c10h_train_c10: 0.3214 (acc: 0.8887) | c10h_val_c10: 0.7930 (acc: 0.7590)
[2018/09/25 20:34:58 __main__ INFO] - -            v4            : 1.1444 (acc: 0.6611) |           v6: 1.1980 (acc: 0.6605)
[2018/09/25 20:34:58 __main__ INFO] - -            c10_50k       : 0.7118 (acc: 0.7776)
[2018/09/25 20:34:58 __main__ INFO] - Elapsed 48.05
keys:  dict_keys(['epoch', 'c10h_train_loss', 'c10h_train_acc', 'c10h_val_loss', 'c10h_val_acc', 'c10h_train_c10_loss', 'c10h_train_c10_acc', 'c10h_val_c10_loss', 'c10h_val_c10_acc', 'v4_loss', 'v4_acc', 'v6_loss', 'v6_acc', 'c10_50k_loss', 'c10_50k_acc']) 
 c10h_outdir:  /tigress/ruairidh/model_results/run_1/saves/wrn_28_10/con_False_lr_0.1_seed_2
[2018/09/25 20:35:01 __main__ INFO] - Train 46
[2018/09/25 20:35:20 __main__ INFO] - TEST 46
[2018/09/25 20:36:08 __main__ INFO] - - epoch 46    c10h_train    : 0.3365 (acc: 0.9380) | c10h_val    : 0.6482 (acc: 0.8250)
[2018/09/25 20:36:08 __main__ INFO] - -            c10h_train_c10: 0.2081 (acc: 0.9361) | c10h_val_c10: 0.5178 (acc: 0.8260)
[2018/09/25 20:36:08 __main__ INFO] - -            v4            : 0.9124 (acc: 0.6932) |           v6: 0.9093 (acc: 0.7110)
[2018/09/25 20:36:08 __main__ INFO] - -            c10_50k       : 0.5355 (acc: 0.8216)
[2018/09/25 20:36:08 __main__ INFO] - Elapsed 48.03
keys:  dict_keys(['epoch', 'c10h_train_loss', 'c10h_train_acc', 'c10h_val_loss', 'c10h_val_acc', 'c10h_train_c10_loss', 'c10h_train_c10_acc', 'c10h_val_c10_loss', 'c10h_val_c10_acc', 'v4_loss', 'v4_acc', 'v6_loss', 'v6_acc', 'c10_50k_loss', 'c10_50k_acc']) 
 c10h_outdir:  /tigress/ruairidh/model_results/run_1/saves/wrn_28_10/con_False_lr_0.1_seed_2
[2018/09/25 20:36:09 __main__ INFO] - Train 47
[2018/09/25 20:36:29 __main__ INFO] - TEST 47
[2018/09/25 20:37:17 __main__ INFO] - - epoch 47    c10h_train    : 0.5038 (acc: 0.8661) | c10h_val    : 0.9375 (acc: 0.7560)
[2018/09/25 20:37:17 __main__ INFO] - -            c10h_train_c10: 0.3984 (acc: 0.8644) | c10h_val_c10: 0.8484 (acc: 0.7550)
[2018/09/25 20:37:17 __main__ INFO] - -            v4            : 1.0961 (acc: 0.6551) |           v6: 1.1873 (acc: 0.6410)
[2018/09/25 20:37:17 __main__ INFO] - -            c10_50k       : 0.7726 (acc: 0.7534)
[2018/09/25 20:37:17 __main__ INFO] - Elapsed 48.02
keys:  dict_keys(['epoch', 'c10h_train_loss', 'c10h_train_acc', 'c10h_val_loss', 'c10h_val_acc', 'c10h_train_c10_loss', 'c10h_train_c10_acc', 'c10h_val_c10_loss', 'c10h_val_c10_acc', 'v4_loss', 'v4_acc', 'v6_loss', 'v6_acc', 'c10_50k_loss', 'c10_50k_acc']) 
 c10h_outdir:  /tigress/ruairidh/model_results/run_1/saves/wrn_28_10/con_False_lr_0.1_seed_2
[2018/09/25 20:37:18 __main__ INFO] - Train 48
[2018/09/25 20:37:37 __main__ INFO] - TEST 48
[2018/09/25 20:38:26 __main__ INFO] - - epoch 48    c10h_train    : 0.3408 (acc: 0.9354) | c10h_val    : 0.6823 (acc: 0.8240)
[2018/09/25 20:38:26 __main__ INFO] - -            c10h_train_c10: 0.2027 (acc: 0.9346) | c10h_val_c10: 0.5307 (acc: 0.8250)
[2018/09/25 20:38:26 __main__ INFO] - -            v4            : 0.8871 (acc: 0.7229) |           v6: 0.8817 (acc: 0.7285)
[2018/09/25 20:38:26 __main__ INFO] - -            c10_50k       : 0.5426 (acc: 0.8224)
[2018/09/25 20:38:26 __main__ INFO] - Elapsed 48.07
keys:  dict_keys(['epoch', 'c10h_train_loss', 'c10h_train_acc', 'c10h_val_loss', 'c10h_val_acc', 'c10h_train_c10_loss', 'c10h_train_c10_acc', 'c10h_val_c10_loss', 'c10h_val_c10_acc', 'v4_loss', 'v4_acc', 'v6_loss', 'v6_acc', 'c10_50k_loss', 'c10_50k_acc']) 
 c10h_outdir:  /tigress/ruairidh/model_results/run_1/saves/wrn_28_10/con_False_lr_0.1_seed_2
[2018/09/25 20:38:28 __main__ INFO] - Train 49
[2018/09/25 20:38:47 __main__ INFO] - TEST 49
[2018/09/25 20:39:36 __main__ INFO] - - epoch 49    c10h_train    : 0.3441 (acc: 0.9318) | c10h_val    : 0.6892 (acc: 0.8190)
[2018/09/25 20:39:36 __main__ INFO] - -            c10h_train_c10: 0.2154 (acc: 0.9308) | c10h_val_c10: 0.5544 (acc: 0.8240)
[2018/09/25 20:39:36 __main__ INFO] - -            v4            : 0.9988 (acc: 0.6754) |           v6: 0.9552 (acc: 0.6945)
[2018/09/25 20:39:36 __main__ INFO] - -            c10_50k       : 0.5488 (acc: 0.8170)
[2018/09/25 20:39:36 __main__ INFO] - Elapsed 48.05
keys:  dict_keys(['epoch', 'c10h_train_loss', 'c10h_train_acc', 'c10h_val_loss', 'c10h_val_acc', 'c10h_train_c10_loss', 'c10h_train_c10_acc', 'c10h_val_c10_loss', 'c10h_val_c10_acc', 'v4_loss', 'v4_acc', 'v6_loss', 'v6_acc', 'c10_50k_loss', 'c10_50k_acc']) 
 c10h_outdir:  /tigress/ruairidh/model_results/run_1/saves/wrn_28_10/con_False_lr_0.1_seed_2
[2018/09/25 20:39:37 __main__ INFO] - Train 50
[2018/09/25 20:39:57 __main__ INFO] - TEST 50
[2018/09/25 20:40:45 __main__ INFO] - - epoch 50    c10h_train    : 0.4344 (acc: 0.8944) | c10h_val    : 0.8691 (acc: 0.7780)
[2018/09/25 20:40:45 __main__ INFO] - -            c10h_train_c10: 0.3095 (acc: 0.8932) | c10h_val_c10: 0.7563 (acc: 0.7790)
[2018/09/25 20:40:45 __main__ INFO] - -            v4            : 1.0311 (acc: 0.6734) |           v6: 1.0816 (acc: 0.6825)
[2018/09/25 20:40:45 __main__ INFO] - -            c10_50k       : 0.6865 (acc: 0.7780)
[2018/09/25 20:40:45 __main__ INFO] - Elapsed 48.28
keys:  dict_keys(['epoch', 'c10h_train_loss', 'c10h_train_acc', 'c10h_val_loss', 'c10h_val_acc', 'c10h_train_c10_loss', 'c10h_train_c10_acc', 'c10h_val_c10_loss', 'c10h_val_c10_acc', 'v4_loss', 'v4_acc', 'v6_loss', 'v6_acc', 'c10_50k_loss', 'c10_50k_acc']) 
 c10h_outdir:  /tigress/ruairidh/model_results/run_1/saves/wrn_28_10/con_False_lr_0.1_seed_2
[2018/09/25 20:40:46 __main__ INFO] - Train 51
[2018/09/25 20:41:06 __main__ INFO] - TEST 51
[2018/09/25 20:41:54 __main__ INFO] - - epoch 51    c10h_train    : 0.3691 (acc: 0.9202) | c10h_val    : 0.7261 (acc: 0.8020)
[2018/09/25 20:41:54 __main__ INFO] - -            c10h_train_c10: 0.2419 (acc: 0.9188) | c10h_val_c10: 0.5966 (acc: 0.8050)
[2018/09/25 20:41:54 __main__ INFO] - -            v4            : 0.9240 (acc: 0.7006) |           v6: 0.9606 (acc: 0.7055)
[2018/09/25 20:41:54 __main__ INFO] - -            c10_50k       : 0.5903 (acc: 0.8064)
[2018/09/25 20:41:54 __main__ INFO] - Elapsed 48.00
keys:  dict_keys(['epoch', 'c10h_train_loss', 'c10h_train_acc', 'c10h_val_loss', 'c10h_val_acc', 'c10h_train_c10_loss', 'c10h_train_c10_acc', 'c10h_val_c10_loss', 'c10h_val_c10_acc', 'v4_loss', 'v4_acc', 'v6_loss', 'v6_acc', 'c10_50k_loss', 'c10_50k_acc']) 
 c10h_outdir:  /tigress/ruairidh/model_results/run_1/saves/wrn_28_10/con_False_lr_0.1_seed_2
[2018/09/25 20:41:57 __main__ INFO] - Train 52
[2018/09/25 20:42:16 __main__ INFO] - TEST 52
[2018/09/25 20:43:04 __main__ INFO] - - epoch 52    c10h_train    : 0.4656 (acc: 0.8890) | c10h_val    : 0.8668 (acc: 0.7620)
[2018/09/25 20:43:04 __main__ INFO] - -            c10h_train_c10: 0.3441 (acc: 0.8879) | c10h_val_c10: 0.7394 (acc: 0.7640)
[2018/09/25 20:43:04 __main__ INFO] - -            v4            : 1.0251 (acc: 0.6729) |           v6: 1.0859 (acc: 0.6640)
[2018/09/25 20:43:04 __main__ INFO] - -            c10_50k       : 0.6972 (acc: 0.7726)
[2018/09/25 20:43:04 __main__ INFO] - Elapsed 48.18
keys:  dict_keys(['epoch', 'c10h_train_loss', 'c10h_train_acc', 'c10h_val_loss', 'c10h_val_acc', 'c10h_train_c10_loss', 'c10h_train_c10_acc', 'c10h_val_c10_loss', 'c10h_val_c10_acc', 'v4_loss', 'v4_acc', 'v6_loss', 'v6_acc', 'c10_50k_loss', 'c10_50k_acc']) 
 c10h_outdir:  /tigress/ruairidh/model_results/run_1/saves/wrn_28_10/con_False_lr_0.1_seed_2
[2018/09/25 20:43:05 __main__ INFO] - Train 53
[2018/09/25 20:43:25 __main__ INFO] - TEST 53
[2018/09/25 20:44:13 __main__ INFO] - - epoch 53    c10h_train    : 0.5254 (acc: 0.8547) | c10h_val    : 1.0213 (acc: 0.7360)
[2018/09/25 20:44:13 __main__ INFO] - -            c10h_train_c10: 0.4142 (acc: 0.8522) | c10h_val_c10: 0.9195 (acc: 0.7350)
[2018/09/25 20:44:13 __main__ INFO] - -            v4            : 1.3054 (acc: 0.6091) |           v6: 1.3707 (acc: 0.6235)
[2018/09/25 20:44:13 __main__ INFO] - -            c10_50k       : 0.8199 (acc: 0.7504)
[2018/09/25 20:44:13 __main__ INFO] - Elapsed 47.94
keys:  dict_keys(['epoch', 'c10h_train_loss', 'c10h_train_acc', 'c10h_val_loss', 'c10h_val_acc', 'c10h_train_c10_loss', 'c10h_train_c10_acc', 'c10h_val_c10_loss', 'c10h_val_c10_acc', 'v4_loss', 'v4_acc', 'v6_loss', 'v6_acc', 'c10_50k_loss', 'c10_50k_acc']) 
 c10h_outdir:  /tigress/ruairidh/model_results/run_1/saves/wrn_28_10/con_False_lr_0.1_seed_2
[2018/09/25 20:44:15 __main__ INFO] - Train 54
[2018/09/25 20:44:34 __main__ INFO] - TEST 54
[2018/09/25 20:45:22 __main__ INFO] - - epoch 54    c10h_train    : 0.3355 (acc: 0.9346) | c10h_val    : 0.6513 (acc: 0.8170)
[2018/09/25 20:45:23 __main__ INFO] - -            c10h_train_c10: 0.2095 (acc: 0.9330) | c10h_val_c10: 0.5471 (acc: 0.8160)
[2018/09/25 20:45:23 __main__ INFO] - -            v4            : 0.9434 (acc: 0.7095) |           v6: 0.9096 (acc: 0.7225)
[2018/09/25 20:45:23 __main__ INFO] - -            c10_50k       : 0.5748 (acc: 0.8119)
[2018/09/25 20:45:23 __main__ INFO] - Elapsed 48.38
keys:  dict_keys(['epoch', 'c10h_train_loss', 'c10h_train_acc', 'c10h_val_loss', 'c10h_val_acc', 'c10h_train_c10_loss', 'c10h_train_c10_acc', 'c10h_val_c10_loss', 'c10h_val_c10_acc', 'v4_loss', 'v4_acc', 'v6_loss', 'v6_acc', 'c10_50k_loss', 'c10_50k_acc']) 
 c10h_outdir:  /tigress/ruairidh/model_results/run_1/saves/wrn_28_10/con_False_lr_0.1_seed_2
[2018/09/25 20:45:23 __main__ INFO] - Train 55
[2018/09/25 20:45:43 __main__ INFO] - TEST 55
[2018/09/25 20:46:31 __main__ INFO] - - epoch 55    c10h_train    : 0.3528 (acc: 0.9309) | c10h_val    : 0.7073 (acc: 0.8020)
[2018/09/25 20:46:31 __main__ INFO] - -            c10h_train_c10: 0.2197 (acc: 0.9289) | c10h_val_c10: 0.5821 (acc: 0.8020)
[2018/09/25 20:46:31 __main__ INFO] - -            v4            : 0.9490 (acc: 0.6932) |           v6: 0.9924 (acc: 0.6975)
[2018/09/25 20:46:31 __main__ INFO] - -            c10_50k       : 0.5935 (acc: 0.8039)
[2018/09/25 20:46:31 __main__ INFO] - Elapsed 47.94
keys:  dict_keys(['epoch', 'c10h_train_loss', 'c10h_train_acc', 'c10h_val_loss', 'c10h_val_acc', 'c10h_train_c10_loss', 'c10h_train_c10_acc', 'c10h_val_c10_loss', 'c10h_val_c10_acc', 'v4_loss', 'v4_acc', 'v6_loss', 'v6_acc', 'c10_50k_loss', 'c10_50k_acc']) 
 c10h_outdir:  /tigress/ruairidh/model_results/run_1/saves/wrn_28_10/con_False_lr_0.1_seed_2
[2018/09/25 20:46:33 __main__ INFO] - Train 56
[2018/09/25 20:46:52 __main__ INFO] - TEST 56
[2018/09/25 20:47:40 __main__ INFO] - - epoch 56    c10h_train    : 0.3840 (acc: 0.9131) | c10h_val    : 0.7741 (acc: 0.7930)
[2018/09/25 20:47:41 __main__ INFO] - -            c10h_train_c10: 0.2617 (acc: 0.9117) | c10h_val_c10: 0.6508 (acc: 0.7950)
[2018/09/25 20:47:41 __main__ INFO] - -            v4            : 1.0368 (acc: 0.6729) |           v6: 1.0713 (acc: 0.6860)
[2018/09/25 20:47:41 __main__ INFO] - -            c10_50k       : 0.6081 (acc: 0.8009)
[2018/09/25 20:47:41 __main__ INFO] - Elapsed 48.45
keys:  dict_keys(['epoch', 'c10h_train_loss', 'c10h_train_acc', 'c10h_val_loss', 'c10h_val_acc', 'c10h_train_c10_loss', 'c10h_train_c10_acc', 'c10h_val_c10_loss', 'c10h_val_c10_acc', 'v4_loss', 'v4_acc', 'v6_loss', 'v6_acc', 'c10_50k_loss', 'c10_50k_acc']) 
 c10h_outdir:  /tigress/ruairidh/model_results/run_1/saves/wrn_28_10/con_False_lr_0.1_seed_2
[2018/09/25 20:47:43 __main__ INFO] - Train 57
[2018/09/25 20:48:02 __main__ INFO] - TEST 57
[2018/09/25 20:48:50 __main__ INFO] - - epoch 57    c10h_train    : 0.4363 (acc: 0.8941) | c10h_val    : 0.8309 (acc: 0.7810)
[2018/09/25 20:48:50 __main__ INFO] - -            c10h_train_c10: 0.3125 (acc: 0.8927) | c10h_val_c10: 0.7158 (acc: 0.7800)
[2018/09/25 20:48:50 __main__ INFO] - -            v4            : 1.1569 (acc: 0.6507) |           v6: 1.2058 (acc: 0.6565)
[2018/09/25 20:48:50 __main__ INFO] - -            c10_50k       : 0.7004 (acc: 0.7806)
[2018/09/25 20:48:50 __main__ INFO] - Elapsed 47.94
keys:  dict_keys(['epoch', 'c10h_train_loss', 'c10h_train_acc', 'c10h_val_loss', 'c10h_val_acc', 'c10h_train_c10_loss', 'c10h_train_c10_acc', 'c10h_val_c10_loss', 'c10h_val_c10_acc', 'v4_loss', 'v4_acc', 'v6_loss', 'v6_acc', 'c10_50k_loss', 'c10_50k_acc']) 
 c10h_outdir:  /tigress/ruairidh/model_results/run_1/saves/wrn_28_10/con_False_lr_0.1_seed_2
[2018/09/25 20:48:51 __main__ INFO] - Train 58
[2018/09/25 20:49:11 __main__ INFO] - TEST 58
[2018/09/25 20:49:59 __main__ INFO] - - epoch 58    c10h_train    : 0.3470 (acc: 0.9344) | c10h_val    : 0.7486 (acc: 0.8090)
[2018/09/25 20:49:59 __main__ INFO] - -            c10h_train_c10: 0.2188 (acc: 0.9331) | c10h_val_c10: 0.6219 (acc: 0.8090)
[2018/09/25 20:49:59 __main__ INFO] - -            v4            : 0.9689 (acc: 0.6922) |           v6: 1.0435 (acc: 0.6975)
[2018/09/25 20:49:59 __main__ INFO] - -            c10_50k       : 0.5837 (acc: 0.8108)
[2018/09/25 20:49:59 __main__ INFO] - Elapsed 48.21
keys:  dict_keys(['epoch', 'c10h_train_loss', 'c10h_train_acc', 'c10h_val_loss', 'c10h_val_acc', 'c10h_train_c10_loss', 'c10h_train_c10_acc', 'c10h_val_c10_loss', 'c10h_val_c10_acc', 'v4_loss', 'v4_acc', 'v6_loss', 'v6_acc', 'c10_50k_loss', 'c10_50k_acc']) 
 c10h_outdir:  /tigress/ruairidh/model_results/run_1/saves/wrn_28_10/con_False_lr_0.1_seed_2
[2018/09/25 20:49:59 __main__ INFO] - Train 59
[2018/09/25 20:50:19 __main__ INFO] - TEST 59
[2018/09/25 20:51:07 __main__ INFO] - - epoch 59    c10h_train    : 0.4128 (acc: 0.8991) | c10h_val    : 0.8026 (acc: 0.7810)
[2018/09/25 20:51:07 __main__ INFO] - -            c10h_train_c10: 0.2927 (acc: 0.8980) | c10h_val_c10: 0.6985 (acc: 0.7780)
[2018/09/25 20:51:07 __main__ INFO] - -            v4            : 1.1049 (acc: 0.6645) |           v6: 1.1222 (acc: 0.6685)
[2018/09/25 20:51:07 __main__ INFO] - -            c10_50k       : 0.6804 (acc: 0.7772)
[2018/09/25 20:51:07 __main__ INFO] - Elapsed 48.24
keys:  dict_keys(['epoch', 'c10h_train_loss', 'c10h_train_acc', 'c10h_val_loss', 'c10h_val_acc', 'c10h_train_c10_loss', 'c10h_train_c10_acc', 'c10h_val_c10_loss', 'c10h_val_c10_acc', 'v4_loss', 'v4_acc', 'v6_loss', 'v6_acc', 'c10_50k_loss', 'c10_50k_acc']) 
 c10h_outdir:  /tigress/ruairidh/model_results/run_1/saves/wrn_28_10/con_False_lr_0.1_seed_2
[2018/09/25 20:51:09 __main__ INFO] - Train 60
[2018/09/25 20:51:29 __main__ INFO] - TEST 60
[2018/09/25 20:52:17 __main__ INFO] - - epoch 60    c10h_train    : 0.3585 (acc: 0.9266) | c10h_val    : 0.6907 (acc: 0.8070)
[2018/09/25 20:52:17 __main__ INFO] - -            c10h_train_c10: 0.2307 (acc: 0.9243) | c10h_val_c10: 0.5686 (acc: 0.8070)
[2018/09/25 20:52:17 __main__ INFO] - -            v4            : 0.9524 (acc: 0.6888) |           v6: 0.9770 (acc: 0.7035)
[2018/09/25 20:52:17 __main__ INFO] - -            c10_50k       : 0.5817 (acc: 0.8038)
[2018/09/25 20:52:17 __main__ INFO] - Elapsed 47.88
keys:  dict_keys(['epoch', 'c10h_train_loss', 'c10h_train_acc', 'c10h_val_loss', 'c10h_val_acc', 'c10h_train_c10_loss', 'c10h_train_c10_acc', 'c10h_val_c10_loss', 'c10h_val_c10_acc', 'v4_loss', 'v4_acc', 'v6_loss', 'v6_acc', 'c10_50k_loss', 'c10_50k_acc']) 
 c10h_outdir:  /tigress/ruairidh/model_results/run_1/saves/wrn_28_10/con_False_lr_0.1_seed_2
[2018/09/25 20:52:18 __main__ INFO] - Train 61
[2018/09/25 20:52:37 __main__ INFO] - TEST 61
[2018/09/25 20:53:26 __main__ INFO] - - epoch 61    c10h_train    : 0.2217 (acc: 0.9851) | c10h_val    : 0.4790 (acc: 0.8860)
[2018/09/25 20:53:26 __main__ INFO] - -            c10h_train_c10: 0.0725 (acc: 0.9819) | c10h_val_c10: 0.3399 (acc: 0.8870)
[2018/09/25 20:53:26 __main__ INFO] - -            v4            : 0.6604 (acc: 0.7808) |           v6: 0.6598 (acc: 0.7910)
[2018/09/25 20:53:26 __main__ INFO] - -            c10_50k       : 0.3679 (acc: 0.8795)
[2018/09/25 20:53:26 __main__ INFO] - Elapsed 48.62
keys:  dict_keys(['epoch', 'c10h_train_loss', 'c10h_train_acc', 'c10h_val_loss', 'c10h_val_acc', 'c10h_train_c10_loss', 'c10h_train_c10_acc', 'c10h_val_c10_loss', 'c10h_val_c10_acc', 'v4_loss', 'v4_acc', 'v6_loss', 'v6_acc', 'c10_50k_loss', 'c10_50k_acc']) 
 c10h_outdir:  /tigress/ruairidh/model_results/run_1/saves/wrn_28_10/con_False_lr_0.1_seed_2
[2018/09/25 20:53:28 __main__ INFO] - Train 62
[2018/09/25 20:53:47 __main__ INFO] - TEST 62
[2018/09/25 20:54:35 __main__ INFO] - - epoch 62    c10h_train    : 0.2151 (acc: 0.9862) | c10h_val    : 0.4784 (acc: 0.8810)
[2018/09/25 20:54:35 __main__ INFO] - -            c10h_train_c10: 0.0702 (acc: 0.9832) | c10h_val_c10: 0.3485 (acc: 0.8820)
[2018/09/25 20:54:35 __main__ INFO] - -            v4            : 0.6387 (acc: 0.7798) |           v6: 0.6415 (acc: 0.8000)
[2018/09/25 20:54:35 __main__ INFO] - -            c10_50k       : 0.3621 (acc: 0.8803)
[2018/09/25 20:54:35 __main__ INFO] - Elapsed 48.02
keys:  dict_keys(['epoch', 'c10h_train_loss', 'c10h_train_acc', 'c10h_val_loss', 'c10h_val_acc', 'c10h_train_c10_loss', 'c10h_train_c10_acc', 'c10h_val_c10_loss', 'c10h_val_c10_acc', 'v4_loss', 'v4_acc', 'v6_loss', 'v6_acc', 'c10_50k_loss', 'c10_50k_acc']) 
 c10h_outdir:  /tigress/ruairidh/model_results/run_1/saves/wrn_28_10/con_False_lr_0.1_seed_2
[2018/09/25 20:54:38 __main__ INFO] - Train 63
[2018/09/25 20:54:57 __main__ INFO] - TEST 63
[2018/09/25 20:55:45 __main__ INFO] - - epoch 63    c10h_train    : 0.2117 (acc: 0.9870) | c10h_val    : 0.4704 (acc: 0.8840)
[2018/09/25 20:55:45 __main__ INFO] - -            c10h_train_c10: 0.0659 (acc: 0.9839) | c10h_val_c10: 0.3351 (acc: 0.8850)
[2018/09/25 20:55:45 __main__ INFO] - -            v4            : 0.6292 (acc: 0.7853) |           v6: 0.6258 (acc: 0.8015)
[2018/09/25 20:55:45 __main__ INFO] - -            c10_50k       : 0.3549 (acc: 0.8846)
[2018/09/25 20:55:45 __main__ INFO] - Elapsed 47.84
keys:  dict_keys(['epoch', 'c10h_train_loss', 'c10h_train_acc', 'c10h_val_loss', 'c10h_val_acc', 'c10h_train_c10_loss', 'c10h_train_c10_acc', 'c10h_val_c10_loss', 'c10h_val_c10_acc', 'v4_loss', 'v4_acc', 'v6_loss', 'v6_acc', 'c10_50k_loss', 'c10_50k_acc']) 
 c10h_outdir:  /tigress/ruairidh/model_results/run_1/saves/wrn_28_10/con_False_lr_0.1_seed_2
[2018/09/25 20:55:47 __main__ INFO] - Train 64
[2018/09/25 20:56:07 __main__ INFO] - TEST 64
[2018/09/25 20:56:55 __main__ INFO] - - epoch 64    c10h_train    : 0.2098 (acc: 0.9890) | c10h_val    : 0.4577 (acc: 0.8910)
[2018/09/25 20:56:55 __main__ INFO] - -            c10h_train_c10: 0.0669 (acc: 0.9858) | c10h_val_c10: 0.3230 (acc: 0.8920)
[2018/09/25 20:56:55 __main__ INFO] - -            v4            : 0.6255 (acc: 0.7862) |           v6: 0.6189 (acc: 0.8015)
[2018/09/25 20:56:55 __main__ INFO] - -            c10_50k       : 0.3519 (acc: 0.8842)
[2018/09/25 20:56:55 __main__ INFO] - Elapsed 48.31
keys:  dict_keys(['epoch', 'c10h_train_loss', 'c10h_train_acc', 'c10h_val_loss', 'c10h_val_acc', 'c10h_train_c10_loss', 'c10h_train_c10_acc', 'c10h_val_c10_loss', 'c10h_val_c10_acc', 'v4_loss', 'v4_acc', 'v6_loss', 'v6_acc', 'c10_50k_loss', 'c10_50k_acc']) 
 c10h_outdir:  /tigress/ruairidh/model_results/run_1/saves/wrn_28_10/con_False_lr_0.1_seed_2
[2018/09/25 20:56:57 __main__ INFO] - Train 65
[2018/09/25 20:57:16 __main__ INFO] - TEST 65
[2018/09/25 20:58:04 __main__ INFO] - - epoch 65    c10h_train    : 0.2069 (acc: 0.9901) | c10h_val    : 0.4586 (acc: 0.8850)
[2018/09/25 20:58:04 __main__ INFO] - -            c10h_train_c10: 0.0640 (acc: 0.9850) | c10h_val_c10: 0.3249 (acc: 0.8860)
[2018/09/25 20:58:04 __main__ INFO] - -            v4            : 0.6526 (acc: 0.7739) |           v6: 0.6397 (acc: 0.7960)
[2018/09/25 20:58:04 __main__ INFO] - -            c10_50k       : 0.3561 (acc: 0.8838)
[2018/09/25 20:58:04 __main__ INFO] - Elapsed 48.02
keys:  dict_keys(['epoch', 'c10h_train_loss', 'c10h_train_acc', 'c10h_val_loss', 'c10h_val_acc', 'c10h_train_c10_loss', 'c10h_train_c10_acc', 'c10h_val_c10_loss', 'c10h_val_c10_acc', 'v4_loss', 'v4_acc', 'v6_loss', 'v6_acc', 'c10_50k_loss', 'c10_50k_acc']) 
 c10h_outdir:  /tigress/ruairidh/model_results/run_1/saves/wrn_28_10/con_False_lr_0.1_seed_2
[2018/09/25 20:58:06 __main__ INFO] - Train 66
[2018/09/25 20:58:25 __main__ INFO] - TEST 66
[2018/09/25 20:59:13 __main__ INFO] - - epoch 66    c10h_train    : 0.2059 (acc: 0.9893) | c10h_val    : 0.4638 (acc: 0.8840)
[2018/09/25 20:59:13 __main__ INFO] - -            c10h_train_c10: 0.0658 (acc: 0.9847) | c10h_val_c10: 0.3341 (acc: 0.8850)
[2018/09/25 20:59:13 __main__ INFO] - -            v4            : 0.6286 (acc: 0.7882) |           v6: 0.6115 (acc: 0.8045)
[2018/09/25 20:59:13 __main__ INFO] - -            c10_50k       : 0.3537 (acc: 0.8849)
[2018/09/25 20:59:13 __main__ INFO] - Elapsed 47.92
keys:  dict_keys(['epoch', 'c10h_train_loss', 'c10h_train_acc', 'c10h_val_loss', 'c10h_val_acc', 'c10h_train_c10_loss', 'c10h_train_c10_acc', 'c10h_val_c10_loss', 'c10h_val_c10_acc', 'v4_loss', 'v4_acc', 'v6_loss', 'v6_acc', 'c10_50k_loss', 'c10_50k_acc']) 
 c10h_outdir:  /tigress/ruairidh/model_results/run_1/saves/wrn_28_10/con_False_lr_0.1_seed_2
[2018/09/25 20:59:14 __main__ INFO] - Train 67
[2018/09/25 20:59:33 __main__ INFO] - TEST 67
[2018/09/25 21:00:21 __main__ INFO] - - epoch 67    c10h_train    : 0.2047 (acc: 0.9881) | c10h_val    : 0.4609 (acc: 0.8880)
[2018/09/25 21:00:21 __main__ INFO] - -            c10h_train_c10: 0.0627 (acc: 0.9850) | c10h_val_c10: 0.3300 (acc: 0.8880)
[2018/09/25 21:00:21 __main__ INFO] - -            v4            : 0.6237 (acc: 0.7882) |           v6: 0.6141 (acc: 0.8000)
[2018/09/25 21:00:21 __main__ INFO] - -            c10_50k       : 0.3515 (acc: 0.8852)
[2018/09/25 21:00:21 __main__ INFO] - Elapsed 47.84
keys:  dict_keys(['epoch', 'c10h_train_loss', 'c10h_train_acc', 'c10h_val_loss', 'c10h_val_acc', 'c10h_train_c10_loss', 'c10h_train_c10_acc', 'c10h_val_c10_loss', 'c10h_val_c10_acc', 'v4_loss', 'v4_acc', 'v6_loss', 'v6_acc', 'c10_50k_loss', 'c10_50k_acc']) 
 c10h_outdir:  /tigress/ruairidh/model_results/run_1/saves/wrn_28_10/con_False_lr_0.1_seed_2
[2018/09/25 21:00:24 __main__ INFO] - Train 68
[2018/09/25 21:00:43 __main__ INFO] - TEST 68
[2018/09/25 21:01:31 __main__ INFO] - - epoch 68    c10h_train    : 0.2042 (acc: 0.9893) | c10h_val    : 0.4682 (acc: 0.8830)
[2018/09/25 21:01:31 __main__ INFO] - -            c10h_train_c10: 0.0666 (acc: 0.9843) | c10h_val_c10: 0.3404 (acc: 0.8830)
[2018/09/25 21:01:31 __main__ INFO] - -            v4            : 0.6258 (acc: 0.7848) |           v6: 0.6102 (acc: 0.8010)
[2018/09/25 21:01:31 __main__ INFO] - -            c10_50k       : 0.3496 (acc: 0.8864)
[2018/09/25 21:01:31 __main__ INFO] - Elapsed 48.10
keys:  dict_keys(['epoch', 'c10h_train_loss', 'c10h_train_acc', 'c10h_val_loss', 'c10h_val_acc', 'c10h_train_c10_loss', 'c10h_train_c10_acc', 'c10h_val_c10_loss', 'c10h_val_c10_acc', 'v4_loss', 'v4_acc', 'v6_loss', 'v6_acc', 'c10_50k_loss', 'c10_50k_acc']) 
 c10h_outdir:  /tigress/ruairidh/model_results/run_1/saves/wrn_28_10/con_False_lr_0.1_seed_2
[2018/09/25 21:01:34 __main__ INFO] - Train 69
[2018/09/25 21:01:53 __main__ INFO] - TEST 69
[2018/09/25 21:02:41 __main__ INFO] - - epoch 69    c10h_train    : 0.2030 (acc: 0.9898) | c10h_val    : 0.4581 (acc: 0.8860)
[2018/09/25 21:02:41 __main__ INFO] - -            c10h_train_c10: 0.0643 (acc: 0.9863) | c10h_val_c10: 0.3288 (acc: 0.8860)
[2018/09/25 21:02:41 __main__ INFO] - -            v4            : 0.6349 (acc: 0.7857) |           v6: 0.6047 (acc: 0.8020)
[2018/09/25 21:02:41 __main__ INFO] - -            c10_50k       : 0.3448 (acc: 0.8881)
[2018/09/25 21:02:41 __main__ INFO] - Elapsed 48.12
keys:  dict_keys(['epoch', 'c10h_train_loss', 'c10h_train_acc', 'c10h_val_loss', 'c10h_val_acc', 'c10h_train_c10_loss', 'c10h_train_c10_acc', 'c10h_val_c10_loss', 'c10h_val_c10_acc', 'v4_loss', 'v4_acc', 'v6_loss', 'v6_acc', 'c10_50k_loss', 'c10_50k_acc']) 
 c10h_outdir:  /tigress/ruairidh/model_results/run_1/saves/wrn_28_10/con_False_lr_0.1_seed_2
[2018/09/25 21:02:43 __main__ INFO] - Train 70
[2018/09/25 21:03:03 __main__ INFO] - TEST 70
[2018/09/25 21:03:51 __main__ INFO] - - epoch 70    c10h_train    : 0.2013 (acc: 0.9901) | c10h_val    : 0.4569 (acc: 0.8850)
[2018/09/25 21:03:51 __main__ INFO] - -            c10h_train_c10: 0.0632 (acc: 0.9858) | c10h_val_c10: 0.3276 (acc: 0.8850)
[2018/09/25 21:03:51 __main__ INFO] - -            v4            : 0.6403 (acc: 0.7867) |           v6: 0.6169 (acc: 0.8010)
[2018/09/25 21:03:51 __main__ INFO] - -            c10_50k       : 0.3504 (acc: 0.8858)
[2018/09/25 21:03:51 __main__ INFO] - Elapsed 48.46
keys:  dict_keys(['epoch', 'c10h_train_loss', 'c10h_train_acc', 'c10h_val_loss', 'c10h_val_acc', 'c10h_train_c10_loss', 'c10h_train_c10_acc', 'c10h_val_c10_loss', 'c10h_val_c10_acc', 'v4_loss', 'v4_acc', 'v6_loss', 'v6_acc', 'c10_50k_loss', 'c10_50k_acc']) 
 c10h_outdir:  /tigress/ruairidh/model_results/run_1/saves/wrn_28_10/con_False_lr_0.1_seed_2
[2018/09/25 21:03:52 __main__ INFO] - Train 71
[2018/09/25 21:04:12 __main__ INFO] - TEST 71
[2018/09/25 21:05:00 __main__ INFO] - - epoch 71    c10h_train    : 0.2010 (acc: 0.9898) | c10h_val    : 0.4553 (acc: 0.8900)
[2018/09/25 21:05:00 __main__ INFO] - -            c10h_train_c10: 0.0646 (acc: 0.9854) | c10h_val_c10: 0.3263 (acc: 0.8910)
[2018/09/25 21:05:00 __main__ INFO] - -            v4            : 0.6316 (acc: 0.7877) |           v6: 0.6070 (acc: 0.8045)
[2018/09/25 21:05:00 __main__ INFO] - -            c10_50k       : 0.3433 (acc: 0.8878)
[2018/09/25 21:05:00 __main__ INFO] - Elapsed 48.29
keys:  dict_keys(['epoch', 'c10h_train_loss', 'c10h_train_acc', 'c10h_val_loss', 'c10h_val_acc', 'c10h_train_c10_loss', 'c10h_train_c10_acc', 'c10h_val_c10_loss', 'c10h_val_c10_acc', 'v4_loss', 'v4_acc', 'v6_loss', 'v6_acc', 'c10_50k_loss', 'c10_50k_acc']) 
 c10h_outdir:  /tigress/ruairidh/model_results/run_1/saves/wrn_28_10/con_False_lr_0.1_seed_2
[2018/09/25 21:05:02 __main__ INFO] - Train 72
[2018/09/25 21:05:21 __main__ INFO] - TEST 72
[2018/09/25 21:06:10 __main__ INFO] - - epoch 72    c10h_train    : 0.2000 (acc: 0.9896) | c10h_val    : 0.4575 (acc: 0.8910)
[2018/09/25 21:06:10 __main__ INFO] - -            c10h_train_c10: 0.0640 (acc: 0.9854) | c10h_val_c10: 0.3287 (acc: 0.8920)
[2018/09/25 21:06:10 __main__ INFO] - -            v4            : 0.6341 (acc: 0.7892) |           v6: 0.6022 (acc: 0.8090)
[2018/09/25 21:06:10 __main__ INFO] - -            c10_50k       : 0.3472 (acc: 0.8879)
[2018/09/25 21:06:10 __main__ INFO] - Elapsed 48.09
keys:  dict_keys(['epoch', 'c10h_train_loss', 'c10h_train_acc', 'c10h_val_loss', 'c10h_val_acc', 'c10h_train_c10_loss', 'c10h_train_c10_acc', 'c10h_val_c10_loss', 'c10h_val_c10_acc', 'v4_loss', 'v4_acc', 'v6_loss', 'v6_acc', 'c10_50k_loss', 'c10_50k_acc']) 
 c10h_outdir:  /tigress/ruairidh/model_results/run_1/saves/wrn_28_10/con_False_lr_0.1_seed_2
[2018/09/25 21:06:11 __main__ INFO] - Train 73
[2018/09/25 21:06:31 __main__ INFO] - TEST 73
[2018/09/25 21:07:18 __main__ INFO] - - epoch 73    c10h_train    : 0.1995 (acc: 0.9898) | c10h_val    : 0.4535 (acc: 0.8940)
[2018/09/25 21:07:19 __main__ INFO] - -            c10h_train_c10: 0.0622 (acc: 0.9869) | c10h_val_c10: 0.3246 (acc: 0.8940)
[2018/09/25 21:07:19 __main__ INFO] - -            v4            : 0.6346 (acc: 0.7872) |           v6: 0.5959 (acc: 0.8050)
[2018/09/25 21:07:19 __main__ INFO] - -            c10_50k       : 0.3454 (acc: 0.8863)
[2018/09/25 21:07:19 __main__ INFO] - Elapsed 47.89
keys:  dict_keys(['epoch', 'c10h_train_loss', 'c10h_train_acc', 'c10h_val_loss', 'c10h_val_acc', 'c10h_train_c10_loss', 'c10h_train_c10_acc', 'c10h_val_c10_loss', 'c10h_val_c10_acc', 'v4_loss', 'v4_acc', 'v6_loss', 'v6_acc', 'c10_50k_loss', 'c10_50k_acc']) 
 c10h_outdir:  /tigress/ruairidh/model_results/run_1/saves/wrn_28_10/con_False_lr_0.1_seed_2
[2018/09/25 21:07:20 __main__ INFO] - Train 74
[2018/09/25 21:07:40 __main__ INFO] - TEST 74
[2018/09/25 21:08:28 __main__ INFO] - - epoch 74    c10h_train    : 0.1998 (acc: 0.9899) | c10h_val    : 0.4512 (acc: 0.8860)
[2018/09/25 21:08:28 __main__ INFO] - -            c10h_train_c10: 0.0616 (acc: 0.9852) | c10h_val_c10: 0.3213 (acc: 0.8860)
[2018/09/25 21:08:28 __main__ INFO] - -            v4            : 0.6078 (acc: 0.7981) |           v6: 0.5833 (acc: 0.8125)
[2018/09/25 21:08:28 __main__ INFO] - -            c10_50k       : 0.3411 (acc: 0.8882)
[2018/09/25 21:08:28 __main__ INFO] - Elapsed 48.13
keys:  dict_keys(['epoch', 'c10h_train_loss', 'c10h_train_acc', 'c10h_val_loss', 'c10h_val_acc', 'c10h_train_c10_loss', 'c10h_train_c10_acc', 'c10h_val_c10_loss', 'c10h_val_c10_acc', 'v4_loss', 'v4_acc', 'v6_loss', 'v6_acc', 'c10_50k_loss', 'c10_50k_acc']) 
 c10h_outdir:  /tigress/ruairidh/model_results/run_1/saves/wrn_28_10/con_False_lr_0.1_seed_2
[2018/09/25 21:08:29 __main__ INFO] - Train 75
[2018/09/25 21:08:49 __main__ INFO] - TEST 75
[2018/09/25 21:09:37 __main__ INFO] - - epoch 75    c10h_train    : 0.1988 (acc: 0.9886) | c10h_val    : 0.4475 (acc: 0.8940)
[2018/09/25 21:09:37 __main__ INFO] - -            c10h_train_c10: 0.0628 (acc: 0.9854) | c10h_val_c10: 0.3167 (acc: 0.8950)
[2018/09/25 21:09:37 __main__ INFO] - -            v4            : 0.6159 (acc: 0.7937) |           v6: 0.5976 (acc: 0.8040)
[2018/09/25 21:09:37 __main__ INFO] - -            c10_50k       : 0.3433 (acc: 0.8881)
[2018/09/25 21:09:37 __main__ INFO] - Elapsed 48.15
keys:  dict_keys(['epoch', 'c10h_train_loss', 'c10h_train_acc', 'c10h_val_loss', 'c10h_val_acc', 'c10h_train_c10_loss', 'c10h_train_c10_acc', 'c10h_val_c10_loss', 'c10h_val_c10_acc', 'v4_loss', 'v4_acc', 'v6_loss', 'v6_acc', 'c10_50k_loss', 'c10_50k_acc']) 
 c10h_outdir:  /tigress/ruairidh/model_results/run_1/saves/wrn_28_10/con_False_lr_0.1_seed_2
[2018/09/25 21:09:39 __main__ INFO] - Train 76
[2018/09/25 21:09:58 __main__ INFO] - TEST 76
[2018/09/25 21:10:46 __main__ INFO] - - epoch 76    c10h_train    : 0.1990 (acc: 0.9887) | c10h_val    : 0.4460 (acc: 0.8900)
[2018/09/25 21:10:46 __main__ INFO] - -            c10h_train_c10: 0.0643 (acc: 0.9851) | c10h_val_c10: 0.3206 (acc: 0.8900)
[2018/09/25 21:10:46 __main__ INFO] - -            v4            : 0.6254 (acc: 0.7976) |           v6: 0.5964 (acc: 0.8045)
[2018/09/25 21:10:46 __main__ INFO] - -            c10_50k       : 0.3474 (acc: 0.8868)
[2018/09/25 21:10:46 __main__ INFO] - Elapsed 47.76
keys:  dict_keys(['epoch', 'c10h_train_loss', 'c10h_train_acc', 'c10h_val_loss', 'c10h_val_acc', 'c10h_train_c10_loss', 'c10h_train_c10_acc', 'c10h_val_c10_loss', 'c10h_val_c10_acc', 'v4_loss', 'v4_acc', 'v6_loss', 'v6_acc', 'c10_50k_loss', 'c10_50k_acc']) 
 c10h_outdir:  /tigress/ruairidh/model_results/run_1/saves/wrn_28_10/con_False_lr_0.1_seed_2
[2018/09/25 21:10:48 __main__ INFO] - Train 77
[2018/09/25 21:11:07 __main__ INFO] - TEST 77
[2018/09/25 21:11:55 __main__ INFO] - - epoch 77    c10h_train    : 0.1977 (acc: 0.9889) | c10h_val    : 0.4570 (acc: 0.8870)
[2018/09/25 21:11:55 __main__ INFO] - -            c10h_train_c10: 0.0626 (acc: 0.9850) | c10h_val_c10: 0.3285 (acc: 0.8880)
[2018/09/25 21:11:55 __main__ INFO] - -            v4            : 0.6233 (acc: 0.7862) |           v6: 0.5973 (acc: 0.8045)
[2018/09/25 21:11:55 __main__ INFO] - -            c10_50k       : 0.3406 (acc: 0.8899)
[2018/09/25 21:11:55 __main__ INFO] - Elapsed 47.99
keys:  dict_keys(['epoch', 'c10h_train_loss', 'c10h_train_acc', 'c10h_val_loss', 'c10h_val_acc', 'c10h_train_c10_loss', 'c10h_train_c10_acc', 'c10h_val_c10_loss', 'c10h_val_c10_acc', 'v4_loss', 'v4_acc', 'v6_loss', 'v6_acc', 'c10_50k_loss', 'c10_50k_acc']) 
 c10h_outdir:  /tigress/ruairidh/model_results/run_1/saves/wrn_28_10/con_False_lr_0.1_seed_2
[2018/09/25 21:12:00 __main__ INFO] - Train 78
[2018/09/25 21:12:19 __main__ INFO] - TEST 78
[2018/09/25 21:13:08 __main__ INFO] - - epoch 78    c10h_train    : 0.1969 (acc: 0.9891) | c10h_val    : 0.4501 (acc: 0.8840)
[2018/09/25 21:13:08 __main__ INFO] - -            c10h_train_c10: 0.0616 (acc: 0.9859) | c10h_val_c10: 0.3218 (acc: 0.8850)
[2018/09/25 21:13:08 __main__ INFO] - -            v4            : 0.6304 (acc: 0.7818) |           v6: 0.6019 (acc: 0.8035)
[2018/09/25 21:13:08 __main__ INFO] - -            c10_50k       : 0.3420 (acc: 0.8879)
[2018/09/25 21:13:08 __main__ INFO] - Elapsed 48.22
keys:  dict_keys(['epoch', 'c10h_train_loss', 'c10h_train_acc', 'c10h_val_loss', 'c10h_val_acc', 'c10h_train_c10_loss', 'c10h_train_c10_acc', 'c10h_val_c10_loss', 'c10h_val_c10_acc', 'v4_loss', 'v4_acc', 'v6_loss', 'v6_acc', 'c10_50k_loss', 'c10_50k_acc']) 
 c10h_outdir:  /tigress/ruairidh/model_results/run_1/saves/wrn_28_10/con_False_lr_0.1_seed_2
[2018/09/25 21:13:14 __main__ INFO] - Train 79
[2018/09/25 21:13:34 __main__ INFO] - TEST 79
[2018/09/25 21:14:22 __main__ INFO] - - epoch 79    c10h_train    : 0.1966 (acc: 0.9887) | c10h_val    : 0.4496 (acc: 0.8850)
[2018/09/25 21:14:22 __main__ INFO] - -            c10h_train_c10: 0.0642 (acc: 0.9848) | c10h_val_c10: 0.3231 (acc: 0.8860)
[2018/09/25 21:14:22 __main__ INFO] - -            v4            : 0.6262 (acc: 0.7877) |           v6: 0.5967 (acc: 0.8035)
[2018/09/25 21:14:22 __main__ INFO] - -            c10_50k       : 0.3410 (acc: 0.8880)
[2018/09/25 21:14:22 __main__ INFO] - Elapsed 47.78
keys:  dict_keys(['epoch', 'c10h_train_loss', 'c10h_train_acc', 'c10h_val_loss', 'c10h_val_acc', 'c10h_train_c10_loss', 'c10h_train_c10_acc', 'c10h_val_c10_loss', 'c10h_val_c10_acc', 'v4_loss', 'v4_acc', 'v6_loss', 'v6_acc', 'c10_50k_loss', 'c10_50k_acc']) 
 c10h_outdir:  /tigress/ruairidh/model_results/run_1/saves/wrn_28_10/con_False_lr_0.1_seed_2
[2018/09/25 21:14:23 __main__ INFO] - Train 80
[2018/09/25 21:14:43 __main__ INFO] - TEST 80
[2018/09/25 21:15:31 __main__ INFO] - - epoch 80    c10h_train    : 0.1966 (acc: 0.9901) | c10h_val    : 0.4487 (acc: 0.8860)
[2018/09/25 21:15:31 __main__ INFO] - -            c10h_train_c10: 0.0641 (acc: 0.9862) | c10h_val_c10: 0.3236 (acc: 0.8870)
[2018/09/25 21:15:31 __main__ INFO] - -            v4            : 0.6222 (acc: 0.7961) |           v6: 0.5865 (acc: 0.8080)
[2018/09/25 21:15:31 __main__ INFO] - -            c10_50k       : 0.3442 (acc: 0.8888)
[2018/09/25 21:15:31 __main__ INFO] - Elapsed 48.14
keys:  dict_keys(['epoch', 'c10h_train_loss', 'c10h_train_acc', 'c10h_val_loss', 'c10h_val_acc', 'c10h_train_c10_loss', 'c10h_train_c10_acc', 'c10h_val_c10_loss', 'c10h_val_c10_acc', 'v4_loss', 'v4_acc', 'v6_loss', 'v6_acc', 'c10_50k_loss', 'c10_50k_acc']) 
 c10h_outdir:  /tigress/ruairidh/model_results/run_1/saves/wrn_28_10/con_False_lr_0.1_seed_2
[2018/09/25 21:15:33 __main__ INFO] - Train 81
[2018/09/25 21:15:52 __main__ INFO] - TEST 81
[2018/09/25 21:16:41 __main__ INFO] - - epoch 81    c10h_train    : 0.1962 (acc: 0.9896) | c10h_val    : 0.4586 (acc: 0.8800)
[2018/09/25 21:16:41 __main__ INFO] - -            c10h_train_c10: 0.0626 (acc: 0.9853) | c10h_val_c10: 0.3320 (acc: 0.8810)
[2018/09/25 21:16:41 __main__ INFO] - -            v4            : 0.6366 (acc: 0.7783) |           v6: 0.6015 (acc: 0.8005)
[2018/09/25 21:16:41 __main__ INFO] - -            c10_50k       : 0.3419 (acc: 0.8888)
[2018/09/25 21:16:41 __main__ INFO] - Elapsed 48.19
keys:  dict_keys(['epoch', 'c10h_train_loss', 'c10h_train_acc', 'c10h_val_loss', 'c10h_val_acc', 'c10h_train_c10_loss', 'c10h_train_c10_acc', 'c10h_val_c10_loss', 'c10h_val_c10_acc', 'v4_loss', 'v4_acc', 'v6_loss', 'v6_acc', 'c10_50k_loss', 'c10_50k_acc']) 
 c10h_outdir:  /tigress/ruairidh/model_results/run_1/saves/wrn_28_10/con_False_lr_0.1_seed_2
[2018/09/25 21:16:42 __main__ INFO] - Train 82
[2018/09/25 21:17:02 __main__ INFO] - TEST 82
[2018/09/25 21:17:50 __main__ INFO] - - epoch 82    c10h_train    : 0.1956 (acc: 0.9889) | c10h_val    : 0.4599 (acc: 0.8830)
[2018/09/25 21:17:50 __main__ INFO] - -            c10h_train_c10: 0.0622 (acc: 0.9853) | c10h_val_c10: 0.3352 (acc: 0.8830)
[2018/09/25 21:17:50 __main__ INFO] - -            v4            : 0.6238 (acc: 0.7892) |           v6: 0.5962 (acc: 0.8010)
[2018/09/25 21:17:50 __main__ INFO] - -            c10_50k       : 0.3412 (acc: 0.8890)
[2018/09/25 21:17:50 __main__ INFO] - Elapsed 48.08
keys:  dict_keys(['epoch', 'c10h_train_loss', 'c10h_train_acc', 'c10h_val_loss', 'c10h_val_acc', 'c10h_train_c10_loss', 'c10h_train_c10_acc', 'c10h_val_c10_loss', 'c10h_val_c10_acc', 'v4_loss', 'v4_acc', 'v6_loss', 'v6_acc', 'c10_50k_loss', 'c10_50k_acc']) 
 c10h_outdir:  /tigress/ruairidh/model_results/run_1/saves/wrn_28_10/con_False_lr_0.1_seed_2
[2018/09/25 21:17:51 __main__ INFO] - Train 83
[2018/09/25 21:18:10 __main__ INFO] - TEST 83
[2018/09/25 21:18:59 __main__ INFO] - - epoch 83    c10h_train    : 0.1958 (acc: 0.9889) | c10h_val    : 0.4534 (acc: 0.8840)
[2018/09/25 21:18:59 __main__ INFO] - -            c10h_train_c10: 0.0628 (acc: 0.9856) | c10h_val_c10: 0.3275 (acc: 0.8850)
[2018/09/25 21:18:59 __main__ INFO] - -            v4            : 0.6243 (acc: 0.7947) |           v6: 0.5899 (acc: 0.8035)
[2018/09/25 21:18:59 __main__ INFO] - -            c10_50k       : 0.3427 (acc: 0.8885)
[2018/09/25 21:18:59 __main__ INFO] - Elapsed 48.21
keys:  dict_keys(['epoch', 'c10h_train_loss', 'c10h_train_acc', 'c10h_val_loss', 'c10h_val_acc', 'c10h_train_c10_loss', 'c10h_train_c10_acc', 'c10h_val_c10_loss', 'c10h_val_c10_acc', 'v4_loss', 'v4_acc', 'v6_loss', 'v6_acc', 'c10_50k_loss', 'c10_50k_acc']) 
 c10h_outdir:  /tigress/ruairidh/model_results/run_1/saves/wrn_28_10/con_False_lr_0.1_seed_2
[2018/09/25 21:19:01 __main__ INFO] - Train 84
[2018/09/25 21:19:20 __main__ INFO] - TEST 84
[2018/09/25 21:20:09 __main__ INFO] - - epoch 84    c10h_train    : 0.1950 (acc: 0.9897) | c10h_val    : 0.4588 (acc: 0.8850)
[2018/09/25 21:20:09 __main__ INFO] - -            c10h_train_c10: 0.0626 (acc: 0.9859) | c10h_val_c10: 0.3333 (acc: 0.8880)
[2018/09/25 21:20:09 __main__ INFO] - -            v4            : 0.6359 (acc: 0.7778) |           v6: 0.6006 (acc: 0.8020)
[2018/09/25 21:20:09 __main__ INFO] - -            c10_50k       : 0.3452 (acc: 0.8882)
[2018/09/25 21:20:09 __main__ INFO] - Elapsed 48.20
keys:  dict_keys(['epoch', 'c10h_train_loss', 'c10h_train_acc', 'c10h_val_loss', 'c10h_val_acc', 'c10h_train_c10_loss', 'c10h_train_c10_acc', 'c10h_val_c10_loss', 'c10h_val_c10_acc', 'v4_loss', 'v4_acc', 'v6_loss', 'v6_acc', 'c10_50k_loss', 'c10_50k_acc']) 
 c10h_outdir:  /tigress/ruairidh/model_results/run_1/saves/wrn_28_10/con_False_lr_0.1_seed_2
[2018/09/25 21:20:10 __main__ INFO] - Train 85
[2018/09/25 21:20:29 __main__ INFO] - TEST 85
[2018/09/25 21:21:17 __main__ INFO] - - epoch 85    c10h_train    : 0.1946 (acc: 0.9879) | c10h_val    : 0.4506 (acc: 0.8870)
[2018/09/25 21:21:17 __main__ INFO] - -            c10h_train_c10: 0.0627 (acc: 0.9869) | c10h_val_c10: 0.3239 (acc: 0.8880)
[2018/09/25 21:21:17 __main__ INFO] - -            v4            : 0.6395 (acc: 0.7857) |           v6: 0.5963 (acc: 0.8080)
[2018/09/25 21:21:17 __main__ INFO] - -            c10_50k       : 0.3398 (acc: 0.8897)
[2018/09/25 21:21:17 __main__ INFO] - Elapsed 48.22
keys:  dict_keys(['epoch', 'c10h_train_loss', 'c10h_train_acc', 'c10h_val_loss', 'c10h_val_acc', 'c10h_train_c10_loss', 'c10h_train_c10_acc', 'c10h_val_c10_loss', 'c10h_val_c10_acc', 'v4_loss', 'v4_acc', 'v6_loss', 'v6_acc', 'c10_50k_loss', 'c10_50k_acc']) 
 c10h_outdir:  /tigress/ruairidh/model_results/run_1/saves/wrn_28_10/con_False_lr_0.1_seed_2
[2018/09/25 21:21:19 __main__ INFO] - Train 86
[2018/09/25 21:21:39 __main__ INFO] - TEST 86
[2018/09/25 21:22:26 __main__ INFO] - - epoch 86    c10h_train    : 0.1942 (acc: 0.9889) | c10h_val    : 0.4460 (acc: 0.8890)
[2018/09/25 21:22:26 __main__ INFO] - -            c10h_train_c10: 0.0630 (acc: 0.9854) | c10h_val_c10: 0.3221 (acc: 0.8900)
[2018/09/25 21:22:26 __main__ INFO] - -            v4            : 0.6165 (acc: 0.7887) |           v6: 0.5848 (acc: 0.8000)
[2018/09/25 21:22:26 __main__ INFO] - -            c10_50k       : 0.3410 (acc: 0.8906)
[2018/09/25 21:22:26 __main__ INFO] - Elapsed 47.88
keys:  dict_keys(['epoch', 'c10h_train_loss', 'c10h_train_acc', 'c10h_val_loss', 'c10h_val_acc', 'c10h_train_c10_loss', 'c10h_train_c10_acc', 'c10h_val_c10_loss', 'c10h_val_c10_acc', 'v4_loss', 'v4_acc', 'v6_loss', 'v6_acc', 'c10_50k_loss', 'c10_50k_acc']) 
 c10h_outdir:  /tigress/ruairidh/model_results/run_1/saves/wrn_28_10/con_False_lr_0.1_seed_2
[2018/09/25 21:22:30 __main__ INFO] - Train 87
[2018/09/25 21:22:49 __main__ INFO] - TEST 87
[2018/09/25 21:23:37 __main__ INFO] - - epoch 87    c10h_train    : 0.1943 (acc: 0.9888) | c10h_val    : 0.4546 (acc: 0.8880)
[2018/09/25 21:23:37 __main__ INFO] - -            c10h_train_c10: 0.0625 (acc: 0.9852) | c10h_val_c10: 0.3273 (acc: 0.8890)
[2018/09/25 21:23:37 __main__ INFO] - -            v4            : 0.6177 (acc: 0.7887) |           v6: 0.5777 (acc: 0.8110)
[2018/09/25 21:23:37 __main__ INFO] - -            c10_50k       : 0.3349 (acc: 0.8909)
[2018/09/25 21:23:37 __main__ INFO] - Elapsed 48.03
keys:  dict_keys(['epoch', 'c10h_train_loss', 'c10h_train_acc', 'c10h_val_loss', 'c10h_val_acc', 'c10h_train_c10_loss', 'c10h_train_c10_acc', 'c10h_val_c10_loss', 'c10h_val_c10_acc', 'v4_loss', 'v4_acc', 'v6_loss', 'v6_acc', 'c10_50k_loss', 'c10_50k_acc']) 
 c10h_outdir:  /tigress/ruairidh/model_results/run_1/saves/wrn_28_10/con_False_lr_0.1_seed_2
[2018/09/25 21:23:38 __main__ INFO] - Train 88
[2018/09/25 21:23:57 __main__ INFO] - TEST 88
[2018/09/25 21:24:45 __main__ INFO] - - epoch 88    c10h_train    : 0.1939 (acc: 0.9884) | c10h_val    : 0.4564 (acc: 0.8880)
[2018/09/25 21:24:45 __main__ INFO] - -            c10h_train_c10: 0.0619 (acc: 0.9853) | c10h_val_c10: 0.3321 (acc: 0.8880)
[2018/09/25 21:24:45 __main__ INFO] - -            v4            : 0.6233 (acc: 0.7833) |           v6: 0.5888 (acc: 0.8070)
[2018/09/25 21:24:45 __main__ INFO] - -            c10_50k       : 0.3431 (acc: 0.8887)
[2018/09/25 21:24:45 __main__ INFO] - Elapsed 48.04
keys:  dict_keys(['epoch', 'c10h_train_loss', 'c10h_train_acc', 'c10h_val_loss', 'c10h_val_acc', 'c10h_train_c10_loss', 'c10h_train_c10_acc', 'c10h_val_c10_loss', 'c10h_val_c10_acc', 'v4_loss', 'v4_acc', 'v6_loss', 'v6_acc', 'c10_50k_loss', 'c10_50k_acc']) 
 c10h_outdir:  /tigress/ruairidh/model_results/run_1/saves/wrn_28_10/con_False_lr_0.1_seed_2
[2018/09/25 21:24:47 __main__ INFO] - Train 89
[2018/09/25 21:25:07 __main__ INFO] - TEST 89
[2018/09/25 21:25:54 __main__ INFO] - - epoch 89    c10h_train    : 0.1942 (acc: 0.9874) | c10h_val    : 0.4465 (acc: 0.8840)
[2018/09/25 21:25:55 __main__ INFO] - -            c10h_train_c10: 0.0643 (acc: 0.9850) | c10h_val_c10: 0.3250 (acc: 0.8870)
[2018/09/25 21:25:55 __main__ INFO] - -            v4            : 0.6184 (acc: 0.7932) |           v6: 0.5726 (acc: 0.8130)
[2018/09/25 21:25:55 __main__ INFO] - -            c10_50k       : 0.3397 (acc: 0.8905)
[2018/09/25 21:25:55 __main__ INFO] - Elapsed 47.86
keys:  dict_keys(['epoch', 'c10h_train_loss', 'c10h_train_acc', 'c10h_val_loss', 'c10h_val_acc', 'c10h_train_c10_loss', 'c10h_train_c10_acc', 'c10h_val_c10_loss', 'c10h_val_c10_acc', 'v4_loss', 'v4_acc', 'v6_loss', 'v6_acc', 'c10_50k_loss', 'c10_50k_acc']) 
 c10h_outdir:  /tigress/ruairidh/model_results/run_1/saves/wrn_28_10/con_False_lr_0.1_seed_2
[2018/09/25 21:25:57 __main__ INFO] - Train 90
[2018/09/25 21:26:17 __main__ INFO] - TEST 90
[2018/09/25 21:27:05 __main__ INFO] - - epoch 90    c10h_train    : 0.1930 (acc: 0.9887) | c10h_val    : 0.4536 (acc: 0.8840)
[2018/09/25 21:27:05 __main__ INFO] - -            c10h_train_c10: 0.0653 (acc: 0.9859) | c10h_val_c10: 0.3346 (acc: 0.8850)
[2018/09/25 21:27:05 __main__ INFO] - -            v4            : 0.6193 (acc: 0.7867) |           v6: 0.5839 (acc: 0.8045)
[2018/09/25 21:27:05 __main__ INFO] - -            c10_50k       : 0.3411 (acc: 0.8896)
[2018/09/25 21:27:05 __main__ INFO] - Elapsed 48.09
keys:  dict_keys(['epoch', 'c10h_train_loss', 'c10h_train_acc', 'c10h_val_loss', 'c10h_val_acc', 'c10h_train_c10_loss', 'c10h_train_c10_acc', 'c10h_val_c10_loss', 'c10h_val_c10_acc', 'v4_loss', 'v4_acc', 'v6_loss', 'v6_acc', 'c10_50k_loss', 'c10_50k_acc']) 
 c10h_outdir:  /tigress/ruairidh/model_results/run_1/saves/wrn_28_10/con_False_lr_0.1_seed_2
[2018/09/25 21:27:06 __main__ INFO] - Train 91
[2018/09/25 21:27:25 __main__ INFO] - TEST 91
[2018/09/25 21:28:13 __main__ INFO] - - epoch 91    c10h_train    : 0.1928 (acc: 0.9877) | c10h_val    : 0.4668 (acc: 0.8840)
[2018/09/25 21:28:13 __main__ INFO] - -            c10h_train_c10: 0.0630 (acc: 0.9848) | c10h_val_c10: 0.3431 (acc: 0.8870)
[2018/09/25 21:28:13 __main__ INFO] - -            v4            : 0.6359 (acc: 0.7848) |           v6: 0.5985 (acc: 0.8125)
[2018/09/25 21:28:13 __main__ INFO] - -            c10_50k       : 0.3405 (acc: 0.8887)
[2018/09/25 21:28:13 __main__ INFO] - Elapsed 47.97
keys:  dict_keys(['epoch', 'c10h_train_loss', 'c10h_train_acc', 'c10h_val_loss', 'c10h_val_acc', 'c10h_train_c10_loss', 'c10h_train_c10_acc', 'c10h_val_c10_loss', 'c10h_val_c10_acc', 'v4_loss', 'v4_acc', 'v6_loss', 'v6_acc', 'c10_50k_loss', 'c10_50k_acc']) 
 c10h_outdir:  /tigress/ruairidh/model_results/run_1/saves/wrn_28_10/con_False_lr_0.1_seed_2
[2018/09/25 21:28:17 __main__ INFO] - Train 92
[2018/09/25 21:28:36 __main__ INFO] - TEST 92
[2018/09/25 21:29:25 __main__ INFO] - - epoch 92    c10h_train    : 0.1932 (acc: 0.9873) | c10h_val    : 0.4543 (acc: 0.8820)
[2018/09/25 21:29:25 __main__ INFO] - -            c10h_train_c10: 0.0672 (acc: 0.9842) | c10h_val_c10: 0.3360 (acc: 0.8840)
[2018/09/25 21:29:25 __main__ INFO] - -            v4            : 0.6166 (acc: 0.7927) |           v6: 0.5865 (acc: 0.8080)
[2018/09/25 21:29:25 __main__ INFO] - -            c10_50k       : 0.3408 (acc: 0.8902)
[2018/09/25 21:29:25 __main__ INFO] - Elapsed 48.16
keys:  dict_keys(['epoch', 'c10h_train_loss', 'c10h_train_acc', 'c10h_val_loss', 'c10h_val_acc', 'c10h_train_c10_loss', 'c10h_train_c10_acc', 'c10h_val_c10_loss', 'c10h_val_c10_acc', 'v4_loss', 'v4_acc', 'v6_loss', 'v6_acc', 'c10_50k_loss', 'c10_50k_acc']) 
 c10h_outdir:  /tigress/ruairidh/model_results/run_1/saves/wrn_28_10/con_False_lr_0.1_seed_2
[2018/09/25 21:29:27 __main__ INFO] - Train 93
[2018/09/25 21:29:46 __main__ INFO] - TEST 93
[2018/09/25 21:30:34 __main__ INFO] - - epoch 93    c10h_train    : 0.1929 (acc: 0.9880) | c10h_val    : 0.4569 (acc: 0.8820)
[2018/09/25 21:30:34 __main__ INFO] - -            c10h_train_c10: 0.0668 (acc: 0.9831) | c10h_val_c10: 0.3393 (acc: 0.8830)
[2018/09/25 21:30:34 __main__ INFO] - -            v4            : 0.6371 (acc: 0.7828) |           v6: 0.5996 (acc: 0.8010)
[2018/09/25 21:30:34 __main__ INFO] - -            c10_50k       : 0.3400 (acc: 0.8898)
[2018/09/25 21:30:34 __main__ INFO] - Elapsed 48.14
keys:  dict_keys(['epoch', 'c10h_train_loss', 'c10h_train_acc', 'c10h_val_loss', 'c10h_val_acc', 'c10h_train_c10_loss', 'c10h_train_c10_acc', 'c10h_val_c10_loss', 'c10h_val_c10_acc', 'v4_loss', 'v4_acc', 'v6_loss', 'v6_acc', 'c10_50k_loss', 'c10_50k_acc']) 
 c10h_outdir:  /tigress/ruairidh/model_results/run_1/saves/wrn_28_10/con_False_lr_0.1_seed_2
[2018/09/25 21:30:35 __main__ INFO] - Train 94
[2018/09/25 21:30:55 __main__ INFO] - TEST 94
[2018/09/25 21:31:43 __main__ INFO] - - epoch 94    c10h_train    : 0.1919 (acc: 0.9894) | c10h_val    : 0.4514 (acc: 0.8820)
[2018/09/25 21:31:43 __main__ INFO] - -            c10h_train_c10: 0.0618 (acc: 0.9854) | c10h_val_c10: 0.3277 (acc: 0.8830)
[2018/09/25 21:31:43 __main__ INFO] - -            v4            : 0.6069 (acc: 0.7937) |           v6: 0.5734 (acc: 0.8130)
[2018/09/25 21:31:43 __main__ INFO] - -            c10_50k       : 0.3361 (acc: 0.8917)
[2018/09/25 21:31:43 __main__ INFO] - Elapsed 48.40
keys:  dict_keys(['epoch', 'c10h_train_loss', 'c10h_train_acc', 'c10h_val_loss', 'c10h_val_acc', 'c10h_train_c10_loss', 'c10h_train_c10_acc', 'c10h_val_c10_loss', 'c10h_val_c10_acc', 'v4_loss', 'v4_acc', 'v6_loss', 'v6_acc', 'c10_50k_loss', 'c10_50k_acc']) 
 c10h_outdir:  /tigress/ruairidh/model_results/run_1/saves/wrn_28_10/con_False_lr_0.1_seed_2
[2018/09/25 21:31:44 __main__ INFO] - Train 95
[2018/09/25 21:32:04 __main__ INFO] - TEST 95
[2018/09/25 21:32:52 __main__ INFO] - - epoch 95    c10h_train    : 0.1921 (acc: 0.9902) | c10h_val    : 0.4616 (acc: 0.8830)
[2018/09/25 21:32:52 __main__ INFO] - -            c10h_train_c10: 0.0636 (acc: 0.9860) | c10h_val_c10: 0.3407 (acc: 0.8850)
[2018/09/25 21:32:52 __main__ INFO] - -            v4            : 0.6191 (acc: 0.7907) |           v6: 0.5823 (acc: 0.8100)
[2018/09/25 21:32:52 __main__ INFO] - -            c10_50k       : 0.3423 (acc: 0.8892)
[2018/09/25 21:32:52 __main__ INFO] - Elapsed 48.01
keys:  dict_keys(['epoch', 'c10h_train_loss', 'c10h_train_acc', 'c10h_val_loss', 'c10h_val_acc', 'c10h_train_c10_loss', 'c10h_train_c10_acc', 'c10h_val_c10_loss', 'c10h_val_c10_acc', 'v4_loss', 'v4_acc', 'v6_loss', 'v6_acc', 'c10_50k_loss', 'c10_50k_acc']) 
 c10h_outdir:  /tigress/ruairidh/model_results/run_1/saves/wrn_28_10/con_False_lr_0.1_seed_2
[2018/09/25 21:32:52 __main__ INFO] - Train 96
[2018/09/25 21:33:12 __main__ INFO] - TEST 96
[2018/09/25 21:34:00 __main__ INFO] - - epoch 96    c10h_train    : 0.1923 (acc: 0.9890) | c10h_val    : 0.4631 (acc: 0.8820)
[2018/09/25 21:34:00 __main__ INFO] - -            c10h_train_c10: 0.0617 (acc: 0.9856) | c10h_val_c10: 0.3387 (acc: 0.8830)
[2018/09/25 21:34:00 __main__ INFO] - -            v4            : 0.6230 (acc: 0.7872) |           v6: 0.5835 (acc: 0.8100)
[2018/09/25 21:34:00 __main__ INFO] - -            c10_50k       : 0.3394 (acc: 0.8904)
[2018/09/25 21:34:00 __main__ INFO] - Elapsed 48.12
keys:  dict_keys(['epoch', 'c10h_train_loss', 'c10h_train_acc', 'c10h_val_loss', 'c10h_val_acc', 'c10h_train_c10_loss', 'c10h_train_c10_acc', 'c10h_val_c10_loss', 'c10h_val_c10_acc', 'v4_loss', 'v4_acc', 'v6_loss', 'v6_acc', 'c10_50k_loss', 'c10_50k_acc']) 
 c10h_outdir:  /tigress/ruairidh/model_results/run_1/saves/wrn_28_10/con_False_lr_0.1_seed_2
[2018/09/25 21:34:03 __main__ INFO] - Train 97
[2018/09/25 21:34:22 __main__ INFO] - TEST 97
[2018/09/25 21:35:10 __main__ INFO] - - epoch 97    c10h_train    : 0.1911 (acc: 0.9900) | c10h_val    : 0.4567 (acc: 0.8840)
[2018/09/25 21:35:10 __main__ INFO] - -            c10h_train_c10: 0.0644 (acc: 0.9858) | c10h_val_c10: 0.3334 (acc: 0.8870)
[2018/09/25 21:35:10 __main__ INFO] - -            v4            : 0.6028 (acc: 0.7892) |           v6: 0.5770 (acc: 0.8080)
[2018/09/25 21:35:10 __main__ INFO] - -            c10_50k       : 0.3392 (acc: 0.8900)
[2018/09/25 21:35:10 __main__ INFO] - Elapsed 47.92
keys:  dict_keys(['epoch', 'c10h_train_loss', 'c10h_train_acc', 'c10h_val_loss', 'c10h_val_acc', 'c10h_train_c10_loss', 'c10h_train_c10_acc', 'c10h_val_c10_loss', 'c10h_val_c10_acc', 'v4_loss', 'v4_acc', 'v6_loss', 'v6_acc', 'c10_50k_loss', 'c10_50k_acc']) 
 c10h_outdir:  /tigress/ruairidh/model_results/run_1/saves/wrn_28_10/con_False_lr_0.1_seed_2
[2018/09/25 21:35:13 __main__ INFO] - Train 98
[2018/09/25 21:35:32 __main__ INFO] - TEST 98
[2018/09/25 21:36:21 __main__ INFO] - - epoch 98    c10h_train    : 0.1911 (acc: 0.9889) | c10h_val    : 0.4600 (acc: 0.8810)
[2018/09/25 21:36:21 __main__ INFO] - -            c10h_train_c10: 0.0640 (acc: 0.9843) | c10h_val_c10: 0.3406 (acc: 0.8820)
[2018/09/25 21:36:21 __main__ INFO] - -            v4            : 0.6371 (acc: 0.7917) |           v6: 0.5920 (acc: 0.8030)
[2018/09/25 21:36:21 __main__ INFO] - -            c10_50k       : 0.3449 (acc: 0.8888)
[2018/09/25 21:36:21 __main__ INFO] - Elapsed 48.01
keys:  dict_keys(['epoch', 'c10h_train_loss', 'c10h_train_acc', 'c10h_val_loss', 'c10h_val_acc', 'c10h_train_c10_loss', 'c10h_train_c10_acc', 'c10h_val_c10_loss', 'c10h_val_c10_acc', 'v4_loss', 'v4_acc', 'v6_loss', 'v6_acc', 'c10_50k_loss', 'c10_50k_acc']) 
 c10h_outdir:  /tigress/ruairidh/model_results/run_1/saves/wrn_28_10/con_False_lr_0.1_seed_2
[2018/09/25 21:36:23 __main__ INFO] - Train 99
[2018/09/25 21:36:42 __main__ INFO] - TEST 99
[2018/09/25 21:37:30 __main__ INFO] - - epoch 99    c10h_train    : 0.1924 (acc: 0.9898) | c10h_val    : 0.4603 (acc: 0.8840)
[2018/09/25 21:37:30 __main__ INFO] - -            c10h_train_c10: 0.0628 (acc: 0.9844) | c10h_val_c10: 0.3356 (acc: 0.8850)
[2018/09/25 21:37:30 __main__ INFO] - -            v4            : 0.6105 (acc: 0.7902) |           v6: 0.5840 (acc: 0.8095)
[2018/09/25 21:37:30 __main__ INFO] - -            c10_50k       : 0.3411 (acc: 0.8896)
[2018/09/25 21:37:30 __main__ INFO] - Elapsed 48.24
keys:  dict_keys(['epoch', 'c10h_train_loss', 'c10h_train_acc', 'c10h_val_loss', 'c10h_val_acc', 'c10h_train_c10_loss', 'c10h_train_c10_acc', 'c10h_val_c10_loss', 'c10h_val_c10_acc', 'v4_loss', 'v4_acc', 'v6_loss', 'v6_acc', 'c10_50k_loss', 'c10_50k_acc']) 
 c10h_outdir:  /tigress/ruairidh/model_results/run_1/saves/wrn_28_10/con_False_lr_0.1_seed_2
[2018/09/25 21:37:32 __main__ INFO] - Train 100
[2018/09/25 21:37:52 __main__ INFO] - TEST 100
[2018/09/25 21:38:40 __main__ INFO] - - epoch 100    c10h_train    : 0.1915 (acc: 0.9893) | c10h_val    : 0.4536 (acc: 0.8770)
[2018/09/25 21:38:40 __main__ INFO] - -            c10h_train_c10: 0.0619 (acc: 0.9859) | c10h_val_c10: 0.3291 (acc: 0.8800)
[2018/09/25 21:38:40 __main__ INFO] - -            v4            : 0.6428 (acc: 0.7818) |           v6: 0.6004 (acc: 0.7975)
[2018/09/25 21:38:40 __main__ INFO] - -            c10_50k       : 0.3403 (acc: 0.8887)
[2018/09/25 21:38:40 __main__ INFO] - Elapsed 48.17
keys:  dict_keys(['epoch', 'c10h_train_loss', 'c10h_train_acc', 'c10h_val_loss', 'c10h_val_acc', 'c10h_train_c10_loss', 'c10h_train_c10_acc', 'c10h_val_c10_loss', 'c10h_val_c10_acc', 'v4_loss', 'v4_acc', 'v6_loss', 'v6_acc', 'c10_50k_loss', 'c10_50k_acc']) 
 c10h_outdir:  /tigress/ruairidh/model_results/run_1/saves/wrn_28_10/con_False_lr_0.1_seed_2
inner done
