entering inner script
activating virtual env
wrn_28_10
identifier: con_True_lr_0.1_seed_2
--arch=wrn --c10h_save_interval=2 --dataset=CIFAR10H --no_output --c10h_datasplit_seed=2 --human_tune --nonhuman_control=True --base_lr=0.1
wrn_28_10_control:True_lr:0.1_seed:2.out
entering python script
/tigress/ruairidh/model_results/run_1/wrn_28_10/model_best_state.pth
/tigress/ruairidh/model_results/run_1/saves/wrn_28_10/con_True_lr_0.1_seed_2
Using TensorFlow backend.
[2018/09/25 14:59:51 __main__ INFO] - {
  "model_config": {
    "arch": "wrn",
    "input_shape": [
      1,
      3,
      32,
      32
    ],
    "n_classes": 10,
    "base_channels": 16,
    "depth": 28,
    "widening_factor": 10,
    "drop_rate": 0
  },
  "optim_config": {
    "epochs": 200,
    "batch_size": 128,
    "optimizer": "sgd",
    "base_lr": 0.1,
    "weight_decay": 0.0005,
    "momentum": 0.9,
    "nesterov": true,
    "scheduler": "multistep",
    "milestones": [
      60,
      120,
      160
    ],
    "lr_decay": 0.2
  },
  "data_config": {
    "dataset": "CIFAR10H",
    "n_classes": 10,
    "num_workers": 7,
    "batch_size": 128,
    "use_cutout": false,
    "use_random_erasing": false,
    "use_mixup": false,
    "c10h_sample": false,
    "c10h_testsplit_percent": 0.1,
    "c10h_datasplit_seed": 2,
    "use_gpu": true
  },
  "run_config": {
    "seed": 17,
    "test_first": true,
    "gpu": "0",
    "tensorboard": false,
    "tensorboard_train_images": false,
    "tensorboard_test_images": false,
    "tensorboard_model_params": false,
    "resume": "/tigress/ruairidh/model_results/run_1/wrn_28_10/model_best_state.pth",
    "human_tune": true,
    "no_output": true,
    "test_only": false,
    "nonhuman_control": true,
    "c10h_scores_outdir": "/tigress/ruairidh/model_results/run_1/saves/wrn_28_10/con_True_lr_0.1_seed_2",
    "c10h_save_interval": "2",
    "use_gpu": true
  },
  "env_info": {
    "pytorch_version": "0.4.1",
    "cuda_version": "9.0.176",
    "cudnn_version": 7102,
    "gpu0": {
      "name": "Tesla P100-PCIE-16GB",
      "capability": "6.0"
    }
  }
}
Files already downloaded and verified
Files already downloaded and verified
Files already downloaded and verified
Files already downloaded and verified
Files already downloaded and verified
[2018/09/25 14:59:55 __main__ INFO] - Loading model...
[2018/09/25 14:59:56 __main__ INFO] - n_params: 36479194
[2018/09/25 14:59:57 __main__ INFO] - Done
=> loading checkpoint '/tigress/ruairidh/model_results/run_1/wrn_28_10/model_best_state.pth'
=> loaded checkpoint '/tigress/ruairidh/model_results/run_1/wrn_28_10/model_best_state.pth' (epoch 197)
[2018/09/25 14:59:57 __main__ INFO] - TEST 0
[2018/09/25 15:00:47 __main__ INFO] - - epoch 0    c10h_train    : 0.4530 (acc: 0.9493) | c10h_val    : 0.4780 (acc: 0.9620)
[2018/09/25 15:00:47 __main__ INFO] - -            c10h_train_c10: 0.1676 (acc: 0.9526) | c10h_val_c10: 0.1461 (acc: 0.9650)
[2018/09/25 15:00:47 __main__ INFO] - -            v4            : 0.4034 (acc: 0.8986) |           v6: 0.3818 (acc: 0.9100)
[2018/09/25 15:00:47 __main__ INFO] - -            c10_50k       : 0.0012 (acc: 1.0000)
[2018/09/25 15:00:47 __main__ INFO] - Elapsed 50.06
keys:  dict_keys(['epoch', 'c10h_train_loss', 'c10h_train_acc', 'c10h_val_loss', 'c10h_val_acc', 'c10h_train_c10_loss', 'c10h_train_c10_acc', 'c10h_val_c10_loss', 'c10h_val_c10_acc', 'v4_loss', 'v4_acc', 'v6_loss', 'v6_acc', 'c10_50k_loss', 'c10_50k_acc']) 
 c10h_outdir:  /tigress/ruairidh/model_results/run_1/saves/wrn_28_10/con_True_lr_0.1_seed_2
[2018/09/25 15:00:48 __main__ INFO] - Train 1
[2018/09/25 15:01:08 __main__ INFO] - TEST 1
[2018/09/25 15:01:56 __main__ INFO] - - epoch 1    c10h_train    : 1.6074 (acc: 0.4226) | c10h_val    : 1.6402 (acc: 0.4250)
[2018/09/25 15:01:56 __main__ INFO] - -            c10h_train_c10: 1.5831 (acc: 0.4229) | c10h_val_c10: 1.6178 (acc: 0.4260)
[2018/09/25 15:01:56 __main__ INFO] - -            v4            : 1.8954 (acc: 0.3281) |           v6: 1.9403 (acc: 0.3390)
[2018/09/25 15:01:56 __main__ INFO] - -            c10_50k       : 1.6093 (acc: 0.4193)
[2018/09/25 15:01:56 __main__ INFO] - Elapsed 48.22
keys:  dict_keys(['epoch', 'c10h_train_loss', 'c10h_train_acc', 'c10h_val_loss', 'c10h_val_acc', 'c10h_train_c10_loss', 'c10h_train_c10_acc', 'c10h_val_c10_loss', 'c10h_val_c10_acc', 'v4_loss', 'v4_acc', 'v6_loss', 'v6_acc', 'c10_50k_loss', 'c10_50k_acc']) 
 c10h_outdir:  /tigress/ruairidh/model_results/run_1/saves/wrn_28_10/con_True_lr_0.1_seed_2
[2018/09/25 15:01:58 __main__ INFO] - Train 2
[2018/09/25 15:02:17 __main__ INFO] - TEST 2
[2018/09/25 15:03:06 __main__ INFO] - - epoch 2    c10h_train    : 1.3547 (acc: 0.5263) | c10h_val    : 1.4035 (acc: 0.5140)
[2018/09/25 15:03:06 __main__ INFO] - -            c10h_train_c10: 1.3080 (acc: 0.5277) | c10h_val_c10: 1.3527 (acc: 0.5150)
[2018/09/25 15:03:06 __main__ INFO] - -            v4            : 1.6528 (acc: 0.4087) |           v6: 1.6273 (acc: 0.4205)
[2018/09/25 15:03:06 __main__ INFO] - -            c10_50k       : 1.3451 (acc: 0.5198)
[2018/09/25 15:03:06 __main__ INFO] - Elapsed 48.59
keys:  dict_keys(['epoch', 'c10h_train_loss', 'c10h_train_acc', 'c10h_val_loss', 'c10h_val_acc', 'c10h_train_c10_loss', 'c10h_train_c10_acc', 'c10h_val_c10_loss', 'c10h_val_c10_acc', 'v4_loss', 'v4_acc', 'v6_loss', 'v6_acc', 'c10_50k_loss', 'c10_50k_acc']) 
 c10h_outdir:  /tigress/ruairidh/model_results/run_1/saves/wrn_28_10/con_True_lr_0.1_seed_2
[2018/09/25 15:03:07 __main__ INFO] - Train 3
[2018/09/25 15:03:27 __main__ INFO] - TEST 3
[2018/09/25 15:04:15 __main__ INFO] - - epoch 3    c10h_train    : 1.5216 (acc: 0.4984) | c10h_val    : 1.6189 (acc: 0.4840)
[2018/09/25 15:04:15 __main__ INFO] - -            c10h_train_c10: 1.4740 (acc: 0.4988) | c10h_val_c10: 1.5676 (acc: 0.4840)
[2018/09/25 15:04:15 __main__ INFO] - -            v4            : 1.9794 (acc: 0.3845) |           v6: 2.0732 (acc: 0.3730)
[2018/09/25 15:04:15 __main__ INFO] - -            c10_50k       : 1.5391 (acc: 0.4881)
[2018/09/25 15:04:15 __main__ INFO] - Elapsed 48.57
keys:  dict_keys(['epoch', 'c10h_train_loss', 'c10h_train_acc', 'c10h_val_loss', 'c10h_val_acc', 'c10h_train_c10_loss', 'c10h_train_c10_acc', 'c10h_val_c10_loss', 'c10h_val_c10_acc', 'v4_loss', 'v4_acc', 'v6_loss', 'v6_acc', 'c10_50k_loss', 'c10_50k_acc']) 
 c10h_outdir:  /tigress/ruairidh/model_results/run_1/saves/wrn_28_10/con_True_lr_0.1_seed_2
[2018/09/25 15:04:17 __main__ INFO] - Train 4
[2018/09/25 15:04:37 __main__ INFO] - TEST 4
[2018/09/25 15:05:25 __main__ INFO] - - epoch 4    c10h_train    : 1.1291 (acc: 0.6191) | c10h_val    : 1.2207 (acc: 0.5930)
[2018/09/25 15:05:25 __main__ INFO] - -            c10h_train_c10: 1.0572 (acc: 0.6201) | c10h_val_c10: 1.1293 (acc: 0.5950)
[2018/09/25 15:05:25 __main__ INFO] - -            v4            : 1.4931 (acc: 0.4928) |           v6: 1.4863 (acc: 0.4875)
[2018/09/25 15:05:25 __main__ INFO] - -            c10_50k       : 1.1331 (acc: 0.5986)
[2018/09/25 15:05:25 __main__ INFO] - Elapsed 48.36
keys:  dict_keys(['epoch', 'c10h_train_loss', 'c10h_train_acc', 'c10h_val_loss', 'c10h_val_acc', 'c10h_train_c10_loss', 'c10h_train_c10_acc', 'c10h_val_c10_loss', 'c10h_val_c10_acc', 'v4_loss', 'v4_acc', 'v6_loss', 'v6_acc', 'c10_50k_loss', 'c10_50k_acc']) 
 c10h_outdir:  /tigress/ruairidh/model_results/run_1/saves/wrn_28_10/con_True_lr_0.1_seed_2
[2018/09/25 15:05:26 __main__ INFO] - Train 5
[2018/09/25 15:05:45 __main__ INFO] - TEST 5
[2018/09/25 15:06:33 __main__ INFO] - - epoch 5    c10h_train    : 1.5771 (acc: 0.5454) | c10h_val    : 2.0665 (acc: 0.4890)
[2018/09/25 15:06:33 __main__ INFO] - -            c10h_train_c10: 1.5088 (acc: 0.5459) | c10h_val_c10: 2.0060 (acc: 0.4890)
[2018/09/25 15:06:33 __main__ INFO] - -            v4            : 2.2564 (acc: 0.4166) |           v6: 2.7622 (acc: 0.3925)
[2018/09/25 15:06:33 __main__ INFO] - -            c10_50k       : 1.6006 (acc: 0.5353)
[2018/09/25 15:06:33 __main__ INFO] - Elapsed 47.93
keys:  dict_keys(['epoch', 'c10h_train_loss', 'c10h_train_acc', 'c10h_val_loss', 'c10h_val_acc', 'c10h_train_c10_loss', 'c10h_train_c10_acc', 'c10h_val_c10_loss', 'c10h_val_c10_acc', 'v4_loss', 'v4_acc', 'v6_loss', 'v6_acc', 'c10_50k_loss', 'c10_50k_acc']) 
 c10h_outdir:  /tigress/ruairidh/model_results/run_1/saves/wrn_28_10/con_True_lr_0.1_seed_2
[2018/09/25 15:06:34 __main__ INFO] - Train 6
[2018/09/25 15:06:53 __main__ INFO] - TEST 6
[2018/09/25 15:07:41 __main__ INFO] - - epoch 6    c10h_train    : 0.9970 (acc: 0.6830) | c10h_val    : 1.1778 (acc: 0.6530)
[2018/09/25 15:07:41 __main__ INFO] - -            c10h_train_c10: 0.9130 (acc: 0.6836) | c10h_val_c10: 1.0815 (acc: 0.6540)
[2018/09/25 15:07:41 __main__ INFO] - -            v4            : 1.4624 (acc: 0.5383) |           v6: 1.6053 (acc: 0.5335)
[2018/09/25 15:07:41 __main__ INFO] - -            c10_50k       : 1.0232 (acc: 0.6597)
[2018/09/25 15:07:41 __main__ INFO] - Elapsed 48.20
keys:  dict_keys(['epoch', 'c10h_train_loss', 'c10h_train_acc', 'c10h_val_loss', 'c10h_val_acc', 'c10h_train_c10_loss', 'c10h_train_c10_acc', 'c10h_val_c10_loss', 'c10h_val_c10_acc', 'v4_loss', 'v4_acc', 'v6_loss', 'v6_acc', 'c10_50k_loss', 'c10_50k_acc']) 
 c10h_outdir:  /tigress/ruairidh/model_results/run_1/saves/wrn_28_10/con_True_lr_0.1_seed_2
[2018/09/25 15:07:42 __main__ INFO] - Train 7
[2018/09/25 15:08:02 __main__ INFO] - TEST 7
[2018/09/25 15:08:50 __main__ INFO] - - epoch 7    c10h_train    : 0.8818 (acc: 0.7178) | c10h_val    : 1.0315 (acc: 0.6970)
[2018/09/25 15:08:50 __main__ INFO] - -            c10h_train_c10: 0.7783 (acc: 0.7200) | c10h_val_c10: 0.9238 (acc: 0.6980)
[2018/09/25 15:08:50 __main__ INFO] - -            v4            : 1.2911 (acc: 0.5581) |           v6: 1.2996 (acc: 0.5750)
[2018/09/25 15:08:50 __main__ INFO] - -            c10_50k       : 0.8978 (acc: 0.6867)
[2018/09/25 15:08:50 __main__ INFO] - Elapsed 48.38
keys:  dict_keys(['epoch', 'c10h_train_loss', 'c10h_train_acc', 'c10h_val_loss', 'c10h_val_acc', 'c10h_train_c10_loss', 'c10h_train_c10_acc', 'c10h_val_c10_loss', 'c10h_val_c10_acc', 'v4_loss', 'v4_acc', 'v6_loss', 'v6_acc', 'c10_50k_loss', 'c10_50k_acc']) 
 c10h_outdir:  /tigress/ruairidh/model_results/run_1/saves/wrn_28_10/con_True_lr_0.1_seed_2
[2018/09/25 15:08:51 __main__ INFO] - Train 8
[2018/09/25 15:09:10 __main__ INFO] - TEST 8
[2018/09/25 15:09:58 __main__ INFO] - - epoch 8    c10h_train    : 1.0870 (acc: 0.6816) | c10h_val    : 1.2570 (acc: 0.6610)
[2018/09/25 15:09:58 __main__ INFO] - -            c10h_train_c10: 0.9871 (acc: 0.6819) | c10h_val_c10: 1.1576 (acc: 0.6640)
[2018/09/25 15:09:58 __main__ INFO] - -            v4            : 1.6922 (acc: 0.5398) |           v6: 1.8418 (acc: 0.5350)
[2018/09/25 15:09:58 __main__ INFO] - -            c10_50k       : 1.1285 (acc: 0.6562)
[2018/09/25 15:09:58 __main__ INFO] - Elapsed 48.04
keys:  dict_keys(['epoch', 'c10h_train_loss', 'c10h_train_acc', 'c10h_val_loss', 'c10h_val_acc', 'c10h_train_c10_loss', 'c10h_train_c10_acc', 'c10h_val_c10_loss', 'c10h_val_c10_acc', 'v4_loss', 'v4_acc', 'v6_loss', 'v6_acc', 'c10_50k_loss', 'c10_50k_acc']) 
 c10h_outdir:  /tigress/ruairidh/model_results/run_1/saves/wrn_28_10/con_True_lr_0.1_seed_2
[2018/09/25 15:10:00 __main__ INFO] - Train 9
[2018/09/25 15:10:19 __main__ INFO] - TEST 9
[2018/09/25 15:11:08 __main__ INFO] - - epoch 9    c10h_train    : 0.7811 (acc: 0.7600) | c10h_val    : 0.9834 (acc: 0.7170)
[2018/09/25 15:11:08 __main__ INFO] - -            c10h_train_c10: 0.6613 (acc: 0.7618) | c10h_val_c10: 0.8616 (acc: 0.7170)
[2018/09/25 15:11:08 __main__ INFO] - -            v4            : 1.2119 (acc: 0.6037) |           v6: 1.2200 (acc: 0.6140)
[2018/09/25 15:11:08 __main__ INFO] - -            c10_50k       : 0.8197 (acc: 0.7191)
[2018/09/25 15:11:08 __main__ INFO] - Elapsed 48.03
keys:  dict_keys(['epoch', 'c10h_train_loss', 'c10h_train_acc', 'c10h_val_loss', 'c10h_val_acc', 'c10h_train_c10_loss', 'c10h_train_c10_acc', 'c10h_val_c10_loss', 'c10h_val_c10_acc', 'v4_loss', 'v4_acc', 'v6_loss', 'v6_acc', 'c10_50k_loss', 'c10_50k_acc']) 
 c10h_outdir:  /tigress/ruairidh/model_results/run_1/saves/wrn_28_10/con_True_lr_0.1_seed_2
[2018/09/25 15:11:08 __main__ INFO] - Train 10
[2018/09/25 15:11:28 __main__ INFO] - TEST 10
[2018/09/25 15:12:15 __main__ INFO] - - epoch 10    c10h_train    : 1.3873 (acc: 0.6341) | c10h_val    : 1.9431 (acc: 0.5670)
[2018/09/25 15:12:15 __main__ INFO] - -            c10h_train_c10: 1.2361 (acc: 0.6368) | c10h_val_c10: 1.7750 (acc: 0.5700)
[2018/09/25 15:12:15 __main__ INFO] - -            v4            : 2.1340 (acc: 0.4829) |           v6: 2.4600 (acc: 0.4580)
[2018/09/25 15:12:15 __main__ INFO] - -            c10_50k       : 1.4538 (acc: 0.6038)
[2018/09/25 15:12:15 __main__ INFO] - Elapsed 47.85
keys:  dict_keys(['epoch', 'c10h_train_loss', 'c10h_train_acc', 'c10h_val_loss', 'c10h_val_acc', 'c10h_train_c10_loss', 'c10h_train_c10_acc', 'c10h_val_c10_loss', 'c10h_val_c10_acc', 'v4_loss', 'v4_acc', 'v6_loss', 'v6_acc', 'c10_50k_loss', 'c10_50k_acc']) 
 c10h_outdir:  /tigress/ruairidh/model_results/run_1/saves/wrn_28_10/con_True_lr_0.1_seed_2
[2018/09/25 15:12:17 __main__ INFO] - Train 11
[2018/09/25 15:12:37 __main__ INFO] - TEST 11
[2018/09/25 15:13:25 __main__ INFO] - - epoch 11    c10h_train    : 0.7856 (acc: 0.7633) | c10h_val    : 1.0412 (acc: 0.7070)
[2018/09/25 15:13:25 __main__ INFO] - -            c10h_train_c10: 0.6703 (acc: 0.7654) | c10h_val_c10: 0.9179 (acc: 0.7060)
[2018/09/25 15:13:25 __main__ INFO] - -            v4            : 1.2884 (acc: 0.5898) |           v6: 1.4405 (acc: 0.5960)
[2018/09/25 15:13:25 __main__ INFO] - -            c10_50k       : 0.8484 (acc: 0.7212)
[2018/09/25 15:13:25 __main__ INFO] - Elapsed 47.85
keys:  dict_keys(['epoch', 'c10h_train_loss', 'c10h_train_acc', 'c10h_val_loss', 'c10h_val_acc', 'c10h_train_c10_loss', 'c10h_train_c10_acc', 'c10h_val_c10_loss', 'c10h_val_c10_acc', 'v4_loss', 'v4_acc', 'v6_loss', 'v6_acc', 'c10_50k_loss', 'c10_50k_acc']) 
 c10h_outdir:  /tigress/ruairidh/model_results/run_1/saves/wrn_28_10/con_True_lr_0.1_seed_2
[2018/09/25 15:13:27 __main__ INFO] - Train 12
[2018/09/25 15:13:46 __main__ INFO] - TEST 12
[2018/09/25 15:14:34 __main__ INFO] - - epoch 12    c10h_train    : 0.8408 (acc: 0.7526) | c10h_val    : 1.0342 (acc: 0.7090)
[2018/09/25 15:14:34 __main__ INFO] - -            c10h_train_c10: 0.7133 (acc: 0.7544) | c10h_val_c10: 0.9022 (acc: 0.7090)
[2018/09/25 15:14:34 __main__ INFO] - -            v4            : 1.3823 (acc: 0.5755) |           v6: 1.4272 (acc: 0.5900)
[2018/09/25 15:14:34 __main__ INFO] - -            c10_50k       : 0.9386 (acc: 0.6970)
[2018/09/25 15:14:34 __main__ INFO] - Elapsed 48.06
keys:  dict_keys(['epoch', 'c10h_train_loss', 'c10h_train_acc', 'c10h_val_loss', 'c10h_val_acc', 'c10h_train_c10_loss', 'c10h_train_c10_acc', 'c10h_val_c10_loss', 'c10h_val_c10_acc', 'v4_loss', 'v4_acc', 'v6_loss', 'v6_acc', 'c10_50k_loss', 'c10_50k_acc']) 
 c10h_outdir:  /tigress/ruairidh/model_results/run_1/saves/wrn_28_10/con_True_lr_0.1_seed_2
[2018/09/25 15:14:35 __main__ INFO] - Train 13
[2018/09/25 15:14:54 __main__ INFO] - TEST 13
[2018/09/25 15:15:43 __main__ INFO] - - epoch 13    c10h_train    : 0.8164 (acc: 0.7646) | c10h_val    : 1.1775 (acc: 0.6840)
[2018/09/25 15:15:43 __main__ INFO] - -            c10h_train_c10: 0.6808 (acc: 0.7670) | c10h_val_c10: 1.0541 (acc: 0.6850)
[2018/09/25 15:15:43 __main__ INFO] - -            v4            : 1.3502 (acc: 0.5829) |           v6: 1.5680 (acc: 0.5660)
[2018/09/25 15:15:43 __main__ INFO] - -            c10_50k       : 0.9247 (acc: 0.7096)
[2018/09/25 15:15:43 __main__ INFO] - Elapsed 48.37
keys:  dict_keys(['epoch', 'c10h_train_loss', 'c10h_train_acc', 'c10h_val_loss', 'c10h_val_acc', 'c10h_train_c10_loss', 'c10h_train_c10_acc', 'c10h_val_c10_loss', 'c10h_val_c10_acc', 'v4_loss', 'v4_acc', 'v6_loss', 'v6_acc', 'c10_50k_loss', 'c10_50k_acc']) 
 c10h_outdir:  /tigress/ruairidh/model_results/run_1/saves/wrn_28_10/con_True_lr_0.1_seed_2
[2018/09/25 15:15:44 __main__ INFO] - Train 14
[2018/09/25 15:16:03 __main__ INFO] - TEST 14
[2018/09/25 15:16:51 __main__ INFO] - - epoch 14    c10h_train    : 0.8092 (acc: 0.7689) | c10h_val    : 1.1564 (acc: 0.6970)
[2018/09/25 15:16:51 __main__ INFO] - -            c10h_train_c10: 0.6661 (acc: 0.7709) | c10h_val_c10: 1.0216 (acc: 0.6970)
[2018/09/25 15:16:51 __main__ INFO] - -            v4            : 1.3725 (acc: 0.5868) |           v6: 1.4622 (acc: 0.5835)
[2018/09/25 15:16:51 __main__ INFO] - -            c10_50k       : 0.9319 (acc: 0.7094)
[2018/09/25 15:16:51 __main__ INFO] - Elapsed 48.10
keys:  dict_keys(['epoch', 'c10h_train_loss', 'c10h_train_acc', 'c10h_val_loss', 'c10h_val_acc', 'c10h_train_c10_loss', 'c10h_train_c10_acc', 'c10h_val_c10_loss', 'c10h_val_c10_acc', 'v4_loss', 'v4_acc', 'v6_loss', 'v6_acc', 'c10_50k_loss', 'c10_50k_acc']) 
 c10h_outdir:  /tigress/ruairidh/model_results/run_1/saves/wrn_28_10/con_True_lr_0.1_seed_2
[2018/09/25 15:16:52 __main__ INFO] - Train 15
[2018/09/25 15:17:11 __main__ INFO] - TEST 15
[2018/09/25 15:17:59 __main__ INFO] - - epoch 15    c10h_train    : 0.5508 (acc: 0.8596) | c10h_val    : 0.8267 (acc: 0.7900)
[2018/09/25 15:17:59 __main__ INFO] - -            c10h_train_c10: 0.3934 (acc: 0.8630) | c10h_val_c10: 0.6744 (acc: 0.7920)
[2018/09/25 15:17:59 __main__ INFO] - -            v4            : 1.0737 (acc: 0.6675) |           v6: 1.0787 (acc: 0.6735)
[2018/09/25 15:17:59 __main__ INFO] - -            c10_50k       : 0.6568 (acc: 0.7843)
[2018/09/25 15:17:59 __main__ INFO] - Elapsed 48.19
keys:  dict_keys(['epoch', 'c10h_train_loss', 'c10h_train_acc', 'c10h_val_loss', 'c10h_val_acc', 'c10h_train_c10_loss', 'c10h_train_c10_acc', 'c10h_val_c10_loss', 'c10h_val_c10_acc', 'v4_loss', 'v4_acc', 'v6_loss', 'v6_acc', 'c10_50k_loss', 'c10_50k_acc']) 
 c10h_outdir:  /tigress/ruairidh/model_results/run_1/saves/wrn_28_10/con_True_lr_0.1_seed_2
[2018/09/25 15:18:01 __main__ INFO] - Train 16
[2018/09/25 15:18:21 __main__ INFO] - TEST 16
[2018/09/25 15:19:08 __main__ INFO] - - epoch 16    c10h_train    : 0.6792 (acc: 0.8144) | c10h_val    : 0.9682 (acc: 0.7610)
[2018/09/25 15:19:08 __main__ INFO] - -            c10h_train_c10: 0.5280 (acc: 0.8156) | c10h_val_c10: 0.8310 (acc: 0.7630)
[2018/09/25 15:19:08 __main__ INFO] - -            v4            : 1.2818 (acc: 0.6239) |           v6: 1.3937 (acc: 0.6260)
[2018/09/25 15:19:08 __main__ INFO] - -            c10_50k       : 0.7936 (acc: 0.7476)
[2018/09/25 15:19:08 __main__ INFO] - Elapsed 47.83
keys:  dict_keys(['epoch', 'c10h_train_loss', 'c10h_train_acc', 'c10h_val_loss', 'c10h_val_acc', 'c10h_train_c10_loss', 'c10h_train_c10_acc', 'c10h_val_c10_loss', 'c10h_val_c10_acc', 'v4_loss', 'v4_acc', 'v6_loss', 'v6_acc', 'c10_50k_loss', 'c10_50k_acc']) 
 c10h_outdir:  /tigress/ruairidh/model_results/run_1/saves/wrn_28_10/con_True_lr_0.1_seed_2
[2018/09/25 15:19:10 __main__ INFO] - Train 17
[2018/09/25 15:19:30 __main__ INFO] - TEST 17
[2018/09/25 15:20:18 __main__ INFO] - - epoch 17    c10h_train    : 1.0799 (acc: 0.7133) | c10h_val    : 1.5736 (acc: 0.6470)
[2018/09/25 15:20:18 __main__ INFO] - -            c10h_train_c10: 0.9400 (acc: 0.7150) | c10h_val_c10: 1.4745 (acc: 0.6470)
[2018/09/25 15:20:18 __main__ INFO] - -            v4            : 1.7488 (acc: 0.5502) |           v6: 1.9448 (acc: 0.5555)
[2018/09/25 15:20:18 __main__ INFO] - -            c10_50k       : 1.2573 (acc: 0.6596)
[2018/09/25 15:20:18 __main__ INFO] - Elapsed 48.04
keys:  dict_keys(['epoch', 'c10h_train_loss', 'c10h_train_acc', 'c10h_val_loss', 'c10h_val_acc', 'c10h_train_c10_loss', 'c10h_train_c10_acc', 'c10h_val_c10_loss', 'c10h_val_c10_acc', 'v4_loss', 'v4_acc', 'v6_loss', 'v6_acc', 'c10_50k_loss', 'c10_50k_acc']) 
 c10h_outdir:  /tigress/ruairidh/model_results/run_1/saves/wrn_28_10/con_True_lr_0.1_seed_2
[2018/09/25 15:20:19 __main__ INFO] - Train 18
[2018/09/25 15:20:38 __main__ INFO] - TEST 18
[2018/09/25 15:21:26 __main__ INFO] - - epoch 18    c10h_train    : 0.5832 (acc: 0.8499) | c10h_val    : 0.8935 (acc: 0.7590)
[2018/09/25 15:21:26 __main__ INFO] - -            c10h_train_c10: 0.4206 (acc: 0.8520) | c10h_val_c10: 0.7576 (acc: 0.7610)
[2018/09/25 15:21:26 __main__ INFO] - -            v4            : 1.1846 (acc: 0.6353) |           v6: 1.2987 (acc: 0.6335)
[2018/09/25 15:21:26 __main__ INFO] - -            c10_50k       : 0.7176 (acc: 0.7676)
[2018/09/25 15:21:26 __main__ INFO] - Elapsed 47.96
keys:  dict_keys(['epoch', 'c10h_train_loss', 'c10h_train_acc', 'c10h_val_loss', 'c10h_val_acc', 'c10h_train_c10_loss', 'c10h_train_c10_acc', 'c10h_val_c10_loss', 'c10h_val_c10_acc', 'v4_loss', 'v4_acc', 'v6_loss', 'v6_acc', 'c10_50k_loss', 'c10_50k_acc']) 
 c10h_outdir:  /tigress/ruairidh/model_results/run_1/saves/wrn_28_10/con_True_lr_0.1_seed_2
[2018/09/25 15:21:30 __main__ INFO] - Train 19
[2018/09/25 15:21:49 __main__ INFO] - TEST 19
[2018/09/25 15:22:38 __main__ INFO] - - epoch 19    c10h_train    : 0.8382 (acc: 0.7770) | c10h_val    : 1.3498 (acc: 0.6880)
[2018/09/25 15:22:38 __main__ INFO] - -            c10h_train_c10: 0.6715 (acc: 0.7790) | c10h_val_c10: 1.1963 (acc: 0.6900)
[2018/09/25 15:22:38 __main__ INFO] - -            v4            : 1.6689 (acc: 0.5626) |           v6: 1.8611 (acc: 0.5595)
[2018/09/25 15:22:38 __main__ INFO] - -            c10_50k       : 1.0093 (acc: 0.7040)
[2018/09/25 15:22:38 __main__ INFO] - Elapsed 48.23
keys:  dict_keys(['epoch', 'c10h_train_loss', 'c10h_train_acc', 'c10h_val_loss', 'c10h_val_acc', 'c10h_train_c10_loss', 'c10h_train_c10_acc', 'c10h_val_c10_loss', 'c10h_val_c10_acc', 'v4_loss', 'v4_acc', 'v6_loss', 'v6_acc', 'c10_50k_loss', 'c10_50k_acc']) 
 c10h_outdir:  /tigress/ruairidh/model_results/run_1/saves/wrn_28_10/con_True_lr_0.1_seed_2
[2018/09/25 15:22:38 __main__ INFO] - Train 20
[2018/09/25 15:22:58 __main__ INFO] - TEST 20
[2018/09/25 15:23:46 __main__ INFO] - - epoch 20    c10h_train    : 0.5701 (acc: 0.8628) | c10h_val    : 0.9575 (acc: 0.7580)
[2018/09/25 15:23:46 __main__ INFO] - -            c10h_train_c10: 0.3612 (acc: 0.8671) | c10h_val_c10: 0.7715 (acc: 0.7610)
[2018/09/25 15:23:46 __main__ INFO] - -            v4            : 1.1466 (acc: 0.6526) |           v6: 1.2606 (acc: 0.6670)
[2018/09/25 15:23:46 __main__ INFO] - -            c10_50k       : 0.7011 (acc: 0.7789)
[2018/09/25 15:23:46 __main__ INFO] - Elapsed 48.05
keys:  dict_keys(['epoch', 'c10h_train_loss', 'c10h_train_acc', 'c10h_val_loss', 'c10h_val_acc', 'c10h_train_c10_loss', 'c10h_train_c10_acc', 'c10h_val_c10_loss', 'c10h_val_c10_acc', 'v4_loss', 'v4_acc', 'v6_loss', 'v6_acc', 'c10_50k_loss', 'c10_50k_acc']) 
 c10h_outdir:  /tigress/ruairidh/model_results/run_1/saves/wrn_28_10/con_True_lr_0.1_seed_2
[2018/09/25 15:23:48 __main__ INFO] - Train 21
[2018/09/25 15:24:07 __main__ INFO] - TEST 21
[2018/09/25 15:24:55 __main__ INFO] - - epoch 21    c10h_train    : 0.8834 (acc: 0.7723) | c10h_val    : 1.3648 (acc: 0.6760)
[2018/09/25 15:24:56 __main__ INFO] - -            c10h_train_c10: 0.7029 (acc: 0.7741) | c10h_val_c10: 1.1968 (acc: 0.6780)
[2018/09/25 15:24:56 __main__ INFO] - -            v4            : 1.7421 (acc: 0.5680) |           v6: 1.9787 (acc: 0.5715)
[2018/09/25 15:24:56 __main__ INFO] - -            c10_50k       : 1.0698 (acc: 0.7063)
[2018/09/25 15:24:56 __main__ INFO] - Elapsed 48.33
keys:  dict_keys(['epoch', 'c10h_train_loss', 'c10h_train_acc', 'c10h_val_loss', 'c10h_val_acc', 'c10h_train_c10_loss', 'c10h_train_c10_acc', 'c10h_val_c10_loss', 'c10h_val_c10_acc', 'v4_loss', 'v4_acc', 'v6_loss', 'v6_acc', 'c10_50k_loss', 'c10_50k_acc']) 
 c10h_outdir:  /tigress/ruairidh/model_results/run_1/saves/wrn_28_10/con_True_lr_0.1_seed_2
[2018/09/25 15:24:57 __main__ INFO] - Train 22
[2018/09/25 15:25:16 __main__ INFO] - TEST 22
[2018/09/25 15:26:05 __main__ INFO] - - epoch 22    c10h_train    : 0.8462 (acc: 0.7949) | c10h_val    : 1.2982 (acc: 0.7150)
[2018/09/25 15:26:05 __main__ INFO] - -            c10h_train_c10: 0.6314 (acc: 0.7972) | c10h_val_c10: 1.1197 (acc: 0.7170)
[2018/09/25 15:26:05 __main__ INFO] - -            v4            : 1.7074 (acc: 0.5858) |           v6: 1.8023 (acc: 0.6095)
[2018/09/25 15:26:05 __main__ INFO] - -            c10_50k       : 1.0620 (acc: 0.7237)
[2018/09/25 15:26:05 __main__ INFO] - Elapsed 48.45
keys:  dict_keys(['epoch', 'c10h_train_loss', 'c10h_train_acc', 'c10h_val_loss', 'c10h_val_acc', 'c10h_train_c10_loss', 'c10h_train_c10_acc', 'c10h_val_c10_loss', 'c10h_val_c10_acc', 'v4_loss', 'v4_acc', 'v6_loss', 'v6_acc', 'c10_50k_loss', 'c10_50k_acc']) 
 c10h_outdir:  /tigress/ruairidh/model_results/run_1/saves/wrn_28_10/con_True_lr_0.1_seed_2
[2018/09/25 15:26:06 __main__ INFO] - Train 23
[2018/09/25 15:26:25 __main__ INFO] - TEST 23
[2018/09/25 15:27:14 __main__ INFO] - - epoch 23    c10h_train    : 0.5528 (acc: 0.8701) | c10h_val    : 0.9316 (acc: 0.7650)
[2018/09/25 15:27:14 __main__ INFO] - -            c10h_train_c10: 0.3501 (acc: 0.8744) | c10h_val_c10: 0.7526 (acc: 0.7670)
[2018/09/25 15:27:14 __main__ INFO] - -            v4            : 1.1023 (acc: 0.6645) |           v6: 1.1455 (acc: 0.6655)
[2018/09/25 15:27:14 __main__ INFO] - -            c10_50k       : 0.6876 (acc: 0.7777)
[2018/09/25 15:27:14 __main__ INFO] - Elapsed 48.26
keys:  dict_keys(['epoch', 'c10h_train_loss', 'c10h_train_acc', 'c10h_val_loss', 'c10h_val_acc', 'c10h_train_c10_loss', 'c10h_train_c10_acc', 'c10h_val_c10_loss', 'c10h_val_c10_acc', 'v4_loss', 'v4_acc', 'v6_loss', 'v6_acc', 'c10_50k_loss', 'c10_50k_acc']) 
 c10h_outdir:  /tigress/ruairidh/model_results/run_1/saves/wrn_28_10/con_True_lr_0.1_seed_2
[2018/09/25 15:27:14 __main__ INFO] - Train 24
[2018/09/25 15:27:34 __main__ INFO] - TEST 24
[2018/09/25 15:28:22 __main__ INFO] - - epoch 24    c10h_train    : 0.9780 (acc: 0.7613) | c10h_val    : 1.4981 (acc: 0.6880)
[2018/09/25 15:28:22 __main__ INFO] - -            c10h_train_c10: 0.7746 (acc: 0.7640) | c10h_val_c10: 1.3409 (acc: 0.6890)
[2018/09/25 15:28:22 __main__ INFO] - -            v4            : 1.8967 (acc: 0.5522) |           v6: 1.9933 (acc: 0.5580)
[2018/09/25 15:28:22 __main__ INFO] - -            c10_50k       : 1.1941 (acc: 0.6884)
[2018/09/25 15:28:22 __main__ INFO] - Elapsed 47.89
keys:  dict_keys(['epoch', 'c10h_train_loss', 'c10h_train_acc', 'c10h_val_loss', 'c10h_val_acc', 'c10h_train_c10_loss', 'c10h_train_c10_acc', 'c10h_val_c10_loss', 'c10h_val_c10_acc', 'v4_loss', 'v4_acc', 'v6_loss', 'v6_acc', 'c10_50k_loss', 'c10_50k_acc']) 
 c10h_outdir:  /tigress/ruairidh/model_results/run_1/saves/wrn_28_10/con_True_lr_0.1_seed_2
[2018/09/25 15:28:22 __main__ INFO] - Train 25
[2018/09/25 15:28:42 __main__ INFO] - TEST 25
[2018/09/25 15:29:30 __main__ INFO] - - epoch 25    c10h_train    : 1.0227 (acc: 0.7476) | c10h_val    : 1.6219 (acc: 0.6580)
[2018/09/25 15:29:30 __main__ INFO] - -            c10h_train_c10: 0.8431 (acc: 0.7500) | c10h_val_c10: 1.4729 (acc: 0.6570)
[2018/09/25 15:29:30 __main__ INFO] - -            v4            : 1.9772 (acc: 0.5285) |           v6: 2.3385 (acc: 0.5260)
[2018/09/25 15:29:30 __main__ INFO] - -            c10_50k       : 1.2448 (acc: 0.6757)
[2018/09/25 15:29:30 __main__ INFO] - Elapsed 47.97
keys:  dict_keys(['epoch', 'c10h_train_loss', 'c10h_train_acc', 'c10h_val_loss', 'c10h_val_acc', 'c10h_train_c10_loss', 'c10h_train_c10_acc', 'c10h_val_c10_loss', 'c10h_val_c10_acc', 'v4_loss', 'v4_acc', 'v6_loss', 'v6_acc', 'c10_50k_loss', 'c10_50k_acc']) 
 c10h_outdir:  /tigress/ruairidh/model_results/run_1/saves/wrn_28_10/con_True_lr_0.1_seed_2
[2018/09/25 15:29:31 __main__ INFO] - Train 26
[2018/09/25 15:29:51 __main__ INFO] - TEST 26
[2018/09/25 15:30:39 __main__ INFO] - - epoch 26    c10h_train    : 0.6379 (acc: 0.8534) | c10h_val    : 1.0969 (acc: 0.7620)
[2018/09/25 15:30:39 __main__ INFO] - -            c10h_train_c10: 0.3970 (acc: 0.8589) | c10h_val_c10: 0.9032 (acc: 0.7630)
[2018/09/25 15:30:39 __main__ INFO] - -            v4            : 1.3783 (acc: 0.6338) |           v6: 1.4980 (acc: 0.6335)
[2018/09/25 15:30:39 __main__ INFO] - -            c10_50k       : 0.8331 (acc: 0.7602)
[2018/09/25 15:30:39 __main__ INFO] - Elapsed 48.22
keys:  dict_keys(['epoch', 'c10h_train_loss', 'c10h_train_acc', 'c10h_val_loss', 'c10h_val_acc', 'c10h_train_c10_loss', 'c10h_train_c10_acc', 'c10h_val_c10_loss', 'c10h_val_c10_acc', 'v4_loss', 'v4_acc', 'v6_loss', 'v6_acc', 'c10_50k_loss', 'c10_50k_acc']) 
 c10h_outdir:  /tigress/ruairidh/model_results/run_1/saves/wrn_28_10/con_True_lr_0.1_seed_2
[2018/09/25 15:30:40 __main__ INFO] - Train 27
[2018/09/25 15:30:59 __main__ INFO] - TEST 27
[2018/09/25 15:31:48 __main__ INFO] - - epoch 27    c10h_train    : 0.8119 (acc: 0.8068) | c10h_val    : 1.4088 (acc: 0.7160)
[2018/09/25 15:31:48 __main__ INFO] - -            c10h_train_c10: 0.5729 (acc: 0.8098) | c10h_val_c10: 1.2143 (acc: 0.7160)
[2018/09/25 15:31:48 __main__ INFO] - -            v4            : 1.6216 (acc: 0.6017) |           v6: 1.7464 (acc: 0.6060)
[2018/09/25 15:31:48 __main__ INFO] - -            c10_50k       : 1.0428 (acc: 0.7156)
[2018/09/25 15:31:48 __main__ INFO] - Elapsed 48.27
keys:  dict_keys(['epoch', 'c10h_train_loss', 'c10h_train_acc', 'c10h_val_loss', 'c10h_val_acc', 'c10h_train_c10_loss', 'c10h_train_c10_acc', 'c10h_val_c10_loss', 'c10h_val_c10_acc', 'v4_loss', 'v4_acc', 'v6_loss', 'v6_acc', 'c10_50k_loss', 'c10_50k_acc']) 
 c10h_outdir:  /tigress/ruairidh/model_results/run_1/saves/wrn_28_10/con_True_lr_0.1_seed_2
[2018/09/25 15:31:49 __main__ INFO] - Train 28
[2018/09/25 15:32:08 __main__ INFO] - TEST 28
[2018/09/25 15:32:57 __main__ INFO] - - epoch 28    c10h_train    : 0.5819 (acc: 0.8599) | c10h_val    : 0.9973 (acc: 0.7390)
[2018/09/25 15:32:57 __main__ INFO] - -            c10h_train_c10: 0.3929 (acc: 0.8647) | c10h_val_c10: 0.8532 (acc: 0.7390)
[2018/09/25 15:32:57 __main__ INFO] - -            v4            : 1.1559 (acc: 0.6408) |           v6: 1.2141 (acc: 0.6505)
[2018/09/25 15:32:57 __main__ INFO] - -            c10_50k       : 0.7635 (acc: 0.7602)
[2018/09/25 15:32:57 __main__ INFO] - Elapsed 48.18
keys:  dict_keys(['epoch', 'c10h_train_loss', 'c10h_train_acc', 'c10h_val_loss', 'c10h_val_acc', 'c10h_train_c10_loss', 'c10h_train_c10_acc', 'c10h_val_c10_loss', 'c10h_val_c10_acc', 'v4_loss', 'v4_acc', 'v6_loss', 'v6_acc', 'c10_50k_loss', 'c10_50k_acc']) 
 c10h_outdir:  /tigress/ruairidh/model_results/run_1/saves/wrn_28_10/con_True_lr_0.1_seed_2
[2018/09/25 15:32:59 __main__ INFO] - Train 29
[2018/09/25 15:33:19 __main__ INFO] - TEST 29
[2018/09/25 15:34:07 __main__ INFO] - - epoch 29    c10h_train    : 0.5668 (acc: 0.8747) | c10h_val    : 0.9991 (acc: 0.7810)
[2018/09/25 15:34:07 __main__ INFO] - -            c10h_train_c10: 0.3470 (acc: 0.8782) | c10h_val_c10: 0.8182 (acc: 0.7800)
[2018/09/25 15:34:07 __main__ INFO] - -            v4            : 1.3086 (acc: 0.6522) |           v6: 1.4349 (acc: 0.6455)
[2018/09/25 15:34:07 __main__ INFO] - -            c10_50k       : 0.7649 (acc: 0.7777)
[2018/09/25 15:34:07 __main__ INFO] - Elapsed 48.09
keys:  dict_keys(['epoch', 'c10h_train_loss', 'c10h_train_acc', 'c10h_val_loss', 'c10h_val_acc', 'c10h_train_c10_loss', 'c10h_train_c10_acc', 'c10h_val_c10_loss', 'c10h_val_c10_acc', 'v4_loss', 'v4_acc', 'v6_loss', 'v6_acc', 'c10_50k_loss', 'c10_50k_acc']) 
 c10h_outdir:  /tigress/ruairidh/model_results/run_1/saves/wrn_28_10/con_True_lr_0.1_seed_2
[2018/09/25 15:34:07 __main__ INFO] - Train 30
[2018/09/25 15:34:27 __main__ INFO] - TEST 30
[2018/09/25 15:35:15 __main__ INFO] - - epoch 30    c10h_train    : 0.6614 (acc: 0.8636) | c10h_val    : 1.2013 (acc: 0.7630)
[2018/09/25 15:35:15 __main__ INFO] - -            c10h_train_c10: 0.4086 (acc: 0.8681) | c10h_val_c10: 0.9748 (acc: 0.7640)
[2018/09/25 15:35:15 __main__ INFO] - -            v4            : 1.3596 (acc: 0.6507) |           v6: 1.4922 (acc: 0.6575)
[2018/09/25 15:35:15 __main__ INFO] - -            c10_50k       : 0.8286 (acc: 0.7723)
[2018/09/25 15:35:15 __main__ INFO] - Elapsed 48.07
keys:  dict_keys(['epoch', 'c10h_train_loss', 'c10h_train_acc', 'c10h_val_loss', 'c10h_val_acc', 'c10h_train_c10_loss', 'c10h_train_c10_acc', 'c10h_val_c10_loss', 'c10h_val_c10_acc', 'v4_loss', 'v4_acc', 'v6_loss', 'v6_acc', 'c10_50k_loss', 'c10_50k_acc']) 
 c10h_outdir:  /tigress/ruairidh/model_results/run_1/saves/wrn_28_10/con_True_lr_0.1_seed_2
[2018/09/25 15:35:17 __main__ INFO] - Train 31
[2018/09/25 15:35:37 __main__ INFO] - TEST 31
[2018/09/25 15:36:25 __main__ INFO] - - epoch 31    c10h_train    : 0.7073 (acc: 0.8441) | c10h_val    : 1.1838 (acc: 0.7430)
[2018/09/25 15:36:25 __main__ INFO] - -            c10h_train_c10: 0.4642 (acc: 0.8479) | c10h_val_c10: 1.0043 (acc: 0.7450)
[2018/09/25 15:36:25 __main__ INFO] - -            v4            : 1.5490 (acc: 0.6022) |           v6: 1.7407 (acc: 0.6005)
[2018/09/25 15:36:25 __main__ INFO] - -            c10_50k       : 0.9387 (acc: 0.7434)
[2018/09/25 15:36:25 __main__ INFO] - Elapsed 48.23
keys:  dict_keys(['epoch', 'c10h_train_loss', 'c10h_train_acc', 'c10h_val_loss', 'c10h_val_acc', 'c10h_train_c10_loss', 'c10h_train_c10_acc', 'c10h_val_c10_loss', 'c10h_val_c10_acc', 'v4_loss', 'v4_acc', 'v6_loss', 'v6_acc', 'c10_50k_loss', 'c10_50k_acc']) 
 c10h_outdir:  /tigress/ruairidh/model_results/run_1/saves/wrn_28_10/con_True_lr_0.1_seed_2
[2018/09/25 15:36:27 __main__ INFO] - Train 32
[2018/09/25 15:36:47 __main__ INFO] - TEST 32
[2018/09/25 15:37:35 __main__ INFO] - - epoch 32    c10h_train    : 0.6338 (acc: 0.8686) | c10h_val    : 1.2018 (acc: 0.7530)
[2018/09/25 15:37:35 __main__ INFO] - -            c10h_train_c10: 0.3603 (acc: 0.8737) | c10h_val_c10: 0.9742 (acc: 0.7530)
[2018/09/25 15:37:35 __main__ INFO] - -            v4            : 1.3129 (acc: 0.6710) |           v6: 1.4386 (acc: 0.6695)
[2018/09/25 15:37:35 __main__ INFO] - -            c10_50k       : 0.8498 (acc: 0.7685)
[2018/09/25 15:37:35 __main__ INFO] - Elapsed 48.36
keys:  dict_keys(['epoch', 'c10h_train_loss', 'c10h_train_acc', 'c10h_val_loss', 'c10h_val_acc', 'c10h_train_c10_loss', 'c10h_train_c10_acc', 'c10h_val_c10_loss', 'c10h_val_c10_acc', 'v4_loss', 'v4_acc', 'v6_loss', 'v6_acc', 'c10_50k_loss', 'c10_50k_acc']) 
 c10h_outdir:  /tigress/ruairidh/model_results/run_1/saves/wrn_28_10/con_True_lr_0.1_seed_2
[2018/09/25 15:37:35 __main__ INFO] - Train 33
[2018/09/25 15:37:55 __main__ INFO] - TEST 33
[2018/09/25 15:38:43 __main__ INFO] - - epoch 33    c10h_train    : 0.5670 (acc: 0.8788) | c10h_val    : 1.0516 (acc: 0.7840)
[2018/09/25 15:38:43 __main__ INFO] - -            c10h_train_c10: 0.3250 (acc: 0.8828) | c10h_val_c10: 0.8473 (acc: 0.7820)
[2018/09/25 15:38:43 __main__ INFO] - -            v4            : 1.2495 (acc: 0.6502) |           v6: 1.3255 (acc: 0.6680)
[2018/09/25 15:38:43 __main__ INFO] - -            c10_50k       : 0.7691 (acc: 0.7703)
[2018/09/25 15:38:43 __main__ INFO] - Elapsed 48.13
keys:  dict_keys(['epoch', 'c10h_train_loss', 'c10h_train_acc', 'c10h_val_loss', 'c10h_val_acc', 'c10h_train_c10_loss', 'c10h_train_c10_acc', 'c10h_val_c10_loss', 'c10h_val_c10_acc', 'v4_loss', 'v4_acc', 'v6_loss', 'v6_acc', 'c10_50k_loss', 'c10_50k_acc']) 
 c10h_outdir:  /tigress/ruairidh/model_results/run_1/saves/wrn_28_10/con_True_lr_0.1_seed_2
[2018/09/25 15:38:44 __main__ INFO] - Train 34
[2018/09/25 15:39:03 __main__ INFO] - TEST 34
[2018/09/25 15:39:52 __main__ INFO] - - epoch 34    c10h_train    : 0.7499 (acc: 0.8293) | c10h_val    : 1.3946 (acc: 0.7160)
[2018/09/25 15:39:52 __main__ INFO] - -            c10h_train_c10: 0.5043 (acc: 0.8338) | c10h_val_c10: 1.1787 (acc: 0.7150)
[2018/09/25 15:39:52 __main__ INFO] - -            v4            : 1.4803 (acc: 0.6249) |           v6: 1.6035 (acc: 0.6135)
[2018/09/25 15:39:52 __main__ INFO] - -            c10_50k       : 0.9855 (acc: 0.7324)
[2018/09/25 15:39:52 __main__ INFO] - Elapsed 48.17
keys:  dict_keys(['epoch', 'c10h_train_loss', 'c10h_train_acc', 'c10h_val_loss', 'c10h_val_acc', 'c10h_train_c10_loss', 'c10h_train_c10_acc', 'c10h_val_c10_loss', 'c10h_val_c10_acc', 'v4_loss', 'v4_acc', 'v6_loss', 'v6_acc', 'c10_50k_loss', 'c10_50k_acc']) 
 c10h_outdir:  /tigress/ruairidh/model_results/run_1/saves/wrn_28_10/con_True_lr_0.1_seed_2
[2018/09/25 15:39:52 __main__ INFO] - Train 35
[2018/09/25 15:40:12 __main__ INFO] - TEST 35
[2018/09/25 15:41:00 __main__ INFO] - - epoch 35    c10h_train    : 0.5550 (acc: 0.8862) | c10h_val    : 1.0200 (acc: 0.7770)
[2018/09/25 15:41:00 __main__ INFO] - -            c10h_train_c10: 0.3160 (acc: 0.8902) | c10h_val_c10: 0.8316 (acc: 0.7760)
[2018/09/25 15:41:00 __main__ INFO] - -            v4            : 1.2101 (acc: 0.6551) |           v6: 1.3552 (acc: 0.6540)
[2018/09/25 15:41:00 __main__ INFO] - -            c10_50k       : 0.7501 (acc: 0.7769)
[2018/09/25 15:41:00 __main__ INFO] - Elapsed 47.79
keys:  dict_keys(['epoch', 'c10h_train_loss', 'c10h_train_acc', 'c10h_val_loss', 'c10h_val_acc', 'c10h_train_c10_loss', 'c10h_train_c10_acc', 'c10h_val_c10_loss', 'c10h_val_c10_acc', 'v4_loss', 'v4_acc', 'v6_loss', 'v6_acc', 'c10_50k_loss', 'c10_50k_acc']) 
 c10h_outdir:  /tigress/ruairidh/model_results/run_1/saves/wrn_28_10/con_True_lr_0.1_seed_2
[2018/09/25 15:41:01 __main__ INFO] - Train 36
[2018/09/25 15:41:20 __main__ INFO] - TEST 36
[2018/09/25 15:42:08 __main__ INFO] - - epoch 36    c10h_train    : 0.5821 (acc: 0.8876) | c10h_val    : 1.0728 (acc: 0.7690)
[2018/09/25 15:42:08 __main__ INFO] - -            c10h_train_c10: 0.3136 (acc: 0.8926) | c10h_val_c10: 0.8632 (acc: 0.7700)
[2018/09/25 15:42:08 __main__ INFO] - -            v4            : 1.2014 (acc: 0.6660) |           v6: 1.3889 (acc: 0.6575)
[2018/09/25 15:42:08 __main__ INFO] - -            c10_50k       : 0.7541 (acc: 0.7808)
[2018/09/25 15:42:08 __main__ INFO] - Elapsed 48.01
keys:  dict_keys(['epoch', 'c10h_train_loss', 'c10h_train_acc', 'c10h_val_loss', 'c10h_val_acc', 'c10h_train_c10_loss', 'c10h_train_c10_acc', 'c10h_val_c10_loss', 'c10h_val_c10_acc', 'v4_loss', 'v4_acc', 'v6_loss', 'v6_acc', 'c10_50k_loss', 'c10_50k_acc']) 
 c10h_outdir:  /tigress/ruairidh/model_results/run_1/saves/wrn_28_10/con_True_lr_0.1_seed_2
[2018/09/25 15:42:09 __main__ INFO] - Train 37
[2018/09/25 15:42:28 __main__ INFO] - TEST 37
[2018/09/25 15:43:16 __main__ INFO] - - epoch 37    c10h_train    : 0.6445 (acc: 0.8741) | c10h_val    : 1.2193 (acc: 0.7630)
[2018/09/25 15:43:16 __main__ INFO] - -            c10h_train_c10: 0.3569 (acc: 0.8802) | c10h_val_c10: 0.9792 (acc: 0.7630)
[2018/09/25 15:43:16 __main__ INFO] - -            v4            : 1.4735 (acc: 0.6348) |           v6: 1.7583 (acc: 0.6225)
[2018/09/25 15:43:16 __main__ INFO] - -            c10_50k       : 0.8596 (acc: 0.7711)
[2018/09/25 15:43:16 __main__ INFO] - Elapsed 47.93
keys:  dict_keys(['epoch', 'c10h_train_loss', 'c10h_train_acc', 'c10h_val_loss', 'c10h_val_acc', 'c10h_train_c10_loss', 'c10h_train_c10_acc', 'c10h_val_c10_loss', 'c10h_val_c10_acc', 'v4_loss', 'v4_acc', 'v6_loss', 'v6_acc', 'c10_50k_loss', 'c10_50k_acc']) 
 c10h_outdir:  /tigress/ruairidh/model_results/run_1/saves/wrn_28_10/con_True_lr_0.1_seed_2
[2018/09/25 15:43:17 __main__ INFO] - Train 38
[2018/09/25 15:43:36 __main__ INFO] - TEST 38
[2018/09/25 15:44:24 __main__ INFO] - - epoch 38    c10h_train    : 0.5513 (acc: 0.8852) | c10h_val    : 0.9187 (acc: 0.7830)
[2018/09/25 15:44:25 __main__ INFO] - -            c10h_train_c10: 0.2946 (acc: 0.8916) | c10h_val_c10: 0.7290 (acc: 0.7860)
[2018/09/25 15:44:25 __main__ INFO] - -            v4            : 1.2364 (acc: 0.6472) |           v6: 1.3451 (acc: 0.6495)
[2018/09/25 15:44:25 __main__ INFO] - -            c10_50k       : 0.7617 (acc: 0.7725)
[2018/09/25 15:44:25 __main__ INFO] - Elapsed 47.93
keys:  dict_keys(['epoch', 'c10h_train_loss', 'c10h_train_acc', 'c10h_val_loss', 'c10h_val_acc', 'c10h_train_c10_loss', 'c10h_train_c10_acc', 'c10h_val_c10_loss', 'c10h_val_c10_acc', 'v4_loss', 'v4_acc', 'v6_loss', 'v6_acc', 'c10_50k_loss', 'c10_50k_acc']) 
 c10h_outdir:  /tigress/ruairidh/model_results/run_1/saves/wrn_28_10/con_True_lr_0.1_seed_2
[2018/09/25 15:44:25 __main__ INFO] - Train 39
[2018/09/25 15:44:44 __main__ INFO] - TEST 39
[2018/09/25 15:45:33 __main__ INFO] - - epoch 39    c10h_train    : 0.5379 (acc: 0.8966) | c10h_val    : 0.9974 (acc: 0.7800)
[2018/09/25 15:45:33 __main__ INFO] - -            c10h_train_c10: 0.2729 (acc: 0.9007) | c10h_val_c10: 0.8018 (acc: 0.7810)
[2018/09/25 15:45:33 __main__ INFO] - -            v4            : 1.2243 (acc: 0.6655) |           v6: 1.3330 (acc: 0.6695)
[2018/09/25 15:45:33 __main__ INFO] - -            c10_50k       : 0.7486 (acc: 0.7881)
[2018/09/25 15:45:33 __main__ INFO] - Elapsed 48.48
keys:  dict_keys(['epoch', 'c10h_train_loss', 'c10h_train_acc', 'c10h_val_loss', 'c10h_val_acc', 'c10h_train_c10_loss', 'c10h_train_c10_acc', 'c10h_val_c10_loss', 'c10h_val_c10_acc', 'v4_loss', 'v4_acc', 'v6_loss', 'v6_acc', 'c10_50k_loss', 'c10_50k_acc']) 
 c10h_outdir:  /tigress/ruairidh/model_results/run_1/saves/wrn_28_10/con_True_lr_0.1_seed_2
[2018/09/25 15:45:35 __main__ INFO] - Train 40
[2018/09/25 15:45:54 __main__ INFO] - TEST 40
[2018/09/25 15:46:42 __main__ INFO] - - epoch 40    c10h_train    : 0.7356 (acc: 0.8372) | c10h_val    : 1.3324 (acc: 0.7490)
[2018/09/25 15:46:43 __main__ INFO] - -            c10h_train_c10: 0.5015 (acc: 0.8394) | c10h_val_c10: 1.1727 (acc: 0.7490)
[2018/09/25 15:46:43 __main__ INFO] - -            v4            : 1.4579 (acc: 0.6230) |           v6: 1.6510 (acc: 0.6235)
[2018/09/25 15:46:43 __main__ INFO] - -            c10_50k       : 1.0095 (acc: 0.7422)
[2018/09/25 15:46:43 __main__ INFO] - Elapsed 48.18
keys:  dict_keys(['epoch', 'c10h_train_loss', 'c10h_train_acc', 'c10h_val_loss', 'c10h_val_acc', 'c10h_train_c10_loss', 'c10h_train_c10_acc', 'c10h_val_c10_loss', 'c10h_val_c10_acc', 'v4_loss', 'v4_acc', 'v6_loss', 'v6_acc', 'c10_50k_loss', 'c10_50k_acc']) 
 c10h_outdir:  /tigress/ruairidh/model_results/run_1/saves/wrn_28_10/con_True_lr_0.1_seed_2
[2018/09/25 15:46:44 __main__ INFO] - Train 41
[2018/09/25 15:47:03 __main__ INFO] - TEST 41
[2018/09/25 15:47:51 __main__ INFO] - - epoch 41    c10h_train    : 0.7060 (acc: 0.8506) | c10h_val    : 1.3004 (acc: 0.7280)
[2018/09/25 15:47:51 __main__ INFO] - -            c10h_train_c10: 0.4286 (acc: 0.8562) | c10h_val_c10: 1.0988 (acc: 0.7260)
[2018/09/25 15:47:51 __main__ INFO] - -            v4            : 1.5896 (acc: 0.6076) |           v6: 1.8357 (acc: 0.6015)
[2018/09/25 15:47:51 __main__ INFO] - -            c10_50k       : 1.0195 (acc: 0.7374)
[2018/09/25 15:47:51 __main__ INFO] - Elapsed 47.78
keys:  dict_keys(['epoch', 'c10h_train_loss', 'c10h_train_acc', 'c10h_val_loss', 'c10h_val_acc', 'c10h_train_c10_loss', 'c10h_train_c10_acc', 'c10h_val_c10_loss', 'c10h_val_c10_acc', 'v4_loss', 'v4_acc', 'v6_loss', 'v6_acc', 'c10_50k_loss', 'c10_50k_acc']) 
 c10h_outdir:  /tigress/ruairidh/model_results/run_1/saves/wrn_28_10/con_True_lr_0.1_seed_2
[2018/09/25 15:47:53 __main__ INFO] - Train 42
[2018/09/25 15:48:13 __main__ INFO] - TEST 42
[2018/09/25 15:49:01 __main__ INFO] - - epoch 42    c10h_train    : 0.6045 (acc: 0.8800) | c10h_val    : 1.1493 (acc: 0.7680)
[2018/09/25 15:49:01 __main__ INFO] - -            c10h_train_c10: 0.3341 (acc: 0.8856) | c10h_val_c10: 0.9401 (acc: 0.7700)
[2018/09/25 15:49:01 __main__ INFO] - -            v4            : 1.4366 (acc: 0.6333) |           v6: 1.5720 (acc: 0.6420)
[2018/09/25 15:49:01 __main__ INFO] - -            c10_50k       : 0.8455 (acc: 0.7664)
[2018/09/25 15:49:01 __main__ INFO] - Elapsed 48.11
keys:  dict_keys(['epoch', 'c10h_train_loss', 'c10h_train_acc', 'c10h_val_loss', 'c10h_val_acc', 'c10h_train_c10_loss', 'c10h_train_c10_acc', 'c10h_val_c10_loss', 'c10h_val_c10_acc', 'v4_loss', 'v4_acc', 'v6_loss', 'v6_acc', 'c10_50k_loss', 'c10_50k_acc']) 
 c10h_outdir:  /tigress/ruairidh/model_results/run_1/saves/wrn_28_10/con_True_lr_0.1_seed_2
[2018/09/25 15:49:03 __main__ INFO] - Train 43
[2018/09/25 15:49:22 __main__ INFO] - TEST 43
[2018/09/25 15:50:11 __main__ INFO] - - epoch 43    c10h_train    : 0.4931 (acc: 0.9056) | c10h_val    : 0.8739 (acc: 0.7960)
[2018/09/25 15:50:11 __main__ INFO] - -            c10h_train_c10: 0.2484 (acc: 0.9109) | c10h_val_c10: 0.6805 (acc: 0.8010)
[2018/09/25 15:50:11 __main__ INFO] - -            v4            : 1.1384 (acc: 0.6581) |           v6: 1.1681 (acc: 0.6820)
[2018/09/25 15:50:11 __main__ INFO] - -            c10_50k       : 0.7008 (acc: 0.7860)
[2018/09/25 15:50:11 __main__ INFO] - Elapsed 48.61
keys:  dict_keys(['epoch', 'c10h_train_loss', 'c10h_train_acc', 'c10h_val_loss', 'c10h_val_acc', 'c10h_train_c10_loss', 'c10h_train_c10_acc', 'c10h_val_c10_loss', 'c10h_val_c10_acc', 'v4_loss', 'v4_acc', 'v6_loss', 'v6_acc', 'c10_50k_loss', 'c10_50k_acc']) 
 c10h_outdir:  /tigress/ruairidh/model_results/run_1/saves/wrn_28_10/con_True_lr_0.1_seed_2
[2018/09/25 15:50:13 __main__ INFO] - Train 44
[2018/09/25 15:50:33 __main__ INFO] - TEST 44
[2018/09/25 15:51:21 __main__ INFO] - - epoch 44    c10h_train    : 0.5830 (acc: 0.8920) | c10h_val    : 1.1778 (acc: 0.7800)
[2018/09/25 15:51:21 __main__ INFO] - -            c10h_train_c10: 0.2953 (acc: 0.8966) | c10h_val_c10: 0.9546 (acc: 0.7800)
[2018/09/25 15:51:21 __main__ INFO] - -            v4            : 1.5085 (acc: 0.6418) |           v6: 1.6980 (acc: 0.6405)
[2018/09/25 15:51:21 __main__ INFO] - -            c10_50k       : 0.8532 (acc: 0.7750)
[2018/09/25 15:51:21 __main__ INFO] - Elapsed 48.24
keys:  dict_keys(['epoch', 'c10h_train_loss', 'c10h_train_acc', 'c10h_val_loss', 'c10h_val_acc', 'c10h_train_c10_loss', 'c10h_train_c10_acc', 'c10h_val_c10_loss', 'c10h_val_c10_acc', 'v4_loss', 'v4_acc', 'v6_loss', 'v6_acc', 'c10_50k_loss', 'c10_50k_acc']) 
 c10h_outdir:  /tigress/ruairidh/model_results/run_1/saves/wrn_28_10/con_True_lr_0.1_seed_2
[2018/09/25 15:51:22 __main__ INFO] - Train 45
[2018/09/25 15:51:41 __main__ INFO] - TEST 45
[2018/09/25 15:52:30 __main__ INFO] - - epoch 45    c10h_train    : 0.4638 (acc: 0.9329) | c10h_val    : 0.9939 (acc: 0.7930)
[2018/09/25 15:52:30 __main__ INFO] - -            c10h_train_c10: 0.1693 (acc: 0.9394) | c10h_val_c10: 0.7792 (acc: 0.7930)
[2018/09/25 15:52:30 __main__ INFO] - -            v4            : 1.1653 (acc: 0.6893) |           v6: 1.2307 (acc: 0.7000)
[2018/09/25 15:52:30 __main__ INFO] - -            c10_50k       : 0.6732 (acc: 0.8088)
[2018/09/25 15:52:30 __main__ INFO] - Elapsed 48.61
keys:  dict_keys(['epoch', 'c10h_train_loss', 'c10h_train_acc', 'c10h_val_loss', 'c10h_val_acc', 'c10h_train_c10_loss', 'c10h_train_c10_acc', 'c10h_val_c10_loss', 'c10h_val_c10_acc', 'v4_loss', 'v4_acc', 'v6_loss', 'v6_acc', 'c10_50k_loss', 'c10_50k_acc']) 
 c10h_outdir:  /tigress/ruairidh/model_results/run_1/saves/wrn_28_10/con_True_lr_0.1_seed_2
[2018/09/25 15:52:31 __main__ INFO] - Train 46
[2018/09/25 15:52:51 __main__ INFO] - TEST 46
[2018/09/25 15:53:39 __main__ INFO] - - epoch 46    c10h_train    : 0.9283 (acc: 0.8023) | c10h_val    : 1.6760 (acc: 0.6810)
[2018/09/25 15:53:39 __main__ INFO] - -            c10h_train_c10: 0.6161 (acc: 0.8069) | c10h_val_c10: 1.4358 (acc: 0.6820)
[2018/09/25 15:53:39 __main__ INFO] - -            v4            : 2.0972 (acc: 0.5601) |           v6: 2.4442 (acc: 0.5560)
[2018/09/25 15:53:39 __main__ INFO] - -            c10_50k       : 1.2660 (acc: 0.6948)
[2018/09/25 15:53:39 __main__ INFO] - Elapsed 48.16
keys:  dict_keys(['epoch', 'c10h_train_loss', 'c10h_train_acc', 'c10h_val_loss', 'c10h_val_acc', 'c10h_train_c10_loss', 'c10h_train_c10_acc', 'c10h_val_c10_loss', 'c10h_val_c10_acc', 'v4_loss', 'v4_acc', 'v6_loss', 'v6_acc', 'c10_50k_loss', 'c10_50k_acc']) 
 c10h_outdir:  /tigress/ruairidh/model_results/run_1/saves/wrn_28_10/con_True_lr_0.1_seed_2
[2018/09/25 15:53:40 __main__ INFO] - Train 47
[2018/09/25 15:54:00 __main__ INFO] - TEST 47
[2018/09/25 15:54:48 __main__ INFO] - - epoch 47    c10h_train    : 0.7736 (acc: 0.8320) | c10h_val    : 1.3689 (acc: 0.7180)
[2018/09/25 15:54:48 __main__ INFO] - -            c10h_train_c10: 0.5073 (acc: 0.8360) | c10h_val_c10: 1.1582 (acc: 0.7190)
[2018/09/25 15:54:48 __main__ INFO] - -            v4            : 1.6189 (acc: 0.6081) |           v6: 1.6757 (acc: 0.6265)
[2018/09/25 15:54:48 __main__ INFO] - -            c10_50k       : 1.0593 (acc: 0.7311)
[2018/09/25 15:54:48 __main__ INFO] - Elapsed 48.15
keys:  dict_keys(['epoch', 'c10h_train_loss', 'c10h_train_acc', 'c10h_val_loss', 'c10h_val_acc', 'c10h_train_c10_loss', 'c10h_train_c10_acc', 'c10h_val_c10_loss', 'c10h_val_c10_acc', 'v4_loss', 'v4_acc', 'v6_loss', 'v6_acc', 'c10_50k_loss', 'c10_50k_acc']) 
 c10h_outdir:  /tigress/ruairidh/model_results/run_1/saves/wrn_28_10/con_True_lr_0.1_seed_2
[2018/09/25 15:54:49 __main__ INFO] - Train 48
[2018/09/25 15:55:08 __main__ INFO] - TEST 48
[2018/09/25 15:55:56 __main__ INFO] - - epoch 48    c10h_train    : 0.5669 (acc: 0.8942) | c10h_val    : 0.9825 (acc: 0.7990)
[2018/09/25 15:55:56 __main__ INFO] - -            c10h_train_c10: 0.2814 (acc: 0.9002) | c10h_val_c10: 0.7555 (acc: 0.8000)
[2018/09/25 15:55:56 __main__ INFO] - -            v4            : 1.3090 (acc: 0.6432) |           v6: 1.4130 (acc: 0.6515)
[2018/09/25 15:55:56 __main__ INFO] - -            c10_50k       : 0.7624 (acc: 0.7807)
[2018/09/25 15:55:56 __main__ INFO] - Elapsed 47.89
keys:  dict_keys(['epoch', 'c10h_train_loss', 'c10h_train_acc', 'c10h_val_loss', 'c10h_val_acc', 'c10h_train_c10_loss', 'c10h_train_c10_acc', 'c10h_val_c10_loss', 'c10h_val_c10_acc', 'v4_loss', 'v4_acc', 'v6_loss', 'v6_acc', 'c10_50k_loss', 'c10_50k_acc']) 
 c10h_outdir:  /tigress/ruairidh/model_results/run_1/saves/wrn_28_10/con_True_lr_0.1_seed_2
[2018/09/25 15:55:57 __main__ INFO] - Train 49
[2018/09/25 15:56:16 __main__ INFO] - TEST 49
[2018/09/25 15:57:04 __main__ INFO] - - epoch 49    c10h_train    : 0.6020 (acc: 0.8743) | c10h_val    : 1.1703 (acc: 0.7570)
[2018/09/25 15:57:04 __main__ INFO] - -            c10h_train_c10: 0.3394 (acc: 0.8799) | c10h_val_c10: 0.9642 (acc: 0.7590)
[2018/09/25 15:57:04 __main__ INFO] - -            v4            : 1.4319 (acc: 0.6205) |           v6: 1.6200 (acc: 0.6315)
[2018/09/25 15:57:04 __main__ INFO] - -            c10_50k       : 0.8266 (acc: 0.7591)
[2018/09/25 15:57:04 __main__ INFO] - Elapsed 48.17
keys:  dict_keys(['epoch', 'c10h_train_loss', 'c10h_train_acc', 'c10h_val_loss', 'c10h_val_acc', 'c10h_train_c10_loss', 'c10h_train_c10_acc', 'c10h_val_c10_loss', 'c10h_val_c10_acc', 'v4_loss', 'v4_acc', 'v6_loss', 'v6_acc', 'c10_50k_loss', 'c10_50k_acc']) 
 c10h_outdir:  /tigress/ruairidh/model_results/run_1/saves/wrn_28_10/con_True_lr_0.1_seed_2
[2018/09/25 15:57:05 __main__ INFO] - Train 50
[2018/09/25 15:57:24 __main__ INFO] - TEST 50
[2018/09/25 15:58:13 __main__ INFO] - - epoch 50    c10h_train    : 0.5693 (acc: 0.9039) | c10h_val    : 1.1277 (acc: 0.7810)
[2018/09/25 15:58:13 __main__ INFO] - -            c10h_train_c10: 0.2613 (acc: 0.9099) | c10h_val_c10: 0.8853 (acc: 0.7820)
[2018/09/25 15:58:13 __main__ INFO] - -            v4            : 1.3042 (acc: 0.6670) |           v6: 1.3902 (acc: 0.6860)
[2018/09/25 15:58:13 __main__ INFO] - -            c10_50k       : 0.7849 (acc: 0.7928)
[2018/09/25 15:58:13 __main__ INFO] - Elapsed 48.18
keys:  dict_keys(['epoch', 'c10h_train_loss', 'c10h_train_acc', 'c10h_val_loss', 'c10h_val_acc', 'c10h_train_c10_loss', 'c10h_train_c10_acc', 'c10h_val_c10_loss', 'c10h_val_c10_acc', 'v4_loss', 'v4_acc', 'v6_loss', 'v6_acc', 'c10_50k_loss', 'c10_50k_acc']) 
 c10h_outdir:  /tigress/ruairidh/model_results/run_1/saves/wrn_28_10/con_True_lr_0.1_seed_2
[2018/09/25 15:58:14 __main__ INFO] - Train 51
[2018/09/25 15:58:33 __main__ INFO] - TEST 51
[2018/09/25 15:59:21 __main__ INFO] - - epoch 51    c10h_train    : 0.4760 (acc: 0.9292) | c10h_val    : 0.9042 (acc: 0.8170)
[2018/09/25 15:59:21 __main__ INFO] - -            c10h_train_c10: 0.1707 (acc: 0.9362) | c10h_val_c10: 0.6826 (acc: 0.8180)
[2018/09/25 15:59:21 __main__ INFO] - -            v4            : 1.1434 (acc: 0.6937) |           v6: 1.2742 (acc: 0.6865)
[2018/09/25 15:59:21 __main__ INFO] - -            c10_50k       : 0.6759 (acc: 0.8089)
[2018/09/25 15:59:21 __main__ INFO] - Elapsed 47.86
keys:  dict_keys(['epoch', 'c10h_train_loss', 'c10h_train_acc', 'c10h_val_loss', 'c10h_val_acc', 'c10h_train_c10_loss', 'c10h_train_c10_acc', 'c10h_val_c10_loss', 'c10h_val_c10_acc', 'v4_loss', 'v4_acc', 'v6_loss', 'v6_acc', 'c10_50k_loss', 'c10_50k_acc']) 
 c10h_outdir:  /tigress/ruairidh/model_results/run_1/saves/wrn_28_10/con_True_lr_0.1_seed_2
[2018/09/25 15:59:23 __main__ INFO] - Train 52
[2018/09/25 15:59:43 __main__ INFO] - TEST 52
[2018/09/25 16:00:31 __main__ INFO] - - epoch 52    c10h_train    : 0.5114 (acc: 0.9151) | c10h_val    : 1.0155 (acc: 0.7960)
[2018/09/25 16:00:31 __main__ INFO] - -            c10h_train_c10: 0.2304 (acc: 0.9197) | c10h_val_c10: 0.8053 (acc: 0.7970)
[2018/09/25 16:00:31 __main__ INFO] - -            v4            : 1.1922 (acc: 0.6838) |           v6: 1.3329 (acc: 0.6790)
[2018/09/25 16:00:31 __main__ INFO] - -            c10_50k       : 0.7037 (acc: 0.8023)
[2018/09/25 16:00:31 __main__ INFO] - Elapsed 48.29
keys:  dict_keys(['epoch', 'c10h_train_loss', 'c10h_train_acc', 'c10h_val_loss', 'c10h_val_acc', 'c10h_train_c10_loss', 'c10h_train_c10_acc', 'c10h_val_c10_loss', 'c10h_val_c10_acc', 'v4_loss', 'v4_acc', 'v6_loss', 'v6_acc', 'c10_50k_loss', 'c10_50k_acc']) 
 c10h_outdir:  /tigress/ruairidh/model_results/run_1/saves/wrn_28_10/con_True_lr_0.1_seed_2
[2018/09/25 16:00:34 __main__ INFO] - Train 53
[2018/09/25 16:00:53 __main__ INFO] - TEST 53
[2018/09/25 16:01:41 __main__ INFO] - - epoch 53    c10h_train    : 0.6758 (acc: 0.8717) | c10h_val    : 1.2381 (acc: 0.7660)
[2018/09/25 16:01:42 __main__ INFO] - -            c10h_train_c10: 0.3780 (acc: 0.8762) | c10h_val_c10: 1.0057 (acc: 0.7660)
[2018/09/25 16:01:42 __main__ INFO] - -            v4            : 1.5016 (acc: 0.6373) |           v6: 1.6317 (acc: 0.6445)
[2018/09/25 16:01:42 __main__ INFO] - -            c10_50k       : 0.9118 (acc: 0.7606)
[2018/09/25 16:01:42 __main__ INFO] - Elapsed 48.22
keys:  dict_keys(['epoch', 'c10h_train_loss', 'c10h_train_acc', 'c10h_val_loss', 'c10h_val_acc', 'c10h_train_c10_loss', 'c10h_train_c10_acc', 'c10h_val_c10_loss', 'c10h_val_c10_acc', 'v4_loss', 'v4_acc', 'v6_loss', 'v6_acc', 'c10_50k_loss', 'c10_50k_acc']) 
 c10h_outdir:  /tigress/ruairidh/model_results/run_1/saves/wrn_28_10/con_True_lr_0.1_seed_2
[2018/09/25 16:01:43 __main__ INFO] - Train 54
[2018/09/25 16:02:03 __main__ INFO] - TEST 54
[2018/09/25 16:02:51 __main__ INFO] - - epoch 54    c10h_train    : 0.6185 (acc: 0.8846) | c10h_val    : 1.3398 (acc: 0.7360)
[2018/09/25 16:02:51 __main__ INFO] - -            c10h_train_c10: 0.3218 (acc: 0.8908) | c10h_val_c10: 1.1245 (acc: 0.7360)
[2018/09/25 16:02:51 __main__ INFO] - -            v4            : 1.5661 (acc: 0.6309) |           v6: 1.8531 (acc: 0.6300)
[2018/09/25 16:02:51 __main__ INFO] - -            c10_50k       : 0.9016 (acc: 0.7654)
[2018/09/25 16:02:51 __main__ INFO] - Elapsed 47.88
keys:  dict_keys(['epoch', 'c10h_train_loss', 'c10h_train_acc', 'c10h_val_loss', 'c10h_val_acc', 'c10h_train_c10_loss', 'c10h_train_c10_acc', 'c10h_val_c10_loss', 'c10h_val_c10_acc', 'v4_loss', 'v4_acc', 'v6_loss', 'v6_acc', 'c10_50k_loss', 'c10_50k_acc']) 
 c10h_outdir:  /tigress/ruairidh/model_results/run_1/saves/wrn_28_10/con_True_lr_0.1_seed_2
[2018/09/25 16:02:53 __main__ INFO] - Train 55
[2018/09/25 16:03:13 __main__ INFO] - TEST 55
[2018/09/25 16:04:01 __main__ INFO] - - epoch 55    c10h_train    : 0.4769 (acc: 0.9211) | c10h_val    : 0.9716 (acc: 0.7920)
[2018/09/25 16:04:01 __main__ INFO] - -            c10h_train_c10: 0.2004 (acc: 0.9263) | c10h_val_c10: 0.7685 (acc: 0.7920)
[2018/09/25 16:04:01 __main__ INFO] - -            v4            : 1.1955 (acc: 0.6724) |           v6: 1.3055 (acc: 0.6695)
[2018/09/25 16:04:01 __main__ INFO] - -            c10_50k       : 0.6818 (acc: 0.7989)
[2018/09/25 16:04:01 __main__ INFO] - Elapsed 48.35
keys:  dict_keys(['epoch', 'c10h_train_loss', 'c10h_train_acc', 'c10h_val_loss', 'c10h_val_acc', 'c10h_train_c10_loss', 'c10h_train_c10_acc', 'c10h_val_c10_loss', 'c10h_val_c10_acc', 'v4_loss', 'v4_acc', 'v6_loss', 'v6_acc', 'c10_50k_loss', 'c10_50k_acc']) 
 c10h_outdir:  /tigress/ruairidh/model_results/run_1/saves/wrn_28_10/con_True_lr_0.1_seed_2
[2018/09/25 16:04:03 __main__ INFO] - Train 56
[2018/09/25 16:04:22 __main__ INFO] - TEST 56
[2018/09/25 16:05:10 __main__ INFO] - - epoch 56    c10h_train    : 0.4788 (acc: 0.9223) | c10h_val    : 0.9047 (acc: 0.7990)
[2018/09/25 16:05:10 __main__ INFO] - -            c10h_train_c10: 0.1972 (acc: 0.9274) | c10h_val_c10: 0.6867 (acc: 0.7990)
[2018/09/25 16:05:10 __main__ INFO] - -            v4            : 1.2504 (acc: 0.6512) |           v6: 1.3705 (acc: 0.6635)
[2018/09/25 16:05:10 __main__ INFO] - -            c10_50k       : 0.6876 (acc: 0.7988)
[2018/09/25 16:05:10 __main__ INFO] - Elapsed 48.22
keys:  dict_keys(['epoch', 'c10h_train_loss', 'c10h_train_acc', 'c10h_val_loss', 'c10h_val_acc', 'c10h_train_c10_loss', 'c10h_train_c10_acc', 'c10h_val_c10_loss', 'c10h_val_c10_acc', 'v4_loss', 'v4_acc', 'v6_loss', 'v6_acc', 'c10_50k_loss', 'c10_50k_acc']) 
 c10h_outdir:  /tigress/ruairidh/model_results/run_1/saves/wrn_28_10/con_True_lr_0.1_seed_2
[2018/09/25 16:05:12 __main__ INFO] - Train 57
[2018/09/25 16:05:31 __main__ INFO] - TEST 57
[2018/09/25 16:06:19 __main__ INFO] - - epoch 57    c10h_train    : 0.6163 (acc: 0.8879) | c10h_val    : 1.2171 (acc: 0.7390)
[2018/09/25 16:06:19 __main__ INFO] - -            c10h_train_c10: 0.3214 (acc: 0.8914) | c10h_val_c10: 1.0289 (acc: 0.7400)
[2018/09/25 16:06:19 __main__ INFO] - -            v4            : 1.7049 (acc: 0.6230) |           v6: 1.8298 (acc: 0.6325)
[2018/09/25 16:06:19 __main__ INFO] - -            c10_50k       : 0.9611 (acc: 0.7642)
[2018/09/25 16:06:19 __main__ INFO] - Elapsed 48.05
keys:  dict_keys(['epoch', 'c10h_train_loss', 'c10h_train_acc', 'c10h_val_loss', 'c10h_val_acc', 'c10h_train_c10_loss', 'c10h_train_c10_acc', 'c10h_val_c10_loss', 'c10h_val_c10_acc', 'v4_loss', 'v4_acc', 'v6_loss', 'v6_acc', 'c10_50k_loss', 'c10_50k_acc']) 
 c10h_outdir:  /tigress/ruairidh/model_results/run_1/saves/wrn_28_10/con_True_lr_0.1_seed_2
[2018/09/25 16:06:20 __main__ INFO] - Train 58
[2018/09/25 16:06:39 __main__ INFO] - TEST 58
[2018/09/25 16:07:27 __main__ INFO] - - epoch 58    c10h_train    : 0.5550 (acc: 0.8911) | c10h_val    : 1.0712 (acc: 0.7770)
[2018/09/25 16:07:27 __main__ INFO] - -            c10h_train_c10: 0.2807 (acc: 0.8969) | c10h_val_c10: 0.8592 (acc: 0.7790)
[2018/09/25 16:07:27 __main__ INFO] - -            v4            : 1.2933 (acc: 0.6650) |           v6: 1.4654 (acc: 0.6555)
[2018/09/25 16:07:27 __main__ INFO] - -            c10_50k       : 0.8077 (acc: 0.7723)
[2018/09/25 16:07:27 __main__ INFO] - Elapsed 47.91
keys:  dict_keys(['epoch', 'c10h_train_loss', 'c10h_train_acc', 'c10h_val_loss', 'c10h_val_acc', 'c10h_train_c10_loss', 'c10h_train_c10_acc', 'c10h_val_c10_loss', 'c10h_val_c10_acc', 'v4_loss', 'v4_acc', 'v6_loss', 'v6_acc', 'c10_50k_loss', 'c10_50k_acc']) 
 c10h_outdir:  /tigress/ruairidh/model_results/run_1/saves/wrn_28_10/con_True_lr_0.1_seed_2
[2018/09/25 16:07:29 __main__ INFO] - Train 59
[2018/09/25 16:07:48 __main__ INFO] - TEST 59
[2018/09/25 16:08:37 __main__ INFO] - - epoch 59    c10h_train    : 0.5244 (acc: 0.9063) | c10h_val    : 1.1277 (acc: 0.7600)
[2018/09/25 16:08:37 __main__ INFO] - -            c10h_train_c10: 0.2471 (acc: 0.9109) | c10h_val_c10: 0.9265 (acc: 0.7590)
[2018/09/25 16:08:37 __main__ INFO] - -            v4            : 1.3587 (acc: 0.6522) |           v6: 1.5917 (acc: 0.6390)
[2018/09/25 16:08:37 __main__ INFO] - -            c10_50k       : 0.7616 (acc: 0.7852)
[2018/09/25 16:08:37 __main__ INFO] - Elapsed 48.04
keys:  dict_keys(['epoch', 'c10h_train_loss', 'c10h_train_acc', 'c10h_val_loss', 'c10h_val_acc', 'c10h_train_c10_loss', 'c10h_train_c10_acc', 'c10h_val_c10_loss', 'c10h_val_c10_acc', 'v4_loss', 'v4_acc', 'v6_loss', 'v6_acc', 'c10_50k_loss', 'c10_50k_acc']) 
 c10h_outdir:  /tigress/ruairidh/model_results/run_1/saves/wrn_28_10/con_True_lr_0.1_seed_2
[2018/09/25 16:08:38 __main__ INFO] - Train 60
[2018/09/25 16:08:58 __main__ INFO] - TEST 60
[2018/09/25 16:09:46 __main__ INFO] - - epoch 60    c10h_train    : 0.4326 (acc: 0.9386) | c10h_val    : 0.8500 (acc: 0.8140)
[2018/09/25 16:09:46 __main__ INFO] - -            c10h_train_c10: 0.1531 (acc: 0.9446) | c10h_val_c10: 0.6547 (acc: 0.8120)
[2018/09/25 16:09:46 __main__ INFO] - -            v4            : 1.0298 (acc: 0.7066) |           v6: 1.1036 (acc: 0.7055)
[2018/09/25 16:09:46 __main__ INFO] - -            c10_50k       : 0.6486 (acc: 0.8116)
[2018/09/25 16:09:46 __main__ INFO] - Elapsed 48.18
keys:  dict_keys(['epoch', 'c10h_train_loss', 'c10h_train_acc', 'c10h_val_loss', 'c10h_val_acc', 'c10h_train_c10_loss', 'c10h_train_c10_acc', 'c10h_val_c10_loss', 'c10h_val_c10_acc', 'v4_loss', 'v4_acc', 'v6_loss', 'v6_acc', 'c10_50k_loss', 'c10_50k_acc']) 
 c10h_outdir:  /tigress/ruairidh/model_results/run_1/saves/wrn_28_10/con_True_lr_0.1_seed_2
[2018/09/25 16:09:48 __main__ INFO] - Train 61
[2018/09/25 16:10:07 __main__ INFO] - TEST 61
[2018/09/25 16:10:56 __main__ INFO] - - epoch 61    c10h_train    : 0.3927 (acc: 0.9851) | c10h_val    : 0.6968 (acc: 0.8690)
[2018/09/25 16:10:56 __main__ INFO] - -            c10h_train_c10: 0.0190 (acc: 0.9932) | c10h_val_c10: 0.4328 (acc: 0.8700)
[2018/09/25 16:10:56 __main__ INFO] - -            v4            : 0.8304 (acc: 0.7679) |           v6: 0.8870 (acc: 0.7745)
[2018/09/25 16:10:56 __main__ INFO] - -            c10_50k       : 0.4446 (acc: 0.8687)
[2018/09/25 16:10:56 __main__ INFO] - Elapsed 48.51
keys:  dict_keys(['epoch', 'c10h_train_loss', 'c10h_train_acc', 'c10h_val_loss', 'c10h_val_acc', 'c10h_train_c10_loss', 'c10h_train_c10_acc', 'c10h_val_c10_loss', 'c10h_val_c10_acc', 'v4_loss', 'v4_acc', 'v6_loss', 'v6_acc', 'c10_50k_loss', 'c10_50k_acc']) 
 c10h_outdir:  /tigress/ruairidh/model_results/run_1/saves/wrn_28_10/con_True_lr_0.1_seed_2
[2018/09/25 16:10:56 __main__ INFO] - Train 62
[2018/09/25 16:11:16 __main__ INFO] - TEST 62
[2018/09/25 16:12:04 __main__ INFO] - - epoch 62    c10h_train    : 0.4074 (acc: 0.9860) | c10h_val    : 0.6914 (acc: 0.8810)
[2018/09/25 16:12:04 __main__ INFO] - -            c10h_train_c10: 0.0134 (acc: 0.9934) | c10h_val_c10: 0.4147 (acc: 0.8810)
[2018/09/25 16:12:04 __main__ INFO] - -            v4            : 0.8369 (acc: 0.7669) |           v6: 0.8863 (acc: 0.7760)
[2018/09/25 16:12:04 __main__ INFO] - -            c10_50k       : 0.4455 (acc: 0.8701)
[2018/09/25 16:12:04 __main__ INFO] - Elapsed 48.09
keys:  dict_keys(['epoch', 'c10h_train_loss', 'c10h_train_acc', 'c10h_val_loss', 'c10h_val_acc', 'c10h_train_c10_loss', 'c10h_train_c10_acc', 'c10h_val_c10_loss', 'c10h_val_c10_acc', 'v4_loss', 'v4_acc', 'v6_loss', 'v6_acc', 'c10_50k_loss', 'c10_50k_acc']) 
 c10h_outdir:  /tigress/ruairidh/model_results/run_1/saves/wrn_28_10/con_True_lr_0.1_seed_2
[2018/09/25 16:12:05 __main__ INFO] - Train 63
[2018/09/25 16:12:24 __main__ INFO] - TEST 63
[2018/09/25 16:13:12 __main__ INFO] - - epoch 63    c10h_train    : 0.4153 (acc: 0.9868) | c10h_val    : 0.7097 (acc: 0.8830)
[2018/09/25 16:13:12 __main__ INFO] - -            c10h_train_c10: 0.0098 (acc: 0.9946) | c10h_val_c10: 0.4344 (acc: 0.8810)
[2018/09/25 16:13:12 __main__ INFO] - -            v4            : 0.8346 (acc: 0.7620) |           v6: 0.8964 (acc: 0.7785)
[2018/09/25 16:13:12 __main__ INFO] - -            c10_50k       : 0.4443 (acc: 0.8712)
[2018/09/25 16:13:12 __main__ INFO] - Elapsed 48.09
keys:  dict_keys(['epoch', 'c10h_train_loss', 'c10h_train_acc', 'c10h_val_loss', 'c10h_val_acc', 'c10h_train_c10_loss', 'c10h_train_c10_acc', 'c10h_val_c10_loss', 'c10h_val_c10_acc', 'v4_loss', 'v4_acc', 'v6_loss', 'v6_acc', 'c10_50k_loss', 'c10_50k_acc']) 
 c10h_outdir:  /tigress/ruairidh/model_results/run_1/saves/wrn_28_10/con_True_lr_0.1_seed_2
[2018/09/25 16:13:14 __main__ INFO] - Train 64
[2018/09/25 16:13:34 __main__ INFO] - TEST 64
[2018/09/25 16:14:22 __main__ INFO] - - epoch 64    c10h_train    : 0.4158 (acc: 0.9871) | c10h_val    : 0.7075 (acc: 0.8780)
[2018/09/25 16:14:22 __main__ INFO] - -            c10h_train_c10: 0.0071 (acc: 0.9950) | c10h_val_c10: 0.4305 (acc: 0.8800)
[2018/09/25 16:14:22 __main__ INFO] - -            v4            : 0.8212 (acc: 0.7763) |           v6: 0.8569 (acc: 0.7885)
[2018/09/25 16:14:22 __main__ INFO] - -            c10_50k       : 0.4339 (acc: 0.8754)
[2018/09/25 16:14:22 __main__ INFO] - Elapsed 48.09
keys:  dict_keys(['epoch', 'c10h_train_loss', 'c10h_train_acc', 'c10h_val_loss', 'c10h_val_acc', 'c10h_train_c10_loss', 'c10h_train_c10_acc', 'c10h_val_c10_loss', 'c10h_val_c10_acc', 'v4_loss', 'v4_acc', 'v6_loss', 'v6_acc', 'c10_50k_loss', 'c10_50k_acc']) 
 c10h_outdir:  /tigress/ruairidh/model_results/run_1/saves/wrn_28_10/con_True_lr_0.1_seed_2
[2018/09/25 16:14:25 __main__ INFO] - Train 65
[2018/09/25 16:14:44 __main__ INFO] - TEST 65
[2018/09/25 16:15:32 __main__ INFO] - - epoch 65    c10h_train    : 0.4300 (acc: 0.9872) | c10h_val    : 0.7100 (acc: 0.8780)
[2018/09/25 16:15:32 __main__ INFO] - -            c10h_train_c10: 0.0053 (acc: 0.9953) | c10h_val_c10: 0.4262 (acc: 0.8800)
[2018/09/25 16:15:32 __main__ INFO] - -            v4            : 0.8554 (acc: 0.7669) |           v6: 0.8977 (acc: 0.7785)
[2018/09/25 16:15:32 __main__ INFO] - -            c10_50k       : 0.4448 (acc: 0.8754)
[2018/09/25 16:15:32 __main__ INFO] - Elapsed 48.08
keys:  dict_keys(['epoch', 'c10h_train_loss', 'c10h_train_acc', 'c10h_val_loss', 'c10h_val_acc', 'c10h_train_c10_loss', 'c10h_train_c10_acc', 'c10h_val_c10_loss', 'c10h_val_c10_acc', 'v4_loss', 'v4_acc', 'v6_loss', 'v6_acc', 'c10_50k_loss', 'c10_50k_acc']) 
 c10h_outdir:  /tigress/ruairidh/model_results/run_1/saves/wrn_28_10/con_True_lr_0.1_seed_2
[2018/09/25 16:15:34 __main__ INFO] - Train 66
[2018/09/25 16:15:54 __main__ INFO] - TEST 66
[2018/09/25 16:16:42 __main__ INFO] - - epoch 66    c10h_train    : 0.4362 (acc: 0.9873) | c10h_val    : 0.7174 (acc: 0.8820)
[2018/09/25 16:16:42 __main__ INFO] - -            c10h_train_c10: 0.0048 (acc: 0.9954) | c10h_val_c10: 0.4355 (acc: 0.8840)
[2018/09/25 16:16:42 __main__ INFO] - -            v4            : 0.8457 (acc: 0.7793) |           v6: 0.8931 (acc: 0.7795)
[2018/09/25 16:16:42 __main__ INFO] - -            c10_50k       : 0.4429 (acc: 0.8751)
[2018/09/25 16:16:42 __main__ INFO] - Elapsed 48.24
keys:  dict_keys(['epoch', 'c10h_train_loss', 'c10h_train_acc', 'c10h_val_loss', 'c10h_val_acc', 'c10h_train_c10_loss', 'c10h_train_c10_acc', 'c10h_val_c10_loss', 'c10h_val_c10_acc', 'v4_loss', 'v4_acc', 'v6_loss', 'v6_acc', 'c10_50k_loss', 'c10_50k_acc']) 
 c10h_outdir:  /tigress/ruairidh/model_results/run_1/saves/wrn_28_10/con_True_lr_0.1_seed_2
[2018/09/25 16:16:44 __main__ INFO] - Train 67
[2018/09/25 16:17:03 __main__ INFO] - TEST 67
[2018/09/25 16:17:52 __main__ INFO] - - epoch 67    c10h_train    : 0.4380 (acc: 0.9871) | c10h_val    : 0.7318 (acc: 0.8840)
[2018/09/25 16:17:52 __main__ INFO] - -            c10h_train_c10: 0.0043 (acc: 0.9952) | c10h_val_c10: 0.4476 (acc: 0.8860)
[2018/09/25 16:17:52 __main__ INFO] - -            v4            : 0.8395 (acc: 0.7739) |           v6: 0.8812 (acc: 0.7805)
[2018/09/25 16:17:52 __main__ INFO] - -            c10_50k       : 0.4482 (acc: 0.8749)
[2018/09/25 16:17:52 __main__ INFO] - Elapsed 48.30
keys:  dict_keys(['epoch', 'c10h_train_loss', 'c10h_train_acc', 'c10h_val_loss', 'c10h_val_acc', 'c10h_train_c10_loss', 'c10h_train_c10_acc', 'c10h_val_c10_loss', 'c10h_val_c10_acc', 'v4_loss', 'v4_acc', 'v6_loss', 'v6_acc', 'c10_50k_loss', 'c10_50k_acc']) 
 c10h_outdir:  /tigress/ruairidh/model_results/run_1/saves/wrn_28_10/con_True_lr_0.1_seed_2
[2018/09/25 16:17:54 __main__ INFO] - Train 68
[2018/09/25 16:18:13 __main__ INFO] - TEST 68
[2018/09/25 16:19:01 __main__ INFO] - - epoch 68    c10h_train    : 0.4370 (acc: 0.9873) | c10h_val    : 0.7261 (acc: 0.8840)
[2018/09/25 16:19:01 __main__ INFO] - -            c10h_train_c10: 0.0042 (acc: 0.9954) | c10h_val_c10: 0.4419 (acc: 0.8860)
[2018/09/25 16:19:01 __main__ INFO] - -            v4            : 0.8432 (acc: 0.7744) |           v6: 0.8936 (acc: 0.7830)
[2018/09/25 16:19:01 __main__ INFO] - -            c10_50k       : 0.4444 (acc: 0.8756)
[2018/09/25 16:19:01 __main__ INFO] - Elapsed 48.05
keys:  dict_keys(['epoch', 'c10h_train_loss', 'c10h_train_acc', 'c10h_val_loss', 'c10h_val_acc', 'c10h_train_c10_loss', 'c10h_train_c10_acc', 'c10h_val_c10_loss', 'c10h_val_c10_acc', 'v4_loss', 'v4_acc', 'v6_loss', 'v6_acc', 'c10_50k_loss', 'c10_50k_acc']) 
 c10h_outdir:  /tigress/ruairidh/model_results/run_1/saves/wrn_28_10/con_True_lr_0.1_seed_2
[2018/09/25 16:19:02 __main__ INFO] - Train 69
[2018/09/25 16:19:22 __main__ INFO] - TEST 69
[2018/09/25 16:20:10 __main__ INFO] - - epoch 69    c10h_train    : 0.4419 (acc: 0.9873) | c10h_val    : 0.7307 (acc: 0.8870)
[2018/09/25 16:20:10 __main__ INFO] - -            c10h_train_c10: 0.0040 (acc: 0.9953) | c10h_val_c10: 0.4441 (acc: 0.8890)
[2018/09/25 16:20:10 __main__ INFO] - -            v4            : 0.8263 (acc: 0.7749) |           v6: 0.8789 (acc: 0.7835)
[2018/09/25 16:20:10 __main__ INFO] - -            c10_50k       : 0.4458 (acc: 0.8760)
[2018/09/25 16:20:10 __main__ INFO] - Elapsed 48.10
keys:  dict_keys(['epoch', 'c10h_train_loss', 'c10h_train_acc', 'c10h_val_loss', 'c10h_val_acc', 'c10h_train_c10_loss', 'c10h_train_c10_acc', 'c10h_val_c10_loss', 'c10h_val_c10_acc', 'v4_loss', 'v4_acc', 'v6_loss', 'v6_acc', 'c10_50k_loss', 'c10_50k_acc']) 
 c10h_outdir:  /tigress/ruairidh/model_results/run_1/saves/wrn_28_10/con_True_lr_0.1_seed_2
[2018/09/25 16:20:11 __main__ INFO] - Train 70
[2018/09/25 16:20:30 __main__ INFO] - TEST 70
[2018/09/25 16:21:19 __main__ INFO] - - epoch 70    c10h_train    : 0.4423 (acc: 0.9874) | c10h_val    : 0.7182 (acc: 0.8840)
[2018/09/25 16:21:19 __main__ INFO] - -            c10h_train_c10: 0.0034 (acc: 0.9956) | c10h_val_c10: 0.4315 (acc: 0.8860)
[2018/09/25 16:21:19 __main__ INFO] - -            v4            : 0.8463 (acc: 0.7739) |           v6: 0.8788 (acc: 0.7840)
[2018/09/25 16:21:19 __main__ INFO] - -            c10_50k       : 0.4449 (acc: 0.8759)
[2018/09/25 16:21:19 __main__ INFO] - Elapsed 48.14
keys:  dict_keys(['epoch', 'c10h_train_loss', 'c10h_train_acc', 'c10h_val_loss', 'c10h_val_acc', 'c10h_train_c10_loss', 'c10h_train_c10_acc', 'c10h_val_c10_loss', 'c10h_val_c10_acc', 'v4_loss', 'v4_acc', 'v6_loss', 'v6_acc', 'c10_50k_loss', 'c10_50k_acc']) 
 c10h_outdir:  /tigress/ruairidh/model_results/run_1/saves/wrn_28_10/con_True_lr_0.1_seed_2
[2018/09/25 16:21:20 __main__ INFO] - Train 71
[2018/09/25 16:21:40 __main__ INFO] - TEST 71
[2018/09/25 16:22:28 __main__ INFO] - - epoch 71    c10h_train    : 0.4509 (acc: 0.9874) | c10h_val    : 0.7208 (acc: 0.8840)
[2018/09/25 16:22:29 __main__ INFO] - -            c10h_train_c10: 0.0032 (acc: 0.9956) | c10h_val_c10: 0.4390 (acc: 0.8860)
[2018/09/25 16:22:29 __main__ INFO] - -            v4            : 0.8350 (acc: 0.7778) |           v6: 0.8814 (acc: 0.7850)
[2018/09/25 16:22:29 __main__ INFO] - -            c10_50k       : 0.4460 (acc: 0.8764)
[2018/09/25 16:22:29 __main__ INFO] - Elapsed 48.05
keys:  dict_keys(['epoch', 'c10h_train_loss', 'c10h_train_acc', 'c10h_val_loss', 'c10h_val_acc', 'c10h_train_c10_loss', 'c10h_train_c10_acc', 'c10h_val_c10_loss', 'c10h_val_c10_acc', 'v4_loss', 'v4_acc', 'v6_loss', 'v6_acc', 'c10_50k_loss', 'c10_50k_acc']) 
 c10h_outdir:  /tigress/ruairidh/model_results/run_1/saves/wrn_28_10/con_True_lr_0.1_seed_2
[2018/09/25 16:22:31 __main__ INFO] - Train 72
[2018/09/25 16:22:50 __main__ INFO] - TEST 72
[2018/09/25 16:23:38 __main__ INFO] - - epoch 72    c10h_train    : 0.4457 (acc: 0.9874) | c10h_val    : 0.7312 (acc: 0.8890)
[2018/09/25 16:23:38 __main__ INFO] - -            c10h_train_c10: 0.0027 (acc: 0.9956) | c10h_val_c10: 0.4476 (acc: 0.8910)
[2018/09/25 16:23:38 __main__ INFO] - -            v4            : 0.8304 (acc: 0.7724) |           v6: 0.8866 (acc: 0.7805)
[2018/09/25 16:23:38 __main__ INFO] - -            c10_50k       : 0.4437 (acc: 0.8758)
[2018/09/25 16:23:38 __main__ INFO] - Elapsed 47.99
keys:  dict_keys(['epoch', 'c10h_train_loss', 'c10h_train_acc', 'c10h_val_loss', 'c10h_val_acc', 'c10h_train_c10_loss', 'c10h_train_c10_acc', 'c10h_val_c10_loss', 'c10h_val_c10_acc', 'v4_loss', 'v4_acc', 'v6_loss', 'v6_acc', 'c10_50k_loss', 'c10_50k_acc']) 
 c10h_outdir:  /tigress/ruairidh/model_results/run_1/saves/wrn_28_10/con_True_lr_0.1_seed_2
[2018/09/25 16:23:39 __main__ INFO] - Train 73
[2018/09/25 16:23:58 __main__ INFO] - TEST 73
[2018/09/25 16:24:46 __main__ INFO] - - epoch 73    c10h_train    : 0.4508 (acc: 0.9874) | c10h_val    : 0.7234 (acc: 0.8900)
[2018/09/25 16:24:46 __main__ INFO] - -            c10h_train_c10: 0.0026 (acc: 0.9956) | c10h_val_c10: 0.4400 (acc: 0.8920)
[2018/09/25 16:24:46 __main__ INFO] - -            v4            : 0.8311 (acc: 0.7778) |           v6: 0.8654 (acc: 0.7905)
[2018/09/25 16:24:46 __main__ INFO] - -            c10_50k       : 0.4475 (acc: 0.8755)
[2018/09/25 16:24:46 __main__ INFO] - Elapsed 48.03
keys:  dict_keys(['epoch', 'c10h_train_loss', 'c10h_train_acc', 'c10h_val_loss', 'c10h_val_acc', 'c10h_train_c10_loss', 'c10h_train_c10_acc', 'c10h_val_c10_loss', 'c10h_val_c10_acc', 'v4_loss', 'v4_acc', 'v6_loss', 'v6_acc', 'c10_50k_loss', 'c10_50k_acc']) 
 c10h_outdir:  /tigress/ruairidh/model_results/run_1/saves/wrn_28_10/con_True_lr_0.1_seed_2
[2018/09/25 16:24:48 __main__ INFO] - Train 74
[2018/09/25 16:25:08 __main__ INFO] - TEST 74
[2018/09/25 16:25:56 __main__ INFO] - - epoch 74    c10h_train    : 0.4508 (acc: 0.9874) | c10h_val    : 0.7283 (acc: 0.8910)
[2018/09/25 16:25:56 __main__ INFO] - -            c10h_train_c10: 0.0026 (acc: 0.9956) | c10h_val_c10: 0.4486 (acc: 0.8930)
[2018/09/25 16:25:56 __main__ INFO] - -            v4            : 0.8381 (acc: 0.7689) |           v6: 0.8885 (acc: 0.7840)
[2018/09/25 16:25:56 __main__ INFO] - -            c10_50k       : 0.4540 (acc: 0.8750)
[2018/09/25 16:25:56 __main__ INFO] - Elapsed 48.35
keys:  dict_keys(['epoch', 'c10h_train_loss', 'c10h_train_acc', 'c10h_val_loss', 'c10h_val_acc', 'c10h_train_c10_loss', 'c10h_train_c10_acc', 'c10h_val_c10_loss', 'c10h_val_c10_acc', 'v4_loss', 'v4_acc', 'v6_loss', 'v6_acc', 'c10_50k_loss', 'c10_50k_acc']) 
 c10h_outdir:  /tigress/ruairidh/model_results/run_1/saves/wrn_28_10/con_True_lr_0.1_seed_2
[2018/09/25 16:25:58 __main__ INFO] - Train 75
[2018/09/25 16:26:18 __main__ INFO] - TEST 75
[2018/09/25 16:27:06 __main__ INFO] - - epoch 75    c10h_train    : 0.4486 (acc: 0.9876) | c10h_val    : 0.7299 (acc: 0.8910)
[2018/09/25 16:27:06 __main__ INFO] - -            c10h_train_c10: 0.0024 (acc: 0.9956) | c10h_val_c10: 0.4459 (acc: 0.8930)
[2018/09/25 16:27:06 __main__ INFO] - -            v4            : 0.8202 (acc: 0.7724) |           v6: 0.8657 (acc: 0.7865)
[2018/09/25 16:27:06 __main__ INFO] - -            c10_50k       : 0.4485 (acc: 0.8768)
[2018/09/25 16:27:06 __main__ INFO] - Elapsed 48.05
keys:  dict_keys(['epoch', 'c10h_train_loss', 'c10h_train_acc', 'c10h_val_loss', 'c10h_val_acc', 'c10h_train_c10_loss', 'c10h_train_c10_acc', 'c10h_val_c10_loss', 'c10h_val_c10_acc', 'v4_loss', 'v4_acc', 'v6_loss', 'v6_acc', 'c10_50k_loss', 'c10_50k_acc']) 
 c10h_outdir:  /tigress/ruairidh/model_results/run_1/saves/wrn_28_10/con_True_lr_0.1_seed_2
[2018/09/25 16:27:06 __main__ INFO] - Train 76
[2018/09/25 16:27:26 __main__ INFO] - TEST 76
[2018/09/25 16:28:14 __main__ INFO] - - epoch 76    c10h_train    : 0.4471 (acc: 0.9874) | c10h_val    : 0.7223 (acc: 0.8870)
[2018/09/25 16:28:14 __main__ INFO] - -            c10h_train_c10: 0.0024 (acc: 0.9956) | c10h_val_c10: 0.4429 (acc: 0.8890)
[2018/09/25 16:28:14 __main__ INFO] - -            v4            : 0.8640 (acc: 0.7699) |           v6: 0.8738 (acc: 0.7815)
[2018/09/25 16:28:14 __main__ INFO] - -            c10_50k       : 0.4468 (acc: 0.8781)
[2018/09/25 16:28:14 __main__ INFO] - Elapsed 48.29
keys:  dict_keys(['epoch', 'c10h_train_loss', 'c10h_train_acc', 'c10h_val_loss', 'c10h_val_acc', 'c10h_train_c10_loss', 'c10h_train_c10_acc', 'c10h_val_c10_loss', 'c10h_val_c10_acc', 'v4_loss', 'v4_acc', 'v6_loss', 'v6_acc', 'c10_50k_loss', 'c10_50k_acc']) 
 c10h_outdir:  /tigress/ruairidh/model_results/run_1/saves/wrn_28_10/con_True_lr_0.1_seed_2
[2018/09/25 16:28:16 __main__ INFO] - Train 77
[2018/09/25 16:28:36 __main__ INFO] - TEST 77
[2018/09/25 16:29:24 __main__ INFO] - - epoch 77    c10h_train    : 0.4486 (acc: 0.9876) | c10h_val    : 0.7351 (acc: 0.8860)
[2018/09/25 16:29:24 __main__ INFO] - -            c10h_train_c10: 0.0022 (acc: 0.9956) | c10h_val_c10: 0.4503 (acc: 0.8880)
[2018/09/25 16:29:24 __main__ INFO] - -            v4            : 0.8384 (acc: 0.7699) |           v6: 0.8889 (acc: 0.7800)
[2018/09/25 16:29:24 __main__ INFO] - -            c10_50k       : 0.4533 (acc: 0.8755)
[2018/09/25 16:29:24 __main__ INFO] - Elapsed 47.92
keys:  dict_keys(['epoch', 'c10h_train_loss', 'c10h_train_acc', 'c10h_val_loss', 'c10h_val_acc', 'c10h_train_c10_loss', 'c10h_train_c10_acc', 'c10h_val_c10_loss', 'c10h_val_c10_acc', 'v4_loss', 'v4_acc', 'v6_loss', 'v6_acc', 'c10_50k_loss', 'c10_50k_acc']) 
 c10h_outdir:  /tigress/ruairidh/model_results/run_1/saves/wrn_28_10/con_True_lr_0.1_seed_2
[2018/09/25 16:29:26 __main__ INFO] - Train 78
[2018/09/25 16:29:45 __main__ INFO] - TEST 78
[2018/09/25 16:30:33 __main__ INFO] - - epoch 78    c10h_train    : 0.4544 (acc: 0.9874) | c10h_val    : 0.7398 (acc: 0.8840)
[2018/09/25 16:30:33 __main__ INFO] - -            c10h_train_c10: 0.0021 (acc: 0.9956) | c10h_val_c10: 0.4520 (acc: 0.8860)
[2018/09/25 16:30:33 __main__ INFO] - -            v4            : 0.8373 (acc: 0.7749) |           v6: 0.8822 (acc: 0.7845)
[2018/09/25 16:30:33 __main__ INFO] - -            c10_50k       : 0.4476 (acc: 0.8773)
[2018/09/25 16:30:33 __main__ INFO] - Elapsed 47.98
keys:  dict_keys(['epoch', 'c10h_train_loss', 'c10h_train_acc', 'c10h_val_loss', 'c10h_val_acc', 'c10h_train_c10_loss', 'c10h_train_c10_acc', 'c10h_val_c10_loss', 'c10h_val_c10_acc', 'v4_loss', 'v4_acc', 'v6_loss', 'v6_acc', 'c10_50k_loss', 'c10_50k_acc']) 
 c10h_outdir:  /tigress/ruairidh/model_results/run_1/saves/wrn_28_10/con_True_lr_0.1_seed_2
[2018/09/25 16:30:35 __main__ INFO] - Train 79
[2018/09/25 16:30:55 __main__ INFO] - TEST 79
[2018/09/25 16:31:43 __main__ INFO] - - epoch 79    c10h_train    : 0.4532 (acc: 0.9874) | c10h_val    : 0.7289 (acc: 0.8830)
[2018/09/25 16:31:43 __main__ INFO] - -            c10h_train_c10: 0.0021 (acc: 0.9956) | c10h_val_c10: 0.4419 (acc: 0.8850)
[2018/09/25 16:31:43 __main__ INFO] - -            v4            : 0.8317 (acc: 0.7763) |           v6: 0.8748 (acc: 0.7855)
[2018/09/25 16:31:43 __main__ INFO] - -            c10_50k       : 0.4407 (acc: 0.8789)
[2018/09/25 16:31:43 __main__ INFO] - Elapsed 48.37
keys:  dict_keys(['epoch', 'c10h_train_loss', 'c10h_train_acc', 'c10h_val_loss', 'c10h_val_acc', 'c10h_train_c10_loss', 'c10h_train_c10_acc', 'c10h_val_c10_loss', 'c10h_val_c10_acc', 'v4_loss', 'v4_acc', 'v6_loss', 'v6_acc', 'c10_50k_loss', 'c10_50k_acc']) 
 c10h_outdir:  /tigress/ruairidh/model_results/run_1/saves/wrn_28_10/con_True_lr_0.1_seed_2
[2018/09/25 16:31:45 __main__ INFO] - Train 80
[2018/09/25 16:32:05 __main__ INFO] - TEST 80
[2018/09/25 16:32:53 __main__ INFO] - - epoch 80    c10h_train    : 0.4551 (acc: 0.9874) | c10h_val    : 0.7318 (acc: 0.8870)
[2018/09/25 16:32:53 __main__ INFO] - -            c10h_train_c10: 0.0018 (acc: 0.9956) | c10h_val_c10: 0.4441 (acc: 0.8890)
[2018/09/25 16:32:53 __main__ INFO] - -            v4            : 0.8363 (acc: 0.7877) |           v6: 0.8841 (acc: 0.7850)
[2018/09/25 16:32:53 __main__ INFO] - -            c10_50k       : 0.4463 (acc: 0.8789)
[2018/09/25 16:32:53 __main__ INFO] - Elapsed 48.45
keys:  dict_keys(['epoch', 'c10h_train_loss', 'c10h_train_acc', 'c10h_val_loss', 'c10h_val_acc', 'c10h_train_c10_loss', 'c10h_train_c10_acc', 'c10h_val_c10_loss', 'c10h_val_c10_acc', 'v4_loss', 'v4_acc', 'v6_loss', 'v6_acc', 'c10_50k_loss', 'c10_50k_acc']) 
 c10h_outdir:  /tigress/ruairidh/model_results/run_1/saves/wrn_28_10/con_True_lr_0.1_seed_2
[2018/09/25 16:32:59 __main__ INFO] - Train 81
[2018/09/25 16:33:18 __main__ INFO] - TEST 81
[2018/09/25 16:34:07 __main__ INFO] - - epoch 81    c10h_train    : 0.4497 (acc: 0.9876) | c10h_val    : 0.7176 (acc: 0.8900)
[2018/09/25 16:34:07 __main__ INFO] - -            c10h_train_c10: 0.0021 (acc: 0.9956) | c10h_val_c10: 0.4362 (acc: 0.8920)
[2018/09/25 16:34:07 __main__ INFO] - -            v4            : 0.8571 (acc: 0.7714) |           v6: 0.8849 (acc: 0.7850)
[2018/09/25 16:34:07 __main__ INFO] - -            c10_50k       : 0.4447 (acc: 0.8783)
[2018/09/25 16:34:07 __main__ INFO] - Elapsed 48.13
keys:  dict_keys(['epoch', 'c10h_train_loss', 'c10h_train_acc', 'c10h_val_loss', 'c10h_val_acc', 'c10h_train_c10_loss', 'c10h_train_c10_acc', 'c10h_val_c10_loss', 'c10h_val_c10_acc', 'v4_loss', 'v4_acc', 'v6_loss', 'v6_acc', 'c10_50k_loss', 'c10_50k_acc']) 
 c10h_outdir:  /tigress/ruairidh/model_results/run_1/saves/wrn_28_10/con_True_lr_0.1_seed_2
[2018/09/25 16:34:09 __main__ INFO] - Train 82
[2018/09/25 16:34:28 __main__ INFO] - TEST 82
[2018/09/25 16:35:16 __main__ INFO] - - epoch 82    c10h_train    : 0.4506 (acc: 0.9874) | c10h_val    : 0.7226 (acc: 0.8850)
[2018/09/25 16:35:16 __main__ INFO] - -            c10h_train_c10: 0.0018 (acc: 0.9956) | c10h_val_c10: 0.4398 (acc: 0.8870)
[2018/09/25 16:35:16 __main__ INFO] - -            v4            : 0.8423 (acc: 0.7729) |           v6: 0.8752 (acc: 0.7850)
[2018/09/25 16:35:16 __main__ INFO] - -            c10_50k       : 0.4388 (acc: 0.8794)
[2018/09/25 16:35:16 __main__ INFO] - Elapsed 48.01
keys:  dict_keys(['epoch', 'c10h_train_loss', 'c10h_train_acc', 'c10h_val_loss', 'c10h_val_acc', 'c10h_train_c10_loss', 'c10h_train_c10_acc', 'c10h_val_c10_loss', 'c10h_val_c10_acc', 'v4_loss', 'v4_acc', 'v6_loss', 'v6_acc', 'c10_50k_loss', 'c10_50k_acc']) 
 c10h_outdir:  /tigress/ruairidh/model_results/run_1/saves/wrn_28_10/con_True_lr_0.1_seed_2
[2018/09/25 16:35:22 __main__ INFO] - Train 83
[2018/09/25 16:35:41 __main__ INFO] - TEST 83
[2018/09/25 16:36:29 __main__ INFO] - - epoch 83    c10h_train    : 0.4442 (acc: 0.9874) | c10h_val    : 0.7144 (acc: 0.8890)
[2018/09/25 16:36:29 __main__ INFO] - -            c10h_train_c10: 0.0019 (acc: 0.9956) | c10h_val_c10: 0.4345 (acc: 0.8910)
[2018/09/25 16:36:29 __main__ INFO] - -            v4            : 0.8528 (acc: 0.7763) |           v6: 0.8630 (acc: 0.7860)
[2018/09/25 16:36:29 __main__ INFO] - -            c10_50k       : 0.4408 (acc: 0.8780)
[2018/09/25 16:36:29 __main__ INFO] - Elapsed 47.95
keys:  dict_keys(['epoch', 'c10h_train_loss', 'c10h_train_acc', 'c10h_val_loss', 'c10h_val_acc', 'c10h_train_c10_loss', 'c10h_train_c10_acc', 'c10h_val_c10_loss', 'c10h_val_c10_acc', 'v4_loss', 'v4_acc', 'v6_loss', 'v6_acc', 'c10_50k_loss', 'c10_50k_acc']) 
 c10h_outdir:  /tigress/ruairidh/model_results/run_1/saves/wrn_28_10/con_True_lr_0.1_seed_2
[2018/09/25 16:36:32 __main__ INFO] - Train 84
[2018/09/25 16:36:51 __main__ INFO] - TEST 84
[2018/09/25 16:37:39 __main__ INFO] - - epoch 84    c10h_train    : 0.4545 (acc: 0.9874) | c10h_val    : 0.7172 (acc: 0.8880)
[2018/09/25 16:37:39 __main__ INFO] - -            c10h_train_c10: 0.0018 (acc: 0.9956) | c10h_val_c10: 0.4376 (acc: 0.8900)
[2018/09/25 16:37:39 __main__ INFO] - -            v4            : 0.8477 (acc: 0.7773) |           v6: 0.8653 (acc: 0.7855)
[2018/09/25 16:37:39 __main__ INFO] - -            c10_50k       : 0.4410 (acc: 0.8791)
[2018/09/25 16:37:39 __main__ INFO] - Elapsed 48.13
keys:  dict_keys(['epoch', 'c10h_train_loss', 'c10h_train_acc', 'c10h_val_loss', 'c10h_val_acc', 'c10h_train_c10_loss', 'c10h_train_c10_acc', 'c10h_val_c10_loss', 'c10h_val_c10_acc', 'v4_loss', 'v4_acc', 'v6_loss', 'v6_acc', 'c10_50k_loss', 'c10_50k_acc']) 
 c10h_outdir:  /tigress/ruairidh/model_results/run_1/saves/wrn_28_10/con_True_lr_0.1_seed_2
[2018/09/25 16:37:43 __main__ INFO] - Train 85
[2018/09/25 16:38:03 __main__ INFO] - TEST 85
[2018/09/25 16:38:51 __main__ INFO] - - epoch 85    c10h_train    : 0.4523 (acc: 0.9874) | c10h_val    : 0.7183 (acc: 0.8900)
[2018/09/25 16:38:51 __main__ INFO] - -            c10h_train_c10: 0.0018 (acc: 0.9956) | c10h_val_c10: 0.4424 (acc: 0.8900)
[2018/09/25 16:38:51 __main__ INFO] - -            v4            : 0.8380 (acc: 0.7843) |           v6: 0.8617 (acc: 0.7900)
[2018/09/25 16:38:51 __main__ INFO] - -            c10_50k       : 0.4371 (acc: 0.8801)
[2018/09/25 16:38:51 __main__ INFO] - Elapsed 48.07
keys:  dict_keys(['epoch', 'c10h_train_loss', 'c10h_train_acc', 'c10h_val_loss', 'c10h_val_acc', 'c10h_train_c10_loss', 'c10h_train_c10_acc', 'c10h_val_c10_loss', 'c10h_val_c10_acc', 'v4_loss', 'v4_acc', 'v6_loss', 'v6_acc', 'c10_50k_loss', 'c10_50k_acc']) 
 c10h_outdir:  /tigress/ruairidh/model_results/run_1/saves/wrn_28_10/con_True_lr_0.1_seed_2
[2018/09/25 16:38:53 __main__ INFO] - Train 86
[2018/09/25 16:39:12 __main__ INFO] - TEST 86
[2018/09/25 16:40:01 __main__ INFO] - - epoch 86    c10h_train    : 0.4457 (acc: 0.9876) | c10h_val    : 0.7108 (acc: 0.8870)
[2018/09/25 16:40:01 __main__ INFO] - -            c10h_train_c10: 0.0018 (acc: 0.9956) | c10h_val_c10: 0.4372 (acc: 0.8890)
[2018/09/25 16:40:01 __main__ INFO] - -            v4            : 0.8382 (acc: 0.7818) |           v6: 0.8565 (acc: 0.7870)
[2018/09/25 16:40:01 __main__ INFO] - -            c10_50k       : 0.4386 (acc: 0.8788)
[2018/09/25 16:40:01 __main__ INFO] - Elapsed 49.07
keys:  dict_keys(['epoch', 'c10h_train_loss', 'c10h_train_acc', 'c10h_val_loss', 'c10h_val_acc', 'c10h_train_c10_loss', 'c10h_train_c10_acc', 'c10h_val_c10_loss', 'c10h_val_c10_acc', 'v4_loss', 'v4_acc', 'v6_loss', 'v6_acc', 'c10_50k_loss', 'c10_50k_acc']) 
 c10h_outdir:  /tigress/ruairidh/model_results/run_1/saves/wrn_28_10/con_True_lr_0.1_seed_2
[2018/09/25 16:40:03 __main__ INFO] - Train 87
[2018/09/25 16:40:22 __main__ INFO] - TEST 87
[2018/09/25 16:41:10 __main__ INFO] - - epoch 87    c10h_train    : 0.4472 (acc: 0.9876) | c10h_val    : 0.7160 (acc: 0.8870)
[2018/09/25 16:41:10 __main__ INFO] - -            c10h_train_c10: 0.0019 (acc: 0.9956) | c10h_val_c10: 0.4422 (acc: 0.8890)
[2018/09/25 16:41:10 __main__ INFO] - -            v4            : 0.8442 (acc: 0.7754) |           v6: 0.8606 (acc: 0.7860)
[2018/09/25 16:41:10 __main__ INFO] - -            c10_50k       : 0.4410 (acc: 0.8787)
[2018/09/25 16:41:10 __main__ INFO] - Elapsed 48.09
keys:  dict_keys(['epoch', 'c10h_train_loss', 'c10h_train_acc', 'c10h_val_loss', 'c10h_val_acc', 'c10h_train_c10_loss', 'c10h_train_c10_acc', 'c10h_val_c10_loss', 'c10h_val_c10_acc', 'v4_loss', 'v4_acc', 'v6_loss', 'v6_acc', 'c10_50k_loss', 'c10_50k_acc']) 
 c10h_outdir:  /tigress/ruairidh/model_results/run_1/saves/wrn_28_10/con_True_lr_0.1_seed_2
[2018/09/25 16:41:11 __main__ INFO] - Train 88
[2018/09/25 16:41:31 __main__ INFO] - TEST 88
[2018/09/25 16:42:18 __main__ INFO] - - epoch 88    c10h_train    : 0.4443 (acc: 0.9876) | c10h_val    : 0.7099 (acc: 0.8850)
[2018/09/25 16:42:19 __main__ INFO] - -            c10h_train_c10: 0.0017 (acc: 0.9956) | c10h_val_c10: 0.4383 (acc: 0.8870)
[2018/09/25 16:42:19 __main__ INFO] - -            v4            : 0.8568 (acc: 0.7793) |           v6: 0.8563 (acc: 0.7920)
[2018/09/25 16:42:19 __main__ INFO] - -            c10_50k       : 0.4387 (acc: 0.8800)
[2018/09/25 16:42:19 __main__ INFO] - Elapsed 47.80
keys:  dict_keys(['epoch', 'c10h_train_loss', 'c10h_train_acc', 'c10h_val_loss', 'c10h_val_acc', 'c10h_train_c10_loss', 'c10h_train_c10_acc', 'c10h_val_c10_loss', 'c10h_val_c10_acc', 'v4_loss', 'v4_acc', 'v6_loss', 'v6_acc', 'c10_50k_loss', 'c10_50k_acc']) 
 c10h_outdir:  /tigress/ruairidh/model_results/run_1/saves/wrn_28_10/con_True_lr_0.1_seed_2
[2018/09/25 16:42:19 __main__ INFO] - Train 89
[2018/09/25 16:42:38 __main__ INFO] - TEST 89
[2018/09/25 16:43:27 __main__ INFO] - - epoch 89    c10h_train    : 0.4496 (acc: 0.9874) | c10h_val    : 0.7143 (acc: 0.8840)
[2018/09/25 16:43:27 __main__ INFO] - -            c10h_train_c10: 0.0016 (acc: 0.9956) | c10h_val_c10: 0.4401 (acc: 0.8860)
[2018/09/25 16:43:27 __main__ INFO] - -            v4            : 0.8404 (acc: 0.7734) |           v6: 0.8605 (acc: 0.7885)
[2018/09/25 16:43:27 __main__ INFO] - -            c10_50k       : 0.4403 (acc: 0.8797)
[2018/09/25 16:43:27 __main__ INFO] - Elapsed 48.12
keys:  dict_keys(['epoch', 'c10h_train_loss', 'c10h_train_acc', 'c10h_val_loss', 'c10h_val_acc', 'c10h_train_c10_loss', 'c10h_train_c10_acc', 'c10h_val_c10_loss', 'c10h_val_c10_acc', 'v4_loss', 'v4_acc', 'v6_loss', 'v6_acc', 'c10_50k_loss', 'c10_50k_acc']) 
 c10h_outdir:  /tigress/ruairidh/model_results/run_1/saves/wrn_28_10/con_True_lr_0.1_seed_2
[2018/09/25 16:43:28 __main__ INFO] - Train 90
[2018/09/25 16:43:48 __main__ INFO] - TEST 90
[2018/09/25 16:44:36 __main__ INFO] - - epoch 90    c10h_train    : 0.4490 (acc: 0.9874) | c10h_val    : 0.7129 (acc: 0.8840)
[2018/09/25 16:44:36 __main__ INFO] - -            c10h_train_c10: 0.0014 (acc: 0.9956) | c10h_val_c10: 0.4403 (acc: 0.8860)
[2018/09/25 16:44:36 __main__ INFO] - -            v4            : 0.8426 (acc: 0.7818) |           v6: 0.8580 (acc: 0.7895)
[2018/09/25 16:44:36 __main__ INFO] - -            c10_50k       : 0.4411 (acc: 0.8787)
[2018/09/25 16:44:36 __main__ INFO] - Elapsed 48.09
keys:  dict_keys(['epoch', 'c10h_train_loss', 'c10h_train_acc', 'c10h_val_loss', 'c10h_val_acc', 'c10h_train_c10_loss', 'c10h_train_c10_acc', 'c10h_val_c10_loss', 'c10h_val_c10_acc', 'v4_loss', 'v4_acc', 'v6_loss', 'v6_acc', 'c10_50k_loss', 'c10_50k_acc']) 
 c10h_outdir:  /tigress/ruairidh/model_results/run_1/saves/wrn_28_10/con_True_lr_0.1_seed_2
[2018/09/25 16:44:38 __main__ INFO] - Train 91
[2018/09/25 16:44:57 __main__ INFO] - TEST 91
[2018/09/25 16:45:46 __main__ INFO] - - epoch 91    c10h_train    : 0.4497 (acc: 0.9876) | c10h_val    : 0.7087 (acc: 0.8870)
[2018/09/25 16:45:46 __main__ INFO] - -            c10h_train_c10: 0.0017 (acc: 0.9956) | c10h_val_c10: 0.4345 (acc: 0.8890)
[2018/09/25 16:45:46 __main__ INFO] - -            v4            : 0.8304 (acc: 0.7778) |           v6: 0.8643 (acc: 0.7875)
[2018/09/25 16:45:46 __main__ INFO] - -            c10_50k       : 0.4414 (acc: 0.8771)
[2018/09/25 16:45:46 __main__ INFO] - Elapsed 48.31
keys:  dict_keys(['epoch', 'c10h_train_loss', 'c10h_train_acc', 'c10h_val_loss', 'c10h_val_acc', 'c10h_train_c10_loss', 'c10h_train_c10_acc', 'c10h_val_c10_loss', 'c10h_val_c10_acc', 'v4_loss', 'v4_acc', 'v6_loss', 'v6_acc', 'c10_50k_loss', 'c10_50k_acc']) 
 c10h_outdir:  /tigress/ruairidh/model_results/run_1/saves/wrn_28_10/con_True_lr_0.1_seed_2
[2018/09/25 16:45:46 __main__ INFO] - Train 92
[2018/09/25 16:46:06 __main__ INFO] - TEST 92
[2018/09/25 16:46:54 __main__ INFO] - - epoch 92    c10h_train    : 0.4401 (acc: 0.9874) | c10h_val    : 0.7007 (acc: 0.8860)
[2018/09/25 16:46:54 __main__ INFO] - -            c10h_train_c10: 0.0016 (acc: 0.9956) | c10h_val_c10: 0.4317 (acc: 0.8880)
[2018/09/25 16:46:54 __main__ INFO] - -            v4            : 0.8481 (acc: 0.7714) |           v6: 0.8670 (acc: 0.7855)
[2018/09/25 16:46:54 __main__ INFO] - -            c10_50k       : 0.4392 (acc: 0.8795)
[2018/09/25 16:46:54 __main__ INFO] - Elapsed 48.09
keys:  dict_keys(['epoch', 'c10h_train_loss', 'c10h_train_acc', 'c10h_val_loss', 'c10h_val_acc', 'c10h_train_c10_loss', 'c10h_train_c10_acc', 'c10h_val_c10_loss', 'c10h_val_c10_acc', 'v4_loss', 'v4_acc', 'v6_loss', 'v6_acc', 'c10_50k_loss', 'c10_50k_acc']) 
 c10h_outdir:  /tigress/ruairidh/model_results/run_1/saves/wrn_28_10/con_True_lr_0.1_seed_2
[2018/09/25 16:46:56 __main__ INFO] - Train 93
[2018/09/25 16:47:15 __main__ INFO] - TEST 93
[2018/09/25 16:48:04 __main__ INFO] - - epoch 93    c10h_train    : 0.4464 (acc: 0.9876) | c10h_val    : 0.7075 (acc: 0.8880)
[2018/09/25 16:48:04 __main__ INFO] - -            c10h_train_c10: 0.0015 (acc: 0.9956) | c10h_val_c10: 0.4353 (acc: 0.8900)
[2018/09/25 16:48:04 __main__ INFO] - -            v4            : 0.8670 (acc: 0.7689) |           v6: 0.8590 (acc: 0.7900)
[2018/09/25 16:48:04 __main__ INFO] - -            c10_50k       : 0.4343 (acc: 0.8808)
[2018/09/25 16:48:04 __main__ INFO] - Elapsed 48.29
keys:  dict_keys(['epoch', 'c10h_train_loss', 'c10h_train_acc', 'c10h_val_loss', 'c10h_val_acc', 'c10h_train_c10_loss', 'c10h_train_c10_acc', 'c10h_val_c10_loss', 'c10h_val_c10_acc', 'v4_loss', 'v4_acc', 'v6_loss', 'v6_acc', 'c10_50k_loss', 'c10_50k_acc']) 
 c10h_outdir:  /tigress/ruairidh/model_results/run_1/saves/wrn_28_10/con_True_lr_0.1_seed_2
[2018/09/25 16:48:04 __main__ INFO] - Train 94
[2018/09/25 16:48:24 __main__ INFO] - TEST 94
[2018/09/25 16:49:12 __main__ INFO] - - epoch 94    c10h_train    : 0.4449 (acc: 0.9874) | c10h_val    : 0.7145 (acc: 0.8920)
[2018/09/25 16:49:12 __main__ INFO] - -            c10h_train_c10: 0.0016 (acc: 0.9956) | c10h_val_c10: 0.4435 (acc: 0.8940)
[2018/09/25 16:49:12 __main__ INFO] - -            v4            : 0.8280 (acc: 0.7773) |           v6: 0.8630 (acc: 0.7900)
[2018/09/25 16:49:12 __main__ INFO] - -            c10_50k       : 0.4398 (acc: 0.8798)
[2018/09/25 16:49:12 __main__ INFO] - Elapsed 48.17
keys:  dict_keys(['epoch', 'c10h_train_loss', 'c10h_train_acc', 'c10h_val_loss', 'c10h_val_acc', 'c10h_train_c10_loss', 'c10h_train_c10_acc', 'c10h_val_c10_loss', 'c10h_val_c10_acc', 'v4_loss', 'v4_acc', 'v6_loss', 'v6_acc', 'c10_50k_loss', 'c10_50k_acc']) 
 c10h_outdir:  /tigress/ruairidh/model_results/run_1/saves/wrn_28_10/con_True_lr_0.1_seed_2
[2018/09/25 16:49:13 __main__ INFO] - Train 95
[2018/09/25 16:49:33 __main__ INFO] - TEST 95
[2018/09/25 16:50:21 __main__ INFO] - - epoch 95    c10h_train    : 0.4455 (acc: 0.9874) | c10h_val    : 0.7128 (acc: 0.8890)
[2018/09/25 16:50:21 __main__ INFO] - -            c10h_train_c10: 0.0014 (acc: 0.9956) | c10h_val_c10: 0.4406 (acc: 0.8910)
[2018/09/25 16:50:21 __main__ INFO] - -            v4            : 0.8496 (acc: 0.7714) |           v6: 0.8777 (acc: 0.7880)
[2018/09/25 16:50:21 __main__ INFO] - -            c10_50k       : 0.4424 (acc: 0.8786)
[2018/09/25 16:50:21 __main__ INFO] - Elapsed 48.35
keys:  dict_keys(['epoch', 'c10h_train_loss', 'c10h_train_acc', 'c10h_val_loss', 'c10h_val_acc', 'c10h_train_c10_loss', 'c10h_train_c10_acc', 'c10h_val_c10_loss', 'c10h_val_c10_acc', 'v4_loss', 'v4_acc', 'v6_loss', 'v6_acc', 'c10_50k_loss', 'c10_50k_acc']) 
 c10h_outdir:  /tigress/ruairidh/model_results/run_1/saves/wrn_28_10/con_True_lr_0.1_seed_2
[2018/09/25 16:50:23 __main__ INFO] - Train 96
[2018/09/25 16:50:42 __main__ INFO] - TEST 96
[2018/09/25 16:51:31 __main__ INFO] - - epoch 96    c10h_train    : 0.4406 (acc: 0.9874) | c10h_val    : 0.7089 (acc: 0.8890)
[2018/09/25 16:51:31 __main__ INFO] - -            c10h_train_c10: 0.0016 (acc: 0.9956) | c10h_val_c10: 0.4406 (acc: 0.8910)
[2018/09/25 16:51:31 __main__ INFO] - -            v4            : 0.8747 (acc: 0.7679) |           v6: 0.8654 (acc: 0.7895)
[2018/09/25 16:51:31 __main__ INFO] - -            c10_50k       : 0.4391 (acc: 0.8790)
[2018/09/25 16:51:31 __main__ INFO] - Elapsed 48.18
keys:  dict_keys(['epoch', 'c10h_train_loss', 'c10h_train_acc', 'c10h_val_loss', 'c10h_val_acc', 'c10h_train_c10_loss', 'c10h_train_c10_acc', 'c10h_val_c10_loss', 'c10h_val_c10_acc', 'v4_loss', 'v4_acc', 'v6_loss', 'v6_acc', 'c10_50k_loss', 'c10_50k_acc']) 
 c10h_outdir:  /tigress/ruairidh/model_results/run_1/saves/wrn_28_10/con_True_lr_0.1_seed_2
[2018/09/25 16:51:31 __main__ INFO] - Train 97
[2018/09/25 16:51:51 __main__ INFO] - TEST 97
[2018/09/25 16:52:39 __main__ INFO] - - epoch 97    c10h_train    : 0.4439 (acc: 0.9874) | c10h_val    : 0.7118 (acc: 0.8790)
[2018/09/25 16:52:39 __main__ INFO] - -            c10h_train_c10: 0.0014 (acc: 0.9956) | c10h_val_c10: 0.4430 (acc: 0.8810)
[2018/09/25 16:52:39 __main__ INFO] - -            v4            : 0.7831 (acc: 0.7877) |           v6: 0.8584 (acc: 0.7885)
[2018/09/25 16:52:39 __main__ INFO] - -            c10_50k       : 0.4379 (acc: 0.8791)
[2018/09/25 16:52:39 __main__ INFO] - Elapsed 48.24
keys:  dict_keys(['epoch', 'c10h_train_loss', 'c10h_train_acc', 'c10h_val_loss', 'c10h_val_acc', 'c10h_train_c10_loss', 'c10h_train_c10_acc', 'c10h_val_c10_loss', 'c10h_val_c10_acc', 'v4_loss', 'v4_acc', 'v6_loss', 'v6_acc', 'c10_50k_loss', 'c10_50k_acc']) 
 c10h_outdir:  /tigress/ruairidh/model_results/run_1/saves/wrn_28_10/con_True_lr_0.1_seed_2
[2018/09/25 16:52:39 __main__ INFO] - Train 98
[2018/09/25 16:52:59 __main__ INFO] - TEST 98
[2018/09/25 16:53:47 __main__ INFO] - - epoch 98    c10h_train    : 0.4394 (acc: 0.9874) | c10h_val    : 0.7002 (acc: 0.8840)
[2018/09/25 16:53:47 __main__ INFO] - -            c10h_train_c10: 0.0014 (acc: 0.9956) | c10h_val_c10: 0.4351 (acc: 0.8860)
[2018/09/25 16:53:47 __main__ INFO] - -            v4            : 0.8554 (acc: 0.7679) |           v6: 0.8642 (acc: 0.7845)
[2018/09/25 16:53:47 __main__ INFO] - -            c10_50k       : 0.4376 (acc: 0.8796)
[2018/09/25 16:53:47 __main__ INFO] - Elapsed 47.94
keys:  dict_keys(['epoch', 'c10h_train_loss', 'c10h_train_acc', 'c10h_val_loss', 'c10h_val_acc', 'c10h_train_c10_loss', 'c10h_train_c10_acc', 'c10h_val_c10_loss', 'c10h_val_c10_acc', 'v4_loss', 'v4_acc', 'v6_loss', 'v6_acc', 'c10_50k_loss', 'c10_50k_acc']) 
 c10h_outdir:  /tigress/ruairidh/model_results/run_1/saves/wrn_28_10/con_True_lr_0.1_seed_2
[2018/09/25 16:53:48 __main__ INFO] - Train 99
[2018/09/25 16:54:07 __main__ INFO] - TEST 99
[2018/09/25 16:54:56 __main__ INFO] - - epoch 99    c10h_train    : 0.4419 (acc: 0.9876) | c10h_val    : 0.6982 (acc: 0.8780)
[2018/09/25 16:54:56 __main__ INFO] - -            c10h_train_c10: 0.0015 (acc: 0.9956) | c10h_val_c10: 0.4348 (acc: 0.8800)
[2018/09/25 16:54:56 __main__ INFO] - -            v4            : 0.8169 (acc: 0.7823) |           v6: 0.8453 (acc: 0.7890)
[2018/09/25 16:54:56 __main__ INFO] - -            c10_50k       : 0.4375 (acc: 0.8811)
[2018/09/25 16:54:56 __main__ INFO] - Elapsed 48.10
keys:  dict_keys(['epoch', 'c10h_train_loss', 'c10h_train_acc', 'c10h_val_loss', 'c10h_val_acc', 'c10h_train_c10_loss', 'c10h_train_c10_acc', 'c10h_val_c10_loss', 'c10h_val_c10_acc', 'v4_loss', 'v4_acc', 'v6_loss', 'v6_acc', 'c10_50k_loss', 'c10_50k_acc']) 
 c10h_outdir:  /tigress/ruairidh/model_results/run_1/saves/wrn_28_10/con_True_lr_0.1_seed_2
[2018/09/25 16:54:57 __main__ INFO] - Train 100
[2018/09/25 16:55:16 __main__ INFO] - TEST 100
[2018/09/25 16:56:05 __main__ INFO] - - epoch 100    c10h_train    : 0.4448 (acc: 0.9874) | c10h_val    : 0.7079 (acc: 0.8840)
[2018/09/25 16:56:05 __main__ INFO] - -            c10h_train_c10: 0.0014 (acc: 0.9956) | c10h_val_c10: 0.4390 (acc: 0.8860)
[2018/09/25 16:56:05 __main__ INFO] - -            v4            : 0.8383 (acc: 0.7768) |           v6: 0.8555 (acc: 0.7855)
[2018/09/25 16:56:05 __main__ INFO] - -            c10_50k       : 0.4360 (acc: 0.8793)
[2018/09/25 16:56:05 __main__ INFO] - Elapsed 48.62
keys:  dict_keys(['epoch', 'c10h_train_loss', 'c10h_train_acc', 'c10h_val_loss', 'c10h_val_acc', 'c10h_train_c10_loss', 'c10h_train_c10_acc', 'c10h_val_c10_loss', 'c10h_val_c10_acc', 'v4_loss', 'v4_acc', 'v6_loss', 'v6_acc', 'c10_50k_loss', 'c10_50k_acc']) 
 c10h_outdir:  /tigress/ruairidh/model_results/run_1/saves/wrn_28_10/con_True_lr_0.1_seed_2
inner done
