/tigress/ruairidh/model_results
--arch=densenet --depth 100 --block_type=bottleneck --growth_rate=12 --compression_rate=0.5
densenet_BC_100_12.out
entering python script
[2018/09/21 23:14:47 __main__ INFO] - {
  "model_config": {
    "arch": "densenet",
    "input_shape": [
      1,
      3,
      32,
      32
    ],
    "n_classes": 10,
    "block_type": "bottleneck",
    "depth": 100,
    "growth_rate": 12,
    "compression_rate": 0.5,
    "drop_rate": 0
  },
  "optim_config": {
    "epochs": 300,
    "batch_size": 64,
    "optimizer": "sgd",
    "base_lr": 0.1,
    "weight_decay": 0.0001,
    "momentum": 0.9,
    "nesterov": true,
    "scheduler": "multistep",
    "milestones": [
      150,
      225
    ],
    "lr_decay": 0.1
  },
  "data_config": {
    "dataset": "CIFAR10",
    "n_classes": 10,
    "num_workers": 7,
    "batch_size": 64,
    "use_cutout": false,
    "use_random_erasing": false,
    "use_mixup": false,
    "use_gpu": true
  },
  "run_config": {
    "outdir": "/tigress/ruairidh/model_results/densenet_BC_100_12",
    "seed": 7,
    "test_first": true,
    "gpu": "0",
    "tensorboard": false,
    "tensorboard_train_images": false,
    "tensorboard_test_images": false,
    "tensorboard_model_params": false,
    "use_gpu": true
  },
  "env_info": {
    "pytorch_version": "0.4.1",
    "cuda_version": "9.2.148",
    "cudnn_version": 7104,
    "gpu0": {
      "name": "Tesla P100-PCIE-16GB",
      "capability": "6.0"
    }
  }
}
outdir:  /tigress/ruairidh/model_results/densenet_BC_100_12
Files already downloaded and verified
Files already downloaded and verified
[2018/09/21 23:14:49 __main__ INFO] - Loading model...
[2018/09/21 23:14:49 __main__ INFO] - n_params: 769162
[2018/09/21 23:14:51 __main__ INFO] - Done
/home/ruairidh/miniconda3/envs/pytorch_env/lib/python3.7/site-packages/torch/nn/functional.py:52: UserWarning: size_average and reduce args will be deprecated, please use reduction='elementwise_mean' instead.
  warnings.warn(warning.format(ret))
[2018/09/21 23:14:51 __main__ INFO] - Test 0
[2018/09/21 23:14:57 __main__ INFO] - Epoch 0 Loss 1163963.5874 Accuracy 0.1014
[2018/09/21 23:14:57 __main__ INFO] - Elapsed 5.57
[2018/09/21 23:14:57 __main__ INFO] - Train 1
[2018/09/21 23:14:58 __main__ INFO] - Epoch 1 Step 0/781 Loss 2.2702 (2.2702) Accuracy 0.2344 (0.2344)
[2018/09/21 23:15:09 __main__ INFO] - Epoch 1 Step 100/781 Loss 1.8300 (1.9333) Accuracy 0.3125 (0.2698)
[2018/09/21 23:15:20 __main__ INFO] - Epoch 1 Step 200/781 Loss 1.7857 (1.7906) Accuracy 0.3125 (0.3280)
[2018/09/21 23:15:31 __main__ INFO] - Epoch 1 Step 300/781 Loss 1.5673 (1.6860) Accuracy 0.4844 (0.3739)
[2018/09/21 23:15:41 __main__ INFO] - Epoch 1 Step 400/781 Loss 1.4706 (1.6047) Accuracy 0.4375 (0.4084)
[2018/09/21 23:15:52 __main__ INFO] - Epoch 1 Step 500/781 Loss 1.3351 (1.5308) Accuracy 0.4531 (0.4372)
[2018/09/21 23:16:03 __main__ INFO] - Epoch 1 Step 600/781 Loss 1.1642 (1.4639) Accuracy 0.5625 (0.4639)
[2018/09/21 23:16:14 __main__ INFO] - Epoch 1 Step 700/781 Loss 1.1434 (1.4079) Accuracy 0.5938 (0.4862)
[2018/09/21 23:16:22 __main__ INFO] - Elapsed 85.54
[2018/09/21 23:16:22 __main__ INFO] - Test 1
[2018/09/21 23:16:27 __main__ INFO] - Epoch 1 Loss 1.0683 Accuracy 0.6322
[2018/09/21 23:16:27 __main__ INFO] - Elapsed 5.07
outdir 2:  /tigress/ruairidh/model_results/densenet_BC_100_12
[2018/09/21 23:16:28 __main__ INFO] - Train 2
[2018/09/21 23:16:28 __main__ INFO] - Epoch 2 Step 0/781 Loss 0.9631 (0.9631) Accuracy 0.6094 (0.6094)
[2018/09/21 23:16:39 __main__ INFO] - Epoch 2 Step 100/781 Loss 0.9544 (0.9539) Accuracy 0.7188 (0.6620)
[2018/09/21 23:16:50 __main__ INFO] - Epoch 2 Step 200/781 Loss 0.9943 (0.9366) Accuracy 0.6406 (0.6693)
[2018/09/21 23:17:00 __main__ INFO] - Epoch 2 Step 300/781 Loss 0.6723 (0.9218) Accuracy 0.7500 (0.6744)
[2018/09/21 23:17:11 __main__ INFO] - Epoch 2 Step 400/781 Loss 0.9825 (0.9116) Accuracy 0.6406 (0.6778)
[2018/09/21 23:17:22 __main__ INFO] - Epoch 2 Step 500/781 Loss 0.6859 (0.8989) Accuracy 0.7031 (0.6825)
[2018/09/21 23:17:33 __main__ INFO] - Epoch 2 Step 600/781 Loss 1.0889 (0.8841) Accuracy 0.6094 (0.6890)
[2018/09/21 23:17:43 __main__ INFO] - Epoch 2 Step 700/781 Loss 0.6801 (0.8704) Accuracy 0.7344 (0.6934)
[2018/09/21 23:17:52 __main__ INFO] - Elapsed 84.31
[2018/09/21 23:17:52 __main__ INFO] - Test 2
[2018/09/21 23:17:57 __main__ INFO] - Epoch 2 Loss 0.7930 Accuracy 0.7301
[2018/09/21 23:17:57 __main__ INFO] - Elapsed 5.18
outdir 2:  /tigress/ruairidh/model_results/densenet_BC_100_12
[2018/09/21 23:17:57 __main__ INFO] - Train 3
[2018/09/21 23:17:58 __main__ INFO] - Epoch 3 Step 0/781 Loss 0.5134 (0.5134) Accuracy 0.7969 (0.7969)
[2018/09/21 23:18:09 __main__ INFO] - Epoch 3 Step 100/781 Loss 0.6703 (0.7007) Accuracy 0.7344 (0.7611)
[2018/09/21 23:18:19 __main__ INFO] - Epoch 3 Step 200/781 Loss 0.6266 (0.7073) Accuracy 0.7344 (0.7561)
[2018/09/21 23:18:30 __main__ INFO] - Epoch 3 Step 300/781 Loss 0.6088 (0.7043) Accuracy 0.8281 (0.7568)
[2018/09/21 23:18:41 __main__ INFO] - Epoch 3 Step 400/781 Loss 0.5901 (0.6929) Accuracy 0.8281 (0.7597)
[2018/09/21 23:18:52 __main__ INFO] - Epoch 3 Step 500/781 Loss 0.5635 (0.6905) Accuracy 0.8594 (0.7607)
[2018/09/21 23:19:03 __main__ INFO] - Epoch 3 Step 600/781 Loss 0.4645 (0.6856) Accuracy 0.8438 (0.7632)
[2018/09/21 23:19:13 __main__ INFO] - Epoch 3 Step 700/781 Loss 0.6303 (0.6825) Accuracy 0.8438 (0.7640)
[2018/09/21 23:19:22 __main__ INFO] - Elapsed 84.54
[2018/09/21 23:19:22 __main__ INFO] - Test 3
[2018/09/21 23:19:27 __main__ INFO] - Epoch 3 Loss 0.7241 Accuracy 0.7540
[2018/09/21 23:19:27 __main__ INFO] - Elapsed 5.17
outdir 2:  /tigress/ruairidh/model_results/densenet_BC_100_12
[2018/09/21 23:19:27 __main__ INFO] - Train 4
[2018/09/21 23:19:28 __main__ INFO] - Epoch 4 Step 0/781 Loss 0.5903 (0.5903) Accuracy 0.7969 (0.7969)
[2018/09/21 23:19:38 __main__ INFO] - Epoch 4 Step 100/781 Loss 0.6828 (0.5934) Accuracy 0.7656 (0.8046)
[2018/09/21 23:19:49 __main__ INFO] - Epoch 4 Step 200/781 Loss 0.5589 (0.5924) Accuracy 0.7969 (0.8019)
[2018/09/21 23:20:00 __main__ INFO] - Epoch 4 Step 300/781 Loss 0.4463 (0.5963) Accuracy 0.8594 (0.7975)
[2018/09/21 23:20:11 __main__ INFO] - Epoch 4 Step 400/781 Loss 0.5815 (0.5874) Accuracy 0.7969 (0.7993)
[2018/09/21 23:20:21 __main__ INFO] - Epoch 4 Step 500/781 Loss 0.4841 (0.5838) Accuracy 0.8594 (0.7997)
[2018/09/21 23:20:32 __main__ INFO] - Epoch 4 Step 600/781 Loss 0.5990 (0.5854) Accuracy 0.7656 (0.7992)
[2018/09/21 23:20:43 __main__ INFO] - Epoch 4 Step 700/781 Loss 0.5668 (0.5838) Accuracy 0.7812 (0.8001)
[2018/09/21 23:20:51 __main__ INFO] - Elapsed 84.14
[2018/09/21 23:20:51 __main__ INFO] - Test 4
[2018/09/21 23:20:56 __main__ INFO] - Epoch 4 Loss 0.8051 Accuracy 0.7355
[2018/09/21 23:20:57 __main__ INFO] - Elapsed 5.20
outdir 2:  /tigress/ruairidh/model_results/densenet_BC_100_12
[2018/09/21 23:20:57 __main__ INFO] - Train 5
[2018/09/21 23:20:57 __main__ INFO] - Epoch 5 Step 0/781 Loss 0.7312 (0.7312) Accuracy 0.7812 (0.7812)
[2018/09/21 23:21:08 __main__ INFO] - Epoch 5 Step 100/781 Loss 0.5593 (0.5288) Accuracy 0.8281 (0.8162)
[2018/09/21 23:21:19 __main__ INFO] - Epoch 5 Step 200/781 Loss 0.6139 (0.5307) Accuracy 0.7969 (0.8164)
[2018/09/21 23:21:29 __main__ INFO] - Epoch 5 Step 300/781 Loss 0.6086 (0.5220) Accuracy 0.7656 (0.8213)
[2018/09/21 23:21:40 __main__ INFO] - Epoch 5 Step 400/781 Loss 0.5969 (0.5235) Accuracy 0.8750 (0.8197)
[2018/09/21 23:21:51 __main__ INFO] - Epoch 5 Step 500/781 Loss 0.5888 (0.5207) Accuracy 0.8125 (0.8202)
[2018/09/21 23:22:02 __main__ INFO] - Epoch 5 Step 600/781 Loss 0.4441 (0.5204) Accuracy 0.8594 (0.8202)
[2018/09/21 23:22:12 __main__ INFO] - Epoch 5 Step 700/781 Loss 0.6670 (0.5212) Accuracy 0.7812 (0.8198)
[2018/09/21 23:22:21 __main__ INFO] - Elapsed 84.33
[2018/09/21 23:22:21 __main__ INFO] - Test 5
[2018/09/21 23:22:26 __main__ INFO] - Epoch 5 Loss 0.6064 Accuracy 0.7973
[2018/09/21 23:22:26 __main__ INFO] - Elapsed 5.30
outdir 2:  /tigress/ruairidh/model_results/densenet_BC_100_12
[2018/09/21 23:22:26 __main__ INFO] - Train 6
[2018/09/21 23:22:27 __main__ INFO] - Epoch 6 Step 0/781 Loss 0.6944 (0.6944) Accuracy 0.7812 (0.7812)
[2018/09/21 23:22:38 __main__ INFO] - Epoch 6 Step 100/781 Loss 0.5363 (0.4926) Accuracy 0.7812 (0.8312)
[2018/09/21 23:22:48 __main__ INFO] - Epoch 6 Step 200/781 Loss 0.5426 (0.4911) Accuracy 0.7969 (0.8311)
[2018/09/21 23:22:59 __main__ INFO] - Epoch 6 Step 300/781 Loss 0.3465 (0.4944) Accuracy 0.8750 (0.8289)
[2018/09/21 23:23:10 __main__ INFO] - Epoch 6 Step 400/781 Loss 0.3663 (0.4917) Accuracy 0.8750 (0.8303)
[2018/09/21 23:23:21 __main__ INFO] - Epoch 6 Step 500/781 Loss 0.3050 (0.4863) Accuracy 0.9062 (0.8316)
[2018/09/21 23:23:32 __main__ INFO] - Epoch 6 Step 600/781 Loss 0.3618 (0.4832) Accuracy 0.8438 (0.8326)
[2018/09/21 23:23:42 __main__ INFO] - Epoch 6 Step 700/781 Loss 0.3173 (0.4810) Accuracy 0.9062 (0.8334)
[2018/09/21 23:23:51 __main__ INFO] - Elapsed 84.13
[2018/09/21 23:23:51 __main__ INFO] - Test 6
[2018/09/21 23:23:56 __main__ INFO] - Epoch 6 Loss 0.5161 Accuracy 0.8258
[2018/09/21 23:23:56 __main__ INFO] - Elapsed 5.15
outdir 2:  /tigress/ruairidh/model_results/densenet_BC_100_12
[2018/09/21 23:23:56 __main__ INFO] - Train 7
[2018/09/21 23:23:56 __main__ INFO] - Epoch 7 Step 0/781 Loss 0.6042 (0.6042) Accuracy 0.7812 (0.7812)
[2018/09/21 23:24:07 __main__ INFO] - Epoch 7 Step 100/781 Loss 0.3955 (0.4146) Accuracy 0.8281 (0.8592)
[2018/09/21 23:24:18 __main__ INFO] - Epoch 7 Step 200/781 Loss 0.3357 (0.4310) Accuracy 0.8594 (0.8516)
[2018/09/21 23:24:29 __main__ INFO] - Epoch 7 Step 300/781 Loss 0.3787 (0.4364) Accuracy 0.8594 (0.8501)
[2018/09/21 23:24:39 __main__ INFO] - Epoch 7 Step 400/781 Loss 0.5807 (0.4398) Accuracy 0.8438 (0.8485)
[2018/09/21 23:24:50 __main__ INFO] - Epoch 7 Step 500/781 Loss 0.2908 (0.4491) Accuracy 0.9062 (0.8449)
[2018/09/21 23:25:01 __main__ INFO] - Epoch 7 Step 600/781 Loss 0.6938 (0.4471) Accuracy 0.7500 (0.8460)
[2018/09/21 23:25:11 __main__ INFO] - Epoch 7 Step 700/781 Loss 0.2108 (0.4460) Accuracy 0.9531 (0.8463)
[2018/09/21 23:25:20 __main__ INFO] - Elapsed 83.93
[2018/09/21 23:25:20 __main__ INFO] - Test 7
[2018/09/21 23:25:25 __main__ INFO] - Epoch 7 Loss 0.5503 Accuracy 0.8130
[2018/09/21 23:25:25 __main__ INFO] - Elapsed 5.16
outdir 2:  /tigress/ruairidh/model_results/densenet_BC_100_12
[2018/09/21 23:25:25 __main__ INFO] - Train 8
[2018/09/21 23:25:26 __main__ INFO] - Epoch 8 Step 0/781 Loss 0.3241 (0.3241) Accuracy 0.9062 (0.9062)
[2018/09/21 23:25:37 __main__ INFO] - Epoch 8 Step 100/781 Loss 0.3091 (0.4228) Accuracy 0.9062 (0.8567)
[2018/09/21 23:25:47 __main__ INFO] - Epoch 8 Step 200/781 Loss 0.3650 (0.4191) Accuracy 0.8594 (0.8524)
[2018/09/21 23:25:58 __main__ INFO] - Epoch 8 Step 300/781 Loss 0.3233 (0.4182) Accuracy 0.9219 (0.8546)
[2018/09/21 23:26:09 __main__ INFO] - Epoch 8 Step 400/781 Loss 0.4282 (0.4157) Accuracy 0.8125 (0.8557)
[2018/09/21 23:26:19 __main__ INFO] - Epoch 8 Step 500/781 Loss 0.2638 (0.4174) Accuracy 0.9219 (0.8556)
[2018/09/21 23:26:30 __main__ INFO] - Epoch 8 Step 600/781 Loss 0.3629 (0.4189) Accuracy 0.8438 (0.8553)
[2018/09/21 23:26:41 __main__ INFO] - Epoch 8 Step 700/781 Loss 0.4996 (0.4188) Accuracy 0.7969 (0.8549)
[2018/09/21 23:26:49 __main__ INFO] - Elapsed 84.05
[2018/09/21 23:26:49 __main__ INFO] - Test 8
[2018/09/21 23:26:55 __main__ INFO] - Epoch 8 Loss 0.6102 Accuracy 0.7971
[2018/09/21 23:26:55 __main__ INFO] - Elapsed 5.20
outdir 2:  /tigress/ruairidh/model_results/densenet_BC_100_12
[2018/09/21 23:26:55 __main__ INFO] - Train 9
[2018/09/21 23:26:55 __main__ INFO] - Epoch 9 Step 0/781 Loss 0.3353 (0.3353) Accuracy 0.8750 (0.8750)
[2018/09/21 23:27:06 __main__ INFO] - Epoch 9 Step 100/781 Loss 0.3746 (0.3833) Accuracy 0.8750 (0.8677)
[2018/09/21 23:27:17 __main__ INFO] - Epoch 9 Step 200/781 Loss 0.3963 (0.3860) Accuracy 0.8750 (0.8672)
[2018/09/21 23:27:28 __main__ INFO] - Epoch 9 Step 300/781 Loss 0.3830 (0.3892) Accuracy 0.8750 (0.8666)
[2018/09/21 23:27:38 __main__ INFO] - Epoch 9 Step 400/781 Loss 0.3927 (0.3870) Accuracy 0.8750 (0.8681)
[2018/09/21 23:27:49 __main__ INFO] - Epoch 9 Step 500/781 Loss 0.2000 (0.3927) Accuracy 0.9375 (0.8655)
[2018/09/21 23:28:00 __main__ INFO] - Epoch 9 Step 600/781 Loss 0.3044 (0.3968) Accuracy 0.8750 (0.8635)
[2018/09/21 23:28:11 __main__ INFO] - Epoch 9 Step 700/781 Loss 0.4236 (0.4010) Accuracy 0.8594 (0.8623)
[2018/09/21 23:28:19 __main__ INFO] - Elapsed 84.26
[2018/09/21 23:28:19 __main__ INFO] - Test 9
[2018/09/21 23:28:24 __main__ INFO] - Epoch 9 Loss 0.4442 Accuracy 0.8464
[2018/09/21 23:28:24 __main__ INFO] - Elapsed 5.09
outdir 2:  /tigress/ruairidh/model_results/densenet_BC_100_12
[2018/09/21 23:28:24 __main__ INFO] - Train 10
[2018/09/21 23:28:25 __main__ INFO] - Epoch 10 Step 0/781 Loss 0.4067 (0.4067) Accuracy 0.8438 (0.8438)
[2018/09/21 23:28:36 __main__ INFO] - Epoch 10 Step 100/781 Loss 0.2442 (0.3758) Accuracy 0.9219 (0.8694)
[2018/09/21 23:28:46 __main__ INFO] - Epoch 10 Step 200/781 Loss 0.2081 (0.3670) Accuracy 0.9375 (0.8734)
[2018/09/21 23:28:57 __main__ INFO] - Epoch 10 Step 300/781 Loss 0.4355 (0.3827) Accuracy 0.8125 (0.8698)
[2018/09/21 23:29:08 __main__ INFO] - Epoch 10 Step 400/781 Loss 0.3237 (0.3837) Accuracy 0.8438 (0.8695)
[2018/09/21 23:29:19 __main__ INFO] - Epoch 10 Step 500/781 Loss 0.4620 (0.3841) Accuracy 0.8281 (0.8695)
[2018/09/21 23:29:29 __main__ INFO] - Epoch 10 Step 600/781 Loss 0.5266 (0.3858) Accuracy 0.7969 (0.8680)
[2018/09/21 23:29:40 __main__ INFO] - Epoch 10 Step 700/781 Loss 0.2621 (0.3874) Accuracy 0.9062 (0.8672)
[2018/09/21 23:29:48 __main__ INFO] - Elapsed 84.04
[2018/09/21 23:29:48 __main__ INFO] - Test 10
[2018/09/21 23:29:54 __main__ INFO] - Epoch 10 Loss 0.4576 Accuracy 0.8428
[2018/09/21 23:29:54 __main__ INFO] - Elapsed 5.24
outdir 2:  /tigress/ruairidh/model_results/densenet_BC_100_12
[2018/09/21 23:29:54 __main__ INFO] - Train 11
[2018/09/21 23:29:54 __main__ INFO] - Epoch 11 Step 0/781 Loss 0.3111 (0.3111) Accuracy 0.9062 (0.9062)
[2018/09/21 23:30:05 __main__ INFO] - Epoch 11 Step 100/781 Loss 0.4657 (0.3409) Accuracy 0.8594 (0.8818)
[2018/09/21 23:30:16 __main__ INFO] - Epoch 11 Step 200/781 Loss 0.3845 (0.3651) Accuracy 0.8594 (0.8746)
[2018/09/21 23:30:27 __main__ INFO] - Epoch 11 Step 300/781 Loss 0.3685 (0.3690) Accuracy 0.8281 (0.8745)
[2018/09/21 23:30:37 __main__ INFO] - Epoch 11 Step 400/781 Loss 0.2479 (0.3706) Accuracy 0.9219 (0.8741)
[2018/09/21 23:30:48 __main__ INFO] - Epoch 11 Step 500/781 Loss 0.6581 (0.3731) Accuracy 0.7500 (0.8725)
[2018/09/21 23:30:59 __main__ INFO] - Epoch 11 Step 600/781 Loss 0.2792 (0.3766) Accuracy 0.9219 (0.8706)
[2018/09/21 23:31:10 __main__ INFO] - Epoch 11 Step 700/781 Loss 0.5090 (0.3751) Accuracy 0.8438 (0.8711)
[2018/09/21 23:31:18 __main__ INFO] - Elapsed 84.16
[2018/09/21 23:31:18 __main__ INFO] - Test 11
[2018/09/21 23:31:23 __main__ INFO] - Epoch 11 Loss 0.4789 Accuracy 0.8394
[2018/09/21 23:31:23 __main__ INFO] - Elapsed 5.15
outdir 2:  /tigress/ruairidh/model_results/densenet_BC_100_12
[2018/09/21 23:31:23 __main__ INFO] - Train 12
[2018/09/21 23:31:24 __main__ INFO] - Epoch 12 Step 0/781 Loss 0.3018 (0.3018) Accuracy 0.8906 (0.8906)
[2018/09/21 23:31:35 __main__ INFO] - Epoch 12 Step 100/781 Loss 0.5070 (0.3319) Accuracy 0.7812 (0.8877)
[2018/09/21 23:31:45 __main__ INFO] - Epoch 12 Step 200/781 Loss 0.2733 (0.3417) Accuracy 0.9062 (0.8832)
[2018/09/21 23:31:56 __main__ INFO] - Epoch 12 Step 300/781 Loss 0.3013 (0.3472) Accuracy 0.8750 (0.8810)
[2018/09/21 23:32:07 __main__ INFO] - Epoch 12 Step 400/781 Loss 0.3521 (0.3518) Accuracy 0.8750 (0.8799)
[2018/09/21 23:32:18 __main__ INFO] - Epoch 12 Step 500/781 Loss 0.3436 (0.3586) Accuracy 0.8594 (0.8775)
[2018/09/21 23:32:28 __main__ INFO] - Epoch 12 Step 600/781 Loss 0.5234 (0.3586) Accuracy 0.8125 (0.8775)
[2018/09/21 23:32:39 __main__ INFO] - Epoch 12 Step 700/781 Loss 0.2228 (0.3603) Accuracy 0.9062 (0.8768)
[2018/09/21 23:32:48 __main__ INFO] - Elapsed 84.28
[2018/09/21 23:32:48 __main__ INFO] - Test 12
[2018/09/21 23:32:53 __main__ INFO] - Epoch 12 Loss 0.4164 Accuracy 0.8575
[2018/09/21 23:32:53 __main__ INFO] - Elapsed 5.45
outdir 2:  /tigress/ruairidh/model_results/densenet_BC_100_12
[2018/09/21 23:32:53 __main__ INFO] - Train 13
[2018/09/21 23:32:54 __main__ INFO] - Epoch 13 Step 0/781 Loss 0.4809 (0.4809) Accuracy 0.8281 (0.8281)
[2018/09/21 23:33:05 __main__ INFO] - Epoch 13 Step 100/781 Loss 0.3316 (0.3435) Accuracy 0.9062 (0.8821)
[2018/09/21 23:33:15 __main__ INFO] - Epoch 13 Step 200/781 Loss 0.4576 (0.3395) Accuracy 0.8438 (0.8829)
[2018/09/21 23:33:26 __main__ INFO] - Epoch 13 Step 300/781 Loss 0.3486 (0.3445) Accuracy 0.8594 (0.8805)
[2018/09/21 23:33:37 __main__ INFO] - Epoch 13 Step 400/781 Loss 0.6696 (0.3475) Accuracy 0.7969 (0.8815)
[2018/09/21 23:33:48 __main__ INFO] - Epoch 13 Step 500/781 Loss 0.5474 (0.3487) Accuracy 0.7969 (0.8801)
[2018/09/21 23:33:59 __main__ INFO] - Epoch 13 Step 600/781 Loss 0.3599 (0.3525) Accuracy 0.8906 (0.8788)
[2018/09/21 23:34:09 __main__ INFO] - Epoch 13 Step 700/781 Loss 0.2558 (0.3518) Accuracy 0.9219 (0.8788)
[2018/09/21 23:34:18 __main__ INFO] - Elapsed 84.62
[2018/09/21 23:34:18 __main__ INFO] - Test 13
[2018/09/21 23:34:23 __main__ INFO] - Epoch 13 Loss 0.5592 Accuracy 0.8209
[2018/09/21 23:34:23 __main__ INFO] - Elapsed 5.37
outdir 2:  /tigress/ruairidh/model_results/densenet_BC_100_12
[2018/09/21 23:34:23 __main__ INFO] - Train 14
[2018/09/21 23:34:24 __main__ INFO] - Epoch 14 Step 0/781 Loss 0.3408 (0.3408) Accuracy 0.9062 (0.9062)
[2018/09/21 23:34:35 __main__ INFO] - Epoch 14 Step 100/781 Loss 0.3169 (0.3468) Accuracy 0.8438 (0.8787)
[2018/09/21 23:34:45 __main__ INFO] - Epoch 14 Step 200/781 Loss 0.3887 (0.3381) Accuracy 0.8750 (0.8847)
[2018/09/21 23:34:56 __main__ INFO] - Epoch 14 Step 300/781 Loss 0.2769 (0.3389) Accuracy 0.8906 (0.8847)
[2018/09/21 23:35:07 __main__ INFO] - Epoch 14 Step 400/781 Loss 0.4959 (0.3428) Accuracy 0.8594 (0.8830)
[2018/09/21 23:35:18 __main__ INFO] - Epoch 14 Step 500/781 Loss 0.4832 (0.3413) Accuracy 0.8125 (0.8832)
[2018/09/21 23:35:28 __main__ INFO] - Epoch 14 Step 600/781 Loss 0.4326 (0.3409) Accuracy 0.8125 (0.8836)
[2018/09/21 23:35:39 __main__ INFO] - Epoch 14 Step 700/781 Loss 0.5283 (0.3412) Accuracy 0.8438 (0.8828)
[2018/09/21 23:35:48 __main__ INFO] - Elapsed 84.05
[2018/09/21 23:35:48 __main__ INFO] - Test 14
[2018/09/21 23:35:53 __main__ INFO] - Epoch 14 Loss 0.4161 Accuracy 0.8623
[2018/09/21 23:35:53 __main__ INFO] - Elapsed 5.14
outdir 2:  /tigress/ruairidh/model_results/densenet_BC_100_12
[2018/09/21 23:35:53 __main__ INFO] - Train 15
[2018/09/21 23:35:53 __main__ INFO] - Epoch 15 Step 0/781 Loss 0.3004 (0.3004) Accuracy 0.8750 (0.8750)
[2018/09/21 23:36:04 __main__ INFO] - Epoch 15 Step 100/781 Loss 0.1889 (0.3104) Accuracy 0.9375 (0.8922)
[2018/09/21 23:36:15 __main__ INFO] - Epoch 15 Step 200/781 Loss 0.2696 (0.3154) Accuracy 0.8906 (0.8924)
[2018/09/21 23:36:26 __main__ INFO] - Epoch 15 Step 300/781 Loss 0.5043 (0.3218) Accuracy 0.7812 (0.8893)
[2018/09/21 23:36:36 __main__ INFO] - Epoch 15 Step 400/781 Loss 0.4293 (0.3258) Accuracy 0.8594 (0.8879)
[2018/09/21 23:36:47 __main__ INFO] - Epoch 15 Step 500/781 Loss 0.2807 (0.3288) Accuracy 0.9062 (0.8879)
[2018/09/21 23:36:58 __main__ INFO] - Epoch 15 Step 600/781 Loss 0.2530 (0.3303) Accuracy 0.9375 (0.8869)
[2018/09/21 23:37:09 __main__ INFO] - Epoch 15 Step 700/781 Loss 0.3501 (0.3331) Accuracy 0.8906 (0.8859)
[2018/09/21 23:37:17 __main__ INFO] - Elapsed 84.44
[2018/09/21 23:37:17 __main__ INFO] - Test 15
[2018/09/21 23:37:22 __main__ INFO] - Epoch 15 Loss 0.4800 Accuracy 0.8495
[2018/09/21 23:37:23 __main__ INFO] - Elapsed 5.04
outdir 2:  /tigress/ruairidh/model_results/densenet_BC_100_12
[2018/09/21 23:37:23 __main__ INFO] - Train 16
[2018/09/21 23:37:23 __main__ INFO] - Epoch 16 Step 0/781 Loss 0.3069 (0.3069) Accuracy 0.8906 (0.8906)
