/tigress/ruairidh/model_results
--arch=pyramidnet --depth 110 --block_type=basic --pyramid_alpha=270 --resume=/tigress/ruairidh/model_results/pyramidnet_basic_110_270/model_state_243.pth
pyramidnet_basic_110_270.out
entering python script
[2018/09/23 12:55:15 __main__ INFO] - {
  "model_config": {
    "arch": "pyramidnet",
    "input_shape": [
      1,
      3,
      32,
      32
    ],
    "n_classes": 10,
    "base_channels": 16,
    "block_type": "basic",
    "depth": 110,
    "pyramid_alpha": 270
  },
  "optim_config": {
    "epochs": 300,
    "batch_size": 128,
    "optimizer": "sgd",
    "base_lr": 0.1,
    "weight_decay": 0.0001,
    "momentum": 0.9,
    "nesterov": true,
    "scheduler": "multistep",
    "milestones": [
      150,
      225
    ],
    "lr_decay": 0.1
  },
  "data_config": {
    "dataset": "CIFAR10",
    "n_classes": 10,
    "num_workers": 7,
    "batch_size": 128,
    "use_cutout": false,
    "use_random_erasing": false,
    "use_mixup": false,
    "c10h_sample": false,
    "use_gpu": true
  },
  "run_config": {
    "outdir": "/tigress/ruairidh/model_results/pyramidnet_basic_110_270",
    "seed": 7,
    "test_first": true,
    "gpu": "0",
    "tensorboard": false,
    "tensorboard_train_images": false,
    "tensorboard_test_images": false,
    "tensorboard_model_params": false,
    "resume": "/tigress/ruairidh/model_results/pyramidnet_basic_110_270/model_state_243.pth",
    "human_tune": false,
    "no_output": false,
    "test_only": false,
    "use_gpu": true
  },
  "env_info": {
    "pytorch_version": "0.4.1",
    "cuda_version": "9.2.148",
    "cudnn_version": 7104,
    "gpu0": {
      "name": "Tesla P100-PCIE-16GB",
      "capability": "6.0"
    }
  }
}
outdir:  /tigress/ruairidh/model_results/pyramidnet_basic_110_270
Files already downloaded and verified
Files already downloaded and verified
[2018/09/23 12:55:17 __main__ INFO] - Loading model...
[2018/09/23 12:55:18 __main__ INFO] - n_params: 28485477
[2018/09/23 12:55:20 __main__ INFO] - Done
/home/ruairidh/miniconda3/envs/pytorch_env/lib/python3.7/site-packages/torch/nn/functional.py:52: UserWarning: size_average and reduce args will be deprecated, please use reduction='elementwise_mean' instead.
  warnings.warn(warning.format(ret))
=> loading checkpoint '/tigress/ruairidh/model_results/pyramidnet_basic_110_270/model_state_243.pth'
=> loaded checkpoint '/tigress/ruairidh/model_results/pyramidnet_basic_110_270/model_state_243.pth' (epoch 243)
[2018/09/23 13:36:28 __main__ INFO] - Test 0
[2018/09/23 13:36:43 __main__ INFO] - Epoch 0 Loss 0.1826 Accuracy 0.9595
[2018/09/23 13:36:43 __main__ INFO] - Elapsed 14.96
[2018/09/23 13:36:43 __main__ INFO] - Train 244
[2018/09/23 13:36:49 __main__ INFO] - Epoch 244 Step 0/390 Loss 0.0003 (0.0003) Accuracy 1.0000 (1.0000)
[2018/09/23 13:37:32 __main__ INFO] - Epoch 244 Step 100/390 Loss 0.0003 (0.0004) Accuracy 1.0000 (1.0000)
[2018/09/23 13:38:15 __main__ INFO] - Epoch 244 Step 200/390 Loss 0.0002 (0.0004) Accuracy 1.0000 (1.0000)
[2018/09/23 13:38:58 __main__ INFO] - Epoch 244 Step 300/390 Loss 0.0002 (0.0004) Accuracy 1.0000 (1.0000)
[2018/09/23 13:39:36 __main__ INFO] - Elapsed 173.00
[2018/09/23 13:39:36 __main__ INFO] - Test 244
[2018/09/23 13:39:47 __main__ INFO] - Epoch 244 Loss 0.1809 Accuracy 0.9600
[2018/09/23 13:39:47 __main__ INFO] - Elapsed 10.80
outdir 2:  /tigress/ruairidh/model_results/pyramidnet_basic_110_270
[2018/09/23 13:39:48 __main__ INFO] - Train 245
[2018/09/23 13:39:49 __main__ INFO] - Epoch 245 Step 0/390 Loss 0.0002 (0.0002) Accuracy 1.0000 (1.0000)
[2018/09/23 13:40:32 __main__ INFO] - Epoch 245 Step 100/390 Loss 0.0003 (0.0004) Accuracy 1.0000 (1.0000)
[2018/09/23 13:41:15 __main__ INFO] - Epoch 245 Step 200/390 Loss 0.0003 (0.0004) Accuracy 1.0000 (1.0000)
[2018/09/23 13:41:58 __main__ INFO] - Epoch 245 Step 300/390 Loss 0.0003 (0.0004) Accuracy 1.0000 (1.0000)
[2018/09/23 13:42:36 __main__ INFO] - Elapsed 168.08
[2018/09/23 13:42:36 __main__ INFO] - Test 245
[2018/09/23 13:42:47 __main__ INFO] - Epoch 245 Loss 0.1812 Accuracy 0.9592
[2018/09/23 13:42:47 __main__ INFO] - Elapsed 10.71
outdir 2:  /tigress/ruairidh/model_results/pyramidnet_basic_110_270
[2018/09/23 13:42:48 __main__ INFO] - Train 246
[2018/09/23 13:42:49 __main__ INFO] - Epoch 246 Step 0/390 Loss 0.0004 (0.0004) Accuracy 1.0000 (1.0000)
[2018/09/23 13:43:32 __main__ INFO] - Epoch 246 Step 100/390 Loss 0.0004 (0.0004) Accuracy 1.0000 (1.0000)
[2018/09/23 13:44:14 __main__ INFO] - Epoch 246 Step 200/390 Loss 0.0011 (0.0005) Accuracy 1.0000 (1.0000)
[2018/09/23 13:44:57 __main__ INFO] - Epoch 246 Step 300/390 Loss 0.0001 (0.0004) Accuracy 1.0000 (1.0000)
[2018/09/23 13:45:36 __main__ INFO] - Elapsed 167.84
[2018/09/23 13:45:36 __main__ INFO] - Test 246
[2018/09/23 13:45:46 __main__ INFO] - Epoch 246 Loss 0.1828 Accuracy 0.9597
[2018/09/23 13:45:46 __main__ INFO] - Elapsed 10.76
outdir 2:  /tigress/ruairidh/model_results/pyramidnet_basic_110_270
[2018/09/23 13:45:47 __main__ INFO] - Train 247
[2018/09/23 13:45:48 __main__ INFO] - Epoch 247 Step 0/390 Loss 0.0004 (0.0004) Accuracy 1.0000 (1.0000)
[2018/09/23 13:46:31 __main__ INFO] - Epoch 247 Step 100/390 Loss 0.0003 (0.0004) Accuracy 1.0000 (1.0000)
[2018/09/23 13:47:14 __main__ INFO] - Epoch 247 Step 200/390 Loss 0.0008 (0.0004) Accuracy 1.0000 (1.0000)
[2018/09/23 13:47:57 __main__ INFO] - Epoch 247 Step 300/390 Loss 0.0002 (0.0004) Accuracy 1.0000 (1.0000)
[2018/09/23 13:48:35 __main__ INFO] - Elapsed 167.91
[2018/09/23 13:48:35 __main__ INFO] - Test 247
[2018/09/23 13:48:46 __main__ INFO] - Epoch 247 Loss 0.1814 Accuracy 0.9586
[2018/09/23 13:48:46 __main__ INFO] - Elapsed 10.77
outdir 2:  /tigress/ruairidh/model_results/pyramidnet_basic_110_270
[2018/09/23 13:48:47 __main__ INFO] - Train 248
[2018/09/23 13:48:48 __main__ INFO] - Epoch 248 Step 0/390 Loss 0.0004 (0.0004) Accuracy 1.0000 (1.0000)
[2018/09/23 13:49:31 __main__ INFO] - Epoch 248 Step 100/390 Loss 0.0002 (0.0003) Accuracy 1.0000 (1.0000)
[2018/09/23 13:50:13 __main__ INFO] - Epoch 248 Step 200/390 Loss 0.0004 (0.0004) Accuracy 1.0000 (1.0000)
[2018/09/23 13:50:56 __main__ INFO] - Epoch 248 Step 300/390 Loss 0.0003 (0.0004) Accuracy 1.0000 (1.0000)
[2018/09/23 13:51:34 __main__ INFO] - Elapsed 167.54
[2018/09/23 13:51:34 __main__ INFO] - Test 248
[2018/09/23 13:51:45 __main__ INFO] - Epoch 248 Loss 0.1798 Accuracy 0.9595
[2018/09/23 13:51:45 __main__ INFO] - Elapsed 10.63
outdir 2:  /tigress/ruairidh/model_results/pyramidnet_basic_110_270
[2018/09/23 13:51:46 __main__ INFO] - Train 249
[2018/09/23 13:51:47 __main__ INFO] - Epoch 249 Step 0/390 Loss 0.0005 (0.0005) Accuracy 1.0000 (1.0000)
[2018/09/23 13:52:30 __main__ INFO] - Epoch 249 Step 100/390 Loss 0.0002 (0.0004) Accuracy 1.0000 (1.0000)
[2018/09/23 13:53:13 __main__ INFO] - Epoch 249 Step 200/390 Loss 0.0003 (0.0004) Accuracy 1.0000 (1.0000)
[2018/09/23 13:53:56 __main__ INFO] - Epoch 249 Step 300/390 Loss 0.0003 (0.0004) Accuracy 1.0000 (1.0000)
[2018/09/23 13:54:34 __main__ INFO] - Elapsed 167.92
[2018/09/23 13:54:34 __main__ INFO] - Test 249
[2018/09/23 13:54:45 __main__ INFO] - Epoch 249 Loss 0.1820 Accuracy 0.9598
[2018/09/23 13:54:45 __main__ INFO] - Elapsed 10.86
outdir 2:  /tigress/ruairidh/model_results/pyramidnet_basic_110_270
[2018/09/23 13:54:46 __main__ INFO] - Train 250
[2018/09/23 13:54:47 __main__ INFO] - Epoch 250 Step 0/390 Loss 0.0005 (0.0005) Accuracy 1.0000 (1.0000)
[2018/09/23 13:55:30 __main__ INFO] - Epoch 250 Step 100/390 Loss 0.0005 (0.0004) Accuracy 1.0000 (1.0000)
[2018/09/23 13:56:13 __main__ INFO] - Epoch 250 Step 200/390 Loss 0.0003 (0.0004) Accuracy 1.0000 (1.0000)
[2018/09/23 13:56:56 __main__ INFO] - Epoch 250 Step 300/390 Loss 0.0002 (0.0004) Accuracy 1.0000 (1.0000)
[2018/09/23 13:57:34 __main__ INFO] - Elapsed 168.02
[2018/09/23 13:57:34 __main__ INFO] - Test 250
[2018/09/23 13:57:44 __main__ INFO] - Epoch 250 Loss 0.1827 Accuracy 0.9600
[2018/09/23 13:57:44 __main__ INFO] - Elapsed 10.64
outdir 2:  /tigress/ruairidh/model_results/pyramidnet_basic_110_270
[2018/09/23 13:57:45 __main__ INFO] - Train 251
[2018/09/23 13:57:46 __main__ INFO] - Epoch 251 Step 0/390 Loss 0.0003 (0.0003) Accuracy 1.0000 (1.0000)
[2018/09/23 13:58:29 __main__ INFO] - Epoch 251 Step 100/390 Loss 0.0003 (0.0004) Accuracy 1.0000 (1.0000)
[2018/09/23 13:59:12 __main__ INFO] - Epoch 251 Step 200/390 Loss 0.0005 (0.0004) Accuracy 1.0000 (1.0000)
[2018/09/23 13:59:55 __main__ INFO] - Epoch 251 Step 300/390 Loss 0.0004 (0.0004) Accuracy 1.0000 (1.0000)
[2018/09/23 14:00:33 __main__ INFO] - Elapsed 167.89
[2018/09/23 14:00:33 __main__ INFO] - Test 251
[2018/09/23 14:00:44 __main__ INFO] - Epoch 251 Loss 0.1805 Accuracy 0.9598
[2018/09/23 14:00:44 __main__ INFO] - Elapsed 10.59
outdir 2:  /tigress/ruairidh/model_results/pyramidnet_basic_110_270
[2018/09/23 14:00:45 __main__ INFO] - Train 252
[2018/09/23 14:00:46 __main__ INFO] - Epoch 252 Step 0/390 Loss 0.0002 (0.0002) Accuracy 1.0000 (1.0000)
[2018/09/23 14:01:29 __main__ INFO] - Epoch 252 Step 100/390 Loss 0.0002 (0.0004) Accuracy 1.0000 (1.0000)
[2018/09/23 14:02:12 __main__ INFO] - Epoch 252 Step 200/390 Loss 0.0003 (0.0004) Accuracy 1.0000 (1.0000)
[2018/09/23 14:02:54 __main__ INFO] - Epoch 252 Step 300/390 Loss 0.0002 (0.0004) Accuracy 1.0000 (1.0000)
[2018/09/23 14:03:33 __main__ INFO] - Elapsed 167.84
[2018/09/23 14:03:33 __main__ INFO] - Test 252
[2018/09/23 14:03:43 __main__ INFO] - Epoch 252 Loss 0.1823 Accuracy 0.9593
[2018/09/23 14:03:43 __main__ INFO] - Elapsed 10.76
outdir 2:  /tigress/ruairidh/model_results/pyramidnet_basic_110_270
[2018/09/23 14:03:44 __main__ INFO] - Train 253
[2018/09/23 14:03:45 __main__ INFO] - Epoch 253 Step 0/390 Loss 0.0003 (0.0003) Accuracy 1.0000 (1.0000)
[2018/09/23 14:04:28 __main__ INFO] - Epoch 253 Step 100/390 Loss 0.0002 (0.0004) Accuracy 1.0000 (1.0000)
[2018/09/23 14:05:11 __main__ INFO] - Epoch 253 Step 200/390 Loss 0.0004 (0.0004) Accuracy 1.0000 (1.0000)
[2018/09/23 14:05:54 __main__ INFO] - Epoch 253 Step 300/390 Loss 0.0007 (0.0004) Accuracy 1.0000 (1.0000)
[2018/09/23 14:06:32 __main__ INFO] - Elapsed 168.15
[2018/09/23 14:06:32 __main__ INFO] - Test 253
[2018/09/23 14:06:43 __main__ INFO] - Epoch 253 Loss 0.1812 Accuracy 0.9593
[2018/09/23 14:06:43 __main__ INFO] - Elapsed 10.71
outdir 2:  /tigress/ruairidh/model_results/pyramidnet_basic_110_270
[2018/09/23 14:06:44 __main__ INFO] - Train 254
[2018/09/23 14:06:45 __main__ INFO] - Epoch 254 Step 0/390 Loss 0.0002 (0.0002) Accuracy 1.0000 (1.0000)
[2018/09/23 14:07:28 __main__ INFO] - Epoch 254 Step 100/390 Loss 0.0004 (0.0004) Accuracy 1.0000 (1.0000)
[2018/09/23 14:08:11 __main__ INFO] - Epoch 254 Step 200/390 Loss 0.0002 (0.0004) Accuracy 1.0000 (1.0000)
[2018/09/23 14:08:54 __main__ INFO] - Epoch 254 Step 300/390 Loss 0.0004 (0.0004) Accuracy 1.0000 (1.0000)
[2018/09/23 14:09:32 __main__ INFO] - Elapsed 167.93
[2018/09/23 14:09:32 __main__ INFO] - Test 254
[2018/09/23 14:09:43 __main__ INFO] - Epoch 254 Loss 0.1817 Accuracy 0.9594
[2018/09/23 14:09:43 __main__ INFO] - Elapsed 10.71
outdir 2:  /tigress/ruairidh/model_results/pyramidnet_basic_110_270
[2018/09/23 14:09:44 __main__ INFO] - Train 255
[2018/09/23 14:09:44 __main__ INFO] - Epoch 255 Step 0/390 Loss 0.0004 (0.0004) Accuracy 1.0000 (1.0000)
[2018/09/23 14:10:27 __main__ INFO] - Epoch 255 Step 100/390 Loss 0.0002 (0.0005) Accuracy 1.0000 (0.9999)
[2018/09/23 14:11:10 __main__ INFO] - Epoch 255 Step 200/390 Loss 0.0003 (0.0004) Accuracy 1.0000 (1.0000)
[2018/09/23 14:11:53 __main__ INFO] - Epoch 255 Step 300/390 Loss 0.0003 (0.0004) Accuracy 1.0000 (1.0000)
[2018/09/23 14:12:31 __main__ INFO] - Elapsed 167.77
[2018/09/23 14:12:31 __main__ INFO] - Test 255
[2018/09/23 14:12:42 __main__ INFO] - Epoch 255 Loss 0.1809 Accuracy 0.9595
[2018/09/23 14:12:42 __main__ INFO] - Elapsed 10.74
outdir 2:  /tigress/ruairidh/model_results/pyramidnet_basic_110_270
[2018/09/23 14:12:43 __main__ INFO] - Train 256
[2018/09/23 14:12:44 __main__ INFO] - Epoch 256 Step 0/390 Loss 0.0003 (0.0003) Accuracy 1.0000 (1.0000)
[2018/09/23 14:13:27 __main__ INFO] - Epoch 256 Step 100/390 Loss 0.0003 (0.0004) Accuracy 1.0000 (1.0000)
[2018/09/23 14:14:10 __main__ INFO] - Epoch 256 Step 200/390 Loss 0.0002 (0.0004) Accuracy 1.0000 (1.0000)
[2018/09/23 14:14:53 __main__ INFO] - Epoch 256 Step 300/390 Loss 0.0007 (0.0004) Accuracy 1.0000 (1.0000)
[2018/09/23 14:15:31 __main__ INFO] - Elapsed 167.85
[2018/09/23 14:15:31 __main__ INFO] - Test 256
[2018/09/23 14:15:42 __main__ INFO] - Epoch 256 Loss 0.1819 Accuracy 0.9596
[2018/09/23 14:15:42 __main__ INFO] - Elapsed 10.75
outdir 2:  /tigress/ruairidh/model_results/pyramidnet_basic_110_270
[2018/09/23 14:15:43 __main__ INFO] - Train 257
[2018/09/23 14:15:43 __main__ INFO] - Epoch 257 Step 0/390 Loss 0.0003 (0.0003) Accuracy 1.0000 (1.0000)
[2018/09/23 14:16:26 __main__ INFO] - Epoch 257 Step 100/390 Loss 0.0003 (0.0004) Accuracy 1.0000 (1.0000)
[2018/09/23 14:17:09 __main__ INFO] - Epoch 257 Step 200/390 Loss 0.0004 (0.0004) Accuracy 1.0000 (1.0000)
[2018/09/23 14:17:52 __main__ INFO] - Epoch 257 Step 300/390 Loss 0.0003 (0.0004) Accuracy 1.0000 (1.0000)
[2018/09/23 14:18:31 __main__ INFO] - Elapsed 168.05
[2018/09/23 14:18:31 __main__ INFO] - Test 257
[2018/09/23 14:18:41 __main__ INFO] - Epoch 257 Loss 0.1830 Accuracy 0.9598
[2018/09/23 14:18:41 __main__ INFO] - Elapsed 10.59
outdir 2:  /tigress/ruairidh/model_results/pyramidnet_basic_110_270
[2018/09/23 14:18:42 __main__ INFO] - Train 258
[2018/09/23 14:18:43 __main__ INFO] - Epoch 258 Step 0/390 Loss 0.0009 (0.0009) Accuracy 1.0000 (1.0000)
[2018/09/23 14:19:26 __main__ INFO] - Epoch 258 Step 100/390 Loss 0.0002 (0.0004) Accuracy 1.0000 (1.0000)
[2018/09/23 14:20:09 __main__ INFO] - Epoch 258 Step 200/390 Loss 0.0007 (0.0004) Accuracy 1.0000 (1.0000)
[2018/09/23 14:20:52 __main__ INFO] - Epoch 258 Step 300/390 Loss 0.0005 (0.0004) Accuracy 1.0000 (1.0000)
[2018/09/23 14:21:30 __main__ INFO] - Elapsed 167.84
[2018/09/23 14:21:30 __main__ INFO] - Test 258
[2018/09/23 14:21:41 __main__ INFO] - Epoch 258 Loss 0.1810 Accuracy 0.9602
[2018/09/23 14:21:41 __main__ INFO] - Elapsed 10.70
outdir 2:  /tigress/ruairidh/model_results/pyramidnet_basic_110_270
[2018/09/23 14:21:42 __main__ INFO] - Train 259
[2018/09/23 14:21:43 __main__ INFO] - Epoch 259 Step 0/390 Loss 0.0002 (0.0002) Accuracy 1.0000 (1.0000)
[2018/09/23 14:22:26 __main__ INFO] - Epoch 259 Step 100/390 Loss 0.0002 (0.0004) Accuracy 1.0000 (1.0000)
[2018/09/23 14:23:09 __main__ INFO] - Epoch 259 Step 200/390 Loss 0.0002 (0.0004) Accuracy 1.0000 (1.0000)
[2018/09/23 14:23:52 __main__ INFO] - Epoch 259 Step 300/390 Loss 0.0008 (0.0004) Accuracy 1.0000 (1.0000)
[2018/09/23 14:24:30 __main__ INFO] - Elapsed 167.83
[2018/09/23 14:24:30 __main__ INFO] - Test 259
[2018/09/23 14:24:40 __main__ INFO] - Epoch 259 Loss 0.1815 Accuracy 0.9603
[2018/09/23 14:24:41 __main__ INFO] - Elapsed 10.51
outdir 2:  /tigress/ruairidh/model_results/pyramidnet_basic_110_270
[2018/09/23 14:24:42 __main__ INFO] - Train 260
[2018/09/23 14:24:43 __main__ INFO] - Epoch 260 Step 0/390 Loss 0.0004 (0.0004) Accuracy 1.0000 (1.0000)
[2018/09/23 14:25:26 __main__ INFO] - Epoch 260 Step 100/390 Loss 0.0003 (0.0005) Accuracy 1.0000 (1.0000)
[2018/09/23 14:26:09 __main__ INFO] - Epoch 260 Step 200/390 Loss 0.0005 (0.0005) Accuracy 1.0000 (1.0000)
[2018/09/23 14:26:52 __main__ INFO] - Epoch 260 Step 300/390 Loss 0.0006 (0.0005) Accuracy 1.0000 (1.0000)
[2018/09/23 14:27:30 __main__ INFO] - Elapsed 167.85
[2018/09/23 14:27:30 __main__ INFO] - Test 260
[2018/09/23 14:27:40 __main__ INFO] - Epoch 260 Loss 0.1821 Accuracy 0.9596
[2018/09/23 14:27:40 __main__ INFO] - Elapsed 10.65
outdir 2:  /tigress/ruairidh/model_results/pyramidnet_basic_110_270
[2018/09/23 14:27:41 __main__ INFO] - Train 261
[2018/09/23 14:27:42 __main__ INFO] - Epoch 261 Step 0/390 Loss 0.0004 (0.0004) Accuracy 1.0000 (1.0000)
[2018/09/23 14:28:25 __main__ INFO] - Epoch 261 Step 100/390 Loss 0.0005 (0.0004) Accuracy 1.0000 (1.0000)
[2018/09/23 14:29:08 __main__ INFO] - Epoch 261 Step 200/390 Loss 0.0002 (0.0004) Accuracy 1.0000 (1.0000)
[2018/09/23 14:29:51 __main__ INFO] - Epoch 261 Step 300/390 Loss 0.0003 (0.0004) Accuracy 1.0000 (1.0000)
[2018/09/23 14:30:29 __main__ INFO] - Elapsed 167.85
[2018/09/23 14:30:29 __main__ INFO] - Test 261
[2018/09/23 14:30:40 __main__ INFO] - Epoch 261 Loss 0.1825 Accuracy 0.9586
[2018/09/23 14:30:40 __main__ INFO] - Elapsed 10.57
outdir 2:  /tigress/ruairidh/model_results/pyramidnet_basic_110_270
[2018/09/23 14:30:41 __main__ INFO] - Train 262
[2018/09/23 14:30:42 __main__ INFO] - Epoch 262 Step 0/390 Loss 0.0003 (0.0003) Accuracy 1.0000 (1.0000)
[2018/09/23 14:31:25 __main__ INFO] - Epoch 262 Step 100/390 Loss 0.0004 (0.0004) Accuracy 1.0000 (1.0000)
[2018/09/23 14:32:08 __main__ INFO] - Epoch 262 Step 200/390 Loss 0.0004 (0.0004) Accuracy 1.0000 (1.0000)
[2018/09/23 14:32:51 __main__ INFO] - Epoch 262 Step 300/390 Loss 0.0003 (0.0004) Accuracy 1.0000 (1.0000)
[2018/09/23 14:33:29 __main__ INFO] - Elapsed 167.98
[2018/09/23 14:33:29 __main__ INFO] - Test 262
[2018/09/23 14:33:39 __main__ INFO] - Epoch 262 Loss 0.1824 Accuracy 0.9596
[2018/09/23 14:33:40 __main__ INFO] - Elapsed 10.73
outdir 2:  /tigress/ruairidh/model_results/pyramidnet_basic_110_270
[2018/09/23 14:33:40 __main__ INFO] - Train 263
[2018/09/23 14:33:41 __main__ INFO] - Epoch 263 Step 0/390 Loss 0.0002 (0.0002) Accuracy 1.0000 (1.0000)
[2018/09/23 14:34:24 __main__ INFO] - Epoch 263 Step 100/390 Loss 0.0005 (0.0005) Accuracy 1.0000 (1.0000)
[2018/09/23 14:35:07 __main__ INFO] - Epoch 263 Step 200/390 Loss 0.0004 (0.0004) Accuracy 1.0000 (1.0000)
[2018/09/23 14:35:50 __main__ INFO] - Epoch 263 Step 300/390 Loss 0.0002 (0.0004) Accuracy 1.0000 (1.0000)
[2018/09/23 14:36:28 __main__ INFO] - Elapsed 167.86
[2018/09/23 14:36:28 __main__ INFO] - Test 263
[2018/09/23 14:36:39 __main__ INFO] - Epoch 263 Loss 0.1825 Accuracy 0.9601
[2018/09/23 14:36:39 __main__ INFO] - Elapsed 10.60
outdir 2:  /tigress/ruairidh/model_results/pyramidnet_basic_110_270
[2018/09/23 14:36:40 __main__ INFO] - Train 264
[2018/09/23 14:36:41 __main__ INFO] - Epoch 264 Step 0/390 Loss 0.0002 (0.0002) Accuracy 1.0000 (1.0000)
[2018/09/23 14:37:24 __main__ INFO] - Epoch 264 Step 100/390 Loss 0.0003 (0.0006) Accuracy 1.0000 (0.9999)
[2018/09/23 14:38:07 __main__ INFO] - Epoch 264 Step 200/390 Loss 0.0003 (0.0005) Accuracy 1.0000 (1.0000)
[2018/09/23 14:38:50 __main__ INFO] - Epoch 264 Step 300/390 Loss 0.0004 (0.0005) Accuracy 1.0000 (1.0000)
[2018/09/23 14:39:28 __main__ INFO] - Elapsed 168.03
[2018/09/23 14:39:28 __main__ INFO] - Test 264
[2018/09/23 14:39:39 __main__ INFO] - Epoch 264 Loss 0.1828 Accuracy 0.9606
[2018/09/23 14:39:39 __main__ INFO] - Elapsed 10.69
outdir 2:  /tigress/ruairidh/model_results/pyramidnet_basic_110_270
[2018/09/23 14:39:40 __main__ INFO] - Train 265
[2018/09/23 14:39:41 __main__ INFO] - Epoch 265 Step 0/390 Loss 0.0003 (0.0003) Accuracy 1.0000 (1.0000)
[2018/09/23 14:40:24 __main__ INFO] - Epoch 265 Step 100/390 Loss 0.0006 (0.0004) Accuracy 1.0000 (1.0000)
[2018/09/23 14:41:07 __main__ INFO] - Epoch 265 Step 200/390 Loss 0.0003 (0.0004) Accuracy 1.0000 (1.0000)
[2018/09/23 14:41:50 __main__ INFO] - Epoch 265 Step 300/390 Loss 0.0002 (0.0004) Accuracy 1.0000 (1.0000)
[2018/09/23 14:42:28 __main__ INFO] - Elapsed 167.84
[2018/09/23 14:42:28 __main__ INFO] - Test 265
[2018/09/23 14:42:38 __main__ INFO] - Epoch 265 Loss 0.1823 Accuracy 0.9595
[2018/09/23 14:42:38 __main__ INFO] - Elapsed 10.59
outdir 2:  /tigress/ruairidh/model_results/pyramidnet_basic_110_270
[2018/09/23 14:42:39 __main__ INFO] - Train 266
[2018/09/23 14:42:40 __main__ INFO] - Epoch 266 Step 0/390 Loss 0.0003 (0.0003) Accuracy 1.0000 (1.0000)
[2018/09/23 14:43:23 __main__ INFO] - Epoch 266 Step 100/390 Loss 0.0002 (0.0004) Accuracy 1.0000 (1.0000)
[2018/09/23 14:44:06 __main__ INFO] - Epoch 266 Step 200/390 Loss 0.0005 (0.0004) Accuracy 1.0000 (1.0000)
[2018/09/23 14:44:49 __main__ INFO] - Epoch 266 Step 300/390 Loss 0.0003 (0.0004) Accuracy 1.0000 (1.0000)
[2018/09/23 14:45:27 __main__ INFO] - Elapsed 167.83
[2018/09/23 14:45:27 __main__ INFO] - Test 266
[2018/09/23 14:45:38 __main__ INFO] - Epoch 266 Loss 0.1823 Accuracy 0.9596
[2018/09/23 14:45:38 __main__ INFO] - Elapsed 10.61
outdir 2:  /tigress/ruairidh/model_results/pyramidnet_basic_110_270
[2018/09/23 14:45:39 __main__ INFO] - Train 267
[2018/09/23 14:45:40 __main__ INFO] - Epoch 267 Step 0/390 Loss 0.0003 (0.0003) Accuracy 1.0000 (1.0000)
[2018/09/23 14:46:23 __main__ INFO] - Epoch 267 Step 100/390 Loss 0.0004 (0.0004) Accuracy 1.0000 (1.0000)
[2018/09/23 14:47:06 __main__ INFO] - Epoch 267 Step 200/390 Loss 0.0003 (0.0004) Accuracy 1.0000 (1.0000)
[2018/09/23 14:47:49 __main__ INFO] - Epoch 267 Step 300/390 Loss 0.0002 (0.0004) Accuracy 1.0000 (1.0000)
[2018/09/23 14:48:27 __main__ INFO] - Elapsed 167.80
[2018/09/23 14:48:27 __main__ INFO] - Test 267
[2018/09/23 14:48:37 __main__ INFO] - Epoch 267 Loss 0.1832 Accuracy 0.9591
[2018/09/23 14:48:37 __main__ INFO] - Elapsed 10.52
outdir 2:  /tigress/ruairidh/model_results/pyramidnet_basic_110_270
[2018/09/23 14:48:38 __main__ INFO] - Train 268
[2018/09/23 14:48:39 __main__ INFO] - Epoch 268 Step 0/390 Loss 0.0004 (0.0004) Accuracy 1.0000 (1.0000)
[2018/09/23 14:49:22 __main__ INFO] - Epoch 268 Step 100/390 Loss 0.0002 (0.0004) Accuracy 1.0000 (1.0000)
[2018/09/23 14:50:05 __main__ INFO] - Epoch 268 Step 200/390 Loss 0.0004 (0.0004) Accuracy 1.0000 (1.0000)
[2018/09/23 14:50:48 __main__ INFO] - Epoch 268 Step 300/390 Loss 0.0002 (0.0004) Accuracy 1.0000 (1.0000)
[2018/09/23 14:51:26 __main__ INFO] - Elapsed 168.02
[2018/09/23 14:51:26 __main__ INFO] - Test 268
[2018/09/23 14:51:37 __main__ INFO] - Epoch 268 Loss 0.1821 Accuracy 0.9598
[2018/09/23 14:51:37 __main__ INFO] - Elapsed 10.62
outdir 2:  /tigress/ruairidh/model_results/pyramidnet_basic_110_270
[2018/09/23 14:51:38 __main__ INFO] - Train 269
[2018/09/23 14:51:39 __main__ INFO] - Epoch 269 Step 0/390 Loss 0.0004 (0.0004) Accuracy 1.0000 (1.0000)
[2018/09/23 14:52:21 __main__ INFO] - Epoch 269 Step 100/390 Loss 0.0002 (0.0004) Accuracy 1.0000 (1.0000)
[2018/09/23 14:53:04 __main__ INFO] - Epoch 269 Step 200/390 Loss 0.0003 (0.0004) Accuracy 1.0000 (1.0000)
[2018/09/23 14:53:47 __main__ INFO] - Epoch 269 Step 300/390 Loss 0.0004 (0.0004) Accuracy 1.0000 (1.0000)
[2018/09/23 14:54:25 __main__ INFO] - Elapsed 167.78
[2018/09/23 14:54:25 __main__ INFO] - Test 269
[2018/09/23 14:54:36 __main__ INFO] - Epoch 269 Loss 0.1808 Accuracy 0.9594
[2018/09/23 14:54:36 __main__ INFO] - Elapsed 10.69
outdir 2:  /tigress/ruairidh/model_results/pyramidnet_basic_110_270
[2018/09/23 14:54:37 __main__ INFO] - Train 270
[2018/09/23 14:54:38 __main__ INFO] - Epoch 270 Step 0/390 Loss 0.0003 (0.0003) Accuracy 1.0000 (1.0000)
[2018/09/23 14:55:21 __main__ INFO] - Epoch 270 Step 100/390 Loss 0.0003 (0.0004) Accuracy 1.0000 (1.0000)
[2018/09/23 14:56:04 __main__ INFO] - Epoch 270 Step 200/390 Loss 0.0004 (0.0004) Accuracy 1.0000 (1.0000)
[2018/09/23 14:56:47 __main__ INFO] - Epoch 270 Step 300/390 Loss 0.0003 (0.0004) Accuracy 1.0000 (1.0000)
[2018/09/23 14:57:25 __main__ INFO] - Elapsed 168.09
[2018/09/23 14:57:25 __main__ INFO] - Test 270
[2018/09/23 14:57:36 __main__ INFO] - Epoch 270 Loss 0.1822 Accuracy 0.9597
[2018/09/23 14:57:36 __main__ INFO] - Elapsed 10.76
outdir 2:  /tigress/ruairidh/model_results/pyramidnet_basic_110_270
[2018/09/23 14:57:37 __main__ INFO] - Train 271
[2018/09/23 14:57:37 __main__ INFO] - Epoch 271 Step 0/390 Loss 0.0003 (0.0003) Accuracy 1.0000 (1.0000)
[2018/09/23 14:58:20 __main__ INFO] - Epoch 271 Step 100/390 Loss 0.0002 (0.0004) Accuracy 1.0000 (1.0000)
[2018/09/23 14:59:03 __main__ INFO] - Epoch 271 Step 200/390 Loss 0.0005 (0.0004) Accuracy 1.0000 (1.0000)
[2018/09/23 14:59:46 __main__ INFO] - Epoch 271 Step 300/390 Loss 0.0003 (0.0004) Accuracy 1.0000 (1.0000)
[2018/09/23 15:00:24 __main__ INFO] - Elapsed 167.73
[2018/09/23 15:00:24 __main__ INFO] - Test 271
[2018/09/23 15:00:35 __main__ INFO] - Epoch 271 Loss 0.1814 Accuracy 0.9597
[2018/09/23 15:00:35 __main__ INFO] - Elapsed 10.69
outdir 2:  /tigress/ruairidh/model_results/pyramidnet_basic_110_270
[2018/09/23 15:00:36 __main__ INFO] - Train 272
[2018/09/23 15:00:37 __main__ INFO] - Epoch 272 Step 0/390 Loss 0.0003 (0.0003) Accuracy 1.0000 (1.0000)
[2018/09/23 15:01:20 __main__ INFO] - Epoch 272 Step 100/390 Loss 0.0003 (0.0004) Accuracy 1.0000 (1.0000)
[2018/09/23 15:02:03 __main__ INFO] - Epoch 272 Step 200/390 Loss 0.0004 (0.0004) Accuracy 1.0000 (1.0000)
[2018/09/23 15:02:46 __main__ INFO] - Epoch 272 Step 300/390 Loss 0.0004 (0.0004) Accuracy 1.0000 (1.0000)
[2018/09/23 15:03:24 __main__ INFO] - Elapsed 167.92
[2018/09/23 15:03:24 __main__ INFO] - Test 272
[2018/09/23 15:03:34 __main__ INFO] - Epoch 272 Loss 0.1809 Accuracy 0.9594
[2018/09/23 15:03:34 __main__ INFO] - Elapsed 10.69
outdir 2:  /tigress/ruairidh/model_results/pyramidnet_basic_110_270
[2018/09/23 15:03:35 __main__ INFO] - Train 273
[2018/09/23 15:03:36 __main__ INFO] - Epoch 273 Step 0/390 Loss 0.0002 (0.0002) Accuracy 1.0000 (1.0000)
[2018/09/23 15:04:19 __main__ INFO] - Epoch 273 Step 100/390 Loss 0.0003 (0.0004) Accuracy 1.0000 (1.0000)
[2018/09/23 15:05:02 __main__ INFO] - Epoch 273 Step 200/390 Loss 0.0004 (0.0004) Accuracy 1.0000 (1.0000)
[2018/09/23 15:05:45 __main__ INFO] - Epoch 273 Step 300/390 Loss 0.0002 (0.0004) Accuracy 1.0000 (1.0000)
[2018/09/23 15:06:23 __main__ INFO] - Elapsed 167.92
[2018/09/23 15:06:23 __main__ INFO] - Test 273
[2018/09/23 15:06:34 __main__ INFO] - Epoch 273 Loss 0.1823 Accuracy 0.9600
[2018/09/23 15:06:34 __main__ INFO] - Elapsed 10.72
outdir 2:  /tigress/ruairidh/model_results/pyramidnet_basic_110_270
[2018/09/23 15:06:35 __main__ INFO] - Train 274
[2018/09/23 15:06:35 __main__ INFO] - Epoch 274 Step 0/390 Loss 0.0002 (0.0002) Accuracy 1.0000 (1.0000)
[2018/09/23 15:07:18 __main__ INFO] - Epoch 274 Step 100/390 Loss 0.0004 (0.0004) Accuracy 1.0000 (1.0000)
[2018/09/23 15:08:01 __main__ INFO] - Epoch 274 Step 200/390 Loss 0.0004 (0.0004) Accuracy 1.0000 (1.0000)
[2018/09/23 15:08:44 __main__ INFO] - Epoch 274 Step 300/390 Loss 0.0009 (0.0004) Accuracy 1.0000 (1.0000)
[2018/09/23 15:09:22 __main__ INFO] - Elapsed 167.74
[2018/09/23 15:09:22 __main__ INFO] - Test 274
[2018/09/23 15:09:33 __main__ INFO] - Epoch 274 Loss 0.1807 Accuracy 0.9603
[2018/09/23 15:09:33 __main__ INFO] - Elapsed 10.58
outdir 2:  /tigress/ruairidh/model_results/pyramidnet_basic_110_270
[2018/09/23 15:09:34 __main__ INFO] - Train 275
[2018/09/23 15:09:34 __main__ INFO] - Epoch 275 Step 0/390 Loss 0.0002 (0.0002) Accuracy 1.0000 (1.0000)
[2018/09/23 15:10:17 __main__ INFO] - Epoch 275 Step 100/390 Loss 0.0004 (0.0003) Accuracy 1.0000 (1.0000)
[2018/09/23 15:11:00 __main__ INFO] - Epoch 275 Step 200/390 Loss 0.0004 (0.0004) Accuracy 1.0000 (1.0000)
[2018/09/23 15:11:43 __main__ INFO] - Epoch 275 Step 300/390 Loss 0.0002 (0.0004) Accuracy 1.0000 (1.0000)
[2018/09/23 15:12:22 __main__ INFO] - Elapsed 167.94
[2018/09/23 15:12:22 __main__ INFO] - Test 275
[2018/09/23 15:12:32 __main__ INFO] - Epoch 275 Loss 0.1809 Accuracy 0.9589
[2018/09/23 15:12:32 __main__ INFO] - Elapsed 10.72
outdir 2:  /tigress/ruairidh/model_results/pyramidnet_basic_110_270
[2018/09/23 15:12:33 __main__ INFO] - Train 276
[2018/09/23 15:12:34 __main__ INFO] - Epoch 276 Step 0/390 Loss 0.0001 (0.0001) Accuracy 1.0000 (1.0000)
[2018/09/23 15:13:17 __main__ INFO] - Epoch 276 Step 100/390 Loss 0.0005 (0.0004) Accuracy 1.0000 (1.0000)
[2018/09/23 15:14:00 __main__ INFO] - Epoch 276 Step 200/390 Loss 0.0007 (0.0004) Accuracy 1.0000 (1.0000)
[2018/09/23 15:14:43 __main__ INFO] - Epoch 276 Step 300/390 Loss 0.0003 (0.0004) Accuracy 1.0000 (1.0000)
[2018/09/23 15:15:21 __main__ INFO] - Elapsed 168.03
[2018/09/23 15:15:21 __main__ INFO] - Test 276
[2018/09/23 15:15:32 __main__ INFO] - Epoch 276 Loss 0.1824 Accuracy 0.9596
[2018/09/23 15:15:32 __main__ INFO] - Elapsed 10.54
outdir 2:  /tigress/ruairidh/model_results/pyramidnet_basic_110_270
[2018/09/23 15:15:33 __main__ INFO] - Train 277
[2018/09/23 15:15:33 __main__ INFO] - Epoch 277 Step 0/390 Loss 0.0002 (0.0002) Accuracy 1.0000 (1.0000)
[2018/09/23 15:16:16 __main__ INFO] - Epoch 277 Step 100/390 Loss 0.0002 (0.0004) Accuracy 1.0000 (1.0000)
[2018/09/23 15:16:59 __main__ INFO] - Epoch 277 Step 200/390 Loss 0.0004 (0.0004) Accuracy 1.0000 (1.0000)
[2018/09/23 15:17:42 __main__ INFO] - Epoch 277 Step 300/390 Loss 0.0004 (0.0004) Accuracy 1.0000 (1.0000)
[2018/09/23 15:18:20 __main__ INFO] - Elapsed 167.62
[2018/09/23 15:18:20 __main__ INFO] - Test 277
[2018/09/23 15:18:31 __main__ INFO] - Epoch 277 Loss 0.1841 Accuracy 0.9592
[2018/09/23 15:18:31 __main__ INFO] - Elapsed 10.58
outdir 2:  /tigress/ruairidh/model_results/pyramidnet_basic_110_270
[2018/09/23 15:18:32 __main__ INFO] - Train 278
[2018/09/23 15:18:33 __main__ INFO] - Epoch 278 Step 0/390 Loss 0.0015 (0.0015) Accuracy 1.0000 (1.0000)
[2018/09/23 15:19:15 __main__ INFO] - Epoch 278 Step 100/390 Loss 0.0007 (0.0004) Accuracy 1.0000 (1.0000)
[2018/09/23 15:19:58 __main__ INFO] - Epoch 278 Step 200/390 Loss 0.0003 (0.0004) Accuracy 1.0000 (1.0000)
[2018/09/23 15:20:41 __main__ INFO] - Epoch 278 Step 300/390 Loss 0.0002 (0.0004) Accuracy 1.0000 (1.0000)
[2018/09/23 15:21:19 __main__ INFO] - Elapsed 167.67
[2018/09/23 15:21:19 __main__ INFO] - Test 278
[2018/09/23 15:21:30 __main__ INFO] - Epoch 278 Loss 0.1821 Accuracy 0.9602
[2018/09/23 15:21:30 __main__ INFO] - Elapsed 10.55
outdir 2:  /tigress/ruairidh/model_results/pyramidnet_basic_110_270
[2018/09/23 15:21:31 __main__ INFO] - Train 279
[2018/09/23 15:21:32 __main__ INFO] - Epoch 279 Step 0/390 Loss 0.0005 (0.0005) Accuracy 1.0000 (1.0000)
[2018/09/23 15:22:15 __main__ INFO] - Epoch 279 Step 100/390 Loss 0.0002 (0.0005) Accuracy 1.0000 (0.9999)
[2018/09/23 15:22:58 __main__ INFO] - Epoch 279 Step 200/390 Loss 0.0008 (0.0005) Accuracy 1.0000 (1.0000)
[2018/09/23 15:23:41 __main__ INFO] - Epoch 279 Step 300/390 Loss 0.0003 (0.0004) Accuracy 1.0000 (1.0000)
[2018/09/23 15:24:19 __main__ INFO] - Elapsed 167.96
[2018/09/23 15:24:19 __main__ INFO] - Test 279
[2018/09/23 15:24:29 __main__ INFO] - Epoch 279 Loss 0.1822 Accuracy 0.9593
[2018/09/23 15:24:29 __main__ INFO] - Elapsed 10.51
outdir 2:  /tigress/ruairidh/model_results/pyramidnet_basic_110_270
[2018/09/23 15:24:30 __main__ INFO] - Train 280
[2018/09/23 15:24:31 __main__ INFO] - Epoch 280 Step 0/390 Loss 0.0002 (0.0002) Accuracy 1.0000 (1.0000)
[2018/09/23 15:25:14 __main__ INFO] - Epoch 280 Step 100/390 Loss 0.0003 (0.0004) Accuracy 1.0000 (1.0000)
[2018/09/23 15:25:57 __main__ INFO] - Epoch 280 Step 200/390 Loss 0.0003 (0.0005) Accuracy 1.0000 (1.0000)
[2018/09/23 15:26:40 __main__ INFO] - Epoch 280 Step 300/390 Loss 0.0007 (0.0004) Accuracy 1.0000 (1.0000)
[2018/09/23 15:27:18 __main__ INFO] - Elapsed 168.13
[2018/09/23 15:27:18 __main__ INFO] - Test 280
[2018/09/23 15:27:29 __main__ INFO] - Epoch 280 Loss 0.1831 Accuracy 0.9591
[2018/09/23 15:27:29 __main__ INFO] - Elapsed 10.50
outdir 2:  /tigress/ruairidh/model_results/pyramidnet_basic_110_270
[2018/09/23 15:27:30 __main__ INFO] - Train 281
[2018/09/23 15:27:31 __main__ INFO] - Epoch 281 Step 0/390 Loss 0.0004 (0.0004) Accuracy 1.0000 (1.0000)
[2018/09/23 15:28:14 __main__ INFO] - Epoch 281 Step 100/390 Loss 0.0002 (0.0004) Accuracy 1.0000 (1.0000)
[2018/09/23 15:28:57 __main__ INFO] - Epoch 281 Step 200/390 Loss 0.0002 (0.0004) Accuracy 1.0000 (1.0000)
[2018/09/23 15:29:40 __main__ INFO] - Epoch 281 Step 300/390 Loss 0.0002 (0.0004) Accuracy 1.0000 (1.0000)
[2018/09/23 15:30:18 __main__ INFO] - Elapsed 167.92
[2018/09/23 15:30:18 __main__ INFO] - Test 281
[2018/09/23 15:30:29 __main__ INFO] - Epoch 281 Loss 0.1830 Accuracy 0.9601
[2018/09/23 15:30:29 __main__ INFO] - Elapsed 10.61
outdir 2:  /tigress/ruairidh/model_results/pyramidnet_basic_110_270
[2018/09/23 15:30:30 __main__ INFO] - Train 282
[2018/09/23 15:30:31 __main__ INFO] - Epoch 282 Step 0/390 Loss 0.0003 (0.0003) Accuracy 1.0000 (1.0000)
[2018/09/23 15:31:14 __main__ INFO] - Epoch 282 Step 100/390 Loss 0.0003 (0.0004) Accuracy 1.0000 (1.0000)
[2018/09/23 15:31:57 __main__ INFO] - Epoch 282 Step 200/390 Loss 0.0005 (0.0004) Accuracy 1.0000 (1.0000)
[2018/09/23 15:32:39 __main__ INFO] - Epoch 282 Step 300/390 Loss 0.0006 (0.0004) Accuracy 1.0000 (1.0000)
[2018/09/23 15:33:18 __main__ INFO] - Elapsed 167.68
[2018/09/23 15:33:18 __main__ INFO] - Test 282
[2018/09/23 15:33:28 __main__ INFO] - Epoch 282 Loss 0.1805 Accuracy 0.9598
[2018/09/23 15:33:28 __main__ INFO] - Elapsed 10.54
outdir 2:  /tigress/ruairidh/model_results/pyramidnet_basic_110_270
[2018/09/23 15:33:29 __main__ INFO] - Train 283
[2018/09/23 15:33:30 __main__ INFO] - Epoch 283 Step 0/390 Loss 0.0003 (0.0003) Accuracy 1.0000 (1.0000)
[2018/09/23 15:34:13 __main__ INFO] - Epoch 283 Step 100/390 Loss 0.0004 (0.0005) Accuracy 1.0000 (1.0000)
[2018/09/23 15:34:56 __main__ INFO] - Epoch 283 Step 200/390 Loss 0.0003 (0.0004) Accuracy 1.0000 (1.0000)
[2018/09/23 15:35:39 __main__ INFO] - Epoch 283 Step 300/390 Loss 0.0003 (0.0004) Accuracy 1.0000 (1.0000)
[2018/09/23 15:36:17 __main__ INFO] - Elapsed 168.03
[2018/09/23 15:36:17 __main__ INFO] - Test 283
[2018/09/23 15:36:28 __main__ INFO] - Epoch 283 Loss 0.1824 Accuracy 0.9595
[2018/09/23 15:36:28 __main__ INFO] - Elapsed 10.51
outdir 2:  /tigress/ruairidh/model_results/pyramidnet_basic_110_270
[2018/09/23 15:36:31 __main__ INFO] - Train 284
[2018/09/23 15:36:31 __main__ INFO] - Epoch 284 Step 0/390 Loss 0.0003 (0.0003) Accuracy 1.0000 (1.0000)
[2018/09/23 15:37:14 __main__ INFO] - Epoch 284 Step 100/390 Loss 0.0006 (0.0004) Accuracy 1.0000 (1.0000)
[2018/09/23 15:37:57 __main__ INFO] - Epoch 284 Step 200/390 Loss 0.0004 (0.0004) Accuracy 1.0000 (1.0000)
[2018/09/23 15:38:40 __main__ INFO] - Epoch 284 Step 300/390 Loss 0.0002 (0.0004) Accuracy 1.0000 (1.0000)
[2018/09/23 15:39:18 __main__ INFO] - Elapsed 167.92
[2018/09/23 15:39:19 __main__ INFO] - Test 284
[2018/09/23 15:39:29 __main__ INFO] - Epoch 284 Loss 0.1810 Accuracy 0.9596
[2018/09/23 15:39:29 __main__ INFO] - Elapsed 10.59
outdir 2:  /tigress/ruairidh/model_results/pyramidnet_basic_110_270
[2018/09/23 15:39:30 __main__ INFO] - Train 285
[2018/09/23 15:39:31 __main__ INFO] - Epoch 285 Step 0/390 Loss 0.0005 (0.0005) Accuracy 1.0000 (1.0000)
[2018/09/23 15:40:14 __main__ INFO] - Epoch 285 Step 100/390 Loss 0.0003 (0.0004) Accuracy 1.0000 (1.0000)
[2018/09/23 15:40:57 __main__ INFO] - Epoch 285 Step 200/390 Loss 0.0003 (0.0004) Accuracy 1.0000 (1.0000)
[2018/09/23 15:41:40 __main__ INFO] - Epoch 285 Step 300/390 Loss 0.0003 (0.0004) Accuracy 1.0000 (1.0000)
[2018/09/23 15:42:18 __main__ INFO] - Elapsed 167.71
[2018/09/23 15:42:18 __main__ INFO] - Test 285
[2018/09/23 15:42:28 __main__ INFO] - Epoch 285 Loss 0.1826 Accuracy 0.9597
[2018/09/23 15:42:28 __main__ INFO] - Elapsed 10.46
outdir 2:  /tigress/ruairidh/model_results/pyramidnet_basic_110_270
[2018/09/23 15:42:29 __main__ INFO] - Train 286
[2018/09/23 15:42:30 __main__ INFO] - Epoch 286 Step 0/390 Loss 0.0002 (0.0002) Accuracy 1.0000 (1.0000)
[2018/09/23 15:43:13 __main__ INFO] - Epoch 286 Step 100/390 Loss 0.0002 (0.0004) Accuracy 1.0000 (1.0000)
[2018/09/23 15:43:56 __main__ INFO] - Epoch 286 Step 200/390 Loss 0.0002 (0.0004) Accuracy 1.0000 (1.0000)
[2018/09/23 15:44:39 __main__ INFO] - Epoch 286 Step 300/390 Loss 0.0002 (0.0004) Accuracy 1.0000 (1.0000)
[2018/09/23 15:45:17 __main__ INFO] - Elapsed 167.82
[2018/09/23 15:45:17 __main__ INFO] - Test 286
[2018/09/23 15:45:27 __main__ INFO] - Epoch 286 Loss 0.1839 Accuracy 0.9596
[2018/09/23 15:45:27 __main__ INFO] - Elapsed 10.59
outdir 2:  /tigress/ruairidh/model_results/pyramidnet_basic_110_270
[2018/09/23 15:45:28 __main__ INFO] - Train 287
[2018/09/23 15:45:29 __main__ INFO] - Epoch 287 Step 0/390 Loss 0.0007 (0.0007) Accuracy 1.0000 (1.0000)
[2018/09/23 15:46:12 __main__ INFO] - Epoch 287 Step 100/390 Loss 0.0004 (0.0005) Accuracy 1.0000 (0.9999)
[2018/09/23 15:46:55 __main__ INFO] - Epoch 287 Step 200/390 Loss 0.0002 (0.0004) Accuracy 1.0000 (1.0000)
[2018/09/23 15:47:38 __main__ INFO] - Epoch 287 Step 300/390 Loss 0.0002 (0.0004) Accuracy 1.0000 (1.0000)
[2018/09/23 15:48:16 __main__ INFO] - Elapsed 167.75
[2018/09/23 15:48:16 __main__ INFO] - Test 287
[2018/09/23 15:48:26 __main__ INFO] - Epoch 287 Loss 0.1822 Accuracy 0.9603
[2018/09/23 15:48:27 __main__ INFO] - Elapsed 10.44
outdir 2:  /tigress/ruairidh/model_results/pyramidnet_basic_110_270
[2018/09/23 15:48:27 __main__ INFO] - Train 288
[2018/09/23 15:48:28 __main__ INFO] - Epoch 288 Step 0/390 Loss 0.0004 (0.0004) Accuracy 1.0000 (1.0000)
[2018/09/23 15:49:11 __main__ INFO] - Epoch 288 Step 100/390 Loss 0.0005 (0.0004) Accuracy 1.0000 (1.0000)
[2018/09/23 15:49:54 __main__ INFO] - Epoch 288 Step 200/390 Loss 0.0004 (0.0004) Accuracy 1.0000 (1.0000)
[2018/09/23 15:50:37 __main__ INFO] - Epoch 288 Step 300/390 Loss 0.0002 (0.0004) Accuracy 1.0000 (1.0000)
[2018/09/23 15:51:15 __main__ INFO] - Elapsed 167.93
[2018/09/23 15:51:15 __main__ INFO] - Test 288
[2018/09/23 15:51:26 __main__ INFO] - Epoch 288 Loss 0.1820 Accuracy 0.9596
[2018/09/23 15:51:26 __main__ INFO] - Elapsed 10.65
outdir 2:  /tigress/ruairidh/model_results/pyramidnet_basic_110_270
[2018/09/23 15:51:27 __main__ INFO] - Train 289
[2018/09/23 15:51:28 __main__ INFO] - Epoch 289 Step 0/390 Loss 0.0005 (0.0005) Accuracy 1.0000 (1.0000)
[2018/09/23 15:52:10 __main__ INFO] - Epoch 289 Step 100/390 Loss 0.0003 (0.0004) Accuracy 1.0000 (1.0000)
[2018/09/23 15:52:53 __main__ INFO] - Epoch 289 Step 200/390 Loss 0.0004 (0.0004) Accuracy 1.0000 (1.0000)
[2018/09/23 15:53:36 __main__ INFO] - Epoch 289 Step 300/390 Loss 0.0003 (0.0004) Accuracy 1.0000 (1.0000)
[2018/09/23 15:54:14 __main__ INFO] - Elapsed 167.69
[2018/09/23 15:54:14 __main__ INFO] - Test 289
[2018/09/23 15:54:25 __main__ INFO] - Epoch 289 Loss 0.1814 Accuracy 0.9598
[2018/09/23 15:54:25 __main__ INFO] - Elapsed 10.69
outdir 2:  /tigress/ruairidh/model_results/pyramidnet_basic_110_270
[2018/09/23 15:54:26 __main__ INFO] - Train 290
[2018/09/23 15:54:27 __main__ INFO] - Epoch 290 Step 0/390 Loss 0.0002 (0.0002) Accuracy 1.0000 (1.0000)
[2018/09/23 15:55:10 __main__ INFO] - Epoch 290 Step 100/390 Loss 0.0004 (0.0004) Accuracy 1.0000 (1.0000)
[2018/09/23 15:55:53 __main__ INFO] - Epoch 290 Step 200/390 Loss 0.0002 (0.0004) Accuracy 1.0000 (1.0000)
[2018/09/23 15:56:36 __main__ INFO] - Epoch 290 Step 300/390 Loss 0.0003 (0.0004) Accuracy 1.0000 (1.0000)
[2018/09/23 15:57:14 __main__ INFO] - Elapsed 167.93
[2018/09/23 15:57:14 __main__ INFO] - Test 290
[2018/09/23 15:57:24 __main__ INFO] - Epoch 290 Loss 0.1813 Accuracy 0.9594
[2018/09/23 15:57:24 __main__ INFO] - Elapsed 10.67
outdir 2:  /tigress/ruairidh/model_results/pyramidnet_basic_110_270
[2018/09/23 15:57:25 __main__ INFO] - Train 291
[2018/09/23 15:57:26 __main__ INFO] - Epoch 291 Step 0/390 Loss 0.0005 (0.0005) Accuracy 1.0000 (1.0000)
[2018/09/23 15:58:09 __main__ INFO] - Epoch 291 Step 100/390 Loss 0.0007 (0.0004) Accuracy 1.0000 (0.9999)
[2018/09/23 15:58:52 __main__ INFO] - Epoch 291 Step 200/390 Loss 0.0003 (0.0004) Accuracy 1.0000 (1.0000)
[2018/09/23 15:59:35 __main__ INFO] - Epoch 291 Step 300/390 Loss 0.0006 (0.0004) Accuracy 1.0000 (1.0000)
[2018/09/23 16:00:13 __main__ INFO] - Elapsed 167.84
[2018/09/23 16:00:13 __main__ INFO] - Test 291
[2018/09/23 16:00:24 __main__ INFO] - Epoch 291 Loss 0.1818 Accuracy 0.9597
[2018/09/23 16:00:24 __main__ INFO] - Elapsed 10.61
outdir 2:  /tigress/ruairidh/model_results/pyramidnet_basic_110_270
[2018/09/23 16:00:25 __main__ INFO] - Train 292
[2018/09/23 16:00:25 __main__ INFO] - Epoch 292 Step 0/390 Loss 0.0003 (0.0003) Accuracy 1.0000 (1.0000)
[2018/09/23 16:01:08 __main__ INFO] - Epoch 292 Step 100/390 Loss 0.0004 (0.0003) Accuracy 1.0000 (1.0000)
[2018/09/23 16:01:51 __main__ INFO] - Epoch 292 Step 200/390 Loss 0.0002 (0.0004) Accuracy 1.0000 (1.0000)
[2018/09/23 16:02:34 __main__ INFO] - Epoch 292 Step 300/390 Loss 0.0003 (0.0004) Accuracy 1.0000 (1.0000)
[2018/09/23 16:03:13 __main__ INFO] - Elapsed 167.98
[2018/09/23 16:03:13 __main__ INFO] - Test 292
[2018/09/23 16:03:23 __main__ INFO] - Epoch 292 Loss 0.1818 Accuracy 0.9597
[2018/09/23 16:03:23 __main__ INFO] - Elapsed 10.61
outdir 2:  /tigress/ruairidh/model_results/pyramidnet_basic_110_270
[2018/09/23 16:03:24 __main__ INFO] - Train 293
[2018/09/23 16:03:25 __main__ INFO] - Epoch 293 Step 0/390 Loss 0.0002 (0.0002) Accuracy 1.0000 (1.0000)
[2018/09/23 16:04:08 __main__ INFO] - Epoch 293 Step 100/390 Loss 0.0002 (0.0004) Accuracy 1.0000 (1.0000)
[2018/09/23 16:04:51 __main__ INFO] - Epoch 293 Step 200/390 Loss 0.0004 (0.0004) Accuracy 1.0000 (1.0000)
[2018/09/23 16:05:34 __main__ INFO] - Epoch 293 Step 300/390 Loss 0.0004 (0.0004) Accuracy 1.0000 (1.0000)
[2018/09/23 16:06:12 __main__ INFO] - Elapsed 168.04
[2018/09/23 16:06:12 __main__ INFO] - Test 293
[2018/09/23 16:06:23 __main__ INFO] - Epoch 293 Loss 0.1831 Accuracy 0.9597
[2018/09/23 16:06:23 __main__ INFO] - Elapsed 10.71
outdir 2:  /tigress/ruairidh/model_results/pyramidnet_basic_110_270
[2018/09/23 16:06:23 __main__ INFO] - Train 294
[2018/09/23 16:06:24 __main__ INFO] - Epoch 294 Step 0/390 Loss 0.0004 (0.0004) Accuracy 1.0000 (1.0000)
[2018/09/23 16:07:07 __main__ INFO] - Epoch 294 Step 100/390 Loss 0.0002 (0.0004) Accuracy 1.0000 (1.0000)
[2018/09/23 16:07:50 __main__ INFO] - Epoch 294 Step 200/390 Loss 0.0004 (0.0004) Accuracy 1.0000 (1.0000)
[2018/09/23 16:08:33 __main__ INFO] - Epoch 294 Step 300/390 Loss 0.0003 (0.0004) Accuracy 1.0000 (1.0000)
[2018/09/23 16:09:11 __main__ INFO] - Elapsed 167.97
[2018/09/23 16:09:11 __main__ INFO] - Test 294
[2018/09/23 16:09:22 __main__ INFO] - Epoch 294 Loss 0.1829 Accuracy 0.9596
[2018/09/23 16:09:22 __main__ INFO] - Elapsed 10.52
outdir 2:  /tigress/ruairidh/model_results/pyramidnet_basic_110_270
[2018/09/23 16:09:23 __main__ INFO] - Train 295
[2018/09/23 16:09:24 __main__ INFO] - Epoch 295 Step 0/390 Loss 0.0002 (0.0002) Accuracy 1.0000 (1.0000)
[2018/09/23 16:10:07 __main__ INFO] - Epoch 295 Step 100/390 Loss 0.0002 (0.0003) Accuracy 1.0000 (1.0000)
[2018/09/23 16:10:50 __main__ INFO] - Epoch 295 Step 200/390 Loss 0.0006 (0.0004) Accuracy 1.0000 (1.0000)
[2018/09/23 16:11:33 __main__ INFO] - Epoch 295 Step 300/390 Loss 0.0004 (0.0004) Accuracy 1.0000 (1.0000)
[2018/09/23 16:12:11 __main__ INFO] - Elapsed 168.04
[2018/09/23 16:12:11 __main__ INFO] - Test 295
[2018/09/23 16:12:21 __main__ INFO] - Epoch 295 Loss 0.1827 Accuracy 0.9593
[2018/09/23 16:12:21 __main__ INFO] - Elapsed 10.57
outdir 2:  /tigress/ruairidh/model_results/pyramidnet_basic_110_270
[2018/09/23 16:12:22 __main__ INFO] - Train 296
[2018/09/23 16:12:23 __main__ INFO] - Epoch 296 Step 0/390 Loss 0.0003 (0.0003) Accuracy 1.0000 (1.0000)
[2018/09/23 16:13:06 __main__ INFO] - Epoch 296 Step 100/390 Loss 0.0003 (0.0004) Accuracy 1.0000 (1.0000)
[2018/09/23 16:13:49 __main__ INFO] - Epoch 296 Step 200/390 Loss 0.0003 (0.0004) Accuracy 1.0000 (1.0000)
[2018/09/23 16:14:32 __main__ INFO] - Epoch 296 Step 300/390 Loss 0.0004 (0.0004) Accuracy 1.0000 (1.0000)
[2018/09/23 16:15:10 __main__ INFO] - Elapsed 167.86
[2018/09/23 16:15:10 __main__ INFO] - Test 296
[2018/09/23 16:15:21 __main__ INFO] - Epoch 296 Loss 0.1840 Accuracy 0.9592
[2018/09/23 16:15:21 __main__ INFO] - Elapsed 10.61
outdir 2:  /tigress/ruairidh/model_results/pyramidnet_basic_110_270
[2018/09/23 16:15:22 __main__ INFO] - Train 297
[2018/09/23 16:15:22 __main__ INFO] - Epoch 297 Step 0/390 Loss 0.0003 (0.0003) Accuracy 1.0000 (1.0000)
[2018/09/23 16:16:05 __main__ INFO] - Epoch 297 Step 100/390 Loss 0.0005 (0.0004) Accuracy 1.0000 (1.0000)
[2018/09/23 16:16:48 __main__ INFO] - Epoch 297 Step 200/390 Loss 0.0003 (0.0004) Accuracy 1.0000 (1.0000)
[2018/09/23 16:17:31 __main__ INFO] - Epoch 297 Step 300/390 Loss 0.0004 (0.0004) Accuracy 1.0000 (1.0000)
[2018/09/23 16:18:09 __main__ INFO] - Elapsed 167.77
[2018/09/23 16:18:09 __main__ INFO] - Test 297
[2018/09/23 16:18:20 __main__ INFO] - Epoch 297 Loss 0.1827 Accuracy 0.9597
[2018/09/23 16:18:20 __main__ INFO] - Elapsed 10.63
outdir 2:  /tigress/ruairidh/model_results/pyramidnet_basic_110_270
[2018/09/23 16:18:21 __main__ INFO] - Train 298
[2018/09/23 16:18:22 __main__ INFO] - Epoch 298 Step 0/390 Loss 0.0004 (0.0004) Accuracy 1.0000 (1.0000)
[2018/09/23 16:19:05 __main__ INFO] - Epoch 298 Step 100/390 Loss 0.0005 (0.0004) Accuracy 1.0000 (1.0000)
[2018/09/23 16:19:48 __main__ INFO] - Epoch 298 Step 200/390 Loss 0.0003 (0.0004) Accuracy 1.0000 (1.0000)
[2018/09/23 16:20:31 __main__ INFO] - Epoch 298 Step 300/390 Loss 0.0004 (0.0004) Accuracy 1.0000 (1.0000)
[2018/09/23 16:21:09 __main__ INFO] - Elapsed 167.67
[2018/09/23 16:21:09 __main__ INFO] - Test 298
[2018/09/23 16:21:19 __main__ INFO] - Epoch 298 Loss 0.1837 Accuracy 0.9590
[2018/09/23 16:21:19 __main__ INFO] - Elapsed 10.56
outdir 2:  /tigress/ruairidh/model_results/pyramidnet_basic_110_270
[2018/09/23 16:21:20 __main__ INFO] - Train 299
[2018/09/23 16:21:21 __main__ INFO] - Epoch 299 Step 0/390 Loss 0.0003 (0.0003) Accuracy 1.0000 (1.0000)
[2018/09/23 16:22:04 __main__ INFO] - Epoch 299 Step 100/390 Loss 0.0002 (0.0004) Accuracy 1.0000 (1.0000)
[2018/09/23 16:22:47 __main__ INFO] - Epoch 299 Step 200/390 Loss 0.0005 (0.0004) Accuracy 1.0000 (1.0000)
[2018/09/23 16:23:30 __main__ INFO] - Epoch 299 Step 300/390 Loss 0.0004 (0.0004) Accuracy 1.0000 (1.0000)
[2018/09/23 16:24:08 __main__ INFO] - Elapsed 168.01
[2018/09/23 16:24:08 __main__ INFO] - Test 299
[2018/09/23 16:24:19 __main__ INFO] - Epoch 299 Loss 0.1836 Accuracy 0.9598
[2018/09/23 16:24:19 __main__ INFO] - Elapsed 10.55
outdir 2:  /tigress/ruairidh/model_results/pyramidnet_basic_110_270
[2018/09/23 16:24:19 __main__ INFO] - Train 300
[2018/09/23 16:24:20 __main__ INFO] - Epoch 300 Step 0/390 Loss 0.0002 (0.0002) Accuracy 1.0000 (1.0000)
[2018/09/23 16:25:03 __main__ INFO] - Epoch 300 Step 100/390 Loss 0.0006 (0.0004) Accuracy 1.0000 (1.0000)
[2018/09/23 16:25:46 __main__ INFO] - Epoch 300 Step 200/390 Loss 0.0003 (0.0004) Accuracy 1.0000 (1.0000)
[2018/09/23 16:26:29 __main__ INFO] - Epoch 300 Step 300/390 Loss 0.0003 (0.0004) Accuracy 1.0000 (1.0000)
[2018/09/23 16:27:07 __main__ INFO] - Elapsed 167.80
[2018/09/23 16:27:07 __main__ INFO] - Test 300
[2018/09/23 16:27:18 __main__ INFO] - Epoch 300 Loss 0.1838 Accuracy 0.9598
[2018/09/23 16:27:18 __main__ INFO] - Elapsed 10.62
outdir 2:  /tigress/ruairidh/model_results/pyramidnet_basic_110_270
done
