/tigress/ruairidh/model_results
--arch=resnet_preact --depth 164 --block_type bottleneck
resnet_preact_bottleneck_164.out
entering python script
[2018/09/21 23:12:55 __main__ INFO] - {
  "model_config": {
    "arch": "resnet_preact",
    "input_shape": [
      1,
      3,
      32,
      32
    ],
    "n_classes": 10,
    "base_channels": 16,
    "block_type": "bottleneck",
    "depth": 164,
    "remove_first_relu": false,
    "add_last_bn": false,
    "preact_stage": [
      true,
      true,
      true
    ]
  },
  "optim_config": {
    "epochs": 160,
    "batch_size": 128,
    "optimizer": "sgd",
    "base_lr": 0.1,
    "weight_decay": 0.0001,
    "momentum": 0.9,
    "nesterov": true,
    "scheduler": "multistep",
    "milestones": [
      80,
      120
    ],
    "lr_decay": 0.1
  },
  "data_config": {
    "dataset": "CIFAR10",
    "n_classes": 10,
    "num_workers": 7,
    "batch_size": 128,
    "use_cutout": false,
    "use_random_erasing": false,
    "use_mixup": false,
    "use_gpu": true
  },
  "run_config": {
    "outdir": "/tigress/ruairidh/model_results/resnet_preact_bottleneck_164",
    "seed": 7,
    "test_first": true,
    "gpu": "0",
    "tensorboard": false,
    "tensorboard_train_images": false,
    "tensorboard_test_images": false,
    "tensorboard_model_params": false,
    "use_gpu": true
  },
  "env_info": {
    "pytorch_version": "0.4.1",
    "cuda_version": "9.2.148",
    "cudnn_version": 7104,
    "gpu0": {
      "name": "Tesla P100-PCIE-16GB",
      "capability": "6.0"
    }
  }
}
outdir:  /tigress/ruairidh/model_results/resnet_preact_bottleneck_164
Files already downloaded and verified
Files already downloaded and verified
[2018/09/21 23:12:57 __main__ INFO] - Loading model...
[2018/09/21 23:12:57 __main__ INFO] - n_params: 1619290
[2018/09/21 23:12:59 __main__ INFO] - Done
/home/ruairidh/miniconda3/envs/pytorch_env/lib/python3.7/site-packages/torch/nn/functional.py:52: UserWarning: size_average and reduce args will be deprecated, please use reduction='elementwise_mean' instead.
  warnings.warn(warning.format(ret))
[2018/09/21 23:12:59 __main__ INFO] - Test 0
[2018/09/21 23:13:03 __main__ INFO] - Epoch 0 Loss 14774171.0224 Accuracy 0.1000
[2018/09/21 23:13:03 __main__ INFO] - Elapsed 3.59
[2018/09/21 23:13:03 __main__ INFO] - Train 1
[2018/09/21 23:13:04 __main__ INFO] - Epoch 1 Step 0/390 Loss 2.3321 (2.3321) Accuracy 0.0703 (0.0703)
[2018/09/21 23:13:18 __main__ INFO] - Epoch 1 Step 100/390 Loss 1.7526 (2.0651) Accuracy 0.3438 (0.2196)
[2018/09/21 23:13:32 __main__ INFO] - Epoch 1 Step 200/390 Loss 1.6593 (1.9139) Accuracy 0.3750 (0.2777)
[2018/09/21 23:13:46 __main__ INFO] - Epoch 1 Step 300/390 Loss 1.4982 (1.8086) Accuracy 0.4453 (0.3202)
[2018/09/21 23:13:58 __main__ INFO] - Elapsed 55.23
[2018/09/21 23:13:58 __main__ INFO] - Test 1
[2018/09/21 23:14:01 __main__ INFO] - Epoch 1 Loss 1.7350 Accuracy 0.4349
[2018/09/21 23:14:02 __main__ INFO] - Elapsed 3.61
outdir 2:  /tigress/ruairidh/model_results/resnet_preact_bottleneck_164
[2018/09/21 23:14:02 __main__ INFO] - Train 2
[2018/09/21 23:14:02 __main__ INFO] - Epoch 2 Step 0/390 Loss 1.5194 (1.5194) Accuracy 0.4844 (0.4844)
[2018/09/21 23:14:16 __main__ INFO] - Epoch 2 Step 100/390 Loss 1.1741 (1.3533) Accuracy 0.5625 (0.5101)
[2018/09/21 23:14:30 __main__ INFO] - Epoch 2 Step 200/390 Loss 1.2003 (1.3062) Accuracy 0.5859 (0.5297)
[2018/09/21 23:14:44 __main__ INFO] - Epoch 2 Step 300/390 Loss 1.2270 (1.2611) Accuracy 0.5469 (0.5477)
[2018/09/21 23:14:57 __main__ INFO] - Elapsed 54.91
[2018/09/21 23:14:57 __main__ INFO] - Test 2
[2018/09/21 23:15:00 __main__ INFO] - Epoch 2 Loss 1.0966 Accuracy 0.6093
[2018/09/21 23:15:00 __main__ INFO] - Elapsed 3.60
outdir 2:  /tigress/ruairidh/model_results/resnet_preact_bottleneck_164
[2018/09/21 23:15:01 __main__ INFO] - Train 3
[2018/09/21 23:15:01 __main__ INFO] - Epoch 3 Step 0/390 Loss 0.9215 (0.9215) Accuracy 0.6406 (0.6406)
[2018/09/21 23:15:15 __main__ INFO] - Epoch 3 Step 100/390 Loss 0.9879 (0.9860) Accuracy 0.6016 (0.6500)
[2018/09/21 23:15:30 __main__ INFO] - Epoch 3 Step 200/390 Loss 0.8162 (0.9516) Accuracy 0.7344 (0.6634)
[2018/09/21 23:15:44 __main__ INFO] - Epoch 3 Step 300/390 Loss 0.6249 (0.9253) Accuracy 0.7656 (0.6722)
[2018/09/21 23:15:56 __main__ INFO] - Elapsed 55.64
[2018/09/21 23:15:56 __main__ INFO] - Test 3
[2018/09/21 23:16:00 __main__ INFO] - Epoch 3 Loss 0.9849 Accuracy 0.6746
[2018/09/21 23:16:00 __main__ INFO] - Elapsed 3.67
outdir 2:  /tigress/ruairidh/model_results/resnet_preact_bottleneck_164
[2018/09/21 23:16:00 __main__ INFO] - Train 4
[2018/09/21 23:16:01 __main__ INFO] - Epoch 4 Step 0/390 Loss 0.8925 (0.8925) Accuracy 0.7031 (0.7031)
[2018/09/21 23:16:15 __main__ INFO] - Epoch 4 Step 100/390 Loss 0.6496 (0.7688) Accuracy 0.7578 (0.7263)
[2018/09/21 23:16:29 __main__ INFO] - Epoch 4 Step 200/390 Loss 0.7063 (0.7481) Accuracy 0.7812 (0.7366)
[2018/09/21 23:16:43 __main__ INFO] - Epoch 4 Step 300/390 Loss 0.7856 (0.7396) Accuracy 0.7109 (0.7410)
[2018/09/21 23:16:56 __main__ INFO] - Elapsed 55.61
[2018/09/21 23:16:56 __main__ INFO] - Test 4
[2018/09/21 23:16:59 __main__ INFO] - Epoch 4 Loss 0.6826 Accuracy 0.7648
[2018/09/21 23:16:59 __main__ INFO] - Elapsed 3.69
outdir 2:  /tigress/ruairidh/model_results/resnet_preact_bottleneck_164
[2018/09/21 23:17:00 __main__ INFO] - Train 5
[2018/09/21 23:17:00 __main__ INFO] - Epoch 5 Step 0/390 Loss 0.7941 (0.7941) Accuracy 0.7344 (0.7344)
[2018/09/21 23:17:14 __main__ INFO] - Epoch 5 Step 100/390 Loss 0.6364 (0.6416) Accuracy 0.7734 (0.7792)
[2018/09/21 23:17:29 __main__ INFO] - Epoch 5 Step 200/390 Loss 0.6679 (0.6420) Accuracy 0.7344 (0.7779)
[2018/09/21 23:17:43 __main__ INFO] - Epoch 5 Step 300/390 Loss 0.7899 (0.6347) Accuracy 0.7344 (0.7808)
[2018/09/21 23:17:55 __main__ INFO] - Elapsed 55.56
[2018/09/21 23:17:55 __main__ INFO] - Test 5
[2018/09/21 23:17:59 __main__ INFO] - Epoch 5 Loss 0.6952 Accuracy 0.7698
[2018/09/21 23:17:59 __main__ INFO] - Elapsed 3.78
outdir 2:  /tigress/ruairidh/model_results/resnet_preact_bottleneck_164
[2018/09/21 23:17:59 __main__ INFO] - Train 6
[2018/09/21 23:18:00 __main__ INFO] - Epoch 6 Step 0/390 Loss 0.4433 (0.4433) Accuracy 0.8516 (0.8516)
[2018/09/21 23:18:14 __main__ INFO] - Epoch 6 Step 100/390 Loss 0.4797 (0.5794) Accuracy 0.8516 (0.8004)
[2018/09/21 23:18:28 __main__ INFO] - Epoch 6 Step 200/390 Loss 0.6487 (0.5753) Accuracy 0.7891 (0.8007)
[2018/09/21 23:18:42 __main__ INFO] - Epoch 6 Step 300/390 Loss 0.5080 (0.5717) Accuracy 0.7812 (0.8011)
[2018/09/21 23:18:55 __main__ INFO] - Elapsed 55.59
[2018/09/21 23:18:55 __main__ INFO] - Test 6
[2018/09/21 23:18:58 __main__ INFO] - Epoch 6 Loss 0.6696 Accuracy 0.7755
[2018/09/21 23:18:58 __main__ INFO] - Elapsed 3.65
outdir 2:  /tigress/ruairidh/model_results/resnet_preact_bottleneck_164
[2018/09/21 23:18:58 __main__ INFO] - Train 7
[2018/09/21 23:18:59 __main__ INFO] - Epoch 7 Step 0/390 Loss 0.5225 (0.5225) Accuracy 0.7578 (0.7578)
[2018/09/21 23:19:13 __main__ INFO] - Epoch 7 Step 100/390 Loss 0.4398 (0.5089) Accuracy 0.8672 (0.8228)
[2018/09/21 23:19:28 __main__ INFO] - Epoch 7 Step 200/390 Loss 0.5097 (0.5168) Accuracy 0.8438 (0.8197)
[2018/09/21 23:19:42 __main__ INFO] - Epoch 7 Step 300/390 Loss 0.5545 (0.5147) Accuracy 0.8203 (0.8209)
[2018/09/21 23:19:54 __main__ INFO] - Elapsed 55.65
[2018/09/21 23:19:54 __main__ INFO] - Test 7
[2018/09/21 23:19:58 __main__ INFO] - Epoch 7 Loss 0.5669 Accuracy 0.8008
[2018/09/21 23:19:58 __main__ INFO] - Elapsed 3.72
outdir 2:  /tigress/ruairidh/model_results/resnet_preact_bottleneck_164
[2018/09/21 23:19:58 __main__ INFO] - Train 8
[2018/09/21 23:19:59 __main__ INFO] - Epoch 8 Step 0/390 Loss 0.4495 (0.4495) Accuracy 0.8672 (0.8672)
[2018/09/21 23:20:13 __main__ INFO] - Epoch 8 Step 100/390 Loss 0.3944 (0.4789) Accuracy 0.8750 (0.8332)
[2018/09/21 23:20:27 __main__ INFO] - Epoch 8 Step 200/390 Loss 0.4122 (0.4788) Accuracy 0.8672 (0.8326)
[2018/09/21 23:20:41 __main__ INFO] - Epoch 8 Step 300/390 Loss 0.3561 (0.4764) Accuracy 0.8750 (0.8340)
[2018/09/21 23:20:54 __main__ INFO] - Elapsed 55.63
[2018/09/21 23:20:54 __main__ INFO] - Test 8
[2018/09/21 23:20:57 __main__ INFO] - Epoch 8 Loss 0.6754 Accuracy 0.7818
[2018/09/21 23:20:57 __main__ INFO] - Elapsed 3.77
outdir 2:  /tigress/ruairidh/model_results/resnet_preact_bottleneck_164
[2018/09/21 23:20:58 __main__ INFO] - Train 9
[2018/09/21 23:20:58 __main__ INFO] - Epoch 9 Step 0/390 Loss 0.5129 (0.5129) Accuracy 0.8438 (0.8438)
[2018/09/21 23:21:13 __main__ INFO] - Epoch 9 Step 100/390 Loss 0.4686 (0.4527) Accuracy 0.8438 (0.8405)
[2018/09/21 23:21:27 __main__ INFO] - Epoch 9 Step 200/390 Loss 0.4441 (0.4501) Accuracy 0.8594 (0.8432)
[2018/09/21 23:21:41 __main__ INFO] - Epoch 9 Step 300/390 Loss 0.5436 (0.4507) Accuracy 0.8203 (0.8429)
[2018/09/21 23:21:54 __main__ INFO] - Elapsed 55.89
[2018/09/21 23:21:54 __main__ INFO] - Test 9
[2018/09/21 23:21:57 __main__ INFO] - Epoch 9 Loss 0.5294 Accuracy 0.8189
[2018/09/21 23:21:57 __main__ INFO] - Elapsed 3.77
outdir 2:  /tigress/ruairidh/model_results/resnet_preact_bottleneck_164
[2018/09/21 23:21:57 __main__ INFO] - Train 10
[2018/09/21 23:21:58 __main__ INFO] - Epoch 10 Step 0/390 Loss 0.4656 (0.4656) Accuracy 0.8438 (0.8438)
[2018/09/21 23:22:12 __main__ INFO] - Epoch 10 Step 100/390 Loss 0.4214 (0.4217) Accuracy 0.8828 (0.8554)
[2018/09/21 23:22:27 __main__ INFO] - Epoch 10 Step 200/390 Loss 0.3284 (0.4218) Accuracy 0.9141 (0.8544)
[2018/09/21 23:22:41 __main__ INFO] - Epoch 10 Step 300/390 Loss 0.2910 (0.4190) Accuracy 0.8672 (0.8559)
[2018/09/21 23:22:53 __main__ INFO] - Elapsed 55.82
[2018/09/21 23:22:53 __main__ INFO] - Test 10
[2018/09/21 23:22:57 __main__ INFO] - Epoch 10 Loss 0.5933 Accuracy 0.8033
[2018/09/21 23:22:57 __main__ INFO] - Elapsed 3.64
outdir 2:  /tigress/ruairidh/model_results/resnet_preact_bottleneck_164
[2018/09/21 23:22:57 __main__ INFO] - Train 11
[2018/09/21 23:22:58 __main__ INFO] - Epoch 11 Step 0/390 Loss 0.4550 (0.4550) Accuracy 0.8516 (0.8516)
[2018/09/21 23:23:12 __main__ INFO] - Epoch 11 Step 100/390 Loss 0.4095 (0.3812) Accuracy 0.8516 (0.8652)
[2018/09/21 23:23:26 __main__ INFO] - Epoch 11 Step 200/390 Loss 0.5454 (0.3886) Accuracy 0.8047 (0.8628)
[2018/09/21 23:23:40 __main__ INFO] - Epoch 11 Step 300/390 Loss 0.3705 (0.3942) Accuracy 0.8828 (0.8617)
[2018/09/21 23:23:53 __main__ INFO] - Elapsed 55.44
[2018/09/21 23:23:53 __main__ INFO] - Test 11
[2018/09/21 23:23:56 __main__ INFO] - Epoch 11 Loss 0.4447 Accuracy 0.8455
[2018/09/21 23:23:56 __main__ INFO] - Elapsed 3.59
outdir 2:  /tigress/ruairidh/model_results/resnet_preact_bottleneck_164
[2018/09/21 23:23:56 __main__ INFO] - Train 12
[2018/09/21 23:23:57 __main__ INFO] - Epoch 12 Step 0/390 Loss 0.3257 (0.3257) Accuracy 0.8750 (0.8750)
[2018/09/21 23:24:11 __main__ INFO] - Epoch 12 Step 100/390 Loss 0.4053 (0.3609) Accuracy 0.8672 (0.8739)
[2018/09/21 23:24:25 __main__ INFO] - Epoch 12 Step 200/390 Loss 0.3756 (0.3718) Accuracy 0.8750 (0.8708)
[2018/09/21 23:24:40 __main__ INFO] - Epoch 12 Step 300/390 Loss 0.4064 (0.3756) Accuracy 0.8438 (0.8698)
[2018/09/21 23:24:52 __main__ INFO] - Elapsed 55.63
[2018/09/21 23:24:52 __main__ INFO] - Test 12
[2018/09/21 23:24:56 __main__ INFO] - Epoch 12 Loss 0.4624 Accuracy 0.8396
[2018/09/21 23:24:56 __main__ INFO] - Elapsed 3.68
outdir 2:  /tigress/ruairidh/model_results/resnet_preact_bottleneck_164
[2018/09/21 23:24:56 __main__ INFO] - Train 13
[2018/09/21 23:24:57 __main__ INFO] - Epoch 13 Step 0/390 Loss 0.3260 (0.3260) Accuracy 0.8984 (0.8984)
[2018/09/21 23:25:11 __main__ INFO] - Epoch 13 Step 100/390 Loss 0.3058 (0.3560) Accuracy 0.8750 (0.8772)
[2018/09/21 23:25:25 __main__ INFO] - Epoch 13 Step 200/390 Loss 0.3670 (0.3545) Accuracy 0.8672 (0.8778)
[2018/09/21 23:25:39 __main__ INFO] - Epoch 13 Step 300/390 Loss 0.4699 (0.3542) Accuracy 0.8125 (0.8775)
[2018/09/21 23:25:52 __main__ INFO] - Elapsed 55.62
[2018/09/21 23:25:52 __main__ INFO] - Test 13
[2018/09/21 23:25:55 __main__ INFO] - Epoch 13 Loss 0.5342 Accuracy 0.8201
[2018/09/21 23:25:55 __main__ INFO] - Elapsed 3.69
outdir 2:  /tigress/ruairidh/model_results/resnet_preact_bottleneck_164
[2018/09/21 23:25:55 __main__ INFO] - Train 14
[2018/09/21 23:25:56 __main__ INFO] - Epoch 14 Step 0/390 Loss 0.3509 (0.3509) Accuracy 0.8516 (0.8516)
[2018/09/21 23:26:10 __main__ INFO] - Epoch 14 Step 100/390 Loss 0.4551 (0.3471) Accuracy 0.8516 (0.8788)
[2018/09/21 23:26:25 __main__ INFO] - Epoch 14 Step 200/390 Loss 0.3073 (0.3420) Accuracy 0.8672 (0.8804)
[2018/09/21 23:26:39 __main__ INFO] - Epoch 14 Step 300/390 Loss 0.3970 (0.3444) Accuracy 0.8438 (0.8803)
[2018/09/21 23:26:51 __main__ INFO] - Elapsed 55.69
[2018/09/21 23:26:51 __main__ INFO] - Test 14
[2018/09/21 23:26:55 __main__ INFO] - Epoch 14 Loss 0.6181 Accuracy 0.8046
[2018/09/21 23:26:55 __main__ INFO] - Elapsed 3.63
outdir 2:  /tigress/ruairidh/model_results/resnet_preact_bottleneck_164
[2018/09/21 23:26:55 __main__ INFO] - Train 15
[2018/09/21 23:26:56 __main__ INFO] - Epoch 15 Step 0/390 Loss 0.4473 (0.4473) Accuracy 0.8203 (0.8203)
[2018/09/21 23:27:10 __main__ INFO] - Epoch 15 Step 100/390 Loss 0.2754 (0.3105) Accuracy 0.9141 (0.8921)
[2018/09/21 23:27:24 __main__ INFO] - Epoch 15 Step 200/390 Loss 0.2707 (0.3213) Accuracy 0.9219 (0.8897)
[2018/09/21 23:27:38 __main__ INFO] - Epoch 15 Step 300/390 Loss 0.4326 (0.3282) Accuracy 0.8516 (0.8863)
[2018/09/21 23:27:51 __main__ INFO] - Elapsed 55.76
[2018/09/21 23:27:51 __main__ INFO] - Test 15
[2018/09/21 23:27:54 __main__ INFO] - Epoch 15 Loss 0.4558 Accuracy 0.8481
[2018/09/21 23:27:55 __main__ INFO] - Elapsed 3.66
outdir 2:  /tigress/ruairidh/model_results/resnet_preact_bottleneck_164
[2018/09/21 23:27:55 __main__ INFO] - Train 16
[2018/09/21 23:27:55 __main__ INFO] - Epoch 16 Step 0/390 Loss 0.2162 (0.2162) Accuracy 0.9219 (0.9219)
[2018/09/21 23:28:10 __main__ INFO] - Epoch 16 Step 100/390 Loss 0.2651 (0.3029) Accuracy 0.8984 (0.8959)
[2018/09/21 23:28:24 __main__ INFO] - Epoch 16 Step 200/390 Loss 0.4421 (0.3085) Accuracy 0.8516 (0.8924)
[2018/09/21 23:28:38 __main__ INFO] - Epoch 16 Step 300/390 Loss 0.3656 (0.3131) Accuracy 0.8516 (0.8898)
[2018/09/21 23:28:50 __main__ INFO] - Elapsed 55.59
[2018/09/21 23:28:50 __main__ INFO] - Test 16
[2018/09/21 23:28:54 __main__ INFO] - Epoch 16 Loss 0.5512 Accuracy 0.8304
[2018/09/21 23:28:54 __main__ INFO] - Elapsed 3.73
outdir 2:  /tigress/ruairidh/model_results/resnet_preact_bottleneck_164
[2018/09/21 23:28:54 __main__ INFO] - Train 17
[2018/09/21 23:28:55 __main__ INFO] - Epoch 17 Step 0/390 Loss 0.3328 (0.3328) Accuracy 0.8750 (0.8750)
[2018/09/21 23:29:09 __main__ INFO] - Epoch 17 Step 100/390 Loss 0.3485 (0.2975) Accuracy 0.8594 (0.8944)
[2018/09/21 23:29:23 __main__ INFO] - Epoch 17 Step 200/390 Loss 0.4942 (0.3041) Accuracy 0.8359 (0.8927)
[2018/09/21 23:29:38 __main__ INFO] - Epoch 17 Step 300/390 Loss 0.2191 (0.3069) Accuracy 0.9141 (0.8919)
[2018/09/21 23:29:50 __main__ INFO] - Elapsed 55.80
[2018/09/21 23:29:50 __main__ INFO] - Test 17
[2018/09/21 23:29:54 __main__ INFO] - Epoch 17 Loss 0.4318 Accuracy 0.8564
[2018/09/21 23:29:54 __main__ INFO] - Elapsed 3.81
outdir 2:  /tigress/ruairidh/model_results/resnet_preact_bottleneck_164
[2018/09/21 23:29:54 __main__ INFO] - Train 18
[2018/09/21 23:29:55 __main__ INFO] - Epoch 18 Step 0/390 Loss 0.2719 (0.2719) Accuracy 0.9062 (0.9062)
[2018/09/21 23:30:09 __main__ INFO] - Epoch 18 Step 100/390 Loss 0.3278 (0.2948) Accuracy 0.9062 (0.8939)
[2018/09/21 23:30:23 __main__ INFO] - Epoch 18 Step 200/390 Loss 0.2542 (0.2960) Accuracy 0.9141 (0.8947)
[2018/09/21 23:30:37 __main__ INFO] - Epoch 18 Step 300/390 Loss 0.3180 (0.3000) Accuracy 0.8984 (0.8950)
[2018/09/21 23:30:50 __main__ INFO] - Elapsed 55.72
[2018/09/21 23:30:50 __main__ INFO] - Test 18
[2018/09/21 23:30:53 __main__ INFO] - Epoch 18 Loss 0.4521 Accuracy 0.8558
[2018/09/21 23:30:53 __main__ INFO] - Elapsed 3.63
outdir 2:  /tigress/ruairidh/model_results/resnet_preact_bottleneck_164
[2018/09/21 23:30:54 __main__ INFO] - Train 19
[2018/09/21 23:30:54 __main__ INFO] - Epoch 19 Step 0/390 Loss 0.2955 (0.2955) Accuracy 0.9297 (0.9297)
[2018/09/21 23:31:09 __main__ INFO] - Epoch 19 Step 100/390 Loss 0.2836 (0.2788) Accuracy 0.8906 (0.9056)
[2018/09/21 23:31:23 __main__ INFO] - Epoch 19 Step 200/390 Loss 0.3130 (0.2848) Accuracy 0.9375 (0.9028)
[2018/09/21 23:31:37 __main__ INFO] - Epoch 19 Step 300/390 Loss 0.2863 (0.2889) Accuracy 0.8984 (0.8997)
[2018/09/21 23:31:49 __main__ INFO] - Elapsed 55.86
[2018/09/21 23:31:50 __main__ INFO] - Test 19
[2018/09/21 23:31:53 __main__ INFO] - Epoch 19 Loss 0.4731 Accuracy 0.8478
[2018/09/21 23:31:53 __main__ INFO] - Elapsed 3.57
outdir 2:  /tigress/ruairidh/model_results/resnet_preact_bottleneck_164
[2018/09/21 23:31:53 __main__ INFO] - Train 20
[2018/09/21 23:31:54 __main__ INFO] - Epoch 20 Step 0/390 Loss 0.2630 (0.2630) Accuracy 0.9219 (0.9219)
[2018/09/21 23:32:08 __main__ INFO] - Epoch 20 Step 100/390 Loss 0.3174 (0.2770) Accuracy 0.8906 (0.9053)
[2018/09/21 23:32:22 __main__ INFO] - Epoch 20 Step 200/390 Loss 0.3764 (0.2840) Accuracy 0.8594 (0.9031)
[2018/09/21 23:32:37 __main__ INFO] - Epoch 20 Step 300/390 Loss 0.2355 (0.2875) Accuracy 0.9062 (0.9000)
[2018/09/21 23:32:49 __main__ INFO] - Elapsed 55.60
[2018/09/21 23:32:49 __main__ INFO] - Test 20
[2018/09/21 23:32:53 __main__ INFO] - Epoch 20 Loss 0.5124 Accuracy 0.8393
[2018/09/21 23:32:53 __main__ INFO] - Elapsed 3.72
outdir 2:  /tigress/ruairidh/model_results/resnet_preact_bottleneck_164
[2018/09/21 23:32:53 __main__ INFO] - Train 21
[2018/09/21 23:32:53 __main__ INFO] - Epoch 21 Step 0/390 Loss 0.3095 (0.3095) Accuracy 0.9141 (0.9141)
[2018/09/21 23:33:08 __main__ INFO] - Epoch 21 Step 100/390 Loss 0.3078 (0.2690) Accuracy 0.8906 (0.9049)
[2018/09/21 23:33:22 __main__ INFO] - Epoch 21 Step 200/390 Loss 0.2348 (0.2745) Accuracy 0.9141 (0.9034)
[2018/09/21 23:33:36 __main__ INFO] - Epoch 21 Step 300/390 Loss 0.3412 (0.2824) Accuracy 0.8750 (0.9023)
[2018/09/21 23:33:48 __main__ INFO] - Elapsed 55.51
[2018/09/21 23:33:48 __main__ INFO] - Test 21
[2018/09/21 23:33:52 __main__ INFO] - Epoch 21 Loss 0.5308 Accuracy 0.8354
[2018/09/21 23:33:52 __main__ INFO] - Elapsed 3.64
outdir 2:  /tigress/ruairidh/model_results/resnet_preact_bottleneck_164
[2018/09/21 23:33:52 __main__ INFO] - Train 22
[2018/09/21 23:33:53 __main__ INFO] - Epoch 22 Step 0/390 Loss 0.2729 (0.2729) Accuracy 0.8984 (0.8984)
[2018/09/21 23:34:07 __main__ INFO] - Epoch 22 Step 100/390 Loss 0.2900 (0.2705) Accuracy 0.8906 (0.9055)
[2018/09/21 23:34:21 __main__ INFO] - Epoch 22 Step 200/390 Loss 0.1523 (0.2725) Accuracy 0.9297 (0.9041)
[2018/09/21 23:34:35 __main__ INFO] - Epoch 22 Step 300/390 Loss 0.1867 (0.2741) Accuracy 0.9375 (0.9036)
[2018/09/21 23:34:48 __main__ INFO] - Elapsed 55.53
[2018/09/21 23:34:48 __main__ INFO] - Test 22
[2018/09/21 23:34:51 __main__ INFO] - Epoch 22 Loss 0.4759 Accuracy 0.8479
[2018/09/21 23:34:51 __main__ INFO] - Elapsed 3.65
outdir 2:  /tigress/ruairidh/model_results/resnet_preact_bottleneck_164
[2018/09/21 23:34:52 __main__ INFO] - Train 23
[2018/09/21 23:34:52 __main__ INFO] - Epoch 23 Step 0/390 Loss 0.2439 (0.2439) Accuracy 0.9141 (0.9141)
[2018/09/21 23:35:06 __main__ INFO] - Epoch 23 Step 100/390 Loss 0.2539 (0.2530) Accuracy 0.9062 (0.9102)
[2018/09/21 23:35:21 __main__ INFO] - Epoch 23 Step 200/390 Loss 0.2425 (0.2622) Accuracy 0.8984 (0.9076)
[2018/09/21 23:35:35 __main__ INFO] - Epoch 23 Step 300/390 Loss 0.1850 (0.2659) Accuracy 0.9297 (0.9065)
[2018/09/21 23:35:47 __main__ INFO] - Elapsed 55.54
[2018/09/21 23:35:47 __main__ INFO] - Test 23
[2018/09/21 23:35:51 __main__ INFO] - Epoch 23 Loss 0.4370 Accuracy 0.8541
[2018/09/21 23:35:51 __main__ INFO] - Elapsed 3.69
outdir 2:  /tigress/ruairidh/model_results/resnet_preact_bottleneck_164
[2018/09/21 23:35:51 __main__ INFO] - Train 24
[2018/09/21 23:35:52 __main__ INFO] - Epoch 24 Step 0/390 Loss 0.2112 (0.2112) Accuracy 0.9141 (0.9141)
[2018/09/21 23:36:06 __main__ INFO] - Epoch 24 Step 100/390 Loss 0.2343 (0.2514) Accuracy 0.9219 (0.9106)
[2018/09/21 23:36:20 __main__ INFO] - Epoch 24 Step 200/390 Loss 0.1667 (0.2571) Accuracy 0.9453 (0.9091)
[2018/09/21 23:36:35 __main__ INFO] - Epoch 24 Step 300/390 Loss 0.2760 (0.2589) Accuracy 0.9062 (0.9093)
[2018/09/21 23:36:47 __main__ INFO] - Elapsed 55.74
[2018/09/21 23:36:47 __main__ INFO] - Test 24
[2018/09/21 23:36:50 __main__ INFO] - Epoch 24 Loss 0.4893 Accuracy 0.8429
[2018/09/21 23:36:51 __main__ INFO] - Elapsed 3.63
outdir 2:  /tigress/ruairidh/model_results/resnet_preact_bottleneck_164
[2018/09/21 23:36:51 __main__ INFO] - Train 25
[2018/09/21 23:36:51 __main__ INFO] - Epoch 25 Step 0/390 Loss 0.1624 (0.1624) Accuracy 0.9297 (0.9297)
[2018/09/21 23:37:06 __main__ INFO] - Epoch 25 Step 100/390 Loss 0.2890 (0.2504) Accuracy 0.8906 (0.9131)
[2018/09/21 23:37:20 __main__ INFO] - Epoch 25 Step 200/390 Loss 0.2468 (0.2509) Accuracy 0.8984 (0.9132)
