entering inner script
activating virtual env
Could not find conda environment: pytorch_env
You can list all discoverable environments with `conda info --envs`.

shake_shake_26_2x64d_SSI_cutout16
identifier: con_True_lr_0.1_seed_1
--arch=shake_shake --c10h_save_interval=2 --dataset=CIFAR10H --no_output --c10h_datasplit_seed=1 --human_tune --nonhuman_control=True --base_lr=0.1
shake_shake_26_2x64d_SSI_cutout16_control:True_lr:0.1_seed:1.out
entering python script
/tigress/ruairidh/model_results/run_1/shake_shake_26_2x64d_SSI_cutout16/model_best_state.pth
/tigress/joshuacp/model_results/run_1/saves/shake_shake_26_2x64d_SSI_cutout16/con_True_lr_0.1_seed_1
Using TensorFlow backend.
[2018/09/25 18:58:13 __main__ INFO] - {
  "model_config": {
    "arch": "shake_shake",
    "input_shape": [
      1,
      3,
      32,
      32
    ],
    "n_classes": 10,
    "base_channels": 96,
    "depth": 26,
    "shake_forward": true,
    "shake_backward": true,
    "shake_image": true
  },
  "optim_config": {
    "epochs": 1800,
    "batch_size": 128,
    "optimizer": "sgd",
    "base_lr": 0.1,
    "weight_decay": 0.0001,
    "momentum": 0.9,
    "nesterov": true,
    "scheduler": "cosine",
    "lr_min": 0
  },
  "data_config": {
    "dataset": "CIFAR10H",
    "n_classes": 10,
    "num_workers": 7,
    "batch_size": 128,
    "use_cutout": false,
    "use_random_erasing": false,
    "use_mixup": false,
    "c10h_sample": false,
    "c10h_testsplit_percent": 0.1,
    "c10h_datasplit_seed": 1,
    "use_gpu": true
  },
  "run_config": {
    "seed": 17,
    "test_first": true,
    "gpu": "0",
    "tensorboard": false,
    "tensorboard_train_images": false,
    "tensorboard_test_images": false,
    "tensorboard_model_params": false,
    "resume": "/tigress/ruairidh/model_results/run_1/shake_shake_26_2x64d_SSI_cutout16/model_best_state.pth",
    "human_tune": true,
    "no_output": true,
    "test_only": false,
    "nonhuman_control": true,
    "c10h_scores_outdir": "/tigress/joshuacp/model_results/run_1/saves/shake_shake_26_2x64d_SSI_cutout16/con_True_lr_0.1_seed_1",
    "c10h_save_interval": "2",
    "use_gpu": true
  },
  "env_info": {
    "pytorch_version": "0.4.1",
    "cuda_version": "9.0.176",
    "cudnn_version": 7102,
    "gpu0": {
      "name": "Tesla P100-PCIE-16GB",
      "capability": "6.0"
    }
  }
}
Files already downloaded and verified
Files already downloaded and verified
Files already downloaded and verified
Files already downloaded and verified
Files already downloaded and verified
[2018/09/25 18:58:17 __main__ INFO] - Loading model...
[2018/09/25 18:58:18 __main__ INFO] - n_params: 26331754
[2018/09/25 18:58:23 __main__ INFO] - Done
=> loading checkpoint '/tigress/ruairidh/model_results/run_1/shake_shake_26_2x64d_SSI_cutout16/model_best_state.pth'
Traceback (most recent call last):
  File "./tune_with_cifar10h.py", line 688, in <module>
    main()
  File "./tune_with_cifar10h.py", line 583, in main
    model.load_state_dict(checkpoint['state_dict'])
  File "/tigress/joshuacp/miniconda/lib/python3.6/site-packages/torch/nn/modules/module.py", line 719, in load_state_dict
    self.__class__.__name__, "\n\t".join(error_msgs)))
RuntimeError: Error(s) in loading state_dict for DataParallel:
	size mismatch for module.conv.weight: copying a param of torch.Size([96, 3, 3, 3]) from checkpoint, where the shape is torch.Size([64, 3, 3, 3]) in current model.
	size mismatch for module.bn.weight: copying a param of torch.Size([96]) from checkpoint, where the shape is torch.Size([64]) in current model.
	size mismatch for module.bn.bias: copying a param of torch.Size([96]) from checkpoint, where the shape is torch.Size([64]) in current model.
	size mismatch for module.bn.running_mean: copying a param of torch.Size([96]) from checkpoint, where the shape is torch.Size([64]) in current model.
	size mismatch for module.bn.running_var: copying a param of torch.Size([96]) from checkpoint, where the shape is torch.Size([64]) in current model.
	size mismatch for module.stage1.block1.residual_path1.conv1.weight: copying a param of torch.Size([96, 96, 3, 3]) from checkpoint, where the shape is torch.Size([64, 64, 3, 3]) in current model.
	size mismatch for module.stage1.block1.residual_path1.bn1.weight: copying a param of torch.Size([96]) from checkpoint, where the shape is torch.Size([64]) in current model.
	size mismatch for module.stage1.block1.residual_path1.bn1.bias: copying a param of torch.Size([96]) from checkpoint, where the shape is torch.Size([64]) in current model.
	size mismatch for module.stage1.block1.residual_path1.bn1.running_mean: copying a param of torch.Size([96]) from checkpoint, where the shape is torch.Size([64]) in current model.
	size mismatch for module.stage1.block1.residual_path1.bn1.running_var: copying a param of torch.Size([96]) from checkpoint, where the shape is torch.Size([64]) in current model.
	size mismatch for module.stage1.block1.residual_path1.conv2.weight: copying a param of torch.Size([96, 96, 3, 3]) from checkpoint, where the shape is torch.Size([64, 64, 3, 3]) in current model.
	size mismatch for module.stage1.block1.residual_path1.bn2.weight: copying a param of torch.Size([96]) from checkpoint, where the shape is torch.Size([64]) in current model.
	size mismatch for module.stage1.block1.residual_path1.bn2.bias: copying a param of torch.Size([96]) from checkpoint, where the shape is torch.Size([64]) in current model.
	size mismatch for module.stage1.block1.residual_path1.bn2.running_mean: copying a param of torch.Size([96]) from checkpoint, where the shape is torch.Size([64]) in current model.
	size mismatch for module.stage1.block1.residual_path1.bn2.running_var: copying a param of torch.Size([96]) from checkpoint, where the shape is torch.Size([64]) in current model.
	size mismatch for module.stage1.block1.residual_path2.conv1.weight: copying a param of torch.Size([96, 96, 3, 3]) from checkpoint, where the shape is torch.Size([64, 64, 3, 3]) in current model.
	size mismatch for module.stage1.block1.residual_path2.bn1.weight: copying a param of torch.Size([96]) from checkpoint, where the shape is torch.Size([64]) in current model.
	size mismatch for module.stage1.block1.residual_path2.bn1.bias: copying a param of torch.Size([96]) from checkpoint, where the shape is torch.Size([64]) in current model.
	size mismatch for module.stage1.block1.residual_path2.bn1.running_mean: copying a param of torch.Size([96]) from checkpoint, where the shape is torch.Size([64]) in current model.
	size mismatch for module.stage1.block1.residual_path2.bn1.running_var: copying a param of torch.Size([96]) from checkpoint, where the shape is torch.Size([64]) in current model.
	size mismatch for module.stage1.block1.residual_path2.conv2.weight: copying a param of torch.Size([96, 96, 3, 3]) from checkpoint, where the shape is torch.Size([64, 64, 3, 3]) in current model.
	size mismatch for module.stage1.block1.residual_path2.bn2.weight: copying a param of torch.Size([96]) from checkpoint, where the shape is torch.Size([64]) in current model.
	size mismatch for module.stage1.block1.residual_path2.bn2.bias: copying a param of torch.Size([96]) from checkpoint, where the shape is torch.Size([64]) in current model.
	size mismatch for module.stage1.block1.residual_path2.bn2.running_mean: copying a param of torch.Size([96]) from checkpoint, where the shape is torch.Size([64]) in current model.
	size mismatch for module.stage1.block1.residual_path2.bn2.running_var: copying a param of torch.Size([96]) from checkpoint, where the shape is torch.Size([64]) in current model.
	size mismatch for module.stage1.block2.residual_path1.conv1.weight: copying a param of torch.Size([96, 96, 3, 3]) from checkpoint, where the shape is torch.Size([64, 64, 3, 3]) in current model.
	size mismatch for module.stage1.block2.residual_path1.bn1.weight: copying a param of torch.Size([96]) from checkpoint, where the shape is torch.Size([64]) in current model.
	size mismatch for module.stage1.block2.residual_path1.bn1.bias: copying a param of torch.Size([96]) from checkpoint, where the shape is torch.Size([64]) in current model.
	size mismatch for module.stage1.block2.residual_path1.bn1.running_mean: copying a param of torch.Size([96]) from checkpoint, where the shape is torch.Size([64]) in current model.
	size mismatch for module.stage1.block2.residual_path1.bn1.running_var: copying a param of torch.Size([96]) from checkpoint, where the shape is torch.Size([64]) in current model.
	size mismatch for module.stage1.block2.residual_path1.conv2.weight: copying a param of torch.Size([96, 96, 3, 3]) from checkpoint, where the shape is torch.Size([64, 64, 3, 3]) in current model.
	size mismatch for module.stage1.block2.residual_path1.bn2.weight: copying a param of torch.Size([96]) from checkpoint, where the shape is torch.Size([64]) in current model.
	size mismatch for module.stage1.block2.residual_path1.bn2.bias: copying a param of torch.Size([96]) from checkpoint, where the shape is torch.Size([64]) in current model.
	size mismatch for module.stage1.block2.residual_path1.bn2.running_mean: copying a param of torch.Size([96]) from checkpoint, where the shape is torch.Size([64]) in current model.
	size mismatch for module.stage1.block2.residual_path1.bn2.running_var: copying a param of torch.Size([96]) from checkpoint, where the shape is torch.Size([64]) in current model.
	size mismatch for module.stage1.block2.residual_path2.conv1.weight: copying a param of torch.Size([96, 96, 3, 3]) from checkpoint, where the shape is torch.Size([64, 64, 3, 3]) in current model.
	size mismatch for module.stage1.block2.residual_path2.bn1.weight: copying a param of torch.Size([96]) from checkpoint, where the shape is torch.Size([64]) in current model.
	size mismatch for module.stage1.block2.residual_path2.bn1.bias: copying a param of torch.Size([96]) from checkpoint, where the shape is torch.Size([64]) in current model.
	size mismatch for module.stage1.block2.residual_path2.bn1.running_mean: copying a param of torch.Size([96]) from checkpoint, where the shape is torch.Size([64]) in current model.
	size mismatch for module.stage1.block2.residual_path2.bn1.running_var: copying a param of torch.Size([96]) from checkpoint, where the shape is torch.Size([64]) in current model.
	size mismatch for module.stage1.block2.residual_path2.conv2.weight: copying a param of torch.Size([96, 96, 3, 3]) from checkpoint, where the shape is torch.Size([64, 64, 3, 3]) in current model.
	size mismatch for module.stage1.block2.residual_path2.bn2.weight: copying a param of torch.Size([96]) from checkpoint, where the shape is torch.Size([64]) in current model.
	size mismatch for module.stage1.block2.residual_path2.bn2.bias: copying a param of torch.Size([96]) from checkpoint, where the shape is torch.Size([64]) in current model.
	size mismatch for module.stage1.block2.residual_path2.bn2.running_mean: copying a param of torch.Size([96]) from checkpoint, where the shape is torch.Size([64]) in current model.
	size mismatch for module.stage1.block2.residual_path2.bn2.running_var: copying a param of torch.Size([96]) from checkpoint, where the shape is torch.Size([64]) in current model.
	size mismatch for module.stage1.block3.residual_path1.conv1.weight: copying a param of torch.Size([96, 96, 3, 3]) from checkpoint, where the shape is torch.Size([64, 64, 3, 3]) in current model.
	size mismatch for module.stage1.block3.residual_path1.bn1.weight: copying a param of torch.Size([96]) from checkpoint, where the shape is torch.Size([64]) in current model.
	size mismatch for module.stage1.block3.residual_path1.bn1.bias: copying a param of torch.Size([96]) from checkpoint, where the shape is torch.Size([64]) in current model.
	size mismatch for module.stage1.block3.residual_path1.bn1.running_mean: copying a param of torch.Size([96]) from checkpoint, where the shape is torch.Size([64]) in current model.
	size mismatch for module.stage1.block3.residual_path1.bn1.running_var: copying a param of torch.Size([96]) from checkpoint, where the shape is torch.Size([64]) in current model.
	size mismatch for module.stage1.block3.residual_path1.conv2.weight: copying a param of torch.Size([96, 96, 3, 3]) from checkpoint, where the shape is torch.Size([64, 64, 3, 3]) in current model.
	size mismatch for module.stage1.block3.residual_path1.bn2.weight: copying a param of torch.Size([96]) from checkpoint, where the shape is torch.Size([64]) in current model.
	size mismatch for module.stage1.block3.residual_path1.bn2.bias: copying a param of torch.Size([96]) from checkpoint, where the shape is torch.Size([64]) in current model.
	size mismatch for module.stage1.block3.residual_path1.bn2.running_mean: copying a param of torch.Size([96]) from checkpoint, where the shape is torch.Size([64]) in current model.
	size mismatch for module.stage1.block3.residual_path1.bn2.running_var: copying a param of torch.Size([96]) from checkpoint, where the shape is torch.Size([64]) in current model.
	size mismatch for module.stage1.block3.residual_path2.conv1.weight: copying a param of torch.Size([96, 96, 3, 3]) from checkpoint, where the shape is torch.Size([64, 64, 3, 3]) in current model.
	size mismatch for module.stage1.block3.residual_path2.bn1.weight: copying a param of torch.Size([96]) from checkpoint, where the shape is torch.Size([64]) in current model.
	size mismatch for module.stage1.block3.residual_path2.bn1.bias: copying a param of torch.Size([96]) from checkpoint, where the shape is torch.Size([64]) in current model.
	size mismatch for module.stage1.block3.residual_path2.bn1.running_mean: copying a param of torch.Size([96]) from checkpoint, where the shape is torch.Size([64]) in current model.
	size mismatch for module.stage1.block3.residual_path2.bn1.running_var: copying a param of torch.Size([96]) from checkpoint, where the shape is torch.Size([64]) in current model.
	size mismatch for module.stage1.block3.residual_path2.conv2.weight: copying a param of torch.Size([96, 96, 3, 3]) from checkpoint, where the shape is torch.Size([64, 64, 3, 3]) in current model.
	size mismatch for module.stage1.block3.residual_path2.bn2.weight: copying a param of torch.Size([96]) from checkpoint, where the shape is torch.Size([64]) in current model.
	size mismatch for module.stage1.block3.residual_path2.bn2.bias: copying a param of torch.Size([96]) from checkpoint, where the shape is torch.Size([64]) in current model.
	size mismatch for module.stage1.block3.residual_path2.bn2.running_mean: copying a param of torch.Size([96]) from checkpoint, where the shape is torch.Size([64]) in current model.
	size mismatch for module.stage1.block3.residual_path2.bn2.running_var: copying a param of torch.Size([96]) from checkpoint, where the shape is torch.Size([64]) in current model.
	size mismatch for module.stage1.block4.residual_path1.conv1.weight: copying a param of torch.Size([96, 96, 3, 3]) from checkpoint, where the shape is torch.Size([64, 64, 3, 3]) in current model.
	size mismatch for module.stage1.block4.residual_path1.bn1.weight: copying a param of torch.Size([96]) from checkpoint, where the shape is torch.Size([64]) in current model.
	size mismatch for module.stage1.block4.residual_path1.bn1.bias: copying a param of torch.Size([96]) from checkpoint, where the shape is torch.Size([64]) in current model.
	size mismatch for module.stage1.block4.residual_path1.bn1.running_mean: copying a param of torch.Size([96]) from checkpoint, where the shape is torch.Size([64]) in current model.
	size mismatch for module.stage1.block4.residual_path1.bn1.running_var: copying a param of torch.Size([96]) from checkpoint, where the shape is torch.Size([64]) in current model.
	size mismatch for module.stage1.block4.residual_path1.conv2.weight: copying a param of torch.Size([96, 96, 3, 3]) from checkpoint, where the shape is torch.Size([64, 64, 3, 3]) in current model.
	size mismatch for module.stage1.block4.residual_path1.bn2.weight: copying a param of torch.Size([96]) from checkpoint, where the shape is torch.Size([64]) in current model.
	size mismatch for module.stage1.block4.residual_path1.bn2.bias: copying a param of torch.Size([96]) from checkpoint, where the shape is torch.Size([64]) in current model.
	size mismatch for module.stage1.block4.residual_path1.bn2.running_mean: copying a param of torch.Size([96]) from checkpoint, where the shape is torch.Size([64]) in current model.
	size mismatch for module.stage1.block4.residual_path1.bn2.running_var: copying a param of torch.Size([96]) from checkpoint, where the shape is torch.Size([64]) in current model.
	size mismatch for module.stage1.block4.residual_path2.conv1.weight: copying a param of torch.Size([96, 96, 3, 3]) from checkpoint, where the shape is torch.Size([64, 64, 3, 3]) in current model.
	size mismatch for module.stage1.block4.residual_path2.bn1.weight: copying a param of torch.Size([96]) from checkpoint, where the shape is torch.Size([64]) in current model.
	size mismatch for module.stage1.block4.residual_path2.bn1.bias: copying a param of torch.Size([96]) from checkpoint, where the shape is torch.Size([64]) in current model.
	size mismatch for module.stage1.block4.residual_path2.bn1.running_mean: copying a param of torch.Size([96]) from checkpoint, where the shape is torch.Size([64]) in current model.
	size mismatch for module.stage1.block4.residual_path2.bn1.running_var: copying a param of torch.Size([96]) from checkpoint, where the shape is torch.Size([64]) in current model.
	size mismatch for module.stage1.block4.residual_path2.conv2.weight: copying a param of torch.Size([96, 96, 3, 3]) from checkpoint, where the shape is torch.Size([64, 64, 3, 3]) in current model.
	size mismatch for module.stage1.block4.residual_path2.bn2.weight: copying a param of torch.Size([96]) from checkpoint, where the shape is torch.Size([64]) in current model.
	size mismatch for module.stage1.block4.residual_path2.bn2.bias: copying a param of torch.Size([96]) from checkpoint, where the shape is torch.Size([64]) in current model.
	size mismatch for module.stage1.block4.residual_path2.bn2.running_mean: copying a param of torch.Size([96]) from checkpoint, where the shape is torch.Size([64]) in current model.
	size mismatch for module.stage1.block4.residual_path2.bn2.running_var: copying a param of torch.Size([96]) from checkpoint, where the shape is torch.Size([64]) in current model.
	size mismatch for module.stage2.block1.residual_path1.conv1.weight: copying a param of torch.Size([192, 96, 3, 3]) from checkpoint, where the shape is torch.Size([128, 64, 3, 3]) in current model.
	size mismatch for module.stage2.block1.residual_path1.bn1.weight: copying a param of torch.Size([192]) from checkpoint, where the shape is torch.Size([128]) in current model.
	size mismatch for module.stage2.block1.residual_path1.bn1.bias: copying a param of torch.Size([192]) from checkpoint, where the shape is torch.Size([128]) in current model.
	size mismatch for module.stage2.block1.residual_path1.bn1.running_mean: copying a param of torch.Size([192]) from checkpoint, where the shape is torch.Size([128]) in current model.
	size mismatch for module.stage2.block1.residual_path1.bn1.running_var: copying a param of torch.Size([192]) from checkpoint, where the shape is torch.Size([128]) in current model.
	size mismatch for module.stage2.block1.residual_path1.conv2.weight: copying a param of torch.Size([192, 192, 3, 3]) from checkpoint, where the shape is torch.Size([128, 128, 3, 3]) in current model.
	size mismatch for module.stage2.block1.residual_path1.bn2.weight: copying a param of torch.Size([192]) from checkpoint, where the shape is torch.Size([128]) in current model.
	size mismatch for module.stage2.block1.residual_path1.bn2.bias: copying a param of torch.Size([192]) from checkpoint, where the shape is torch.Size([128]) in current model.
	size mismatch for module.stage2.block1.residual_path1.bn2.running_mean: copying a param of torch.Size([192]) from checkpoint, where the shape is torch.Size([128]) in current model.
	size mismatch for module.stage2.block1.residual_path1.bn2.running_var: copying a param of torch.Size([192]) from checkpoint, where the shape is torch.Size([128]) in current model.
	size mismatch for module.stage2.block1.residual_path2.conv1.weight: copying a param of torch.Size([192, 96, 3, 3]) from checkpoint, where the shape is torch.Size([128, 64, 3, 3]) in current model.
	size mismatch for module.stage2.block1.residual_path2.bn1.weight: copying a param of torch.Size([192]) from checkpoint, where the shape is torch.Size([128]) in current model.
	size mismatch for module.stage2.block1.residual_path2.bn1.bias: copying a param of torch.Size([192]) from checkpoint, where the shape is torch.Size([128]) in current model.
	size mismatch for module.stage2.block1.residual_path2.bn1.running_mean: copying a param of torch.Size([192]) from checkpoint, where the shape is torch.Size([128]) in current model.
	size mismatch for module.stage2.block1.residual_path2.bn1.running_var: copying a param of torch.Size([192]) from checkpoint, where the shape is torch.Size([128]) in current model.
	size mismatch for module.stage2.block1.residual_path2.conv2.weight: copying a param of torch.Size([192, 192, 3, 3]) from checkpoint, where the shape is torch.Size([128, 128, 3, 3]) in current model.
	size mismatch for module.stage2.block1.residual_path2.bn2.weight: copying a param of torch.Size([192]) from checkpoint, where the shape is torch.Size([128]) in current model.
	size mismatch for module.stage2.block1.residual_path2.bn2.bias: copying a param of torch.Size([192]) from checkpoint, where the shape is torch.Size([128]) in current model.
	size mismatch for module.stage2.block1.residual_path2.bn2.running_mean: copying a param of torch.Size([192]) from checkpoint, where the shape is torch.Size([128]) in current model.
	size mismatch for module.stage2.block1.residual_path2.bn2.running_var: copying a param of torch.Size([192]) from checkpoint, where the shape is torch.Size([128]) in current model.
	size mismatch for module.stage2.block1.shortcut.downsample.conv1.weight: copying a param of torch.Size([96, 96, 1, 1]) from checkpoint, where the shape is torch.Size([64, 64, 1, 1]) in current model.
	size mismatch for module.stage2.block1.shortcut.downsample.conv2.weight: copying a param of torch.Size([96, 96, 1, 1]) from checkpoint, where the shape is torch.Size([64, 64, 1, 1]) in current model.
	size mismatch for module.stage2.block1.shortcut.downsample.bn.weight: copying a param of torch.Size([192]) from checkpoint, where the shape is torch.Size([128]) in current model.
	size mismatch for module.stage2.block1.shortcut.downsample.bn.bias: copying a param of torch.Size([192]) from checkpoint, where the shape is torch.Size([128]) in current model.
	size mismatch for module.stage2.block1.shortcut.downsample.bn.running_mean: copying a param of torch.Size([192]) from checkpoint, where the shape is torch.Size([128]) in current model.
	size mismatch for module.stage2.block1.shortcut.downsample.bn.running_var: copying a param of torch.Size([192]) from checkpoint, where the shape is torch.Size([128]) in current model.
	size mismatch for module.stage2.block2.residual_path1.conv1.weight: copying a param of torch.Size([192, 192, 3, 3]) from checkpoint, where the shape is torch.Size([128, 128, 3, 3]) in current model.
	size mismatch for module.stage2.block2.residual_path1.bn1.weight: copying a param of torch.Size([192]) from checkpoint, where the shape is torch.Size([128]) in current model.
	size mismatch for module.stage2.block2.residual_path1.bn1.bias: copying a param of torch.Size([192]) from checkpoint, where the shape is torch.Size([128]) in current model.
	size mismatch for module.stage2.block2.residual_path1.bn1.running_mean: copying a param of torch.Size([192]) from checkpoint, where the shape is torch.Size([128]) in current model.
	size mismatch for module.stage2.block2.residual_path1.bn1.running_var: copying a param of torch.Size([192]) from checkpoint, where the shape is torch.Size([128]) in current model.
	size mismatch for module.stage2.block2.residual_path1.conv2.weight: copying a param of torch.Size([192, 192, 3, 3]) from checkpoint, where the shape is torch.Size([128, 128, 3, 3]) in current model.
	size mismatch for module.stage2.block2.residual_path1.bn2.weight: copying a param of torch.Size([192]) from checkpoint, where the shape is torch.Size([128]) in current model.
	size mismatch for module.stage2.block2.residual_path1.bn2.bias: copying a param of torch.Size([192]) from checkpoint, where the shape is torch.Size([128]) in current model.
	size mismatch for module.stage2.block2.residual_path1.bn2.running_mean: copying a param of torch.Size([192]) from checkpoint, where the shape is torch.Size([128]) in current model.
	size mismatch for module.stage2.block2.residual_path1.bn2.running_var: copying a param of torch.Size([192]) from checkpoint, where the shape is torch.Size([128]) in current model.
	size mismatch for module.stage2.block2.residual_path2.conv1.weight: copying a param of torch.Size([192, 192, 3, 3]) from checkpoint, where the shape is torch.Size([128, 128, 3, 3]) in current model.
	size mismatch for module.stage2.block2.residual_path2.bn1.weight: copying a param of torch.Size([192]) from checkpoint, where the shape is torch.Size([128]) in current model.
	size mismatch for module.stage2.block2.residual_path2.bn1.bias: copying a param of torch.Size([192]) from checkpoint, where the shape is torch.Size([128]) in current model.
	size mismatch for module.stage2.block2.residual_path2.bn1.running_mean: copying a param of torch.Size([192]) from checkpoint, where the shape is torch.Size([128]) in current model.
	size mismatch for module.stage2.block2.residual_path2.bn1.running_var: copying a param of torch.Size([192]) from checkpoint, where the shape is torch.Size([128]) in current model.
	size mismatch for module.stage2.block2.residual_path2.conv2.weight: copying a param of torch.Size([192, 192, 3, 3]) from checkpoint, where the shape is torch.Size([128, 128, 3, 3]) in current model.
	size mismatch for module.stage2.block2.residual_path2.bn2.weight: copying a param of torch.Size([192]) from checkpoint, where the shape is torch.Size([128]) in current model.
	size mismatch for module.stage2.block2.residual_path2.bn2.bias: copying a param of torch.Size([192]) from checkpoint, where the shape is torch.Size([128]) in current model.
	size mismatch for module.stage2.block2.residual_path2.bn2.running_mean: copying a param of torch.Size([192]) from checkpoint, where the shape is torch.Size([128]) in current model.
	size mismatch for module.stage2.block2.residual_path2.bn2.running_var: copying a param of torch.Size([192]) from checkpoint, where the shape is torch.Size([128]) in current model.
	size mismatch for module.stage2.block3.residual_path1.conv1.weight: copying a param of torch.Size([192, 192, 3, 3]) from checkpoint, where the shape is torch.Size([128, 128, 3, 3]) in current model.
	size mismatch for module.stage2.block3.residual_path1.bn1.weight: copying a param of torch.Size([192]) from checkpoint, where the shape is torch.Size([128]) in current model.
	size mismatch for module.stage2.block3.residual_path1.bn1.bias: copying a param of torch.Size([192]) from checkpoint, where the shape is torch.Size([128]) in current model.
	size mismatch for module.stage2.block3.residual_path1.bn1.running_mean: copying a param of torch.Size([192]) from checkpoint, where the shape is torch.Size([128]) in current model.
	size mismatch for module.stage2.block3.residual_path1.bn1.running_var: copying a param of torch.Size([192]) from checkpoint, where the shape is torch.Size([128]) in current model.
	size mismatch for module.stage2.block3.residual_path1.conv2.weight: copying a param of torch.Size([192, 192, 3, 3]) from checkpoint, where the shape is torch.Size([128, 128, 3, 3]) in current model.
	size mismatch for module.stage2.block3.residual_path1.bn2.weight: copying a param of torch.Size([192]) from checkpoint, where the shape is torch.Size([128]) in current model.
	size mismatch for module.stage2.block3.residual_path1.bn2.bias: copying a param of torch.Size([192]) from checkpoint, where the shape is torch.Size([128]) in current model.
	size mismatch for module.stage2.block3.residual_path1.bn2.running_mean: copying a param of torch.Size([192]) from checkpoint, where the shape is torch.Size([128]) in current model.
	size mismatch for module.stage2.block3.residual_path1.bn2.running_var: copying a param of torch.Size([192]) from checkpoint, where the shape is torch.Size([128]) in current model.
	size mismatch for module.stage2.block3.residual_path2.conv1.weight: copying a param of torch.Size([192, 192, 3, 3]) from checkpoint, where the shape is torch.Size([128, 128, 3, 3]) in current model.
	size mismatch for module.stage2.block3.residual_path2.bn1.weight: copying a param of torch.Size([192]) from checkpoint, where the shape is torch.Size([128]) in current model.
	size mismatch for module.stage2.block3.residual_path2.bn1.bias: copying a param of torch.Size([192]) from checkpoint, where the shape is torch.Size([128]) in current model.
	size mismatch for module.stage2.block3.residual_path2.bn1.running_mean: copying a param of torch.Size([192]) from checkpoint, where the shape is torch.Size([128]) in current model.
	size mismatch for module.stage2.block3.residual_path2.bn1.running_var: copying a param of torch.Size([192]) from checkpoint, where the shape is torch.Size([128]) in current model.
	size mismatch for module.stage2.block3.residual_path2.conv2.weight: copying a param of torch.Size([192, 192, 3, 3]) from checkpoint, where the shape is torch.Size([128, 128, 3, 3]) in current model.
	size mismatch for module.stage2.block3.residual_path2.bn2.weight: copying a param of torch.Size([192]) from checkpoint, where the shape is torch.Size([128]) in current model.
	size mismatch for module.stage2.block3.residual_path2.bn2.bias: copying a param of torch.Size([192]) from checkpoint, where the shape is torch.Size([128]) in current model.
	size mismatch for module.stage2.block3.residual_path2.bn2.running_mean: copying a param of torch.Size([192]) from checkpoint, where the shape is torch.Size([128]) in current model.
	size mismatch for module.stage2.block3.residual_path2.bn2.running_var: copying a param of torch.Size([192]) from checkpoint, where the shape is torch.Size([128]) in current model.
	size mismatch for module.stage2.block4.residual_path1.conv1.weight: copying a param of torch.Size([192, 192, 3, 3]) from checkpoint, where the shape is torch.Size([128, 128, 3, 3]) in current model.
	size mismatch for module.stage2.block4.residual_path1.bn1.weight: copying a param of torch.Size([192]) from checkpoint, where the shape is torch.Size([128]) in current model.
	size mismatch for module.stage2.block4.residual_path1.bn1.bias: copying a param of torch.Size([192]) from checkpoint, where the shape is torch.Size([128]) in current model.
	size mismatch for module.stage2.block4.residual_path1.bn1.running_mean: copying a param of torch.Size([192]) from checkpoint, where the shape is torch.Size([128]) in current model.
	size mismatch for module.stage2.block4.residual_path1.bn1.running_var: copying a param of torch.Size([192]) from checkpoint, where the shape is torch.Size([128]) in current model.
	size mismatch for module.stage2.block4.residual_path1.conv2.weight: copying a param of torch.Size([192, 192, 3, 3]) from checkpoint, where the shape is torch.Size([128, 128, 3, 3]) in current model.
	size mismatch for module.stage2.block4.residual_path1.bn2.weight: copying a param of torch.Size([192]) from checkpoint, where the shape is torch.Size([128]) in current model.
	size mismatch for module.stage2.block4.residual_path1.bn2.bias: copying a param of torch.Size([192]) from checkpoint, where the shape is torch.Size([128]) in current model.
	size mismatch for module.stage2.block4.residual_path1.bn2.running_mean: copying a param of torch.Size([192]) from checkpoint, where the shape is torch.Size([128]) in current model.
	size mismatch for module.stage2.block4.residual_path1.bn2.running_var: copying a param of torch.Size([192]) from checkpoint, where the shape is torch.Size([128]) in current model.
	size mismatch for module.stage2.block4.residual_path2.conv1.weight: copying a param of torch.Size([192, 192, 3, 3]) from checkpoint, where the shape is torch.Size([128, 128, 3, 3]) in current model.
	size mismatch for module.stage2.block4.residual_path2.bn1.weight: copying a param of torch.Size([192]) from checkpoint, where the shape is torch.Size([128]) in current model.
	size mismatch for module.stage2.block4.residual_path2.bn1.bias: copying a param of torch.Size([192]) from checkpoint, where the shape is torch.Size([128]) in current model.
	size mismatch for module.stage2.block4.residual_path2.bn1.running_mean: copying a param of torch.Size([192]) from checkpoint, where the shape is torch.Size([128]) in current model.
	size mismatch for module.stage2.block4.residual_path2.bn1.running_var: copying a param of torch.Size([192]) from checkpoint, where the shape is torch.Size([128]) in current model.
	size mismatch for module.stage2.block4.residual_path2.conv2.weight: copying a param of torch.Size([192, 192, 3, 3]) from checkpoint, where the shape is torch.Size([128, 128, 3, 3]) in current model.
	size mismatch for module.stage2.block4.residual_path2.bn2.weight: copying a param of torch.Size([192]) from checkpoint, where the shape is torch.Size([128]) in current model.
	size mismatch for module.stage2.block4.residual_path2.bn2.bias: copying a param of torch.Size([192]) from checkpoint, where the shape is torch.Size([128]) in current model.
	size mismatch for module.stage2.block4.residual_path2.bn2.running_mean: copying a param of torch.Size([192]) from checkpoint, where the shape is torch.Size([128]) in current model.
	size mismatch for module.stage2.block4.residual_path2.bn2.running_var: copying a param of torch.Size([192]) from checkpoint, where the shape is torch.Size([128]) in current model.
	size mismatch for module.stage3.block1.residual_path1.conv1.weight: copying a param of torch.Size([384, 192, 3, 3]) from checkpoint, where the shape is torch.Size([256, 128, 3, 3]) in current model.
	size mismatch for module.stage3.block1.residual_path1.bn1.weight: copying a param of torch.Size([384]) from checkpoint, where the shape is torch.Size([256]) in current model.
	size mismatch for module.stage3.block1.residual_path1.bn1.bias: copying a param of torch.Size([384]) from checkpoint, where the shape is torch.Size([256]) in current model.
	size mismatch for module.stage3.block1.residual_path1.bn1.running_mean: copying a param of torch.Size([384]) from checkpoint, where the shape is torch.Size([256]) in current model.
	size mismatch for module.stage3.block1.residual_path1.bn1.running_var: copying a param of torch.Size([384]) from checkpoint, where the shape is torch.Size([256]) in current model.
	size mismatch for module.stage3.block1.residual_path1.conv2.weight: copying a param of torch.Size([384, 384, 3, 3]) from checkpoint, where the shape is torch.Size([256, 256, 3, 3]) in current model.
	size mismatch for module.stage3.block1.residual_path1.bn2.weight: copying a param of torch.Size([384]) from checkpoint, where the shape is torch.Size([256]) in current model.
	size mismatch for module.stage3.block1.residual_path1.bn2.bias: copying a param of torch.Size([384]) from checkpoint, where the shape is torch.Size([256]) in current model.
	size mismatch for module.stage3.block1.residual_path1.bn2.running_mean: copying a param of torch.Size([384]) from checkpoint, where the shape is torch.Size([256]) in current model.
	size mismatch for module.stage3.block1.residual_path1.bn2.running_var: copying a param of torch.Size([384]) from checkpoint, where the shape is torch.Size([256]) in current model.
	size mismatch for module.stage3.block1.residual_path2.conv1.weight: copying a param of torch.Size([384, 192, 3, 3]) from checkpoint, where the shape is torch.Size([256, 128, 3, 3]) in current model.
	size mismatch for module.stage3.block1.residual_path2.bn1.weight: copying a param of torch.Size([384]) from checkpoint, where the shape is torch.Size([256]) in current model.
	size mismatch for module.stage3.block1.residual_path2.bn1.bias: copying a param of torch.Size([384]) from checkpoint, where the shape is torch.Size([256]) in current model.
	size mismatch for module.stage3.block1.residual_path2.bn1.running_mean: copying a param of torch.Size([384]) from checkpoint, where the shape is torch.Size([256]) in current model.
	size mismatch for module.stage3.block1.residual_path2.bn1.running_var: copying a param of torch.Size([384]) from checkpoint, where the shape is torch.Size([256]) in current model.
	size mismatch for module.stage3.block1.residual_path2.conv2.weight: copying a param of torch.Size([384, 384, 3, 3]) from checkpoint, where the shape is torch.Size([256, 256, 3, 3]) in current model.
	size mismatch for module.stage3.block1.residual_path2.bn2.weight: copying a param of torch.Size([384]) from checkpoint, where the shape is torch.Size([256]) in current model.
	size mismatch for module.stage3.block1.residual_path2.bn2.bias: copying a param of torch.Size([384]) from checkpoint, where the shape is torch.Size([256]) in current model.
	size mismatch for module.stage3.block1.residual_path2.bn2.running_mean: copying a param of torch.Size([384]) from checkpoint, where the shape is torch.Size([256]) in current model.
	size mismatch for module.stage3.block1.residual_path2.bn2.running_var: copying a param of torch.Size([384]) from checkpoint, where the shape is torch.Size([256]) in current model.
	size mismatch for module.stage3.block1.shortcut.downsample.conv1.weight: copying a param of torch.Size([192, 192, 1, 1]) from checkpoint, where the shape is torch.Size([128, 128, 1, 1]) in current model.
	size mismatch for module.stage3.block1.shortcut.downsample.conv2.weight: copying a param of torch.Size([192, 192, 1, 1]) from checkpoint, where the shape is torch.Size([128, 128, 1, 1]) in current model.
	size mismatch for module.stage3.block1.shortcut.downsample.bn.weight: copying a param of torch.Size([384]) from checkpoint, where the shape is torch.Size([256]) in current model.
	size mismatch for module.stage3.block1.shortcut.downsample.bn.bias: copying a param of torch.Size([384]) from checkpoint, where the shape is torch.Size([256]) in current model.
	size mismatch for module.stage3.block1.shortcut.downsample.bn.running_mean: copying a param of torch.Size([384]) from checkpoint, where the shape is torch.Size([256]) in current model.
	size mismatch for module.stage3.block1.shortcut.downsample.bn.running_var: copying a param of torch.Size([384]) from checkpoint, where the shape is torch.Size([256]) in current model.
	size mismatch for module.stage3.block2.residual_path1.conv1.weight: copying a param of torch.Size([384, 384, 3, 3]) from checkpoint, where the shape is torch.Size([256, 256, 3, 3]) in current model.
	size mismatch for module.stage3.block2.residual_path1.bn1.weight: copying a param of torch.Size([384]) from checkpoint, where the shape is torch.Size([256]) in current model.
	size mismatch for module.stage3.block2.residual_path1.bn1.bias: copying a param of torch.Size([384]) from checkpoint, where the shape is torch.Size([256]) in current model.
	size mismatch for module.stage3.block2.residual_path1.bn1.running_mean: copying a param of torch.Size([384]) from checkpoint, where the shape is torch.Size([256]) in current model.
	size mismatch for module.stage3.block2.residual_path1.bn1.running_var: copying a param of torch.Size([384]) from checkpoint, where the shape is torch.Size([256]) in current model.
	size mismatch for module.stage3.block2.residual_path1.conv2.weight: copying a param of torch.Size([384, 384, 3, 3]) from checkpoint, where the shape is torch.Size([256, 256, 3, 3]) in current model.
	size mismatch for module.stage3.block2.residual_path1.bn2.weight: copying a param of torch.Size([384]) from checkpoint, where the shape is torch.Size([256]) in current model.
	size mismatch for module.stage3.block2.residual_path1.bn2.bias: copying a param of torch.Size([384]) from checkpoint, where the shape is torch.Size([256]) in current model.
	size mismatch for module.stage3.block2.residual_path1.bn2.running_mean: copying a param of torch.Size([384]) from checkpoint, where the shape is torch.Size([256]) in current model.
	size mismatch for module.stage3.block2.residual_path1.bn2.running_var: copying a param of torch.Size([384]) from checkpoint, where the shape is torch.Size([256]) in current model.
	size mismatch for module.stage3.block2.residual_path2.conv1.weight: copying a param of torch.Size([384, 384, 3, 3]) from checkpoint, where the shape is torch.Size([256, 256, 3, 3]) in current model.
	size mismatch for module.stage3.block2.residual_path2.bn1.weight: copying a param of torch.Size([384]) from checkpoint, where the shape is torch.Size([256]) in current model.
	size mismatch for module.stage3.block2.residual_path2.bn1.bias: copying a param of torch.Size([384]) from checkpoint, where the shape is torch.Size([256]) in current model.
	size mismatch for module.stage3.block2.residual_path2.bn1.running_mean: copying a param of torch.Size([384]) from checkpoint, where the shape is torch.Size([256]) in current model.
	size mismatch for module.stage3.block2.residual_path2.bn1.running_var: copying a param of torch.Size([384]) from checkpoint, where the shape is torch.Size([256]) in current model.
	size mismatch for module.stage3.block2.residual_path2.conv2.weight: copying a param of torch.Size([384, 384, 3, 3]) from checkpoint, where the shape is torch.Size([256, 256, 3, 3]) in current model.
	size mismatch for module.stage3.block2.residual_path2.bn2.weight: copying a param of torch.Size([384]) from checkpoint, where the shape is torch.Size([256]) in current model.
	size mismatch for module.stage3.block2.residual_path2.bn2.bias: copying a param of torch.Size([384]) from checkpoint, where the shape is torch.Size([256]) in current model.
	size mismatch for module.stage3.block2.residual_path2.bn2.running_mean: copying a param of torch.Size([384]) from checkpoint, where the shape is torch.Size([256]) in current model.
	size mismatch for module.stage3.block2.residual_path2.bn2.running_var: copying a param of torch.Size([384]) from checkpoint, where the shape is torch.Size([256]) in current model.
	size mismatch for module.stage3.block3.residual_path1.conv1.weight: copying a param of torch.Size([384, 384, 3, 3]) from checkpoint, where the shape is torch.Size([256, 256, 3, 3]) in current model.
	size mismatch for module.stage3.block3.residual_path1.bn1.weight: copying a param of torch.Size([384]) from checkpoint, where the shape is torch.Size([256]) in current model.
	size mismatch for module.stage3.block3.residual_path1.bn1.bias: copying a param of torch.Size([384]) from checkpoint, where the shape is torch.Size([256]) in current model.
	size mismatch for module.stage3.block3.residual_path1.bn1.running_mean: copying a param of torch.Size([384]) from checkpoint, where the shape is torch.Size([256]) in current model.
	size mismatch for module.stage3.block3.residual_path1.bn1.running_var: copying a param of torch.Size([384]) from checkpoint, where the shape is torch.Size([256]) in current model.
	size mismatch for module.stage3.block3.residual_path1.conv2.weight: copying a param of torch.Size([384, 384, 3, 3]) from checkpoint, where the shape is torch.Size([256, 256, 3, 3]) in current model.
	size mismatch for module.stage3.block3.residual_path1.bn2.weight: copying a param of torch.Size([384]) from checkpoint, where the shape is torch.Size([256]) in current model.
	size mismatch for module.stage3.block3.residual_path1.bn2.bias: copying a param of torch.Size([384]) from checkpoint, where the shape is torch.Size([256]) in current model.
	size mismatch for module.stage3.block3.residual_path1.bn2.running_mean: copying a param of torch.Size([384]) from checkpoint, where the shape is torch.Size([256]) in current model.
	size mismatch for module.stage3.block3.residual_path1.bn2.running_var: copying a param of torch.Size([384]) from checkpoint, where the shape is torch.Size([256]) in current model.
	size mismatch for module.stage3.block3.residual_path2.conv1.weight: copying a param of torch.Size([384, 384, 3, 3]) from checkpoint, where the shape is torch.Size([256, 256, 3, 3]) in current model.
	size mismatch for module.stage3.block3.residual_path2.bn1.weight: copying a param of torch.Size([384]) from checkpoint, where the shape is torch.Size([256]) in current model.
	size mismatch for module.stage3.block3.residual_path2.bn1.bias: copying a param of torch.Size([384]) from checkpoint, where the shape is torch.Size([256]) in current model.
	size mismatch for module.stage3.block3.residual_path2.bn1.running_mean: copying a param of torch.Size([384]) from checkpoint, where the shape is torch.Size([256]) in current model.
	size mismatch for module.stage3.block3.residual_path2.bn1.running_var: copying a param of torch.Size([384]) from checkpoint, where the shape is torch.Size([256]) in current model.
	size mismatch for module.stage3.block3.residual_path2.conv2.weight: copying a param of torch.Size([384, 384, 3, 3]) from checkpoint, where the shape is torch.Size([256, 256, 3, 3]) in current model.
	size mismatch for module.stage3.block3.residual_path2.bn2.weight: copying a param of torch.Size([384]) from checkpoint, where the shape is torch.Size([256]) in current model.
	size mismatch for module.stage3.block3.residual_path2.bn2.bias: copying a param of torch.Size([384]) from checkpoint, where the shape is torch.Size([256]) in current model.
	size mismatch for module.stage3.block3.residual_path2.bn2.running_mean: copying a param of torch.Size([384]) from checkpoint, where the shape is torch.Size([256]) in current model.
	size mismatch for module.stage3.block3.residual_path2.bn2.running_var: copying a param of torch.Size([384]) from checkpoint, where the shape is torch.Size([256]) in current model.
	size mismatch for module.stage3.block4.residual_path1.conv1.weight: copying a param of torch.Size([384, 384, 3, 3]) from checkpoint, where the shape is torch.Size([256, 256, 3, 3]) in current model.
	size mismatch for module.stage3.block4.residual_path1.bn1.weight: copying a param of torch.Size([384]) from checkpoint, where the shape is torch.Size([256]) in current model.
	size mismatch for module.stage3.block4.residual_path1.bn1.bias: copying a param of torch.Size([384]) from checkpoint, where the shape is torch.Size([256]) in current model.
	size mismatch for module.stage3.block4.residual_path1.bn1.running_mean: copying a param of torch.Size([384]) from checkpoint, where the shape is torch.Size([256]) in current model.
	size mismatch for module.stage3.block4.residual_path1.bn1.running_var: copying a param of torch.Size([384]) from checkpoint, where the shape is torch.Size([256]) in current model.
	size mismatch for module.stage3.block4.residual_path1.conv2.weight: copying a param of torch.Size([384, 384, 3, 3]) from checkpoint, where the shape is torch.Size([256, 256, 3, 3]) in current model.
	size mismatch for module.stage3.block4.residual_path1.bn2.weight: copying a param of torch.Size([384]) from checkpoint, where the shape is torch.Size([256]) in current model.
	size mismatch for module.stage3.block4.residual_path1.bn2.bias: copying a param of torch.Size([384]) from checkpoint, where the shape is torch.Size([256]) in current model.
	size mismatch for module.stage3.block4.residual_path1.bn2.running_mean: copying a param of torch.Size([384]) from checkpoint, where the shape is torch.Size([256]) in current model.
	size mismatch for module.stage3.block4.residual_path1.bn2.running_var: copying a param of torch.Size([384]) from checkpoint, where the shape is torch.Size([256]) in current model.
	size mismatch for module.stage3.block4.residual_path2.conv1.weight: copying a param of torch.Size([384, 384, 3, 3]) from checkpoint, where the shape is torch.Size([256, 256, 3, 3]) in current model.
	size mismatch for module.stage3.block4.residual_path2.bn1.weight: copying a param of torch.Size([384]) from checkpoint, where the shape is torch.Size([256]) in current model.
	size mismatch for module.stage3.block4.residual_path2.bn1.bias: copying a param of torch.Size([384]) from checkpoint, where the shape is torch.Size([256]) in current model.
	size mismatch for module.stage3.block4.residual_path2.bn1.running_mean: copying a param of torch.Size([384]) from checkpoint, where the shape is torch.Size([256]) in current model.
	size mismatch for module.stage3.block4.residual_path2.bn1.running_var: copying a param of torch.Size([384]) from checkpoint, where the shape is torch.Size([256]) in current model.
	size mismatch for module.stage3.block4.residual_path2.conv2.weight: copying a param of torch.Size([384, 384, 3, 3]) from checkpoint, where the shape is torch.Size([256, 256, 3, 3]) in current model.
	size mismatch for module.stage3.block4.residual_path2.bn2.weight: copying a param of torch.Size([384]) from checkpoint, where the shape is torch.Size([256]) in current model.
	size mismatch for module.stage3.block4.residual_path2.bn2.bias: copying a param of torch.Size([384]) from checkpoint, where the shape is torch.Size([256]) in current model.
	size mismatch for module.stage3.block4.residual_path2.bn2.running_mean: copying a param of torch.Size([384]) from checkpoint, where the shape is torch.Size([256]) in current model.
	size mismatch for module.stage3.block4.residual_path2.bn2.running_var: copying a param of torch.Size([384]) from checkpoint, where the shape is torch.Size([256]) in current model.
	size mismatch for module.fc.weight: copying a param of torch.Size([10, 384]) from checkpoint, where the shape is torch.Size([10, 256]) in current model.
cp: cannot create regular file /tigress/joshuacp/model_results/run_1/shake_shake_26_2x64d_SSI_cutout16/.: No such file or directory
inner done
