entering inner script
activating virtual env
wrn_28_10
identifier: con_False_lr_0.01_seed_2
--arch=wrn --c10h_save_interval=2 --dataset=CIFAR10H --no_output --c10h_datasplit_seed=2 --human_tune --nonhuman_control=False --base_lr=0.01
wrn_28_10_control:False_lr:0.01_seed:2.out
entering python script
/tigress/ruairidh/model_results/run_1/wrn_28_10/model_best_state.pth
/tigress/ruairidh/model_results/run_1/saves/wrn_28_10/con_False_lr_0.01_seed_2
Using TensorFlow backend.
[2018/09/25 19:42:00 __main__ INFO] - {
  "model_config": {
    "arch": "wrn",
    "input_shape": [
      1,
      3,
      32,
      32
    ],
    "n_classes": 10,
    "base_channels": 16,
    "depth": 28,
    "widening_factor": 10,
    "drop_rate": 0
  },
  "optim_config": {
    "epochs": 200,
    "batch_size": 128,
    "optimizer": "sgd",
    "base_lr": 0.01,
    "weight_decay": 0.0005,
    "momentum": 0.9,
    "nesterov": true,
    "scheduler": "multistep",
    "milestones": [
      60,
      120,
      160
    ],
    "lr_decay": 0.2
  },
  "data_config": {
    "dataset": "CIFAR10H",
    "n_classes": 10,
    "num_workers": 7,
    "batch_size": 128,
    "use_cutout": false,
    "use_random_erasing": false,
    "use_mixup": false,
    "c10h_sample": false,
    "c10h_testsplit_percent": 0.1,
    "c10h_datasplit_seed": 2,
    "use_gpu": true
  },
  "run_config": {
    "seed": 17,
    "test_first": true,
    "gpu": "0",
    "tensorboard": false,
    "tensorboard_train_images": false,
    "tensorboard_test_images": false,
    "tensorboard_model_params": false,
    "resume": "/tigress/ruairidh/model_results/run_1/wrn_28_10/model_best_state.pth",
    "human_tune": true,
    "no_output": true,
    "test_only": false,
    "nonhuman_control": false,
    "c10h_scores_outdir": "/tigress/ruairidh/model_results/run_1/saves/wrn_28_10/con_False_lr_0.01_seed_2",
    "c10h_save_interval": "2",
    "use_gpu": true
  },
  "env_info": {
    "pytorch_version": "0.4.1",
    "cuda_version": "9.0.176",
    "cudnn_version": 7102,
    "gpu0": {
      "name": "Tesla P100-PCIE-16GB",
      "capability": "6.0"
    }
  }
}
Files already downloaded and verified
Files already downloaded and verified
Files already downloaded and verified
Files already downloaded and verified
Files already downloaded and verified
[2018/09/25 19:42:04 __main__ INFO] - Loading model...
[2018/09/25 19:42:05 __main__ INFO] - n_params: 36479194
[2018/09/25 19:42:07 __main__ INFO] - Done
=> loading checkpoint '/tigress/ruairidh/model_results/run_1/wrn_28_10/model_best_state.pth'
=> loaded checkpoint '/tigress/ruairidh/model_results/run_1/wrn_28_10/model_best_state.pth' (epoch 197)
[2018/09/25 19:42:10 __main__ INFO] - TEST 0
[2018/09/25 19:43:00 __main__ INFO] - - epoch 0    c10h_train    : 0.4530 (acc: 0.9493) | c10h_val    : 0.4780 (acc: 0.9620)
[2018/09/25 19:43:00 __main__ INFO] - -            c10h_train_c10: 0.1676 (acc: 0.9526) | c10h_val_c10: 0.1461 (acc: 0.9650)
[2018/09/25 19:43:00 __main__ INFO] - -            v4            : 0.4034 (acc: 0.8986) |           v6: 0.3818 (acc: 0.9100)
[2018/09/25 19:43:00 __main__ INFO] - -            c10_50k       : 0.0012 (acc: 1.0000)
[2018/09/25 19:43:00 __main__ INFO] - Elapsed 50.40
keys:  dict_keys(['epoch', 'c10h_train_loss', 'c10h_train_acc', 'c10h_val_loss', 'c10h_val_acc', 'c10h_train_c10_loss', 'c10h_train_c10_acc', 'c10h_val_c10_loss', 'c10h_val_c10_acc', 'v4_loss', 'v4_acc', 'v6_loss', 'v6_acc', 'c10_50k_loss', 'c10_50k_acc']) 
 c10h_outdir:  /tigress/ruairidh/model_results/run_1/saves/wrn_28_10/con_False_lr_0.01_seed_2
[2018/09/25 19:43:02 __main__ INFO] - Train 1
[2018/09/25 19:43:22 __main__ INFO] - TEST 1
[2018/09/25 19:44:10 __main__ INFO] - - epoch 1    c10h_train    : 0.3374 (acc: 0.9394) | c10h_val    : 0.3887 (acc: 0.9270)
[2018/09/25 19:44:10 __main__ INFO] - -            c10h_train_c10: 0.1976 (acc: 0.9392) | c10h_val_c10: 0.2298 (acc: 0.9290)
[2018/09/25 19:44:10 __main__ INFO] - -            v4            : 0.5008 (acc: 0.8402) |           v6: 0.4472 (acc: 0.8530)
[2018/09/25 19:44:10 __main__ INFO] - -            c10_50k       : 0.1272 (acc: 0.9729)
[2018/09/25 19:44:10 __main__ INFO] - Elapsed 47.99
keys:  dict_keys(['epoch', 'c10h_train_loss', 'c10h_train_acc', 'c10h_val_loss', 'c10h_val_acc', 'c10h_train_c10_loss', 'c10h_train_c10_acc', 'c10h_val_c10_loss', 'c10h_val_c10_acc', 'v4_loss', 'v4_acc', 'v6_loss', 'v6_acc', 'c10_50k_loss', 'c10_50k_acc']) 
 c10h_outdir:  /tigress/ruairidh/model_results/run_1/saves/wrn_28_10/con_False_lr_0.01_seed_2
[2018/09/25 19:44:13 __main__ INFO] - Train 2
[2018/09/25 19:44:33 __main__ INFO] - TEST 2
[2018/09/25 19:45:21 __main__ INFO] - - epoch 2    c10h_train    : 0.2941 (acc: 0.9537) | c10h_val    : 0.3854 (acc: 0.9350)
[2018/09/25 19:45:21 __main__ INFO] - -            c10h_train_c10: 0.1575 (acc: 0.9539) | c10h_val_c10: 0.2248 (acc: 0.9360)
[2018/09/25 19:45:21 __main__ INFO] - -            v4            : 0.4702 (acc: 0.8417) |           v6: 0.4306 (acc: 0.8595)
[2018/09/25 19:45:21 __main__ INFO] - -            c10_50k       : 0.1129 (acc: 0.9765)
[2018/09/25 19:45:21 __main__ INFO] - Elapsed 48.10
keys:  dict_keys(['epoch', 'c10h_train_loss', 'c10h_train_acc', 'c10h_val_loss', 'c10h_val_acc', 'c10h_train_c10_loss', 'c10h_train_c10_acc', 'c10h_val_c10_loss', 'c10h_val_c10_acc', 'v4_loss', 'v4_acc', 'v6_loss', 'v6_acc', 'c10_50k_loss', 'c10_50k_acc']) 
 c10h_outdir:  /tigress/ruairidh/model_results/run_1/saves/wrn_28_10/con_False_lr_0.01_seed_2
[2018/09/25 19:45:21 __main__ INFO] - Train 3
[2018/09/25 19:45:41 __main__ INFO] - TEST 3
[2018/09/25 19:46:29 __main__ INFO] - - epoch 3    c10h_train    : 0.2594 (acc: 0.9697) | c10h_val    : 0.3740 (acc: 0.9380)
[2018/09/25 19:46:29 __main__ INFO] - -            c10h_train_c10: 0.1122 (acc: 0.9694) | c10h_val_c10: 0.2071 (acc: 0.9410)
[2018/09/25 19:46:29 __main__ INFO] - -            v4            : 0.4287 (acc: 0.8644) |           v6: 0.3738 (acc: 0.8835)
[2018/09/25 19:46:29 __main__ INFO] - -            c10_50k       : 0.0884 (acc: 0.9855)
[2018/09/25 19:46:29 __main__ INFO] - Elapsed 47.93
keys:  dict_keys(['epoch', 'c10h_train_loss', 'c10h_train_acc', 'c10h_val_loss', 'c10h_val_acc', 'c10h_train_c10_loss', 'c10h_train_c10_acc', 'c10h_val_c10_loss', 'c10h_val_c10_acc', 'v4_loss', 'v4_acc', 'v6_loss', 'v6_acc', 'c10_50k_loss', 'c10_50k_acc']) 
 c10h_outdir:  /tigress/ruairidh/model_results/run_1/saves/wrn_28_10/con_False_lr_0.01_seed_2
[2018/09/25 19:46:33 __main__ INFO] - Train 4
[2018/09/25 19:46:52 __main__ INFO] - TEST 4
[2018/09/25 19:47:40 __main__ INFO] - - epoch 4    c10h_train    : 0.2473 (acc: 0.9751) | c10h_val    : 0.3522 (acc: 0.9460)
[2018/09/25 19:47:40 __main__ INFO] - -            c10h_train_c10: 0.1017 (acc: 0.9740) | c10h_val_c10: 0.1798 (acc: 0.9490)
[2018/09/25 19:47:40 __main__ INFO] - -            v4            : 0.4389 (acc: 0.8550) |           v6: 0.3861 (acc: 0.8710)
[2018/09/25 19:47:40 __main__ INFO] - -            c10_50k       : 0.0871 (acc: 0.9836)
[2018/09/25 19:47:40 __main__ INFO] - Elapsed 47.99
keys:  dict_keys(['epoch', 'c10h_train_loss', 'c10h_train_acc', 'c10h_val_loss', 'c10h_val_acc', 'c10h_train_c10_loss', 'c10h_train_c10_acc', 'c10h_val_c10_loss', 'c10h_val_c10_acc', 'v4_loss', 'v4_acc', 'v6_loss', 'v6_acc', 'c10_50k_loss', 'c10_50k_acc']) 
 c10h_outdir:  /tigress/ruairidh/model_results/run_1/saves/wrn_28_10/con_False_lr_0.01_seed_2
[2018/09/25 19:47:43 __main__ INFO] - Train 5
[2018/09/25 19:48:03 __main__ INFO] - TEST 5
[2018/09/25 19:48:51 __main__ INFO] - - epoch 5    c10h_train    : 0.2274 (acc: 0.9814) | c10h_val    : 0.3453 (acc: 0.9480)
[2018/09/25 19:48:51 __main__ INFO] - -            c10h_train_c10: 0.0802 (acc: 0.9803) | c10h_val_c10: 0.1798 (acc: 0.9490)
[2018/09/25 19:48:51 __main__ INFO] - -            v4            : 0.3887 (acc: 0.8763) |           v6: 0.3408 (acc: 0.8925)
[2018/09/25 19:48:51 __main__ INFO] - -            c10_50k       : 0.0729 (acc: 0.9886)
[2018/09/25 19:48:51 __main__ INFO] - Elapsed 48.04
keys:  dict_keys(['epoch', 'c10h_train_loss', 'c10h_train_acc', 'c10h_val_loss', 'c10h_val_acc', 'c10h_train_c10_loss', 'c10h_train_c10_acc', 'c10h_val_c10_loss', 'c10h_val_c10_acc', 'v4_loss', 'v4_acc', 'v6_loss', 'v6_acc', 'c10_50k_loss', 'c10_50k_acc']) 
 c10h_outdir:  /tigress/ruairidh/model_results/run_1/saves/wrn_28_10/con_False_lr_0.01_seed_2
[2018/09/25 19:48:54 __main__ INFO] - Train 6
[2018/09/25 19:49:13 __main__ INFO] - TEST 6
[2018/09/25 19:50:01 __main__ INFO] - - epoch 6    c10h_train    : 0.2247 (acc: 0.9821) | c10h_val    : 0.3526 (acc: 0.9420)
[2018/09/25 19:50:01 __main__ INFO] - -            c10h_train_c10: 0.0762 (acc: 0.9811) | c10h_val_c10: 0.1788 (acc: 0.9450)
[2018/09/25 19:50:01 __main__ INFO] - -            v4            : 0.4201 (acc: 0.8560) |           v6: 0.3776 (acc: 0.8770)
[2018/09/25 19:50:01 __main__ INFO] - -            c10_50k       : 0.0723 (acc: 0.9876)
[2018/09/25 19:50:01 __main__ INFO] - Elapsed 48.26
keys:  dict_keys(['epoch', 'c10h_train_loss', 'c10h_train_acc', 'c10h_val_loss', 'c10h_val_acc', 'c10h_train_c10_loss', 'c10h_train_c10_acc', 'c10h_val_c10_loss', 'c10h_val_c10_acc', 'v4_loss', 'v4_acc', 'v6_loss', 'v6_acc', 'c10_50k_loss', 'c10_50k_acc']) 
 c10h_outdir:  /tigress/ruairidh/model_results/run_1/saves/wrn_28_10/con_False_lr_0.01_seed_2
[2018/09/25 19:50:02 __main__ INFO] - Train 7
[2018/09/25 19:50:22 __main__ INFO] - TEST 7
[2018/09/25 19:51:10 __main__ INFO] - - epoch 7    c10h_train    : 0.2218 (acc: 0.9838) | c10h_val    : 0.3408 (acc: 0.9380)
[2018/09/25 19:51:10 __main__ INFO] - -            c10h_train_c10: 0.0806 (acc: 0.9800) | c10h_val_c10: 0.1791 (acc: 0.9410)
[2018/09/25 19:51:10 __main__ INFO] - -            v4            : 0.4101 (acc: 0.8649) |           v6: 0.3853 (acc: 0.8810)
[2018/09/25 19:51:10 __main__ INFO] - -            c10_50k       : 0.0753 (acc: 0.9886)
[2018/09/25 19:51:10 __main__ INFO] - Elapsed 48.37
keys:  dict_keys(['epoch', 'c10h_train_loss', 'c10h_train_acc', 'c10h_val_loss', 'c10h_val_acc', 'c10h_train_c10_loss', 'c10h_train_c10_acc', 'c10h_val_c10_loss', 'c10h_val_c10_acc', 'v4_loss', 'v4_acc', 'v6_loss', 'v6_acc', 'c10_50k_loss', 'c10_50k_acc']) 
 c10h_outdir:  /tigress/ruairidh/model_results/run_1/saves/wrn_28_10/con_False_lr_0.01_seed_2
[2018/09/25 19:51:13 __main__ INFO] - Train 8
[2018/09/25 19:51:33 __main__ INFO] - TEST 8
[2018/09/25 19:52:21 __main__ INFO] - - epoch 8    c10h_train    : 0.2159 (acc: 0.9848) | c10h_val    : 0.3311 (acc: 0.9470)
[2018/09/25 19:52:21 __main__ INFO] - -            c10h_train_c10: 0.0704 (acc: 0.9827) | c10h_val_c10: 0.1665 (acc: 0.9500)
[2018/09/25 19:52:21 __main__ INFO] - -            v4            : 0.3697 (acc: 0.8862) |           v6: 0.3258 (acc: 0.8980)
[2018/09/25 19:52:21 __main__ INFO] - -            c10_50k       : 0.0668 (acc: 0.9907)
[2018/09/25 19:52:21 __main__ INFO] - Elapsed 47.89
keys:  dict_keys(['epoch', 'c10h_train_loss', 'c10h_train_acc', 'c10h_val_loss', 'c10h_val_acc', 'c10h_train_c10_loss', 'c10h_train_c10_acc', 'c10h_val_c10_loss', 'c10h_val_c10_acc', 'v4_loss', 'v4_acc', 'v6_loss', 'v6_acc', 'c10_50k_loss', 'c10_50k_acc']) 
 c10h_outdir:  /tigress/ruairidh/model_results/run_1/saves/wrn_28_10/con_False_lr_0.01_seed_2
[2018/09/25 19:52:24 __main__ INFO] - Train 9
[2018/09/25 19:52:43 __main__ INFO] - TEST 9
[2018/09/25 19:53:31 __main__ INFO] - - epoch 9    c10h_train    : 0.2121 (acc: 0.9857) | c10h_val    : 0.3263 (acc: 0.9490)
[2018/09/25 19:53:31 __main__ INFO] - -            c10h_train_c10: 0.0707 (acc: 0.9819) | c10h_val_c10: 0.1660 (acc: 0.9510)
[2018/09/25 19:53:31 __main__ INFO] - -            v4            : 0.3807 (acc: 0.8753) |           v6: 0.3465 (acc: 0.8870)
[2018/09/25 19:53:31 __main__ INFO] - -            c10_50k       : 0.0668 (acc: 0.9913)
[2018/09/25 19:53:31 __main__ INFO] - Elapsed 47.79
keys:  dict_keys(['epoch', 'c10h_train_loss', 'c10h_train_acc', 'c10h_val_loss', 'c10h_val_acc', 'c10h_train_c10_loss', 'c10h_train_c10_acc', 'c10h_val_c10_loss', 'c10h_val_c10_acc', 'v4_loss', 'v4_acc', 'v6_loss', 'v6_acc', 'c10_50k_loss', 'c10_50k_acc']) 
 c10h_outdir:  /tigress/ruairidh/model_results/run_1/saves/wrn_28_10/con_False_lr_0.01_seed_2
[2018/09/25 19:53:32 __main__ INFO] - Train 10
[2018/09/25 19:53:52 __main__ INFO] - TEST 10
[2018/09/25 19:54:40 __main__ INFO] - - epoch 10    c10h_train    : 0.2118 (acc: 0.9844) | c10h_val    : 0.3235 (acc: 0.9430)
[2018/09/25 19:54:40 __main__ INFO] - -            c10h_train_c10: 0.0749 (acc: 0.9819) | c10h_val_c10: 0.1649 (acc: 0.9450)
[2018/09/25 19:54:40 __main__ INFO] - -            v4            : 0.3876 (acc: 0.8743) |           v6: 0.3651 (acc: 0.8810)
[2018/09/25 19:54:40 __main__ INFO] - -            c10_50k       : 0.0717 (acc: 0.9904)
[2018/09/25 19:54:40 __main__ INFO] - Elapsed 47.98
keys:  dict_keys(['epoch', 'c10h_train_loss', 'c10h_train_acc', 'c10h_val_loss', 'c10h_val_acc', 'c10h_train_c10_loss', 'c10h_train_c10_acc', 'c10h_val_c10_loss', 'c10h_val_c10_acc', 'v4_loss', 'v4_acc', 'v6_loss', 'v6_acc', 'c10_50k_loss', 'c10_50k_acc']) 
 c10h_outdir:  /tigress/ruairidh/model_results/run_1/saves/wrn_28_10/con_False_lr_0.01_seed_2
[2018/09/25 19:54:42 __main__ INFO] - Train 11
[2018/09/25 19:55:01 __main__ INFO] - TEST 11
[2018/09/25 19:55:49 __main__ INFO] - - epoch 11    c10h_train    : 0.2100 (acc: 0.9866) | c10h_val    : 0.3224 (acc: 0.9500)
[2018/09/25 19:55:49 __main__ INFO] - -            c10h_train_c10: 0.0654 (acc: 0.9826) | c10h_val_c10: 0.1579 (acc: 0.9500)
[2018/09/25 19:55:49 __main__ INFO] - -            v4            : 0.3749 (acc: 0.8768) |           v6: 0.3452 (acc: 0.8875)
[2018/09/25 19:55:49 __main__ INFO] - -            c10_50k       : 0.0629 (acc: 0.9913)
[2018/09/25 19:55:49 __main__ INFO] - Elapsed 48.03
keys:  dict_keys(['epoch', 'c10h_train_loss', 'c10h_train_acc', 'c10h_val_loss', 'c10h_val_acc', 'c10h_train_c10_loss', 'c10h_train_c10_acc', 'c10h_val_c10_loss', 'c10h_val_c10_acc', 'v4_loss', 'v4_acc', 'v6_loss', 'v6_acc', 'c10_50k_loss', 'c10_50k_acc']) 
 c10h_outdir:  /tigress/ruairidh/model_results/run_1/saves/wrn_28_10/con_False_lr_0.01_seed_2
[2018/09/25 19:55:50 __main__ INFO] - Train 12
[2018/09/25 19:56:10 __main__ INFO] - TEST 12
[2018/09/25 19:56:58 __main__ INFO] - - epoch 12    c10h_train    : 0.2065 (acc: 0.9862) | c10h_val    : 0.3260 (acc: 0.9450)
[2018/09/25 19:56:59 __main__ INFO] - -            c10h_train_c10: 0.0712 (acc: 0.9817) | c10h_val_c10: 0.1710 (acc: 0.9450)
[2018/09/25 19:56:59 __main__ INFO] - -            v4            : 0.3929 (acc: 0.8758) |           v6: 0.3473 (acc: 0.8840)
[2018/09/25 19:56:59 __main__ INFO] - -            c10_50k       : 0.0689 (acc: 0.9901)
[2018/09/25 19:56:59 __main__ INFO] - Elapsed 48.85
keys:  dict_keys(['epoch', 'c10h_train_loss', 'c10h_train_acc', 'c10h_val_loss', 'c10h_val_acc', 'c10h_train_c10_loss', 'c10h_train_c10_acc', 'c10h_val_c10_loss', 'c10h_val_c10_acc', 'v4_loss', 'v4_acc', 'v6_loss', 'v6_acc', 'c10_50k_loss', 'c10_50k_acc']) 
 c10h_outdir:  /tigress/ruairidh/model_results/run_1/saves/wrn_28_10/con_False_lr_0.01_seed_2
[2018/09/25 19:57:02 __main__ INFO] - Train 13
[2018/09/25 19:57:21 __main__ INFO] - TEST 13
[2018/09/25 19:58:09 __main__ INFO] - - epoch 13    c10h_train    : 0.2057 (acc: 0.9863) | c10h_val    : 0.3216 (acc: 0.9510)
[2018/09/25 19:58:10 __main__ INFO] - -            c10h_train_c10: 0.0747 (acc: 0.9816) | c10h_val_c10: 0.1701 (acc: 0.9540)
[2018/09/25 19:58:10 __main__ INFO] - -            v4            : 0.3930 (acc: 0.8738) |           v6: 0.3324 (acc: 0.8945)
[2018/09/25 19:58:10 __main__ INFO] - -            c10_50k       : 0.0719 (acc: 0.9916)
[2018/09/25 19:58:10 __main__ INFO] - Elapsed 48.14
keys:  dict_keys(['epoch', 'c10h_train_loss', 'c10h_train_acc', 'c10h_val_loss', 'c10h_val_acc', 'c10h_train_c10_loss', 'c10h_train_c10_acc', 'c10h_val_c10_loss', 'c10h_val_c10_acc', 'v4_loss', 'v4_acc', 'v6_loss', 'v6_acc', 'c10_50k_loss', 'c10_50k_acc']) 
 c10h_outdir:  /tigress/ruairidh/model_results/run_1/saves/wrn_28_10/con_False_lr_0.01_seed_2
[2018/09/25 19:58:12 __main__ INFO] - Train 14
[2018/09/25 19:58:32 __main__ INFO] - TEST 14
[2018/09/25 19:59:20 __main__ INFO] - - epoch 14    c10h_train    : 0.2045 (acc: 0.9858) | c10h_val    : 0.3173 (acc: 0.9490)
[2018/09/25 19:59:20 __main__ INFO] - -            c10h_train_c10: 0.0712 (acc: 0.9816) | c10h_val_c10: 0.1631 (acc: 0.9510)
[2018/09/25 19:59:20 __main__ INFO] - -            v4            : 0.3688 (acc: 0.8882) |           v6: 0.3296 (acc: 0.9035)
[2018/09/25 19:59:20 __main__ INFO] - -            c10_50k       : 0.0690 (acc: 0.9912)
[2018/09/25 19:59:20 __main__ INFO] - Elapsed 48.24
keys:  dict_keys(['epoch', 'c10h_train_loss', 'c10h_train_acc', 'c10h_val_loss', 'c10h_val_acc', 'c10h_train_c10_loss', 'c10h_train_c10_acc', 'c10h_val_c10_loss', 'c10h_val_c10_acc', 'v4_loss', 'v4_acc', 'v6_loss', 'v6_acc', 'c10_50k_loss', 'c10_50k_acc']) 
 c10h_outdir:  /tigress/ruairidh/model_results/run_1/saves/wrn_28_10/con_False_lr_0.01_seed_2
[2018/09/25 19:59:22 __main__ INFO] - Train 15
[2018/09/25 19:59:41 __main__ INFO] - TEST 15
[2018/09/25 20:00:29 __main__ INFO] - - epoch 15    c10h_train    : 0.2028 (acc: 0.9862) | c10h_val    : 0.3175 (acc: 0.9520)
[2018/09/25 20:00:29 __main__ INFO] - -            c10h_train_c10: 0.0675 (acc: 0.9836) | c10h_val_c10: 0.1587 (acc: 0.9550)
[2018/09/25 20:00:29 __main__ INFO] - -            v4            : 0.3607 (acc: 0.8857) |           v6: 0.3293 (acc: 0.8950)
[2018/09/25 20:00:29 __main__ INFO] - -            c10_50k       : 0.0681 (acc: 0.9920)
[2018/09/25 20:00:29 __main__ INFO] - Elapsed 47.90
keys:  dict_keys(['epoch', 'c10h_train_loss', 'c10h_train_acc', 'c10h_val_loss', 'c10h_val_acc', 'c10h_train_c10_loss', 'c10h_train_c10_acc', 'c10h_val_c10_loss', 'c10h_val_c10_acc', 'v4_loss', 'v4_acc', 'v6_loss', 'v6_acc', 'c10_50k_loss', 'c10_50k_acc']) 
 c10h_outdir:  /tigress/ruairidh/model_results/run_1/saves/wrn_28_10/con_False_lr_0.01_seed_2
[2018/09/25 20:00:31 __main__ INFO] - Train 16
[2018/09/25 20:00:50 __main__ INFO] - TEST 16
[2018/09/25 20:01:38 __main__ INFO] - - epoch 16    c10h_train    : 0.2027 (acc: 0.9868) | c10h_val    : 0.3291 (acc: 0.9420)
[2018/09/25 20:01:38 __main__ INFO] - -            c10h_train_c10: 0.0688 (acc: 0.9832) | c10h_val_c10: 0.1754 (acc: 0.9420)
[2018/09/25 20:01:38 __main__ INFO] - -            v4            : 0.3648 (acc: 0.8798) |           v6: 0.3381 (acc: 0.8950)
[2018/09/25 20:01:38 __main__ INFO] - -            c10_50k       : 0.0696 (acc: 0.9902)
[2018/09/25 20:01:38 __main__ INFO] - Elapsed 47.93
keys:  dict_keys(['epoch', 'c10h_train_loss', 'c10h_train_acc', 'c10h_val_loss', 'c10h_val_acc', 'c10h_train_c10_loss', 'c10h_train_c10_acc', 'c10h_val_c10_loss', 'c10h_val_c10_acc', 'v4_loss', 'v4_acc', 'v6_loss', 'v6_acc', 'c10_50k_loss', 'c10_50k_acc']) 
 c10h_outdir:  /tigress/ruairidh/model_results/run_1/saves/wrn_28_10/con_False_lr_0.01_seed_2
[2018/09/25 20:01:41 __main__ INFO] - Train 17
[2018/09/25 20:02:01 __main__ INFO] - TEST 17
[2018/09/25 20:02:48 __main__ INFO] - - epoch 17    c10h_train    : 0.2012 (acc: 0.9863) | c10h_val    : 0.3242 (acc: 0.9460)
[2018/09/25 20:02:49 __main__ INFO] - -            c10h_train_c10: 0.0655 (acc: 0.9834) | c10h_val_c10: 0.1695 (acc: 0.9480)
[2018/09/25 20:02:49 __main__ INFO] - -            v4            : 0.3515 (acc: 0.8887) |           v6: 0.3297 (acc: 0.8980)
[2018/09/25 20:02:49 __main__ INFO] - -            c10_50k       : 0.0659 (acc: 0.9915)
[2018/09/25 20:02:49 __main__ INFO] - Elapsed 47.88
keys:  dict_keys(['epoch', 'c10h_train_loss', 'c10h_train_acc', 'c10h_val_loss', 'c10h_val_acc', 'c10h_train_c10_loss', 'c10h_train_c10_acc', 'c10h_val_c10_loss', 'c10h_val_c10_acc', 'v4_loss', 'v4_acc', 'v6_loss', 'v6_acc', 'c10_50k_loss', 'c10_50k_acc']) 
 c10h_outdir:  /tigress/ruairidh/model_results/run_1/saves/wrn_28_10/con_False_lr_0.01_seed_2
[2018/09/25 20:02:50 __main__ INFO] - Train 18
[2018/09/25 20:03:10 __main__ INFO] - TEST 18
[2018/09/25 20:03:58 __main__ INFO] - - epoch 18    c10h_train    : 0.1996 (acc: 0.9876) | c10h_val    : 0.3128 (acc: 0.9560)
[2018/09/25 20:03:58 __main__ INFO] - -            c10h_train_c10: 0.0602 (acc: 0.9850) | c10h_val_c10: 0.1515 (acc: 0.9580)
[2018/09/25 20:03:58 __main__ INFO] - -            v4            : 0.3505 (acc: 0.8882) |           v6: 0.3256 (acc: 0.8950)
[2018/09/25 20:03:58 __main__ INFO] - -            c10_50k       : 0.0630 (acc: 0.9918)
[2018/09/25 20:03:58 __main__ INFO] - Elapsed 47.99
keys:  dict_keys(['epoch', 'c10h_train_loss', 'c10h_train_acc', 'c10h_val_loss', 'c10h_val_acc', 'c10h_train_c10_loss', 'c10h_train_c10_acc', 'c10h_val_c10_loss', 'c10h_val_c10_acc', 'v4_loss', 'v4_acc', 'v6_loss', 'v6_acc', 'c10_50k_loss', 'c10_50k_acc']) 
 c10h_outdir:  /tigress/ruairidh/model_results/run_1/saves/wrn_28_10/con_False_lr_0.01_seed_2
[2018/09/25 20:04:00 __main__ INFO] - Train 19
[2018/09/25 20:04:20 __main__ INFO] - TEST 19
[2018/09/25 20:05:08 __main__ INFO] - - epoch 19    c10h_train    : 0.1985 (acc: 0.9877) | c10h_val    : 0.3227 (acc: 0.9470)
[2018/09/25 20:05:08 __main__ INFO] - -            c10h_train_c10: 0.0637 (acc: 0.9849) | c10h_val_c10: 0.1658 (acc: 0.9480)
[2018/09/25 20:05:08 __main__ INFO] - -            v4            : 0.3655 (acc: 0.8812) |           v6: 0.3277 (acc: 0.8960)
[2018/09/25 20:05:08 __main__ INFO] - -            c10_50k       : 0.0649 (acc: 0.9924)
[2018/09/25 20:05:08 __main__ INFO] - Elapsed 48.25
keys:  dict_keys(['epoch', 'c10h_train_loss', 'c10h_train_acc', 'c10h_val_loss', 'c10h_val_acc', 'c10h_train_c10_loss', 'c10h_train_c10_acc', 'c10h_val_c10_loss', 'c10h_val_c10_acc', 'v4_loss', 'v4_acc', 'v6_loss', 'v6_acc', 'c10_50k_loss', 'c10_50k_acc']) 
 c10h_outdir:  /tigress/ruairidh/model_results/run_1/saves/wrn_28_10/con_False_lr_0.01_seed_2
[2018/09/25 20:05:10 __main__ INFO] - Train 20
[2018/09/25 20:05:29 __main__ INFO] - TEST 20
[2018/09/25 20:06:17 __main__ INFO] - - epoch 20    c10h_train    : 0.1967 (acc: 0.9874) | c10h_val    : 0.3078 (acc: 0.9520)
[2018/09/25 20:06:17 __main__ INFO] - -            c10h_train_c10: 0.0654 (acc: 0.9831) | c10h_val_c10: 0.1514 (acc: 0.9550)
[2018/09/25 20:06:17 __main__ INFO] - -            v4            : 0.3562 (acc: 0.8926) |           v6: 0.3333 (acc: 0.8955)
[2018/09/25 20:06:17 __main__ INFO] - -            c10_50k       : 0.0637 (acc: 0.9927)
[2018/09/25 20:06:17 __main__ INFO] - Elapsed 48.03
keys:  dict_keys(['epoch', 'c10h_train_loss', 'c10h_train_acc', 'c10h_val_loss', 'c10h_val_acc', 'c10h_train_c10_loss', 'c10h_train_c10_acc', 'c10h_val_c10_loss', 'c10h_val_c10_acc', 'v4_loss', 'v4_acc', 'v6_loss', 'v6_acc', 'c10_50k_loss', 'c10_50k_acc']) 
 c10h_outdir:  /tigress/ruairidh/model_results/run_1/saves/wrn_28_10/con_False_lr_0.01_seed_2
[2018/09/25 20:06:19 __main__ INFO] - Train 21
[2018/09/25 20:06:39 __main__ INFO] - TEST 21
[2018/09/25 20:07:27 __main__ INFO] - - epoch 21    c10h_train    : 0.1966 (acc: 0.9867) | c10h_val    : 0.3127 (acc: 0.9520)
[2018/09/25 20:07:27 __main__ INFO] - -            c10h_train_c10: 0.0646 (acc: 0.9850) | c10h_val_c10: 0.1573 (acc: 0.9550)
[2018/09/25 20:07:27 __main__ INFO] - -            v4            : 0.3604 (acc: 0.8822) |           v6: 0.3205 (acc: 0.9020)
[2018/09/25 20:07:27 __main__ INFO] - -            c10_50k       : 0.0635 (acc: 0.9934)
[2018/09/25 20:07:27 __main__ INFO] - Elapsed 47.95
keys:  dict_keys(['epoch', 'c10h_train_loss', 'c10h_train_acc', 'c10h_val_loss', 'c10h_val_acc', 'c10h_train_c10_loss', 'c10h_train_c10_acc', 'c10h_val_c10_loss', 'c10h_val_c10_acc', 'v4_loss', 'v4_acc', 'v6_loss', 'v6_acc', 'c10_50k_loss', 'c10_50k_acc']) 
 c10h_outdir:  /tigress/ruairidh/model_results/run_1/saves/wrn_28_10/con_False_lr_0.01_seed_2
[2018/09/25 20:07:29 __main__ INFO] - Train 22
[2018/09/25 20:07:49 __main__ INFO] - TEST 22
[2018/09/25 20:08:37 __main__ INFO] - - epoch 22    c10h_train    : 0.1970 (acc: 0.9873) | c10h_val    : 0.3191 (acc: 0.9480)
[2018/09/25 20:08:37 __main__ INFO] - -            c10h_train_c10: 0.0636 (acc: 0.9842) | c10h_val_c10: 0.1614 (acc: 0.9510)
[2018/09/25 20:08:37 __main__ INFO] - -            v4            : 0.3561 (acc: 0.8906) |           v6: 0.3304 (acc: 0.8930)
[2018/09/25 20:08:37 __main__ INFO] - -            c10_50k       : 0.0669 (acc: 0.9916)
[2018/09/25 20:08:37 __main__ INFO] - Elapsed 48.09
keys:  dict_keys(['epoch', 'c10h_train_loss', 'c10h_train_acc', 'c10h_val_loss', 'c10h_val_acc', 'c10h_train_c10_loss', 'c10h_train_c10_acc', 'c10h_val_c10_loss', 'c10h_val_c10_acc', 'v4_loss', 'v4_acc', 'v6_loss', 'v6_acc', 'c10_50k_loss', 'c10_50k_acc']) 
 c10h_outdir:  /tigress/ruairidh/model_results/run_1/saves/wrn_28_10/con_False_lr_0.01_seed_2
[2018/09/25 20:08:37 __main__ INFO] - Train 23
[2018/09/25 20:08:57 __main__ INFO] - TEST 23
[2018/09/25 20:09:45 __main__ INFO] - - epoch 23    c10h_train    : 0.1957 (acc: 0.9886) | c10h_val    : 0.3130 (acc: 0.9540)
[2018/09/25 20:09:45 __main__ INFO] - -            c10h_train_c10: 0.0637 (acc: 0.9841) | c10h_val_c10: 0.1579 (acc: 0.9570)
[2018/09/25 20:09:45 __main__ INFO] - -            v4            : 0.3616 (acc: 0.8837) |           v6: 0.3287 (acc: 0.8930)
[2018/09/25 20:09:45 __main__ INFO] - -            c10_50k       : 0.0648 (acc: 0.9926)
[2018/09/25 20:09:45 __main__ INFO] - Elapsed 47.96
keys:  dict_keys(['epoch', 'c10h_train_loss', 'c10h_train_acc', 'c10h_val_loss', 'c10h_val_acc', 'c10h_train_c10_loss', 'c10h_train_c10_acc', 'c10h_val_c10_loss', 'c10h_val_c10_acc', 'v4_loss', 'v4_acc', 'v6_loss', 'v6_acc', 'c10_50k_loss', 'c10_50k_acc']) 
 c10h_outdir:  /tigress/ruairidh/model_results/run_1/saves/wrn_28_10/con_False_lr_0.01_seed_2
[2018/09/25 20:09:45 __main__ INFO] - Train 24
[2018/09/25 20:10:05 __main__ INFO] - TEST 24
[2018/09/25 20:10:53 __main__ INFO] - - epoch 24    c10h_train    : 0.1958 (acc: 0.9878) | c10h_val    : 0.3137 (acc: 0.9530)
[2018/09/25 20:10:53 __main__ INFO] - -            c10h_train_c10: 0.0662 (acc: 0.9838) | c10h_val_c10: 0.1625 (acc: 0.9560)
[2018/09/25 20:10:53 __main__ INFO] - -            v4            : 0.3748 (acc: 0.8773) |           v6: 0.3492 (acc: 0.8840)
[2018/09/25 20:10:53 __main__ INFO] - -            c10_50k       : 0.0674 (acc: 0.9915)
[2018/09/25 20:10:53 __main__ INFO] - Elapsed 48.03
keys:  dict_keys(['epoch', 'c10h_train_loss', 'c10h_train_acc', 'c10h_val_loss', 'c10h_val_acc', 'c10h_train_c10_loss', 'c10h_train_c10_acc', 'c10h_val_c10_loss', 'c10h_val_c10_acc', 'v4_loss', 'v4_acc', 'v6_loss', 'v6_acc', 'c10_50k_loss', 'c10_50k_acc']) 
 c10h_outdir:  /tigress/ruairidh/model_results/run_1/saves/wrn_28_10/con_False_lr_0.01_seed_2
[2018/09/25 20:10:55 __main__ INFO] - Train 25
[2018/09/25 20:11:14 __main__ INFO] - TEST 25
[2018/09/25 20:12:02 __main__ INFO] - - epoch 25    c10h_train    : 0.1933 (acc: 0.9880) | c10h_val    : 0.3118 (acc: 0.9490)
[2018/09/25 20:12:02 __main__ INFO] - -            c10h_train_c10: 0.0634 (acc: 0.9832) | c10h_val_c10: 0.1624 (acc: 0.9520)
[2018/09/25 20:12:02 __main__ INFO] - -            v4            : 0.3772 (acc: 0.8753) |           v6: 0.3490 (acc: 0.8890)
[2018/09/25 20:12:02 __main__ INFO] - -            c10_50k       : 0.0628 (acc: 0.9925)
[2018/09/25 20:12:02 __main__ INFO] - Elapsed 47.86
keys:  dict_keys(['epoch', 'c10h_train_loss', 'c10h_train_acc', 'c10h_val_loss', 'c10h_val_acc', 'c10h_train_c10_loss', 'c10h_train_c10_acc', 'c10h_val_c10_loss', 'c10h_val_c10_acc', 'v4_loss', 'v4_acc', 'v6_loss', 'v6_acc', 'c10_50k_loss', 'c10_50k_acc']) 
 c10h_outdir:  /tigress/ruairidh/model_results/run_1/saves/wrn_28_10/con_False_lr_0.01_seed_2
[2018/09/25 20:12:03 __main__ INFO] - Train 26
[2018/09/25 20:12:22 __main__ INFO] - TEST 26
[2018/09/25 20:13:10 __main__ INFO] - - epoch 26    c10h_train    : 0.1939 (acc: 0.9880) | c10h_val    : 0.3153 (acc: 0.9550)
[2018/09/25 20:13:10 __main__ INFO] - -            c10h_train_c10: 0.0579 (acc: 0.9852) | c10h_val_c10: 0.1567 (acc: 0.9580)
[2018/09/25 20:13:10 __main__ INFO] - -            v4            : 0.3419 (acc: 0.8911) |           v6: 0.3295 (acc: 0.8970)
[2018/09/25 20:13:10 __main__ INFO] - -            c10_50k       : 0.0591 (acc: 0.9932)
[2018/09/25 20:13:10 __main__ INFO] - Elapsed 48.03
keys:  dict_keys(['epoch', 'c10h_train_loss', 'c10h_train_acc', 'c10h_val_loss', 'c10h_val_acc', 'c10h_train_c10_loss', 'c10h_train_c10_acc', 'c10h_val_c10_loss', 'c10h_val_c10_acc', 'v4_loss', 'v4_acc', 'v6_loss', 'v6_acc', 'c10_50k_loss', 'c10_50k_acc']) 
 c10h_outdir:  /tigress/ruairidh/model_results/run_1/saves/wrn_28_10/con_False_lr_0.01_seed_2
[2018/09/25 20:13:13 __main__ INFO] - Train 27
[2018/09/25 20:13:33 __main__ INFO] - TEST 27
[2018/09/25 20:14:20 __main__ INFO] - - epoch 27    c10h_train    : 0.1932 (acc: 0.9866) | c10h_val    : 0.3161 (acc: 0.9500)
[2018/09/25 20:14:21 __main__ INFO] - -            c10h_train_c10: 0.0659 (acc: 0.9836) | c10h_val_c10: 0.1677 (acc: 0.9530)
[2018/09/25 20:14:21 __main__ INFO] - -            v4            : 0.3692 (acc: 0.8842) |           v6: 0.3431 (acc: 0.8915)
[2018/09/25 20:14:21 __main__ INFO] - -            c10_50k       : 0.0681 (acc: 0.9924)
[2018/09/25 20:14:21 __main__ INFO] - Elapsed 47.92
keys:  dict_keys(['epoch', 'c10h_train_loss', 'c10h_train_acc', 'c10h_val_loss', 'c10h_val_acc', 'c10h_train_c10_loss', 'c10h_train_c10_acc', 'c10h_val_c10_loss', 'c10h_val_c10_acc', 'v4_loss', 'v4_acc', 'v6_loss', 'v6_acc', 'c10_50k_loss', 'c10_50k_acc']) 
 c10h_outdir:  /tigress/ruairidh/model_results/run_1/saves/wrn_28_10/con_False_lr_0.01_seed_2
[2018/09/25 20:14:24 __main__ INFO] - Train 28
[2018/09/25 20:14:43 __main__ INFO] - TEST 28
[2018/09/25 20:15:32 __main__ INFO] - - epoch 28    c10h_train    : 0.1923 (acc: 0.9890) | c10h_val    : 0.3156 (acc: 0.9530)
[2018/09/25 20:15:32 __main__ INFO] - -            c10h_train_c10: 0.0629 (acc: 0.9849) | c10h_val_c10: 0.1643 (acc: 0.9540)
[2018/09/25 20:15:32 __main__ INFO] - -            v4            : 0.3703 (acc: 0.8788) |           v6: 0.3366 (acc: 0.8965)
[2018/09/25 20:15:32 __main__ INFO] - -            c10_50k       : 0.0631 (acc: 0.9921)
[2018/09/25 20:15:32 __main__ INFO] - Elapsed 48.26
keys:  dict_keys(['epoch', 'c10h_train_loss', 'c10h_train_acc', 'c10h_val_loss', 'c10h_val_acc', 'c10h_train_c10_loss', 'c10h_train_c10_acc', 'c10h_val_c10_loss', 'c10h_val_c10_acc', 'v4_loss', 'v4_acc', 'v6_loss', 'v6_acc', 'c10_50k_loss', 'c10_50k_acc']) 
 c10h_outdir:  /tigress/ruairidh/model_results/run_1/saves/wrn_28_10/con_False_lr_0.01_seed_2
[2018/09/25 20:15:32 __main__ INFO] - Train 29
[2018/09/25 20:15:52 __main__ INFO] - TEST 29
[2018/09/25 20:16:40 __main__ INFO] - - epoch 29    c10h_train    : 0.1928 (acc: 0.9878) | c10h_val    : 0.3157 (acc: 0.9500)
[2018/09/25 20:16:40 __main__ INFO] - -            c10h_train_c10: 0.0686 (acc: 0.9839) | c10h_val_c10: 0.1676 (acc: 0.9530)
[2018/09/25 20:16:40 __main__ INFO] - -            v4            : 0.3660 (acc: 0.8837) |           v6: 0.3414 (acc: 0.8975)
[2018/09/25 20:16:40 __main__ INFO] - -            c10_50k       : 0.0691 (acc: 0.9923)
[2018/09/25 20:16:40 __main__ INFO] - Elapsed 48.06
keys:  dict_keys(['epoch', 'c10h_train_loss', 'c10h_train_acc', 'c10h_val_loss', 'c10h_val_acc', 'c10h_train_c10_loss', 'c10h_train_c10_acc', 'c10h_val_c10_loss', 'c10h_val_c10_acc', 'v4_loss', 'v4_acc', 'v6_loss', 'v6_acc', 'c10_50k_loss', 'c10_50k_acc']) 
 c10h_outdir:  /tigress/ruairidh/model_results/run_1/saves/wrn_28_10/con_False_lr_0.01_seed_2
[2018/09/25 20:16:40 __main__ INFO] - Train 30
[2018/09/25 20:17:00 __main__ INFO] - TEST 30
[2018/09/25 20:17:48 __main__ INFO] - - epoch 30    c10h_train    : 0.1908 (acc: 0.9883) | c10h_val    : 0.3164 (acc: 0.9500)
[2018/09/25 20:17:48 __main__ INFO] - -            c10h_train_c10: 0.0592 (acc: 0.9846) | c10h_val_c10: 0.1591 (acc: 0.9530)
[2018/09/25 20:17:48 __main__ INFO] - -            v4            : 0.3604 (acc: 0.8783) |           v6: 0.3250 (acc: 0.8945)
[2018/09/25 20:17:48 __main__ INFO] - -            c10_50k       : 0.0599 (acc: 0.9927)
[2018/09/25 20:17:48 __main__ INFO] - Elapsed 47.88
keys:  dict_keys(['epoch', 'c10h_train_loss', 'c10h_train_acc', 'c10h_val_loss', 'c10h_val_acc', 'c10h_train_c10_loss', 'c10h_train_c10_acc', 'c10h_val_c10_loss', 'c10h_val_c10_acc', 'v4_loss', 'v4_acc', 'v6_loss', 'v6_acc', 'c10_50k_loss', 'c10_50k_acc']) 
 c10h_outdir:  /tigress/ruairidh/model_results/run_1/saves/wrn_28_10/con_False_lr_0.01_seed_2
[2018/09/25 20:17:49 __main__ INFO] - Train 31
[2018/09/25 20:18:08 __main__ INFO] - TEST 31
[2018/09/25 20:18:56 __main__ INFO] - - epoch 31    c10h_train    : 0.1911 (acc: 0.9881) | c10h_val    : 0.3162 (acc: 0.9520)
[2018/09/25 20:18:56 __main__ INFO] - -            c10h_train_c10: 0.0638 (acc: 0.9834) | c10h_val_c10: 0.1586 (acc: 0.9550)
[2018/09/25 20:18:56 __main__ INFO] - -            v4            : 0.3668 (acc: 0.8857) |           v6: 0.3464 (acc: 0.8885)
[2018/09/25 20:18:56 __main__ INFO] - -            c10_50k       : 0.0656 (acc: 0.9922)
[2018/09/25 20:18:56 __main__ INFO] - Elapsed 47.88
keys:  dict_keys(['epoch', 'c10h_train_loss', 'c10h_train_acc', 'c10h_val_loss', 'c10h_val_acc', 'c10h_train_c10_loss', 'c10h_train_c10_acc', 'c10h_val_c10_loss', 'c10h_val_c10_acc', 'v4_loss', 'v4_acc', 'v6_loss', 'v6_acc', 'c10_50k_loss', 'c10_50k_acc']) 
 c10h_outdir:  /tigress/ruairidh/model_results/run_1/saves/wrn_28_10/con_False_lr_0.01_seed_2
[2018/09/25 20:18:59 __main__ INFO] - Train 32
[2018/09/25 20:19:18 __main__ INFO] - TEST 32
[2018/09/25 20:20:06 __main__ INFO] - - epoch 32    c10h_train    : 0.1904 (acc: 0.9899) | c10h_val    : 0.3170 (acc: 0.9500)
[2018/09/25 20:20:06 __main__ INFO] - -            c10h_train_c10: 0.0700 (acc: 0.9849) | c10h_val_c10: 0.1687 (acc: 0.9530)
[2018/09/25 20:20:06 __main__ INFO] - -            v4            : 0.3702 (acc: 0.8842) |           v6: 0.3358 (acc: 0.8935)
[2018/09/25 20:20:06 __main__ INFO] - -            c10_50k       : 0.0703 (acc: 0.9927)
[2018/09/25 20:20:06 __main__ INFO] - Elapsed 47.89
keys:  dict_keys(['epoch', 'c10h_train_loss', 'c10h_train_acc', 'c10h_val_loss', 'c10h_val_acc', 'c10h_train_c10_loss', 'c10h_train_c10_acc', 'c10h_val_c10_loss', 'c10h_val_c10_acc', 'v4_loss', 'v4_acc', 'v6_loss', 'v6_acc', 'c10_50k_loss', 'c10_50k_acc']) 
 c10h_outdir:  /tigress/ruairidh/model_results/run_1/saves/wrn_28_10/con_False_lr_0.01_seed_2
[2018/09/25 20:20:07 __main__ INFO] - Train 33
[2018/09/25 20:20:27 __main__ INFO] - TEST 33
[2018/09/25 20:21:15 __main__ INFO] - - epoch 33    c10h_train    : 0.1901 (acc: 0.9884) | c10h_val    : 0.3148 (acc: 0.9500)
[2018/09/25 20:21:15 __main__ INFO] - -            c10h_train_c10: 0.0669 (acc: 0.9851) | c10h_val_c10: 0.1638 (acc: 0.9530)
[2018/09/25 20:21:15 __main__ INFO] - -            v4            : 0.3725 (acc: 0.8837) |           v6: 0.3425 (acc: 0.8910)
[2018/09/25 20:21:15 __main__ INFO] - -            c10_50k       : 0.0687 (acc: 0.9924)
[2018/09/25 20:21:15 __main__ INFO] - Elapsed 48.09
keys:  dict_keys(['epoch', 'c10h_train_loss', 'c10h_train_acc', 'c10h_val_loss', 'c10h_val_acc', 'c10h_train_c10_loss', 'c10h_train_c10_acc', 'c10h_val_c10_loss', 'c10h_val_c10_acc', 'v4_loss', 'v4_acc', 'v6_loss', 'v6_acc', 'c10_50k_loss', 'c10_50k_acc']) 
 c10h_outdir:  /tigress/ruairidh/model_results/run_1/saves/wrn_28_10/con_False_lr_0.01_seed_2
[2018/09/25 20:21:16 __main__ INFO] - Train 34
[2018/09/25 20:21:35 __main__ INFO] - TEST 34
[2018/09/25 20:22:23 __main__ INFO] - - epoch 34    c10h_train    : 0.1897 (acc: 0.9880) | c10h_val    : 0.3206 (acc: 0.9520)
[2018/09/25 20:22:23 __main__ INFO] - -            c10h_train_c10: 0.0677 (acc: 0.9838) | c10h_val_c10: 0.1718 (acc: 0.9550)
[2018/09/25 20:22:23 __main__ INFO] - -            v4            : 0.3836 (acc: 0.8753) |           v6: 0.3435 (acc: 0.8900)
[2018/09/25 20:22:23 __main__ INFO] - -            c10_50k       : 0.0699 (acc: 0.9915)
[2018/09/25 20:22:23 __main__ INFO] - Elapsed 48.01
keys:  dict_keys(['epoch', 'c10h_train_loss', 'c10h_train_acc', 'c10h_val_loss', 'c10h_val_acc', 'c10h_train_c10_loss', 'c10h_train_c10_acc', 'c10h_val_c10_loss', 'c10h_val_c10_acc', 'v4_loss', 'v4_acc', 'v6_loss', 'v6_acc', 'c10_50k_loss', 'c10_50k_acc']) 
 c10h_outdir:  /tigress/ruairidh/model_results/run_1/saves/wrn_28_10/con_False_lr_0.01_seed_2
[2018/09/25 20:22:25 __main__ INFO] - Train 35
[2018/09/25 20:22:44 __main__ INFO] - TEST 35
[2018/09/25 20:23:32 __main__ INFO] - - epoch 35    c10h_train    : 0.1888 (acc: 0.9899) | c10h_val    : 0.3255 (acc: 0.9480)
[2018/09/25 20:23:32 __main__ INFO] - -            c10h_train_c10: 0.0623 (acc: 0.9849) | c10h_val_c10: 0.1740 (acc: 0.9500)
[2018/09/25 20:23:32 __main__ INFO] - -            v4            : 0.3633 (acc: 0.8822) |           v6: 0.3326 (acc: 0.8930)
[2018/09/25 20:23:32 __main__ INFO] - -            c10_50k       : 0.0615 (acc: 0.9926)
[2018/09/25 20:23:32 __main__ INFO] - Elapsed 48.12
keys:  dict_keys(['epoch', 'c10h_train_loss', 'c10h_train_acc', 'c10h_val_loss', 'c10h_val_acc', 'c10h_train_c10_loss', 'c10h_train_c10_acc', 'c10h_val_c10_loss', 'c10h_val_c10_acc', 'v4_loss', 'v4_acc', 'v6_loss', 'v6_acc', 'c10_50k_loss', 'c10_50k_acc']) 
 c10h_outdir:  /tigress/ruairidh/model_results/run_1/saves/wrn_28_10/con_False_lr_0.01_seed_2
[2018/09/25 20:23:33 __main__ INFO] - Train 36
[2018/09/25 20:23:53 __main__ INFO] - TEST 36
[2018/09/25 20:24:41 __main__ INFO] - - epoch 36    c10h_train    : 0.1880 (acc: 0.9880) | c10h_val    : 0.3140 (acc: 0.9560)
[2018/09/25 20:24:41 __main__ INFO] - -            c10h_train_c10: 0.0603 (acc: 0.9844) | c10h_val_c10: 0.1572 (acc: 0.9570)
[2018/09/25 20:24:41 __main__ INFO] - -            v4            : 0.3533 (acc: 0.8788) |           v6: 0.3251 (acc: 0.8995)
[2018/09/25 20:24:41 __main__ INFO] - -            c10_50k       : 0.0605 (acc: 0.9931)
[2018/09/25 20:24:41 __main__ INFO] - Elapsed 48.04
keys:  dict_keys(['epoch', 'c10h_train_loss', 'c10h_train_acc', 'c10h_val_loss', 'c10h_val_acc', 'c10h_train_c10_loss', 'c10h_train_c10_acc', 'c10h_val_c10_loss', 'c10h_val_c10_acc', 'v4_loss', 'v4_acc', 'v6_loss', 'v6_acc', 'c10_50k_loss', 'c10_50k_acc']) 
 c10h_outdir:  /tigress/ruairidh/model_results/run_1/saves/wrn_28_10/con_False_lr_0.01_seed_2
[2018/09/25 20:24:42 __main__ INFO] - Train 37
[2018/09/25 20:25:01 __main__ INFO] - TEST 37
[2018/09/25 20:25:50 __main__ INFO] - - epoch 37    c10h_train    : 0.1870 (acc: 0.9893) | c10h_val    : 0.3177 (acc: 0.9510)
[2018/09/25 20:25:50 __main__ INFO] - -            c10h_train_c10: 0.0644 (acc: 0.9862) | c10h_val_c10: 0.1653 (acc: 0.9540)
[2018/09/25 20:25:50 __main__ INFO] - -            v4            : 0.3716 (acc: 0.8852) |           v6: 0.3390 (acc: 0.8970)
[2018/09/25 20:25:50 __main__ INFO] - -            c10_50k       : 0.0659 (acc: 0.9936)
[2018/09/25 20:25:50 __main__ INFO] - Elapsed 48.26
keys:  dict_keys(['epoch', 'c10h_train_loss', 'c10h_train_acc', 'c10h_val_loss', 'c10h_val_acc', 'c10h_train_c10_loss', 'c10h_train_c10_acc', 'c10h_val_c10_loss', 'c10h_val_c10_acc', 'v4_loss', 'v4_acc', 'v6_loss', 'v6_acc', 'c10_50k_loss', 'c10_50k_acc']) 
 c10h_outdir:  /tigress/ruairidh/model_results/run_1/saves/wrn_28_10/con_False_lr_0.01_seed_2
[2018/09/25 20:25:52 __main__ INFO] - Train 38
[2018/09/25 20:26:12 __main__ INFO] - TEST 38
[2018/09/25 20:27:00 __main__ INFO] - - epoch 38    c10h_train    : 0.1864 (acc: 0.9893) | c10h_val    : 0.3185 (acc: 0.9550)
[2018/09/25 20:27:00 __main__ INFO] - -            c10h_train_c10: 0.0646 (acc: 0.9852) | c10h_val_c10: 0.1643 (acc: 0.9580)
[2018/09/25 20:27:00 __main__ INFO] - -            v4            : 0.3692 (acc: 0.8837) |           v6: 0.3407 (acc: 0.8925)
[2018/09/25 20:27:00 __main__ INFO] - -            c10_50k       : 0.0660 (acc: 0.9929)
[2018/09/25 20:27:00 __main__ INFO] - Elapsed 47.77
keys:  dict_keys(['epoch', 'c10h_train_loss', 'c10h_train_acc', 'c10h_val_loss', 'c10h_val_acc', 'c10h_train_c10_loss', 'c10h_train_c10_acc', 'c10h_val_c10_loss', 'c10h_val_c10_acc', 'v4_loss', 'v4_acc', 'v6_loss', 'v6_acc', 'c10_50k_loss', 'c10_50k_acc']) 
 c10h_outdir:  /tigress/ruairidh/model_results/run_1/saves/wrn_28_10/con_False_lr_0.01_seed_2
[2018/09/25 20:27:02 __main__ INFO] - Train 39
[2018/09/25 20:27:22 __main__ INFO] - TEST 39
[2018/09/25 20:28:10 __main__ INFO] - - epoch 39    c10h_train    : 0.1866 (acc: 0.9891) | c10h_val    : 0.3156 (acc: 0.9500)
[2018/09/25 20:28:10 __main__ INFO] - -            c10h_train_c10: 0.0681 (acc: 0.9844) | c10h_val_c10: 0.1650 (acc: 0.9530)
[2018/09/25 20:28:10 __main__ INFO] - -            v4            : 0.3534 (acc: 0.8902) |           v6: 0.3326 (acc: 0.8980)
[2018/09/25 20:28:10 __main__ INFO] - -            c10_50k       : 0.0676 (acc: 0.9931)
[2018/09/25 20:28:10 __main__ INFO] - Elapsed 48.17
keys:  dict_keys(['epoch', 'c10h_train_loss', 'c10h_train_acc', 'c10h_val_loss', 'c10h_val_acc', 'c10h_train_c10_loss', 'c10h_train_c10_acc', 'c10h_val_c10_loss', 'c10h_val_c10_acc', 'v4_loss', 'v4_acc', 'v6_loss', 'v6_acc', 'c10_50k_loss', 'c10_50k_acc']) 
 c10h_outdir:  /tigress/ruairidh/model_results/run_1/saves/wrn_28_10/con_False_lr_0.01_seed_2
[2018/09/25 20:28:12 __main__ INFO] - Train 40
[2018/09/25 20:28:31 __main__ INFO] - TEST 40
[2018/09/25 20:29:19 __main__ INFO] - - epoch 40    c10h_train    : 0.1854 (acc: 0.9903) | c10h_val    : 0.3158 (acc: 0.9540)
[2018/09/25 20:29:19 __main__ INFO] - -            c10h_train_c10: 0.0632 (acc: 0.9858) | c10h_val_c10: 0.1612 (acc: 0.9570)
[2018/09/25 20:29:19 __main__ INFO] - -            v4            : 0.3676 (acc: 0.8808) |           v6: 0.3376 (acc: 0.8915)
[2018/09/25 20:29:19 __main__ INFO] - -            c10_50k       : 0.0623 (acc: 0.9921)
[2018/09/25 20:29:19 __main__ INFO] - Elapsed 47.86
keys:  dict_keys(['epoch', 'c10h_train_loss', 'c10h_train_acc', 'c10h_val_loss', 'c10h_val_acc', 'c10h_train_c10_loss', 'c10h_train_c10_acc', 'c10h_val_c10_loss', 'c10h_val_c10_acc', 'v4_loss', 'v4_acc', 'v6_loss', 'v6_acc', 'c10_50k_loss', 'c10_50k_acc']) 
 c10h_outdir:  /tigress/ruairidh/model_results/run_1/saves/wrn_28_10/con_False_lr_0.01_seed_2
[2018/09/25 20:29:22 __main__ INFO] - Train 41
[2018/09/25 20:29:41 __main__ INFO] - TEST 41
[2018/09/25 20:30:29 __main__ INFO] - - epoch 41    c10h_train    : 0.1858 (acc: 0.9886) | c10h_val    : 0.3209 (acc: 0.9490)
[2018/09/25 20:30:29 __main__ INFO] - -            c10h_train_c10: 0.0649 (acc: 0.9844) | c10h_val_c10: 0.1673 (acc: 0.9500)
[2018/09/25 20:30:29 __main__ INFO] - -            v4            : 0.3628 (acc: 0.8897) |           v6: 0.3398 (acc: 0.8950)
[2018/09/25 20:30:29 __main__ INFO] - -            c10_50k       : 0.0654 (acc: 0.9923)
[2018/09/25 20:30:29 __main__ INFO] - Elapsed 48.02
keys:  dict_keys(['epoch', 'c10h_train_loss', 'c10h_train_acc', 'c10h_val_loss', 'c10h_val_acc', 'c10h_train_c10_loss', 'c10h_train_c10_acc', 'c10h_val_c10_loss', 'c10h_val_c10_acc', 'v4_loss', 'v4_acc', 'v6_loss', 'v6_acc', 'c10_50k_loss', 'c10_50k_acc']) 
 c10h_outdir:  /tigress/ruairidh/model_results/run_1/saves/wrn_28_10/con_False_lr_0.01_seed_2
[2018/09/25 20:30:32 __main__ INFO] - Train 42
[2018/09/25 20:30:51 __main__ INFO] - TEST 42
[2018/09/25 20:31:39 __main__ INFO] - - epoch 42    c10h_train    : 0.1854 (acc: 0.9893) | c10h_val    : 0.3108 (acc: 0.9540)
[2018/09/25 20:31:39 __main__ INFO] - -            c10h_train_c10: 0.0654 (acc: 0.9853) | c10h_val_c10: 0.1610 (acc: 0.9570)
[2018/09/25 20:31:39 __main__ INFO] - -            v4            : 0.3716 (acc: 0.8803) |           v6: 0.3412 (acc: 0.8945)
[2018/09/25 20:31:39 __main__ INFO] - -            c10_50k       : 0.0682 (acc: 0.9922)
[2018/09/25 20:31:39 __main__ INFO] - Elapsed 48.02
keys:  dict_keys(['epoch', 'c10h_train_loss', 'c10h_train_acc', 'c10h_val_loss', 'c10h_val_acc', 'c10h_train_c10_loss', 'c10h_train_c10_acc', 'c10h_val_c10_loss', 'c10h_val_c10_acc', 'v4_loss', 'v4_acc', 'v6_loss', 'v6_acc', 'c10_50k_loss', 'c10_50k_acc']) 
 c10h_outdir:  /tigress/ruairidh/model_results/run_1/saves/wrn_28_10/con_False_lr_0.01_seed_2
[2018/09/25 20:31:40 __main__ INFO] - Train 43
[2018/09/25 20:32:00 __main__ INFO] - TEST 43
[2018/09/25 20:32:48 __main__ INFO] - - epoch 43    c10h_train    : 0.1844 (acc: 0.9894) | c10h_val    : 0.3150 (acc: 0.9490)
[2018/09/25 20:32:48 __main__ INFO] - -            c10h_train_c10: 0.0640 (acc: 0.9854) | c10h_val_c10: 0.1646 (acc: 0.9500)
[2018/09/25 20:32:48 __main__ INFO] - -            v4            : 0.3590 (acc: 0.8808) |           v6: 0.3256 (acc: 0.9000)
[2018/09/25 20:32:48 __main__ INFO] - -            c10_50k       : 0.0650 (acc: 0.9927)
[2018/09/25 20:32:48 __main__ INFO] - Elapsed 47.81
keys:  dict_keys(['epoch', 'c10h_train_loss', 'c10h_train_acc', 'c10h_val_loss', 'c10h_val_acc', 'c10h_train_c10_loss', 'c10h_train_c10_acc', 'c10h_val_c10_loss', 'c10h_val_c10_acc', 'v4_loss', 'v4_acc', 'v6_loss', 'v6_acc', 'c10_50k_loss', 'c10_50k_acc']) 
 c10h_outdir:  /tigress/ruairidh/model_results/run_1/saves/wrn_28_10/con_False_lr_0.01_seed_2
[2018/09/25 20:32:49 __main__ INFO] - Train 44
[2018/09/25 20:33:09 __main__ INFO] - TEST 44
[2018/09/25 20:33:57 __main__ INFO] - - epoch 44    c10h_train    : 0.1844 (acc: 0.9893) | c10h_val    : 0.3182 (acc: 0.9470)
[2018/09/25 20:33:57 __main__ INFO] - -            c10h_train_c10: 0.0582 (acc: 0.9853) | c10h_val_c10: 0.1595 (acc: 0.9500)
[2018/09/25 20:33:57 __main__ INFO] - -            v4            : 0.3645 (acc: 0.8783) |           v6: 0.3277 (acc: 0.8950)
[2018/09/25 20:33:57 __main__ INFO] - -            c10_50k       : 0.0582 (acc: 0.9933)
[2018/09/25 20:33:57 __main__ INFO] - Elapsed 48.04
keys:  dict_keys(['epoch', 'c10h_train_loss', 'c10h_train_acc', 'c10h_val_loss', 'c10h_val_acc', 'c10h_train_c10_loss', 'c10h_train_c10_acc', 'c10h_val_c10_loss', 'c10h_val_c10_acc', 'v4_loss', 'v4_acc', 'v6_loss', 'v6_acc', 'c10_50k_loss', 'c10_50k_acc']) 
 c10h_outdir:  /tigress/ruairidh/model_results/run_1/saves/wrn_28_10/con_False_lr_0.01_seed_2
[2018/09/25 20:33:59 __main__ INFO] - Train 45
[2018/09/25 20:34:18 __main__ INFO] - TEST 45
[2018/09/25 20:35:06 __main__ INFO] - - epoch 45    c10h_train    : 0.1843 (acc: 0.9899) | c10h_val    : 0.3176 (acc: 0.9560)
[2018/09/25 20:35:06 __main__ INFO] - -            c10h_train_c10: 0.0638 (acc: 0.9852) | c10h_val_c10: 0.1631 (acc: 0.9590)
[2018/09/25 20:35:06 __main__ INFO] - -            v4            : 0.3620 (acc: 0.8808) |           v6: 0.3333 (acc: 0.8995)
[2018/09/25 20:35:06 __main__ INFO] - -            c10_50k       : 0.0636 (acc: 0.9933)
[2018/09/25 20:35:06 __main__ INFO] - Elapsed 48.09
keys:  dict_keys(['epoch', 'c10h_train_loss', 'c10h_train_acc', 'c10h_val_loss', 'c10h_val_acc', 'c10h_train_c10_loss', 'c10h_train_c10_acc', 'c10h_val_c10_loss', 'c10h_val_c10_acc', 'v4_loss', 'v4_acc', 'v6_loss', 'v6_acc', 'c10_50k_loss', 'c10_50k_acc']) 
 c10h_outdir:  /tigress/ruairidh/model_results/run_1/saves/wrn_28_10/con_False_lr_0.01_seed_2
[2018/09/25 20:35:08 __main__ INFO] - Train 46
[2018/09/25 20:35:27 __main__ INFO] - TEST 46
[2018/09/25 20:36:15 __main__ INFO] - - epoch 46    c10h_train    : 0.1837 (acc: 0.9899) | c10h_val    : 0.3204 (acc: 0.9540)
[2018/09/25 20:36:15 __main__ INFO] - -            c10h_train_c10: 0.0606 (acc: 0.9858) | c10h_val_c10: 0.1636 (acc: 0.9560)
[2018/09/25 20:36:15 __main__ INFO] - -            v4            : 0.3603 (acc: 0.8837) |           v6: 0.3329 (acc: 0.8930)
[2018/09/25 20:36:15 __main__ INFO] - -            c10_50k       : 0.0594 (acc: 0.9933)
[2018/09/25 20:36:15 __main__ INFO] - Elapsed 48.04
keys:  dict_keys(['epoch', 'c10h_train_loss', 'c10h_train_acc', 'c10h_val_loss', 'c10h_val_acc', 'c10h_train_c10_loss', 'c10h_train_c10_acc', 'c10h_val_c10_loss', 'c10h_val_c10_acc', 'v4_loss', 'v4_acc', 'v6_loss', 'v6_acc', 'c10_50k_loss', 'c10_50k_acc']) 
 c10h_outdir:  /tigress/ruairidh/model_results/run_1/saves/wrn_28_10/con_False_lr_0.01_seed_2
[2018/09/25 20:36:16 __main__ INFO] - Train 47
[2018/09/25 20:36:35 __main__ INFO] - TEST 47
[2018/09/25 20:37:23 __main__ INFO] - - epoch 47    c10h_train    : 0.1836 (acc: 0.9898) | c10h_val    : 0.3205 (acc: 0.9480)
[2018/09/25 20:37:23 __main__ INFO] - -            c10h_train_c10: 0.0641 (acc: 0.9853) | c10h_val_c10: 0.1648 (acc: 0.9510)
[2018/09/25 20:37:23 __main__ INFO] - -            v4            : 0.3613 (acc: 0.8842) |           v6: 0.3190 (acc: 0.9005)
[2018/09/25 20:37:23 __main__ INFO] - -            c10_50k       : 0.0641 (acc: 0.9917)
[2018/09/25 20:37:23 __main__ INFO] - Elapsed 47.95
keys:  dict_keys(['epoch', 'c10h_train_loss', 'c10h_train_acc', 'c10h_val_loss', 'c10h_val_acc', 'c10h_train_c10_loss', 'c10h_train_c10_acc', 'c10h_val_c10_loss', 'c10h_val_c10_acc', 'v4_loss', 'v4_acc', 'v6_loss', 'v6_acc', 'c10_50k_loss', 'c10_50k_acc']) 
 c10h_outdir:  /tigress/ruairidh/model_results/run_1/saves/wrn_28_10/con_False_lr_0.01_seed_2
[2018/09/25 20:37:26 __main__ INFO] - Train 48
[2018/09/25 20:37:45 __main__ INFO] - TEST 48
[2018/09/25 20:38:33 __main__ INFO] - - epoch 48    c10h_train    : 0.1831 (acc: 0.9900) | c10h_val    : 0.3176 (acc: 0.9590)
[2018/09/25 20:38:33 __main__ INFO] - -            c10h_train_c10: 0.0668 (acc: 0.9839) | c10h_val_c10: 0.1644 (acc: 0.9620)
[2018/09/25 20:38:33 __main__ INFO] - -            v4            : 0.3583 (acc: 0.8847) |           v6: 0.3263 (acc: 0.9015)
[2018/09/25 20:38:33 __main__ INFO] - -            c10_50k       : 0.0659 (acc: 0.9930)
[2018/09/25 20:38:33 __main__ INFO] - Elapsed 48.14
keys:  dict_keys(['epoch', 'c10h_train_loss', 'c10h_train_acc', 'c10h_val_loss', 'c10h_val_acc', 'c10h_train_c10_loss', 'c10h_train_c10_acc', 'c10h_val_c10_loss', 'c10h_val_c10_acc', 'v4_loss', 'v4_acc', 'v6_loss', 'v6_acc', 'c10_50k_loss', 'c10_50k_acc']) 
 c10h_outdir:  /tigress/ruairidh/model_results/run_1/saves/wrn_28_10/con_False_lr_0.01_seed_2
[2018/09/25 20:38:34 __main__ INFO] - Train 49
[2018/09/25 20:38:53 __main__ INFO] - TEST 49
[2018/09/25 20:39:41 __main__ INFO] - - epoch 49    c10h_train    : 0.1828 (acc: 0.9902) | c10h_val    : 0.3198 (acc: 0.9540)
[2018/09/25 20:39:41 __main__ INFO] - -            c10h_train_c10: 0.0628 (acc: 0.9852) | c10h_val_c10: 0.1629 (acc: 0.9560)
[2018/09/25 20:39:41 __main__ INFO] - -            v4            : 0.3561 (acc: 0.8832) |           v6: 0.3295 (acc: 0.8980)
[2018/09/25 20:39:41 __main__ INFO] - -            c10_50k       : 0.0617 (acc: 0.9929)
[2018/09/25 20:39:41 __main__ INFO] - Elapsed 47.89
keys:  dict_keys(['epoch', 'c10h_train_loss', 'c10h_train_acc', 'c10h_val_loss', 'c10h_val_acc', 'c10h_train_c10_loss', 'c10h_train_c10_acc', 'c10h_val_c10_loss', 'c10h_val_c10_acc', 'v4_loss', 'v4_acc', 'v6_loss', 'v6_acc', 'c10_50k_loss', 'c10_50k_acc']) 
 c10h_outdir:  /tigress/ruairidh/model_results/run_1/saves/wrn_28_10/con_False_lr_0.01_seed_2
[2018/09/25 20:39:47 __main__ INFO] - Train 50
[2018/09/25 20:40:06 __main__ INFO] - TEST 50
[2018/09/25 20:40:54 __main__ INFO] - - epoch 50    c10h_train    : 0.1825 (acc: 0.9897) | c10h_val    : 0.3215 (acc: 0.9530)
[2018/09/25 20:40:54 __main__ INFO] - -            c10h_train_c10: 0.0623 (acc: 0.9853) | c10h_val_c10: 0.1668 (acc: 0.9560)
[2018/09/25 20:40:54 __main__ INFO] - -            v4            : 0.3646 (acc: 0.8773) |           v6: 0.3351 (acc: 0.8950)
[2018/09/25 20:40:54 __main__ INFO] - -            c10_50k       : 0.0638 (acc: 0.9922)
[2018/09/25 20:40:54 __main__ INFO] - Elapsed 47.83
keys:  dict_keys(['epoch', 'c10h_train_loss', 'c10h_train_acc', 'c10h_val_loss', 'c10h_val_acc', 'c10h_train_c10_loss', 'c10h_train_c10_acc', 'c10h_val_c10_loss', 'c10h_val_c10_acc', 'v4_loss', 'v4_acc', 'v6_loss', 'v6_acc', 'c10_50k_loss', 'c10_50k_acc']) 
 c10h_outdir:  /tigress/ruairidh/model_results/run_1/saves/wrn_28_10/con_False_lr_0.01_seed_2
[2018/09/25 20:40:55 __main__ INFO] - Train 51
[2018/09/25 20:41:15 __main__ INFO] - TEST 51
[2018/09/25 20:42:03 __main__ INFO] - - epoch 51    c10h_train    : 0.1834 (acc: 0.9881) | c10h_val    : 0.3227 (acc: 0.9480)
[2018/09/25 20:42:03 __main__ INFO] - -            c10h_train_c10: 0.0630 (acc: 0.9839) | c10h_val_c10: 0.1679 (acc: 0.9500)
[2018/09/25 20:42:03 __main__ INFO] - -            v4            : 0.3598 (acc: 0.8822) |           v6: 0.3275 (acc: 0.8995)
[2018/09/25 20:42:03 __main__ INFO] - -            c10_50k       : 0.0648 (acc: 0.9916)
[2018/09/25 20:42:03 __main__ INFO] - Elapsed 48.13
keys:  dict_keys(['epoch', 'c10h_train_loss', 'c10h_train_acc', 'c10h_val_loss', 'c10h_val_acc', 'c10h_train_c10_loss', 'c10h_train_c10_acc', 'c10h_val_c10_loss', 'c10h_val_c10_acc', 'v4_loss', 'v4_acc', 'v6_loss', 'v6_acc', 'c10_50k_loss', 'c10_50k_acc']) 
 c10h_outdir:  /tigress/ruairidh/model_results/run_1/saves/wrn_28_10/con_False_lr_0.01_seed_2
[2018/09/25 20:42:05 __main__ INFO] - Train 52
[2018/09/25 20:42:24 __main__ INFO] - TEST 52
[2018/09/25 20:43:12 __main__ INFO] - - epoch 52    c10h_train    : 0.1817 (acc: 0.9903) | c10h_val    : 0.3251 (acc: 0.9520)
[2018/09/25 20:43:12 __main__ INFO] - -            c10h_train_c10: 0.0629 (acc: 0.9857) | c10h_val_c10: 0.1693 (acc: 0.9540)
[2018/09/25 20:43:12 __main__ INFO] - -            v4            : 0.3731 (acc: 0.8803) |           v6: 0.3358 (acc: 0.8970)
[2018/09/25 20:43:12 __main__ INFO] - -            c10_50k       : 0.0656 (acc: 0.9918)
[2018/09/25 20:43:12 __main__ INFO] - Elapsed 48.18
keys:  dict_keys(['epoch', 'c10h_train_loss', 'c10h_train_acc', 'c10h_val_loss', 'c10h_val_acc', 'c10h_train_c10_loss', 'c10h_train_c10_acc', 'c10h_val_c10_loss', 'c10h_val_c10_acc', 'v4_loss', 'v4_acc', 'v6_loss', 'v6_acc', 'c10_50k_loss', 'c10_50k_acc']) 
 c10h_outdir:  /tigress/ruairidh/model_results/run_1/saves/wrn_28_10/con_False_lr_0.01_seed_2
[2018/09/25 20:43:14 __main__ INFO] - Train 53
[2018/09/25 20:43:33 __main__ INFO] - TEST 53
[2018/09/25 20:44:21 __main__ INFO] - - epoch 53    c10h_train    : 0.1810 (acc: 0.9907) | c10h_val    : 0.3200 (acc: 0.9540)
[2018/09/25 20:44:21 __main__ INFO] - -            c10h_train_c10: 0.0646 (acc: 0.9851) | c10h_val_c10: 0.1662 (acc: 0.9570)
[2018/09/25 20:44:21 __main__ INFO] - -            v4            : 0.3542 (acc: 0.8877) |           v6: 0.3261 (acc: 0.8975)
[2018/09/25 20:44:21 __main__ INFO] - -            c10_50k       : 0.0654 (acc: 0.9922)
[2018/09/25 20:44:21 __main__ INFO] - Elapsed 47.89
keys:  dict_keys(['epoch', 'c10h_train_loss', 'c10h_train_acc', 'c10h_val_loss', 'c10h_val_acc', 'c10h_train_c10_loss', 'c10h_train_c10_acc', 'c10h_val_c10_loss', 'c10h_val_c10_acc', 'v4_loss', 'v4_acc', 'v6_loss', 'v6_acc', 'c10_50k_loss', 'c10_50k_acc']) 
 c10h_outdir:  /tigress/ruairidh/model_results/run_1/saves/wrn_28_10/con_False_lr_0.01_seed_2
[2018/09/25 20:44:22 __main__ INFO] - Train 54
[2018/09/25 20:44:41 __main__ INFO] - TEST 54
[2018/09/25 20:45:29 __main__ INFO] - - epoch 54    c10h_train    : 0.1812 (acc: 0.9911) | c10h_val    : 0.3208 (acc: 0.9580)
[2018/09/25 20:45:30 __main__ INFO] - -            c10h_train_c10: 0.0604 (acc: 0.9874) | c10h_val_c10: 0.1636 (acc: 0.9610)
[2018/09/25 20:45:30 __main__ INFO] - -            v4            : 0.3726 (acc: 0.8788) |           v6: 0.3368 (acc: 0.8990)
[2018/09/25 20:45:30 __main__ INFO] - -            c10_50k       : 0.0631 (acc: 0.9922)
[2018/09/25 20:45:30 __main__ INFO] - Elapsed 48.09
keys:  dict_keys(['epoch', 'c10h_train_loss', 'c10h_train_acc', 'c10h_val_loss', 'c10h_val_acc', 'c10h_train_c10_loss', 'c10h_train_c10_acc', 'c10h_val_c10_loss', 'c10h_val_c10_acc', 'v4_loss', 'v4_acc', 'v6_loss', 'v6_acc', 'c10_50k_loss', 'c10_50k_acc']) 
 c10h_outdir:  /tigress/ruairidh/model_results/run_1/saves/wrn_28_10/con_False_lr_0.01_seed_2
[2018/09/25 20:45:32 __main__ INFO] - Train 55
[2018/09/25 20:45:51 __main__ INFO] - TEST 55
[2018/09/25 20:46:39 __main__ INFO] - - epoch 55    c10h_train    : 0.1810 (acc: 0.9908) | c10h_val    : 0.3182 (acc: 0.9530)
[2018/09/25 20:46:39 __main__ INFO] - -            c10h_train_c10: 0.0637 (acc: 0.9859) | c10h_val_c10: 0.1599 (acc: 0.9560)
[2018/09/25 20:46:39 __main__ INFO] - -            v4            : 0.3715 (acc: 0.8808) |           v6: 0.3424 (acc: 0.8880)
[2018/09/25 20:46:39 __main__ INFO] - -            c10_50k       : 0.0656 (acc: 0.9917)
[2018/09/25 20:46:39 __main__ INFO] - Elapsed 47.98
keys:  dict_keys(['epoch', 'c10h_train_loss', 'c10h_train_acc', 'c10h_val_loss', 'c10h_val_acc', 'c10h_train_c10_loss', 'c10h_train_c10_acc', 'c10h_val_c10_loss', 'c10h_val_c10_acc', 'v4_loss', 'v4_acc', 'v6_loss', 'v6_acc', 'c10_50k_loss', 'c10_50k_acc']) 
 c10h_outdir:  /tigress/ruairidh/model_results/run_1/saves/wrn_28_10/con_False_lr_0.01_seed_2
[2018/09/25 20:46:41 __main__ INFO] - Train 56
[2018/09/25 20:47:01 __main__ INFO] - TEST 56
[2018/09/25 20:47:49 __main__ INFO] - - epoch 56    c10h_train    : 0.1808 (acc: 0.9911) | c10h_val    : 0.3206 (acc: 0.9560)
[2018/09/25 20:47:49 __main__ INFO] - -            c10h_train_c10: 0.0638 (acc: 0.9873) | c10h_val_c10: 0.1653 (acc: 0.9590)
[2018/09/25 20:47:49 __main__ INFO] - -            v4            : 0.3588 (acc: 0.8872) |           v6: 0.3347 (acc: 0.8985)
[2018/09/25 20:47:49 __main__ INFO] - -            c10_50k       : 0.0680 (acc: 0.9920)
[2018/09/25 20:47:49 __main__ INFO] - Elapsed 47.78
keys:  dict_keys(['epoch', 'c10h_train_loss', 'c10h_train_acc', 'c10h_val_loss', 'c10h_val_acc', 'c10h_train_c10_loss', 'c10h_train_c10_acc', 'c10h_val_c10_loss', 'c10h_val_c10_acc', 'v4_loss', 'v4_acc', 'v6_loss', 'v6_acc', 'c10_50k_loss', 'c10_50k_acc']) 
 c10h_outdir:  /tigress/ruairidh/model_results/run_1/saves/wrn_28_10/con_False_lr_0.01_seed_2
[2018/09/25 20:47:50 __main__ INFO] - Train 57
[2018/09/25 20:48:10 __main__ INFO] - TEST 57
[2018/09/25 20:48:58 __main__ INFO] - - epoch 57    c10h_train    : 0.1810 (acc: 0.9901) | c10h_val    : 0.3249 (acc: 0.9530)
[2018/09/25 20:48:58 __main__ INFO] - -            c10h_train_c10: 0.0612 (acc: 0.9849) | c10h_val_c10: 0.1636 (acc: 0.9540)
[2018/09/25 20:48:58 __main__ INFO] - -            v4            : 0.3719 (acc: 0.8808) |           v6: 0.3378 (acc: 0.8940)
[2018/09/25 20:48:58 __main__ INFO] - -            c10_50k       : 0.0613 (acc: 0.9920)
[2018/09/25 20:48:58 __main__ INFO] - Elapsed 48.03
keys:  dict_keys(['epoch', 'c10h_train_loss', 'c10h_train_acc', 'c10h_val_loss', 'c10h_val_acc', 'c10h_train_c10_loss', 'c10h_train_c10_acc', 'c10h_val_c10_loss', 'c10h_val_c10_acc', 'v4_loss', 'v4_acc', 'v6_loss', 'v6_acc', 'c10_50k_loss', 'c10_50k_acc']) 
 c10h_outdir:  /tigress/ruairidh/model_results/run_1/saves/wrn_28_10/con_False_lr_0.01_seed_2
[2018/09/25 20:49:00 __main__ INFO] - Train 58
[2018/09/25 20:49:19 __main__ INFO] - TEST 58
[2018/09/25 20:50:07 __main__ INFO] - - epoch 58    c10h_train    : 0.1802 (acc: 0.9911) | c10h_val    : 0.3218 (acc: 0.9500)
[2018/09/25 20:50:07 __main__ INFO] - -            c10h_train_c10: 0.0672 (acc: 0.9862) | c10h_val_c10: 0.1710 (acc: 0.9530)
[2018/09/25 20:50:07 __main__ INFO] - -            v4            : 0.3720 (acc: 0.8837) |           v6: 0.3396 (acc: 0.8970)
[2018/09/25 20:50:07 __main__ INFO] - -            c10_50k       : 0.0699 (acc: 0.9916)
[2018/09/25 20:50:07 __main__ INFO] - Elapsed 47.75
keys:  dict_keys(['epoch', 'c10h_train_loss', 'c10h_train_acc', 'c10h_val_loss', 'c10h_val_acc', 'c10h_train_c10_loss', 'c10h_train_c10_acc', 'c10h_val_c10_loss', 'c10h_val_c10_acc', 'v4_loss', 'v4_acc', 'v6_loss', 'v6_acc', 'c10_50k_loss', 'c10_50k_acc']) 
 c10h_outdir:  /tigress/ruairidh/model_results/run_1/saves/wrn_28_10/con_False_lr_0.01_seed_2
[2018/09/25 20:50:09 __main__ INFO] - Train 59
[2018/09/25 20:50:28 __main__ INFO] - TEST 59
[2018/09/25 20:51:16 __main__ INFO] - - epoch 59    c10h_train    : 0.1803 (acc: 0.9907) | c10h_val    : 0.3229 (acc: 0.9530)
[2018/09/25 20:51:16 __main__ INFO] - -            c10h_train_c10: 0.0564 (acc: 0.9860) | c10h_val_c10: 0.1606 (acc: 0.9560)
[2018/09/25 20:51:16 __main__ INFO] - -            v4            : 0.3641 (acc: 0.8808) |           v6: 0.3359 (acc: 0.8950)
[2018/09/25 20:51:16 __main__ INFO] - -            c10_50k       : 0.0566 (acc: 0.9928)
[2018/09/25 20:51:16 __main__ INFO] - Elapsed 47.80
keys:  dict_keys(['epoch', 'c10h_train_loss', 'c10h_train_acc', 'c10h_val_loss', 'c10h_val_acc', 'c10h_train_c10_loss', 'c10h_train_c10_acc', 'c10h_val_c10_loss', 'c10h_val_c10_acc', 'v4_loss', 'v4_acc', 'v6_loss', 'v6_acc', 'c10_50k_loss', 'c10_50k_acc']) 
 c10h_outdir:  /tigress/ruairidh/model_results/run_1/saves/wrn_28_10/con_False_lr_0.01_seed_2
[2018/09/25 20:51:16 __main__ INFO] - Train 60
[2018/09/25 20:51:36 __main__ INFO] - TEST 60
[2018/09/25 20:52:24 __main__ INFO] - - epoch 60    c10h_train    : 0.1801 (acc: 0.9899) | c10h_val    : 0.3252 (acc: 0.9540)
[2018/09/25 20:52:24 __main__ INFO] - -            c10h_train_c10: 0.0658 (acc: 0.9849) | c10h_val_c10: 0.1709 (acc: 0.9570)
[2018/09/25 20:52:24 __main__ INFO] - -            v4            : 0.3815 (acc: 0.8763) |           v6: 0.3498 (acc: 0.8865)
[2018/09/25 20:52:24 __main__ INFO] - -            c10_50k       : 0.0693 (acc: 0.9903)
[2018/09/25 20:52:24 __main__ INFO] - Elapsed 48.00
keys:  dict_keys(['epoch', 'c10h_train_loss', 'c10h_train_acc', 'c10h_val_loss', 'c10h_val_acc', 'c10h_train_c10_loss', 'c10h_train_c10_acc', 'c10h_val_c10_loss', 'c10h_val_c10_acc', 'v4_loss', 'v4_acc', 'v6_loss', 'v6_acc', 'c10_50k_loss', 'c10_50k_acc']) 
 c10h_outdir:  /tigress/ruairidh/model_results/run_1/saves/wrn_28_10/con_False_lr_0.01_seed_2
[2018/09/25 20:52:26 __main__ INFO] - Train 61
[2018/09/25 20:52:45 __main__ INFO] - TEST 61
[2018/09/25 20:53:33 __main__ INFO] - - epoch 61    c10h_train    : 0.1780 (acc: 0.9910) | c10h_val    : 0.3201 (acc: 0.9560)
[2018/09/25 20:53:33 __main__ INFO] - -            c10h_train_c10: 0.0621 (acc: 0.9868) | c10h_val_c10: 0.1645 (acc: 0.9590)
[2018/09/25 20:53:33 __main__ INFO] - -            v4            : 0.3581 (acc: 0.8892) |           v6: 0.3292 (acc: 0.8985)
[2018/09/25 20:53:33 __main__ INFO] - -            c10_50k       : 0.0617 (acc: 0.9931)
[2018/09/25 20:53:33 __main__ INFO] - Elapsed 47.79
keys:  dict_keys(['epoch', 'c10h_train_loss', 'c10h_train_acc', 'c10h_val_loss', 'c10h_val_acc', 'c10h_train_c10_loss', 'c10h_train_c10_acc', 'c10h_val_c10_loss', 'c10h_val_c10_acc', 'v4_loss', 'v4_acc', 'v6_loss', 'v6_acc', 'c10_50k_loss', 'c10_50k_acc']) 
 c10h_outdir:  /tigress/ruairidh/model_results/run_1/saves/wrn_28_10/con_False_lr_0.01_seed_2
[2018/09/25 20:53:34 __main__ INFO] - Train 62
[2018/09/25 20:53:53 __main__ INFO] - TEST 62
[2018/09/25 20:54:41 __main__ INFO] - - epoch 62    c10h_train    : 0.1771 (acc: 0.9918) | c10h_val    : 0.3199 (acc: 0.9560)
[2018/09/25 20:54:41 __main__ INFO] - -            c10h_train_c10: 0.0615 (acc: 0.9870) | c10h_val_c10: 0.1641 (acc: 0.9590)
[2018/09/25 20:54:41 __main__ INFO] - -            v4            : 0.3524 (acc: 0.8847) |           v6: 0.3227 (acc: 0.9015)
[2018/09/25 20:54:41 __main__ INFO] - -            c10_50k       : 0.0610 (acc: 0.9932)
[2018/09/25 20:54:41 __main__ INFO] - Elapsed 47.99
keys:  dict_keys(['epoch', 'c10h_train_loss', 'c10h_train_acc', 'c10h_val_loss', 'c10h_val_acc', 'c10h_train_c10_loss', 'c10h_train_c10_acc', 'c10h_val_c10_loss', 'c10h_val_c10_acc', 'v4_loss', 'v4_acc', 'v6_loss', 'v6_acc', 'c10_50k_loss', 'c10_50k_acc']) 
 c10h_outdir:  /tigress/ruairidh/model_results/run_1/saves/wrn_28_10/con_False_lr_0.01_seed_2
[2018/09/25 20:54:42 __main__ INFO] - Train 63
[2018/09/25 20:55:01 __main__ INFO] - TEST 63
[2018/09/25 20:55:49 __main__ INFO] - - epoch 63    c10h_train    : 0.1768 (acc: 0.9916) | c10h_val    : 0.3171 (acc: 0.9570)
[2018/09/25 20:55:49 __main__ INFO] - -            c10h_train_c10: 0.0620 (acc: 0.9870) | c10h_val_c10: 0.1605 (acc: 0.9600)
[2018/09/25 20:55:49 __main__ INFO] - -            v4            : 0.3604 (acc: 0.8798) |           v6: 0.3275 (acc: 0.9010)
[2018/09/25 20:55:49 __main__ INFO] - -            c10_50k       : 0.0596 (acc: 0.9938)
[2018/09/25 20:55:49 __main__ INFO] - Elapsed 48.17
keys:  dict_keys(['epoch', 'c10h_train_loss', 'c10h_train_acc', 'c10h_val_loss', 'c10h_val_acc', 'c10h_train_c10_loss', 'c10h_train_c10_acc', 'c10h_val_c10_loss', 'c10h_val_c10_acc', 'v4_loss', 'v4_acc', 'v6_loss', 'v6_acc', 'c10_50k_loss', 'c10_50k_acc']) 
 c10h_outdir:  /tigress/ruairidh/model_results/run_1/saves/wrn_28_10/con_False_lr_0.01_seed_2
[2018/09/25 20:55:50 __main__ INFO] - Train 64
[2018/09/25 20:56:10 __main__ INFO] - TEST 64
[2018/09/25 20:56:58 __main__ INFO] - - epoch 64    c10h_train    : 0.1764 (acc: 0.9913) | c10h_val    : 0.3194 (acc: 0.9530)
[2018/09/25 20:56:58 __main__ INFO] - -            c10h_train_c10: 0.0623 (acc: 0.9866) | c10h_val_c10: 0.1645 (acc: 0.9560)
[2018/09/25 20:56:58 __main__ INFO] - -            v4            : 0.3609 (acc: 0.8862) |           v6: 0.3249 (acc: 0.9005)
[2018/09/25 20:56:58 __main__ INFO] - -            c10_50k       : 0.0610 (acc: 0.9935)
[2018/09/25 20:56:58 __main__ INFO] - Elapsed 48.07
keys:  dict_keys(['epoch', 'c10h_train_loss', 'c10h_train_acc', 'c10h_val_loss', 'c10h_val_acc', 'c10h_train_c10_loss', 'c10h_train_c10_acc', 'c10h_val_c10_loss', 'c10h_val_c10_acc', 'v4_loss', 'v4_acc', 'v6_loss', 'v6_acc', 'c10_50k_loss', 'c10_50k_acc']) 
 c10h_outdir:  /tigress/ruairidh/model_results/run_1/saves/wrn_28_10/con_False_lr_0.01_seed_2
[2018/09/25 20:56:59 __main__ INFO] - Train 65
[2018/09/25 20:57:18 __main__ INFO] - TEST 65
[2018/09/25 20:58:07 __main__ INFO] - - epoch 65    c10h_train    : 0.1763 (acc: 0.9923) | c10h_val    : 0.3190 (acc: 0.9550)
[2018/09/25 20:58:07 __main__ INFO] - -            c10h_train_c10: 0.0627 (acc: 0.9873) | c10h_val_c10: 0.1637 (acc: 0.9580)
[2018/09/25 20:58:07 __main__ INFO] - -            v4            : 0.3564 (acc: 0.8882) |           v6: 0.3286 (acc: 0.9015)
[2018/09/25 20:58:07 __main__ INFO] - -            c10_50k       : 0.0611 (acc: 0.9932)
[2018/09/25 20:58:07 __main__ INFO] - Elapsed 48.22
keys:  dict_keys(['epoch', 'c10h_train_loss', 'c10h_train_acc', 'c10h_val_loss', 'c10h_val_acc', 'c10h_train_c10_loss', 'c10h_train_c10_acc', 'c10h_val_c10_loss', 'c10h_val_c10_acc', 'v4_loss', 'v4_acc', 'v6_loss', 'v6_acc', 'c10_50k_loss', 'c10_50k_acc']) 
 c10h_outdir:  /tigress/ruairidh/model_results/run_1/saves/wrn_28_10/con_False_lr_0.01_seed_2
[2018/09/25 20:58:08 __main__ INFO] - Train 66
[2018/09/25 20:58:27 __main__ INFO] - TEST 66
[2018/09/25 20:59:15 __main__ INFO] - - epoch 66    c10h_train    : 0.1759 (acc: 0.9920) | c10h_val    : 0.3204 (acc: 0.9530)
[2018/09/25 20:59:16 __main__ INFO] - -            c10h_train_c10: 0.0618 (acc: 0.9868) | c10h_val_c10: 0.1640 (acc: 0.9560)
[2018/09/25 20:59:16 __main__ INFO] - -            v4            : 0.3527 (acc: 0.8852) |           v6: 0.3263 (acc: 0.8965)
[2018/09/25 20:59:16 __main__ INFO] - -            c10_50k       : 0.0594 (acc: 0.9936)
[2018/09/25 20:59:16 __main__ INFO] - Elapsed 48.08
keys:  dict_keys(['epoch', 'c10h_train_loss', 'c10h_train_acc', 'c10h_val_loss', 'c10h_val_acc', 'c10h_train_c10_loss', 'c10h_train_c10_acc', 'c10h_val_c10_loss', 'c10h_val_c10_acc', 'v4_loss', 'v4_acc', 'v6_loss', 'v6_acc', 'c10_50k_loss', 'c10_50k_acc']) 
 c10h_outdir:  /tigress/ruairidh/model_results/run_1/saves/wrn_28_10/con_False_lr_0.01_seed_2
[2018/09/25 20:59:16 __main__ INFO] - Train 67
[2018/09/25 20:59:35 __main__ INFO] - TEST 67
[2018/09/25 21:00:23 __main__ INFO] - - epoch 67    c10h_train    : 0.1759 (acc: 0.9920) | c10h_val    : 0.3188 (acc: 0.9520)
[2018/09/25 21:00:23 __main__ INFO] - -            c10h_train_c10: 0.0619 (acc: 0.9867) | c10h_val_c10: 0.1624 (acc: 0.9550)
[2018/09/25 21:00:23 __main__ INFO] - -            v4            : 0.3558 (acc: 0.8847) |           v6: 0.3258 (acc: 0.8985)
[2018/09/25 21:00:23 __main__ INFO] - -            c10_50k       : 0.0613 (acc: 0.9935)
[2018/09/25 21:00:23 __main__ INFO] - Elapsed 47.84
keys:  dict_keys(['epoch', 'c10h_train_loss', 'c10h_train_acc', 'c10h_val_loss', 'c10h_val_acc', 'c10h_train_c10_loss', 'c10h_train_c10_acc', 'c10h_val_c10_loss', 'c10h_val_c10_acc', 'v4_loss', 'v4_acc', 'v6_loss', 'v6_acc', 'c10_50k_loss', 'c10_50k_acc']) 
 c10h_outdir:  /tigress/ruairidh/model_results/run_1/saves/wrn_28_10/con_False_lr_0.01_seed_2
[2018/09/25 21:00:25 __main__ INFO] - Train 68
[2018/09/25 21:00:45 __main__ INFO] - TEST 68
[2018/09/25 21:01:33 __main__ INFO] - - epoch 68    c10h_train    : 0.1756 (acc: 0.9926) | c10h_val    : 0.3209 (acc: 0.9530)
[2018/09/25 21:01:33 __main__ INFO] - -            c10h_train_c10: 0.0622 (acc: 0.9870) | c10h_val_c10: 0.1662 (acc: 0.9560)
[2018/09/25 21:01:33 __main__ INFO] - -            v4            : 0.3536 (acc: 0.8827) |           v6: 0.3266 (acc: 0.8980)
[2018/09/25 21:01:33 __main__ INFO] - -            c10_50k       : 0.0607 (acc: 0.9932)
[2018/09/25 21:01:33 __main__ INFO] - Elapsed 47.87
keys:  dict_keys(['epoch', 'c10h_train_loss', 'c10h_train_acc', 'c10h_val_loss', 'c10h_val_acc', 'c10h_train_c10_loss', 'c10h_train_c10_acc', 'c10h_val_c10_loss', 'c10h_val_c10_acc', 'v4_loss', 'v4_acc', 'v6_loss', 'v6_acc', 'c10_50k_loss', 'c10_50k_acc']) 
 c10h_outdir:  /tigress/ruairidh/model_results/run_1/saves/wrn_28_10/con_False_lr_0.01_seed_2
[2018/09/25 21:01:35 __main__ INFO] - Train 69
[2018/09/25 21:01:54 __main__ INFO] - TEST 69
[2018/09/25 21:02:42 __main__ INFO] - - epoch 69    c10h_train    : 0.1753 (acc: 0.9920) | c10h_val    : 0.3191 (acc: 0.9550)
[2018/09/25 21:02:42 __main__ INFO] - -            c10h_train_c10: 0.0620 (acc: 0.9867) | c10h_val_c10: 0.1634 (acc: 0.9580)
[2018/09/25 21:02:42 __main__ INFO] - -            v4            : 0.3652 (acc: 0.8743) |           v6: 0.3270 (acc: 0.9000)
[2018/09/25 21:02:42 __main__ INFO] - -            c10_50k       : 0.0603 (acc: 0.9929)
[2018/09/25 21:02:42 __main__ INFO] - Elapsed 47.85
keys:  dict_keys(['epoch', 'c10h_train_loss', 'c10h_train_acc', 'c10h_val_loss', 'c10h_val_acc', 'c10h_train_c10_loss', 'c10h_train_c10_acc', 'c10h_val_c10_loss', 'c10h_val_c10_acc', 'v4_loss', 'v4_acc', 'v6_loss', 'v6_acc', 'c10_50k_loss', 'c10_50k_acc']) 
 c10h_outdir:  /tigress/ruairidh/model_results/run_1/saves/wrn_28_10/con_False_lr_0.01_seed_2
[2018/09/25 21:02:44 __main__ INFO] - Train 70
[2018/09/25 21:03:04 __main__ INFO] - TEST 70
[2018/09/25 21:03:52 __main__ INFO] - - epoch 70    c10h_train    : 0.1752 (acc: 0.9916) | c10h_val    : 0.3189 (acc: 0.9540)
[2018/09/25 21:03:52 __main__ INFO] - -            c10h_train_c10: 0.0624 (acc: 0.9872) | c10h_val_c10: 0.1633 (acc: 0.9570)
[2018/09/25 21:03:52 __main__ INFO] - -            v4            : 0.3541 (acc: 0.8862) |           v6: 0.3303 (acc: 0.8980)
[2018/09/25 21:03:52 __main__ INFO] - -            c10_50k       : 0.0614 (acc: 0.9933)
[2018/09/25 21:03:52 __main__ INFO] - Elapsed 48.14
keys:  dict_keys(['epoch', 'c10h_train_loss', 'c10h_train_acc', 'c10h_val_loss', 'c10h_val_acc', 'c10h_train_c10_loss', 'c10h_train_c10_acc', 'c10h_val_c10_loss', 'c10h_val_c10_acc', 'v4_loss', 'v4_acc', 'v6_loss', 'v6_acc', 'c10_50k_loss', 'c10_50k_acc']) 
 c10h_outdir:  /tigress/ruairidh/model_results/run_1/saves/wrn_28_10/con_False_lr_0.01_seed_2
[2018/09/25 21:03:53 __main__ INFO] - Train 71
[2018/09/25 21:04:13 __main__ INFO] - TEST 71
[2018/09/25 21:05:01 __main__ INFO] - - epoch 71    c10h_train    : 0.1751 (acc: 0.9924) | c10h_val    : 0.3203 (acc: 0.9520)
[2018/09/25 21:05:01 __main__ INFO] - -            c10h_train_c10: 0.0610 (acc: 0.9870) | c10h_val_c10: 0.1633 (acc: 0.9550)
[2018/09/25 21:05:01 __main__ INFO] - -            v4            : 0.3612 (acc: 0.8857) |           v6: 0.3277 (acc: 0.8970)
[2018/09/25 21:05:01 __main__ INFO] - -            c10_50k       : 0.0596 (acc: 0.9937)
[2018/09/25 21:05:01 __main__ INFO] - Elapsed 47.89
keys:  dict_keys(['epoch', 'c10h_train_loss', 'c10h_train_acc', 'c10h_val_loss', 'c10h_val_acc', 'c10h_train_c10_loss', 'c10h_train_c10_acc', 'c10h_val_c10_loss', 'c10h_val_c10_acc', 'v4_loss', 'v4_acc', 'v6_loss', 'v6_acc', 'c10_50k_loss', 'c10_50k_acc']) 
 c10h_outdir:  /tigress/ruairidh/model_results/run_1/saves/wrn_28_10/con_False_lr_0.01_seed_2
[2018/09/25 21:05:02 __main__ INFO] - Train 72
[2018/09/25 21:05:22 __main__ INFO] - TEST 72
[2018/09/25 21:06:10 __main__ INFO] - - epoch 72    c10h_train    : 0.1747 (acc: 0.9930) | c10h_val    : 0.3198 (acc: 0.9530)
[2018/09/25 21:06:10 __main__ INFO] - -            c10h_train_c10: 0.0622 (acc: 0.9874) | c10h_val_c10: 0.1635 (acc: 0.9560)
[2018/09/25 21:06:10 __main__ INFO] - -            v4            : 0.3563 (acc: 0.8911) |           v6: 0.3293 (acc: 0.8985)
[2018/09/25 21:06:10 __main__ INFO] - -            c10_50k       : 0.0613 (acc: 0.9932)
[2018/09/25 21:06:10 __main__ INFO] - Elapsed 47.98
keys:  dict_keys(['epoch', 'c10h_train_loss', 'c10h_train_acc', 'c10h_val_loss', 'c10h_val_acc', 'c10h_train_c10_loss', 'c10h_train_c10_acc', 'c10h_val_c10_loss', 'c10h_val_c10_acc', 'v4_loss', 'v4_acc', 'v6_loss', 'v6_acc', 'c10_50k_loss', 'c10_50k_acc']) 
 c10h_outdir:  /tigress/ruairidh/model_results/run_1/saves/wrn_28_10/con_False_lr_0.01_seed_2
[2018/09/25 21:06:12 __main__ INFO] - Train 73
[2018/09/25 21:06:32 __main__ INFO] - TEST 73
[2018/09/25 21:07:20 __main__ INFO] - - epoch 73    c10h_train    : 0.1749 (acc: 0.9922) | c10h_val    : 0.3196 (acc: 0.9560)
[2018/09/25 21:07:20 __main__ INFO] - -            c10h_train_c10: 0.0621 (acc: 0.9866) | c10h_val_c10: 0.1627 (acc: 0.9590)
[2018/09/25 21:07:20 __main__ INFO] - -            v4            : 0.3598 (acc: 0.8837) |           v6: 0.3255 (acc: 0.9020)
[2018/09/25 21:07:20 __main__ INFO] - -            c10_50k       : 0.0596 (acc: 0.9938)
[2018/09/25 21:07:20 __main__ INFO] - Elapsed 48.20
keys:  dict_keys(['epoch', 'c10h_train_loss', 'c10h_train_acc', 'c10h_val_loss', 'c10h_val_acc', 'c10h_train_c10_loss', 'c10h_train_c10_acc', 'c10h_val_c10_loss', 'c10h_val_c10_acc', 'v4_loss', 'v4_acc', 'v6_loss', 'v6_acc', 'c10_50k_loss', 'c10_50k_acc']) 
 c10h_outdir:  /tigress/ruairidh/model_results/run_1/saves/wrn_28_10/con_False_lr_0.01_seed_2
[2018/09/25 21:07:22 __main__ INFO] - Train 74
[2018/09/25 21:07:41 __main__ INFO] - TEST 74
[2018/09/25 21:08:29 __main__ INFO] - - epoch 74    c10h_train    : 0.1750 (acc: 0.9923) | c10h_val    : 0.3200 (acc: 0.9510)
[2018/09/25 21:08:30 __main__ INFO] - -            c10h_train_c10: 0.0623 (acc: 0.9871) | c10h_val_c10: 0.1639 (acc: 0.9540)
[2018/09/25 21:08:30 __main__ INFO] - -            v4            : 0.3669 (acc: 0.8808) |           v6: 0.3315 (acc: 0.9000)
[2018/09/25 21:08:30 __main__ INFO] - -            c10_50k       : 0.0601 (acc: 0.9939)
[2018/09/25 21:08:30 __main__ INFO] - Elapsed 48.17
keys:  dict_keys(['epoch', 'c10h_train_loss', 'c10h_train_acc', 'c10h_val_loss', 'c10h_val_acc', 'c10h_train_c10_loss', 'c10h_train_c10_acc', 'c10h_val_c10_loss', 'c10h_val_c10_acc', 'v4_loss', 'v4_acc', 'v6_loss', 'v6_acc', 'c10_50k_loss', 'c10_50k_acc']) 
 c10h_outdir:  /tigress/ruairidh/model_results/run_1/saves/wrn_28_10/con_False_lr_0.01_seed_2
[2018/09/25 21:08:30 __main__ INFO] - Train 75
[2018/09/25 21:08:50 __main__ INFO] - TEST 75
[2018/09/25 21:09:38 __main__ INFO] - - epoch 75    c10h_train    : 0.1745 (acc: 0.9923) | c10h_val    : 0.3186 (acc: 0.9540)
[2018/09/25 21:09:38 __main__ INFO] - -            c10h_train_c10: 0.0617 (acc: 0.9877) | c10h_val_c10: 0.1611 (acc: 0.9570)
[2018/09/25 21:09:38 __main__ INFO] - -            v4            : 0.3497 (acc: 0.8872) |           v6: 0.3285 (acc: 0.8970)
[2018/09/25 21:09:38 __main__ INFO] - -            c10_50k       : 0.0599 (acc: 0.9934)
[2018/09/25 21:09:38 __main__ INFO] - Elapsed 48.29
keys:  dict_keys(['epoch', 'c10h_train_loss', 'c10h_train_acc', 'c10h_val_loss', 'c10h_val_acc', 'c10h_train_c10_loss', 'c10h_train_c10_acc', 'c10h_val_c10_loss', 'c10h_val_c10_acc', 'v4_loss', 'v4_acc', 'v6_loss', 'v6_acc', 'c10_50k_loss', 'c10_50k_acc']) 
 c10h_outdir:  /tigress/ruairidh/model_results/run_1/saves/wrn_28_10/con_False_lr_0.01_seed_2
[2018/09/25 21:09:40 __main__ INFO] - Train 76
[2018/09/25 21:09:59 __main__ INFO] - TEST 76
[2018/09/25 21:10:47 __main__ INFO] - - epoch 76    c10h_train    : 0.1747 (acc: 0.9926) | c10h_val    : 0.3202 (acc: 0.9550)
[2018/09/25 21:10:47 __main__ INFO] - -            c10h_train_c10: 0.0612 (acc: 0.9867) | c10h_val_c10: 0.1621 (acc: 0.9580)
[2018/09/25 21:10:47 __main__ INFO] - -            v4            : 0.3668 (acc: 0.8817) |           v6: 0.3291 (acc: 0.8970)
[2018/09/25 21:10:47 __main__ INFO] - -            c10_50k       : 0.0593 (acc: 0.9932)
[2018/09/25 21:10:47 __main__ INFO] - Elapsed 48.16
keys:  dict_keys(['epoch', 'c10h_train_loss', 'c10h_train_acc', 'c10h_val_loss', 'c10h_val_acc', 'c10h_train_c10_loss', 'c10h_train_c10_acc', 'c10h_val_c10_loss', 'c10h_val_c10_acc', 'v4_loss', 'v4_acc', 'v6_loss', 'v6_acc', 'c10_50k_loss', 'c10_50k_acc']) 
 c10h_outdir:  /tigress/ruairidh/model_results/run_1/saves/wrn_28_10/con_False_lr_0.01_seed_2
[2018/09/25 21:10:49 __main__ INFO] - Train 77
[2018/09/25 21:11:09 __main__ INFO] - TEST 77
[2018/09/25 21:11:57 __main__ INFO] - - epoch 77    c10h_train    : 0.1743 (acc: 0.9931) | c10h_val    : 0.3189 (acc: 0.9560)
[2018/09/25 21:11:57 __main__ INFO] - -            c10h_train_c10: 0.0623 (acc: 0.9874) | c10h_val_c10: 0.1622 (acc: 0.9590)
[2018/09/25 21:11:57 __main__ INFO] - -            v4            : 0.3533 (acc: 0.8867) |           v6: 0.3307 (acc: 0.8975)
[2018/09/25 21:11:57 __main__ INFO] - -            c10_50k       : 0.0606 (acc: 0.9937)
[2018/09/25 21:11:57 __main__ INFO] - Elapsed 48.27
keys:  dict_keys(['epoch', 'c10h_train_loss', 'c10h_train_acc', 'c10h_val_loss', 'c10h_val_acc', 'c10h_train_c10_loss', 'c10h_train_c10_acc', 'c10h_val_c10_loss', 'c10h_val_c10_acc', 'v4_loss', 'v4_acc', 'v6_loss', 'v6_acc', 'c10_50k_loss', 'c10_50k_acc']) 
 c10h_outdir:  /tigress/ruairidh/model_results/run_1/saves/wrn_28_10/con_False_lr_0.01_seed_2
[2018/09/25 21:12:00 __main__ INFO] - Train 78
[2018/09/25 21:12:19 __main__ INFO] - TEST 78
[2018/09/25 21:13:07 __main__ INFO] - - epoch 78    c10h_train    : 0.1742 (acc: 0.9926) | c10h_val    : 0.3195 (acc: 0.9550)
[2018/09/25 21:13:07 __main__ INFO] - -            c10h_train_c10: 0.0619 (acc: 0.9873) | c10h_val_c10: 0.1617 (acc: 0.9580)
[2018/09/25 21:13:07 __main__ INFO] - -            v4            : 0.3615 (acc: 0.8798) |           v6: 0.3299 (acc: 0.8955)
[2018/09/25 21:13:07 __main__ INFO] - -            c10_50k       : 0.0599 (acc: 0.9937)
[2018/09/25 21:13:07 __main__ INFO] - Elapsed 47.91
keys:  dict_keys(['epoch', 'c10h_train_loss', 'c10h_train_acc', 'c10h_val_loss', 'c10h_val_acc', 'c10h_train_c10_loss', 'c10h_train_c10_acc', 'c10h_val_c10_loss', 'c10h_val_c10_acc', 'v4_loss', 'v4_acc', 'v6_loss', 'v6_acc', 'c10_50k_loss', 'c10_50k_acc']) 
 c10h_outdir:  /tigress/ruairidh/model_results/run_1/saves/wrn_28_10/con_False_lr_0.01_seed_2
[2018/09/25 21:13:14 __main__ INFO] - Train 79
[2018/09/25 21:13:34 __main__ INFO] - TEST 79
[2018/09/25 21:14:22 __main__ INFO] - - epoch 79    c10h_train    : 0.1741 (acc: 0.9921) | c10h_val    : 0.3194 (acc: 0.9560)
[2018/09/25 21:14:22 __main__ INFO] - -            c10h_train_c10: 0.0620 (acc: 0.9864) | c10h_val_c10: 0.1621 (acc: 0.9590)
[2018/09/25 21:14:22 __main__ INFO] - -            v4            : 0.3525 (acc: 0.8877) |           v6: 0.3282 (acc: 0.8985)
[2018/09/25 21:14:22 __main__ INFO] - -            c10_50k       : 0.0601 (acc: 0.9931)
[2018/09/25 21:14:22 __main__ INFO] - Elapsed 47.89
keys:  dict_keys(['epoch', 'c10h_train_loss', 'c10h_train_acc', 'c10h_val_loss', 'c10h_val_acc', 'c10h_train_c10_loss', 'c10h_train_c10_acc', 'c10h_val_c10_loss', 'c10h_val_c10_acc', 'v4_loss', 'v4_acc', 'v6_loss', 'v6_acc', 'c10_50k_loss', 'c10_50k_acc']) 
 c10h_outdir:  /tigress/ruairidh/model_results/run_1/saves/wrn_28_10/con_False_lr_0.01_seed_2
[2018/09/25 21:14:23 __main__ INFO] - Train 80
[2018/09/25 21:14:43 __main__ INFO] - TEST 80
[2018/09/25 21:15:31 __main__ INFO] - - epoch 80    c10h_train    : 0.1740 (acc: 0.9928) | c10h_val    : 0.3193 (acc: 0.9530)
[2018/09/25 21:15:31 __main__ INFO] - -            c10h_train_c10: 0.0627 (acc: 0.9878) | c10h_val_c10: 0.1633 (acc: 0.9560)
[2018/09/25 21:15:31 __main__ INFO] - -            v4            : 0.3552 (acc: 0.8852) |           v6: 0.3271 (acc: 0.8965)
[2018/09/25 21:15:31 __main__ INFO] - -            c10_50k       : 0.0606 (acc: 0.9939)
[2018/09/25 21:15:31 __main__ INFO] - Elapsed 48.11
keys:  dict_keys(['epoch', 'c10h_train_loss', 'c10h_train_acc', 'c10h_val_loss', 'c10h_val_acc', 'c10h_train_c10_loss', 'c10h_train_c10_acc', 'c10h_val_c10_loss', 'c10h_val_c10_acc', 'v4_loss', 'v4_acc', 'v6_loss', 'v6_acc', 'c10_50k_loss', 'c10_50k_acc']) 
 c10h_outdir:  /tigress/ruairidh/model_results/run_1/saves/wrn_28_10/con_False_lr_0.01_seed_2
[2018/09/25 21:15:33 __main__ INFO] - Train 81
[2018/09/25 21:15:53 __main__ INFO] - TEST 81
[2018/09/25 21:16:41 __main__ INFO] - - epoch 81    c10h_train    : 0.1741 (acc: 0.9926) | c10h_val    : 0.3189 (acc: 0.9570)
[2018/09/25 21:16:41 __main__ INFO] - -            c10h_train_c10: 0.0624 (acc: 0.9874) | c10h_val_c10: 0.1621 (acc: 0.9600)
[2018/09/25 21:16:41 __main__ INFO] - -            v4            : 0.3622 (acc: 0.8812) |           v6: 0.3305 (acc: 0.8975)
[2018/09/25 21:16:41 __main__ INFO] - -            c10_50k       : 0.0607 (acc: 0.9930)
[2018/09/25 21:16:41 __main__ INFO] - Elapsed 48.01
keys:  dict_keys(['epoch', 'c10h_train_loss', 'c10h_train_acc', 'c10h_val_loss', 'c10h_val_acc', 'c10h_train_c10_loss', 'c10h_train_c10_acc', 'c10h_val_c10_loss', 'c10h_val_c10_acc', 'v4_loss', 'v4_acc', 'v6_loss', 'v6_acc', 'c10_50k_loss', 'c10_50k_acc']) 
 c10h_outdir:  /tigress/ruairidh/model_results/run_1/saves/wrn_28_10/con_False_lr_0.01_seed_2
[2018/09/25 21:16:42 __main__ INFO] - Train 82
[2018/09/25 21:17:02 __main__ INFO] - TEST 82
[2018/09/25 21:17:50 __main__ INFO] - - epoch 82    c10h_train    : 0.1738 (acc: 0.9919) | c10h_val    : 0.3224 (acc: 0.9560)
[2018/09/25 21:17:50 __main__ INFO] - -            c10h_train_c10: 0.0608 (acc: 0.9871) | c10h_val_c10: 0.1654 (acc: 0.9590)
[2018/09/25 21:17:50 __main__ INFO] - -            v4            : 0.3579 (acc: 0.8817) |           v6: 0.3293 (acc: 0.9005)
[2018/09/25 21:17:50 __main__ INFO] - -            c10_50k       : 0.0596 (acc: 0.9933)
[2018/09/25 21:17:50 __main__ INFO] - Elapsed 48.08
keys:  dict_keys(['epoch', 'c10h_train_loss', 'c10h_train_acc', 'c10h_val_loss', 'c10h_val_acc', 'c10h_train_c10_loss', 'c10h_train_c10_acc', 'c10h_val_c10_loss', 'c10h_val_c10_acc', 'v4_loss', 'v4_acc', 'v6_loss', 'v6_acc', 'c10_50k_loss', 'c10_50k_acc']) 
 c10h_outdir:  /tigress/ruairidh/model_results/run_1/saves/wrn_28_10/con_False_lr_0.01_seed_2
[2018/09/25 21:17:53 __main__ INFO] - Train 83
[2018/09/25 21:18:12 __main__ INFO] - TEST 83
[2018/09/25 21:19:00 __main__ INFO] - - epoch 83    c10h_train    : 0.1738 (acc: 0.9932) | c10h_val    : 0.3207 (acc: 0.9540)
[2018/09/25 21:19:00 __main__ INFO] - -            c10h_train_c10: 0.0617 (acc: 0.9873) | c10h_val_c10: 0.1631 (acc: 0.9570)
[2018/09/25 21:19:00 __main__ INFO] - -            v4            : 0.3539 (acc: 0.8822) |           v6: 0.3299 (acc: 0.8940)
[2018/09/25 21:19:00 __main__ INFO] - -            c10_50k       : 0.0594 (acc: 0.9937)
[2018/09/25 21:19:00 __main__ INFO] - Elapsed 47.93
keys:  dict_keys(['epoch', 'c10h_train_loss', 'c10h_train_acc', 'c10h_val_loss', 'c10h_val_acc', 'c10h_train_c10_loss', 'c10h_train_c10_acc', 'c10h_val_c10_loss', 'c10h_val_c10_acc', 'v4_loss', 'v4_acc', 'v6_loss', 'v6_acc', 'c10_50k_loss', 'c10_50k_acc']) 
 c10h_outdir:  /tigress/ruairidh/model_results/run_1/saves/wrn_28_10/con_False_lr_0.01_seed_2
[2018/09/25 21:19:02 __main__ INFO] - Train 84
[2018/09/25 21:19:22 __main__ INFO] - TEST 84
[2018/09/25 21:20:10 __main__ INFO] - - epoch 84    c10h_train    : 0.1736 (acc: 0.9929) | c10h_val    : 0.3202 (acc: 0.9540)
[2018/09/25 21:20:10 __main__ INFO] - -            c10h_train_c10: 0.0617 (acc: 0.9883) | c10h_val_c10: 0.1623 (acc: 0.9570)
[2018/09/25 21:20:10 __main__ INFO] - -            v4            : 0.3552 (acc: 0.8887) |           v6: 0.3333 (acc: 0.8935)
[2018/09/25 21:20:10 __main__ INFO] - -            c10_50k       : 0.0611 (acc: 0.9932)
[2018/09/25 21:20:10 __main__ INFO] - Elapsed 48.11
keys:  dict_keys(['epoch', 'c10h_train_loss', 'c10h_train_acc', 'c10h_val_loss', 'c10h_val_acc', 'c10h_train_c10_loss', 'c10h_train_c10_acc', 'c10h_val_c10_loss', 'c10h_val_c10_acc', 'v4_loss', 'v4_acc', 'v6_loss', 'v6_acc', 'c10_50k_loss', 'c10_50k_acc']) 
 c10h_outdir:  /tigress/ruairidh/model_results/run_1/saves/wrn_28_10/con_False_lr_0.01_seed_2
[2018/09/25 21:20:12 __main__ INFO] - Train 85
[2018/09/25 21:20:32 __main__ INFO] - TEST 85
[2018/09/25 21:21:20 __main__ INFO] - - epoch 85    c10h_train    : 0.1737 (acc: 0.9922) | c10h_val    : 0.3205 (acc: 0.9570)
[2018/09/25 21:21:20 __main__ INFO] - -            c10h_train_c10: 0.0624 (acc: 0.9877) | c10h_val_c10: 0.1655 (acc: 0.9600)
[2018/09/25 21:21:20 __main__ INFO] - -            v4            : 0.3614 (acc: 0.8862) |           v6: 0.3299 (acc: 0.8990)
[2018/09/25 21:21:20 __main__ INFO] - -            c10_50k       : 0.0608 (acc: 0.9931)
[2018/09/25 21:21:20 __main__ INFO] - Elapsed 47.98
keys:  dict_keys(['epoch', 'c10h_train_loss', 'c10h_train_acc', 'c10h_val_loss', 'c10h_val_acc', 'c10h_train_c10_loss', 'c10h_train_c10_acc', 'c10h_val_c10_loss', 'c10h_val_c10_acc', 'v4_loss', 'v4_acc', 'v6_loss', 'v6_acc', 'c10_50k_loss', 'c10_50k_acc']) 
 c10h_outdir:  /tigress/ruairidh/model_results/run_1/saves/wrn_28_10/con_False_lr_0.01_seed_2
[2018/09/25 21:21:21 __main__ INFO] - Train 86
[2018/09/25 21:21:40 __main__ INFO] - TEST 86
[2018/09/25 21:22:28 __main__ INFO] - - epoch 86    c10h_train    : 0.1733 (acc: 0.9922) | c10h_val    : 0.3205 (acc: 0.9530)
[2018/09/25 21:22:28 __main__ INFO] - -            c10h_train_c10: 0.0603 (acc: 0.9880) | c10h_val_c10: 0.1617 (acc: 0.9560)
[2018/09/25 21:22:28 __main__ INFO] - -            v4            : 0.3557 (acc: 0.8832) |           v6: 0.3288 (acc: 0.8965)
[2018/09/25 21:22:28 __main__ INFO] - -            c10_50k       : 0.0592 (acc: 0.9932)
[2018/09/25 21:22:28 __main__ INFO] - Elapsed 47.85
keys:  dict_keys(['epoch', 'c10h_train_loss', 'c10h_train_acc', 'c10h_val_loss', 'c10h_val_acc', 'c10h_train_c10_loss', 'c10h_train_c10_acc', 'c10h_val_c10_loss', 'c10h_val_c10_acc', 'v4_loss', 'v4_acc', 'v6_loss', 'v6_acc', 'c10_50k_loss', 'c10_50k_acc']) 
 c10h_outdir:  /tigress/ruairidh/model_results/run_1/saves/wrn_28_10/con_False_lr_0.01_seed_2
[2018/09/25 21:22:31 __main__ INFO] - Train 87
[2018/09/25 21:22:51 __main__ INFO] - TEST 87
[2018/09/25 21:23:39 __main__ INFO] - - epoch 87    c10h_train    : 0.1729 (acc: 0.9930) | c10h_val    : 0.3203 (acc: 0.9530)
[2018/09/25 21:23:39 __main__ INFO] - -            c10h_train_c10: 0.0613 (acc: 0.9870) | c10h_val_c10: 0.1627 (acc: 0.9560)
[2018/09/25 21:23:39 __main__ INFO] - -            v4            : 0.3647 (acc: 0.8837) |           v6: 0.3277 (acc: 0.8980)
[2018/09/25 21:23:39 __main__ INFO] - -            c10_50k       : 0.0596 (acc: 0.9931)
[2018/09/25 21:23:39 __main__ INFO] - Elapsed 47.80
keys:  dict_keys(['epoch', 'c10h_train_loss', 'c10h_train_acc', 'c10h_val_loss', 'c10h_val_acc', 'c10h_train_c10_loss', 'c10h_train_c10_acc', 'c10h_val_c10_loss', 'c10h_val_c10_acc', 'v4_loss', 'v4_acc', 'v6_loss', 'v6_acc', 'c10_50k_loss', 'c10_50k_acc']) 
 c10h_outdir:  /tigress/ruairidh/model_results/run_1/saves/wrn_28_10/con_False_lr_0.01_seed_2
[2018/09/25 21:23:40 __main__ INFO] - Train 88
[2018/09/25 21:23:59 __main__ INFO] - TEST 88
[2018/09/25 21:24:47 __main__ INFO] - - epoch 88    c10h_train    : 0.1733 (acc: 0.9930) | c10h_val    : 0.3204 (acc: 0.9550)
[2018/09/25 21:24:47 __main__ INFO] - -            c10h_train_c10: 0.0617 (acc: 0.9877) | c10h_val_c10: 0.1638 (acc: 0.9580)
[2018/09/25 21:24:47 __main__ INFO] - -            v4            : 0.3488 (acc: 0.8783) |           v6: 0.3283 (acc: 0.8980)
[2018/09/25 21:24:47 __main__ INFO] - -            c10_50k       : 0.0611 (acc: 0.9931)
[2018/09/25 21:24:47 __main__ INFO] - Elapsed 48.06
keys:  dict_keys(['epoch', 'c10h_train_loss', 'c10h_train_acc', 'c10h_val_loss', 'c10h_val_acc', 'c10h_train_c10_loss', 'c10h_train_c10_acc', 'c10h_val_c10_loss', 'c10h_val_c10_acc', 'v4_loss', 'v4_acc', 'v6_loss', 'v6_acc', 'c10_50k_loss', 'c10_50k_acc']) 
 c10h_outdir:  /tigress/ruairidh/model_results/run_1/saves/wrn_28_10/con_False_lr_0.01_seed_2
[2018/09/25 21:24:48 __main__ INFO] - Train 89
[2018/09/25 21:25:08 __main__ INFO] - TEST 89
[2018/09/25 21:25:55 __main__ INFO] - - epoch 89    c10h_train    : 0.1734 (acc: 0.9918) | c10h_val    : 0.3206 (acc: 0.9540)
[2018/09/25 21:25:56 __main__ INFO] - -            c10h_train_c10: 0.0629 (acc: 0.9876) | c10h_val_c10: 0.1658 (acc: 0.9570)
[2018/09/25 21:25:56 __main__ INFO] - -            v4            : 0.3451 (acc: 0.8921) |           v6: 0.3275 (acc: 0.8990)
[2018/09/25 21:25:56 __main__ INFO] - -            c10_50k       : 0.0611 (acc: 0.9934)
[2018/09/25 21:25:56 __main__ INFO] - Elapsed 47.96
keys:  dict_keys(['epoch', 'c10h_train_loss', 'c10h_train_acc', 'c10h_val_loss', 'c10h_val_acc', 'c10h_train_c10_loss', 'c10h_train_c10_acc', 'c10h_val_c10_loss', 'c10h_val_c10_acc', 'v4_loss', 'v4_acc', 'v6_loss', 'v6_acc', 'c10_50k_loss', 'c10_50k_acc']) 
 c10h_outdir:  /tigress/ruairidh/model_results/run_1/saves/wrn_28_10/con_False_lr_0.01_seed_2
[2018/09/25 21:25:58 __main__ INFO] - Train 90
[2018/09/25 21:26:17 __main__ INFO] - TEST 90
[2018/09/25 21:27:05 __main__ INFO] - - epoch 90    c10h_train    : 0.1732 (acc: 0.9929) | c10h_val    : 0.3216 (acc: 0.9570)
[2018/09/25 21:27:05 __main__ INFO] - -            c10h_train_c10: 0.0620 (acc: 0.9877) | c10h_val_c10: 0.1654 (acc: 0.9600)
[2018/09/25 21:27:05 __main__ INFO] - -            v4            : 0.3629 (acc: 0.8793) |           v6: 0.3296 (acc: 0.8965)
[2018/09/25 21:27:05 __main__ INFO] - -            c10_50k       : 0.0606 (acc: 0.9930)
[2018/09/25 21:27:05 __main__ INFO] - Elapsed 47.84
keys:  dict_keys(['epoch', 'c10h_train_loss', 'c10h_train_acc', 'c10h_val_loss', 'c10h_val_acc', 'c10h_train_c10_loss', 'c10h_train_c10_acc', 'c10h_val_c10_loss', 'c10h_val_c10_acc', 'v4_loss', 'v4_acc', 'v6_loss', 'v6_acc', 'c10_50k_loss', 'c10_50k_acc']) 
 c10h_outdir:  /tigress/ruairidh/model_results/run_1/saves/wrn_28_10/con_False_lr_0.01_seed_2
[2018/09/25 21:27:06 __main__ INFO] - Train 91
[2018/09/25 21:27:26 __main__ INFO] - TEST 91
[2018/09/25 21:28:14 __main__ INFO] - - epoch 91    c10h_train    : 0.1728 (acc: 0.9928) | c10h_val    : 0.3222 (acc: 0.9500)
[2018/09/25 21:28:14 __main__ INFO] - -            c10h_train_c10: 0.0612 (acc: 0.9876) | c10h_val_c10: 0.1646 (acc: 0.9530)
[2018/09/25 21:28:14 __main__ INFO] - -            v4            : 0.3596 (acc: 0.8832) |           v6: 0.3284 (acc: 0.8955)
[2018/09/25 21:28:14 __main__ INFO] - -            c10_50k       : 0.0599 (acc: 0.9931)
[2018/09/25 21:28:14 __main__ INFO] - Elapsed 48.44
keys:  dict_keys(['epoch', 'c10h_train_loss', 'c10h_train_acc', 'c10h_val_loss', 'c10h_val_acc', 'c10h_train_c10_loss', 'c10h_train_c10_acc', 'c10h_val_c10_loss', 'c10h_val_c10_acc', 'v4_loss', 'v4_acc', 'v6_loss', 'v6_acc', 'c10_50k_loss', 'c10_50k_acc']) 
 c10h_outdir:  /tigress/ruairidh/model_results/run_1/saves/wrn_28_10/con_False_lr_0.01_seed_2
[2018/09/25 21:28:17 __main__ INFO] - Train 92
[2018/09/25 21:28:36 __main__ INFO] - TEST 92
[2018/09/25 21:29:25 __main__ INFO] - - epoch 92    c10h_train    : 0.1727 (acc: 0.9920) | c10h_val    : 0.3220 (acc: 0.9530)
[2018/09/25 21:29:25 __main__ INFO] - -            c10h_train_c10: 0.0634 (acc: 0.9858) | c10h_val_c10: 0.1660 (acc: 0.9560)
[2018/09/25 21:29:25 __main__ INFO] - -            v4            : 0.3534 (acc: 0.8847) |           v6: 0.3325 (acc: 0.8920)
[2018/09/25 21:29:25 __main__ INFO] - -            c10_50k       : 0.0622 (acc: 0.9924)
[2018/09/25 21:29:25 __main__ INFO] - Elapsed 48.30
keys:  dict_keys(['epoch', 'c10h_train_loss', 'c10h_train_acc', 'c10h_val_loss', 'c10h_val_acc', 'c10h_train_c10_loss', 'c10h_train_c10_acc', 'c10h_val_c10_loss', 'c10h_val_c10_acc', 'v4_loss', 'v4_acc', 'v6_loss', 'v6_acc', 'c10_50k_loss', 'c10_50k_acc']) 
 c10h_outdir:  /tigress/ruairidh/model_results/run_1/saves/wrn_28_10/con_False_lr_0.01_seed_2
[2018/09/25 21:29:27 __main__ INFO] - Train 93
[2018/09/25 21:29:47 __main__ INFO] - TEST 93
[2018/09/25 21:30:35 __main__ INFO] - - epoch 93    c10h_train    : 0.1729 (acc: 0.9922) | c10h_val    : 0.3233 (acc: 0.9530)
[2018/09/25 21:30:35 __main__ INFO] - -            c10h_train_c10: 0.0624 (acc: 0.9868) | c10h_val_c10: 0.1660 (acc: 0.9560)
[2018/09/25 21:30:35 __main__ INFO] - -            v4            : 0.3537 (acc: 0.8877) |           v6: 0.3275 (acc: 0.8980)
[2018/09/25 21:30:35 __main__ INFO] - -            c10_50k       : 0.0603 (acc: 0.9932)
[2018/09/25 21:30:35 __main__ INFO] - Elapsed 48.08
keys:  dict_keys(['epoch', 'c10h_train_loss', 'c10h_train_acc', 'c10h_val_loss', 'c10h_val_acc', 'c10h_train_c10_loss', 'c10h_train_c10_acc', 'c10h_val_c10_loss', 'c10h_val_c10_acc', 'v4_loss', 'v4_acc', 'v6_loss', 'v6_acc', 'c10_50k_loss', 'c10_50k_acc']) 
 c10h_outdir:  /tigress/ruairidh/model_results/run_1/saves/wrn_28_10/con_False_lr_0.01_seed_2
[2018/09/25 21:30:37 __main__ INFO] - Train 94
[2018/09/25 21:30:57 __main__ INFO] - TEST 94
[2018/09/25 21:31:44 __main__ INFO] - - epoch 94    c10h_train    : 0.1728 (acc: 0.9926) | c10h_val    : 0.3226 (acc: 0.9530)
[2018/09/25 21:31:45 __main__ INFO] - -            c10h_train_c10: 0.0624 (acc: 0.9871) | c10h_val_c10: 0.1668 (acc: 0.9560)
[2018/09/25 21:31:45 __main__ INFO] - -            v4            : 0.3642 (acc: 0.8852) |           v6: 0.3298 (acc: 0.8970)
[2018/09/25 21:31:45 __main__ INFO] - -            c10_50k       : 0.0616 (acc: 0.9931)
[2018/09/25 21:31:45 __main__ INFO] - Elapsed 47.91
keys:  dict_keys(['epoch', 'c10h_train_loss', 'c10h_train_acc', 'c10h_val_loss', 'c10h_val_acc', 'c10h_train_c10_loss', 'c10h_train_c10_acc', 'c10h_val_c10_loss', 'c10h_val_c10_acc', 'v4_loss', 'v4_acc', 'v6_loss', 'v6_acc', 'c10_50k_loss', 'c10_50k_acc']) 
 c10h_outdir:  /tigress/ruairidh/model_results/run_1/saves/wrn_28_10/con_False_lr_0.01_seed_2
[2018/09/25 21:31:45 __main__ INFO] - Train 95
[2018/09/25 21:32:04 __main__ INFO] - TEST 95
[2018/09/25 21:32:53 __main__ INFO] - - epoch 95    c10h_train    : 0.1725 (acc: 0.9930) | c10h_val    : 0.3228 (acc: 0.9530)
[2018/09/25 21:32:53 __main__ INFO] - -            c10h_train_c10: 0.0608 (acc: 0.9870) | c10h_val_c10: 0.1635 (acc: 0.9560)
[2018/09/25 21:32:53 __main__ INFO] - -            v4            : 0.3565 (acc: 0.8808) |           v6: 0.3298 (acc: 0.8955)
[2018/09/25 21:32:53 __main__ INFO] - -            c10_50k       : 0.0601 (acc: 0.9929)
[2018/09/25 21:32:53 __main__ INFO] - Elapsed 48.08
keys:  dict_keys(['epoch', 'c10h_train_loss', 'c10h_train_acc', 'c10h_val_loss', 'c10h_val_acc', 'c10h_train_c10_loss', 'c10h_train_c10_acc', 'c10h_val_c10_loss', 'c10h_val_c10_acc', 'v4_loss', 'v4_acc', 'v6_loss', 'v6_acc', 'c10_50k_loss', 'c10_50k_acc']) 
 c10h_outdir:  /tigress/ruairidh/model_results/run_1/saves/wrn_28_10/con_False_lr_0.01_seed_2
[2018/09/25 21:32:53 __main__ INFO] - Train 96
[2018/09/25 21:33:13 __main__ INFO] - TEST 96
[2018/09/25 21:34:00 __main__ INFO] - - epoch 96    c10h_train    : 0.1726 (acc: 0.9929) | c10h_val    : 0.3229 (acc: 0.9560)
[2018/09/25 21:34:01 __main__ INFO] - -            c10h_train_c10: 0.0610 (acc: 0.9873) | c10h_val_c10: 0.1629 (acc: 0.9590)
[2018/09/25 21:34:01 __main__ INFO] - -            v4            : 0.3587 (acc: 0.8842) |           v6: 0.3302 (acc: 0.8945)
[2018/09/25 21:34:01 __main__ INFO] - -            c10_50k       : 0.0602 (acc: 0.9933)
[2018/09/25 21:34:01 __main__ INFO] - Elapsed 47.80
keys:  dict_keys(['epoch', 'c10h_train_loss', 'c10h_train_acc', 'c10h_val_loss', 'c10h_val_acc', 'c10h_train_c10_loss', 'c10h_train_c10_acc', 'c10h_val_c10_loss', 'c10h_val_c10_acc', 'v4_loss', 'v4_acc', 'v6_loss', 'v6_acc', 'c10_50k_loss', 'c10_50k_acc']) 
 c10h_outdir:  /tigress/ruairidh/model_results/run_1/saves/wrn_28_10/con_False_lr_0.01_seed_2
[2018/09/25 21:34:03 __main__ INFO] - Train 97
[2018/09/25 21:34:22 __main__ INFO] - TEST 97
[2018/09/25 21:35:10 __main__ INFO] - - epoch 97    c10h_train    : 0.1722 (acc: 0.9923) | c10h_val    : 0.3212 (acc: 0.9580)
[2018/09/25 21:35:10 __main__ INFO] - -            c10h_train_c10: 0.0614 (acc: 0.9872) | c10h_val_c10: 0.1619 (acc: 0.9610)
[2018/09/25 21:35:10 __main__ INFO] - -            v4            : 0.3544 (acc: 0.8798) |           v6: 0.3323 (acc: 0.8945)
[2018/09/25 21:35:10 __main__ INFO] - -            c10_50k       : 0.0599 (acc: 0.9930)
[2018/09/25 21:35:10 __main__ INFO] - Elapsed 48.14
keys:  dict_keys(['epoch', 'c10h_train_loss', 'c10h_train_acc', 'c10h_val_loss', 'c10h_val_acc', 'c10h_train_c10_loss', 'c10h_train_c10_acc', 'c10h_val_c10_loss', 'c10h_val_c10_acc', 'v4_loss', 'v4_acc', 'v6_loss', 'v6_acc', 'c10_50k_loss', 'c10_50k_acc']) 
 c10h_outdir:  /tigress/ruairidh/model_results/run_1/saves/wrn_28_10/con_False_lr_0.01_seed_2
[2018/09/25 21:35:13 __main__ INFO] - Train 98
[2018/09/25 21:35:33 __main__ INFO] - TEST 98
[2018/09/25 21:36:21 __main__ INFO] - - epoch 98    c10h_train    : 0.1726 (acc: 0.9932) | c10h_val    : 0.3224 (acc: 0.9550)
[2018/09/25 21:36:21 __main__ INFO] - -            c10h_train_c10: 0.0614 (acc: 0.9876) | c10h_val_c10: 0.1646 (acc: 0.9580)
[2018/09/25 21:36:21 __main__ INFO] - -            v4            : 0.3626 (acc: 0.8867) |           v6: 0.3338 (acc: 0.8940)
[2018/09/25 21:36:21 __main__ INFO] - -            c10_50k       : 0.0613 (acc: 0.9926)
[2018/09/25 21:36:21 __main__ INFO] - Elapsed 48.28
keys:  dict_keys(['epoch', 'c10h_train_loss', 'c10h_train_acc', 'c10h_val_loss', 'c10h_val_acc', 'c10h_train_c10_loss', 'c10h_train_c10_acc', 'c10h_val_c10_loss', 'c10h_val_c10_acc', 'v4_loss', 'v4_acc', 'v6_loss', 'v6_acc', 'c10_50k_loss', 'c10_50k_acc']) 
 c10h_outdir:  /tigress/ruairidh/model_results/run_1/saves/wrn_28_10/con_False_lr_0.01_seed_2
[2018/09/25 21:36:22 __main__ INFO] - Train 99
[2018/09/25 21:36:42 __main__ INFO] - TEST 99
[2018/09/25 21:37:30 __main__ INFO] - - epoch 99    c10h_train    : 0.1727 (acc: 0.9924) | c10h_val    : 0.3193 (acc: 0.9560)
[2018/09/25 21:37:30 __main__ INFO] - -            c10h_train_c10: 0.0613 (acc: 0.9864) | c10h_val_c10: 0.1601 (acc: 0.9590)
[2018/09/25 21:37:30 __main__ INFO] - -            v4            : 0.3639 (acc: 0.8817) |           v6: 0.3307 (acc: 0.8945)
[2018/09/25 21:37:30 __main__ INFO] - -            c10_50k       : 0.0605 (acc: 0.9925)
[2018/09/25 21:37:30 __main__ INFO] - Elapsed 48.03
keys:  dict_keys(['epoch', 'c10h_train_loss', 'c10h_train_acc', 'c10h_val_loss', 'c10h_val_acc', 'c10h_train_c10_loss', 'c10h_train_c10_acc', 'c10h_val_c10_loss', 'c10h_val_c10_acc', 'v4_loss', 'v4_acc', 'v6_loss', 'v6_acc', 'c10_50k_loss', 'c10_50k_acc']) 
 c10h_outdir:  /tigress/ruairidh/model_results/run_1/saves/wrn_28_10/con_False_lr_0.01_seed_2
[2018/09/25 21:37:32 __main__ INFO] - Train 100
[2018/09/25 21:37:51 __main__ INFO] - TEST 100
[2018/09/25 21:38:39 __main__ INFO] - - epoch 100    c10h_train    : 0.1725 (acc: 0.9927) | c10h_val    : 0.3210 (acc: 0.9560)
[2018/09/25 21:38:39 __main__ INFO] - -            c10h_train_c10: 0.0612 (acc: 0.9866) | c10h_val_c10: 0.1620 (acc: 0.9590)
[2018/09/25 21:38:39 __main__ INFO] - -            v4            : 0.3613 (acc: 0.8822) |           v6: 0.3345 (acc: 0.8940)
[2018/09/25 21:38:39 __main__ INFO] - -            c10_50k       : 0.0595 (acc: 0.9934)
[2018/09/25 21:38:39 __main__ INFO] - Elapsed 47.75
keys:  dict_keys(['epoch', 'c10h_train_loss', 'c10h_train_acc', 'c10h_val_loss', 'c10h_val_acc', 'c10h_train_c10_loss', 'c10h_train_c10_acc', 'c10h_val_c10_loss', 'c10h_val_c10_acc', 'v4_loss', 'v4_acc', 'v6_loss', 'v6_acc', 'c10_50k_loss', 'c10_50k_acc']) 
 c10h_outdir:  /tigress/ruairidh/model_results/run_1/saves/wrn_28_10/con_False_lr_0.01_seed_2
inner done
