entering inner script
activating virtual env
Could not find conda environment: pytorch_env
You can list all discoverable environments with `conda info --envs`.

wrn_28_10
identifier: con_True_lr_0.0001_seed_0
--arch=wrn --c10h_save_interval=2 --dataset=CIFAR10H --no_output --c10h_datasplit_seed=0 --human_tune --nonhuman_control=True --base_lr=0.0001
wrn_28_10_control:True_lr:0.0001_seed:0.out
entering python script
/tigress/ruairidh/model_results/run_1/wrn_28_10/model_best_state.pth
/tigress/joshuacp/model_results/run_1/saves/wrn_28_10/con_True_lr_0.0001_seed_0
Using TensorFlow backend.
[2018/09/25 21:31:51 __main__ INFO] - {
  "model_config": {
    "arch": "wrn",
    "input_shape": [
      1,
      3,
      32,
      32
    ],
    "n_classes": 10,
    "base_channels": 16,
    "depth": 28,
    "widening_factor": 10,
    "drop_rate": 0
  },
  "optim_config": {
    "epochs": 200,
    "batch_size": 128,
    "optimizer": "sgd",
    "base_lr": 0.0001,
    "weight_decay": 0.0005,
    "momentum": 0.9,
    "nesterov": true,
    "scheduler": "multistep",
    "milestones": [
      60,
      120,
      160
    ],
    "lr_decay": 0.2
  },
  "data_config": {
    "dataset": "CIFAR10H",
    "n_classes": 10,
    "num_workers": 7,
    "batch_size": 128,
    "use_cutout": false,
    "use_random_erasing": false,
    "use_mixup": false,
    "c10h_sample": false,
    "c10h_testsplit_percent": 0.1,
    "c10h_datasplit_seed": 0,
    "use_gpu": true
  },
  "run_config": {
    "seed": 17,
    "test_first": true,
    "gpu": "0",
    "tensorboard": false,
    "tensorboard_train_images": false,
    "tensorboard_test_images": false,
    "tensorboard_model_params": false,
    "resume": "/tigress/ruairidh/model_results/run_1/wrn_28_10/model_best_state.pth",
    "human_tune": true,
    "no_output": true,
    "test_only": false,
    "nonhuman_control": true,
    "c10h_scores_outdir": "/tigress/joshuacp/model_results/run_1/saves/wrn_28_10/con_True_lr_0.0001_seed_0",
    "c10h_save_interval": "2",
    "use_gpu": true
  },
  "env_info": {
    "pytorch_version": "0.4.1",
    "cuda_version": "9.0.176",
    "cudnn_version": 7102,
    "gpu0": {
      "name": "Tesla P100-PCIE-16GB",
      "capability": "6.0"
    }
  }
}
Files already downloaded and verified
Files already downloaded and verified
Files already downloaded and verified
Files already downloaded and verified
Files already downloaded and verified
[2018/09/25 21:31:56 __main__ INFO] - Loading model...
[2018/09/25 21:31:57 __main__ INFO] - n_params: 36479194
[2018/09/25 21:31:58 __main__ INFO] - Done
=> loading checkpoint '/tigress/ruairidh/model_results/run_1/wrn_28_10/model_best_state.pth'
=> loaded checkpoint '/tigress/ruairidh/model_results/run_1/wrn_28_10/model_best_state.pth' (epoch 197)
[2018/09/25 21:32:02 __main__ INFO] - TEST 0
[2018/09/25 21:32:53 __main__ INFO] - - epoch 0    c10h_train    : 0.4654 (acc: 0.9482) | c10h_val    : 0.4411 (acc: 0.9630)
[2018/09/25 21:32:53 __main__ INFO] - -            c10h_train_c10: 0.1782 (acc: 0.9510) | c10h_val_c10: 0.1525 (acc: 0.9640)
[2018/09/25 21:32:53 __main__ INFO] - -            v4            : 0.4034 (acc: 0.8986) |           v6: 0.3818 (acc: 0.9100)
[2018/09/25 21:32:53 __main__ INFO] - -            c10_50k       : 0.0012 (acc: 1.0000)
[2018/09/25 21:32:53 __main__ INFO] - Elapsed 51.42
keys:  dict_keys(['epoch', 'c10h_train_loss', 'c10h_train_acc', 'c10h_val_loss', 'c10h_val_acc', 'c10h_train_c10_loss', 'c10h_train_c10_acc', 'c10h_val_c10_loss', 'c10h_val_c10_acc', 'v4_loss', 'v4_acc', 'v6_loss', 'v6_acc', 'c10_50k_loss', 'c10_50k_acc']) 
 c10h_outdir:  /tigress/joshuacp/model_results/run_1/saves/wrn_28_10/con_True_lr_0.0001_seed_0
[2018/09/25 21:32:54 __main__ INFO] - Train 1
[2018/09/25 21:33:15 __main__ INFO] - TEST 1
[2018/09/25 21:34:05 __main__ INFO] - - epoch 1    c10h_train    : 0.4638 (acc: 0.9489) | c10h_val    : 0.4446 (acc: 0.9630)
[2018/09/25 21:34:05 __main__ INFO] - -            c10h_train_c10: 0.1725 (acc: 0.9523) | c10h_val_c10: 0.1534 (acc: 0.9640)
[2018/09/25 21:34:05 __main__ INFO] - -            v4            : 0.4122 (acc: 0.8971) |           v6: 0.3867 (acc: 0.9095)
[2018/09/25 21:34:05 __main__ INFO] - -            c10_50k       : 0.0010 (acc: 1.0000)
[2018/09/25 21:34:05 __main__ INFO] - Elapsed 49.86
keys:  dict_keys(['epoch', 'c10h_train_loss', 'c10h_train_acc', 'c10h_val_loss', 'c10h_val_acc', 'c10h_train_c10_loss', 'c10h_train_c10_acc', 'c10h_val_c10_loss', 'c10h_val_c10_acc', 'v4_loss', 'v4_acc', 'v6_loss', 'v6_acc', 'c10_50k_loss', 'c10_50k_acc']) 
 c10h_outdir:  /tigress/joshuacp/model_results/run_1/saves/wrn_28_10/con_True_lr_0.0001_seed_0
[2018/09/25 21:34:06 __main__ INFO] - Train 2
[2018/09/25 21:34:25 __main__ INFO] - TEST 2
[2018/09/25 21:35:13 __main__ INFO] - - epoch 2    c10h_train    : 0.4407 (acc: 0.9534) | c10h_val    : 0.4449 (acc: 0.9580)
[2018/09/25 21:35:13 __main__ INFO] - -            c10h_train_c10: 0.1452 (acc: 0.9571) | c10h_val_c10: 0.1556 (acc: 0.9590)
[2018/09/25 21:35:13 __main__ INFO] - -            v4            : 0.4339 (acc: 0.8892) |           v6: 0.3843 (acc: 0.9045)
[2018/09/25 21:35:13 __main__ INFO] - -            c10_50k       : 0.0011 (acc: 1.0000)
[2018/09/25 21:35:13 __main__ INFO] - Elapsed 48.27
keys:  dict_keys(['epoch', 'c10h_train_loss', 'c10h_train_acc', 'c10h_val_loss', 'c10h_val_acc', 'c10h_train_c10_loss', 'c10h_train_c10_acc', 'c10h_val_c10_loss', 'c10h_val_c10_acc', 'v4_loss', 'v4_acc', 'v6_loss', 'v6_acc', 'c10_50k_loss', 'c10_50k_acc']) 
 c10h_outdir:  /tigress/joshuacp/model_results/run_1/saves/wrn_28_10/con_True_lr_0.0001_seed_0
[2018/09/25 21:35:15 __main__ INFO] - Train 3
[2018/09/25 21:35:35 __main__ INFO] - TEST 3
[2018/09/25 21:36:24 __main__ INFO] - - epoch 3    c10h_train    : 0.4278 (acc: 0.9572) | c10h_val    : 0.4385 (acc: 0.9580)
[2018/09/25 21:36:24 __main__ INFO] - -            c10h_train_c10: 0.1316 (acc: 0.9600) | c10h_val_c10: 0.1499 (acc: 0.9590)
[2018/09/25 21:36:24 __main__ INFO] - -            v4            : 0.4132 (acc: 0.8931) |           v6: 0.3747 (acc: 0.9075)
[2018/09/25 21:36:24 __main__ INFO] - -            c10_50k       : 0.0011 (acc: 1.0000)
[2018/09/25 21:36:24 __main__ INFO] - Elapsed 48.84
keys:  dict_keys(['epoch', 'c10h_train_loss', 'c10h_train_acc', 'c10h_val_loss', 'c10h_val_acc', 'c10h_train_c10_loss', 'c10h_train_c10_acc', 'c10h_val_c10_loss', 'c10h_val_c10_acc', 'v4_loss', 'v4_acc', 'v6_loss', 'v6_acc', 'c10_50k_loss', 'c10_50k_acc']) 
 c10h_outdir:  /tigress/joshuacp/model_results/run_1/saves/wrn_28_10/con_True_lr_0.0001_seed_0
[2018/09/25 21:36:26 __main__ INFO] - Train 4
[2018/09/25 21:36:46 __main__ INFO] - TEST 4
[2018/09/25 21:37:34 __main__ INFO] - - epoch 4    c10h_train    : 0.4209 (acc: 0.9567) | c10h_val    : 0.4301 (acc: 0.9610)
[2018/09/25 21:37:34 __main__ INFO] - -            c10h_train_c10: 0.1263 (acc: 0.9601) | c10h_val_c10: 0.1426 (acc: 0.9620)
[2018/09/25 21:37:34 __main__ INFO] - -            v4            : 0.3805 (acc: 0.8956) |           v6: 0.3659 (acc: 0.9075)
[2018/09/25 21:37:34 __main__ INFO] - -            c10_50k       : 0.0012 (acc: 1.0000)
[2018/09/25 21:37:34 __main__ INFO] - Elapsed 48.21
keys:  dict_keys(['epoch', 'c10h_train_loss', 'c10h_train_acc', 'c10h_val_loss', 'c10h_val_acc', 'c10h_train_c10_loss', 'c10h_train_c10_acc', 'c10h_val_c10_loss', 'c10h_val_c10_acc', 'v4_loss', 'v4_acc', 'v6_loss', 'v6_acc', 'c10_50k_loss', 'c10_50k_acc']) 
 c10h_outdir:  /tigress/joshuacp/model_results/run_1/saves/wrn_28_10/con_True_lr_0.0001_seed_0
[2018/09/25 21:37:35 __main__ INFO] - Train 5
[2018/09/25 21:37:54 __main__ INFO] - TEST 5
[2018/09/25 21:38:42 __main__ INFO] - - epoch 5    c10h_train    : 0.4117 (acc: 0.9597) | c10h_val    : 0.4312 (acc: 0.9580)
[2018/09/25 21:38:42 __main__ INFO] - -            c10h_train_c10: 0.1112 (acc: 0.9628) | c10h_val_c10: 0.1436 (acc: 0.9590)
[2018/09/25 21:38:42 __main__ INFO] - -            v4            : 0.3966 (acc: 0.8966) |           v6: 0.3602 (acc: 0.9070)
[2018/09/25 21:38:42 __main__ INFO] - -            c10_50k       : 0.0013 (acc: 1.0000)
[2018/09/25 21:38:42 __main__ INFO] - Elapsed 47.98
keys:  dict_keys(['epoch', 'c10h_train_loss', 'c10h_train_acc', 'c10h_val_loss', 'c10h_val_acc', 'c10h_train_c10_loss', 'c10h_train_c10_acc', 'c10h_val_c10_loss', 'c10h_val_c10_acc', 'v4_loss', 'v4_acc', 'v6_loss', 'v6_acc', 'c10_50k_loss', 'c10_50k_acc']) 
 c10h_outdir:  /tigress/joshuacp/model_results/run_1/saves/wrn_28_10/con_True_lr_0.0001_seed_0
[2018/09/25 21:38:43 __main__ INFO] - Train 6
[2018/09/25 21:39:03 __main__ INFO] - TEST 6
[2018/09/25 21:39:51 __main__ INFO] - - epoch 6    c10h_train    : 0.4044 (acc: 0.9632) | c10h_val    : 0.4209 (acc: 0.9610)
[2018/09/25 21:39:51 __main__ INFO] - -            c10h_train_c10: 0.1055 (acc: 0.9668) | c10h_val_c10: 0.1386 (acc: 0.9620)
[2018/09/25 21:39:51 __main__ INFO] - -            v4            : 0.3834 (acc: 0.8961) |           v6: 0.3614 (acc: 0.9040)
[2018/09/25 21:39:51 __main__ INFO] - -            c10_50k       : 0.0014 (acc: 1.0000)
[2018/09/25 21:39:51 __main__ INFO] - Elapsed 48.11
keys:  dict_keys(['epoch', 'c10h_train_loss', 'c10h_train_acc', 'c10h_val_loss', 'c10h_val_acc', 'c10h_train_c10_loss', 'c10h_train_c10_acc', 'c10h_val_c10_loss', 'c10h_val_c10_acc', 'v4_loss', 'v4_acc', 'v6_loss', 'v6_acc', 'c10_50k_loss', 'c10_50k_acc']) 
 c10h_outdir:  /tigress/joshuacp/model_results/run_1/saves/wrn_28_10/con_True_lr_0.0001_seed_0
[2018/09/25 21:39:53 __main__ INFO] - Train 7
[2018/09/25 21:40:12 __main__ INFO] - TEST 7
[2018/09/25 21:41:01 __main__ INFO] - - epoch 7    c10h_train    : 0.3970 (acc: 0.9651) | c10h_val    : 0.4183 (acc: 0.9620)
[2018/09/25 21:41:01 __main__ INFO] - -            c10h_train_c10: 0.0969 (acc: 0.9691) | c10h_val_c10: 0.1357 (acc: 0.9630)
[2018/09/25 21:41:01 __main__ INFO] - -            v4            : 0.3823 (acc: 0.8991) |           v6: 0.3554 (acc: 0.9050)
[2018/09/25 21:41:01 __main__ INFO] - -            c10_50k       : 0.0014 (acc: 1.0000)
[2018/09/25 21:41:01 __main__ INFO] - Elapsed 48.33
keys:  dict_keys(['epoch', 'c10h_train_loss', 'c10h_train_acc', 'c10h_val_loss', 'c10h_val_acc', 'c10h_train_c10_loss', 'c10h_train_c10_acc', 'c10h_val_c10_loss', 'c10h_val_c10_acc', 'v4_loss', 'v4_acc', 'v6_loss', 'v6_acc', 'c10_50k_loss', 'c10_50k_acc']) 
 c10h_outdir:  /tigress/joshuacp/model_results/run_1/saves/wrn_28_10/con_True_lr_0.0001_seed_0
[2018/09/25 21:41:03 __main__ INFO] - Train 8
[2018/09/25 21:41:23 __main__ INFO] - TEST 8
[2018/09/25 21:42:11 __main__ INFO] - - epoch 8    c10h_train    : 0.3894 (acc: 0.9647) | c10h_val    : 0.4188 (acc: 0.9600)
[2018/09/25 21:42:11 __main__ INFO] - -            c10h_train_c10: 0.0905 (acc: 0.9687) | c10h_val_c10: 0.1373 (acc: 0.9610)
[2018/09/25 21:42:11 __main__ INFO] - -            v4            : 0.4038 (acc: 0.8956) |           v6: 0.3612 (acc: 0.9040)
[2018/09/25 21:42:11 __main__ INFO] - -            c10_50k       : 0.0015 (acc: 1.0000)
[2018/09/25 21:42:11 __main__ INFO] - Elapsed 48.55
keys:  dict_keys(['epoch', 'c10h_train_loss', 'c10h_train_acc', 'c10h_val_loss', 'c10h_val_acc', 'c10h_train_c10_loss', 'c10h_train_c10_acc', 'c10h_val_c10_loss', 'c10h_val_c10_acc', 'v4_loss', 'v4_acc', 'v6_loss', 'v6_acc', 'c10_50k_loss', 'c10_50k_acc']) 
 c10h_outdir:  /tigress/joshuacp/model_results/run_1/saves/wrn_28_10/con_True_lr_0.0001_seed_0
[2018/09/25 21:42:14 __main__ INFO] - Train 9
[2018/09/25 21:42:33 __main__ INFO] - TEST 9
[2018/09/25 21:43:22 __main__ INFO] - - epoch 9    c10h_train    : 0.3806 (acc: 0.9664) | c10h_val    : 0.4103 (acc: 0.9610)
[2018/09/25 21:43:22 __main__ INFO] - -            c10h_train_c10: 0.0884 (acc: 0.9704) | c10h_val_c10: 0.1312 (acc: 0.9620)
[2018/09/25 21:43:22 __main__ INFO] - -            v4            : 0.3696 (acc: 0.8966) |           v6: 0.3505 (acc: 0.9055)
[2018/09/25 21:43:22 __main__ INFO] - -            c10_50k       : 0.0016 (acc: 1.0000)
[2018/09/25 21:43:22 __main__ INFO] - Elapsed 48.10
keys:  dict_keys(['epoch', 'c10h_train_loss', 'c10h_train_acc', 'c10h_val_loss', 'c10h_val_acc', 'c10h_train_c10_loss', 'c10h_train_c10_acc', 'c10h_val_c10_loss', 'c10h_val_c10_acc', 'v4_loss', 'v4_acc', 'v6_loss', 'v6_acc', 'c10_50k_loss', 'c10_50k_acc']) 
 c10h_outdir:  /tigress/joshuacp/model_results/run_1/saves/wrn_28_10/con_True_lr_0.0001_seed_0
[2018/09/25 21:43:23 __main__ INFO] - Train 10
[2018/09/25 21:43:43 __main__ INFO] - TEST 10
[2018/09/25 21:44:31 __main__ INFO] - - epoch 10    c10h_train    : 0.3819 (acc: 0.9681) | c10h_val    : 0.4128 (acc: 0.9580)
[2018/09/25 21:44:31 __main__ INFO] - -            c10h_train_c10: 0.0823 (acc: 0.9720) | c10h_val_c10: 0.1332 (acc: 0.9590)
[2018/09/25 21:44:31 __main__ INFO] - -            v4            : 0.3809 (acc: 0.8996) |           v6: 0.3511 (acc: 0.9055)
[2018/09/25 21:44:31 __main__ INFO] - -            c10_50k       : 0.0016 (acc: 1.0000)
[2018/09/25 21:44:31 __main__ INFO] - Elapsed 48.07
keys:  dict_keys(['epoch', 'c10h_train_loss', 'c10h_train_acc', 'c10h_val_loss', 'c10h_val_acc', 'c10h_train_c10_loss', 'c10h_train_c10_acc', 'c10h_val_c10_loss', 'c10h_val_c10_acc', 'v4_loss', 'v4_acc', 'v6_loss', 'v6_acc', 'c10_50k_loss', 'c10_50k_acc']) 
 c10h_outdir:  /tigress/joshuacp/model_results/run_1/saves/wrn_28_10/con_True_lr_0.0001_seed_0
[2018/09/25 21:44:31 __main__ INFO] - Train 11
[2018/09/25 21:44:51 __main__ INFO] - TEST 11
[2018/09/25 21:45:39 __main__ INFO] - - epoch 11    c10h_train    : 0.3784 (acc: 0.9668) | c10h_val    : 0.4133 (acc: 0.9580)
[2018/09/25 21:45:39 __main__ INFO] - -            c10h_train_c10: 0.0769 (acc: 0.9713) | c10h_val_c10: 0.1331 (acc: 0.9590)
[2018/09/25 21:45:39 __main__ INFO] - -            v4            : 0.3809 (acc: 0.8946) |           v6: 0.3600 (acc: 0.9015)
[2018/09/25 21:45:39 __main__ INFO] - -            c10_50k       : 0.0017 (acc: 1.0000)
[2018/09/25 21:45:39 __main__ INFO] - Elapsed 48.04
keys:  dict_keys(['epoch', 'c10h_train_loss', 'c10h_train_acc', 'c10h_val_loss', 'c10h_val_acc', 'c10h_train_c10_loss', 'c10h_train_c10_acc', 'c10h_val_c10_loss', 'c10h_val_c10_acc', 'v4_loss', 'v4_acc', 'v6_loss', 'v6_acc', 'c10_50k_loss', 'c10_50k_acc']) 
 c10h_outdir:  /tigress/joshuacp/model_results/run_1/saves/wrn_28_10/con_True_lr_0.0001_seed_0
[2018/09/25 21:45:41 __main__ INFO] - Train 12
[2018/09/25 21:46:01 __main__ INFO] - TEST 12
[2018/09/25 21:46:49 __main__ INFO] - - epoch 12    c10h_train    : 0.3691 (acc: 0.9712) | c10h_val    : 0.4105 (acc: 0.9610)
[2018/09/25 21:46:49 __main__ INFO] - -            c10h_train_c10: 0.0651 (acc: 0.9763) | c10h_val_c10: 0.1296 (acc: 0.9620)
[2018/09/25 21:46:49 __main__ INFO] - -            v4            : 0.3885 (acc: 0.8931) |           v6: 0.3527 (acc: 0.9075)
[2018/09/25 21:46:49 __main__ INFO] - -            c10_50k       : 0.0018 (acc: 1.0000)
[2018/09/25 21:46:49 __main__ INFO] - Elapsed 48.04
keys:  dict_keys(['epoch', 'c10h_train_loss', 'c10h_train_acc', 'c10h_val_loss', 'c10h_val_acc', 'c10h_train_c10_loss', 'c10h_train_c10_acc', 'c10h_val_c10_loss', 'c10h_val_c10_acc', 'v4_loss', 'v4_acc', 'v6_loss', 'v6_acc', 'c10_50k_loss', 'c10_50k_acc']) 
 c10h_outdir:  /tigress/joshuacp/model_results/run_1/saves/wrn_28_10/con_True_lr_0.0001_seed_0
[2018/09/25 21:46:50 __main__ INFO] - Train 13
[2018/09/25 21:47:09 __main__ INFO] - TEST 13
[2018/09/25 21:47:57 __main__ INFO] - - epoch 13    c10h_train    : 0.3670 (acc: 0.9720) | c10h_val    : 0.4075 (acc: 0.9620)
[2018/09/25 21:47:57 __main__ INFO] - -            c10h_train_c10: 0.0634 (acc: 0.9767) | c10h_val_c10: 0.1293 (acc: 0.9630)
[2018/09/25 21:47:57 __main__ INFO] - -            v4            : 0.4070 (acc: 0.8902) |           v6: 0.3530 (acc: 0.9080)
[2018/09/25 21:47:57 __main__ INFO] - -            c10_50k       : 0.0018 (acc: 1.0000)
[2018/09/25 21:47:57 __main__ INFO] - Elapsed 48.10
keys:  dict_keys(['epoch', 'c10h_train_loss', 'c10h_train_acc', 'c10h_val_loss', 'c10h_val_acc', 'c10h_train_c10_loss', 'c10h_train_c10_acc', 'c10h_val_c10_loss', 'c10h_val_c10_acc', 'v4_loss', 'v4_acc', 'v6_loss', 'v6_acc', 'c10_50k_loss', 'c10_50k_acc']) 
 c10h_outdir:  /tigress/joshuacp/model_results/run_1/saves/wrn_28_10/con_True_lr_0.0001_seed_0
[2018/09/25 21:47:59 __main__ INFO] - Train 14
[2018/09/25 21:48:19 __main__ INFO] - TEST 14
[2018/09/25 21:49:07 __main__ INFO] - - epoch 14    c10h_train    : 0.3676 (acc: 0.9722) | c10h_val    : 0.4091 (acc: 0.9590)
[2018/09/25 21:49:07 __main__ INFO] - -            c10h_train_c10: 0.0634 (acc: 0.9767) | c10h_val_c10: 0.1292 (acc: 0.9600)
[2018/09/25 21:49:07 __main__ INFO] - -            v4            : 0.3689 (acc: 0.9000) |           v6: 0.3505 (acc: 0.9065)
[2018/09/25 21:49:07 __main__ INFO] - -            c10_50k       : 0.0018 (acc: 1.0000)
[2018/09/25 21:49:07 __main__ INFO] - Elapsed 48.08
keys:  dict_keys(['epoch', 'c10h_train_loss', 'c10h_train_acc', 'c10h_val_loss', 'c10h_val_acc', 'c10h_train_c10_loss', 'c10h_train_c10_acc', 'c10h_val_c10_loss', 'c10h_val_c10_acc', 'v4_loss', 'v4_acc', 'v6_loss', 'v6_acc', 'c10_50k_loss', 'c10_50k_acc']) 
 c10h_outdir:  /tigress/joshuacp/model_results/run_1/saves/wrn_28_10/con_True_lr_0.0001_seed_0
[2018/09/25 21:49:09 __main__ INFO] - Train 15
[2018/09/25 21:49:28 __main__ INFO] - TEST 15
[2018/09/25 21:50:17 __main__ INFO] - - epoch 15    c10h_train    : 0.3646 (acc: 0.9731) | c10h_val    : 0.4093 (acc: 0.9600)
[2018/09/25 21:50:17 __main__ INFO] - -            c10h_train_c10: 0.0617 (acc: 0.9776) | c10h_val_c10: 0.1279 (acc: 0.9610)
[2018/09/25 21:50:17 __main__ INFO] - -            v4            : 0.3597 (acc: 0.9075) |           v6: 0.3449 (acc: 0.9090)
[2018/09/25 21:50:17 __main__ INFO] - -            c10_50k       : 0.0019 (acc: 1.0000)
[2018/09/25 21:50:17 __main__ INFO] - Elapsed 48.50
keys:  dict_keys(['epoch', 'c10h_train_loss', 'c10h_train_acc', 'c10h_val_loss', 'c10h_val_acc', 'c10h_train_c10_loss', 'c10h_train_c10_acc', 'c10h_val_c10_loss', 'c10h_val_c10_acc', 'v4_loss', 'v4_acc', 'v6_loss', 'v6_acc', 'c10_50k_loss', 'c10_50k_acc']) 
 c10h_outdir:  /tigress/joshuacp/model_results/run_1/saves/wrn_28_10/con_True_lr_0.0001_seed_0
[2018/09/25 21:50:19 __main__ INFO] - Train 16
[2018/09/25 21:50:38 __main__ INFO] - TEST 16
[2018/09/25 21:51:26 __main__ INFO] - - epoch 16    c10h_train    : 0.3632 (acc: 0.9739) | c10h_val    : 0.4054 (acc: 0.9580)
[2018/09/25 21:51:26 __main__ INFO] - -            c10h_train_c10: 0.0586 (acc: 0.9787) | c10h_val_c10: 0.1274 (acc: 0.9590)
[2018/09/25 21:51:26 __main__ INFO] - -            v4            : 0.3651 (acc: 0.8951) |           v6: 0.3458 (acc: 0.9090)
[2018/09/25 21:51:26 __main__ INFO] - -            c10_50k       : 0.0020 (acc: 1.0000)
[2018/09/25 21:51:26 __main__ INFO] - Elapsed 47.86
keys:  dict_keys(['epoch', 'c10h_train_loss', 'c10h_train_acc', 'c10h_val_loss', 'c10h_val_acc', 'c10h_train_c10_loss', 'c10h_train_c10_acc', 'c10h_val_c10_loss', 'c10h_val_c10_acc', 'v4_loss', 'v4_acc', 'v6_loss', 'v6_acc', 'c10_50k_loss', 'c10_50k_acc']) 
 c10h_outdir:  /tigress/joshuacp/model_results/run_1/saves/wrn_28_10/con_True_lr_0.0001_seed_0
[2018/09/25 21:51:29 __main__ INFO] - Train 17
[2018/09/25 21:51:49 __main__ INFO] - TEST 17
[2018/09/25 21:52:37 __main__ INFO] - - epoch 17    c10h_train    : 0.3551 (acc: 0.9754) | c10h_val    : 0.4033 (acc: 0.9600)
[2018/09/25 21:52:37 __main__ INFO] - -            c10h_train_c10: 0.0511 (acc: 0.9801) | c10h_val_c10: 0.1246 (acc: 0.9610)
[2018/09/25 21:52:37 __main__ INFO] - -            v4            : 0.3655 (acc: 0.8951) |           v6: 0.3493 (acc: 0.9070)
[2018/09/25 21:52:37 __main__ INFO] - -            c10_50k       : 0.0020 (acc: 1.0000)
[2018/09/25 21:52:37 __main__ INFO] - Elapsed 48.05
keys:  dict_keys(['epoch', 'c10h_train_loss', 'c10h_train_acc', 'c10h_val_loss', 'c10h_val_acc', 'c10h_train_c10_loss', 'c10h_train_c10_acc', 'c10h_val_c10_loss', 'c10h_val_c10_acc', 'v4_loss', 'v4_acc', 'v6_loss', 'v6_acc', 'c10_50k_loss', 'c10_50k_acc']) 
 c10h_outdir:  /tigress/joshuacp/model_results/run_1/saves/wrn_28_10/con_True_lr_0.0001_seed_0
[2018/09/25 21:52:38 __main__ INFO] - Train 18
[2018/09/25 21:52:58 __main__ INFO] - TEST 18
[2018/09/25 21:53:46 __main__ INFO] - - epoch 18    c10h_train    : 0.3562 (acc: 0.9749) | c10h_val    : 0.4018 (acc: 0.9630)
[2018/09/25 21:53:46 __main__ INFO] - -            c10h_train_c10: 0.0513 (acc: 0.9804) | c10h_val_c10: 0.1233 (acc: 0.9640)
[2018/09/25 21:53:46 __main__ INFO] - -            v4            : 0.3612 (acc: 0.8986) |           v6: 0.3486 (acc: 0.9065)
[2018/09/25 21:53:46 __main__ INFO] - -            c10_50k       : 0.0019 (acc: 1.0000)
[2018/09/25 21:53:46 __main__ INFO] - Elapsed 48.26
keys:  dict_keys(['epoch', 'c10h_train_loss', 'c10h_train_acc', 'c10h_val_loss', 'c10h_val_acc', 'c10h_train_c10_loss', 'c10h_train_c10_acc', 'c10h_val_c10_loss', 'c10h_val_c10_acc', 'v4_loss', 'v4_acc', 'v6_loss', 'v6_acc', 'c10_50k_loss', 'c10_50k_acc']) 
 c10h_outdir:  /tigress/joshuacp/model_results/run_1/saves/wrn_28_10/con_True_lr_0.0001_seed_0
[2018/09/25 21:53:47 __main__ INFO] - Train 19
[2018/09/25 21:54:07 __main__ INFO] - TEST 19
[2018/09/25 21:54:55 __main__ INFO] - - epoch 19    c10h_train    : 0.3593 (acc: 0.9761) | c10h_val    : 0.4114 (acc: 0.9600)
[2018/09/25 21:54:55 __main__ INFO] - -            c10h_train_c10: 0.0485 (acc: 0.9809) | c10h_val_c10: 0.1301 (acc: 0.9610)
[2018/09/25 21:54:55 __main__ INFO] - -            v4            : 0.3891 (acc: 0.8887) |           v6: 0.3546 (acc: 0.9045)
[2018/09/25 21:54:55 __main__ INFO] - -            c10_50k       : 0.0019 (acc: 1.0000)
[2018/09/25 21:54:55 __main__ INFO] - Elapsed 48.27
keys:  dict_keys(['epoch', 'c10h_train_loss', 'c10h_train_acc', 'c10h_val_loss', 'c10h_val_acc', 'c10h_train_c10_loss', 'c10h_train_c10_acc', 'c10h_val_c10_loss', 'c10h_val_c10_acc', 'v4_loss', 'v4_acc', 'v6_loss', 'v6_acc', 'c10_50k_loss', 'c10_50k_acc']) 
 c10h_outdir:  /tigress/joshuacp/model_results/run_1/saves/wrn_28_10/con_True_lr_0.0001_seed_0
[2018/09/25 21:54:57 __main__ INFO] - Train 20
[2018/09/25 21:55:17 __main__ INFO] - TEST 20
[2018/09/25 21:56:05 __main__ INFO] - - epoch 20    c10h_train    : 0.3553 (acc: 0.9764) | c10h_val    : 0.4023 (acc: 0.9610)
[2018/09/25 21:56:05 __main__ INFO] - -            c10h_train_c10: 0.0460 (acc: 0.9817) | c10h_val_c10: 0.1250 (acc: 0.9620)
[2018/09/25 21:56:05 __main__ INFO] - -            v4            : 0.3687 (acc: 0.8961) |           v6: 0.3514 (acc: 0.9070)
[2018/09/25 21:56:05 __main__ INFO] - -            c10_50k       : 0.0020 (acc: 1.0000)
[2018/09/25 21:56:05 __main__ INFO] - Elapsed 48.05
keys:  dict_keys(['epoch', 'c10h_train_loss', 'c10h_train_acc', 'c10h_val_loss', 'c10h_val_acc', 'c10h_train_c10_loss', 'c10h_train_c10_acc', 'c10h_val_c10_loss', 'c10h_val_c10_acc', 'v4_loss', 'v4_acc', 'v6_loss', 'v6_acc', 'c10_50k_loss', 'c10_50k_acc']) 
 c10h_outdir:  /tigress/joshuacp/model_results/run_1/saves/wrn_28_10/con_True_lr_0.0001_seed_0
[2018/09/25 21:56:07 __main__ INFO] - Train 21
[2018/09/25 21:56:26 __main__ INFO] - TEST 21
[2018/09/25 21:57:14 __main__ INFO] - - epoch 21    c10h_train    : 0.3547 (acc: 0.9779) | c10h_val    : 0.4064 (acc: 0.9570)
[2018/09/25 21:57:14 __main__ INFO] - -            c10h_train_c10: 0.0458 (acc: 0.9829) | c10h_val_c10: 0.1284 (acc: 0.9580)
[2018/09/25 21:57:14 __main__ INFO] - -            v4            : 0.4027 (acc: 0.8897) |           v6: 0.3547 (acc: 0.9045)
[2018/09/25 21:57:14 __main__ INFO] - -            c10_50k       : 0.0021 (acc: 1.0000)
[2018/09/25 21:57:14 __main__ INFO] - Elapsed 47.95
keys:  dict_keys(['epoch', 'c10h_train_loss', 'c10h_train_acc', 'c10h_val_loss', 'c10h_val_acc', 'c10h_train_c10_loss', 'c10h_train_c10_acc', 'c10h_val_c10_loss', 'c10h_val_c10_acc', 'v4_loss', 'v4_acc', 'v6_loss', 'v6_acc', 'c10_50k_loss', 'c10_50k_acc']) 
 c10h_outdir:  /tigress/joshuacp/model_results/run_1/saves/wrn_28_10/con_True_lr_0.0001_seed_0
[2018/09/25 21:57:15 __main__ INFO] - Train 22
[2018/09/25 21:57:35 __main__ INFO] - TEST 22
[2018/09/25 21:58:23 __main__ INFO] - - epoch 22    c10h_train    : 0.3566 (acc: 0.9782) | c10h_val    : 0.4074 (acc: 0.9580)
[2018/09/25 21:58:23 __main__ INFO] - -            c10h_train_c10: 0.0451 (acc: 0.9832) | c10h_val_c10: 0.1280 (acc: 0.9590)
[2018/09/25 21:58:23 __main__ INFO] - -            v4            : 0.3852 (acc: 0.8961) |           v6: 0.3522 (acc: 0.9060)
[2018/09/25 21:58:23 __main__ INFO] - -            c10_50k       : 0.0021 (acc: 1.0000)
[2018/09/25 21:58:23 __main__ INFO] - Elapsed 48.14
keys:  dict_keys(['epoch', 'c10h_train_loss', 'c10h_train_acc', 'c10h_val_loss', 'c10h_val_acc', 'c10h_train_c10_loss', 'c10h_train_c10_acc', 'c10h_val_c10_loss', 'c10h_val_c10_acc', 'v4_loss', 'v4_acc', 'v6_loss', 'v6_acc', 'c10_50k_loss', 'c10_50k_acc']) 
 c10h_outdir:  /tigress/joshuacp/model_results/run_1/saves/wrn_28_10/con_True_lr_0.0001_seed_0
[2018/09/25 21:58:23 __main__ INFO] - Train 23
[2018/09/25 21:58:43 __main__ INFO] - TEST 23
[2018/09/25 21:59:31 __main__ INFO] - - epoch 23    c10h_train    : 0.3531 (acc: 0.9803) | c10h_val    : 0.4063 (acc: 0.9590)
[2018/09/25 21:59:31 __main__ INFO] - -            c10h_train_c10: 0.0400 (acc: 0.9854) | c10h_val_c10: 0.1269 (acc: 0.9600)
[2018/09/25 21:59:31 __main__ INFO] - -            v4            : 0.3810 (acc: 0.8981) |           v6: 0.3554 (acc: 0.9075)
[2018/09/25 21:59:31 __main__ INFO] - -            c10_50k       : 0.0021 (acc: 1.0000)
[2018/09/25 21:59:31 __main__ INFO] - Elapsed 48.29
keys:  dict_keys(['epoch', 'c10h_train_loss', 'c10h_train_acc', 'c10h_val_loss', 'c10h_val_acc', 'c10h_train_c10_loss', 'c10h_train_c10_acc', 'c10h_val_c10_loss', 'c10h_val_c10_acc', 'v4_loss', 'v4_acc', 'v6_loss', 'v6_acc', 'c10_50k_loss', 'c10_50k_acc']) 
 c10h_outdir:  /tigress/joshuacp/model_results/run_1/saves/wrn_28_10/con_True_lr_0.0001_seed_0
[2018/09/25 21:59:33 __main__ INFO] - Train 24
[2018/09/25 21:59:52 __main__ INFO] - TEST 24
[2018/09/25 22:00:41 __main__ INFO] - - epoch 24    c10h_train    : 0.3530 (acc: 0.9792) | c10h_val    : 0.4041 (acc: 0.9590)
[2018/09/25 22:00:41 __main__ INFO] - -            c10h_train_c10: 0.0399 (acc: 0.9843) | c10h_val_c10: 0.1272 (acc: 0.9600)
[2018/09/25 22:00:41 __main__ INFO] - -            v4            : 0.3817 (acc: 0.8926) |           v6: 0.3483 (acc: 0.9075)
[2018/09/25 22:00:41 __main__ INFO] - -            c10_50k       : 0.0021 (acc: 1.0000)
[2018/09/25 22:00:41 __main__ INFO] - Elapsed 48.36
keys:  dict_keys(['epoch', 'c10h_train_loss', 'c10h_train_acc', 'c10h_val_loss', 'c10h_val_acc', 'c10h_train_c10_loss', 'c10h_train_c10_acc', 'c10h_val_c10_loss', 'c10h_val_c10_acc', 'v4_loss', 'v4_acc', 'v6_loss', 'v6_acc', 'c10_50k_loss', 'c10_50k_acc']) 
 c10h_outdir:  /tigress/joshuacp/model_results/run_1/saves/wrn_28_10/con_True_lr_0.0001_seed_0
[2018/09/25 22:00:43 __main__ INFO] - Train 25
[2018/09/25 22:01:03 __main__ INFO] - TEST 25
[2018/09/25 22:01:51 __main__ INFO] - - epoch 25    c10h_train    : 0.3503 (acc: 0.9801) | c10h_val    : 0.4047 (acc: 0.9600)
[2018/09/25 22:01:51 __main__ INFO] - -            c10h_train_c10: 0.0380 (acc: 0.9856) | c10h_val_c10: 0.1264 (acc: 0.9610)
[2018/09/25 22:01:51 __main__ INFO] - -            v4            : 0.3831 (acc: 0.8996) |           v6: 0.3498 (acc: 0.9090)
[2018/09/25 22:01:51 __main__ INFO] - -            c10_50k       : 0.0021 (acc: 0.9999)
[2018/09/25 22:01:51 __main__ INFO] - Elapsed 48.23
keys:  dict_keys(['epoch', 'c10h_train_loss', 'c10h_train_acc', 'c10h_val_loss', 'c10h_val_acc', 'c10h_train_c10_loss', 'c10h_train_c10_acc', 'c10h_val_c10_loss', 'c10h_val_c10_acc', 'v4_loss', 'v4_acc', 'v6_loss', 'v6_acc', 'c10_50k_loss', 'c10_50k_acc']) 
 c10h_outdir:  /tigress/joshuacp/model_results/run_1/saves/wrn_28_10/con_True_lr_0.0001_seed_0
[2018/09/25 22:01:53 __main__ INFO] - Train 26
[2018/09/25 22:02:12 __main__ INFO] - TEST 26
[2018/09/25 22:03:01 __main__ INFO] - - epoch 26    c10h_train    : 0.3493 (acc: 0.9814) | c10h_val    : 0.4037 (acc: 0.9610)
[2018/09/25 22:03:01 __main__ INFO] - -            c10h_train_c10: 0.0361 (acc: 0.9867) | c10h_val_c10: 0.1240 (acc: 0.9620)
[2018/09/25 22:03:01 __main__ INFO] - -            v4            : 0.3437 (acc: 0.9030) |           v6: 0.3440 (acc: 0.9105)
[2018/09/25 22:03:01 __main__ INFO] - -            c10_50k       : 0.0021 (acc: 0.9999)
[2018/09/25 22:03:01 __main__ INFO] - Elapsed 48.10
keys:  dict_keys(['epoch', 'c10h_train_loss', 'c10h_train_acc', 'c10h_val_loss', 'c10h_val_acc', 'c10h_train_c10_loss', 'c10h_train_c10_acc', 'c10h_val_c10_loss', 'c10h_val_c10_acc', 'v4_loss', 'v4_acc', 'v6_loss', 'v6_acc', 'c10_50k_loss', 'c10_50k_acc']) 
 c10h_outdir:  /tigress/joshuacp/model_results/run_1/saves/wrn_28_10/con_True_lr_0.0001_seed_0
[2018/09/25 22:03:01 __main__ INFO] - Train 27
[2018/09/25 22:03:21 __main__ INFO] - TEST 27
[2018/09/25 22:04:09 __main__ INFO] - - epoch 27    c10h_train    : 0.3504 (acc: 0.9803) | c10h_val    : 0.4028 (acc: 0.9620)
[2018/09/25 22:04:09 __main__ INFO] - -            c10h_train_c10: 0.0368 (acc: 0.9859) | c10h_val_c10: 0.1244 (acc: 0.9630)
[2018/09/25 22:04:09 __main__ INFO] - -            v4            : 0.3853 (acc: 0.8951) |           v6: 0.3485 (acc: 0.9085)
[2018/09/25 22:04:09 __main__ INFO] - -            c10_50k       : 0.0022 (acc: 0.9999)
[2018/09/25 22:04:09 __main__ INFO] - Elapsed 48.18
keys:  dict_keys(['epoch', 'c10h_train_loss', 'c10h_train_acc', 'c10h_val_loss', 'c10h_val_acc', 'c10h_train_c10_loss', 'c10h_train_c10_acc', 'c10h_val_c10_loss', 'c10h_val_c10_acc', 'v4_loss', 'v4_acc', 'v6_loss', 'v6_acc', 'c10_50k_loss', 'c10_50k_acc']) 
 c10h_outdir:  /tigress/joshuacp/model_results/run_1/saves/wrn_28_10/con_True_lr_0.0001_seed_0
[2018/09/25 22:04:09 __main__ INFO] - Train 28
[2018/09/25 22:04:29 __main__ INFO] - TEST 28
[2018/09/25 22:05:17 __main__ INFO] - - epoch 28    c10h_train    : 0.3537 (acc: 0.9807) | c10h_val    : 0.4090 (acc: 0.9590)
[2018/09/25 22:05:17 __main__ INFO] - -            c10h_train_c10: 0.0344 (acc: 0.9866) | c10h_val_c10: 0.1284 (acc: 0.9610)
[2018/09/25 22:05:17 __main__ INFO] - -            v4            : 0.3649 (acc: 0.8981) |           v6: 0.3462 (acc: 0.9095)
[2018/09/25 22:05:17 __main__ INFO] - -            c10_50k       : 0.0022 (acc: 1.0000)
[2018/09/25 22:05:17 __main__ INFO] - Elapsed 48.24
keys:  dict_keys(['epoch', 'c10h_train_loss', 'c10h_train_acc', 'c10h_val_loss', 'c10h_val_acc', 'c10h_train_c10_loss', 'c10h_train_c10_acc', 'c10h_val_c10_loss', 'c10h_val_c10_acc', 'v4_loss', 'v4_acc', 'v6_loss', 'v6_acc', 'c10_50k_loss', 'c10_50k_acc']) 
 c10h_outdir:  /tigress/joshuacp/model_results/run_1/saves/wrn_28_10/con_True_lr_0.0001_seed_0
[2018/09/25 22:05:19 __main__ INFO] - Train 29
[2018/09/25 22:05:38 __main__ INFO] - TEST 29
[2018/09/25 22:06:26 __main__ INFO] - - epoch 29    c10h_train    : 0.3493 (acc: 0.9816) | c10h_val    : 0.4080 (acc: 0.9580)
[2018/09/25 22:06:27 __main__ INFO] - -            c10h_train_c10: 0.0320 (acc: 0.9876) | c10h_val_c10: 0.1291 (acc: 0.9600)
[2018/09/25 22:06:27 __main__ INFO] - -            v4            : 0.3841 (acc: 0.8926) |           v6: 0.3475 (acc: 0.9085)
[2018/09/25 22:06:27 __main__ INFO] - -            c10_50k       : 0.0022 (acc: 0.9999)
[2018/09/25 22:06:27 __main__ INFO] - Elapsed 48.05
keys:  dict_keys(['epoch', 'c10h_train_loss', 'c10h_train_acc', 'c10h_val_loss', 'c10h_val_acc', 'c10h_train_c10_loss', 'c10h_train_c10_acc', 'c10h_val_c10_loss', 'c10h_val_c10_acc', 'v4_loss', 'v4_acc', 'v6_loss', 'v6_acc', 'c10_50k_loss', 'c10_50k_acc']) 
 c10h_outdir:  /tigress/joshuacp/model_results/run_1/saves/wrn_28_10/con_True_lr_0.0001_seed_0
[2018/09/25 22:06:28 __main__ INFO] - Train 30
[2018/09/25 22:06:48 __main__ INFO] - TEST 30
[2018/09/25 22:07:37 __main__ INFO] - - epoch 30    c10h_train    : 0.3466 (acc: 0.9824) | c10h_val    : 0.4041 (acc: 0.9630)
[2018/09/25 22:07:37 __main__ INFO] - -            c10h_train_c10: 0.0293 (acc: 0.9883) | c10h_val_c10: 0.1250 (acc: 0.9650)
[2018/09/25 22:07:37 __main__ INFO] - -            v4            : 0.3748 (acc: 0.8911) |           v6: 0.3518 (acc: 0.9050)
[2018/09/25 22:07:37 __main__ INFO] - -            c10_50k       : 0.0021 (acc: 1.0000)
[2018/09/25 22:07:37 __main__ INFO] - Elapsed 48.21
keys:  dict_keys(['epoch', 'c10h_train_loss', 'c10h_train_acc', 'c10h_val_loss', 'c10h_val_acc', 'c10h_train_c10_loss', 'c10h_train_c10_acc', 'c10h_val_c10_loss', 'c10h_val_c10_acc', 'v4_loss', 'v4_acc', 'v6_loss', 'v6_acc', 'c10_50k_loss', 'c10_50k_acc']) 
 c10h_outdir:  /tigress/joshuacp/model_results/run_1/saves/wrn_28_10/con_True_lr_0.0001_seed_0
[2018/09/25 22:07:38 __main__ INFO] - Train 31
[2018/09/25 22:07:58 __main__ INFO] - TEST 31
[2018/09/25 22:08:46 __main__ INFO] - - epoch 31    c10h_train    : 0.3505 (acc: 0.9824) | c10h_val    : 0.4049 (acc: 0.9620)
[2018/09/25 22:08:46 __main__ INFO] - -            c10h_train_c10: 0.0317 (acc: 0.9884) | c10h_val_c10: 0.1242 (acc: 0.9640)
[2018/09/25 22:08:46 __main__ INFO] - -            v4            : 0.3807 (acc: 0.8976) |           v6: 0.3452 (acc: 0.9095)
[2018/09/25 22:08:46 __main__ INFO] - -            c10_50k       : 0.0021 (acc: 0.9999)
[2018/09/25 22:08:46 __main__ INFO] - Elapsed 47.98
keys:  dict_keys(['epoch', 'c10h_train_loss', 'c10h_train_acc', 'c10h_val_loss', 'c10h_val_acc', 'c10h_train_c10_loss', 'c10h_train_c10_acc', 'c10h_val_c10_loss', 'c10h_val_c10_acc', 'v4_loss', 'v4_acc', 'v6_loss', 'v6_acc', 'c10_50k_loss', 'c10_50k_acc']) 
 c10h_outdir:  /tigress/joshuacp/model_results/run_1/saves/wrn_28_10/con_True_lr_0.0001_seed_0
[2018/09/25 22:08:46 __main__ INFO] - Train 32
[2018/09/25 22:09:06 __main__ INFO] - TEST 32
[2018/09/25 22:09:54 __main__ INFO] - - epoch 32    c10h_train    : 0.3487 (acc: 0.9826) | c10h_val    : 0.4049 (acc: 0.9610)
[2018/09/25 22:09:54 __main__ INFO] - -            c10h_train_c10: 0.0293 (acc: 0.9886) | c10h_val_c10: 0.1258 (acc: 0.9630)
[2018/09/25 22:09:54 __main__ INFO] - -            v4            : 0.3825 (acc: 0.8921) |           v6: 0.3496 (acc: 0.9075)
[2018/09/25 22:09:54 __main__ INFO] - -            c10_50k       : 0.0021 (acc: 1.0000)
[2018/09/25 22:09:54 __main__ INFO] - Elapsed 48.05
keys:  dict_keys(['epoch', 'c10h_train_loss', 'c10h_train_acc', 'c10h_val_loss', 'c10h_val_acc', 'c10h_train_c10_loss', 'c10h_train_c10_acc', 'c10h_val_c10_loss', 'c10h_val_c10_acc', 'v4_loss', 'v4_acc', 'v6_loss', 'v6_acc', 'c10_50k_loss', 'c10_50k_acc']) 
 c10h_outdir:  /tigress/joshuacp/model_results/run_1/saves/wrn_28_10/con_True_lr_0.0001_seed_0
[2018/09/25 22:09:55 __main__ INFO] - Train 33
[2018/09/25 22:10:14 __main__ INFO] - TEST 33
[2018/09/25 22:11:03 __main__ INFO] - - epoch 33    c10h_train    : 0.3464 (acc: 0.9847) | c10h_val    : 0.4028 (acc: 0.9600)
[2018/09/25 22:11:03 __main__ INFO] - -            c10h_train_c10: 0.0257 (acc: 0.9909) | c10h_val_c10: 0.1239 (acc: 0.9620)
[2018/09/25 22:11:03 __main__ INFO] - -            v4            : 0.3718 (acc: 0.8946) |           v6: 0.3502 (acc: 0.9090)
[2018/09/25 22:11:03 __main__ INFO] - -            c10_50k       : 0.0022 (acc: 0.9999)
[2018/09/25 22:11:03 __main__ INFO] - Elapsed 48.46
keys:  dict_keys(['epoch', 'c10h_train_loss', 'c10h_train_acc', 'c10h_val_loss', 'c10h_val_acc', 'c10h_train_c10_loss', 'c10h_train_c10_acc', 'c10h_val_c10_loss', 'c10h_val_c10_acc', 'v4_loss', 'v4_acc', 'v6_loss', 'v6_acc', 'c10_50k_loss', 'c10_50k_acc']) 
 c10h_outdir:  /tigress/joshuacp/model_results/run_1/saves/wrn_28_10/con_True_lr_0.0001_seed_0
[2018/09/25 22:11:05 __main__ INFO] - Train 34
[2018/09/25 22:11:24 __main__ INFO] - TEST 34
[2018/09/25 22:12:13 __main__ INFO] - - epoch 34    c10h_train    : 0.3527 (acc: 0.9830) | c10h_val    : 0.4044 (acc: 0.9610)
[2018/09/25 22:12:13 __main__ INFO] - -            c10h_train_c10: 0.0278 (acc: 0.9889) | c10h_val_c10: 0.1246 (acc: 0.9630)
[2018/09/25 22:12:13 __main__ INFO] - -            v4            : 0.3646 (acc: 0.8996) |           v6: 0.3500 (acc: 0.9070)
[2018/09/25 22:12:13 __main__ INFO] - -            c10_50k       : 0.0021 (acc: 0.9999)
[2018/09/25 22:12:13 __main__ INFO] - Elapsed 48.36
keys:  dict_keys(['epoch', 'c10h_train_loss', 'c10h_train_acc', 'c10h_val_loss', 'c10h_val_acc', 'c10h_train_c10_loss', 'c10h_train_c10_acc', 'c10h_val_c10_loss', 'c10h_val_c10_acc', 'v4_loss', 'v4_acc', 'v6_loss', 'v6_acc', 'c10_50k_loss', 'c10_50k_acc']) 
 c10h_outdir:  /tigress/joshuacp/model_results/run_1/saves/wrn_28_10/con_True_lr_0.0001_seed_0
[2018/09/25 22:12:13 __main__ INFO] - Train 35
[2018/09/25 22:12:33 __main__ INFO] - TEST 35
[2018/09/25 22:13:21 __main__ INFO] - - epoch 35    c10h_train    : 0.3500 (acc: 0.9844) | c10h_val    : 0.4097 (acc: 0.9590)
[2018/09/25 22:13:21 __main__ INFO] - -            c10h_train_c10: 0.0264 (acc: 0.9903) | c10h_val_c10: 0.1311 (acc: 0.9610)
[2018/09/25 22:13:21 __main__ INFO] - -            v4            : 0.3820 (acc: 0.8902) |           v6: 0.3558 (acc: 0.9075)
[2018/09/25 22:13:21 __main__ INFO] - -            c10_50k       : 0.0021 (acc: 1.0000)
[2018/09/25 22:13:21 __main__ INFO] - Elapsed 48.43
keys:  dict_keys(['epoch', 'c10h_train_loss', 'c10h_train_acc', 'c10h_val_loss', 'c10h_val_acc', 'c10h_train_c10_loss', 'c10h_train_c10_acc', 'c10h_val_c10_loss', 'c10h_val_c10_acc', 'v4_loss', 'v4_acc', 'v6_loss', 'v6_acc', 'c10_50k_loss', 'c10_50k_acc']) 
 c10h_outdir:  /tigress/joshuacp/model_results/run_1/saves/wrn_28_10/con_True_lr_0.0001_seed_0
[2018/09/25 22:13:22 __main__ INFO] - Train 36
[2018/09/25 22:13:41 __main__ INFO] - TEST 36
[2018/09/25 22:14:30 __main__ INFO] - - epoch 36    c10h_train    : 0.3494 (acc: 0.9842) | c10h_val    : 0.4104 (acc: 0.9590)
[2018/09/25 22:14:30 __main__ INFO] - -            c10h_train_c10: 0.0256 (acc: 0.9902) | c10h_val_c10: 0.1296 (acc: 0.9600)
[2018/09/25 22:14:30 __main__ INFO] - -            v4            : 0.3780 (acc: 0.9000) |           v6: 0.3536 (acc: 0.9060)
[2018/09/25 22:14:30 __main__ INFO] - -            c10_50k       : 0.0022 (acc: 0.9999)
[2018/09/25 22:14:30 __main__ INFO] - Elapsed 48.18
keys:  dict_keys(['epoch', 'c10h_train_loss', 'c10h_train_acc', 'c10h_val_loss', 'c10h_val_acc', 'c10h_train_c10_loss', 'c10h_train_c10_acc', 'c10h_val_c10_loss', 'c10h_val_c10_acc', 'v4_loss', 'v4_acc', 'v6_loss', 'v6_acc', 'c10_50k_loss', 'c10_50k_acc']) 
 c10h_outdir:  /tigress/joshuacp/model_results/run_1/saves/wrn_28_10/con_True_lr_0.0001_seed_0
[2018/09/25 22:14:32 __main__ INFO] - Train 37
[2018/09/25 22:14:52 __main__ INFO] - TEST 37
[2018/09/25 22:15:40 __main__ INFO] - - epoch 37    c10h_train    : 0.3488 (acc: 0.9833) | c10h_val    : 0.4113 (acc: 0.9600)
[2018/09/25 22:15:40 __main__ INFO] - -            c10h_train_c10: 0.0260 (acc: 0.9896) | c10h_val_c10: 0.1308 (acc: 0.9620)
[2018/09/25 22:15:40 __main__ INFO] - -            v4            : 0.4128 (acc: 0.8916) |           v6: 0.3556 (acc: 0.9055)
[2018/09/25 22:15:40 __main__ INFO] - -            c10_50k       : 0.0024 (acc: 0.9999)
[2018/09/25 22:15:40 __main__ INFO] - Elapsed 48.34
keys:  dict_keys(['epoch', 'c10h_train_loss', 'c10h_train_acc', 'c10h_val_loss', 'c10h_val_acc', 'c10h_train_c10_loss', 'c10h_train_c10_acc', 'c10h_val_c10_loss', 'c10h_val_c10_acc', 'v4_loss', 'v4_acc', 'v6_loss', 'v6_acc', 'c10_50k_loss', 'c10_50k_acc']) 
 c10h_outdir:  /tigress/joshuacp/model_results/run_1/saves/wrn_28_10/con_True_lr_0.0001_seed_0
[2018/09/25 22:15:41 __main__ INFO] - Train 38
[2018/09/25 22:16:01 __main__ INFO] - TEST 38
[2018/09/25 22:16:49 __main__ INFO] - - epoch 38    c10h_train    : 0.3478 (acc: 0.9847) | c10h_val    : 0.4070 (acc: 0.9580)
[2018/09/25 22:16:49 __main__ INFO] - -            c10h_train_c10: 0.0264 (acc: 0.9904) | c10h_val_c10: 0.1280 (acc: 0.9600)
[2018/09/25 22:16:49 __main__ INFO] - -            v4            : 0.3782 (acc: 0.8971) |           v6: 0.3529 (acc: 0.9070)
[2018/09/25 22:16:49 __main__ INFO] - -            c10_50k       : 0.0023 (acc: 0.9999)
[2018/09/25 22:16:49 __main__ INFO] - Elapsed 47.89
keys:  dict_keys(['epoch', 'c10h_train_loss', 'c10h_train_acc', 'c10h_val_loss', 'c10h_val_acc', 'c10h_train_c10_loss', 'c10h_train_c10_acc', 'c10h_val_c10_loss', 'c10h_val_c10_acc', 'v4_loss', 'v4_acc', 'v6_loss', 'v6_acc', 'c10_50k_loss', 'c10_50k_acc']) 
 c10h_outdir:  /tigress/joshuacp/model_results/run_1/saves/wrn_28_10/con_True_lr_0.0001_seed_0
[2018/09/25 22:16:50 __main__ INFO] - Train 39
[2018/09/25 22:17:10 __main__ INFO] - TEST 39
[2018/09/25 22:17:58 __main__ INFO] - - epoch 39    c10h_train    : 0.3520 (acc: 0.9848) | c10h_val    : 0.4127 (acc: 0.9580)
[2018/09/25 22:17:58 __main__ INFO] - -            c10h_train_c10: 0.0245 (acc: 0.9909) | c10h_val_c10: 0.1318 (acc: 0.9600)
[2018/09/25 22:17:58 __main__ INFO] - -            v4            : 0.3675 (acc: 0.8951) |           v6: 0.3612 (acc: 0.9040)
[2018/09/25 22:17:58 __main__ INFO] - -            c10_50k       : 0.0022 (acc: 0.9999)
[2018/09/25 22:17:58 __main__ INFO] - Elapsed 48.51
keys:  dict_keys(['epoch', 'c10h_train_loss', 'c10h_train_acc', 'c10h_val_loss', 'c10h_val_acc', 'c10h_train_c10_loss', 'c10h_train_c10_acc', 'c10h_val_c10_loss', 'c10h_val_c10_acc', 'v4_loss', 'v4_acc', 'v6_loss', 'v6_acc', 'c10_50k_loss', 'c10_50k_acc']) 
 c10h_outdir:  /tigress/joshuacp/model_results/run_1/saves/wrn_28_10/con_True_lr_0.0001_seed_0
[2018/09/25 22:17:59 __main__ INFO] - Train 40
[2018/09/25 22:18:18 __main__ INFO] - TEST 40
[2018/09/25 22:19:06 __main__ INFO] - - epoch 40    c10h_train    : 0.3500 (acc: 0.9849) | c10h_val    : 0.4067 (acc: 0.9620)
[2018/09/25 22:19:06 __main__ INFO] - -            c10h_train_c10: 0.0221 (acc: 0.9912) | c10h_val_c10: 0.1239 (acc: 0.9640)
[2018/09/25 22:19:06 __main__ INFO] - -            v4            : 0.3813 (acc: 0.8946) |           v6: 0.3543 (acc: 0.9105)
[2018/09/25 22:19:06 __main__ INFO] - -            c10_50k       : 0.0022 (acc: 0.9999)
[2018/09/25 22:19:06 __main__ INFO] - Elapsed 48.35
keys:  dict_keys(['epoch', 'c10h_train_loss', 'c10h_train_acc', 'c10h_val_loss', 'c10h_val_acc', 'c10h_train_c10_loss', 'c10h_train_c10_acc', 'c10h_val_c10_loss', 'c10h_val_c10_acc', 'v4_loss', 'v4_acc', 'v6_loss', 'v6_acc', 'c10_50k_loss', 'c10_50k_acc']) 
 c10h_outdir:  /tigress/joshuacp/model_results/run_1/saves/wrn_28_10/con_True_lr_0.0001_seed_0
[2018/09/25 22:19:07 __main__ INFO] - Train 41
[2018/09/25 22:19:26 __main__ INFO] - TEST 41
[2018/09/25 22:20:15 __main__ INFO] - - epoch 41    c10h_train    : 0.3510 (acc: 0.9850) | c10h_val    : 0.4064 (acc: 0.9620)
[2018/09/25 22:20:15 __main__ INFO] - -            c10h_train_c10: 0.0215 (acc: 0.9918) | c10h_val_c10: 0.1253 (acc: 0.9640)
[2018/09/25 22:20:15 __main__ INFO] - -            v4            : 0.3816 (acc: 0.8956) |           v6: 0.3549 (acc: 0.9085)
[2018/09/25 22:20:15 __main__ INFO] - -            c10_50k       : 0.0022 (acc: 1.0000)
[2018/09/25 22:20:15 __main__ INFO] - Elapsed 48.34
keys:  dict_keys(['epoch', 'c10h_train_loss', 'c10h_train_acc', 'c10h_val_loss', 'c10h_val_acc', 'c10h_train_c10_loss', 'c10h_train_c10_acc', 'c10h_val_c10_loss', 'c10h_val_c10_acc', 'v4_loss', 'v4_acc', 'v6_loss', 'v6_acc', 'c10_50k_loss', 'c10_50k_acc']) 
 c10h_outdir:  /tigress/joshuacp/model_results/run_1/saves/wrn_28_10/con_True_lr_0.0001_seed_0
[2018/09/25 22:20:16 __main__ INFO] - Train 42
[2018/09/25 22:20:35 __main__ INFO] - TEST 42
[2018/09/25 22:21:23 __main__ INFO] - - epoch 42    c10h_train    : 0.3487 (acc: 0.9848) | c10h_val    : 0.4058 (acc: 0.9610)
[2018/09/25 22:21:24 __main__ INFO] - -            c10h_train_c10: 0.0221 (acc: 0.9913) | c10h_val_c10: 0.1265 (acc: 0.9630)
[2018/09/25 22:21:24 __main__ INFO] - -            v4            : 0.4012 (acc: 0.8941) |           v6: 0.3583 (acc: 0.9045)
[2018/09/25 22:21:24 __main__ INFO] - -            c10_50k       : 0.0021 (acc: 1.0000)
[2018/09/25 22:21:24 __main__ INFO] - Elapsed 48.05
keys:  dict_keys(['epoch', 'c10h_train_loss', 'c10h_train_acc', 'c10h_val_loss', 'c10h_val_acc', 'c10h_train_c10_loss', 'c10h_train_c10_acc', 'c10h_val_c10_loss', 'c10h_val_c10_acc', 'v4_loss', 'v4_acc', 'v6_loss', 'v6_acc', 'c10_50k_loss', 'c10_50k_acc']) 
 c10h_outdir:  /tigress/joshuacp/model_results/run_1/saves/wrn_28_10/con_True_lr_0.0001_seed_0
[2018/09/25 22:21:24 __main__ INFO] - Train 43
[2018/09/25 22:21:43 __main__ INFO] - TEST 43
[2018/09/25 22:22:32 __main__ INFO] - - epoch 43    c10h_train    : 0.3505 (acc: 0.9856) | c10h_val    : 0.4062 (acc: 0.9640)
[2018/09/25 22:22:32 __main__ INFO] - -            c10h_train_c10: 0.0200 (acc: 0.9918) | c10h_val_c10: 0.1248 (acc: 0.9650)
[2018/09/25 22:22:32 __main__ INFO] - -            v4            : 0.3968 (acc: 0.8931) |           v6: 0.3569 (acc: 0.9080)
[2018/09/25 22:22:32 __main__ INFO] - -            c10_50k       : 0.0022 (acc: 0.9999)
[2018/09/25 22:22:32 __main__ INFO] - Elapsed 48.40
keys:  dict_keys(['epoch', 'c10h_train_loss', 'c10h_train_acc', 'c10h_val_loss', 'c10h_val_acc', 'c10h_train_c10_loss', 'c10h_train_c10_acc', 'c10h_val_c10_loss', 'c10h_val_c10_acc', 'v4_loss', 'v4_acc', 'v6_loss', 'v6_acc', 'c10_50k_loss', 'c10_50k_acc']) 
 c10h_outdir:  /tigress/joshuacp/model_results/run_1/saves/wrn_28_10/con_True_lr_0.0001_seed_0
[2018/09/25 22:22:37 __main__ INFO] - Train 44
[2018/09/25 22:22:56 __main__ INFO] - TEST 44
[2018/09/25 22:23:44 __main__ INFO] - - epoch 44    c10h_train    : 0.3514 (acc: 0.9859) | c10h_val    : 0.4085 (acc: 0.9630)
[2018/09/25 22:23:45 __main__ INFO] - -            c10h_train_c10: 0.0197 (acc: 0.9922) | c10h_val_c10: 0.1259 (acc: 0.9650)
[2018/09/25 22:23:45 __main__ INFO] - -            v4            : 0.3787 (acc: 0.8906) |           v6: 0.3590 (acc: 0.9065)
[2018/09/25 22:23:45 __main__ INFO] - -            c10_50k       : 0.0022 (acc: 0.9999)
[2018/09/25 22:23:45 __main__ INFO] - Elapsed 48.11
keys:  dict_keys(['epoch', 'c10h_train_loss', 'c10h_train_acc', 'c10h_val_loss', 'c10h_val_acc', 'c10h_train_c10_loss', 'c10h_train_c10_acc', 'c10h_val_c10_loss', 'c10h_val_c10_acc', 'v4_loss', 'v4_acc', 'v6_loss', 'v6_acc', 'c10_50k_loss', 'c10_50k_acc']) 
 c10h_outdir:  /tigress/joshuacp/model_results/run_1/saves/wrn_28_10/con_True_lr_0.0001_seed_0
[2018/09/25 22:23:45 __main__ INFO] - Train 45
[2018/09/25 22:24:04 __main__ INFO] - TEST 45
[2018/09/25 22:24:53 __main__ INFO] - - epoch 45    c10h_train    : 0.3543 (acc: 0.9850) | c10h_val    : 0.4104 (acc: 0.9600)
[2018/09/25 22:24:53 __main__ INFO] - -            c10h_train_c10: 0.0203 (acc: 0.9916) | c10h_val_c10: 0.1264 (acc: 0.9620)
[2018/09/25 22:24:53 __main__ INFO] - -            v4            : 0.3630 (acc: 0.9020) |           v6: 0.3534 (acc: 0.9070)
[2018/09/25 22:24:53 __main__ INFO] - -            c10_50k       : 0.0020 (acc: 1.0000)
[2018/09/25 22:24:53 __main__ INFO] - Elapsed 48.35
keys:  dict_keys(['epoch', 'c10h_train_loss', 'c10h_train_acc', 'c10h_val_loss', 'c10h_val_acc', 'c10h_train_c10_loss', 'c10h_train_c10_acc', 'c10h_val_c10_loss', 'c10h_val_c10_acc', 'v4_loss', 'v4_acc', 'v6_loss', 'v6_acc', 'c10_50k_loss', 'c10_50k_acc']) 
 c10h_outdir:  /tigress/joshuacp/model_results/run_1/saves/wrn_28_10/con_True_lr_0.0001_seed_0
[2018/09/25 22:24:54 __main__ INFO] - Train 46
[2018/09/25 22:25:13 __main__ INFO] - TEST 46
[2018/09/25 22:26:01 __main__ INFO] - - epoch 46    c10h_train    : 0.3516 (acc: 0.9861) | c10h_val    : 0.4101 (acc: 0.9600)
[2018/09/25 22:26:02 __main__ INFO] - -            c10h_train_c10: 0.0185 (acc: 0.9924) | c10h_val_c10: 0.1282 (acc: 0.9620)
[2018/09/25 22:26:02 __main__ INFO] - -            v4            : 0.3800 (acc: 0.9030) |           v6: 0.3590 (acc: 0.9065)
[2018/09/25 22:26:02 __main__ INFO] - -            c10_50k       : 0.0022 (acc: 0.9999)
[2018/09/25 22:26:02 __main__ INFO] - Elapsed 48.04
keys:  dict_keys(['epoch', 'c10h_train_loss', 'c10h_train_acc', 'c10h_val_loss', 'c10h_val_acc', 'c10h_train_c10_loss', 'c10h_train_c10_acc', 'c10h_val_c10_loss', 'c10h_val_c10_acc', 'v4_loss', 'v4_acc', 'v6_loss', 'v6_acc', 'c10_50k_loss', 'c10_50k_acc']) 
 c10h_outdir:  /tigress/joshuacp/model_results/run_1/saves/wrn_28_10/con_True_lr_0.0001_seed_0
[2018/09/25 22:26:02 __main__ INFO] - Train 47
[2018/09/25 22:26:21 __main__ INFO] - TEST 47
[2018/09/25 22:27:09 __main__ INFO] - - epoch 47    c10h_train    : 0.3529 (acc: 0.9853) | c10h_val    : 0.4099 (acc: 0.9620)
[2018/09/25 22:27:10 __main__ INFO] - -            c10h_train_c10: 0.0176 (acc: 0.9920) | c10h_val_c10: 0.1264 (acc: 0.9640)
[2018/09/25 22:27:10 __main__ INFO] - -            v4            : 0.3907 (acc: 0.8971) |           v6: 0.3531 (acc: 0.9075)
[2018/09/25 22:27:10 __main__ INFO] - -            c10_50k       : 0.0023 (acc: 0.9999)
[2018/09/25 22:27:10 __main__ INFO] - Elapsed 48.71
keys:  dict_keys(['epoch', 'c10h_train_loss', 'c10h_train_acc', 'c10h_val_loss', 'c10h_val_acc', 'c10h_train_c10_loss', 'c10h_train_c10_acc', 'c10h_val_c10_loss', 'c10h_val_c10_acc', 'v4_loss', 'v4_acc', 'v6_loss', 'v6_acc', 'c10_50k_loss', 'c10_50k_acc']) 
 c10h_outdir:  /tigress/joshuacp/model_results/run_1/saves/wrn_28_10/con_True_lr_0.0001_seed_0
[2018/09/25 22:27:11 __main__ INFO] - Train 48
[2018/09/25 22:27:30 __main__ INFO] - TEST 48
[2018/09/25 22:28:19 __main__ INFO] - - epoch 48    c10h_train    : 0.3510 (acc: 0.9860) | c10h_val    : 0.4102 (acc: 0.9610)
[2018/09/25 22:28:19 __main__ INFO] - -            c10h_train_c10: 0.0185 (acc: 0.9921) | c10h_val_c10: 0.1296 (acc: 0.9630)
[2018/09/25 22:28:19 __main__ INFO] - -            v4            : 0.3926 (acc: 0.8961) |           v6: 0.3571 (acc: 0.9050)
[2018/09/25 22:28:19 __main__ INFO] - -            c10_50k       : 0.0021 (acc: 1.0000)
[2018/09/25 22:28:19 __main__ INFO] - Elapsed 48.02
keys:  dict_keys(['epoch', 'c10h_train_loss', 'c10h_train_acc', 'c10h_val_loss', 'c10h_val_acc', 'c10h_train_c10_loss', 'c10h_train_c10_acc', 'c10h_val_c10_loss', 'c10h_val_c10_acc', 'v4_loss', 'v4_acc', 'v6_loss', 'v6_acc', 'c10_50k_loss', 'c10_50k_acc']) 
 c10h_outdir:  /tigress/joshuacp/model_results/run_1/saves/wrn_28_10/con_True_lr_0.0001_seed_0
[2018/09/25 22:28:21 __main__ INFO] - Train 49
[2018/09/25 22:28:40 __main__ INFO] - TEST 49
[2018/09/25 22:29:28 __main__ INFO] - - epoch 49    c10h_train    : 0.3568 (acc: 0.9856) | c10h_val    : 0.4141 (acc: 0.9620)
[2018/09/25 22:29:29 __main__ INFO] - -            c10h_train_c10: 0.0170 (acc: 0.9924) | c10h_val_c10: 0.1308 (acc: 0.9640)
[2018/09/25 22:29:29 __main__ INFO] - -            v4            : 0.3775 (acc: 0.8981) |           v6: 0.3515 (acc: 0.9075)
[2018/09/25 22:29:29 __main__ INFO] - -            c10_50k       : 0.0021 (acc: 0.9999)
[2018/09/25 22:29:29 __main__ INFO] - Elapsed 48.49
keys:  dict_keys(['epoch', 'c10h_train_loss', 'c10h_train_acc', 'c10h_val_loss', 'c10h_val_acc', 'c10h_train_c10_loss', 'c10h_train_c10_acc', 'c10h_val_c10_loss', 'c10h_val_c10_acc', 'v4_loss', 'v4_acc', 'v6_loss', 'v6_acc', 'c10_50k_loss', 'c10_50k_acc']) 
 c10h_outdir:  /tigress/joshuacp/model_results/run_1/saves/wrn_28_10/con_True_lr_0.0001_seed_0
[2018/09/25 22:29:31 __main__ INFO] - Train 50
[2018/09/25 22:29:50 __main__ INFO] - TEST 50
[2018/09/25 22:30:38 __main__ INFO] - - epoch 50    c10h_train    : 0.3544 (acc: 0.9858) | c10h_val    : 0.4126 (acc: 0.9600)
[2018/09/25 22:30:38 __main__ INFO] - -            c10h_train_c10: 0.0184 (acc: 0.9924) | c10h_val_c10: 0.1286 (acc: 0.9610)
[2018/09/25 22:30:38 __main__ INFO] - -            v4            : 0.3667 (acc: 0.8991) |           v6: 0.3519 (acc: 0.9085)
[2018/09/25 22:30:38 __main__ INFO] - -            c10_50k       : 0.0022 (acc: 0.9999)
[2018/09/25 22:30:38 __main__ INFO] - Elapsed 47.93
keys:  dict_keys(['epoch', 'c10h_train_loss', 'c10h_train_acc', 'c10h_val_loss', 'c10h_val_acc', 'c10h_train_c10_loss', 'c10h_train_c10_acc', 'c10h_val_c10_loss', 'c10h_val_c10_acc', 'v4_loss', 'v4_acc', 'v6_loss', 'v6_acc', 'c10_50k_loss', 'c10_50k_acc']) 
 c10h_outdir:  /tigress/joshuacp/model_results/run_1/saves/wrn_28_10/con_True_lr_0.0001_seed_0
[2018/09/25 22:30:40 __main__ INFO] - Train 51
[2018/09/25 22:30:59 __main__ INFO] - TEST 51
[2018/09/25 22:31:47 __main__ INFO] - - epoch 51    c10h_train    : 0.3549 (acc: 0.9857) | c10h_val    : 0.4170 (acc: 0.9610)
[2018/09/25 22:31:48 __main__ INFO] - -            c10h_train_c10: 0.0177 (acc: 0.9921) | c10h_val_c10: 0.1312 (acc: 0.9630)
[2018/09/25 22:31:48 __main__ INFO] - -            v4            : 0.4030 (acc: 0.8931) |           v6: 0.3576 (acc: 0.9070)
[2018/09/25 22:31:48 __main__ INFO] - -            c10_50k       : 0.0024 (acc: 0.9998)
[2018/09/25 22:31:48 __main__ INFO] - Elapsed 49.02
keys:  dict_keys(['epoch', 'c10h_train_loss', 'c10h_train_acc', 'c10h_val_loss', 'c10h_val_acc', 'c10h_train_c10_loss', 'c10h_train_c10_acc', 'c10h_val_c10_loss', 'c10h_val_c10_acc', 'v4_loss', 'v4_acc', 'v6_loss', 'v6_acc', 'c10_50k_loss', 'c10_50k_acc']) 
 c10h_outdir:  /tigress/joshuacp/model_results/run_1/saves/wrn_28_10/con_True_lr_0.0001_seed_0
[2018/09/25 22:31:50 __main__ INFO] - Train 52
[2018/09/25 22:32:10 __main__ INFO] - TEST 52
[2018/09/25 22:32:58 __main__ INFO] - - epoch 52    c10h_train    : 0.3570 (acc: 0.9853) | c10h_val    : 0.4147 (acc: 0.9600)
[2018/09/25 22:32:58 __main__ INFO] - -            c10h_train_c10: 0.0159 (acc: 0.9923) | c10h_val_c10: 0.1299 (acc: 0.9620)
[2018/09/25 22:32:58 __main__ INFO] - -            v4            : 0.3718 (acc: 0.8966) |           v6: 0.3520 (acc: 0.9055)
[2018/09/25 22:32:58 __main__ INFO] - -            c10_50k       : 0.0022 (acc: 0.9999)
[2018/09/25 22:32:58 __main__ INFO] - Elapsed 48.00
keys:  dict_keys(['epoch', 'c10h_train_loss', 'c10h_train_acc', 'c10h_val_loss', 'c10h_val_acc', 'c10h_train_c10_loss', 'c10h_train_c10_acc', 'c10h_val_c10_loss', 'c10h_val_c10_acc', 'v4_loss', 'v4_acc', 'v6_loss', 'v6_acc', 'c10_50k_loss', 'c10_50k_acc']) 
 c10h_outdir:  /tigress/joshuacp/model_results/run_1/saves/wrn_28_10/con_True_lr_0.0001_seed_0
[2018/09/25 22:32:59 __main__ INFO] - Train 53
[2018/09/25 22:33:19 __main__ INFO] - TEST 53
[2018/09/25 22:34:07 __main__ INFO] - - epoch 53    c10h_train    : 0.3523 (acc: 0.9862) | c10h_val    : 0.4139 (acc: 0.9620)
[2018/09/25 22:34:07 __main__ INFO] - -            c10h_train_c10: 0.0150 (acc: 0.9930) | c10h_val_c10: 0.1304 (acc: 0.9640)
[2018/09/25 22:34:07 __main__ INFO] - -            v4            : 0.3754 (acc: 0.8976) |           v6: 0.3546 (acc: 0.9070)
[2018/09/25 22:34:07 __main__ INFO] - -            c10_50k       : 0.0022 (acc: 0.9999)
[2018/09/25 22:34:07 __main__ INFO] - Elapsed 48.54
keys:  dict_keys(['epoch', 'c10h_train_loss', 'c10h_train_acc', 'c10h_val_loss', 'c10h_val_acc', 'c10h_train_c10_loss', 'c10h_train_c10_acc', 'c10h_val_c10_loss', 'c10h_val_c10_acc', 'v4_loss', 'v4_acc', 'v6_loss', 'v6_acc', 'c10_50k_loss', 'c10_50k_acc']) 
 c10h_outdir:  /tigress/joshuacp/model_results/run_1/saves/wrn_28_10/con_True_lr_0.0001_seed_0
[2018/09/25 22:34:08 __main__ INFO] - Train 54
[2018/09/25 22:34:27 __main__ INFO] - TEST 54
[2018/09/25 22:35:15 __main__ INFO] - - epoch 54    c10h_train    : 0.3561 (acc: 0.9870) | c10h_val    : 0.4191 (acc: 0.9590)
[2018/09/25 22:35:16 __main__ INFO] - -            c10h_train_c10: 0.0140 (acc: 0.9932) | c10h_val_c10: 0.1330 (acc: 0.9600)
[2018/09/25 22:35:16 __main__ INFO] - -            v4            : 0.4105 (acc: 0.8897) |           v6: 0.3606 (acc: 0.9060)
[2018/09/25 22:35:16 __main__ INFO] - -            c10_50k       : 0.0023 (acc: 0.9999)
[2018/09/25 22:35:16 __main__ INFO] - Elapsed 48.17
keys:  dict_keys(['epoch', 'c10h_train_loss', 'c10h_train_acc', 'c10h_val_loss', 'c10h_val_acc', 'c10h_train_c10_loss', 'c10h_train_c10_acc', 'c10h_val_c10_loss', 'c10h_val_c10_acc', 'v4_loss', 'v4_acc', 'v6_loss', 'v6_acc', 'c10_50k_loss', 'c10_50k_acc']) 
 c10h_outdir:  /tigress/joshuacp/model_results/run_1/saves/wrn_28_10/con_True_lr_0.0001_seed_0
[2018/09/25 22:35:17 __main__ INFO] - Train 55
[2018/09/25 22:35:37 __main__ INFO] - TEST 55
[2018/09/25 22:36:25 __main__ INFO] - - epoch 55    c10h_train    : 0.3554 (acc: 0.9856) | c10h_val    : 0.4172 (acc: 0.9610)
[2018/09/25 22:36:25 __main__ INFO] - -            c10h_train_c10: 0.0164 (acc: 0.9923) | c10h_val_c10: 0.1317 (acc: 0.9630)
[2018/09/25 22:36:25 __main__ INFO] - -            v4            : 0.3969 (acc: 0.8852) |           v6: 0.3615 (acc: 0.9050)
[2018/09/25 22:36:25 __main__ INFO] - -            c10_50k       : 0.0023 (acc: 0.9999)
[2018/09/25 22:36:25 __main__ INFO] - Elapsed 48.05
keys:  dict_keys(['epoch', 'c10h_train_loss', 'c10h_train_acc', 'c10h_val_loss', 'c10h_val_acc', 'c10h_train_c10_loss', 'c10h_train_c10_acc', 'c10h_val_c10_loss', 'c10h_val_c10_acc', 'v4_loss', 'v4_acc', 'v6_loss', 'v6_acc', 'c10_50k_loss', 'c10_50k_acc']) 
 c10h_outdir:  /tigress/joshuacp/model_results/run_1/saves/wrn_28_10/con_True_lr_0.0001_seed_0
[2018/09/25 22:36:26 __main__ INFO] - Train 56
[2018/09/25 22:36:46 __main__ INFO] - TEST 56
[2018/09/25 22:37:33 __main__ INFO] - - epoch 56    c10h_train    : 0.3530 (acc: 0.9862) | c10h_val    : 0.4126 (acc: 0.9630)
[2018/09/25 22:37:33 __main__ INFO] - -            c10h_train_c10: 0.0145 (acc: 0.9929) | c10h_val_c10: 0.1296 (acc: 0.9650)
[2018/09/25 22:37:33 __main__ INFO] - -            v4            : 0.4090 (acc: 0.8916) |           v6: 0.3558 (acc: 0.9040)
[2018/09/25 22:37:33 __main__ INFO] - -            c10_50k       : 0.0023 (acc: 0.9999)
[2018/09/25 22:37:33 __main__ INFO] - Elapsed 47.81
keys:  dict_keys(['epoch', 'c10h_train_loss', 'c10h_train_acc', 'c10h_val_loss', 'c10h_val_acc', 'c10h_train_c10_loss', 'c10h_train_c10_acc', 'c10h_val_c10_loss', 'c10h_val_c10_acc', 'v4_loss', 'v4_acc', 'v6_loss', 'v6_acc', 'c10_50k_loss', 'c10_50k_acc']) 
 c10h_outdir:  /tigress/joshuacp/model_results/run_1/saves/wrn_28_10/con_True_lr_0.0001_seed_0
[2018/09/25 22:37:34 __main__ INFO] - Train 57
[2018/09/25 22:37:53 __main__ INFO] - TEST 57
[2018/09/25 22:38:42 __main__ INFO] - - epoch 57    c10h_train    : 0.3518 (acc: 0.9866) | c10h_val    : 0.4138 (acc: 0.9590)
[2018/09/25 22:38:42 __main__ INFO] - -            c10h_train_c10: 0.0145 (acc: 0.9932) | c10h_val_c10: 0.1343 (acc: 0.9610)
[2018/09/25 22:38:42 __main__ INFO] - -            v4            : 0.4175 (acc: 0.8902) |           v6: 0.3595 (acc: 0.9080)
[2018/09/25 22:38:42 __main__ INFO] - -            c10_50k       : 0.0024 (acc: 0.9999)
[2018/09/25 22:38:42 __main__ INFO] - Elapsed 48.32
keys:  dict_keys(['epoch', 'c10h_train_loss', 'c10h_train_acc', 'c10h_val_loss', 'c10h_val_acc', 'c10h_train_c10_loss', 'c10h_train_c10_acc', 'c10h_val_c10_loss', 'c10h_val_c10_acc', 'v4_loss', 'v4_acc', 'v6_loss', 'v6_acc', 'c10_50k_loss', 'c10_50k_acc']) 
 c10h_outdir:  /tigress/joshuacp/model_results/run_1/saves/wrn_28_10/con_True_lr_0.0001_seed_0
[2018/09/25 22:38:43 __main__ INFO] - Train 58
[2018/09/25 22:39:03 __main__ INFO] - TEST 58
[2018/09/25 22:39:51 __main__ INFO] - - epoch 58    c10h_train    : 0.3585 (acc: 0.9862) | c10h_val    : 0.4187 (acc: 0.9610)
[2018/09/25 22:39:51 __main__ INFO] - -            c10h_train_c10: 0.0146 (acc: 0.9930) | c10h_val_c10: 0.1319 (acc: 0.9630)
[2018/09/25 22:39:51 __main__ INFO] - -            v4            : 0.3906 (acc: 0.8936) |           v6: 0.3569 (acc: 0.9065)
[2018/09/25 22:39:51 __main__ INFO] - -            c10_50k       : 0.0022 (acc: 0.9999)
[2018/09/25 22:39:51 __main__ INFO] - Elapsed 47.93
keys:  dict_keys(['epoch', 'c10h_train_loss', 'c10h_train_acc', 'c10h_val_loss', 'c10h_val_acc', 'c10h_train_c10_loss', 'c10h_train_c10_acc', 'c10h_val_c10_loss', 'c10h_val_c10_acc', 'v4_loss', 'v4_acc', 'v6_loss', 'v6_acc', 'c10_50k_loss', 'c10_50k_acc']) 
 c10h_outdir:  /tigress/joshuacp/model_results/run_1/saves/wrn_28_10/con_True_lr_0.0001_seed_0
[2018/09/25 22:39:53 __main__ INFO] - Train 59
[2018/09/25 22:40:12 __main__ INFO] - TEST 59
[2018/09/25 22:41:00 __main__ INFO] - - epoch 59    c10h_train    : 0.3583 (acc: 0.9864) | c10h_val    : 0.4170 (acc: 0.9600)
[2018/09/25 22:41:00 __main__ INFO] - -            c10h_train_c10: 0.0138 (acc: 0.9934) | c10h_val_c10: 0.1332 (acc: 0.9610)
[2018/09/25 22:41:00 __main__ INFO] - -            v4            : 0.4014 (acc: 0.8926) |           v6: 0.3606 (acc: 0.9070)
[2018/09/25 22:41:00 __main__ INFO] - -            c10_50k       : 0.0023 (acc: 0.9999)
[2018/09/25 22:41:00 __main__ INFO] - Elapsed 47.87
keys:  dict_keys(['epoch', 'c10h_train_loss', 'c10h_train_acc', 'c10h_val_loss', 'c10h_val_acc', 'c10h_train_c10_loss', 'c10h_train_c10_acc', 'c10h_val_c10_loss', 'c10h_val_c10_acc', 'v4_loss', 'v4_acc', 'v6_loss', 'v6_acc', 'c10_50k_loss', 'c10_50k_acc']) 
 c10h_outdir:  /tigress/joshuacp/model_results/run_1/saves/wrn_28_10/con_True_lr_0.0001_seed_0
[2018/09/25 22:41:00 __main__ INFO] - Train 60
[2018/09/25 22:41:20 __main__ INFO] - TEST 60
[2018/09/25 22:42:08 __main__ INFO] - - epoch 60    c10h_train    : 0.3555 (acc: 0.9862) | c10h_val    : 0.4133 (acc: 0.9620)
[2018/09/25 22:42:09 __main__ INFO] - -            c10h_train_c10: 0.0143 (acc: 0.9932) | c10h_val_c10: 0.1297 (acc: 0.9630)
[2018/09/25 22:42:09 __main__ INFO] - -            v4            : 0.3987 (acc: 0.8951) |           v6: 0.3589 (acc: 0.9060)
[2018/09/25 22:42:09 __main__ INFO] - -            c10_50k       : 0.0023 (acc: 0.9999)
[2018/09/25 22:42:09 __main__ INFO] - Elapsed 48.51
keys:  dict_keys(['epoch', 'c10h_train_loss', 'c10h_train_acc', 'c10h_val_loss', 'c10h_val_acc', 'c10h_train_c10_loss', 'c10h_train_c10_acc', 'c10h_val_c10_loss', 'c10h_val_c10_acc', 'v4_loss', 'v4_acc', 'v6_loss', 'v6_acc', 'c10_50k_loss', 'c10_50k_acc']) 
 c10h_outdir:  /tigress/joshuacp/model_results/run_1/saves/wrn_28_10/con_True_lr_0.0001_seed_0
[2018/09/25 22:42:10 __main__ INFO] - Train 61
[2018/09/25 22:42:29 __main__ INFO] - TEST 61
[2018/09/25 22:43:17 __main__ INFO] - - epoch 61    c10h_train    : 0.3560 (acc: 0.9862) | c10h_val    : 0.4146 (acc: 0.9630)
[2018/09/25 22:43:18 __main__ INFO] - -            c10h_train_c10: 0.0136 (acc: 0.9933) | c10h_val_c10: 0.1317 (acc: 0.9640)
[2018/09/25 22:43:18 __main__ INFO] - -            v4            : 0.3859 (acc: 0.8976) |           v6: 0.3637 (acc: 0.9065)
[2018/09/25 22:43:18 __main__ INFO] - -            c10_50k       : 0.0023 (acc: 0.9999)
[2018/09/25 22:43:18 __main__ INFO] - Elapsed 48.50
keys:  dict_keys(['epoch', 'c10h_train_loss', 'c10h_train_acc', 'c10h_val_loss', 'c10h_val_acc', 'c10h_train_c10_loss', 'c10h_train_c10_acc', 'c10h_val_c10_loss', 'c10h_val_c10_acc', 'v4_loss', 'v4_acc', 'v6_loss', 'v6_acc', 'c10_50k_loss', 'c10_50k_acc']) 
 c10h_outdir:  /tigress/joshuacp/model_results/run_1/saves/wrn_28_10/con_True_lr_0.0001_seed_0
[2018/09/25 22:43:18 __main__ INFO] - Train 62
[2018/09/25 22:43:38 __main__ INFO] - TEST 62
[2018/09/25 22:44:26 __main__ INFO] - - epoch 62    c10h_train    : 0.3602 (acc: 0.9866) | c10h_val    : 0.4210 (acc: 0.9620)
[2018/09/25 22:44:26 __main__ INFO] - -            c10h_train_c10: 0.0134 (acc: 0.9932) | c10h_val_c10: 0.1341 (acc: 0.9640)
[2018/09/25 22:44:26 __main__ INFO] - -            v4            : 0.4049 (acc: 0.8976) |           v6: 0.3636 (acc: 0.9055)
[2018/09/25 22:44:26 __main__ INFO] - -            c10_50k       : 0.0024 (acc: 0.9998)
[2018/09/25 22:44:26 __main__ INFO] - Elapsed 48.19
keys:  dict_keys(['epoch', 'c10h_train_loss', 'c10h_train_acc', 'c10h_val_loss', 'c10h_val_acc', 'c10h_train_c10_loss', 'c10h_train_c10_acc', 'c10h_val_c10_loss', 'c10h_val_c10_acc', 'v4_loss', 'v4_acc', 'v6_loss', 'v6_acc', 'c10_50k_loss', 'c10_50k_acc']) 
 c10h_outdir:  /tigress/joshuacp/model_results/run_1/saves/wrn_28_10/con_True_lr_0.0001_seed_0
[2018/09/25 22:44:28 __main__ INFO] - Train 63
[2018/09/25 22:44:47 __main__ INFO] - TEST 63
[2018/09/25 22:45:35 __main__ INFO] - - epoch 63    c10h_train    : 0.3593 (acc: 0.9863) | c10h_val    : 0.4171 (acc: 0.9630)
[2018/09/25 22:45:35 __main__ INFO] - -            c10h_train_c10: 0.0144 (acc: 0.9932) | c10h_val_c10: 0.1305 (acc: 0.9650)
[2018/09/25 22:45:35 __main__ INFO] - -            v4            : 0.3729 (acc: 0.9015) |           v6: 0.3662 (acc: 0.9055)
[2018/09/25 22:45:35 __main__ INFO] - -            c10_50k       : 0.0024 (acc: 0.9999)
[2018/09/25 22:45:35 __main__ INFO] - Elapsed 48.21
keys:  dict_keys(['epoch', 'c10h_train_loss', 'c10h_train_acc', 'c10h_val_loss', 'c10h_val_acc', 'c10h_train_c10_loss', 'c10h_train_c10_acc', 'c10h_val_c10_loss', 'c10h_val_c10_acc', 'v4_loss', 'v4_acc', 'v6_loss', 'v6_acc', 'c10_50k_loss', 'c10_50k_acc']) 
 c10h_outdir:  /tigress/joshuacp/model_results/run_1/saves/wrn_28_10/con_True_lr_0.0001_seed_0
[2018/09/25 22:45:36 __main__ INFO] - Train 64
[2018/09/25 22:45:55 __main__ INFO] - TEST 64
[2018/09/25 22:46:43 __main__ INFO] - - epoch 64    c10h_train    : 0.3552 (acc: 0.9871) | c10h_val    : 0.4146 (acc: 0.9620)
[2018/09/25 22:46:44 __main__ INFO] - -            c10h_train_c10: 0.0127 (acc: 0.9940) | c10h_val_c10: 0.1295 (acc: 0.9630)
[2018/09/25 22:46:44 __main__ INFO] - -            v4            : 0.4028 (acc: 0.8976) |           v6: 0.3624 (acc: 0.9065)
[2018/09/25 22:46:44 __main__ INFO] - -            c10_50k       : 0.0024 (acc: 0.9999)
[2018/09/25 22:46:44 __main__ INFO] - Elapsed 47.99
keys:  dict_keys(['epoch', 'c10h_train_loss', 'c10h_train_acc', 'c10h_val_loss', 'c10h_val_acc', 'c10h_train_c10_loss', 'c10h_train_c10_acc', 'c10h_val_c10_loss', 'c10h_val_c10_acc', 'v4_loss', 'v4_acc', 'v6_loss', 'v6_acc', 'c10_50k_loss', 'c10_50k_acc']) 
 c10h_outdir:  /tigress/joshuacp/model_results/run_1/saves/wrn_28_10/con_True_lr_0.0001_seed_0
[2018/09/25 22:46:45 __main__ INFO] - Train 65
[2018/09/25 22:47:05 __main__ INFO] - TEST 65
[2018/09/25 22:47:54 __main__ INFO] - - epoch 65    c10h_train    : 0.3569 (acc: 0.9867) | c10h_val    : 0.4140 (acc: 0.9620)
[2018/09/25 22:47:54 __main__ INFO] - -            c10h_train_c10: 0.0112 (acc: 0.9939) | c10h_val_c10: 0.1322 (acc: 0.9630)
[2018/09/25 22:47:54 __main__ INFO] - -            v4            : 0.3935 (acc: 0.8981) |           v6: 0.3631 (acc: 0.9055)
[2018/09/25 22:47:54 __main__ INFO] - -            c10_50k       : 0.0023 (acc: 0.9999)
[2018/09/25 22:47:54 __main__ INFO] - Elapsed 48.34
keys:  dict_keys(['epoch', 'c10h_train_loss', 'c10h_train_acc', 'c10h_val_loss', 'c10h_val_acc', 'c10h_train_c10_loss', 'c10h_train_c10_acc', 'c10h_val_c10_loss', 'c10h_val_c10_acc', 'v4_loss', 'v4_acc', 'v6_loss', 'v6_acc', 'c10_50k_loss', 'c10_50k_acc']) 
 c10h_outdir:  /tigress/joshuacp/model_results/run_1/saves/wrn_28_10/con_True_lr_0.0001_seed_0
[2018/09/25 22:47:54 __main__ INFO] - Train 66
[2018/09/25 22:48:14 __main__ INFO] - TEST 66
[2018/09/25 22:49:02 __main__ INFO] - - epoch 66    c10h_train    : 0.3562 (acc: 0.9860) | c10h_val    : 0.4138 (acc: 0.9620)
[2018/09/25 22:49:02 __main__ INFO] - -            c10h_train_c10: 0.0139 (acc: 0.9929) | c10h_val_c10: 0.1312 (acc: 0.9640)
[2018/09/25 22:49:02 __main__ INFO] - -            v4            : 0.3804 (acc: 0.8996) |           v6: 0.3636 (acc: 0.9070)
[2018/09/25 22:49:02 __main__ INFO] - -            c10_50k       : 0.0023 (acc: 1.0000)
[2018/09/25 22:49:02 __main__ INFO] - Elapsed 48.11
keys:  dict_keys(['epoch', 'c10h_train_loss', 'c10h_train_acc', 'c10h_val_loss', 'c10h_val_acc', 'c10h_train_c10_loss', 'c10h_train_c10_acc', 'c10h_val_c10_loss', 'c10h_val_c10_acc', 'v4_loss', 'v4_acc', 'v6_loss', 'v6_acc', 'c10_50k_loss', 'c10_50k_acc']) 
 c10h_outdir:  /tigress/joshuacp/model_results/run_1/saves/wrn_28_10/con_True_lr_0.0001_seed_0
[2018/09/25 22:49:02 __main__ INFO] - Train 67
[2018/09/25 22:49:22 __main__ INFO] - TEST 67
[2018/09/25 22:50:10 __main__ INFO] - - epoch 67    c10h_train    : 0.3585 (acc: 0.9869) | c10h_val    : 0.4183 (acc: 0.9640)
[2018/09/25 22:50:10 __main__ INFO] - -            c10h_train_c10: 0.0121 (acc: 0.9937) | c10h_val_c10: 0.1315 (acc: 0.9650)
[2018/09/25 22:50:10 __main__ INFO] - -            v4            : 0.4105 (acc: 0.8986) |           v6: 0.3603 (acc: 0.9060)
[2018/09/25 22:50:10 __main__ INFO] - -            c10_50k       : 0.0022 (acc: 0.9999)
[2018/09/25 22:50:10 __main__ INFO] - Elapsed 48.21
keys:  dict_keys(['epoch', 'c10h_train_loss', 'c10h_train_acc', 'c10h_val_loss', 'c10h_val_acc', 'c10h_train_c10_loss', 'c10h_train_c10_acc', 'c10h_val_c10_loss', 'c10h_val_c10_acc', 'v4_loss', 'v4_acc', 'v6_loss', 'v6_acc', 'c10_50k_loss', 'c10_50k_acc']) 
 c10h_outdir:  /tigress/joshuacp/model_results/run_1/saves/wrn_28_10/con_True_lr_0.0001_seed_0
[2018/09/25 22:50:11 __main__ INFO] - Train 68
[2018/09/25 22:50:30 __main__ INFO] - TEST 68
[2018/09/25 22:51:18 __main__ INFO] - - epoch 68    c10h_train    : 0.3562 (acc: 0.9868) | c10h_val    : 0.4120 (acc: 0.9620)
[2018/09/25 22:51:18 __main__ INFO] - -            c10h_train_c10: 0.0125 (acc: 0.9939) | c10h_val_c10: 0.1291 (acc: 0.9640)
[2018/09/25 22:51:18 __main__ INFO] - -            v4            : 0.4032 (acc: 0.8976) |           v6: 0.3605 (acc: 0.9070)
[2018/09/25 22:51:18 __main__ INFO] - -            c10_50k       : 0.0023 (acc: 0.9999)
[2018/09/25 22:51:18 __main__ INFO] - Elapsed 48.05
keys:  dict_keys(['epoch', 'c10h_train_loss', 'c10h_train_acc', 'c10h_val_loss', 'c10h_val_acc', 'c10h_train_c10_loss', 'c10h_train_c10_acc', 'c10h_val_c10_loss', 'c10h_val_c10_acc', 'v4_loss', 'v4_acc', 'v6_loss', 'v6_acc', 'c10_50k_loss', 'c10_50k_acc']) 
 c10h_outdir:  /tigress/joshuacp/model_results/run_1/saves/wrn_28_10/con_True_lr_0.0001_seed_0
[2018/09/25 22:51:19 __main__ INFO] - Train 69
[2018/09/25 22:51:38 __main__ INFO] - TEST 69
[2018/09/25 22:52:26 __main__ INFO] - - epoch 69    c10h_train    : 0.3591 (acc: 0.9861) | c10h_val    : 0.4165 (acc: 0.9630)
[2018/09/25 22:52:26 __main__ INFO] - -            c10h_train_c10: 0.0138 (acc: 0.9929) | c10h_val_c10: 0.1313 (acc: 0.9650)
[2018/09/25 22:52:26 __main__ INFO] - -            v4            : 0.4104 (acc: 0.8981) |           v6: 0.3645 (acc: 0.9065)
[2018/09/25 22:52:26 __main__ INFO] - -            c10_50k       : 0.0023 (acc: 0.9999)
[2018/09/25 22:52:26 __main__ INFO] - Elapsed 48.25
keys:  dict_keys(['epoch', 'c10h_train_loss', 'c10h_train_acc', 'c10h_val_loss', 'c10h_val_acc', 'c10h_train_c10_loss', 'c10h_train_c10_acc', 'c10h_val_c10_loss', 'c10h_val_c10_acc', 'v4_loss', 'v4_acc', 'v6_loss', 'v6_acc', 'c10_50k_loss', 'c10_50k_acc']) 
 c10h_outdir:  /tigress/joshuacp/model_results/run_1/saves/wrn_28_10/con_True_lr_0.0001_seed_0
[2018/09/25 22:52:27 __main__ INFO] - Train 70
[2018/09/25 22:52:46 __main__ INFO] - TEST 70
[2018/09/25 22:53:34 __main__ INFO] - - epoch 70    c10h_train    : 0.3595 (acc: 0.9866) | c10h_val    : 0.4162 (acc: 0.9600)
[2018/09/25 22:53:34 __main__ INFO] - -            c10h_train_c10: 0.0129 (acc: 0.9936) | c10h_val_c10: 0.1321 (acc: 0.9620)
[2018/09/25 22:53:34 __main__ INFO] - -            v4            : 0.3863 (acc: 0.8976) |           v6: 0.3676 (acc: 0.9050)
[2018/09/25 22:53:34 __main__ INFO] - -            c10_50k       : 0.0022 (acc: 0.9999)
[2018/09/25 22:53:34 __main__ INFO] - Elapsed 47.80
keys:  dict_keys(['epoch', 'c10h_train_loss', 'c10h_train_acc', 'c10h_val_loss', 'c10h_val_acc', 'c10h_train_c10_loss', 'c10h_train_c10_acc', 'c10h_val_c10_loss', 'c10h_val_c10_acc', 'v4_loss', 'v4_acc', 'v6_loss', 'v6_acc', 'c10_50k_loss', 'c10_50k_acc']) 
 c10h_outdir:  /tigress/joshuacp/model_results/run_1/saves/wrn_28_10/con_True_lr_0.0001_seed_0
[2018/09/25 22:53:36 __main__ INFO] - Train 71
[2018/09/25 22:53:55 __main__ INFO] - TEST 71
[2018/09/25 22:54:43 __main__ INFO] - - epoch 71    c10h_train    : 0.3570 (acc: 0.9868) | c10h_val    : 0.4156 (acc: 0.9640)
[2018/09/25 22:54:43 __main__ INFO] - -            c10h_train_c10: 0.0124 (acc: 0.9937) | c10h_val_c10: 0.1303 (acc: 0.9660)
[2018/09/25 22:54:43 __main__ INFO] - -            v4            : 0.3828 (acc: 0.8941) |           v6: 0.3619 (acc: 0.9065)
[2018/09/25 22:54:43 __main__ INFO] - -            c10_50k       : 0.0024 (acc: 0.9999)
[2018/09/25 22:54:43 __main__ INFO] - Elapsed 48.16
keys:  dict_keys(['epoch', 'c10h_train_loss', 'c10h_train_acc', 'c10h_val_loss', 'c10h_val_acc', 'c10h_train_c10_loss', 'c10h_train_c10_acc', 'c10h_val_c10_loss', 'c10h_val_c10_acc', 'v4_loss', 'v4_acc', 'v6_loss', 'v6_acc', 'c10_50k_loss', 'c10_50k_acc']) 
 c10h_outdir:  /tigress/joshuacp/model_results/run_1/saves/wrn_28_10/con_True_lr_0.0001_seed_0
[2018/09/25 22:54:44 __main__ INFO] - Train 72
[2018/09/25 22:55:04 __main__ INFO] - TEST 72
[2018/09/25 22:55:52 __main__ INFO] - - epoch 72    c10h_train    : 0.3573 (acc: 0.9871) | c10h_val    : 0.4145 (acc: 0.9630)
[2018/09/25 22:55:52 __main__ INFO] - -            c10h_train_c10: 0.0123 (acc: 0.9940) | c10h_val_c10: 0.1298 (acc: 0.9650)
[2018/09/25 22:55:52 __main__ INFO] - -            v4            : 0.3841 (acc: 0.8936) |           v6: 0.3617 (acc: 0.9080)
[2018/09/25 22:55:52 __main__ INFO] - -            c10_50k       : 0.0022 (acc: 0.9999)
[2018/09/25 22:55:52 __main__ INFO] - Elapsed 48.38
keys:  dict_keys(['epoch', 'c10h_train_loss', 'c10h_train_acc', 'c10h_val_loss', 'c10h_val_acc', 'c10h_train_c10_loss', 'c10h_train_c10_acc', 'c10h_val_c10_loss', 'c10h_val_c10_acc', 'v4_loss', 'v4_acc', 'v6_loss', 'v6_acc', 'c10_50k_loss', 'c10_50k_acc']) 
 c10h_outdir:  /tigress/joshuacp/model_results/run_1/saves/wrn_28_10/con_True_lr_0.0001_seed_0
[2018/09/25 22:55:53 __main__ INFO] - Train 73
[2018/09/25 22:56:12 __main__ INFO] - TEST 73
[2018/09/25 22:57:01 __main__ INFO] - - epoch 73    c10h_train    : 0.3589 (acc: 0.9861) | c10h_val    : 0.4150 (acc: 0.9620)
[2018/09/25 22:57:01 __main__ INFO] - -            c10h_train_c10: 0.0133 (acc: 0.9929) | c10h_val_c10: 0.1317 (acc: 0.9640)
[2018/09/25 22:57:01 __main__ INFO] - -            v4            : 0.4056 (acc: 0.8941) |           v6: 0.3611 (acc: 0.9080)
[2018/09/25 22:57:01 __main__ INFO] - -            c10_50k       : 0.0024 (acc: 0.9999)
[2018/09/25 22:57:01 __main__ INFO] - Elapsed 48.46
keys:  dict_keys(['epoch', 'c10h_train_loss', 'c10h_train_acc', 'c10h_val_loss', 'c10h_val_acc', 'c10h_train_c10_loss', 'c10h_train_c10_acc', 'c10h_val_c10_loss', 'c10h_val_c10_acc', 'v4_loss', 'v4_acc', 'v6_loss', 'v6_acc', 'c10_50k_loss', 'c10_50k_acc']) 
 c10h_outdir:  /tigress/joshuacp/model_results/run_1/saves/wrn_28_10/con_True_lr_0.0001_seed_0
[2018/09/25 22:57:02 __main__ INFO] - Train 74
[2018/09/25 22:57:21 __main__ INFO] - TEST 74
[2018/09/25 22:58:09 __main__ INFO] - - epoch 74    c10h_train    : 0.3580 (acc: 0.9872) | c10h_val    : 0.4160 (acc: 0.9620)
[2018/09/25 22:58:09 __main__ INFO] - -            c10h_train_c10: 0.0105 (acc: 0.9944) | c10h_val_c10: 0.1314 (acc: 0.9640)
[2018/09/25 22:58:09 __main__ INFO] - -            v4            : 0.3972 (acc: 0.8911) |           v6: 0.3649 (acc: 0.9070)
[2018/09/25 22:58:09 __main__ INFO] - -            c10_50k       : 0.0022 (acc: 0.9999)
[2018/09/25 22:58:09 __main__ INFO] - Elapsed 47.97
keys:  dict_keys(['epoch', 'c10h_train_loss', 'c10h_train_acc', 'c10h_val_loss', 'c10h_val_acc', 'c10h_train_c10_loss', 'c10h_train_c10_acc', 'c10h_val_c10_loss', 'c10h_val_c10_acc', 'v4_loss', 'v4_acc', 'v6_loss', 'v6_acc', 'c10_50k_loss', 'c10_50k_acc']) 
 c10h_outdir:  /tigress/joshuacp/model_results/run_1/saves/wrn_28_10/con_True_lr_0.0001_seed_0
[2018/09/25 22:58:10 __main__ INFO] - Train 75
[2018/09/25 22:58:29 __main__ INFO] - TEST 75
[2018/09/25 22:59:18 __main__ INFO] - - epoch 75    c10h_train    : 0.3594 (acc: 0.9861) | c10h_val    : 0.4144 (acc: 0.9630)
[2018/09/25 22:59:18 __main__ INFO] - -            c10h_train_c10: 0.0132 (acc: 0.9933) | c10h_val_c10: 0.1302 (acc: 0.9650)
[2018/09/25 22:59:18 __main__ INFO] - -            v4            : 0.4170 (acc: 0.8926) |           v6: 0.3670 (acc: 0.9050)
[2018/09/25 22:59:18 __main__ INFO] - -            c10_50k       : 0.0022 (acc: 0.9999)
[2018/09/25 22:59:18 __main__ INFO] - Elapsed 48.40
keys:  dict_keys(['epoch', 'c10h_train_loss', 'c10h_train_acc', 'c10h_val_loss', 'c10h_val_acc', 'c10h_train_c10_loss', 'c10h_train_c10_acc', 'c10h_val_c10_loss', 'c10h_val_c10_acc', 'v4_loss', 'v4_acc', 'v6_loss', 'v6_acc', 'c10_50k_loss', 'c10_50k_acc']) 
 c10h_outdir:  /tigress/joshuacp/model_results/run_1/saves/wrn_28_10/con_True_lr_0.0001_seed_0
[2018/09/25 22:59:18 __main__ INFO] - Train 76
[2018/09/25 22:59:38 __main__ INFO] - TEST 76
[2018/09/25 23:00:26 __main__ INFO] - - epoch 76    c10h_train    : 0.3587 (acc: 0.9870) | c10h_val    : 0.4151 (acc: 0.9640)
[2018/09/25 23:00:26 __main__ INFO] - -            c10h_train_c10: 0.0135 (acc: 0.9940) | c10h_val_c10: 0.1306 (acc: 0.9660)
[2018/09/25 23:00:26 __main__ INFO] - -            v4            : 0.3965 (acc: 0.8961) |           v6: 0.3696 (acc: 0.9065)
[2018/09/25 23:00:26 __main__ INFO] - -            c10_50k       : 0.0024 (acc: 0.9998)
[2018/09/25 23:00:26 __main__ INFO] - Elapsed 48.20
keys:  dict_keys(['epoch', 'c10h_train_loss', 'c10h_train_acc', 'c10h_val_loss', 'c10h_val_acc', 'c10h_train_c10_loss', 'c10h_train_c10_acc', 'c10h_val_c10_loss', 'c10h_val_c10_acc', 'v4_loss', 'v4_acc', 'v6_loss', 'v6_acc', 'c10_50k_loss', 'c10_50k_acc']) 
 c10h_outdir:  /tigress/joshuacp/model_results/run_1/saves/wrn_28_10/con_True_lr_0.0001_seed_0
[2018/09/25 23:00:28 __main__ INFO] - Train 77
[2018/09/25 23:00:47 __main__ INFO] - TEST 77
[2018/09/25 23:01:36 __main__ INFO] - - epoch 77    c10h_train    : 0.3583 (acc: 0.9867) | c10h_val    : 0.4149 (acc: 0.9630)
[2018/09/25 23:01:36 __main__ INFO] - -            c10h_train_c10: 0.0136 (acc: 0.9934) | c10h_val_c10: 0.1310 (acc: 0.9640)
[2018/09/25 23:01:36 __main__ INFO] - -            v4            : 0.3747 (acc: 0.8911) |           v6: 0.3593 (acc: 0.9070)
[2018/09/25 23:01:36 __main__ INFO] - -            c10_50k       : 0.0023 (acc: 0.9999)
[2018/09/25 23:01:36 __main__ INFO] - Elapsed 48.53
keys:  dict_keys(['epoch', 'c10h_train_loss', 'c10h_train_acc', 'c10h_val_loss', 'c10h_val_acc', 'c10h_train_c10_loss', 'c10h_train_c10_acc', 'c10h_val_c10_loss', 'c10h_val_c10_acc', 'v4_loss', 'v4_acc', 'v6_loss', 'v6_acc', 'c10_50k_loss', 'c10_50k_acc']) 
 c10h_outdir:  /tigress/joshuacp/model_results/run_1/saves/wrn_28_10/con_True_lr_0.0001_seed_0
[2018/09/25 23:01:36 __main__ INFO] - Train 78
[2018/09/25 23:01:56 __main__ INFO] - TEST 78
[2018/09/25 23:02:44 __main__ INFO] - - epoch 78    c10h_train    : 0.3608 (acc: 0.9867) | c10h_val    : 0.4178 (acc: 0.9610)
[2018/09/25 23:02:44 __main__ INFO] - -            c10h_train_c10: 0.0123 (acc: 0.9937) | c10h_val_c10: 0.1307 (acc: 0.9620)
[2018/09/25 23:02:44 __main__ INFO] - -            v4            : 0.3959 (acc: 0.8956) |           v6: 0.3613 (acc: 0.9075)
[2018/09/25 23:02:44 __main__ INFO] - -            c10_50k       : 0.0023 (acc: 0.9999)
[2018/09/25 23:02:44 __main__ INFO] - Elapsed 48.10
keys:  dict_keys(['epoch', 'c10h_train_loss', 'c10h_train_acc', 'c10h_val_loss', 'c10h_val_acc', 'c10h_train_c10_loss', 'c10h_train_c10_acc', 'c10h_val_c10_loss', 'c10h_val_c10_acc', 'v4_loss', 'v4_acc', 'v6_loss', 'v6_acc', 'c10_50k_loss', 'c10_50k_acc']) 
 c10h_outdir:  /tigress/joshuacp/model_results/run_1/saves/wrn_28_10/con_True_lr_0.0001_seed_0
[2018/09/25 23:02:45 __main__ INFO] - Train 79
[2018/09/25 23:03:05 __main__ INFO] - TEST 79
[2018/09/25 23:03:53 __main__ INFO] - - epoch 79    c10h_train    : 0.3601 (acc: 0.9868) | c10h_val    : 0.4193 (acc: 0.9620)
[2018/09/25 23:03:53 __main__ INFO] - -            c10h_train_c10: 0.0111 (acc: 0.9940) | c10h_val_c10: 0.1327 (acc: 0.9640)
[2018/09/25 23:03:53 __main__ INFO] - -            v4            : 0.3962 (acc: 0.9010) |           v6: 0.3628 (acc: 0.9065)
[2018/09/25 23:03:53 __main__ INFO] - -            c10_50k       : 0.0022 (acc: 1.0000)
[2018/09/25 23:03:53 __main__ INFO] - Elapsed 47.98
keys:  dict_keys(['epoch', 'c10h_train_loss', 'c10h_train_acc', 'c10h_val_loss', 'c10h_val_acc', 'c10h_train_c10_loss', 'c10h_train_c10_acc', 'c10h_val_c10_loss', 'c10h_val_c10_acc', 'v4_loss', 'v4_acc', 'v6_loss', 'v6_acc', 'c10_50k_loss', 'c10_50k_acc']) 
 c10h_outdir:  /tigress/joshuacp/model_results/run_1/saves/wrn_28_10/con_True_lr_0.0001_seed_0
[2018/09/25 23:03:54 __main__ INFO] - Train 80
[2018/09/25 23:04:14 __main__ INFO] - TEST 80
[2018/09/25 23:05:02 __main__ INFO] - - epoch 80    c10h_train    : 0.3570 (acc: 0.9870) | c10h_val    : 0.4149 (acc: 0.9630)
[2018/09/25 23:05:02 __main__ INFO] - -            c10h_train_c10: 0.0126 (acc: 0.9940) | c10h_val_c10: 0.1292 (acc: 0.9650)
[2018/09/25 23:05:02 __main__ INFO] - -            v4            : 0.3784 (acc: 0.9010) |           v6: 0.3590 (acc: 0.9080)
[2018/09/25 23:05:02 __main__ INFO] - -            c10_50k       : 0.0022 (acc: 0.9999)
[2018/09/25 23:05:02 __main__ INFO] - Elapsed 48.18
keys:  dict_keys(['epoch', 'c10h_train_loss', 'c10h_train_acc', 'c10h_val_loss', 'c10h_val_acc', 'c10h_train_c10_loss', 'c10h_train_c10_acc', 'c10h_val_c10_loss', 'c10h_val_c10_acc', 'v4_loss', 'v4_acc', 'v6_loss', 'v6_acc', 'c10_50k_loss', 'c10_50k_acc']) 
 c10h_outdir:  /tigress/joshuacp/model_results/run_1/saves/wrn_28_10/con_True_lr_0.0001_seed_0
[2018/09/25 23:05:02 __main__ INFO] - Train 81
[2018/09/25 23:05:22 __main__ INFO] - TEST 81
[2018/09/25 23:06:10 __main__ INFO] - - epoch 81    c10h_train    : 0.3571 (acc: 0.9867) | c10h_val    : 0.4154 (acc: 0.9610)
[2018/09/25 23:06:10 __main__ INFO] - -            c10h_train_c10: 0.0122 (acc: 0.9937) | c10h_val_c10: 0.1324 (acc: 0.9630)
[2018/09/25 23:06:10 __main__ INFO] - -            v4            : 0.4031 (acc: 0.8882) |           v6: 0.3646 (acc: 0.9060)
[2018/09/25 23:06:10 __main__ INFO] - -            c10_50k       : 0.0023 (acc: 0.9999)
[2018/09/25 23:06:10 __main__ INFO] - Elapsed 47.94
keys:  dict_keys(['epoch', 'c10h_train_loss', 'c10h_train_acc', 'c10h_val_loss', 'c10h_val_acc', 'c10h_train_c10_loss', 'c10h_train_c10_acc', 'c10h_val_c10_loss', 'c10h_val_c10_acc', 'v4_loss', 'v4_acc', 'v6_loss', 'v6_acc', 'c10_50k_loss', 'c10_50k_acc']) 
 c10h_outdir:  /tigress/joshuacp/model_results/run_1/saves/wrn_28_10/con_True_lr_0.0001_seed_0
[2018/09/25 23:06:11 __main__ INFO] - Train 82
[2018/09/25 23:06:31 __main__ INFO] - TEST 82
[2018/09/25 23:07:19 __main__ INFO] - - epoch 82    c10h_train    : 0.3632 (acc: 0.9870) | c10h_val    : 0.4182 (acc: 0.9630)
[2018/09/25 23:07:19 __main__ INFO] - -            c10h_train_c10: 0.0119 (acc: 0.9940) | c10h_val_c10: 0.1319 (acc: 0.9650)
[2018/09/25 23:07:19 __main__ INFO] - -            v4            : 0.3947 (acc: 0.9000) |           v6: 0.3631 (acc: 0.9080)
[2018/09/25 23:07:19 __main__ INFO] - -            c10_50k       : 0.0023 (acc: 0.9999)
[2018/09/25 23:07:19 __main__ INFO] - Elapsed 48.04
keys:  dict_keys(['epoch', 'c10h_train_loss', 'c10h_train_acc', 'c10h_val_loss', 'c10h_val_acc', 'c10h_train_c10_loss', 'c10h_train_c10_acc', 'c10h_val_c10_loss', 'c10h_val_c10_acc', 'v4_loss', 'v4_acc', 'v6_loss', 'v6_acc', 'c10_50k_loss', 'c10_50k_acc']) 
 c10h_outdir:  /tigress/joshuacp/model_results/run_1/saves/wrn_28_10/con_True_lr_0.0001_seed_0
[2018/09/25 23:07:20 __main__ INFO] - Train 83
[2018/09/25 23:07:39 __main__ INFO] - TEST 83
[2018/09/25 23:08:28 __main__ INFO] - - epoch 83    c10h_train    : 0.3588 (acc: 0.9870) | c10h_val    : 0.4152 (acc: 0.9630)
[2018/09/25 23:08:28 __main__ INFO] - -            c10h_train_c10: 0.0121 (acc: 0.9942) | c10h_val_c10: 0.1316 (acc: 0.9650)
[2018/09/25 23:08:28 __main__ INFO] - -            v4            : 0.3937 (acc: 0.8951) |           v6: 0.3605 (acc: 0.9085)
[2018/09/25 23:08:28 __main__ INFO] - -            c10_50k       : 0.0023 (acc: 0.9999)
[2018/09/25 23:08:28 __main__ INFO] - Elapsed 48.23
keys:  dict_keys(['epoch', 'c10h_train_loss', 'c10h_train_acc', 'c10h_val_loss', 'c10h_val_acc', 'c10h_train_c10_loss', 'c10h_train_c10_acc', 'c10h_val_c10_loss', 'c10h_val_c10_acc', 'v4_loss', 'v4_acc', 'v6_loss', 'v6_acc', 'c10_50k_loss', 'c10_50k_acc']) 
 c10h_outdir:  /tigress/joshuacp/model_results/run_1/saves/wrn_28_10/con_True_lr_0.0001_seed_0
[2018/09/25 23:08:29 __main__ INFO] - Train 84
[2018/09/25 23:08:48 __main__ INFO] - TEST 84
[2018/09/25 23:09:36 __main__ INFO] - - epoch 84    c10h_train    : 0.3587 (acc: 0.9868) | c10h_val    : 0.4172 (acc: 0.9630)
[2018/09/25 23:09:36 __main__ INFO] - -            c10h_train_c10: 0.0115 (acc: 0.9938) | c10h_val_c10: 0.1319 (acc: 0.9650)
[2018/09/25 23:09:36 __main__ INFO] - -            v4            : 0.3586 (acc: 0.8971) |           v6: 0.3594 (acc: 0.9080)
[2018/09/25 23:09:36 __main__ INFO] - -            c10_50k       : 0.0022 (acc: 0.9999)
[2018/09/25 23:09:36 __main__ INFO] - Elapsed 48.03
keys:  dict_keys(['epoch', 'c10h_train_loss', 'c10h_train_acc', 'c10h_val_loss', 'c10h_val_acc', 'c10h_train_c10_loss', 'c10h_train_c10_acc', 'c10h_val_c10_loss', 'c10h_val_c10_acc', 'v4_loss', 'v4_acc', 'v6_loss', 'v6_acc', 'c10_50k_loss', 'c10_50k_acc']) 
 c10h_outdir:  /tigress/joshuacp/model_results/run_1/saves/wrn_28_10/con_True_lr_0.0001_seed_0
[2018/09/25 23:09:37 __main__ INFO] - Train 85
[2018/09/25 23:09:57 __main__ INFO] - TEST 85
[2018/09/25 23:10:45 __main__ INFO] - - epoch 85    c10h_train    : 0.3577 (acc: 0.9868) | c10h_val    : 0.4193 (acc: 0.9600)
[2018/09/25 23:10:45 __main__ INFO] - -            c10h_train_c10: 0.0116 (acc: 0.9939) | c10h_val_c10: 0.1354 (acc: 0.9610)
[2018/09/25 23:10:45 __main__ INFO] - -            v4            : 0.3839 (acc: 0.8926) |           v6: 0.3658 (acc: 0.9060)
[2018/09/25 23:10:45 __main__ INFO] - -            c10_50k       : 0.0024 (acc: 0.9998)
[2018/09/25 23:10:45 __main__ INFO] - Elapsed 48.34
keys:  dict_keys(['epoch', 'c10h_train_loss', 'c10h_train_acc', 'c10h_val_loss', 'c10h_val_acc', 'c10h_train_c10_loss', 'c10h_train_c10_acc', 'c10h_val_c10_loss', 'c10h_val_c10_acc', 'v4_loss', 'v4_acc', 'v6_loss', 'v6_acc', 'c10_50k_loss', 'c10_50k_acc']) 
 c10h_outdir:  /tigress/joshuacp/model_results/run_1/saves/wrn_28_10/con_True_lr_0.0001_seed_0
[2018/09/25 23:10:46 __main__ INFO] - Train 86
[2018/09/25 23:11:05 __main__ INFO] - TEST 86
[2018/09/25 23:11:53 __main__ INFO] - - epoch 86    c10h_train    : 0.3605 (acc: 0.9867) | c10h_val    : 0.4176 (acc: 0.9640)
[2018/09/25 23:11:54 __main__ INFO] - -            c10h_train_c10: 0.0127 (acc: 0.9934) | c10h_val_c10: 0.1297 (acc: 0.9660)
[2018/09/25 23:11:54 __main__ INFO] - -            v4            : 0.3915 (acc: 0.8941) |           v6: 0.3685 (acc: 0.9060)
[2018/09/25 23:11:54 __main__ INFO] - -            c10_50k       : 0.0024 (acc: 0.9999)
[2018/09/25 23:11:54 __main__ INFO] - Elapsed 48.56
keys:  dict_keys(['epoch', 'c10h_train_loss', 'c10h_train_acc', 'c10h_val_loss', 'c10h_val_acc', 'c10h_train_c10_loss', 'c10h_train_c10_acc', 'c10h_val_c10_loss', 'c10h_val_c10_acc', 'v4_loss', 'v4_acc', 'v6_loss', 'v6_acc', 'c10_50k_loss', 'c10_50k_acc']) 
 c10h_outdir:  /tigress/joshuacp/model_results/run_1/saves/wrn_28_10/con_True_lr_0.0001_seed_0
[2018/09/25 23:11:56 __main__ INFO] - Train 87
[2018/09/25 23:12:15 __main__ INFO] - TEST 87
[2018/09/25 23:13:03 __main__ INFO] - - epoch 87    c10h_train    : 0.3597 (acc: 0.9869) | c10h_val    : 0.4208 (acc: 0.9610)
[2018/09/25 23:13:05 __main__ INFO] - -            c10h_train_c10: 0.0113 (acc: 0.9938) | c10h_val_c10: 0.1348 (acc: 0.9630)
[2018/09/25 23:13:05 __main__ INFO] - -            v4            : 0.3835 (acc: 0.8916) |           v6: 0.3643 (acc: 0.9070)
[2018/09/25 23:13:05 __main__ INFO] - -            c10_50k       : 0.0023 (acc: 0.9999)
[2018/09/25 23:13:05 __main__ INFO] - Elapsed 49.60
keys:  dict_keys(['epoch', 'c10h_train_loss', 'c10h_train_acc', 'c10h_val_loss', 'c10h_val_acc', 'c10h_train_c10_loss', 'c10h_train_c10_acc', 'c10h_val_c10_loss', 'c10h_val_c10_acc', 'v4_loss', 'v4_acc', 'v6_loss', 'v6_acc', 'c10_50k_loss', 'c10_50k_acc']) 
 c10h_outdir:  /tigress/joshuacp/model_results/run_1/saves/wrn_28_10/con_True_lr_0.0001_seed_0
[2018/09/25 23:13:08 __main__ INFO] - Train 88
[2018/09/25 23:13:28 __main__ INFO] - TEST 88
[2018/09/25 23:14:17 __main__ INFO] - - epoch 88    c10h_train    : 0.3624 (acc: 0.9870) | c10h_val    : 0.4214 (acc: 0.9610)
[2018/09/25 23:14:17 __main__ INFO] - -            c10h_train_c10: 0.0111 (acc: 0.9940) | c10h_val_c10: 0.1350 (acc: 0.9620)
[2018/09/25 23:14:17 __main__ INFO] - -            v4            : 0.3959 (acc: 0.8916) |           v6: 0.3599 (acc: 0.9075)
[2018/09/25 23:14:17 __main__ INFO] - -            c10_50k       : 0.0024 (acc: 0.9998)
[2018/09/25 23:14:17 __main__ INFO] - Elapsed 48.29
keys:  dict_keys(['epoch', 'c10h_train_loss', 'c10h_train_acc', 'c10h_val_loss', 'c10h_val_acc', 'c10h_train_c10_loss', 'c10h_train_c10_acc', 'c10h_val_c10_loss', 'c10h_val_c10_acc', 'v4_loss', 'v4_acc', 'v6_loss', 'v6_acc', 'c10_50k_loss', 'c10_50k_acc']) 
 c10h_outdir:  /tigress/joshuacp/model_results/run_1/saves/wrn_28_10/con_True_lr_0.0001_seed_0
[2018/09/25 23:14:19 __main__ INFO] - Train 89
[2018/09/25 23:14:39 __main__ INFO] - TEST 89
[2018/09/25 23:15:27 __main__ INFO] - - epoch 89    c10h_train    : 0.3605 (acc: 0.9871) | c10h_val    : 0.4181 (acc: 0.9620)
[2018/09/25 23:15:27 __main__ INFO] - -            c10h_train_c10: 0.0113 (acc: 0.9939) | c10h_val_c10: 0.1318 (acc: 0.9640)
[2018/09/25 23:15:27 __main__ INFO] - -            v4            : 0.3900 (acc: 0.8996) |           v6: 0.3599 (acc: 0.9080)
[2018/09/25 23:15:27 __main__ INFO] - -            c10_50k       : 0.0023 (acc: 0.9999)
[2018/09/25 23:15:27 __main__ INFO] - Elapsed 48.11
keys:  dict_keys(['epoch', 'c10h_train_loss', 'c10h_train_acc', 'c10h_val_loss', 'c10h_val_acc', 'c10h_train_c10_loss', 'c10h_train_c10_acc', 'c10h_val_c10_loss', 'c10h_val_c10_acc', 'v4_loss', 'v4_acc', 'v6_loss', 'v6_acc', 'c10_50k_loss', 'c10_50k_acc']) 
 c10h_outdir:  /tigress/joshuacp/model_results/run_1/saves/wrn_28_10/con_True_lr_0.0001_seed_0
[2018/09/25 23:15:27 __main__ INFO] - Train 90
[2018/09/25 23:15:47 __main__ INFO] - TEST 90
[2018/09/25 23:16:35 __main__ INFO] - - epoch 90    c10h_train    : 0.3613 (acc: 0.9866) | c10h_val    : 0.4168 (acc: 0.9610)
[2018/09/25 23:16:35 __main__ INFO] - -            c10h_train_c10: 0.0112 (acc: 0.9938) | c10h_val_c10: 0.1334 (acc: 0.9620)
[2018/09/25 23:16:35 __main__ INFO] - -            v4            : 0.3907 (acc: 0.8921) |           v6: 0.3632 (acc: 0.9065)
[2018/09/25 23:16:35 __main__ INFO] - -            c10_50k       : 0.0024 (acc: 0.9999)
[2018/09/25 23:16:35 __main__ INFO] - Elapsed 48.26
keys:  dict_keys(['epoch', 'c10h_train_loss', 'c10h_train_acc', 'c10h_val_loss', 'c10h_val_acc', 'c10h_train_c10_loss', 'c10h_train_c10_acc', 'c10h_val_c10_loss', 'c10h_val_c10_acc', 'v4_loss', 'v4_acc', 'v6_loss', 'v6_acc', 'c10_50k_loss', 'c10_50k_acc']) 
 c10h_outdir:  /tigress/joshuacp/model_results/run_1/saves/wrn_28_10/con_True_lr_0.0001_seed_0
[2018/09/25 23:16:36 __main__ INFO] - Train 91
[2018/09/25 23:16:56 __main__ INFO] - TEST 91
[2018/09/25 23:17:44 __main__ INFO] - - epoch 91    c10h_train    : 0.3575 (acc: 0.9867) | c10h_val    : 0.4156 (acc: 0.9630)
[2018/09/25 23:17:44 __main__ INFO] - -            c10h_train_c10: 0.0127 (acc: 0.9936) | c10h_val_c10: 0.1307 (acc: 0.9650)
[2018/09/25 23:17:44 __main__ INFO] - -            v4            : 0.3856 (acc: 0.8981) |           v6: 0.3612 (acc: 0.9085)
[2018/09/25 23:17:44 __main__ INFO] - -            c10_50k       : 0.0023 (acc: 0.9999)
[2018/09/25 23:17:44 __main__ INFO] - Elapsed 48.11
keys:  dict_keys(['epoch', 'c10h_train_loss', 'c10h_train_acc', 'c10h_val_loss', 'c10h_val_acc', 'c10h_train_c10_loss', 'c10h_train_c10_acc', 'c10h_val_c10_loss', 'c10h_val_c10_acc', 'v4_loss', 'v4_acc', 'v6_loss', 'v6_acc', 'c10_50k_loss', 'c10_50k_acc']) 
 c10h_outdir:  /tigress/joshuacp/model_results/run_1/saves/wrn_28_10/con_True_lr_0.0001_seed_0
[2018/09/25 23:17:45 __main__ INFO] - Train 92
[2018/09/25 23:18:05 __main__ INFO] - TEST 92
[2018/09/25 23:18:53 __main__ INFO] - - epoch 92    c10h_train    : 0.3588 (acc: 0.9873) | c10h_val    : 0.4163 (acc: 0.9630)
[2018/09/25 23:18:53 __main__ INFO] - -            c10h_train_c10: 0.0104 (acc: 0.9943) | c10h_val_c10: 0.1320 (acc: 0.9650)
[2018/09/25 23:18:53 __main__ INFO] - -            v4            : 0.3767 (acc: 0.9025) |           v6: 0.3607 (acc: 0.9075)
[2018/09/25 23:18:53 __main__ INFO] - -            c10_50k       : 0.0022 (acc: 0.9999)
[2018/09/25 23:18:53 __main__ INFO] - Elapsed 48.59
keys:  dict_keys(['epoch', 'c10h_train_loss', 'c10h_train_acc', 'c10h_val_loss', 'c10h_val_acc', 'c10h_train_c10_loss', 'c10h_train_c10_acc', 'c10h_val_c10_loss', 'c10h_val_c10_acc', 'v4_loss', 'v4_acc', 'v6_loss', 'v6_acc', 'c10_50k_loss', 'c10_50k_acc']) 
 c10h_outdir:  /tigress/joshuacp/model_results/run_1/saves/wrn_28_10/con_True_lr_0.0001_seed_0
[2018/09/25 23:18:54 __main__ INFO] - Train 93
[2018/09/25 23:19:13 __main__ INFO] - TEST 93
[2018/09/25 23:20:01 __main__ INFO] - - epoch 93    c10h_train    : 0.3601 (acc: 0.9867) | c10h_val    : 0.4155 (acc: 0.9650)
[2018/09/25 23:20:01 __main__ INFO] - -            c10h_train_c10: 0.0126 (acc: 0.9936) | c10h_val_c10: 0.1307 (acc: 0.9670)
[2018/09/25 23:20:01 __main__ INFO] - -            v4            : 0.3881 (acc: 0.8976) |           v6: 0.3669 (acc: 0.9080)
[2018/09/25 23:20:01 __main__ INFO] - -            c10_50k       : 0.0022 (acc: 0.9999)
[2018/09/25 23:20:01 __main__ INFO] - Elapsed 47.89
keys:  dict_keys(['epoch', 'c10h_train_loss', 'c10h_train_acc', 'c10h_val_loss', 'c10h_val_acc', 'c10h_train_c10_loss', 'c10h_train_c10_acc', 'c10h_val_c10_loss', 'c10h_val_c10_acc', 'v4_loss', 'v4_acc', 'v6_loss', 'v6_acc', 'c10_50k_loss', 'c10_50k_acc']) 
 c10h_outdir:  /tigress/joshuacp/model_results/run_1/saves/wrn_28_10/con_True_lr_0.0001_seed_0
[2018/09/25 23:20:03 __main__ INFO] - Train 94
[2018/09/25 23:20:22 __main__ INFO] - TEST 94
[2018/09/25 23:21:11 __main__ INFO] - - epoch 94    c10h_train    : 0.3576 (acc: 0.9872) | c10h_val    : 0.4189 (acc: 0.9610)
[2018/09/25 23:21:11 __main__ INFO] - -            c10h_train_c10: 0.0114 (acc: 0.9941) | c10h_val_c10: 0.1340 (acc: 0.9620)
[2018/09/25 23:21:11 __main__ INFO] - -            v4            : 0.3899 (acc: 0.8976) |           v6: 0.3578 (acc: 0.9080)
[2018/09/25 23:21:11 __main__ INFO] - -            c10_50k       : 0.0024 (acc: 0.9999)
[2018/09/25 23:21:11 __main__ INFO] - Elapsed 48.10
keys:  dict_keys(['epoch', 'c10h_train_loss', 'c10h_train_acc', 'c10h_val_loss', 'c10h_val_acc', 'c10h_train_c10_loss', 'c10h_train_c10_acc', 'c10h_val_c10_loss', 'c10h_val_c10_acc', 'v4_loss', 'v4_acc', 'v6_loss', 'v6_acc', 'c10_50k_loss', 'c10_50k_acc']) 
 c10h_outdir:  /tigress/joshuacp/model_results/run_1/saves/wrn_28_10/con_True_lr_0.0001_seed_0
[2018/09/25 23:21:12 __main__ INFO] - Train 95
[2018/09/25 23:21:31 __main__ INFO] - TEST 95
[2018/09/25 23:22:20 __main__ INFO] - - epoch 95    c10h_train    : 0.3627 (acc: 0.9876) | c10h_val    : 0.4180 (acc: 0.9630)
[2018/09/25 23:22:20 __main__ INFO] - -            c10h_train_c10: 0.0102 (acc: 0.9947) | c10h_val_c10: 0.1300 (acc: 0.9650)
[2018/09/25 23:22:20 __main__ INFO] - -            v4            : 0.3713 (acc: 0.9030) |           v6: 0.3638 (acc: 0.9060)
[2018/09/25 23:22:20 __main__ INFO] - -            c10_50k       : 0.0023 (acc: 0.9999)
[2018/09/25 23:22:20 __main__ INFO] - Elapsed 48.48
keys:  dict_keys(['epoch', 'c10h_train_loss', 'c10h_train_acc', 'c10h_val_loss', 'c10h_val_acc', 'c10h_train_c10_loss', 'c10h_train_c10_acc', 'c10h_val_c10_loss', 'c10h_val_c10_acc', 'v4_loss', 'v4_acc', 'v6_loss', 'v6_acc', 'c10_50k_loss', 'c10_50k_acc']) 
 c10h_outdir:  /tigress/joshuacp/model_results/run_1/saves/wrn_28_10/con_True_lr_0.0001_seed_0
[2018/09/25 23:22:20 __main__ INFO] - Train 96
[2018/09/25 23:22:40 __main__ INFO] - TEST 96
[2018/09/25 23:23:28 __main__ INFO] - - epoch 96    c10h_train    : 0.3604 (acc: 0.9869) | c10h_val    : 0.4167 (acc: 0.9660)
[2018/09/25 23:23:28 __main__ INFO] - -            c10h_train_c10: 0.0111 (acc: 0.9940) | c10h_val_c10: 0.1305 (acc: 0.9680)
[2018/09/25 23:23:28 __main__ INFO] - -            v4            : 0.3980 (acc: 0.9010) |           v6: 0.3672 (acc: 0.9065)
[2018/09/25 23:23:28 __main__ INFO] - -            c10_50k       : 0.0024 (acc: 0.9999)
[2018/09/25 23:23:28 __main__ INFO] - Elapsed 48.23
keys:  dict_keys(['epoch', 'c10h_train_loss', 'c10h_train_acc', 'c10h_val_loss', 'c10h_val_acc', 'c10h_train_c10_loss', 'c10h_train_c10_acc', 'c10h_val_c10_loss', 'c10h_val_c10_acc', 'v4_loss', 'v4_acc', 'v6_loss', 'v6_acc', 'c10_50k_loss', 'c10_50k_acc']) 
 c10h_outdir:  /tigress/joshuacp/model_results/run_1/saves/wrn_28_10/con_True_lr_0.0001_seed_0
[2018/09/25 23:23:29 __main__ INFO] - Train 97
[2018/09/25 23:23:49 __main__ INFO] - TEST 97
[2018/09/25 23:24:37 __main__ INFO] - - epoch 97    c10h_train    : 0.3617 (acc: 0.9869) | c10h_val    : 0.4226 (acc: 0.9610)
[2018/09/25 23:24:37 __main__ INFO] - -            c10h_train_c10: 0.0109 (acc: 0.9940) | c10h_val_c10: 0.1339 (acc: 0.9620)
[2018/09/25 23:24:37 __main__ INFO] - -            v4            : 0.4059 (acc: 0.8941) |           v6: 0.3671 (acc: 0.9055)
[2018/09/25 23:24:37 __main__ INFO] - -            c10_50k       : 0.0022 (acc: 0.9999)
[2018/09/25 23:24:37 __main__ INFO] - Elapsed 48.11
keys:  dict_keys(['epoch', 'c10h_train_loss', 'c10h_train_acc', 'c10h_val_loss', 'c10h_val_acc', 'c10h_train_c10_loss', 'c10h_train_c10_acc', 'c10h_val_c10_loss', 'c10h_val_c10_acc', 'v4_loss', 'v4_acc', 'v6_loss', 'v6_acc', 'c10_50k_loss', 'c10_50k_acc']) 
 c10h_outdir:  /tigress/joshuacp/model_results/run_1/saves/wrn_28_10/con_True_lr_0.0001_seed_0
[2018/09/25 23:24:38 __main__ INFO] - Train 98
[2018/09/25 23:24:58 __main__ INFO] - TEST 98
[2018/09/25 23:25:46 __main__ INFO] - - epoch 98    c10h_train    : 0.3572 (acc: 0.9871) | c10h_val    : 0.4162 (acc: 0.9620)
[2018/09/25 23:25:46 __main__ INFO] - -            c10h_train_c10: 0.0106 (acc: 0.9943) | c10h_val_c10: 0.1318 (acc: 0.9630)
[2018/09/25 23:25:46 __main__ INFO] - -            v4            : 0.3845 (acc: 0.8951) |           v6: 0.3650 (acc: 0.9080)
[2018/09/25 23:25:46 __main__ INFO] - -            c10_50k       : 0.0024 (acc: 0.9999)
[2018/09/25 23:25:46 __main__ INFO] - Elapsed 47.87
keys:  dict_keys(['epoch', 'c10h_train_loss', 'c10h_train_acc', 'c10h_val_loss', 'c10h_val_acc', 'c10h_train_c10_loss', 'c10h_train_c10_acc', 'c10h_val_c10_loss', 'c10h_val_c10_acc', 'v4_loss', 'v4_acc', 'v6_loss', 'v6_acc', 'c10_50k_loss', 'c10_50k_acc']) 
 c10h_outdir:  /tigress/joshuacp/model_results/run_1/saves/wrn_28_10/con_True_lr_0.0001_seed_0
[2018/09/25 23:25:47 __main__ INFO] - Train 99
[2018/09/25 23:26:06 __main__ INFO] - TEST 99
[2018/09/25 23:26:55 __main__ INFO] - - epoch 99    c10h_train    : 0.3573 (acc: 0.9868) | c10h_val    : 0.4163 (acc: 0.9620)
[2018/09/25 23:26:55 __main__ INFO] - -            c10h_train_c10: 0.0115 (acc: 0.9938) | c10h_val_c10: 0.1311 (acc: 0.9630)
[2018/09/25 23:26:55 __main__ INFO] - -            v4            : 0.3891 (acc: 0.8961) |           v6: 0.3646 (acc: 0.9075)
[2018/09/25 23:26:55 __main__ INFO] - -            c10_50k       : 0.0024 (acc: 0.9998)
[2018/09/25 23:26:55 __main__ INFO] - Elapsed 48.12
keys:  dict_keys(['epoch', 'c10h_train_loss', 'c10h_train_acc', 'c10h_val_loss', 'c10h_val_acc', 'c10h_train_c10_loss', 'c10h_train_c10_acc', 'c10h_val_c10_loss', 'c10h_val_c10_acc', 'v4_loss', 'v4_acc', 'v6_loss', 'v6_acc', 'c10_50k_loss', 'c10_50k_acc']) 
 c10h_outdir:  /tigress/joshuacp/model_results/run_1/saves/wrn_28_10/con_True_lr_0.0001_seed_0
[2018/09/25 23:26:56 __main__ INFO] - Train 100
[2018/09/25 23:27:15 __main__ INFO] - TEST 100
[2018/09/25 23:28:03 __main__ INFO] - - epoch 100    c10h_train    : 0.3600 (acc: 0.9863) | c10h_val    : 0.4171 (acc: 0.9620)
[2018/09/25 23:28:04 __main__ INFO] - -            c10h_train_c10: 0.0116 (acc: 0.9936) | c10h_val_c10: 0.1333 (acc: 0.9640)
[2018/09/25 23:28:04 __main__ INFO] - -            v4            : 0.3995 (acc: 0.8936) |           v6: 0.3610 (acc: 0.9060)
[2018/09/25 23:28:04 __main__ INFO] - -            c10_50k       : 0.0022 (acc: 1.0000)
[2018/09/25 23:28:04 __main__ INFO] - Elapsed 48.20
keys:  dict_keys(['epoch', 'c10h_train_loss', 'c10h_train_acc', 'c10h_val_loss', 'c10h_val_acc', 'c10h_train_c10_loss', 'c10h_train_c10_acc', 'c10h_val_c10_loss', 'c10h_val_c10_acc', 'v4_loss', 'v4_acc', 'v6_loss', 'v6_acc', 'c10_50k_loss', 'c10_50k_acc']) 
 c10h_outdir:  /tigress/joshuacp/model_results/run_1/saves/wrn_28_10/con_True_lr_0.0001_seed_0
cp: cannot create regular file /tigress/joshuacp/model_results/run_1/wrn_28_10/.: No such file or directory
inner done
