entering inner script
activating virtual env
wrn_28_10
identifier: con_True_lr_0.1_seed_1
--arch=wrn --c10h_save_interval=2 --dataset=CIFAR10H --no_output --c10h_datasplit_seed=1 --human_tune --nonhuman_control=True --base_lr=0.1
wrn_28_10_control:True_lr:0.1_seed:1.out
entering python script
/tigress/ruairidh/model_results/run_1/wrn_28_10/model_best_state.pth
/tigress/ruairidh/model_results/run_1/saves/wrn_28_10/con_True_lr_0.1_seed_1
Using TensorFlow backend.
[2018/09/25 14:58:51 __main__ INFO] - {
  "model_config": {
    "arch": "wrn",
    "input_shape": [
      1,
      3,
      32,
      32
    ],
    "n_classes": 10,
    "base_channels": 16,
    "depth": 28,
    "widening_factor": 10,
    "drop_rate": 0
  },
  "optim_config": {
    "epochs": 200,
    "batch_size": 128,
    "optimizer": "sgd",
    "base_lr": 0.1,
    "weight_decay": 0.0005,
    "momentum": 0.9,
    "nesterov": true,
    "scheduler": "multistep",
    "milestones": [
      60,
      120,
      160
    ],
    "lr_decay": 0.2
  },
  "data_config": {
    "dataset": "CIFAR10H",
    "n_classes": 10,
    "num_workers": 7,
    "batch_size": 128,
    "use_cutout": false,
    "use_random_erasing": false,
    "use_mixup": false,
    "c10h_sample": false,
    "c10h_testsplit_percent": 0.1,
    "c10h_datasplit_seed": 1,
    "use_gpu": true
  },
  "run_config": {
    "seed": 17,
    "test_first": true,
    "gpu": "0",
    "tensorboard": false,
    "tensorboard_train_images": false,
    "tensorboard_test_images": false,
    "tensorboard_model_params": false,
    "resume": "/tigress/ruairidh/model_results/run_1/wrn_28_10/model_best_state.pth",
    "human_tune": true,
    "no_output": true,
    "test_only": false,
    "nonhuman_control": true,
    "c10h_scores_outdir": "/tigress/ruairidh/model_results/run_1/saves/wrn_28_10/con_True_lr_0.1_seed_1",
    "c10h_save_interval": "2",
    "use_gpu": true
  },
  "env_info": {
    "pytorch_version": "0.4.1",
    "cuda_version": "9.0.176",
    "cudnn_version": 7102,
    "gpu0": {
      "name": "Tesla P100-PCIE-16GB",
      "capability": "6.0"
    }
  }
}
Files already downloaded and verified
Files already downloaded and verified
Files already downloaded and verified
Files already downloaded and verified
Files already downloaded and verified
[2018/09/25 14:58:55 __main__ INFO] - Loading model...
[2018/09/25 14:58:55 __main__ INFO] - n_params: 36479194
[2018/09/25 14:58:57 __main__ INFO] - Done
=> loading checkpoint '/tigress/ruairidh/model_results/run_1/wrn_28_10/model_best_state.pth'
=> loaded checkpoint '/tigress/ruairidh/model_results/run_1/wrn_28_10/model_best_state.pth' (epoch 197)
[2018/09/25 14:58:58 __main__ INFO] - TEST 0
[2018/09/25 14:59:48 __main__ INFO] - - epoch 0    c10h_train    : 0.4616 (acc: 0.9479) | c10h_val    : 0.4554 (acc: 0.9650)
[2018/09/25 14:59:48 __main__ INFO] - -            c10h_train_c10: 0.1773 (acc: 0.9502) | c10h_val_c10: 0.1349 (acc: 0.9690)
[2018/09/25 14:59:48 __main__ INFO] - -            v4            : 0.4034 (acc: 0.8986) |           v6: 0.3818 (acc: 0.9100)
[2018/09/25 14:59:48 __main__ INFO] - -            c10_50k       : 0.0012 (acc: 1.0000)
[2018/09/25 14:59:48 __main__ INFO] - Elapsed 49.82
keys:  dict_keys(['epoch', 'c10h_train_loss', 'c10h_train_acc', 'c10h_val_loss', 'c10h_val_acc', 'c10h_train_c10_loss', 'c10h_train_c10_acc', 'c10h_val_c10_loss', 'c10h_val_c10_acc', 'v4_loss', 'v4_acc', 'v6_loss', 'v6_acc', 'c10_50k_loss', 'c10_50k_acc']) 
 c10h_outdir:  /tigress/ruairidh/model_results/run_1/saves/wrn_28_10/con_True_lr_0.1_seed_1
[2018/09/25 14:59:48 __main__ INFO] - Train 1
[2018/09/25 15:00:09 __main__ INFO] - TEST 1
[2018/09/25 15:00:57 __main__ INFO] - - epoch 1    c10h_train    : 2.4868 (acc: 0.2453) | c10h_val    : 2.4733 (acc: 0.2570)
[2018/09/25 15:00:57 __main__ INFO] - -            c10h_train_c10: 2.4818 (acc: 0.2433) | c10h_val_c10: 2.4734 (acc: 0.2550)
[2018/09/25 15:00:57 __main__ INFO] - -            v4            : 2.8079 (acc: 0.2246) |           v6: 2.8115 (acc: 0.2315)
[2018/09/25 15:00:57 __main__ INFO] - -            c10_50k       : 2.5122 (acc: 0.2438)
[2018/09/25 15:00:57 __main__ INFO] - Elapsed 48.17
keys:  dict_keys(['epoch', 'c10h_train_loss', 'c10h_train_acc', 'c10h_val_loss', 'c10h_val_acc', 'c10h_train_c10_loss', 'c10h_train_c10_acc', 'c10h_val_c10_loss', 'c10h_val_c10_acc', 'v4_loss', 'v4_acc', 'v6_loss', 'v6_acc', 'c10_50k_loss', 'c10_50k_acc']) 
 c10h_outdir:  /tigress/ruairidh/model_results/run_1/saves/wrn_28_10/con_True_lr_0.1_seed_1
[2018/09/25 15:00:59 __main__ INFO] - Train 2
[2018/09/25 15:01:19 __main__ INFO] - TEST 2
[2018/09/25 15:02:07 __main__ INFO] - - epoch 2    c10h_train    : 1.3736 (acc: 0.5182) | c10h_val    : 1.3826 (acc: 0.5170)
[2018/09/25 15:02:07 __main__ INFO] - -            c10h_train_c10: 1.3341 (acc: 0.5206) | c10h_val_c10: 1.3380 (acc: 0.5190)
[2018/09/25 15:02:07 __main__ INFO] - -            v4            : 1.6521 (acc: 0.3988) |           v6: 1.6426 (acc: 0.3960)
[2018/09/25 15:02:07 __main__ INFO] - -            c10_50k       : 1.3538 (acc: 0.5070)
[2018/09/25 15:02:07 __main__ INFO] - Elapsed 48.44
keys:  dict_keys(['epoch', 'c10h_train_loss', 'c10h_train_acc', 'c10h_val_loss', 'c10h_val_acc', 'c10h_train_c10_loss', 'c10h_train_c10_acc', 'c10h_val_c10_loss', 'c10h_val_c10_acc', 'v4_loss', 'v4_acc', 'v6_loss', 'v6_acc', 'c10_50k_loss', 'c10_50k_acc']) 
 c10h_outdir:  /tigress/ruairidh/model_results/run_1/saves/wrn_28_10/con_True_lr_0.1_seed_1
[2018/09/25 15:02:09 __main__ INFO] - Train 3
[2018/09/25 15:02:29 __main__ INFO] - TEST 3
[2018/09/25 15:03:17 __main__ INFO] - - epoch 3    c10h_train    : 1.5010 (acc: 0.4910) | c10h_val    : 1.4996 (acc: 0.5220)
[2018/09/25 15:03:17 __main__ INFO] - -            c10h_train_c10: 1.4557 (acc: 0.4897) | c10h_val_c10: 1.4486 (acc: 0.5230)
[2018/09/25 15:03:17 __main__ INFO] - -            v4            : 1.9321 (acc: 0.3602) |           v6: 1.9681 (acc: 0.3800)
[2018/09/25 15:03:17 __main__ INFO] - -            c10_50k       : 1.4898 (acc: 0.4889)
[2018/09/25 15:03:17 __main__ INFO] - Elapsed 48.18
keys:  dict_keys(['epoch', 'c10h_train_loss', 'c10h_train_acc', 'c10h_val_loss', 'c10h_val_acc', 'c10h_train_c10_loss', 'c10h_train_c10_acc', 'c10h_val_c10_loss', 'c10h_val_c10_acc', 'v4_loss', 'v4_acc', 'v6_loss', 'v6_acc', 'c10_50k_loss', 'c10_50k_acc']) 
 c10h_outdir:  /tigress/ruairidh/model_results/run_1/saves/wrn_28_10/con_True_lr_0.1_seed_1
[2018/09/25 15:03:19 __main__ INFO] - Train 4
[2018/09/25 15:03:38 __main__ INFO] - TEST 4
[2018/09/25 15:04:27 __main__ INFO] - - epoch 4    c10h_train    : 1.1780 (acc: 0.6021) | c10h_val    : 1.2715 (acc: 0.5860)
[2018/09/25 15:04:27 __main__ INFO] - -            c10h_train_c10: 1.1291 (acc: 0.6010) | c10h_val_c10: 1.2191 (acc: 0.5850)
[2018/09/25 15:04:27 __main__ INFO] - -            v4            : 1.5963 (acc: 0.4577) |           v6: 1.6444 (acc: 0.4575)
[2018/09/25 15:04:27 __main__ INFO] - -            c10_50k       : 1.1779 (acc: 0.5871)
[2018/09/25 15:04:27 __main__ INFO] - Elapsed 48.51
keys:  dict_keys(['epoch', 'c10h_train_loss', 'c10h_train_acc', 'c10h_val_loss', 'c10h_val_acc', 'c10h_train_c10_loss', 'c10h_train_c10_acc', 'c10h_val_c10_loss', 'c10h_val_c10_acc', 'v4_loss', 'v4_acc', 'v6_loss', 'v6_acc', 'c10_50k_loss', 'c10_50k_acc']) 
 c10h_outdir:  /tigress/ruairidh/model_results/run_1/saves/wrn_28_10/con_True_lr_0.1_seed_1
[2018/09/25 15:04:29 __main__ INFO] - Train 5
[2018/09/25 15:04:48 __main__ INFO] - TEST 5
[2018/09/25 15:05:37 __main__ INFO] - - epoch 5    c10h_train    : 1.1914 (acc: 0.6007) | c10h_val    : 1.3479 (acc: 0.5580)
[2018/09/25 15:05:37 __main__ INFO] - -            c10h_train_c10: 1.1336 (acc: 0.6017) | c10h_val_c10: 1.2822 (acc: 0.5580)
[2018/09/25 15:05:37 __main__ INFO] - -            v4            : 1.5720 (acc: 0.4671) |           v6: 1.6835 (acc: 0.4690)
[2018/09/25 15:05:37 __main__ INFO] - -            c10_50k       : 1.2172 (acc: 0.5745)
[2018/09/25 15:05:37 __main__ INFO] - Elapsed 48.33
keys:  dict_keys(['epoch', 'c10h_train_loss', 'c10h_train_acc', 'c10h_val_loss', 'c10h_val_acc', 'c10h_train_c10_loss', 'c10h_train_c10_acc', 'c10h_val_c10_loss', 'c10h_val_c10_acc', 'v4_loss', 'v4_acc', 'v6_loss', 'v6_acc', 'c10_50k_loss', 'c10_50k_acc']) 
 c10h_outdir:  /tigress/ruairidh/model_results/run_1/saves/wrn_28_10/con_True_lr_0.1_seed_1
[2018/09/25 15:05:38 __main__ INFO] - Train 6
[2018/09/25 15:05:57 __main__ INFO] - TEST 6
[2018/09/25 15:06:46 __main__ INFO] - - epoch 6    c10h_train    : 1.2360 (acc: 0.5801) | c10h_val    : 1.3456 (acc: 0.5600)
[2018/09/25 15:06:46 __main__ INFO] - -            c10h_train_c10: 1.1701 (acc: 0.5818) | c10h_val_c10: 1.2709 (acc: 0.5600)
[2018/09/25 15:06:46 __main__ INFO] - -            v4            : 1.6481 (acc: 0.4478) |           v6: 1.7133 (acc: 0.4375)
[2018/09/25 15:06:46 __main__ INFO] - -            c10_50k       : 1.2595 (acc: 0.5583)
[2018/09/25 15:06:46 __main__ INFO] - Elapsed 48.25
keys:  dict_keys(['epoch', 'c10h_train_loss', 'c10h_train_acc', 'c10h_val_loss', 'c10h_val_acc', 'c10h_train_c10_loss', 'c10h_train_c10_acc', 'c10h_val_c10_loss', 'c10h_val_c10_acc', 'v4_loss', 'v4_acc', 'v6_loss', 'v6_acc', 'c10_50k_loss', 'c10_50k_acc']) 
 c10h_outdir:  /tigress/ruairidh/model_results/run_1/saves/wrn_28_10/con_True_lr_0.1_seed_1
[2018/09/25 15:06:46 __main__ INFO] - Train 7
[2018/09/25 15:07:05 __main__ INFO] - TEST 7
[2018/09/25 15:07:54 __main__ INFO] - - epoch 7    c10h_train    : 1.0429 (acc: 0.6651) | c10h_val    : 1.2574 (acc: 0.6510)
[2018/09/25 15:07:54 __main__ INFO] - -            c10h_train_c10: 0.9570 (acc: 0.6661) | c10h_val_c10: 1.1579 (acc: 0.6520)
[2018/09/25 15:07:54 __main__ INFO] - -            v4            : 1.5404 (acc: 0.5077) |           v6: 1.7355 (acc: 0.4965)
[2018/09/25 15:07:54 __main__ INFO] - -            c10_50k       : 1.0618 (acc: 0.6434)
[2018/09/25 15:07:54 __main__ INFO] - Elapsed 48.07
keys:  dict_keys(['epoch', 'c10h_train_loss', 'c10h_train_acc', 'c10h_val_loss', 'c10h_val_acc', 'c10h_train_c10_loss', 'c10h_train_c10_acc', 'c10h_val_c10_loss', 'c10h_val_c10_acc', 'v4_loss', 'v4_acc', 'v6_loss', 'v6_acc', 'c10_50k_loss', 'c10_50k_acc']) 
 c10h_outdir:  /tigress/ruairidh/model_results/run_1/saves/wrn_28_10/con_True_lr_0.1_seed_1
[2018/09/25 15:07:55 __main__ INFO] - Train 8
[2018/09/25 15:08:15 __main__ INFO] - TEST 8
[2018/09/25 15:09:03 __main__ INFO] - - epoch 8    c10h_train    : 1.2602 (acc: 0.5870) | c10h_val    : 1.4559 (acc: 0.5630)
[2018/09/25 15:09:03 __main__ INFO] - -            c10h_train_c10: 1.1778 (acc: 0.5872) | c10h_val_c10: 1.3643 (acc: 0.5660)
[2018/09/25 15:09:03 __main__ INFO] - -            v4            : 1.7627 (acc: 0.4498) |           v6: 1.8851 (acc: 0.4595)
[2018/09/25 15:09:03 __main__ INFO] - -            c10_50k       : 1.2875 (acc: 0.5636)
[2018/09/25 15:09:03 __main__ INFO] - Elapsed 48.22
keys:  dict_keys(['epoch', 'c10h_train_loss', 'c10h_train_acc', 'c10h_val_loss', 'c10h_val_acc', 'c10h_train_c10_loss', 'c10h_train_c10_acc', 'c10h_val_c10_loss', 'c10h_val_c10_acc', 'v4_loss', 'v4_acc', 'v6_loss', 'v6_acc', 'c10_50k_loss', 'c10_50k_acc']) 
 c10h_outdir:  /tigress/ruairidh/model_results/run_1/saves/wrn_28_10/con_True_lr_0.1_seed_1
[2018/09/25 15:09:03 __main__ INFO] - Train 9
[2018/09/25 15:09:23 __main__ INFO] - TEST 9
[2018/09/25 15:10:11 __main__ INFO] - - epoch 9    c10h_train    : 1.1245 (acc: 0.6431) | c10h_val    : 1.3024 (acc: 0.6130)
[2018/09/25 15:10:11 __main__ INFO] - -            c10h_train_c10: 1.0464 (acc: 0.6429) | c10h_val_c10: 1.2250 (acc: 0.6120)
[2018/09/25 15:10:11 __main__ INFO] - -            v4            : 1.5262 (acc: 0.5136) |           v6: 1.6584 (acc: 0.5045)
[2018/09/25 15:10:11 __main__ INFO] - -            c10_50k       : 1.1793 (acc: 0.6108)
[2018/09/25 15:10:11 __main__ INFO] - Elapsed 47.94
keys:  dict_keys(['epoch', 'c10h_train_loss', 'c10h_train_acc', 'c10h_val_loss', 'c10h_val_acc', 'c10h_train_c10_loss', 'c10h_train_c10_acc', 'c10h_val_c10_loss', 'c10h_val_c10_acc', 'v4_loss', 'v4_acc', 'v6_loss', 'v6_acc', 'c10_50k_loss', 'c10_50k_acc']) 
 c10h_outdir:  /tigress/ruairidh/model_results/run_1/saves/wrn_28_10/con_True_lr_0.1_seed_1
[2018/09/25 15:10:13 __main__ INFO] - Train 10
[2018/09/25 15:10:32 __main__ INFO] - TEST 10
[2018/09/25 15:11:20 __main__ INFO] - - epoch 10    c10h_train    : 0.8883 (acc: 0.7252) | c10h_val    : 1.0727 (acc: 0.6900)
[2018/09/25 15:11:20 __main__ INFO] - -            c10h_train_c10: 0.7873 (acc: 0.7258) | c10h_val_c10: 0.9680 (acc: 0.6930)
[2018/09/25 15:11:20 __main__ INFO] - -            v4            : 1.4122 (acc: 0.5512) |           v6: 1.5551 (acc: 0.5455)
[2018/09/25 15:11:20 __main__ INFO] - -            c10_50k       : 0.9419 (acc: 0.6862)
[2018/09/25 15:11:20 __main__ INFO] - Elapsed 47.98
keys:  dict_keys(['epoch', 'c10h_train_loss', 'c10h_train_acc', 'c10h_val_loss', 'c10h_val_acc', 'c10h_train_c10_loss', 'c10h_train_c10_acc', 'c10h_val_c10_loss', 'c10h_val_c10_acc', 'v4_loss', 'v4_acc', 'v6_loss', 'v6_acc', 'c10_50k_loss', 'c10_50k_acc']) 
 c10h_outdir:  /tigress/ruairidh/model_results/run_1/saves/wrn_28_10/con_True_lr_0.1_seed_1
[2018/09/25 15:11:21 __main__ INFO] - Train 11
[2018/09/25 15:11:40 __main__ INFO] - TEST 11
[2018/09/25 15:12:28 __main__ INFO] - - epoch 11    c10h_train    : 0.9090 (acc: 0.7148) | c10h_val    : 1.0591 (acc: 0.6900)
[2018/09/25 15:12:28 __main__ INFO] - -            c10h_train_c10: 0.8007 (acc: 0.7163) | c10h_val_c10: 0.9280 (acc: 0.6930)
[2018/09/25 15:12:28 __main__ INFO] - -            v4            : 1.4100 (acc: 0.5418) |           v6: 1.4064 (acc: 0.5670)
[2018/09/25 15:12:28 __main__ INFO] - -            c10_50k       : 0.9615 (acc: 0.6755)
[2018/09/25 15:12:28 __main__ INFO] - Elapsed 48.20
keys:  dict_keys(['epoch', 'c10h_train_loss', 'c10h_train_acc', 'c10h_val_loss', 'c10h_val_acc', 'c10h_train_c10_loss', 'c10h_train_c10_acc', 'c10h_val_c10_loss', 'c10h_val_c10_acc', 'v4_loss', 'v4_acc', 'v6_loss', 'v6_acc', 'c10_50k_loss', 'c10_50k_acc']) 
 c10h_outdir:  /tigress/ruairidh/model_results/run_1/saves/wrn_28_10/con_True_lr_0.1_seed_1
[2018/09/25 15:12:30 __main__ INFO] - Train 12
[2018/09/25 15:12:49 __main__ INFO] - TEST 12
[2018/09/25 15:13:38 __main__ INFO] - - epoch 12    c10h_train    : 0.8175 (acc: 0.7506) | c10h_val    : 0.9902 (acc: 0.7140)
[2018/09/25 15:13:38 __main__ INFO] - -            c10h_train_c10: 0.7114 (acc: 0.7520) | c10h_val_c10: 0.8826 (acc: 0.7150)
[2018/09/25 15:13:38 __main__ INFO] - -            v4            : 1.3752 (acc: 0.5656) |           v6: 1.4531 (acc: 0.5750)
[2018/09/25 15:13:38 __main__ INFO] - -            c10_50k       : 0.8870 (acc: 0.7027)
[2018/09/25 15:13:38 __main__ INFO] - Elapsed 48.32
keys:  dict_keys(['epoch', 'c10h_train_loss', 'c10h_train_acc', 'c10h_val_loss', 'c10h_val_acc', 'c10h_train_c10_loss', 'c10h_train_c10_acc', 'c10h_val_c10_loss', 'c10h_val_c10_acc', 'v4_loss', 'v4_acc', 'v6_loss', 'v6_acc', 'c10_50k_loss', 'c10_50k_acc']) 
 c10h_outdir:  /tigress/ruairidh/model_results/run_1/saves/wrn_28_10/con_True_lr_0.1_seed_1
[2018/09/25 15:13:38 __main__ INFO] - Train 13
[2018/09/25 15:13:58 __main__ INFO] - TEST 13
[2018/09/25 15:14:46 __main__ INFO] - - epoch 13    c10h_train    : 0.7866 (acc: 0.7681) | c10h_val    : 1.0017 (acc: 0.7290)
[2018/09/25 15:14:46 __main__ INFO] - -            c10h_train_c10: 0.6503 (acc: 0.7711) | c10h_val_c10: 0.8556 (acc: 0.7310)
[2018/09/25 15:14:46 __main__ INFO] - -            v4            : 1.3325 (acc: 0.5740) |           v6: 1.3991 (acc: 0.5875)
[2018/09/25 15:14:46 __main__ INFO] - -            c10_50k       : 0.8561 (acc: 0.7150)
[2018/09/25 15:14:46 __main__ INFO] - Elapsed 47.92
keys:  dict_keys(['epoch', 'c10h_train_loss', 'c10h_train_acc', 'c10h_val_loss', 'c10h_val_acc', 'c10h_train_c10_loss', 'c10h_train_c10_acc', 'c10h_val_c10_loss', 'c10h_val_c10_acc', 'v4_loss', 'v4_acc', 'v6_loss', 'v6_acc', 'c10_50k_loss', 'c10_50k_acc']) 
 c10h_outdir:  /tigress/ruairidh/model_results/run_1/saves/wrn_28_10/con_True_lr_0.1_seed_1
[2018/09/25 15:14:47 __main__ INFO] - Train 14
[2018/09/25 15:15:07 __main__ INFO] - TEST 14
[2018/09/25 15:15:55 __main__ INFO] - - epoch 14    c10h_train    : 1.1313 (acc: 0.6888) | c10h_val    : 1.4625 (acc: 0.6350)
[2018/09/25 15:15:55 __main__ INFO] - -            c10h_train_c10: 1.0110 (acc: 0.6896) | c10h_val_c10: 1.3423 (acc: 0.6360)
[2018/09/25 15:15:55 __main__ INFO] - -            v4            : 1.9430 (acc: 0.5101) |           v6: 2.1600 (acc: 0.5065)
[2018/09/25 15:15:55 __main__ INFO] - -            c10_50k       : 1.2547 (acc: 0.6436)
[2018/09/25 15:15:55 __main__ INFO] - Elapsed 48.07
keys:  dict_keys(['epoch', 'c10h_train_loss', 'c10h_train_acc', 'c10h_val_loss', 'c10h_val_acc', 'c10h_train_c10_loss', 'c10h_train_c10_acc', 'c10h_val_c10_loss', 'c10h_val_c10_acc', 'v4_loss', 'v4_acc', 'v6_loss', 'v6_acc', 'c10_50k_loss', 'c10_50k_acc']) 
 c10h_outdir:  /tigress/ruairidh/model_results/run_1/saves/wrn_28_10/con_True_lr_0.1_seed_1
[2018/09/25 15:15:56 __main__ INFO] - Train 15
[2018/09/25 15:16:16 __main__ INFO] - TEST 15
[2018/09/25 15:17:04 __main__ INFO] - - epoch 15    c10h_train    : 0.9850 (acc: 0.7157) | c10h_val    : 1.3340 (acc: 0.6610)
[2018/09/25 15:17:04 __main__ INFO] - -            c10h_train_c10: 0.8386 (acc: 0.7187) | c10h_val_c10: 1.1859 (acc: 0.6620)
[2018/09/25 15:17:04 __main__ INFO] - -            v4            : 1.6306 (acc: 0.5393) |           v6: 1.8485 (acc: 0.5410)
[2018/09/25 15:17:04 __main__ INFO] - -            c10_50k       : 1.0925 (acc: 0.6687)
[2018/09/25 15:17:04 __main__ INFO] - Elapsed 48.06
keys:  dict_keys(['epoch', 'c10h_train_loss', 'c10h_train_acc', 'c10h_val_loss', 'c10h_val_acc', 'c10h_train_c10_loss', 'c10h_train_c10_acc', 'c10h_val_c10_loss', 'c10h_val_c10_acc', 'v4_loss', 'v4_acc', 'v6_loss', 'v6_acc', 'c10_50k_loss', 'c10_50k_acc']) 
 c10h_outdir:  /tigress/ruairidh/model_results/run_1/saves/wrn_28_10/con_True_lr_0.1_seed_1
[2018/09/25 15:17:05 __main__ INFO] - Train 16
[2018/09/25 15:17:25 __main__ INFO] - TEST 16
[2018/09/25 15:18:13 __main__ INFO] - - epoch 16    c10h_train    : 1.0194 (acc: 0.6973) | c10h_val    : 1.4318 (acc: 0.6510)
[2018/09/25 15:18:13 __main__ INFO] - -            c10h_train_c10: 0.8838 (acc: 0.6993) | c10h_val_c10: 1.2879 (acc: 0.6530)
[2018/09/25 15:18:13 __main__ INFO] - -            v4            : 1.6604 (acc: 0.5220) |           v6: 1.8933 (acc: 0.5130)
[2018/09/25 15:18:13 __main__ INFO] - -            c10_50k       : 1.1451 (acc: 0.6445)
[2018/09/25 15:18:13 __main__ INFO] - Elapsed 48.29
keys:  dict_keys(['epoch', 'c10h_train_loss', 'c10h_train_acc', 'c10h_val_loss', 'c10h_val_acc', 'c10h_train_c10_loss', 'c10h_train_c10_acc', 'c10h_val_c10_loss', 'c10h_val_c10_acc', 'v4_loss', 'v4_acc', 'v6_loss', 'v6_acc', 'c10_50k_loss', 'c10_50k_acc']) 
 c10h_outdir:  /tigress/ruairidh/model_results/run_1/saves/wrn_28_10/con_True_lr_0.1_seed_1
[2018/09/25 15:18:14 __main__ INFO] - Train 17
[2018/09/25 15:18:33 __main__ INFO] - TEST 17
[2018/09/25 15:19:21 __main__ INFO] - - epoch 17    c10h_train    : 0.8488 (acc: 0.7558) | c10h_val    : 1.1946 (acc: 0.7090)
[2018/09/25 15:19:21 __main__ INFO] - -            c10h_train_c10: 0.7024 (acc: 0.7577) | c10h_val_c10: 1.0510 (acc: 0.7080)
[2018/09/25 15:19:21 __main__ INFO] - -            v4            : 1.5512 (acc: 0.5656) |           v6: 1.6372 (acc: 0.5715)
[2018/09/25 15:19:21 __main__ INFO] - -            c10_50k       : 0.9894 (acc: 0.6975)
[2018/09/25 15:19:21 __main__ INFO] - Elapsed 47.94
keys:  dict_keys(['epoch', 'c10h_train_loss', 'c10h_train_acc', 'c10h_val_loss', 'c10h_val_acc', 'c10h_train_c10_loss', 'c10h_train_c10_acc', 'c10h_val_c10_loss', 'c10h_val_c10_acc', 'v4_loss', 'v4_acc', 'v6_loss', 'v6_acc', 'c10_50k_loss', 'c10_50k_acc']) 
 c10h_outdir:  /tigress/ruairidh/model_results/run_1/saves/wrn_28_10/con_True_lr_0.1_seed_1
[2018/09/25 15:19:23 __main__ INFO] - Train 18
[2018/09/25 15:19:42 __main__ INFO] - TEST 18
[2018/09/25 15:20:30 __main__ INFO] - - epoch 18    c10h_train    : 0.8754 (acc: 0.7702) | c10h_val    : 1.2070 (acc: 0.7080)
[2018/09/25 15:20:30 __main__ INFO] - -            c10h_train_c10: 0.7380 (acc: 0.7708) | c10h_val_c10: 1.0879 (acc: 0.7060)
[2018/09/25 15:20:30 __main__ INFO] - -            v4            : 1.6320 (acc: 0.5581) |           v6: 1.7116 (acc: 0.5630)
[2018/09/25 15:20:30 __main__ INFO] - -            c10_50k       : 1.0669 (acc: 0.6963)
[2018/09/25 15:20:30 __main__ INFO] - Elapsed 47.86
keys:  dict_keys(['epoch', 'c10h_train_loss', 'c10h_train_acc', 'c10h_val_loss', 'c10h_val_acc', 'c10h_train_c10_loss', 'c10h_train_c10_acc', 'c10h_val_c10_loss', 'c10h_val_c10_acc', 'v4_loss', 'v4_acc', 'v6_loss', 'v6_acc', 'c10_50k_loss', 'c10_50k_acc']) 
 c10h_outdir:  /tigress/ruairidh/model_results/run_1/saves/wrn_28_10/con_True_lr_0.1_seed_1
[2018/09/25 15:20:32 __main__ INFO] - Train 19
[2018/09/25 15:20:51 __main__ INFO] - TEST 19
[2018/09/25 15:21:39 __main__ INFO] - - epoch 19    c10h_train    : 0.7518 (acc: 0.8024) | c10h_val    : 1.0207 (acc: 0.7540)
[2018/09/25 15:21:39 __main__ INFO] - -            c10h_train_c10: 0.5918 (acc: 0.8037) | c10h_val_c10: 0.8655 (acc: 0.7550)
[2018/09/25 15:21:39 __main__ INFO] - -            v4            : 1.4952 (acc: 0.5878) |           v6: 1.5346 (acc: 0.6075)
[2018/09/25 15:21:39 __main__ INFO] - -            c10_50k       : 0.8963 (acc: 0.7322)
[2018/09/25 15:21:39 __main__ INFO] - Elapsed 48.16
keys:  dict_keys(['epoch', 'c10h_train_loss', 'c10h_train_acc', 'c10h_val_loss', 'c10h_val_acc', 'c10h_train_c10_loss', 'c10h_train_c10_acc', 'c10h_val_c10_loss', 'c10h_val_c10_acc', 'v4_loss', 'v4_acc', 'v6_loss', 'v6_acc', 'c10_50k_loss', 'c10_50k_acc']) 
 c10h_outdir:  /tigress/ruairidh/model_results/run_1/saves/wrn_28_10/con_True_lr_0.1_seed_1
[2018/09/25 15:21:41 __main__ INFO] - Train 20
[2018/09/25 15:22:00 __main__ INFO] - TEST 20
[2018/09/25 15:22:48 __main__ INFO] - - epoch 20    c10h_train    : 0.9524 (acc: 0.7470) | c10h_val    : 1.3941 (acc: 0.6810)
[2018/09/25 15:22:48 __main__ INFO] - -            c10h_train_c10: 0.7635 (acc: 0.7499) | c10h_val_c10: 1.2185 (acc: 0.6830)
[2018/09/25 15:22:48 __main__ INFO] - -            v4            : 1.5880 (acc: 0.5537) |           v6: 1.7304 (acc: 0.5760)
[2018/09/25 15:22:48 __main__ INFO] - -            c10_50k       : 1.0645 (acc: 0.6855)
[2018/09/25 15:22:48 __main__ INFO] - Elapsed 48.12
keys:  dict_keys(['epoch', 'c10h_train_loss', 'c10h_train_acc', 'c10h_val_loss', 'c10h_val_acc', 'c10h_train_c10_loss', 'c10h_train_c10_acc', 'c10h_val_c10_loss', 'c10h_val_c10_acc', 'v4_loss', 'v4_acc', 'v6_loss', 'v6_acc', 'c10_50k_loss', 'c10_50k_acc']) 
 c10h_outdir:  /tigress/ruairidh/model_results/run_1/saves/wrn_28_10/con_True_lr_0.1_seed_1
[2018/09/25 15:22:49 __main__ INFO] - Train 21
[2018/09/25 15:23:08 __main__ INFO] - TEST 21
[2018/09/25 15:23:56 __main__ INFO] - - epoch 21    c10h_train    : 0.6507 (acc: 0.8217) | c10h_val    : 0.9842 (acc: 0.7660)
[2018/09/25 15:23:56 __main__ INFO] - -            c10h_train_c10: 0.4801 (acc: 0.8253) | c10h_val_c10: 0.8211 (acc: 0.7670)
[2018/09/25 15:23:56 __main__ INFO] - -            v4            : 1.2816 (acc: 0.6121) |           v6: 1.3119 (acc: 0.6245)
[2018/09/25 15:23:56 __main__ INFO] - -            c10_50k       : 0.7888 (acc: 0.7430)
[2018/09/25 15:23:56 __main__ INFO] - Elapsed 48.05
keys:  dict_keys(['epoch', 'c10h_train_loss', 'c10h_train_acc', 'c10h_val_loss', 'c10h_val_acc', 'c10h_train_c10_loss', 'c10h_train_c10_acc', 'c10h_val_c10_loss', 'c10h_val_c10_acc', 'v4_loss', 'v4_acc', 'v6_loss', 'v6_acc', 'c10_50k_loss', 'c10_50k_acc']) 
 c10h_outdir:  /tigress/ruairidh/model_results/run_1/saves/wrn_28_10/con_True_lr_0.1_seed_1
[2018/09/25 15:23:58 __main__ INFO] - Train 22
[2018/09/25 15:24:18 __main__ INFO] - TEST 22
[2018/09/25 15:25:06 __main__ INFO] - - epoch 22    c10h_train    : 1.0452 (acc: 0.7079) | c10h_val    : 1.4313 (acc: 0.6670)
[2018/09/25 15:25:06 __main__ INFO] - -            c10h_train_c10: 0.8756 (acc: 0.7113) | c10h_val_c10: 1.2772 (acc: 0.6680)
[2018/09/25 15:25:06 __main__ INFO] - -            v4            : 1.8243 (acc: 0.5413) |           v6: 1.9807 (acc: 0.5280)
[2018/09/25 15:25:06 __main__ INFO] - -            c10_50k       : 1.2741 (acc: 0.6493)
[2018/09/25 15:25:06 __main__ INFO] - Elapsed 48.06
keys:  dict_keys(['epoch', 'c10h_train_loss', 'c10h_train_acc', 'c10h_val_loss', 'c10h_val_acc', 'c10h_train_c10_loss', 'c10h_train_c10_acc', 'c10h_val_c10_loss', 'c10h_val_c10_acc', 'v4_loss', 'v4_acc', 'v6_loss', 'v6_acc', 'c10_50k_loss', 'c10_50k_acc']) 
 c10h_outdir:  /tigress/ruairidh/model_results/run_1/saves/wrn_28_10/con_True_lr_0.1_seed_1
[2018/09/25 15:25:07 __main__ INFO] - Train 23
[2018/09/25 15:25:27 __main__ INFO] - TEST 23
[2018/09/25 15:26:15 __main__ INFO] - - epoch 23    c10h_train    : 0.8529 (acc: 0.7823) | c10h_val    : 1.0899 (acc: 0.7240)
[2018/09/25 15:26:15 __main__ INFO] - -            c10h_train_c10: 0.6776 (acc: 0.7846) | c10h_val_c10: 0.9345 (acc: 0.7250)
[2018/09/25 15:26:15 __main__ INFO] - -            v4            : 1.5207 (acc: 0.5918) |           v6: 1.5814 (acc: 0.6000)
[2018/09/25 15:26:15 __main__ INFO] - -            c10_50k       : 1.0115 (acc: 0.7061)
[2018/09/25 15:26:15 __main__ INFO] - Elapsed 48.20
keys:  dict_keys(['epoch', 'c10h_train_loss', 'c10h_train_acc', 'c10h_val_loss', 'c10h_val_acc', 'c10h_train_c10_loss', 'c10h_train_c10_acc', 'c10h_val_c10_loss', 'c10h_val_c10_acc', 'v4_loss', 'v4_acc', 'v6_loss', 'v6_acc', 'c10_50k_loss', 'c10_50k_acc']) 
 c10h_outdir:  /tigress/ruairidh/model_results/run_1/saves/wrn_28_10/con_True_lr_0.1_seed_1
[2018/09/25 15:26:15 __main__ INFO] - Train 24
[2018/09/25 15:26:35 __main__ INFO] - TEST 24
[2018/09/25 15:27:23 __main__ INFO] - - epoch 24    c10h_train    : 0.5278 (acc: 0.8726) | c10h_val    : 0.8751 (acc: 0.7870)
[2018/09/25 15:27:23 __main__ INFO] - -            c10h_train_c10: 0.3495 (acc: 0.8766) | c10h_val_c10: 0.7168 (acc: 0.7900)
[2018/09/25 15:27:23 __main__ INFO] - -            v4            : 1.1121 (acc: 0.6522) |           v6: 1.1740 (acc: 0.6505)
[2018/09/25 15:27:23 __main__ INFO] - -            c10_50k       : 0.6752 (acc: 0.7759)
[2018/09/25 15:27:23 __main__ INFO] - Elapsed 48.23
keys:  dict_keys(['epoch', 'c10h_train_loss', 'c10h_train_acc', 'c10h_val_loss', 'c10h_val_acc', 'c10h_train_c10_loss', 'c10h_train_c10_acc', 'c10h_val_c10_loss', 'c10h_val_c10_acc', 'v4_loss', 'v4_acc', 'v6_loss', 'v6_acc', 'c10_50k_loss', 'c10_50k_acc']) 
 c10h_outdir:  /tigress/ruairidh/model_results/run_1/saves/wrn_28_10/con_True_lr_0.1_seed_1
[2018/09/25 15:27:25 __main__ INFO] - Train 25
[2018/09/25 15:27:44 __main__ INFO] - TEST 25
[2018/09/25 15:28:32 __main__ INFO] - - epoch 25    c10h_train    : 0.6892 (acc: 0.8078) | c10h_val    : 0.9932 (acc: 0.7390)
[2018/09/25 15:28:32 __main__ INFO] - -            c10h_train_c10: 0.5319 (acc: 0.8122) | c10h_val_c10: 0.8523 (acc: 0.7410)
[2018/09/25 15:28:32 __main__ INFO] - -            v4            : 1.2734 (acc: 0.6017) |           v6: 1.3865 (acc: 0.6060)
[2018/09/25 15:28:32 __main__ INFO] - -            c10_50k       : 0.8406 (acc: 0.7240)
[2018/09/25 15:28:32 __main__ INFO] - Elapsed 48.18
keys:  dict_keys(['epoch', 'c10h_train_loss', 'c10h_train_acc', 'c10h_val_loss', 'c10h_val_acc', 'c10h_train_c10_loss', 'c10h_train_c10_acc', 'c10h_val_c10_loss', 'c10h_val_c10_acc', 'v4_loss', 'v4_acc', 'v6_loss', 'v6_acc', 'c10_50k_loss', 'c10_50k_acc']) 
 c10h_outdir:  /tigress/ruairidh/model_results/run_1/saves/wrn_28_10/con_True_lr_0.1_seed_1
[2018/09/25 15:28:34 __main__ INFO] - Train 26
[2018/09/25 15:28:54 __main__ INFO] - TEST 26
[2018/09/25 15:29:42 __main__ INFO] - - epoch 26    c10h_train    : 0.9367 (acc: 0.7473) | c10h_val    : 1.3128 (acc: 0.6730)
[2018/09/25 15:29:42 __main__ INFO] - -            c10h_train_c10: 0.7751 (acc: 0.7490) | c10h_val_c10: 1.1632 (acc: 0.6730)
[2018/09/25 15:29:42 __main__ INFO] - -            v4            : 1.8457 (acc: 0.5408) |           v6: 2.0874 (acc: 0.5415)
[2018/09/25 15:29:42 __main__ INFO] - -            c10_50k       : 1.1395 (acc: 0.6757)
[2018/09/25 15:29:42 __main__ INFO] - Elapsed 48.04
keys:  dict_keys(['epoch', 'c10h_train_loss', 'c10h_train_acc', 'c10h_val_loss', 'c10h_val_acc', 'c10h_train_c10_loss', 'c10h_train_c10_acc', 'c10h_val_c10_loss', 'c10h_val_c10_acc', 'v4_loss', 'v4_acc', 'v6_loss', 'v6_acc', 'c10_50k_loss', 'c10_50k_acc']) 
 c10h_outdir:  /tigress/ruairidh/model_results/run_1/saves/wrn_28_10/con_True_lr_0.1_seed_1
[2018/09/25 15:29:44 __main__ INFO] - Train 27
[2018/09/25 15:30:03 __main__ INFO] - TEST 27
[2018/09/25 15:30:51 __main__ INFO] - - epoch 27    c10h_train    : 0.5988 (acc: 0.8577) | c10h_val    : 0.9935 (acc: 0.7560)
[2018/09/25 15:30:51 __main__ INFO] - -            c10h_train_c10: 0.3874 (acc: 0.8616) | c10h_val_c10: 0.8005 (acc: 0.7590)
[2018/09/25 15:30:51 __main__ INFO] - -            v4            : 1.1364 (acc: 0.6561) |           v6: 1.2016 (acc: 0.6610)
[2018/09/25 15:30:51 __main__ INFO] - -            c10_50k       : 0.7348 (acc: 0.7693)
[2018/09/25 15:30:51 __main__ INFO] - Elapsed 48.16
keys:  dict_keys(['epoch', 'c10h_train_loss', 'c10h_train_acc', 'c10h_val_loss', 'c10h_val_acc', 'c10h_train_c10_loss', 'c10h_train_c10_acc', 'c10h_val_c10_loss', 'c10h_val_c10_acc', 'v4_loss', 'v4_acc', 'v6_loss', 'v6_acc', 'c10_50k_loss', 'c10_50k_acc']) 
 c10h_outdir:  /tigress/ruairidh/model_results/run_1/saves/wrn_28_10/con_True_lr_0.1_seed_1
[2018/09/25 15:30:53 __main__ INFO] - Train 28
[2018/09/25 15:31:13 __main__ INFO] - TEST 28
[2018/09/25 15:32:01 __main__ INFO] - - epoch 28    c10h_train    : 0.6945 (acc: 0.8384) | c10h_val    : 1.1085 (acc: 0.7430)
[2018/09/25 15:32:01 __main__ INFO] - -            c10h_train_c10: 0.4763 (acc: 0.8419) | c10h_val_c10: 0.9192 (acc: 0.7450)
[2018/09/25 15:32:01 __main__ INFO] - -            v4            : 1.4231 (acc: 0.6220) |           v6: 1.5664 (acc: 0.6110)
[2018/09/25 15:32:01 __main__ INFO] - -            c10_50k       : 0.8934 (acc: 0.7397)
[2018/09/25 15:32:01 __main__ INFO] - Elapsed 48.24
keys:  dict_keys(['epoch', 'c10h_train_loss', 'c10h_train_acc', 'c10h_val_loss', 'c10h_val_acc', 'c10h_train_c10_loss', 'c10h_train_c10_acc', 'c10h_val_c10_loss', 'c10h_val_c10_acc', 'v4_loss', 'v4_acc', 'v6_loss', 'v6_acc', 'c10_50k_loss', 'c10_50k_acc']) 
 c10h_outdir:  /tigress/ruairidh/model_results/run_1/saves/wrn_28_10/con_True_lr_0.1_seed_1
[2018/09/25 15:32:03 __main__ INFO] - Train 29
[2018/09/25 15:32:23 __main__ INFO] - TEST 29
[2018/09/25 15:33:11 __main__ INFO] - - epoch 29    c10h_train    : 0.5556 (acc: 0.8619) | c10h_val    : 0.9658 (acc: 0.7760)
[2018/09/25 15:33:11 __main__ INFO] - -            c10h_train_c10: 0.3691 (acc: 0.8653) | c10h_val_c10: 0.8125 (acc: 0.7750)
[2018/09/25 15:33:11 __main__ INFO] - -            v4            : 1.1727 (acc: 0.6507) |           v6: 1.2891 (acc: 0.6455)
[2018/09/25 15:33:11 __main__ INFO] - -            c10_50k       : 0.7470 (acc: 0.7684)
[2018/09/25 15:33:11 __main__ INFO] - Elapsed 48.23
keys:  dict_keys(['epoch', 'c10h_train_loss', 'c10h_train_acc', 'c10h_val_loss', 'c10h_val_acc', 'c10h_train_c10_loss', 'c10h_train_c10_acc', 'c10h_val_c10_loss', 'c10h_val_c10_acc', 'v4_loss', 'v4_acc', 'v6_loss', 'v6_acc', 'c10_50k_loss', 'c10_50k_acc']) 
 c10h_outdir:  /tigress/ruairidh/model_results/run_1/saves/wrn_28_10/con_True_lr_0.1_seed_1
[2018/09/25 15:33:13 __main__ INFO] - Train 30
[2018/09/25 15:33:32 __main__ INFO] - TEST 30
[2018/09/25 15:34:20 __main__ INFO] - - epoch 30    c10h_train    : 0.6214 (acc: 0.8544) | c10h_val    : 1.0192 (acc: 0.7630)
[2018/09/25 15:34:20 __main__ INFO] - -            c10h_train_c10: 0.4090 (acc: 0.8584) | c10h_val_c10: 0.8338 (acc: 0.7660)
[2018/09/25 15:34:20 __main__ INFO] - -            v4            : 1.3143 (acc: 0.6348) |           v6: 1.4604 (acc: 0.6355)
[2018/09/25 15:34:20 __main__ INFO] - -            c10_50k       : 0.8399 (acc: 0.7528)
[2018/09/25 15:34:20 __main__ INFO] - Elapsed 48.01
keys:  dict_keys(['epoch', 'c10h_train_loss', 'c10h_train_acc', 'c10h_val_loss', 'c10h_val_acc', 'c10h_train_c10_loss', 'c10h_train_c10_acc', 'c10h_val_c10_loss', 'c10h_val_c10_acc', 'v4_loss', 'v4_acc', 'v6_loss', 'v6_acc', 'c10_50k_loss', 'c10_50k_acc']) 
 c10h_outdir:  /tigress/ruairidh/model_results/run_1/saves/wrn_28_10/con_True_lr_0.1_seed_1
[2018/09/25 15:34:23 __main__ INFO] - Train 31
[2018/09/25 15:34:42 __main__ INFO] - TEST 31
[2018/09/25 15:35:30 __main__ INFO] - - epoch 31    c10h_train    : 0.5653 (acc: 0.8710) | c10h_val    : 0.9213 (acc: 0.7920)
[2018/09/25 15:35:30 __main__ INFO] - -            c10h_train_c10: 0.3535 (acc: 0.8752) | c10h_val_c10: 0.7408 (acc: 0.7910)
[2018/09/25 15:35:30 __main__ INFO] - -            v4            : 1.2687 (acc: 0.6526) |           v6: 1.3400 (acc: 0.6440)
[2018/09/25 15:35:30 __main__ INFO] - -            c10_50k       : 0.7463 (acc: 0.7729)
[2018/09/25 15:35:30 __main__ INFO] - Elapsed 47.98
keys:  dict_keys(['epoch', 'c10h_train_loss', 'c10h_train_acc', 'c10h_val_loss', 'c10h_val_acc', 'c10h_train_c10_loss', 'c10h_train_c10_acc', 'c10h_val_c10_loss', 'c10h_val_c10_acc', 'v4_loss', 'v4_acc', 'v6_loss', 'v6_acc', 'c10_50k_loss', 'c10_50k_acc']) 
 c10h_outdir:  /tigress/ruairidh/model_results/run_1/saves/wrn_28_10/con_True_lr_0.1_seed_1
[2018/09/25 15:35:32 __main__ INFO] - Train 32
[2018/09/25 15:35:51 __main__ INFO] - TEST 32
[2018/09/25 15:36:39 __main__ INFO] - - epoch 32    c10h_train    : 0.7001 (acc: 0.8422) | c10h_val    : 1.1542 (acc: 0.7550)
[2018/09/25 15:36:40 __main__ INFO] - -            c10h_train_c10: 0.4831 (acc: 0.8460) | c10h_val_c10: 0.9900 (acc: 0.7550)
[2018/09/25 15:36:40 __main__ INFO] - -            v4            : 1.6585 (acc: 0.6061) |           v6: 1.7407 (acc: 0.6170)
[2018/09/25 15:36:40 __main__ INFO] - -            c10_50k       : 0.9540 (acc: 0.7436)
[2018/09/25 15:36:40 __main__ INFO] - Elapsed 48.09
keys:  dict_keys(['epoch', 'c10h_train_loss', 'c10h_train_acc', 'c10h_val_loss', 'c10h_val_acc', 'c10h_train_c10_loss', 'c10h_train_c10_acc', 'c10h_val_c10_loss', 'c10h_val_c10_acc', 'v4_loss', 'v4_acc', 'v6_loss', 'v6_acc', 'c10_50k_loss', 'c10_50k_acc']) 
 c10h_outdir:  /tigress/ruairidh/model_results/run_1/saves/wrn_28_10/con_True_lr_0.1_seed_1
[2018/09/25 15:36:41 __main__ INFO] - Train 33
[2018/09/25 15:37:01 __main__ INFO] - TEST 33
[2018/09/25 15:37:49 __main__ INFO] - - epoch 33    c10h_train    : 0.5847 (acc: 0.8617) | c10h_val    : 1.0257 (acc: 0.7660)
[2018/09/25 15:37:49 __main__ INFO] - -            c10h_train_c10: 0.3748 (acc: 0.8653) | c10h_val_c10: 0.8702 (acc: 0.7680)
[2018/09/25 15:37:49 __main__ INFO] - -            v4            : 1.2912 (acc: 0.6462) |           v6: 1.4269 (acc: 0.6515)
[2018/09/25 15:37:49 __main__ INFO] - -            c10_50k       : 0.8190 (acc: 0.7579)
[2018/09/25 15:37:49 __main__ INFO] - Elapsed 48.08
keys:  dict_keys(['epoch', 'c10h_train_loss', 'c10h_train_acc', 'c10h_val_loss', 'c10h_val_acc', 'c10h_train_c10_loss', 'c10h_train_c10_acc', 'c10h_val_c10_loss', 'c10h_val_c10_acc', 'v4_loss', 'v4_acc', 'v6_loss', 'v6_acc', 'c10_50k_loss', 'c10_50k_acc']) 
 c10h_outdir:  /tigress/ruairidh/model_results/run_1/saves/wrn_28_10/con_True_lr_0.1_seed_1
[2018/09/25 15:37:49 __main__ INFO] - Train 34
[2018/09/25 15:38:09 __main__ INFO] - TEST 34
[2018/09/25 15:38:57 __main__ INFO] - - epoch 34    c10h_train    : 0.6080 (acc: 0.8598) | c10h_val    : 1.0482 (acc: 0.7450)
[2018/09/25 15:38:57 __main__ INFO] - -            c10h_train_c10: 0.3812 (acc: 0.8639) | c10h_val_c10: 0.8691 (acc: 0.7460)
[2018/09/25 15:38:57 __main__ INFO] - -            v4            : 1.4029 (acc: 0.6170) |           v6: 1.5220 (acc: 0.6175)
[2018/09/25 15:38:57 __main__ INFO] - -            c10_50k       : 0.8395 (acc: 0.7587)
[2018/09/25 15:38:57 __main__ INFO] - Elapsed 47.91
keys:  dict_keys(['epoch', 'c10h_train_loss', 'c10h_train_acc', 'c10h_val_loss', 'c10h_val_acc', 'c10h_train_c10_loss', 'c10h_train_c10_acc', 'c10h_val_c10_loss', 'c10h_val_c10_acc', 'v4_loss', 'v4_acc', 'v6_loss', 'v6_acc', 'c10_50k_loss', 'c10_50k_acc']) 
 c10h_outdir:  /tigress/ruairidh/model_results/run_1/saves/wrn_28_10/con_True_lr_0.1_seed_1
[2018/09/25 15:38:58 __main__ INFO] - Train 35
[2018/09/25 15:39:18 __main__ INFO] - TEST 35
[2018/09/25 15:40:06 __main__ INFO] - - epoch 35    c10h_train    : 0.5879 (acc: 0.8730) | c10h_val    : 1.0770 (acc: 0.7630)
[2018/09/25 15:40:06 __main__ INFO] - -            c10h_train_c10: 0.3412 (acc: 0.8780) | c10h_val_c10: 0.8650 (acc: 0.7640)
[2018/09/25 15:40:06 __main__ INFO] - -            v4            : 1.1882 (acc: 0.6655) |           v6: 1.3098 (acc: 0.6625)
[2018/09/25 15:40:06 __main__ INFO] - -            c10_50k       : 0.7875 (acc: 0.7668)
[2018/09/25 15:40:06 __main__ INFO] - Elapsed 48.24
keys:  dict_keys(['epoch', 'c10h_train_loss', 'c10h_train_acc', 'c10h_val_loss', 'c10h_val_acc', 'c10h_train_c10_loss', 'c10h_train_c10_acc', 'c10h_val_c10_loss', 'c10h_val_c10_acc', 'v4_loss', 'v4_acc', 'v6_loss', 'v6_acc', 'c10_50k_loss', 'c10_50k_acc']) 
 c10h_outdir:  /tigress/ruairidh/model_results/run_1/saves/wrn_28_10/con_True_lr_0.1_seed_1
[2018/09/25 15:40:08 __main__ INFO] - Train 36
[2018/09/25 15:40:28 __main__ INFO] - TEST 36
[2018/09/25 15:41:16 __main__ INFO] - - epoch 36    c10h_train    : 1.0390 (acc: 0.7520) | c10h_val    : 1.5936 (acc: 0.6710)
[2018/09/25 15:41:16 __main__ INFO] - -            c10h_train_c10: 0.8106 (acc: 0.7542) | c10h_val_c10: 1.4018 (acc: 0.6700)
[2018/09/25 15:41:16 __main__ INFO] - -            v4            : 1.8035 (acc: 0.5656) |           v6: 2.0111 (acc: 0.5650)
[2018/09/25 15:41:16 __main__ INFO] - -            c10_50k       : 1.2937 (acc: 0.6660)
[2018/09/25 15:41:16 __main__ INFO] - Elapsed 48.12
keys:  dict_keys(['epoch', 'c10h_train_loss', 'c10h_train_acc', 'c10h_val_loss', 'c10h_val_acc', 'c10h_train_c10_loss', 'c10h_train_c10_acc', 'c10h_val_c10_loss', 'c10h_val_c10_acc', 'v4_loss', 'v4_acc', 'v6_loss', 'v6_acc', 'c10_50k_loss', 'c10_50k_acc']) 
 c10h_outdir:  /tigress/ruairidh/model_results/run_1/saves/wrn_28_10/con_True_lr_0.1_seed_1
[2018/09/25 15:41:16 __main__ INFO] - Train 37
[2018/09/25 15:41:36 __main__ INFO] - TEST 37
[2018/09/25 15:42:24 __main__ INFO] - - epoch 37    c10h_train    : 0.5657 (acc: 0.8806) | c10h_val    : 1.0654 (acc: 0.7680)
[2018/09/25 15:42:24 __main__ INFO] - -            c10h_train_c10: 0.3233 (acc: 0.8849) | c10h_val_c10: 0.8739 (acc: 0.7680)
[2018/09/25 15:42:24 __main__ INFO] - -            v4            : 1.2837 (acc: 0.6373) |           v6: 1.3945 (acc: 0.6400)
[2018/09/25 15:42:24 __main__ INFO] - -            c10_50k       : 0.7653 (acc: 0.7706)
[2018/09/25 15:42:24 __main__ INFO] - Elapsed 48.37
keys:  dict_keys(['epoch', 'c10h_train_loss', 'c10h_train_acc', 'c10h_val_loss', 'c10h_val_acc', 'c10h_train_c10_loss', 'c10h_train_c10_acc', 'c10h_val_c10_loss', 'c10h_val_c10_acc', 'v4_loss', 'v4_acc', 'v6_loss', 'v6_acc', 'c10_50k_loss', 'c10_50k_acc']) 
 c10h_outdir:  /tigress/ruairidh/model_results/run_1/saves/wrn_28_10/con_True_lr_0.1_seed_1
[2018/09/25 15:42:26 __main__ INFO] - Train 38
[2018/09/25 15:42:45 __main__ INFO] - TEST 38
[2018/09/25 15:43:33 __main__ INFO] - - epoch 38    c10h_train    : 0.5869 (acc: 0.8743) | c10h_val    : 1.0801 (acc: 0.7680)
[2018/09/25 15:43:33 __main__ INFO] - -            c10h_train_c10: 0.3350 (acc: 0.8786) | c10h_val_c10: 0.9005 (acc: 0.7680)
[2018/09/25 15:43:33 __main__ INFO] - -            v4            : 1.3844 (acc: 0.6467) |           v6: 1.4905 (acc: 0.6405)
[2018/09/25 15:43:33 __main__ INFO] - -            c10_50k       : 0.8687 (acc: 0.7602)
[2018/09/25 15:43:33 __main__ INFO] - Elapsed 48.18
keys:  dict_keys(['epoch', 'c10h_train_loss', 'c10h_train_acc', 'c10h_val_loss', 'c10h_val_acc', 'c10h_train_c10_loss', 'c10h_train_c10_acc', 'c10h_val_c10_loss', 'c10h_val_c10_acc', 'v4_loss', 'v4_acc', 'v6_loss', 'v6_acc', 'c10_50k_loss', 'c10_50k_acc']) 
 c10h_outdir:  /tigress/ruairidh/model_results/run_1/saves/wrn_28_10/con_True_lr_0.1_seed_1
[2018/09/25 15:43:35 __main__ INFO] - Train 39
[2018/09/25 15:43:54 __main__ INFO] - TEST 39
[2018/09/25 15:44:42 __main__ INFO] - - epoch 39    c10h_train    : 0.6795 (acc: 0.8504) | c10h_val    : 1.0763 (acc: 0.7640)
[2018/09/25 15:44:42 __main__ INFO] - -            c10h_train_c10: 0.4392 (acc: 0.8540) | c10h_val_c10: 0.8846 (acc: 0.7640)
[2018/09/25 15:44:42 __main__ INFO] - -            v4            : 1.5173 (acc: 0.5997) |           v6: 1.6343 (acc: 0.6095)
[2018/09/25 15:44:42 __main__ INFO] - -            c10_50k       : 0.9454 (acc: 0.7367)
[2018/09/25 15:44:42 __main__ INFO] - Elapsed 48.13
keys:  dict_keys(['epoch', 'c10h_train_loss', 'c10h_train_acc', 'c10h_val_loss', 'c10h_val_acc', 'c10h_train_c10_loss', 'c10h_train_c10_acc', 'c10h_val_c10_loss', 'c10h_val_c10_acc', 'v4_loss', 'v4_acc', 'v6_loss', 'v6_acc', 'c10_50k_loss', 'c10_50k_acc']) 
 c10h_outdir:  /tigress/ruairidh/model_results/run_1/saves/wrn_28_10/con_True_lr_0.1_seed_1
[2018/09/25 15:44:43 __main__ INFO] - Train 40
[2018/09/25 15:45:03 __main__ INFO] - TEST 40
[2018/09/25 15:45:51 __main__ INFO] - - epoch 40    c10h_train    : 0.5422 (acc: 0.8941) | c10h_val    : 1.0125 (acc: 0.7770)
[2018/09/25 15:45:51 __main__ INFO] - -            c10h_train_c10: 0.2938 (acc: 0.8986) | c10h_val_c10: 0.8048 (acc: 0.7800)
[2018/09/25 15:45:51 __main__ INFO] - -            v4            : 1.3157 (acc: 0.6289) |           v6: 1.4649 (acc: 0.6350)
[2018/09/25 15:45:51 __main__ INFO] - -            c10_50k       : 0.7649 (acc: 0.7708)
[2018/09/25 15:45:51 __main__ INFO] - Elapsed 48.06
keys:  dict_keys(['epoch', 'c10h_train_loss', 'c10h_train_acc', 'c10h_val_loss', 'c10h_val_acc', 'c10h_train_c10_loss', 'c10h_train_c10_acc', 'c10h_val_c10_loss', 'c10h_val_c10_acc', 'v4_loss', 'v4_acc', 'v6_loss', 'v6_acc', 'c10_50k_loss', 'c10_50k_acc']) 
 c10h_outdir:  /tigress/ruairidh/model_results/run_1/saves/wrn_28_10/con_True_lr_0.1_seed_1
[2018/09/25 15:45:51 __main__ INFO] - Train 41
[2018/09/25 15:46:11 __main__ INFO] - TEST 41
[2018/09/25 15:46:59 __main__ INFO] - - epoch 41    c10h_train    : 0.6019 (acc: 0.8677) | c10h_val    : 1.1143 (acc: 0.7380)
[2018/09/25 15:46:59 __main__ INFO] - -            c10h_train_c10: 0.3506 (acc: 0.8714) | c10h_val_c10: 0.9055 (acc: 0.7410)
[2018/09/25 15:46:59 __main__ INFO] - -            v4            : 1.3712 (acc: 0.6319) |           v6: 1.5098 (acc: 0.6365)
[2018/09/25 15:46:59 __main__ INFO] - -            c10_50k       : 0.8463 (acc: 0.7510)
[2018/09/25 15:46:59 __main__ INFO] - Elapsed 47.95
keys:  dict_keys(['epoch', 'c10h_train_loss', 'c10h_train_acc', 'c10h_val_loss', 'c10h_val_acc', 'c10h_train_c10_loss', 'c10h_train_c10_acc', 'c10h_val_c10_loss', 'c10h_val_c10_acc', 'v4_loss', 'v4_acc', 'v6_loss', 'v6_acc', 'c10_50k_loss', 'c10_50k_acc']) 
 c10h_outdir:  /tigress/ruairidh/model_results/run_1/saves/wrn_28_10/con_True_lr_0.1_seed_1
[2018/09/25 15:46:59 __main__ INFO] - Train 42
[2018/09/25 15:47:19 __main__ INFO] - TEST 42
[2018/09/25 15:48:06 __main__ INFO] - - epoch 42    c10h_train    : 0.6299 (acc: 0.8510) | c10h_val    : 1.1866 (acc: 0.7240)
[2018/09/25 15:48:06 __main__ INFO] - -            c10h_train_c10: 0.3986 (acc: 0.8560) | c10h_val_c10: 1.0196 (acc: 0.7260)
[2018/09/25 15:48:06 __main__ INFO] - -            v4            : 1.4547 (acc: 0.6091) |           v6: 1.5641 (acc: 0.6190)
[2018/09/25 15:48:06 __main__ INFO] - -            c10_50k       : 0.8736 (acc: 0.7422)
[2018/09/25 15:48:06 __main__ INFO] - Elapsed 47.60
keys:  dict_keys(['epoch', 'c10h_train_loss', 'c10h_train_acc', 'c10h_val_loss', 'c10h_val_acc', 'c10h_train_c10_loss', 'c10h_train_c10_acc', 'c10h_val_c10_loss', 'c10h_val_c10_acc', 'v4_loss', 'v4_acc', 'v6_loss', 'v6_acc', 'c10_50k_loss', 'c10_50k_acc']) 
 c10h_outdir:  /tigress/ruairidh/model_results/run_1/saves/wrn_28_10/con_True_lr_0.1_seed_1
[2018/09/25 15:48:08 __main__ INFO] - Train 43
[2018/09/25 15:48:28 __main__ INFO] - TEST 43
[2018/09/25 15:49:16 __main__ INFO] - - epoch 43    c10h_train    : 0.5626 (acc: 0.8794) | c10h_val    : 0.9974 (acc: 0.7530)
[2018/09/25 15:49:16 __main__ INFO] - -            c10h_train_c10: 0.3221 (acc: 0.8846) | c10h_val_c10: 0.8150 (acc: 0.7540)
[2018/09/25 15:49:16 __main__ INFO] - -            v4            : 1.3303 (acc: 0.6190) |           v6: 1.4740 (acc: 0.6325)
[2018/09/25 15:49:16 __main__ INFO] - -            c10_50k       : 0.8291 (acc: 0.7586)
[2018/09/25 15:49:16 __main__ INFO] - Elapsed 48.04
keys:  dict_keys(['epoch', 'c10h_train_loss', 'c10h_train_acc', 'c10h_val_loss', 'c10h_val_acc', 'c10h_train_c10_loss', 'c10h_train_c10_acc', 'c10h_val_c10_loss', 'c10h_val_c10_acc', 'v4_loss', 'v4_acc', 'v6_loss', 'v6_acc', 'c10_50k_loss', 'c10_50k_acc']) 
 c10h_outdir:  /tigress/ruairidh/model_results/run_1/saves/wrn_28_10/con_True_lr_0.1_seed_1
[2018/09/25 15:49:16 __main__ INFO] - Train 44
[2018/09/25 15:49:36 __main__ INFO] - TEST 44
[2018/09/25 15:50:24 __main__ INFO] - - epoch 44    c10h_train    : 0.4783 (acc: 0.9146) | c10h_val    : 0.8596 (acc: 0.8170)
[2018/09/25 15:50:24 __main__ INFO] - -            c10h_train_c10: 0.2191 (acc: 0.9208) | c10h_val_c10: 0.6500 (acc: 0.8190)
[2018/09/25 15:50:24 __main__ INFO] - -            v4            : 1.1556 (acc: 0.6724) |           v6: 1.2435 (acc: 0.6845)
[2018/09/25 15:50:24 __main__ INFO] - -            c10_50k       : 0.6728 (acc: 0.7960)
[2018/09/25 15:50:24 __main__ INFO] - Elapsed 48.10
keys:  dict_keys(['epoch', 'c10h_train_loss', 'c10h_train_acc', 'c10h_val_loss', 'c10h_val_acc', 'c10h_train_c10_loss', 'c10h_train_c10_acc', 'c10h_val_c10_loss', 'c10h_val_c10_acc', 'v4_loss', 'v4_acc', 'v6_loss', 'v6_acc', 'c10_50k_loss', 'c10_50k_acc']) 
 c10h_outdir:  /tigress/ruairidh/model_results/run_1/saves/wrn_28_10/con_True_lr_0.1_seed_1
[2018/09/25 15:50:25 __main__ INFO] - Train 45
[2018/09/25 15:50:44 __main__ INFO] - TEST 45
[2018/09/25 15:51:33 __main__ INFO] - - epoch 45    c10h_train    : 0.5914 (acc: 0.8601) | c10h_val    : 1.1006 (acc: 0.7530)
[2018/09/25 15:51:33 __main__ INFO] - -            c10h_train_c10: 0.3561 (acc: 0.8649) | c10h_val_c10: 0.9138 (acc: 0.7550)
[2018/09/25 15:51:33 __main__ INFO] - -            v4            : 1.3884 (acc: 0.6170) |           v6: 1.4933 (acc: 0.6270)
[2018/09/25 15:51:33 __main__ INFO] - -            c10_50k       : 0.8621 (acc: 0.7509)
[2018/09/25 15:51:33 __main__ INFO] - Elapsed 48.74
keys:  dict_keys(['epoch', 'c10h_train_loss', 'c10h_train_acc', 'c10h_val_loss', 'c10h_val_acc', 'c10h_train_c10_loss', 'c10h_train_c10_acc', 'c10h_val_c10_loss', 'c10h_val_c10_acc', 'v4_loss', 'v4_acc', 'v6_loss', 'v6_acc', 'c10_50k_loss', 'c10_50k_acc']) 
 c10h_outdir:  /tigress/ruairidh/model_results/run_1/saves/wrn_28_10/con_True_lr_0.1_seed_1
[2018/09/25 15:51:34 __main__ INFO] - Train 46
[2018/09/25 15:51:54 __main__ INFO] - TEST 46
[2018/09/25 15:52:42 __main__ INFO] - - epoch 46    c10h_train    : 0.5388 (acc: 0.8883) | c10h_val    : 1.0774 (acc: 0.7630)
[2018/09/25 15:52:42 __main__ INFO] - -            c10h_train_c10: 0.2852 (acc: 0.8932) | c10h_val_c10: 0.8829 (acc: 0.7650)
[2018/09/25 15:52:42 __main__ INFO] - -            v4            : 1.2602 (acc: 0.6522) |           v6: 1.3959 (acc: 0.6440)
[2018/09/25 15:52:42 __main__ INFO] - -            c10_50k       : 0.7889 (acc: 0.7687)
[2018/09/25 15:52:42 __main__ INFO] - Elapsed 48.34
keys:  dict_keys(['epoch', 'c10h_train_loss', 'c10h_train_acc', 'c10h_val_loss', 'c10h_val_acc', 'c10h_train_c10_loss', 'c10h_train_c10_acc', 'c10h_val_c10_loss', 'c10h_val_c10_acc', 'v4_loss', 'v4_acc', 'v6_loss', 'v6_acc', 'c10_50k_loss', 'c10_50k_acc']) 
 c10h_outdir:  /tigress/ruairidh/model_results/run_1/saves/wrn_28_10/con_True_lr_0.1_seed_1
[2018/09/25 15:52:43 __main__ INFO] - Train 47
[2018/09/25 15:53:02 __main__ INFO] - TEST 47
[2018/09/25 15:53:50 __main__ INFO] - - epoch 47    c10h_train    : 0.7796 (acc: 0.8287) | c10h_val    : 1.3145 (acc: 0.7390)
[2018/09/25 15:53:50 __main__ INFO] - -            c10h_train_c10: 0.5062 (acc: 0.8323) | c10h_val_c10: 1.0864 (acc: 0.7410)
[2018/09/25 15:53:50 __main__ INFO] - -            v4            : 1.6887 (acc: 0.5962) |           v6: 1.8916 (acc: 0.6015)
[2018/09/25 15:53:50 __main__ INFO] - -            c10_50k       : 1.0867 (acc: 0.7171)
[2018/09/25 15:53:50 __main__ INFO] - Elapsed 48.09
keys:  dict_keys(['epoch', 'c10h_train_loss', 'c10h_train_acc', 'c10h_val_loss', 'c10h_val_acc', 'c10h_train_c10_loss', 'c10h_train_c10_acc', 'c10h_val_c10_loss', 'c10h_val_c10_acc', 'v4_loss', 'v4_acc', 'v6_loss', 'v6_acc', 'c10_50k_loss', 'c10_50k_acc']) 
 c10h_outdir:  /tigress/ruairidh/model_results/run_1/saves/wrn_28_10/con_True_lr_0.1_seed_1
[2018/09/25 15:53:52 __main__ INFO] - Train 48
[2018/09/25 15:54:11 __main__ INFO] - TEST 48
[2018/09/25 15:55:00 __main__ INFO] - - epoch 48    c10h_train    : 0.5671 (acc: 0.8912) | c10h_val    : 1.1505 (acc: 0.7680)
[2018/09/25 15:55:00 __main__ INFO] - -            c10h_train_c10: 0.2867 (acc: 0.8962) | c10h_val_c10: 0.9417 (acc: 0.7690)
[2018/09/25 15:55:00 __main__ INFO] - -            v4            : 1.4666 (acc: 0.6408) |           v6: 1.6385 (acc: 0.6325)
[2018/09/25 15:55:00 __main__ INFO] - -            c10_50k       : 0.8792 (acc: 0.7681)
[2018/09/25 15:55:00 __main__ INFO] - Elapsed 48.17
keys:  dict_keys(['epoch', 'c10h_train_loss', 'c10h_train_acc', 'c10h_val_loss', 'c10h_val_acc', 'c10h_train_c10_loss', 'c10h_train_c10_acc', 'c10h_val_c10_loss', 'c10h_val_c10_acc', 'v4_loss', 'v4_acc', 'v6_loss', 'v6_acc', 'c10_50k_loss', 'c10_50k_acc']) 
 c10h_outdir:  /tigress/ruairidh/model_results/run_1/saves/wrn_28_10/con_True_lr_0.1_seed_1
[2018/09/25 15:55:00 __main__ INFO] - Train 49
[2018/09/25 15:55:20 __main__ INFO] - TEST 49
[2018/09/25 15:56:08 __main__ INFO] - - epoch 49    c10h_train    : 0.5723 (acc: 0.8940) | c10h_val    : 1.1151 (acc: 0.7700)
[2018/09/25 15:56:08 __main__ INFO] - -            c10h_train_c10: 0.2831 (acc: 0.8991) | c10h_val_c10: 0.8826 (acc: 0.7730)
[2018/09/25 15:56:08 __main__ INFO] - -            v4            : 1.4572 (acc: 0.6571) |           v6: 1.5791 (acc: 0.6545)
[2018/09/25 15:56:08 __main__ INFO] - -            c10_50k       : 0.8416 (acc: 0.7759)
[2018/09/25 15:56:08 __main__ INFO] - Elapsed 48.15
keys:  dict_keys(['epoch', 'c10h_train_loss', 'c10h_train_acc', 'c10h_val_loss', 'c10h_val_acc', 'c10h_train_c10_loss', 'c10h_train_c10_acc', 'c10h_val_c10_loss', 'c10h_val_c10_acc', 'v4_loss', 'v4_acc', 'v6_loss', 'v6_acc', 'c10_50k_loss', 'c10_50k_acc']) 
 c10h_outdir:  /tigress/ruairidh/model_results/run_1/saves/wrn_28_10/con_True_lr_0.1_seed_1
[2018/09/25 15:56:09 __main__ INFO] - Train 50
[2018/09/25 15:56:29 __main__ INFO] - TEST 50
[2018/09/25 15:57:17 __main__ INFO] - - epoch 50    c10h_train    : 0.6065 (acc: 0.8779) | c10h_val    : 1.3149 (acc: 0.7480)
[2018/09/25 15:57:17 __main__ INFO] - -            c10h_train_c10: 0.3398 (acc: 0.8824) | c10h_val_c10: 1.1047 (acc: 0.7480)
[2018/09/25 15:57:17 __main__ INFO] - -            v4            : 1.4329 (acc: 0.6398) |           v6: 1.6488 (acc: 0.6260)
[2018/09/25 15:57:17 __main__ INFO] - -            c10_50k       : 0.9256 (acc: 0.7577)
[2018/09/25 15:57:17 __main__ INFO] - Elapsed 48.17
keys:  dict_keys(['epoch', 'c10h_train_loss', 'c10h_train_acc', 'c10h_val_loss', 'c10h_val_acc', 'c10h_train_c10_loss', 'c10h_train_c10_acc', 'c10h_val_c10_loss', 'c10h_val_c10_acc', 'v4_loss', 'v4_acc', 'v6_loss', 'v6_acc', 'c10_50k_loss', 'c10_50k_acc']) 
 c10h_outdir:  /tigress/ruairidh/model_results/run_1/saves/wrn_28_10/con_True_lr_0.1_seed_1
[2018/09/25 15:57:18 __main__ INFO] - Train 51
[2018/09/25 15:57:38 __main__ INFO] - TEST 51
[2018/09/25 15:58:26 __main__ INFO] - - epoch 51    c10h_train    : 0.5777 (acc: 0.8857) | c10h_val    : 1.0349 (acc: 0.7760)
[2018/09/25 15:58:26 __main__ INFO] - -            c10h_train_c10: 0.3003 (acc: 0.8900) | c10h_val_c10: 0.8011 (acc: 0.7790)
[2018/09/25 15:58:26 __main__ INFO] - -            v4            : 1.3166 (acc: 0.6497) |           v6: 1.4091 (acc: 0.6520)
[2018/09/25 15:58:26 __main__ INFO] - -            c10_50k       : 0.8402 (acc: 0.7673)
[2018/09/25 15:58:26 __main__ INFO] - Elapsed 48.43
keys:  dict_keys(['epoch', 'c10h_train_loss', 'c10h_train_acc', 'c10h_val_loss', 'c10h_val_acc', 'c10h_train_c10_loss', 'c10h_train_c10_acc', 'c10h_val_c10_loss', 'c10h_val_c10_acc', 'v4_loss', 'v4_acc', 'v6_loss', 'v6_acc', 'c10_50k_loss', 'c10_50k_acc']) 
 c10h_outdir:  /tigress/ruairidh/model_results/run_1/saves/wrn_28_10/con_True_lr_0.1_seed_1
[2018/09/25 15:58:29 __main__ INFO] - Train 52
[2018/09/25 15:58:48 __main__ INFO] - TEST 52
[2018/09/25 15:59:36 __main__ INFO] - - epoch 52    c10h_train    : 0.7414 (acc: 0.8351) | c10h_val    : 1.4372 (acc: 0.7170)
[2018/09/25 15:59:36 __main__ INFO] - -            c10h_train_c10: 0.4702 (acc: 0.8400) | c10h_val_c10: 1.2329 (acc: 0.7180)
[2018/09/25 15:59:36 __main__ INFO] - -            v4            : 1.5877 (acc: 0.6086) |           v6: 1.8687 (acc: 0.6025)
[2018/09/25 15:59:36 __main__ INFO] - -            c10_50k       : 1.1118 (acc: 0.7114)
[2018/09/25 15:59:36 __main__ INFO] - Elapsed 48.25
keys:  dict_keys(['epoch', 'c10h_train_loss', 'c10h_train_acc', 'c10h_val_loss', 'c10h_val_acc', 'c10h_train_c10_loss', 'c10h_train_c10_acc', 'c10h_val_c10_loss', 'c10h_val_c10_acc', 'v4_loss', 'v4_acc', 'v6_loss', 'v6_acc', 'c10_50k_loss', 'c10_50k_acc']) 
 c10h_outdir:  /tigress/ruairidh/model_results/run_1/saves/wrn_28_10/con_True_lr_0.1_seed_1
[2018/09/25 15:59:38 __main__ INFO] - Train 53
[2018/09/25 15:59:58 __main__ INFO] - TEST 53
[2018/09/25 16:00:46 __main__ INFO] - - epoch 53    c10h_train    : 0.8124 (acc: 0.8276) | c10h_val    : 1.5213 (acc: 0.7170)
[2018/09/25 16:00:46 __main__ INFO] - -            c10h_train_c10: 0.5251 (acc: 0.8320) | c10h_val_c10: 1.2684 (acc: 0.7200)
[2018/09/25 16:00:46 __main__ INFO] - -            v4            : 1.8847 (acc: 0.5725) |           v6: 2.2720 (acc: 0.5470)
[2018/09/25 16:00:46 __main__ INFO] - -            c10_50k       : 1.1458 (acc: 0.7160)
[2018/09/25 16:00:46 __main__ INFO] - Elapsed 48.10
keys:  dict_keys(['epoch', 'c10h_train_loss', 'c10h_train_acc', 'c10h_val_loss', 'c10h_val_acc', 'c10h_train_c10_loss', 'c10h_train_c10_acc', 'c10h_val_c10_loss', 'c10h_val_c10_acc', 'v4_loss', 'v4_acc', 'v6_loss', 'v6_acc', 'c10_50k_loss', 'c10_50k_acc']) 
 c10h_outdir:  /tigress/ruairidh/model_results/run_1/saves/wrn_28_10/con_True_lr_0.1_seed_1
[2018/09/25 16:00:48 __main__ INFO] - Train 54
[2018/09/25 16:01:08 __main__ INFO] - TEST 54
[2018/09/25 16:01:56 __main__ INFO] - - epoch 54    c10h_train    : 0.5597 (acc: 0.8920) | c10h_val    : 1.0162 (acc: 0.7870)
[2018/09/25 16:01:56 __main__ INFO] - -            c10h_train_c10: 0.2884 (acc: 0.8964) | c10h_val_c10: 0.8084 (acc: 0.7900)
[2018/09/25 16:01:56 __main__ INFO] - -            v4            : 1.3808 (acc: 0.6418) |           v6: 1.3951 (acc: 0.6545)
[2018/09/25 16:01:56 __main__ INFO] - -            c10_50k       : 0.8245 (acc: 0.7703)
[2018/09/25 16:01:56 __main__ INFO] - Elapsed 48.02
keys:  dict_keys(['epoch', 'c10h_train_loss', 'c10h_train_acc', 'c10h_val_loss', 'c10h_val_acc', 'c10h_train_c10_loss', 'c10h_train_c10_acc', 'c10h_val_c10_loss', 'c10h_val_c10_acc', 'v4_loss', 'v4_acc', 'v6_loss', 'v6_acc', 'c10_50k_loss', 'c10_50k_acc']) 
 c10h_outdir:  /tigress/ruairidh/model_results/run_1/saves/wrn_28_10/con_True_lr_0.1_seed_1
[2018/09/25 16:01:57 __main__ INFO] - Train 55
[2018/09/25 16:02:16 __main__ INFO] - TEST 55
[2018/09/25 16:03:04 __main__ INFO] - - epoch 55    c10h_train    : 0.7653 (acc: 0.8139) | c10h_val    : 1.3198 (acc: 0.7100)
[2018/09/25 16:03:04 __main__ INFO] - -            c10h_train_c10: 0.5332 (acc: 0.8178) | c10h_val_c10: 1.1563 (acc: 0.7090)
[2018/09/25 16:03:04 __main__ INFO] - -            v4            : 1.5203 (acc: 0.5893) |           v6: 1.7537 (acc: 0.5710)
[2018/09/25 16:03:04 __main__ INFO] - -            c10_50k       : 1.0552 (acc: 0.7029)
[2018/09/25 16:03:04 __main__ INFO] - Elapsed 47.94
keys:  dict_keys(['epoch', 'c10h_train_loss', 'c10h_train_acc', 'c10h_val_loss', 'c10h_val_acc', 'c10h_train_c10_loss', 'c10h_train_c10_acc', 'c10h_val_c10_loss', 'c10h_val_c10_acc', 'v4_loss', 'v4_acc', 'v6_loss', 'v6_acc', 'c10_50k_loss', 'c10_50k_acc']) 
 c10h_outdir:  /tigress/ruairidh/model_results/run_1/saves/wrn_28_10/con_True_lr_0.1_seed_1
[2018/09/25 16:03:06 __main__ INFO] - Train 56
[2018/09/25 16:03:25 __main__ INFO] - TEST 56
[2018/09/25 16:04:13 __main__ INFO] - - epoch 56    c10h_train    : 0.6383 (acc: 0.8736) | c10h_val    : 1.2533 (acc: 0.7550)
[2018/09/25 16:04:13 __main__ INFO] - -            c10h_train_c10: 0.3417 (acc: 0.8788) | c10h_val_c10: 1.0312 (acc: 0.7540)
[2018/09/25 16:04:13 __main__ INFO] - -            v4            : 1.5332 (acc: 0.6200) |           v6: 1.6551 (acc: 0.6310)
[2018/09/25 16:04:13 __main__ INFO] - -            c10_50k       : 0.9163 (acc: 0.7534)
[2018/09/25 16:04:13 __main__ INFO] - Elapsed 48.19
keys:  dict_keys(['epoch', 'c10h_train_loss', 'c10h_train_acc', 'c10h_val_loss', 'c10h_val_acc', 'c10h_train_c10_loss', 'c10h_train_c10_acc', 'c10h_val_c10_loss', 'c10h_val_c10_acc', 'v4_loss', 'v4_acc', 'v6_loss', 'v6_acc', 'c10_50k_loss', 'c10_50k_acc']) 
 c10h_outdir:  /tigress/ruairidh/model_results/run_1/saves/wrn_28_10/con_True_lr_0.1_seed_1
[2018/09/25 16:04:14 __main__ INFO] - Train 57
[2018/09/25 16:04:34 __main__ INFO] - TEST 57
[2018/09/25 16:05:22 __main__ INFO] - - epoch 57    c10h_train    : 0.7822 (acc: 0.8352) | c10h_val    : 1.3953 (acc: 0.7360)
[2018/09/25 16:05:22 __main__ INFO] - -            c10h_train_c10: 0.4938 (acc: 0.8389) | c10h_val_c10: 1.1909 (acc: 0.7370)
[2018/09/25 16:05:22 __main__ INFO] - -            v4            : 1.7802 (acc: 0.5918) |           v6: 1.9962 (acc: 0.5980)
[2018/09/25 16:05:22 __main__ INFO] - -            c10_50k       : 1.0803 (acc: 0.7318)
[2018/09/25 16:05:22 __main__ INFO] - Elapsed 48.00
keys:  dict_keys(['epoch', 'c10h_train_loss', 'c10h_train_acc', 'c10h_val_loss', 'c10h_val_acc', 'c10h_train_c10_loss', 'c10h_train_c10_acc', 'c10h_val_c10_loss', 'c10h_val_c10_acc', 'v4_loss', 'v4_acc', 'v6_loss', 'v6_acc', 'c10_50k_loss', 'c10_50k_acc']) 
 c10h_outdir:  /tigress/ruairidh/model_results/run_1/saves/wrn_28_10/con_True_lr_0.1_seed_1
[2018/09/25 16:05:23 __main__ INFO] - Train 58
[2018/09/25 16:05:42 __main__ INFO] - TEST 58
[2018/09/25 16:06:31 __main__ INFO] - - epoch 58    c10h_train    : 0.5786 (acc: 0.9000) | c10h_val    : 1.1820 (acc: 0.7560)
[2018/09/25 16:06:31 __main__ INFO] - -            c10h_train_c10: 0.2646 (acc: 0.9064) | c10h_val_c10: 0.9629 (acc: 0.7570)
[2018/09/25 16:06:31 __main__ INFO] - -            v4            : 1.3799 (acc: 0.6522) |           v6: 1.6113 (acc: 0.6195)
[2018/09/25 16:06:31 __main__ INFO] - -            c10_50k       : 0.8702 (acc: 0.7642)
[2018/09/25 16:06:31 __main__ INFO] - Elapsed 48.03
keys:  dict_keys(['epoch', 'c10h_train_loss', 'c10h_train_acc', 'c10h_val_loss', 'c10h_val_acc', 'c10h_train_c10_loss', 'c10h_train_c10_acc', 'c10h_val_c10_loss', 'c10h_val_c10_acc', 'v4_loss', 'v4_acc', 'v6_loss', 'v6_acc', 'c10_50k_loss', 'c10_50k_acc']) 
 c10h_outdir:  /tigress/ruairidh/model_results/run_1/saves/wrn_28_10/con_True_lr_0.1_seed_1
[2018/09/25 16:06:33 __main__ INFO] - Train 59
[2018/09/25 16:06:52 __main__ INFO] - TEST 59
[2018/09/25 16:07:40 __main__ INFO] - - epoch 59    c10h_train    : 0.6240 (acc: 0.8821) | c10h_val    : 1.1315 (acc: 0.7770)
[2018/09/25 16:07:40 __main__ INFO] - -            c10h_train_c10: 0.3223 (acc: 0.8874) | c10h_val_c10: 0.8994 (acc: 0.7800)
[2018/09/25 16:07:40 __main__ INFO] - -            v4            : 1.3690 (acc: 0.6437) |           v6: 1.4220 (acc: 0.6545)
[2018/09/25 16:07:40 __main__ INFO] - -            c10_50k       : 0.8903 (acc: 0.7615)
[2018/09/25 16:07:40 __main__ INFO] - Elapsed 47.97
keys:  dict_keys(['epoch', 'c10h_train_loss', 'c10h_train_acc', 'c10h_val_loss', 'c10h_val_acc', 'c10h_train_c10_loss', 'c10h_train_c10_acc', 'c10h_val_c10_loss', 'c10h_val_c10_acc', 'v4_loss', 'v4_acc', 'v6_loss', 'v6_acc', 'c10_50k_loss', 'c10_50k_acc']) 
 c10h_outdir:  /tigress/ruairidh/model_results/run_1/saves/wrn_28_10/con_True_lr_0.1_seed_1
[2018/09/25 16:07:43 __main__ INFO] - Train 60
[2018/09/25 16:08:02 __main__ INFO] - TEST 60
[2018/09/25 16:08:50 __main__ INFO] - - epoch 60    c10h_train    : 0.6667 (acc: 0.8777) | c10h_val    : 1.2543 (acc: 0.7600)
[2018/09/25 16:08:50 __main__ INFO] - -            c10h_train_c10: 0.3614 (acc: 0.8831) | c10h_val_c10: 1.0265 (acc: 0.7620)
[2018/09/25 16:08:50 __main__ INFO] - -            v4            : 1.6053 (acc: 0.6190) |           v6: 1.7201 (acc: 0.6225)
[2018/09/25 16:08:50 __main__ INFO] - -            c10_50k       : 0.9524 (acc: 0.7532)
[2018/09/25 16:08:50 __main__ INFO] - Elapsed 48.15
keys:  dict_keys(['epoch', 'c10h_train_loss', 'c10h_train_acc', 'c10h_val_loss', 'c10h_val_acc', 'c10h_train_c10_loss', 'c10h_train_c10_acc', 'c10h_val_c10_loss', 'c10h_val_c10_acc', 'v4_loss', 'v4_acc', 'v6_loss', 'v6_acc', 'c10_50k_loss', 'c10_50k_acc']) 
 c10h_outdir:  /tigress/ruairidh/model_results/run_1/saves/wrn_28_10/con_True_lr_0.1_seed_1
[2018/09/25 16:08:51 __main__ INFO] - Train 61
[2018/09/25 16:09:10 __main__ INFO] - TEST 61
[2018/09/25 16:09:59 __main__ INFO] - - epoch 61    c10h_train    : 0.3881 (acc: 0.9826) | c10h_val    : 0.7801 (acc: 0.8610)
[2018/09/25 16:09:59 __main__ INFO] - -            c10h_train_c10: 0.0270 (acc: 0.9904) | c10h_val_c10: 0.5181 (acc: 0.8640)
[2018/09/25 16:09:59 __main__ INFO] - -            v4            : 0.9454 (acc: 0.7382) |           v6: 0.9732 (acc: 0.7415)
[2018/09/25 16:09:59 __main__ INFO] - -            c10_50k       : 0.5008 (acc: 0.8526)
[2018/09/25 16:09:59 __main__ INFO] - Elapsed 48.58
keys:  dict_keys(['epoch', 'c10h_train_loss', 'c10h_train_acc', 'c10h_val_loss', 'c10h_val_acc', 'c10h_train_c10_loss', 'c10h_train_c10_acc', 'c10h_val_c10_loss', 'c10h_val_c10_acc', 'v4_loss', 'v4_acc', 'v6_loss', 'v6_acc', 'c10_50k_loss', 'c10_50k_acc']) 
 c10h_outdir:  /tigress/ruairidh/model_results/run_1/saves/wrn_28_10/con_True_lr_0.1_seed_1
[2018/09/25 16:09:59 __main__ INFO] - Train 62
[2018/09/25 16:10:19 __main__ INFO] - TEST 62
[2018/09/25 16:11:07 __main__ INFO] - - epoch 62    c10h_train    : 0.4012 (acc: 0.9858) | c10h_val    : 0.7767 (acc: 0.8620)
[2018/09/25 16:11:07 __main__ INFO] - -            c10h_train_c10: 0.0163 (acc: 0.9938) | c10h_val_c10: 0.5082 (acc: 0.8650)
[2018/09/25 16:11:07 __main__ INFO] - -            v4            : 0.9603 (acc: 0.7422) |           v6: 0.9817 (acc: 0.7560)
[2018/09/25 16:11:07 __main__ INFO] - -            c10_50k       : 0.4934 (acc: 0.8556)
[2018/09/25 16:11:07 __main__ INFO] - Elapsed 48.19
keys:  dict_keys(['epoch', 'c10h_train_loss', 'c10h_train_acc', 'c10h_val_loss', 'c10h_val_acc', 'c10h_train_c10_loss', 'c10h_train_c10_acc', 'c10h_val_c10_loss', 'c10h_val_c10_acc', 'v4_loss', 'v4_acc', 'v6_loss', 'v6_acc', 'c10_50k_loss', 'c10_50k_acc']) 
 c10h_outdir:  /tigress/ruairidh/model_results/run_1/saves/wrn_28_10/con_True_lr_0.1_seed_1
[2018/09/25 16:11:08 __main__ INFO] - Train 63
[2018/09/25 16:11:27 __main__ INFO] - TEST 63
[2018/09/25 16:12:16 __main__ INFO] - - epoch 63    c10h_train    : 0.4096 (acc: 0.9861) | c10h_val    : 0.7710 (acc: 0.8700)
[2018/09/25 16:12:16 __main__ INFO] - -            c10h_train_c10: 0.0122 (acc: 0.9939) | c10h_val_c10: 0.4987 (acc: 0.8730)
[2018/09/25 16:12:16 __main__ INFO] - -            v4            : 0.9122 (acc: 0.7447) |           v6: 0.9613 (acc: 0.7570)
[2018/09/25 16:12:16 __main__ INFO] - -            c10_50k       : 0.4930 (acc: 0.8598)
[2018/09/25 16:12:16 __main__ INFO] - Elapsed 48.65
keys:  dict_keys(['epoch', 'c10h_train_loss', 'c10h_train_acc', 'c10h_val_loss', 'c10h_val_acc', 'c10h_train_c10_loss', 'c10h_train_c10_acc', 'c10h_val_c10_loss', 'c10h_val_c10_acc', 'v4_loss', 'v4_acc', 'v6_loss', 'v6_acc', 'c10_50k_loss', 'c10_50k_acc']) 
 c10h_outdir:  /tigress/ruairidh/model_results/run_1/saves/wrn_28_10/con_True_lr_0.1_seed_1
[2018/09/25 16:12:16 __main__ INFO] - Train 64
[2018/09/25 16:12:36 __main__ INFO] - TEST 64
[2018/09/25 16:13:24 __main__ INFO] - - epoch 64    c10h_train    : 0.4173 (acc: 0.9868) | c10h_val    : 0.7796 (acc: 0.8720)
[2018/09/25 16:13:24 __main__ INFO] - -            c10h_train_c10: 0.0096 (acc: 0.9948) | c10h_val_c10: 0.5076 (acc: 0.8740)
[2018/09/25 16:13:24 __main__ INFO] - -            v4            : 0.9020 (acc: 0.7457) |           v6: 0.9506 (acc: 0.7585)
[2018/09/25 16:13:24 __main__ INFO] - -            c10_50k       : 0.4929 (acc: 0.8604)
[2018/09/25 16:13:24 __main__ INFO] - Elapsed 48.11
keys:  dict_keys(['epoch', 'c10h_train_loss', 'c10h_train_acc', 'c10h_val_loss', 'c10h_val_acc', 'c10h_train_c10_loss', 'c10h_train_c10_acc', 'c10h_val_c10_loss', 'c10h_val_c10_acc', 'v4_loss', 'v4_acc', 'v6_loss', 'v6_acc', 'c10_50k_loss', 'c10_50k_acc']) 
 c10h_outdir:  /tigress/ruairidh/model_results/run_1/saves/wrn_28_10/con_True_lr_0.1_seed_1
[2018/09/25 16:13:26 __main__ INFO] - Train 65
[2018/09/25 16:13:45 __main__ INFO] - TEST 65
[2018/09/25 16:14:33 __main__ INFO] - - epoch 65    c10h_train    : 0.4244 (acc: 0.9872) | c10h_val    : 0.7862 (acc: 0.8680)
[2018/09/25 16:14:33 __main__ INFO] - -            c10h_train_c10: 0.0069 (acc: 0.9952) | c10h_val_c10: 0.5110 (acc: 0.8700)
[2018/09/25 16:14:33 __main__ INFO] - -            v4            : 0.9338 (acc: 0.7566) |           v6: 0.9491 (acc: 0.7570)
[2018/09/25 16:14:33 __main__ INFO] - -            c10_50k       : 0.4924 (acc: 0.8620)
[2018/09/25 16:14:33 __main__ INFO] - Elapsed 47.71
keys:  dict_keys(['epoch', 'c10h_train_loss', 'c10h_train_acc', 'c10h_val_loss', 'c10h_val_acc', 'c10h_train_c10_loss', 'c10h_train_c10_acc', 'c10h_val_c10_loss', 'c10h_val_c10_acc', 'v4_loss', 'v4_acc', 'v6_loss', 'v6_acc', 'c10_50k_loss', 'c10_50k_acc']) 
 c10h_outdir:  /tigress/ruairidh/model_results/run_1/saves/wrn_28_10/con_True_lr_0.1_seed_1
[2018/09/25 16:14:36 __main__ INFO] - Train 66
[2018/09/25 16:14:56 __main__ INFO] - TEST 66
[2018/09/25 16:15:43 __main__ INFO] - - epoch 66    c10h_train    : 0.4253 (acc: 0.9872) | c10h_val    : 0.7939 (acc: 0.8670)
[2018/09/25 16:15:44 __main__ INFO] - -            c10h_train_c10: 0.0066 (acc: 0.9952) | c10h_val_c10: 0.5189 (acc: 0.8690)
[2018/09/25 16:15:44 __main__ INFO] - -            v4            : 0.9447 (acc: 0.7382) |           v6: 0.9815 (acc: 0.7535)
[2018/09/25 16:15:44 __main__ INFO] - -            c10_50k       : 0.4963 (acc: 0.8624)
[2018/09/25 16:15:44 __main__ INFO] - Elapsed 47.83
keys:  dict_keys(['epoch', 'c10h_train_loss', 'c10h_train_acc', 'c10h_val_loss', 'c10h_val_acc', 'c10h_train_c10_loss', 'c10h_train_c10_acc', 'c10h_val_c10_loss', 'c10h_val_c10_acc', 'v4_loss', 'v4_acc', 'v6_loss', 'v6_acc', 'c10_50k_loss', 'c10_50k_acc']) 
 c10h_outdir:  /tigress/ruairidh/model_results/run_1/saves/wrn_28_10/con_True_lr_0.1_seed_1
[2018/09/25 16:15:52 __main__ INFO] - Train 67
[2018/09/25 16:16:12 __main__ INFO] - TEST 67
[2018/09/25 16:17:00 __main__ INFO] - - epoch 67    c10h_train    : 0.4353 (acc: 0.9873) | c10h_val    : 0.7974 (acc: 0.8760)
[2018/09/25 16:17:00 __main__ INFO] - -            c10h_train_c10: 0.0055 (acc: 0.9953) | c10h_val_c10: 0.5117 (acc: 0.8790)
[2018/09/25 16:17:00 __main__ INFO] - -            v4            : 0.9239 (acc: 0.7491) |           v6: 0.9693 (acc: 0.7585)
[2018/09/25 16:17:00 __main__ INFO] - -            c10_50k       : 0.4965 (acc: 0.8624)
[2018/09/25 16:17:00 __main__ INFO] - Elapsed 48.37
keys:  dict_keys(['epoch', 'c10h_train_loss', 'c10h_train_acc', 'c10h_val_loss', 'c10h_val_acc', 'c10h_train_c10_loss', 'c10h_train_c10_acc', 'c10h_val_c10_loss', 'c10h_val_c10_acc', 'v4_loss', 'v4_acc', 'v6_loss', 'v6_acc', 'c10_50k_loss', 'c10_50k_acc']) 
 c10h_outdir:  /tigress/ruairidh/model_results/run_1/saves/wrn_28_10/con_True_lr_0.1_seed_1
[2018/09/25 16:17:02 __main__ INFO] - Train 68
[2018/09/25 16:17:21 __main__ INFO] - TEST 68
[2018/09/25 16:18:09 __main__ INFO] - - epoch 68    c10h_train    : 0.4342 (acc: 0.9872) | c10h_val    : 0.7900 (acc: 0.8690)
[2018/09/25 16:18:09 __main__ INFO] - -            c10h_train_c10: 0.0054 (acc: 0.9952) | c10h_val_c10: 0.5073 (acc: 0.8730)
[2018/09/25 16:18:09 __main__ INFO] - -            v4            : 0.9768 (acc: 0.7501) |           v6: 0.9945 (acc: 0.7555)
[2018/09/25 16:18:09 __main__ INFO] - -            c10_50k       : 0.5011 (acc: 0.8624)
[2018/09/25 16:18:09 __main__ INFO] - Elapsed 47.90
keys:  dict_keys(['epoch', 'c10h_train_loss', 'c10h_train_acc', 'c10h_val_loss', 'c10h_val_acc', 'c10h_train_c10_loss', 'c10h_train_c10_acc', 'c10h_val_c10_loss', 'c10h_val_c10_acc', 'v4_loss', 'v4_acc', 'v6_loss', 'v6_acc', 'c10_50k_loss', 'c10_50k_acc']) 
 c10h_outdir:  /tigress/ruairidh/model_results/run_1/saves/wrn_28_10/con_True_lr_0.1_seed_1
[2018/09/25 16:18:11 __main__ INFO] - Train 69
[2018/09/25 16:18:31 __main__ INFO] - TEST 69
[2018/09/25 16:19:19 __main__ INFO] - - epoch 69    c10h_train    : 0.4419 (acc: 0.9874) | c10h_val    : 0.7973 (acc: 0.8660)
[2018/09/25 16:19:19 __main__ INFO] - -            c10h_train_c10: 0.0045 (acc: 0.9953) | c10h_val_c10: 0.5095 (acc: 0.8690)
[2018/09/25 16:19:19 __main__ INFO] - -            v4            : 0.9708 (acc: 0.7501) |           v6: 0.9942 (acc: 0.7560)
[2018/09/25 16:19:19 __main__ INFO] - -            c10_50k       : 0.4936 (acc: 0.8631)
[2018/09/25 16:19:19 __main__ INFO] - Elapsed 47.75
keys:  dict_keys(['epoch', 'c10h_train_loss', 'c10h_train_acc', 'c10h_val_loss', 'c10h_val_acc', 'c10h_train_c10_loss', 'c10h_train_c10_acc', 'c10h_val_c10_loss', 'c10h_val_c10_acc', 'v4_loss', 'v4_acc', 'v6_loss', 'v6_acc', 'c10_50k_loss', 'c10_50k_acc']) 
 c10h_outdir:  /tigress/ruairidh/model_results/run_1/saves/wrn_28_10/con_True_lr_0.1_seed_1
[2018/09/25 16:19:21 __main__ INFO] - Train 70
[2018/09/25 16:19:40 __main__ INFO] - TEST 70
[2018/09/25 16:20:28 __main__ INFO] - - epoch 70    c10h_train    : 0.4442 (acc: 0.9872) | c10h_val    : 0.8096 (acc: 0.8710)
[2018/09/25 16:20:28 __main__ INFO] - -            c10h_train_c10: 0.0041 (acc: 0.9952) | c10h_val_c10: 0.5204 (acc: 0.8740)
[2018/09/25 16:20:28 __main__ INFO] - -            v4            : 0.9894 (acc: 0.7442) |           v6: 1.0132 (acc: 0.7550)
[2018/09/25 16:20:28 __main__ INFO] - -            c10_50k       : 0.5059 (acc: 0.8627)
[2018/09/25 16:20:28 __main__ INFO] - Elapsed 48.07
keys:  dict_keys(['epoch', 'c10h_train_loss', 'c10h_train_acc', 'c10h_val_loss', 'c10h_val_acc', 'c10h_train_c10_loss', 'c10h_train_c10_acc', 'c10h_val_c10_loss', 'c10h_val_c10_acc', 'v4_loss', 'v4_acc', 'v6_loss', 'v6_acc', 'c10_50k_loss', 'c10_50k_acc']) 
 c10h_outdir:  /tigress/ruairidh/model_results/run_1/saves/wrn_28_10/con_True_lr_0.1_seed_1
[2018/09/25 16:20:29 __main__ INFO] - Train 71
[2018/09/25 16:20:48 __main__ INFO] - TEST 71
[2018/09/25 16:21:36 __main__ INFO] - - epoch 71    c10h_train    : 0.4388 (acc: 0.9872) | c10h_val    : 0.8064 (acc: 0.8700)
[2018/09/25 16:21:36 __main__ INFO] - -            c10h_train_c10: 0.0038 (acc: 0.9951) | c10h_val_c10: 0.5168 (acc: 0.8720)
[2018/09/25 16:21:36 __main__ INFO] - -            v4            : 0.9508 (acc: 0.7516) |           v6: 0.9820 (acc: 0.7625)
[2018/09/25 16:21:36 __main__ INFO] - -            c10_50k       : 0.4919 (acc: 0.8654)
[2018/09/25 16:21:36 __main__ INFO] - Elapsed 48.23
keys:  dict_keys(['epoch', 'c10h_train_loss', 'c10h_train_acc', 'c10h_val_loss', 'c10h_val_acc', 'c10h_train_c10_loss', 'c10h_train_c10_acc', 'c10h_val_c10_loss', 'c10h_val_c10_acc', 'v4_loss', 'v4_acc', 'v6_loss', 'v6_acc', 'c10_50k_loss', 'c10_50k_acc']) 
 c10h_outdir:  /tigress/ruairidh/model_results/run_1/saves/wrn_28_10/con_True_lr_0.1_seed_1
[2018/09/25 16:21:38 __main__ INFO] - Train 72
[2018/09/25 16:21:58 __main__ INFO] - TEST 72
[2018/09/25 16:22:46 __main__ INFO] - - epoch 72    c10h_train    : 0.4512 (acc: 0.9876) | c10h_val    : 0.8098 (acc: 0.8690)
[2018/09/25 16:22:46 __main__ INFO] - -            c10h_train_c10: 0.0036 (acc: 0.9954) | c10h_val_c10: 0.5157 (acc: 0.8710)
[2018/09/25 16:22:46 __main__ INFO] - -            v4            : 0.9537 (acc: 0.7546) |           v6: 0.9913 (acc: 0.7565)
[2018/09/25 16:22:46 __main__ INFO] - -            c10_50k       : 0.5008 (acc: 0.8640)
[2018/09/25 16:22:46 __main__ INFO] - Elapsed 48.26
keys:  dict_keys(['epoch', 'c10h_train_loss', 'c10h_train_acc', 'c10h_val_loss', 'c10h_val_acc', 'c10h_train_c10_loss', 'c10h_train_c10_acc', 'c10h_val_c10_loss', 'c10h_val_c10_acc', 'v4_loss', 'v4_acc', 'v6_loss', 'v6_acc', 'c10_50k_loss', 'c10_50k_acc']) 
 c10h_outdir:  /tigress/ruairidh/model_results/run_1/saves/wrn_28_10/con_True_lr_0.1_seed_1
[2018/09/25 16:22:48 __main__ INFO] - Train 73
[2018/09/25 16:23:08 __main__ INFO] - TEST 73
[2018/09/25 16:23:56 __main__ INFO] - - epoch 73    c10h_train    : 0.4480 (acc: 0.9876) | c10h_val    : 0.8043 (acc: 0.8670)
[2018/09/25 16:23:56 __main__ INFO] - -            c10h_train_c10: 0.0031 (acc: 0.9956) | c10h_val_c10: 0.5169 (acc: 0.8710)
[2018/09/25 16:23:56 __main__ INFO] - -            v4            : 0.9625 (acc: 0.7511) |           v6: 0.9991 (acc: 0.7540)
[2018/09/25 16:23:56 __main__ INFO] - -            c10_50k       : 0.5007 (acc: 0.8644)
[2018/09/25 16:23:56 __main__ INFO] - Elapsed 48.42
keys:  dict_keys(['epoch', 'c10h_train_loss', 'c10h_train_acc', 'c10h_val_loss', 'c10h_val_acc', 'c10h_train_c10_loss', 'c10h_train_c10_acc', 'c10h_val_c10_loss', 'c10h_val_c10_acc', 'v4_loss', 'v4_acc', 'v6_loss', 'v6_acc', 'c10_50k_loss', 'c10_50k_acc']) 
 c10h_outdir:  /tigress/ruairidh/model_results/run_1/saves/wrn_28_10/con_True_lr_0.1_seed_1
[2018/09/25 16:23:58 __main__ INFO] - Train 74
[2018/09/25 16:24:18 __main__ INFO] - TEST 74
[2018/09/25 16:25:06 __main__ INFO] - - epoch 74    c10h_train    : 0.4437 (acc: 0.9877) | c10h_val    : 0.8099 (acc: 0.8610)
[2018/09/25 16:25:06 __main__ INFO] - -            c10h_train_c10: 0.0032 (acc: 0.9956) | c10h_val_c10: 0.5206 (acc: 0.8630)
[2018/09/25 16:25:06 __main__ INFO] - -            v4            : 0.9419 (acc: 0.7486) |           v6: 0.9885 (acc: 0.7615)
[2018/09/25 16:25:06 __main__ INFO] - -            c10_50k       : 0.4985 (acc: 0.8653)
[2018/09/25 16:25:06 __main__ INFO] - Elapsed 48.00
keys:  dict_keys(['epoch', 'c10h_train_loss', 'c10h_train_acc', 'c10h_val_loss', 'c10h_val_acc', 'c10h_train_c10_loss', 'c10h_train_c10_acc', 'c10h_val_c10_loss', 'c10h_val_c10_acc', 'v4_loss', 'v4_acc', 'v6_loss', 'v6_acc', 'c10_50k_loss', 'c10_50k_acc']) 
 c10h_outdir:  /tigress/ruairidh/model_results/run_1/saves/wrn_28_10/con_True_lr_0.1_seed_1
[2018/09/25 16:25:07 __main__ INFO] - Train 75
[2018/09/25 16:25:27 __main__ INFO] - TEST 75
[2018/09/25 16:26:15 __main__ INFO] - - epoch 75    c10h_train    : 0.4500 (acc: 0.9874) | c10h_val    : 0.8166 (acc: 0.8670)
[2018/09/25 16:26:15 __main__ INFO] - -            c10h_train_c10: 0.0029 (acc: 0.9953) | c10h_val_c10: 0.5281 (acc: 0.8690)
[2018/09/25 16:26:15 __main__ INFO] - -            v4            : 0.9452 (acc: 0.7506) |           v6: 0.9749 (acc: 0.7645)
[2018/09/25 16:26:15 __main__ INFO] - -            c10_50k       : 0.5009 (acc: 0.8642)
[2018/09/25 16:26:15 __main__ INFO] - Elapsed 48.11
keys:  dict_keys(['epoch', 'c10h_train_loss', 'c10h_train_acc', 'c10h_val_loss', 'c10h_val_acc', 'c10h_train_c10_loss', 'c10h_train_c10_acc', 'c10h_val_c10_loss', 'c10h_val_c10_acc', 'v4_loss', 'v4_acc', 'v6_loss', 'v6_acc', 'c10_50k_loss', 'c10_50k_acc']) 
 c10h_outdir:  /tigress/ruairidh/model_results/run_1/saves/wrn_28_10/con_True_lr_0.1_seed_1
[2018/09/25 16:26:16 __main__ INFO] - Train 76
[2018/09/25 16:26:35 __main__ INFO] - TEST 76
[2018/09/25 16:27:24 __main__ INFO] - - epoch 76    c10h_train    : 0.4501 (acc: 0.9874) | c10h_val    : 0.8144 (acc: 0.8670)
[2018/09/25 16:27:24 __main__ INFO] - -            c10h_train_c10: 0.0030 (acc: 0.9954) | c10h_val_c10: 0.5260 (acc: 0.8700)
[2018/09/25 16:27:24 __main__ INFO] - -            v4            : 0.9707 (acc: 0.7496) |           v6: 0.9976 (acc: 0.7570)
[2018/09/25 16:27:24 __main__ INFO] - -            c10_50k       : 0.4958 (acc: 0.8653)
[2018/09/25 16:27:24 __main__ INFO] - Elapsed 48.11
keys:  dict_keys(['epoch', 'c10h_train_loss', 'c10h_train_acc', 'c10h_val_loss', 'c10h_val_acc', 'c10h_train_c10_loss', 'c10h_train_c10_acc', 'c10h_val_c10_loss', 'c10h_val_c10_acc', 'v4_loss', 'v4_acc', 'v6_loss', 'v6_acc', 'c10_50k_loss', 'c10_50k_acc']) 
 c10h_outdir:  /tigress/ruairidh/model_results/run_1/saves/wrn_28_10/con_True_lr_0.1_seed_1
[2018/09/25 16:27:24 __main__ INFO] - Train 77
[2018/09/25 16:27:43 __main__ INFO] - TEST 77
[2018/09/25 16:28:32 __main__ INFO] - - epoch 77    c10h_train    : 0.4493 (acc: 0.9873) | c10h_val    : 0.8126 (acc: 0.8730)
[2018/09/25 16:28:32 __main__ INFO] - -            c10h_train_c10: 0.0026 (acc: 0.9953) | c10h_val_c10: 0.5219 (acc: 0.8750)
[2018/09/25 16:28:32 __main__ INFO] - -            v4            : 0.9680 (acc: 0.7457) |           v6: 1.0137 (acc: 0.7540)
[2018/09/25 16:28:32 __main__ INFO] - -            c10_50k       : 0.5032 (acc: 0.8643)
[2018/09/25 16:28:32 __main__ INFO] - Elapsed 48.16
keys:  dict_keys(['epoch', 'c10h_train_loss', 'c10h_train_acc', 'c10h_val_loss', 'c10h_val_acc', 'c10h_train_c10_loss', 'c10h_train_c10_acc', 'c10h_val_c10_loss', 'c10h_val_c10_acc', 'v4_loss', 'v4_acc', 'v6_loss', 'v6_acc', 'c10_50k_loss', 'c10_50k_acc']) 
 c10h_outdir:  /tigress/ruairidh/model_results/run_1/saves/wrn_28_10/con_True_lr_0.1_seed_1
[2018/09/25 16:28:34 __main__ INFO] - Train 78
[2018/09/25 16:28:53 __main__ INFO] - TEST 78
[2018/09/25 16:29:41 __main__ INFO] - - epoch 78    c10h_train    : 0.4523 (acc: 0.9874) | c10h_val    : 0.8071 (acc: 0.8690)
[2018/09/25 16:29:41 __main__ INFO] - -            c10h_train_c10: 0.0028 (acc: 0.9954) | c10h_val_c10: 0.5165 (acc: 0.8720)
[2018/09/25 16:29:41 __main__ INFO] - -            v4            : 0.9508 (acc: 0.7575) |           v6: 0.9779 (acc: 0.7640)
[2018/09/25 16:29:41 __main__ INFO] - -            c10_50k       : 0.4979 (acc: 0.8660)
[2018/09/25 16:29:41 __main__ INFO] - Elapsed 47.89
keys:  dict_keys(['epoch', 'c10h_train_loss', 'c10h_train_acc', 'c10h_val_loss', 'c10h_val_acc', 'c10h_train_c10_loss', 'c10h_train_c10_acc', 'c10h_val_c10_loss', 'c10h_val_c10_acc', 'v4_loss', 'v4_acc', 'v6_loss', 'v6_acc', 'c10_50k_loss', 'c10_50k_acc']) 
 c10h_outdir:  /tigress/ruairidh/model_results/run_1/saves/wrn_28_10/con_True_lr_0.1_seed_1
[2018/09/25 16:29:43 __main__ INFO] - Train 79
[2018/09/25 16:30:03 __main__ INFO] - TEST 79
[2018/09/25 16:30:51 __main__ INFO] - - epoch 79    c10h_train    : 0.4487 (acc: 0.9877) | c10h_val    : 0.7971 (acc: 0.8740)
[2018/09/25 16:30:51 __main__ INFO] - -            c10h_train_c10: 0.0023 (acc: 0.9956) | c10h_val_c10: 0.5106 (acc: 0.8760)
[2018/09/25 16:30:51 __main__ INFO] - -            v4            : 0.9744 (acc: 0.7615) |           v6: 0.9826 (acc: 0.7645)
[2018/09/25 16:30:51 __main__ INFO] - -            c10_50k       : 0.4959 (acc: 0.8649)
[2018/09/25 16:30:51 __main__ INFO] - Elapsed 48.12
keys:  dict_keys(['epoch', 'c10h_train_loss', 'c10h_train_acc', 'c10h_val_loss', 'c10h_val_acc', 'c10h_train_c10_loss', 'c10h_train_c10_acc', 'c10h_val_c10_loss', 'c10h_val_c10_acc', 'v4_loss', 'v4_acc', 'v6_loss', 'v6_acc', 'c10_50k_loss', 'c10_50k_acc']) 
 c10h_outdir:  /tigress/ruairidh/model_results/run_1/saves/wrn_28_10/con_True_lr_0.1_seed_1
[2018/09/25 16:30:53 __main__ INFO] - Train 80
[2018/09/25 16:31:12 __main__ INFO] - TEST 80
[2018/09/25 16:32:01 __main__ INFO] - - epoch 80    c10h_train    : 0.4549 (acc: 0.9876) | c10h_val    : 0.8159 (acc: 0.8730)
[2018/09/25 16:32:01 __main__ INFO] - -            c10h_train_c10: 0.0022 (acc: 0.9956) | c10h_val_c10: 0.5267 (acc: 0.8750)
[2018/09/25 16:32:01 __main__ INFO] - -            v4            : 0.9462 (acc: 0.7561) |           v6: 0.9922 (acc: 0.7675)
[2018/09/25 16:32:01 __main__ INFO] - -            c10_50k       : 0.5013 (acc: 0.8658)
[2018/09/25 16:32:01 __main__ INFO] - Elapsed 48.60
keys:  dict_keys(['epoch', 'c10h_train_loss', 'c10h_train_acc', 'c10h_val_loss', 'c10h_val_acc', 'c10h_train_c10_loss', 'c10h_train_c10_acc', 'c10h_val_c10_loss', 'c10h_val_c10_acc', 'v4_loss', 'v4_acc', 'v6_loss', 'v6_acc', 'c10_50k_loss', 'c10_50k_acc']) 
 c10h_outdir:  /tigress/ruairidh/model_results/run_1/saves/wrn_28_10/con_True_lr_0.1_seed_1
[2018/09/25 16:32:03 __main__ INFO] - Train 81
[2018/09/25 16:32:22 __main__ INFO] - TEST 81
[2018/09/25 16:33:11 __main__ INFO] - - epoch 81    c10h_train    : 0.4466 (acc: 0.9876) | c10h_val    : 0.7943 (acc: 0.8720)
[2018/09/25 16:33:11 __main__ INFO] - -            c10h_train_c10: 0.0022 (acc: 0.9956) | c10h_val_c10: 0.5123 (acc: 0.8750)
[2018/09/25 16:33:11 __main__ INFO] - -            v4            : 0.9633 (acc: 0.7516) |           v6: 0.9718 (acc: 0.7675)
[2018/09/25 16:33:11 __main__ INFO] - -            c10_50k       : 0.4893 (acc: 0.8662)
[2018/09/25 16:33:11 __main__ INFO] - Elapsed 48.09
keys:  dict_keys(['epoch', 'c10h_train_loss', 'c10h_train_acc', 'c10h_val_loss', 'c10h_val_acc', 'c10h_train_c10_loss', 'c10h_train_c10_acc', 'c10h_val_c10_loss', 'c10h_val_c10_acc', 'v4_loss', 'v4_acc', 'v6_loss', 'v6_acc', 'c10_50k_loss', 'c10_50k_acc']) 
 c10h_outdir:  /tigress/ruairidh/model_results/run_1/saves/wrn_28_10/con_True_lr_0.1_seed_1
[2018/09/25 16:33:12 __main__ INFO] - Train 82
[2018/09/25 16:33:32 __main__ INFO] - TEST 82
[2018/09/25 16:34:20 __main__ INFO] - - epoch 82    c10h_train    : 0.4588 (acc: 0.9876) | c10h_val    : 0.8107 (acc: 0.8710)
[2018/09/25 16:34:20 __main__ INFO] - -            c10h_train_c10: 0.0020 (acc: 0.9956) | c10h_val_c10: 0.5226 (acc: 0.8740)
[2018/09/25 16:34:20 __main__ INFO] - -            v4            : 0.9545 (acc: 0.7590) |           v6: 0.9955 (acc: 0.7670)
[2018/09/25 16:34:20 __main__ INFO] - -            c10_50k       : 0.4995 (acc: 0.8662)
[2018/09/25 16:34:20 __main__ INFO] - Elapsed 48.07
keys:  dict_keys(['epoch', 'c10h_train_loss', 'c10h_train_acc', 'c10h_val_loss', 'c10h_val_acc', 'c10h_train_c10_loss', 'c10h_train_c10_acc', 'c10h_val_c10_loss', 'c10h_val_c10_acc', 'v4_loss', 'v4_acc', 'v6_loss', 'v6_acc', 'c10_50k_loss', 'c10_50k_acc']) 
 c10h_outdir:  /tigress/ruairidh/model_results/run_1/saves/wrn_28_10/con_True_lr_0.1_seed_1
[2018/09/25 16:34:20 __main__ INFO] - Train 83
[2018/09/25 16:34:40 __main__ INFO] - TEST 83
[2018/09/25 16:35:28 __main__ INFO] - - epoch 83    c10h_train    : 0.4516 (acc: 0.9877) | c10h_val    : 0.8118 (acc: 0.8750)
[2018/09/25 16:35:28 __main__ INFO] - -            c10h_train_c10: 0.0020 (acc: 0.9956) | c10h_val_c10: 0.5219 (acc: 0.8770)
[2018/09/25 16:35:28 __main__ INFO] - -            v4            : 0.9584 (acc: 0.7481) |           v6: 1.0087 (acc: 0.7675)
[2018/09/25 16:35:28 __main__ INFO] - -            c10_50k       : 0.5018 (acc: 0.8657)
[2018/09/25 16:35:28 __main__ INFO] - Elapsed 48.04
keys:  dict_keys(['epoch', 'c10h_train_loss', 'c10h_train_acc', 'c10h_val_loss', 'c10h_val_acc', 'c10h_train_c10_loss', 'c10h_train_c10_acc', 'c10h_val_c10_loss', 'c10h_val_c10_acc', 'v4_loss', 'v4_acc', 'v6_loss', 'v6_acc', 'c10_50k_loss', 'c10_50k_acc']) 
 c10h_outdir:  /tigress/ruairidh/model_results/run_1/saves/wrn_28_10/con_True_lr_0.1_seed_1
[2018/09/25 16:35:29 __main__ INFO] - Train 84
[2018/09/25 16:35:48 __main__ INFO] - TEST 84
[2018/09/25 16:36:37 __main__ INFO] - - epoch 84    c10h_train    : 0.4554 (acc: 0.9876) | c10h_val    : 0.8140 (acc: 0.8730)
[2018/09/25 16:36:37 __main__ INFO] - -            c10h_train_c10: 0.0023 (acc: 0.9956) | c10h_val_c10: 0.5291 (acc: 0.8760)
[2018/09/25 16:36:37 __main__ INFO] - -            v4            : 0.9540 (acc: 0.7620) |           v6: 1.0169 (acc: 0.7645)
[2018/09/25 16:36:37 __main__ INFO] - -            c10_50k       : 0.4941 (acc: 0.8667)
[2018/09/25 16:36:37 __main__ INFO] - Elapsed 48.20
keys:  dict_keys(['epoch', 'c10h_train_loss', 'c10h_train_acc', 'c10h_val_loss', 'c10h_val_acc', 'c10h_train_c10_loss', 'c10h_train_c10_acc', 'c10h_val_c10_loss', 'c10h_val_c10_acc', 'v4_loss', 'v4_acc', 'v6_loss', 'v6_acc', 'c10_50k_loss', 'c10_50k_acc']) 
 c10h_outdir:  /tigress/ruairidh/model_results/run_1/saves/wrn_28_10/con_True_lr_0.1_seed_1
[2018/09/25 16:36:40 __main__ INFO] - Train 85
[2018/09/25 16:36:59 __main__ INFO] - TEST 85
[2018/09/25 16:37:47 __main__ INFO] - - epoch 85    c10h_train    : 0.4521 (acc: 0.9876) | c10h_val    : 0.8140 (acc: 0.8710)
[2018/09/25 16:37:47 __main__ INFO] - -            c10h_train_c10: 0.0020 (acc: 0.9956) | c10h_val_c10: 0.5340 (acc: 0.8730)
[2018/09/25 16:37:47 __main__ INFO] - -            v4            : 0.9538 (acc: 0.7501) |           v6: 0.9877 (acc: 0.7680)
[2018/09/25 16:37:47 __main__ INFO] - -            c10_50k       : 0.5019 (acc: 0.8660)
[2018/09/25 16:37:47 __main__ INFO] - Elapsed 48.07
keys:  dict_keys(['epoch', 'c10h_train_loss', 'c10h_train_acc', 'c10h_val_loss', 'c10h_val_acc', 'c10h_train_c10_loss', 'c10h_train_c10_acc', 'c10h_val_c10_loss', 'c10h_val_c10_acc', 'v4_loss', 'v4_acc', 'v6_loss', 'v6_acc', 'c10_50k_loss', 'c10_50k_acc']) 
 c10h_outdir:  /tigress/ruairidh/model_results/run_1/saves/wrn_28_10/con_True_lr_0.1_seed_1
[2018/09/25 16:37:49 __main__ INFO] - Train 86
[2018/09/25 16:38:08 __main__ INFO] - TEST 86
[2018/09/25 16:38:57 __main__ INFO] - - epoch 86    c10h_train    : 0.4538 (acc: 0.9876) | c10h_val    : 0.8050 (acc: 0.8720)
[2018/09/25 16:38:57 __main__ INFO] - -            c10h_train_c10: 0.0021 (acc: 0.9956) | c10h_val_c10: 0.5204 (acc: 0.8740)
[2018/09/25 16:38:57 __main__ INFO] - -            v4            : 0.9350 (acc: 0.7516) |           v6: 0.9965 (acc: 0.7610)
[2018/09/25 16:38:57 __main__ INFO] - -            c10_50k       : 0.4975 (acc: 0.8662)
[2018/09/25 16:38:57 __main__ INFO] - Elapsed 48.18
keys:  dict_keys(['epoch', 'c10h_train_loss', 'c10h_train_acc', 'c10h_val_loss', 'c10h_val_acc', 'c10h_train_c10_loss', 'c10h_train_c10_acc', 'c10h_val_c10_loss', 'c10h_val_c10_acc', 'v4_loss', 'v4_acc', 'v6_loss', 'v6_acc', 'c10_50k_loss', 'c10_50k_acc']) 
 c10h_outdir:  /tigress/ruairidh/model_results/run_1/saves/wrn_28_10/con_True_lr_0.1_seed_1
[2018/09/25 16:38:59 __main__ INFO] - Train 87
[2018/09/25 16:39:18 __main__ INFO] - TEST 87
[2018/09/25 16:40:06 __main__ INFO] - - epoch 87    c10h_train    : 0.4530 (acc: 0.9876) | c10h_val    : 0.8087 (acc: 0.8760)
[2018/09/25 16:40:06 __main__ INFO] - -            c10h_train_c10: 0.0017 (acc: 0.9956) | c10h_val_c10: 0.5253 (acc: 0.8780)
[2018/09/25 16:40:06 __main__ INFO] - -            v4            : 0.9806 (acc: 0.7546) |           v6: 1.0034 (acc: 0.7640)
[2018/09/25 16:40:06 __main__ INFO] - -            c10_50k       : 0.5063 (acc: 0.8656)
[2018/09/25 16:40:06 __main__ INFO] - Elapsed 48.24
keys:  dict_keys(['epoch', 'c10h_train_loss', 'c10h_train_acc', 'c10h_val_loss', 'c10h_val_acc', 'c10h_train_c10_loss', 'c10h_train_c10_acc', 'c10h_val_c10_loss', 'c10h_val_c10_acc', 'v4_loss', 'v4_acc', 'v6_loss', 'v6_acc', 'c10_50k_loss', 'c10_50k_acc']) 
 c10h_outdir:  /tigress/ruairidh/model_results/run_1/saves/wrn_28_10/con_True_lr_0.1_seed_1
[2018/09/25 16:40:07 __main__ INFO] - Train 88
[2018/09/25 16:40:27 __main__ INFO] - TEST 88
[2018/09/25 16:41:15 __main__ INFO] - - epoch 88    c10h_train    : 0.4541 (acc: 0.9877) | c10h_val    : 0.8113 (acc: 0.8710)
[2018/09/25 16:41:15 __main__ INFO] - -            c10h_train_c10: 0.0019 (acc: 0.9956) | c10h_val_c10: 0.5309 (acc: 0.8730)
[2018/09/25 16:41:15 __main__ INFO] - -            v4            : 0.9936 (acc: 0.7442) |           v6: 0.9999 (acc: 0.7650)
[2018/09/25 16:41:15 __main__ INFO] - -            c10_50k       : 0.4972 (acc: 0.8652)
[2018/09/25 16:41:15 __main__ INFO] - Elapsed 47.95
keys:  dict_keys(['epoch', 'c10h_train_loss', 'c10h_train_acc', 'c10h_val_loss', 'c10h_val_acc', 'c10h_train_c10_loss', 'c10h_train_c10_acc', 'c10h_val_c10_loss', 'c10h_val_c10_acc', 'v4_loss', 'v4_acc', 'v6_loss', 'v6_acc', 'c10_50k_loss', 'c10_50k_acc']) 
 c10h_outdir:  /tigress/ruairidh/model_results/run_1/saves/wrn_28_10/con_True_lr_0.1_seed_1
[2018/09/25 16:41:16 __main__ INFO] - Train 89
[2018/09/25 16:41:36 __main__ INFO] - TEST 89
[2018/09/25 16:42:24 __main__ INFO] - - epoch 89    c10h_train    : 0.4476 (acc: 0.9876) | c10h_val    : 0.8052 (acc: 0.8720)
[2018/09/25 16:42:24 __main__ INFO] - -            c10h_train_c10: 0.0018 (acc: 0.9956) | c10h_val_c10: 0.5301 (acc: 0.8740)
[2018/09/25 16:42:24 __main__ INFO] - -            v4            : 0.9912 (acc: 0.7496) |           v6: 1.0015 (acc: 0.7635)
[2018/09/25 16:42:24 __main__ INFO] - -            c10_50k       : 0.4971 (acc: 0.8655)
[2018/09/25 16:42:24 __main__ INFO] - Elapsed 48.20
keys:  dict_keys(['epoch', 'c10h_train_loss', 'c10h_train_acc', 'c10h_val_loss', 'c10h_val_acc', 'c10h_train_c10_loss', 'c10h_train_c10_acc', 'c10h_val_c10_loss', 'c10h_val_c10_acc', 'v4_loss', 'v4_acc', 'v6_loss', 'v6_acc', 'c10_50k_loss', 'c10_50k_acc']) 
 c10h_outdir:  /tigress/ruairidh/model_results/run_1/saves/wrn_28_10/con_True_lr_0.1_seed_1
[2018/09/25 16:42:26 __main__ INFO] - Train 90
[2018/09/25 16:42:46 __main__ INFO] - TEST 90
[2018/09/25 16:43:34 __main__ INFO] - - epoch 90    c10h_train    : 0.4557 (acc: 0.9876) | c10h_val    : 0.8171 (acc: 0.8780)
[2018/09/25 16:43:34 __main__ INFO] - -            c10h_train_c10: 0.0018 (acc: 0.9956) | c10h_val_c10: 0.5370 (acc: 0.8790)
[2018/09/25 16:43:34 __main__ INFO] - -            v4            : 0.9647 (acc: 0.7457) |           v6: 1.0159 (acc: 0.7605)
[2018/09/25 16:43:34 __main__ INFO] - -            c10_50k       : 0.5040 (acc: 0.8646)
[2018/09/25 16:43:34 __main__ INFO] - Elapsed 48.13
keys:  dict_keys(['epoch', 'c10h_train_loss', 'c10h_train_acc', 'c10h_val_loss', 'c10h_val_acc', 'c10h_train_c10_loss', 'c10h_train_c10_acc', 'c10h_val_c10_loss', 'c10h_val_c10_acc', 'v4_loss', 'v4_acc', 'v6_loss', 'v6_acc', 'c10_50k_loss', 'c10_50k_acc']) 
 c10h_outdir:  /tigress/ruairidh/model_results/run_1/saves/wrn_28_10/con_True_lr_0.1_seed_1
[2018/09/25 16:43:35 __main__ INFO] - Train 91
[2018/09/25 16:43:55 __main__ INFO] - TEST 91
[2018/09/25 16:44:43 __main__ INFO] - - epoch 91    c10h_train    : 0.4542 (acc: 0.9877) | c10h_val    : 0.8130 (acc: 0.8720)
[2018/09/25 16:44:43 __main__ INFO] - -            c10h_train_c10: 0.0018 (acc: 0.9956) | c10h_val_c10: 0.5313 (acc: 0.8730)
[2018/09/25 16:44:43 __main__ INFO] - -            v4            : 0.9526 (acc: 0.7476) |           v6: 0.9977 (acc: 0.7655)
[2018/09/25 16:44:43 __main__ INFO] - -            c10_50k       : 0.5012 (acc: 0.8664)
[2018/09/25 16:44:43 __main__ INFO] - Elapsed 48.14
keys:  dict_keys(['epoch', 'c10h_train_loss', 'c10h_train_acc', 'c10h_val_loss', 'c10h_val_acc', 'c10h_train_c10_loss', 'c10h_train_c10_acc', 'c10h_val_c10_loss', 'c10h_val_c10_acc', 'v4_loss', 'v4_acc', 'v6_loss', 'v6_acc', 'c10_50k_loss', 'c10_50k_acc']) 
 c10h_outdir:  /tigress/ruairidh/model_results/run_1/saves/wrn_28_10/con_True_lr_0.1_seed_1
[2018/09/25 16:44:45 __main__ INFO] - Train 92
[2018/09/25 16:45:05 __main__ INFO] - TEST 92
[2018/09/25 16:45:53 __main__ INFO] - - epoch 92    c10h_train    : 0.4544 (acc: 0.9876) | c10h_val    : 0.8039 (acc: 0.8720)
[2018/09/25 16:45:53 __main__ INFO] - -            c10h_train_c10: 0.0019 (acc: 0.9956) | c10h_val_c10: 0.5257 (acc: 0.8730)
[2018/09/25 16:45:53 __main__ INFO] - -            v4            : 0.9748 (acc: 0.7452) |           v6: 1.0028 (acc: 0.7615)
[2018/09/25 16:45:53 __main__ INFO] - -            c10_50k       : 0.5102 (acc: 0.8656)
[2018/09/25 16:45:53 __main__ INFO] - Elapsed 48.18
keys:  dict_keys(['epoch', 'c10h_train_loss', 'c10h_train_acc', 'c10h_val_loss', 'c10h_val_acc', 'c10h_train_c10_loss', 'c10h_train_c10_acc', 'c10h_val_c10_loss', 'c10h_val_c10_acc', 'v4_loss', 'v4_acc', 'v6_loss', 'v6_acc', 'c10_50k_loss', 'c10_50k_acc']) 
 c10h_outdir:  /tigress/ruairidh/model_results/run_1/saves/wrn_28_10/con_True_lr_0.1_seed_1
[2018/09/25 16:45:54 __main__ INFO] - Train 93
[2018/09/25 16:46:13 __main__ INFO] - TEST 93
[2018/09/25 16:47:01 __main__ INFO] - - epoch 93    c10h_train    : 0.4518 (acc: 0.9876) | c10h_val    : 0.7954 (acc: 0.8740)
[2018/09/25 16:47:02 __main__ INFO] - -            c10h_train_c10: 0.0016 (acc: 0.9956) | c10h_val_c10: 0.5177 (acc: 0.8750)
[2018/09/25 16:47:02 __main__ INFO] - -            v4            : 0.9384 (acc: 0.7595) |           v6: 0.9877 (acc: 0.7685)
[2018/09/25 16:47:02 __main__ INFO] - -            c10_50k       : 0.4929 (acc: 0.8665)
[2018/09/25 16:47:02 __main__ INFO] - Elapsed 48.05
keys:  dict_keys(['epoch', 'c10h_train_loss', 'c10h_train_acc', 'c10h_val_loss', 'c10h_val_acc', 'c10h_train_c10_loss', 'c10h_train_c10_acc', 'c10h_val_c10_loss', 'c10h_val_c10_acc', 'v4_loss', 'v4_acc', 'v6_loss', 'v6_acc', 'c10_50k_loss', 'c10_50k_acc']) 
 c10h_outdir:  /tigress/ruairidh/model_results/run_1/saves/wrn_28_10/con_True_lr_0.1_seed_1
[2018/09/25 16:47:02 __main__ INFO] - Train 94
[2018/09/25 16:47:21 __main__ INFO] - TEST 94
[2018/09/25 16:48:10 __main__ INFO] - - epoch 94    c10h_train    : 0.4568 (acc: 0.9876) | c10h_val    : 0.8066 (acc: 0.8770)
[2018/09/25 16:48:10 __main__ INFO] - -            c10h_train_c10: 0.0019 (acc: 0.9956) | c10h_val_c10: 0.5239 (acc: 0.8780)
[2018/09/25 16:48:10 __main__ INFO] - -            v4            : 0.9595 (acc: 0.7526) |           v6: 1.0075 (acc: 0.7565)
[2018/09/25 16:48:10 __main__ INFO] - -            c10_50k       : 0.5096 (acc: 0.8639)
[2018/09/25 16:48:10 __main__ INFO] - Elapsed 48.63
keys:  dict_keys(['epoch', 'c10h_train_loss', 'c10h_train_acc', 'c10h_val_loss', 'c10h_val_acc', 'c10h_train_c10_loss', 'c10h_train_c10_acc', 'c10h_val_c10_loss', 'c10h_val_c10_acc', 'v4_loss', 'v4_acc', 'v6_loss', 'v6_acc', 'c10_50k_loss', 'c10_50k_acc']) 
 c10h_outdir:  /tigress/ruairidh/model_results/run_1/saves/wrn_28_10/con_True_lr_0.1_seed_1
[2018/09/25 16:48:11 __main__ INFO] - Train 95
[2018/09/25 16:48:30 __main__ INFO] - TEST 95
[2018/09/25 16:49:18 __main__ INFO] - - epoch 95    c10h_train    : 0.4553 (acc: 0.9876) | c10h_val    : 0.8039 (acc: 0.8770)
[2018/09/25 16:49:19 __main__ INFO] - -            c10h_train_c10: 0.0015 (acc: 0.9956) | c10h_val_c10: 0.5232 (acc: 0.8790)
[2018/09/25 16:49:19 __main__ INFO] - -            v4            : 0.9465 (acc: 0.7580) |           v6: 1.0001 (acc: 0.7640)
[2018/09/25 16:49:19 __main__ INFO] - -            c10_50k       : 0.4994 (acc: 0.8659)
[2018/09/25 16:49:19 __main__ INFO] - Elapsed 48.37
keys:  dict_keys(['epoch', 'c10h_train_loss', 'c10h_train_acc', 'c10h_val_loss', 'c10h_val_acc', 'c10h_train_c10_loss', 'c10h_train_c10_acc', 'c10h_val_c10_loss', 'c10h_val_c10_acc', 'v4_loss', 'v4_acc', 'v6_loss', 'v6_acc', 'c10_50k_loss', 'c10_50k_acc']) 
 c10h_outdir:  /tigress/ruairidh/model_results/run_1/saves/wrn_28_10/con_True_lr_0.1_seed_1
[2018/09/25 16:49:20 __main__ INFO] - Train 96
[2018/09/25 16:49:40 __main__ INFO] - TEST 96
[2018/09/25 16:50:28 __main__ INFO] - - epoch 96    c10h_train    : 0.4532 (acc: 0.9876) | c10h_val    : 0.8013 (acc: 0.8790)
[2018/09/25 16:50:28 __main__ INFO] - -            c10h_train_c10: 0.0015 (acc: 0.9956) | c10h_val_c10: 0.5219 (acc: 0.8800)
[2018/09/25 16:50:28 __main__ INFO] - -            v4            : 0.9445 (acc: 0.7571) |           v6: 0.9781 (acc: 0.7690)
[2018/09/25 16:50:28 __main__ INFO] - -            c10_50k       : 0.4952 (acc: 0.8675)
[2018/09/25 16:50:28 __main__ INFO] - Elapsed 48.31
keys:  dict_keys(['epoch', 'c10h_train_loss', 'c10h_train_acc', 'c10h_val_loss', 'c10h_val_acc', 'c10h_train_c10_loss', 'c10h_train_c10_acc', 'c10h_val_c10_loss', 'c10h_val_c10_acc', 'v4_loss', 'v4_acc', 'v6_loss', 'v6_acc', 'c10_50k_loss', 'c10_50k_acc']) 
 c10h_outdir:  /tigress/ruairidh/model_results/run_1/saves/wrn_28_10/con_True_lr_0.1_seed_1
[2018/09/25 16:50:28 __main__ INFO] - Train 97
[2018/09/25 16:50:48 __main__ INFO] - TEST 97
[2018/09/25 16:51:36 __main__ INFO] - - epoch 97    c10h_train    : 0.4494 (acc: 0.9876) | c10h_val    : 0.8053 (acc: 0.8720)
[2018/09/25 16:51:36 __main__ INFO] - -            c10h_train_c10: 0.0016 (acc: 0.9956) | c10h_val_c10: 0.5313 (acc: 0.8730)
[2018/09/25 16:51:36 __main__ INFO] - -            v4            : 0.9373 (acc: 0.7571) |           v6: 0.9899 (acc: 0.7645)
[2018/09/25 16:51:36 __main__ INFO] - -            c10_50k       : 0.4945 (acc: 0.8671)
[2018/09/25 16:51:36 __main__ INFO] - Elapsed 48.10
keys:  dict_keys(['epoch', 'c10h_train_loss', 'c10h_train_acc', 'c10h_val_loss', 'c10h_val_acc', 'c10h_train_c10_loss', 'c10h_train_c10_acc', 'c10h_val_c10_loss', 'c10h_val_c10_acc', 'v4_loss', 'v4_acc', 'v6_loss', 'v6_acc', 'c10_50k_loss', 'c10_50k_acc']) 
 c10h_outdir:  /tigress/ruairidh/model_results/run_1/saves/wrn_28_10/con_True_lr_0.1_seed_1
[2018/09/25 16:51:37 __main__ INFO] - Train 98
[2018/09/25 16:51:56 __main__ INFO] - TEST 98
[2018/09/25 16:52:44 __main__ INFO] - - epoch 98    c10h_train    : 0.4497 (acc: 0.9876) | c10h_val    : 0.8057 (acc: 0.8750)
[2018/09/25 16:52:44 __main__ INFO] - -            c10h_train_c10: 0.0014 (acc: 0.9956) | c10h_val_c10: 0.5346 (acc: 0.8760)
[2018/09/25 16:52:44 __main__ INFO] - -            v4            : 0.9690 (acc: 0.7610) |           v6: 0.9890 (acc: 0.7670)
[2018/09/25 16:52:44 __main__ INFO] - -            c10_50k       : 0.4971 (acc: 0.8658)
[2018/09/25 16:52:44 __main__ INFO] - Elapsed 47.97
keys:  dict_keys(['epoch', 'c10h_train_loss', 'c10h_train_acc', 'c10h_val_loss', 'c10h_val_acc', 'c10h_train_c10_loss', 'c10h_train_c10_acc', 'c10h_val_c10_loss', 'c10h_val_c10_acc', 'v4_loss', 'v4_acc', 'v6_loss', 'v6_acc', 'c10_50k_loss', 'c10_50k_acc']) 
 c10h_outdir:  /tigress/ruairidh/model_results/run_1/saves/wrn_28_10/con_True_lr_0.1_seed_1
[2018/09/25 16:52:44 __main__ INFO] - Train 99
[2018/09/25 16:53:04 __main__ INFO] - TEST 99
[2018/09/25 16:53:52 __main__ INFO] - - epoch 99    c10h_train    : 0.4544 (acc: 0.9876) | c10h_val    : 0.7974 (acc: 0.8760)
[2018/09/25 16:53:52 __main__ INFO] - -            c10h_train_c10: 0.0016 (acc: 0.9954) | c10h_val_c10: 0.5211 (acc: 0.8780)
[2018/09/25 16:53:52 __main__ INFO] - -            v4            : 0.9666 (acc: 0.7605) |           v6: 0.9815 (acc: 0.7690)
[2018/09/25 16:53:52 __main__ INFO] - -            c10_50k       : 0.4974 (acc: 0.8677)
[2018/09/25 16:53:52 __main__ INFO] - Elapsed 48.12
keys:  dict_keys(['epoch', 'c10h_train_loss', 'c10h_train_acc', 'c10h_val_loss', 'c10h_val_acc', 'c10h_train_c10_loss', 'c10h_train_c10_acc', 'c10h_val_c10_loss', 'c10h_val_c10_acc', 'v4_loss', 'v4_acc', 'v6_loss', 'v6_acc', 'c10_50k_loss', 'c10_50k_acc']) 
 c10h_outdir:  /tigress/ruairidh/model_results/run_1/saves/wrn_28_10/con_True_lr_0.1_seed_1
[2018/09/25 16:53:53 __main__ INFO] - Train 100
[2018/09/25 16:54:13 __main__ INFO] - TEST 100
[2018/09/25 16:55:01 __main__ INFO] - - epoch 100    c10h_train    : 0.4508 (acc: 0.9877) | c10h_val    : 0.7917 (acc: 0.8710)
[2018/09/25 16:55:01 __main__ INFO] - -            c10h_train_c10: 0.0014 (acc: 0.9956) | c10h_val_c10: 0.5237 (acc: 0.8720)
[2018/09/25 16:55:01 __main__ INFO] - -            v4            : 0.9412 (acc: 0.7580) |           v6: 0.9614 (acc: 0.7665)
[2018/09/25 16:55:01 __main__ INFO] - -            c10_50k       : 0.4932 (acc: 0.8678)
[2018/09/25 16:55:01 __main__ INFO] - Elapsed 48.09
keys:  dict_keys(['epoch', 'c10h_train_loss', 'c10h_train_acc', 'c10h_val_loss', 'c10h_val_acc', 'c10h_train_c10_loss', 'c10h_train_c10_acc', 'c10h_val_c10_loss', 'c10h_val_c10_acc', 'v4_loss', 'v4_acc', 'v6_loss', 'v6_acc', 'c10_50k_loss', 'c10_50k_acc']) 
 c10h_outdir:  /tigress/ruairidh/model_results/run_1/saves/wrn_28_10/con_True_lr_0.1_seed_1
inner done
