entering inner script
activating virtual env
wrn_28_10
identifier: con_True_lr_0.001_seed_0
--arch=wrn --c10h_save_interval=2 --dataset=CIFAR10H --no_output --c10h_datasplit_seed=0 --human_tune --nonhuman_control=True --base_lr=0.001
wrn_28_10_control:True_lr:0.001_seed:0.out
entering python script
/tigress/ruairidh/model_results/run_1/wrn_28_10/model_best_state.pth
/tigress/ruairidh/model_results/run_1/saves/wrn_28_10/con_True_lr_0.001_seed_0
Using TensorFlow backend.
[2018/09/25 19:08:59 __main__ INFO] - {
  "model_config": {
    "arch": "wrn",
    "input_shape": [
      1,
      3,
      32,
      32
    ],
    "n_classes": 10,
    "base_channels": 16,
    "depth": 28,
    "widening_factor": 10,
    "drop_rate": 0
  },
  "optim_config": {
    "epochs": 200,
    "batch_size": 128,
    "optimizer": "sgd",
    "base_lr": 0.001,
    "weight_decay": 0.0005,
    "momentum": 0.9,
    "nesterov": true,
    "scheduler": "multistep",
    "milestones": [
      60,
      120,
      160
    ],
    "lr_decay": 0.2
  },
  "data_config": {
    "dataset": "CIFAR10H",
    "n_classes": 10,
    "num_workers": 7,
    "batch_size": 128,
    "use_cutout": false,
    "use_random_erasing": false,
    "use_mixup": false,
    "c10h_sample": false,
    "c10h_testsplit_percent": 0.1,
    "c10h_datasplit_seed": 0,
    "use_gpu": true
  },
  "run_config": {
    "seed": 17,
    "test_first": true,
    "gpu": "0",
    "tensorboard": false,
    "tensorboard_train_images": false,
    "tensorboard_test_images": false,
    "tensorboard_model_params": false,
    "resume": "/tigress/ruairidh/model_results/run_1/wrn_28_10/model_best_state.pth",
    "human_tune": true,
    "no_output": true,
    "test_only": false,
    "nonhuman_control": true,
    "c10h_scores_outdir": "/tigress/ruairidh/model_results/run_1/saves/wrn_28_10/con_True_lr_0.001_seed_0",
    "c10h_save_interval": "2",
    "use_gpu": true
  },
  "env_info": {
    "pytorch_version": "0.4.1",
    "cuda_version": "9.0.176",
    "cudnn_version": 7102,
    "gpu0": {
      "name": "Tesla P100-PCIE-16GB",
      "capability": "6.0"
    }
  }
}
Files already downloaded and verified
Files already downloaded and verified
Files already downloaded and verified
Files already downloaded and verified
Files already downloaded and verified
[2018/09/25 19:09:04 __main__ INFO] - Loading model...
[2018/09/25 19:09:04 __main__ INFO] - n_params: 36479194
[2018/09/25 19:09:06 __main__ INFO] - Done
=> loading checkpoint '/tigress/ruairidh/model_results/run_1/wrn_28_10/model_best_state.pth'
=> loaded checkpoint '/tigress/ruairidh/model_results/run_1/wrn_28_10/model_best_state.pth' (epoch 197)
[2018/09/25 19:09:06 __main__ INFO] - TEST 0
[2018/09/25 19:09:57 __main__ INFO] - - epoch 0    c10h_train    : 0.4654 (acc: 0.9482) | c10h_val    : 0.4411 (acc: 0.9630)
[2018/09/25 19:09:57 __main__ INFO] - -            c10h_train_c10: 0.1782 (acc: 0.9510) | c10h_val_c10: 0.1525 (acc: 0.9640)
[2018/09/25 19:09:57 __main__ INFO] - -            v4            : 0.4034 (acc: 0.8986) |           v6: 0.3818 (acc: 0.9100)
[2018/09/25 19:09:57 __main__ INFO] - -            c10_50k       : 0.0012 (acc: 1.0000)
[2018/09/25 19:09:57 __main__ INFO] - Elapsed 50.87
keys:  dict_keys(['epoch', 'c10h_train_loss', 'c10h_train_acc', 'c10h_val_loss', 'c10h_val_acc', 'c10h_train_c10_loss', 'c10h_train_c10_acc', 'c10h_val_c10_loss', 'c10h_val_c10_acc', 'v4_loss', 'v4_acc', 'v6_loss', 'v6_acc', 'c10_50k_loss', 'c10_50k_acc']) 
 c10h_outdir:  /tigress/ruairidh/model_results/run_1/saves/wrn_28_10/con_True_lr_0.001_seed_0
[2018/09/25 19:09:58 __main__ INFO] - Train 1
[2018/09/25 19:10:19 __main__ INFO] - TEST 1
[2018/09/25 19:11:08 __main__ INFO] - - epoch 1    c10h_train    : 0.4062 (acc: 0.9589) | c10h_val    : 0.4082 (acc: 0.9580)
[2018/09/25 19:11:08 __main__ INFO] - -            c10h_train_c10: 0.1154 (acc: 0.9628) | c10h_val_c10: 0.1340 (acc: 0.9590)
[2018/09/25 19:11:08 __main__ INFO] - -            v4            : 0.3912 (acc: 0.8862) |           v6: 0.3596 (acc: 0.8985)
[2018/09/25 19:11:08 __main__ INFO] - -            c10_50k       : 0.0036 (acc: 0.9997)
[2018/09/25 19:11:08 __main__ INFO] - Elapsed 48.88
keys:  dict_keys(['epoch', 'c10h_train_loss', 'c10h_train_acc', 'c10h_val_loss', 'c10h_val_acc', 'c10h_train_c10_loss', 'c10h_train_c10_acc', 'c10h_val_c10_loss', 'c10h_val_c10_acc', 'v4_loss', 'v4_acc', 'v6_loss', 'v6_acc', 'c10_50k_loss', 'c10_50k_acc']) 
 c10h_outdir:  /tigress/ruairidh/model_results/run_1/saves/wrn_28_10/con_True_lr_0.001_seed_0
[2018/09/25 19:11:10 __main__ INFO] - Train 2
[2018/09/25 19:11:29 __main__ INFO] - TEST 2
[2018/09/25 19:12:18 __main__ INFO] - - epoch 2    c10h_train    : 0.3574 (acc: 0.9686) | c10h_val    : 0.3981 (acc: 0.9590)
[2018/09/25 19:12:18 __main__ INFO] - -            c10h_train_c10: 0.0720 (acc: 0.9728) | c10h_val_c10: 0.1339 (acc: 0.9600)
[2018/09/25 19:12:18 __main__ INFO] - -            v4            : 0.3940 (acc: 0.8808) |           v6: 0.3518 (acc: 0.8980)
[2018/09/25 19:12:18 __main__ INFO] - -            c10_50k       : 0.0050 (acc: 0.9997)
[2018/09/25 19:12:18 __main__ INFO] - Elapsed 48.96
keys:  dict_keys(['epoch', 'c10h_train_loss', 'c10h_train_acc', 'c10h_val_loss', 'c10h_val_acc', 'c10h_train_c10_loss', 'c10h_train_c10_acc', 'c10h_val_c10_loss', 'c10h_val_c10_acc', 'v4_loss', 'v4_acc', 'v6_loss', 'v6_acc', 'c10_50k_loss', 'c10_50k_acc']) 
 c10h_outdir:  /tigress/ruairidh/model_results/run_1/saves/wrn_28_10/con_True_lr_0.001_seed_0
[2018/09/25 19:12:19 __main__ INFO] - Train 3
[2018/09/25 19:12:38 __main__ INFO] - TEST 3
[2018/09/25 19:13:27 __main__ INFO] - - epoch 3    c10h_train    : 0.3515 (acc: 0.9753) | c10h_val    : 0.3851 (acc: 0.9610)
[2018/09/25 19:13:27 __main__ INFO] - -            c10h_train_c10: 0.0542 (acc: 0.9801) | c10h_val_c10: 0.1179 (acc: 0.9620)
[2018/09/25 19:13:27 __main__ INFO] - -            v4            : 0.3716 (acc: 0.8956) |           v6: 0.3304 (acc: 0.9045)
[2018/09/25 19:13:27 __main__ INFO] - -            c10_50k       : 0.0043 (acc: 0.9998)
[2018/09/25 19:13:27 __main__ INFO] - Elapsed 48.85
keys:  dict_keys(['epoch', 'c10h_train_loss', 'c10h_train_acc', 'c10h_val_loss', 'c10h_val_acc', 'c10h_train_c10_loss', 'c10h_train_c10_acc', 'c10h_val_c10_loss', 'c10h_val_c10_acc', 'v4_loss', 'v4_acc', 'v6_loss', 'v6_acc', 'c10_50k_loss', 'c10_50k_acc']) 
 c10h_outdir:  /tigress/ruairidh/model_results/run_1/saves/wrn_28_10/con_True_lr_0.001_seed_0
[2018/09/25 19:13:29 __main__ INFO] - Train 4
[2018/09/25 19:13:49 __main__ INFO] - TEST 4
[2018/09/25 19:14:37 __main__ INFO] - - epoch 4    c10h_train    : 0.3471 (acc: 0.9771) | c10h_val    : 0.3926 (acc: 0.9550)
[2018/09/25 19:14:37 __main__ INFO] - -            c10h_train_c10: 0.0480 (acc: 0.9824) | c10h_val_c10: 0.1334 (acc: 0.9560)
[2018/09/25 19:14:37 __main__ INFO] - -            v4            : 0.3922 (acc: 0.8867) |           v6: 0.3678 (acc: 0.8955)
[2018/09/25 19:14:37 __main__ INFO] - -            c10_50k       : 0.0057 (acc: 0.9994)
[2018/09/25 19:14:37 __main__ INFO] - Elapsed 48.74
keys:  dict_keys(['epoch', 'c10h_train_loss', 'c10h_train_acc', 'c10h_val_loss', 'c10h_val_acc', 'c10h_train_c10_loss', 'c10h_train_c10_acc', 'c10h_val_c10_loss', 'c10h_val_c10_acc', 'v4_loss', 'v4_acc', 'v6_loss', 'v6_acc', 'c10_50k_loss', 'c10_50k_acc']) 
 c10h_outdir:  /tigress/ruairidh/model_results/run_1/saves/wrn_28_10/con_True_lr_0.001_seed_0
[2018/09/25 19:14:39 __main__ INFO] - Train 5
[2018/09/25 19:14:58 __main__ INFO] - TEST 5
[2018/09/25 19:15:47 __main__ INFO] - - epoch 5    c10h_train    : 0.3445 (acc: 0.9809) | c10h_val    : 0.3848 (acc: 0.9640)
[2018/09/25 19:15:47 __main__ INFO] - -            c10h_train_c10: 0.0342 (acc: 0.9867) | c10h_val_c10: 0.1156 (acc: 0.9650)
[2018/09/25 19:15:47 __main__ INFO] - -            v4            : 0.3829 (acc: 0.8911) |           v6: 0.3307 (acc: 0.9065)
[2018/09/25 19:15:47 __main__ INFO] - -            c10_50k       : 0.0042 (acc: 0.9998)
[2018/09/25 19:15:47 __main__ INFO] - Elapsed 48.84
keys:  dict_keys(['epoch', 'c10h_train_loss', 'c10h_train_acc', 'c10h_val_loss', 'c10h_val_acc', 'c10h_train_c10_loss', 'c10h_train_c10_acc', 'c10h_val_c10_loss', 'c10h_val_c10_acc', 'v4_loss', 'v4_acc', 'v6_loss', 'v6_acc', 'c10_50k_loss', 'c10_50k_acc']) 
 c10h_outdir:  /tigress/ruairidh/model_results/run_1/saves/wrn_28_10/con_True_lr_0.001_seed_0
[2018/09/25 19:15:53 __main__ INFO] - Train 6
[2018/09/25 19:16:13 __main__ INFO] - TEST 6
[2018/09/25 19:17:02 __main__ INFO] - - epoch 6    c10h_train    : 0.3476 (acc: 0.9818) | c10h_val    : 0.3924 (acc: 0.9580)
[2018/09/25 19:17:02 __main__ INFO] - -            c10h_train_c10: 0.0278 (acc: 0.9880) | c10h_val_c10: 0.1239 (acc: 0.9600)
[2018/09/25 19:17:02 __main__ INFO] - -            v4            : 0.3750 (acc: 0.8877) |           v6: 0.3486 (acc: 0.9015)
[2018/09/25 19:17:02 __main__ INFO] - -            c10_50k       : 0.0041 (acc: 0.9996)
[2018/09/25 19:17:02 __main__ INFO] - Elapsed 48.70
keys:  dict_keys(['epoch', 'c10h_train_loss', 'c10h_train_acc', 'c10h_val_loss', 'c10h_val_acc', 'c10h_train_c10_loss', 'c10h_train_c10_acc', 'c10h_val_c10_loss', 'c10h_val_c10_acc', 'v4_loss', 'v4_acc', 'v6_loss', 'v6_acc', 'c10_50k_loss', 'c10_50k_acc']) 
 c10h_outdir:  /tigress/ruairidh/model_results/run_1/saves/wrn_28_10/con_True_lr_0.001_seed_0
[2018/09/25 19:17:02 __main__ INFO] - Train 7
[2018/09/25 19:17:22 __main__ INFO] - TEST 7
[2018/09/25 19:18:10 __main__ INFO] - - epoch 7    c10h_train    : 0.3472 (acc: 0.9839) | c10h_val    : 0.3935 (acc: 0.9610)
[2018/09/25 19:18:11 __main__ INFO] - -            c10h_train_c10: 0.0234 (acc: 0.9900) | c10h_val_c10: 0.1269 (acc: 0.9620)
[2018/09/25 19:18:11 __main__ INFO] - -            v4            : 0.3625 (acc: 0.8971) |           v6: 0.3473 (acc: 0.9025)
[2018/09/25 19:18:11 __main__ INFO] - -            c10_50k       : 0.0037 (acc: 0.9997)
[2018/09/25 19:18:11 __main__ INFO] - Elapsed 48.63
keys:  dict_keys(['epoch', 'c10h_train_loss', 'c10h_train_acc', 'c10h_val_loss', 'c10h_val_acc', 'c10h_train_c10_loss', 'c10h_train_c10_acc', 'c10h_val_c10_loss', 'c10h_val_c10_acc', 'v4_loss', 'v4_acc', 'v6_loss', 'v6_acc', 'c10_50k_loss', 'c10_50k_acc']) 
 c10h_outdir:  /tigress/ruairidh/model_results/run_1/saves/wrn_28_10/con_True_lr_0.001_seed_0
[2018/09/25 19:18:11 __main__ INFO] - Train 8
[2018/09/25 19:18:30 __main__ INFO] - TEST 8
[2018/09/25 19:19:19 __main__ INFO] - - epoch 8    c10h_train    : 0.3492 (acc: 0.9850) | c10h_val    : 0.4039 (acc: 0.9660)
[2018/09/25 19:19:19 __main__ INFO] - -            c10h_train_c10: 0.0199 (acc: 0.9916) | c10h_val_c10: 0.1334 (acc: 0.9670)
[2018/09/25 19:19:19 __main__ INFO] - -            v4            : 0.4188 (acc: 0.8872) |           v6: 0.3633 (acc: 0.9010)
[2018/09/25 19:19:19 __main__ INFO] - -            c10_50k       : 0.0043 (acc: 0.9995)
[2018/09/25 19:19:19 __main__ INFO] - Elapsed 48.89
keys:  dict_keys(['epoch', 'c10h_train_loss', 'c10h_train_acc', 'c10h_val_loss', 'c10h_val_acc', 'c10h_train_c10_loss', 'c10h_train_c10_acc', 'c10h_val_c10_loss', 'c10h_val_c10_acc', 'v4_loss', 'v4_acc', 'v6_loss', 'v6_acc', 'c10_50k_loss', 'c10_50k_acc']) 
 c10h_outdir:  /tigress/ruairidh/model_results/run_1/saves/wrn_28_10/con_True_lr_0.001_seed_0
[2018/09/25 19:19:24 __main__ INFO] - Train 9
[2018/09/25 19:19:44 __main__ INFO] - TEST 9
[2018/09/25 19:20:32 __main__ INFO] - - epoch 9    c10h_train    : 0.3471 (acc: 0.9850) | c10h_val    : 0.3971 (acc: 0.9630)
[2018/09/25 19:20:32 __main__ INFO] - -            c10h_train_c10: 0.0166 (acc: 0.9914) | c10h_val_c10: 0.1287 (acc: 0.9650)
[2018/09/25 19:20:32 __main__ INFO] - -            v4            : 0.3758 (acc: 0.8961) |           v6: 0.3505 (acc: 0.9090)
[2018/09/25 19:20:32 __main__ INFO] - -            c10_50k       : 0.0036 (acc: 0.9998)
[2018/09/25 19:20:32 __main__ INFO] - Elapsed 48.69
keys:  dict_keys(['epoch', 'c10h_train_loss', 'c10h_train_acc', 'c10h_val_loss', 'c10h_val_acc', 'c10h_train_c10_loss', 'c10h_train_c10_acc', 'c10h_val_c10_loss', 'c10h_val_c10_acc', 'v4_loss', 'v4_acc', 'v6_loss', 'v6_acc', 'c10_50k_loss', 'c10_50k_acc']) 
 c10h_outdir:  /tigress/ruairidh/model_results/run_1/saves/wrn_28_10/con_True_lr_0.001_seed_0
[2018/09/25 19:20:33 __main__ INFO] - Train 10
[2018/09/25 19:20:53 __main__ INFO] - TEST 10
[2018/09/25 19:21:42 __main__ INFO] - - epoch 10    c10h_train    : 0.3531 (acc: 0.9867) | c10h_val    : 0.3997 (acc: 0.9610)
[2018/09/25 19:21:42 __main__ INFO] - -            c10h_train_c10: 0.0132 (acc: 0.9936) | c10h_val_c10: 0.1306 (acc: 0.9620)
[2018/09/25 19:21:42 __main__ INFO] - -            v4            : 0.3903 (acc: 0.8911) |           v6: 0.3632 (acc: 0.9030)
[2018/09/25 19:21:42 __main__ INFO] - -            c10_50k       : 0.0035 (acc: 0.9997)
[2018/09/25 19:21:42 __main__ INFO] - Elapsed 48.87
keys:  dict_keys(['epoch', 'c10h_train_loss', 'c10h_train_acc', 'c10h_val_loss', 'c10h_val_acc', 'c10h_train_c10_loss', 'c10h_train_c10_acc', 'c10h_val_c10_loss', 'c10h_val_c10_acc', 'v4_loss', 'v4_acc', 'v6_loss', 'v6_acc', 'c10_50k_loss', 'c10_50k_acc']) 
 c10h_outdir:  /tigress/ruairidh/model_results/run_1/saves/wrn_28_10/con_True_lr_0.001_seed_0
[2018/09/25 19:21:43 __main__ INFO] - Train 11
[2018/09/25 19:22:03 __main__ INFO] - TEST 11
[2018/09/25 19:22:51 __main__ INFO] - - epoch 11    c10h_train    : 0.3555 (acc: 0.9870) | c10h_val    : 0.4024 (acc: 0.9640)
[2018/09/25 19:22:51 __main__ INFO] - -            c10h_train_c10: 0.0126 (acc: 0.9936) | c10h_val_c10: 0.1277 (acc: 0.9650)
[2018/09/25 19:22:51 __main__ INFO] - -            v4            : 0.3963 (acc: 0.8911) |           v6: 0.3742 (acc: 0.9010)
[2018/09/25 19:22:51 __main__ INFO] - -            c10_50k       : 0.0041 (acc: 0.9994)
[2018/09/25 19:22:51 __main__ INFO] - Elapsed 48.53
keys:  dict_keys(['epoch', 'c10h_train_loss', 'c10h_train_acc', 'c10h_val_loss', 'c10h_val_acc', 'c10h_train_c10_loss', 'c10h_train_c10_acc', 'c10h_val_c10_loss', 'c10h_val_c10_acc', 'v4_loss', 'v4_acc', 'v6_loss', 'v6_acc', 'c10_50k_loss', 'c10_50k_acc']) 
 c10h_outdir:  /tigress/ruairidh/model_results/run_1/saves/wrn_28_10/con_True_lr_0.001_seed_0
[2018/09/25 19:22:52 __main__ INFO] - Train 12
[2018/09/25 19:23:11 __main__ INFO] - TEST 12
[2018/09/25 19:24:00 __main__ INFO] - - epoch 12    c10h_train    : 0.3579 (acc: 0.9861) | c10h_val    : 0.4110 (acc: 0.9640)
[2018/09/25 19:24:00 __main__ INFO] - -            c10h_train_c10: 0.0112 (acc: 0.9931) | c10h_val_c10: 0.1317 (acc: 0.9660)
[2018/09/25 19:24:00 __main__ INFO] - -            v4            : 0.4064 (acc: 0.8882) |           v6: 0.3707 (acc: 0.9060)
[2018/09/25 19:24:00 __main__ INFO] - -            c10_50k       : 0.0043 (acc: 0.9994)
[2018/09/25 19:24:00 __main__ INFO] - Elapsed 48.90
keys:  dict_keys(['epoch', 'c10h_train_loss', 'c10h_train_acc', 'c10h_val_loss', 'c10h_val_acc', 'c10h_train_c10_loss', 'c10h_train_c10_acc', 'c10h_val_c10_loss', 'c10h_val_c10_acc', 'v4_loss', 'v4_acc', 'v6_loss', 'v6_acc', 'c10_50k_loss', 'c10_50k_acc']) 
 c10h_outdir:  /tigress/ruairidh/model_results/run_1/saves/wrn_28_10/con_True_lr_0.001_seed_0
[2018/09/25 19:24:03 __main__ INFO] - Train 13
[2018/09/25 19:24:22 __main__ INFO] - TEST 13
[2018/09/25 19:25:11 __main__ INFO] - - epoch 13    c10h_train    : 0.3614 (acc: 0.9870) | c10h_val    : 0.4069 (acc: 0.9670)
[2018/09/25 19:25:11 __main__ INFO] - -            c10h_train_c10: 0.0083 (acc: 0.9942) | c10h_val_c10: 0.1342 (acc: 0.9680)
[2018/09/25 19:25:11 __main__ INFO] - -            v4            : 0.4265 (acc: 0.8822) |           v6: 0.3613 (acc: 0.9055)
[2018/09/25 19:25:11 __main__ INFO] - -            c10_50k       : 0.0033 (acc: 0.9997)
[2018/09/25 19:25:11 __main__ INFO] - Elapsed 48.92
keys:  dict_keys(['epoch', 'c10h_train_loss', 'c10h_train_acc', 'c10h_val_loss', 'c10h_val_acc', 'c10h_train_c10_loss', 'c10h_train_c10_acc', 'c10h_val_c10_loss', 'c10h_val_c10_acc', 'v4_loss', 'v4_acc', 'v6_loss', 'v6_acc', 'c10_50k_loss', 'c10_50k_acc']) 
 c10h_outdir:  /tigress/ruairidh/model_results/run_1/saves/wrn_28_10/con_True_lr_0.001_seed_0
[2018/09/25 19:25:13 __main__ INFO] - Train 14
[2018/09/25 19:25:32 __main__ INFO] - TEST 14
[2018/09/25 19:26:21 __main__ INFO] - - epoch 14    c10h_train    : 0.3662 (acc: 0.9869) | c10h_val    : 0.4152 (acc: 0.9670)
[2018/09/25 19:26:21 __main__ INFO] - -            c10h_train_c10: 0.0092 (acc: 0.9940) | c10h_val_c10: 0.1396 (acc: 0.9690)
[2018/09/25 19:26:21 __main__ INFO] - -            v4            : 0.3892 (acc: 0.8946) |           v6: 0.3675 (acc: 0.9085)
[2018/09/25 19:26:21 __main__ INFO] - -            c10_50k       : 0.0036 (acc: 0.9996)
[2018/09/25 19:26:21 __main__ INFO] - Elapsed 48.75
keys:  dict_keys(['epoch', 'c10h_train_loss', 'c10h_train_acc', 'c10h_val_loss', 'c10h_val_acc', 'c10h_train_c10_loss', 'c10h_train_c10_acc', 'c10h_val_c10_loss', 'c10h_val_c10_acc', 'v4_loss', 'v4_acc', 'v6_loss', 'v6_acc', 'c10_50k_loss', 'c10_50k_acc']) 
 c10h_outdir:  /tigress/ruairidh/model_results/run_1/saves/wrn_28_10/con_True_lr_0.001_seed_0
[2018/09/25 19:26:21 __main__ INFO] - Train 15
[2018/09/25 19:26:41 __main__ INFO] - TEST 15
[2018/09/25 19:27:29 __main__ INFO] - - epoch 15    c10h_train    : 0.3643 (acc: 0.9877) | c10h_val    : 0.4138 (acc: 0.9650)
[2018/09/25 19:27:30 __main__ INFO] - -            c10h_train_c10: 0.0074 (acc: 0.9947) | c10h_val_c10: 0.1380 (acc: 0.9670)
[2018/09/25 19:27:30 __main__ INFO] - -            v4            : 0.3938 (acc: 0.8956) |           v6: 0.3753 (acc: 0.9090)
[2018/09/25 19:27:30 __main__ INFO] - -            c10_50k       : 0.0041 (acc: 0.9993)
[2018/09/25 19:27:30 __main__ INFO] - Elapsed 48.63
keys:  dict_keys(['epoch', 'c10h_train_loss', 'c10h_train_acc', 'c10h_val_loss', 'c10h_val_acc', 'c10h_train_c10_loss', 'c10h_train_c10_acc', 'c10h_val_c10_loss', 'c10h_val_c10_acc', 'v4_loss', 'v4_acc', 'v6_loss', 'v6_acc', 'c10_50k_loss', 'c10_50k_acc']) 
 c10h_outdir:  /tigress/ruairidh/model_results/run_1/saves/wrn_28_10/con_True_lr_0.001_seed_0
[2018/09/25 19:27:31 __main__ INFO] - Train 16
[2018/09/25 19:27:51 __main__ INFO] - TEST 16
[2018/09/25 19:28:39 __main__ INFO] - - epoch 16    c10h_train    : 0.3709 (acc: 0.9870) | c10h_val    : 0.4112 (acc: 0.9680)
[2018/09/25 19:28:39 __main__ INFO] - -            c10h_train_c10: 0.0078 (acc: 0.9944) | c10h_val_c10: 0.1323 (acc: 0.9700)
[2018/09/25 19:28:39 __main__ INFO] - -            v4            : 0.3944 (acc: 0.8926) |           v6: 0.3656 (acc: 0.9060)
[2018/09/25 19:28:39 __main__ INFO] - -            c10_50k       : 0.0035 (acc: 0.9997)
[2018/09/25 19:28:39 __main__ INFO] - Elapsed 48.52
keys:  dict_keys(['epoch', 'c10h_train_loss', 'c10h_train_acc', 'c10h_val_loss', 'c10h_val_acc', 'c10h_train_c10_loss', 'c10h_train_c10_acc', 'c10h_val_c10_loss', 'c10h_val_c10_acc', 'v4_loss', 'v4_acc', 'v6_loss', 'v6_acc', 'c10_50k_loss', 'c10_50k_acc']) 
 c10h_outdir:  /tigress/ruairidh/model_results/run_1/saves/wrn_28_10/con_True_lr_0.001_seed_0
[2018/09/25 19:28:44 __main__ INFO] - Train 17
[2018/09/25 19:29:04 __main__ INFO] - TEST 17
[2018/09/25 19:29:52 __main__ INFO] - - epoch 17    c10h_train    : 0.3719 (acc: 0.9876) | c10h_val    : 0.4148 (acc: 0.9640)
[2018/09/25 19:29:52 __main__ INFO] - -            c10h_train_c10: 0.0061 (acc: 0.9949) | c10h_val_c10: 0.1324 (acc: 0.9660)
[2018/09/25 19:29:52 __main__ INFO] - -            v4            : 0.3915 (acc: 0.8906) |           v6: 0.3861 (acc: 0.8990)
[2018/09/25 19:29:52 __main__ INFO] - -            c10_50k       : 0.0042 (acc: 0.9995)
[2018/09/25 19:29:52 __main__ INFO] - Elapsed 48.58
keys:  dict_keys(['epoch', 'c10h_train_loss', 'c10h_train_acc', 'c10h_val_loss', 'c10h_val_acc', 'c10h_train_c10_loss', 'c10h_train_c10_acc', 'c10h_val_c10_loss', 'c10h_val_c10_acc', 'v4_loss', 'v4_acc', 'v6_loss', 'v6_acc', 'c10_50k_loss', 'c10_50k_acc']) 
 c10h_outdir:  /tigress/ruairidh/model_results/run_1/saves/wrn_28_10/con_True_lr_0.001_seed_0
[2018/09/25 19:29:54 __main__ INFO] - Train 18
[2018/09/25 19:30:14 __main__ INFO] - TEST 18
[2018/09/25 19:31:03 __main__ INFO] - - epoch 18    c10h_train    : 0.3727 (acc: 0.9876) | c10h_val    : 0.4119 (acc: 0.9640)
[2018/09/25 19:31:03 __main__ INFO] - -            c10h_train_c10: 0.0058 (acc: 0.9950) | c10h_val_c10: 0.1324 (acc: 0.9660)
[2018/09/25 19:31:03 __main__ INFO] - -            v4            : 0.3933 (acc: 0.8966) |           v6: 0.3725 (acc: 0.9055)
[2018/09/25 19:31:03 __main__ INFO] - -            c10_50k       : 0.0037 (acc: 0.9995)
[2018/09/25 19:31:03 __main__ INFO] - Elapsed 48.62
keys:  dict_keys(['epoch', 'c10h_train_loss', 'c10h_train_acc', 'c10h_val_loss', 'c10h_val_acc', 'c10h_train_c10_loss', 'c10h_train_c10_acc', 'c10h_val_c10_loss', 'c10h_val_c10_acc', 'v4_loss', 'v4_acc', 'v6_loss', 'v6_acc', 'c10_50k_loss', 'c10_50k_acc']) 
 c10h_outdir:  /tigress/ruairidh/model_results/run_1/saves/wrn_28_10/con_True_lr_0.001_seed_0
[2018/09/25 19:31:04 __main__ INFO] - Train 19
[2018/09/25 19:31:23 __main__ INFO] - TEST 19
[2018/09/25 19:32:12 __main__ INFO] - - epoch 19    c10h_train    : 0.3826 (acc: 0.9871) | c10h_val    : 0.4301 (acc: 0.9600)
[2018/09/25 19:32:12 __main__ INFO] - -            c10h_train_c10: 0.0061 (acc: 0.9946) | c10h_val_c10: 0.1478 (acc: 0.9620)
[2018/09/25 19:32:12 __main__ INFO] - -            v4            : 0.4232 (acc: 0.8887) |           v6: 0.3905 (acc: 0.8990)
[2018/09/25 19:32:12 __main__ INFO] - -            c10_50k       : 0.0037 (acc: 0.9995)
[2018/09/25 19:32:12 __main__ INFO] - Elapsed 48.81
keys:  dict_keys(['epoch', 'c10h_train_loss', 'c10h_train_acc', 'c10h_val_loss', 'c10h_val_acc', 'c10h_train_c10_loss', 'c10h_train_c10_acc', 'c10h_val_c10_loss', 'c10h_val_c10_acc', 'v4_loss', 'v4_acc', 'v6_loss', 'v6_acc', 'c10_50k_loss', 'c10_50k_acc']) 
 c10h_outdir:  /tigress/ruairidh/model_results/run_1/saves/wrn_28_10/con_True_lr_0.001_seed_0
[2018/09/25 19:32:12 __main__ INFO] - Train 20
[2018/09/25 19:32:32 __main__ INFO] - TEST 20
[2018/09/25 19:33:21 __main__ INFO] - - epoch 20    c10h_train    : 0.3794 (acc: 0.9877) | c10h_val    : 0.4179 (acc: 0.9630)
[2018/09/25 19:33:21 __main__ INFO] - -            c10h_train_c10: 0.0050 (acc: 0.9949) | c10h_val_c10: 0.1359 (acc: 0.9650)
[2018/09/25 19:33:21 __main__ INFO] - -            v4            : 0.4031 (acc: 0.8916) |           v6: 0.3857 (acc: 0.9020)
[2018/09/25 19:33:21 __main__ INFO] - -            c10_50k       : 0.0035 (acc: 0.9996)
[2018/09/25 19:33:21 __main__ INFO] - Elapsed 48.87
keys:  dict_keys(['epoch', 'c10h_train_loss', 'c10h_train_acc', 'c10h_val_loss', 'c10h_val_acc', 'c10h_train_c10_loss', 'c10h_train_c10_acc', 'c10h_val_c10_loss', 'c10h_val_c10_acc', 'v4_loss', 'v4_acc', 'v6_loss', 'v6_acc', 'c10_50k_loss', 'c10_50k_acc']) 
 c10h_outdir:  /tigress/ruairidh/model_results/run_1/saves/wrn_28_10/con_True_lr_0.001_seed_0
[2018/09/25 19:33:22 __main__ INFO] - Train 21
[2018/09/25 19:33:42 __main__ INFO] - TEST 21
[2018/09/25 19:34:30 __main__ INFO] - - epoch 21    c10h_train    : 0.3784 (acc: 0.9874) | c10h_val    : 0.4241 (acc: 0.9610)
[2018/09/25 19:34:31 __main__ INFO] - -            c10h_train_c10: 0.0055 (acc: 0.9948) | c10h_val_c10: 0.1449 (acc: 0.9630)
[2018/09/25 19:34:31 __main__ INFO] - -            v4            : 0.4388 (acc: 0.8798) |           v6: 0.3911 (acc: 0.8980)
[2018/09/25 19:34:31 __main__ INFO] - -            c10_50k       : 0.0038 (acc: 0.9995)
[2018/09/25 19:34:31 __main__ INFO] - Elapsed 48.84
keys:  dict_keys(['epoch', 'c10h_train_loss', 'c10h_train_acc', 'c10h_val_loss', 'c10h_val_acc', 'c10h_train_c10_loss', 'c10h_train_c10_acc', 'c10h_val_c10_loss', 'c10h_val_c10_acc', 'v4_loss', 'v4_acc', 'v6_loss', 'v6_acc', 'c10_50k_loss', 'c10_50k_acc']) 
 c10h_outdir:  /tigress/ruairidh/model_results/run_1/saves/wrn_28_10/con_True_lr_0.001_seed_0
[2018/09/25 19:34:32 __main__ INFO] - Train 22
[2018/09/25 19:34:52 __main__ INFO] - TEST 22
[2018/09/25 19:35:40 __main__ INFO] - - epoch 22    c10h_train    : 0.3788 (acc: 0.9877) | c10h_val    : 0.4294 (acc: 0.9630)
[2018/09/25 19:35:40 __main__ INFO] - -            c10h_train_c10: 0.0048 (acc: 0.9950) | c10h_val_c10: 0.1454 (acc: 0.9650)
[2018/09/25 19:35:40 __main__ INFO] - -            v4            : 0.4112 (acc: 0.8971) |           v6: 0.3873 (acc: 0.9010)
[2018/09/25 19:35:40 __main__ INFO] - -            c10_50k       : 0.0038 (acc: 0.9995)
[2018/09/25 19:35:40 __main__ INFO] - Elapsed 48.57
keys:  dict_keys(['epoch', 'c10h_train_loss', 'c10h_train_acc', 'c10h_val_loss', 'c10h_val_acc', 'c10h_train_c10_loss', 'c10h_train_c10_acc', 'c10h_val_c10_loss', 'c10h_val_c10_acc', 'v4_loss', 'v4_acc', 'v6_loss', 'v6_acc', 'c10_50k_loss', 'c10_50k_acc']) 
 c10h_outdir:  /tigress/ruairidh/model_results/run_1/saves/wrn_28_10/con_True_lr_0.001_seed_0
[2018/09/25 19:35:43 __main__ INFO] - Train 23
[2018/09/25 19:36:02 __main__ INFO] - TEST 23
[2018/09/25 19:36:51 __main__ INFO] - - epoch 23    c10h_train    : 0.3823 (acc: 0.9876) | c10h_val    : 0.4292 (acc: 0.9630)
[2018/09/25 19:36:51 __main__ INFO] - -            c10h_train_c10: 0.0037 (acc: 0.9952) | c10h_val_c10: 0.1459 (acc: 0.9650)
[2018/09/25 19:36:51 __main__ INFO] - -            v4            : 0.4170 (acc: 0.8902) |           v6: 0.3995 (acc: 0.9010)
[2018/09/25 19:36:51 __main__ INFO] - -            c10_50k       : 0.0042 (acc: 0.9993)
[2018/09/25 19:36:51 __main__ INFO] - Elapsed 48.95
keys:  dict_keys(['epoch', 'c10h_train_loss', 'c10h_train_acc', 'c10h_val_loss', 'c10h_val_acc', 'c10h_train_c10_loss', 'c10h_train_c10_acc', 'c10h_val_c10_loss', 'c10h_val_c10_acc', 'v4_loss', 'v4_acc', 'v6_loss', 'v6_acc', 'c10_50k_loss', 'c10_50k_acc']) 
 c10h_outdir:  /tigress/ruairidh/model_results/run_1/saves/wrn_28_10/con_True_lr_0.001_seed_0
[2018/09/25 19:36:53 __main__ INFO] - Train 24
[2018/09/25 19:37:12 __main__ INFO] - TEST 24
[2018/09/25 19:38:01 __main__ INFO] - - epoch 24    c10h_train    : 0.3816 (acc: 0.9878) | c10h_val    : 0.4216 (acc: 0.9610)
[2018/09/25 19:38:01 __main__ INFO] - -            c10h_train_c10: 0.0037 (acc: 0.9954) | c10h_val_c10: 0.1459 (acc: 0.9630)
[2018/09/25 19:38:01 __main__ INFO] - -            v4            : 0.4122 (acc: 0.8877) |           v6: 0.3853 (acc: 0.9055)
[2018/09/25 19:38:01 __main__ INFO] - -            c10_50k       : 0.0038 (acc: 0.9995)
[2018/09/25 19:38:01 __main__ INFO] - Elapsed 48.76
keys:  dict_keys(['epoch', 'c10h_train_loss', 'c10h_train_acc', 'c10h_val_loss', 'c10h_val_acc', 'c10h_train_c10_loss', 'c10h_train_c10_acc', 'c10h_val_c10_loss', 'c10h_val_c10_acc', 'v4_loss', 'v4_acc', 'v6_loss', 'v6_acc', 'c10_50k_loss', 'c10_50k_acc']) 
 c10h_outdir:  /tigress/ruairidh/model_results/run_1/saves/wrn_28_10/con_True_lr_0.001_seed_0
[2018/09/25 19:38:02 __main__ INFO] - Train 25
[2018/09/25 19:38:22 __main__ INFO] - TEST 25
[2018/09/25 19:39:11 __main__ INFO] - - epoch 25    c10h_train    : 0.3817 (acc: 0.9879) | c10h_val    : 0.4204 (acc: 0.9630)
[2018/09/25 19:39:11 __main__ INFO] - -            c10h_train_c10: 0.0041 (acc: 0.9952) | c10h_val_c10: 0.1418 (acc: 0.9650)
[2018/09/25 19:39:11 __main__ INFO] - -            v4            : 0.4171 (acc: 0.8902) |           v6: 0.3854 (acc: 0.9060)
[2018/09/25 19:39:11 __main__ INFO] - -            c10_50k       : 0.0035 (acc: 0.9996)
[2018/09/25 19:39:11 __main__ INFO] - Elapsed 49.03
keys:  dict_keys(['epoch', 'c10h_train_loss', 'c10h_train_acc', 'c10h_val_loss', 'c10h_val_acc', 'c10h_train_c10_loss', 'c10h_train_c10_acc', 'c10h_val_c10_loss', 'c10h_val_c10_acc', 'v4_loss', 'v4_acc', 'v6_loss', 'v6_acc', 'c10_50k_loss', 'c10_50k_acc']) 
 c10h_outdir:  /tigress/ruairidh/model_results/run_1/saves/wrn_28_10/con_True_lr_0.001_seed_0
[2018/09/25 19:39:15 __main__ INFO] - Train 26
[2018/09/25 19:39:34 __main__ INFO] - TEST 26
[2018/09/25 19:40:23 __main__ INFO] - - epoch 26    c10h_train    : 0.3814 (acc: 0.9879) | c10h_val    : 0.4181 (acc: 0.9650)
[2018/09/25 19:40:23 __main__ INFO] - -            c10h_train_c10: 0.0034 (acc: 0.9953) | c10h_val_c10: 0.1356 (acc: 0.9670)
[2018/09/25 19:40:23 __main__ INFO] - -            v4            : 0.3759 (acc: 0.8976) |           v6: 0.3760 (acc: 0.9090)
[2018/09/25 19:40:23 __main__ INFO] - -            c10_50k       : 0.0035 (acc: 0.9996)
[2018/09/25 19:40:23 __main__ INFO] - Elapsed 48.69
keys:  dict_keys(['epoch', 'c10h_train_loss', 'c10h_train_acc', 'c10h_val_loss', 'c10h_val_acc', 'c10h_train_c10_loss', 'c10h_train_c10_acc', 'c10h_val_c10_loss', 'c10h_val_c10_acc', 'v4_loss', 'v4_acc', 'v6_loss', 'v6_acc', 'c10_50k_loss', 'c10_50k_acc']) 
 c10h_outdir:  /tigress/ruairidh/model_results/run_1/saves/wrn_28_10/con_True_lr_0.001_seed_0
[2018/09/25 19:40:24 __main__ INFO] - Train 27
[2018/09/25 19:40:43 __main__ INFO] - TEST 27
[2018/09/25 19:41:32 __main__ INFO] - - epoch 27    c10h_train    : 0.3812 (acc: 0.9877) | c10h_val    : 0.4178 (acc: 0.9630)
[2018/09/25 19:41:32 __main__ INFO] - -            c10h_train_c10: 0.0035 (acc: 0.9953) | c10h_val_c10: 0.1386 (acc: 0.9650)
[2018/09/25 19:41:32 __main__ INFO] - -            v4            : 0.4122 (acc: 0.8906) |           v6: 0.3884 (acc: 0.9065)
[2018/09/25 19:41:32 __main__ INFO] - -            c10_50k       : 0.0038 (acc: 0.9994)
[2018/09/25 19:41:32 __main__ INFO] - Elapsed 48.75
keys:  dict_keys(['epoch', 'c10h_train_loss', 'c10h_train_acc', 'c10h_val_loss', 'c10h_val_acc', 'c10h_train_c10_loss', 'c10h_train_c10_acc', 'c10h_val_c10_loss', 'c10h_val_c10_acc', 'v4_loss', 'v4_acc', 'v6_loss', 'v6_acc', 'c10_50k_loss', 'c10_50k_acc']) 
 c10h_outdir:  /tigress/ruairidh/model_results/run_1/saves/wrn_28_10/con_True_lr_0.001_seed_0
[2018/09/25 19:41:34 __main__ INFO] - Train 28
[2018/09/25 19:41:54 __main__ INFO] - TEST 28
[2018/09/25 19:42:42 __main__ INFO] - - epoch 28    c10h_train    : 0.3873 (acc: 0.9878) | c10h_val    : 0.4290 (acc: 0.9610)
[2018/09/25 19:42:43 __main__ INFO] - -            c10h_train_c10: 0.0031 (acc: 0.9954) | c10h_val_c10: 0.1456 (acc: 0.9630)
[2018/09/25 19:42:43 __main__ INFO] - -            v4            : 0.4078 (acc: 0.8921) |           v6: 0.3844 (acc: 0.9030)
[2018/09/25 19:42:43 __main__ INFO] - -            c10_50k       : 0.0038 (acc: 0.9995)
[2018/09/25 19:42:43 __main__ INFO] - Elapsed 48.88
keys:  dict_keys(['epoch', 'c10h_train_loss', 'c10h_train_acc', 'c10h_val_loss', 'c10h_val_acc', 'c10h_train_c10_loss', 'c10h_train_c10_acc', 'c10h_val_c10_loss', 'c10h_val_c10_acc', 'v4_loss', 'v4_acc', 'v6_loss', 'v6_acc', 'c10_50k_loss', 'c10_50k_acc']) 
 c10h_outdir:  /tigress/ruairidh/model_results/run_1/saves/wrn_28_10/con_True_lr_0.001_seed_0
[2018/09/25 19:42:46 __main__ INFO] - Train 29
[2018/09/25 19:43:05 __main__ INFO] - TEST 29
[2018/09/25 19:43:54 __main__ INFO] - - epoch 29    c10h_train    : 0.3876 (acc: 0.9879) | c10h_val    : 0.4303 (acc: 0.9620)
[2018/09/25 19:43:54 __main__ INFO] - -            c10h_train_c10: 0.0035 (acc: 0.9953) | c10h_val_c10: 0.1486 (acc: 0.9630)
[2018/09/25 19:43:54 __main__ INFO] - -            v4            : 0.4279 (acc: 0.8872) |           v6: 0.3867 (acc: 0.9065)
[2018/09/25 19:43:54 __main__ INFO] - -            c10_50k       : 0.0039 (acc: 0.9994)
[2018/09/25 19:43:54 __main__ INFO] - Elapsed 48.81
keys:  dict_keys(['epoch', 'c10h_train_loss', 'c10h_train_acc', 'c10h_val_loss', 'c10h_val_acc', 'c10h_train_c10_loss', 'c10h_train_c10_acc', 'c10h_val_c10_loss', 'c10h_val_c10_acc', 'v4_loss', 'v4_acc', 'v6_loss', 'v6_acc', 'c10_50k_loss', 'c10_50k_acc']) 
 c10h_outdir:  /tigress/ruairidh/model_results/run_1/saves/wrn_28_10/con_True_lr_0.001_seed_0
[2018/09/25 19:43:54 __main__ INFO] - Train 30
[2018/09/25 19:44:14 __main__ INFO] - TEST 30
[2018/09/25 19:45:03 __main__ INFO] - - epoch 30    c10h_train    : 0.3877 (acc: 0.9878) | c10h_val    : 0.4284 (acc: 0.9630)
[2018/09/25 19:45:03 __main__ INFO] - -            c10h_train_c10: 0.0032 (acc: 0.9952) | c10h_val_c10: 0.1438 (acc: 0.9640)
[2018/09/25 19:45:03 __main__ INFO] - -            v4            : 0.4169 (acc: 0.8926) |           v6: 0.3877 (acc: 0.9035)
[2018/09/25 19:45:03 __main__ INFO] - -            c10_50k       : 0.0038 (acc: 0.9994)
[2018/09/25 19:45:03 __main__ INFO] - Elapsed 48.91
keys:  dict_keys(['epoch', 'c10h_train_loss', 'c10h_train_acc', 'c10h_val_loss', 'c10h_val_acc', 'c10h_train_c10_loss', 'c10h_train_c10_acc', 'c10h_val_c10_loss', 'c10h_val_c10_acc', 'v4_loss', 'v4_acc', 'v6_loss', 'v6_acc', 'c10_50k_loss', 'c10_50k_acc']) 
 c10h_outdir:  /tigress/ruairidh/model_results/run_1/saves/wrn_28_10/con_True_lr_0.001_seed_0
[2018/09/25 19:45:04 __main__ INFO] - Train 31
[2018/09/25 19:45:24 __main__ INFO] - TEST 31
[2018/09/25 19:46:12 __main__ INFO] - - epoch 31    c10h_train    : 0.3878 (acc: 0.9878) | c10h_val    : 0.4244 (acc: 0.9640)
[2018/09/25 19:46:12 __main__ INFO] - -            c10h_train_c10: 0.0034 (acc: 0.9952) | c10h_val_c10: 0.1410 (acc: 0.9650)
[2018/09/25 19:46:12 __main__ INFO] - -            v4            : 0.4111 (acc: 0.8936) |           v6: 0.3856 (acc: 0.9045)
[2018/09/25 19:46:12 __main__ INFO] - -            c10_50k       : 0.0034 (acc: 0.9995)
[2018/09/25 19:46:12 __main__ INFO] - Elapsed 48.80
keys:  dict_keys(['epoch', 'c10h_train_loss', 'c10h_train_acc', 'c10h_val_loss', 'c10h_val_acc', 'c10h_train_c10_loss', 'c10h_train_c10_acc', 'c10h_val_c10_loss', 'c10h_val_c10_acc', 'v4_loss', 'v4_acc', 'v6_loss', 'v6_acc', 'c10_50k_loss', 'c10_50k_acc']) 
 c10h_outdir:  /tigress/ruairidh/model_results/run_1/saves/wrn_28_10/con_True_lr_0.001_seed_0
[2018/09/25 19:46:15 __main__ INFO] - Train 32
[2018/09/25 19:46:34 __main__ INFO] - TEST 32
[2018/09/25 19:47:23 __main__ INFO] - - epoch 32    c10h_train    : 0.3893 (acc: 0.9880) | c10h_val    : 0.4294 (acc: 0.9590)
[2018/09/25 19:47:23 __main__ INFO] - -            c10h_train_c10: 0.0025 (acc: 0.9956) | c10h_val_c10: 0.1454 (acc: 0.9600)
[2018/09/25 19:47:23 __main__ INFO] - -            v4            : 0.4255 (acc: 0.8897) |           v6: 0.3909 (acc: 0.9010)
[2018/09/25 19:47:23 __main__ INFO] - -            c10_50k       : 0.0033 (acc: 0.9995)
[2018/09/25 19:47:23 __main__ INFO] - Elapsed 48.82
keys:  dict_keys(['epoch', 'c10h_train_loss', 'c10h_train_acc', 'c10h_val_loss', 'c10h_val_acc', 'c10h_train_c10_loss', 'c10h_train_c10_acc', 'c10h_val_c10_loss', 'c10h_val_c10_acc', 'v4_loss', 'v4_acc', 'v6_loss', 'v6_acc', 'c10_50k_loss', 'c10_50k_acc']) 
 c10h_outdir:  /tigress/ruairidh/model_results/run_1/saves/wrn_28_10/con_True_lr_0.001_seed_0
[2018/09/25 19:47:25 __main__ INFO] - Train 33
[2018/09/25 19:47:44 __main__ INFO] - TEST 33
[2018/09/25 19:48:33 __main__ INFO] - - epoch 33    c10h_train    : 0.3877 (acc: 0.9879) | c10h_val    : 0.4258 (acc: 0.9620)
[2018/09/25 19:48:33 __main__ INFO] - -            c10h_train_c10: 0.0026 (acc: 0.9956) | c10h_val_c10: 0.1419 (acc: 0.9630)
[2018/09/25 19:48:33 __main__ INFO] - -            v4            : 0.4156 (acc: 0.8916) |           v6: 0.3946 (acc: 0.9015)
[2018/09/25 19:48:33 __main__ INFO] - -            c10_50k       : 0.0036 (acc: 0.9994)
[2018/09/25 19:48:33 __main__ INFO] - Elapsed 48.85
keys:  dict_keys(['epoch', 'c10h_train_loss', 'c10h_train_acc', 'c10h_val_loss', 'c10h_val_acc', 'c10h_train_c10_loss', 'c10h_train_c10_acc', 'c10h_val_c10_loss', 'c10h_val_c10_acc', 'v4_loss', 'v4_acc', 'v6_loss', 'v6_acc', 'c10_50k_loss', 'c10_50k_acc']) 
 c10h_outdir:  /tigress/ruairidh/model_results/run_1/saves/wrn_28_10/con_True_lr_0.001_seed_0
[2018/09/25 19:48:35 __main__ INFO] - Train 34
[2018/09/25 19:48:55 __main__ INFO] - TEST 34
[2018/09/25 19:49:44 __main__ INFO] - - epoch 34    c10h_train    : 0.3930 (acc: 0.9879) | c10h_val    : 0.4238 (acc: 0.9640)
[2018/09/25 19:49:44 __main__ INFO] - -            c10h_train_c10: 0.0024 (acc: 0.9956) | c10h_val_c10: 0.1404 (acc: 0.9650)
[2018/09/25 19:49:44 __main__ INFO] - -            v4            : 0.4073 (acc: 0.8926) |           v6: 0.3932 (acc: 0.8995)
[2018/09/25 19:49:44 __main__ INFO] - -            c10_50k       : 0.0034 (acc: 0.9995)
[2018/09/25 19:49:44 __main__ INFO] - Elapsed 48.79
keys:  dict_keys(['epoch', 'c10h_train_loss', 'c10h_train_acc', 'c10h_val_loss', 'c10h_val_acc', 'c10h_train_c10_loss', 'c10h_train_c10_acc', 'c10h_val_c10_loss', 'c10h_val_c10_acc', 'v4_loss', 'v4_acc', 'v6_loss', 'v6_acc', 'c10_50k_loss', 'c10_50k_acc']) 
 c10h_outdir:  /tigress/ruairidh/model_results/run_1/saves/wrn_28_10/con_True_lr_0.001_seed_0
[2018/09/25 19:49:45 __main__ INFO] - Train 35
[2018/09/25 19:50:04 __main__ INFO] - TEST 35
[2018/09/25 19:50:53 __main__ INFO] - - epoch 35    c10h_train    : 0.3908 (acc: 0.9878) | c10h_val    : 0.4250 (acc: 0.9610)
[2018/09/25 19:50:53 __main__ INFO] - -            c10h_train_c10: 0.0026 (acc: 0.9954) | c10h_val_c10: 0.1438 (acc: 0.9630)
[2018/09/25 19:50:53 __main__ INFO] - -            v4            : 0.4407 (acc: 0.8857) |           v6: 0.4047 (acc: 0.9030)
[2018/09/25 19:50:53 __main__ INFO] - -            c10_50k       : 0.0035 (acc: 0.9995)
[2018/09/25 19:50:53 __main__ INFO] - Elapsed 48.98
keys:  dict_keys(['epoch', 'c10h_train_loss', 'c10h_train_acc', 'c10h_val_loss', 'c10h_val_acc', 'c10h_train_c10_loss', 'c10h_train_c10_acc', 'c10h_val_c10_loss', 'c10h_val_c10_acc', 'v4_loss', 'v4_acc', 'v6_loss', 'v6_acc', 'c10_50k_loss', 'c10_50k_acc']) 
 c10h_outdir:  /tigress/ruairidh/model_results/run_1/saves/wrn_28_10/con_True_lr_0.001_seed_0
[2018/09/25 19:50:55 __main__ INFO] - Train 36
[2018/09/25 19:51:15 __main__ INFO] - TEST 36
[2018/09/25 19:52:04 __main__ INFO] - - epoch 36    c10h_train    : 0.3924 (acc: 0.9878) | c10h_val    : 0.4281 (acc: 0.9590)
[2018/09/25 19:52:04 __main__ INFO] - -            c10h_train_c10: 0.0025 (acc: 0.9953) | c10h_val_c10: 0.1412 (acc: 0.9600)
[2018/09/25 19:52:04 __main__ INFO] - -            v4            : 0.4255 (acc: 0.8961) |           v6: 0.4066 (acc: 0.8970)
[2018/09/25 19:52:04 __main__ INFO] - -            c10_50k       : 0.0034 (acc: 0.9995)
[2018/09/25 19:52:04 __main__ INFO] - Elapsed 48.68
keys:  dict_keys(['epoch', 'c10h_train_loss', 'c10h_train_acc', 'c10h_val_loss', 'c10h_val_acc', 'c10h_train_c10_loss', 'c10h_train_c10_acc', 'c10h_val_c10_loss', 'c10h_val_c10_acc', 'v4_loss', 'v4_acc', 'v6_loss', 'v6_acc', 'c10_50k_loss', 'c10_50k_acc']) 
 c10h_outdir:  /tigress/ruairidh/model_results/run_1/saves/wrn_28_10/con_True_lr_0.001_seed_0
[2018/09/25 19:52:05 __main__ INFO] - Train 37
[2018/09/25 19:52:25 __main__ INFO] - TEST 37
[2018/09/25 19:53:14 __main__ INFO] - - epoch 37    c10h_train    : 0.3898 (acc: 0.9878) | c10h_val    : 0.4357 (acc: 0.9630)
[2018/09/25 19:53:14 __main__ INFO] - -            c10h_train_c10: 0.0030 (acc: 0.9953) | c10h_val_c10: 0.1480 (acc: 0.9640)
[2018/09/25 19:53:14 __main__ INFO] - -            v4            : 0.4654 (acc: 0.8862) |           v6: 0.4106 (acc: 0.9000)
[2018/09/25 19:53:14 __main__ INFO] - -            c10_50k       : 0.0043 (acc: 0.9993)
[2018/09/25 19:53:14 __main__ INFO] - Elapsed 48.91
keys:  dict_keys(['epoch', 'c10h_train_loss', 'c10h_train_acc', 'c10h_val_loss', 'c10h_val_acc', 'c10h_train_c10_loss', 'c10h_train_c10_acc', 'c10h_val_c10_loss', 'c10h_val_c10_acc', 'v4_loss', 'v4_acc', 'v6_loss', 'v6_acc', 'c10_50k_loss', 'c10_50k_acc']) 
 c10h_outdir:  /tigress/ruairidh/model_results/run_1/saves/wrn_28_10/con_True_lr_0.001_seed_0
[2018/09/25 19:53:16 __main__ INFO] - Train 38
[2018/09/25 19:53:35 __main__ INFO] - TEST 38
[2018/09/25 19:54:24 __main__ INFO] - - epoch 38    c10h_train    : 0.3918 (acc: 0.9878) | c10h_val    : 0.4241 (acc: 0.9570)
[2018/09/25 19:54:24 __main__ INFO] - -            c10h_train_c10: 0.0026 (acc: 0.9954) | c10h_val_c10: 0.1397 (acc: 0.9580)
[2018/09/25 19:54:24 __main__ INFO] - -            v4            : 0.4101 (acc: 0.8956) |           v6: 0.3990 (acc: 0.9030)
[2018/09/25 19:54:24 __main__ INFO] - -            c10_50k       : 0.0036 (acc: 0.9994)
[2018/09/25 19:54:24 __main__ INFO] - Elapsed 48.89
keys:  dict_keys(['epoch', 'c10h_train_loss', 'c10h_train_acc', 'c10h_val_loss', 'c10h_val_acc', 'c10h_train_c10_loss', 'c10h_train_c10_acc', 'c10h_val_c10_loss', 'c10h_val_c10_acc', 'v4_loss', 'v4_acc', 'v6_loss', 'v6_acc', 'c10_50k_loss', 'c10_50k_acc']) 
 c10h_outdir:  /tigress/ruairidh/model_results/run_1/saves/wrn_28_10/con_True_lr_0.001_seed_0
[2018/09/25 19:54:26 __main__ INFO] - Train 39
[2018/09/25 19:54:45 __main__ INFO] - TEST 39
[2018/09/25 19:55:34 __main__ INFO] - - epoch 39    c10h_train    : 0.3971 (acc: 0.9879) | c10h_val    : 0.4309 (acc: 0.9600)
[2018/09/25 19:55:34 __main__ INFO] - -            c10h_train_c10: 0.0021 (acc: 0.9956) | c10h_val_c10: 0.1429 (acc: 0.9610)
[2018/09/25 19:55:34 __main__ INFO] - -            v4            : 0.4000 (acc: 0.9000) |           v6: 0.3986 (acc: 0.9005)
[2018/09/25 19:55:34 __main__ INFO] - -            c10_50k       : 0.0033 (acc: 0.9996)
[2018/09/25 19:55:34 __main__ INFO] - Elapsed 48.84
keys:  dict_keys(['epoch', 'c10h_train_loss', 'c10h_train_acc', 'c10h_val_loss', 'c10h_val_acc', 'c10h_train_c10_loss', 'c10h_train_c10_acc', 'c10h_val_c10_loss', 'c10h_val_c10_acc', 'v4_loss', 'v4_acc', 'v6_loss', 'v6_acc', 'c10_50k_loss', 'c10_50k_acc']) 
 c10h_outdir:  /tigress/ruairidh/model_results/run_1/saves/wrn_28_10/con_True_lr_0.001_seed_0
[2018/09/25 19:55:35 __main__ INFO] - Train 40
[2018/09/25 19:55:55 __main__ INFO] - TEST 40
[2018/09/25 19:56:44 __main__ INFO] - - epoch 40    c10h_train    : 0.3957 (acc: 0.9880) | c10h_val    : 0.4256 (acc: 0.9630)
[2018/09/25 19:56:44 __main__ INFO] - -            c10h_train_c10: 0.0022 (acc: 0.9956) | c10h_val_c10: 0.1367 (acc: 0.9640)
[2018/09/25 19:56:44 __main__ INFO] - -            v4            : 0.4267 (acc: 0.8906) |           v6: 0.3979 (acc: 0.9020)
[2018/09/25 19:56:44 __main__ INFO] - -            c10_50k       : 0.0035 (acc: 0.9995)
[2018/09/25 19:56:44 __main__ INFO] - Elapsed 48.91
keys:  dict_keys(['epoch', 'c10h_train_loss', 'c10h_train_acc', 'c10h_val_loss', 'c10h_val_acc', 'c10h_train_c10_loss', 'c10h_train_c10_acc', 'c10h_val_c10_loss', 'c10h_val_c10_acc', 'v4_loss', 'v4_acc', 'v6_loss', 'v6_acc', 'c10_50k_loss', 'c10_50k_acc']) 
 c10h_outdir:  /tigress/ruairidh/model_results/run_1/saves/wrn_28_10/con_True_lr_0.001_seed_0
[2018/09/25 19:56:46 __main__ INFO] - Train 41
[2018/09/25 19:57:05 __main__ INFO] - TEST 41
[2018/09/25 19:57:54 __main__ INFO] - - epoch 41    c10h_train    : 0.3954 (acc: 0.9879) | c10h_val    : 0.4266 (acc: 0.9610)
[2018/09/25 19:57:54 __main__ INFO] - -            c10h_train_c10: 0.0022 (acc: 0.9956) | c10h_val_c10: 0.1408 (acc: 0.9630)
[2018/09/25 19:57:54 __main__ INFO] - -            v4            : 0.4304 (acc: 0.8941) |           v6: 0.3996 (acc: 0.8980)
[2018/09/25 19:57:54 __main__ INFO] - -            c10_50k       : 0.0032 (acc: 0.9995)
[2018/09/25 19:57:54 __main__ INFO] - Elapsed 49.01
keys:  dict_keys(['epoch', 'c10h_train_loss', 'c10h_train_acc', 'c10h_val_loss', 'c10h_val_acc', 'c10h_train_c10_loss', 'c10h_train_c10_acc', 'c10h_val_c10_loss', 'c10h_val_c10_acc', 'v4_loss', 'v4_acc', 'v6_loss', 'v6_acc', 'c10_50k_loss', 'c10_50k_acc']) 
 c10h_outdir:  /tigress/ruairidh/model_results/run_1/saves/wrn_28_10/con_True_lr_0.001_seed_0
[2018/09/25 19:57:56 __main__ INFO] - Train 42
[2018/09/25 19:58:16 __main__ INFO] - TEST 42
[2018/09/25 19:59:04 __main__ INFO] - - epoch 42    c10h_train    : 0.3922 (acc: 0.9880) | c10h_val    : 0.4280 (acc: 0.9600)
[2018/09/25 19:59:05 __main__ INFO] - -            c10h_train_c10: 0.0021 (acc: 0.9956) | c10h_val_c10: 0.1435 (acc: 0.9620)
[2018/09/25 19:59:05 __main__ INFO] - -            v4            : 0.4401 (acc: 0.8926) |           v6: 0.4006 (acc: 0.9005)
[2018/09/25 19:59:05 __main__ INFO] - -            c10_50k       : 0.0031 (acc: 0.9996)
[2018/09/25 19:59:05 __main__ INFO] - Elapsed 48.82
keys:  dict_keys(['epoch', 'c10h_train_loss', 'c10h_train_acc', 'c10h_val_loss', 'c10h_val_acc', 'c10h_train_c10_loss', 'c10h_train_c10_acc', 'c10h_val_c10_loss', 'c10h_val_c10_acc', 'v4_loss', 'v4_acc', 'v6_loss', 'v6_acc', 'c10_50k_loss', 'c10_50k_acc']) 
 c10h_outdir:  /tigress/ruairidh/model_results/run_1/saves/wrn_28_10/con_True_lr_0.001_seed_0
[2018/09/25 19:59:06 __main__ INFO] - Train 43
[2018/09/25 19:59:26 __main__ INFO] - TEST 43
[2018/09/25 20:00:15 __main__ INFO] - - epoch 43    c10h_train    : 0.3974 (acc: 0.9878) | c10h_val    : 0.4304 (acc: 0.9610)
[2018/09/25 20:00:15 __main__ INFO] - -            c10h_train_c10: 0.0022 (acc: 0.9954) | c10h_val_c10: 0.1443 (acc: 0.9620)
[2018/09/25 20:00:15 __main__ INFO] - -            v4            : 0.4405 (acc: 0.8827) |           v6: 0.4029 (acc: 0.9020)
[2018/09/25 20:00:15 __main__ INFO] - -            c10_50k       : 0.0034 (acc: 0.9995)
[2018/09/25 20:00:15 __main__ INFO] - Elapsed 48.92
keys:  dict_keys(['epoch', 'c10h_train_loss', 'c10h_train_acc', 'c10h_val_loss', 'c10h_val_acc', 'c10h_train_c10_loss', 'c10h_train_c10_acc', 'c10h_val_c10_loss', 'c10h_val_c10_acc', 'v4_loss', 'v4_acc', 'v6_loss', 'v6_acc', 'c10_50k_loss', 'c10_50k_acc']) 
 c10h_outdir:  /tigress/ruairidh/model_results/run_1/saves/wrn_28_10/con_True_lr_0.001_seed_0
[2018/09/25 20:00:18 __main__ INFO] - Train 44
[2018/09/25 20:00:37 __main__ INFO] - TEST 44
[2018/09/25 20:01:26 __main__ INFO] - - epoch 44    c10h_train    : 0.3984 (acc: 0.9879) | c10h_val    : 0.4344 (acc: 0.9590)
[2018/09/25 20:01:26 __main__ INFO] - -            c10h_train_c10: 0.0020 (acc: 0.9956) | c10h_val_c10: 0.1468 (acc: 0.9600)
[2018/09/25 20:01:26 __main__ INFO] - -            v4            : 0.4359 (acc: 0.8857) |           v6: 0.4041 (acc: 0.8995)
[2018/09/25 20:01:26 __main__ INFO] - -            c10_50k       : 0.0034 (acc: 0.9996)
[2018/09/25 20:01:26 __main__ INFO] - Elapsed 49.02
keys:  dict_keys(['epoch', 'c10h_train_loss', 'c10h_train_acc', 'c10h_val_loss', 'c10h_val_acc', 'c10h_train_c10_loss', 'c10h_train_c10_acc', 'c10h_val_c10_loss', 'c10h_val_c10_acc', 'v4_loss', 'v4_acc', 'v6_loss', 'v6_acc', 'c10_50k_loss', 'c10_50k_acc']) 
 c10h_outdir:  /tigress/ruairidh/model_results/run_1/saves/wrn_28_10/con_True_lr_0.001_seed_0
[2018/09/25 20:01:28 __main__ INFO] - Train 45
[2018/09/25 20:01:47 __main__ INFO] - TEST 45
[2018/09/25 20:02:36 __main__ INFO] - - epoch 45    c10h_train    : 0.3998 (acc: 0.9877) | c10h_val    : 0.4289 (acc: 0.9610)
[2018/09/25 20:02:36 __main__ INFO] - -            c10h_train_c10: 0.0023 (acc: 0.9953) | c10h_val_c10: 0.1407 (acc: 0.9630)
[2018/09/25 20:02:36 __main__ INFO] - -            v4            : 0.4079 (acc: 0.8971) |           v6: 0.3951 (acc: 0.9015)
[2018/09/25 20:02:36 __main__ INFO] - -            c10_50k       : 0.0032 (acc: 0.9995)
[2018/09/25 20:02:36 __main__ INFO] - Elapsed 48.89
keys:  dict_keys(['epoch', 'c10h_train_loss', 'c10h_train_acc', 'c10h_val_loss', 'c10h_val_acc', 'c10h_train_c10_loss', 'c10h_train_c10_acc', 'c10h_val_c10_loss', 'c10h_val_c10_acc', 'v4_loss', 'v4_acc', 'v6_loss', 'v6_acc', 'c10_50k_loss', 'c10_50k_acc']) 
 c10h_outdir:  /tigress/ruairidh/model_results/run_1/saves/wrn_28_10/con_True_lr_0.001_seed_0
[2018/09/25 20:02:37 __main__ INFO] - Train 46
[2018/09/25 20:02:57 __main__ INFO] - TEST 46
[2018/09/25 20:03:45 __main__ INFO] - - epoch 46    c10h_train    : 0.3973 (acc: 0.9877) | c10h_val    : 0.4260 (acc: 0.9630)
[2018/09/25 20:03:46 __main__ INFO] - -            c10h_train_c10: 0.0022 (acc: 0.9953) | c10h_val_c10: 0.1399 (acc: 0.9650)
[2018/09/25 20:03:46 __main__ INFO] - -            v4            : 0.4272 (acc: 0.8926) |           v6: 0.3968 (acc: 0.9015)
[2018/09/25 20:03:46 __main__ INFO] - -            c10_50k       : 0.0035 (acc: 0.9994)
[2018/09/25 20:03:46 __main__ INFO] - Elapsed 48.56
keys:  dict_keys(['epoch', 'c10h_train_loss', 'c10h_train_acc', 'c10h_val_loss', 'c10h_val_acc', 'c10h_train_c10_loss', 'c10h_train_c10_acc', 'c10h_val_c10_loss', 'c10h_val_c10_acc', 'v4_loss', 'v4_acc', 'v6_loss', 'v6_acc', 'c10_50k_loss', 'c10_50k_acc']) 
 c10h_outdir:  /tigress/ruairidh/model_results/run_1/saves/wrn_28_10/con_True_lr_0.001_seed_0
[2018/09/25 20:03:49 __main__ INFO] - Train 47
[2018/09/25 20:04:09 __main__ INFO] - TEST 47
[2018/09/25 20:04:57 __main__ INFO] - - epoch 47    c10h_train    : 0.4016 (acc: 0.9879) | c10h_val    : 0.4277 (acc: 0.9640)
[2018/09/25 20:04:57 __main__ INFO] - -            c10h_train_c10: 0.0019 (acc: 0.9956) | c10h_val_c10: 0.1383 (acc: 0.9650)
[2018/09/25 20:04:57 __main__ INFO] - -            v4            : 0.4257 (acc: 0.8976) |           v6: 0.3947 (acc: 0.9040)
[2018/09/25 20:04:57 __main__ INFO] - -            c10_50k       : 0.0035 (acc: 0.9995)
[2018/09/25 20:04:57 __main__ INFO] - Elapsed 48.68
keys:  dict_keys(['epoch', 'c10h_train_loss', 'c10h_train_acc', 'c10h_val_loss', 'c10h_val_acc', 'c10h_train_c10_loss', 'c10h_train_c10_acc', 'c10h_val_c10_loss', 'c10h_val_c10_acc', 'v4_loss', 'v4_acc', 'v6_loss', 'v6_acc', 'c10_50k_loss', 'c10_50k_acc']) 
 c10h_outdir:  /tigress/ruairidh/model_results/run_1/saves/wrn_28_10/con_True_lr_0.001_seed_0
[2018/09/25 20:04:59 __main__ INFO] - Train 48
[2018/09/25 20:05:19 __main__ INFO] - TEST 48
[2018/09/25 20:06:07 __main__ INFO] - - epoch 48    c10h_train    : 0.3966 (acc: 0.9879) | c10h_val    : 0.4248 (acc: 0.9650)
[2018/09/25 20:06:07 __main__ INFO] - -            c10h_train_c10: 0.0021 (acc: 0.9956) | c10h_val_c10: 0.1402 (acc: 0.9670)
[2018/09/25 20:06:07 __main__ INFO] - -            v4            : 0.4464 (acc: 0.8906) |           v6: 0.3980 (acc: 0.9050)
[2018/09/25 20:06:07 __main__ INFO] - -            c10_50k       : 0.0030 (acc: 0.9996)
[2018/09/25 20:06:07 __main__ INFO] - Elapsed 48.71
keys:  dict_keys(['epoch', 'c10h_train_loss', 'c10h_train_acc', 'c10h_val_loss', 'c10h_val_acc', 'c10h_train_c10_loss', 'c10h_train_c10_acc', 'c10h_val_c10_loss', 'c10h_val_c10_acc', 'v4_loss', 'v4_acc', 'v6_loss', 'v6_acc', 'c10_50k_loss', 'c10_50k_acc']) 
 c10h_outdir:  /tigress/ruairidh/model_results/run_1/saves/wrn_28_10/con_True_lr_0.001_seed_0
[2018/09/25 20:06:08 __main__ INFO] - Train 49
[2018/09/25 20:06:27 __main__ INFO] - TEST 49
[2018/09/25 20:07:16 __main__ INFO] - - epoch 49    c10h_train    : 0.4001 (acc: 0.9879) | c10h_val    : 0.4360 (acc: 0.9630)
[2018/09/25 20:07:16 __main__ INFO] - -            c10h_train_c10: 0.0021 (acc: 0.9956) | c10h_val_c10: 0.1466 (acc: 0.9650)
[2018/09/25 20:07:16 __main__ INFO] - -            v4            : 0.4232 (acc: 0.8941) |           v6: 0.3963 (acc: 0.9045)
[2018/09/25 20:07:16 __main__ INFO] - -            c10_50k       : 0.0036 (acc: 0.9994)
[2018/09/25 20:07:16 __main__ INFO] - Elapsed 48.74
keys:  dict_keys(['epoch', 'c10h_train_loss', 'c10h_train_acc', 'c10h_val_loss', 'c10h_val_acc', 'c10h_train_c10_loss', 'c10h_train_c10_acc', 'c10h_val_c10_loss', 'c10h_val_c10_acc', 'v4_loss', 'v4_acc', 'v6_loss', 'v6_acc', 'c10_50k_loss', 'c10_50k_acc']) 
 c10h_outdir:  /tigress/ruairidh/model_results/run_1/saves/wrn_28_10/con_True_lr_0.001_seed_0
[2018/09/25 20:07:17 __main__ INFO] - Train 50
[2018/09/25 20:07:37 __main__ INFO] - TEST 50
[2018/09/25 20:08:24 __main__ INFO] - - epoch 50    c10h_train    : 0.3975 (acc: 0.9879) | c10h_val    : 0.4293 (acc: 0.9650)
[2018/09/25 20:08:24 __main__ INFO] - -            c10h_train_c10: 0.0019 (acc: 0.9956) | c10h_val_c10: 0.1392 (acc: 0.9670)
[2018/09/25 20:08:24 __main__ INFO] - -            v4            : 0.3993 (acc: 0.8931) |           v6: 0.3943 (acc: 0.9025)
[2018/09/25 20:08:24 __main__ INFO] - -            c10_50k       : 0.0035 (acc: 0.9994)
[2018/09/25 20:08:24 __main__ INFO] - Elapsed 47.64
keys:  dict_keys(['epoch', 'c10h_train_loss', 'c10h_train_acc', 'c10h_val_loss', 'c10h_val_acc', 'c10h_train_c10_loss', 'c10h_train_c10_acc', 'c10h_val_c10_loss', 'c10h_val_c10_acc', 'v4_loss', 'v4_acc', 'v6_loss', 'v6_acc', 'c10_50k_loss', 'c10_50k_acc']) 
 c10h_outdir:  /tigress/ruairidh/model_results/run_1/saves/wrn_28_10/con_True_lr_0.001_seed_0
[2018/09/25 20:08:25 __main__ INFO] - Train 51
[2018/09/25 20:08:44 __main__ INFO] - TEST 51
[2018/09/25 20:09:32 __main__ INFO] - - epoch 51    c10h_train    : 0.4013 (acc: 0.9879) | c10h_val    : 0.4361 (acc: 0.9580)
[2018/09/25 20:09:32 __main__ INFO] - -            c10h_train_c10: 0.0019 (acc: 0.9956) | c10h_val_c10: 0.1454 (acc: 0.9600)
[2018/09/25 20:09:32 __main__ INFO] - -            v4            : 0.4360 (acc: 0.8897) |           v6: 0.4000 (acc: 0.9040)
[2018/09/25 20:09:32 __main__ INFO] - -            c10_50k       : 0.0037 (acc: 0.9993)
[2018/09/25 20:09:32 __main__ INFO] - Elapsed 47.35
keys:  dict_keys(['epoch', 'c10h_train_loss', 'c10h_train_acc', 'c10h_val_loss', 'c10h_val_acc', 'c10h_train_c10_loss', 'c10h_train_c10_acc', 'c10h_val_c10_loss', 'c10h_val_c10_acc', 'v4_loss', 'v4_acc', 'v6_loss', 'v6_acc', 'c10_50k_loss', 'c10_50k_acc']) 
 c10h_outdir:  /tigress/ruairidh/model_results/run_1/saves/wrn_28_10/con_True_lr_0.001_seed_0
[2018/09/25 20:09:32 __main__ INFO] - Train 52
[2018/09/25 20:09:52 __main__ INFO] - TEST 52
[2018/09/25 20:10:39 __main__ INFO] - - epoch 52    c10h_train    : 0.4021 (acc: 0.9879) | c10h_val    : 0.4334 (acc: 0.9610)
[2018/09/25 20:10:39 __main__ INFO] - -            c10h_train_c10: 0.0018 (acc: 0.9956) | c10h_val_c10: 0.1449 (acc: 0.9620)
[2018/09/25 20:10:39 __main__ INFO] - -            v4            : 0.4089 (acc: 0.8951) |           v6: 0.3954 (acc: 0.9050)
[2018/09/25 20:10:39 __main__ INFO] - -            c10_50k       : 0.0036 (acc: 0.9994)
[2018/09/25 20:10:39 __main__ INFO] - Elapsed 47.75
keys:  dict_keys(['epoch', 'c10h_train_loss', 'c10h_train_acc', 'c10h_val_loss', 'c10h_val_acc', 'c10h_train_c10_loss', 'c10h_train_c10_acc', 'c10h_val_c10_loss', 'c10h_val_c10_acc', 'v4_loss', 'v4_acc', 'v6_loss', 'v6_acc', 'c10_50k_loss', 'c10_50k_acc']) 
 c10h_outdir:  /tigress/ruairidh/model_results/run_1/saves/wrn_28_10/con_True_lr_0.001_seed_0
[2018/09/25 20:10:41 __main__ INFO] - Train 53
[2018/09/25 20:11:00 __main__ INFO] - TEST 53
[2018/09/25 20:11:48 __main__ INFO] - - epoch 53    c10h_train    : 0.3992 (acc: 0.9879) | c10h_val    : 0.4290 (acc: 0.9590)
[2018/09/25 20:11:48 __main__ INFO] - -            c10h_train_c10: 0.0019 (acc: 0.9956) | c10h_val_c10: 0.1428 (acc: 0.9610)
[2018/09/25 20:11:48 __main__ INFO] - -            v4            : 0.4301 (acc: 0.8931) |           v6: 0.3923 (acc: 0.9045)
[2018/09/25 20:11:48 __main__ INFO] - -            c10_50k       : 0.0035 (acc: 0.9994)
[2018/09/25 20:11:48 __main__ INFO] - Elapsed 47.62
keys:  dict_keys(['epoch', 'c10h_train_loss', 'c10h_train_acc', 'c10h_val_loss', 'c10h_val_acc', 'c10h_train_c10_loss', 'c10h_train_c10_acc', 'c10h_val_c10_loss', 'c10h_val_c10_acc', 'v4_loss', 'v4_acc', 'v6_loss', 'v6_acc', 'c10_50k_loss', 'c10_50k_acc']) 
 c10h_outdir:  /tigress/ruairidh/model_results/run_1/saves/wrn_28_10/con_True_lr_0.001_seed_0
[2018/09/25 20:11:49 __main__ INFO] - Train 54
[2018/09/25 20:12:08 __main__ INFO] - TEST 54
[2018/09/25 20:12:56 __main__ INFO] - - epoch 54    c10h_train    : 0.4030 (acc: 0.9880) | c10h_val    : 0.4330 (acc: 0.9590)
[2018/09/25 20:12:56 __main__ INFO] - -            c10h_train_c10: 0.0017 (acc: 0.9956) | c10h_val_c10: 0.1452 (acc: 0.9600)
[2018/09/25 20:12:56 __main__ INFO] - -            v4            : 0.4559 (acc: 0.8887) |           v6: 0.3985 (acc: 0.9040)
[2018/09/25 20:12:56 __main__ INFO] - -            c10_50k       : 0.0034 (acc: 0.9995)
[2018/09/25 20:12:56 __main__ INFO] - Elapsed 47.85
keys:  dict_keys(['epoch', 'c10h_train_loss', 'c10h_train_acc', 'c10h_val_loss', 'c10h_val_acc', 'c10h_train_c10_loss', 'c10h_train_c10_acc', 'c10h_val_c10_loss', 'c10h_val_c10_acc', 'v4_loss', 'v4_acc', 'v6_loss', 'v6_acc', 'c10_50k_loss', 'c10_50k_acc']) 
 c10h_outdir:  /tigress/ruairidh/model_results/run_1/saves/wrn_28_10/con_True_lr_0.001_seed_0
[2018/09/25 20:12:57 __main__ INFO] - Train 55
[2018/09/25 20:13:17 __main__ INFO] - TEST 55
[2018/09/25 20:14:04 __main__ INFO] - - epoch 55    c10h_train    : 0.4017 (acc: 0.9877) | c10h_val    : 0.4309 (acc: 0.9600)
[2018/09/25 20:14:04 __main__ INFO] - -            c10h_train_c10: 0.0019 (acc: 0.9953) | c10h_val_c10: 0.1431 (acc: 0.9620)
[2018/09/25 20:14:04 __main__ INFO] - -            v4            : 0.4360 (acc: 0.8852) |           v6: 0.4030 (acc: 0.9030)
[2018/09/25 20:14:04 __main__ INFO] - -            c10_50k       : 0.0032 (acc: 0.9995)
[2018/09/25 20:14:04 __main__ INFO] - Elapsed 47.50
keys:  dict_keys(['epoch', 'c10h_train_loss', 'c10h_train_acc', 'c10h_val_loss', 'c10h_val_acc', 'c10h_train_c10_loss', 'c10h_train_c10_acc', 'c10h_val_c10_loss', 'c10h_val_c10_acc', 'v4_loss', 'v4_acc', 'v6_loss', 'v6_acc', 'c10_50k_loss', 'c10_50k_acc']) 
 c10h_outdir:  /tigress/ruairidh/model_results/run_1/saves/wrn_28_10/con_True_lr_0.001_seed_0
[2018/09/25 20:14:06 __main__ INFO] - Train 56
[2018/09/25 20:14:25 __main__ INFO] - TEST 56
[2018/09/25 20:15:13 __main__ INFO] - - epoch 56    c10h_train    : 0.3990 (acc: 0.9878) | c10h_val    : 0.4264 (acc: 0.9620)
[2018/09/25 20:15:13 __main__ INFO] - -            c10h_train_c10: 0.0020 (acc: 0.9954) | c10h_val_c10: 0.1415 (acc: 0.9640)
[2018/09/25 20:15:13 __main__ INFO] - -            v4            : 0.4450 (acc: 0.8887) |           v6: 0.3951 (acc: 0.9060)
[2018/09/25 20:15:13 __main__ INFO] - -            c10_50k       : 0.0032 (acc: 0.9995)
[2018/09/25 20:15:13 __main__ INFO] - Elapsed 48.06
keys:  dict_keys(['epoch', 'c10h_train_loss', 'c10h_train_acc', 'c10h_val_loss', 'c10h_val_acc', 'c10h_train_c10_loss', 'c10h_train_c10_acc', 'c10h_val_c10_loss', 'c10h_val_c10_acc', 'v4_loss', 'v4_acc', 'v6_loss', 'v6_acc', 'c10_50k_loss', 'c10_50k_acc']) 
 c10h_outdir:  /tigress/ruairidh/model_results/run_1/saves/wrn_28_10/con_True_lr_0.001_seed_0
[2018/09/25 20:15:15 __main__ INFO] - Train 57
[2018/09/25 20:15:35 __main__ INFO] - TEST 57
[2018/09/25 20:16:22 __main__ INFO] - - epoch 57    c10h_train    : 0.3990 (acc: 0.9880) | c10h_val    : 0.4330 (acc: 0.9600)
[2018/09/25 20:16:22 __main__ INFO] - -            c10h_train_c10: 0.0018 (acc: 0.9956) | c10h_val_c10: 0.1508 (acc: 0.9620)
[2018/09/25 20:16:22 __main__ INFO] - -            v4            : 0.4389 (acc: 0.8882) |           v6: 0.3902 (acc: 0.9070)
[2018/09/25 20:16:22 __main__ INFO] - -            c10_50k       : 0.0035 (acc: 0.9995)
[2018/09/25 20:16:22 __main__ INFO] - Elapsed 47.40
keys:  dict_keys(['epoch', 'c10h_train_loss', 'c10h_train_acc', 'c10h_val_loss', 'c10h_val_acc', 'c10h_train_c10_loss', 'c10h_train_c10_acc', 'c10h_val_c10_loss', 'c10h_val_c10_acc', 'v4_loss', 'v4_acc', 'v6_loss', 'v6_acc', 'c10_50k_loss', 'c10_50k_acc']) 
 c10h_outdir:  /tigress/ruairidh/model_results/run_1/saves/wrn_28_10/con_True_lr_0.001_seed_0
[2018/09/25 20:16:23 __main__ INFO] - Train 58
[2018/09/25 20:16:43 __main__ INFO] - TEST 58
[2018/09/25 20:17:30 __main__ INFO] - - epoch 58    c10h_train    : 0.4045 (acc: 0.9881) | c10h_val    : 0.4367 (acc: 0.9610)
[2018/09/25 20:17:30 __main__ INFO] - -            c10h_train_c10: 0.0018 (acc: 0.9956) | c10h_val_c10: 0.1466 (acc: 0.9630)
[2018/09/25 20:17:30 __main__ INFO] - -            v4            : 0.4229 (acc: 0.8946) |           v6: 0.3931 (acc: 0.9070)
[2018/09/25 20:17:30 __main__ INFO] - -            c10_50k       : 0.0033 (acc: 0.9995)
[2018/09/25 20:17:30 __main__ INFO] - Elapsed 47.52
keys:  dict_keys(['epoch', 'c10h_train_loss', 'c10h_train_acc', 'c10h_val_loss', 'c10h_val_acc', 'c10h_train_c10_loss', 'c10h_train_c10_acc', 'c10h_val_c10_loss', 'c10h_val_c10_acc', 'v4_loss', 'v4_acc', 'v6_loss', 'v6_acc', 'c10_50k_loss', 'c10_50k_acc']) 
 c10h_outdir:  /tigress/ruairidh/model_results/run_1/saves/wrn_28_10/con_True_lr_0.001_seed_0
[2018/09/25 20:17:32 __main__ INFO] - Train 59
[2018/09/25 20:17:51 __main__ INFO] - TEST 59
[2018/09/25 20:18:39 __main__ INFO] - - epoch 59    c10h_train    : 0.4044 (acc: 0.9879) | c10h_val    : 0.4353 (acc: 0.9580)
[2018/09/25 20:18:39 __main__ INFO] - -            c10h_train_c10: 0.0017 (acc: 0.9956) | c10h_val_c10: 0.1494 (acc: 0.9590)
[2018/09/25 20:18:39 __main__ INFO] - -            v4            : 0.4382 (acc: 0.8892) |           v6: 0.3973 (acc: 0.9045)
[2018/09/25 20:18:39 __main__ INFO] - -            c10_50k       : 0.0034 (acc: 0.9995)
[2018/09/25 20:18:39 __main__ INFO] - Elapsed 47.66
keys:  dict_keys(['epoch', 'c10h_train_loss', 'c10h_train_acc', 'c10h_val_loss', 'c10h_val_acc', 'c10h_train_c10_loss', 'c10h_train_c10_acc', 'c10h_val_c10_loss', 'c10h_val_c10_acc', 'v4_loss', 'v4_acc', 'v6_loss', 'v6_acc', 'c10_50k_loss', 'c10_50k_acc']) 
 c10h_outdir:  /tigress/ruairidh/model_results/run_1/saves/wrn_28_10/con_True_lr_0.001_seed_0
[2018/09/25 20:18:40 __main__ INFO] - Train 60
[2018/09/25 20:19:00 __main__ INFO] - TEST 60
[2018/09/25 20:19:47 __main__ INFO] - - epoch 60    c10h_train    : 0.4025 (acc: 0.9879) | c10h_val    : 0.4353 (acc: 0.9580)
[2018/09/25 20:19:47 __main__ INFO] - -            c10h_train_c10: 0.0018 (acc: 0.9956) | c10h_val_c10: 0.1472 (acc: 0.9590)
[2018/09/25 20:19:47 __main__ INFO] - -            v4            : 0.4299 (acc: 0.8936) |           v6: 0.3942 (acc: 0.9065)
[2018/09/25 20:19:47 __main__ INFO] - -            c10_50k       : 0.0031 (acc: 0.9994)
[2018/09/25 20:19:47 __main__ INFO] - Elapsed 47.54
keys:  dict_keys(['epoch', 'c10h_train_loss', 'c10h_train_acc', 'c10h_val_loss', 'c10h_val_acc', 'c10h_train_c10_loss', 'c10h_train_c10_acc', 'c10h_val_c10_loss', 'c10h_val_c10_acc', 'v4_loss', 'v4_acc', 'v6_loss', 'v6_acc', 'c10_50k_loss', 'c10_50k_acc']) 
 c10h_outdir:  /tigress/ruairidh/model_results/run_1/saves/wrn_28_10/con_True_lr_0.001_seed_0
[2018/09/25 20:19:49 __main__ INFO] - Train 61
[2018/09/25 20:20:08 __main__ INFO] - TEST 61
[2018/09/25 20:20:56 __main__ INFO] - - epoch 61    c10h_train    : 0.4039 (acc: 0.9880) | c10h_val    : 0.4341 (acc: 0.9610)
[2018/09/25 20:20:56 __main__ INFO] - -            c10h_train_c10: 0.0017 (acc: 0.9956) | c10h_val_c10: 0.1472 (acc: 0.9620)
[2018/09/25 20:20:56 __main__ INFO] - -            v4            : 0.4156 (acc: 0.8981) |           v6: 0.3966 (acc: 0.9090)
[2018/09/25 20:20:56 __main__ INFO] - -            c10_50k       : 0.0033 (acc: 0.9996)
[2018/09/25 20:20:56 __main__ INFO] - Elapsed 48.02
keys:  dict_keys(['epoch', 'c10h_train_loss', 'c10h_train_acc', 'c10h_val_loss', 'c10h_val_acc', 'c10h_train_c10_loss', 'c10h_train_c10_acc', 'c10h_val_c10_loss', 'c10h_val_c10_acc', 'v4_loss', 'v4_acc', 'v6_loss', 'v6_acc', 'c10_50k_loss', 'c10_50k_acc']) 
 c10h_outdir:  /tigress/ruairidh/model_results/run_1/saves/wrn_28_10/con_True_lr_0.001_seed_0
[2018/09/25 20:20:57 __main__ INFO] - Train 62
[2018/09/25 20:21:16 __main__ INFO] - TEST 62
[2018/09/25 20:22:04 __main__ INFO] - - epoch 62    c10h_train    : 0.4081 (acc: 0.9879) | c10h_val    : 0.4430 (acc: 0.9580)
[2018/09/25 20:22:04 __main__ INFO] - -            c10h_train_c10: 0.0017 (acc: 0.9956) | c10h_val_c10: 0.1524 (acc: 0.9590)
[2018/09/25 20:22:04 __main__ INFO] - -            v4            : 0.4424 (acc: 0.8946) |           v6: 0.3972 (acc: 0.9060)
[2018/09/25 20:22:04 __main__ INFO] - -            c10_50k       : 0.0037 (acc: 0.9995)
[2018/09/25 20:22:04 __main__ INFO] - Elapsed 47.54
keys:  dict_keys(['epoch', 'c10h_train_loss', 'c10h_train_acc', 'c10h_val_loss', 'c10h_val_acc', 'c10h_train_c10_loss', 'c10h_train_c10_acc', 'c10h_val_c10_loss', 'c10h_val_c10_acc', 'v4_loss', 'v4_acc', 'v6_loss', 'v6_acc', 'c10_50k_loss', 'c10_50k_acc']) 
 c10h_outdir:  /tigress/ruairidh/model_results/run_1/saves/wrn_28_10/con_True_lr_0.001_seed_0
[2018/09/25 20:22:04 __main__ INFO] - Train 63
[2018/09/25 20:22:24 __main__ INFO] - TEST 63
[2018/09/25 20:23:12 __main__ INFO] - - epoch 63    c10h_train    : 0.4065 (acc: 0.9879) | c10h_val    : 0.4360 (acc: 0.9610)
[2018/09/25 20:23:12 __main__ INFO] - -            c10h_train_c10: 0.0018 (acc: 0.9956) | c10h_val_c10: 0.1463 (acc: 0.9620)
[2018/09/25 20:23:12 __main__ INFO] - -            v4            : 0.4104 (acc: 0.8976) |           v6: 0.4008 (acc: 0.9070)
[2018/09/25 20:23:12 __main__ INFO] - -            c10_50k       : 0.0036 (acc: 0.9995)
[2018/09/25 20:23:12 __main__ INFO] - Elapsed 48.16
keys:  dict_keys(['epoch', 'c10h_train_loss', 'c10h_train_acc', 'c10h_val_loss', 'c10h_val_acc', 'c10h_train_c10_loss', 'c10h_train_c10_acc', 'c10h_val_c10_loss', 'c10h_val_c10_acc', 'v4_loss', 'v4_acc', 'v6_loss', 'v6_acc', 'c10_50k_loss', 'c10_50k_acc']) 
 c10h_outdir:  /tigress/ruairidh/model_results/run_1/saves/wrn_28_10/con_True_lr_0.001_seed_0
[2018/09/25 20:23:13 __main__ INFO] - Train 64
[2018/09/25 20:23:32 __main__ INFO] - TEST 64
[2018/09/25 20:24:20 __main__ INFO] - - epoch 64    c10h_train    : 0.4028 (acc: 0.9881) | c10h_val    : 0.4329 (acc: 0.9600)
[2018/09/25 20:24:20 __main__ INFO] - -            c10h_train_c10: 0.0017 (acc: 0.9956) | c10h_val_c10: 0.1437 (acc: 0.9610)
[2018/09/25 20:24:20 __main__ INFO] - -            v4            : 0.4385 (acc: 0.8936) |           v6: 0.3973 (acc: 0.9070)
[2018/09/25 20:24:20 __main__ INFO] - -            c10_50k       : 0.0031 (acc: 0.9995)
[2018/09/25 20:24:20 __main__ INFO] - Elapsed 48.02
keys:  dict_keys(['epoch', 'c10h_train_loss', 'c10h_train_acc', 'c10h_val_loss', 'c10h_val_acc', 'c10h_train_c10_loss', 'c10h_train_c10_acc', 'c10h_val_c10_loss', 'c10h_val_c10_acc', 'v4_loss', 'v4_acc', 'v6_loss', 'v6_acc', 'c10_50k_loss', 'c10_50k_acc']) 
 c10h_outdir:  /tigress/ruairidh/model_results/run_1/saves/wrn_28_10/con_True_lr_0.001_seed_0
[2018/09/25 20:24:21 __main__ INFO] - Train 65
[2018/09/25 20:24:40 __main__ INFO] - TEST 65
[2018/09/25 20:25:28 __main__ INFO] - - epoch 65    c10h_train    : 0.4039 (acc: 0.9880) | c10h_val    : 0.4352 (acc: 0.9600)
[2018/09/25 20:25:28 __main__ INFO] - -            c10h_train_c10: 0.0018 (acc: 0.9954) | c10h_val_c10: 0.1504 (acc: 0.9610)
[2018/09/25 20:25:28 __main__ INFO] - -            v4            : 0.4239 (acc: 0.8936) |           v6: 0.3971 (acc: 0.9045)
[2018/09/25 20:25:28 __main__ INFO] - -            c10_50k       : 0.0033 (acc: 0.9995)
[2018/09/25 20:25:28 __main__ INFO] - Elapsed 47.43
keys:  dict_keys(['epoch', 'c10h_train_loss', 'c10h_train_acc', 'c10h_val_loss', 'c10h_val_acc', 'c10h_train_c10_loss', 'c10h_train_c10_acc', 'c10h_val_c10_loss', 'c10h_val_c10_acc', 'v4_loss', 'v4_acc', 'v6_loss', 'v6_acc', 'c10_50k_loss', 'c10_50k_acc']) 
 c10h_outdir:  /tigress/ruairidh/model_results/run_1/saves/wrn_28_10/con_True_lr_0.001_seed_0
[2018/09/25 20:25:31 __main__ INFO] - Train 66
[2018/09/25 20:25:50 __main__ INFO] - TEST 66
[2018/09/25 20:26:38 __main__ INFO] - - epoch 66    c10h_train    : 0.4033 (acc: 0.9879) | c10h_val    : 0.4306 (acc: 0.9590)
[2018/09/25 20:26:38 __main__ INFO] - -            c10h_train_c10: 0.0017 (acc: 0.9956) | c10h_val_c10: 0.1451 (acc: 0.9600)
[2018/09/25 20:26:38 __main__ INFO] - -            v4            : 0.4218 (acc: 0.8966) |           v6: 0.3963 (acc: 0.9075)
[2018/09/25 20:26:38 __main__ INFO] - -            c10_50k       : 0.0031 (acc: 0.9995)
[2018/09/25 20:26:38 __main__ INFO] - Elapsed 47.64
keys:  dict_keys(['epoch', 'c10h_train_loss', 'c10h_train_acc', 'c10h_val_loss', 'c10h_val_acc', 'c10h_train_c10_loss', 'c10h_train_c10_acc', 'c10h_val_c10_loss', 'c10h_val_c10_acc', 'v4_loss', 'v4_acc', 'v6_loss', 'v6_acc', 'c10_50k_loss', 'c10_50k_acc']) 
 c10h_outdir:  /tigress/ruairidh/model_results/run_1/saves/wrn_28_10/con_True_lr_0.001_seed_0
[2018/09/25 20:26:41 __main__ INFO] - Train 67
[2018/09/25 20:27:00 __main__ INFO] - TEST 67
[2018/09/25 20:27:49 __main__ INFO] - - epoch 67    c10h_train    : 0.4070 (acc: 0.9878) | c10h_val    : 0.4349 (acc: 0.9600)
[2018/09/25 20:27:49 __main__ INFO] - -            c10h_train_c10: 0.0017 (acc: 0.9954) | c10h_val_c10: 0.1446 (acc: 0.9610)
[2018/09/25 20:27:49 __main__ INFO] - -            v4            : 0.4524 (acc: 0.8902) |           v6: 0.3928 (acc: 0.9075)
[2018/09/25 20:27:49 __main__ INFO] - -            c10_50k       : 0.0031 (acc: 0.9996)
[2018/09/25 20:27:49 __main__ INFO] - Elapsed 48.43
keys:  dict_keys(['epoch', 'c10h_train_loss', 'c10h_train_acc', 'c10h_val_loss', 'c10h_val_acc', 'c10h_train_c10_loss', 'c10h_train_c10_acc', 'c10h_val_c10_loss', 'c10h_val_c10_acc', 'v4_loss', 'v4_acc', 'v6_loss', 'v6_acc', 'c10_50k_loss', 'c10_50k_acc']) 
 c10h_outdir:  /tigress/ruairidh/model_results/run_1/saves/wrn_28_10/con_True_lr_0.001_seed_0
[2018/09/25 20:27:51 __main__ INFO] - Train 68
[2018/09/25 20:28:11 __main__ INFO] - TEST 68
[2018/09/25 20:28:59 __main__ INFO] - - epoch 68    c10h_train    : 0.4028 (acc: 0.9879) | c10h_val    : 0.4298 (acc: 0.9600)
[2018/09/25 20:28:59 __main__ INFO] - -            c10h_train_c10: 0.0018 (acc: 0.9956) | c10h_val_c10: 0.1437 (acc: 0.9620)
[2018/09/25 20:28:59 __main__ INFO] - -            v4            : 0.4328 (acc: 0.8961) |           v6: 0.3907 (acc: 0.9085)
[2018/09/25 20:28:59 __main__ INFO] - -            c10_50k       : 0.0036 (acc: 0.9994)
[2018/09/25 20:28:59 __main__ INFO] - Elapsed 48.10
keys:  dict_keys(['epoch', 'c10h_train_loss', 'c10h_train_acc', 'c10h_val_loss', 'c10h_val_acc', 'c10h_train_c10_loss', 'c10h_train_c10_acc', 'c10h_val_c10_loss', 'c10h_val_c10_acc', 'v4_loss', 'v4_acc', 'v6_loss', 'v6_acc', 'c10_50k_loss', 'c10_50k_acc']) 
 c10h_outdir:  /tigress/ruairidh/model_results/run_1/saves/wrn_28_10/con_True_lr_0.001_seed_0
[2018/09/25 20:29:01 __main__ INFO] - Train 69
[2018/09/25 20:29:21 __main__ INFO] - TEST 69
[2018/09/25 20:30:08 __main__ INFO] - - epoch 69    c10h_train    : 0.4051 (acc: 0.9879) | c10h_val    : 0.4357 (acc: 0.9620)
[2018/09/25 20:30:08 __main__ INFO] - -            c10h_train_c10: 0.0016 (acc: 0.9956) | c10h_val_c10: 0.1475 (acc: 0.9640)
[2018/09/25 20:30:08 __main__ INFO] - -            v4            : 0.4363 (acc: 0.8941) |           v6: 0.3953 (acc: 0.9055)
[2018/09/25 20:30:08 __main__ INFO] - -            c10_50k       : 0.0031 (acc: 0.9995)
[2018/09/25 20:30:08 __main__ INFO] - Elapsed 47.56
keys:  dict_keys(['epoch', 'c10h_train_loss', 'c10h_train_acc', 'c10h_val_loss', 'c10h_val_acc', 'c10h_train_c10_loss', 'c10h_train_c10_acc', 'c10h_val_c10_loss', 'c10h_val_c10_acc', 'v4_loss', 'v4_acc', 'v6_loss', 'v6_acc', 'c10_50k_loss', 'c10_50k_acc']) 
 c10h_outdir:  /tigress/ruairidh/model_results/run_1/saves/wrn_28_10/con_True_lr_0.001_seed_0
[2018/09/25 20:30:11 __main__ INFO] - Train 70
[2018/09/25 20:30:30 __main__ INFO] - TEST 70
[2018/09/25 20:31:18 __main__ INFO] - - epoch 70    c10h_train    : 0.4067 (acc: 0.9879) | c10h_val    : 0.4348 (acc: 0.9580)
[2018/09/25 20:31:18 __main__ INFO] - -            c10h_train_c10: 0.0016 (acc: 0.9956) | c10h_val_c10: 0.1482 (acc: 0.9590)
[2018/09/25 20:31:18 __main__ INFO] - -            v4            : 0.4035 (acc: 0.9005) |           v6: 0.3982 (acc: 0.9050)
[2018/09/25 20:31:18 __main__ INFO] - -            c10_50k       : 0.0030 (acc: 0.9996)
[2018/09/25 20:31:18 __main__ INFO] - Elapsed 47.60
keys:  dict_keys(['epoch', 'c10h_train_loss', 'c10h_train_acc', 'c10h_val_loss', 'c10h_val_acc', 'c10h_train_c10_loss', 'c10h_train_c10_acc', 'c10h_val_c10_loss', 'c10h_val_c10_acc', 'v4_loss', 'v4_acc', 'v6_loss', 'v6_acc', 'c10_50k_loss', 'c10_50k_acc']) 
 c10h_outdir:  /tigress/ruairidh/model_results/run_1/saves/wrn_28_10/con_True_lr_0.001_seed_0
[2018/09/25 20:31:22 __main__ INFO] - Train 71
[2018/09/25 20:31:41 __main__ INFO] - TEST 71
[2018/09/25 20:32:29 __main__ INFO] - - epoch 71    c10h_train    : 0.4044 (acc: 0.9880) | c10h_val    : 0.4332 (acc: 0.9610)
[2018/09/25 20:32:29 __main__ INFO] - -            c10h_train_c10: 0.0017 (acc: 0.9956) | c10h_val_c10: 0.1456 (acc: 0.9620)
[2018/09/25 20:32:29 __main__ INFO] - -            v4            : 0.4127 (acc: 0.8916) |           v6: 0.3909 (acc: 0.9085)
[2018/09/25 20:32:29 __main__ INFO] - -            c10_50k       : 0.0033 (acc: 0.9995)
[2018/09/25 20:32:29 __main__ INFO] - Elapsed 47.78
keys:  dict_keys(['epoch', 'c10h_train_loss', 'c10h_train_acc', 'c10h_val_loss', 'c10h_val_acc', 'c10h_train_c10_loss', 'c10h_train_c10_acc', 'c10h_val_c10_loss', 'c10h_val_c10_acc', 'v4_loss', 'v4_acc', 'v6_loss', 'v6_acc', 'c10_50k_loss', 'c10_50k_acc']) 
 c10h_outdir:  /tigress/ruairidh/model_results/run_1/saves/wrn_28_10/con_True_lr_0.001_seed_0
[2018/09/25 20:32:31 __main__ INFO] - Train 72
[2018/09/25 20:32:50 __main__ INFO] - TEST 72
[2018/09/25 20:33:38 __main__ INFO] - - epoch 72    c10h_train    : 0.4041 (acc: 0.9879) | c10h_val    : 0.4318 (acc: 0.9610)
[2018/09/25 20:33:38 __main__ INFO] - -            c10h_train_c10: 0.0016 (acc: 0.9956) | c10h_val_c10: 0.1449 (acc: 0.9630)
[2018/09/25 20:33:38 __main__ INFO] - -            v4            : 0.4047 (acc: 0.8996) |           v6: 0.3909 (acc: 0.9105)
[2018/09/25 20:33:38 __main__ INFO] - -            c10_50k       : 0.0031 (acc: 0.9995)
[2018/09/25 20:33:38 __main__ INFO] - Elapsed 47.80
keys:  dict_keys(['epoch', 'c10h_train_loss', 'c10h_train_acc', 'c10h_val_loss', 'c10h_val_acc', 'c10h_train_c10_loss', 'c10h_train_c10_acc', 'c10h_val_c10_loss', 'c10h_val_c10_acc', 'v4_loss', 'v4_acc', 'v6_loss', 'v6_acc', 'c10_50k_loss', 'c10_50k_acc']) 
 c10h_outdir:  /tigress/ruairidh/model_results/run_1/saves/wrn_28_10/con_True_lr_0.001_seed_0
[2018/09/25 20:33:40 __main__ INFO] - Train 73
[2018/09/25 20:33:59 __main__ INFO] - TEST 73
[2018/09/25 20:34:47 __main__ INFO] - - epoch 73    c10h_train    : 0.4046 (acc: 0.9879) | c10h_val    : 0.4317 (acc: 0.9610)
[2018/09/25 20:34:47 __main__ INFO] - -            c10h_train_c10: 0.0017 (acc: 0.9956) | c10h_val_c10: 0.1462 (acc: 0.9630)
[2018/09/25 20:34:47 __main__ INFO] - -            v4            : 0.4380 (acc: 0.8916) |           v6: 0.3926 (acc: 0.9035)
[2018/09/25 20:34:47 __main__ INFO] - -            c10_50k       : 0.0034 (acc: 0.9994)
[2018/09/25 20:34:47 __main__ INFO] - Elapsed 47.62
keys:  dict_keys(['epoch', 'c10h_train_loss', 'c10h_train_acc', 'c10h_val_loss', 'c10h_val_acc', 'c10h_train_c10_loss', 'c10h_train_c10_acc', 'c10h_val_c10_loss', 'c10h_val_c10_acc', 'v4_loss', 'v4_acc', 'v6_loss', 'v6_acc', 'c10_50k_loss', 'c10_50k_acc']) 
 c10h_outdir:  /tigress/ruairidh/model_results/run_1/saves/wrn_28_10/con_True_lr_0.001_seed_0
[2018/09/25 20:34:49 __main__ INFO] - Train 74
[2018/09/25 20:35:08 __main__ INFO] - TEST 74
[2018/09/25 20:35:56 __main__ INFO] - - epoch 74    c10h_train    : 0.4055 (acc: 0.9879) | c10h_val    : 0.4334 (acc: 0.9610)
[2018/09/25 20:35:56 __main__ INFO] - -            c10h_train_c10: 0.0016 (acc: 0.9956) | c10h_val_c10: 0.1463 (acc: 0.9630)
[2018/09/25 20:35:56 __main__ INFO] - -            v4            : 0.4279 (acc: 0.8931) |           v6: 0.3955 (acc: 0.9060)
[2018/09/25 20:35:56 __main__ INFO] - -            c10_50k       : 0.0030 (acc: 0.9996)
[2018/09/25 20:35:56 __main__ INFO] - Elapsed 47.83
keys:  dict_keys(['epoch', 'c10h_train_loss', 'c10h_train_acc', 'c10h_val_loss', 'c10h_val_acc', 'c10h_train_c10_loss', 'c10h_train_c10_acc', 'c10h_val_c10_loss', 'c10h_val_c10_acc', 'v4_loss', 'v4_acc', 'v6_loss', 'v6_acc', 'c10_50k_loss', 'c10_50k_acc']) 
 c10h_outdir:  /tigress/ruairidh/model_results/run_1/saves/wrn_28_10/con_True_lr_0.001_seed_0
[2018/09/25 20:35:57 __main__ INFO] - Train 75
[2018/09/25 20:36:16 __main__ INFO] - TEST 75
[2018/09/25 20:37:03 __main__ INFO] - - epoch 75    c10h_train    : 0.4052 (acc: 0.9879) | c10h_val    : 0.4321 (acc: 0.9630)
[2018/09/25 20:37:03 __main__ INFO] - -            c10h_train_c10: 0.0016 (acc: 0.9956) | c10h_val_c10: 0.1457 (acc: 0.9650)
[2018/09/25 20:37:03 __main__ INFO] - -            v4            : 0.4365 (acc: 0.8872) |           v6: 0.3969 (acc: 0.9045)
[2018/09/25 20:37:03 __main__ INFO] - -            c10_50k       : 0.0031 (acc: 0.9995)
[2018/09/25 20:37:03 __main__ INFO] - Elapsed 47.18
keys:  dict_keys(['epoch', 'c10h_train_loss', 'c10h_train_acc', 'c10h_val_loss', 'c10h_val_acc', 'c10h_train_c10_loss', 'c10h_train_c10_acc', 'c10h_val_c10_loss', 'c10h_val_c10_acc', 'v4_loss', 'v4_acc', 'v6_loss', 'v6_acc', 'c10_50k_loss', 'c10_50k_acc']) 
 c10h_outdir:  /tigress/ruairidh/model_results/run_1/saves/wrn_28_10/con_True_lr_0.001_seed_0
[2018/09/25 20:37:04 __main__ INFO] - Train 76
[2018/09/25 20:37:23 __main__ INFO] - TEST 76
[2018/09/25 20:38:11 __main__ INFO] - - epoch 76    c10h_train    : 0.4056 (acc: 0.9879) | c10h_val    : 0.4334 (acc: 0.9610)
[2018/09/25 20:38:11 __main__ INFO] - -            c10h_train_c10: 0.0016 (acc: 0.9956) | c10h_val_c10: 0.1463 (acc: 0.9630)
[2018/09/25 20:38:11 __main__ INFO] - -            v4            : 0.4247 (acc: 0.8902) |           v6: 0.4001 (acc: 0.9045)
[2018/09/25 20:38:11 __main__ INFO] - -            c10_50k       : 0.0035 (acc: 0.9994)
[2018/09/25 20:38:11 __main__ INFO] - Elapsed 47.50
keys:  dict_keys(['epoch', 'c10h_train_loss', 'c10h_train_acc', 'c10h_val_loss', 'c10h_val_acc', 'c10h_train_c10_loss', 'c10h_train_c10_acc', 'c10h_val_c10_loss', 'c10h_val_c10_acc', 'v4_loss', 'v4_acc', 'v6_loss', 'v6_acc', 'c10_50k_loss', 'c10_50k_acc']) 
 c10h_outdir:  /tigress/ruairidh/model_results/run_1/saves/wrn_28_10/con_True_lr_0.001_seed_0
[2018/09/25 20:38:12 __main__ INFO] - Train 77
[2018/09/25 20:38:31 __main__ INFO] - TEST 77
[2018/09/25 20:39:19 __main__ INFO] - - epoch 77    c10h_train    : 0.4054 (acc: 0.9880) | c10h_val    : 0.4333 (acc: 0.9580)
[2018/09/25 20:39:19 __main__ INFO] - -            c10h_train_c10: 0.0017 (acc: 0.9956) | c10h_val_c10: 0.1468 (acc: 0.9590)
[2018/09/25 20:39:19 __main__ INFO] - -            v4            : 0.4152 (acc: 0.8911) |           v6: 0.3888 (acc: 0.9075)
[2018/09/25 20:39:19 __main__ INFO] - -            c10_50k       : 0.0032 (acc: 0.9994)
[2018/09/25 20:39:19 __main__ INFO] - Elapsed 47.92
keys:  dict_keys(['epoch', 'c10h_train_loss', 'c10h_train_acc', 'c10h_val_loss', 'c10h_val_acc', 'c10h_train_c10_loss', 'c10h_train_c10_acc', 'c10h_val_c10_loss', 'c10h_val_c10_acc', 'v4_loss', 'v4_acc', 'v6_loss', 'v6_acc', 'c10_50k_loss', 'c10_50k_acc']) 
 c10h_outdir:  /tigress/ruairidh/model_results/run_1/saves/wrn_28_10/con_True_lr_0.001_seed_0
[2018/09/25 20:39:22 __main__ INFO] - Train 78
[2018/09/25 20:39:41 __main__ INFO] - TEST 78
[2018/09/25 20:40:29 __main__ INFO] - - epoch 78    c10h_train    : 0.4075 (acc: 0.9879) | c10h_val    : 0.4347 (acc: 0.9610)
[2018/09/25 20:40:29 __main__ INFO] - -            c10h_train_c10: 0.0016 (acc: 0.9956) | c10h_val_c10: 0.1444 (acc: 0.9620)
[2018/09/25 20:40:29 __main__ INFO] - -            v4            : 0.4248 (acc: 0.8921) |           v6: 0.3924 (acc: 0.9080)
[2018/09/25 20:40:29 __main__ INFO] - -            c10_50k       : 0.0031 (acc: 0.9995)
[2018/09/25 20:40:29 __main__ INFO] - Elapsed 47.75
keys:  dict_keys(['epoch', 'c10h_train_loss', 'c10h_train_acc', 'c10h_val_loss', 'c10h_val_acc', 'c10h_train_c10_loss', 'c10h_train_c10_acc', 'c10h_val_c10_loss', 'c10h_val_c10_acc', 'v4_loss', 'v4_acc', 'v6_loss', 'v6_acc', 'c10_50k_loss', 'c10_50k_acc']) 
 c10h_outdir:  /tigress/ruairidh/model_results/run_1/saves/wrn_28_10/con_True_lr_0.001_seed_0
[2018/09/25 20:40:31 __main__ INFO] - Train 79
[2018/09/25 20:40:50 __main__ INFO] - TEST 79
[2018/09/25 20:41:38 __main__ INFO] - - epoch 79    c10h_train    : 0.4086 (acc: 0.9879) | c10h_val    : 0.4368 (acc: 0.9600)
[2018/09/25 20:41:38 __main__ INFO] - -            c10h_train_c10: 0.0016 (acc: 0.9956) | c10h_val_c10: 0.1473 (acc: 0.9620)
[2018/09/25 20:41:38 __main__ INFO] - -            v4            : 0.4198 (acc: 0.8986) |           v6: 0.3911 (acc: 0.9070)
[2018/09/25 20:41:38 __main__ INFO] - -            c10_50k       : 0.0027 (acc: 0.9996)
[2018/09/25 20:41:38 __main__ INFO] - Elapsed 47.88
keys:  dict_keys(['epoch', 'c10h_train_loss', 'c10h_train_acc', 'c10h_val_loss', 'c10h_val_acc', 'c10h_train_c10_loss', 'c10h_train_c10_acc', 'c10h_val_c10_loss', 'c10h_val_c10_acc', 'v4_loss', 'v4_acc', 'v6_loss', 'v6_acc', 'c10_50k_loss', 'c10_50k_acc']) 
 c10h_outdir:  /tigress/ruairidh/model_results/run_1/saves/wrn_28_10/con_True_lr_0.001_seed_0
[2018/09/25 20:41:40 __main__ INFO] - Train 80
[2018/09/25 20:41:59 __main__ INFO] - TEST 80
[2018/09/25 20:42:47 __main__ INFO] - - epoch 80    c10h_train    : 0.4051 (acc: 0.9879) | c10h_val    : 0.4330 (acc: 0.9600)
[2018/09/25 20:42:47 __main__ INFO] - -            c10h_train_c10: 0.0016 (acc: 0.9956) | c10h_val_c10: 0.1439 (acc: 0.9620)
[2018/09/25 20:42:47 __main__ INFO] - -            v4            : 0.4071 (acc: 0.8961) |           v6: 0.3876 (acc: 0.9085)
[2018/09/25 20:42:47 __main__ INFO] - -            c10_50k       : 0.0031 (acc: 0.9994)
[2018/09/25 20:42:47 __main__ INFO] - Elapsed 47.51
keys:  dict_keys(['epoch', 'c10h_train_loss', 'c10h_train_acc', 'c10h_val_loss', 'c10h_val_acc', 'c10h_train_c10_loss', 'c10h_train_c10_acc', 'c10h_val_c10_loss', 'c10h_val_c10_acc', 'v4_loss', 'v4_acc', 'v6_loss', 'v6_acc', 'c10_50k_loss', 'c10_50k_acc']) 
 c10h_outdir:  /tigress/ruairidh/model_results/run_1/saves/wrn_28_10/con_True_lr_0.001_seed_0
[2018/09/25 20:42:47 __main__ INFO] - Train 81
[2018/09/25 20:43:07 __main__ INFO] - TEST 81
[2018/09/25 20:43:54 __main__ INFO] - - epoch 81    c10h_train    : 0.4032 (acc: 0.9879) | c10h_val    : 0.4345 (acc: 0.9600)
[2018/09/25 20:43:54 __main__ INFO] - -            c10h_train_c10: 0.0016 (acc: 0.9956) | c10h_val_c10: 0.1478 (acc: 0.9620)
[2018/09/25 20:43:54 __main__ INFO] - -            v4            : 0.4383 (acc: 0.8842) |           v6: 0.3941 (acc: 0.9070)
[2018/09/25 20:43:54 __main__ INFO] - -            c10_50k       : 0.0031 (acc: 0.9995)
[2018/09/25 20:43:54 __main__ INFO] - Elapsed 47.66
keys:  dict_keys(['epoch', 'c10h_train_loss', 'c10h_train_acc', 'c10h_val_loss', 'c10h_val_acc', 'c10h_train_c10_loss', 'c10h_train_c10_acc', 'c10h_val_c10_loss', 'c10h_val_c10_acc', 'v4_loss', 'v4_acc', 'v6_loss', 'v6_acc', 'c10_50k_loss', 'c10_50k_acc']) 
 c10h_outdir:  /tigress/ruairidh/model_results/run_1/saves/wrn_28_10/con_True_lr_0.001_seed_0
[2018/09/25 20:43:56 __main__ INFO] - Train 82
[2018/09/25 20:44:16 __main__ INFO] - TEST 82
[2018/09/25 20:45:03 __main__ INFO] - - epoch 82    c10h_train    : 0.4093 (acc: 0.9879) | c10h_val    : 0.4373 (acc: 0.9600)
[2018/09/25 20:45:03 __main__ INFO] - -            c10h_train_c10: 0.0016 (acc: 0.9956) | c10h_val_c10: 0.1470 (acc: 0.9620)
[2018/09/25 20:45:03 __main__ INFO] - -            v4            : 0.4261 (acc: 0.9015) |           v6: 0.3927 (acc: 0.9080)
[2018/09/25 20:45:03 __main__ INFO] - -            c10_50k       : 0.0031 (acc: 0.9995)
[2018/09/25 20:45:03 __main__ INFO] - Elapsed 47.48
keys:  dict_keys(['epoch', 'c10h_train_loss', 'c10h_train_acc', 'c10h_val_loss', 'c10h_val_acc', 'c10h_train_c10_loss', 'c10h_train_c10_acc', 'c10h_val_c10_loss', 'c10h_val_c10_acc', 'v4_loss', 'v4_acc', 'v6_loss', 'v6_acc', 'c10_50k_loss', 'c10_50k_acc']) 
 c10h_outdir:  /tigress/ruairidh/model_results/run_1/saves/wrn_28_10/con_True_lr_0.001_seed_0
[2018/09/25 20:45:04 __main__ INFO] - Train 83
[2018/09/25 20:45:24 __main__ INFO] - TEST 83
[2018/09/25 20:46:11 __main__ INFO] - - epoch 83    c10h_train    : 0.4052 (acc: 0.9879) | c10h_val    : 0.4333 (acc: 0.9600)
[2018/09/25 20:46:12 __main__ INFO] - -            c10h_train_c10: 0.0016 (acc: 0.9956) | c10h_val_c10: 0.1457 (acc: 0.9610)
[2018/09/25 20:46:12 __main__ INFO] - -            v4            : 0.4246 (acc: 0.8902) |           v6: 0.3898 (acc: 0.9075)
[2018/09/25 20:46:12 __main__ INFO] - -            c10_50k       : 0.0032 (acc: 0.9994)
[2018/09/25 20:46:12 __main__ INFO] - Elapsed 47.74
keys:  dict_keys(['epoch', 'c10h_train_loss', 'c10h_train_acc', 'c10h_val_loss', 'c10h_val_acc', 'c10h_train_c10_loss', 'c10h_train_c10_acc', 'c10h_val_c10_loss', 'c10h_val_c10_acc', 'v4_loss', 'v4_acc', 'v6_loss', 'v6_acc', 'c10_50k_loss', 'c10_50k_acc']) 
 c10h_outdir:  /tigress/ruairidh/model_results/run_1/saves/wrn_28_10/con_True_lr_0.001_seed_0
[2018/09/25 20:46:13 __main__ INFO] - Train 84
[2018/09/25 20:46:32 __main__ INFO] - TEST 84
[2018/09/25 20:47:19 __main__ INFO] - - epoch 84    c10h_train    : 0.4062 (acc: 0.9880) | c10h_val    : 0.4367 (acc: 0.9600)
[2018/09/25 20:47:20 __main__ INFO] - -            c10h_train_c10: 0.0016 (acc: 0.9956) | c10h_val_c10: 0.1480 (acc: 0.9610)
[2018/09/25 20:47:20 __main__ INFO] - -            v4            : 0.4017 (acc: 0.8902) |           v6: 0.3886 (acc: 0.9085)
[2018/09/25 20:47:20 __main__ INFO] - -            c10_50k       : 0.0029 (acc: 0.9995)
[2018/09/25 20:47:20 __main__ INFO] - Elapsed 47.44
keys:  dict_keys(['epoch', 'c10h_train_loss', 'c10h_train_acc', 'c10h_val_loss', 'c10h_val_acc', 'c10h_train_c10_loss', 'c10h_train_c10_acc', 'c10h_val_c10_loss', 'c10h_val_c10_acc', 'v4_loss', 'v4_acc', 'v6_loss', 'v6_acc', 'c10_50k_loss', 'c10_50k_acc']) 
 c10h_outdir:  /tigress/ruairidh/model_results/run_1/saves/wrn_28_10/con_True_lr_0.001_seed_0
[2018/09/25 20:47:20 __main__ INFO] - Train 85
[2018/09/25 20:47:39 __main__ INFO] - TEST 85
[2018/09/25 20:48:27 __main__ INFO] - - epoch 85    c10h_train    : 0.4048 (acc: 0.9880) | c10h_val    : 0.4383 (acc: 0.9560)
[2018/09/25 20:48:27 __main__ INFO] - -            c10h_train_c10: 0.0016 (acc: 0.9956) | c10h_val_c10: 0.1508 (acc: 0.9570)
[2018/09/25 20:48:27 __main__ INFO] - -            v4            : 0.4208 (acc: 0.8902) |           v6: 0.3965 (acc: 0.9070)
[2018/09/25 20:48:27 __main__ INFO] - -            c10_50k       : 0.0034 (acc: 0.9994)
[2018/09/25 20:48:27 __main__ INFO] - Elapsed 47.70
keys:  dict_keys(['epoch', 'c10h_train_loss', 'c10h_train_acc', 'c10h_val_loss', 'c10h_val_acc', 'c10h_train_c10_loss', 'c10h_train_c10_acc', 'c10h_val_c10_loss', 'c10h_val_c10_acc', 'v4_loss', 'v4_acc', 'v6_loss', 'v6_acc', 'c10_50k_loss', 'c10_50k_acc']) 
 c10h_outdir:  /tigress/ruairidh/model_results/run_1/saves/wrn_28_10/con_True_lr_0.001_seed_0
[2018/09/25 20:48:28 __main__ INFO] - Train 86
[2018/09/25 20:48:48 __main__ INFO] - TEST 86
[2018/09/25 20:49:35 __main__ INFO] - - epoch 86    c10h_train    : 0.4062 (acc: 0.9879) | c10h_val    : 0.4366 (acc: 0.9620)
[2018/09/25 20:49:35 __main__ INFO] - -            c10h_train_c10: 0.0016 (acc: 0.9956) | c10h_val_c10: 0.1456 (acc: 0.9640)
[2018/09/25 20:49:35 __main__ INFO] - -            v4            : 0.4252 (acc: 0.8892) |           v6: 0.4020 (acc: 0.9060)
[2018/09/25 20:49:35 __main__ INFO] - -            c10_50k       : 0.0035 (acc: 0.9994)
[2018/09/25 20:49:35 __main__ INFO] - Elapsed 47.67
keys:  dict_keys(['epoch', 'c10h_train_loss', 'c10h_train_acc', 'c10h_val_loss', 'c10h_val_acc', 'c10h_train_c10_loss', 'c10h_train_c10_acc', 'c10h_val_c10_loss', 'c10h_val_c10_acc', 'v4_loss', 'v4_acc', 'v6_loss', 'v6_acc', 'c10_50k_loss', 'c10_50k_acc']) 
 c10h_outdir:  /tigress/ruairidh/model_results/run_1/saves/wrn_28_10/con_True_lr_0.001_seed_0
[2018/09/25 20:49:37 __main__ INFO] - Train 87
[2018/09/25 20:49:56 __main__ INFO] - TEST 87
[2018/09/25 20:50:44 __main__ INFO] - - epoch 87    c10h_train    : 0.4058 (acc: 0.9880) | c10h_val    : 0.4383 (acc: 0.9600)
[2018/09/25 20:50:44 __main__ INFO] - -            c10h_train_c10: 0.0016 (acc: 0.9956) | c10h_val_c10: 0.1490 (acc: 0.9610)
[2018/09/25 20:50:44 __main__ INFO] - -            v4            : 0.4101 (acc: 0.8966) |           v6: 0.3946 (acc: 0.9050)
[2018/09/25 20:50:44 __main__ INFO] - -            c10_50k       : 0.0029 (acc: 0.9996)
[2018/09/25 20:50:44 __main__ INFO] - Elapsed 48.06
keys:  dict_keys(['epoch', 'c10h_train_loss', 'c10h_train_acc', 'c10h_val_loss', 'c10h_val_acc', 'c10h_train_c10_loss', 'c10h_train_c10_acc', 'c10h_val_c10_loss', 'c10h_val_c10_acc', 'v4_loss', 'v4_acc', 'v6_loss', 'v6_acc', 'c10_50k_loss', 'c10_50k_acc']) 
 c10h_outdir:  /tigress/ruairidh/model_results/run_1/saves/wrn_28_10/con_True_lr_0.001_seed_0
[2018/09/25 20:50:46 __main__ INFO] - Train 88
[2018/09/25 20:51:05 __main__ INFO] - TEST 88
[2018/09/25 20:51:53 __main__ INFO] - - epoch 88    c10h_train    : 0.4088 (acc: 0.9879) | c10h_val    : 0.4391 (acc: 0.9590)
[2018/09/25 20:51:53 __main__ INFO] - -            c10h_train_c10: 0.0016 (acc: 0.9956) | c10h_val_c10: 0.1498 (acc: 0.9600)
[2018/09/25 20:51:53 __main__ INFO] - -            v4            : 0.4271 (acc: 0.8872) |           v6: 0.3892 (acc: 0.9075)
[2018/09/25 20:51:53 __main__ INFO] - -            c10_50k       : 0.0036 (acc: 0.9994)
[2018/09/25 20:51:53 __main__ INFO] - Elapsed 47.77
keys:  dict_keys(['epoch', 'c10h_train_loss', 'c10h_train_acc', 'c10h_val_loss', 'c10h_val_acc', 'c10h_train_c10_loss', 'c10h_train_c10_acc', 'c10h_val_c10_loss', 'c10h_val_c10_acc', 'v4_loss', 'v4_acc', 'v6_loss', 'v6_acc', 'c10_50k_loss', 'c10_50k_acc']) 
 c10h_outdir:  /tigress/ruairidh/model_results/run_1/saves/wrn_28_10/con_True_lr_0.001_seed_0
[2018/09/25 20:51:55 __main__ INFO] - Train 89
[2018/09/25 20:52:15 __main__ INFO] - TEST 89
[2018/09/25 20:53:02 __main__ INFO] - - epoch 89    c10h_train    : 0.4057 (acc: 0.9879) | c10h_val    : 0.4348 (acc: 0.9600)
[2018/09/25 20:53:02 __main__ INFO] - -            c10h_train_c10: 0.0016 (acc: 0.9956) | c10h_val_c10: 0.1456 (acc: 0.9610)
[2018/09/25 20:53:02 __main__ INFO] - -            v4            : 0.4142 (acc: 0.9010) |           v6: 0.3908 (acc: 0.9090)
[2018/09/25 20:53:02 __main__ INFO] - -            c10_50k       : 0.0035 (acc: 0.9993)
[2018/09/25 20:53:02 __main__ INFO] - Elapsed 47.42
keys:  dict_keys(['epoch', 'c10h_train_loss', 'c10h_train_acc', 'c10h_val_loss', 'c10h_val_acc', 'c10h_train_c10_loss', 'c10h_train_c10_acc', 'c10h_val_c10_loss', 'c10h_val_c10_acc', 'v4_loss', 'v4_acc', 'v6_loss', 'v6_acc', 'c10_50k_loss', 'c10_50k_acc']) 
 c10h_outdir:  /tigress/ruairidh/model_results/run_1/saves/wrn_28_10/con_True_lr_0.001_seed_0
[2018/09/25 20:53:04 __main__ INFO] - Train 90
[2018/09/25 20:53:23 __main__ INFO] - TEST 90
[2018/09/25 20:54:11 __main__ INFO] - - epoch 90    c10h_train    : 0.4069 (acc: 0.9879) | c10h_val    : 0.4337 (acc: 0.9580)
[2018/09/25 20:54:11 __main__ INFO] - -            c10h_train_c10: 0.0015 (acc: 0.9956) | c10h_val_c10: 0.1470 (acc: 0.9590)
[2018/09/25 20:54:11 __main__ INFO] - -            v4            : 0.4164 (acc: 0.8946) |           v6: 0.3941 (acc: 0.9060)
[2018/09/25 20:54:11 __main__ INFO] - -            c10_50k       : 0.0032 (acc: 0.9995)
[2018/09/25 20:54:11 __main__ INFO] - Elapsed 47.50
keys:  dict_keys(['epoch', 'c10h_train_loss', 'c10h_train_acc', 'c10h_val_loss', 'c10h_val_acc', 'c10h_train_c10_loss', 'c10h_train_c10_acc', 'c10h_val_c10_loss', 'c10h_val_c10_acc', 'v4_loss', 'v4_acc', 'v6_loss', 'v6_acc', 'c10_50k_loss', 'c10_50k_acc']) 
 c10h_outdir:  /tigress/ruairidh/model_results/run_1/saves/wrn_28_10/con_True_lr_0.001_seed_0
[2018/09/25 20:54:11 __main__ INFO] - Train 91
[2018/09/25 20:54:31 __main__ INFO] - TEST 91
[2018/09/25 20:55:18 __main__ INFO] - - epoch 91    c10h_train    : 0.4041 (acc: 0.9879) | c10h_val    : 0.4329 (acc: 0.9600)
[2018/09/25 20:55:18 __main__ INFO] - -            c10h_train_c10: 0.0016 (acc: 0.9956) | c10h_val_c10: 0.1447 (acc: 0.9610)
[2018/09/25 20:55:18 __main__ INFO] - -            v4            : 0.4172 (acc: 0.8986) |           v6: 0.3912 (acc: 0.9095)
[2018/09/25 20:55:18 __main__ INFO] - -            c10_50k       : 0.0030 (acc: 0.9996)
[2018/09/25 20:55:18 __main__ INFO] - Elapsed 47.46
keys:  dict_keys(['epoch', 'c10h_train_loss', 'c10h_train_acc', 'c10h_val_loss', 'c10h_val_acc', 'c10h_train_c10_loss', 'c10h_train_c10_acc', 'c10h_val_c10_loss', 'c10h_val_c10_acc', 'v4_loss', 'v4_acc', 'v6_loss', 'v6_acc', 'c10_50k_loss', 'c10_50k_acc']) 
 c10h_outdir:  /tigress/ruairidh/model_results/run_1/saves/wrn_28_10/con_True_lr_0.001_seed_0
[2018/09/25 20:55:20 __main__ INFO] - Train 92
[2018/09/25 20:55:40 __main__ INFO] - TEST 92
[2018/09/25 20:56:28 __main__ INFO] - - epoch 92    c10h_train    : 0.4057 (acc: 0.9879) | c10h_val    : 0.4311 (acc: 0.9600)
[2018/09/25 20:56:28 __main__ INFO] - -            c10h_train_c10: 0.0015 (acc: 0.9956) | c10h_val_c10: 0.1434 (acc: 0.9620)
[2018/09/25 20:56:28 __main__ INFO] - -            v4            : 0.4140 (acc: 0.8961) |           v6: 0.3901 (acc: 0.9060)
[2018/09/25 20:56:28 __main__ INFO] - -            c10_50k       : 0.0028 (acc: 0.9996)
[2018/09/25 20:56:28 __main__ INFO] - Elapsed 47.89
keys:  dict_keys(['epoch', 'c10h_train_loss', 'c10h_train_acc', 'c10h_val_loss', 'c10h_val_acc', 'c10h_train_c10_loss', 'c10h_train_c10_acc', 'c10h_val_c10_loss', 'c10h_val_c10_acc', 'v4_loss', 'v4_acc', 'v6_loss', 'v6_acc', 'c10_50k_loss', 'c10_50k_acc']) 
 c10h_outdir:  /tigress/ruairidh/model_results/run_1/saves/wrn_28_10/con_True_lr_0.001_seed_0
[2018/09/25 20:56:30 __main__ INFO] - Train 93
[2018/09/25 20:56:49 __main__ INFO] - TEST 93
[2018/09/25 20:57:37 __main__ INFO] - - epoch 93    c10h_train    : 0.4042 (acc: 0.9880) | c10h_val    : 0.4335 (acc: 0.9620)
[2018/09/25 20:57:37 __main__ INFO] - -            c10h_train_c10: 0.0016 (acc: 0.9956) | c10h_val_c10: 0.1454 (acc: 0.9640)
[2018/09/25 20:57:37 __main__ INFO] - -            v4            : 0.4268 (acc: 0.8951) |           v6: 0.3952 (acc: 0.9055)
[2018/09/25 20:57:37 __main__ INFO] - -            c10_50k       : 0.0030 (acc: 0.9995)
[2018/09/25 20:57:37 __main__ INFO] - Elapsed 48.15
keys:  dict_keys(['epoch', 'c10h_train_loss', 'c10h_train_acc', 'c10h_val_loss', 'c10h_val_acc', 'c10h_train_c10_loss', 'c10h_train_c10_acc', 'c10h_val_c10_loss', 'c10h_val_c10_acc', 'v4_loss', 'v4_acc', 'v6_loss', 'v6_acc', 'c10_50k_loss', 'c10_50k_acc']) 
 c10h_outdir:  /tigress/ruairidh/model_results/run_1/saves/wrn_28_10/con_True_lr_0.001_seed_0
[2018/09/25 20:57:38 __main__ INFO] - Train 94
[2018/09/25 20:57:57 __main__ INFO] - TEST 94
[2018/09/25 20:58:45 __main__ INFO] - - epoch 94    c10h_train    : 0.4045 (acc: 0.9879) | c10h_val    : 0.4355 (acc: 0.9590)
[2018/09/25 20:58:45 __main__ INFO] - -            c10h_train_c10: 0.0016 (acc: 0.9956) | c10h_val_c10: 0.1464 (acc: 0.9600)
[2018/09/25 20:58:45 __main__ INFO] - -            v4            : 0.4222 (acc: 0.8991) |           v6: 0.3857 (acc: 0.9090)
[2018/09/25 20:58:45 __main__ INFO] - -            c10_50k       : 0.0033 (acc: 0.9994)
[2018/09/25 20:58:45 __main__ INFO] - Elapsed 47.63
keys:  dict_keys(['epoch', 'c10h_train_loss', 'c10h_train_acc', 'c10h_val_loss', 'c10h_val_acc', 'c10h_train_c10_loss', 'c10h_train_c10_acc', 'c10h_val_c10_loss', 'c10h_val_c10_acc', 'v4_loss', 'v4_acc', 'v6_loss', 'v6_acc', 'c10_50k_loss', 'c10_50k_acc']) 
 c10h_outdir:  /tigress/ruairidh/model_results/run_1/saves/wrn_28_10/con_True_lr_0.001_seed_0
[2018/09/25 20:58:47 __main__ INFO] - Train 95
[2018/09/25 20:59:06 __main__ INFO] - TEST 95
[2018/09/25 20:59:54 __main__ INFO] - - epoch 95    c10h_train    : 0.4095 (acc: 0.9879) | c10h_val    : 0.4329 (acc: 0.9620)
[2018/09/25 20:59:54 __main__ INFO] - -            c10h_train_c10: 0.0015 (acc: 0.9956) | c10h_val_c10: 0.1410 (acc: 0.9640)
[2018/09/25 20:59:54 __main__ INFO] - -            v4            : 0.3992 (acc: 0.8941) |           v6: 0.3906 (acc: 0.9075)
[2018/09/25 20:59:54 __main__ INFO] - -            c10_50k       : 0.0032 (acc: 0.9994)
[2018/09/25 20:59:54 __main__ INFO] - Elapsed 47.55
keys:  dict_keys(['epoch', 'c10h_train_loss', 'c10h_train_acc', 'c10h_val_loss', 'c10h_val_acc', 'c10h_train_c10_loss', 'c10h_train_c10_acc', 'c10h_val_c10_loss', 'c10h_val_c10_acc', 'v4_loss', 'v4_acc', 'v6_loss', 'v6_acc', 'c10_50k_loss', 'c10_50k_acc']) 
 c10h_outdir:  /tigress/ruairidh/model_results/run_1/saves/wrn_28_10/con_True_lr_0.001_seed_0
[2018/09/25 20:59:55 __main__ INFO] - Train 96
[2018/09/25 21:00:14 __main__ INFO] - TEST 96
[2018/09/25 21:01:02 __main__ INFO] - - epoch 96    c10h_train    : 0.4071 (acc: 0.9880) | c10h_val    : 0.4314 (acc: 0.9620)
[2018/09/25 21:01:02 __main__ INFO] - -            c10h_train_c10: 0.0015 (acc: 0.9956) | c10h_val_c10: 0.1420 (acc: 0.9640)
[2018/09/25 21:01:02 __main__ INFO] - -            v4            : 0.4147 (acc: 0.8882) |           v6: 0.3931 (acc: 0.9085)
[2018/09/25 21:01:02 __main__ INFO] - -            c10_50k       : 0.0031 (acc: 0.9995)
[2018/09/25 21:01:02 __main__ INFO] - Elapsed 48.35
keys:  dict_keys(['epoch', 'c10h_train_loss', 'c10h_train_acc', 'c10h_val_loss', 'c10h_val_acc', 'c10h_train_c10_loss', 'c10h_train_c10_acc', 'c10h_val_c10_loss', 'c10h_val_c10_acc', 'v4_loss', 'v4_acc', 'v6_loss', 'v6_acc', 'c10_50k_loss', 'c10_50k_acc']) 
 c10h_outdir:  /tigress/ruairidh/model_results/run_1/saves/wrn_28_10/con_True_lr_0.001_seed_0
[2018/09/25 21:01:03 __main__ INFO] - Train 97
[2018/09/25 21:01:22 __main__ INFO] - TEST 97
[2018/09/25 21:02:10 __main__ INFO] - - epoch 97    c10h_train    : 0.4084 (acc: 0.9879) | c10h_val    : 0.4385 (acc: 0.9610)
[2018/09/25 21:02:10 __main__ INFO] - -            c10h_train_c10: 0.0016 (acc: 0.9956) | c10h_val_c10: 0.1459 (acc: 0.9620)
[2018/09/25 21:02:10 __main__ INFO] - -            v4            : 0.4353 (acc: 0.8906) |           v6: 0.3967 (acc: 0.9080)
[2018/09/25 21:02:10 __main__ INFO] - -            c10_50k       : 0.0031 (acc: 0.9995)
[2018/09/25 21:02:10 __main__ INFO] - Elapsed 47.63
keys:  dict_keys(['epoch', 'c10h_train_loss', 'c10h_train_acc', 'c10h_val_loss', 'c10h_val_acc', 'c10h_train_c10_loss', 'c10h_train_c10_acc', 'c10h_val_c10_loss', 'c10h_val_c10_acc', 'v4_loss', 'v4_acc', 'v6_loss', 'v6_acc', 'c10_50k_loss', 'c10_50k_acc']) 
 c10h_outdir:  /tigress/ruairidh/model_results/run_1/saves/wrn_28_10/con_True_lr_0.001_seed_0
[2018/09/25 21:02:12 __main__ INFO] - Train 98
[2018/09/25 21:02:31 __main__ INFO] - TEST 98
[2018/09/25 21:03:19 __main__ INFO] - - epoch 98    c10h_train    : 0.4051 (acc: 0.9879) | c10h_val    : 0.4301 (acc: 0.9590)
[2018/09/25 21:03:19 __main__ INFO] - -            c10h_train_c10: 0.0015 (acc: 0.9956) | c10h_val_c10: 0.1425 (acc: 0.9600)
[2018/09/25 21:03:19 __main__ INFO] - -            v4            : 0.4181 (acc: 0.8951) |           v6: 0.3935 (acc: 0.9100)
[2018/09/25 21:03:19 __main__ INFO] - -            c10_50k       : 0.0032 (acc: 0.9996)
[2018/09/25 21:03:19 __main__ INFO] - Elapsed 47.85
keys:  dict_keys(['epoch', 'c10h_train_loss', 'c10h_train_acc', 'c10h_val_loss', 'c10h_val_acc', 'c10h_train_c10_loss', 'c10h_train_c10_acc', 'c10h_val_c10_loss', 'c10h_val_c10_acc', 'v4_loss', 'v4_acc', 'v6_loss', 'v6_acc', 'c10_50k_loss', 'c10_50k_acc']) 
 c10h_outdir:  /tigress/ruairidh/model_results/run_1/saves/wrn_28_10/con_True_lr_0.001_seed_0
[2018/09/25 21:03:21 __main__ INFO] - Train 99
[2018/09/25 21:03:40 __main__ INFO] - TEST 99
[2018/09/25 21:04:28 __main__ INFO] - - epoch 99    c10h_train    : 0.4043 (acc: 0.9879) | c10h_val    : 0.4319 (acc: 0.9620)
[2018/09/25 21:04:28 __main__ INFO] - -            c10h_train_c10: 0.0016 (acc: 0.9956) | c10h_val_c10: 0.1435 (acc: 0.9630)
[2018/09/25 21:04:28 __main__ INFO] - -            v4            : 0.4202 (acc: 0.8887) |           v6: 0.3932 (acc: 0.9080)
[2018/09/25 21:04:28 __main__ INFO] - -            c10_50k       : 0.0032 (acc: 0.9995)
[2018/09/25 21:04:28 __main__ INFO] - Elapsed 47.38
keys:  dict_keys(['epoch', 'c10h_train_loss', 'c10h_train_acc', 'c10h_val_loss', 'c10h_val_acc', 'c10h_train_c10_loss', 'c10h_train_c10_acc', 'c10h_val_c10_loss', 'c10h_val_c10_acc', 'v4_loss', 'v4_acc', 'v6_loss', 'v6_acc', 'c10_50k_loss', 'c10_50k_acc']) 
 c10h_outdir:  /tigress/ruairidh/model_results/run_1/saves/wrn_28_10/con_True_lr_0.001_seed_0
[2018/09/25 21:04:29 __main__ INFO] - Train 100
[2018/09/25 21:04:48 __main__ INFO] - TEST 100
[2018/09/25 21:05:36 __main__ INFO] - - epoch 100    c10h_train    : 0.4043 (acc: 0.9879) | c10h_val    : 0.4328 (acc: 0.9590)
[2018/09/25 21:05:36 __main__ INFO] - -            c10h_train_c10: 0.0016 (acc: 0.9956) | c10h_val_c10: 0.1463 (acc: 0.9600)
[2018/09/25 21:05:36 __main__ INFO] - -            v4            : 0.4178 (acc: 0.8916) |           v6: 0.3878 (acc: 0.9095)
[2018/09/25 21:05:36 __main__ INFO] - -            c10_50k       : 0.0030 (acc: 0.9995)
[2018/09/25 21:05:36 __main__ INFO] - Elapsed 47.96
keys:  dict_keys(['epoch', 'c10h_train_loss', 'c10h_train_acc', 'c10h_val_loss', 'c10h_val_acc', 'c10h_train_c10_loss', 'c10h_train_c10_acc', 'c10h_val_c10_loss', 'c10h_val_c10_acc', 'v4_loss', 'v4_acc', 'v6_loss', 'v6_acc', 'c10_50k_loss', 'c10_50k_acc']) 
 c10h_outdir:  /tigress/ruairidh/model_results/run_1/saves/wrn_28_10/con_True_lr_0.001_seed_0
inner done
