entering inner script
activating virtual env
Could not find conda environment: pytorch_env
You can list all discoverable environments with `conda info --envs`.

wrn_28_10
identifier: con_True_lr_0.0001_seed_1
--arch=wrn --c10h_save_interval=2 --dataset=CIFAR10H --no_output --c10h_datasplit_seed=1 --human_tune --nonhuman_control=True --base_lr=0.0001
wrn_28_10_control:True_lr:0.0001_seed:1.out
entering python script
/tigress/ruairidh/model_results/run_1/wrn_28_10/model_best_state.pth
/tigress/joshuacp/model_results/run_1/saves/wrn_28_10/con_True_lr_0.0001_seed_1
Using TensorFlow backend.
[2018/09/25 21:31:51 __main__ INFO] - {
  "model_config": {
    "arch": "wrn",
    "input_shape": [
      1,
      3,
      32,
      32
    ],
    "n_classes": 10,
    "base_channels": 16,
    "depth": 28,
    "widening_factor": 10,
    "drop_rate": 0
  },
  "optim_config": {
    "epochs": 200,
    "batch_size": 128,
    "optimizer": "sgd",
    "base_lr": 0.0001,
    "weight_decay": 0.0005,
    "momentum": 0.9,
    "nesterov": true,
    "scheduler": "multistep",
    "milestones": [
      60,
      120,
      160
    ],
    "lr_decay": 0.2
  },
  "data_config": {
    "dataset": "CIFAR10H",
    "n_classes": 10,
    "num_workers": 7,
    "batch_size": 128,
    "use_cutout": false,
    "use_random_erasing": false,
    "use_mixup": false,
    "c10h_sample": false,
    "c10h_testsplit_percent": 0.1,
    "c10h_datasplit_seed": 1,
    "use_gpu": true
  },
  "run_config": {
    "seed": 17,
    "test_first": true,
    "gpu": "0",
    "tensorboard": false,
    "tensorboard_train_images": false,
    "tensorboard_test_images": false,
    "tensorboard_model_params": false,
    "resume": "/tigress/ruairidh/model_results/run_1/wrn_28_10/model_best_state.pth",
    "human_tune": true,
    "no_output": true,
    "test_only": false,
    "nonhuman_control": true,
    "c10h_scores_outdir": "/tigress/joshuacp/model_results/run_1/saves/wrn_28_10/con_True_lr_0.0001_seed_1",
    "c10h_save_interval": "2",
    "use_gpu": true
  },
  "env_info": {
    "pytorch_version": "0.4.1",
    "cuda_version": "9.0.176",
    "cudnn_version": 7102,
    "gpu0": {
      "name": "Tesla P100-PCIE-16GB",
      "capability": "6.0"
    }
  }
}
Files already downloaded and verified
Files already downloaded and verified
Files already downloaded and verified
Files already downloaded and verified
Files already downloaded and verified
[2018/09/25 21:31:56 __main__ INFO] - Loading model...
[2018/09/25 21:31:57 __main__ INFO] - n_params: 36479194
[2018/09/25 21:31:58 __main__ INFO] - Done
=> loading checkpoint '/tigress/ruairidh/model_results/run_1/wrn_28_10/model_best_state.pth'
=> loaded checkpoint '/tigress/ruairidh/model_results/run_1/wrn_28_10/model_best_state.pth' (epoch 197)
[2018/09/25 21:32:02 __main__ INFO] - TEST 0
[2018/09/25 21:32:53 __main__ INFO] - - epoch 0    c10h_train    : 0.4616 (acc: 0.9479) | c10h_val    : 0.4554 (acc: 0.9650)
[2018/09/25 21:32:53 __main__ INFO] - -            c10h_train_c10: 0.1773 (acc: 0.9502) | c10h_val_c10: 0.1349 (acc: 0.9690)
[2018/09/25 21:32:53 __main__ INFO] - -            v4            : 0.4034 (acc: 0.8986) |           v6: 0.3818 (acc: 0.9100)
[2018/09/25 21:32:53 __main__ INFO] - -            c10_50k       : 0.0012 (acc: 1.0000)
[2018/09/25 21:32:53 __main__ INFO] - Elapsed 51.48
keys:  dict_keys(['epoch', 'c10h_train_loss', 'c10h_train_acc', 'c10h_val_loss', 'c10h_val_acc', 'c10h_train_c10_loss', 'c10h_train_c10_acc', 'c10h_val_c10_loss', 'c10h_val_c10_acc', 'v4_loss', 'v4_acc', 'v6_loss', 'v6_acc', 'c10_50k_loss', 'c10_50k_acc']) 
 c10h_outdir:  /tigress/joshuacp/model_results/run_1/saves/wrn_28_10/con_True_lr_0.0001_seed_1
[2018/09/25 21:32:55 __main__ INFO] - Train 1
[2018/09/25 21:33:15 __main__ INFO] - TEST 1
[2018/09/25 21:34:05 __main__ INFO] - - epoch 1    c10h_train    : 0.4493 (acc: 0.9498) | c10h_val    : 0.4615 (acc: 0.9620)
[2018/09/25 21:34:05 __main__ INFO] - -            c10h_train_c10: 0.1551 (acc: 0.9524) | c10h_val_c10: 0.1391 (acc: 0.9660)
[2018/09/25 21:34:05 __main__ INFO] - -            v4            : 0.4018 (acc: 0.8956) |           v6: 0.3771 (acc: 0.9105)
[2018/09/25 21:34:05 __main__ INFO] - -            c10_50k       : 0.0010 (acc: 1.0000)
[2018/09/25 21:34:05 __main__ INFO] - Elapsed 49.59
keys:  dict_keys(['epoch', 'c10h_train_loss', 'c10h_train_acc', 'c10h_val_loss', 'c10h_val_acc', 'c10h_train_c10_loss', 'c10h_train_c10_acc', 'c10h_val_c10_loss', 'c10h_val_c10_acc', 'v4_loss', 'v4_acc', 'v6_loss', 'v6_acc', 'c10_50k_loss', 'c10_50k_acc']) 
 c10h_outdir:  /tigress/joshuacp/model_results/run_1/saves/wrn_28_10/con_True_lr_0.0001_seed_1
[2018/09/25 21:34:06 __main__ INFO] - Train 2
[2018/09/25 21:34:25 __main__ INFO] - TEST 2
[2018/09/25 21:35:13 __main__ INFO] - - epoch 2    c10h_train    : 0.4361 (acc: 0.9538) | c10h_val    : 0.4481 (acc: 0.9610)
[2018/09/25 21:35:13 __main__ INFO] - -            c10h_train_c10: 0.1470 (acc: 0.9568) | c10h_val_c10: 0.1334 (acc: 0.9650)
[2018/09/25 21:35:13 __main__ INFO] - -            v4            : 0.4282 (acc: 0.8916) |           v6: 0.3751 (acc: 0.9110)
[2018/09/25 21:35:13 __main__ INFO] - -            c10_50k       : 0.0011 (acc: 1.0000)
[2018/09/25 21:35:13 __main__ INFO] - Elapsed 47.91
keys:  dict_keys(['epoch', 'c10h_train_loss', 'c10h_train_acc', 'c10h_val_loss', 'c10h_val_acc', 'c10h_train_c10_loss', 'c10h_train_c10_acc', 'c10h_val_c10_loss', 'c10h_val_c10_acc', 'v4_loss', 'v4_acc', 'v6_loss', 'v6_acc', 'c10_50k_loss', 'c10_50k_acc']) 
 c10h_outdir:  /tigress/joshuacp/model_results/run_1/saves/wrn_28_10/con_True_lr_0.0001_seed_1
[2018/09/25 21:35:16 __main__ INFO] - Train 3
[2018/09/25 21:35:35 __main__ INFO] - TEST 3
[2018/09/25 21:36:24 __main__ INFO] - - epoch 3    c10h_train    : 0.4320 (acc: 0.9551) | c10h_val    : 0.4502 (acc: 0.9600)
[2018/09/25 21:36:24 __main__ INFO] - -            c10h_train_c10: 0.1368 (acc: 0.9590) | c10h_val_c10: 0.1359 (acc: 0.9640)
[2018/09/25 21:36:24 __main__ INFO] - -            v4            : 0.4041 (acc: 0.8921) |           v6: 0.3709 (acc: 0.9075)
[2018/09/25 21:36:24 __main__ INFO] - -            c10_50k       : 0.0011 (acc: 1.0000)
[2018/09/25 21:36:24 __main__ INFO] - Elapsed 48.79
keys:  dict_keys(['epoch', 'c10h_train_loss', 'c10h_train_acc', 'c10h_val_loss', 'c10h_val_acc', 'c10h_train_c10_loss', 'c10h_train_c10_acc', 'c10h_val_c10_loss', 'c10h_val_c10_acc', 'v4_loss', 'v4_acc', 'v6_loss', 'v6_acc', 'c10_50k_loss', 'c10_50k_acc']) 
 c10h_outdir:  /tigress/joshuacp/model_results/run_1/saves/wrn_28_10/con_True_lr_0.0001_seed_1
[2018/09/25 21:36:26 __main__ INFO] - Train 4
[2018/09/25 21:36:45 __main__ INFO] - TEST 4
[2018/09/25 21:37:34 __main__ INFO] - - epoch 4    c10h_train    : 0.4172 (acc: 0.9580) | c10h_val    : 0.4485 (acc: 0.9580)
[2018/09/25 21:37:34 __main__ INFO] - -            c10h_train_c10: 0.1241 (acc: 0.9610) | c10h_val_c10: 0.1336 (acc: 0.9630)
[2018/09/25 21:37:34 __main__ INFO] - -            v4            : 0.3689 (acc: 0.8966) |           v6: 0.3556 (acc: 0.9110)
[2018/09/25 21:37:34 __main__ INFO] - -            c10_50k       : 0.0012 (acc: 1.0000)
[2018/09/25 21:37:34 __main__ INFO] - Elapsed 48.42
keys:  dict_keys(['epoch', 'c10h_train_loss', 'c10h_train_acc', 'c10h_val_loss', 'c10h_val_acc', 'c10h_train_c10_loss', 'c10h_train_c10_acc', 'c10h_val_c10_loss', 'c10h_val_c10_acc', 'v4_loss', 'v4_acc', 'v6_loss', 'v6_acc', 'c10_50k_loss', 'c10_50k_acc']) 
 c10h_outdir:  /tigress/joshuacp/model_results/run_1/saves/wrn_28_10/con_True_lr_0.0001_seed_1
[2018/09/25 21:37:34 __main__ INFO] - Train 5
[2018/09/25 21:37:54 __main__ INFO] - TEST 5
[2018/09/25 21:38:42 __main__ INFO] - - epoch 5    c10h_train    : 0.4075 (acc: 0.9593) | c10h_val    : 0.4391 (acc: 0.9590)
[2018/09/25 21:38:42 __main__ INFO] - -            c10h_train_c10: 0.1143 (acc: 0.9626) | c10h_val_c10: 0.1320 (acc: 0.9640)
[2018/09/25 21:38:42 __main__ INFO] - -            v4            : 0.3897 (acc: 0.8986) |           v6: 0.3623 (acc: 0.9065)
[2018/09/25 21:38:42 __main__ INFO] - -            c10_50k       : 0.0013 (acc: 1.0000)
[2018/09/25 21:38:42 __main__ INFO] - Elapsed 47.96
keys:  dict_keys(['epoch', 'c10h_train_loss', 'c10h_train_acc', 'c10h_val_loss', 'c10h_val_acc', 'c10h_train_c10_loss', 'c10h_train_c10_acc', 'c10h_val_c10_loss', 'c10h_val_c10_acc', 'v4_loss', 'v4_acc', 'v6_loss', 'v6_acc', 'c10_50k_loss', 'c10_50k_acc']) 
 c10h_outdir:  /tigress/joshuacp/model_results/run_1/saves/wrn_28_10/con_True_lr_0.0001_seed_1
[2018/09/25 21:38:43 __main__ INFO] - Train 6
[2018/09/25 21:39:03 __main__ INFO] - TEST 6
[2018/09/25 21:39:51 __main__ INFO] - - epoch 6    c10h_train    : 0.4010 (acc: 0.9621) | c10h_val    : 0.4391 (acc: 0.9600)
[2018/09/25 21:39:51 __main__ INFO] - -            c10h_train_c10: 0.1033 (acc: 0.9657) | c10h_val_c10: 0.1346 (acc: 0.9650)
[2018/09/25 21:39:51 __main__ INFO] - -            v4            : 0.3752 (acc: 0.8996) |           v6: 0.3562 (acc: 0.9075)
[2018/09/25 21:39:51 __main__ INFO] - -            c10_50k       : 0.0014 (acc: 1.0000)
[2018/09/25 21:39:51 __main__ INFO] - Elapsed 48.20
keys:  dict_keys(['epoch', 'c10h_train_loss', 'c10h_train_acc', 'c10h_val_loss', 'c10h_val_acc', 'c10h_train_c10_loss', 'c10h_train_c10_acc', 'c10h_val_c10_loss', 'c10h_val_c10_acc', 'v4_loss', 'v4_acc', 'v6_loss', 'v6_acc', 'c10_50k_loss', 'c10_50k_acc']) 
 c10h_outdir:  /tigress/joshuacp/model_results/run_1/saves/wrn_28_10/con_True_lr_0.0001_seed_1
[2018/09/25 21:39:53 __main__ INFO] - Train 7
[2018/09/25 21:40:12 __main__ INFO] - TEST 7
[2018/09/25 21:41:00 __main__ INFO] - - epoch 7    c10h_train    : 0.3925 (acc: 0.9633) | c10h_val    : 0.4379 (acc: 0.9600)
[2018/09/25 21:41:01 __main__ INFO] - -            c10h_train_c10: 0.0977 (acc: 0.9677) | c10h_val_c10: 0.1365 (acc: 0.9650)
[2018/09/25 21:41:01 __main__ INFO] - -            v4            : 0.3737 (acc: 0.8971) |           v6: 0.3502 (acc: 0.9080)
[2018/09/25 21:41:01 __main__ INFO] - -            c10_50k       : 0.0014 (acc: 1.0000)
[2018/09/25 21:41:01 __main__ INFO] - Elapsed 48.38
keys:  dict_keys(['epoch', 'c10h_train_loss', 'c10h_train_acc', 'c10h_val_loss', 'c10h_val_acc', 'c10h_train_c10_loss', 'c10h_train_c10_acc', 'c10h_val_c10_loss', 'c10h_val_c10_acc', 'v4_loss', 'v4_acc', 'v6_loss', 'v6_acc', 'c10_50k_loss', 'c10_50k_acc']) 
 c10h_outdir:  /tigress/joshuacp/model_results/run_1/saves/wrn_28_10/con_True_lr_0.0001_seed_1
[2018/09/25 21:41:03 __main__ INFO] - Train 8
[2018/09/25 21:41:22 __main__ INFO] - TEST 8
[2018/09/25 21:42:11 __main__ INFO] - - epoch 8    c10h_train    : 0.3853 (acc: 0.9654) | c10h_val    : 0.4314 (acc: 0.9600)
[2018/09/25 21:42:11 __main__ INFO] - -            c10h_train_c10: 0.0886 (acc: 0.9696) | c10h_val_c10: 0.1332 (acc: 0.9640)
[2018/09/25 21:42:11 __main__ INFO] - -            v4            : 0.4042 (acc: 0.8946) |           v6: 0.3596 (acc: 0.9045)
[2018/09/25 21:42:11 __main__ INFO] - -            c10_50k       : 0.0015 (acc: 1.0000)
[2018/09/25 21:42:11 __main__ INFO] - Elapsed 48.56
keys:  dict_keys(['epoch', 'c10h_train_loss', 'c10h_train_acc', 'c10h_val_loss', 'c10h_val_acc', 'c10h_train_c10_loss', 'c10h_train_c10_acc', 'c10h_val_c10_loss', 'c10h_val_c10_acc', 'v4_loss', 'v4_acc', 'v6_loss', 'v6_acc', 'c10_50k_loss', 'c10_50k_acc']) 
 c10h_outdir:  /tigress/joshuacp/model_results/run_1/saves/wrn_28_10/con_True_lr_0.0001_seed_1
[2018/09/25 21:42:13 __main__ INFO] - Train 9
[2018/09/25 21:42:33 __main__ INFO] - TEST 9
[2018/09/25 21:43:21 __main__ INFO] - - epoch 9    c10h_train    : 0.3748 (acc: 0.9687) | c10h_val    : 0.4398 (acc: 0.9550)
[2018/09/25 21:43:21 __main__ INFO] - -            c10h_train_c10: 0.0789 (acc: 0.9716) | c10h_val_c10: 0.1394 (acc: 0.9600)
[2018/09/25 21:43:21 __main__ INFO] - -            v4            : 0.3774 (acc: 0.8931) |           v6: 0.3593 (acc: 0.9055)
[2018/09/25 21:43:21 __main__ INFO] - -            c10_50k       : 0.0017 (acc: 1.0000)
[2018/09/25 21:43:21 __main__ INFO] - Elapsed 47.96
keys:  dict_keys(['epoch', 'c10h_train_loss', 'c10h_train_acc', 'c10h_val_loss', 'c10h_val_acc', 'c10h_train_c10_loss', 'c10h_train_c10_acc', 'c10h_val_c10_loss', 'c10h_val_c10_acc', 'v4_loss', 'v4_acc', 'v6_loss', 'v6_acc', 'c10_50k_loss', 'c10_50k_acc']) 
 c10h_outdir:  /tigress/joshuacp/model_results/run_1/saves/wrn_28_10/con_True_lr_0.0001_seed_1
[2018/09/25 21:43:22 __main__ INFO] - Train 10
[2018/09/25 21:43:42 __main__ INFO] - TEST 10
[2018/09/25 21:44:30 __main__ INFO] - - epoch 10    c10h_train    : 0.3761 (acc: 0.9688) | c10h_val    : 0.4340 (acc: 0.9580)
[2018/09/25 21:44:30 __main__ INFO] - -            c10h_train_c10: 0.0766 (acc: 0.9729) | c10h_val_c10: 0.1368 (acc: 0.9620)
[2018/09/25 21:44:30 __main__ INFO] - -            v4            : 0.3774 (acc: 0.8971) |           v6: 0.3530 (acc: 0.9050)
[2018/09/25 21:44:30 __main__ INFO] - -            c10_50k       : 0.0017 (acc: 1.0000)
[2018/09/25 21:44:30 __main__ INFO] - Elapsed 48.32
keys:  dict_keys(['epoch', 'c10h_train_loss', 'c10h_train_acc', 'c10h_val_loss', 'c10h_val_acc', 'c10h_train_c10_loss', 'c10h_train_c10_acc', 'c10h_val_c10_loss', 'c10h_val_c10_acc', 'v4_loss', 'v4_acc', 'v6_loss', 'v6_acc', 'c10_50k_loss', 'c10_50k_acc']) 
 c10h_outdir:  /tigress/joshuacp/model_results/run_1/saves/wrn_28_10/con_True_lr_0.0001_seed_1
[2018/09/25 21:44:31 __main__ INFO] - Train 11
[2018/09/25 21:44:50 __main__ INFO] - TEST 11
[2018/09/25 21:45:38 __main__ INFO] - - epoch 11    c10h_train    : 0.3733 (acc: 0.9687) | c10h_val    : 0.4301 (acc: 0.9540)
[2018/09/25 21:45:39 __main__ INFO] - -            c10h_train_c10: 0.0733 (acc: 0.9727) | c10h_val_c10: 0.1337 (acc: 0.9580)
[2018/09/25 21:45:39 __main__ INFO] - -            v4            : 0.3730 (acc: 0.8941) |           v6: 0.3541 (acc: 0.9060)
[2018/09/25 21:45:39 __main__ INFO] - -            c10_50k       : 0.0018 (acc: 1.0000)
[2018/09/25 21:45:39 __main__ INFO] - Elapsed 48.22
keys:  dict_keys(['epoch', 'c10h_train_loss', 'c10h_train_acc', 'c10h_val_loss', 'c10h_val_acc', 'c10h_train_c10_loss', 'c10h_train_c10_acc', 'c10h_val_c10_loss', 'c10h_val_c10_acc', 'v4_loss', 'v4_acc', 'v6_loss', 'v6_acc', 'c10_50k_loss', 'c10_50k_acc']) 
 c10h_outdir:  /tigress/joshuacp/model_results/run_1/saves/wrn_28_10/con_True_lr_0.0001_seed_1
[2018/09/25 21:45:41 __main__ INFO] - Train 12
[2018/09/25 21:46:00 __main__ INFO] - TEST 12
[2018/09/25 21:46:48 __main__ INFO] - - epoch 12    c10h_train    : 0.3698 (acc: 0.9704) | c10h_val    : 0.4280 (acc: 0.9550)
[2018/09/25 21:46:48 __main__ INFO] - -            c10h_train_c10: 0.0700 (acc: 0.9740) | c10h_val_c10: 0.1317 (acc: 0.9590)
[2018/09/25 21:46:48 __main__ INFO] - -            v4            : 0.3838 (acc: 0.8892) |           v6: 0.3484 (acc: 0.9030)
[2018/09/25 21:46:48 __main__ INFO] - -            c10_50k       : 0.0019 (acc: 1.0000)
[2018/09/25 21:46:48 __main__ INFO] - Elapsed 48.04
keys:  dict_keys(['epoch', 'c10h_train_loss', 'c10h_train_acc', 'c10h_val_loss', 'c10h_val_acc', 'c10h_train_c10_loss', 'c10h_train_c10_acc', 'c10h_val_c10_loss', 'c10h_val_c10_acc', 'v4_loss', 'v4_acc', 'v6_loss', 'v6_acc', 'c10_50k_loss', 'c10_50k_acc']) 
 c10h_outdir:  /tigress/joshuacp/model_results/run_1/saves/wrn_28_10/con_True_lr_0.0001_seed_1
[2018/09/25 21:46:49 __main__ INFO] - Train 13
[2018/09/25 21:47:08 __main__ INFO] - TEST 13
[2018/09/25 21:47:56 __main__ INFO] - - epoch 13    c10h_train    : 0.3662 (acc: 0.9717) | c10h_val    : 0.4304 (acc: 0.9570)
[2018/09/25 21:47:56 __main__ INFO] - -            c10h_train_c10: 0.0659 (acc: 0.9756) | c10h_val_c10: 0.1332 (acc: 0.9620)
[2018/09/25 21:47:56 __main__ INFO] - -            v4            : 0.3985 (acc: 0.8921) |           v6: 0.3430 (acc: 0.9075)
[2018/09/25 21:47:56 __main__ INFO] - -            c10_50k       : 0.0018 (acc: 1.0000)
[2018/09/25 21:47:56 __main__ INFO] - Elapsed 48.19
keys:  dict_keys(['epoch', 'c10h_train_loss', 'c10h_train_acc', 'c10h_val_loss', 'c10h_val_acc', 'c10h_train_c10_loss', 'c10h_train_c10_acc', 'c10h_val_c10_loss', 'c10h_val_c10_acc', 'v4_loss', 'v4_acc', 'v6_loss', 'v6_acc', 'c10_50k_loss', 'c10_50k_acc']) 
 c10h_outdir:  /tigress/joshuacp/model_results/run_1/saves/wrn_28_10/con_True_lr_0.0001_seed_1
[2018/09/25 21:47:57 __main__ INFO] - Train 14
[2018/09/25 21:48:16 __main__ INFO] - TEST 14
[2018/09/25 21:49:05 __main__ INFO] - - epoch 14    c10h_train    : 0.3595 (acc: 0.9727) | c10h_val    : 0.4248 (acc: 0.9560)
[2018/09/25 21:49:05 __main__ INFO] - -            c10h_train_c10: 0.0605 (acc: 0.9774) | c10h_val_c10: 0.1334 (acc: 0.9600)
[2018/09/25 21:49:05 __main__ INFO] - -            v4            : 0.3698 (acc: 0.8961) |           v6: 0.3449 (acc: 0.9085)
[2018/09/25 21:49:05 __main__ INFO] - -            c10_50k       : 0.0019 (acc: 1.0000)
[2018/09/25 21:49:05 __main__ INFO] - Elapsed 48.17
keys:  dict_keys(['epoch', 'c10h_train_loss', 'c10h_train_acc', 'c10h_val_loss', 'c10h_val_acc', 'c10h_train_c10_loss', 'c10h_train_c10_acc', 'c10h_val_c10_loss', 'c10h_val_c10_acc', 'v4_loss', 'v4_acc', 'v6_loss', 'v6_acc', 'c10_50k_loss', 'c10_50k_acc']) 
 c10h_outdir:  /tigress/joshuacp/model_results/run_1/saves/wrn_28_10/con_True_lr_0.0001_seed_1
[2018/09/25 21:49:07 __main__ INFO] - Train 15
[2018/09/25 21:49:26 __main__ INFO] - TEST 15
[2018/09/25 21:50:15 __main__ INFO] - - epoch 15    c10h_train    : 0.3616 (acc: 0.9736) | c10h_val    : 0.4274 (acc: 0.9580)
[2018/09/25 21:50:15 __main__ INFO] - -            c10h_train_c10: 0.0567 (acc: 0.9787) | c10h_val_c10: 0.1330 (acc: 0.9620)
[2018/09/25 21:50:15 __main__ INFO] - -            v4            : 0.3637 (acc: 0.9040) |           v6: 0.3460 (acc: 0.9085)
[2018/09/25 21:50:15 __main__ INFO] - -            c10_50k       : 0.0019 (acc: 1.0000)
[2018/09/25 21:50:15 __main__ INFO] - Elapsed 48.43
keys:  dict_keys(['epoch', 'c10h_train_loss', 'c10h_train_acc', 'c10h_val_loss', 'c10h_val_acc', 'c10h_train_c10_loss', 'c10h_train_c10_acc', 'c10h_val_c10_loss', 'c10h_val_c10_acc', 'v4_loss', 'v4_acc', 'v6_loss', 'v6_acc', 'c10_50k_loss', 'c10_50k_acc']) 
 c10h_outdir:  /tigress/joshuacp/model_results/run_1/saves/wrn_28_10/con_True_lr_0.0001_seed_1
[2018/09/25 21:50:15 __main__ INFO] - Train 16
[2018/09/25 21:50:35 __main__ INFO] - TEST 16
[2018/09/25 21:51:23 __main__ INFO] - - epoch 16    c10h_train    : 0.3600 (acc: 0.9770) | c10h_val    : 0.4268 (acc: 0.9580)
[2018/09/25 21:51:23 __main__ INFO] - -            c10h_train_c10: 0.0536 (acc: 0.9816) | c10h_val_c10: 0.1308 (acc: 0.9630)
[2018/09/25 21:51:23 __main__ INFO] - -            v4            : 0.3801 (acc: 0.8902) |           v6: 0.3541 (acc: 0.9065)
[2018/09/25 21:51:23 __main__ INFO] - -            c10_50k       : 0.0020 (acc: 1.0000)
[2018/09/25 21:51:23 __main__ INFO] - Elapsed 47.77
keys:  dict_keys(['epoch', 'c10h_train_loss', 'c10h_train_acc', 'c10h_val_loss', 'c10h_val_acc', 'c10h_train_c10_loss', 'c10h_train_c10_acc', 'c10h_val_c10_loss', 'c10h_val_c10_acc', 'v4_loss', 'v4_acc', 'v6_loss', 'v6_acc', 'c10_50k_loss', 'c10_50k_acc']) 
 c10h_outdir:  /tigress/joshuacp/model_results/run_1/saves/wrn_28_10/con_True_lr_0.0001_seed_1
[2018/09/25 21:51:24 __main__ INFO] - Train 17
[2018/09/25 21:51:44 __main__ INFO] - TEST 17
[2018/09/25 21:52:32 __main__ INFO] - - epoch 17    c10h_train    : 0.3580 (acc: 0.9759) | c10h_val    : 0.4264 (acc: 0.9530)
[2018/09/25 21:52:32 __main__ INFO] - -            c10h_train_c10: 0.0558 (acc: 0.9803) | c10h_val_c10: 0.1333 (acc: 0.9580)
[2018/09/25 21:52:32 __main__ INFO] - -            v4            : 0.3548 (acc: 0.8981) |           v6: 0.3428 (acc: 0.9100)
[2018/09/25 21:52:32 __main__ INFO] - -            c10_50k       : 0.0022 (acc: 0.9999)
[2018/09/25 21:52:32 __main__ INFO] - Elapsed 48.13
keys:  dict_keys(['epoch', 'c10h_train_loss', 'c10h_train_acc', 'c10h_val_loss', 'c10h_val_acc', 'c10h_train_c10_loss', 'c10h_train_c10_acc', 'c10h_val_c10_loss', 'c10h_val_c10_acc', 'v4_loss', 'v4_acc', 'v6_loss', 'v6_acc', 'c10_50k_loss', 'c10_50k_acc']) 
 c10h_outdir:  /tigress/joshuacp/model_results/run_1/saves/wrn_28_10/con_True_lr_0.0001_seed_1
[2018/09/25 21:52:33 __main__ INFO] - Train 18
[2018/09/25 21:52:53 __main__ INFO] - TEST 18
[2018/09/25 21:53:41 __main__ INFO] - - epoch 18    c10h_train    : 0.3539 (acc: 0.9767) | c10h_val    : 0.4282 (acc: 0.9570)
[2018/09/25 21:53:41 __main__ INFO] - -            c10h_train_c10: 0.0460 (acc: 0.9814) | c10h_val_c10: 0.1355 (acc: 0.9610)
[2018/09/25 21:53:41 __main__ INFO] - -            v4            : 0.3573 (acc: 0.8971) |           v6: 0.3456 (acc: 0.9100)
[2018/09/25 21:53:41 __main__ INFO] - -            c10_50k       : 0.0020 (acc: 1.0000)
[2018/09/25 21:53:41 __main__ INFO] - Elapsed 48.17
keys:  dict_keys(['epoch', 'c10h_train_loss', 'c10h_train_acc', 'c10h_val_loss', 'c10h_val_acc', 'c10h_train_c10_loss', 'c10h_train_c10_acc', 'c10h_val_c10_loss', 'c10h_val_c10_acc', 'v4_loss', 'v4_acc', 'v6_loss', 'v6_acc', 'c10_50k_loss', 'c10_50k_acc']) 
 c10h_outdir:  /tigress/joshuacp/model_results/run_1/saves/wrn_28_10/con_True_lr_0.0001_seed_1
[2018/09/25 21:53:43 __main__ INFO] - Train 19
[2018/09/25 21:54:02 __main__ INFO] - TEST 19
[2018/09/25 21:54:50 __main__ INFO] - - epoch 19    c10h_train    : 0.3521 (acc: 0.9776) | c10h_val    : 0.4296 (acc: 0.9560)
[2018/09/25 21:54:51 __main__ INFO] - -            c10h_train_c10: 0.0461 (acc: 0.9826) | c10h_val_c10: 0.1369 (acc: 0.9600)
[2018/09/25 21:54:51 __main__ INFO] - -            v4            : 0.3757 (acc: 0.8956) |           v6: 0.3469 (acc: 0.9090)
[2018/09/25 21:54:51 __main__ INFO] - -            c10_50k       : 0.0020 (acc: 1.0000)
[2018/09/25 21:54:51 __main__ INFO] - Elapsed 48.24
keys:  dict_keys(['epoch', 'c10h_train_loss', 'c10h_train_acc', 'c10h_val_loss', 'c10h_val_acc', 'c10h_train_c10_loss', 'c10h_train_c10_acc', 'c10h_val_c10_loss', 'c10h_val_c10_acc', 'v4_loss', 'v4_acc', 'v6_loss', 'v6_acc', 'c10_50k_loss', 'c10_50k_acc']) 
 c10h_outdir:  /tigress/joshuacp/model_results/run_1/saves/wrn_28_10/con_True_lr_0.0001_seed_1
[2018/09/25 21:54:51 __main__ INFO] - Train 20
[2018/09/25 21:55:11 __main__ INFO] - TEST 20
[2018/09/25 21:55:59 __main__ INFO] - - epoch 20    c10h_train    : 0.3508 (acc: 0.9803) | c10h_val    : 0.4267 (acc: 0.9550)
[2018/09/25 21:55:59 __main__ INFO] - -            c10h_train_c10: 0.0442 (acc: 0.9853) | c10h_val_c10: 0.1367 (acc: 0.9590)
[2018/09/25 21:55:59 __main__ INFO] - -            v4            : 0.3648 (acc: 0.8921) |           v6: 0.3463 (acc: 0.9090)
[2018/09/25 21:55:59 __main__ INFO] - -            c10_50k       : 0.0021 (acc: 1.0000)
[2018/09/25 21:55:59 __main__ INFO] - Elapsed 48.14
keys:  dict_keys(['epoch', 'c10h_train_loss', 'c10h_train_acc', 'c10h_val_loss', 'c10h_val_acc', 'c10h_train_c10_loss', 'c10h_train_c10_acc', 'c10h_val_c10_loss', 'c10h_val_c10_acc', 'v4_loss', 'v4_acc', 'v6_loss', 'v6_acc', 'c10_50k_loss', 'c10_50k_acc']) 
 c10h_outdir:  /tigress/joshuacp/model_results/run_1/saves/wrn_28_10/con_True_lr_0.0001_seed_1
[2018/09/25 21:55:59 __main__ INFO] - Train 21
[2018/09/25 21:56:19 __main__ INFO] - TEST 21
[2018/09/25 21:57:07 __main__ INFO] - - epoch 21    c10h_train    : 0.3521 (acc: 0.9778) | c10h_val    : 0.4262 (acc: 0.9550)
[2018/09/25 21:57:07 __main__ INFO] - -            c10h_train_c10: 0.0433 (acc: 0.9836) | c10h_val_c10: 0.1326 (acc: 0.9590)
[2018/09/25 21:57:07 __main__ INFO] - -            v4            : 0.3981 (acc: 0.8902) |           v6: 0.3472 (acc: 0.9080)
[2018/09/25 21:57:07 __main__ INFO] - -            c10_50k       : 0.0021 (acc: 0.9999)
[2018/09/25 21:57:07 __main__ INFO] - Elapsed 48.06
keys:  dict_keys(['epoch', 'c10h_train_loss', 'c10h_train_acc', 'c10h_val_loss', 'c10h_val_acc', 'c10h_train_c10_loss', 'c10h_train_c10_acc', 'c10h_val_c10_loss', 'c10h_val_c10_acc', 'v4_loss', 'v4_acc', 'v6_loss', 'v6_acc', 'c10_50k_loss', 'c10_50k_acc']) 
 c10h_outdir:  /tigress/joshuacp/model_results/run_1/saves/wrn_28_10/con_True_lr_0.0001_seed_1
[2018/09/25 21:57:08 __main__ INFO] - Train 22
[2018/09/25 21:57:27 __main__ INFO] - TEST 22
[2018/09/25 21:58:15 __main__ INFO] - - epoch 22    c10h_train    : 0.3500 (acc: 0.9806) | c10h_val    : 0.4274 (acc: 0.9540)
[2018/09/25 21:58:15 __main__ INFO] - -            c10h_train_c10: 0.0427 (acc: 0.9849) | c10h_val_c10: 0.1362 (acc: 0.9580)
[2018/09/25 21:58:15 __main__ INFO] - -            v4            : 0.3783 (acc: 0.8971) |           v6: 0.3454 (acc: 0.9085)
[2018/09/25 21:58:15 __main__ INFO] - -            c10_50k       : 0.0022 (acc: 0.9999)
[2018/09/25 21:58:15 __main__ INFO] - Elapsed 47.89
keys:  dict_keys(['epoch', 'c10h_train_loss', 'c10h_train_acc', 'c10h_val_loss', 'c10h_val_acc', 'c10h_train_c10_loss', 'c10h_train_c10_acc', 'c10h_val_c10_loss', 'c10h_val_c10_acc', 'v4_loss', 'v4_acc', 'v6_loss', 'v6_acc', 'c10_50k_loss', 'c10_50k_acc']) 
 c10h_outdir:  /tigress/joshuacp/model_results/run_1/saves/wrn_28_10/con_True_lr_0.0001_seed_1
[2018/09/25 21:58:16 __main__ INFO] - Train 23
[2018/09/25 21:58:36 __main__ INFO] - TEST 23
[2018/09/25 21:59:24 __main__ INFO] - - epoch 23    c10h_train    : 0.3496 (acc: 0.9808) | c10h_val    : 0.4259 (acc: 0.9550)
[2018/09/25 21:59:24 __main__ INFO] - -            c10h_train_c10: 0.0379 (acc: 0.9863) | c10h_val_c10: 0.1358 (acc: 0.9590)
[2018/09/25 21:59:24 __main__ INFO] - -            v4            : 0.3745 (acc: 0.8991) |           v6: 0.3465 (acc: 0.9085)
[2018/09/25 21:59:24 __main__ INFO] - -            c10_50k       : 0.0021 (acc: 0.9999)
[2018/09/25 21:59:24 __main__ INFO] - Elapsed 47.98
keys:  dict_keys(['epoch', 'c10h_train_loss', 'c10h_train_acc', 'c10h_val_loss', 'c10h_val_acc', 'c10h_train_c10_loss', 'c10h_train_c10_acc', 'c10h_val_c10_loss', 'c10h_val_c10_acc', 'v4_loss', 'v4_acc', 'v6_loss', 'v6_acc', 'c10_50k_loss', 'c10_50k_acc']) 
 c10h_outdir:  /tigress/joshuacp/model_results/run_1/saves/wrn_28_10/con_True_lr_0.0001_seed_1
[2018/09/25 21:59:25 __main__ INFO] - Train 24
[2018/09/25 21:59:44 __main__ INFO] - TEST 24
[2018/09/25 22:00:32 __main__ INFO] - - epoch 24    c10h_train    : 0.3488 (acc: 0.9800) | c10h_val    : 0.4297 (acc: 0.9550)
[2018/09/25 22:00:32 __main__ INFO] - -            c10h_train_c10: 0.0375 (acc: 0.9852) | c10h_val_c10: 0.1389 (acc: 0.9590)
[2018/09/25 22:00:32 __main__ INFO] - -            v4            : 0.3783 (acc: 0.8887) |           v6: 0.3444 (acc: 0.9080)
[2018/09/25 22:00:32 __main__ INFO] - -            c10_50k       : 0.0023 (acc: 1.0000)
[2018/09/25 22:00:32 __main__ INFO] - Elapsed 48.16
keys:  dict_keys(['epoch', 'c10h_train_loss', 'c10h_train_acc', 'c10h_val_loss', 'c10h_val_acc', 'c10h_train_c10_loss', 'c10h_train_c10_acc', 'c10h_val_c10_loss', 'c10h_val_c10_acc', 'v4_loss', 'v4_acc', 'v6_loss', 'v6_acc', 'c10_50k_loss', 'c10_50k_acc']) 
 c10h_outdir:  /tigress/joshuacp/model_results/run_1/saves/wrn_28_10/con_True_lr_0.0001_seed_1
[2018/09/25 22:00:34 __main__ INFO] - Train 25
[2018/09/25 22:00:53 __main__ INFO] - TEST 25
[2018/09/25 22:01:41 __main__ INFO] - - epoch 25    c10h_train    : 0.3490 (acc: 0.9800) | c10h_val    : 0.4307 (acc: 0.9540)
[2018/09/25 22:01:41 __main__ INFO] - -            c10h_train_c10: 0.0379 (acc: 0.9858) | c10h_val_c10: 0.1386 (acc: 0.9580)
[2018/09/25 22:01:41 __main__ INFO] - -            v4            : 0.3820 (acc: 0.8971) |           v6: 0.3435 (acc: 0.9085)
[2018/09/25 22:01:41 __main__ INFO] - -            c10_50k       : 0.0022 (acc: 0.9999)
[2018/09/25 22:01:41 __main__ INFO] - Elapsed 47.91
keys:  dict_keys(['epoch', 'c10h_train_loss', 'c10h_train_acc', 'c10h_val_loss', 'c10h_val_acc', 'c10h_train_c10_loss', 'c10h_train_c10_acc', 'c10h_val_c10_loss', 'c10h_val_c10_acc', 'v4_loss', 'v4_acc', 'v6_loss', 'v6_acc', 'c10_50k_loss', 'c10_50k_acc']) 
 c10h_outdir:  /tigress/joshuacp/model_results/run_1/saves/wrn_28_10/con_True_lr_0.0001_seed_1
[2018/09/25 22:01:42 __main__ INFO] - Train 26
[2018/09/25 22:02:01 __main__ INFO] - TEST 26
[2018/09/25 22:02:49 __main__ INFO] - - epoch 26    c10h_train    : 0.3487 (acc: 0.9803) | c10h_val    : 0.4323 (acc: 0.9540)
[2018/09/25 22:02:49 __main__ INFO] - -            c10h_train_c10: 0.0366 (acc: 0.9854) | c10h_val_c10: 0.1405 (acc: 0.9580)
[2018/09/25 22:02:49 __main__ INFO] - -            v4            : 0.3446 (acc: 0.9015) |           v6: 0.3491 (acc: 0.9070)
[2018/09/25 22:02:49 __main__ INFO] - -            c10_50k       : 0.0021 (acc: 0.9999)
[2018/09/25 22:02:49 __main__ INFO] - Elapsed 48.16
keys:  dict_keys(['epoch', 'c10h_train_loss', 'c10h_train_acc', 'c10h_val_loss', 'c10h_val_acc', 'c10h_train_c10_loss', 'c10h_train_c10_acc', 'c10h_val_c10_loss', 'c10h_val_c10_acc', 'v4_loss', 'v4_acc', 'v6_loss', 'v6_acc', 'c10_50k_loss', 'c10_50k_acc']) 
 c10h_outdir:  /tigress/joshuacp/model_results/run_1/saves/wrn_28_10/con_True_lr_0.0001_seed_1
[2018/09/25 22:02:51 __main__ INFO] - Train 27
[2018/09/25 22:03:10 __main__ INFO] - TEST 27
[2018/09/25 22:03:58 __main__ INFO] - - epoch 27    c10h_train    : 0.3481 (acc: 0.9819) | c10h_val    : 0.4316 (acc: 0.9540)
[2018/09/25 22:03:59 __main__ INFO] - -            c10h_train_c10: 0.0345 (acc: 0.9871) | c10h_val_c10: 0.1395 (acc: 0.9580)
[2018/09/25 22:03:59 __main__ INFO] - -            v4            : 0.3833 (acc: 0.8877) |           v6: 0.3516 (acc: 0.9050)
[2018/09/25 22:03:59 __main__ INFO] - -            c10_50k       : 0.0022 (acc: 0.9998)
[2018/09/25 22:03:59 __main__ INFO] - Elapsed 48.50
keys:  dict_keys(['epoch', 'c10h_train_loss', 'c10h_train_acc', 'c10h_val_loss', 'c10h_val_acc', 'c10h_train_c10_loss', 'c10h_train_c10_acc', 'c10h_val_c10_loss', 'c10h_val_c10_acc', 'v4_loss', 'v4_acc', 'v6_loss', 'v6_acc', 'c10_50k_loss', 'c10_50k_acc']) 
 c10h_outdir:  /tigress/joshuacp/model_results/run_1/saves/wrn_28_10/con_True_lr_0.0001_seed_1
[2018/09/25 22:04:00 __main__ INFO] - Train 28
[2018/09/25 22:04:20 __main__ INFO] - TEST 28
[2018/09/25 22:05:08 __main__ INFO] - - epoch 28    c10h_train    : 0.3513 (acc: 0.9817) | c10h_val    : 0.4340 (acc: 0.9530)
[2018/09/25 22:05:09 __main__ INFO] - -            c10h_train_c10: 0.0325 (acc: 0.9876) | c10h_val_c10: 0.1409 (acc: 0.9570)
[2018/09/25 22:05:09 __main__ INFO] - -            v4            : 0.3654 (acc: 0.9010) |           v6: 0.3471 (acc: 0.9075)
[2018/09/25 22:05:09 __main__ INFO] - -            c10_50k       : 0.0023 (acc: 0.9999)
[2018/09/25 22:05:09 __main__ INFO] - Elapsed 48.45
keys:  dict_keys(['epoch', 'c10h_train_loss', 'c10h_train_acc', 'c10h_val_loss', 'c10h_val_acc', 'c10h_train_c10_loss', 'c10h_train_c10_acc', 'c10h_val_c10_loss', 'c10h_val_c10_acc', 'v4_loss', 'v4_acc', 'v6_loss', 'v6_acc', 'c10_50k_loss', 'c10_50k_acc']) 
 c10h_outdir:  /tigress/joshuacp/model_results/run_1/saves/wrn_28_10/con_True_lr_0.0001_seed_1
[2018/09/25 22:05:10 __main__ INFO] - Train 29
[2018/09/25 22:05:29 __main__ INFO] - TEST 29
[2018/09/25 22:06:17 __main__ INFO] - - epoch 29    c10h_train    : 0.3500 (acc: 0.9828) | c10h_val    : 0.4338 (acc: 0.9530)
[2018/09/25 22:06:18 __main__ INFO] - -            c10h_train_c10: 0.0288 (acc: 0.9892) | c10h_val_c10: 0.1414 (acc: 0.9580)
[2018/09/25 22:06:18 __main__ INFO] - -            v4            : 0.3846 (acc: 0.8956) |           v6: 0.3492 (acc: 0.9090)
[2018/09/25 22:06:18 __main__ INFO] - -            c10_50k       : 0.0021 (acc: 1.0000)
[2018/09/25 22:06:18 __main__ INFO] - Elapsed 48.69
keys:  dict_keys(['epoch', 'c10h_train_loss', 'c10h_train_acc', 'c10h_val_loss', 'c10h_val_acc', 'c10h_train_c10_loss', 'c10h_train_c10_acc', 'c10h_val_c10_loss', 'c10h_val_c10_acc', 'v4_loss', 'v4_acc', 'v6_loss', 'v6_acc', 'c10_50k_loss', 'c10_50k_acc']) 
 c10h_outdir:  /tigress/joshuacp/model_results/run_1/saves/wrn_28_10/con_True_lr_0.0001_seed_1
[2018/09/25 22:06:18 __main__ INFO] - Train 30
[2018/09/25 22:06:38 __main__ INFO] - TEST 30
[2018/09/25 22:07:26 __main__ INFO] - - epoch 30    c10h_train    : 0.3511 (acc: 0.9810) | c10h_val    : 0.4326 (acc: 0.9540)
[2018/09/25 22:07:27 __main__ INFO] - -            c10h_train_c10: 0.0326 (acc: 0.9873) | c10h_val_c10: 0.1397 (acc: 0.9590)
[2018/09/25 22:07:27 __main__ INFO] - -            v4            : 0.3802 (acc: 0.8916) |           v6: 0.3556 (acc: 0.9035)
[2018/09/25 22:07:27 __main__ INFO] - -            c10_50k       : 0.0022 (acc: 1.0000)
[2018/09/25 22:07:27 __main__ INFO] - Elapsed 48.61
keys:  dict_keys(['epoch', 'c10h_train_loss', 'c10h_train_acc', 'c10h_val_loss', 'c10h_val_acc', 'c10h_train_c10_loss', 'c10h_train_c10_acc', 'c10h_val_c10_loss', 'c10h_val_c10_acc', 'v4_loss', 'v4_acc', 'v6_loss', 'v6_acc', 'c10_50k_loss', 'c10_50k_acc']) 
 c10h_outdir:  /tigress/joshuacp/model_results/run_1/saves/wrn_28_10/con_True_lr_0.0001_seed_1
[2018/09/25 22:07:29 __main__ INFO] - Train 31
[2018/09/25 22:07:48 __main__ INFO] - TEST 31
[2018/09/25 22:08:36 __main__ INFO] - - epoch 31    c10h_train    : 0.3488 (acc: 0.9823) | c10h_val    : 0.4364 (acc: 0.9540)
[2018/09/25 22:08:36 __main__ INFO] - -            c10h_train_c10: 0.0299 (acc: 0.9883) | c10h_val_c10: 0.1439 (acc: 0.9590)
[2018/09/25 22:08:36 __main__ INFO] - -            v4            : 0.3871 (acc: 0.8926) |           v6: 0.3510 (acc: 0.9080)
[2018/09/25 22:08:36 __main__ INFO] - -            c10_50k       : 0.0022 (acc: 0.9999)
[2018/09/25 22:08:36 __main__ INFO] - Elapsed 47.85
keys:  dict_keys(['epoch', 'c10h_train_loss', 'c10h_train_acc', 'c10h_val_loss', 'c10h_val_acc', 'c10h_train_c10_loss', 'c10h_train_c10_acc', 'c10h_val_c10_loss', 'c10h_val_c10_acc', 'v4_loss', 'v4_acc', 'v6_loss', 'v6_acc', 'c10_50k_loss', 'c10_50k_acc']) 
 c10h_outdir:  /tigress/joshuacp/model_results/run_1/saves/wrn_28_10/con_True_lr_0.0001_seed_1
[2018/09/25 22:08:38 __main__ INFO] - Train 32
[2018/09/25 22:08:58 __main__ INFO] - TEST 32
[2018/09/25 22:09:46 __main__ INFO] - - epoch 32    c10h_train    : 0.3475 (acc: 0.9829) | c10h_val    : 0.4378 (acc: 0.9550)
[2018/09/25 22:09:46 __main__ INFO] - -            c10h_train_c10: 0.0294 (acc: 0.9888) | c10h_val_c10: 0.1471 (acc: 0.9590)
[2018/09/25 22:09:46 __main__ INFO] - -            v4            : 0.3780 (acc: 0.8976) |           v6: 0.3478 (acc: 0.9075)
[2018/09/25 22:09:46 __main__ INFO] - -            c10_50k       : 0.0023 (acc: 0.9999)
[2018/09/25 22:09:46 __main__ INFO] - Elapsed 48.17
keys:  dict_keys(['epoch', 'c10h_train_loss', 'c10h_train_acc', 'c10h_val_loss', 'c10h_val_acc', 'c10h_train_c10_loss', 'c10h_train_c10_acc', 'c10h_val_c10_loss', 'c10h_val_c10_acc', 'v4_loss', 'v4_acc', 'v6_loss', 'v6_acc', 'c10_50k_loss', 'c10_50k_acc']) 
 c10h_outdir:  /tigress/joshuacp/model_results/run_1/saves/wrn_28_10/con_True_lr_0.0001_seed_1
[2018/09/25 22:09:46 __main__ INFO] - Train 33
[2018/09/25 22:10:06 __main__ INFO] - TEST 33
[2018/09/25 22:10:54 __main__ INFO] - - epoch 33    c10h_train    : 0.3483 (acc: 0.9827) | c10h_val    : 0.4341 (acc: 0.9570)
[2018/09/25 22:10:54 __main__ INFO] - -            c10h_train_c10: 0.0291 (acc: 0.9883) | c10h_val_c10: 0.1430 (acc: 0.9610)
[2018/09/25 22:10:54 __main__ INFO] - -            v4            : 0.3877 (acc: 0.8892) |           v6: 0.3627 (acc: 0.9025)
[2018/09/25 22:10:54 __main__ INFO] - -            c10_50k       : 0.0023 (acc: 0.9999)
[2018/09/25 22:10:54 __main__ INFO] - Elapsed 47.92
keys:  dict_keys(['epoch', 'c10h_train_loss', 'c10h_train_acc', 'c10h_val_loss', 'c10h_val_acc', 'c10h_train_c10_loss', 'c10h_train_c10_acc', 'c10h_val_c10_loss', 'c10h_val_c10_acc', 'v4_loss', 'v4_acc', 'v6_loss', 'v6_acc', 'c10_50k_loss', 'c10_50k_acc']) 
 c10h_outdir:  /tigress/joshuacp/model_results/run_1/saves/wrn_28_10/con_True_lr_0.0001_seed_1
[2018/09/25 22:10:55 __main__ INFO] - Train 34
[2018/09/25 22:11:15 __main__ INFO] - TEST 34
[2018/09/25 22:12:03 __main__ INFO] - - epoch 34    c10h_train    : 0.3456 (acc: 0.9831) | c10h_val    : 0.4375 (acc: 0.9530)
[2018/09/25 22:12:03 __main__ INFO] - -            c10h_train_c10: 0.0266 (acc: 0.9893) | c10h_val_c10: 0.1463 (acc: 0.9570)
[2018/09/25 22:12:03 __main__ INFO] - -            v4            : 0.3677 (acc: 0.8996) |           v6: 0.3507 (acc: 0.9085)
[2018/09/25 22:12:03 __main__ INFO] - -            c10_50k       : 0.0023 (acc: 0.9999)
[2018/09/25 22:12:03 __main__ INFO] - Elapsed 48.26
keys:  dict_keys(['epoch', 'c10h_train_loss', 'c10h_train_acc', 'c10h_val_loss', 'c10h_val_acc', 'c10h_train_c10_loss', 'c10h_train_c10_acc', 'c10h_val_c10_loss', 'c10h_val_c10_acc', 'v4_loss', 'v4_acc', 'v6_loss', 'v6_acc', 'c10_50k_loss', 'c10_50k_acc']) 
 c10h_outdir:  /tigress/joshuacp/model_results/run_1/saves/wrn_28_10/con_True_lr_0.0001_seed_1
[2018/09/25 22:12:04 __main__ INFO] - Train 35
[2018/09/25 22:12:24 __main__ INFO] - TEST 35
[2018/09/25 22:13:12 __main__ INFO] - - epoch 35    c10h_train    : 0.3541 (acc: 0.9833) | c10h_val    : 0.4377 (acc: 0.9540)
[2018/09/25 22:13:12 __main__ INFO] - -            c10h_train_c10: 0.0247 (acc: 0.9898) | c10h_val_c10: 0.1434 (acc: 0.9590)
[2018/09/25 22:13:12 __main__ INFO] - -            v4            : 0.3783 (acc: 0.8877) |           v6: 0.3518 (acc: 0.9065)
[2018/09/25 22:13:12 __main__ INFO] - -            c10_50k       : 0.0022 (acc: 0.9999)
[2018/09/25 22:13:12 __main__ INFO] - Elapsed 48.07
keys:  dict_keys(['epoch', 'c10h_train_loss', 'c10h_train_acc', 'c10h_val_loss', 'c10h_val_acc', 'c10h_train_c10_loss', 'c10h_train_c10_acc', 'c10h_val_c10_loss', 'c10h_val_c10_acc', 'v4_loss', 'v4_acc', 'v6_loss', 'v6_acc', 'c10_50k_loss', 'c10_50k_acc']) 
 c10h_outdir:  /tigress/joshuacp/model_results/run_1/saves/wrn_28_10/con_True_lr_0.0001_seed_1
[2018/09/25 22:13:14 __main__ INFO] - Train 36
[2018/09/25 22:13:33 __main__ INFO] - TEST 36
[2018/09/25 22:14:21 __main__ INFO] - - epoch 36    c10h_train    : 0.3484 (acc: 0.9830) | c10h_val    : 0.4338 (acc: 0.9550)
[2018/09/25 22:14:21 __main__ INFO] - -            c10h_train_c10: 0.0267 (acc: 0.9896) | c10h_val_c10: 0.1408 (acc: 0.9590)
[2018/09/25 22:14:21 __main__ INFO] - -            v4            : 0.3796 (acc: 0.8951) |           v6: 0.3524 (acc: 0.9070)
[2018/09/25 22:14:21 __main__ INFO] - -            c10_50k       : 0.0024 (acc: 0.9998)
[2018/09/25 22:14:21 __main__ INFO] - Elapsed 48.14
keys:  dict_keys(['epoch', 'c10h_train_loss', 'c10h_train_acc', 'c10h_val_loss', 'c10h_val_acc', 'c10h_train_c10_loss', 'c10h_train_c10_acc', 'c10h_val_c10_loss', 'c10h_val_c10_acc', 'v4_loss', 'v4_acc', 'v6_loss', 'v6_acc', 'c10_50k_loss', 'c10_50k_acc']) 
 c10h_outdir:  /tigress/joshuacp/model_results/run_1/saves/wrn_28_10/con_True_lr_0.0001_seed_1
[2018/09/25 22:14:23 __main__ INFO] - Train 37
[2018/09/25 22:14:43 __main__ INFO] - TEST 37
[2018/09/25 22:15:31 __main__ INFO] - - epoch 37    c10h_train    : 0.3473 (acc: 0.9837) | c10h_val    : 0.4333 (acc: 0.9510)
[2018/09/25 22:15:31 __main__ INFO] - -            c10h_train_c10: 0.0233 (acc: 0.9901) | c10h_val_c10: 0.1423 (acc: 0.9550)
[2018/09/25 22:15:31 __main__ INFO] - -            v4            : 0.3994 (acc: 0.8931) |           v6: 0.3504 (acc: 0.9100)
[2018/09/25 22:15:31 __main__ INFO] - -            c10_50k       : 0.0023 (acc: 0.9999)
[2018/09/25 22:15:31 __main__ INFO] - Elapsed 48.15
keys:  dict_keys(['epoch', 'c10h_train_loss', 'c10h_train_acc', 'c10h_val_loss', 'c10h_val_acc', 'c10h_train_c10_loss', 'c10h_train_c10_acc', 'c10h_val_c10_loss', 'c10h_val_c10_acc', 'v4_loss', 'v4_acc', 'v6_loss', 'v6_acc', 'c10_50k_loss', 'c10_50k_acc']) 
 c10h_outdir:  /tigress/joshuacp/model_results/run_1/saves/wrn_28_10/con_True_lr_0.0001_seed_1
[2018/09/25 22:15:32 __main__ INFO] - Train 38
[2018/09/25 22:15:51 __main__ INFO] - TEST 38
[2018/09/25 22:16:39 __main__ INFO] - - epoch 38    c10h_train    : 0.3490 (acc: 0.9836) | c10h_val    : 0.4361 (acc: 0.9530)
[2018/09/25 22:16:39 __main__ INFO] - -            c10h_train_c10: 0.0261 (acc: 0.9901) | c10h_val_c10: 0.1428 (acc: 0.9570)
[2018/09/25 22:16:39 __main__ INFO] - -            v4            : 0.3831 (acc: 0.8961) |           v6: 0.3550 (acc: 0.9075)
[2018/09/25 22:16:39 __main__ INFO] - -            c10_50k       : 0.0023 (acc: 0.9999)
[2018/09/25 22:16:39 __main__ INFO] - Elapsed 48.32
keys:  dict_keys(['epoch', 'c10h_train_loss', 'c10h_train_acc', 'c10h_val_loss', 'c10h_val_acc', 'c10h_train_c10_loss', 'c10h_train_c10_acc', 'c10h_val_c10_loss', 'c10h_val_c10_acc', 'v4_loss', 'v4_acc', 'v6_loss', 'v6_acc', 'c10_50k_loss', 'c10_50k_acc']) 
 c10h_outdir:  /tigress/joshuacp/model_results/run_1/saves/wrn_28_10/con_True_lr_0.0001_seed_1
[2018/09/25 22:16:41 __main__ INFO] - Train 39
[2018/09/25 22:17:01 __main__ INFO] - TEST 39
[2018/09/25 22:17:49 __main__ INFO] - - epoch 39    c10h_train    : 0.3484 (acc: 0.9851) | c10h_val    : 0.4380 (acc: 0.9540)
[2018/09/25 22:17:49 __main__ INFO] - -            c10h_train_c10: 0.0221 (acc: 0.9914) | c10h_val_c10: 0.1424 (acc: 0.9580)
[2018/09/25 22:17:49 __main__ INFO] - -            v4            : 0.3612 (acc: 0.8996) |           v6: 0.3514 (acc: 0.9085)
[2018/09/25 22:17:49 __main__ INFO] - -            c10_50k       : 0.0024 (acc: 0.9998)
[2018/09/25 22:17:49 __main__ INFO] - Elapsed 48.34
keys:  dict_keys(['epoch', 'c10h_train_loss', 'c10h_train_acc', 'c10h_val_loss', 'c10h_val_acc', 'c10h_train_c10_loss', 'c10h_train_c10_acc', 'c10h_val_c10_loss', 'c10h_val_c10_acc', 'v4_loss', 'v4_acc', 'v6_loss', 'v6_acc', 'c10_50k_loss', 'c10_50k_acc']) 
 c10h_outdir:  /tigress/joshuacp/model_results/run_1/saves/wrn_28_10/con_True_lr_0.0001_seed_1
[2018/09/25 22:17:51 __main__ INFO] - Train 40
[2018/09/25 22:18:10 __main__ INFO] - TEST 40
[2018/09/25 22:18:59 __main__ INFO] - - epoch 40    c10h_train    : 0.3511 (acc: 0.9844) | c10h_val    : 0.4390 (acc: 0.9540)
[2018/09/25 22:18:59 __main__ INFO] - -            c10h_train_c10: 0.0224 (acc: 0.9906) | c10h_val_c10: 0.1437 (acc: 0.9590)
[2018/09/25 22:18:59 __main__ INFO] - -            v4            : 0.3758 (acc: 0.8966) |           v6: 0.3523 (acc: 0.9100)
[2018/09/25 22:18:59 __main__ INFO] - -            c10_50k       : 0.0025 (acc: 0.9999)
[2018/09/25 22:18:59 __main__ INFO] - Elapsed 48.22
keys:  dict_keys(['epoch', 'c10h_train_loss', 'c10h_train_acc', 'c10h_val_loss', 'c10h_val_acc', 'c10h_train_c10_loss', 'c10h_train_c10_acc', 'c10h_val_c10_loss', 'c10h_val_c10_acc', 'v4_loss', 'v4_acc', 'v6_loss', 'v6_acc', 'c10_50k_loss', 'c10_50k_acc']) 
 c10h_outdir:  /tigress/joshuacp/model_results/run_1/saves/wrn_28_10/con_True_lr_0.0001_seed_1
[2018/09/25 22:19:00 __main__ INFO] - Train 41
[2018/09/25 22:19:20 __main__ INFO] - TEST 41
[2018/09/25 22:20:08 __main__ INFO] - - epoch 41    c10h_train    : 0.3486 (acc: 0.9842) | c10h_val    : 0.4361 (acc: 0.9540)
[2018/09/25 22:20:08 __main__ INFO] - -            c10h_train_c10: 0.0204 (acc: 0.9911) | c10h_val_c10: 0.1413 (acc: 0.9580)
[2018/09/25 22:20:08 __main__ INFO] - -            v4            : 0.3851 (acc: 0.8971) |           v6: 0.3546 (acc: 0.9090)
[2018/09/25 22:20:08 __main__ INFO] - -            c10_50k       : 0.0023 (acc: 0.9999)
[2018/09/25 22:20:08 __main__ INFO] - Elapsed 48.07
keys:  dict_keys(['epoch', 'c10h_train_loss', 'c10h_train_acc', 'c10h_val_loss', 'c10h_val_acc', 'c10h_train_c10_loss', 'c10h_train_c10_acc', 'c10h_val_c10_loss', 'c10h_val_c10_acc', 'v4_loss', 'v4_acc', 'v6_loss', 'v6_acc', 'c10_50k_loss', 'c10_50k_acc']) 
 c10h_outdir:  /tigress/joshuacp/model_results/run_1/saves/wrn_28_10/con_True_lr_0.0001_seed_1
[2018/09/25 22:20:09 __main__ INFO] - Train 42
[2018/09/25 22:20:29 __main__ INFO] - TEST 42
[2018/09/25 22:21:17 __main__ INFO] - - epoch 42    c10h_train    : 0.3491 (acc: 0.9853) | c10h_val    : 0.4409 (acc: 0.9550)
[2018/09/25 22:21:17 __main__ INFO] - -            c10h_train_c10: 0.0218 (acc: 0.9917) | c10h_val_c10: 0.1437 (acc: 0.9600)
[2018/09/25 22:21:17 __main__ INFO] - -            v4            : 0.4049 (acc: 0.8976) |           v6: 0.3552 (acc: 0.9090)
[2018/09/25 22:21:17 __main__ INFO] - -            c10_50k       : 0.0023 (acc: 0.9999)
[2018/09/25 22:21:17 __main__ INFO] - Elapsed 48.03
keys:  dict_keys(['epoch', 'c10h_train_loss', 'c10h_train_acc', 'c10h_val_loss', 'c10h_val_acc', 'c10h_train_c10_loss', 'c10h_train_c10_acc', 'c10h_val_c10_loss', 'c10h_val_c10_acc', 'v4_loss', 'v4_acc', 'v6_loss', 'v6_acc', 'c10_50k_loss', 'c10_50k_acc']) 
 c10h_outdir:  /tigress/joshuacp/model_results/run_1/saves/wrn_28_10/con_True_lr_0.0001_seed_1
[2018/09/25 22:21:17 __main__ INFO] - Train 43
[2018/09/25 22:21:37 __main__ INFO] - TEST 43
[2018/09/25 22:22:25 __main__ INFO] - - epoch 43    c10h_train    : 0.3550 (acc: 0.9840) | c10h_val    : 0.4443 (acc: 0.9520)
[2018/09/25 22:22:25 __main__ INFO] - -            c10h_train_c10: 0.0230 (acc: 0.9906) | c10h_val_c10: 0.1474 (acc: 0.9570)
[2018/09/25 22:22:25 __main__ INFO] - -            v4            : 0.3943 (acc: 0.8946) |           v6: 0.3589 (acc: 0.9080)
[2018/09/25 22:22:25 __main__ INFO] - -            c10_50k       : 0.0024 (acc: 0.9999)
[2018/09/25 22:22:25 __main__ INFO] - Elapsed 48.01
keys:  dict_keys(['epoch', 'c10h_train_loss', 'c10h_train_acc', 'c10h_val_loss', 'c10h_val_acc', 'c10h_train_c10_loss', 'c10h_train_c10_acc', 'c10h_val_c10_loss', 'c10h_val_c10_acc', 'v4_loss', 'v4_acc', 'v6_loss', 'v6_acc', 'c10_50k_loss', 'c10_50k_acc']) 
 c10h_outdir:  /tigress/joshuacp/model_results/run_1/saves/wrn_28_10/con_True_lr_0.0001_seed_1
[2018/09/25 22:22:26 __main__ INFO] - Train 44
[2018/09/25 22:22:45 __main__ INFO] - TEST 44
[2018/09/25 22:23:33 __main__ INFO] - - epoch 44    c10h_train    : 0.3504 (acc: 0.9846) | c10h_val    : 0.4423 (acc: 0.9550)
[2018/09/25 22:23:33 __main__ INFO] - -            c10h_train_c10: 0.0193 (acc: 0.9913) | c10h_val_c10: 0.1462 (acc: 0.9600)
[2018/09/25 22:23:33 __main__ INFO] - -            v4            : 0.3816 (acc: 0.8902) |           v6: 0.3577 (acc: 0.9050)
[2018/09/25 22:23:33 __main__ INFO] - -            c10_50k       : 0.0024 (acc: 0.9999)
[2018/09/25 22:23:33 __main__ INFO] - Elapsed 48.01
keys:  dict_keys(['epoch', 'c10h_train_loss', 'c10h_train_acc', 'c10h_val_loss', 'c10h_val_acc', 'c10h_train_c10_loss', 'c10h_train_c10_acc', 'c10h_val_c10_loss', 'c10h_val_c10_acc', 'v4_loss', 'v4_acc', 'v6_loss', 'v6_acc', 'c10_50k_loss', 'c10_50k_acc']) 
 c10h_outdir:  /tigress/joshuacp/model_results/run_1/saves/wrn_28_10/con_True_lr_0.0001_seed_1
[2018/09/25 22:23:35 __main__ INFO] - Train 45
[2018/09/25 22:23:54 __main__ INFO] - TEST 45
[2018/09/25 22:24:42 __main__ INFO] - - epoch 45    c10h_train    : 0.3493 (acc: 0.9859) | c10h_val    : 0.4411 (acc: 0.9520)
[2018/09/25 22:24:42 __main__ INFO] - -            c10h_train_c10: 0.0184 (acc: 0.9924) | c10h_val_c10: 0.1449 (acc: 0.9560)
[2018/09/25 22:24:42 __main__ INFO] - -            v4            : 0.3664 (acc: 0.8966) |           v6: 0.3567 (acc: 0.9100)
[2018/09/25 22:24:42 __main__ INFO] - -            c10_50k       : 0.0023 (acc: 0.9999)
[2018/09/25 22:24:42 __main__ INFO] - Elapsed 48.19
keys:  dict_keys(['epoch', 'c10h_train_loss', 'c10h_train_acc', 'c10h_val_loss', 'c10h_val_acc', 'c10h_train_c10_loss', 'c10h_train_c10_acc', 'c10h_val_c10_loss', 'c10h_val_c10_acc', 'v4_loss', 'v4_acc', 'v6_loss', 'v6_acc', 'c10_50k_loss', 'c10_50k_acc']) 
 c10h_outdir:  /tigress/joshuacp/model_results/run_1/saves/wrn_28_10/con_True_lr_0.0001_seed_1
[2018/09/25 22:24:44 __main__ INFO] - Train 46
[2018/09/25 22:25:04 __main__ INFO] - TEST 46
[2018/09/25 22:25:52 __main__ INFO] - - epoch 46    c10h_train    : 0.3505 (acc: 0.9853) | c10h_val    : 0.4460 (acc: 0.9540)
[2018/09/25 22:25:52 __main__ INFO] - -            c10h_train_c10: 0.0206 (acc: 0.9921) | c10h_val_c10: 0.1463 (acc: 0.9590)
[2018/09/25 22:25:52 __main__ INFO] - -            v4            : 0.3688 (acc: 0.9045) |           v6: 0.3537 (acc: 0.9075)
[2018/09/25 22:25:52 __main__ INFO] - -            c10_50k       : 0.0024 (acc: 0.9998)
[2018/09/25 22:25:52 __main__ INFO] - Elapsed 48.16
keys:  dict_keys(['epoch', 'c10h_train_loss', 'c10h_train_acc', 'c10h_val_loss', 'c10h_val_acc', 'c10h_train_c10_loss', 'c10h_train_c10_acc', 'c10h_val_c10_loss', 'c10h_val_c10_acc', 'v4_loss', 'v4_acc', 'v6_loss', 'v6_acc', 'c10_50k_loss', 'c10_50k_acc']) 
 c10h_outdir:  /tigress/joshuacp/model_results/run_1/saves/wrn_28_10/con_True_lr_0.0001_seed_1
[2018/09/25 22:25:54 __main__ INFO] - Train 47
[2018/09/25 22:26:14 __main__ INFO] - TEST 47
[2018/09/25 22:27:02 __main__ INFO] - - epoch 47    c10h_train    : 0.3519 (acc: 0.9844) | c10h_val    : 0.4447 (acc: 0.9520)
[2018/09/25 22:27:02 __main__ INFO] - -            c10h_train_c10: 0.0183 (acc: 0.9916) | c10h_val_c10: 0.1452 (acc: 0.9570)
[2018/09/25 22:27:02 __main__ INFO] - -            v4            : 0.3940 (acc: 0.8926) |           v6: 0.3571 (acc: 0.9070)
[2018/09/25 22:27:02 __main__ INFO] - -            c10_50k       : 0.0024 (acc: 0.9999)
[2018/09/25 22:27:02 __main__ INFO] - Elapsed 48.17
keys:  dict_keys(['epoch', 'c10h_train_loss', 'c10h_train_acc', 'c10h_val_loss', 'c10h_val_acc', 'c10h_train_c10_loss', 'c10h_train_c10_acc', 'c10h_val_c10_loss', 'c10h_val_c10_acc', 'v4_loss', 'v4_acc', 'v6_loss', 'v6_acc', 'c10_50k_loss', 'c10_50k_acc']) 
 c10h_outdir:  /tigress/joshuacp/model_results/run_1/saves/wrn_28_10/con_True_lr_0.0001_seed_1
[2018/09/25 22:27:02 __main__ INFO] - Train 48
[2018/09/25 22:27:22 __main__ INFO] - TEST 48
[2018/09/25 22:28:10 __main__ INFO] - - epoch 48    c10h_train    : 0.3508 (acc: 0.9859) | c10h_val    : 0.4418 (acc: 0.9550)
[2018/09/25 22:28:10 __main__ INFO] - -            c10h_train_c10: 0.0167 (acc: 0.9927) | c10h_val_c10: 0.1456 (acc: 0.9590)
[2018/09/25 22:28:10 __main__ INFO] - -            v4            : 0.3942 (acc: 0.8986) |           v6: 0.3599 (acc: 0.9100)
[2018/09/25 22:28:10 __main__ INFO] - -            c10_50k       : 0.0022 (acc: 1.0000)
[2018/09/25 22:28:10 __main__ INFO] - Elapsed 48.30
keys:  dict_keys(['epoch', 'c10h_train_loss', 'c10h_train_acc', 'c10h_val_loss', 'c10h_val_acc', 'c10h_train_c10_loss', 'c10h_train_c10_acc', 'c10h_val_c10_loss', 'c10h_val_c10_acc', 'v4_loss', 'v4_acc', 'v6_loss', 'v6_acc', 'c10_50k_loss', 'c10_50k_acc']) 
 c10h_outdir:  /tigress/joshuacp/model_results/run_1/saves/wrn_28_10/con_True_lr_0.0001_seed_1
[2018/09/25 22:28:11 __main__ INFO] - Train 49
[2018/09/25 22:28:31 __main__ INFO] - TEST 49
[2018/09/25 22:29:19 __main__ INFO] - - epoch 49    c10h_train    : 0.3505 (acc: 0.9847) | c10h_val    : 0.4438 (acc: 0.9540)
[2018/09/25 22:29:19 __main__ INFO] - -            c10h_train_c10: 0.0194 (acc: 0.9914) | c10h_val_c10: 0.1476 (acc: 0.9580)
[2018/09/25 22:29:19 __main__ INFO] - -            v4            : 0.3811 (acc: 0.8986) |           v6: 0.3576 (acc: 0.9110)
[2018/09/25 22:29:19 __main__ INFO] - -            c10_50k       : 0.0023 (acc: 0.9999)
[2018/09/25 22:29:19 __main__ INFO] - Elapsed 48.28
keys:  dict_keys(['epoch', 'c10h_train_loss', 'c10h_train_acc', 'c10h_val_loss', 'c10h_val_acc', 'c10h_train_c10_loss', 'c10h_train_c10_acc', 'c10h_val_c10_loss', 'c10h_val_c10_acc', 'v4_loss', 'v4_acc', 'v6_loss', 'v6_acc', 'c10_50k_loss', 'c10_50k_acc']) 
 c10h_outdir:  /tigress/joshuacp/model_results/run_1/saves/wrn_28_10/con_True_lr_0.0001_seed_1
[2018/09/25 22:29:20 __main__ INFO] - Train 50
[2018/09/25 22:29:39 __main__ INFO] - TEST 50
[2018/09/25 22:30:28 __main__ INFO] - - epoch 50    c10h_train    : 0.3555 (acc: 0.9852) | c10h_val    : 0.4497 (acc: 0.9530)
[2018/09/25 22:30:28 __main__ INFO] - -            c10h_train_c10: 0.0166 (acc: 0.9923) | c10h_val_c10: 0.1482 (acc: 0.9580)
[2018/09/25 22:30:28 __main__ INFO] - -            v4            : 0.3735 (acc: 0.9010) |           v6: 0.3578 (acc: 0.9075)
[2018/09/25 22:30:28 __main__ INFO] - -            c10_50k       : 0.0024 (acc: 0.9998)
[2018/09/25 22:30:28 __main__ INFO] - Elapsed 48.46
keys:  dict_keys(['epoch', 'c10h_train_loss', 'c10h_train_acc', 'c10h_val_loss', 'c10h_val_acc', 'c10h_train_c10_loss', 'c10h_train_c10_acc', 'c10h_val_c10_loss', 'c10h_val_c10_acc', 'v4_loss', 'v4_acc', 'v6_loss', 'v6_acc', 'c10_50k_loss', 'c10_50k_acc']) 
 c10h_outdir:  /tigress/joshuacp/model_results/run_1/saves/wrn_28_10/con_True_lr_0.0001_seed_1
[2018/09/25 22:30:29 __main__ INFO] - Train 51
[2018/09/25 22:30:48 __main__ INFO] - TEST 51
[2018/09/25 22:31:36 __main__ INFO] - - epoch 51    c10h_train    : 0.3543 (acc: 0.9857) | c10h_val    : 0.4479 (acc: 0.9560)
[2018/09/25 22:31:36 __main__ INFO] - -            c10h_train_c10: 0.0156 (acc: 0.9928) | c10h_val_c10: 0.1532 (acc: 0.9600)
[2018/09/25 22:31:36 __main__ INFO] - -            v4            : 0.4067 (acc: 0.8946) |           v6: 0.3576 (acc: 0.9110)
[2018/09/25 22:31:36 __main__ INFO] - -            c10_50k       : 0.0026 (acc: 0.9998)
[2018/09/25 22:31:36 __main__ INFO] - Elapsed 48.20
keys:  dict_keys(['epoch', 'c10h_train_loss', 'c10h_train_acc', 'c10h_val_loss', 'c10h_val_acc', 'c10h_train_c10_loss', 'c10h_train_c10_acc', 'c10h_val_c10_loss', 'c10h_val_c10_acc', 'v4_loss', 'v4_acc', 'v6_loss', 'v6_acc', 'c10_50k_loss', 'c10_50k_acc']) 
 c10h_outdir:  /tigress/joshuacp/model_results/run_1/saves/wrn_28_10/con_True_lr_0.0001_seed_1
[2018/09/25 22:31:38 __main__ INFO] - Train 52
[2018/09/25 22:31:57 __main__ INFO] - TEST 52
[2018/09/25 22:32:45 __main__ INFO] - - epoch 52    c10h_train    : 0.3544 (acc: 0.9862) | c10h_val    : 0.4492 (acc: 0.9540)
[2018/09/25 22:32:45 __main__ INFO] - -            c10h_train_c10: 0.0145 (acc: 0.9933) | c10h_val_c10: 0.1516 (acc: 0.9580)
[2018/09/25 22:32:45 __main__ INFO] - -            v4            : 0.3851 (acc: 0.8976) |           v6: 0.3604 (acc: 0.9095)
[2018/09/25 22:32:45 __main__ INFO] - -            c10_50k       : 0.0023 (acc: 0.9999)
[2018/09/25 22:32:45 __main__ INFO] - Elapsed 48.28
keys:  dict_keys(['epoch', 'c10h_train_loss', 'c10h_train_acc', 'c10h_val_loss', 'c10h_val_acc', 'c10h_train_c10_loss', 'c10h_train_c10_acc', 'c10h_val_c10_loss', 'c10h_val_c10_acc', 'v4_loss', 'v4_acc', 'v6_loss', 'v6_acc', 'c10_50k_loss', 'c10_50k_acc']) 
 c10h_outdir:  /tigress/joshuacp/model_results/run_1/saves/wrn_28_10/con_True_lr_0.0001_seed_1
[2018/09/25 22:32:47 __main__ INFO] - Train 53
[2018/09/25 22:33:07 __main__ INFO] - TEST 53
[2018/09/25 22:33:54 __main__ INFO] - - epoch 53    c10h_train    : 0.3532 (acc: 0.9857) | c10h_val    : 0.4486 (acc: 0.9530)
[2018/09/25 22:33:54 __main__ INFO] - -            c10h_train_c10: 0.0159 (acc: 0.9922) | c10h_val_c10: 0.1501 (acc: 0.9580)
[2018/09/25 22:33:54 __main__ INFO] - -            v4            : 0.3789 (acc: 0.8981) |           v6: 0.3554 (acc: 0.9120)
[2018/09/25 22:33:54 __main__ INFO] - -            c10_50k       : 0.0024 (acc: 0.9999)
[2018/09/25 22:33:54 __main__ INFO] - Elapsed 47.76
keys:  dict_keys(['epoch', 'c10h_train_loss', 'c10h_train_acc', 'c10h_val_loss', 'c10h_val_acc', 'c10h_train_c10_loss', 'c10h_train_c10_acc', 'c10h_val_c10_loss', 'c10h_val_c10_acc', 'v4_loss', 'v4_acc', 'v6_loss', 'v6_acc', 'c10_50k_loss', 'c10_50k_acc']) 
 c10h_outdir:  /tigress/joshuacp/model_results/run_1/saves/wrn_28_10/con_True_lr_0.0001_seed_1
[2018/09/25 22:33:56 __main__ INFO] - Train 54
[2018/09/25 22:34:15 __main__ INFO] - TEST 54
[2018/09/25 22:35:03 __main__ INFO] - - epoch 54    c10h_train    : 0.3518 (acc: 0.9860) | c10h_val    : 0.4522 (acc: 0.9540)
[2018/09/25 22:35:03 __main__ INFO] - -            c10h_train_c10: 0.0133 (acc: 0.9933) | c10h_val_c10: 0.1554 (acc: 0.9580)
[2018/09/25 22:35:03 __main__ INFO] - -            v4            : 0.3918 (acc: 0.8926) |           v6: 0.3556 (acc: 0.9115)
[2018/09/25 22:35:03 __main__ INFO] - -            c10_50k       : 0.0026 (acc: 0.9998)
[2018/09/25 22:35:03 __main__ INFO] - Elapsed 48.03
keys:  dict_keys(['epoch', 'c10h_train_loss', 'c10h_train_acc', 'c10h_val_loss', 'c10h_val_acc', 'c10h_train_c10_loss', 'c10h_train_c10_acc', 'c10h_val_c10_loss', 'c10h_val_c10_acc', 'v4_loss', 'v4_acc', 'v6_loss', 'v6_acc', 'c10_50k_loss', 'c10_50k_acc']) 
 c10h_outdir:  /tigress/joshuacp/model_results/run_1/saves/wrn_28_10/con_True_lr_0.0001_seed_1
[2018/09/25 22:35:04 __main__ INFO] - Train 55
[2018/09/25 22:35:24 __main__ INFO] - TEST 55
[2018/09/25 22:36:12 __main__ INFO] - - epoch 55    c10h_train    : 0.3543 (acc: 0.9853) | c10h_val    : 0.4525 (acc: 0.9510)
[2018/09/25 22:36:12 __main__ INFO] - -            c10h_train_c10: 0.0142 (acc: 0.9924) | c10h_val_c10: 0.1535 (acc: 0.9550)
[2018/09/25 22:36:12 __main__ INFO] - -            v4            : 0.3885 (acc: 0.8897) |           v6: 0.3623 (acc: 0.9070)
[2018/09/25 22:36:12 __main__ INFO] - -            c10_50k       : 0.0024 (acc: 0.9998)
[2018/09/25 22:36:12 __main__ INFO] - Elapsed 48.08
keys:  dict_keys(['epoch', 'c10h_train_loss', 'c10h_train_acc', 'c10h_val_loss', 'c10h_val_acc', 'c10h_train_c10_loss', 'c10h_train_c10_acc', 'c10h_val_c10_loss', 'c10h_val_c10_acc', 'v4_loss', 'v4_acc', 'v6_loss', 'v6_acc', 'c10_50k_loss', 'c10_50k_acc']) 
 c10h_outdir:  /tigress/joshuacp/model_results/run_1/saves/wrn_28_10/con_True_lr_0.0001_seed_1
[2018/09/25 22:36:12 __main__ INFO] - Train 56
[2018/09/25 22:36:32 __main__ INFO] - TEST 56
[2018/09/25 22:37:20 __main__ INFO] - - epoch 56    c10h_train    : 0.3527 (acc: 0.9863) | c10h_val    : 0.4496 (acc: 0.9550)
[2018/09/25 22:37:20 __main__ INFO] - -            c10h_train_c10: 0.0141 (acc: 0.9929) | c10h_val_c10: 0.1532 (acc: 0.9590)
[2018/09/25 22:37:20 __main__ INFO] - -            v4            : 0.4110 (acc: 0.8897) |           v6: 0.3608 (acc: 0.9105)
[2018/09/25 22:37:20 __main__ INFO] - -            c10_50k       : 0.0024 (acc: 0.9999)
[2018/09/25 22:37:20 __main__ INFO] - Elapsed 48.36
keys:  dict_keys(['epoch', 'c10h_train_loss', 'c10h_train_acc', 'c10h_val_loss', 'c10h_val_acc', 'c10h_train_c10_loss', 'c10h_train_c10_acc', 'c10h_val_c10_loss', 'c10h_val_c10_acc', 'v4_loss', 'v4_acc', 'v6_loss', 'v6_acc', 'c10_50k_loss', 'c10_50k_acc']) 
 c10h_outdir:  /tigress/joshuacp/model_results/run_1/saves/wrn_28_10/con_True_lr_0.0001_seed_1
[2018/09/25 22:37:21 __main__ INFO] - Train 57
[2018/09/25 22:37:41 __main__ INFO] - TEST 57
[2018/09/25 22:38:29 __main__ INFO] - - epoch 57    c10h_train    : 0.3531 (acc: 0.9867) | c10h_val    : 0.4481 (acc: 0.9560)
[2018/09/25 22:38:29 __main__ INFO] - -            c10h_train_c10: 0.0132 (acc: 0.9937) | c10h_val_c10: 0.1531 (acc: 0.9600)
[2018/09/25 22:38:29 __main__ INFO] - -            v4            : 0.4160 (acc: 0.8931) |           v6: 0.3616 (acc: 0.9095)
[2018/09/25 22:38:29 __main__ INFO] - -            c10_50k       : 0.0025 (acc: 0.9998)
[2018/09/25 22:38:29 __main__ INFO] - Elapsed 47.96
keys:  dict_keys(['epoch', 'c10h_train_loss', 'c10h_train_acc', 'c10h_val_loss', 'c10h_val_acc', 'c10h_train_c10_loss', 'c10h_train_c10_acc', 'c10h_val_c10_loss', 'c10h_val_c10_acc', 'v4_loss', 'v4_acc', 'v6_loss', 'v6_acc', 'c10_50k_loss', 'c10_50k_acc']) 
 c10h_outdir:  /tigress/joshuacp/model_results/run_1/saves/wrn_28_10/con_True_lr_0.0001_seed_1
[2018/09/25 22:38:30 __main__ INFO] - Train 58
[2018/09/25 22:38:49 __main__ INFO] - TEST 58
[2018/09/25 22:39:37 __main__ INFO] - - epoch 58    c10h_train    : 0.3558 (acc: 0.9862) | c10h_val    : 0.4519 (acc: 0.9530)
[2018/09/25 22:39:38 __main__ INFO] - -            c10h_train_c10: 0.0140 (acc: 0.9933) | c10h_val_c10: 0.1542 (acc: 0.9570)
[2018/09/25 22:39:38 __main__ INFO] - -            v4            : 0.3913 (acc: 0.8971) |           v6: 0.3602 (acc: 0.9080)
[2018/09/25 22:39:38 __main__ INFO] - -            c10_50k       : 0.0025 (acc: 0.9999)
[2018/09/25 22:39:38 __main__ INFO] - Elapsed 48.20
keys:  dict_keys(['epoch', 'c10h_train_loss', 'c10h_train_acc', 'c10h_val_loss', 'c10h_val_acc', 'c10h_train_c10_loss', 'c10h_train_c10_acc', 'c10h_val_c10_loss', 'c10h_val_c10_acc', 'v4_loss', 'v4_acc', 'v6_loss', 'v6_acc', 'c10_50k_loss', 'c10_50k_acc']) 
 c10h_outdir:  /tigress/joshuacp/model_results/run_1/saves/wrn_28_10/con_True_lr_0.0001_seed_1
[2018/09/25 22:39:40 __main__ INFO] - Train 59
[2018/09/25 22:39:59 __main__ INFO] - TEST 59
[2018/09/25 22:40:47 __main__ INFO] - - epoch 59    c10h_train    : 0.3491 (acc: 0.9867) | c10h_val    : 0.4458 (acc: 0.9530)
[2018/09/25 22:40:47 __main__ INFO] - -            c10h_train_c10: 0.0124 (acc: 0.9939) | c10h_val_c10: 0.1508 (acc: 0.9570)
[2018/09/25 22:40:47 __main__ INFO] - -            v4            : 0.3867 (acc: 0.8961) |           v6: 0.3585 (acc: 0.9105)
[2018/09/25 22:40:47 __main__ INFO] - -            c10_50k       : 0.0024 (acc: 0.9999)
[2018/09/25 22:40:47 __main__ INFO] - Elapsed 48.07
keys:  dict_keys(['epoch', 'c10h_train_loss', 'c10h_train_acc', 'c10h_val_loss', 'c10h_val_acc', 'c10h_train_c10_loss', 'c10h_train_c10_acc', 'c10h_val_c10_loss', 'c10h_val_c10_acc', 'v4_loss', 'v4_acc', 'v6_loss', 'v6_acc', 'c10_50k_loss', 'c10_50k_acc']) 
 c10h_outdir:  /tigress/joshuacp/model_results/run_1/saves/wrn_28_10/con_True_lr_0.0001_seed_1
[2018/09/25 22:40:48 __main__ INFO] - Train 60
[2018/09/25 22:41:07 __main__ INFO] - TEST 60
[2018/09/25 22:41:55 __main__ INFO] - - epoch 60    c10h_train    : 0.3543 (acc: 0.9872) | c10h_val    : 0.4506 (acc: 0.9530)
[2018/09/25 22:41:55 __main__ INFO] - -            c10h_train_c10: 0.0114 (acc: 0.9943) | c10h_val_c10: 0.1522 (acc: 0.9570)
[2018/09/25 22:41:55 __main__ INFO] - -            v4            : 0.4006 (acc: 0.8961) |           v6: 0.3637 (acc: 0.9075)
[2018/09/25 22:41:55 __main__ INFO] - -            c10_50k       : 0.0024 (acc: 0.9999)
[2018/09/25 22:41:55 __main__ INFO] - Elapsed 48.10
keys:  dict_keys(['epoch', 'c10h_train_loss', 'c10h_train_acc', 'c10h_val_loss', 'c10h_val_acc', 'c10h_train_c10_loss', 'c10h_train_c10_acc', 'c10h_val_c10_loss', 'c10h_val_c10_acc', 'v4_loss', 'v4_acc', 'v6_loss', 'v6_acc', 'c10_50k_loss', 'c10_50k_acc']) 
 c10h_outdir:  /tigress/joshuacp/model_results/run_1/saves/wrn_28_10/con_True_lr_0.0001_seed_1
[2018/09/25 22:41:56 __main__ INFO] - Train 61
[2018/09/25 22:42:16 __main__ INFO] - TEST 61
[2018/09/25 22:43:04 __main__ INFO] - - epoch 61    c10h_train    : 0.3565 (acc: 0.9861) | c10h_val    : 0.4462 (acc: 0.9530)
[2018/09/25 22:43:04 __main__ INFO] - -            c10h_train_c10: 0.0119 (acc: 0.9933) | c10h_val_c10: 0.1492 (acc: 0.9570)
[2018/09/25 22:43:04 __main__ INFO] - -            v4            : 0.3848 (acc: 0.8971) |           v6: 0.3637 (acc: 0.9090)
[2018/09/25 22:43:04 __main__ INFO] - -            c10_50k       : 0.0024 (acc: 0.9998)
[2018/09/25 22:43:04 __main__ INFO] - Elapsed 48.06
keys:  dict_keys(['epoch', 'c10h_train_loss', 'c10h_train_acc', 'c10h_val_loss', 'c10h_val_acc', 'c10h_train_c10_loss', 'c10h_train_c10_acc', 'c10h_val_c10_loss', 'c10h_val_c10_acc', 'v4_loss', 'v4_acc', 'v6_loss', 'v6_acc', 'c10_50k_loss', 'c10_50k_acc']) 
 c10h_outdir:  /tigress/joshuacp/model_results/run_1/saves/wrn_28_10/con_True_lr_0.0001_seed_1
[2018/09/25 22:43:06 __main__ INFO] - Train 62
[2018/09/25 22:43:26 __main__ INFO] - TEST 62
[2018/09/25 22:44:14 __main__ INFO] - - epoch 62    c10h_train    : 0.3539 (acc: 0.9864) | c10h_val    : 0.4516 (acc: 0.9520)
[2018/09/25 22:44:14 __main__ INFO] - -            c10h_train_c10: 0.0123 (acc: 0.9933) | c10h_val_c10: 0.1510 (acc: 0.9560)
[2018/09/25 22:44:14 __main__ INFO] - -            v4            : 0.4038 (acc: 0.8936) |           v6: 0.3639 (acc: 0.9105)
[2018/09/25 22:44:14 __main__ INFO] - -            c10_50k       : 0.0026 (acc: 0.9998)
[2018/09/25 22:44:14 __main__ INFO] - Elapsed 48.45
keys:  dict_keys(['epoch', 'c10h_train_loss', 'c10h_train_acc', 'c10h_val_loss', 'c10h_val_acc', 'c10h_train_c10_loss', 'c10h_train_c10_acc', 'c10h_val_c10_loss', 'c10h_val_c10_acc', 'v4_loss', 'v4_acc', 'v6_loss', 'v6_acc', 'c10_50k_loss', 'c10_50k_acc']) 
 c10h_outdir:  /tigress/joshuacp/model_results/run_1/saves/wrn_28_10/con_True_lr_0.0001_seed_1
[2018/09/25 22:44:16 __main__ INFO] - Train 63
[2018/09/25 22:44:36 __main__ INFO] - TEST 63
[2018/09/25 22:45:24 __main__ INFO] - - epoch 63    c10h_train    : 0.3568 (acc: 0.9861) | c10h_val    : 0.4500 (acc: 0.9520)
[2018/09/25 22:45:24 __main__ INFO] - -            c10h_train_c10: 0.0131 (acc: 0.9932) | c10h_val_c10: 0.1525 (acc: 0.9560)
[2018/09/25 22:45:24 __main__ INFO] - -            v4            : 0.3701 (acc: 0.9005) |           v6: 0.3605 (acc: 0.9085)
[2018/09/25 22:45:24 __main__ INFO] - -            c10_50k       : 0.0026 (acc: 0.9998)
[2018/09/25 22:45:24 __main__ INFO] - Elapsed 48.10
keys:  dict_keys(['epoch', 'c10h_train_loss', 'c10h_train_acc', 'c10h_val_loss', 'c10h_val_acc', 'c10h_train_c10_loss', 'c10h_train_c10_acc', 'c10h_val_c10_loss', 'c10h_val_c10_acc', 'v4_loss', 'v4_acc', 'v6_loss', 'v6_acc', 'c10_50k_loss', 'c10_50k_acc']) 
 c10h_outdir:  /tigress/joshuacp/model_results/run_1/saves/wrn_28_10/con_True_lr_0.0001_seed_1
[2018/09/25 22:45:24 __main__ INFO] - Train 64
[2018/09/25 22:45:44 __main__ INFO] - TEST 64
[2018/09/25 22:46:32 __main__ INFO] - - epoch 64    c10h_train    : 0.3550 (acc: 0.9863) | c10h_val    : 0.4514 (acc: 0.9530)
[2018/09/25 22:46:32 __main__ INFO] - -            c10h_train_c10: 0.0123 (acc: 0.9934) | c10h_val_c10: 0.1532 (acc: 0.9570)
[2018/09/25 22:46:32 __main__ INFO] - -            v4            : 0.4125 (acc: 0.8981) |           v6: 0.3610 (acc: 0.9080)
[2018/09/25 22:46:32 __main__ INFO] - -            c10_50k       : 0.0026 (acc: 0.9998)
[2018/09/25 22:46:32 __main__ INFO] - Elapsed 48.07
keys:  dict_keys(['epoch', 'c10h_train_loss', 'c10h_train_acc', 'c10h_val_loss', 'c10h_val_acc', 'c10h_train_c10_loss', 'c10h_train_c10_acc', 'c10h_val_c10_loss', 'c10h_val_c10_acc', 'v4_loss', 'v4_acc', 'v6_loss', 'v6_acc', 'c10_50k_loss', 'c10_50k_acc']) 
 c10h_outdir:  /tigress/joshuacp/model_results/run_1/saves/wrn_28_10/con_True_lr_0.0001_seed_1
[2018/09/25 22:46:34 __main__ INFO] - Train 65
[2018/09/25 22:46:53 __main__ INFO] - TEST 65
[2018/09/25 22:47:42 __main__ INFO] - - epoch 65    c10h_train    : 0.3563 (acc: 0.9859) | c10h_val    : 0.4513 (acc: 0.9540)
[2018/09/25 22:47:42 __main__ INFO] - -            c10h_train_c10: 0.0130 (acc: 0.9933) | c10h_val_c10: 0.1537 (acc: 0.9580)
[2018/09/25 22:47:42 __main__ INFO] - -            v4            : 0.3911 (acc: 0.8991) |           v6: 0.3637 (acc: 0.9095)
[2018/09/25 22:47:42 __main__ INFO] - -            c10_50k       : 0.0024 (acc: 0.9999)
[2018/09/25 22:47:42 __main__ INFO] - Elapsed 48.56
keys:  dict_keys(['epoch', 'c10h_train_loss', 'c10h_train_acc', 'c10h_val_loss', 'c10h_val_acc', 'c10h_train_c10_loss', 'c10h_train_c10_acc', 'c10h_val_c10_loss', 'c10h_val_c10_acc', 'v4_loss', 'v4_acc', 'v6_loss', 'v6_acc', 'c10_50k_loss', 'c10_50k_acc']) 
 c10h_outdir:  /tigress/joshuacp/model_results/run_1/saves/wrn_28_10/con_True_lr_0.0001_seed_1
[2018/09/25 22:47:43 __main__ INFO] - Train 66
[2018/09/25 22:48:03 __main__ INFO] - TEST 66
[2018/09/25 22:48:51 __main__ INFO] - - epoch 66    c10h_train    : 0.3568 (acc: 0.9870) | c10h_val    : 0.4506 (acc: 0.9530)
[2018/09/25 22:48:51 __main__ INFO] - -            c10h_train_c10: 0.0120 (acc: 0.9939) | c10h_val_c10: 0.1523 (acc: 0.9570)
[2018/09/25 22:48:51 __main__ INFO] - -            v4            : 0.3892 (acc: 0.8991) |           v6: 0.3658 (acc: 0.9110)
[2018/09/25 22:48:51 __main__ INFO] - -            c10_50k       : 0.0024 (acc: 0.9999)
[2018/09/25 22:48:51 __main__ INFO] - Elapsed 48.25
keys:  dict_keys(['epoch', 'c10h_train_loss', 'c10h_train_acc', 'c10h_val_loss', 'c10h_val_acc', 'c10h_train_c10_loss', 'c10h_train_c10_acc', 'c10h_val_c10_loss', 'c10h_val_c10_acc', 'v4_loss', 'v4_acc', 'v6_loss', 'v6_acc', 'c10_50k_loss', 'c10_50k_acc']) 
 c10h_outdir:  /tigress/joshuacp/model_results/run_1/saves/wrn_28_10/con_True_lr_0.0001_seed_1
[2018/09/25 22:48:53 __main__ INFO] - Train 67
[2018/09/25 22:49:12 __main__ INFO] - TEST 67
[2018/09/25 22:50:00 __main__ INFO] - - epoch 67    c10h_train    : 0.3575 (acc: 0.9864) | c10h_val    : 0.4542 (acc: 0.9530)
[2018/09/25 22:50:00 __main__ INFO] - -            c10h_train_c10: 0.0112 (acc: 0.9937) | c10h_val_c10: 0.1536 (acc: 0.9570)
[2018/09/25 22:50:00 __main__ INFO] - -            v4            : 0.4128 (acc: 0.8931) |           v6: 0.3639 (acc: 0.9110)
[2018/09/25 22:50:00 __main__ INFO] - -            c10_50k       : 0.0023 (acc: 0.9999)
[2018/09/25 22:50:00 __main__ INFO] - Elapsed 48.16
keys:  dict_keys(['epoch', 'c10h_train_loss', 'c10h_train_acc', 'c10h_val_loss', 'c10h_val_acc', 'c10h_train_c10_loss', 'c10h_train_c10_acc', 'c10h_val_c10_loss', 'c10h_val_c10_acc', 'v4_loss', 'v4_acc', 'v6_loss', 'v6_acc', 'c10_50k_loss', 'c10_50k_acc']) 
 c10h_outdir:  /tigress/joshuacp/model_results/run_1/saves/wrn_28_10/con_True_lr_0.0001_seed_1
[2018/09/25 22:50:02 __main__ INFO] - Train 68
[2018/09/25 22:50:22 __main__ INFO] - TEST 68
[2018/09/25 22:51:10 __main__ INFO] - - epoch 68    c10h_train    : 0.3552 (acc: 0.9859) | c10h_val    : 0.4498 (acc: 0.9520)
[2018/09/25 22:51:10 __main__ INFO] - -            c10h_train_c10: 0.0131 (acc: 0.9929) | c10h_val_c10: 0.1532 (acc: 0.9560)
[2018/09/25 22:51:10 __main__ INFO] - -            v4            : 0.4131 (acc: 0.8956) |           v6: 0.3649 (acc: 0.9090)
[2018/09/25 22:51:10 __main__ INFO] - -            c10_50k       : 0.0026 (acc: 0.9999)
[2018/09/25 22:51:10 __main__ INFO] - Elapsed 48.02
keys:  dict_keys(['epoch', 'c10h_train_loss', 'c10h_train_acc', 'c10h_val_loss', 'c10h_val_acc', 'c10h_train_c10_loss', 'c10h_train_c10_acc', 'c10h_val_c10_loss', 'c10h_val_c10_acc', 'v4_loss', 'v4_acc', 'v6_loss', 'v6_acc', 'c10_50k_loss', 'c10_50k_acc']) 
 c10h_outdir:  /tigress/joshuacp/model_results/run_1/saves/wrn_28_10/con_True_lr_0.0001_seed_1
[2018/09/25 22:51:12 __main__ INFO] - Train 69
[2018/09/25 22:51:32 __main__ INFO] - TEST 69
[2018/09/25 22:52:20 __main__ INFO] - - epoch 69    c10h_train    : 0.3572 (acc: 0.9867) | c10h_val    : 0.4505 (acc: 0.9540)
[2018/09/25 22:52:20 __main__ INFO] - -            c10h_train_c10: 0.0115 (acc: 0.9938) | c10h_val_c10: 0.1539 (acc: 0.9580)
[2018/09/25 22:52:20 __main__ INFO] - -            v4            : 0.4041 (acc: 0.8986) |           v6: 0.3621 (acc: 0.9100)
[2018/09/25 22:52:20 __main__ INFO] - -            c10_50k       : 0.0024 (acc: 0.9999)
[2018/09/25 22:52:20 __main__ INFO] - Elapsed 48.48
keys:  dict_keys(['epoch', 'c10h_train_loss', 'c10h_train_acc', 'c10h_val_loss', 'c10h_val_acc', 'c10h_train_c10_loss', 'c10h_train_c10_acc', 'c10h_val_c10_loss', 'c10h_val_c10_acc', 'v4_loss', 'v4_acc', 'v6_loss', 'v6_acc', 'c10_50k_loss', 'c10_50k_acc']) 
 c10h_outdir:  /tigress/joshuacp/model_results/run_1/saves/wrn_28_10/con_True_lr_0.0001_seed_1
[2018/09/25 22:52:22 __main__ INFO] - Train 70
[2018/09/25 22:52:41 __main__ INFO] - TEST 70
[2018/09/25 22:53:30 __main__ INFO] - - epoch 70    c10h_train    : 0.3563 (acc: 0.9866) | c10h_val    : 0.4522 (acc: 0.9530)
[2018/09/25 22:53:30 __main__ INFO] - -            c10h_train_c10: 0.0109 (acc: 0.9937) | c10h_val_c10: 0.1547 (acc: 0.9570)
[2018/09/25 22:53:30 __main__ INFO] - -            v4            : 0.3940 (acc: 0.8991) |           v6: 0.3716 (acc: 0.9075)
[2018/09/25 22:53:30 __main__ INFO] - -            c10_50k       : 0.0025 (acc: 0.9998)
[2018/09/25 22:53:30 __main__ INFO] - Elapsed 48.17
keys:  dict_keys(['epoch', 'c10h_train_loss', 'c10h_train_acc', 'c10h_val_loss', 'c10h_val_acc', 'c10h_train_c10_loss', 'c10h_train_c10_acc', 'c10h_val_c10_loss', 'c10h_val_c10_acc', 'v4_loss', 'v4_acc', 'v6_loss', 'v6_acc', 'c10_50k_loss', 'c10_50k_acc']) 
 c10h_outdir:  /tigress/joshuacp/model_results/run_1/saves/wrn_28_10/con_True_lr_0.0001_seed_1
[2018/09/25 22:53:30 __main__ INFO] - Train 71
[2018/09/25 22:53:50 __main__ INFO] - TEST 71
[2018/09/25 22:54:38 __main__ INFO] - - epoch 71    c10h_train    : 0.3567 (acc: 0.9860) | c10h_val    : 0.4521 (acc: 0.9530)
[2018/09/25 22:54:38 __main__ INFO] - -            c10h_train_c10: 0.0131 (acc: 0.9931) | c10h_val_c10: 0.1524 (acc: 0.9570)
[2018/09/25 22:54:38 __main__ INFO] - -            v4            : 0.3827 (acc: 0.8931) |           v6: 0.3626 (acc: 0.9105)
[2018/09/25 22:54:38 __main__ INFO] - -            c10_50k       : 0.0025 (acc: 0.9998)
[2018/09/25 22:54:38 __main__ INFO] - Elapsed 48.20
keys:  dict_keys(['epoch', 'c10h_train_loss', 'c10h_train_acc', 'c10h_val_loss', 'c10h_val_acc', 'c10h_train_c10_loss', 'c10h_train_c10_acc', 'c10h_val_c10_loss', 'c10h_val_c10_acc', 'v4_loss', 'v4_acc', 'v6_loss', 'v6_acc', 'c10_50k_loss', 'c10_50k_acc']) 
 c10h_outdir:  /tigress/joshuacp/model_results/run_1/saves/wrn_28_10/con_True_lr_0.0001_seed_1
[2018/09/25 22:54:39 __main__ INFO] - Train 72
[2018/09/25 22:54:59 __main__ INFO] - TEST 72
[2018/09/25 22:55:47 __main__ INFO] - - epoch 72    c10h_train    : 0.3576 (acc: 0.9863) | c10h_val    : 0.4536 (acc: 0.9520)
[2018/09/25 22:55:47 __main__ INFO] - -            c10h_train_c10: 0.0117 (acc: 0.9933) | c10h_val_c10: 0.1544 (acc: 0.9560)
[2018/09/25 22:55:47 __main__ INFO] - -            v4            : 0.3837 (acc: 0.8956) |           v6: 0.3631 (acc: 0.9100)
[2018/09/25 22:55:47 __main__ INFO] - -            c10_50k       : 0.0025 (acc: 0.9998)
[2018/09/25 22:55:47 __main__ INFO] - Elapsed 48.03
keys:  dict_keys(['epoch', 'c10h_train_loss', 'c10h_train_acc', 'c10h_val_loss', 'c10h_val_acc', 'c10h_train_c10_loss', 'c10h_train_c10_acc', 'c10h_val_c10_loss', 'c10h_val_c10_acc', 'v4_loss', 'v4_acc', 'v6_loss', 'v6_acc', 'c10_50k_loss', 'c10_50k_acc']) 
 c10h_outdir:  /tigress/joshuacp/model_results/run_1/saves/wrn_28_10/con_True_lr_0.0001_seed_1
[2018/09/25 22:55:48 __main__ INFO] - Train 73
[2018/09/25 22:56:08 __main__ INFO] - TEST 73
[2018/09/25 22:56:56 __main__ INFO] - - epoch 73    c10h_train    : 0.3570 (acc: 0.9860) | c10h_val    : 0.4531 (acc: 0.9540)
[2018/09/25 22:56:56 __main__ INFO] - -            c10h_train_c10: 0.0113 (acc: 0.9936) | c10h_val_c10: 0.1554 (acc: 0.9580)
[2018/09/25 22:56:56 __main__ INFO] - -            v4            : 0.4030 (acc: 0.9005) |           v6: 0.3663 (acc: 0.9085)
[2018/09/25 22:56:56 __main__ INFO] - -            c10_50k       : 0.0024 (acc: 0.9998)
[2018/09/25 22:56:56 __main__ INFO] - Elapsed 48.22
keys:  dict_keys(['epoch', 'c10h_train_loss', 'c10h_train_acc', 'c10h_val_loss', 'c10h_val_acc', 'c10h_train_c10_loss', 'c10h_train_c10_acc', 'c10h_val_c10_loss', 'c10h_val_c10_acc', 'v4_loss', 'v4_acc', 'v6_loss', 'v6_acc', 'c10_50k_loss', 'c10_50k_acc']) 
 c10h_outdir:  /tigress/joshuacp/model_results/run_1/saves/wrn_28_10/con_True_lr_0.0001_seed_1
[2018/09/25 22:56:57 __main__ INFO] - Train 74
[2018/09/25 22:57:17 __main__ INFO] - TEST 74
[2018/09/25 22:58:05 __main__ INFO] - - epoch 74    c10h_train    : 0.3546 (acc: 0.9863) | c10h_val    : 0.4519 (acc: 0.9520)
[2018/09/25 22:58:05 __main__ INFO] - -            c10h_train_c10: 0.0119 (acc: 0.9938) | c10h_val_c10: 0.1558 (acc: 0.9560)
[2018/09/25 22:58:05 __main__ INFO] - -            v4            : 0.4067 (acc: 0.8946) |           v6: 0.3705 (acc: 0.9080)
[2018/09/25 22:58:05 __main__ INFO] - -            c10_50k       : 0.0023 (acc: 1.0000)
[2018/09/25 22:58:05 __main__ INFO] - Elapsed 48.17
keys:  dict_keys(['epoch', 'c10h_train_loss', 'c10h_train_acc', 'c10h_val_loss', 'c10h_val_acc', 'c10h_train_c10_loss', 'c10h_train_c10_acc', 'c10h_val_c10_loss', 'c10h_val_c10_acc', 'v4_loss', 'v4_acc', 'v6_loss', 'v6_acc', 'c10_50k_loss', 'c10_50k_acc']) 
 c10h_outdir:  /tigress/joshuacp/model_results/run_1/saves/wrn_28_10/con_True_lr_0.0001_seed_1
[2018/09/25 22:58:07 __main__ INFO] - Train 75
[2018/09/25 22:58:26 __main__ INFO] - TEST 75
[2018/09/25 22:59:15 __main__ INFO] - - epoch 75    c10h_train    : 0.3540 (acc: 0.9863) | c10h_val    : 0.4506 (acc: 0.9530)
[2018/09/25 22:59:15 __main__ INFO] - -            c10h_train_c10: 0.0116 (acc: 0.9938) | c10h_val_c10: 0.1551 (acc: 0.9570)
[2018/09/25 22:59:15 __main__ INFO] - -            v4            : 0.4090 (acc: 0.8911) |           v6: 0.3634 (acc: 0.9090)
[2018/09/25 22:59:15 __main__ INFO] - -            c10_50k       : 0.0023 (acc: 0.9999)
[2018/09/25 22:59:15 __main__ INFO] - Elapsed 48.14
keys:  dict_keys(['epoch', 'c10h_train_loss', 'c10h_train_acc', 'c10h_val_loss', 'c10h_val_acc', 'c10h_train_c10_loss', 'c10h_train_c10_acc', 'c10h_val_c10_loss', 'c10h_val_c10_acc', 'v4_loss', 'v4_acc', 'v6_loss', 'v6_acc', 'c10_50k_loss', 'c10_50k_acc']) 
 c10h_outdir:  /tigress/joshuacp/model_results/run_1/saves/wrn_28_10/con_True_lr_0.0001_seed_1
[2018/09/25 22:59:16 __main__ INFO] - Train 76
[2018/09/25 22:59:36 __main__ INFO] - TEST 76
[2018/09/25 23:00:24 __main__ INFO] - - epoch 76    c10h_train    : 0.3594 (acc: 0.9860) | c10h_val    : 0.4517 (acc: 0.9530)
[2018/09/25 23:00:24 __main__ INFO] - -            c10h_train_c10: 0.0121 (acc: 0.9933) | c10h_val_c10: 0.1547 (acc: 0.9570)
[2018/09/25 23:00:24 __main__ INFO] - -            v4            : 0.3802 (acc: 0.8971) |           v6: 0.3651 (acc: 0.9110)
[2018/09/25 23:00:24 __main__ INFO] - -            c10_50k       : 0.0027 (acc: 0.9998)
[2018/09/25 23:00:24 __main__ INFO] - Elapsed 47.99
keys:  dict_keys(['epoch', 'c10h_train_loss', 'c10h_train_acc', 'c10h_val_loss', 'c10h_val_acc', 'c10h_train_c10_loss', 'c10h_train_c10_acc', 'c10h_val_c10_loss', 'c10h_val_c10_acc', 'v4_loss', 'v4_acc', 'v6_loss', 'v6_acc', 'c10_50k_loss', 'c10_50k_acc']) 
 c10h_outdir:  /tigress/joshuacp/model_results/run_1/saves/wrn_28_10/con_True_lr_0.0001_seed_1
[2018/09/25 23:00:26 __main__ INFO] - Train 77
[2018/09/25 23:00:45 __main__ INFO] - TEST 77
[2018/09/25 23:01:33 __main__ INFO] - - epoch 77    c10h_train    : 0.3569 (acc: 0.9868) | c10h_val    : 0.4493 (acc: 0.9530)
[2018/09/25 23:01:34 __main__ INFO] - -            c10h_train_c10: 0.0109 (acc: 0.9940) | c10h_val_c10: 0.1518 (acc: 0.9570)
[2018/09/25 23:01:34 __main__ INFO] - -            v4            : 0.3757 (acc: 0.8887) |           v6: 0.3618 (acc: 0.9085)
[2018/09/25 23:01:34 __main__ INFO] - -            c10_50k       : 0.0025 (acc: 0.9999)
[2018/09/25 23:01:34 __main__ INFO] - Elapsed 48.24
keys:  dict_keys(['epoch', 'c10h_train_loss', 'c10h_train_acc', 'c10h_val_loss', 'c10h_val_acc', 'c10h_train_c10_loss', 'c10h_train_c10_acc', 'c10h_val_c10_loss', 'c10h_val_c10_acc', 'v4_loss', 'v4_acc', 'v6_loss', 'v6_acc', 'c10_50k_loss', 'c10_50k_acc']) 
 c10h_outdir:  /tigress/joshuacp/model_results/run_1/saves/wrn_28_10/con_True_lr_0.0001_seed_1
[2018/09/25 23:01:34 __main__ INFO] - Train 78
[2018/09/25 23:01:53 __main__ INFO] - TEST 78
[2018/09/25 23:02:42 __main__ INFO] - - epoch 78    c10h_train    : 0.3576 (acc: 0.9870) | c10h_val    : 0.4537 (acc: 0.9530)
[2018/09/25 23:02:42 __main__ INFO] - -            c10h_train_c10: 0.0112 (acc: 0.9941) | c10h_val_c10: 0.1544 (acc: 0.9570)
[2018/09/25 23:02:42 __main__ INFO] - -            v4            : 0.3854 (acc: 0.8971) |           v6: 0.3598 (acc: 0.9105)
[2018/09/25 23:02:42 __main__ INFO] - -            c10_50k       : 0.0023 (acc: 0.9999)
[2018/09/25 23:02:42 __main__ INFO] - Elapsed 48.09
keys:  dict_keys(['epoch', 'c10h_train_loss', 'c10h_train_acc', 'c10h_val_loss', 'c10h_val_acc', 'c10h_train_c10_loss', 'c10h_train_c10_acc', 'c10h_val_c10_loss', 'c10h_val_c10_acc', 'v4_loss', 'v4_acc', 'v6_loss', 'v6_acc', 'c10_50k_loss', 'c10_50k_acc']) 
 c10h_outdir:  /tigress/joshuacp/model_results/run_1/saves/wrn_28_10/con_True_lr_0.0001_seed_1
[2018/09/25 23:02:42 __main__ INFO] - Train 79
[2018/09/25 23:03:02 __main__ INFO] - TEST 79
[2018/09/25 23:03:50 __main__ INFO] - - epoch 79    c10h_train    : 0.3542 (acc: 0.9864) | c10h_val    : 0.4544 (acc: 0.9510)
[2018/09/25 23:03:50 __main__ INFO] - -            c10h_train_c10: 0.0115 (acc: 0.9937) | c10h_val_c10: 0.1563 (acc: 0.9550)
[2018/09/25 23:03:50 __main__ INFO] - -            v4            : 0.3885 (acc: 0.8996) |           v6: 0.3642 (acc: 0.9085)
[2018/09/25 23:03:50 __main__ INFO] - -            c10_50k       : 0.0023 (acc: 0.9999)
[2018/09/25 23:03:50 __main__ INFO] - Elapsed 48.06
keys:  dict_keys(['epoch', 'c10h_train_loss', 'c10h_train_acc', 'c10h_val_loss', 'c10h_val_acc', 'c10h_train_c10_loss', 'c10h_train_c10_acc', 'c10h_val_c10_loss', 'c10h_val_c10_acc', 'v4_loss', 'v4_acc', 'v6_loss', 'v6_acc', 'c10_50k_loss', 'c10_50k_acc']) 
 c10h_outdir:  /tigress/joshuacp/model_results/run_1/saves/wrn_28_10/con_True_lr_0.0001_seed_1
[2018/09/25 23:03:51 __main__ INFO] - Train 80
[2018/09/25 23:04:11 __main__ INFO] - TEST 80
[2018/09/25 23:04:59 __main__ INFO] - - epoch 80    c10h_train    : 0.3599 (acc: 0.9861) | c10h_val    : 0.4547 (acc: 0.9520)
[2018/09/25 23:04:59 __main__ INFO] - -            c10h_train_c10: 0.0113 (acc: 0.9936) | c10h_val_c10: 0.1552 (acc: 0.9560)
[2018/09/25 23:04:59 __main__ INFO] - -            v4            : 0.3778 (acc: 0.8956) |           v6: 0.3620 (acc: 0.9105)
[2018/09/25 23:04:59 __main__ INFO] - -            c10_50k       : 0.0024 (acc: 0.9998)
[2018/09/25 23:04:59 __main__ INFO] - Elapsed 48.18
keys:  dict_keys(['epoch', 'c10h_train_loss', 'c10h_train_acc', 'c10h_val_loss', 'c10h_val_acc', 'c10h_train_c10_loss', 'c10h_train_c10_acc', 'c10h_val_c10_loss', 'c10h_val_c10_acc', 'v4_loss', 'v4_acc', 'v6_loss', 'v6_acc', 'c10_50k_loss', 'c10_50k_acc']) 
 c10h_outdir:  /tigress/joshuacp/model_results/run_1/saves/wrn_28_10/con_True_lr_0.0001_seed_1
[2018/09/25 23:05:00 __main__ INFO] - Train 81
[2018/09/25 23:05:20 __main__ INFO] - TEST 81
[2018/09/25 23:06:08 __main__ INFO] - - epoch 81    c10h_train    : 0.3568 (acc: 0.9870) | c10h_val    : 0.4537 (acc: 0.9530)
[2018/09/25 23:06:08 __main__ INFO] - -            c10h_train_c10: 0.0099 (acc: 0.9946) | c10h_val_c10: 0.1555 (acc: 0.9570)
[2018/09/25 23:06:08 __main__ INFO] - -            v4            : 0.3899 (acc: 0.8936) |           v6: 0.3626 (acc: 0.9090)
[2018/09/25 23:06:08 __main__ INFO] - -            c10_50k       : 0.0024 (acc: 0.9999)
[2018/09/25 23:06:08 __main__ INFO] - Elapsed 48.10
keys:  dict_keys(['epoch', 'c10h_train_loss', 'c10h_train_acc', 'c10h_val_loss', 'c10h_val_acc', 'c10h_train_c10_loss', 'c10h_train_c10_acc', 'c10h_val_c10_loss', 'c10h_val_c10_acc', 'v4_loss', 'v4_acc', 'v6_loss', 'v6_acc', 'c10_50k_loss', 'c10_50k_acc']) 
 c10h_outdir:  /tigress/joshuacp/model_results/run_1/saves/wrn_28_10/con_True_lr_0.0001_seed_1
[2018/09/25 23:06:10 __main__ INFO] - Train 82
[2018/09/25 23:06:29 __main__ INFO] - TEST 82
[2018/09/25 23:07:17 __main__ INFO] - - epoch 82    c10h_train    : 0.3590 (acc: 0.9869) | c10h_val    : 0.4502 (acc: 0.9540)
[2018/09/25 23:07:17 __main__ INFO] - -            c10h_train_c10: 0.0114 (acc: 0.9939) | c10h_val_c10: 0.1528 (acc: 0.9580)
[2018/09/25 23:07:17 __main__ INFO] - -            v4            : 0.3979 (acc: 0.8986) |           v6: 0.3660 (acc: 0.9115)
[2018/09/25 23:07:17 __main__ INFO] - -            c10_50k       : 0.0024 (acc: 0.9999)
[2018/09/25 23:07:17 __main__ INFO] - Elapsed 47.96
keys:  dict_keys(['epoch', 'c10h_train_loss', 'c10h_train_acc', 'c10h_val_loss', 'c10h_val_acc', 'c10h_train_c10_loss', 'c10h_train_c10_acc', 'c10h_val_c10_loss', 'c10h_val_c10_acc', 'v4_loss', 'v4_acc', 'v6_loss', 'v6_acc', 'c10_50k_loss', 'c10_50k_acc']) 
 c10h_outdir:  /tigress/joshuacp/model_results/run_1/saves/wrn_28_10/con_True_lr_0.0001_seed_1
[2018/09/25 23:07:19 __main__ INFO] - Train 83
[2018/09/25 23:07:38 __main__ INFO] - TEST 83
[2018/09/25 23:08:26 __main__ INFO] - - epoch 83    c10h_train    : 0.3569 (acc: 0.9868) | c10h_val    : 0.4535 (acc: 0.9540)
[2018/09/25 23:08:26 __main__ INFO] - -            c10h_train_c10: 0.0118 (acc: 0.9940) | c10h_val_c10: 0.1542 (acc: 0.9580)
[2018/09/25 23:08:26 __main__ INFO] - -            v4            : 0.4067 (acc: 0.8897) |           v6: 0.3685 (acc: 0.9100)
[2018/09/25 23:08:26 __main__ INFO] - -            c10_50k       : 0.0025 (acc: 0.9998)
[2018/09/25 23:08:26 __main__ INFO] - Elapsed 48.07
keys:  dict_keys(['epoch', 'c10h_train_loss', 'c10h_train_acc', 'c10h_val_loss', 'c10h_val_acc', 'c10h_train_c10_loss', 'c10h_train_c10_acc', 'c10h_val_c10_loss', 'c10h_val_c10_acc', 'v4_loss', 'v4_acc', 'v6_loss', 'v6_acc', 'c10_50k_loss', 'c10_50k_acc']) 
 c10h_outdir:  /tigress/joshuacp/model_results/run_1/saves/wrn_28_10/con_True_lr_0.0001_seed_1
[2018/09/25 23:08:27 __main__ INFO] - Train 84
[2018/09/25 23:08:46 __main__ INFO] - TEST 84
[2018/09/25 23:09:34 __main__ INFO] - - epoch 84    c10h_train    : 0.3602 (acc: 0.9871) | c10h_val    : 0.4552 (acc: 0.9520)
[2018/09/25 23:09:34 __main__ INFO] - -            c10h_train_c10: 0.0104 (acc: 0.9942) | c10h_val_c10: 0.1554 (acc: 0.9560)
[2018/09/25 23:09:34 __main__ INFO] - -            v4            : 0.3743 (acc: 0.8921) |           v6: 0.3655 (acc: 0.9060)
[2018/09/25 23:09:34 __main__ INFO] - -            c10_50k       : 0.0024 (acc: 0.9999)
[2018/09/25 23:09:34 __main__ INFO] - Elapsed 47.86
keys:  dict_keys(['epoch', 'c10h_train_loss', 'c10h_train_acc', 'c10h_val_loss', 'c10h_val_acc', 'c10h_train_c10_loss', 'c10h_train_c10_acc', 'c10h_val_c10_loss', 'c10h_val_c10_acc', 'v4_loss', 'v4_acc', 'v6_loss', 'v6_acc', 'c10_50k_loss', 'c10_50k_acc']) 
 c10h_outdir:  /tigress/joshuacp/model_results/run_1/saves/wrn_28_10/con_True_lr_0.0001_seed_1
[2018/09/25 23:09:35 __main__ INFO] - Train 85
[2018/09/25 23:09:54 __main__ INFO] - TEST 85
[2018/09/25 23:10:42 __main__ INFO] - - epoch 85    c10h_train    : 0.3556 (acc: 0.9869) | c10h_val    : 0.4521 (acc: 0.9520)
[2018/09/25 23:10:42 __main__ INFO] - -            c10h_train_c10: 0.0107 (acc: 0.9940) | c10h_val_c10: 0.1555 (acc: 0.9560)
[2018/09/25 23:10:42 __main__ INFO] - -            v4            : 0.3806 (acc: 0.8961) |           v6: 0.3645 (acc: 0.9085)
[2018/09/25 23:10:42 __main__ INFO] - -            c10_50k       : 0.0027 (acc: 0.9997)
[2018/09/25 23:10:42 __main__ INFO] - Elapsed 47.98
keys:  dict_keys(['epoch', 'c10h_train_loss', 'c10h_train_acc', 'c10h_val_loss', 'c10h_val_acc', 'c10h_train_c10_loss', 'c10h_train_c10_acc', 'c10h_val_c10_loss', 'c10h_val_c10_acc', 'v4_loss', 'v4_acc', 'v6_loss', 'v6_acc', 'c10_50k_loss', 'c10_50k_acc']) 
 c10h_outdir:  /tigress/joshuacp/model_results/run_1/saves/wrn_28_10/con_True_lr_0.0001_seed_1
[2018/09/25 23:10:43 __main__ INFO] - Train 86
[2018/09/25 23:11:02 __main__ INFO] - TEST 86
[2018/09/25 23:11:50 __main__ INFO] - - epoch 86    c10h_train    : 0.3579 (acc: 0.9866) | c10h_val    : 0.4582 (acc: 0.9520)
[2018/09/25 23:11:50 __main__ INFO] - -            c10h_train_c10: 0.0115 (acc: 0.9940) | c10h_val_c10: 0.1558 (acc: 0.9560)
[2018/09/25 23:11:50 __main__ INFO] - -            v4            : 0.4007 (acc: 0.8852) |           v6: 0.3704 (acc: 0.9105)
[2018/09/25 23:11:50 __main__ INFO] - -            c10_50k       : 0.0025 (acc: 0.9998)
[2018/09/25 23:11:50 __main__ INFO] - Elapsed 47.95
keys:  dict_keys(['epoch', 'c10h_train_loss', 'c10h_train_acc', 'c10h_val_loss', 'c10h_val_acc', 'c10h_train_c10_loss', 'c10h_train_c10_acc', 'c10h_val_c10_loss', 'c10h_val_c10_acc', 'v4_loss', 'v4_acc', 'v6_loss', 'v6_acc', 'c10_50k_loss', 'c10_50k_acc']) 
 c10h_outdir:  /tigress/joshuacp/model_results/run_1/saves/wrn_28_10/con_True_lr_0.0001_seed_1
[2018/09/25 23:11:51 __main__ INFO] - Train 87
[2018/09/25 23:12:10 __main__ INFO] - TEST 87
[2018/09/25 23:12:59 __main__ INFO] - - epoch 87    c10h_train    : 0.3581 (acc: 0.9871) | c10h_val    : 0.4534 (acc: 0.9520)
[2018/09/25 23:12:59 __main__ INFO] - -            c10h_train_c10: 0.0104 (acc: 0.9947) | c10h_val_c10: 0.1554 (acc: 0.9560)
[2018/09/25 23:12:59 __main__ INFO] - -            v4            : 0.3818 (acc: 0.8976) |           v6: 0.3653 (acc: 0.9100)
[2018/09/25 23:12:59 __main__ INFO] - -            c10_50k       : 0.0026 (acc: 0.9997)
[2018/09/25 23:12:59 __main__ INFO] - Elapsed 48.09
keys:  dict_keys(['epoch', 'c10h_train_loss', 'c10h_train_acc', 'c10h_val_loss', 'c10h_val_acc', 'c10h_train_c10_loss', 'c10h_train_c10_acc', 'c10h_val_c10_loss', 'c10h_val_c10_acc', 'v4_loss', 'v4_acc', 'v6_loss', 'v6_acc', 'c10_50k_loss', 'c10_50k_acc']) 
 c10h_outdir:  /tigress/joshuacp/model_results/run_1/saves/wrn_28_10/con_True_lr_0.0001_seed_1
[2018/09/25 23:12:59 __main__ INFO] - Train 88
[2018/09/25 23:13:19 __main__ INFO] - TEST 88
[2018/09/25 23:14:07 __main__ INFO] - - epoch 88    c10h_train    : 0.3561 (acc: 0.9870) | c10h_val    : 0.4514 (acc: 0.9550)
[2018/09/25 23:14:07 __main__ INFO] - -            c10h_train_c10: 0.0105 (acc: 0.9941) | c10h_val_c10: 0.1537 (acc: 0.9590)
[2018/09/25 23:14:07 __main__ INFO] - -            v4            : 0.4011 (acc: 0.8897) |           v6: 0.3706 (acc: 0.9075)
[2018/09/25 23:14:07 __main__ INFO] - -            c10_50k       : 0.0026 (acc: 0.9998)
[2018/09/25 23:14:07 __main__ INFO] - Elapsed 48.01
keys:  dict_keys(['epoch', 'c10h_train_loss', 'c10h_train_acc', 'c10h_val_loss', 'c10h_val_acc', 'c10h_train_c10_loss', 'c10h_train_c10_acc', 'c10h_val_c10_loss', 'c10h_val_c10_acc', 'v4_loss', 'v4_acc', 'v6_loss', 'v6_acc', 'c10_50k_loss', 'c10_50k_acc']) 
 c10h_outdir:  /tigress/joshuacp/model_results/run_1/saves/wrn_28_10/con_True_lr_0.0001_seed_1
[2018/09/25 23:14:07 __main__ INFO] - Train 89
[2018/09/25 23:14:27 __main__ INFO] - TEST 89
[2018/09/25 23:15:15 __main__ INFO] - - epoch 89    c10h_train    : 0.3554 (acc: 0.9864) | c10h_val    : 0.4535 (acc: 0.9530)
[2018/09/25 23:15:15 __main__ INFO] - -            c10h_train_c10: 0.0109 (acc: 0.9940) | c10h_val_c10: 0.1545 (acc: 0.9570)
[2018/09/25 23:15:15 __main__ INFO] - -            v4            : 0.3922 (acc: 0.8951) |           v6: 0.3654 (acc: 0.9095)
[2018/09/25 23:15:15 __main__ INFO] - -            c10_50k       : 0.0025 (acc: 0.9999)
[2018/09/25 23:15:15 __main__ INFO] - Elapsed 48.24
keys:  dict_keys(['epoch', 'c10h_train_loss', 'c10h_train_acc', 'c10h_val_loss', 'c10h_val_acc', 'c10h_train_c10_loss', 'c10h_train_c10_acc', 'c10h_val_c10_loss', 'c10h_val_c10_acc', 'v4_loss', 'v4_acc', 'v6_loss', 'v6_acc', 'c10_50k_loss', 'c10_50k_acc']) 
 c10h_outdir:  /tigress/joshuacp/model_results/run_1/saves/wrn_28_10/con_True_lr_0.0001_seed_1
[2018/09/25 23:15:17 __main__ INFO] - Train 90
[2018/09/25 23:15:36 __main__ INFO] - TEST 90
[2018/09/25 23:16:25 __main__ INFO] - - epoch 90    c10h_train    : 0.3591 (acc: 0.9867) | c10h_val    : 0.4538 (acc: 0.9550)
[2018/09/25 23:16:25 __main__ INFO] - -            c10h_train_c10: 0.0109 (acc: 0.9940) | c10h_val_c10: 0.1549 (acc: 0.9590)
[2018/09/25 23:16:25 __main__ INFO] - -            v4            : 0.3945 (acc: 0.8941) |           v6: 0.3692 (acc: 0.9085)
[2018/09/25 23:16:25 __main__ INFO] - -            c10_50k       : 0.0025 (acc: 0.9998)
[2018/09/25 23:16:25 __main__ INFO] - Elapsed 48.29
keys:  dict_keys(['epoch', 'c10h_train_loss', 'c10h_train_acc', 'c10h_val_loss', 'c10h_val_acc', 'c10h_train_c10_loss', 'c10h_train_c10_acc', 'c10h_val_c10_loss', 'c10h_val_c10_acc', 'v4_loss', 'v4_acc', 'v6_loss', 'v6_acc', 'c10_50k_loss', 'c10_50k_acc']) 
 c10h_outdir:  /tigress/joshuacp/model_results/run_1/saves/wrn_28_10/con_True_lr_0.0001_seed_1
[2018/09/25 23:16:26 __main__ INFO] - Train 91
[2018/09/25 23:16:45 __main__ INFO] - TEST 91
[2018/09/25 23:17:34 __main__ INFO] - - epoch 91    c10h_train    : 0.3598 (acc: 0.9866) | c10h_val    : 0.4599 (acc: 0.9510)
[2018/09/25 23:17:34 __main__ INFO] - -            c10h_train_c10: 0.0115 (acc: 0.9938) | c10h_val_c10: 0.1559 (acc: 0.9550)
[2018/09/25 23:17:34 __main__ INFO] - -            v4            : 0.3850 (acc: 0.8961) |           v6: 0.3682 (acc: 0.9080)
[2018/09/25 23:17:34 __main__ INFO] - -            c10_50k       : 0.0026 (acc: 0.9998)
[2018/09/25 23:17:34 __main__ INFO] - Elapsed 48.14
keys:  dict_keys(['epoch', 'c10h_train_loss', 'c10h_train_acc', 'c10h_val_loss', 'c10h_val_acc', 'c10h_train_c10_loss', 'c10h_train_c10_acc', 'c10h_val_c10_loss', 'c10h_val_c10_acc', 'v4_loss', 'v4_acc', 'v6_loss', 'v6_acc', 'c10_50k_loss', 'c10_50k_acc']) 
 c10h_outdir:  /tigress/joshuacp/model_results/run_1/saves/wrn_28_10/con_True_lr_0.0001_seed_1
[2018/09/25 23:17:35 __main__ INFO] - Train 92
[2018/09/25 23:17:55 __main__ INFO] - TEST 92
[2018/09/25 23:18:43 __main__ INFO] - - epoch 92    c10h_train    : 0.3566 (acc: 0.9868) | c10h_val    : 0.4520 (acc: 0.9530)
[2018/09/25 23:18:43 __main__ INFO] - -            c10h_train_c10: 0.0101 (acc: 0.9941) | c10h_val_c10: 0.1546 (acc: 0.9570)
[2018/09/25 23:18:43 __main__ INFO] - -            v4            : 0.3783 (acc: 0.8981) |           v6: 0.3643 (acc: 0.9095)
[2018/09/25 23:18:43 __main__ INFO] - -            c10_50k       : 0.0024 (acc: 0.9998)
[2018/09/25 23:18:43 __main__ INFO] - Elapsed 48.22
keys:  dict_keys(['epoch', 'c10h_train_loss', 'c10h_train_acc', 'c10h_val_loss', 'c10h_val_acc', 'c10h_train_c10_loss', 'c10h_train_c10_acc', 'c10h_val_c10_loss', 'c10h_val_c10_acc', 'v4_loss', 'v4_acc', 'v6_loss', 'v6_acc', 'c10_50k_loss', 'c10_50k_acc']) 
 c10h_outdir:  /tigress/joshuacp/model_results/run_1/saves/wrn_28_10/con_True_lr_0.0001_seed_1
[2018/09/25 23:18:45 __main__ INFO] - Train 93
[2018/09/25 23:19:04 __main__ INFO] - TEST 93
[2018/09/25 23:19:53 __main__ INFO] - - epoch 93    c10h_train    : 0.3574 (acc: 0.9870) | c10h_val    : 0.4519 (acc: 0.9530)
[2018/09/25 23:19:53 __main__ INFO] - -            c10h_train_c10: 0.0103 (acc: 0.9941) | c10h_val_c10: 0.1541 (acc: 0.9570)
[2018/09/25 23:19:53 __main__ INFO] - -            v4            : 0.3801 (acc: 0.8941) |           v6: 0.3632 (acc: 0.9110)
[2018/09/25 23:19:53 __main__ INFO] - -            c10_50k       : 0.0024 (acc: 0.9999)
[2018/09/25 23:19:53 __main__ INFO] - Elapsed 48.35
keys:  dict_keys(['epoch', 'c10h_train_loss', 'c10h_train_acc', 'c10h_val_loss', 'c10h_val_acc', 'c10h_train_c10_loss', 'c10h_train_c10_acc', 'c10h_val_c10_loss', 'c10h_val_c10_acc', 'v4_loss', 'v4_acc', 'v6_loss', 'v6_acc', 'c10_50k_loss', 'c10_50k_acc']) 
 c10h_outdir:  /tigress/joshuacp/model_results/run_1/saves/wrn_28_10/con_True_lr_0.0001_seed_1
[2018/09/25 23:19:54 __main__ INFO] - Train 94
[2018/09/25 23:20:14 __main__ INFO] - TEST 94
[2018/09/25 23:21:02 __main__ INFO] - - epoch 94    c10h_train    : 0.3574 (acc: 0.9866) | c10h_val    : 0.4538 (acc: 0.9530)
[2018/09/25 23:21:02 __main__ INFO] - -            c10h_train_c10: 0.0116 (acc: 0.9937) | c10h_val_c10: 0.1547 (acc: 0.9570)
[2018/09/25 23:21:02 __main__ INFO] - -            v4            : 0.3985 (acc: 0.8956) |           v6: 0.3670 (acc: 0.9085)
[2018/09/25 23:21:02 __main__ INFO] - -            c10_50k       : 0.0024 (acc: 0.9999)
[2018/09/25 23:21:02 __main__ INFO] - Elapsed 47.97
keys:  dict_keys(['epoch', 'c10h_train_loss', 'c10h_train_acc', 'c10h_val_loss', 'c10h_val_acc', 'c10h_train_c10_loss', 'c10h_train_c10_acc', 'c10h_val_c10_loss', 'c10h_val_c10_acc', 'v4_loss', 'v4_acc', 'v6_loss', 'v6_acc', 'c10_50k_loss', 'c10_50k_acc']) 
 c10h_outdir:  /tigress/joshuacp/model_results/run_1/saves/wrn_28_10/con_True_lr_0.0001_seed_1
[2018/09/25 23:21:02 __main__ INFO] - Train 95
[2018/09/25 23:21:22 __main__ INFO] - TEST 95
[2018/09/25 23:22:10 __main__ INFO] - - epoch 95    c10h_train    : 0.3577 (acc: 0.9868) | c10h_val    : 0.4565 (acc: 0.9530)
[2018/09/25 23:22:10 __main__ INFO] - -            c10h_train_c10: 0.0107 (acc: 0.9943) | c10h_val_c10: 0.1577 (acc: 0.9570)
[2018/09/25 23:22:10 __main__ INFO] - -            v4            : 0.3676 (acc: 0.9005) |           v6: 0.3626 (acc: 0.9100)
[2018/09/25 23:22:10 __main__ INFO] - -            c10_50k       : 0.0025 (acc: 0.9998)
[2018/09/25 23:22:10 __main__ INFO] - Elapsed 48.22
keys:  dict_keys(['epoch', 'c10h_train_loss', 'c10h_train_acc', 'c10h_val_loss', 'c10h_val_acc', 'c10h_train_c10_loss', 'c10h_train_c10_acc', 'c10h_val_c10_loss', 'c10h_val_c10_acc', 'v4_loss', 'v4_acc', 'v6_loss', 'v6_acc', 'c10_50k_loss', 'c10_50k_acc']) 
 c10h_outdir:  /tigress/joshuacp/model_results/run_1/saves/wrn_28_10/con_True_lr_0.0001_seed_1
[2018/09/25 23:22:11 __main__ INFO] - Train 96
[2018/09/25 23:22:31 __main__ INFO] - TEST 96
[2018/09/25 23:23:19 __main__ INFO] - - epoch 96    c10h_train    : 0.3613 (acc: 0.9867) | c10h_val    : 0.4582 (acc: 0.9510)
[2018/09/25 23:23:19 __main__ INFO] - -            c10h_train_c10: 0.0101 (acc: 0.9939) | c10h_val_c10: 0.1557 (acc: 0.9560)
[2018/09/25 23:23:19 __main__ INFO] - -            v4            : 0.3868 (acc: 0.8996) |           v6: 0.3616 (acc: 0.9105)
[2018/09/25 23:23:19 __main__ INFO] - -            c10_50k       : 0.0024 (acc: 0.9999)
[2018/09/25 23:23:19 __main__ INFO] - Elapsed 48.51
keys:  dict_keys(['epoch', 'c10h_train_loss', 'c10h_train_acc', 'c10h_val_loss', 'c10h_val_acc', 'c10h_train_c10_loss', 'c10h_train_c10_acc', 'c10h_val_c10_loss', 'c10h_val_c10_acc', 'v4_loss', 'v4_acc', 'v6_loss', 'v6_acc', 'c10_50k_loss', 'c10_50k_acc']) 
 c10h_outdir:  /tigress/joshuacp/model_results/run_1/saves/wrn_28_10/con_True_lr_0.0001_seed_1
[2018/09/25 23:23:20 __main__ INFO] - Train 97
[2018/09/25 23:23:39 __main__ INFO] - TEST 97
[2018/09/25 23:24:27 __main__ INFO] - - epoch 97    c10h_train    : 0.3581 (acc: 0.9869) | c10h_val    : 0.4538 (acc: 0.9530)
[2018/09/25 23:24:27 __main__ INFO] - -            c10h_train_c10: 0.0101 (acc: 0.9940) | c10h_val_c10: 0.1538 (acc: 0.9580)
[2018/09/25 23:24:27 __main__ INFO] - -            v4            : 0.3982 (acc: 0.8941) |           v6: 0.3667 (acc: 0.9085)
[2018/09/25 23:24:27 __main__ INFO] - -            c10_50k       : 0.0024 (acc: 0.9998)
[2018/09/25 23:24:27 __main__ INFO] - Elapsed 48.08
keys:  dict_keys(['epoch', 'c10h_train_loss', 'c10h_train_acc', 'c10h_val_loss', 'c10h_val_acc', 'c10h_train_c10_loss', 'c10h_train_c10_acc', 'c10h_val_c10_loss', 'c10h_val_c10_acc', 'v4_loss', 'v4_acc', 'v6_loss', 'v6_acc', 'c10_50k_loss', 'c10_50k_acc']) 
 c10h_outdir:  /tigress/joshuacp/model_results/run_1/saves/wrn_28_10/con_True_lr_0.0001_seed_1
[2018/09/25 23:24:29 __main__ INFO] - Train 98
[2018/09/25 23:24:49 __main__ INFO] - TEST 98
[2018/09/25 23:25:37 __main__ INFO] - - epoch 98    c10h_train    : 0.3582 (acc: 0.9867) | c10h_val    : 0.4524 (acc: 0.9510)
[2018/09/25 23:25:37 __main__ INFO] - -            c10h_train_c10: 0.0101 (acc: 0.9940) | c10h_val_c10: 0.1531 (acc: 0.9550)
[2018/09/25 23:25:37 __main__ INFO] - -            v4            : 0.3838 (acc: 0.8961) |           v6: 0.3634 (acc: 0.9100)
[2018/09/25 23:25:37 __main__ INFO] - -            c10_50k       : 0.0027 (acc: 0.9998)
[2018/09/25 23:25:37 __main__ INFO] - Elapsed 48.29
keys:  dict_keys(['epoch', 'c10h_train_loss', 'c10h_train_acc', 'c10h_val_loss', 'c10h_val_acc', 'c10h_train_c10_loss', 'c10h_train_c10_acc', 'c10h_val_c10_loss', 'c10h_val_c10_acc', 'v4_loss', 'v4_acc', 'v6_loss', 'v6_acc', 'c10_50k_loss', 'c10_50k_acc']) 
 c10h_outdir:  /tigress/joshuacp/model_results/run_1/saves/wrn_28_10/con_True_lr_0.0001_seed_1
[2018/09/25 23:25:38 __main__ INFO] - Train 99
[2018/09/25 23:25:57 __main__ INFO] - TEST 99
[2018/09/25 23:26:46 __main__ INFO] - - epoch 99    c10h_train    : 0.3603 (acc: 0.9867) | c10h_val    : 0.4563 (acc: 0.9510)
[2018/09/25 23:26:46 __main__ INFO] - -            c10h_train_c10: 0.0116 (acc: 0.9939) | c10h_val_c10: 0.1564 (acc: 0.9550)
[2018/09/25 23:26:46 __main__ INFO] - -            v4            : 0.3940 (acc: 0.8902) |           v6: 0.3638 (acc: 0.9100)
[2018/09/25 23:26:46 __main__ INFO] - -            c10_50k       : 0.0025 (acc: 0.9998)
[2018/09/25 23:26:46 __main__ INFO] - Elapsed 48.09
keys:  dict_keys(['epoch', 'c10h_train_loss', 'c10h_train_acc', 'c10h_val_loss', 'c10h_val_acc', 'c10h_train_c10_loss', 'c10h_train_c10_acc', 'c10h_val_c10_loss', 'c10h_val_c10_acc', 'v4_loss', 'v4_acc', 'v6_loss', 'v6_acc', 'c10_50k_loss', 'c10_50k_acc']) 
 c10h_outdir:  /tigress/joshuacp/model_results/run_1/saves/wrn_28_10/con_True_lr_0.0001_seed_1
[2018/09/25 23:26:47 __main__ INFO] - Train 100
[2018/09/25 23:27:06 __main__ INFO] - TEST 100
[2018/09/25 23:27:54 __main__ INFO] - - epoch 100    c10h_train    : 0.3615 (acc: 0.9869) | c10h_val    : 0.4558 (acc: 0.9540)
[2018/09/25 23:27:54 __main__ INFO] - -            c10h_train_c10: 0.0106 (acc: 0.9943) | c10h_val_c10: 0.1559 (acc: 0.9580)
[2018/09/25 23:27:54 __main__ INFO] - -            v4            : 0.4009 (acc: 0.8951) |           v6: 0.3633 (acc: 0.9090)
[2018/09/25 23:27:54 __main__ INFO] - -            c10_50k       : 0.0024 (acc: 0.9999)
[2018/09/25 23:27:54 __main__ INFO] - Elapsed 48.16
keys:  dict_keys(['epoch', 'c10h_train_loss', 'c10h_train_acc', 'c10h_val_loss', 'c10h_val_acc', 'c10h_train_c10_loss', 'c10h_train_c10_acc', 'c10h_val_c10_loss', 'c10h_val_c10_acc', 'v4_loss', 'v4_acc', 'v6_loss', 'v6_acc', 'c10_50k_loss', 'c10_50k_acc']) 
 c10h_outdir:  /tigress/joshuacp/model_results/run_1/saves/wrn_28_10/con_True_lr_0.0001_seed_1
cp: cannot create regular file /tigress/joshuacp/model_results/run_1/wrn_28_10/.: No such file or directory
inner done
