entering inner script
activating virtual env
wrn_28_10
identifier: con_False_lr_0.1_seed_1
--arch=wrn --c10h_save_interval=2 --dataset=CIFAR10H --no_output --c10h_datasplit_seed=1 --human_tune --nonhuman_control=False --base_lr=0.1
wrn_28_10_control:False_lr:0.1_seed:1.out
entering python script
/tigress/ruairidh/model_results/run_1/wrn_28_10/model_best_state.pth
/tigress/ruairidh/model_results/run_1/saves/wrn_28_10/con_False_lr_0.1_seed_1
Using TensorFlow backend.
[2018/09/25 19:42:00 __main__ INFO] - {
  "model_config": {
    "arch": "wrn",
    "input_shape": [
      1,
      3,
      32,
      32
    ],
    "n_classes": 10,
    "base_channels": 16,
    "depth": 28,
    "widening_factor": 10,
    "drop_rate": 0
  },
  "optim_config": {
    "epochs": 200,
    "batch_size": 128,
    "optimizer": "sgd",
    "base_lr": 0.1,
    "weight_decay": 0.0005,
    "momentum": 0.9,
    "nesterov": true,
    "scheduler": "multistep",
    "milestones": [
      60,
      120,
      160
    ],
    "lr_decay": 0.2
  },
  "data_config": {
    "dataset": "CIFAR10H",
    "n_classes": 10,
    "num_workers": 7,
    "batch_size": 128,
    "use_cutout": false,
    "use_random_erasing": false,
    "use_mixup": false,
    "c10h_sample": false,
    "c10h_testsplit_percent": 0.1,
    "c10h_datasplit_seed": 1,
    "use_gpu": true
  },
  "run_config": {
    "seed": 17,
    "test_first": true,
    "gpu": "0",
    "tensorboard": false,
    "tensorboard_train_images": false,
    "tensorboard_test_images": false,
    "tensorboard_model_params": false,
    "resume": "/tigress/ruairidh/model_results/run_1/wrn_28_10/model_best_state.pth",
    "human_tune": true,
    "no_output": true,
    "test_only": false,
    "nonhuman_control": false,
    "c10h_scores_outdir": "/tigress/ruairidh/model_results/run_1/saves/wrn_28_10/con_False_lr_0.1_seed_1",
    "c10h_save_interval": "2",
    "use_gpu": true
  },
  "env_info": {
    "pytorch_version": "0.4.1",
    "cuda_version": "9.0.176",
    "cudnn_version": 7102,
    "gpu0": {
      "name": "Tesla P100-PCIE-16GB",
      "capability": "6.0"
    }
  }
}
Files already downloaded and verified
Files already downloaded and verified
Files already downloaded and verified
Files already downloaded and verified
Files already downloaded and verified
[2018/09/25 19:42:04 __main__ INFO] - Loading model...
[2018/09/25 19:42:04 __main__ INFO] - n_params: 36479194
[2018/09/25 19:42:06 __main__ INFO] - Done
=> loading checkpoint '/tigress/ruairidh/model_results/run_1/wrn_28_10/model_best_state.pth'
=> loaded checkpoint '/tigress/ruairidh/model_results/run_1/wrn_28_10/model_best_state.pth' (epoch 197)
[2018/09/25 19:42:10 __main__ INFO] - TEST 0
[2018/09/25 19:43:00 __main__ INFO] - - epoch 0    c10h_train    : 0.4616 (acc: 0.9479) | c10h_val    : 0.4554 (acc: 0.9650)
[2018/09/25 19:43:00 __main__ INFO] - -            c10h_train_c10: 0.1773 (acc: 0.9502) | c10h_val_c10: 0.1349 (acc: 0.9690)
[2018/09/25 19:43:00 __main__ INFO] - -            v4            : 0.4034 (acc: 0.8986) |           v6: 0.3818 (acc: 0.9100)
[2018/09/25 19:43:00 __main__ INFO] - -            c10_50k       : 0.0012 (acc: 1.0000)
[2018/09/25 19:43:00 __main__ INFO] - Elapsed 50.49
keys:  dict_keys(['epoch', 'c10h_train_loss', 'c10h_train_acc', 'c10h_val_loss', 'c10h_val_acc', 'c10h_train_c10_loss', 'c10h_train_c10_acc', 'c10h_val_c10_loss', 'c10h_val_c10_acc', 'v4_loss', 'v4_acc', 'v6_loss', 'v6_acc', 'c10_50k_loss', 'c10_50k_acc']) 
 c10h_outdir:  /tigress/ruairidh/model_results/run_1/saves/wrn_28_10/con_False_lr_0.1_seed_1
[2018/09/25 19:43:02 __main__ INFO] - Train 1
[2018/09/25 19:43:22 __main__ INFO] - TEST 1
[2018/09/25 19:44:10 __main__ INFO] - - epoch 1    c10h_train    : 1.6891 (acc: 0.4516) | c10h_val    : 1.6650 (acc: 0.4690)
[2018/09/25 19:44:10 __main__ INFO] - -            c10h_train_c10: 1.6493 (acc: 0.4529) | c10h_val_c10: 1.6250 (acc: 0.4690)
[2018/09/25 19:44:10 __main__ INFO] - -            v4            : 2.0242 (acc: 0.3597) |           v6: 2.0023 (acc: 0.3665)
[2018/09/25 19:44:10 __main__ INFO] - -            c10_50k       : 1.6763 (acc: 0.4434)
[2018/09/25 19:44:10 __main__ INFO] - Elapsed 47.79
keys:  dict_keys(['epoch', 'c10h_train_loss', 'c10h_train_acc', 'c10h_val_loss', 'c10h_val_acc', 'c10h_train_c10_loss', 'c10h_train_c10_acc', 'c10h_val_c10_loss', 'c10h_val_c10_acc', 'v4_loss', 'v4_acc', 'v6_loss', 'v6_acc', 'c10_50k_loss', 'c10_50k_acc']) 
 c10h_outdir:  /tigress/ruairidh/model_results/run_1/saves/wrn_28_10/con_False_lr_0.1_seed_1
[2018/09/25 19:44:12 __main__ INFO] - Train 2
[2018/09/25 19:44:31 __main__ INFO] - TEST 2
[2018/09/25 19:45:19 __main__ INFO] - - epoch 2    c10h_train    : 1.1330 (acc: 0.6118) | c10h_val    : 1.1679 (acc: 0.5990)
[2018/09/25 19:45:19 __main__ INFO] - -            c10h_train_c10: 1.0769 (acc: 0.6127) | c10h_val_c10: 1.1097 (acc: 0.6000)
[2018/09/25 19:45:19 __main__ INFO] - -            v4            : 1.4824 (acc: 0.4780) |           v6: 1.5005 (acc: 0.4805)
[2018/09/25 19:45:19 __main__ INFO] - -            c10_50k       : 1.1130 (acc: 0.6053)
[2018/09/25 19:45:19 __main__ INFO] - Elapsed 48.20
keys:  dict_keys(['epoch', 'c10h_train_loss', 'c10h_train_acc', 'c10h_val_loss', 'c10h_val_acc', 'c10h_train_c10_loss', 'c10h_train_c10_acc', 'c10h_val_c10_loss', 'c10h_val_c10_acc', 'v4_loss', 'v4_acc', 'v6_loss', 'v6_acc', 'c10_50k_loss', 'c10_50k_acc']) 
 c10h_outdir:  /tigress/ruairidh/model_results/run_1/saves/wrn_28_10/con_False_lr_0.1_seed_1
[2018/09/25 19:45:20 __main__ INFO] - Train 3
[2018/09/25 19:45:39 __main__ INFO] - TEST 3
[2018/09/25 19:46:27 __main__ INFO] - - epoch 3    c10h_train    : 1.3240 (acc: 0.5828) | c10h_val    : 1.4340 (acc: 0.5770)
[2018/09/25 19:46:28 __main__ INFO] - -            c10h_train_c10: 1.2684 (acc: 0.5831) | c10h_val_c10: 1.3696 (acc: 0.5760)
[2018/09/25 19:46:28 __main__ INFO] - -            v4            : 1.6878 (acc: 0.4438) |           v6: 1.7442 (acc: 0.4445)
[2018/09/25 19:46:28 __main__ INFO] - -            c10_50k       : 1.3200 (acc: 0.5725)
[2018/09/25 19:46:28 __main__ INFO] - Elapsed 47.93
keys:  dict_keys(['epoch', 'c10h_train_loss', 'c10h_train_acc', 'c10h_val_loss', 'c10h_val_acc', 'c10h_train_c10_loss', 'c10h_train_c10_acc', 'c10h_val_c10_loss', 'c10h_val_c10_acc', 'v4_loss', 'v4_acc', 'v6_loss', 'v6_acc', 'c10_50k_loss', 'c10_50k_acc']) 
 c10h_outdir:  /tigress/ruairidh/model_results/run_1/saves/wrn_28_10/con_False_lr_0.1_seed_1
[2018/09/25 19:46:29 __main__ INFO] - Train 4
[2018/09/25 19:46:49 __main__ INFO] - TEST 4
[2018/09/25 19:47:37 __main__ INFO] - - epoch 4    c10h_train    : 1.1656 (acc: 0.6096) | c10h_val    : 1.2642 (acc: 0.6050)
[2018/09/25 19:47:37 __main__ INFO] - -            c10h_train_c10: 1.0983 (acc: 0.6091) | c10h_val_c10: 1.1933 (acc: 0.6050)
[2018/09/25 19:47:37 __main__ INFO] - -            v4            : 1.6782 (acc: 0.4730) |           v6: 1.7547 (acc: 0.4690)
[2018/09/25 19:47:37 __main__ INFO] - -            c10_50k       : 1.1895 (acc: 0.5898)
[2018/09/25 19:47:37 __main__ INFO] - Elapsed 47.94
keys:  dict_keys(['epoch', 'c10h_train_loss', 'c10h_train_acc', 'c10h_val_loss', 'c10h_val_acc', 'c10h_train_c10_loss', 'c10h_train_c10_acc', 'c10h_val_c10_loss', 'c10h_val_c10_acc', 'v4_loss', 'v4_acc', 'v6_loss', 'v6_acc', 'c10_50k_loss', 'c10_50k_acc']) 
 c10h_outdir:  /tigress/ruairidh/model_results/run_1/saves/wrn_28_10/con_False_lr_0.1_seed_1
[2018/09/25 19:47:38 __main__ INFO] - Train 5
[2018/09/25 19:47:58 __main__ INFO] - TEST 5
[2018/09/25 19:48:46 __main__ INFO] - - epoch 5    c10h_train    : 1.1267 (acc: 0.6499) | c10h_val    : 1.3509 (acc: 0.6040)
[2018/09/25 19:48:46 __main__ INFO] - -            c10h_train_c10: 1.0504 (acc: 0.6493) | c10h_val_c10: 1.2625 (acc: 0.6040)
[2018/09/25 19:48:46 __main__ INFO] - -            v4            : 1.5993 (acc: 0.4978) |           v6: 1.7552 (acc: 0.4965)
[2018/09/25 19:48:46 __main__ INFO] - -            c10_50k       : 1.1425 (acc: 0.6304)
[2018/09/25 19:48:46 __main__ INFO] - Elapsed 47.78
keys:  dict_keys(['epoch', 'c10h_train_loss', 'c10h_train_acc', 'c10h_val_loss', 'c10h_val_acc', 'c10h_train_c10_loss', 'c10h_train_c10_acc', 'c10h_val_c10_loss', 'c10h_val_c10_acc', 'v4_loss', 'v4_acc', 'v6_loss', 'v6_acc', 'c10_50k_loss', 'c10_50k_acc']) 
 c10h_outdir:  /tigress/ruairidh/model_results/run_1/saves/wrn_28_10/con_False_lr_0.1_seed_1
[2018/09/25 19:48:48 __main__ INFO] - Train 6
[2018/09/25 19:49:07 __main__ INFO] - TEST 6
[2018/09/25 19:49:55 __main__ INFO] - - epoch 6    c10h_train    : 1.1100 (acc: 0.6322) | c10h_val    : 1.1968 (acc: 0.6230)
[2018/09/25 19:49:55 __main__ INFO] - -            c10h_train_c10: 1.0390 (acc: 0.6333) | c10h_val_c10: 1.1129 (acc: 0.6240)
[2018/09/25 19:49:55 __main__ INFO] - -            v4            : 1.6174 (acc: 0.4765) |           v6: 1.6197 (acc: 0.4930)
[2018/09/25 19:49:55 __main__ INFO] - -            c10_50k       : 1.1436 (acc: 0.6142)
[2018/09/25 19:49:55 __main__ INFO] - Elapsed 47.92
keys:  dict_keys(['epoch', 'c10h_train_loss', 'c10h_train_acc', 'c10h_val_loss', 'c10h_val_acc', 'c10h_train_c10_loss', 'c10h_train_c10_acc', 'c10h_val_c10_loss', 'c10h_val_c10_acc', 'v4_loss', 'v4_acc', 'v6_loss', 'v6_acc', 'c10_50k_loss', 'c10_50k_acc']) 
 c10h_outdir:  /tigress/ruairidh/model_results/run_1/saves/wrn_28_10/con_False_lr_0.1_seed_1
[2018/09/25 19:49:58 __main__ INFO] - Train 7
[2018/09/25 19:50:18 __main__ INFO] - TEST 7
[2018/09/25 19:51:06 __main__ INFO] - - epoch 7    c10h_train    : 0.7118 (acc: 0.7889) | c10h_val    : 0.8244 (acc: 0.7540)
[2018/09/25 19:51:06 __main__ INFO] - -            c10h_train_c10: 0.6279 (acc: 0.7889) | c10h_val_c10: 0.7309 (acc: 0.7560)
[2018/09/25 19:51:06 __main__ INFO] - -            v4            : 1.0584 (acc: 0.6294) |           v6: 1.0403 (acc: 0.6490)
[2018/09/25 19:51:06 __main__ INFO] - -            c10_50k       : 0.7397 (acc: 0.7454)
[2018/09/25 19:51:06 __main__ INFO] - Elapsed 48.08
keys:  dict_keys(['epoch', 'c10h_train_loss', 'c10h_train_acc', 'c10h_val_loss', 'c10h_val_acc', 'c10h_train_c10_loss', 'c10h_train_c10_acc', 'c10h_val_c10_loss', 'c10h_val_c10_acc', 'v4_loss', 'v4_acc', 'v6_loss', 'v6_acc', 'c10_50k_loss', 'c10_50k_acc']) 
 c10h_outdir:  /tigress/ruairidh/model_results/run_1/saves/wrn_28_10/con_False_lr_0.1_seed_1
[2018/09/25 19:51:08 __main__ INFO] - Train 8
[2018/09/25 19:51:28 __main__ INFO] - TEST 8
[2018/09/25 19:52:16 __main__ INFO] - - epoch 8    c10h_train    : 0.6993 (acc: 0.7841) | c10h_val    : 0.8234 (acc: 0.7540)
[2018/09/25 19:52:16 __main__ INFO] - -            c10h_train_c10: 0.6007 (acc: 0.7847) | c10h_val_c10: 0.7083 (acc: 0.7560)
[2018/09/25 19:52:16 __main__ INFO] - -            v4            : 1.1805 (acc: 0.5982) |           v6: 1.1401 (acc: 0.6320)
[2018/09/25 19:52:16 __main__ INFO] - -            c10_50k       : 0.7511 (acc: 0.7366)
[2018/09/25 19:52:16 __main__ INFO] - Elapsed 47.94
keys:  dict_keys(['epoch', 'c10h_train_loss', 'c10h_train_acc', 'c10h_val_loss', 'c10h_val_acc', 'c10h_train_c10_loss', 'c10h_train_c10_acc', 'c10h_val_c10_loss', 'c10h_val_c10_acc', 'v4_loss', 'v4_acc', 'v6_loss', 'v6_acc', 'c10_50k_loss', 'c10_50k_acc']) 
 c10h_outdir:  /tigress/ruairidh/model_results/run_1/saves/wrn_28_10/con_False_lr_0.1_seed_1
[2018/09/25 19:52:17 __main__ INFO] - Train 9
[2018/09/25 19:52:36 __main__ INFO] - TEST 9
[2018/09/25 19:53:24 __main__ INFO] - - epoch 9    c10h_train    : 0.8671 (acc: 0.7272) | c10h_val    : 1.0088 (acc: 0.6830)
[2018/09/25 19:53:25 __main__ INFO] - -            c10h_train_c10: 0.7761 (acc: 0.7257) | c10h_val_c10: 0.9160 (acc: 0.6840)
[2018/09/25 19:53:25 __main__ INFO] - -            v4            : 1.3456 (acc: 0.5883) |           v6: 1.3945 (acc: 0.5925)
[2018/09/25 19:53:25 __main__ INFO] - -            c10_50k       : 0.9364 (acc: 0.6914)
[2018/09/25 19:53:25 __main__ INFO] - Elapsed 47.98
keys:  dict_keys(['epoch', 'c10h_train_loss', 'c10h_train_acc', 'c10h_val_loss', 'c10h_val_acc', 'c10h_train_c10_loss', 'c10h_train_c10_acc', 'c10h_val_c10_loss', 'c10h_val_c10_acc', 'v4_loss', 'v4_acc', 'v6_loss', 'v6_acc', 'c10_50k_loss', 'c10_50k_acc']) 
 c10h_outdir:  /tigress/ruairidh/model_results/run_1/saves/wrn_28_10/con_False_lr_0.1_seed_1
[2018/09/25 19:53:25 __main__ INFO] - Train 10
[2018/09/25 19:53:45 __main__ INFO] - TEST 10
[2018/09/25 19:54:33 __main__ INFO] - - epoch 10    c10h_train    : 1.1895 (acc: 0.6502) | c10h_val    : 1.4893 (acc: 0.6140)
[2018/09/25 19:54:33 __main__ INFO] - -            c10h_train_c10: 1.0820 (acc: 0.6504) | c10h_val_c10: 1.3732 (acc: 0.6150)
[2018/09/25 19:54:33 __main__ INFO] - -            v4            : 1.9855 (acc: 0.4711) |           v6: 2.1387 (acc: 0.4715)
[2018/09/25 19:54:33 __main__ INFO] - -            c10_50k       : 1.3267 (acc: 0.6140)
[2018/09/25 19:54:33 __main__ INFO] - Elapsed 47.81
keys:  dict_keys(['epoch', 'c10h_train_loss', 'c10h_train_acc', 'c10h_val_loss', 'c10h_val_acc', 'c10h_train_c10_loss', 'c10h_train_c10_acc', 'c10h_val_c10_loss', 'c10h_val_c10_acc', 'v4_loss', 'v4_acc', 'v6_loss', 'v6_acc', 'c10_50k_loss', 'c10_50k_acc']) 
 c10h_outdir:  /tigress/ruairidh/model_results/run_1/saves/wrn_28_10/con_False_lr_0.1_seed_1
[2018/09/25 19:54:34 __main__ INFO] - Train 11
[2018/09/25 19:54:53 __main__ INFO] - TEST 11
[2018/09/25 19:55:41 __main__ INFO] - - epoch 11    c10h_train    : 0.6539 (acc: 0.8032) | c10h_val    : 0.8665 (acc: 0.7720)
[2018/09/25 19:55:42 __main__ INFO] - -            c10h_train_c10: 0.5417 (acc: 0.8047) | c10h_val_c10: 0.7359 (acc: 0.7740)
[2018/09/25 19:55:42 __main__ INFO] - -            v4            : 1.1477 (acc: 0.6225) |           v6: 1.1280 (acc: 0.6515)
[2018/09/25 19:55:42 __main__ INFO] - -            c10_50k       : 0.7415 (acc: 0.7505)
[2018/09/25 19:55:42 __main__ INFO] - Elapsed 48.18
keys:  dict_keys(['epoch', 'c10h_train_loss', 'c10h_train_acc', 'c10h_val_loss', 'c10h_val_acc', 'c10h_train_c10_loss', 'c10h_train_c10_acc', 'c10h_val_c10_loss', 'c10h_val_c10_acc', 'v4_loss', 'v4_acc', 'v6_loss', 'v6_acc', 'c10_50k_loss', 'c10_50k_acc']) 
 c10h_outdir:  /tigress/ruairidh/model_results/run_1/saves/wrn_28_10/con_False_lr_0.1_seed_1
[2018/09/25 19:55:42 __main__ INFO] - Train 12
[2018/09/25 19:56:01 __main__ INFO] - TEST 12
[2018/09/25 19:56:49 __main__ INFO] - - epoch 12    c10h_train    : 0.6540 (acc: 0.8008) | c10h_val    : 0.8859 (acc: 0.7420)
[2018/09/25 19:56:49 __main__ INFO] - -            c10h_train_c10: 0.5560 (acc: 0.8003) | c10h_val_c10: 0.7821 (acc: 0.7420)
[2018/09/25 19:56:49 __main__ INFO] - -            v4            : 1.1598 (acc: 0.6175) |           v6: 1.1716 (acc: 0.6375)
[2018/09/25 19:56:49 __main__ INFO] - -            c10_50k       : 0.7478 (acc: 0.7481)
[2018/09/25 19:56:49 __main__ INFO] - Elapsed 47.94
keys:  dict_keys(['epoch', 'c10h_train_loss', 'c10h_train_acc', 'c10h_val_loss', 'c10h_val_acc', 'c10h_train_c10_loss', 'c10h_train_c10_acc', 'c10h_val_c10_loss', 'c10h_val_c10_acc', 'v4_loss', 'v4_acc', 'v6_loss', 'v6_acc', 'c10_50k_loss', 'c10_50k_acc']) 
 c10h_outdir:  /tigress/ruairidh/model_results/run_1/saves/wrn_28_10/con_False_lr_0.1_seed_1
[2018/09/25 19:56:52 __main__ INFO] - Train 13
[2018/09/25 19:57:11 __main__ INFO] - TEST 13
[2018/09/25 19:57:59 __main__ INFO] - - epoch 13    c10h_train    : 0.5891 (acc: 0.8374) | c10h_val    : 0.8179 (acc: 0.7630)
[2018/09/25 19:57:59 __main__ INFO] - -            c10h_train_c10: 0.4897 (acc: 0.8366) | c10h_val_c10: 0.7153 (acc: 0.7620)
[2018/09/25 19:57:59 __main__ INFO] - -            v4            : 1.0681 (acc: 0.6487) |           v6: 1.1213 (acc: 0.6375)
[2018/09/25 19:57:59 __main__ INFO] - -            c10_50k       : 0.6787 (acc: 0.7706)
[2018/09/25 19:57:59 __main__ INFO] - Elapsed 47.93
keys:  dict_keys(['epoch', 'c10h_train_loss', 'c10h_train_acc', 'c10h_val_loss', 'c10h_val_acc', 'c10h_train_c10_loss', 'c10h_train_c10_acc', 'c10h_val_c10_loss', 'c10h_val_c10_acc', 'v4_loss', 'v4_acc', 'v6_loss', 'v6_acc', 'c10_50k_loss', 'c10_50k_acc']) 
 c10h_outdir:  /tigress/ruairidh/model_results/run_1/saves/wrn_28_10/con_False_lr_0.1_seed_1
[2018/09/25 19:58:02 __main__ INFO] - Train 14
[2018/09/25 19:58:21 __main__ INFO] - TEST 14
[2018/09/25 19:59:09 __main__ INFO] - - epoch 14    c10h_train    : 0.8519 (acc: 0.7630) | c10h_val    : 1.1316 (acc: 0.7100)
[2018/09/25 19:59:09 __main__ INFO] - -            c10h_train_c10: 0.7367 (acc: 0.7627) | c10h_val_c10: 1.0188 (acc: 0.7090)
[2018/09/25 19:59:09 __main__ INFO] - -            v4            : 1.5727 (acc: 0.5834) |           v6: 1.6699 (acc: 0.5750)
[2018/09/25 19:59:09 __main__ INFO] - -            c10_50k       : 0.9964 (acc: 0.7088)
[2018/09/25 19:59:09 __main__ INFO] - Elapsed 48.20
keys:  dict_keys(['epoch', 'c10h_train_loss', 'c10h_train_acc', 'c10h_val_loss', 'c10h_val_acc', 'c10h_train_c10_loss', 'c10h_train_c10_acc', 'c10h_val_c10_loss', 'c10h_val_c10_acc', 'v4_loss', 'v4_acc', 'v6_loss', 'v6_acc', 'c10_50k_loss', 'c10_50k_acc']) 
 c10h_outdir:  /tigress/ruairidh/model_results/run_1/saves/wrn_28_10/con_False_lr_0.1_seed_1
[2018/09/25 19:59:11 __main__ INFO] - Train 15
[2018/09/25 19:59:31 __main__ INFO] - TEST 15
[2018/09/25 20:00:19 __main__ INFO] - - epoch 15    c10h_train    : 0.6047 (acc: 0.8288) | c10h_val    : 0.8943 (acc: 0.7560)
[2018/09/25 20:00:19 __main__ INFO] - -            c10h_train_c10: 0.5029 (acc: 0.8287) | c10h_val_c10: 0.7916 (acc: 0.7550)
[2018/09/25 20:00:19 __main__ INFO] - -            v4            : 1.1553 (acc: 0.6309) |           v6: 1.2436 (acc: 0.6225)
[2018/09/25 20:00:19 __main__ INFO] - -            c10_50k       : 0.7536 (acc: 0.7544)
[2018/09/25 20:00:19 __main__ INFO] - Elapsed 47.97
keys:  dict_keys(['epoch', 'c10h_train_loss', 'c10h_train_acc', 'c10h_val_loss', 'c10h_val_acc', 'c10h_train_c10_loss', 'c10h_train_c10_acc', 'c10h_val_c10_loss', 'c10h_val_c10_acc', 'v4_loss', 'v4_acc', 'v6_loss', 'v6_acc', 'c10_50k_loss', 'c10_50k_acc']) 
 c10h_outdir:  /tigress/ruairidh/model_results/run_1/saves/wrn_28_10/con_False_lr_0.1_seed_1
[2018/09/25 20:00:21 __main__ INFO] - Train 16
[2018/09/25 20:00:41 __main__ INFO] - TEST 16
[2018/09/25 20:01:29 __main__ INFO] - - epoch 16    c10h_train    : 0.9166 (acc: 0.7163) | c10h_val    : 1.2383 (acc: 0.6770)
[2018/09/25 20:01:29 __main__ INFO] - -            c10h_train_c10: 0.8134 (acc: 0.7161) | c10h_val_c10: 1.1309 (acc: 0.6770)
[2018/09/25 20:01:29 __main__ INFO] - -            v4            : 1.5343 (acc: 0.5388) |           v6: 1.6589 (acc: 0.5325)
[2018/09/25 20:01:29 __main__ INFO] - -            c10_50k       : 1.0886 (acc: 0.6629)
[2018/09/25 20:01:29 __main__ INFO] - Elapsed 48.45
keys:  dict_keys(['epoch', 'c10h_train_loss', 'c10h_train_acc', 'c10h_val_loss', 'c10h_val_acc', 'c10h_train_c10_loss', 'c10h_train_c10_acc', 'c10h_val_c10_loss', 'c10h_val_c10_acc', 'v4_loss', 'v4_acc', 'v6_loss', 'v6_acc', 'c10_50k_loss', 'c10_50k_acc']) 
 c10h_outdir:  /tigress/ruairidh/model_results/run_1/saves/wrn_28_10/con_False_lr_0.1_seed_1
[2018/09/25 20:01:32 __main__ INFO] - Train 17
[2018/09/25 20:01:51 __main__ INFO] - TEST 17
[2018/09/25 20:02:39 __main__ INFO] - - epoch 17    c10h_train    : 0.8008 (acc: 0.7582) | c10h_val    : 1.1578 (acc: 0.6970)
[2018/09/25 20:02:39 __main__ INFO] - -            c10h_train_c10: 0.7103 (acc: 0.7583) | c10h_val_c10: 1.0712 (acc: 0.6980)
[2018/09/25 20:02:39 __main__ INFO] - -            v4            : 1.4374 (acc: 0.5755) |           v6: 1.5622 (acc: 0.5635)
[2018/09/25 20:02:39 __main__ INFO] - -            c10_50k       : 1.0014 (acc: 0.6921)
[2018/09/25 20:02:39 __main__ INFO] - Elapsed 47.84
keys:  dict_keys(['epoch', 'c10h_train_loss', 'c10h_train_acc', 'c10h_val_loss', 'c10h_val_acc', 'c10h_train_c10_loss', 'c10h_train_c10_acc', 'c10h_val_c10_loss', 'c10h_val_c10_acc', 'v4_loss', 'v4_acc', 'v6_loss', 'v6_acc', 'c10_50k_loss', 'c10_50k_acc']) 
 c10h_outdir:  /tigress/ruairidh/model_results/run_1/saves/wrn_28_10/con_False_lr_0.1_seed_1
[2018/09/25 20:02:39 __main__ INFO] - Train 18
[2018/09/25 20:02:59 __main__ INFO] - TEST 18
[2018/09/25 20:03:47 __main__ INFO] - - epoch 18    c10h_train    : 0.4599 (acc: 0.8829) | c10h_val    : 0.7157 (acc: 0.8110)
[2018/09/25 20:03:47 __main__ INFO] - -            c10h_train_c10: 0.3459 (acc: 0.8821) | c10h_val_c10: 0.6068 (acc: 0.8100)
[2018/09/25 20:03:47 __main__ INFO] - -            v4            : 0.9683 (acc: 0.6893) |           v6: 0.9608 (acc: 0.6985)
[2018/09/25 20:03:47 __main__ INFO] - -            c10_50k       : 0.6129 (acc: 0.7890)
[2018/09/25 20:03:47 __main__ INFO] - Elapsed 48.04
keys:  dict_keys(['epoch', 'c10h_train_loss', 'c10h_train_acc', 'c10h_val_loss', 'c10h_val_acc', 'c10h_train_c10_loss', 'c10h_train_c10_acc', 'c10h_val_c10_loss', 'c10h_val_c10_acc', 'v4_loss', 'v4_acc', 'v6_loss', 'v6_acc', 'c10_50k_loss', 'c10_50k_acc']) 
 c10h_outdir:  /tigress/ruairidh/model_results/run_1/saves/wrn_28_10/con_False_lr_0.1_seed_1
[2018/09/25 20:03:49 __main__ INFO] - Train 19
[2018/09/25 20:04:08 __main__ INFO] - TEST 19
[2018/09/25 20:04:56 __main__ INFO] - - epoch 19    c10h_train    : 0.5729 (acc: 0.8383) | c10h_val    : 0.8780 (acc: 0.7490)
[2018/09/25 20:04:56 __main__ INFO] - -            c10h_train_c10: 0.4639 (acc: 0.8369) | c10h_val_c10: 0.7762 (acc: 0.7470)
[2018/09/25 20:04:56 __main__ INFO] - -            v4            : 1.2339 (acc: 0.6200) |           v6: 1.3069 (acc: 0.6115)
[2018/09/25 20:04:56 __main__ INFO] - -            c10_50k       : 0.7577 (acc: 0.7505)
[2018/09/25 20:04:56 __main__ INFO] - Elapsed 47.91
keys:  dict_keys(['epoch', 'c10h_train_loss', 'c10h_train_acc', 'c10h_val_loss', 'c10h_val_acc', 'c10h_train_c10_loss', 'c10h_train_c10_acc', 'c10h_val_c10_loss', 'c10h_val_c10_acc', 'v4_loss', 'v4_acc', 'v6_loss', 'v6_acc', 'c10_50k_loss', 'c10_50k_acc']) 
 c10h_outdir:  /tigress/ruairidh/model_results/run_1/saves/wrn_28_10/con_False_lr_0.1_seed_1
[2018/09/25 20:04:59 __main__ INFO] - Train 20
[2018/09/25 20:05:19 __main__ INFO] - TEST 20
[2018/09/25 20:06:06 __main__ INFO] - - epoch 20    c10h_train    : 0.5180 (acc: 0.8631) | c10h_val    : 0.8337 (acc: 0.7650)
[2018/09/25 20:06:06 __main__ INFO] - -            c10h_train_c10: 0.3909 (acc: 0.8637) | c10h_val_c10: 0.7149 (acc: 0.7660)
[2018/09/25 20:06:06 __main__ INFO] - -            v4            : 1.0083 (acc: 0.6809) |           v6: 1.1068 (acc: 0.6745)
[2018/09/25 20:06:06 __main__ INFO] - -            c10_50k       : 0.6727 (acc: 0.7752)
[2018/09/25 20:06:06 __main__ INFO] - Elapsed 47.75
keys:  dict_keys(['epoch', 'c10h_train_loss', 'c10h_train_acc', 'c10h_val_loss', 'c10h_val_acc', 'c10h_train_c10_loss', 'c10h_train_c10_acc', 'c10h_val_c10_loss', 'c10h_val_c10_acc', 'v4_loss', 'v4_acc', 'v6_loss', 'v6_acc', 'c10_50k_loss', 'c10_50k_acc']) 
 c10h_outdir:  /tigress/ruairidh/model_results/run_1/saves/wrn_28_10/con_False_lr_0.1_seed_1
[2018/09/25 20:06:07 __main__ INFO] - Train 21
[2018/09/25 20:06:26 __main__ INFO] - TEST 21
[2018/09/25 20:07:14 __main__ INFO] - - epoch 21    c10h_train    : 0.4667 (acc: 0.8813) | c10h_val    : 0.7636 (acc: 0.7920)
[2018/09/25 20:07:14 __main__ INFO] - -            c10h_train_c10: 0.3379 (acc: 0.8811) | c10h_val_c10: 0.6278 (acc: 0.7940)
[2018/09/25 20:07:14 __main__ INFO] - -            v4            : 1.0533 (acc: 0.6561) |           v6: 0.9881 (acc: 0.6925)
[2018/09/25 20:07:14 __main__ INFO] - -            c10_50k       : 0.6313 (acc: 0.7900)
[2018/09/25 20:07:14 __main__ INFO] - Elapsed 47.77
keys:  dict_keys(['epoch', 'c10h_train_loss', 'c10h_train_acc', 'c10h_val_loss', 'c10h_val_acc', 'c10h_train_c10_loss', 'c10h_train_c10_acc', 'c10h_val_c10_loss', 'c10h_val_c10_acc', 'v4_loss', 'v4_acc', 'v6_loss', 'v6_acc', 'c10_50k_loss', 'c10_50k_acc']) 
 c10h_outdir:  /tigress/ruairidh/model_results/run_1/saves/wrn_28_10/con_False_lr_0.1_seed_1
[2018/09/25 20:07:16 __main__ INFO] - Train 22
[2018/09/25 20:07:35 __main__ INFO] - TEST 22
[2018/09/25 20:08:23 __main__ INFO] - - epoch 22    c10h_train    : 0.6173 (acc: 0.8359) | c10h_val    : 0.9236 (acc: 0.7500)
[2018/09/25 20:08:23 __main__ INFO] - -            c10h_train_c10: 0.4941 (acc: 0.8353) | c10h_val_c10: 0.8136 (acc: 0.7480)
[2018/09/25 20:08:23 __main__ INFO] - -            v4            : 1.3917 (acc: 0.6076) |           v6: 1.4115 (acc: 0.6145)
[2018/09/25 20:08:23 __main__ INFO] - -            c10_50k       : 0.8343 (acc: 0.7437)
[2018/09/25 20:08:23 __main__ INFO] - Elapsed 48.16
keys:  dict_keys(['epoch', 'c10h_train_loss', 'c10h_train_acc', 'c10h_val_loss', 'c10h_val_acc', 'c10h_train_c10_loss', 'c10h_train_c10_acc', 'c10h_val_c10_loss', 'c10h_val_c10_acc', 'v4_loss', 'v4_acc', 'v6_loss', 'v6_acc', 'c10_50k_loss', 'c10_50k_acc']) 
 c10h_outdir:  /tigress/ruairidh/model_results/run_1/saves/wrn_28_10/con_False_lr_0.1_seed_1
[2018/09/25 20:08:24 __main__ INFO] - Train 23
[2018/09/25 20:08:43 __main__ INFO] - TEST 23
[2018/09/25 20:09:31 __main__ INFO] - - epoch 23    c10h_train    : 0.4128 (acc: 0.9017) | c10h_val    : 0.6963 (acc: 0.8090)
[2018/09/25 20:09:31 __main__ INFO] - -            c10h_train_c10: 0.2839 (acc: 0.9000) | c10h_val_c10: 0.5693 (acc: 0.8120)
[2018/09/25 20:09:31 __main__ INFO] - -            v4            : 0.9092 (acc: 0.6997) |           v6: 0.9364 (acc: 0.7025)
[2018/09/25 20:09:31 __main__ INFO] - -            c10_50k       : 0.5694 (acc: 0.8075)
[2018/09/25 20:09:31 __main__ INFO] - Elapsed 48.15
keys:  dict_keys(['epoch', 'c10h_train_loss', 'c10h_train_acc', 'c10h_val_loss', 'c10h_val_acc', 'c10h_train_c10_loss', 'c10h_train_c10_acc', 'c10h_val_c10_loss', 'c10h_val_c10_acc', 'v4_loss', 'v4_acc', 'v6_loss', 'v6_acc', 'c10_50k_loss', 'c10_50k_acc']) 
 c10h_outdir:  /tigress/ruairidh/model_results/run_1/saves/wrn_28_10/con_False_lr_0.1_seed_1
[2018/09/25 20:09:32 __main__ INFO] - Train 24
[2018/09/25 20:09:51 __main__ INFO] - TEST 24
[2018/09/25 20:10:39 __main__ INFO] - - epoch 24    c10h_train    : 0.4303 (acc: 0.8983) | c10h_val    : 0.7190 (acc: 0.8180)
[2018/09/25 20:10:39 __main__ INFO] - -            c10h_train_c10: 0.3022 (acc: 0.8966) | c10h_val_c10: 0.6011 (acc: 0.8160)
[2018/09/25 20:10:39 __main__ INFO] - -            v4            : 1.0561 (acc: 0.6734) |           v6: 1.1037 (acc: 0.6715)
[2018/09/25 20:10:39 __main__ INFO] - -            c10_50k       : 0.6204 (acc: 0.7965)
[2018/09/25 20:10:39 __main__ INFO] - Elapsed 47.88
keys:  dict_keys(['epoch', 'c10h_train_loss', 'c10h_train_acc', 'c10h_val_loss', 'c10h_val_acc', 'c10h_train_c10_loss', 'c10h_train_c10_acc', 'c10h_val_c10_loss', 'c10h_val_c10_acc', 'v4_loss', 'v4_acc', 'v6_loss', 'v6_acc', 'c10_50k_loss', 'c10_50k_acc']) 
 c10h_outdir:  /tigress/ruairidh/model_results/run_1/saves/wrn_28_10/con_False_lr_0.1_seed_1
[2018/09/25 20:10:41 __main__ INFO] - Train 25
[2018/09/25 20:11:00 __main__ INFO] - TEST 25
[2018/09/25 20:11:48 __main__ INFO] - - epoch 25    c10h_train    : 0.3896 (acc: 0.9162) | c10h_val    : 0.7274 (acc: 0.8090)
[2018/09/25 20:11:48 __main__ INFO] - -            c10h_train_c10: 0.2659 (acc: 0.9141) | c10h_val_c10: 0.6146 (acc: 0.8100)
[2018/09/25 20:11:48 __main__ INFO] - -            v4            : 0.8835 (acc: 0.7076) |           v6: 0.8891 (acc: 0.7180)
[2018/09/25 20:11:48 __main__ INFO] - -            c10_50k       : 0.5811 (acc: 0.8103)
[2018/09/25 20:11:48 __main__ INFO] - Elapsed 47.81
keys:  dict_keys(['epoch', 'c10h_train_loss', 'c10h_train_acc', 'c10h_val_loss', 'c10h_val_acc', 'c10h_train_c10_loss', 'c10h_train_c10_acc', 'c10h_val_c10_loss', 'c10h_val_c10_acc', 'v4_loss', 'v4_acc', 'v6_loss', 'v6_acc', 'c10_50k_loss', 'c10_50k_acc']) 
 c10h_outdir:  /tigress/ruairidh/model_results/run_1/saves/wrn_28_10/con_False_lr_0.1_seed_1
[2018/09/25 20:11:49 __main__ INFO] - Train 26
[2018/09/25 20:12:08 __main__ INFO] - TEST 26
[2018/09/25 20:12:56 __main__ INFO] - - epoch 26    c10h_train    : 0.4290 (acc: 0.8970) | c10h_val    : 0.7198 (acc: 0.8030)
[2018/09/25 20:12:56 __main__ INFO] - -            c10h_train_c10: 0.3173 (acc: 0.8946) | c10h_val_c10: 0.6133 (acc: 0.8030)
[2018/09/25 20:12:56 __main__ INFO] - -            v4            : 0.9931 (acc: 0.6685) |           v6: 1.0066 (acc: 0.6860)
[2018/09/25 20:12:56 __main__ INFO] - -            c10_50k       : 0.6154 (acc: 0.7965)
[2018/09/25 20:12:56 __main__ INFO] - Elapsed 48.09
keys:  dict_keys(['epoch', 'c10h_train_loss', 'c10h_train_acc', 'c10h_val_loss', 'c10h_val_acc', 'c10h_train_c10_loss', 'c10h_train_c10_acc', 'c10h_val_c10_loss', 'c10h_val_c10_acc', 'v4_loss', 'v4_acc', 'v6_loss', 'v6_acc', 'c10_50k_loss', 'c10_50k_acc']) 
 c10h_outdir:  /tigress/ruairidh/model_results/run_1/saves/wrn_28_10/con_False_lr_0.1_seed_1
[2018/09/25 20:12:58 __main__ INFO] - Train 27
[2018/09/25 20:13:17 __main__ INFO] - TEST 27
[2018/09/25 20:14:05 __main__ INFO] - - epoch 27    c10h_train    : 0.4417 (acc: 0.8920) | c10h_val    : 0.6864 (acc: 0.8160)
[2018/09/25 20:14:05 __main__ INFO] - -            c10h_train_c10: 0.3220 (acc: 0.8903) | c10h_val_c10: 0.5648 (acc: 0.8180)
[2018/09/25 20:14:05 __main__ INFO] - -            v4            : 0.9883 (acc: 0.6680) |           v6: 0.9992 (acc: 0.6800)
[2018/09/25 20:14:05 __main__ INFO] - -            c10_50k       : 0.6176 (acc: 0.7924)
[2018/09/25 20:14:05 __main__ INFO] - Elapsed 47.98
keys:  dict_keys(['epoch', 'c10h_train_loss', 'c10h_train_acc', 'c10h_val_loss', 'c10h_val_acc', 'c10h_train_c10_loss', 'c10h_train_c10_acc', 'c10h_val_c10_loss', 'c10h_val_c10_acc', 'v4_loss', 'v4_acc', 'v6_loss', 'v6_acc', 'c10_50k_loss', 'c10_50k_acc']) 
 c10h_outdir:  /tigress/ruairidh/model_results/run_1/saves/wrn_28_10/con_False_lr_0.1_seed_1
[2018/09/25 20:14:07 __main__ INFO] - Train 28
[2018/09/25 20:14:27 __main__ INFO] - TEST 28
[2018/09/25 20:15:15 __main__ INFO] - - epoch 28    c10h_train    : 0.3640 (acc: 0.9253) | c10h_val    : 0.6442 (acc: 0.8290)
[2018/09/25 20:15:15 __main__ INFO] - -            c10h_train_c10: 0.2365 (acc: 0.9238) | c10h_val_c10: 0.5167 (acc: 0.8320)
[2018/09/25 20:15:15 __main__ INFO] - -            v4            : 0.9038 (acc: 0.7041) |           v6: 0.9133 (acc: 0.7085)
[2018/09/25 20:15:15 __main__ INFO] - -            c10_50k       : 0.5506 (acc: 0.8177)
[2018/09/25 20:15:15 __main__ INFO] - Elapsed 47.96
keys:  dict_keys(['epoch', 'c10h_train_loss', 'c10h_train_acc', 'c10h_val_loss', 'c10h_val_acc', 'c10h_train_c10_loss', 'c10h_train_c10_acc', 'c10h_val_c10_loss', 'c10h_val_c10_acc', 'v4_loss', 'v4_acc', 'v6_loss', 'v6_acc', 'c10_50k_loss', 'c10_50k_acc']) 
 c10h_outdir:  /tigress/ruairidh/model_results/run_1/saves/wrn_28_10/con_False_lr_0.1_seed_1
[2018/09/25 20:15:16 __main__ INFO] - Train 29
[2018/09/25 20:15:36 __main__ INFO] - TEST 29
[2018/09/25 20:16:24 __main__ INFO] - - epoch 29    c10h_train    : 0.5213 (acc: 0.8610) | c10h_val    : 0.9419 (acc: 0.7490)
[2018/09/25 20:16:24 __main__ INFO] - -            c10h_train_c10: 0.3907 (acc: 0.8606) | c10h_val_c10: 0.8202 (acc: 0.7510)
[2018/09/25 20:16:24 __main__ INFO] - -            v4            : 1.1664 (acc: 0.6437) |           v6: 1.2486 (acc: 0.6330)
[2018/09/25 20:16:24 __main__ INFO] - -            c10_50k       : 0.7678 (acc: 0.7592)
[2018/09/25 20:16:24 __main__ INFO] - Elapsed 47.89
keys:  dict_keys(['epoch', 'c10h_train_loss', 'c10h_train_acc', 'c10h_val_loss', 'c10h_val_acc', 'c10h_train_c10_loss', 'c10h_train_c10_acc', 'c10h_val_c10_loss', 'c10h_val_c10_acc', 'v4_loss', 'v4_acc', 'v6_loss', 'v6_acc', 'c10_50k_loss', 'c10_50k_acc']) 
 c10h_outdir:  /tigress/ruairidh/model_results/run_1/saves/wrn_28_10/con_False_lr_0.1_seed_1
[2018/09/25 20:16:24 __main__ INFO] - Train 30
[2018/09/25 20:16:44 __main__ INFO] - TEST 30
[2018/09/25 20:17:31 __main__ INFO] - - epoch 30    c10h_train    : 0.3905 (acc: 0.9190) | c10h_val    : 0.6600 (acc: 0.8090)
[2018/09/25 20:17:31 __main__ INFO] - -            c10h_train_c10: 0.2596 (acc: 0.9187) | c10h_val_c10: 0.5346 (acc: 0.8110)
[2018/09/25 20:17:31 __main__ INFO] - -            v4            : 0.9937 (acc: 0.6833) |           v6: 0.9485 (acc: 0.6985)
[2018/09/25 20:17:31 __main__ INFO] - -            c10_50k       : 0.5919 (acc: 0.8057)
[2018/09/25 20:17:31 __main__ INFO] - Elapsed 47.88
keys:  dict_keys(['epoch', 'c10h_train_loss', 'c10h_train_acc', 'c10h_val_loss', 'c10h_val_acc', 'c10h_train_c10_loss', 'c10h_train_c10_acc', 'c10h_val_c10_loss', 'c10h_val_c10_acc', 'v4_loss', 'v4_acc', 'v6_loss', 'v6_acc', 'c10_50k_loss', 'c10_50k_acc']) 
 c10h_outdir:  /tigress/ruairidh/model_results/run_1/saves/wrn_28_10/con_False_lr_0.1_seed_1
[2018/09/25 20:17:32 __main__ INFO] - Train 31
[2018/09/25 20:17:52 __main__ INFO] - TEST 31
[2018/09/25 20:18:40 __main__ INFO] - - epoch 31    c10h_train    : 0.3900 (acc: 0.9126) | c10h_val    : 0.7060 (acc: 0.8040)
[2018/09/25 20:18:40 __main__ INFO] - -            c10h_train_c10: 0.2692 (acc: 0.9116) | c10h_val_c10: 0.5982 (acc: 0.8030)
[2018/09/25 20:18:40 __main__ INFO] - -            v4            : 0.9709 (acc: 0.6947) |           v6: 0.9419 (acc: 0.7095)
[2018/09/25 20:18:40 __main__ INFO] - -            c10_50k       : 0.5924 (acc: 0.8045)
[2018/09/25 20:18:40 __main__ INFO] - Elapsed 47.86
keys:  dict_keys(['epoch', 'c10h_train_loss', 'c10h_train_acc', 'c10h_val_loss', 'c10h_val_acc', 'c10h_train_c10_loss', 'c10h_train_c10_acc', 'c10h_val_c10_loss', 'c10h_val_c10_acc', 'v4_loss', 'v4_acc', 'v6_loss', 'v6_acc', 'c10_50k_loss', 'c10_50k_acc']) 
 c10h_outdir:  /tigress/ruairidh/model_results/run_1/saves/wrn_28_10/con_False_lr_0.1_seed_1
[2018/09/25 20:18:41 __main__ INFO] - Train 32
[2018/09/25 20:19:00 __main__ INFO] - TEST 32
[2018/09/25 20:19:48 __main__ INFO] - - epoch 32    c10h_train    : 0.5140 (acc: 0.8601) | c10h_val    : 0.7958 (acc: 0.7710)
[2018/09/25 20:19:48 __main__ INFO] - -            c10h_train_c10: 0.4005 (acc: 0.8581) | c10h_val_c10: 0.6879 (acc: 0.7720)
[2018/09/25 20:19:48 __main__ INFO] - -            v4            : 1.1835 (acc: 0.6244) |           v6: 1.1439 (acc: 0.6525)
[2018/09/25 20:19:48 __main__ INFO] - -            c10_50k       : 0.7280 (acc: 0.7556)
[2018/09/25 20:19:48 __main__ INFO] - Elapsed 47.89
keys:  dict_keys(['epoch', 'c10h_train_loss', 'c10h_train_acc', 'c10h_val_loss', 'c10h_val_acc', 'c10h_train_c10_loss', 'c10h_train_c10_acc', 'c10h_val_c10_loss', 'c10h_val_c10_acc', 'v4_loss', 'v4_acc', 'v6_loss', 'v6_acc', 'c10_50k_loss', 'c10_50k_acc']) 
 c10h_outdir:  /tigress/ruairidh/model_results/run_1/saves/wrn_28_10/con_False_lr_0.1_seed_1
[2018/09/25 20:19:50 __main__ INFO] - Train 33
[2018/09/25 20:20:09 __main__ INFO] - TEST 33
[2018/09/25 20:20:57 __main__ INFO] - - epoch 33    c10h_train    : 0.4811 (acc: 0.8757) | c10h_val    : 0.7172 (acc: 0.8010)
[2018/09/25 20:20:57 __main__ INFO] - -            c10h_train_c10: 0.3745 (acc: 0.8743) | c10h_val_c10: 0.6127 (acc: 0.8030)
[2018/09/25 20:20:57 __main__ INFO] - -            v4            : 1.1452 (acc: 0.6398) |           v6: 1.1778 (acc: 0.6415)
[2018/09/25 20:20:57 __main__ INFO] - -            c10_50k       : 0.6931 (acc: 0.7734)
[2018/09/25 20:20:57 __main__ INFO] - Elapsed 47.96
keys:  dict_keys(['epoch', 'c10h_train_loss', 'c10h_train_acc', 'c10h_val_loss', 'c10h_val_acc', 'c10h_train_c10_loss', 'c10h_train_c10_acc', 'c10h_val_c10_loss', 'c10h_val_c10_acc', 'v4_loss', 'v4_acc', 'v6_loss', 'v6_acc', 'c10_50k_loss', 'c10_50k_acc']) 
 c10h_outdir:  /tigress/ruairidh/model_results/run_1/saves/wrn_28_10/con_False_lr_0.1_seed_1
[2018/09/25 20:20:58 __main__ INFO] - Train 34
[2018/09/25 20:21:17 __main__ INFO] - TEST 34
[2018/09/25 20:22:05 __main__ INFO] - - epoch 34    c10h_train    : 0.3695 (acc: 0.9223) | c10h_val    : 0.6366 (acc: 0.8330)
[2018/09/25 20:22:05 __main__ INFO] - -            c10h_train_c10: 0.2409 (acc: 0.9210) | c10h_val_c10: 0.5057 (acc: 0.8350)
[2018/09/25 20:22:05 __main__ INFO] - -            v4            : 0.9784 (acc: 0.6813) |           v6: 0.9972 (acc: 0.6850)
[2018/09/25 20:22:05 __main__ INFO] - -            c10_50k       : 0.5628 (acc: 0.8120)
[2018/09/25 20:22:05 __main__ INFO] - Elapsed 47.81
keys:  dict_keys(['epoch', 'c10h_train_loss', 'c10h_train_acc', 'c10h_val_loss', 'c10h_val_acc', 'c10h_train_c10_loss', 'c10h_train_c10_acc', 'c10h_val_c10_loss', 'c10h_val_c10_acc', 'v4_loss', 'v4_acc', 'v6_loss', 'v6_acc', 'c10_50k_loss', 'c10_50k_acc']) 
 c10h_outdir:  /tigress/ruairidh/model_results/run_1/saves/wrn_28_10/con_False_lr_0.1_seed_1
[2018/09/25 20:22:05 __main__ INFO] - Train 35
[2018/09/25 20:22:25 __main__ INFO] - TEST 35
[2018/09/25 20:23:13 __main__ INFO] - - epoch 35    c10h_train    : 0.4813 (acc: 0.8769) | c10h_val    : 0.8537 (acc: 0.7750)
[2018/09/25 20:23:13 __main__ INFO] - -            c10h_train_c10: 0.3524 (acc: 0.8770) | c10h_val_c10: 0.7346 (acc: 0.7770)
[2018/09/25 20:23:13 __main__ INFO] - -            v4            : 1.1659 (acc: 0.6546) |           v6: 1.2289 (acc: 0.6510)
[2018/09/25 20:23:13 __main__ INFO] - -            c10_50k       : 0.7214 (acc: 0.7701)
[2018/09/25 20:23:13 __main__ INFO] - Elapsed 48.09
keys:  dict_keys(['epoch', 'c10h_train_loss', 'c10h_train_acc', 'c10h_val_loss', 'c10h_val_acc', 'c10h_train_c10_loss', 'c10h_train_c10_acc', 'c10h_val_c10_loss', 'c10h_val_c10_acc', 'v4_loss', 'v4_acc', 'v6_loss', 'v6_acc', 'c10_50k_loss', 'c10_50k_acc']) 
 c10h_outdir:  /tigress/ruairidh/model_results/run_1/saves/wrn_28_10/con_False_lr_0.1_seed_1
[2018/09/25 20:23:13 __main__ INFO] - Train 36
[2018/09/25 20:23:33 __main__ INFO] - TEST 36
[2018/09/25 20:24:21 __main__ INFO] - - epoch 36    c10h_train    : 0.4803 (acc: 0.8764) | c10h_val    : 0.7870 (acc: 0.7670)
[2018/09/25 20:24:21 __main__ INFO] - -            c10h_train_c10: 0.3567 (acc: 0.8750) | c10h_val_c10: 0.6677 (acc: 0.7690)
[2018/09/25 20:24:21 __main__ INFO] - -            v4            : 1.0214 (acc: 0.6739) |           v6: 0.9927 (acc: 0.6810)
[2018/09/25 20:24:21 __main__ INFO] - -            c10_50k       : 0.6878 (acc: 0.7697)
[2018/09/25 20:24:21 __main__ INFO] - Elapsed 48.14
keys:  dict_keys(['epoch', 'c10h_train_loss', 'c10h_train_acc', 'c10h_val_loss', 'c10h_val_acc', 'c10h_train_c10_loss', 'c10h_train_c10_acc', 'c10h_val_c10_loss', 'c10h_val_c10_acc', 'v4_loss', 'v4_acc', 'v6_loss', 'v6_acc', 'c10_50k_loss', 'c10_50k_acc']) 
 c10h_outdir:  /tigress/ruairidh/model_results/run_1/saves/wrn_28_10/con_False_lr_0.1_seed_1
[2018/09/25 20:24:22 __main__ INFO] - Train 37
[2018/09/25 20:24:41 __main__ INFO] - TEST 37
[2018/09/25 20:25:30 __main__ INFO] - - epoch 37    c10h_train    : 0.4429 (acc: 0.9012) | c10h_val    : 0.7928 (acc: 0.7810)
[2018/09/25 20:25:30 __main__ INFO] - -            c10h_train_c10: 0.3043 (acc: 0.9007) | c10h_val_c10: 0.6563 (acc: 0.7830)
[2018/09/25 20:25:30 __main__ INFO] - -            v4            : 0.9920 (acc: 0.6680) |           v6: 1.0395 (acc: 0.6830)
[2018/09/25 20:25:30 __main__ INFO] - -            c10_50k       : 0.6465 (acc: 0.7921)
[2018/09/25 20:25:30 __main__ INFO] - Elapsed 48.34
keys:  dict_keys(['epoch', 'c10h_train_loss', 'c10h_train_acc', 'c10h_val_loss', 'c10h_val_acc', 'c10h_train_c10_loss', 'c10h_train_c10_acc', 'c10h_val_c10_loss', 'c10h_val_c10_acc', 'v4_loss', 'v4_acc', 'v6_loss', 'v6_acc', 'c10_50k_loss', 'c10_50k_acc']) 
 c10h_outdir:  /tigress/ruairidh/model_results/run_1/saves/wrn_28_10/con_False_lr_0.1_seed_1
[2018/09/25 20:25:33 __main__ INFO] - Train 38
[2018/09/25 20:25:53 __main__ INFO] - TEST 38
[2018/09/25 20:26:41 __main__ INFO] - - epoch 38    c10h_train    : 0.4127 (acc: 0.9058) | c10h_val    : 0.7837 (acc: 0.8010)
[2018/09/25 20:26:41 __main__ INFO] - -            c10h_train_c10: 0.2802 (acc: 0.9038) | c10h_val_c10: 0.6606 (acc: 0.7990)
[2018/09/25 20:26:41 __main__ INFO] - -            v4            : 1.0602 (acc: 0.6769) |           v6: 1.0733 (acc: 0.6880)
[2018/09/25 20:26:41 __main__ INFO] - -            c10_50k       : 0.6407 (acc: 0.7978)
[2018/09/25 20:26:41 __main__ INFO] - Elapsed 48.14
keys:  dict_keys(['epoch', 'c10h_train_loss', 'c10h_train_acc', 'c10h_val_loss', 'c10h_val_acc', 'c10h_train_c10_loss', 'c10h_train_c10_acc', 'c10h_val_c10_loss', 'c10h_val_c10_acc', 'v4_loss', 'v4_acc', 'v6_loss', 'v6_acc', 'c10_50k_loss', 'c10_50k_acc']) 
 c10h_outdir:  /tigress/ruairidh/model_results/run_1/saves/wrn_28_10/con_False_lr_0.1_seed_1
[2018/09/25 20:26:42 __main__ INFO] - Train 39
[2018/09/25 20:27:02 __main__ INFO] - TEST 39
[2018/09/25 20:27:50 __main__ INFO] - - epoch 39    c10h_train    : 0.3796 (acc: 0.9238) | c10h_val    : 0.6458 (acc: 0.8300)
[2018/09/25 20:27:50 __main__ INFO] - -            c10h_train_c10: 0.2457 (acc: 0.9228) | c10h_val_c10: 0.5176 (acc: 0.8300)
[2018/09/25 20:27:50 __main__ INFO] - -            v4            : 0.9299 (acc: 0.7021) |           v6: 0.9571 (acc: 0.6990)
[2018/09/25 20:27:50 __main__ INFO] - -            c10_50k       : 0.5855 (acc: 0.8090)
[2018/09/25 20:27:50 __main__ INFO] - Elapsed 47.58
keys:  dict_keys(['epoch', 'c10h_train_loss', 'c10h_train_acc', 'c10h_val_loss', 'c10h_val_acc', 'c10h_train_c10_loss', 'c10h_train_c10_acc', 'c10h_val_c10_loss', 'c10h_val_c10_acc', 'v4_loss', 'v4_acc', 'v6_loss', 'v6_acc', 'c10_50k_loss', 'c10_50k_acc']) 
 c10h_outdir:  /tigress/ruairidh/model_results/run_1/saves/wrn_28_10/con_False_lr_0.1_seed_1
[2018/09/25 20:27:52 __main__ INFO] - Train 40
[2018/09/25 20:28:11 __main__ INFO] - TEST 40
[2018/09/25 20:28:59 __main__ INFO] - - epoch 40    c10h_train    : 0.3358 (acc: 0.9328) | c10h_val    : 0.6358 (acc: 0.8260)
[2018/09/25 20:28:59 __main__ INFO] - -            c10h_train_c10: 0.2153 (acc: 0.9300) | c10h_val_c10: 0.5187 (acc: 0.8280)
[2018/09/25 20:28:59 __main__ INFO] - -            v4            : 0.9462 (acc: 0.6992) |           v6: 0.9467 (acc: 0.7010)
[2018/09/25 20:28:59 __main__ INFO] - -            c10_50k       : 0.5429 (acc: 0.8189)
[2018/09/25 20:28:59 __main__ INFO] - Elapsed 47.81
keys:  dict_keys(['epoch', 'c10h_train_loss', 'c10h_train_acc', 'c10h_val_loss', 'c10h_val_acc', 'c10h_train_c10_loss', 'c10h_train_c10_acc', 'c10h_val_c10_loss', 'c10h_val_c10_acc', 'v4_loss', 'v4_acc', 'v6_loss', 'v6_acc', 'c10_50k_loss', 'c10_50k_acc']) 
 c10h_outdir:  /tigress/ruairidh/model_results/run_1/saves/wrn_28_10/con_False_lr_0.1_seed_1
[2018/09/25 20:29:01 __main__ INFO] - Train 41
[2018/09/25 20:29:21 __main__ INFO] - TEST 41
[2018/09/25 20:30:09 __main__ INFO] - - epoch 41    c10h_train    : 0.4224 (acc: 0.9030) | c10h_val    : 0.8891 (acc: 0.7740)
[2018/09/25 20:30:09 __main__ INFO] - -            c10h_train_c10: 0.2930 (acc: 0.9008) | c10h_val_c10: 0.7708 (acc: 0.7740)
[2018/09/25 20:30:09 __main__ INFO] - -            v4            : 1.1005 (acc: 0.6690) |           v6: 1.2099 (acc: 0.6585)
[2018/09/25 20:30:09 __main__ INFO] - -            c10_50k       : 0.6873 (acc: 0.7839)
[2018/09/25 20:30:09 __main__ INFO] - Elapsed 47.79
keys:  dict_keys(['epoch', 'c10h_train_loss', 'c10h_train_acc', 'c10h_val_loss', 'c10h_val_acc', 'c10h_train_c10_loss', 'c10h_train_c10_acc', 'c10h_val_c10_loss', 'c10h_val_c10_acc', 'v4_loss', 'v4_acc', 'v6_loss', 'v6_acc', 'c10_50k_loss', 'c10_50k_acc']) 
 c10h_outdir:  /tigress/ruairidh/model_results/run_1/saves/wrn_28_10/con_False_lr_0.1_seed_1
[2018/09/25 20:30:12 __main__ INFO] - Train 42
[2018/09/25 20:30:32 __main__ INFO] - TEST 42
[2018/09/25 20:31:20 __main__ INFO] - - epoch 42    c10h_train    : 0.3518 (acc: 0.9301) | c10h_val    : 0.6966 (acc: 0.8140)
[2018/09/25 20:31:20 __main__ INFO] - -            c10h_train_c10: 0.2379 (acc: 0.9266) | c10h_val_c10: 0.5880 (acc: 0.8150)
[2018/09/25 20:31:20 __main__ INFO] - -            v4            : 0.9335 (acc: 0.6947) |           v6: 0.9377 (acc: 0.7025)
[2018/09/25 20:31:20 __main__ INFO] - -            c10_50k       : 0.5768 (acc: 0.8068)
[2018/09/25 20:31:20 __main__ INFO] - Elapsed 47.80
keys:  dict_keys(['epoch', 'c10h_train_loss', 'c10h_train_acc', 'c10h_val_loss', 'c10h_val_acc', 'c10h_train_c10_loss', 'c10h_train_c10_acc', 'c10h_val_c10_loss', 'c10h_val_c10_acc', 'v4_loss', 'v4_acc', 'v6_loss', 'v6_acc', 'c10_50k_loss', 'c10_50k_acc']) 
 c10h_outdir:  /tigress/ruairidh/model_results/run_1/saves/wrn_28_10/con_False_lr_0.1_seed_1
[2018/09/25 20:31:22 __main__ INFO] - Train 43
[2018/09/25 20:31:41 __main__ INFO] - TEST 43
[2018/09/25 20:32:29 __main__ INFO] - - epoch 43    c10h_train    : 0.4244 (acc: 0.9016) | c10h_val    : 0.7445 (acc: 0.8060)
[2018/09/25 20:32:29 __main__ INFO] - -            c10h_train_c10: 0.2953 (acc: 0.9002) | c10h_val_c10: 0.6244 (acc: 0.8060)
[2018/09/25 20:32:29 __main__ INFO] - -            v4            : 1.0863 (acc: 0.6531) |           v6: 1.0664 (acc: 0.6820)
[2018/09/25 20:32:29 __main__ INFO] - -            c10_50k       : 0.6329 (acc: 0.7950)
[2018/09/25 20:32:29 __main__ INFO] - Elapsed 47.71
keys:  dict_keys(['epoch', 'c10h_train_loss', 'c10h_train_acc', 'c10h_val_loss', 'c10h_val_acc', 'c10h_train_c10_loss', 'c10h_train_c10_acc', 'c10h_val_c10_loss', 'c10h_val_c10_acc', 'v4_loss', 'v4_acc', 'v6_loss', 'v6_acc', 'c10_50k_loss', 'c10_50k_acc']) 
 c10h_outdir:  /tigress/ruairidh/model_results/run_1/saves/wrn_28_10/con_False_lr_0.1_seed_1
[2018/09/25 20:32:32 __main__ INFO] - Train 44
[2018/09/25 20:32:51 __main__ INFO] - TEST 44
[2018/09/25 20:33:39 __main__ INFO] - - epoch 44    c10h_train    : 0.4263 (acc: 0.8993) | c10h_val    : 0.7516 (acc: 0.8010)
[2018/09/25 20:33:39 __main__ INFO] - -            c10h_train_c10: 0.2931 (acc: 0.8982) | c10h_val_c10: 0.6212 (acc: 0.8030)
[2018/09/25 20:33:39 __main__ INFO] - -            v4            : 1.1113 (acc: 0.6655) |           v6: 1.1298 (acc: 0.6820)
[2018/09/25 20:33:39 __main__ INFO] - -            c10_50k       : 0.6602 (acc: 0.7899)
[2018/09/25 20:33:39 __main__ INFO] - Elapsed 47.64
keys:  dict_keys(['epoch', 'c10h_train_loss', 'c10h_train_acc', 'c10h_val_loss', 'c10h_val_acc', 'c10h_train_c10_loss', 'c10h_train_c10_acc', 'c10h_val_c10_loss', 'c10h_val_c10_acc', 'v4_loss', 'v4_acc', 'v6_loss', 'v6_acc', 'c10_50k_loss', 'c10_50k_acc']) 
 c10h_outdir:  /tigress/ruairidh/model_results/run_1/saves/wrn_28_10/con_False_lr_0.1_seed_1
[2018/09/25 20:33:41 __main__ INFO] - Train 45
[2018/09/25 20:34:01 __main__ INFO] - TEST 45
[2018/09/25 20:34:49 __main__ INFO] - - epoch 45    c10h_train    : 0.4402 (acc: 0.8947) | c10h_val    : 0.8707 (acc: 0.7610)
[2018/09/25 20:34:49 __main__ INFO] - -            c10h_train_c10: 0.3101 (acc: 0.8930) | c10h_val_c10: 0.7595 (acc: 0.7640)
[2018/09/25 20:34:49 __main__ INFO] - -            v4            : 1.1964 (acc: 0.6358) |           v6: 1.2772 (acc: 0.6390)
[2018/09/25 20:34:49 __main__ INFO] - -            c10_50k       : 0.7380 (acc: 0.7695)
[2018/09/25 20:34:49 __main__ INFO] - Elapsed 47.88
keys:  dict_keys(['epoch', 'c10h_train_loss', 'c10h_train_acc', 'c10h_val_loss', 'c10h_val_acc', 'c10h_train_c10_loss', 'c10h_train_c10_acc', 'c10h_val_c10_loss', 'c10h_val_c10_acc', 'v4_loss', 'v4_acc', 'v6_loss', 'v6_acc', 'c10_50k_loss', 'c10_50k_acc']) 
 c10h_outdir:  /tigress/ruairidh/model_results/run_1/saves/wrn_28_10/con_False_lr_0.1_seed_1
[2018/09/25 20:34:50 __main__ INFO] - Train 46
[2018/09/25 20:35:10 __main__ INFO] - TEST 46
[2018/09/25 20:35:58 __main__ INFO] - - epoch 46    c10h_train    : 0.3792 (acc: 0.9198) | c10h_val    : 0.7227 (acc: 0.8120)
[2018/09/25 20:35:58 __main__ INFO] - -            c10h_train_c10: 0.2528 (acc: 0.9194) | c10h_val_c10: 0.6041 (acc: 0.8140)
[2018/09/25 20:35:58 __main__ INFO] - -            v4            : 0.9570 (acc: 0.7021) |           v6: 0.9990 (acc: 0.6885)
[2018/09/25 20:35:58 __main__ INFO] - -            c10_50k       : 0.6106 (acc: 0.8054)
[2018/09/25 20:35:58 __main__ INFO] - Elapsed 47.90
keys:  dict_keys(['epoch', 'c10h_train_loss', 'c10h_train_acc', 'c10h_val_loss', 'c10h_val_acc', 'c10h_train_c10_loss', 'c10h_train_c10_acc', 'c10h_val_c10_loss', 'c10h_val_c10_acc', 'v4_loss', 'v4_acc', 'v6_loss', 'v6_acc', 'c10_50k_loss', 'c10_50k_acc']) 
 c10h_outdir:  /tigress/ruairidh/model_results/run_1/saves/wrn_28_10/con_False_lr_0.1_seed_1
[2018/09/25 20:36:00 __main__ INFO] - Train 47
[2018/09/25 20:36:19 __main__ INFO] - TEST 47
[2018/09/25 20:37:07 __main__ INFO] - - epoch 47    c10h_train    : 0.3666 (acc: 0.9281) | c10h_val    : 0.6271 (acc: 0.8280)
[2018/09/25 20:37:07 __main__ INFO] - -            c10h_train_c10: 0.2510 (acc: 0.9261) | c10h_val_c10: 0.5152 (acc: 0.8300)
[2018/09/25 20:37:07 __main__ INFO] - -            v4            : 0.9511 (acc: 0.6912) |           v6: 0.9260 (acc: 0.7150)
[2018/09/25 20:37:07 __main__ INFO] - -            c10_50k       : 0.5746 (acc: 0.8084)
[2018/09/25 20:37:07 __main__ INFO] - Elapsed 47.95
keys:  dict_keys(['epoch', 'c10h_train_loss', 'c10h_train_acc', 'c10h_val_loss', 'c10h_val_acc', 'c10h_train_c10_loss', 'c10h_train_c10_acc', 'c10h_val_c10_loss', 'c10h_val_c10_acc', 'v4_loss', 'v4_acc', 'v6_loss', 'v6_acc', 'c10_50k_loss', 'c10_50k_acc']) 
 c10h_outdir:  /tigress/ruairidh/model_results/run_1/saves/wrn_28_10/con_False_lr_0.1_seed_1
[2018/09/25 20:37:09 __main__ INFO] - Train 48
[2018/09/25 20:37:28 __main__ INFO] - TEST 48
[2018/09/25 20:38:16 __main__ INFO] - - epoch 48    c10h_train    : 0.3591 (acc: 0.9291) | c10h_val    : 0.7113 (acc: 0.8090)
[2018/09/25 20:38:16 __main__ INFO] - -            c10h_train_c10: 0.2323 (acc: 0.9280) | c10h_val_c10: 0.5857 (acc: 0.8100)
[2018/09/25 20:38:16 __main__ INFO] - -            v4            : 0.9672 (acc: 0.6907) |           v6: 0.9456 (acc: 0.7180)
[2018/09/25 20:38:16 __main__ INFO] - -            c10_50k       : 0.5692 (acc: 0.8118)
[2018/09/25 20:38:16 __main__ INFO] - Elapsed 47.62
keys:  dict_keys(['epoch', 'c10h_train_loss', 'c10h_train_acc', 'c10h_val_loss', 'c10h_val_acc', 'c10h_train_c10_loss', 'c10h_train_c10_acc', 'c10h_val_c10_loss', 'c10h_val_c10_acc', 'v4_loss', 'v4_acc', 'v6_loss', 'v6_acc', 'c10_50k_loss', 'c10_50k_acc']) 
 c10h_outdir:  /tigress/ruairidh/model_results/run_1/saves/wrn_28_10/con_False_lr_0.1_seed_1
[2018/09/25 20:38:20 __main__ INFO] - Train 49
[2018/09/25 20:38:40 __main__ INFO] - TEST 49
[2018/09/25 20:39:28 __main__ INFO] - - epoch 49    c10h_train    : 0.3325 (acc: 0.9396) | c10h_val    : 0.7015 (acc: 0.8140)
[2018/09/25 20:39:28 __main__ INFO] - -            c10h_train_c10: 0.1948 (acc: 0.9371) | c10h_val_c10: 0.5752 (acc: 0.8160)
[2018/09/25 20:39:28 __main__ INFO] - -            v4            : 0.9315 (acc: 0.6987) |           v6: 1.0122 (acc: 0.6930)
[2018/09/25 20:39:28 __main__ INFO] - -            c10_50k       : 0.5459 (acc: 0.8188)
[2018/09/25 20:39:28 __main__ INFO] - Elapsed 47.82
keys:  dict_keys(['epoch', 'c10h_train_loss', 'c10h_train_acc', 'c10h_val_loss', 'c10h_val_acc', 'c10h_train_c10_loss', 'c10h_train_c10_acc', 'c10h_val_c10_loss', 'c10h_val_c10_acc', 'v4_loss', 'v4_acc', 'v6_loss', 'v6_acc', 'c10_50k_loss', 'c10_50k_acc']) 
 c10h_outdir:  /tigress/ruairidh/model_results/run_1/saves/wrn_28_10/con_False_lr_0.1_seed_1
[2018/09/25 20:39:29 __main__ INFO] - Train 50
[2018/09/25 20:39:48 __main__ INFO] - TEST 50
[2018/09/25 20:40:36 __main__ INFO] - - epoch 50    c10h_train    : 0.3553 (acc: 0.9264) | c10h_val    : 0.6842 (acc: 0.8250)
[2018/09/25 20:40:37 __main__ INFO] - -            c10h_train_c10: 0.2245 (acc: 0.9249) | c10h_val_c10: 0.5616 (acc: 0.8250)
[2018/09/25 20:40:37 __main__ INFO] - -            v4            : 0.8992 (acc: 0.7115) |           v6: 0.9073 (acc: 0.7200)
[2018/09/25 20:40:37 __main__ INFO] - -            c10_50k       : 0.5834 (acc: 0.8100)
[2018/09/25 20:40:37 __main__ INFO] - Elapsed 48.08
keys:  dict_keys(['epoch', 'c10h_train_loss', 'c10h_train_acc', 'c10h_val_loss', 'c10h_val_acc', 'c10h_train_c10_loss', 'c10h_train_c10_acc', 'c10h_val_c10_loss', 'c10h_val_c10_acc', 'v4_loss', 'v4_acc', 'v6_loss', 'v6_acc', 'c10_50k_loss', 'c10_50k_acc']) 
 c10h_outdir:  /tigress/ruairidh/model_results/run_1/saves/wrn_28_10/con_False_lr_0.1_seed_1
[2018/09/25 20:40:42 __main__ INFO] - Train 51
[2018/09/25 20:41:01 __main__ INFO] - TEST 51
[2018/09/25 20:41:49 __main__ INFO] - - epoch 51    c10h_train    : 0.3892 (acc: 0.9100) | c10h_val    : 0.7533 (acc: 0.7950)
[2018/09/25 20:41:50 __main__ INFO] - -            c10h_train_c10: 0.2589 (acc: 0.9107) | c10h_val_c10: 0.6342 (acc: 0.7970)
[2018/09/25 20:41:50 __main__ INFO] - -            v4            : 0.9955 (acc: 0.6858) |           v6: 1.0536 (acc: 0.6815)
[2018/09/25 20:41:50 __main__ INFO] - -            c10_50k       : 0.6071 (acc: 0.8039)
[2018/09/25 20:41:50 __main__ INFO] - Elapsed 48.14
keys:  dict_keys(['epoch', 'c10h_train_loss', 'c10h_train_acc', 'c10h_val_loss', 'c10h_val_acc', 'c10h_train_c10_loss', 'c10h_train_c10_acc', 'c10h_val_c10_loss', 'c10h_val_c10_acc', 'v4_loss', 'v4_acc', 'v6_loss', 'v6_acc', 'c10_50k_loss', 'c10_50k_acc']) 
 c10h_outdir:  /tigress/ruairidh/model_results/run_1/saves/wrn_28_10/con_False_lr_0.1_seed_1
[2018/09/25 20:41:52 __main__ INFO] - Train 52
[2018/09/25 20:42:12 __main__ INFO] - TEST 52
[2018/09/25 20:43:00 __main__ INFO] - - epoch 52    c10h_train    : 0.3565 (acc: 0.9231) | c10h_val    : 0.6708 (acc: 0.8070)
[2018/09/25 20:43:00 __main__ INFO] - -            c10h_train_c10: 0.2351 (acc: 0.9202) | c10h_val_c10: 0.5558 (acc: 0.8060)
[2018/09/25 20:43:00 __main__ INFO] - -            v4            : 0.9799 (acc: 0.6863) |           v6: 0.9667 (acc: 0.6985)
[2018/09/25 20:43:00 __main__ INFO] - -            c10_50k       : 0.5795 (acc: 0.8052)
[2018/09/25 20:43:00 __main__ INFO] - Elapsed 48.27
keys:  dict_keys(['epoch', 'c10h_train_loss', 'c10h_train_acc', 'c10h_val_loss', 'c10h_val_acc', 'c10h_train_c10_loss', 'c10h_train_c10_acc', 'c10h_val_c10_loss', 'c10h_val_c10_acc', 'v4_loss', 'v4_acc', 'v6_loss', 'v6_acc', 'c10_50k_loss', 'c10_50k_acc']) 
 c10h_outdir:  /tigress/ruairidh/model_results/run_1/saves/wrn_28_10/con_False_lr_0.1_seed_1
[2018/09/25 20:43:01 __main__ INFO] - Train 53
[2018/09/25 20:43:20 __main__ INFO] - TEST 53
[2018/09/25 20:44:08 __main__ INFO] - - epoch 53    c10h_train    : 0.3142 (acc: 0.9458) | c10h_val    : 0.6566 (acc: 0.8330)
[2018/09/25 20:44:08 __main__ INFO] - -            c10h_train_c10: 0.1763 (acc: 0.9443) | c10h_val_c10: 0.5289 (acc: 0.8320)
[2018/09/25 20:44:08 __main__ INFO] - -            v4            : 0.9635 (acc: 0.7046) |           v6: 0.9346 (acc: 0.7270)
[2018/09/25 20:44:08 __main__ INFO] - -            c10_50k       : 0.5228 (acc: 0.8271)
[2018/09/25 20:44:08 __main__ INFO] - Elapsed 47.89
keys:  dict_keys(['epoch', 'c10h_train_loss', 'c10h_train_acc', 'c10h_val_loss', 'c10h_val_acc', 'c10h_train_c10_loss', 'c10h_train_c10_acc', 'c10h_val_c10_loss', 'c10h_val_c10_acc', 'v4_loss', 'v4_acc', 'v6_loss', 'v6_acc', 'c10_50k_loss', 'c10_50k_acc']) 
 c10h_outdir:  /tigress/ruairidh/model_results/run_1/saves/wrn_28_10/con_False_lr_0.1_seed_1
[2018/09/25 20:44:11 __main__ INFO] - Train 54
[2018/09/25 20:44:30 __main__ INFO] - TEST 54
[2018/09/25 20:45:18 __main__ INFO] - - epoch 54    c10h_train    : 0.3932 (acc: 0.9157) | c10h_val    : 0.7257 (acc: 0.8030)
[2018/09/25 20:45:18 __main__ INFO] - -            c10h_train_c10: 0.2584 (acc: 0.9138) | c10h_val_c10: 0.6035 (acc: 0.8030)
[2018/09/25 20:45:18 __main__ INFO] - -            v4            : 0.9377 (acc: 0.7006) |           v6: 0.9407 (acc: 0.7155)
[2018/09/25 20:45:18 __main__ INFO] - -            c10_50k       : 0.5928 (acc: 0.8087)
[2018/09/25 20:45:18 __main__ INFO] - Elapsed 48.08
keys:  dict_keys(['epoch', 'c10h_train_loss', 'c10h_train_acc', 'c10h_val_loss', 'c10h_val_acc', 'c10h_train_c10_loss', 'c10h_train_c10_acc', 'c10h_val_c10_loss', 'c10h_val_c10_acc', 'v4_loss', 'v4_acc', 'v6_loss', 'v6_acc', 'c10_50k_loss', 'c10_50k_acc']) 
 c10h_outdir:  /tigress/ruairidh/model_results/run_1/saves/wrn_28_10/con_False_lr_0.1_seed_1
[2018/09/25 20:45:19 __main__ INFO] - Train 55
[2018/09/25 20:45:38 __main__ INFO] - TEST 55
[2018/09/25 20:46:26 __main__ INFO] - - epoch 55    c10h_train    : 0.4623 (acc: 0.8818) | c10h_val    : 0.9158 (acc: 0.7700)
[2018/09/25 20:46:26 __main__ INFO] - -            c10h_train_c10: 0.3401 (acc: 0.8803) | c10h_val_c10: 0.8009 (acc: 0.7730)
[2018/09/25 20:46:26 __main__ INFO] - -            v4            : 1.1283 (acc: 0.6576) |           v6: 1.2207 (acc: 0.6465)
[2018/09/25 20:46:26 __main__ INFO] - -            c10_50k       : 0.7155 (acc: 0.7764)
[2018/09/25 20:46:26 __main__ INFO] - Elapsed 47.85
keys:  dict_keys(['epoch', 'c10h_train_loss', 'c10h_train_acc', 'c10h_val_loss', 'c10h_val_acc', 'c10h_train_c10_loss', 'c10h_train_c10_acc', 'c10h_val_c10_loss', 'c10h_val_c10_acc', 'v4_loss', 'v4_acc', 'v6_loss', 'v6_acc', 'c10_50k_loss', 'c10_50k_acc']) 
 c10h_outdir:  /tigress/ruairidh/model_results/run_1/saves/wrn_28_10/con_False_lr_0.1_seed_1
[2018/09/25 20:46:28 __main__ INFO] - Train 56
[2018/09/25 20:46:48 __main__ INFO] - TEST 56
[2018/09/25 20:47:36 __main__ INFO] - - epoch 56    c10h_train    : 0.4017 (acc: 0.9140) | c10h_val    : 0.6846 (acc: 0.8270)
[2018/09/25 20:47:36 __main__ INFO] - -            c10h_train_c10: 0.2759 (acc: 0.9124) | c10h_val_c10: 0.5712 (acc: 0.8280)
[2018/09/25 20:47:36 __main__ INFO] - -            v4            : 1.0982 (acc: 0.6705) |           v6: 1.0611 (acc: 0.6825)
[2018/09/25 20:47:36 __main__ INFO] - -            c10_50k       : 0.6303 (acc: 0.8041)
[2018/09/25 20:47:36 __main__ INFO] - Elapsed 47.89
keys:  dict_keys(['epoch', 'c10h_train_loss', 'c10h_train_acc', 'c10h_val_loss', 'c10h_val_acc', 'c10h_train_c10_loss', 'c10h_train_c10_acc', 'c10h_val_c10_loss', 'c10h_val_c10_acc', 'v4_loss', 'v4_acc', 'v6_loss', 'v6_acc', 'c10_50k_loss', 'c10_50k_acc']) 
 c10h_outdir:  /tigress/ruairidh/model_results/run_1/saves/wrn_28_10/con_False_lr_0.1_seed_1
[2018/09/25 20:47:37 __main__ INFO] - Train 57
[2018/09/25 20:47:57 __main__ INFO] - TEST 57
[2018/09/25 20:48:45 __main__ INFO] - - epoch 57    c10h_train    : 0.4570 (acc: 0.8864) | c10h_val    : 0.8808 (acc: 0.7700)
[2018/09/25 20:48:45 __main__ INFO] - -            c10h_train_c10: 0.3310 (acc: 0.8847) | c10h_val_c10: 0.7763 (acc: 0.7690)
[2018/09/25 20:48:45 __main__ INFO] - -            v4            : 1.0806 (acc: 0.6719) |           v6: 1.1330 (acc: 0.6725)
[2018/09/25 20:48:45 __main__ INFO] - -            c10_50k       : 0.7014 (acc: 0.7827)
[2018/09/25 20:48:45 __main__ INFO] - Elapsed 48.02
keys:  dict_keys(['epoch', 'c10h_train_loss', 'c10h_train_acc', 'c10h_val_loss', 'c10h_val_acc', 'c10h_train_c10_loss', 'c10h_train_c10_acc', 'c10h_val_c10_loss', 'c10h_val_c10_acc', 'v4_loss', 'v4_acc', 'v6_loss', 'v6_acc', 'c10_50k_loss', 'c10_50k_acc']) 
 c10h_outdir:  /tigress/ruairidh/model_results/run_1/saves/wrn_28_10/con_False_lr_0.1_seed_1
[2018/09/25 20:48:45 __main__ INFO] - Train 58
[2018/09/25 20:49:05 __main__ INFO] - TEST 58
[2018/09/25 20:49:53 __main__ INFO] - - epoch 58    c10h_train    : 0.3670 (acc: 0.9237) | c10h_val    : 0.6791 (acc: 0.8240)
[2018/09/25 20:49:53 __main__ INFO] - -            c10h_train_c10: 0.2395 (acc: 0.9234) | c10h_val_c10: 0.5536 (acc: 0.8240)
[2018/09/25 20:49:53 __main__ INFO] - -            v4            : 1.0200 (acc: 0.6749) |           v6: 1.0766 (acc: 0.6785)
[2018/09/25 20:49:53 __main__ INFO] - -            c10_50k       : 0.5842 (acc: 0.8071)
[2018/09/25 20:49:53 __main__ INFO] - Elapsed 48.05
keys:  dict_keys(['epoch', 'c10h_train_loss', 'c10h_train_acc', 'c10h_val_loss', 'c10h_val_acc', 'c10h_train_c10_loss', 'c10h_train_c10_acc', 'c10h_val_c10_loss', 'c10h_val_c10_acc', 'v4_loss', 'v4_acc', 'v6_loss', 'v6_acc', 'c10_50k_loss', 'c10_50k_acc']) 
 c10h_outdir:  /tigress/ruairidh/model_results/run_1/saves/wrn_28_10/con_False_lr_0.1_seed_1
[2018/09/25 20:49:56 __main__ INFO] - Train 59
[2018/09/25 20:50:15 __main__ INFO] - TEST 59
[2018/09/25 20:51:03 __main__ INFO] - - epoch 59    c10h_train    : 0.4681 (acc: 0.8862) | c10h_val    : 0.8819 (acc: 0.7820)
[2018/09/25 20:51:03 __main__ INFO] - -            c10h_train_c10: 0.3434 (acc: 0.8846) | c10h_val_c10: 0.7698 (acc: 0.7810)
[2018/09/25 20:51:03 __main__ INFO] - -            v4            : 1.1396 (acc: 0.6452) |           v6: 1.1476 (acc: 0.6645)
[2018/09/25 20:51:03 __main__ INFO] - -            c10_50k       : 0.7151 (acc: 0.7756)
[2018/09/25 20:51:03 __main__ INFO] - Elapsed 47.90
keys:  dict_keys(['epoch', 'c10h_train_loss', 'c10h_train_acc', 'c10h_val_loss', 'c10h_val_acc', 'c10h_train_c10_loss', 'c10h_train_c10_acc', 'c10h_val_c10_loss', 'c10h_val_c10_acc', 'v4_loss', 'v4_acc', 'v6_loss', 'v6_acc', 'c10_50k_loss', 'c10_50k_acc']) 
 c10h_outdir:  /tigress/ruairidh/model_results/run_1/saves/wrn_28_10/con_False_lr_0.1_seed_1
[2018/09/25 20:51:05 __main__ INFO] - Train 60
[2018/09/25 20:51:24 __main__ INFO] - TEST 60
[2018/09/25 20:52:12 __main__ INFO] - - epoch 60    c10h_train    : 0.3779 (acc: 0.9209) | c10h_val    : 0.6633 (acc: 0.8280)
[2018/09/25 20:52:13 __main__ INFO] - -            c10h_train_c10: 0.2595 (acc: 0.9196) | c10h_val_c10: 0.5489 (acc: 0.8280)
[2018/09/25 20:52:13 __main__ INFO] - -            v4            : 0.9828 (acc: 0.6853) |           v6: 1.0074 (acc: 0.6935)
[2018/09/25 20:52:13 __main__ INFO] - -            c10_50k       : 0.5927 (acc: 0.8062)
[2018/09/25 20:52:13 __main__ INFO] - Elapsed 48.12
keys:  dict_keys(['epoch', 'c10h_train_loss', 'c10h_train_acc', 'c10h_val_loss', 'c10h_val_acc', 'c10h_train_c10_loss', 'c10h_train_c10_acc', 'c10h_val_c10_loss', 'c10h_val_c10_acc', 'v4_loss', 'v4_acc', 'v6_loss', 'v6_acc', 'c10_50k_loss', 'c10_50k_acc']) 
 c10h_outdir:  /tigress/ruairidh/model_results/run_1/saves/wrn_28_10/con_False_lr_0.1_seed_1
[2018/09/25 20:52:14 __main__ INFO] - Train 61
[2018/09/25 20:52:34 __main__ INFO] - TEST 61
[2018/09/25 20:53:22 __main__ INFO] - - epoch 61    c10h_train    : 0.2228 (acc: 0.9852) | c10h_val    : 0.4636 (acc: 0.8860)
[2018/09/25 20:53:22 __main__ INFO] - -            c10h_train_c10: 0.0747 (acc: 0.9822) | c10h_val_c10: 0.3332 (acc: 0.8860)
[2018/09/25 20:53:22 __main__ INFO] - -            v4            : 0.6885 (acc: 0.7754) |           v6: 0.6669 (acc: 0.7820)
[2018/09/25 20:53:22 __main__ INFO] - -            c10_50k       : 0.3733 (acc: 0.8764)
[2018/09/25 20:53:22 __main__ INFO] - Elapsed 47.98
keys:  dict_keys(['epoch', 'c10h_train_loss', 'c10h_train_acc', 'c10h_val_loss', 'c10h_val_acc', 'c10h_train_c10_loss', 'c10h_train_c10_acc', 'c10h_val_c10_loss', 'c10h_val_c10_acc', 'v4_loss', 'v4_acc', 'v6_loss', 'v6_acc', 'c10_50k_loss', 'c10_50k_acc']) 
 c10h_outdir:  /tigress/ruairidh/model_results/run_1/saves/wrn_28_10/con_False_lr_0.1_seed_1
[2018/09/25 20:53:24 __main__ INFO] - Train 62
[2018/09/25 20:53:44 __main__ INFO] - TEST 62
[2018/09/25 20:54:31 __main__ INFO] - - epoch 62    c10h_train    : 0.2156 (acc: 0.9870) | c10h_val    : 0.4574 (acc: 0.8990)
[2018/09/25 20:54:32 __main__ INFO] - -            c10h_train_c10: 0.0694 (acc: 0.9833) | c10h_val_c10: 0.3242 (acc: 0.8990)
[2018/09/25 20:54:32 __main__ INFO] - -            v4            : 0.6668 (acc: 0.7803) |           v6: 0.6451 (acc: 0.7950)
[2018/09/25 20:54:32 __main__ INFO] - -            c10_50k       : 0.3574 (acc: 0.8824)
[2018/09/25 20:54:32 __main__ INFO] - Elapsed 47.89
keys:  dict_keys(['epoch', 'c10h_train_loss', 'c10h_train_acc', 'c10h_val_loss', 'c10h_val_acc', 'c10h_train_c10_loss', 'c10h_train_c10_acc', 'c10h_val_c10_loss', 'c10h_val_c10_acc', 'v4_loss', 'v4_acc', 'v6_loss', 'v6_acc', 'c10_50k_loss', 'c10_50k_acc']) 
 c10h_outdir:  /tigress/ruairidh/model_results/run_1/saves/wrn_28_10/con_False_lr_0.1_seed_1
[2018/09/25 20:54:33 __main__ INFO] - Train 63
[2018/09/25 20:54:52 __main__ INFO] - TEST 63
[2018/09/25 20:55:40 __main__ INFO] - - epoch 63    c10h_train    : 0.2110 (acc: 0.9882) | c10h_val    : 0.4593 (acc: 0.8990)
[2018/09/25 20:55:40 __main__ INFO] - -            c10h_train_c10: 0.0648 (acc: 0.9848) | c10h_val_c10: 0.3278 (acc: 0.8980)
[2018/09/25 20:55:40 __main__ INFO] - -            v4            : 0.6412 (acc: 0.7833) |           v6: 0.6346 (acc: 0.7915)
[2018/09/25 20:55:40 __main__ INFO] - -            c10_50k       : 0.3542 (acc: 0.8843)
[2018/09/25 20:55:40 __main__ INFO] - Elapsed 48.03
keys:  dict_keys(['epoch', 'c10h_train_loss', 'c10h_train_acc', 'c10h_val_loss', 'c10h_val_acc', 'c10h_train_c10_loss', 'c10h_train_c10_acc', 'c10h_val_c10_loss', 'c10h_val_c10_acc', 'v4_loss', 'v4_acc', 'v6_loss', 'v6_acc', 'c10_50k_loss', 'c10_50k_acc']) 
 c10h_outdir:  /tigress/ruairidh/model_results/run_1/saves/wrn_28_10/con_False_lr_0.1_seed_1
[2018/09/25 20:55:41 __main__ INFO] - Train 64
[2018/09/25 20:56:01 __main__ INFO] - TEST 64
[2018/09/25 20:56:48 __main__ INFO] - - epoch 64    c10h_train    : 0.2098 (acc: 0.9889) | c10h_val    : 0.4615 (acc: 0.8910)
[2018/09/25 20:56:48 __main__ INFO] - -            c10h_train_c10: 0.0664 (acc: 0.9847) | c10h_val_c10: 0.3336 (acc: 0.8910)
[2018/09/25 20:56:48 __main__ INFO] - -            v4            : 0.6568 (acc: 0.7808) |           v6: 0.6420 (acc: 0.7920)
[2018/09/25 20:56:48 __main__ INFO] - -            c10_50k       : 0.3516 (acc: 0.8849)
[2018/09/25 20:56:48 __main__ INFO] - Elapsed 47.72
keys:  dict_keys(['epoch', 'c10h_train_loss', 'c10h_train_acc', 'c10h_val_loss', 'c10h_val_acc', 'c10h_train_c10_loss', 'c10h_train_c10_acc', 'c10h_val_c10_loss', 'c10h_val_c10_acc', 'v4_loss', 'v4_acc', 'v6_loss', 'v6_acc', 'c10_50k_loss', 'c10_50k_acc']) 
 c10h_outdir:  /tigress/ruairidh/model_results/run_1/saves/wrn_28_10/con_False_lr_0.1_seed_1
[2018/09/25 20:56:49 __main__ INFO] - Train 65
[2018/09/25 20:57:08 __main__ INFO] - TEST 65
[2018/09/25 20:57:56 __main__ INFO] - - epoch 65    c10h_train    : 0.2076 (acc: 0.9883) | c10h_val    : 0.4572 (acc: 0.8930)
[2018/09/25 20:57:56 __main__ INFO] - -            c10h_train_c10: 0.0648 (acc: 0.9836) | c10h_val_c10: 0.3294 (acc: 0.8930)
[2018/09/25 20:57:56 __main__ INFO] - -            v4            : 0.6338 (acc: 0.7823) |           v6: 0.6396 (acc: 0.7895)
[2018/09/25 20:57:56 __main__ INFO] - -            c10_50k       : 0.3495 (acc: 0.8850)
[2018/09/25 20:57:56 __main__ INFO] - Elapsed 48.01
keys:  dict_keys(['epoch', 'c10h_train_loss', 'c10h_train_acc', 'c10h_val_loss', 'c10h_val_acc', 'c10h_train_c10_loss', 'c10h_train_c10_acc', 'c10h_val_c10_loss', 'c10h_val_c10_acc', 'v4_loss', 'v4_acc', 'v6_loss', 'v6_acc', 'c10_50k_loss', 'c10_50k_acc']) 
 c10h_outdir:  /tigress/ruairidh/model_results/run_1/saves/wrn_28_10/con_False_lr_0.1_seed_1
[2018/09/25 20:57:57 __main__ INFO] - Train 66
[2018/09/25 20:58:17 __main__ INFO] - TEST 66
[2018/09/25 20:59:05 __main__ INFO] - - epoch 66    c10h_train    : 0.2068 (acc: 0.9900) | c10h_val    : 0.4443 (acc: 0.9000)
[2018/09/25 20:59:05 __main__ INFO] - -            c10h_train_c10: 0.0642 (acc: 0.9857) | c10h_val_c10: 0.3165 (acc: 0.8990)
[2018/09/25 20:59:05 __main__ INFO] - -            v4            : 0.6500 (acc: 0.7838) |           v6: 0.6300 (acc: 0.7900)
[2018/09/25 20:59:05 __main__ INFO] - -            c10_50k       : 0.3485 (acc: 0.8854)
[2018/09/25 20:59:05 __main__ INFO] - Elapsed 48.03
keys:  dict_keys(['epoch', 'c10h_train_loss', 'c10h_train_acc', 'c10h_val_loss', 'c10h_val_acc', 'c10h_train_c10_loss', 'c10h_train_c10_acc', 'c10h_val_c10_loss', 'c10h_val_c10_acc', 'v4_loss', 'v4_acc', 'v6_loss', 'v6_acc', 'c10_50k_loss', 'c10_50k_acc']) 
 c10h_outdir:  /tigress/ruairidh/model_results/run_1/saves/wrn_28_10/con_False_lr_0.1_seed_1
[2018/09/25 20:59:07 __main__ INFO] - Train 67
[2018/09/25 20:59:26 __main__ INFO] - TEST 67
[2018/09/25 21:00:14 __main__ INFO] - - epoch 67    c10h_train    : 0.2047 (acc: 0.9901) | c10h_val    : 0.4455 (acc: 0.8880)
[2018/09/25 21:00:14 __main__ INFO] - -            c10h_train_c10: 0.0636 (acc: 0.9861) | c10h_val_c10: 0.3207 (acc: 0.8870)
[2018/09/25 21:00:14 __main__ INFO] - -            v4            : 0.6405 (acc: 0.7838) |           v6: 0.6178 (acc: 0.7910)
[2018/09/25 21:00:14 __main__ INFO] - -            c10_50k       : 0.3431 (acc: 0.8874)
[2018/09/25 21:00:14 __main__ INFO] - Elapsed 47.99
keys:  dict_keys(['epoch', 'c10h_train_loss', 'c10h_train_acc', 'c10h_val_loss', 'c10h_val_acc', 'c10h_train_c10_loss', 'c10h_train_c10_acc', 'c10h_val_c10_loss', 'c10h_val_c10_acc', 'v4_loss', 'v4_acc', 'v6_loss', 'v6_acc', 'c10_50k_loss', 'c10_50k_acc']) 
 c10h_outdir:  /tigress/ruairidh/model_results/run_1/saves/wrn_28_10/con_False_lr_0.1_seed_1
[2018/09/25 21:00:15 __main__ INFO] - Train 68
[2018/09/25 21:00:34 __main__ INFO] - TEST 68
[2018/09/25 21:01:22 __main__ INFO] - - epoch 68    c10h_train    : 0.2035 (acc: 0.9897) | c10h_val    : 0.4499 (acc: 0.8980)
[2018/09/25 21:01:22 __main__ INFO] - -            c10h_train_c10: 0.0628 (acc: 0.9856) | c10h_val_c10: 0.3247 (acc: 0.8970)
[2018/09/25 21:01:22 __main__ INFO] - -            v4            : 0.6516 (acc: 0.7803) |           v6: 0.6311 (acc: 0.7950)
[2018/09/25 21:01:22 __main__ INFO] - -            c10_50k       : 0.3452 (acc: 0.8868)
[2018/09/25 21:01:22 __main__ INFO] - Elapsed 48.04
keys:  dict_keys(['epoch', 'c10h_train_loss', 'c10h_train_acc', 'c10h_val_loss', 'c10h_val_acc', 'c10h_train_c10_loss', 'c10h_train_c10_acc', 'c10h_val_c10_loss', 'c10h_val_c10_acc', 'v4_loss', 'v4_acc', 'v6_loss', 'v6_acc', 'c10_50k_loss', 'c10_50k_acc']) 
 c10h_outdir:  /tigress/ruairidh/model_results/run_1/saves/wrn_28_10/con_False_lr_0.1_seed_1
[2018/09/25 21:01:25 __main__ INFO] - Train 69
[2018/09/25 21:01:44 __main__ INFO] - TEST 69
[2018/09/25 21:02:32 __main__ INFO] - - epoch 69    c10h_train    : 0.2039 (acc: 0.9900) | c10h_val    : 0.4472 (acc: 0.8940)
[2018/09/25 21:02:32 __main__ INFO] - -            c10h_train_c10: 0.0650 (acc: 0.9856) | c10h_val_c10: 0.3249 (acc: 0.8940)
[2018/09/25 21:02:32 __main__ INFO] - -            v4            : 0.6503 (acc: 0.7783) |           v6: 0.6365 (acc: 0.7960)
[2018/09/25 21:02:32 __main__ INFO] - -            c10_50k       : 0.3474 (acc: 0.8865)
[2018/09/25 21:02:32 __main__ INFO] - Elapsed 47.93
keys:  dict_keys(['epoch', 'c10h_train_loss', 'c10h_train_acc', 'c10h_val_loss', 'c10h_val_acc', 'c10h_train_c10_loss', 'c10h_train_c10_acc', 'c10h_val_c10_loss', 'c10h_val_c10_acc', 'v4_loss', 'v4_acc', 'v6_loss', 'v6_acc', 'c10_50k_loss', 'c10_50k_acc']) 
 c10h_outdir:  /tigress/ruairidh/model_results/run_1/saves/wrn_28_10/con_False_lr_0.1_seed_1
[2018/09/25 21:02:33 __main__ INFO] - Train 70
[2018/09/25 21:02:53 __main__ INFO] - TEST 70
[2018/09/25 21:03:41 __main__ INFO] - - epoch 70    c10h_train    : 0.2019 (acc: 0.9901) | c10h_val    : 0.4451 (acc: 0.8880)
[2018/09/25 21:03:41 __main__ INFO] - -            c10h_train_c10: 0.0641 (acc: 0.9846) | c10h_val_c10: 0.3207 (acc: 0.8880)
[2018/09/25 21:03:41 __main__ INFO] - -            v4            : 0.6398 (acc: 0.7778) |           v6: 0.6153 (acc: 0.7955)
[2018/09/25 21:03:41 __main__ INFO] - -            c10_50k       : 0.3450 (acc: 0.8862)
[2018/09/25 21:03:41 __main__ INFO] - Elapsed 47.94
keys:  dict_keys(['epoch', 'c10h_train_loss', 'c10h_train_acc', 'c10h_val_loss', 'c10h_val_acc', 'c10h_train_c10_loss', 'c10h_train_c10_acc', 'c10h_val_c10_loss', 'c10h_val_c10_acc', 'v4_loss', 'v4_acc', 'v6_loss', 'v6_acc', 'c10_50k_loss', 'c10_50k_acc']) 
 c10h_outdir:  /tigress/ruairidh/model_results/run_1/saves/wrn_28_10/con_False_lr_0.1_seed_1
[2018/09/25 21:03:42 __main__ INFO] - Train 71
[2018/09/25 21:04:02 __main__ INFO] - TEST 71
[2018/09/25 21:04:50 __main__ INFO] - - epoch 71    c10h_train    : 0.2019 (acc: 0.9884) | c10h_val    : 0.4396 (acc: 0.8970)
[2018/09/25 21:04:50 __main__ INFO] - -            c10h_train_c10: 0.0629 (acc: 0.9858) | c10h_val_c10: 0.3142 (acc: 0.8960)
[2018/09/25 21:04:50 __main__ INFO] - -            v4            : 0.6361 (acc: 0.7897) |           v6: 0.6274 (acc: 0.7945)
[2018/09/25 21:04:50 __main__ INFO] - -            c10_50k       : 0.3410 (acc: 0.8891)
[2018/09/25 21:04:50 __main__ INFO] - Elapsed 48.01
keys:  dict_keys(['epoch', 'c10h_train_loss', 'c10h_train_acc', 'c10h_val_loss', 'c10h_val_acc', 'c10h_train_c10_loss', 'c10h_train_c10_acc', 'c10h_val_c10_loss', 'c10h_val_c10_acc', 'v4_loss', 'v4_acc', 'v6_loss', 'v6_acc', 'c10_50k_loss', 'c10_50k_acc']) 
 c10h_outdir:  /tigress/ruairidh/model_results/run_1/saves/wrn_28_10/con_False_lr_0.1_seed_1
[2018/09/25 21:04:51 __main__ INFO] - Train 72
[2018/09/25 21:05:10 __main__ INFO] - TEST 72
[2018/09/25 21:05:58 __main__ INFO] - - epoch 72    c10h_train    : 0.2008 (acc: 0.9894) | c10h_val    : 0.4465 (acc: 0.8920)
[2018/09/25 21:05:58 __main__ INFO] - -            c10h_train_c10: 0.0618 (acc: 0.9860) | c10h_val_c10: 0.3238 (acc: 0.8910)
[2018/09/25 21:05:58 __main__ INFO] - -            v4            : 0.6434 (acc: 0.7813) |           v6: 0.6299 (acc: 0.7945)
[2018/09/25 21:05:58 __main__ INFO] - -            c10_50k       : 0.3430 (acc: 0.8873)
[2018/09/25 21:05:58 __main__ INFO] - Elapsed 47.75
keys:  dict_keys(['epoch', 'c10h_train_loss', 'c10h_train_acc', 'c10h_val_loss', 'c10h_val_acc', 'c10h_train_c10_loss', 'c10h_train_c10_acc', 'c10h_val_c10_loss', 'c10h_val_c10_acc', 'v4_loss', 'v4_acc', 'v6_loss', 'v6_acc', 'c10_50k_loss', 'c10_50k_acc']) 
 c10h_outdir:  /tigress/ruairidh/model_results/run_1/saves/wrn_28_10/con_False_lr_0.1_seed_1
[2018/09/25 21:05:59 __main__ INFO] - Train 73
[2018/09/25 21:06:18 __main__ INFO] - TEST 73
[2018/09/25 21:07:06 __main__ INFO] - - epoch 73    c10h_train    : 0.2009 (acc: 0.9899) | c10h_val    : 0.4445 (acc: 0.8910)
[2018/09/25 21:07:06 __main__ INFO] - -            c10h_train_c10: 0.0648 (acc: 0.9857) | c10h_val_c10: 0.3248 (acc: 0.8920)
[2018/09/25 21:07:06 __main__ INFO] - -            v4            : 0.6648 (acc: 0.7754) |           v6: 0.6416 (acc: 0.7910)
[2018/09/25 21:07:06 __main__ INFO] - -            c10_50k       : 0.3442 (acc: 0.8861)
[2018/09/25 21:07:06 __main__ INFO] - Elapsed 47.83
keys:  dict_keys(['epoch', 'c10h_train_loss', 'c10h_train_acc', 'c10h_val_loss', 'c10h_val_acc', 'c10h_train_c10_loss', 'c10h_train_c10_acc', 'c10h_val_c10_loss', 'c10h_val_c10_acc', 'v4_loss', 'v4_acc', 'v6_loss', 'v6_acc', 'c10_50k_loss', 'c10_50k_acc']) 
 c10h_outdir:  /tigress/ruairidh/model_results/run_1/saves/wrn_28_10/con_False_lr_0.1_seed_1
[2018/09/25 21:07:08 __main__ INFO] - Train 74
[2018/09/25 21:07:27 __main__ INFO] - TEST 74
[2018/09/25 21:08:15 __main__ INFO] - - epoch 74    c10h_train    : 0.1992 (acc: 0.9903) | c10h_val    : 0.4464 (acc: 0.8870)
[2018/09/25 21:08:15 __main__ INFO] - -            c10h_train_c10: 0.0622 (acc: 0.9866) | c10h_val_c10: 0.3258 (acc: 0.8880)
[2018/09/25 21:08:15 __main__ INFO] - -            v4            : 0.6456 (acc: 0.7867) |           v6: 0.6319 (acc: 0.7925)
[2018/09/25 21:08:15 __main__ INFO] - -            c10_50k       : 0.3446 (acc: 0.8863)
[2018/09/25 21:08:15 __main__ INFO] - Elapsed 47.92
keys:  dict_keys(['epoch', 'c10h_train_loss', 'c10h_train_acc', 'c10h_val_loss', 'c10h_val_acc', 'c10h_train_c10_loss', 'c10h_train_c10_acc', 'c10h_val_c10_loss', 'c10h_val_c10_acc', 'v4_loss', 'v4_acc', 'v6_loss', 'v6_acc', 'c10_50k_loss', 'c10_50k_acc']) 
 c10h_outdir:  /tigress/ruairidh/model_results/run_1/saves/wrn_28_10/con_False_lr_0.1_seed_1
[2018/09/25 21:08:17 __main__ INFO] - Train 75
[2018/09/25 21:08:36 __main__ INFO] - TEST 75
[2018/09/25 21:09:24 __main__ INFO] - - epoch 75    c10h_train    : 0.1987 (acc: 0.9899) | c10h_val    : 0.4398 (acc: 0.8960)
[2018/09/25 21:09:24 __main__ INFO] - -            c10h_train_c10: 0.0634 (acc: 0.9850) | c10h_val_c10: 0.3193 (acc: 0.8970)
[2018/09/25 21:09:24 __main__ INFO] - -            v4            : 0.6330 (acc: 0.7912) |           v6: 0.6067 (acc: 0.8000)
[2018/09/25 21:09:24 __main__ INFO] - -            c10_50k       : 0.3415 (acc: 0.8886)
[2018/09/25 21:09:24 __main__ INFO] - Elapsed 48.02
keys:  dict_keys(['epoch', 'c10h_train_loss', 'c10h_train_acc', 'c10h_val_loss', 'c10h_val_acc', 'c10h_train_c10_loss', 'c10h_train_c10_acc', 'c10h_val_c10_loss', 'c10h_val_c10_acc', 'v4_loss', 'v4_acc', 'v6_loss', 'v6_acc', 'c10_50k_loss', 'c10_50k_acc']) 
 c10h_outdir:  /tigress/ruairidh/model_results/run_1/saves/wrn_28_10/con_False_lr_0.1_seed_1
[2018/09/25 21:09:25 __main__ INFO] - Train 76
[2018/09/25 21:09:44 __main__ INFO] - TEST 76
[2018/09/25 21:10:32 __main__ INFO] - - epoch 76    c10h_train    : 0.1991 (acc: 0.9884) | c10h_val    : 0.4471 (acc: 0.8900)
[2018/09/25 21:10:33 __main__ INFO] - -            c10h_train_c10: 0.0632 (acc: 0.9840) | c10h_val_c10: 0.3265 (acc: 0.8890)
[2018/09/25 21:10:33 __main__ INFO] - -            v4            : 0.6331 (acc: 0.7867) |           v6: 0.6087 (acc: 0.7935)
[2018/09/25 21:10:33 __main__ INFO] - -            c10_50k       : 0.3404 (acc: 0.8885)
[2018/09/25 21:10:33 __main__ INFO] - Elapsed 48.42
keys:  dict_keys(['epoch', 'c10h_train_loss', 'c10h_train_acc', 'c10h_val_loss', 'c10h_val_acc', 'c10h_train_c10_loss', 'c10h_train_c10_acc', 'c10h_val_c10_loss', 'c10h_val_c10_acc', 'v4_loss', 'v4_acc', 'v6_loss', 'v6_acc', 'c10_50k_loss', 'c10_50k_acc']) 
 c10h_outdir:  /tigress/ruairidh/model_results/run_1/saves/wrn_28_10/con_False_lr_0.1_seed_1
[2018/09/25 21:10:34 __main__ INFO] - Train 77
[2018/09/25 21:10:54 __main__ INFO] - TEST 77
[2018/09/25 21:11:42 __main__ INFO] - - epoch 77    c10h_train    : 0.1984 (acc: 0.9899) | c10h_val    : 0.4405 (acc: 0.8990)
[2018/09/25 21:11:42 __main__ INFO] - -            c10h_train_c10: 0.0631 (acc: 0.9860) | c10h_val_c10: 0.3219 (acc: 0.8980)
[2018/09/25 21:11:42 __main__ INFO] - -            v4            : 0.6422 (acc: 0.7848) |           v6: 0.6253 (acc: 0.7910)
[2018/09/25 21:11:42 __main__ INFO] - -            c10_50k       : 0.3428 (acc: 0.8886)
[2018/09/25 21:11:42 __main__ INFO] - Elapsed 47.92
keys:  dict_keys(['epoch', 'c10h_train_loss', 'c10h_train_acc', 'c10h_val_loss', 'c10h_val_acc', 'c10h_train_c10_loss', 'c10h_train_c10_acc', 'c10h_val_c10_loss', 'c10h_val_c10_acc', 'v4_loss', 'v4_acc', 'v6_loss', 'v6_acc', 'c10_50k_loss', 'c10_50k_acc']) 
 c10h_outdir:  /tigress/ruairidh/model_results/run_1/saves/wrn_28_10/con_False_lr_0.1_seed_1
[2018/09/25 21:11:45 __main__ INFO] - Train 78
[2018/09/25 21:12:04 __main__ INFO] - TEST 78
[2018/09/25 21:12:52 __main__ INFO] - - epoch 78    c10h_train    : 0.1983 (acc: 0.9894) | c10h_val    : 0.4380 (acc: 0.8950)
[2018/09/25 21:12:52 __main__ INFO] - -            c10h_train_c10: 0.0625 (acc: 0.9859) | c10h_val_c10: 0.3157 (acc: 0.8940)
[2018/09/25 21:12:52 __main__ INFO] - -            v4            : 0.6477 (acc: 0.7778) |           v6: 0.6200 (acc: 0.7940)
[2018/09/25 21:12:52 __main__ INFO] - -            c10_50k       : 0.3369 (acc: 0.8891)
[2018/09/25 21:12:52 __main__ INFO] - Elapsed 48.14
keys:  dict_keys(['epoch', 'c10h_train_loss', 'c10h_train_acc', 'c10h_val_loss', 'c10h_val_acc', 'c10h_train_c10_loss', 'c10h_train_c10_acc', 'c10h_val_c10_loss', 'c10h_val_c10_acc', 'v4_loss', 'v4_acc', 'v6_loss', 'v6_acc', 'c10_50k_loss', 'c10_50k_acc']) 
 c10h_outdir:  /tigress/ruairidh/model_results/run_1/saves/wrn_28_10/con_False_lr_0.1_seed_1
[2018/09/25 21:12:54 __main__ INFO] - Train 79
[2018/09/25 21:13:14 __main__ INFO] - TEST 79
[2018/09/25 21:14:01 __main__ INFO] - - epoch 79    c10h_train    : 0.1969 (acc: 0.9892) | c10h_val    : 0.4351 (acc: 0.8920)
[2018/09/25 21:14:02 __main__ INFO] - -            c10h_train_c10: 0.0633 (acc: 0.9856) | c10h_val_c10: 0.3143 (acc: 0.8910)
[2018/09/25 21:14:02 __main__ INFO] - -            v4            : 0.6400 (acc: 0.7818) |           v6: 0.6100 (acc: 0.7980)
[2018/09/25 21:14:02 __main__ INFO] - -            c10_50k       : 0.3380 (acc: 0.8892)
[2018/09/25 21:14:02 __main__ INFO] - Elapsed 47.67
keys:  dict_keys(['epoch', 'c10h_train_loss', 'c10h_train_acc', 'c10h_val_loss', 'c10h_val_acc', 'c10h_train_c10_loss', 'c10h_train_c10_acc', 'c10h_val_c10_loss', 'c10h_val_c10_acc', 'v4_loss', 'v4_acc', 'v6_loss', 'v6_acc', 'c10_50k_loss', 'c10_50k_acc']) 
 c10h_outdir:  /tigress/ruairidh/model_results/run_1/saves/wrn_28_10/con_False_lr_0.1_seed_1
[2018/09/25 21:14:03 __main__ INFO] - Train 80
[2018/09/25 21:14:23 __main__ INFO] - TEST 80
[2018/09/25 21:15:11 __main__ INFO] - - epoch 80    c10h_train    : 0.1971 (acc: 0.9896) | c10h_val    : 0.4402 (acc: 0.8980)
[2018/09/25 21:15:11 __main__ INFO] - -            c10h_train_c10: 0.0619 (acc: 0.9856) | c10h_val_c10: 0.3196 (acc: 0.8970)
[2018/09/25 21:15:11 __main__ INFO] - -            v4            : 0.6581 (acc: 0.7768) |           v6: 0.6164 (acc: 0.7960)
[2018/09/25 21:15:11 __main__ INFO] - -            c10_50k       : 0.3401 (acc: 0.8886)
[2018/09/25 21:15:11 __main__ INFO] - Elapsed 48.07
keys:  dict_keys(['epoch', 'c10h_train_loss', 'c10h_train_acc', 'c10h_val_loss', 'c10h_val_acc', 'c10h_train_c10_loss', 'c10h_train_c10_acc', 'c10h_val_c10_loss', 'c10h_val_c10_acc', 'v4_loss', 'v4_acc', 'v6_loss', 'v6_acc', 'c10_50k_loss', 'c10_50k_acc']) 
 c10h_outdir:  /tigress/ruairidh/model_results/run_1/saves/wrn_28_10/con_False_lr_0.1_seed_1
[2018/09/25 21:15:12 __main__ INFO] - Train 81
[2018/09/25 21:15:32 __main__ INFO] - TEST 81
[2018/09/25 21:16:20 __main__ INFO] - - epoch 81    c10h_train    : 0.1970 (acc: 0.9883) | c10h_val    : 0.4400 (acc: 0.9010)
[2018/09/25 21:16:20 __main__ INFO] - -            c10h_train_c10: 0.0638 (acc: 0.9846) | c10h_val_c10: 0.3197 (acc: 0.9020)
[2018/09/25 21:16:20 __main__ INFO] - -            v4            : 0.6397 (acc: 0.7897) |           v6: 0.6132 (acc: 0.7985)
[2018/09/25 21:16:20 __main__ INFO] - -            c10_50k       : 0.3409 (acc: 0.8889)
[2018/09/25 21:16:20 __main__ INFO] - Elapsed 48.07
keys:  dict_keys(['epoch', 'c10h_train_loss', 'c10h_train_acc', 'c10h_val_loss', 'c10h_val_acc', 'c10h_train_c10_loss', 'c10h_train_c10_acc', 'c10h_val_c10_loss', 'c10h_val_c10_acc', 'v4_loss', 'v4_acc', 'v6_loss', 'v6_acc', 'c10_50k_loss', 'c10_50k_acc']) 
 c10h_outdir:  /tigress/ruairidh/model_results/run_1/saves/wrn_28_10/con_False_lr_0.1_seed_1
[2018/09/25 21:16:23 __main__ INFO] - Train 82
[2018/09/25 21:16:42 __main__ INFO] - TEST 82
[2018/09/25 21:17:31 __main__ INFO] - - epoch 82    c10h_train    : 0.1970 (acc: 0.9898) | c10h_val    : 0.4425 (acc: 0.8990)
[2018/09/25 21:17:31 __main__ INFO] - -            c10h_train_c10: 0.0644 (acc: 0.9861) | c10h_val_c10: 0.3261 (acc: 0.8980)
[2018/09/25 21:17:31 __main__ INFO] - -            v4            : 0.6482 (acc: 0.7902) |           v6: 0.6180 (acc: 0.7980)
[2018/09/25 21:17:31 __main__ INFO] - -            c10_50k       : 0.3443 (acc: 0.8869)
[2018/09/25 21:17:31 __main__ INFO] - Elapsed 48.23
keys:  dict_keys(['epoch', 'c10h_train_loss', 'c10h_train_acc', 'c10h_val_loss', 'c10h_val_acc', 'c10h_train_c10_loss', 'c10h_train_c10_acc', 'c10h_val_c10_loss', 'c10h_val_c10_acc', 'v4_loss', 'v4_acc', 'v6_loss', 'v6_acc', 'c10_50k_loss', 'c10_50k_acc']) 
 c10h_outdir:  /tigress/ruairidh/model_results/run_1/saves/wrn_28_10/con_False_lr_0.1_seed_1
[2018/09/25 21:17:32 __main__ INFO] - Train 83
[2018/09/25 21:17:51 __main__ INFO] - TEST 83
[2018/09/25 21:18:39 __main__ INFO] - - epoch 83    c10h_train    : 0.1954 (acc: 0.9896) | c10h_val    : 0.4401 (acc: 0.8950)
[2018/09/25 21:18:39 __main__ INFO] - -            c10h_train_c10: 0.0614 (acc: 0.9866) | c10h_val_c10: 0.3211 (acc: 0.8940)
[2018/09/25 21:18:39 __main__ INFO] - -            v4            : 0.6392 (acc: 0.7793) |           v6: 0.6120 (acc: 0.8020)
[2018/09/25 21:18:39 __main__ INFO] - -            c10_50k       : 0.3417 (acc: 0.8881)
[2018/09/25 21:18:39 __main__ INFO] - Elapsed 47.97
keys:  dict_keys(['epoch', 'c10h_train_loss', 'c10h_train_acc', 'c10h_val_loss', 'c10h_val_acc', 'c10h_train_c10_loss', 'c10h_train_c10_acc', 'c10h_val_c10_loss', 'c10h_val_c10_acc', 'v4_loss', 'v4_acc', 'v6_loss', 'v6_acc', 'c10_50k_loss', 'c10_50k_acc']) 
 c10h_outdir:  /tigress/ruairidh/model_results/run_1/saves/wrn_28_10/con_False_lr_0.1_seed_1
[2018/09/25 21:18:40 __main__ INFO] - Train 84
[2018/09/25 21:19:00 __main__ INFO] - TEST 84
[2018/09/25 21:19:48 __main__ INFO] - - epoch 84    c10h_train    : 0.1958 (acc: 0.9887) | c10h_val    : 0.4403 (acc: 0.8950)
[2018/09/25 21:19:48 __main__ INFO] - -            c10h_train_c10: 0.0612 (acc: 0.9846) | c10h_val_c10: 0.3179 (acc: 0.8940)
[2018/09/25 21:19:48 __main__ INFO] - -            v4            : 0.6477 (acc: 0.7882) |           v6: 0.6101 (acc: 0.8045)
[2018/09/25 21:19:48 __main__ INFO] - -            c10_50k       : 0.3392 (acc: 0.8897)
[2018/09/25 21:19:48 __main__ INFO] - Elapsed 48.05
keys:  dict_keys(['epoch', 'c10h_train_loss', 'c10h_train_acc', 'c10h_val_loss', 'c10h_val_acc', 'c10h_train_c10_loss', 'c10h_train_c10_acc', 'c10h_val_c10_loss', 'c10h_val_c10_acc', 'v4_loss', 'v4_acc', 'v6_loss', 'v6_acc', 'c10_50k_loss', 'c10_50k_acc']) 
 c10h_outdir:  /tigress/ruairidh/model_results/run_1/saves/wrn_28_10/con_False_lr_0.1_seed_1
[2018/09/25 21:19:53 __main__ INFO] - Train 85
[2018/09/25 21:20:12 __main__ INFO] - TEST 85
[2018/09/25 21:21:01 __main__ INFO] - - epoch 85    c10h_train    : 0.1957 (acc: 0.9882) | c10h_val    : 0.4368 (acc: 0.8930)
[2018/09/25 21:21:01 __main__ INFO] - -            c10h_train_c10: 0.0650 (acc: 0.9859) | c10h_val_c10: 0.3189 (acc: 0.8920)
[2018/09/25 21:21:01 __main__ INFO] - -            v4            : 0.6595 (acc: 0.7862) |           v6: 0.6199 (acc: 0.7970)
[2018/09/25 21:21:01 __main__ INFO] - -            c10_50k       : 0.3417 (acc: 0.8892)
[2018/09/25 21:21:01 __main__ INFO] - Elapsed 48.27
keys:  dict_keys(['epoch', 'c10h_train_loss', 'c10h_train_acc', 'c10h_val_loss', 'c10h_val_acc', 'c10h_train_c10_loss', 'c10h_train_c10_acc', 'c10h_val_c10_loss', 'c10h_val_c10_acc', 'v4_loss', 'v4_acc', 'v6_loss', 'v6_acc', 'c10_50k_loss', 'c10_50k_acc']) 
 c10h_outdir:  /tigress/ruairidh/model_results/run_1/saves/wrn_28_10/con_False_lr_0.1_seed_1
[2018/09/25 21:21:06 __main__ INFO] - Train 86
[2018/09/25 21:21:26 __main__ INFO] - TEST 86
[2018/09/25 21:22:14 __main__ INFO] - - epoch 86    c10h_train    : 0.1950 (acc: 0.9889) | c10h_val    : 0.4350 (acc: 0.8900)
[2018/09/25 21:22:14 __main__ INFO] - -            c10h_train_c10: 0.0668 (acc: 0.9846) | c10h_val_c10: 0.3195 (acc: 0.8910)
[2018/09/25 21:22:14 __main__ INFO] - -            v4            : 0.6511 (acc: 0.7848) |           v6: 0.6096 (acc: 0.8060)
[2018/09/25 21:22:14 __main__ INFO] - -            c10_50k       : 0.3443 (acc: 0.8881)
[2018/09/25 21:22:14 __main__ INFO] - Elapsed 48.04
keys:  dict_keys(['epoch', 'c10h_train_loss', 'c10h_train_acc', 'c10h_val_loss', 'c10h_val_acc', 'c10h_train_c10_loss', 'c10h_train_c10_acc', 'c10h_val_c10_loss', 'c10h_val_c10_acc', 'v4_loss', 'v4_acc', 'v6_loss', 'v6_acc', 'c10_50k_loss', 'c10_50k_acc']) 
 c10h_outdir:  /tigress/ruairidh/model_results/run_1/saves/wrn_28_10/con_False_lr_0.1_seed_1
[2018/09/25 21:22:21 __main__ INFO] - Train 87
[2018/09/25 21:22:41 __main__ INFO] - TEST 87
[2018/09/25 21:23:29 __main__ INFO] - - epoch 87    c10h_train    : 0.1958 (acc: 0.9881) | c10h_val    : 0.4337 (acc: 0.8920)
[2018/09/25 21:23:29 __main__ INFO] - -            c10h_train_c10: 0.0615 (acc: 0.9856) | c10h_val_c10: 0.3155 (acc: 0.8910)
[2018/09/25 21:23:29 __main__ INFO] - -            v4            : 0.6471 (acc: 0.7872) |           v6: 0.6114 (acc: 0.7950)
[2018/09/25 21:23:29 __main__ INFO] - -            c10_50k       : 0.3373 (acc: 0.8892)
[2018/09/25 21:23:29 __main__ INFO] - Elapsed 47.95
keys:  dict_keys(['epoch', 'c10h_train_loss', 'c10h_train_acc', 'c10h_val_loss', 'c10h_val_acc', 'c10h_train_c10_loss', 'c10h_train_c10_acc', 'c10h_val_c10_loss', 'c10h_val_c10_acc', 'v4_loss', 'v4_acc', 'v6_loss', 'v6_acc', 'c10_50k_loss', 'c10_50k_acc']) 
 c10h_outdir:  /tigress/ruairidh/model_results/run_1/saves/wrn_28_10/con_False_lr_0.1_seed_1
[2018/09/25 21:23:35 __main__ INFO] - Train 88
[2018/09/25 21:23:54 __main__ INFO] - TEST 88
[2018/09/25 21:24:42 __main__ INFO] - - epoch 88    c10h_train    : 0.1941 (acc: 0.9892) | c10h_val    : 0.4349 (acc: 0.8970)
[2018/09/25 21:24:42 __main__ INFO] - -            c10h_train_c10: 0.0628 (acc: 0.9850) | c10h_val_c10: 0.3172 (acc: 0.8960)
[2018/09/25 21:24:42 __main__ INFO] - -            v4            : 0.6263 (acc: 0.7892) |           v6: 0.6058 (acc: 0.8020)
[2018/09/25 21:24:42 __main__ INFO] - -            c10_50k       : 0.3373 (acc: 0.8903)
[2018/09/25 21:24:42 __main__ INFO] - Elapsed 47.99
keys:  dict_keys(['epoch', 'c10h_train_loss', 'c10h_train_acc', 'c10h_val_loss', 'c10h_val_acc', 'c10h_train_c10_loss', 'c10h_train_c10_acc', 'c10h_val_c10_loss', 'c10h_val_c10_acc', 'v4_loss', 'v4_acc', 'v6_loss', 'v6_acc', 'c10_50k_loss', 'c10_50k_acc']) 
 c10h_outdir:  /tigress/ruairidh/model_results/run_1/saves/wrn_28_10/con_False_lr_0.1_seed_1
[2018/09/25 21:24:45 __main__ INFO] - Train 89
[2018/09/25 21:25:04 __main__ INFO] - TEST 89
[2018/09/25 21:25:52 __main__ INFO] - - epoch 89    c10h_train    : 0.1943 (acc: 0.9889) | c10h_val    : 0.4359 (acc: 0.8940)
[2018/09/25 21:25:52 __main__ INFO] - -            c10h_train_c10: 0.0656 (acc: 0.9856) | c10h_val_c10: 0.3230 (acc: 0.8930)
[2018/09/25 21:25:52 __main__ INFO] - -            v4            : 0.6537 (acc: 0.7754) |           v6: 0.6120 (acc: 0.7940)
[2018/09/25 21:25:52 __main__ INFO] - -            c10_50k       : 0.3413 (acc: 0.8900)
[2018/09/25 21:25:52 __main__ INFO] - Elapsed 47.99
keys:  dict_keys(['epoch', 'c10h_train_loss', 'c10h_train_acc', 'c10h_val_loss', 'c10h_val_acc', 'c10h_train_c10_loss', 'c10h_train_c10_acc', 'c10h_val_c10_loss', 'c10h_val_c10_acc', 'v4_loss', 'v4_acc', 'v6_loss', 'v6_acc', 'c10_50k_loss', 'c10_50k_acc']) 
 c10h_outdir:  /tigress/ruairidh/model_results/run_1/saves/wrn_28_10/con_False_lr_0.1_seed_1
[2018/09/25 21:25:54 __main__ INFO] - Train 90
[2018/09/25 21:26:13 __main__ INFO] - TEST 90
[2018/09/25 21:27:01 __main__ INFO] - - epoch 90    c10h_train    : 0.1962 (acc: 0.9873) | c10h_val    : 0.4329 (acc: 0.8900)
[2018/09/25 21:27:01 __main__ INFO] - -            c10h_train_c10: 0.0653 (acc: 0.9840) | c10h_val_c10: 0.3134 (acc: 0.8920)
[2018/09/25 21:27:01 __main__ INFO] - -            v4            : 0.6282 (acc: 0.7887) |           v6: 0.6008 (acc: 0.7950)
[2018/09/25 21:27:01 __main__ INFO] - -            c10_50k       : 0.3406 (acc: 0.8882)
[2018/09/25 21:27:01 __main__ INFO] - Elapsed 47.85
keys:  dict_keys(['epoch', 'c10h_train_loss', 'c10h_train_acc', 'c10h_val_loss', 'c10h_val_acc', 'c10h_train_c10_loss', 'c10h_train_c10_acc', 'c10h_val_c10_loss', 'c10h_val_c10_acc', 'v4_loss', 'v4_acc', 'v6_loss', 'v6_acc', 'c10_50k_loss', 'c10_50k_acc']) 
 c10h_outdir:  /tigress/ruairidh/model_results/run_1/saves/wrn_28_10/con_False_lr_0.1_seed_1
[2018/09/25 21:27:01 __main__ INFO] - Train 91
[2018/09/25 21:27:21 __main__ INFO] - TEST 91
[2018/09/25 21:28:09 __main__ INFO] - - epoch 91    c10h_train    : 0.1931 (acc: 0.9890) | c10h_val    : 0.4272 (acc: 0.9010)
[2018/09/25 21:28:09 __main__ INFO] - -            c10h_train_c10: 0.0641 (acc: 0.9856) | c10h_val_c10: 0.3102 (acc: 0.9020)
[2018/09/25 21:28:09 __main__ INFO] - -            v4            : 0.6419 (acc: 0.7818) |           v6: 0.6103 (acc: 0.8015)
[2018/09/25 21:28:09 __main__ INFO] - -            c10_50k       : 0.3392 (acc: 0.8899)
[2018/09/25 21:28:09 __main__ INFO] - Elapsed 47.88
keys:  dict_keys(['epoch', 'c10h_train_loss', 'c10h_train_acc', 'c10h_val_loss', 'c10h_val_acc', 'c10h_train_c10_loss', 'c10h_train_c10_acc', 'c10h_val_c10_loss', 'c10h_val_c10_acc', 'v4_loss', 'v4_acc', 'v6_loss', 'v6_acc', 'c10_50k_loss', 'c10_50k_acc']) 
 c10h_outdir:  /tigress/ruairidh/model_results/run_1/saves/wrn_28_10/con_False_lr_0.1_seed_1
[2018/09/25 21:28:11 __main__ INFO] - Train 92
[2018/09/25 21:28:30 __main__ INFO] - TEST 92
[2018/09/25 21:29:18 __main__ INFO] - - epoch 92    c10h_train    : 0.1932 (acc: 0.9889) | c10h_val    : 0.4207 (acc: 0.9040)
[2018/09/25 21:29:18 __main__ INFO] - -            c10h_train_c10: 0.0630 (acc: 0.9848) | c10h_val_c10: 0.3031 (acc: 0.9030)
[2018/09/25 21:29:18 __main__ INFO] - -            v4            : 0.6445 (acc: 0.7843) |           v6: 0.6098 (acc: 0.8030)
[2018/09/25 21:29:18 __main__ INFO] - -            c10_50k       : 0.3416 (acc: 0.8880)
[2018/09/25 21:29:18 __main__ INFO] - Elapsed 48.11
keys:  dict_keys(['epoch', 'c10h_train_loss', 'c10h_train_acc', 'c10h_val_loss', 'c10h_val_acc', 'c10h_train_c10_loss', 'c10h_train_c10_acc', 'c10h_val_c10_loss', 'c10h_val_c10_acc', 'v4_loss', 'v4_acc', 'v6_loss', 'v6_acc', 'c10_50k_loss', 'c10_50k_acc']) 
 c10h_outdir:  /tigress/ruairidh/model_results/run_1/saves/wrn_28_10/con_False_lr_0.1_seed_1
[2018/09/25 21:29:20 __main__ INFO] - Train 93
[2018/09/25 21:29:39 __main__ INFO] - TEST 93
[2018/09/25 21:30:27 __main__ INFO] - - epoch 93    c10h_train    : 0.1922 (acc: 0.9896) | c10h_val    : 0.4216 (acc: 0.9090)
[2018/09/25 21:30:27 __main__ INFO] - -            c10h_train_c10: 0.0608 (acc: 0.9864) | c10h_val_c10: 0.3014 (acc: 0.9080)
[2018/09/25 21:30:27 __main__ INFO] - -            v4            : 0.6322 (acc: 0.7887) |           v6: 0.6000 (acc: 0.8010)
[2018/09/25 21:30:27 __main__ INFO] - -            c10_50k       : 0.3352 (acc: 0.8912)
[2018/09/25 21:30:27 __main__ INFO] - Elapsed 47.98
keys:  dict_keys(['epoch', 'c10h_train_loss', 'c10h_train_acc', 'c10h_val_loss', 'c10h_val_acc', 'c10h_train_c10_loss', 'c10h_train_c10_acc', 'c10h_val_c10_loss', 'c10h_val_c10_acc', 'v4_loss', 'v4_acc', 'v6_loss', 'v6_acc', 'c10_50k_loss', 'c10_50k_acc']) 
 c10h_outdir:  /tigress/ruairidh/model_results/run_1/saves/wrn_28_10/con_False_lr_0.1_seed_1
[2018/09/25 21:30:29 __main__ INFO] - Train 94
[2018/09/25 21:30:49 __main__ INFO] - TEST 94
[2018/09/25 21:31:37 __main__ INFO] - - epoch 94    c10h_train    : 0.1922 (acc: 0.9894) | c10h_val    : 0.4283 (acc: 0.8970)
[2018/09/25 21:31:37 __main__ INFO] - -            c10h_train_c10: 0.0622 (acc: 0.9849) | c10h_val_c10: 0.3084 (acc: 0.8990)
[2018/09/25 21:31:37 __main__ INFO] - -            v4            : 0.6332 (acc: 0.7892) |           v6: 0.5994 (acc: 0.8025)
[2018/09/25 21:31:37 __main__ INFO] - -            c10_50k       : 0.3386 (acc: 0.8899)
[2018/09/25 21:31:37 __main__ INFO] - Elapsed 48.11
keys:  dict_keys(['epoch', 'c10h_train_loss', 'c10h_train_acc', 'c10h_val_loss', 'c10h_val_acc', 'c10h_train_c10_loss', 'c10h_train_c10_acc', 'c10h_val_c10_loss', 'c10h_val_c10_acc', 'v4_loss', 'v4_acc', 'v6_loss', 'v6_acc', 'c10_50k_loss', 'c10_50k_acc']) 
 c10h_outdir:  /tigress/ruairidh/model_results/run_1/saves/wrn_28_10/con_False_lr_0.1_seed_1
[2018/09/25 21:31:40 __main__ INFO] - Train 95
[2018/09/25 21:31:59 __main__ INFO] - TEST 95
[2018/09/25 21:32:47 __main__ INFO] - - epoch 95    c10h_train    : 0.1921 (acc: 0.9897) | c10h_val    : 0.4290 (acc: 0.8920)
[2018/09/25 21:32:47 __main__ INFO] - -            c10h_train_c10: 0.0648 (acc: 0.9848) | c10h_val_c10: 0.3160 (acc: 0.8910)
[2018/09/25 21:32:47 __main__ INFO] - -            v4            : 0.6422 (acc: 0.7877) |           v6: 0.6127 (acc: 0.8035)
[2018/09/25 21:32:47 __main__ INFO] - -            c10_50k       : 0.3421 (acc: 0.8884)
[2018/09/25 21:32:47 __main__ INFO] - Elapsed 47.98
keys:  dict_keys(['epoch', 'c10h_train_loss', 'c10h_train_acc', 'c10h_val_loss', 'c10h_val_acc', 'c10h_train_c10_loss', 'c10h_train_c10_acc', 'c10h_val_c10_loss', 'c10h_val_c10_acc', 'v4_loss', 'v4_acc', 'v6_loss', 'v6_acc', 'c10_50k_loss', 'c10_50k_acc']) 
 c10h_outdir:  /tigress/ruairidh/model_results/run_1/saves/wrn_28_10/con_False_lr_0.1_seed_1
[2018/09/25 21:32:50 __main__ INFO] - Train 96
[2018/09/25 21:33:10 __main__ INFO] - TEST 96
[2018/09/25 21:33:58 __main__ INFO] - - epoch 96    c10h_train    : 0.1914 (acc: 0.9892) | c10h_val    : 0.4270 (acc: 0.8970)
[2018/09/25 21:33:58 __main__ INFO] - -            c10h_train_c10: 0.0620 (acc: 0.9849) | c10h_val_c10: 0.3096 (acc: 0.8980)
[2018/09/25 21:33:58 __main__ INFO] - -            v4            : 0.6325 (acc: 0.7981) |           v6: 0.5929 (acc: 0.8115)
[2018/09/25 21:33:58 __main__ INFO] - -            c10_50k       : 0.3386 (acc: 0.8886)
[2018/09/25 21:33:58 __main__ INFO] - Elapsed 48.05
keys:  dict_keys(['epoch', 'c10h_train_loss', 'c10h_train_acc', 'c10h_val_loss', 'c10h_val_acc', 'c10h_train_c10_loss', 'c10h_train_c10_acc', 'c10h_val_c10_loss', 'c10h_val_c10_acc', 'v4_loss', 'v4_acc', 'v6_loss', 'v6_acc', 'c10_50k_loss', 'c10_50k_acc']) 
 c10h_outdir:  /tigress/ruairidh/model_results/run_1/saves/wrn_28_10/con_False_lr_0.1_seed_1
[2018/09/25 21:34:00 __main__ INFO] - Train 97
[2018/09/25 21:34:19 __main__ INFO] - TEST 97
[2018/09/25 21:35:07 __main__ INFO] - - epoch 97    c10h_train    : 0.1915 (acc: 0.9900) | c10h_val    : 0.4246 (acc: 0.9020)
[2018/09/25 21:35:07 __main__ INFO] - -            c10h_train_c10: 0.0595 (acc: 0.9866) | c10h_val_c10: 0.3038 (acc: 0.9010)
[2018/09/25 21:35:07 __main__ INFO] - -            v4            : 0.6343 (acc: 0.7917) |           v6: 0.6079 (acc: 0.8005)
[2018/09/25 21:35:07 __main__ INFO] - -            c10_50k       : 0.3365 (acc: 0.8892)
[2018/09/25 21:35:07 __main__ INFO] - Elapsed 47.93
keys:  dict_keys(['epoch', 'c10h_train_loss', 'c10h_train_acc', 'c10h_val_loss', 'c10h_val_acc', 'c10h_train_c10_loss', 'c10h_train_c10_acc', 'c10h_val_c10_loss', 'c10h_val_c10_acc', 'v4_loss', 'v4_acc', 'v6_loss', 'v6_acc', 'c10_50k_loss', 'c10_50k_acc']) 
 c10h_outdir:  /tigress/ruairidh/model_results/run_1/saves/wrn_28_10/con_False_lr_0.1_seed_1
[2018/09/25 21:35:08 __main__ INFO] - Train 98
[2018/09/25 21:35:27 __main__ INFO] - TEST 98
[2018/09/25 21:36:15 __main__ INFO] - - epoch 98    c10h_train    : 0.1919 (acc: 0.9899) | c10h_val    : 0.4210 (acc: 0.9070)
[2018/09/25 21:36:15 __main__ INFO] - -            c10h_train_c10: 0.0590 (acc: 0.9864) | c10h_val_c10: 0.2995 (acc: 0.9080)
[2018/09/25 21:36:15 __main__ INFO] - -            v4            : 0.6169 (acc: 0.7937) |           v6: 0.6011 (acc: 0.8045)
[2018/09/25 21:36:15 __main__ INFO] - -            c10_50k       : 0.3384 (acc: 0.8889)
[2018/09/25 21:36:15 __main__ INFO] - Elapsed 47.88
keys:  dict_keys(['epoch', 'c10h_train_loss', 'c10h_train_acc', 'c10h_val_loss', 'c10h_val_acc', 'c10h_train_c10_loss', 'c10h_train_c10_acc', 'c10h_val_c10_loss', 'c10h_val_c10_acc', 'v4_loss', 'v4_acc', 'v6_loss', 'v6_acc', 'c10_50k_loss', 'c10_50k_acc']) 
 c10h_outdir:  /tigress/ruairidh/model_results/run_1/saves/wrn_28_10/con_False_lr_0.1_seed_1
[2018/09/25 21:36:17 __main__ INFO] - Train 99
[2018/09/25 21:36:36 __main__ INFO] - TEST 99
[2018/09/25 21:37:24 __main__ INFO] - - epoch 99    c10h_train    : 0.1918 (acc: 0.9891) | c10h_val    : 0.4239 (acc: 0.8990)
[2018/09/25 21:37:24 __main__ INFO] - -            c10h_train_c10: 0.0617 (acc: 0.9843) | c10h_val_c10: 0.3032 (acc: 0.9010)
[2018/09/25 21:37:24 __main__ INFO] - -            v4            : 0.6558 (acc: 0.7912) |           v6: 0.6111 (acc: 0.7990)
[2018/09/25 21:37:24 __main__ INFO] - -            c10_50k       : 0.3390 (acc: 0.8890)
[2018/09/25 21:37:24 __main__ INFO] - Elapsed 48.01
keys:  dict_keys(['epoch', 'c10h_train_loss', 'c10h_train_acc', 'c10h_val_loss', 'c10h_val_acc', 'c10h_train_c10_loss', 'c10h_train_c10_acc', 'c10h_val_c10_loss', 'c10h_val_c10_acc', 'v4_loss', 'v4_acc', 'v6_loss', 'v6_acc', 'c10_50k_loss', 'c10_50k_acc']) 
 c10h_outdir:  /tigress/ruairidh/model_results/run_1/saves/wrn_28_10/con_False_lr_0.1_seed_1
[2018/09/25 21:37:25 __main__ INFO] - Train 100
[2018/09/25 21:37:45 __main__ INFO] - TEST 100
[2018/09/25 21:38:33 __main__ INFO] - - epoch 100    c10h_train    : 0.1920 (acc: 0.9866) | c10h_val    : 0.4227 (acc: 0.9020)
[2018/09/25 21:38:33 __main__ INFO] - -            c10h_train_c10: 0.0662 (acc: 0.9840) | c10h_val_c10: 0.3042 (acc: 0.9040)
[2018/09/25 21:38:33 __main__ INFO] - -            v4            : 0.6442 (acc: 0.7932) |           v6: 0.6195 (acc: 0.7990)
[2018/09/25 21:38:33 __main__ INFO] - -            c10_50k       : 0.3382 (acc: 0.8895)
[2018/09/25 21:38:33 __main__ INFO] - Elapsed 48.52
keys:  dict_keys(['epoch', 'c10h_train_loss', 'c10h_train_acc', 'c10h_val_loss', 'c10h_val_acc', 'c10h_train_c10_loss', 'c10h_train_c10_acc', 'c10h_val_c10_loss', 'c10h_val_c10_acc', 'v4_loss', 'v4_acc', 'v6_loss', 'v6_acc', 'c10_50k_loss', 'c10_50k_acc']) 
 c10h_outdir:  /tigress/ruairidh/model_results/run_1/saves/wrn_28_10/con_False_lr_0.1_seed_1
inner done
