entering inner script
activating virtual env
wrn_28_10
identifier: con_False_lr_0.1_seed_0
--arch=wrn --c10h_save_interval=2 --dataset=CIFAR10H --no_output --c10h_datasplit_seed=0 --human_tune --nonhuman_control=False --base_lr=0.1
wrn_28_10_control:False_lr:0.1_seed:0.out
entering python script
/tigress/ruairidh/model_results/run_1/wrn_28_10/model_best_state.pth
/tigress/ruairidh/model_results/run_1/saves/wrn_28_10/con_False_lr_0.1_seed_0
Using TensorFlow backend.
[2018/09/25 19:42:00 __main__ INFO] - {
  "model_config": {
    "arch": "wrn",
    "input_shape": [
      1,
      3,
      32,
      32
    ],
    "n_classes": 10,
    "base_channels": 16,
    "depth": 28,
    "widening_factor": 10,
    "drop_rate": 0
  },
  "optim_config": {
    "epochs": 200,
    "batch_size": 128,
    "optimizer": "sgd",
    "base_lr": 0.1,
    "weight_decay": 0.0005,
    "momentum": 0.9,
    "nesterov": true,
    "scheduler": "multistep",
    "milestones": [
      60,
      120,
      160
    ],
    "lr_decay": 0.2
  },
  "data_config": {
    "dataset": "CIFAR10H",
    "n_classes": 10,
    "num_workers": 7,
    "batch_size": 128,
    "use_cutout": false,
    "use_random_erasing": false,
    "use_mixup": false,
    "c10h_sample": false,
    "c10h_testsplit_percent": 0.1,
    "c10h_datasplit_seed": 0,
    "use_gpu": true
  },
  "run_config": {
    "seed": 17,
    "test_first": true,
    "gpu": "0",
    "tensorboard": false,
    "tensorboard_train_images": false,
    "tensorboard_test_images": false,
    "tensorboard_model_params": false,
    "resume": "/tigress/ruairidh/model_results/run_1/wrn_28_10/model_best_state.pth",
    "human_tune": true,
    "no_output": true,
    "test_only": false,
    "nonhuman_control": false,
    "c10h_scores_outdir": "/tigress/ruairidh/model_results/run_1/saves/wrn_28_10/con_False_lr_0.1_seed_0",
    "c10h_save_interval": "2",
    "use_gpu": true
  },
  "env_info": {
    "pytorch_version": "0.4.1",
    "cuda_version": "9.0.176",
    "cudnn_version": 7102,
    "gpu0": {
      "name": "Tesla P100-PCIE-16GB",
      "capability": "6.0"
    }
  }
}
Files already downloaded and verified
Files already downloaded and verified
Files already downloaded and verified
Files already downloaded and verified
Files already downloaded and verified
[2018/09/25 19:42:04 __main__ INFO] - Loading model...
[2018/09/25 19:42:04 __main__ INFO] - n_params: 36479194
[2018/09/25 19:42:06 __main__ INFO] - Done
=> loading checkpoint '/tigress/ruairidh/model_results/run_1/wrn_28_10/model_best_state.pth'
=> loaded checkpoint '/tigress/ruairidh/model_results/run_1/wrn_28_10/model_best_state.pth' (epoch 197)
[2018/09/25 19:42:10 __main__ INFO] - TEST 0
[2018/09/25 19:43:00 __main__ INFO] - - epoch 0    c10h_train    : 0.4654 (acc: 0.9482) | c10h_val    : 0.4411 (acc: 0.9630)
[2018/09/25 19:43:00 __main__ INFO] - -            c10h_train_c10: 0.1782 (acc: 0.9510) | c10h_val_c10: 0.1525 (acc: 0.9640)
[2018/09/25 19:43:00 __main__ INFO] - -            v4            : 0.4034 (acc: 0.8986) |           v6: 0.3818 (acc: 0.9100)
[2018/09/25 19:43:00 __main__ INFO] - -            c10_50k       : 0.0012 (acc: 1.0000)
[2018/09/25 19:43:00 __main__ INFO] - Elapsed 50.62
keys:  dict_keys(['epoch', 'c10h_train_loss', 'c10h_train_acc', 'c10h_val_loss', 'c10h_val_acc', 'c10h_train_c10_loss', 'c10h_train_c10_acc', 'c10h_val_c10_loss', 'c10h_val_c10_acc', 'v4_loss', 'v4_acc', 'v6_loss', 'v6_acc', 'c10_50k_loss', 'c10_50k_acc']) 
 c10h_outdir:  /tigress/ruairidh/model_results/run_1/saves/wrn_28_10/con_False_lr_0.1_seed_0
[2018/09/25 19:43:02 __main__ INFO] - Train 1
[2018/09/25 19:43:22 __main__ INFO] - TEST 1
[2018/09/25 19:44:10 __main__ INFO] - - epoch 1    c10h_train    : 1.7371 (acc: 0.3736) | c10h_val    : 1.6672 (acc: 0.3960)
[2018/09/25 19:44:11 __main__ INFO] - -            c10h_train_c10: 1.7195 (acc: 0.3740) | c10h_val_c10: 1.6473 (acc: 0.3960)
[2018/09/25 19:44:11 __main__ INFO] - -            v4            : 1.9917 (acc: 0.2820) |           v6: 1.9091 (acc: 0.3010)
[2018/09/25 19:44:11 __main__ INFO] - -            c10_50k       : 1.7382 (acc: 0.3705)
[2018/09/25 19:44:11 __main__ INFO] - Elapsed 47.96
keys:  dict_keys(['epoch', 'c10h_train_loss', 'c10h_train_acc', 'c10h_val_loss', 'c10h_val_acc', 'c10h_train_c10_loss', 'c10h_train_c10_acc', 'c10h_val_c10_loss', 'c10h_val_c10_acc', 'v4_loss', 'v4_acc', 'v6_loss', 'v6_acc', 'c10_50k_loss', 'c10_50k_acc']) 
 c10h_outdir:  /tigress/ruairidh/model_results/run_1/saves/wrn_28_10/con_False_lr_0.1_seed_0
[2018/09/25 19:44:13 __main__ INFO] - Train 2
[2018/09/25 19:44:32 __main__ INFO] - TEST 2
[2018/09/25 19:45:21 __main__ INFO] - - epoch 2    c10h_train    : 1.6208 (acc: 0.4036) | c10h_val    : 1.6212 (acc: 0.4290)
[2018/09/25 19:45:21 __main__ INFO] - -            c10h_train_c10: 1.5936 (acc: 0.4034) | c10h_val_c10: 1.5855 (acc: 0.4320)
[2018/09/25 19:45:21 __main__ INFO] - -            v4            : 1.8885 (acc: 0.3177) |           v6: 1.8975 (acc: 0.3255)
[2018/09/25 19:45:21 __main__ INFO] - -            c10_50k       : 1.6184 (acc: 0.4002)
[2018/09/25 19:45:21 __main__ INFO] - Elapsed 48.28
keys:  dict_keys(['epoch', 'c10h_train_loss', 'c10h_train_acc', 'c10h_val_loss', 'c10h_val_acc', 'c10h_train_c10_loss', 'c10h_train_c10_acc', 'c10h_val_c10_loss', 'c10h_val_c10_acc', 'v4_loss', 'v4_acc', 'v6_loss', 'v6_acc', 'c10_50k_loss', 'c10_50k_acc']) 
 c10h_outdir:  /tigress/ruairidh/model_results/run_1/saves/wrn_28_10/con_False_lr_0.1_seed_0
[2018/09/25 19:45:21 __main__ INFO] - Train 3
[2018/09/25 19:45:41 __main__ INFO] - TEST 3
[2018/09/25 19:46:29 __main__ INFO] - - epoch 3    c10h_train    : 1.4785 (acc: 0.4942) | c10h_val    : 1.5700 (acc: 0.4410)
[2018/09/25 19:46:29 __main__ INFO] - -            c10h_train_c10: 1.4417 (acc: 0.4939) | c10h_val_c10: 1.5314 (acc: 0.4420)
[2018/09/25 19:46:29 __main__ INFO] - -            v4            : 1.8831 (acc: 0.3632) |           v6: 1.9582 (acc: 0.3645)
[2018/09/25 19:46:29 __main__ INFO] - -            c10_50k       : 1.4788 (acc: 0.4817)
[2018/09/25 19:46:29 __main__ INFO] - Elapsed 48.44
keys:  dict_keys(['epoch', 'c10h_train_loss', 'c10h_train_acc', 'c10h_val_loss', 'c10h_val_acc', 'c10h_train_c10_loss', 'c10h_train_c10_acc', 'c10h_val_c10_loss', 'c10h_val_c10_acc', 'v4_loss', 'v4_acc', 'v6_loss', 'v6_acc', 'c10_50k_loss', 'c10_50k_acc']) 
 c10h_outdir:  /tigress/ruairidh/model_results/run_1/saves/wrn_28_10/con_False_lr_0.1_seed_0
[2018/09/25 19:46:33 __main__ INFO] - Train 4
[2018/09/25 19:46:52 __main__ INFO] - TEST 4
[2018/09/25 19:47:40 __main__ INFO] - - epoch 4    c10h_train    : 1.2818 (acc: 0.5541) | c10h_val    : 1.3604 (acc: 0.5530)
[2018/09/25 19:47:40 __main__ INFO] - -            c10h_train_c10: 1.2489 (acc: 0.5536) | c10h_val_c10: 1.3256 (acc: 0.5530)
[2018/09/25 19:47:40 __main__ INFO] - -            v4            : 1.6525 (acc: 0.4250) |           v6: 1.7281 (acc: 0.4285)
[2018/09/25 19:47:40 __main__ INFO] - -            c10_50k       : 1.2949 (acc: 0.5411)
[2018/09/25 19:47:40 __main__ INFO] - Elapsed 47.85
keys:  dict_keys(['epoch', 'c10h_train_loss', 'c10h_train_acc', 'c10h_val_loss', 'c10h_val_acc', 'c10h_train_c10_loss', 'c10h_train_c10_acc', 'c10h_val_c10_loss', 'c10h_val_c10_acc', 'v4_loss', 'v4_acc', 'v6_loss', 'v6_acc', 'c10_50k_loss', 'c10_50k_acc']) 
 c10h_outdir:  /tigress/ruairidh/model_results/run_1/saves/wrn_28_10/con_False_lr_0.1_seed_0
[2018/09/25 19:47:41 __main__ INFO] - Train 5
[2018/09/25 19:48:00 __main__ INFO] - TEST 5
[2018/09/25 19:48:48 __main__ INFO] - - epoch 5    c10h_train    : 1.4965 (acc: 0.4947) | c10h_val    : 1.7650 (acc: 0.4440)
[2018/09/25 19:48:48 __main__ INFO] - -            c10h_train_c10: 1.4408 (acc: 0.4951) | c10h_val_c10: 1.6931 (acc: 0.4470)
[2018/09/25 19:48:48 __main__ INFO] - -            v4            : 1.9803 (acc: 0.3612) |           v6: 2.1974 (acc: 0.3580)
[2018/09/25 19:48:48 __main__ INFO] - -            c10_50k       : 1.4900 (acc: 0.4883)
[2018/09/25 19:48:48 __main__ INFO] - Elapsed 47.90
keys:  dict_keys(['epoch', 'c10h_train_loss', 'c10h_train_acc', 'c10h_val_loss', 'c10h_val_acc', 'c10h_train_c10_loss', 'c10h_train_c10_acc', 'c10h_val_c10_loss', 'c10h_val_c10_acc', 'v4_loss', 'v4_acc', 'v6_loss', 'v6_acc', 'c10_50k_loss', 'c10_50k_acc']) 
 c10h_outdir:  /tigress/ruairidh/model_results/run_1/saves/wrn_28_10/con_False_lr_0.1_seed_0
[2018/09/25 19:48:49 __main__ INFO] - Train 6
[2018/09/25 19:49:08 __main__ INFO] - TEST 6
[2018/09/25 19:49:56 __main__ INFO] - - epoch 6    c10h_train    : 1.4410 (acc: 0.5612) | c10h_val    : 1.7243 (acc: 0.5360)
[2018/09/25 19:49:56 __main__ INFO] - -            c10h_train_c10: 1.3755 (acc: 0.5601) | c10h_val_c10: 1.6550 (acc: 0.5360)
[2018/09/25 19:49:56 __main__ INFO] - -            v4            : 1.9735 (acc: 0.4226) |           v6: 2.2281 (acc: 0.4310)
[2018/09/25 19:49:56 __main__ INFO] - -            c10_50k       : 1.4335 (acc: 0.5535)
[2018/09/25 19:49:56 __main__ INFO] - Elapsed 48.10
keys:  dict_keys(['epoch', 'c10h_train_loss', 'c10h_train_acc', 'c10h_val_loss', 'c10h_val_acc', 'c10h_train_c10_loss', 'c10h_train_c10_acc', 'c10h_val_c10_loss', 'c10h_val_c10_acc', 'v4_loss', 'v4_acc', 'v6_loss', 'v6_acc', 'c10_50k_loss', 'c10_50k_acc']) 
 c10h_outdir:  /tigress/ruairidh/model_results/run_1/saves/wrn_28_10/con_False_lr_0.1_seed_0
[2018/09/25 19:49:59 __main__ INFO] - Train 7
[2018/09/25 19:50:18 __main__ INFO] - TEST 7
[2018/09/25 19:51:06 __main__ INFO] - - epoch 7    c10h_train    : 1.5033 (acc: 0.5079) | c10h_val    : 1.5736 (acc: 0.5200)
[2018/09/25 19:51:06 __main__ INFO] - -            c10h_train_c10: 1.4339 (acc: 0.5076) | c10h_val_c10: 1.5021 (acc: 0.5200)
[2018/09/25 19:51:06 __main__ INFO] - -            v4            : 1.9511 (acc: 0.3850) |           v6: 2.0527 (acc: 0.4040)
[2018/09/25 19:51:06 __main__ INFO] - -            c10_50k       : 1.5101 (acc: 0.4947)
[2018/09/25 19:51:06 __main__ INFO] - Elapsed 48.09
keys:  dict_keys(['epoch', 'c10h_train_loss', 'c10h_train_acc', 'c10h_val_loss', 'c10h_val_acc', 'c10h_train_c10_loss', 'c10h_train_c10_acc', 'c10h_val_c10_loss', 'c10h_val_c10_acc', 'v4_loss', 'v4_acc', 'v6_loss', 'v6_acc', 'c10_50k_loss', 'c10_50k_acc']) 
 c10h_outdir:  /tigress/ruairidh/model_results/run_1/saves/wrn_28_10/con_False_lr_0.1_seed_0
[2018/09/25 19:51:09 __main__ INFO] - Train 8
[2018/09/25 19:51:28 __main__ INFO] - TEST 8
[2018/09/25 19:52:16 __main__ INFO] - - epoch 8    c10h_train    : 1.0975 (acc: 0.6361) | c10h_val    : 1.2445 (acc: 0.6250)
[2018/09/25 19:52:16 __main__ INFO] - -            c10h_train_c10: 1.0196 (acc: 0.6360) | c10h_val_c10: 1.1614 (acc: 0.6270)
[2018/09/25 19:52:16 __main__ INFO] - -            v4            : 1.5130 (acc: 0.4864) |           v6: 1.5671 (acc: 0.4955)
[2018/09/25 19:52:16 __main__ INFO] - -            c10_50k       : 1.1112 (acc: 0.6127)
[2018/09/25 19:52:16 __main__ INFO] - Elapsed 47.88
keys:  dict_keys(['epoch', 'c10h_train_loss', 'c10h_train_acc', 'c10h_val_loss', 'c10h_val_acc', 'c10h_train_c10_loss', 'c10h_train_c10_acc', 'c10h_val_c10_loss', 'c10h_val_c10_acc', 'v4_loss', 'v4_acc', 'v6_loss', 'v6_acc', 'c10_50k_loss', 'c10_50k_acc']) 
 c10h_outdir:  /tigress/ruairidh/model_results/run_1/saves/wrn_28_10/con_False_lr_0.1_seed_0
[2018/09/25 19:52:18 __main__ INFO] - Train 9
[2018/09/25 19:52:37 __main__ INFO] - TEST 9
[2018/09/25 19:53:25 __main__ INFO] - - epoch 9    c10h_train    : 1.0096 (acc: 0.6626) | c10h_val    : 1.1767 (acc: 0.6120)
[2018/09/25 19:53:25 __main__ INFO] - -            c10h_train_c10: 0.9327 (acc: 0.6634) | c10h_val_c10: 1.1159 (acc: 0.6140)
[2018/09/25 19:53:25 __main__ INFO] - -            v4            : 1.5002 (acc: 0.5002) |           v6: 1.5769 (acc: 0.5090)
[2018/09/25 19:53:25 __main__ INFO] - -            c10_50k       : 1.0391 (acc: 0.6354)
[2018/09/25 19:53:25 __main__ INFO] - Elapsed 47.82
keys:  dict_keys(['epoch', 'c10h_train_loss', 'c10h_train_acc', 'c10h_val_loss', 'c10h_val_acc', 'c10h_train_c10_loss', 'c10h_train_c10_acc', 'c10h_val_c10_loss', 'c10h_val_c10_acc', 'v4_loss', 'v4_acc', 'v6_loss', 'v6_acc', 'c10_50k_loss', 'c10_50k_acc']) 
 c10h_outdir:  /tigress/ruairidh/model_results/run_1/saves/wrn_28_10/con_False_lr_0.1_seed_0
[2018/09/25 19:53:26 __main__ INFO] - Train 10
[2018/09/25 19:53:46 __main__ INFO] - TEST 10
[2018/09/25 19:54:34 __main__ INFO] - - epoch 10    c10h_train    : 1.1390 (acc: 0.6454) | c10h_val    : 1.3467 (acc: 0.6160)
[2018/09/25 19:54:34 __main__ INFO] - -            c10h_train_c10: 1.0631 (acc: 0.6452) | c10h_val_c10: 1.2662 (acc: 0.6190)
[2018/09/25 19:54:34 __main__ INFO] - -            v4            : 1.7025 (acc: 0.4854) |           v6: 1.8768 (acc: 0.4870)
[2018/09/25 19:54:34 __main__ INFO] - -            c10_50k       : 1.1926 (acc: 0.6198)
[2018/09/25 19:54:34 __main__ INFO] - Elapsed 48.36
keys:  dict_keys(['epoch', 'c10h_train_loss', 'c10h_train_acc', 'c10h_val_loss', 'c10h_val_acc', 'c10h_train_c10_loss', 'c10h_train_c10_acc', 'c10h_val_c10_loss', 'c10h_val_c10_acc', 'v4_loss', 'v4_acc', 'v6_loss', 'v6_acc', 'c10_50k_loss', 'c10_50k_acc']) 
 c10h_outdir:  /tigress/ruairidh/model_results/run_1/saves/wrn_28_10/con_False_lr_0.1_seed_0
[2018/09/25 19:54:35 __main__ INFO] - Train 11
[2018/09/25 19:54:55 __main__ INFO] - TEST 11
[2018/09/25 19:55:43 __main__ INFO] - - epoch 11    c10h_train    : 0.9444 (acc: 0.6971) | c10h_val    : 1.1274 (acc: 0.6490)
[2018/09/25 19:55:43 __main__ INFO] - -            c10h_train_c10: 0.8671 (acc: 0.6964) | c10h_val_c10: 1.0597 (acc: 0.6510)
[2018/09/25 19:55:43 __main__ INFO] - -            v4            : 1.3840 (acc: 0.5458) |           v6: 1.5239 (acc: 0.5270)
[2018/09/25 19:55:43 __main__ INFO] - -            c10_50k       : 0.9915 (acc: 0.6644)
[2018/09/25 19:55:43 __main__ INFO] - Elapsed 48.09
keys:  dict_keys(['epoch', 'c10h_train_loss', 'c10h_train_acc', 'c10h_val_loss', 'c10h_val_acc', 'c10h_train_c10_loss', 'c10h_train_c10_acc', 'c10h_val_c10_loss', 'c10h_val_c10_acc', 'v4_loss', 'v4_acc', 'v6_loss', 'v6_acc', 'c10_50k_loss', 'c10_50k_acc']) 
 c10h_outdir:  /tigress/ruairidh/model_results/run_1/saves/wrn_28_10/con_False_lr_0.1_seed_0
[2018/09/25 19:55:44 __main__ INFO] - Train 12
[2018/09/25 19:56:03 __main__ INFO] - TEST 12
[2018/09/25 19:56:52 __main__ INFO] - - epoch 12    c10h_train    : 0.9148 (acc: 0.6930) | c10h_val    : 1.0787 (acc: 0.6640)
[2018/09/25 19:56:52 __main__ INFO] - -            c10h_train_c10: 0.8290 (acc: 0.6927) | c10h_val_c10: 0.9828 (acc: 0.6660)
[2018/09/25 19:56:52 __main__ INFO] - -            v4            : 1.3169 (acc: 0.5413) |           v6: 1.3735 (acc: 0.5570)
[2018/09/25 19:56:52 __main__ INFO] - -            c10_50k       : 0.9680 (acc: 0.6557)
[2018/09/25 19:56:52 __main__ INFO] - Elapsed 48.06
keys:  dict_keys(['epoch', 'c10h_train_loss', 'c10h_train_acc', 'c10h_val_loss', 'c10h_val_acc', 'c10h_train_c10_loss', 'c10h_train_c10_acc', 'c10h_val_c10_loss', 'c10h_val_c10_acc', 'v4_loss', 'v4_acc', 'v6_loss', 'v6_acc', 'c10_50k_loss', 'c10_50k_acc']) 
 c10h_outdir:  /tigress/ruairidh/model_results/run_1/saves/wrn_28_10/con_False_lr_0.1_seed_0
[2018/09/25 19:56:54 __main__ INFO] - Train 13
[2018/09/25 19:57:14 __main__ INFO] - TEST 13
[2018/09/25 19:58:02 __main__ INFO] - - epoch 13    c10h_train    : 0.8240 (acc: 0.7420) | c10h_val    : 1.0424 (acc: 0.7160)
[2018/09/25 19:58:02 __main__ INFO] - -            c10h_train_c10: 0.7249 (acc: 0.7427) | c10h_val_c10: 0.9399 (acc: 0.7180)
[2018/09/25 19:58:02 __main__ INFO] - -            v4            : 1.3032 (acc: 0.5567) |           v6: 1.3248 (acc: 0.5885)
[2018/09/25 19:58:02 __main__ INFO] - -            c10_50k       : 0.8945 (acc: 0.6961)
[2018/09/25 19:58:02 __main__ INFO] - Elapsed 48.06
keys:  dict_keys(['epoch', 'c10h_train_loss', 'c10h_train_acc', 'c10h_val_loss', 'c10h_val_acc', 'c10h_train_c10_loss', 'c10h_train_c10_acc', 'c10h_val_c10_loss', 'c10h_val_c10_acc', 'v4_loss', 'v4_acc', 'v6_loss', 'v6_acc', 'c10_50k_loss', 'c10_50k_acc']) 
 c10h_outdir:  /tigress/ruairidh/model_results/run_1/saves/wrn_28_10/con_False_lr_0.1_seed_0
[2018/09/25 19:58:05 __main__ INFO] - Train 14
[2018/09/25 19:58:24 __main__ INFO] - TEST 14
[2018/09/25 19:59:12 __main__ INFO] - - epoch 14    c10h_train    : 0.7518 (acc: 0.7696) | c10h_val    : 0.9494 (acc: 0.7150)
[2018/09/25 19:59:12 __main__ INFO] - -            c10h_train_c10: 0.6672 (acc: 0.7699) | c10h_val_c10: 0.8691 (acc: 0.7190)
[2018/09/25 19:59:12 __main__ INFO] - -            v4            : 1.2295 (acc: 0.5962) |           v6: 1.3011 (acc: 0.5790)
[2018/09/25 19:59:12 __main__ INFO] - -            c10_50k       : 0.8452 (acc: 0.7181)
[2018/09/25 19:59:12 __main__ INFO] - Elapsed 48.20
keys:  dict_keys(['epoch', 'c10h_train_loss', 'c10h_train_acc', 'c10h_val_loss', 'c10h_val_acc', 'c10h_train_c10_loss', 'c10h_train_c10_acc', 'c10h_val_c10_loss', 'c10h_val_c10_acc', 'v4_loss', 'v4_acc', 'v6_loss', 'v6_acc', 'c10_50k_loss', 'c10_50k_acc']) 
 c10h_outdir:  /tigress/ruairidh/model_results/run_1/saves/wrn_28_10/con_False_lr_0.1_seed_0
[2018/09/25 19:59:15 __main__ INFO] - Train 15
[2018/09/25 19:59:35 __main__ INFO] - TEST 15
[2018/09/25 20:00:22 __main__ INFO] - - epoch 15    c10h_train    : 0.6293 (acc: 0.8194) | c10h_val    : 0.8544 (acc: 0.7610)
[2018/09/25 20:00:22 __main__ INFO] - -            c10h_train_c10: 0.5311 (acc: 0.8182) | c10h_val_c10: 0.7610 (acc: 0.7620)
[2018/09/25 20:00:22 __main__ INFO] - -            v4            : 1.1059 (acc: 0.6294) |           v6: 1.1044 (acc: 0.6510)
[2018/09/25 20:00:22 __main__ INFO] - -            c10_50k       : 0.7243 (acc: 0.7556)
[2018/09/25 20:00:22 __main__ INFO] - Elapsed 47.85
keys:  dict_keys(['epoch', 'c10h_train_loss', 'c10h_train_acc', 'c10h_val_loss', 'c10h_val_acc', 'c10h_train_c10_loss', 'c10h_train_c10_acc', 'c10h_val_c10_loss', 'c10h_val_c10_acc', 'v4_loss', 'v4_acc', 'v6_loss', 'v6_acc', 'c10_50k_loss', 'c10_50k_acc']) 
 c10h_outdir:  /tigress/ruairidh/model_results/run_1/saves/wrn_28_10/con_False_lr_0.1_seed_0
[2018/09/25 20:00:25 __main__ INFO] - Train 16
[2018/09/25 20:00:44 __main__ INFO] - TEST 16
[2018/09/25 20:01:32 __main__ INFO] - - epoch 16    c10h_train    : 0.9219 (acc: 0.7096) | c10h_val    : 1.1463 (acc: 0.6500)
[2018/09/25 20:01:32 __main__ INFO] - -            c10h_train_c10: 0.8251 (acc: 0.7093) | c10h_val_c10: 1.0553 (acc: 0.6550)
[2018/09/25 20:01:32 __main__ INFO] - -            v4            : 1.5118 (acc: 0.5195) |           v6: 1.5370 (acc: 0.5465)
[2018/09/25 20:01:32 __main__ INFO] - -            c10_50k       : 1.0059 (acc: 0.6596)
[2018/09/25 20:01:32 __main__ INFO] - Elapsed 47.85
keys:  dict_keys(['epoch', 'c10h_train_loss', 'c10h_train_acc', 'c10h_val_loss', 'c10h_val_acc', 'c10h_train_c10_loss', 'c10h_train_c10_acc', 'c10h_val_c10_loss', 'c10h_val_c10_acc', 'v4_loss', 'v4_acc', 'v6_loss', 'v6_acc', 'c10_50k_loss', 'c10_50k_acc']) 
 c10h_outdir:  /tigress/ruairidh/model_results/run_1/saves/wrn_28_10/con_False_lr_0.1_seed_0
[2018/09/25 20:01:35 __main__ INFO] - Train 17
[2018/09/25 20:01:55 __main__ INFO] - TEST 17
[2018/09/25 20:02:43 __main__ INFO] - - epoch 17    c10h_train    : 0.6553 (acc: 0.8078) | c10h_val    : 0.8917 (acc: 0.7390)
[2018/09/25 20:02:43 __main__ INFO] - -            c10h_train_c10: 0.5584 (acc: 0.8063) | c10h_val_c10: 0.8115 (acc: 0.7410)
[2018/09/25 20:02:43 __main__ INFO] - -            v4            : 1.2795 (acc: 0.5893) |           v6: 1.2631 (acc: 0.6025)
[2018/09/25 20:02:43 __main__ INFO] - -            c10_50k       : 0.7780 (acc: 0.7412)
[2018/09/25 20:02:43 __main__ INFO] - Elapsed 48.22
keys:  dict_keys(['epoch', 'c10h_train_loss', 'c10h_train_acc', 'c10h_val_loss', 'c10h_val_acc', 'c10h_train_c10_loss', 'c10h_train_c10_acc', 'c10h_val_c10_loss', 'c10h_val_c10_acc', 'v4_loss', 'v4_acc', 'v6_loss', 'v6_acc', 'c10_50k_loss', 'c10_50k_acc']) 
 c10h_outdir:  /tigress/ruairidh/model_results/run_1/saves/wrn_28_10/con_False_lr_0.1_seed_0
[2018/09/25 20:02:44 __main__ INFO] - Train 18
[2018/09/25 20:03:03 __main__ INFO] - TEST 18
[2018/09/25 20:03:51 __main__ INFO] - - epoch 18    c10h_train    : 0.6098 (acc: 0.8211) | c10h_val    : 0.8470 (acc: 0.7540)
[2018/09/25 20:03:51 __main__ INFO] - -            c10h_train_c10: 0.5013 (acc: 0.8210) | c10h_val_c10: 0.7585 (acc: 0.7550)
[2018/09/25 20:03:51 __main__ INFO] - -            v4            : 1.1306 (acc: 0.6160) |           v6: 1.1656 (acc: 0.6295)
[2018/09/25 20:03:51 __main__ INFO] - -            c10_50k       : 0.7270 (acc: 0.7571)
[2018/09/25 20:03:51 __main__ INFO] - Elapsed 47.83
keys:  dict_keys(['epoch', 'c10h_train_loss', 'c10h_train_acc', 'c10h_val_loss', 'c10h_val_acc', 'c10h_train_c10_loss', 'c10h_train_c10_acc', 'c10h_val_c10_loss', 'c10h_val_c10_acc', 'v4_loss', 'v4_acc', 'v6_loss', 'v6_acc', 'c10_50k_loss', 'c10_50k_acc']) 
 c10h_outdir:  /tigress/ruairidh/model_results/run_1/saves/wrn_28_10/con_False_lr_0.1_seed_0
[2018/09/25 20:03:53 __main__ INFO] - Train 19
[2018/09/25 20:04:12 __main__ INFO] - TEST 19
[2018/09/25 20:05:00 __main__ INFO] - - epoch 19    c10h_train    : 0.5478 (acc: 0.8493) | c10h_val    : 0.7395 (acc: 0.7780)
[2018/09/25 20:05:01 __main__ INFO] - -            c10h_train_c10: 0.4463 (acc: 0.8492) | c10h_val_c10: 0.6434 (acc: 0.7790)
[2018/09/25 20:05:01 __main__ INFO] - -            v4            : 1.0174 (acc: 0.6531) |           v6: 1.0363 (acc: 0.6630)
[2018/09/25 20:05:01 __main__ INFO] - -            c10_50k       : 0.6611 (acc: 0.7752)
[2018/09/25 20:05:01 __main__ INFO] - Elapsed 48.10
keys:  dict_keys(['epoch', 'c10h_train_loss', 'c10h_train_acc', 'c10h_val_loss', 'c10h_val_acc', 'c10h_train_c10_loss', 'c10h_train_c10_acc', 'c10h_val_c10_loss', 'c10h_val_c10_acc', 'v4_loss', 'v4_acc', 'v6_loss', 'v6_acc', 'c10_50k_loss', 'c10_50k_acc']) 
 c10h_outdir:  /tigress/ruairidh/model_results/run_1/saves/wrn_28_10/con_False_lr_0.1_seed_0
[2018/09/25 20:05:02 __main__ INFO] - Train 20
[2018/09/25 20:05:22 __main__ INFO] - TEST 20
[2018/09/25 20:06:10 __main__ INFO] - - epoch 20    c10h_train    : 0.6362 (acc: 0.8349) | c10h_val    : 0.9332 (acc: 0.7470)
[2018/09/25 20:06:10 __main__ INFO] - -            c10h_train_c10: 0.5124 (acc: 0.8341) | c10h_val_c10: 0.8282 (acc: 0.7500)
[2018/09/25 20:06:10 __main__ INFO] - -            v4            : 1.2822 (acc: 0.6225) |           v6: 1.3490 (acc: 0.6360)
[2018/09/25 20:06:10 __main__ INFO] - -            c10_50k       : 0.7924 (acc: 0.7524)
[2018/09/25 20:06:10 __main__ INFO] - Elapsed 48.09
keys:  dict_keys(['epoch', 'c10h_train_loss', 'c10h_train_acc', 'c10h_val_loss', 'c10h_val_acc', 'c10h_train_c10_loss', 'c10h_train_c10_acc', 'c10h_val_c10_loss', 'c10h_val_c10_acc', 'v4_loss', 'v4_acc', 'v6_loss', 'v6_acc', 'c10_50k_loss', 'c10_50k_acc']) 
 c10h_outdir:  /tigress/ruairidh/model_results/run_1/saves/wrn_28_10/con_False_lr_0.1_seed_0
[2018/09/25 20:06:10 __main__ INFO] - Train 21
[2018/09/25 20:06:30 __main__ INFO] - TEST 21
[2018/09/25 20:07:18 __main__ INFO] - - epoch 21    c10h_train    : 0.6561 (acc: 0.8116) | c10h_val    : 0.8641 (acc: 0.7510)
[2018/09/25 20:07:18 __main__ INFO] - -            c10h_train_c10: 0.5532 (acc: 0.8111) | c10h_val_c10: 0.7648 (acc: 0.7530)
[2018/09/25 20:07:18 __main__ INFO] - -            v4            : 1.1874 (acc: 0.6170) |           v6: 1.2115 (acc: 0.6180)
[2018/09/25 20:07:18 __main__ INFO] - -            c10_50k       : 0.8014 (acc: 0.7365)
[2018/09/25 20:07:18 __main__ INFO] - Elapsed 48.20
keys:  dict_keys(['epoch', 'c10h_train_loss', 'c10h_train_acc', 'c10h_val_loss', 'c10h_val_acc', 'c10h_train_c10_loss', 'c10h_train_c10_acc', 'c10h_val_c10_loss', 'c10h_val_c10_acc', 'v4_loss', 'v4_acc', 'v6_loss', 'v6_acc', 'c10_50k_loss', 'c10_50k_acc']) 
 c10h_outdir:  /tigress/ruairidh/model_results/run_1/saves/wrn_28_10/con_False_lr_0.1_seed_0
[2018/09/25 20:07:19 __main__ INFO] - Train 22
[2018/09/25 20:07:39 __main__ INFO] - TEST 22
[2018/09/25 20:08:27 __main__ INFO] - - epoch 22    c10h_train    : 0.5039 (acc: 0.8682) | c10h_val    : 0.7744 (acc: 0.7880)
[2018/09/25 20:08:27 __main__ INFO] - -            c10h_train_c10: 0.3812 (acc: 0.8664) | c10h_val_c10: 0.6655 (acc: 0.7900)
[2018/09/25 20:08:27 __main__ INFO] - -            v4            : 1.0952 (acc: 0.6531) |           v6: 1.0655 (acc: 0.6725)
[2018/09/25 20:08:27 __main__ INFO] - -            c10_50k       : 0.6524 (acc: 0.7818)
[2018/09/25 20:08:27 __main__ INFO] - Elapsed 48.02
keys:  dict_keys(['epoch', 'c10h_train_loss', 'c10h_train_acc', 'c10h_val_loss', 'c10h_val_acc', 'c10h_train_c10_loss', 'c10h_train_c10_acc', 'c10h_val_c10_loss', 'c10h_val_c10_acc', 'v4_loss', 'v4_acc', 'v6_loss', 'v6_acc', 'c10_50k_loss', 'c10_50k_acc']) 
 c10h_outdir:  /tigress/ruairidh/model_results/run_1/saves/wrn_28_10/con_False_lr_0.1_seed_0
[2018/09/25 20:08:28 __main__ INFO] - Train 23
[2018/09/25 20:08:48 __main__ INFO] - TEST 23
[2018/09/25 20:09:36 __main__ INFO] - - epoch 23    c10h_train    : 0.6127 (acc: 0.8282) | c10h_val    : 0.9001 (acc: 0.7540)
[2018/09/25 20:09:36 __main__ INFO] - -            c10h_train_c10: 0.5032 (acc: 0.8260) | c10h_val_c10: 0.8020 (acc: 0.7530)
[2018/09/25 20:09:36 __main__ INFO] - -            v4            : 1.1950 (acc: 0.6131) |           v6: 1.2291 (acc: 0.6250)
[2018/09/25 20:09:36 __main__ INFO] - -            c10_50k       : 0.7828 (acc: 0.7427)
[2018/09/25 20:09:36 __main__ INFO] - Elapsed 48.35
keys:  dict_keys(['epoch', 'c10h_train_loss', 'c10h_train_acc', 'c10h_val_loss', 'c10h_val_acc', 'c10h_train_c10_loss', 'c10h_train_c10_acc', 'c10h_val_c10_loss', 'c10h_val_c10_acc', 'v4_loss', 'v4_acc', 'v6_loss', 'v6_acc', 'c10_50k_loss', 'c10_50k_acc']) 
 c10h_outdir:  /tigress/ruairidh/model_results/run_1/saves/wrn_28_10/con_False_lr_0.1_seed_0
[2018/09/25 20:09:38 __main__ INFO] - Train 24
[2018/09/25 20:09:58 __main__ INFO] - TEST 24
[2018/09/25 20:10:46 __main__ INFO] - - epoch 24    c10h_train    : 0.4960 (acc: 0.8723) | c10h_val    : 0.7451 (acc: 0.7920)
[2018/09/25 20:10:46 __main__ INFO] - -            c10h_train_c10: 0.3933 (acc: 0.8717) | c10h_val_c10: 0.6490 (acc: 0.7930)
[2018/09/25 20:10:46 __main__ INFO] - -            v4            : 1.0476 (acc: 0.6502) |           v6: 1.0281 (acc: 0.6580)
[2018/09/25 20:10:46 __main__ INFO] - -            c10_50k       : 0.6665 (acc: 0.7758)
[2018/09/25 20:10:46 __main__ INFO] - Elapsed 48.22
keys:  dict_keys(['epoch', 'c10h_train_loss', 'c10h_train_acc', 'c10h_val_loss', 'c10h_val_acc', 'c10h_train_c10_loss', 'c10h_train_c10_acc', 'c10h_val_c10_loss', 'c10h_val_c10_acc', 'v4_loss', 'v4_acc', 'v6_loss', 'v6_acc', 'c10_50k_loss', 'c10_50k_acc']) 
 c10h_outdir:  /tigress/ruairidh/model_results/run_1/saves/wrn_28_10/con_False_lr_0.1_seed_0
[2018/09/25 20:10:48 __main__ INFO] - Train 25
[2018/09/25 20:11:07 __main__ INFO] - TEST 25
[2018/09/25 20:11:55 __main__ INFO] - - epoch 25    c10h_train    : 0.7041 (acc: 0.7884) | c10h_val    : 1.0609 (acc: 0.7010)
[2018/09/25 20:11:55 __main__ INFO] - -            c10h_train_c10: 0.5979 (acc: 0.7880) | c10h_val_c10: 0.9660 (acc: 0.7060)
[2018/09/25 20:11:55 __main__ INFO] - -            v4            : 1.2707 (acc: 0.5844) |           v6: 1.3871 (acc: 0.5900)
[2018/09/25 20:11:55 __main__ INFO] - -            c10_50k       : 0.8787 (acc: 0.7150)
[2018/09/25 20:11:55 __main__ INFO] - Elapsed 47.87
keys:  dict_keys(['epoch', 'c10h_train_loss', 'c10h_train_acc', 'c10h_val_loss', 'c10h_val_acc', 'c10h_train_c10_loss', 'c10h_train_c10_acc', 'c10h_val_c10_loss', 'c10h_val_c10_acc', 'v4_loss', 'v4_acc', 'v6_loss', 'v6_acc', 'c10_50k_loss', 'c10_50k_acc']) 
 c10h_outdir:  /tigress/ruairidh/model_results/run_1/saves/wrn_28_10/con_False_lr_0.1_seed_0
[2018/09/25 20:11:56 __main__ INFO] - Train 26
[2018/09/25 20:12:16 __main__ INFO] - TEST 26
[2018/09/25 20:13:04 __main__ INFO] - - epoch 26    c10h_train    : 0.5194 (acc: 0.8611) | c10h_val    : 0.8717 (acc: 0.7340)
[2018/09/25 20:13:04 __main__ INFO] - -            c10h_train_c10: 0.3997 (acc: 0.8607) | c10h_val_c10: 0.7766 (acc: 0.7360)
[2018/09/25 20:13:04 __main__ INFO] - -            v4            : 1.1713 (acc: 0.6358) |           v6: 1.2509 (acc: 0.6215)
[2018/09/25 20:13:04 __main__ INFO] - -            c10_50k       : 0.7225 (acc: 0.7599)
[2018/09/25 20:13:04 __main__ INFO] - Elapsed 48.31
keys:  dict_keys(['epoch', 'c10h_train_loss', 'c10h_train_acc', 'c10h_val_loss', 'c10h_val_acc', 'c10h_train_c10_loss', 'c10h_train_c10_acc', 'c10h_val_c10_loss', 'c10h_val_c10_acc', 'v4_loss', 'v4_acc', 'v6_loss', 'v6_acc', 'c10_50k_loss', 'c10_50k_acc']) 
 c10h_outdir:  /tigress/ruairidh/model_results/run_1/saves/wrn_28_10/con_False_lr_0.1_seed_0
[2018/09/25 20:13:05 __main__ INFO] - Train 27
[2018/09/25 20:13:24 __main__ INFO] - TEST 27
[2018/09/25 20:14:12 __main__ INFO] - - epoch 27    c10h_train    : 0.5127 (acc: 0.8698) | c10h_val    : 0.8449 (acc: 0.7740)
[2018/09/25 20:14:13 __main__ INFO] - -            c10h_train_c10: 0.3848 (acc: 0.8692) | c10h_val_c10: 0.7299 (acc: 0.7750)
[2018/09/25 20:14:13 __main__ INFO] - -            v4            : 1.1762 (acc: 0.6378) |           v6: 1.1887 (acc: 0.6485)
[2018/09/25 20:14:13 __main__ INFO] - -            c10_50k       : 0.7113 (acc: 0.7717)
[2018/09/25 20:14:13 __main__ INFO] - Elapsed 47.99
keys:  dict_keys(['epoch', 'c10h_train_loss', 'c10h_train_acc', 'c10h_val_loss', 'c10h_val_acc', 'c10h_train_c10_loss', 'c10h_train_c10_acc', 'c10h_val_c10_loss', 'c10h_val_c10_acc', 'v4_loss', 'v4_acc', 'v6_loss', 'v6_acc', 'c10_50k_loss', 'c10_50k_acc']) 
 c10h_outdir:  /tigress/ruairidh/model_results/run_1/saves/wrn_28_10/con_False_lr_0.1_seed_0
[2018/09/25 20:14:14 __main__ INFO] - Train 28
[2018/09/25 20:14:33 __main__ INFO] - TEST 28
[2018/09/25 20:15:22 __main__ INFO] - - epoch 28    c10h_train    : 0.4809 (acc: 0.8781) | c10h_val    : 0.8163 (acc: 0.7720)
[2018/09/25 20:15:22 __main__ INFO] - -            c10h_train_c10: 0.3577 (acc: 0.8777) | c10h_val_c10: 0.7177 (acc: 0.7750)
[2018/09/25 20:15:22 __main__ INFO] - -            v4            : 1.0188 (acc: 0.6640) |           v6: 1.0699 (acc: 0.6670)
[2018/09/25 20:15:22 __main__ INFO] - -            c10_50k       : 0.6792 (acc: 0.7776)
[2018/09/25 20:15:22 __main__ INFO] - Elapsed 48.05
keys:  dict_keys(['epoch', 'c10h_train_loss', 'c10h_train_acc', 'c10h_val_loss', 'c10h_val_acc', 'c10h_train_c10_loss', 'c10h_train_c10_acc', 'c10h_val_c10_loss', 'c10h_val_c10_acc', 'v4_loss', 'v4_acc', 'v6_loss', 'v6_acc', 'c10_50k_loss', 'c10_50k_acc']) 
 c10h_outdir:  /tigress/ruairidh/model_results/run_1/saves/wrn_28_10/con_False_lr_0.1_seed_0
[2018/09/25 20:15:24 __main__ INFO] - Train 29
[2018/09/25 20:15:44 __main__ INFO] - TEST 29
[2018/09/25 20:16:32 __main__ INFO] - - epoch 29    c10h_train    : 0.4420 (acc: 0.8942) | c10h_val    : 0.7729 (acc: 0.7830)
[2018/09/25 20:16:32 __main__ INFO] - -            c10h_train_c10: 0.3127 (acc: 0.8940) | c10h_val_c10: 0.6610 (acc: 0.7860)
[2018/09/25 20:16:32 __main__ INFO] - -            v4            : 1.0641 (acc: 0.6447) |           v6: 1.0682 (acc: 0.6725)
[2018/09/25 20:16:32 __main__ INFO] - -            c10_50k       : 0.6239 (acc: 0.7940)
[2018/09/25 20:16:32 __main__ INFO] - Elapsed 48.21
keys:  dict_keys(['epoch', 'c10h_train_loss', 'c10h_train_acc', 'c10h_val_loss', 'c10h_val_acc', 'c10h_train_c10_loss', 'c10h_train_c10_acc', 'c10h_val_c10_loss', 'c10h_val_c10_acc', 'v4_loss', 'v4_acc', 'v6_loss', 'v6_acc', 'c10_50k_loss', 'c10_50k_acc']) 
 c10h_outdir:  /tigress/ruairidh/model_results/run_1/saves/wrn_28_10/con_False_lr_0.1_seed_0
[2018/09/25 20:16:34 __main__ INFO] - Train 30
[2018/09/25 20:16:54 __main__ INFO] - TEST 30
[2018/09/25 20:17:42 __main__ INFO] - - epoch 30    c10h_train    : 0.5393 (acc: 0.8544) | c10h_val    : 0.8533 (acc: 0.7640)
[2018/09/25 20:17:42 __main__ INFO] - -            c10h_train_c10: 0.4187 (acc: 0.8536) | c10h_val_c10: 0.7402 (acc: 0.7650)
[2018/09/25 20:17:42 __main__ INFO] - -            v4            : 1.0701 (acc: 0.6576) |           v6: 1.1130 (acc: 0.6615)
[2018/09/25 20:17:42 __main__ INFO] - -            c10_50k       : 0.7192 (acc: 0.7614)
[2018/09/25 20:17:42 __main__ INFO] - Elapsed 48.18
keys:  dict_keys(['epoch', 'c10h_train_loss', 'c10h_train_acc', 'c10h_val_loss', 'c10h_val_acc', 'c10h_train_c10_loss', 'c10h_train_c10_acc', 'c10h_val_c10_loss', 'c10h_val_c10_acc', 'v4_loss', 'v4_acc', 'v6_loss', 'v6_acc', 'c10_50k_loss', 'c10_50k_acc']) 
 c10h_outdir:  /tigress/ruairidh/model_results/run_1/saves/wrn_28_10/con_False_lr_0.1_seed_0
[2018/09/25 20:17:44 __main__ INFO] - Train 31
[2018/09/25 20:18:04 __main__ INFO] - TEST 31
[2018/09/25 20:18:52 __main__ INFO] - - epoch 31    c10h_train    : 0.5156 (acc: 0.8612) | c10h_val    : 0.8152 (acc: 0.7640)
[2018/09/25 20:18:52 __main__ INFO] - -            c10h_train_c10: 0.4011 (acc: 0.8602) | c10h_val_c10: 0.7248 (acc: 0.7630)
[2018/09/25 20:18:52 __main__ INFO] - -            v4            : 1.1091 (acc: 0.6432) |           v6: 1.1026 (acc: 0.6650)
[2018/09/25 20:18:52 __main__ INFO] - -            c10_50k       : 0.7322 (acc: 0.7605)
[2018/09/25 20:18:52 __main__ INFO] - Elapsed 48.06
keys:  dict_keys(['epoch', 'c10h_train_loss', 'c10h_train_acc', 'c10h_val_loss', 'c10h_val_acc', 'c10h_train_c10_loss', 'c10h_train_c10_acc', 'c10h_val_c10_loss', 'c10h_val_c10_acc', 'v4_loss', 'v4_acc', 'v6_loss', 'v6_acc', 'c10_50k_loss', 'c10_50k_acc']) 
 c10h_outdir:  /tigress/ruairidh/model_results/run_1/saves/wrn_28_10/con_False_lr_0.1_seed_0
[2018/09/25 20:18:53 __main__ INFO] - Train 32
[2018/09/25 20:19:13 __main__ INFO] - TEST 32
[2018/09/25 20:20:01 __main__ INFO] - - epoch 32    c10h_train    : 0.5776 (acc: 0.8433) | c10h_val    : 0.9752 (acc: 0.7430)
[2018/09/25 20:20:01 __main__ INFO] - -            c10h_train_c10: 0.4521 (acc: 0.8438) | c10h_val_c10: 0.8602 (acc: 0.7470)
[2018/09/25 20:20:01 __main__ INFO] - -            v4            : 1.2336 (acc: 0.6205) |           v6: 1.2975 (acc: 0.6185)
[2018/09/25 20:20:01 __main__ INFO] - -            c10_50k       : 0.7987 (acc: 0.7433)
[2018/09/25 20:20:01 __main__ INFO] - Elapsed 48.41
keys:  dict_keys(['epoch', 'c10h_train_loss', 'c10h_train_acc', 'c10h_val_loss', 'c10h_val_acc', 'c10h_train_c10_loss', 'c10h_train_c10_acc', 'c10h_val_c10_loss', 'c10h_val_c10_acc', 'v4_loss', 'v4_acc', 'v6_loss', 'v6_acc', 'c10_50k_loss', 'c10_50k_acc']) 
 c10h_outdir:  /tigress/ruairidh/model_results/run_1/saves/wrn_28_10/con_False_lr_0.1_seed_0
[2018/09/25 20:20:02 __main__ INFO] - Train 33
[2018/09/25 20:20:21 __main__ INFO] - TEST 33
[2018/09/25 20:21:09 __main__ INFO] - - epoch 33    c10h_train    : 0.5386 (acc: 0.8662) | c10h_val    : 0.9740 (acc: 0.7320)
[2018/09/25 20:21:09 __main__ INFO] - -            c10h_train_c10: 0.4043 (acc: 0.8646) | c10h_val_c10: 0.8673 (acc: 0.7330)
[2018/09/25 20:21:09 __main__ INFO] - -            v4            : 1.3985 (acc: 0.5987) |           v6: 1.5391 (acc: 0.5940)
[2018/09/25 20:21:09 __main__ INFO] - -            c10_50k       : 0.8078 (acc: 0.7506)
[2018/09/25 20:21:09 __main__ INFO] - Elapsed 48.03
keys:  dict_keys(['epoch', 'c10h_train_loss', 'c10h_train_acc', 'c10h_val_loss', 'c10h_val_acc', 'c10h_train_c10_loss', 'c10h_train_c10_acc', 'c10h_val_c10_loss', 'c10h_val_c10_acc', 'v4_loss', 'v4_acc', 'v6_loss', 'v6_acc', 'c10_50k_loss', 'c10_50k_acc']) 
 c10h_outdir:  /tigress/ruairidh/model_results/run_1/saves/wrn_28_10/con_False_lr_0.1_seed_0
[2018/09/25 20:21:12 __main__ INFO] - Train 34
[2018/09/25 20:21:31 __main__ INFO] - TEST 34
[2018/09/25 20:22:20 __main__ INFO] - - epoch 34    c10h_train    : 0.4995 (acc: 0.8716) | c10h_val    : 0.8745 (acc: 0.7700)
[2018/09/25 20:22:20 __main__ INFO] - -            c10h_train_c10: 0.3794 (acc: 0.8698) | c10h_val_c10: 0.7872 (acc: 0.7710)
[2018/09/25 20:22:20 __main__ INFO] - -            v4            : 1.1616 (acc: 0.6338) |           v6: 1.2129 (acc: 0.6345)
[2018/09/25 20:22:20 __main__ INFO] - -            c10_50k       : 0.7210 (acc: 0.7680)
[2018/09/25 20:22:20 __main__ INFO] - Elapsed 48.46
keys:  dict_keys(['epoch', 'c10h_train_loss', 'c10h_train_acc', 'c10h_val_loss', 'c10h_val_acc', 'c10h_train_c10_loss', 'c10h_train_c10_acc', 'c10h_val_c10_loss', 'c10h_val_c10_acc', 'v4_loss', 'v4_acc', 'v6_loss', 'v6_acc', 'c10_50k_loss', 'c10_50k_acc']) 
 c10h_outdir:  /tigress/ruairidh/model_results/run_1/saves/wrn_28_10/con_False_lr_0.1_seed_0
[2018/09/25 20:22:20 __main__ INFO] - Train 35
[2018/09/25 20:22:40 __main__ INFO] - TEST 35
[2018/09/25 20:23:28 __main__ INFO] - - epoch 35    c10h_train    : 0.4816 (acc: 0.8750) | c10h_val    : 0.8628 (acc: 0.7370)
[2018/09/25 20:23:28 __main__ INFO] - -            c10h_train_c10: 0.3554 (acc: 0.8758) | c10h_val_c10: 0.7521 (acc: 0.7400)
[2018/09/25 20:23:28 __main__ INFO] - -            v4            : 1.1448 (acc: 0.6333) |           v6: 1.2258 (acc: 0.6305)
[2018/09/25 20:23:28 __main__ INFO] - -            c10_50k       : 0.6935 (acc: 0.7684)
[2018/09/25 20:23:28 __main__ INFO] - Elapsed 48.18
keys:  dict_keys(['epoch', 'c10h_train_loss', 'c10h_train_acc', 'c10h_val_loss', 'c10h_val_acc', 'c10h_train_c10_loss', 'c10h_train_c10_acc', 'c10h_val_c10_loss', 'c10h_val_c10_acc', 'v4_loss', 'v4_acc', 'v6_loss', 'v6_acc', 'c10_50k_loss', 'c10_50k_acc']) 
 c10h_outdir:  /tigress/ruairidh/model_results/run_1/saves/wrn_28_10/con_False_lr_0.1_seed_0
[2018/09/25 20:23:28 __main__ INFO] - Train 36
[2018/09/25 20:23:48 __main__ INFO] - TEST 36
[2018/09/25 20:24:36 __main__ INFO] - - epoch 36    c10h_train    : 0.4567 (acc: 0.8889) | c10h_val    : 0.8101 (acc: 0.7890)
[2018/09/25 20:24:36 __main__ INFO] - -            c10h_train_c10: 0.3221 (acc: 0.8884) | c10h_val_c10: 0.6858 (acc: 0.7910)
[2018/09/25 20:24:36 __main__ INFO] - -            v4            : 1.1021 (acc: 0.6576) |           v6: 1.1427 (acc: 0.6680)
[2018/09/25 20:24:36 __main__ INFO] - -            c10_50k       : 0.6679 (acc: 0.7832)
[2018/09/25 20:24:36 __main__ INFO] - Elapsed 48.07
keys:  dict_keys(['epoch', 'c10h_train_loss', 'c10h_train_acc', 'c10h_val_loss', 'c10h_val_acc', 'c10h_train_c10_loss', 'c10h_train_c10_acc', 'c10h_val_c10_loss', 'c10h_val_c10_acc', 'v4_loss', 'v4_acc', 'v6_loss', 'v6_acc', 'c10_50k_loss', 'c10_50k_acc']) 
 c10h_outdir:  /tigress/ruairidh/model_results/run_1/saves/wrn_28_10/con_False_lr_0.1_seed_0
[2018/09/25 20:24:40 __main__ INFO] - Train 37
[2018/09/25 20:24:59 __main__ INFO] - TEST 37
[2018/09/25 20:25:48 __main__ INFO] - - epoch 37    c10h_train    : 0.3840 (acc: 0.9172) | c10h_val    : 0.7289 (acc: 0.7880)
[2018/09/25 20:25:48 __main__ INFO] - -            c10h_train_c10: 0.2536 (acc: 0.9158) | c10h_val_c10: 0.6118 (acc: 0.7910)
[2018/09/25 20:25:48 __main__ INFO] - -            v4            : 1.0970 (acc: 0.6650) |           v6: 1.1268 (acc: 0.6725)
[2018/09/25 20:25:48 __main__ INFO] - -            c10_50k       : 0.6107 (acc: 0.7988)
[2018/09/25 20:25:48 __main__ INFO] - Elapsed 48.42
keys:  dict_keys(['epoch', 'c10h_train_loss', 'c10h_train_acc', 'c10h_val_loss', 'c10h_val_acc', 'c10h_train_c10_loss', 'c10h_train_c10_acc', 'c10h_val_c10_loss', 'c10h_val_c10_acc', 'v4_loss', 'v4_acc', 'v6_loss', 'v6_acc', 'c10_50k_loss', 'c10_50k_acc']) 
 c10h_outdir:  /tigress/ruairidh/model_results/run_1/saves/wrn_28_10/con_False_lr_0.1_seed_0
[2018/09/25 20:25:50 __main__ INFO] - Train 38
[2018/09/25 20:26:10 __main__ INFO] - TEST 38
[2018/09/25 20:26:58 __main__ INFO] - - epoch 38    c10h_train    : 0.5065 (acc: 0.8653) | c10h_val    : 0.8699 (acc: 0.7580)
[2018/09/25 20:26:58 __main__ INFO] - -            c10h_train_c10: 0.3676 (acc: 0.8652) | c10h_val_c10: 0.7319 (acc: 0.7600)
[2018/09/25 20:26:58 __main__ INFO] - -            v4            : 1.1682 (acc: 0.6462) |           v6: 1.2023 (acc: 0.6455)
[2018/09/25 20:26:58 __main__ INFO] - -            c10_50k       : 0.7311 (acc: 0.7654)
[2018/09/25 20:26:58 __main__ INFO] - Elapsed 48.18
keys:  dict_keys(['epoch', 'c10h_train_loss', 'c10h_train_acc', 'c10h_val_loss', 'c10h_val_acc', 'c10h_train_c10_loss', 'c10h_train_c10_acc', 'c10h_val_c10_loss', 'c10h_val_c10_acc', 'v4_loss', 'v4_acc', 'v6_loss', 'v6_acc', 'c10_50k_loss', 'c10_50k_acc']) 
 c10h_outdir:  /tigress/ruairidh/model_results/run_1/saves/wrn_28_10/con_False_lr_0.1_seed_0
[2018/09/25 20:27:00 __main__ INFO] - Train 39
[2018/09/25 20:27:20 __main__ INFO] - TEST 39
[2018/09/25 20:28:08 __main__ INFO] - - epoch 39    c10h_train    : 0.5921 (acc: 0.8350) | c10h_val    : 0.9935 (acc: 0.7260)
[2018/09/25 20:28:08 __main__ INFO] - -            c10h_train_c10: 0.4797 (acc: 0.8338) | c10h_val_c10: 0.8831 (acc: 0.7290)
[2018/09/25 20:28:08 __main__ INFO] - -            v4            : 1.2436 (acc: 0.6086) |           v6: 1.3386 (acc: 0.6170)
[2018/09/25 20:28:08 __main__ INFO] - -            c10_50k       : 0.8392 (acc: 0.7292)
[2018/09/25 20:28:08 __main__ INFO] - Elapsed 47.86
keys:  dict_keys(['epoch', 'c10h_train_loss', 'c10h_train_acc', 'c10h_val_loss', 'c10h_val_acc', 'c10h_train_c10_loss', 'c10h_train_c10_acc', 'c10h_val_c10_loss', 'c10h_val_c10_acc', 'v4_loss', 'v4_acc', 'v6_loss', 'v6_acc', 'c10_50k_loss', 'c10_50k_acc']) 
 c10h_outdir:  /tigress/ruairidh/model_results/run_1/saves/wrn_28_10/con_False_lr_0.1_seed_0
[2018/09/25 20:28:10 __main__ INFO] - Train 40
[2018/09/25 20:28:30 __main__ INFO] - TEST 40
[2018/09/25 20:29:18 __main__ INFO] - - epoch 40    c10h_train    : 0.4614 (acc: 0.8810) | c10h_val    : 0.7640 (acc: 0.7860)
[2018/09/25 20:29:18 __main__ INFO] - -            c10h_train_c10: 0.3301 (acc: 0.8806) | c10h_val_c10: 0.6477 (acc: 0.7880)
[2018/09/25 20:29:18 __main__ INFO] - -            v4            : 1.0915 (acc: 0.6581) |           v6: 1.1349 (acc: 0.6575)
[2018/09/25 20:29:18 __main__ INFO] - -            c10_50k       : 0.6773 (acc: 0.7777)
[2018/09/25 20:29:18 __main__ INFO] - Elapsed 48.15
keys:  dict_keys(['epoch', 'c10h_train_loss', 'c10h_train_acc', 'c10h_val_loss', 'c10h_val_acc', 'c10h_train_c10_loss', 'c10h_train_c10_acc', 'c10h_val_c10_loss', 'c10h_val_c10_acc', 'v4_loss', 'v4_acc', 'v6_loss', 'v6_acc', 'c10_50k_loss', 'c10_50k_acc']) 
 c10h_outdir:  /tigress/ruairidh/model_results/run_1/saves/wrn_28_10/con_False_lr_0.1_seed_0
[2018/09/25 20:29:20 __main__ INFO] - Train 41
[2018/09/25 20:29:39 __main__ INFO] - TEST 41
[2018/09/25 20:30:28 __main__ INFO] - - epoch 41    c10h_train    : 0.5043 (acc: 0.8670) | c10h_val    : 0.9144 (acc: 0.7610)
[2018/09/25 20:30:28 __main__ INFO] - -            c10h_train_c10: 0.3768 (acc: 0.8666) | c10h_val_c10: 0.7941 (acc: 0.7630)
[2018/09/25 20:30:28 __main__ INFO] - -            v4            : 1.1868 (acc: 0.6363) |           v6: 1.2849 (acc: 0.6255)
[2018/09/25 20:30:28 __main__ INFO] - -            c10_50k       : 0.7693 (acc: 0.7542)
[2018/09/25 20:30:28 __main__ INFO] - Elapsed 48.16
keys:  dict_keys(['epoch', 'c10h_train_loss', 'c10h_train_acc', 'c10h_val_loss', 'c10h_val_acc', 'c10h_train_c10_loss', 'c10h_train_c10_acc', 'c10h_val_c10_loss', 'c10h_val_c10_acc', 'v4_loss', 'v4_acc', 'v6_loss', 'v6_acc', 'c10_50k_loss', 'c10_50k_acc']) 
 c10h_outdir:  /tigress/ruairidh/model_results/run_1/saves/wrn_28_10/con_False_lr_0.1_seed_0
[2018/09/25 20:30:29 __main__ INFO] - Train 42
[2018/09/25 20:30:49 __main__ INFO] - TEST 42
[2018/09/25 20:31:37 __main__ INFO] - - epoch 42    c10h_train    : 0.4870 (acc: 0.8731) | c10h_val    : 0.8974 (acc: 0.7620)
[2018/09/25 20:31:37 __main__ INFO] - -            c10h_train_c10: 0.3645 (acc: 0.8708) | c10h_val_c10: 0.7893 (acc: 0.7620)
[2018/09/25 20:31:37 __main__ INFO] - -            v4            : 1.1698 (acc: 0.6235) |           v6: 1.2464 (acc: 0.6335)
[2018/09/25 20:31:37 __main__ INFO] - -            c10_50k       : 0.7527 (acc: 0.7592)
[2018/09/25 20:31:37 __main__ INFO] - Elapsed 48.16
keys:  dict_keys(['epoch', 'c10h_train_loss', 'c10h_train_acc', 'c10h_val_loss', 'c10h_val_acc', 'c10h_train_c10_loss', 'c10h_train_c10_acc', 'c10h_val_c10_loss', 'c10h_val_c10_acc', 'v4_loss', 'v4_acc', 'v6_loss', 'v6_acc', 'c10_50k_loss', 'c10_50k_acc']) 
 c10h_outdir:  /tigress/ruairidh/model_results/run_1/saves/wrn_28_10/con_False_lr_0.1_seed_0
[2018/09/25 20:31:39 __main__ INFO] - Train 43
[2018/09/25 20:31:58 __main__ INFO] - TEST 43
[2018/09/25 20:32:46 __main__ INFO] - - epoch 43    c10h_train    : 0.4078 (acc: 0.9104) | c10h_val    : 0.7664 (acc: 0.7890)
[2018/09/25 20:32:46 __main__ INFO] - -            c10h_train_c10: 0.2733 (acc: 0.9109) | c10h_val_c10: 0.6440 (acc: 0.7920)
[2018/09/25 20:32:46 __main__ INFO] - -            v4            : 1.0877 (acc: 0.6561) |           v6: 1.1455 (acc: 0.6525)
[2018/09/25 20:32:46 __main__ INFO] - -            c10_50k       : 0.6596 (acc: 0.7887)
[2018/09/25 20:32:46 __main__ INFO] - Elapsed 47.97
keys:  dict_keys(['epoch', 'c10h_train_loss', 'c10h_train_acc', 'c10h_val_loss', 'c10h_val_acc', 'c10h_train_c10_loss', 'c10h_train_c10_acc', 'c10h_val_c10_loss', 'c10h_val_c10_acc', 'v4_loss', 'v4_acc', 'v6_loss', 'v6_acc', 'c10_50k_loss', 'c10_50k_acc']) 
 c10h_outdir:  /tigress/ruairidh/model_results/run_1/saves/wrn_28_10/con_False_lr_0.1_seed_0
[2018/09/25 20:32:48 __main__ INFO] - Train 44
[2018/09/25 20:33:07 __main__ INFO] - TEST 44
[2018/09/25 20:33:55 __main__ INFO] - - epoch 44    c10h_train    : 0.5342 (acc: 0.8531) | c10h_val    : 0.9287 (acc: 0.7620)
[2018/09/25 20:33:55 __main__ INFO] - -            c10h_train_c10: 0.4048 (acc: 0.8533) | c10h_val_c10: 0.8049 (acc: 0.7660)
[2018/09/25 20:33:55 __main__ INFO] - -            v4            : 1.1826 (acc: 0.6239) |           v6: 1.2069 (acc: 0.6330)
[2018/09/25 20:33:55 __main__ INFO] - -            c10_50k       : 0.7670 (acc: 0.7512)
[2018/09/25 20:33:55 __main__ INFO] - Elapsed 48.15
keys:  dict_keys(['epoch', 'c10h_train_loss', 'c10h_train_acc', 'c10h_val_loss', 'c10h_val_acc', 'c10h_train_c10_loss', 'c10h_train_c10_acc', 'c10h_val_c10_loss', 'c10h_val_c10_acc', 'v4_loss', 'v4_acc', 'v6_loss', 'v6_acc', 'c10_50k_loss', 'c10_50k_acc']) 
 c10h_outdir:  /tigress/ruairidh/model_results/run_1/saves/wrn_28_10/con_False_lr_0.1_seed_0
[2018/09/25 20:33:57 __main__ INFO] - Train 45
[2018/09/25 20:34:16 __main__ INFO] - TEST 45
[2018/09/25 20:35:04 __main__ INFO] - - epoch 45    c10h_train    : 0.5026 (acc: 0.8694) | c10h_val    : 0.9565 (acc: 0.7440)
[2018/09/25 20:35:04 __main__ INFO] - -            c10h_train_c10: 0.3732 (acc: 0.8683) | c10h_val_c10: 0.8395 (acc: 0.7480)
[2018/09/25 20:35:04 __main__ INFO] - -            v4            : 1.2368 (acc: 0.6329) |           v6: 1.2617 (acc: 0.6385)
[2018/09/25 20:35:04 __main__ INFO] - -            c10_50k       : 0.7592 (acc: 0.7592)
[2018/09/25 20:35:04 __main__ INFO] - Elapsed 48.06
keys:  dict_keys(['epoch', 'c10h_train_loss', 'c10h_train_acc', 'c10h_val_loss', 'c10h_val_acc', 'c10h_train_c10_loss', 'c10h_train_c10_acc', 'c10h_val_c10_loss', 'c10h_val_c10_acc', 'v4_loss', 'v4_acc', 'v6_loss', 'v6_acc', 'c10_50k_loss', 'c10_50k_acc']) 
 c10h_outdir:  /tigress/ruairidh/model_results/run_1/saves/wrn_28_10/con_False_lr_0.1_seed_0
[2018/09/25 20:35:06 __main__ INFO] - Train 46
[2018/09/25 20:35:26 __main__ INFO] - TEST 46
[2018/09/25 20:36:14 __main__ INFO] - - epoch 46    c10h_train    : 0.4870 (acc: 0.8651) | c10h_val    : 0.8616 (acc: 0.7610)
[2018/09/25 20:36:14 __main__ INFO] - -            c10h_train_c10: 0.3661 (acc: 0.8624) | c10h_val_c10: 0.7459 (acc: 0.7620)
[2018/09/25 20:36:14 __main__ INFO] - -            v4            : 1.1479 (acc: 0.6284) |           v6: 1.1917 (acc: 0.6400)
[2018/09/25 20:36:14 __main__ INFO] - -            c10_50k       : 0.7425 (acc: 0.7518)
[2018/09/25 20:36:14 __main__ INFO] - Elapsed 48.18
keys:  dict_keys(['epoch', 'c10h_train_loss', 'c10h_train_acc', 'c10h_val_loss', 'c10h_val_acc', 'c10h_train_c10_loss', 'c10h_train_c10_acc', 'c10h_val_c10_loss', 'c10h_val_c10_acc', 'v4_loss', 'v4_acc', 'v6_loss', 'v6_acc', 'c10_50k_loss', 'c10_50k_acc']) 
 c10h_outdir:  /tigress/ruairidh/model_results/run_1/saves/wrn_28_10/con_False_lr_0.1_seed_0
[2018/09/25 20:36:15 __main__ INFO] - Train 47
[2018/09/25 20:36:34 __main__ INFO] - TEST 47
[2018/09/25 20:37:22 __main__ INFO] - - epoch 47    c10h_train    : 0.4364 (acc: 0.9051) | c10h_val    : 0.7947 (acc: 0.7780)
[2018/09/25 20:37:22 __main__ INFO] - -            c10h_train_c10: 0.3078 (acc: 0.9041) | c10h_val_c10: 0.6881 (acc: 0.7810)
[2018/09/25 20:37:22 __main__ INFO] - -            v4            : 1.1514 (acc: 0.6408) |           v6: 1.1744 (acc: 0.6360)
[2018/09/25 20:37:22 __main__ INFO] - -            c10_50k       : 0.6678 (acc: 0.7818)
[2018/09/25 20:37:22 __main__ INFO] - Elapsed 48.37
keys:  dict_keys(['epoch', 'c10h_train_loss', 'c10h_train_acc', 'c10h_val_loss', 'c10h_val_acc', 'c10h_train_c10_loss', 'c10h_train_c10_acc', 'c10h_val_c10_loss', 'c10h_val_c10_acc', 'v4_loss', 'v4_acc', 'v6_loss', 'v6_acc', 'c10_50k_loss', 'c10_50k_acc']) 
 c10h_outdir:  /tigress/ruairidh/model_results/run_1/saves/wrn_28_10/con_False_lr_0.1_seed_0
[2018/09/25 20:37:25 __main__ INFO] - Train 48
[2018/09/25 20:37:44 __main__ INFO] - TEST 48
[2018/09/25 20:38:32 __main__ INFO] - - epoch 48    c10h_train    : 0.4165 (acc: 0.8982) | c10h_val    : 0.7790 (acc: 0.7810)
[2018/09/25 20:38:32 __main__ INFO] - -            c10h_train_c10: 0.2964 (acc: 0.8972) | c10h_val_c10: 0.6866 (acc: 0.7840)
[2018/09/25 20:38:32 __main__ INFO] - -            v4            : 1.0147 (acc: 0.6645) |           v6: 1.0093 (acc: 0.6800)
[2018/09/25 20:38:32 __main__ INFO] - -            c10_50k       : 0.6300 (acc: 0.7896)
[2018/09/25 20:38:32 __main__ INFO] - Elapsed 47.99
keys:  dict_keys(['epoch', 'c10h_train_loss', 'c10h_train_acc', 'c10h_val_loss', 'c10h_val_acc', 'c10h_train_c10_loss', 'c10h_train_c10_acc', 'c10h_val_c10_loss', 'c10h_val_c10_acc', 'v4_loss', 'v4_acc', 'v6_loss', 'v6_acc', 'c10_50k_loss', 'c10_50k_acc']) 
 c10h_outdir:  /tigress/ruairidh/model_results/run_1/saves/wrn_28_10/con_False_lr_0.1_seed_0
[2018/09/25 20:38:33 __main__ INFO] - Train 49
[2018/09/25 20:38:52 __main__ INFO] - TEST 49
[2018/09/25 20:39:40 __main__ INFO] - - epoch 49    c10h_train    : 0.5209 (acc: 0.8561) | c10h_val    : 0.9460 (acc: 0.7300)
[2018/09/25 20:39:40 __main__ INFO] - -            c10h_train_c10: 0.4143 (acc: 0.8548) | c10h_val_c10: 0.8597 (acc: 0.7310)
[2018/09/25 20:39:40 __main__ INFO] - -            v4            : 1.2219 (acc: 0.6145) |           v6: 1.2795 (acc: 0.6135)
[2018/09/25 20:39:40 __main__ INFO] - -            c10_50k       : 0.7660 (acc: 0.7473)
[2018/09/25 20:39:40 __main__ INFO] - Elapsed 48.23
keys:  dict_keys(['epoch', 'c10h_train_loss', 'c10h_train_acc', 'c10h_val_loss', 'c10h_val_acc', 'c10h_train_c10_loss', 'c10h_train_c10_acc', 'c10h_val_c10_loss', 'c10h_val_c10_acc', 'v4_loss', 'v4_acc', 'v6_loss', 'v6_acc', 'c10_50k_loss', 'c10_50k_acc']) 
 c10h_outdir:  /tigress/ruairidh/model_results/run_1/saves/wrn_28_10/con_False_lr_0.1_seed_0
[2018/09/25 20:39:47 __main__ INFO] - Train 50
[2018/09/25 20:40:06 __main__ INFO] - TEST 50
[2018/09/25 20:40:54 __main__ INFO] - - epoch 50    c10h_train    : 0.6917 (acc: 0.8090) | c10h_val    : 1.0803 (acc: 0.6820)
[2018/09/25 20:40:54 __main__ INFO] - -            c10h_train_c10: 0.5794 (acc: 0.8081) | c10h_val_c10: 0.9867 (acc: 0.6830)
[2018/09/25 20:40:54 __main__ INFO] - -            v4            : 1.5729 (acc: 0.5680) |           v6: 1.6349 (acc: 0.5740)
[2018/09/25 20:40:54 __main__ INFO] - -            c10_50k       : 0.9596 (acc: 0.7070)
[2018/09/25 20:40:54 __main__ INFO] - Elapsed 48.09
keys:  dict_keys(['epoch', 'c10h_train_loss', 'c10h_train_acc', 'c10h_val_loss', 'c10h_val_acc', 'c10h_train_c10_loss', 'c10h_train_c10_acc', 'c10h_val_c10_loss', 'c10h_val_c10_acc', 'v4_loss', 'v4_acc', 'v6_loss', 'v6_acc', 'c10_50k_loss', 'c10_50k_acc']) 
 c10h_outdir:  /tigress/ruairidh/model_results/run_1/saves/wrn_28_10/con_False_lr_0.1_seed_0
[2018/09/25 20:40:56 __main__ INFO] - Train 51
[2018/09/25 20:41:15 __main__ INFO] - TEST 51
[2018/09/25 20:42:03 __main__ INFO] - - epoch 51    c10h_train    : 0.3781 (acc: 0.9204) | c10h_val    : 0.7412 (acc: 0.7860)
[2018/09/25 20:42:03 __main__ INFO] - -            c10h_train_c10: 0.2538 (acc: 0.9180) | c10h_val_c10: 0.6285 (acc: 0.7900)
[2018/09/25 20:42:03 __main__ INFO] - -            v4            : 1.0282 (acc: 0.6853) |           v6: 1.0851 (acc: 0.6820)
[2018/09/25 20:42:03 __main__ INFO] - -            c10_50k       : 0.6319 (acc: 0.7959)
[2018/09/25 20:42:03 __main__ INFO] - Elapsed 48.33
keys:  dict_keys(['epoch', 'c10h_train_loss', 'c10h_train_acc', 'c10h_val_loss', 'c10h_val_acc', 'c10h_train_c10_loss', 'c10h_train_c10_acc', 'c10h_val_c10_loss', 'c10h_val_c10_acc', 'v4_loss', 'v4_acc', 'v6_loss', 'v6_acc', 'c10_50k_loss', 'c10_50k_acc']) 
 c10h_outdir:  /tigress/ruairidh/model_results/run_1/saves/wrn_28_10/con_False_lr_0.1_seed_0
[2018/09/25 20:42:09 __main__ INFO] - Train 52
[2018/09/25 20:42:29 __main__ INFO] - TEST 52
[2018/09/25 20:43:16 __main__ INFO] - - epoch 52    c10h_train    : 0.4234 (acc: 0.8999) | c10h_val    : 0.7943 (acc: 0.7920)
[2018/09/25 20:43:17 __main__ INFO] - -            c10h_train_c10: 0.2896 (acc: 0.8999) | c10h_val_c10: 0.6949 (acc: 0.7940)
[2018/09/25 20:43:17 __main__ INFO] - -            v4            : 1.0748 (acc: 0.6635) |           v6: 1.1698 (acc: 0.6520)
[2018/09/25 20:43:17 __main__ INFO] - -            c10_50k       : 0.6786 (acc: 0.7869)
[2018/09/25 20:43:17 __main__ INFO] - Elapsed 47.90
keys:  dict_keys(['epoch', 'c10h_train_loss', 'c10h_train_acc', 'c10h_val_loss', 'c10h_val_acc', 'c10h_train_c10_loss', 'c10h_train_c10_acc', 'c10h_val_c10_loss', 'c10h_val_c10_acc', 'v4_loss', 'v4_acc', 'v6_loss', 'v6_acc', 'c10_50k_loss', 'c10_50k_acc']) 
 c10h_outdir:  /tigress/ruairidh/model_results/run_1/saves/wrn_28_10/con_False_lr_0.1_seed_0
[2018/09/25 20:43:18 __main__ INFO] - Train 53
[2018/09/25 20:43:37 __main__ INFO] - TEST 53
[2018/09/25 20:44:25 __main__ INFO] - - epoch 53    c10h_train    : 0.3477 (acc: 0.9321) | c10h_val    : 0.6437 (acc: 0.8140)
[2018/09/25 20:44:25 __main__ INFO] - -            c10h_train_c10: 0.2121 (acc: 0.9322) | c10h_val_c10: 0.5308 (acc: 0.8170)
[2018/09/25 20:44:25 __main__ INFO] - -            v4            : 1.0044 (acc: 0.6809) |           v6: 0.9897 (acc: 0.6930)
[2018/09/25 20:44:25 __main__ INFO] - -            c10_50k       : 0.5621 (acc: 0.8134)
[2018/09/25 20:44:25 __main__ INFO] - Elapsed 48.25
keys:  dict_keys(['epoch', 'c10h_train_loss', 'c10h_train_acc', 'c10h_val_loss', 'c10h_val_acc', 'c10h_train_c10_loss', 'c10h_train_c10_acc', 'c10h_val_c10_loss', 'c10h_val_c10_acc', 'v4_loss', 'v4_acc', 'v6_loss', 'v6_acc', 'c10_50k_loss', 'c10_50k_acc']) 
 c10h_outdir:  /tigress/ruairidh/model_results/run_1/saves/wrn_28_10/con_False_lr_0.1_seed_0
[2018/09/25 20:44:26 __main__ INFO] - Train 54
[2018/09/25 20:44:46 __main__ INFO] - TEST 54
[2018/09/25 20:45:34 __main__ INFO] - - epoch 54    c10h_train    : 0.3721 (acc: 0.9198) | c10h_val    : 0.6847 (acc: 0.8020)
[2018/09/25 20:45:34 __main__ INFO] - -            c10h_train_c10: 0.2497 (acc: 0.9188) | c10h_val_c10: 0.5921 (acc: 0.8040)
[2018/09/25 20:45:34 __main__ INFO] - -            v4            : 0.9474 (acc: 0.6843) |           v6: 0.9493 (acc: 0.7035)
[2018/09/25 20:45:34 __main__ INFO] - -            c10_50k       : 0.5865 (acc: 0.8065)
[2018/09/25 20:45:34 __main__ INFO] - Elapsed 48.08
keys:  dict_keys(['epoch', 'c10h_train_loss', 'c10h_train_acc', 'c10h_val_loss', 'c10h_val_acc', 'c10h_train_c10_loss', 'c10h_train_c10_acc', 'c10h_val_c10_loss', 'c10h_val_c10_acc', 'v4_loss', 'v4_acc', 'v6_loss', 'v6_acc', 'c10_50k_loss', 'c10_50k_acc']) 
 c10h_outdir:  /tigress/ruairidh/model_results/run_1/saves/wrn_28_10/con_False_lr_0.1_seed_0
[2018/09/25 20:45:35 __main__ INFO] - Train 55
[2018/09/25 20:45:55 __main__ INFO] - TEST 55
[2018/09/25 20:46:43 __main__ INFO] - - epoch 55    c10h_train    : 0.4533 (acc: 0.8889) | c10h_val    : 0.8298 (acc: 0.7690)
[2018/09/25 20:46:43 __main__ INFO] - -            c10h_train_c10: 0.3341 (acc: 0.8869) | c10h_val_c10: 0.7186 (acc: 0.7720)
[2018/09/25 20:46:43 __main__ INFO] - -            v4            : 1.2049 (acc: 0.6388) |           v6: 1.2574 (acc: 0.6475)
[2018/09/25 20:46:43 __main__ INFO] - -            c10_50k       : 0.7105 (acc: 0.7745)
[2018/09/25 20:46:43 __main__ INFO] - Elapsed 47.98
keys:  dict_keys(['epoch', 'c10h_train_loss', 'c10h_train_acc', 'c10h_val_loss', 'c10h_val_acc', 'c10h_train_c10_loss', 'c10h_train_c10_acc', 'c10h_val_c10_loss', 'c10h_val_c10_acc', 'v4_loss', 'v4_acc', 'v6_loss', 'v6_acc', 'c10_50k_loss', 'c10_50k_acc']) 
 c10h_outdir:  /tigress/ruairidh/model_results/run_1/saves/wrn_28_10/con_False_lr_0.1_seed_0
[2018/09/25 20:46:45 __main__ INFO] - Train 56
[2018/09/25 20:47:04 __main__ INFO] - TEST 56
[2018/09/25 20:47:52 __main__ INFO] - - epoch 56    c10h_train    : 0.4350 (acc: 0.8952) | c10h_val    : 0.8117 (acc: 0.7700)
[2018/09/25 20:47:52 __main__ INFO] - -            c10h_train_c10: 0.3120 (acc: 0.8943) | c10h_val_c10: 0.7000 (acc: 0.7750)
[2018/09/25 20:47:52 __main__ INFO] - -            v4            : 1.0875 (acc: 0.6556) |           v6: 1.1514 (acc: 0.6610)
[2018/09/25 20:47:52 __main__ INFO] - -            c10_50k       : 0.6806 (acc: 0.7756)
[2018/09/25 20:47:52 __main__ INFO] - Elapsed 48.12
keys:  dict_keys(['epoch', 'c10h_train_loss', 'c10h_train_acc', 'c10h_val_loss', 'c10h_val_acc', 'c10h_train_c10_loss', 'c10h_train_c10_acc', 'c10h_val_c10_loss', 'c10h_val_c10_acc', 'v4_loss', 'v4_acc', 'v6_loss', 'v6_acc', 'c10_50k_loss', 'c10_50k_acc']) 
 c10h_outdir:  /tigress/ruairidh/model_results/run_1/saves/wrn_28_10/con_False_lr_0.1_seed_0
[2018/09/25 20:47:54 __main__ INFO] - Train 57
[2018/09/25 20:48:14 __main__ INFO] - TEST 57
[2018/09/25 20:49:02 __main__ INFO] - - epoch 57    c10h_train    : 0.6288 (acc: 0.8224) | c10h_val    : 0.9866 (acc: 0.7360)
[2018/09/25 20:49:02 __main__ INFO] - -            c10h_train_c10: 0.5181 (acc: 0.8214) | c10h_val_c10: 0.8641 (acc: 0.7390)
[2018/09/25 20:49:02 __main__ INFO] - -            v4            : 1.3261 (acc: 0.6141) |           v6: 1.3582 (acc: 0.6125)
[2018/09/25 20:49:02 __main__ INFO] - -            c10_50k       : 0.9304 (acc: 0.7146)
[2018/09/25 20:49:02 __main__ INFO] - Elapsed 48.08
keys:  dict_keys(['epoch', 'c10h_train_loss', 'c10h_train_acc', 'c10h_val_loss', 'c10h_val_acc', 'c10h_train_c10_loss', 'c10h_train_c10_acc', 'c10h_val_c10_loss', 'c10h_val_c10_acc', 'v4_loss', 'v4_acc', 'v6_loss', 'v6_acc', 'c10_50k_loss', 'c10_50k_acc']) 
 c10h_outdir:  /tigress/ruairidh/model_results/run_1/saves/wrn_28_10/con_False_lr_0.1_seed_0
[2018/09/25 20:49:03 __main__ INFO] - Train 58
[2018/09/25 20:49:23 __main__ INFO] - TEST 58
[2018/09/25 20:50:11 __main__ INFO] - - epoch 58    c10h_train    : 0.5950 (acc: 0.8423) | c10h_val    : 1.0442 (acc: 0.7360)
[2018/09/25 20:50:11 __main__ INFO] - -            c10h_train_c10: 0.4698 (acc: 0.8421) | c10h_val_c10: 0.9214 (acc: 0.7390)
[2018/09/25 20:50:11 __main__ INFO] - -            v4            : 1.4158 (acc: 0.6081) |           v6: 1.4318 (acc: 0.6155)
[2018/09/25 20:50:11 __main__ INFO] - -            c10_50k       : 0.9040 (acc: 0.7373)
[2018/09/25 20:50:11 __main__ INFO] - Elapsed 48.30
keys:  dict_keys(['epoch', 'c10h_train_loss', 'c10h_train_acc', 'c10h_val_loss', 'c10h_val_acc', 'c10h_train_c10_loss', 'c10h_train_c10_acc', 'c10h_val_c10_loss', 'c10h_val_c10_acc', 'v4_loss', 'v4_acc', 'v6_loss', 'v6_acc', 'c10_50k_loss', 'c10_50k_acc']) 
 c10h_outdir:  /tigress/ruairidh/model_results/run_1/saves/wrn_28_10/con_False_lr_0.1_seed_0
[2018/09/25 20:50:13 __main__ INFO] - Train 59
[2018/09/25 20:50:33 __main__ INFO] - TEST 59
[2018/09/25 20:51:21 __main__ INFO] - - epoch 59    c10h_train    : 0.6783 (acc: 0.8226) | c10h_val    : 1.0766 (acc: 0.7260)
[2018/09/25 20:51:21 __main__ INFO] - -            c10h_train_c10: 0.5584 (acc: 0.8218) | c10h_val_c10: 0.9705 (acc: 0.7280)
[2018/09/25 20:51:21 __main__ INFO] - -            v4            : 1.3849 (acc: 0.6081) |           v6: 1.3960 (acc: 0.6170)
[2018/09/25 20:51:21 __main__ INFO] - -            c10_50k       : 0.9354 (acc: 0.7263)
[2018/09/25 20:51:21 __main__ INFO] - Elapsed 48.01
keys:  dict_keys(['epoch', 'c10h_train_loss', 'c10h_train_acc', 'c10h_val_loss', 'c10h_val_acc', 'c10h_train_c10_loss', 'c10h_train_c10_acc', 'c10h_val_c10_loss', 'c10h_val_c10_acc', 'v4_loss', 'v4_acc', 'v6_loss', 'v6_acc', 'c10_50k_loss', 'c10_50k_acc']) 
 c10h_outdir:  /tigress/ruairidh/model_results/run_1/saves/wrn_28_10/con_False_lr_0.1_seed_0
[2018/09/25 20:51:22 __main__ INFO] - Train 60
[2018/09/25 20:51:42 __main__ INFO] - TEST 60
[2018/09/25 20:52:30 __main__ INFO] - - epoch 60    c10h_train    : 0.4348 (acc: 0.8998) | c10h_val    : 0.7857 (acc: 0.7780)
[2018/09/25 20:52:30 __main__ INFO] - -            c10h_train_c10: 0.3116 (acc: 0.8991) | c10h_val_c10: 0.6827 (acc: 0.7810)
[2018/09/25 20:52:30 __main__ INFO] - -            v4            : 1.0876 (acc: 0.6492) |           v6: 1.1152 (acc: 0.6625)
[2018/09/25 20:52:30 __main__ INFO] - -            c10_50k       : 0.6681 (acc: 0.7803)
[2018/09/25 20:52:30 __main__ INFO] - Elapsed 48.43
keys:  dict_keys(['epoch', 'c10h_train_loss', 'c10h_train_acc', 'c10h_val_loss', 'c10h_val_acc', 'c10h_train_c10_loss', 'c10h_train_c10_acc', 'c10h_val_c10_loss', 'c10h_val_c10_acc', 'v4_loss', 'v4_acc', 'v6_loss', 'v6_acc', 'c10_50k_loss', 'c10_50k_acc']) 
 c10h_outdir:  /tigress/ruairidh/model_results/run_1/saves/wrn_28_10/con_False_lr_0.1_seed_0
[2018/09/25 20:52:32 __main__ INFO] - Train 61
[2018/09/25 20:52:51 __main__ INFO] - TEST 61
[2018/09/25 20:53:39 __main__ INFO] - - epoch 61    c10h_train    : 0.2323 (acc: 0.9814) | c10h_val    : 0.5141 (acc: 0.8620)
[2018/09/25 20:53:39 __main__ INFO] - -            c10h_train_c10: 0.0836 (acc: 0.9800) | c10h_val_c10: 0.3905 (acc: 0.8640)
[2018/09/25 20:53:39 __main__ INFO] - -            v4            : 0.7879 (acc: 0.7387) |           v6: 0.7561 (acc: 0.7595)
[2018/09/25 20:53:39 __main__ INFO] - -            c10_50k       : 0.4105 (acc: 0.8631)
[2018/09/25 20:53:39 __main__ INFO] - Elapsed 47.95
keys:  dict_keys(['epoch', 'c10h_train_loss', 'c10h_train_acc', 'c10h_val_loss', 'c10h_val_acc', 'c10h_train_c10_loss', 'c10h_train_c10_acc', 'c10h_val_c10_loss', 'c10h_val_c10_acc', 'v4_loss', 'v4_acc', 'v6_loss', 'v6_acc', 'c10_50k_loss', 'c10_50k_acc']) 
 c10h_outdir:  /tigress/ruairidh/model_results/run_1/saves/wrn_28_10/con_False_lr_0.1_seed_0
[2018/09/25 20:53:41 __main__ INFO] - Train 62
[2018/09/25 20:54:00 __main__ INFO] - TEST 62
[2018/09/25 20:54:48 __main__ INFO] - - epoch 62    c10h_train    : 0.2210 (acc: 0.9861) | c10h_val    : 0.4900 (acc: 0.8710)
[2018/09/25 20:54:48 __main__ INFO] - -            c10h_train_c10: 0.0748 (acc: 0.9827) | c10h_val_c10: 0.3709 (acc: 0.8730)
[2018/09/25 20:54:48 __main__ INFO] - -            v4            : 0.7411 (acc: 0.7556) |           v6: 0.7114 (acc: 0.7660)
[2018/09/25 20:54:48 __main__ INFO] - -            c10_50k       : 0.4015 (acc: 0.8674)
[2018/09/25 20:54:48 __main__ INFO] - Elapsed 48.06
keys:  dict_keys(['epoch', 'c10h_train_loss', 'c10h_train_acc', 'c10h_val_loss', 'c10h_val_acc', 'c10h_train_c10_loss', 'c10h_train_c10_acc', 'c10h_val_c10_loss', 'c10h_val_c10_acc', 'v4_loss', 'v4_acc', 'v6_loss', 'v6_acc', 'c10_50k_loss', 'c10_50k_acc']) 
 c10h_outdir:  /tigress/ruairidh/model_results/run_1/saves/wrn_28_10/con_False_lr_0.1_seed_0
[2018/09/25 20:54:50 __main__ INFO] - Train 63
[2018/09/25 20:55:10 __main__ INFO] - TEST 63
[2018/09/25 20:55:58 __main__ INFO] - - epoch 63    c10h_train    : 0.2178 (acc: 0.9870) | c10h_val    : 0.4912 (acc: 0.8750)
[2018/09/25 20:55:58 __main__ INFO] - -            c10h_train_c10: 0.0709 (acc: 0.9849) | c10h_val_c10: 0.3708 (acc: 0.8780)
[2018/09/25 20:55:58 __main__ INFO] - -            v4            : 0.7433 (acc: 0.7620) |           v6: 0.7281 (acc: 0.7710)
[2018/09/25 20:55:58 __main__ INFO] - -            c10_50k       : 0.3966 (acc: 0.8670)
[2018/09/25 20:55:58 __main__ INFO] - Elapsed 47.94
keys:  dict_keys(['epoch', 'c10h_train_loss', 'c10h_train_acc', 'c10h_val_loss', 'c10h_val_acc', 'c10h_train_c10_loss', 'c10h_train_c10_acc', 'c10h_val_c10_loss', 'c10h_val_c10_acc', 'v4_loss', 'v4_acc', 'v6_loss', 'v6_acc', 'c10_50k_loss', 'c10_50k_acc']) 
 c10h_outdir:  /tigress/ruairidh/model_results/run_1/saves/wrn_28_10/con_False_lr_0.1_seed_0
[2018/09/25 20:55:59 __main__ INFO] - Train 64
[2018/09/25 20:56:19 __main__ INFO] - TEST 64
[2018/09/25 20:57:07 __main__ INFO] - - epoch 64    c10h_train    : 0.2134 (acc: 0.9873) | c10h_val    : 0.4833 (acc: 0.8740)
[2018/09/25 20:57:07 __main__ INFO] - -            c10h_train_c10: 0.0709 (acc: 0.9847) | c10h_val_c10: 0.3668 (acc: 0.8760)
[2018/09/25 20:57:07 __main__ INFO] - -            v4            : 0.7237 (acc: 0.7521) |           v6: 0.7133 (acc: 0.7690)
[2018/09/25 20:57:07 __main__ INFO] - -            c10_50k       : 0.3900 (acc: 0.8712)
[2018/09/25 20:57:07 __main__ INFO] - Elapsed 48.16
keys:  dict_keys(['epoch', 'c10h_train_loss', 'c10h_train_acc', 'c10h_val_loss', 'c10h_val_acc', 'c10h_train_c10_loss', 'c10h_train_c10_acc', 'c10h_val_c10_loss', 'c10h_val_c10_acc', 'v4_loss', 'v4_acc', 'v6_loss', 'v6_acc', 'c10_50k_loss', 'c10_50k_acc']) 
 c10h_outdir:  /tigress/ruairidh/model_results/run_1/saves/wrn_28_10/con_False_lr_0.1_seed_0
[2018/09/25 20:57:08 __main__ INFO] - Train 65
[2018/09/25 20:57:28 __main__ INFO] - TEST 65
[2018/09/25 20:58:16 __main__ INFO] - - epoch 65    c10h_train    : 0.2122 (acc: 0.9882) | c10h_val    : 0.4787 (acc: 0.8790)
[2018/09/25 20:58:16 __main__ INFO] - -            c10h_train_c10: 0.0678 (acc: 0.9851) | c10h_val_c10: 0.3612 (acc: 0.8810)
[2018/09/25 20:58:16 __main__ INFO] - -            v4            : 0.7340 (acc: 0.7541) |           v6: 0.7006 (acc: 0.7715)
[2018/09/25 20:58:16 __main__ INFO] - -            c10_50k       : 0.3882 (acc: 0.8725)
[2018/09/25 20:58:16 __main__ INFO] - Elapsed 48.33
keys:  dict_keys(['epoch', 'c10h_train_loss', 'c10h_train_acc', 'c10h_val_loss', 'c10h_val_acc', 'c10h_train_c10_loss', 'c10h_train_c10_acc', 'c10h_val_c10_loss', 'c10h_val_c10_acc', 'v4_loss', 'v4_acc', 'v6_loss', 'v6_acc', 'c10_50k_loss', 'c10_50k_acc']) 
 c10h_outdir:  /tigress/ruairidh/model_results/run_1/saves/wrn_28_10/con_False_lr_0.1_seed_0
[2018/09/25 20:58:18 __main__ INFO] - Train 66
[2018/09/25 20:58:38 __main__ INFO] - TEST 66
[2018/09/25 20:59:26 __main__ INFO] - - epoch 66    c10h_train    : 0.2100 (acc: 0.9883) | c10h_val    : 0.4780 (acc: 0.8710)
[2018/09/25 20:59:26 __main__ INFO] - -            c10h_train_c10: 0.0645 (acc: 0.9853) | c10h_val_c10: 0.3572 (acc: 0.8740)
[2018/09/25 20:59:26 __main__ INFO] - -            v4            : 0.7237 (acc: 0.7551) |           v6: 0.6986 (acc: 0.7740)
[2018/09/25 20:59:26 __main__ INFO] - -            c10_50k       : 0.3849 (acc: 0.8736)
[2018/09/25 20:59:26 __main__ INFO] - Elapsed 48.15
keys:  dict_keys(['epoch', 'c10h_train_loss', 'c10h_train_acc', 'c10h_val_loss', 'c10h_val_acc', 'c10h_train_c10_loss', 'c10h_train_c10_acc', 'c10h_val_c10_loss', 'c10h_val_c10_acc', 'v4_loss', 'v4_acc', 'v6_loss', 'v6_acc', 'c10_50k_loss', 'c10_50k_acc']) 
 c10h_outdir:  /tigress/ruairidh/model_results/run_1/saves/wrn_28_10/con_False_lr_0.1_seed_0
[2018/09/25 20:59:26 __main__ INFO] - Train 67
[2018/09/25 20:59:46 __main__ INFO] - TEST 67
[2018/09/25 21:00:34 __main__ INFO] - - epoch 67    c10h_train    : 0.2087 (acc: 0.9886) | c10h_val    : 0.4724 (acc: 0.8770)
[2018/09/25 21:00:34 __main__ INFO] - -            c10h_train_c10: 0.0656 (acc: 0.9851) | c10h_val_c10: 0.3553 (acc: 0.8790)
[2018/09/25 21:00:34 __main__ INFO] - -            v4            : 0.7090 (acc: 0.7640) |           v6: 0.6990 (acc: 0.7685)
[2018/09/25 21:00:34 __main__ INFO] - -            c10_50k       : 0.3820 (acc: 0.8741)
[2018/09/25 21:00:34 __main__ INFO] - Elapsed 48.09
keys:  dict_keys(['epoch', 'c10h_train_loss', 'c10h_train_acc', 'c10h_val_loss', 'c10h_val_acc', 'c10h_train_c10_loss', 'c10h_train_c10_acc', 'c10h_val_c10_loss', 'c10h_val_c10_acc', 'v4_loss', 'v4_acc', 'v6_loss', 'v6_acc', 'c10_50k_loss', 'c10_50k_acc']) 
 c10h_outdir:  /tigress/ruairidh/model_results/run_1/saves/wrn_28_10/con_False_lr_0.1_seed_0
[2018/09/25 21:00:34 __main__ INFO] - Train 68
[2018/09/25 21:00:54 __main__ INFO] - TEST 68
[2018/09/25 21:01:42 __main__ INFO] - - epoch 68    c10h_train    : 0.2073 (acc: 0.9894) | c10h_val    : 0.4671 (acc: 0.8810)
[2018/09/25 21:01:42 __main__ INFO] - -            c10h_train_c10: 0.0637 (acc: 0.9873) | c10h_val_c10: 0.3476 (acc: 0.8830)
[2018/09/25 21:01:42 __main__ INFO] - -            v4            : 0.7143 (acc: 0.7571) |           v6: 0.6911 (acc: 0.7765)
[2018/09/25 21:01:42 __main__ INFO] - -            c10_50k       : 0.3854 (acc: 0.8747)
[2018/09/25 21:01:42 __main__ INFO] - Elapsed 47.97
keys:  dict_keys(['epoch', 'c10h_train_loss', 'c10h_train_acc', 'c10h_val_loss', 'c10h_val_acc', 'c10h_train_c10_loss', 'c10h_train_c10_acc', 'c10h_val_c10_loss', 'c10h_val_c10_acc', 'v4_loss', 'v4_acc', 'v6_loss', 'v6_acc', 'c10_50k_loss', 'c10_50k_acc']) 
 c10h_outdir:  /tigress/ruairidh/model_results/run_1/saves/wrn_28_10/con_False_lr_0.1_seed_0
[2018/09/25 21:01:43 __main__ INFO] - Train 69
[2018/09/25 21:02:02 __main__ INFO] - TEST 69
[2018/09/25 21:02:50 __main__ INFO] - - epoch 69    c10h_train    : 0.2063 (acc: 0.9894) | c10h_val    : 0.4768 (acc: 0.8790)
[2018/09/25 21:02:50 __main__ INFO] - -            c10h_train_c10: 0.0662 (acc: 0.9858) | c10h_val_c10: 0.3572 (acc: 0.8810)
[2018/09/25 21:02:50 __main__ INFO] - -            v4            : 0.7098 (acc: 0.7605) |           v6: 0.6865 (acc: 0.7755)
[2018/09/25 21:02:50 __main__ INFO] - -            c10_50k       : 0.3837 (acc: 0.8738)
[2018/09/25 21:02:50 __main__ INFO] - Elapsed 48.17
keys:  dict_keys(['epoch', 'c10h_train_loss', 'c10h_train_acc', 'c10h_val_loss', 'c10h_val_acc', 'c10h_train_c10_loss', 'c10h_train_c10_acc', 'c10h_val_c10_loss', 'c10h_val_c10_acc', 'v4_loss', 'v4_acc', 'v6_loss', 'v6_acc', 'c10_50k_loss', 'c10_50k_acc']) 
 c10h_outdir:  /tigress/ruairidh/model_results/run_1/saves/wrn_28_10/con_False_lr_0.1_seed_0
[2018/09/25 21:02:53 __main__ INFO] - Train 70
[2018/09/25 21:03:13 __main__ INFO] - TEST 70
[2018/09/25 21:04:01 __main__ INFO] - - epoch 70    c10h_train    : 0.2049 (acc: 0.9886) | c10h_val    : 0.4739 (acc: 0.8810)
[2018/09/25 21:04:01 __main__ INFO] - -            c10h_train_c10: 0.0654 (acc: 0.9844) | c10h_val_c10: 0.3563 (acc: 0.8830)
[2018/09/25 21:04:01 __main__ INFO] - -            v4            : 0.7113 (acc: 0.7669) |           v6: 0.6859 (acc: 0.7780)
[2018/09/25 21:04:01 __main__ INFO] - -            c10_50k       : 0.3829 (acc: 0.8735)
[2018/09/25 21:04:01 __main__ INFO] - Elapsed 48.08
keys:  dict_keys(['epoch', 'c10h_train_loss', 'c10h_train_acc', 'c10h_val_loss', 'c10h_val_acc', 'c10h_train_c10_loss', 'c10h_train_c10_acc', 'c10h_val_c10_loss', 'c10h_val_c10_acc', 'v4_loss', 'v4_acc', 'v6_loss', 'v6_acc', 'c10_50k_loss', 'c10_50k_acc']) 
 c10h_outdir:  /tigress/ruairidh/model_results/run_1/saves/wrn_28_10/con_False_lr_0.1_seed_0
[2018/09/25 21:04:03 __main__ INFO] - Train 71
[2018/09/25 21:04:22 __main__ INFO] - TEST 71
[2018/09/25 21:05:10 __main__ INFO] - - epoch 71    c10h_train    : 0.2048 (acc: 0.9887) | c10h_val    : 0.4729 (acc: 0.8850)
[2018/09/25 21:05:10 __main__ INFO] - -            c10h_train_c10: 0.0631 (acc: 0.9860) | c10h_val_c10: 0.3522 (acc: 0.8870)
[2018/09/25 21:05:10 __main__ INFO] - -            v4            : 0.7021 (acc: 0.7684) |           v6: 0.6898 (acc: 0.7750)
[2018/09/25 21:05:10 __main__ INFO] - -            c10_50k       : 0.3780 (acc: 0.8759)
[2018/09/25 21:05:10 __main__ INFO] - Elapsed 47.95
keys:  dict_keys(['epoch', 'c10h_train_loss', 'c10h_train_acc', 'c10h_val_loss', 'c10h_val_acc', 'c10h_train_c10_loss', 'c10h_train_c10_acc', 'c10h_val_c10_loss', 'c10h_val_c10_acc', 'v4_loss', 'v4_acc', 'v6_loss', 'v6_acc', 'c10_50k_loss', 'c10_50k_acc']) 
 c10h_outdir:  /tigress/ruairidh/model_results/run_1/saves/wrn_28_10/con_False_lr_0.1_seed_0
[2018/09/25 21:05:12 __main__ INFO] - Train 72
[2018/09/25 21:05:31 __main__ INFO] - TEST 72
[2018/09/25 21:06:19 __main__ INFO] - - epoch 72    c10h_train    : 0.2042 (acc: 0.9894) | c10h_val    : 0.4637 (acc: 0.8890)
[2018/09/25 21:06:19 __main__ INFO] - -            c10h_train_c10: 0.0648 (acc: 0.9856) | c10h_val_c10: 0.3452 (acc: 0.8920)
[2018/09/25 21:06:19 __main__ INFO] - -            v4            : 0.7000 (acc: 0.7714) |           v6: 0.6762 (acc: 0.7780)
[2018/09/25 21:06:19 __main__ INFO] - -            c10_50k       : 0.3797 (acc: 0.8761)
[2018/09/25 21:06:19 __main__ INFO] - Elapsed 48.02
keys:  dict_keys(['epoch', 'c10h_train_loss', 'c10h_train_acc', 'c10h_val_loss', 'c10h_val_acc', 'c10h_train_c10_loss', 'c10h_train_c10_acc', 'c10h_val_c10_loss', 'c10h_val_c10_acc', 'v4_loss', 'v4_acc', 'v6_loss', 'v6_acc', 'c10_50k_loss', 'c10_50k_acc']) 
 c10h_outdir:  /tigress/ruairidh/model_results/run_1/saves/wrn_28_10/con_False_lr_0.1_seed_0
[2018/09/25 21:06:21 __main__ INFO] - Train 73
[2018/09/25 21:06:41 __main__ INFO] - TEST 73
[2018/09/25 21:07:29 __main__ INFO] - - epoch 73    c10h_train    : 0.2035 (acc: 0.9896) | c10h_val    : 0.4673 (acc: 0.8800)
[2018/09/25 21:07:29 __main__ INFO] - -            c10h_train_c10: 0.0643 (acc: 0.9859) | c10h_val_c10: 0.3496 (acc: 0.8830)
[2018/09/25 21:07:29 __main__ INFO] - -            v4            : 0.7012 (acc: 0.7669) |           v6: 0.6688 (acc: 0.7865)
[2018/09/25 21:07:29 __main__ INFO] - -            c10_50k       : 0.3789 (acc: 0.8744)
[2018/09/25 21:07:29 __main__ INFO] - Elapsed 47.98
keys:  dict_keys(['epoch', 'c10h_train_loss', 'c10h_train_acc', 'c10h_val_loss', 'c10h_val_acc', 'c10h_train_c10_loss', 'c10h_train_c10_acc', 'c10h_val_c10_loss', 'c10h_val_c10_acc', 'v4_loss', 'v4_acc', 'v6_loss', 'v6_acc', 'c10_50k_loss', 'c10_50k_acc']) 
 c10h_outdir:  /tigress/ruairidh/model_results/run_1/saves/wrn_28_10/con_False_lr_0.1_seed_0
[2018/09/25 21:07:31 __main__ INFO] - Train 74
[2018/09/25 21:07:50 __main__ INFO] - TEST 74
[2018/09/25 21:08:38 __main__ INFO] - - epoch 74    c10h_train    : 0.2027 (acc: 0.9893) | c10h_val    : 0.4736 (acc: 0.8790)
[2018/09/25 21:08:38 __main__ INFO] - -            c10h_train_c10: 0.0639 (acc: 0.9843) | c10h_val_c10: 0.3515 (acc: 0.8820)
[2018/09/25 21:08:38 __main__ INFO] - -            v4            : 0.7064 (acc: 0.7699) |           v6: 0.6840 (acc: 0.7830)
[2018/09/25 21:08:38 __main__ INFO] - -            c10_50k       : 0.3799 (acc: 0.8742)
[2018/09/25 21:08:38 __main__ INFO] - Elapsed 47.88
keys:  dict_keys(['epoch', 'c10h_train_loss', 'c10h_train_acc', 'c10h_val_loss', 'c10h_val_acc', 'c10h_train_c10_loss', 'c10h_train_c10_acc', 'c10h_val_c10_loss', 'c10h_val_c10_acc', 'v4_loss', 'v4_acc', 'v6_loss', 'v6_acc', 'c10_50k_loss', 'c10_50k_acc']) 
 c10h_outdir:  /tigress/ruairidh/model_results/run_1/saves/wrn_28_10/con_False_lr_0.1_seed_0
[2018/09/25 21:08:40 __main__ INFO] - Train 75
[2018/09/25 21:08:59 __main__ INFO] - TEST 75
[2018/09/25 21:09:47 __main__ INFO] - - epoch 75    c10h_train    : 0.2027 (acc: 0.9886) | c10h_val    : 0.4690 (acc: 0.8780)
[2018/09/25 21:09:48 __main__ INFO] - -            c10h_train_c10: 0.0662 (acc: 0.9846) | c10h_val_c10: 0.3509 (acc: 0.8810)
[2018/09/25 21:09:48 __main__ INFO] - -            v4            : 0.6977 (acc: 0.7640) |           v6: 0.6874 (acc: 0.7765)
[2018/09/25 21:09:48 __main__ INFO] - -            c10_50k       : 0.3862 (acc: 0.8736)
[2018/09/25 21:09:48 __main__ INFO] - Elapsed 48.10
keys:  dict_keys(['epoch', 'c10h_train_loss', 'c10h_train_acc', 'c10h_val_loss', 'c10h_val_acc', 'c10h_train_c10_loss', 'c10h_train_c10_acc', 'c10h_val_c10_loss', 'c10h_val_c10_acc', 'v4_loss', 'v4_acc', 'v6_loss', 'v6_acc', 'c10_50k_loss', 'c10_50k_acc']) 
 c10h_outdir:  /tigress/ruairidh/model_results/run_1/saves/wrn_28_10/con_False_lr_0.1_seed_0
[2018/09/25 21:09:50 __main__ INFO] - Train 76
[2018/09/25 21:10:09 __main__ INFO] - TEST 76
[2018/09/25 21:10:57 __main__ INFO] - - epoch 76    c10h_train    : 0.2019 (acc: 0.9893) | c10h_val    : 0.4651 (acc: 0.8830)
[2018/09/25 21:10:57 __main__ INFO] - -            c10h_train_c10: 0.0648 (acc: 0.9854) | c10h_val_c10: 0.3463 (acc: 0.8850)
[2018/09/25 21:10:57 __main__ INFO] - -            v4            : 0.6957 (acc: 0.7665) |           v6: 0.6764 (acc: 0.7780)
[2018/09/25 21:10:57 __main__ INFO] - -            c10_50k       : 0.3851 (acc: 0.8738)
[2018/09/25 21:10:57 __main__ INFO] - Elapsed 48.19
keys:  dict_keys(['epoch', 'c10h_train_loss', 'c10h_train_acc', 'c10h_val_loss', 'c10h_val_acc', 'c10h_train_c10_loss', 'c10h_train_c10_acc', 'c10h_val_c10_loss', 'c10h_val_c10_acc', 'v4_loss', 'v4_acc', 'v6_loss', 'v6_acc', 'c10_50k_loss', 'c10_50k_acc']) 
 c10h_outdir:  /tigress/ruairidh/model_results/run_1/saves/wrn_28_10/con_False_lr_0.1_seed_0
[2018/09/25 21:10:59 __main__ INFO] - Train 77
[2018/09/25 21:11:18 __main__ INFO] - TEST 77
[2018/09/25 21:12:07 __main__ INFO] - - epoch 77    c10h_train    : 0.2005 (acc: 0.9892) | c10h_val    : 0.4660 (acc: 0.8800)
[2018/09/25 21:12:07 __main__ INFO] - -            c10h_train_c10: 0.0639 (acc: 0.9857) | c10h_val_c10: 0.3467 (acc: 0.8820)
[2018/09/25 21:12:07 __main__ INFO] - -            v4            : 0.7030 (acc: 0.7665) |           v6: 0.6825 (acc: 0.7715)
[2018/09/25 21:12:07 __main__ INFO] - -            c10_50k       : 0.3831 (acc: 0.8735)
[2018/09/25 21:12:07 __main__ INFO] - Elapsed 48.14
keys:  dict_keys(['epoch', 'c10h_train_loss', 'c10h_train_acc', 'c10h_val_loss', 'c10h_val_acc', 'c10h_train_c10_loss', 'c10h_train_c10_acc', 'c10h_val_c10_loss', 'c10h_val_c10_acc', 'v4_loss', 'v4_acc', 'v6_loss', 'v6_acc', 'c10_50k_loss', 'c10_50k_acc']) 
 c10h_outdir:  /tigress/ruairidh/model_results/run_1/saves/wrn_28_10/con_False_lr_0.1_seed_0
[2018/09/25 21:12:10 __main__ INFO] - Train 78
[2018/09/25 21:12:30 __main__ INFO] - TEST 78
[2018/09/25 21:13:18 __main__ INFO] - - epoch 78    c10h_train    : 0.2017 (acc: 0.9884) | c10h_val    : 0.4681 (acc: 0.8830)
[2018/09/25 21:13:18 __main__ INFO] - -            c10h_train_c10: 0.0666 (acc: 0.9838) | c10h_val_c10: 0.3505 (acc: 0.8860)
[2018/09/25 21:13:18 __main__ INFO] - -            v4            : 0.7164 (acc: 0.7590) |           v6: 0.6856 (acc: 0.7765)
[2018/09/25 21:13:18 __main__ INFO] - -            c10_50k       : 0.3817 (acc: 0.8742)
[2018/09/25 21:13:18 __main__ INFO] - Elapsed 48.07
keys:  dict_keys(['epoch', 'c10h_train_loss', 'c10h_train_acc', 'c10h_val_loss', 'c10h_val_acc', 'c10h_train_c10_loss', 'c10h_train_c10_acc', 'c10h_val_c10_loss', 'c10h_val_c10_acc', 'v4_loss', 'v4_acc', 'v6_loss', 'v6_acc', 'c10_50k_loss', 'c10_50k_acc']) 
 c10h_outdir:  /tigress/ruairidh/model_results/run_1/saves/wrn_28_10/con_False_lr_0.1_seed_0
[2018/09/25 21:13:19 __main__ INFO] - Train 79
[2018/09/25 21:13:39 __main__ INFO] - TEST 79
[2018/09/25 21:14:27 __main__ INFO] - - epoch 79    c10h_train    : 0.2001 (acc: 0.9891) | c10h_val    : 0.4704 (acc: 0.8810)
[2018/09/25 21:14:27 __main__ INFO] - -            c10h_train_c10: 0.0644 (acc: 0.9847) | c10h_val_c10: 0.3539 (acc: 0.8830)
[2018/09/25 21:14:27 __main__ INFO] - -            v4            : 0.7017 (acc: 0.7650) |           v6: 0.6893 (acc: 0.7665)
[2018/09/25 21:14:27 __main__ INFO] - -            c10_50k       : 0.3766 (acc: 0.8762)
[2018/09/25 21:14:27 __main__ INFO] - Elapsed 48.14
keys:  dict_keys(['epoch', 'c10h_train_loss', 'c10h_train_acc', 'c10h_val_loss', 'c10h_val_acc', 'c10h_train_c10_loss', 'c10h_train_c10_acc', 'c10h_val_c10_loss', 'c10h_val_c10_acc', 'v4_loss', 'v4_acc', 'v6_loss', 'v6_acc', 'c10_50k_loss', 'c10_50k_acc']) 
 c10h_outdir:  /tigress/ruairidh/model_results/run_1/saves/wrn_28_10/con_False_lr_0.1_seed_0
[2018/09/25 21:14:28 __main__ INFO] - Train 80
[2018/09/25 21:14:48 __main__ INFO] - TEST 80
[2018/09/25 21:15:36 __main__ INFO] - - epoch 80    c10h_train    : 0.1995 (acc: 0.9893) | c10h_val    : 0.4716 (acc: 0.8740)
[2018/09/25 21:15:36 __main__ INFO] - -            c10h_train_c10: 0.0649 (acc: 0.9853) | c10h_val_c10: 0.3552 (acc: 0.8760)
[2018/09/25 21:15:36 __main__ INFO] - -            v4            : 0.7318 (acc: 0.7526) |           v6: 0.7010 (acc: 0.7675)
[2018/09/25 21:15:36 __main__ INFO] - -            c10_50k       : 0.3810 (acc: 0.8746)
[2018/09/25 21:15:36 __main__ INFO] - Elapsed 47.91
keys:  dict_keys(['epoch', 'c10h_train_loss', 'c10h_train_acc', 'c10h_val_loss', 'c10h_val_acc', 'c10h_train_c10_loss', 'c10h_train_c10_acc', 'c10h_val_c10_loss', 'c10h_val_c10_acc', 'v4_loss', 'v4_acc', 'v6_loss', 'v6_acc', 'c10_50k_loss', 'c10_50k_acc']) 
 c10h_outdir:  /tigress/ruairidh/model_results/run_1/saves/wrn_28_10/con_False_lr_0.1_seed_0
[2018/09/25 21:15:36 __main__ INFO] - Train 81
[2018/09/25 21:15:56 __main__ INFO] - TEST 81
[2018/09/25 21:16:44 __main__ INFO] - - epoch 81    c10h_train    : 0.2000 (acc: 0.9907) | c10h_val    : 0.4594 (acc: 0.8830)
[2018/09/25 21:16:44 __main__ INFO] - -            c10h_train_c10: 0.0644 (acc: 0.9854) | c10h_val_c10: 0.3401 (acc: 0.8860)
[2018/09/25 21:16:44 __main__ INFO] - -            v4            : 0.7173 (acc: 0.7585) |           v6: 0.6981 (acc: 0.7725)
[2018/09/25 21:16:44 __main__ INFO] - -            c10_50k       : 0.3849 (acc: 0.8740)
[2018/09/25 21:16:44 __main__ INFO] - Elapsed 47.89
keys:  dict_keys(['epoch', 'c10h_train_loss', 'c10h_train_acc', 'c10h_val_loss', 'c10h_val_acc', 'c10h_train_c10_loss', 'c10h_train_c10_acc', 'c10h_val_c10_loss', 'c10h_val_c10_acc', 'v4_loss', 'v4_acc', 'v6_loss', 'v6_acc', 'c10_50k_loss', 'c10_50k_acc']) 
 c10h_outdir:  /tigress/ruairidh/model_results/run_1/saves/wrn_28_10/con_False_lr_0.1_seed_0
[2018/09/25 21:16:44 __main__ INFO] - Train 82
[2018/09/25 21:17:04 __main__ INFO] - TEST 82
[2018/09/25 21:17:52 __main__ INFO] - - epoch 82    c10h_train    : 0.1994 (acc: 0.9890) | c10h_val    : 0.4618 (acc: 0.8880)
[2018/09/25 21:17:52 __main__ INFO] - -            c10h_train_c10: 0.0646 (acc: 0.9846) | c10h_val_c10: 0.3458 (acc: 0.8910)
[2018/09/25 21:17:52 __main__ INFO] - -            v4            : 0.7218 (acc: 0.7575) |           v6: 0.7078 (acc: 0.7590)
[2018/09/25 21:17:52 __main__ INFO] - -            c10_50k       : 0.3816 (acc: 0.8740)
[2018/09/25 21:17:52 __main__ INFO] - Elapsed 48.20
keys:  dict_keys(['epoch', 'c10h_train_loss', 'c10h_train_acc', 'c10h_val_loss', 'c10h_val_acc', 'c10h_train_c10_loss', 'c10h_train_c10_acc', 'c10h_val_c10_loss', 'c10h_val_c10_acc', 'v4_loss', 'v4_acc', 'v6_loss', 'v6_acc', 'c10_50k_loss', 'c10_50k_acc']) 
 c10h_outdir:  /tigress/ruairidh/model_results/run_1/saves/wrn_28_10/con_False_lr_0.1_seed_0
[2018/09/25 21:17:55 __main__ INFO] - Train 83
[2018/09/25 21:18:14 __main__ INFO] - TEST 83
[2018/09/25 21:19:02 __main__ INFO] - - epoch 83    c10h_train    : 0.1984 (acc: 0.9892) | c10h_val    : 0.4549 (acc: 0.8940)
[2018/09/25 21:19:02 __main__ INFO] - -            c10h_train_c10: 0.0670 (acc: 0.9840) | c10h_val_c10: 0.3381 (acc: 0.8970)
[2018/09/25 21:19:02 __main__ INFO] - -            v4            : 0.7026 (acc: 0.7615) |           v6: 0.6893 (acc: 0.7750)
[2018/09/25 21:19:02 __main__ INFO] - -            c10_50k       : 0.3854 (acc: 0.8742)
[2018/09/25 21:19:02 __main__ INFO] - Elapsed 48.14
keys:  dict_keys(['epoch', 'c10h_train_loss', 'c10h_train_acc', 'c10h_val_loss', 'c10h_val_acc', 'c10h_train_c10_loss', 'c10h_train_c10_acc', 'c10h_val_c10_loss', 'c10h_val_c10_acc', 'v4_loss', 'v4_acc', 'v6_loss', 'v6_acc', 'c10_50k_loss', 'c10_50k_acc']) 
 c10h_outdir:  /tigress/ruairidh/model_results/run_1/saves/wrn_28_10/con_False_lr_0.1_seed_0
[2018/09/25 21:19:03 __main__ INFO] - Train 84
[2018/09/25 21:19:23 __main__ INFO] - TEST 84
[2018/09/25 21:20:11 __main__ INFO] - - epoch 84    c10h_train    : 0.1988 (acc: 0.9900) | c10h_val    : 0.4626 (acc: 0.8910)
[2018/09/25 21:20:11 __main__ INFO] - -            c10h_train_c10: 0.0650 (acc: 0.9863) | c10h_val_c10: 0.3464 (acc: 0.8930)
[2018/09/25 21:20:11 __main__ INFO] - -            v4            : 0.7126 (acc: 0.7600) |           v6: 0.6953 (acc: 0.7700)
[2018/09/25 21:20:11 __main__ INFO] - -            c10_50k       : 0.3862 (acc: 0.8731)
[2018/09/25 21:20:11 __main__ INFO] - Elapsed 48.03
keys:  dict_keys(['epoch', 'c10h_train_loss', 'c10h_train_acc', 'c10h_val_loss', 'c10h_val_acc', 'c10h_train_c10_loss', 'c10h_train_c10_acc', 'c10h_val_c10_loss', 'c10h_val_c10_acc', 'v4_loss', 'v4_acc', 'v6_loss', 'v6_acc', 'c10_50k_loss', 'c10_50k_acc']) 
 c10h_outdir:  /tigress/ruairidh/model_results/run_1/saves/wrn_28_10/con_False_lr_0.1_seed_0
[2018/09/25 21:20:13 __main__ INFO] - Train 85
[2018/09/25 21:20:33 __main__ INFO] - TEST 85
[2018/09/25 21:21:21 __main__ INFO] - - epoch 85    c10h_train    : 0.1976 (acc: 0.9912) | c10h_val    : 0.4588 (acc: 0.8960)
[2018/09/25 21:21:21 __main__ INFO] - -            c10h_train_c10: 0.0634 (acc: 0.9857) | c10h_val_c10: 0.3433 (acc: 0.8980)
[2018/09/25 21:21:21 __main__ INFO] - -            v4            : 0.7217 (acc: 0.7580) |           v6: 0.6935 (acc: 0.7740)
[2018/09/25 21:21:21 __main__ INFO] - -            c10_50k       : 0.3827 (acc: 0.8741)
[2018/09/25 21:21:21 __main__ INFO] - Elapsed 48.26
keys:  dict_keys(['epoch', 'c10h_train_loss', 'c10h_train_acc', 'c10h_val_loss', 'c10h_val_acc', 'c10h_train_c10_loss', 'c10h_train_c10_acc', 'c10h_val_c10_loss', 'c10h_val_c10_acc', 'v4_loss', 'v4_acc', 'v6_loss', 'v6_acc', 'c10_50k_loss', 'c10_50k_acc']) 
 c10h_outdir:  /tigress/ruairidh/model_results/run_1/saves/wrn_28_10/con_False_lr_0.1_seed_0
[2018/09/25 21:21:22 __main__ INFO] - Train 86
[2018/09/25 21:21:41 __main__ INFO] - TEST 86
[2018/09/25 21:22:29 __main__ INFO] - - epoch 86    c10h_train    : 0.1982 (acc: 0.9886) | c10h_val    : 0.4639 (acc: 0.8770)
[2018/09/25 21:22:29 __main__ INFO] - -            c10h_train_c10: 0.0646 (acc: 0.9842) | c10h_val_c10: 0.3513 (acc: 0.8790)
[2018/09/25 21:22:29 __main__ INFO] - -            v4            : 0.6986 (acc: 0.7660) |           v6: 0.6846 (acc: 0.7735)
[2018/09/25 21:22:29 __main__ INFO] - -            c10_50k       : 0.3874 (acc: 0.8723)
[2018/09/25 21:22:29 __main__ INFO] - Elapsed 48.08
keys:  dict_keys(['epoch', 'c10h_train_loss', 'c10h_train_acc', 'c10h_val_loss', 'c10h_val_acc', 'c10h_train_c10_loss', 'c10h_train_c10_acc', 'c10h_val_c10_loss', 'c10h_val_c10_acc', 'v4_loss', 'v4_acc', 'v6_loss', 'v6_acc', 'c10_50k_loss', 'c10_50k_acc']) 
 c10h_outdir:  /tigress/ruairidh/model_results/run_1/saves/wrn_28_10/con_False_lr_0.1_seed_0
[2018/09/25 21:22:31 __main__ INFO] - Train 87
[2018/09/25 21:22:51 __main__ INFO] - TEST 87
[2018/09/25 21:23:39 __main__ INFO] - - epoch 87    c10h_train    : 0.1972 (acc: 0.9893) | c10h_val    : 0.4599 (acc: 0.8850)
[2018/09/25 21:23:39 __main__ INFO] - -            c10h_train_c10: 0.0633 (acc: 0.9856) | c10h_val_c10: 0.3441 (acc: 0.8880)
[2018/09/25 21:23:39 __main__ INFO] - -            v4            : 0.7159 (acc: 0.7645) |           v6: 0.6878 (acc: 0.7715)
[2018/09/25 21:23:39 __main__ INFO] - -            c10_50k       : 0.3816 (acc: 0.8756)
[2018/09/25 21:23:39 __main__ INFO] - Elapsed 48.21
keys:  dict_keys(['epoch', 'c10h_train_loss', 'c10h_train_acc', 'c10h_val_loss', 'c10h_val_acc', 'c10h_train_c10_loss', 'c10h_train_c10_acc', 'c10h_val_c10_loss', 'c10h_val_c10_acc', 'v4_loss', 'v4_acc', 'v6_loss', 'v6_acc', 'c10_50k_loss', 'c10_50k_acc']) 
 c10h_outdir:  /tigress/ruairidh/model_results/run_1/saves/wrn_28_10/con_False_lr_0.1_seed_0
[2018/09/25 21:23:40 __main__ INFO] - Train 88
[2018/09/25 21:24:00 __main__ INFO] - TEST 88
[2018/09/25 21:24:48 __main__ INFO] - - epoch 88    c10h_train    : 0.1964 (acc: 0.9893) | c10h_val    : 0.4560 (acc: 0.8850)
[2018/09/25 21:24:48 __main__ INFO] - -            c10h_train_c10: 0.0622 (acc: 0.9866) | c10h_val_c10: 0.3388 (acc: 0.8870)
[2018/09/25 21:24:48 __main__ INFO] - -            v4            : 0.7116 (acc: 0.7645) |           v6: 0.6776 (acc: 0.7685)
[2018/09/25 21:24:48 __main__ INFO] - -            c10_50k       : 0.3785 (acc: 0.8762)
[2018/09/25 21:24:48 __main__ INFO] - Elapsed 48.29
keys:  dict_keys(['epoch', 'c10h_train_loss', 'c10h_train_acc', 'c10h_val_loss', 'c10h_val_acc', 'c10h_train_c10_loss', 'c10h_train_c10_acc', 'c10h_val_c10_loss', 'c10h_val_c10_acc', 'v4_loss', 'v4_acc', 'v6_loss', 'v6_acc', 'c10_50k_loss', 'c10_50k_acc']) 
 c10h_outdir:  /tigress/ruairidh/model_results/run_1/saves/wrn_28_10/con_False_lr_0.1_seed_0
[2018/09/25 21:24:50 __main__ INFO] - Train 89
[2018/09/25 21:25:09 __main__ INFO] - TEST 89
[2018/09/25 21:25:57 __main__ INFO] - - epoch 89    c10h_train    : 0.1965 (acc: 0.9889) | c10h_val    : 0.4620 (acc: 0.8840)
[2018/09/25 21:25:57 __main__ INFO] - -            c10h_train_c10: 0.0652 (acc: 0.9853) | c10h_val_c10: 0.3463 (acc: 0.8870)
[2018/09/25 21:25:57 __main__ INFO] - -            v4            : 0.7249 (acc: 0.7566) |           v6: 0.6927 (acc: 0.7695)
[2018/09/25 21:25:57 __main__ INFO] - -            c10_50k       : 0.3832 (acc: 0.8743)
[2018/09/25 21:25:57 __main__ INFO] - Elapsed 48.06
keys:  dict_keys(['epoch', 'c10h_train_loss', 'c10h_train_acc', 'c10h_val_loss', 'c10h_val_acc', 'c10h_train_c10_loss', 'c10h_train_c10_acc', 'c10h_val_c10_loss', 'c10h_val_c10_acc', 'v4_loss', 'v4_acc', 'v6_loss', 'v6_acc', 'c10_50k_loss', 'c10_50k_acc']) 
 c10h_outdir:  /tigress/ruairidh/model_results/run_1/saves/wrn_28_10/con_False_lr_0.1_seed_0
[2018/09/25 21:25:59 __main__ INFO] - Train 90
[2018/09/25 21:26:19 __main__ INFO] - TEST 90
[2018/09/25 21:27:07 __main__ INFO] - - epoch 90    c10h_train    : 0.1964 (acc: 0.9909) | c10h_val    : 0.4596 (acc: 0.8880)
[2018/09/25 21:27:07 __main__ INFO] - -            c10h_train_c10: 0.0640 (acc: 0.9852) | c10h_val_c10: 0.3437 (acc: 0.8900)
[2018/09/25 21:27:07 __main__ INFO] - -            v4            : 0.6920 (acc: 0.7679) |           v6: 0.6795 (acc: 0.7730)
[2018/09/25 21:27:07 __main__ INFO] - -            c10_50k       : 0.3786 (acc: 0.8761)
[2018/09/25 21:27:07 __main__ INFO] - Elapsed 48.27
keys:  dict_keys(['epoch', 'c10h_train_loss', 'c10h_train_acc', 'c10h_val_loss', 'c10h_val_acc', 'c10h_train_c10_loss', 'c10h_train_c10_acc', 'c10h_val_c10_loss', 'c10h_val_c10_acc', 'v4_loss', 'v4_acc', 'v6_loss', 'v6_acc', 'c10_50k_loss', 'c10_50k_acc']) 
 c10h_outdir:  /tigress/ruairidh/model_results/run_1/saves/wrn_28_10/con_False_lr_0.1_seed_0
[2018/09/25 21:27:08 __main__ INFO] - Train 91
[2018/09/25 21:27:27 __main__ INFO] - TEST 91
[2018/09/25 21:28:15 __main__ INFO] - - epoch 91    c10h_train    : 0.1973 (acc: 0.9888) | c10h_val    : 0.4615 (acc: 0.8800)
[2018/09/25 21:28:15 __main__ INFO] - -            c10h_train_c10: 0.0660 (acc: 0.9850) | c10h_val_c10: 0.3440 (acc: 0.8820)
[2018/09/25 21:28:15 __main__ INFO] - -            v4            : 0.6993 (acc: 0.7605) |           v6: 0.6836 (acc: 0.7690)
[2018/09/25 21:28:15 __main__ INFO] - -            c10_50k       : 0.3859 (acc: 0.8723)
[2018/09/25 21:28:15 __main__ INFO] - Elapsed 47.91
keys:  dict_keys(['epoch', 'c10h_train_loss', 'c10h_train_acc', 'c10h_val_loss', 'c10h_val_acc', 'c10h_train_c10_loss', 'c10h_train_c10_acc', 'c10h_val_c10_loss', 'c10h_val_c10_acc', 'v4_loss', 'v4_acc', 'v6_loss', 'v6_acc', 'c10_50k_loss', 'c10_50k_acc']) 
 c10h_outdir:  /tigress/ruairidh/model_results/run_1/saves/wrn_28_10/con_False_lr_0.1_seed_0
[2018/09/25 21:28:17 __main__ INFO] - Train 92
[2018/09/25 21:28:37 __main__ INFO] - TEST 92
[2018/09/25 21:29:25 __main__ INFO] - - epoch 92    c10h_train    : 0.1962 (acc: 0.9881) | c10h_val    : 0.4486 (acc: 0.8920)
[2018/09/25 21:29:25 __main__ INFO] - -            c10h_train_c10: 0.0635 (acc: 0.9853) | c10h_val_c10: 0.3326 (acc: 0.8940)
[2018/09/25 21:29:25 __main__ INFO] - -            v4            : 0.6972 (acc: 0.7620) |           v6: 0.6755 (acc: 0.7780)
[2018/09/25 21:29:25 __main__ INFO] - -            c10_50k       : 0.3787 (acc: 0.8762)
[2018/09/25 21:29:25 __main__ INFO] - Elapsed 47.94
keys:  dict_keys(['epoch', 'c10h_train_loss', 'c10h_train_acc', 'c10h_val_loss', 'c10h_val_acc', 'c10h_train_c10_loss', 'c10h_train_c10_acc', 'c10h_val_c10_loss', 'c10h_val_c10_acc', 'v4_loss', 'v4_acc', 'v6_loss', 'v6_acc', 'c10_50k_loss', 'c10_50k_acc']) 
 c10h_outdir:  /tigress/ruairidh/model_results/run_1/saves/wrn_28_10/con_False_lr_0.1_seed_0
[2018/09/25 21:29:28 __main__ INFO] - Train 93
[2018/09/25 21:29:48 __main__ INFO] - TEST 93
[2018/09/25 21:30:36 __main__ INFO] - - epoch 93    c10h_train    : 0.1961 (acc: 0.9892) | c10h_val    : 0.4506 (acc: 0.8830)
[2018/09/25 21:30:36 __main__ INFO] - -            c10h_train_c10: 0.0626 (acc: 0.9858) | c10h_val_c10: 0.3373 (acc: 0.8860)
[2018/09/25 21:30:36 __main__ INFO] - -            v4            : 0.7419 (acc: 0.7556) |           v6: 0.6944 (acc: 0.7735)
[2018/09/25 21:30:36 __main__ INFO] - -            c10_50k       : 0.3842 (acc: 0.8746)
[2018/09/25 21:30:36 __main__ INFO] - Elapsed 48.18
keys:  dict_keys(['epoch', 'c10h_train_loss', 'c10h_train_acc', 'c10h_val_loss', 'c10h_val_acc', 'c10h_train_c10_loss', 'c10h_train_c10_acc', 'c10h_val_c10_loss', 'c10h_val_c10_acc', 'v4_loss', 'v4_acc', 'v6_loss', 'v6_acc', 'c10_50k_loss', 'c10_50k_acc']) 
 c10h_outdir:  /tigress/ruairidh/model_results/run_1/saves/wrn_28_10/con_False_lr_0.1_seed_0
[2018/09/25 21:30:38 __main__ INFO] - Train 94
[2018/09/25 21:30:58 __main__ INFO] - TEST 94
[2018/09/25 21:31:46 __main__ INFO] - - epoch 94    c10h_train    : 0.1950 (acc: 0.9887) | c10h_val    : 0.4653 (acc: 0.8850)
[2018/09/25 21:31:46 __main__ INFO] - -            c10h_train_c10: 0.0654 (acc: 0.9839) | c10h_val_c10: 0.3510 (acc: 0.8870)
[2018/09/25 21:31:46 __main__ INFO] - -            v4            : 0.7387 (acc: 0.7546) |           v6: 0.7133 (acc: 0.7715)
[2018/09/25 21:31:46 __main__ INFO] - -            c10_50k       : 0.3877 (acc: 0.8737)
[2018/09/25 21:31:46 __main__ INFO] - Elapsed 48.24
keys:  dict_keys(['epoch', 'c10h_train_loss', 'c10h_train_acc', 'c10h_val_loss', 'c10h_val_acc', 'c10h_train_c10_loss', 'c10h_train_c10_acc', 'c10h_val_c10_loss', 'c10h_val_c10_acc', 'v4_loss', 'v4_acc', 'v6_loss', 'v6_acc', 'c10_50k_loss', 'c10_50k_acc']) 
 c10h_outdir:  /tigress/ruairidh/model_results/run_1/saves/wrn_28_10/con_False_lr_0.1_seed_0
[2018/09/25 21:31:47 __main__ INFO] - Train 95
[2018/09/25 21:32:06 __main__ INFO] - TEST 95
[2018/09/25 21:32:54 __main__ INFO] - - epoch 95    c10h_train    : 0.1950 (acc: 0.9898) | c10h_val    : 0.4537 (acc: 0.8860)
[2018/09/25 21:32:54 __main__ INFO] - -            c10h_train_c10: 0.0599 (acc: 0.9856) | c10h_val_c10: 0.3353 (acc: 0.8880)
[2018/09/25 21:32:54 __main__ INFO] - -            v4            : 0.7010 (acc: 0.7709) |           v6: 0.6750 (acc: 0.7775)
[2018/09/25 21:32:54 __main__ INFO] - -            c10_50k       : 0.3782 (acc: 0.8766)
[2018/09/25 21:32:54 __main__ INFO] - Elapsed 48.14
keys:  dict_keys(['epoch', 'c10h_train_loss', 'c10h_train_acc', 'c10h_val_loss', 'c10h_val_acc', 'c10h_train_c10_loss', 'c10h_train_c10_acc', 'c10h_val_c10_loss', 'c10h_val_c10_acc', 'v4_loss', 'v4_acc', 'v6_loss', 'v6_acc', 'c10_50k_loss', 'c10_50k_acc']) 
 c10h_outdir:  /tigress/ruairidh/model_results/run_1/saves/wrn_28_10/con_False_lr_0.1_seed_0
[2018/09/25 21:32:56 __main__ INFO] - Train 96
[2018/09/25 21:33:15 __main__ INFO] - TEST 96
[2018/09/25 21:34:03 __main__ INFO] - - epoch 96    c10h_train    : 0.1951 (acc: 0.9883) | c10h_val    : 0.4605 (acc: 0.8840)
[2018/09/25 21:34:03 __main__ INFO] - -            c10h_train_c10: 0.0654 (acc: 0.9841) | c10h_val_c10: 0.3473 (acc: 0.8860)
[2018/09/25 21:34:03 __main__ INFO] - -            v4            : 0.7090 (acc: 0.7630) |           v6: 0.6746 (acc: 0.7780)
[2018/09/25 21:34:03 __main__ INFO] - -            c10_50k       : 0.3761 (acc: 0.8780)
[2018/09/25 21:34:03 __main__ INFO] - Elapsed 47.94
keys:  dict_keys(['epoch', 'c10h_train_loss', 'c10h_train_acc', 'c10h_val_loss', 'c10h_val_acc', 'c10h_train_c10_loss', 'c10h_train_c10_acc', 'c10h_val_c10_loss', 'c10h_val_c10_acc', 'v4_loss', 'v4_acc', 'v6_loss', 'v6_acc', 'c10_50k_loss', 'c10_50k_acc']) 
 c10h_outdir:  /tigress/ruairidh/model_results/run_1/saves/wrn_28_10/con_False_lr_0.1_seed_0
[2018/09/25 21:34:03 __main__ INFO] - Train 97
[2018/09/25 21:34:23 __main__ INFO] - TEST 97
[2018/09/25 21:35:11 __main__ INFO] - - epoch 97    c10h_train    : 0.1948 (acc: 0.9878) | c10h_val    : 0.4641 (acc: 0.8840)
[2018/09/25 21:35:11 __main__ INFO] - -            c10h_train_c10: 0.0678 (acc: 0.9841) | c10h_val_c10: 0.3486 (acc: 0.8860)
[2018/09/25 21:35:11 __main__ INFO] - -            v4            : 0.6857 (acc: 0.7719) |           v6: 0.6641 (acc: 0.7805)
[2018/09/25 21:35:11 __main__ INFO] - -            c10_50k       : 0.3807 (acc: 0.8752)
[2018/09/25 21:35:11 __main__ INFO] - Elapsed 48.50
keys:  dict_keys(['epoch', 'c10h_train_loss', 'c10h_train_acc', 'c10h_val_loss', 'c10h_val_acc', 'c10h_train_c10_loss', 'c10h_train_c10_acc', 'c10h_val_c10_loss', 'c10h_val_c10_acc', 'v4_loss', 'v4_acc', 'v6_loss', 'v6_acc', 'c10_50k_loss', 'c10_50k_acc']) 
 c10h_outdir:  /tigress/ruairidh/model_results/run_1/saves/wrn_28_10/con_False_lr_0.1_seed_0
[2018/09/25 21:35:15 __main__ INFO] - Train 98
[2018/09/25 21:35:34 __main__ INFO] - TEST 98
[2018/09/25 21:36:22 __main__ INFO] - - epoch 98    c10h_train    : 0.1961 (acc: 0.9867) | c10h_val    : 0.4733 (acc: 0.8780)
[2018/09/25 21:36:22 __main__ INFO] - -            c10h_train_c10: 0.0725 (acc: 0.9824) | c10h_val_c10: 0.3628 (acc: 0.8810)
[2018/09/25 21:36:22 __main__ INFO] - -            v4            : 0.7125 (acc: 0.7571) |           v6: 0.7000 (acc: 0.7725)
[2018/09/25 21:36:22 __main__ INFO] - -            c10_50k       : 0.3908 (acc: 0.8728)
[2018/09/25 21:36:22 __main__ INFO] - Elapsed 48.04
keys:  dict_keys(['epoch', 'c10h_train_loss', 'c10h_train_acc', 'c10h_val_loss', 'c10h_val_acc', 'c10h_train_c10_loss', 'c10h_train_c10_acc', 'c10h_val_c10_loss', 'c10h_val_c10_acc', 'v4_loss', 'v4_acc', 'v6_loss', 'v6_acc', 'c10_50k_loss', 'c10_50k_acc']) 
 c10h_outdir:  /tigress/ruairidh/model_results/run_1/saves/wrn_28_10/con_False_lr_0.1_seed_0
[2018/09/25 21:36:23 __main__ INFO] - Train 99
[2018/09/25 21:36:42 __main__ INFO] - TEST 99
[2018/09/25 21:37:31 __main__ INFO] - - epoch 99    c10h_train    : 0.1940 (acc: 0.9879) | c10h_val    : 0.4656 (acc: 0.8790)
[2018/09/25 21:37:31 __main__ INFO] - -            c10h_train_c10: 0.0642 (acc: 0.9852) | c10h_val_c10: 0.3484 (acc: 0.8810)
[2018/09/25 21:37:31 __main__ INFO] - -            v4            : 0.7247 (acc: 0.7556) |           v6: 0.6841 (acc: 0.7785)
[2018/09/25 21:37:31 __main__ INFO] - -            c10_50k       : 0.3782 (acc: 0.8755)
[2018/09/25 21:37:31 __main__ INFO] - Elapsed 48.29
keys:  dict_keys(['epoch', 'c10h_train_loss', 'c10h_train_acc', 'c10h_val_loss', 'c10h_val_acc', 'c10h_train_c10_loss', 'c10h_train_c10_acc', 'c10h_val_c10_loss', 'c10h_val_c10_acc', 'v4_loss', 'v4_acc', 'v6_loss', 'v6_acc', 'c10_50k_loss', 'c10_50k_acc']) 
 c10h_outdir:  /tigress/ruairidh/model_results/run_1/saves/wrn_28_10/con_False_lr_0.1_seed_0
[2018/09/25 21:37:32 __main__ INFO] - Train 100
[2018/09/25 21:37:52 __main__ INFO] - TEST 100
[2018/09/25 21:38:40 __main__ INFO] - - epoch 100    c10h_train    : 0.1940 (acc: 0.9880) | c10h_val    : 0.4612 (acc: 0.8810)
[2018/09/25 21:38:40 __main__ INFO] - -            c10h_train_c10: 0.0657 (acc: 0.9836) | c10h_val_c10: 0.3429 (acc: 0.8830)
[2018/09/25 21:38:40 __main__ INFO] - -            v4            : 0.7082 (acc: 0.7674) |           v6: 0.6827 (acc: 0.7735)
[2018/09/25 21:38:40 __main__ INFO] - -            c10_50k       : 0.3824 (acc: 0.8744)
[2018/09/25 21:38:40 __main__ INFO] - Elapsed 48.03
keys:  dict_keys(['epoch', 'c10h_train_loss', 'c10h_train_acc', 'c10h_val_loss', 'c10h_val_acc', 'c10h_train_c10_loss', 'c10h_train_c10_acc', 'c10h_val_c10_loss', 'c10h_val_c10_acc', 'v4_loss', 'v4_acc', 'v6_loss', 'v6_acc', 'c10_50k_loss', 'c10_50k_acc']) 
 c10h_outdir:  /tigress/ruairidh/model_results/run_1/saves/wrn_28_10/con_False_lr_0.1_seed_0
inner done
