entering inner script
activating virtual env
wrn_28_10
identifier: con_True_lr_0.01_seed_2
--arch=wrn --c10h_save_interval=2 --dataset=CIFAR10H --no_output --c10h_datasplit_seed=2 --human_tune --nonhuman_control=True --base_lr=0.01
wrn_28_10_control:True_lr:0.01_seed:2.out
entering python script
/tigress/ruairidh/model_results/run_1/wrn_28_10/model_best_state.pth
/tigress/ruairidh/model_results/run_1/saves/wrn_28_10/con_True_lr_0.01_seed_2
Using TensorFlow backend.
[2018/09/25 19:08:59 __main__ INFO] - {
  "model_config": {
    "arch": "wrn",
    "input_shape": [
      1,
      3,
      32,
      32
    ],
    "n_classes": 10,
    "base_channels": 16,
    "depth": 28,
    "widening_factor": 10,
    "drop_rate": 0
  },
  "optim_config": {
    "epochs": 200,
    "batch_size": 128,
    "optimizer": "sgd",
    "base_lr": 0.01,
    "weight_decay": 0.0005,
    "momentum": 0.9,
    "nesterov": true,
    "scheduler": "multistep",
    "milestones": [
      60,
      120,
      160
    ],
    "lr_decay": 0.2
  },
  "data_config": {
    "dataset": "CIFAR10H",
    "n_classes": 10,
    "num_workers": 7,
    "batch_size": 128,
    "use_cutout": false,
    "use_random_erasing": false,
    "use_mixup": false,
    "c10h_sample": false,
    "c10h_testsplit_percent": 0.1,
    "c10h_datasplit_seed": 2,
    "use_gpu": true
  },
  "run_config": {
    "seed": 17,
    "test_first": true,
    "gpu": "0",
    "tensorboard": false,
    "tensorboard_train_images": false,
    "tensorboard_test_images": false,
    "tensorboard_model_params": false,
    "resume": "/tigress/ruairidh/model_results/run_1/wrn_28_10/model_best_state.pth",
    "human_tune": true,
    "no_output": true,
    "test_only": false,
    "nonhuman_control": true,
    "c10h_scores_outdir": "/tigress/ruairidh/model_results/run_1/saves/wrn_28_10/con_True_lr_0.01_seed_2",
    "c10h_save_interval": "2",
    "use_gpu": true
  },
  "env_info": {
    "pytorch_version": "0.4.1",
    "cuda_version": "9.0.176",
    "cudnn_version": 7102,
    "gpu0": {
      "name": "Tesla P100-PCIE-16GB",
      "capability": "6.0"
    }
  }
}
Files already downloaded and verified
Files already downloaded and verified
Files already downloaded and verified
Files already downloaded and verified
Files already downloaded and verified
[2018/09/25 19:09:04 __main__ INFO] - Loading model...
[2018/09/25 19:09:05 __main__ INFO] - n_params: 36479194
[2018/09/25 19:09:06 __main__ INFO] - Done
=> loading checkpoint '/tigress/ruairidh/model_results/run_1/wrn_28_10/model_best_state.pth'
=> loaded checkpoint '/tigress/ruairidh/model_results/run_1/wrn_28_10/model_best_state.pth' (epoch 197)
[2018/09/25 19:09:06 __main__ INFO] - TEST 0
[2018/09/25 19:09:57 __main__ INFO] - - epoch 0    c10h_train    : 0.4530 (acc: 0.9493) | c10h_val    : 0.4780 (acc: 0.9620)
[2018/09/25 19:09:57 __main__ INFO] - -            c10h_train_c10: 0.1676 (acc: 0.9526) | c10h_val_c10: 0.1461 (acc: 0.9650)
[2018/09/25 19:09:57 __main__ INFO] - -            v4            : 0.4034 (acc: 0.8986) |           v6: 0.3818 (acc: 0.9100)
[2018/09/25 19:09:57 __main__ INFO] - -            c10_50k       : 0.0012 (acc: 1.0000)
[2018/09/25 19:09:57 __main__ INFO] - Elapsed 50.86
keys:  dict_keys(['epoch', 'c10h_train_loss', 'c10h_train_acc', 'c10h_val_loss', 'c10h_val_acc', 'c10h_train_c10_loss', 'c10h_train_c10_acc', 'c10h_val_c10_loss', 'c10h_val_c10_acc', 'v4_loss', 'v4_acc', 'v6_loss', 'v6_acc', 'c10_50k_loss', 'c10_50k_acc']) 
 c10h_outdir:  /tigress/ruairidh/model_results/run_1/saves/wrn_28_10/con_True_lr_0.01_seed_2
[2018/09/25 19:10:00 __main__ INFO] - Train 1
[2018/09/25 19:10:20 __main__ INFO] - TEST 1
[2018/09/25 19:11:09 __main__ INFO] - - epoch 1    c10h_train    : 0.4331 (acc: 0.9147) | c10h_val    : 0.5230 (acc: 0.8940)
[2018/09/25 19:11:09 __main__ INFO] - -            c10h_train_c10: 0.2386 (acc: 0.9184) | c10h_val_c10: 0.3218 (acc: 0.8970)
[2018/09/25 19:11:09 __main__ INFO] - -            v4            : 0.6286 (acc: 0.8110) |           v6: 0.5919 (acc: 0.8175)
[2018/09/25 19:11:09 __main__ INFO] - -            c10_50k       : 0.1868 (acc: 0.9420)
[2018/09/25 19:11:09 __main__ INFO] - Elapsed 49.04
keys:  dict_keys(['epoch', 'c10h_train_loss', 'c10h_train_acc', 'c10h_val_loss', 'c10h_val_acc', 'c10h_train_c10_loss', 'c10h_train_c10_acc', 'c10h_val_c10_loss', 'c10h_val_c10_acc', 'v4_loss', 'v4_acc', 'v6_loss', 'v6_acc', 'c10_50k_loss', 'c10_50k_acc']) 
 c10h_outdir:  /tigress/ruairidh/model_results/run_1/saves/wrn_28_10/con_True_lr_0.01_seed_2
[2018/09/25 19:11:12 __main__ INFO] - Train 2
[2018/09/25 19:11:31 __main__ INFO] - TEST 2
[2018/09/25 19:12:20 __main__ INFO] - - epoch 2    c10h_train    : 0.3721 (acc: 0.9427) | c10h_val    : 0.5037 (acc: 0.9070)
[2018/09/25 19:12:20 __main__ INFO] - -            c10h_train_c10: 0.1577 (acc: 0.9466) | c10h_val_c10: 0.2903 (acc: 0.9050)
[2018/09/25 19:12:20 __main__ INFO] - -            v4            : 0.5637 (acc: 0.8209) |           v6: 0.5666 (acc: 0.8275)
[2018/09/25 19:12:20 __main__ INFO] - -            c10_50k       : 0.1423 (acc: 0.9550)
[2018/09/25 19:12:20 __main__ INFO] - Elapsed 48.54
keys:  dict_keys(['epoch', 'c10h_train_loss', 'c10h_train_acc', 'c10h_val_loss', 'c10h_val_acc', 'c10h_train_c10_loss', 'c10h_train_c10_acc', 'c10h_val_c10_loss', 'c10h_val_c10_acc', 'v4_loss', 'v4_acc', 'v6_loss', 'v6_acc', 'c10_50k_loss', 'c10_50k_acc']) 
 c10h_outdir:  /tigress/ruairidh/model_results/run_1/saves/wrn_28_10/con_True_lr_0.01_seed_2
[2018/09/25 19:12:22 __main__ INFO] - Train 3
[2018/09/25 19:12:42 __main__ INFO] - TEST 3
[2018/09/25 19:13:31 __main__ INFO] - - epoch 3    c10h_train    : 0.3508 (acc: 0.9601) | c10h_val    : 0.4796 (acc: 0.9210)
[2018/09/25 19:13:31 __main__ INFO] - -            c10h_train_c10: 0.0952 (acc: 0.9656) | c10h_val_c10: 0.2470 (acc: 0.9240)
[2018/09/25 19:13:31 __main__ INFO] - -            v4            : 0.5161 (acc: 0.8337) |           v6: 0.4756 (acc: 0.8485)
[2018/09/25 19:13:31 __main__ INFO] - -            c10_50k       : 0.0994 (acc: 0.9697)
[2018/09/25 19:13:31 __main__ INFO] - Elapsed 49.00
keys:  dict_keys(['epoch', 'c10h_train_loss', 'c10h_train_acc', 'c10h_val_loss', 'c10h_val_acc', 'c10h_train_c10_loss', 'c10h_train_c10_acc', 'c10h_val_c10_loss', 'c10h_val_c10_acc', 'v4_loss', 'v4_acc', 'v6_loss', 'v6_acc', 'c10_50k_loss', 'c10_50k_acc']) 
 c10h_outdir:  /tigress/ruairidh/model_results/run_1/saves/wrn_28_10/con_True_lr_0.01_seed_2
[2018/09/25 19:13:31 __main__ INFO] - Train 4
[2018/09/25 19:13:51 __main__ INFO] - TEST 4
[2018/09/25 19:14:39 __main__ INFO] - - epoch 4    c10h_train    : 0.3913 (acc: 0.9496) | c10h_val    : 0.5537 (acc: 0.9120)
[2018/09/25 19:14:39 __main__ INFO] - -            c10h_train_c10: 0.1211 (acc: 0.9556) | c10h_val_c10: 0.3114 (acc: 0.9140)
[2018/09/25 19:14:39 __main__ INFO] - -            v4            : 0.6456 (acc: 0.8041) |           v6: 0.6488 (acc: 0.8180)
[2018/09/25 19:14:39 __main__ INFO] - -            c10_50k       : 0.1603 (acc: 0.9455)
[2018/09/25 19:14:39 __main__ INFO] - Elapsed 48.30
keys:  dict_keys(['epoch', 'c10h_train_loss', 'c10h_train_acc', 'c10h_val_loss', 'c10h_val_acc', 'c10h_train_c10_loss', 'c10h_train_c10_acc', 'c10h_val_c10_loss', 'c10h_val_c10_acc', 'v4_loss', 'v4_acc', 'v6_loss', 'v6_acc', 'c10_50k_loss', 'c10_50k_acc']) 
 c10h_outdir:  /tigress/ruairidh/model_results/run_1/saves/wrn_28_10/con_True_lr_0.01_seed_2
[2018/09/25 19:14:41 __main__ INFO] - Train 5
[2018/09/25 19:15:01 __main__ INFO] - TEST 5
[2018/09/25 19:15:49 __main__ INFO] - - epoch 5    c10h_train    : 0.3550 (acc: 0.9633) | c10h_val    : 0.5089 (acc: 0.9040)
[2018/09/25 19:15:49 __main__ INFO] - -            c10h_train_c10: 0.0794 (acc: 0.9696) | c10h_val_c10: 0.2782 (acc: 0.9080)
[2018/09/25 19:15:49 __main__ INFO] - -            v4            : 0.5849 (acc: 0.8204) |           v6: 0.5788 (acc: 0.8320)
[2018/09/25 19:15:49 __main__ INFO] - -            c10_50k       : 0.1186 (acc: 0.9609)
[2018/09/25 19:15:49 __main__ INFO] - Elapsed 48.28
keys:  dict_keys(['epoch', 'c10h_train_loss', 'c10h_train_acc', 'c10h_val_loss', 'c10h_val_acc', 'c10h_train_c10_loss', 'c10h_train_c10_acc', 'c10h_val_c10_loss', 'c10h_val_c10_acc', 'v4_loss', 'v4_acc', 'v6_loss', 'v6_acc', 'c10_50k_loss', 'c10_50k_acc']) 
 c10h_outdir:  /tigress/ruairidh/model_results/run_1/saves/wrn_28_10/con_True_lr_0.01_seed_2
[2018/09/25 19:15:54 __main__ INFO] - Train 6
[2018/09/25 19:16:13 __main__ INFO] - TEST 6
[2018/09/25 19:17:02 __main__ INFO] - - epoch 6    c10h_train    : 0.3356 (acc: 0.9739) | c10h_val    : 0.4904 (acc: 0.9220)
[2018/09/25 19:17:02 __main__ INFO] - -            c10h_train_c10: 0.0545 (acc: 0.9797) | c10h_val_c10: 0.2558 (acc: 0.9240)
[2018/09/25 19:17:02 __main__ INFO] - -            v4            : 0.5365 (acc: 0.8436) |           v6: 0.5227 (acc: 0.8495)
[2018/09/25 19:17:02 __main__ INFO] - -            c10_50k       : 0.1028 (acc: 0.9656)
[2018/09/25 19:17:02 __main__ INFO] - Elapsed 48.60
keys:  dict_keys(['epoch', 'c10h_train_loss', 'c10h_train_acc', 'c10h_val_loss', 'c10h_val_acc', 'c10h_train_c10_loss', 'c10h_train_c10_acc', 'c10h_val_c10_loss', 'c10h_val_c10_acc', 'v4_loss', 'v4_acc', 'v6_loss', 'v6_acc', 'c10_50k_loss', 'c10_50k_acc']) 
 c10h_outdir:  /tigress/ruairidh/model_results/run_1/saves/wrn_28_10/con_True_lr_0.01_seed_2
[2018/09/25 19:17:04 __main__ INFO] - Train 7
[2018/09/25 19:17:23 __main__ INFO] - TEST 7
[2018/09/25 19:18:12 __main__ INFO] - - epoch 7    c10h_train    : 0.3962 (acc: 0.9588) | c10h_val    : 0.5698 (acc: 0.9070)
[2018/09/25 19:18:12 __main__ INFO] - -            c10h_train_c10: 0.0950 (acc: 0.9653) | c10h_val_c10: 0.3206 (acc: 0.9080)
[2018/09/25 19:18:12 __main__ INFO] - -            v4            : 0.6625 (acc: 0.8184) |           v6: 0.6358 (acc: 0.8205)
[2018/09/25 19:18:12 __main__ INFO] - -            c10_50k       : 0.1702 (acc: 0.9451)
[2018/09/25 19:18:12 __main__ INFO] - Elapsed 48.39
keys:  dict_keys(['epoch', 'c10h_train_loss', 'c10h_train_acc', 'c10h_val_loss', 'c10h_val_acc', 'c10h_train_c10_loss', 'c10h_train_c10_acc', 'c10h_val_c10_loss', 'c10h_val_c10_acc', 'v4_loss', 'v4_acc', 'v6_loss', 'v6_acc', 'c10_50k_loss', 'c10_50k_acc']) 
 c10h_outdir:  /tigress/ruairidh/model_results/run_1/saves/wrn_28_10/con_True_lr_0.01_seed_2
[2018/09/25 19:18:14 __main__ INFO] - Train 8
[2018/09/25 19:18:33 __main__ INFO] - TEST 8
[2018/09/25 19:19:22 __main__ INFO] - - epoch 8    c10h_train    : 0.3716 (acc: 0.9693) | c10h_val    : 0.5657 (acc: 0.9060)
[2018/09/25 19:19:22 __main__ INFO] - -            c10h_train_c10: 0.0635 (acc: 0.9760) | c10h_val_c10: 0.3189 (acc: 0.9090)
[2018/09/25 19:19:22 __main__ INFO] - -            v4            : 0.5824 (acc: 0.8328) |           v6: 0.5841 (acc: 0.8420)
[2018/09/25 19:19:22 __main__ INFO] - -            c10_50k       : 0.1467 (acc: 0.9533)
[2018/09/25 19:19:22 __main__ INFO] - Elapsed 49.13
keys:  dict_keys(['epoch', 'c10h_train_loss', 'c10h_train_acc', 'c10h_val_loss', 'c10h_val_acc', 'c10h_train_c10_loss', 'c10h_train_c10_acc', 'c10h_val_c10_loss', 'c10h_val_c10_acc', 'v4_loss', 'v4_acc', 'v6_loss', 'v6_acc', 'c10_50k_loss', 'c10_50k_acc']) 
 c10h_outdir:  /tigress/ruairidh/model_results/run_1/saves/wrn_28_10/con_True_lr_0.01_seed_2
[2018/09/25 19:19:25 __main__ INFO] - Train 9
[2018/09/25 19:19:44 __main__ INFO] - TEST 9
[2018/09/25 19:20:32 __main__ INFO] - - epoch 9    c10h_train    : 0.3682 (acc: 0.9754) | c10h_val    : 0.5748 (acc: 0.9180)
[2018/09/25 19:20:32 __main__ INFO] - -            c10h_train_c10: 0.0441 (acc: 0.9823) | c10h_val_c10: 0.3133 (acc: 0.9210)
[2018/09/25 19:20:32 __main__ INFO] - -            v4            : 0.5920 (acc: 0.8313) |           v6: 0.5913 (acc: 0.8365)
[2018/09/25 19:20:32 __main__ INFO] - -            c10_50k       : 0.1093 (acc: 0.9640)
[2018/09/25 19:20:32 __main__ INFO] - Elapsed 48.12
keys:  dict_keys(['epoch', 'c10h_train_loss', 'c10h_train_acc', 'c10h_val_loss', 'c10h_val_acc', 'c10h_train_c10_loss', 'c10h_train_c10_acc', 'c10h_val_c10_loss', 'c10h_val_c10_acc', 'v4_loss', 'v4_acc', 'v6_loss', 'v6_acc', 'c10_50k_loss', 'c10_50k_acc']) 
 c10h_outdir:  /tigress/ruairidh/model_results/run_1/saves/wrn_28_10/con_True_lr_0.01_seed_2
[2018/09/25 19:20:34 __main__ INFO] - Train 10
[2018/09/25 19:20:53 __main__ INFO] - TEST 10
[2018/09/25 19:21:42 __main__ INFO] - - epoch 10    c10h_train    : 0.3509 (acc: 0.9808) | c10h_val    : 0.5127 (acc: 0.9190)
[2018/09/25 19:21:42 __main__ INFO] - -            c10h_train_c10: 0.0295 (acc: 0.9883) | c10h_val_c10: 0.2634 (acc: 0.9210)
[2018/09/25 19:21:42 __main__ INFO] - -            v4            : 0.5766 (acc: 0.8347) |           v6: 0.5588 (acc: 0.8435)
[2018/09/25 19:21:42 __main__ INFO] - -            c10_50k       : 0.1066 (acc: 0.9644)
[2018/09/25 19:21:42 __main__ INFO] - Elapsed 48.36
keys:  dict_keys(['epoch', 'c10h_train_loss', 'c10h_train_acc', 'c10h_val_loss', 'c10h_val_acc', 'c10h_train_c10_loss', 'c10h_train_c10_acc', 'c10h_val_c10_loss', 'c10h_val_c10_acc', 'v4_loss', 'v4_acc', 'v6_loss', 'v6_acc', 'c10_50k_loss', 'c10_50k_acc']) 
 c10h_outdir:  /tigress/ruairidh/model_results/run_1/saves/wrn_28_10/con_True_lr_0.01_seed_2
[2018/09/25 19:21:43 __main__ INFO] - Train 11
[2018/09/25 19:22:02 __main__ INFO] - TEST 11
[2018/09/25 19:22:51 __main__ INFO] - - epoch 11    c10h_train    : 0.3754 (acc: 0.9717) | c10h_val    : 0.5905 (acc: 0.9010)
[2018/09/25 19:22:51 __main__ INFO] - -            c10h_train_c10: 0.0489 (acc: 0.9792) | c10h_val_c10: 0.3304 (acc: 0.9030)
[2018/09/25 19:22:51 __main__ INFO] - -            v4            : 0.6304 (acc: 0.8184) |           v6: 0.6258 (acc: 0.8275)
[2018/09/25 19:22:51 __main__ INFO] - -            c10_50k       : 0.1464 (acc: 0.9523)
[2018/09/25 19:22:51 __main__ INFO] - Elapsed 48.83
keys:  dict_keys(['epoch', 'c10h_train_loss', 'c10h_train_acc', 'c10h_val_loss', 'c10h_val_acc', 'c10h_train_c10_loss', 'c10h_train_c10_acc', 'c10h_val_c10_loss', 'c10h_val_c10_acc', 'v4_loss', 'v4_acc', 'v6_loss', 'v6_acc', 'c10_50k_loss', 'c10_50k_acc']) 
 c10h_outdir:  /tigress/ruairidh/model_results/run_1/saves/wrn_28_10/con_True_lr_0.01_seed_2
[2018/09/25 19:22:52 __main__ INFO] - Train 12
[2018/09/25 19:23:11 __main__ INFO] - TEST 12
[2018/09/25 19:24:00 __main__ INFO] - - epoch 12    c10h_train    : 0.3680 (acc: 0.9798) | c10h_val    : 0.5220 (acc: 0.9160)
[2018/09/25 19:24:00 __main__ INFO] - -            c10h_train_c10: 0.0327 (acc: 0.9868) | c10h_val_c10: 0.2647 (acc: 0.9160)
[2018/09/25 19:24:00 __main__ INFO] - -            v4            : 0.5541 (acc: 0.8466) |           v6: 0.5506 (acc: 0.8495)
[2018/09/25 19:24:00 __main__ INFO] - -            c10_50k       : 0.1092 (acc: 0.9641)
[2018/09/25 19:24:00 __main__ INFO] - Elapsed 48.42
keys:  dict_keys(['epoch', 'c10h_train_loss', 'c10h_train_acc', 'c10h_val_loss', 'c10h_val_acc', 'c10h_train_c10_loss', 'c10h_train_c10_acc', 'c10h_val_c10_loss', 'c10h_val_c10_acc', 'v4_loss', 'v4_acc', 'v6_loss', 'v6_acc', 'c10_50k_loss', 'c10_50k_acc']) 
 c10h_outdir:  /tigress/ruairidh/model_results/run_1/saves/wrn_28_10/con_True_lr_0.01_seed_2
[2018/09/25 19:24:02 __main__ INFO] - Train 13
[2018/09/25 19:24:21 __main__ INFO] - TEST 13
[2018/09/25 19:25:09 __main__ INFO] - - epoch 13    c10h_train    : 0.3669 (acc: 0.9830) | c10h_val    : 0.5367 (acc: 0.9300)
[2018/09/25 19:25:10 __main__ INFO] - -            c10h_train_c10: 0.0183 (acc: 0.9906) | c10h_val_c10: 0.2634 (acc: 0.9300)
[2018/09/25 19:25:10 __main__ INFO] - -            v4            : 0.6112 (acc: 0.8446) |           v6: 0.5770 (acc: 0.8465)
[2018/09/25 19:25:10 __main__ INFO] - -            c10_50k       : 0.0961 (acc: 0.9681)
[2018/09/25 19:25:10 __main__ INFO] - Elapsed 48.32
keys:  dict_keys(['epoch', 'c10h_train_loss', 'c10h_train_acc', 'c10h_val_loss', 'c10h_val_acc', 'c10h_train_c10_loss', 'c10h_train_c10_acc', 'c10h_val_c10_loss', 'c10h_val_c10_acc', 'v4_loss', 'v4_acc', 'v6_loss', 'v6_acc', 'c10_50k_loss', 'c10_50k_acc']) 
 c10h_outdir:  /tigress/ruairidh/model_results/run_1/saves/wrn_28_10/con_True_lr_0.01_seed_2
[2018/09/25 19:25:11 __main__ INFO] - Train 14
[2018/09/25 19:25:31 __main__ INFO] - TEST 14
[2018/09/25 19:26:19 __main__ INFO] - - epoch 14    c10h_train    : 0.3767 (acc: 0.9816) | c10h_val    : 0.5697 (acc: 0.9140)
[2018/09/25 19:26:19 __main__ INFO] - -            c10h_train_c10: 0.0241 (acc: 0.9889) | c10h_val_c10: 0.3017 (acc: 0.9160)
[2018/09/25 19:26:19 __main__ INFO] - -            v4            : 0.6633 (acc: 0.8258) |           v6: 0.6686 (acc: 0.8260)
[2018/09/25 19:26:19 __main__ INFO] - -            c10_50k       : 0.1276 (acc: 0.9588)
[2018/09/25 19:26:19 __main__ INFO] - Elapsed 48.48
keys:  dict_keys(['epoch', 'c10h_train_loss', 'c10h_train_acc', 'c10h_val_loss', 'c10h_val_acc', 'c10h_train_c10_loss', 'c10h_train_c10_acc', 'c10h_val_c10_loss', 'c10h_val_c10_acc', 'v4_loss', 'v4_acc', 'v6_loss', 'v6_acc', 'c10_50k_loss', 'c10_50k_acc']) 
 c10h_outdir:  /tigress/ruairidh/model_results/run_1/saves/wrn_28_10/con_True_lr_0.01_seed_2
[2018/09/25 19:26:20 __main__ INFO] - Train 15
[2018/09/25 19:26:39 __main__ INFO] - TEST 15
[2018/09/25 19:27:28 __main__ INFO] - - epoch 15    c10h_train    : 0.3906 (acc: 0.9762) | c10h_val    : 0.5777 (acc: 0.9190)
[2018/09/25 19:27:28 __main__ INFO] - -            c10h_train_c10: 0.0390 (acc: 0.9839) | c10h_val_c10: 0.2973 (acc: 0.9220)
[2018/09/25 19:27:28 __main__ INFO] - -            v4            : 0.6242 (acc: 0.8268) |           v6: 0.6614 (acc: 0.8380)
[2018/09/25 19:27:28 __main__ INFO] - -            c10_50k       : 0.1436 (acc: 0.9539)
[2018/09/25 19:27:28 __main__ INFO] - Elapsed 48.53
keys:  dict_keys(['epoch', 'c10h_train_loss', 'c10h_train_acc', 'c10h_val_loss', 'c10h_val_acc', 'c10h_train_c10_loss', 'c10h_train_c10_acc', 'c10h_val_c10_loss', 'c10h_val_c10_acc', 'v4_loss', 'v4_acc', 'v6_loss', 'v6_acc', 'c10_50k_loss', 'c10_50k_acc']) 
 c10h_outdir:  /tigress/ruairidh/model_results/run_1/saves/wrn_28_10/con_True_lr_0.01_seed_2
[2018/09/25 19:27:30 __main__ INFO] - Train 16
[2018/09/25 19:27:49 __main__ INFO] - TEST 16
[2018/09/25 19:28:38 __main__ INFO] - - epoch 16    c10h_train    : 0.3866 (acc: 0.9801) | c10h_val    : 0.5447 (acc: 0.9190)
[2018/09/25 19:28:38 __main__ INFO] - -            c10h_train_c10: 0.0271 (acc: 0.9877) | c10h_val_c10: 0.2759 (acc: 0.9220)
[2018/09/25 19:28:38 __main__ INFO] - -            v4            : 0.6138 (acc: 0.8337) |           v6: 0.6009 (acc: 0.8450)
[2018/09/25 19:28:38 __main__ INFO] - -            c10_50k       : 0.1374 (acc: 0.9575)
[2018/09/25 19:28:38 __main__ INFO] - Elapsed 49.09
keys:  dict_keys(['epoch', 'c10h_train_loss', 'c10h_train_acc', 'c10h_val_loss', 'c10h_val_acc', 'c10h_train_c10_loss', 'c10h_train_c10_acc', 'c10h_val_c10_loss', 'c10h_val_c10_acc', 'v4_loss', 'v4_acc', 'v6_loss', 'v6_acc', 'c10_50k_loss', 'c10_50k_acc']) 
 c10h_outdir:  /tigress/ruairidh/model_results/run_1/saves/wrn_28_10/con_True_lr_0.01_seed_2
[2018/09/25 19:28:40 __main__ INFO] - Train 17
[2018/09/25 19:29:00 __main__ INFO] - TEST 17
[2018/09/25 19:29:49 __main__ INFO] - - epoch 17    c10h_train    : 0.3777 (acc: 0.9829) | c10h_val    : 0.5371 (acc: 0.9280)
[2018/09/25 19:29:49 __main__ INFO] - -            c10h_train_c10: 0.0167 (acc: 0.9906) | c10h_val_c10: 0.2604 (acc: 0.9300)
[2018/09/25 19:29:49 __main__ INFO] - -            v4            : 0.5281 (acc: 0.8501) |           v6: 0.5526 (acc: 0.8590)
[2018/09/25 19:29:49 __main__ INFO] - -            c10_50k       : 0.0977 (acc: 0.9684)
[2018/09/25 19:29:49 __main__ INFO] - Elapsed 48.75
keys:  dict_keys(['epoch', 'c10h_train_loss', 'c10h_train_acc', 'c10h_val_loss', 'c10h_val_acc', 'c10h_train_c10_loss', 'c10h_train_c10_acc', 'c10h_val_c10_loss', 'c10h_val_c10_acc', 'v4_loss', 'v4_acc', 'v6_loss', 'v6_acc', 'c10_50k_loss', 'c10_50k_acc']) 
 c10h_outdir:  /tigress/ruairidh/model_results/run_1/saves/wrn_28_10/con_True_lr_0.01_seed_2
[2018/09/25 19:29:49 __main__ INFO] - Train 18
[2018/09/25 19:30:09 __main__ INFO] - TEST 18
[2018/09/25 19:30:57 __main__ INFO] - - epoch 18    c10h_train    : 0.4005 (acc: 0.9802) | c10h_val    : 0.5896 (acc: 0.9170)
[2018/09/25 19:30:57 __main__ INFO] - -            c10h_train_c10: 0.0252 (acc: 0.9880) | c10h_val_c10: 0.2892 (acc: 0.9200)
[2018/09/25 19:30:57 __main__ INFO] - -            v4            : 0.6686 (acc: 0.8333) |           v6: 0.6550 (acc: 0.8395)
[2018/09/25 19:30:57 __main__ INFO] - -            c10_50k       : 0.1347 (acc: 0.9580)
[2018/09/25 19:30:57 __main__ INFO] - Elapsed 48.14
keys:  dict_keys(['epoch', 'c10h_train_loss', 'c10h_train_acc', 'c10h_val_loss', 'c10h_val_acc', 'c10h_train_c10_loss', 'c10h_train_c10_acc', 'c10h_val_c10_loss', 'c10h_val_c10_acc', 'v4_loss', 'v4_acc', 'v6_loss', 'v6_acc', 'c10_50k_loss', 'c10_50k_acc']) 
 c10h_outdir:  /tigress/ruairidh/model_results/run_1/saves/wrn_28_10/con_True_lr_0.01_seed_2
[2018/09/25 19:30:59 __main__ INFO] - Train 19
[2018/09/25 19:31:18 __main__ INFO] - TEST 19
[2018/09/25 19:32:07 __main__ INFO] - - epoch 19    c10h_train    : 0.3980 (acc: 0.9830) | c10h_val    : 0.5778 (acc: 0.9230)
[2018/09/25 19:32:07 __main__ INFO] - -            c10h_train_c10: 0.0162 (acc: 0.9911) | c10h_val_c10: 0.2870 (acc: 0.9250)
[2018/09/25 19:32:07 __main__ INFO] - -            v4            : 0.5878 (acc: 0.8456) |           v6: 0.6345 (acc: 0.8490)
[2018/09/25 19:32:07 __main__ INFO] - -            c10_50k       : 0.1112 (acc: 0.9641)
[2018/09/25 19:32:07 __main__ INFO] - Elapsed 48.16
keys:  dict_keys(['epoch', 'c10h_train_loss', 'c10h_train_acc', 'c10h_val_loss', 'c10h_val_acc', 'c10h_train_c10_loss', 'c10h_train_c10_acc', 'c10h_val_c10_loss', 'c10h_val_c10_acc', 'v4_loss', 'v4_acc', 'v6_loss', 'v6_acc', 'c10_50k_loss', 'c10_50k_acc']) 
 c10h_outdir:  /tigress/ruairidh/model_results/run_1/saves/wrn_28_10/con_True_lr_0.01_seed_2
[2018/09/25 19:32:08 __main__ INFO] - Train 20
[2018/09/25 19:32:28 __main__ INFO] - TEST 20
[2018/09/25 19:33:16 __main__ INFO] - - epoch 20    c10h_train    : 0.3845 (acc: 0.9807) | c10h_val    : 0.5868 (acc: 0.9150)
[2018/09/25 19:33:16 __main__ INFO] - -            c10h_train_c10: 0.0244 (acc: 0.9884) | c10h_val_c10: 0.3150 (acc: 0.9170)
[2018/09/25 19:33:16 __main__ INFO] - -            v4            : 0.6421 (acc: 0.8342) |           v6: 0.6354 (acc: 0.8440)
[2018/09/25 19:33:16 __main__ INFO] - -            c10_50k       : 0.1363 (acc: 0.9572)
[2018/09/25 19:33:16 __main__ INFO] - Elapsed 48.27
keys:  dict_keys(['epoch', 'c10h_train_loss', 'c10h_train_acc', 'c10h_val_loss', 'c10h_val_acc', 'c10h_train_c10_loss', 'c10h_train_c10_acc', 'c10h_val_c10_loss', 'c10h_val_c10_acc', 'v4_loss', 'v4_acc', 'v6_loss', 'v6_acc', 'c10_50k_loss', 'c10_50k_acc']) 
 c10h_outdir:  /tigress/ruairidh/model_results/run_1/saves/wrn_28_10/con_True_lr_0.01_seed_2
[2018/09/25 19:33:18 __main__ INFO] - Train 21
[2018/09/25 19:33:38 __main__ INFO] - TEST 21
[2018/09/25 19:34:27 __main__ INFO] - - epoch 21    c10h_train    : 0.4010 (acc: 0.9821) | c10h_val    : 0.5987 (acc: 0.9080)
[2018/09/25 19:34:27 __main__ INFO] - -            c10h_train_c10: 0.0205 (acc: 0.9893) | c10h_val_c10: 0.3147 (acc: 0.9100)
[2018/09/25 19:34:27 __main__ INFO] - -            v4            : 0.6151 (acc: 0.8298) |           v6: 0.6416 (acc: 0.8400)
[2018/09/25 19:34:27 __main__ INFO] - -            c10_50k       : 0.1336 (acc: 0.9582)
[2018/09/25 19:34:27 __main__ INFO] - Elapsed 49.14
keys:  dict_keys(['epoch', 'c10h_train_loss', 'c10h_train_acc', 'c10h_val_loss', 'c10h_val_acc', 'c10h_train_c10_loss', 'c10h_train_c10_acc', 'c10h_val_c10_loss', 'c10h_val_c10_acc', 'v4_loss', 'v4_acc', 'v6_loss', 'v6_acc', 'c10_50k_loss', 'c10_50k_acc']) 
 c10h_outdir:  /tigress/ruairidh/model_results/run_1/saves/wrn_28_10/con_True_lr_0.01_seed_2
[2018/09/25 19:34:29 __main__ INFO] - Train 22
[2018/09/25 19:34:49 __main__ INFO] - TEST 22
[2018/09/25 19:35:37 __main__ INFO] - - epoch 22    c10h_train    : 0.3881 (acc: 0.9799) | c10h_val    : 0.5862 (acc: 0.9110)
[2018/09/25 19:35:37 __main__ INFO] - -            c10h_train_c10: 0.0241 (acc: 0.9879) | c10h_val_c10: 0.3074 (acc: 0.9140)
[2018/09/25 19:35:37 __main__ INFO] - -            v4            : 0.6345 (acc: 0.8298) |           v6: 0.6129 (acc: 0.8385)
[2018/09/25 19:35:37 __main__ INFO] - -            c10_50k       : 0.1381 (acc: 0.9570)
[2018/09/25 19:35:37 __main__ INFO] - Elapsed 48.27
keys:  dict_keys(['epoch', 'c10h_train_loss', 'c10h_train_acc', 'c10h_val_loss', 'c10h_val_acc', 'c10h_train_c10_loss', 'c10h_train_c10_acc', 'c10h_val_c10_loss', 'c10h_val_c10_acc', 'v4_loss', 'v4_acc', 'v6_loss', 'v6_acc', 'c10_50k_loss', 'c10_50k_acc']) 
 c10h_outdir:  /tigress/ruairidh/model_results/run_1/saves/wrn_28_10/con_True_lr_0.01_seed_2
[2018/09/25 19:35:38 __main__ INFO] - Train 23
[2018/09/25 19:35:58 __main__ INFO] - TEST 23
[2018/09/25 19:36:46 __main__ INFO] - - epoch 23    c10h_train    : 0.4058 (acc: 0.9857) | c10h_val    : 0.5707 (acc: 0.9320)
[2018/09/25 19:36:46 __main__ INFO] - -            c10h_train_c10: 0.0080 (acc: 0.9938) | c10h_val_c10: 0.2751 (acc: 0.9320)
[2018/09/25 19:36:46 __main__ INFO] - -            v4            : 0.5761 (acc: 0.8481) |           v6: 0.5799 (acc: 0.8485)
[2018/09/25 19:36:46 __main__ INFO] - -            c10_50k       : 0.1084 (acc: 0.9654)
[2018/09/25 19:36:46 __main__ INFO] - Elapsed 48.31
keys:  dict_keys(['epoch', 'c10h_train_loss', 'c10h_train_acc', 'c10h_val_loss', 'c10h_val_acc', 'c10h_train_c10_loss', 'c10h_train_c10_acc', 'c10h_val_c10_loss', 'c10h_val_c10_acc', 'v4_loss', 'v4_acc', 'v6_loss', 'v6_acc', 'c10_50k_loss', 'c10_50k_acc']) 
 c10h_outdir:  /tigress/ruairidh/model_results/run_1/saves/wrn_28_10/con_True_lr_0.01_seed_2
[2018/09/25 19:36:49 __main__ INFO] - Train 24
[2018/09/25 19:37:09 __main__ INFO] - TEST 24
[2018/09/25 19:37:57 __main__ INFO] - - epoch 24    c10h_train    : 0.3904 (acc: 0.9822) | c10h_val    : 0.5599 (acc: 0.9200)
[2018/09/25 19:37:57 __main__ INFO] - -            c10h_train_c10: 0.0182 (acc: 0.9903) | c10h_val_c10: 0.2766 (acc: 0.9220)
[2018/09/25 19:37:57 __main__ INFO] - -            v4            : 0.6788 (acc: 0.8253) |           v6: 0.6622 (acc: 0.8420)
[2018/09/25 19:37:57 __main__ INFO] - -            c10_50k       : 0.1381 (acc: 0.9563)
[2018/09/25 19:37:57 __main__ INFO] - Elapsed 48.30
keys:  dict_keys(['epoch', 'c10h_train_loss', 'c10h_train_acc', 'c10h_val_loss', 'c10h_val_acc', 'c10h_train_c10_loss', 'c10h_train_c10_acc', 'c10h_val_c10_loss', 'c10h_val_c10_acc', 'v4_loss', 'v4_acc', 'v6_loss', 'v6_acc', 'c10_50k_loss', 'c10_50k_acc']) 
 c10h_outdir:  /tigress/ruairidh/model_results/run_1/saves/wrn_28_10/con_True_lr_0.01_seed_2
[2018/09/25 19:37:58 __main__ INFO] - Train 25
[2018/09/25 19:38:18 __main__ INFO] - TEST 25
[2018/09/25 19:39:06 __main__ INFO] - - epoch 25    c10h_train    : 0.3994 (acc: 0.9828) | c10h_val    : 0.5516 (acc: 0.9200)
[2018/09/25 19:39:06 __main__ INFO] - -            c10h_train_c10: 0.0184 (acc: 0.9907) | c10h_val_c10: 0.2721 (acc: 0.9220)
[2018/09/25 19:39:06 __main__ INFO] - -            v4            : 0.5792 (acc: 0.8530) |           v6: 0.5526 (acc: 0.8620)
[2018/09/25 19:39:06 __main__ INFO] - -            c10_50k       : 0.1289 (acc: 0.9596)
[2018/09/25 19:39:06 __main__ INFO] - Elapsed 48.13
keys:  dict_keys(['epoch', 'c10h_train_loss', 'c10h_train_acc', 'c10h_val_loss', 'c10h_val_acc', 'c10h_train_c10_loss', 'c10h_train_c10_acc', 'c10h_val_c10_loss', 'c10h_val_c10_acc', 'v4_loss', 'v4_acc', 'v6_loss', 'v6_acc', 'c10_50k_loss', 'c10_50k_acc']) 
 c10h_outdir:  /tigress/ruairidh/model_results/run_1/saves/wrn_28_10/con_True_lr_0.01_seed_2
[2018/09/25 19:39:08 __main__ INFO] - Train 26
[2018/09/25 19:39:27 __main__ INFO] - TEST 26
[2018/09/25 19:40:16 __main__ INFO] - - epoch 26    c10h_train    : 0.3987 (acc: 0.9802) | c10h_val    : 0.5971 (acc: 0.9270)
[2018/09/25 19:40:16 __main__ INFO] - -            c10h_train_c10: 0.0263 (acc: 0.9878) | c10h_val_c10: 0.3089 (acc: 0.9280)
[2018/09/25 19:40:16 __main__ INFO] - -            v4            : 0.6197 (acc: 0.8303) |           v6: 0.6205 (acc: 0.8415)
[2018/09/25 19:40:16 __main__ INFO] - -            c10_50k       : 0.1494 (acc: 0.9531)
[2018/09/25 19:40:16 __main__ INFO] - Elapsed 48.70
keys:  dict_keys(['epoch', 'c10h_train_loss', 'c10h_train_acc', 'c10h_val_loss', 'c10h_val_acc', 'c10h_train_c10_loss', 'c10h_train_c10_acc', 'c10h_val_c10_loss', 'c10h_val_c10_acc', 'v4_loss', 'v4_acc', 'v6_loss', 'v6_acc', 'c10_50k_loss', 'c10_50k_acc']) 
 c10h_outdir:  /tigress/ruairidh/model_results/run_1/saves/wrn_28_10/con_True_lr_0.01_seed_2
[2018/09/25 19:40:18 __main__ INFO] - Train 27
[2018/09/25 19:40:37 __main__ INFO] - TEST 27
[2018/09/25 19:41:26 __main__ INFO] - - epoch 27    c10h_train    : 0.3915 (acc: 0.9821) | c10h_val    : 0.5738 (acc: 0.9150)
[2018/09/25 19:41:26 __main__ INFO] - -            c10h_train_c10: 0.0205 (acc: 0.9899) | c10h_val_c10: 0.3002 (acc: 0.9160)
[2018/09/25 19:41:26 __main__ INFO] - -            v4            : 0.5903 (acc: 0.8382) |           v6: 0.5776 (acc: 0.8465)
[2018/09/25 19:41:26 __main__ INFO] - -            c10_50k       : 0.1282 (acc: 0.9591)
[2018/09/25 19:41:26 __main__ INFO] - Elapsed 48.48
keys:  dict_keys(['epoch', 'c10h_train_loss', 'c10h_train_acc', 'c10h_val_loss', 'c10h_val_acc', 'c10h_train_c10_loss', 'c10h_train_c10_acc', 'c10h_val_c10_loss', 'c10h_val_c10_acc', 'v4_loss', 'v4_acc', 'v6_loss', 'v6_acc', 'c10_50k_loss', 'c10_50k_acc']) 
 c10h_outdir:  /tigress/ruairidh/model_results/run_1/saves/wrn_28_10/con_True_lr_0.01_seed_2
[2018/09/25 19:41:28 __main__ INFO] - Train 28
[2018/09/25 19:41:47 __main__ INFO] - TEST 28
[2018/09/25 19:42:36 __main__ INFO] - - epoch 28    c10h_train    : 0.3937 (acc: 0.9842) | c10h_val    : 0.5460 (acc: 0.9330)
[2018/09/25 19:42:36 __main__ INFO] - -            c10h_train_c10: 0.0126 (acc: 0.9922) | c10h_val_c10: 0.2644 (acc: 0.9330)
[2018/09/25 19:42:36 __main__ INFO] - -            v4            : 0.5666 (acc: 0.8451) |           v6: 0.5628 (acc: 0.8560)
[2018/09/25 19:42:36 __main__ INFO] - -            c10_50k       : 0.1213 (acc: 0.9619)
[2018/09/25 19:42:36 __main__ INFO] - Elapsed 48.57
keys:  dict_keys(['epoch', 'c10h_train_loss', 'c10h_train_acc', 'c10h_val_loss', 'c10h_val_acc', 'c10h_train_c10_loss', 'c10h_train_c10_acc', 'c10h_val_c10_loss', 'c10h_val_c10_acc', 'v4_loss', 'v4_acc', 'v6_loss', 'v6_acc', 'c10_50k_loss', 'c10_50k_acc']) 
 c10h_outdir:  /tigress/ruairidh/model_results/run_1/saves/wrn_28_10/con_True_lr_0.01_seed_2
[2018/09/25 19:42:37 __main__ INFO] - Train 29
[2018/09/25 19:42:56 __main__ INFO] - TEST 29
[2018/09/25 19:43:45 __main__ INFO] - - epoch 29    c10h_train    : 0.3991 (acc: 0.9831) | c10h_val    : 0.5911 (acc: 0.9220)
[2018/09/25 19:43:45 __main__ INFO] - -            c10h_train_c10: 0.0154 (acc: 0.9909) | c10h_val_c10: 0.3155 (acc: 0.9220)
[2018/09/25 19:43:45 __main__ INFO] - -            v4            : 0.6813 (acc: 0.8199) |           v6: 0.6542 (acc: 0.8380)
[2018/09/25 19:43:45 __main__ INFO] - -            c10_50k       : 0.1324 (acc: 0.9580)
[2018/09/25 19:43:45 __main__ INFO] - Elapsed 48.51
keys:  dict_keys(['epoch', 'c10h_train_loss', 'c10h_train_acc', 'c10h_val_loss', 'c10h_val_acc', 'c10h_train_c10_loss', 'c10h_train_c10_acc', 'c10h_val_c10_loss', 'c10h_val_c10_acc', 'v4_loss', 'v4_acc', 'v6_loss', 'v6_acc', 'c10_50k_loss', 'c10_50k_acc']) 
 c10h_outdir:  /tigress/ruairidh/model_results/run_1/saves/wrn_28_10/con_True_lr_0.01_seed_2
[2018/09/25 19:43:46 __main__ INFO] - Train 30
[2018/09/25 19:44:06 __main__ INFO] - TEST 30
[2018/09/25 19:44:54 __main__ INFO] - - epoch 30    c10h_train    : 0.3990 (acc: 0.9814) | c10h_val    : 0.6051 (acc: 0.9220)
[2018/09/25 19:44:54 __main__ INFO] - -            c10h_train_c10: 0.0211 (acc: 0.9892) | c10h_val_c10: 0.3255 (acc: 0.9240)
[2018/09/25 19:44:54 __main__ INFO] - -            v4            : 0.7530 (acc: 0.8090) |           v6: 0.7231 (acc: 0.8230)
[2018/09/25 19:44:54 __main__ INFO] - -            c10_50k       : 0.1613 (acc: 0.9499)
[2018/09/25 19:44:54 __main__ INFO] - Elapsed 48.33
keys:  dict_keys(['epoch', 'c10h_train_loss', 'c10h_train_acc', 'c10h_val_loss', 'c10h_val_acc', 'c10h_train_c10_loss', 'c10h_train_c10_acc', 'c10h_val_c10_loss', 'c10h_val_c10_acc', 'v4_loss', 'v4_acc', 'v6_loss', 'v6_acc', 'c10_50k_loss', 'c10_50k_acc']) 
 c10h_outdir:  /tigress/ruairidh/model_results/run_1/saves/wrn_28_10/con_True_lr_0.01_seed_2
[2018/09/25 19:44:55 __main__ INFO] - Train 31
[2018/09/25 19:45:14 __main__ INFO] - TEST 31
[2018/09/25 19:46:02 __main__ INFO] - - epoch 31    c10h_train    : 0.4031 (acc: 0.9847) | c10h_val    : 0.5716 (acc: 0.9280)
[2018/09/25 19:46:02 __main__ INFO] - -            c10h_train_c10: 0.0111 (acc: 0.9926) | c10h_val_c10: 0.2748 (acc: 0.9300)
[2018/09/25 19:46:02 __main__ INFO] - -            v4            : 0.6128 (acc: 0.8387) |           v6: 0.5961 (acc: 0.8530)
[2018/09/25 19:46:02 __main__ INFO] - -            c10_50k       : 0.1163 (acc: 0.9626)
[2018/09/25 19:46:02 __main__ INFO] - Elapsed 47.78
keys:  dict_keys(['epoch', 'c10h_train_loss', 'c10h_train_acc', 'c10h_val_loss', 'c10h_val_acc', 'c10h_train_c10_loss', 'c10h_train_c10_acc', 'c10h_val_c10_loss', 'c10h_val_c10_acc', 'v4_loss', 'v4_acc', 'v6_loss', 'v6_acc', 'c10_50k_loss', 'c10_50k_acc']) 
 c10h_outdir:  /tigress/ruairidh/model_results/run_1/saves/wrn_28_10/con_True_lr_0.01_seed_2
[2018/09/25 19:46:03 __main__ INFO] - Train 32
[2018/09/25 19:46:23 __main__ INFO] - TEST 32
[2018/09/25 19:47:11 __main__ INFO] - - epoch 32    c10h_train    : 0.4100 (acc: 0.9860) | c10h_val    : 0.5808 (acc: 0.9270)
[2018/09/25 19:47:11 __main__ INFO] - -            c10h_train_c10: 0.0067 (acc: 0.9941) | c10h_val_c10: 0.2744 (acc: 0.9290)
[2018/09/25 19:47:11 __main__ INFO] - -            v4            : 0.6207 (acc: 0.8441) |           v6: 0.6196 (acc: 0.8460)
[2018/09/25 19:47:11 __main__ INFO] - -            c10_50k       : 0.1132 (acc: 0.9638)
[2018/09/25 19:47:11 __main__ INFO] - Elapsed 48.54
keys:  dict_keys(['epoch', 'c10h_train_loss', 'c10h_train_acc', 'c10h_val_loss', 'c10h_val_acc', 'c10h_train_c10_loss', 'c10h_train_c10_acc', 'c10h_val_c10_loss', 'c10h_val_c10_acc', 'v4_loss', 'v4_acc', 'v6_loss', 'v6_acc', 'c10_50k_loss', 'c10_50k_acc']) 
 c10h_outdir:  /tigress/ruairidh/model_results/run_1/saves/wrn_28_10/con_True_lr_0.01_seed_2
[2018/09/25 19:47:13 __main__ INFO] - Train 33
[2018/09/25 19:47:32 __main__ INFO] - TEST 33
[2018/09/25 19:48:21 __main__ INFO] - - epoch 33    c10h_train    : 0.4131 (acc: 0.9856) | c10h_val    : 0.5958 (acc: 0.9220)
[2018/09/25 19:48:21 __main__ INFO] - -            c10h_train_c10: 0.0081 (acc: 0.9936) | c10h_val_c10: 0.2887 (acc: 0.9240)
[2018/09/25 19:48:21 __main__ INFO] - -            v4            : 0.5850 (acc: 0.8451) |           v6: 0.5725 (acc: 0.8555)
[2018/09/25 19:48:21 __main__ INFO] - -            c10_50k       : 0.1162 (acc: 0.9631)
[2018/09/25 19:48:21 __main__ INFO] - Elapsed 48.27
keys:  dict_keys(['epoch', 'c10h_train_loss', 'c10h_train_acc', 'c10h_val_loss', 'c10h_val_acc', 'c10h_train_c10_loss', 'c10h_train_c10_acc', 'c10h_val_c10_loss', 'c10h_val_c10_acc', 'v4_loss', 'v4_acc', 'v6_loss', 'v6_acc', 'c10_50k_loss', 'c10_50k_acc']) 
 c10h_outdir:  /tigress/ruairidh/model_results/run_1/saves/wrn_28_10/con_True_lr_0.01_seed_2
[2018/09/25 19:48:22 __main__ INFO] - Train 34
[2018/09/25 19:48:42 __main__ INFO] - TEST 34
[2018/09/25 19:49:30 __main__ INFO] - - epoch 34    c10h_train    : 0.4135 (acc: 0.9859) | c10h_val    : 0.5985 (acc: 0.9250)
[2018/09/25 19:49:30 __main__ INFO] - -            c10h_train_c10: 0.0070 (acc: 0.9939) | c10h_val_c10: 0.2948 (acc: 0.9270)
[2018/09/25 19:49:30 __main__ INFO] - -            v4            : 0.5809 (acc: 0.8456) |           v6: 0.5640 (acc: 0.8650)
[2018/09/25 19:49:30 __main__ INFO] - -            c10_50k       : 0.1154 (acc: 0.9642)
[2018/09/25 19:49:30 __main__ INFO] - Elapsed 48.73
keys:  dict_keys(['epoch', 'c10h_train_loss', 'c10h_train_acc', 'c10h_val_loss', 'c10h_val_acc', 'c10h_train_c10_loss', 'c10h_train_c10_acc', 'c10h_val_c10_loss', 'c10h_val_c10_acc', 'v4_loss', 'v4_acc', 'v6_loss', 'v6_acc', 'c10_50k_loss', 'c10_50k_acc']) 
 c10h_outdir:  /tigress/ruairidh/model_results/run_1/saves/wrn_28_10/con_True_lr_0.01_seed_2
[2018/09/25 19:49:31 __main__ INFO] - Train 35
[2018/09/25 19:49:51 __main__ INFO] - TEST 35
[2018/09/25 19:50:39 __main__ INFO] - - epoch 35    c10h_train    : 0.4153 (acc: 0.9836) | c10h_val    : 0.6072 (acc: 0.9210)
[2018/09/25 19:50:39 __main__ INFO] - -            c10h_train_c10: 0.0134 (acc: 0.9916) | c10h_val_c10: 0.3070 (acc: 0.9240)
[2018/09/25 19:50:39 __main__ INFO] - -            v4            : 0.6453 (acc: 0.8298) |           v6: 0.6032 (acc: 0.8495)
[2018/09/25 19:50:39 __main__ INFO] - -            c10_50k       : 0.1338 (acc: 0.9594)
[2018/09/25 19:50:39 __main__ INFO] - Elapsed 48.30
keys:  dict_keys(['epoch', 'c10h_train_loss', 'c10h_train_acc', 'c10h_val_loss', 'c10h_val_acc', 'c10h_train_c10_loss', 'c10h_train_c10_acc', 'c10h_val_c10_loss', 'c10h_val_c10_acc', 'v4_loss', 'v4_acc', 'v6_loss', 'v6_acc', 'c10_50k_loss', 'c10_50k_acc']) 
 c10h_outdir:  /tigress/ruairidh/model_results/run_1/saves/wrn_28_10/con_True_lr_0.01_seed_2
[2018/09/25 19:50:41 __main__ INFO] - Train 36
[2018/09/25 19:51:00 __main__ INFO] - TEST 36
[2018/09/25 19:51:49 __main__ INFO] - - epoch 36    c10h_train    : 0.4087 (acc: 0.9861) | c10h_val    : 0.5631 (acc: 0.9240)
[2018/09/25 19:51:49 __main__ INFO] - -            c10h_train_c10: 0.0068 (acc: 0.9939) | c10h_val_c10: 0.2605 (acc: 0.9270)
[2018/09/25 19:51:49 __main__ INFO] - -            v4            : 0.6336 (acc: 0.8347) |           v6: 0.5773 (acc: 0.8485)
[2018/09/25 19:51:49 __main__ INFO] - -            c10_50k       : 0.1168 (acc: 0.9630)
[2018/09/25 19:51:49 __main__ INFO] - Elapsed 48.65
keys:  dict_keys(['epoch', 'c10h_train_loss', 'c10h_train_acc', 'c10h_val_loss', 'c10h_val_acc', 'c10h_train_c10_loss', 'c10h_train_c10_acc', 'c10h_val_c10_loss', 'c10h_val_c10_acc', 'v4_loss', 'v4_acc', 'v6_loss', 'v6_acc', 'c10_50k_loss', 'c10_50k_acc']) 
 c10h_outdir:  /tigress/ruairidh/model_results/run_1/saves/wrn_28_10/con_True_lr_0.01_seed_2
[2018/09/25 19:51:50 __main__ INFO] - Train 37
[2018/09/25 19:52:09 __main__ INFO] - TEST 37
[2018/09/25 19:52:58 __main__ INFO] - - epoch 37    c10h_train    : 0.4110 (acc: 0.9837) | c10h_val    : 0.5939 (acc: 0.9210)
[2018/09/25 19:52:58 __main__ INFO] - -            c10h_train_c10: 0.0145 (acc: 0.9916) | c10h_val_c10: 0.2956 (acc: 0.9240)
[2018/09/25 19:52:58 __main__ INFO] - -            v4            : 0.6571 (acc: 0.8372) |           v6: 0.6633 (acc: 0.8410)
[2018/09/25 19:52:58 __main__ INFO] - -            c10_50k       : 0.1546 (acc: 0.9538)
[2018/09/25 19:52:58 __main__ INFO] - Elapsed 48.58
keys:  dict_keys(['epoch', 'c10h_train_loss', 'c10h_train_acc', 'c10h_val_loss', 'c10h_val_acc', 'c10h_train_c10_loss', 'c10h_train_c10_acc', 'c10h_val_c10_loss', 'c10h_val_c10_acc', 'v4_loss', 'v4_acc', 'v6_loss', 'v6_acc', 'c10_50k_loss', 'c10_50k_acc']) 
 c10h_outdir:  /tigress/ruairidh/model_results/run_1/saves/wrn_28_10/con_True_lr_0.01_seed_2
[2018/09/25 19:53:00 __main__ INFO] - Train 38
[2018/09/25 19:53:20 __main__ INFO] - TEST 38
[2018/09/25 19:54:08 __main__ INFO] - - epoch 38    c10h_train    : 0.4022 (acc: 0.9784) | c10h_val    : 0.6181 (acc: 0.9160)
[2018/09/25 19:54:08 __main__ INFO] - -            c10h_train_c10: 0.0277 (acc: 0.9862) | c10h_val_c10: 0.3315 (acc: 0.9190)
[2018/09/25 19:54:08 __main__ INFO] - -            v4            : 0.6445 (acc: 0.8422) |           v6: 0.6246 (acc: 0.8440)
[2018/09/25 19:54:08 __main__ INFO] - -            c10_50k       : 0.1662 (acc: 0.9484)
[2018/09/25 19:54:08 __main__ INFO] - Elapsed 48.47
keys:  dict_keys(['epoch', 'c10h_train_loss', 'c10h_train_acc', 'c10h_val_loss', 'c10h_val_acc', 'c10h_train_c10_loss', 'c10h_train_c10_acc', 'c10h_val_c10_loss', 'c10h_val_c10_acc', 'v4_loss', 'v4_acc', 'v6_loss', 'v6_acc', 'c10_50k_loss', 'c10_50k_acc']) 
 c10h_outdir:  /tigress/ruairidh/model_results/run_1/saves/wrn_28_10/con_True_lr_0.01_seed_2
[2018/09/25 19:54:09 __main__ INFO] - Train 39
[2018/09/25 19:54:29 __main__ INFO] - TEST 39
[2018/09/25 19:55:18 __main__ INFO] - - epoch 39    c10h_train    : 0.4122 (acc: 0.9729) | c10h_val    : 0.6910 (acc: 0.9010)
[2018/09/25 19:55:18 __main__ INFO] - -            c10h_train_c10: 0.0474 (acc: 0.9807) | c10h_val_c10: 0.4160 (acc: 0.9040)
[2018/09/25 19:55:18 __main__ INFO] - -            v4            : 0.7379 (acc: 0.8090) |           v6: 0.7741 (acc: 0.8195)
[2018/09/25 19:55:18 __main__ INFO] - -            c10_50k       : 0.2373 (acc: 0.9314)
[2018/09/25 19:55:18 __main__ INFO] - Elapsed 49.15
keys:  dict_keys(['epoch', 'c10h_train_loss', 'c10h_train_acc', 'c10h_val_loss', 'c10h_val_acc', 'c10h_train_c10_loss', 'c10h_train_c10_acc', 'c10h_val_c10_loss', 'c10h_val_c10_acc', 'v4_loss', 'v4_acc', 'v6_loss', 'v6_acc', 'c10_50k_loss', 'c10_50k_acc']) 
 c10h_outdir:  /tigress/ruairidh/model_results/run_1/saves/wrn_28_10/con_True_lr_0.01_seed_2
[2018/09/25 19:55:19 __main__ INFO] - Train 40
[2018/09/25 19:55:38 __main__ INFO] - TEST 40
[2018/09/25 19:56:26 __main__ INFO] - - epoch 40    c10h_train    : 0.3985 (acc: 0.9798) | c10h_val    : 0.5967 (acc: 0.9060)
[2018/09/25 19:56:27 __main__ INFO] - -            c10h_train_c10: 0.0270 (acc: 0.9874) | c10h_val_c10: 0.3288 (acc: 0.9070)
[2018/09/25 19:56:27 __main__ INFO] - -            v4            : 0.6038 (acc: 0.8382) |           v6: 0.5792 (acc: 0.8465)
[2018/09/25 19:56:27 __main__ INFO] - -            c10_50k       : 0.1796 (acc: 0.9452)
[2018/09/25 19:56:27 __main__ INFO] - Elapsed 48.21
keys:  dict_keys(['epoch', 'c10h_train_loss', 'c10h_train_acc', 'c10h_val_loss', 'c10h_val_acc', 'c10h_train_c10_loss', 'c10h_train_c10_acc', 'c10h_val_c10_loss', 'c10h_val_c10_acc', 'v4_loss', 'v4_acc', 'v6_loss', 'v6_acc', 'c10_50k_loss', 'c10_50k_acc']) 
 c10h_outdir:  /tigress/ruairidh/model_results/run_1/saves/wrn_28_10/con_True_lr_0.01_seed_2
[2018/09/25 19:56:28 __main__ INFO] - Train 41
[2018/09/25 19:56:48 __main__ INFO] - TEST 41
[2018/09/25 19:57:37 __main__ INFO] - - epoch 41    c10h_train    : 0.4066 (acc: 0.9842) | c10h_val    : 0.5557 (acc: 0.9310)
[2018/09/25 19:57:37 __main__ INFO] - -            c10h_train_c10: 0.0114 (acc: 0.9923) | c10h_val_c10: 0.2561 (acc: 0.9340)
[2018/09/25 19:57:37 __main__ INFO] - -            v4            : 0.5845 (acc: 0.8441) |           v6: 0.5863 (acc: 0.8490)
[2018/09/25 19:57:37 __main__ INFO] - -            c10_50k       : 0.1305 (acc: 0.9597)
[2018/09/25 19:57:37 __main__ INFO] - Elapsed 48.56
keys:  dict_keys(['epoch', 'c10h_train_loss', 'c10h_train_acc', 'c10h_val_loss', 'c10h_val_acc', 'c10h_train_c10_loss', 'c10h_train_c10_acc', 'c10h_val_c10_loss', 'c10h_val_c10_acc', 'v4_loss', 'v4_acc', 'v6_loss', 'v6_acc', 'c10_50k_loss', 'c10_50k_acc']) 
 c10h_outdir:  /tigress/ruairidh/model_results/run_1/saves/wrn_28_10/con_True_lr_0.01_seed_2
[2018/09/25 19:57:39 __main__ INFO] - Train 42
[2018/09/25 19:57:59 __main__ INFO] - TEST 42
[2018/09/25 19:58:47 __main__ INFO] - - epoch 42    c10h_train    : 0.3983 (acc: 0.9857) | c10h_val    : 0.5640 (acc: 0.9310)
[2018/09/25 19:58:47 __main__ INFO] - -            c10h_train_c10: 0.0082 (acc: 0.9934) | c10h_val_c10: 0.2668 (acc: 0.9340)
[2018/09/25 19:58:47 __main__ INFO] - -            v4            : 0.6477 (acc: 0.8303) |           v6: 0.6463 (acc: 0.8380)
[2018/09/25 19:58:47 __main__ INFO] - -            c10_50k       : 0.1338 (acc: 0.9585)
[2018/09/25 19:58:47 __main__ INFO] - Elapsed 48.48
keys:  dict_keys(['epoch', 'c10h_train_loss', 'c10h_train_acc', 'c10h_val_loss', 'c10h_val_acc', 'c10h_train_c10_loss', 'c10h_train_c10_acc', 'c10h_val_c10_loss', 'c10h_val_c10_acc', 'v4_loss', 'v4_acc', 'v6_loss', 'v6_acc', 'c10_50k_loss', 'c10_50k_acc']) 
 c10h_outdir:  /tigress/ruairidh/model_results/run_1/saves/wrn_28_10/con_True_lr_0.01_seed_2
[2018/09/25 19:58:49 __main__ INFO] - Train 43
[2018/09/25 19:59:09 __main__ INFO] - TEST 43
[2018/09/25 19:59:57 __main__ INFO] - - epoch 43    c10h_train    : 0.4001 (acc: 0.9832) | c10h_val    : 0.5585 (acc: 0.9240)
[2018/09/25 19:59:57 __main__ INFO] - -            c10h_train_c10: 0.0167 (acc: 0.9907) | c10h_val_c10: 0.2654 (acc: 0.9250)
[2018/09/25 19:59:57 __main__ INFO] - -            v4            : 0.6216 (acc: 0.8372) |           v6: 0.5703 (acc: 0.8505)
[2018/09/25 19:59:57 __main__ INFO] - -            c10_50k       : 0.1517 (acc: 0.9540)
[2018/09/25 19:59:57 __main__ INFO] - Elapsed 48.38
keys:  dict_keys(['epoch', 'c10h_train_loss', 'c10h_train_acc', 'c10h_val_loss', 'c10h_val_acc', 'c10h_train_c10_loss', 'c10h_train_c10_acc', 'c10h_val_c10_loss', 'c10h_val_c10_acc', 'v4_loss', 'v4_acc', 'v6_loss', 'v6_acc', 'c10_50k_loss', 'c10_50k_acc']) 
 c10h_outdir:  /tigress/ruairidh/model_results/run_1/saves/wrn_28_10/con_True_lr_0.01_seed_2
[2018/09/25 19:59:59 __main__ INFO] - Train 44
[2018/09/25 20:00:19 __main__ INFO] - TEST 44
[2018/09/25 20:01:08 __main__ INFO] - - epoch 44    c10h_train    : 0.4069 (acc: 0.9846) | c10h_val    : 0.5932 (acc: 0.9200)
[2018/09/25 20:01:08 __main__ INFO] - -            c10h_train_c10: 0.0109 (acc: 0.9922) | c10h_val_c10: 0.3043 (acc: 0.9230)
[2018/09/25 20:01:08 __main__ INFO] - -            v4            : 0.6481 (acc: 0.8298) |           v6: 0.6515 (acc: 0.8475)
[2018/09/25 20:01:08 __main__ INFO] - -            c10_50k       : 0.1454 (acc: 0.9556)
[2018/09/25 20:01:08 __main__ INFO] - Elapsed 48.90
keys:  dict_keys(['epoch', 'c10h_train_loss', 'c10h_train_acc', 'c10h_val_loss', 'c10h_val_acc', 'c10h_train_c10_loss', 'c10h_train_c10_acc', 'c10h_val_c10_loss', 'c10h_val_c10_acc', 'v4_loss', 'v4_acc', 'v6_loss', 'v6_acc', 'c10_50k_loss', 'c10_50k_acc']) 
 c10h_outdir:  /tigress/ruairidh/model_results/run_1/saves/wrn_28_10/con_True_lr_0.01_seed_2
[2018/09/25 20:01:10 __main__ INFO] - Train 45
[2018/09/25 20:01:29 __main__ INFO] - TEST 45
[2018/09/25 20:02:18 __main__ INFO] - - epoch 45    c10h_train    : 0.4158 (acc: 0.9850) | c10h_val    : 0.6226 (acc: 0.9220)
[2018/09/25 20:02:18 __main__ INFO] - -            c10h_train_c10: 0.0102 (acc: 0.9931) | c10h_val_c10: 0.3142 (acc: 0.9250)
[2018/09/25 20:02:18 __main__ INFO] - -            v4            : 0.6403 (acc: 0.8362) |           v6: 0.6310 (acc: 0.8540)
[2018/09/25 20:02:18 __main__ INFO] - -            c10_50k       : 0.1583 (acc: 0.9529)
[2018/09/25 20:02:18 __main__ INFO] - Elapsed 48.27
keys:  dict_keys(['epoch', 'c10h_train_loss', 'c10h_train_acc', 'c10h_val_loss', 'c10h_val_acc', 'c10h_train_c10_loss', 'c10h_train_c10_acc', 'c10h_val_c10_loss', 'c10h_val_c10_acc', 'v4_loss', 'v4_acc', 'v6_loss', 'v6_acc', 'c10_50k_loss', 'c10_50k_acc']) 
 c10h_outdir:  /tigress/ruairidh/model_results/run_1/saves/wrn_28_10/con_True_lr_0.01_seed_2
[2018/09/25 20:02:20 __main__ INFO] - Train 46
[2018/09/25 20:02:39 __main__ INFO] - TEST 46
[2018/09/25 20:03:28 __main__ INFO] - - epoch 46    c10h_train    : 0.4049 (acc: 0.9862) | c10h_val    : 0.5807 (acc: 0.9220)
[2018/09/25 20:03:28 __main__ INFO] - -            c10h_train_c10: 0.0074 (acc: 0.9939) | c10h_val_c10: 0.3126 (acc: 0.9230)
[2018/09/25 20:03:28 __main__ INFO] - -            v4            : 0.5931 (acc: 0.8456) |           v6: 0.6360 (acc: 0.8445)
[2018/09/25 20:03:28 __main__ INFO] - -            c10_50k       : 0.1323 (acc: 0.9594)
[2018/09/25 20:03:28 __main__ INFO] - Elapsed 48.41
keys:  dict_keys(['epoch', 'c10h_train_loss', 'c10h_train_acc', 'c10h_val_loss', 'c10h_val_acc', 'c10h_train_c10_loss', 'c10h_train_c10_acc', 'c10h_val_c10_loss', 'c10h_val_c10_acc', 'v4_loss', 'v4_acc', 'v6_loss', 'v6_acc', 'c10_50k_loss', 'c10_50k_acc']) 
 c10h_outdir:  /tigress/ruairidh/model_results/run_1/saves/wrn_28_10/con_True_lr_0.01_seed_2
[2018/09/25 20:03:30 __main__ INFO] - Train 47
[2018/09/25 20:03:49 __main__ INFO] - TEST 47
[2018/09/25 20:04:38 __main__ INFO] - - epoch 47    c10h_train    : 0.4081 (acc: 0.9780) | c10h_val    : 0.6546 (acc: 0.9000)
[2018/09/25 20:04:38 __main__ INFO] - -            c10h_train_c10: 0.0325 (acc: 0.9861) | c10h_val_c10: 0.3865 (acc: 0.9010)
[2018/09/25 20:04:38 __main__ INFO] - -            v4            : 0.8027 (acc: 0.8050) |           v6: 0.7275 (acc: 0.8250)
[2018/09/25 20:04:38 __main__ INFO] - -            c10_50k       : 0.2170 (acc: 0.9372)
[2018/09/25 20:04:38 __main__ INFO] - Elapsed 48.62
keys:  dict_keys(['epoch', 'c10h_train_loss', 'c10h_train_acc', 'c10h_val_loss', 'c10h_val_acc', 'c10h_train_c10_loss', 'c10h_train_c10_acc', 'c10h_val_c10_loss', 'c10h_val_c10_acc', 'v4_loss', 'v4_acc', 'v6_loss', 'v6_acc', 'c10_50k_loss', 'c10_50k_acc']) 
 c10h_outdir:  /tigress/ruairidh/model_results/run_1/saves/wrn_28_10/con_True_lr_0.01_seed_2
[2018/09/25 20:04:40 __main__ INFO] - Train 48
[2018/09/25 20:05:00 __main__ INFO] - TEST 48
[2018/09/25 20:05:48 __main__ INFO] - - epoch 48    c10h_train    : 0.4051 (acc: 0.9783) | c10h_val    : 0.6699 (acc: 0.8940)
[2018/09/25 20:05:48 __main__ INFO] - -            c10h_train_c10: 0.0322 (acc: 0.9859) | c10h_val_c10: 0.4078 (acc: 0.8950)
[2018/09/25 20:05:48 __main__ INFO] - -            v4            : 0.7776 (acc: 0.8026) |           v6: 0.7515 (acc: 0.8185)
[2018/09/25 20:05:48 __main__ INFO] - -            c10_50k       : 0.2070 (acc: 0.9399)
[2018/09/25 20:05:48 __main__ INFO] - Elapsed 48.57
keys:  dict_keys(['epoch', 'c10h_train_loss', 'c10h_train_acc', 'c10h_val_loss', 'c10h_val_acc', 'c10h_train_c10_loss', 'c10h_train_c10_acc', 'c10h_val_c10_loss', 'c10h_val_c10_acc', 'v4_loss', 'v4_acc', 'v6_loss', 'v6_acc', 'c10_50k_loss', 'c10_50k_acc']) 
 c10h_outdir:  /tigress/ruairidh/model_results/run_1/saves/wrn_28_10/con_True_lr_0.01_seed_2
[2018/09/25 20:05:50 __main__ INFO] - Train 49
[2018/09/25 20:06:09 __main__ INFO] - TEST 49
[2018/09/25 20:06:58 __main__ INFO] - - epoch 49    c10h_train    : 0.4152 (acc: 0.9832) | c10h_val    : 0.5977 (acc: 0.9200)
[2018/09/25 20:06:59 __main__ INFO] - -            c10h_train_c10: 0.0134 (acc: 0.9913) | c10h_val_c10: 0.3146 (acc: 0.9220)
[2018/09/25 20:06:59 __main__ INFO] - -            v4            : 0.6506 (acc: 0.8303) |           v6: 0.6810 (acc: 0.8340)
[2018/09/25 20:06:59 __main__ INFO] - -            c10_50k       : 0.1504 (acc: 0.9547)
[2018/09/25 20:06:59 __main__ INFO] - Elapsed 49.15
keys:  dict_keys(['epoch', 'c10h_train_loss', 'c10h_train_acc', 'c10h_val_loss', 'c10h_val_acc', 'c10h_train_c10_loss', 'c10h_train_c10_acc', 'c10h_val_c10_loss', 'c10h_val_c10_acc', 'v4_loss', 'v4_acc', 'v6_loss', 'v6_acc', 'c10_50k_loss', 'c10_50k_acc']) 
 c10h_outdir:  /tigress/ruairidh/model_results/run_1/saves/wrn_28_10/con_True_lr_0.01_seed_2
[2018/09/25 20:06:59 __main__ INFO] - Train 50
[2018/09/25 20:07:19 __main__ INFO] - TEST 50
[2018/09/25 20:08:07 __main__ INFO] - - epoch 50    c10h_train    : 0.4049 (acc: 0.9854) | c10h_val    : 0.5931 (acc: 0.9110)
[2018/09/25 20:08:07 __main__ INFO] - -            c10h_train_c10: 0.0085 (acc: 0.9936) | c10h_val_c10: 0.3108 (acc: 0.9130)
[2018/09/25 20:08:07 __main__ INFO] - -            v4            : 0.6032 (acc: 0.8422) |           v6: 0.6161 (acc: 0.8465)
[2018/09/25 20:08:07 __main__ INFO] - -            c10_50k       : 0.1449 (acc: 0.9563)
[2018/09/25 20:08:07 __main__ INFO] - Elapsed 48.24
keys:  dict_keys(['epoch', 'c10h_train_loss', 'c10h_train_acc', 'c10h_val_loss', 'c10h_val_acc', 'c10h_train_c10_loss', 'c10h_train_c10_acc', 'c10h_val_c10_loss', 'c10h_val_c10_acc', 'v4_loss', 'v4_acc', 'v6_loss', 'v6_acc', 'c10_50k_loss', 'c10_50k_acc']) 
 c10h_outdir:  /tigress/ruairidh/model_results/run_1/saves/wrn_28_10/con_True_lr_0.01_seed_2
[2018/09/25 20:08:08 __main__ INFO] - Train 51
[2018/09/25 20:08:27 __main__ INFO] - TEST 51
[2018/09/25 20:09:15 __main__ INFO] - - epoch 51    c10h_train    : 0.4115 (acc: 0.9853) | c10h_val    : 0.5297 (acc: 0.9360)
[2018/09/25 20:09:16 __main__ INFO] - -            c10h_train_c10: 0.0081 (acc: 0.9932) | c10h_val_c10: 0.2258 (acc: 0.9390)
[2018/09/25 20:09:16 __main__ INFO] - -            v4            : 0.6506 (acc: 0.8333) |           v6: 0.6435 (acc: 0.8465)
[2018/09/25 20:09:16 __main__ INFO] - -            c10_50k       : 0.1428 (acc: 0.9557)
[2018/09/25 20:09:16 __main__ INFO] - Elapsed 48.32
keys:  dict_keys(['epoch', 'c10h_train_loss', 'c10h_train_acc', 'c10h_val_loss', 'c10h_val_acc', 'c10h_train_c10_loss', 'c10h_train_c10_acc', 'c10h_val_c10_loss', 'c10h_val_c10_acc', 'v4_loss', 'v4_acc', 'v6_loss', 'v6_acc', 'c10_50k_loss', 'c10_50k_acc']) 
 c10h_outdir:  /tigress/ruairidh/model_results/run_1/saves/wrn_28_10/con_True_lr_0.01_seed_2
[2018/09/25 20:09:16 __main__ INFO] - Train 52
[2018/09/25 20:09:36 __main__ INFO] - TEST 52
[2018/09/25 20:10:25 __main__ INFO] - - epoch 52    c10h_train    : 0.3973 (acc: 0.9837) | c10h_val    : 0.5883 (acc: 0.9150)
[2018/09/25 20:10:25 __main__ INFO] - -            c10h_train_c10: 0.0173 (acc: 0.9910) | c10h_val_c10: 0.3386 (acc: 0.9180)
[2018/09/25 20:10:25 __main__ INFO] - -            v4            : 0.6058 (acc: 0.8342) |           v6: 0.6215 (acc: 0.8455)
[2018/09/25 20:10:25 __main__ INFO] - -            c10_50k       : 0.1794 (acc: 0.9462)
[2018/09/25 20:10:25 __main__ INFO] - Elapsed 49.11
keys:  dict_keys(['epoch', 'c10h_train_loss', 'c10h_train_acc', 'c10h_val_loss', 'c10h_val_acc', 'c10h_train_c10_loss', 'c10h_train_c10_acc', 'c10h_val_c10_loss', 'c10h_val_c10_acc', 'v4_loss', 'v4_acc', 'v6_loss', 'v6_acc', 'c10_50k_loss', 'c10_50k_acc']) 
 c10h_outdir:  /tigress/ruairidh/model_results/run_1/saves/wrn_28_10/con_True_lr_0.01_seed_2
[2018/09/25 20:10:26 __main__ INFO] - Train 53
[2018/09/25 20:10:46 __main__ INFO] - TEST 53
[2018/09/25 20:11:34 __main__ INFO] - - epoch 53    c10h_train    : 0.4170 (acc: 0.9844) | c10h_val    : 0.5834 (acc: 0.9130)
[2018/09/25 20:11:34 __main__ INFO] - -            c10h_train_c10: 0.0140 (acc: 0.9922) | c10h_val_c10: 0.3041 (acc: 0.9150)
[2018/09/25 20:11:34 __main__ INFO] - -            v4            : 0.6337 (acc: 0.8333) |           v6: 0.6099 (acc: 0.8495)
[2018/09/25 20:11:34 __main__ INFO] - -            c10_50k       : 0.1635 (acc: 0.9523)
[2018/09/25 20:11:34 __main__ INFO] - Elapsed 48.04
keys:  dict_keys(['epoch', 'c10h_train_loss', 'c10h_train_acc', 'c10h_val_loss', 'c10h_val_acc', 'c10h_train_c10_loss', 'c10h_train_c10_acc', 'c10h_val_c10_loss', 'c10h_val_c10_acc', 'v4_loss', 'v4_acc', 'v6_loss', 'v6_acc', 'c10_50k_loss', 'c10_50k_acc']) 
 c10h_outdir:  /tigress/ruairidh/model_results/run_1/saves/wrn_28_10/con_True_lr_0.01_seed_2
[2018/09/25 20:11:34 __main__ INFO] - Train 54
[2018/09/25 20:11:54 __main__ INFO] - TEST 54
[2018/09/25 20:12:42 __main__ INFO] - - epoch 54    c10h_train    : 0.4322 (acc: 0.9756) | c10h_val    : 0.6116 (acc: 0.9100)
[2018/09/25 20:12:42 __main__ INFO] - -            c10h_train_c10: 0.0436 (acc: 0.9829) | c10h_val_c10: 0.3402 (acc: 0.9130)
[2018/09/25 20:12:42 __main__ INFO] - -            v4            : 0.7252 (acc: 0.8060) |           v6: 0.7165 (acc: 0.8195)
[2018/09/25 20:12:42 __main__ INFO] - -            c10_50k       : 0.2293 (acc: 0.9323)
[2018/09/25 20:12:42 __main__ INFO] - Elapsed 48.37
keys:  dict_keys(['epoch', 'c10h_train_loss', 'c10h_train_acc', 'c10h_val_loss', 'c10h_val_acc', 'c10h_train_c10_loss', 'c10h_train_c10_acc', 'c10h_val_c10_loss', 'c10h_val_c10_acc', 'v4_loss', 'v4_acc', 'v6_loss', 'v6_acc', 'c10_50k_loss', 'c10_50k_acc']) 
 c10h_outdir:  /tigress/ruairidh/model_results/run_1/saves/wrn_28_10/con_True_lr_0.01_seed_2
[2018/09/25 20:12:43 __main__ INFO] - Train 55
[2018/09/25 20:13:03 __main__ INFO] - TEST 55
[2018/09/25 20:13:51 __main__ INFO] - - epoch 55    c10h_train    : 0.4024 (acc: 0.9841) | c10h_val    : 0.5640 (acc: 0.9170)
[2018/09/25 20:13:51 __main__ INFO] - -            c10h_train_c10: 0.0146 (acc: 0.9920) | c10h_val_c10: 0.2992 (acc: 0.9170)
[2018/09/25 20:13:51 __main__ INFO] - -            v4            : 0.6754 (acc: 0.8238) |           v6: 0.6516 (acc: 0.8330)
[2018/09/25 20:13:51 __main__ INFO] - -            c10_50k       : 0.1737 (acc: 0.9475)
[2018/09/25 20:13:51 __main__ INFO] - Elapsed 48.79
keys:  dict_keys(['epoch', 'c10h_train_loss', 'c10h_train_acc', 'c10h_val_loss', 'c10h_val_acc', 'c10h_train_c10_loss', 'c10h_train_c10_acc', 'c10h_val_c10_loss', 'c10h_val_c10_acc', 'v4_loss', 'v4_acc', 'v6_loss', 'v6_acc', 'c10_50k_loss', 'c10_50k_acc']) 
 c10h_outdir:  /tigress/ruairidh/model_results/run_1/saves/wrn_28_10/con_True_lr_0.01_seed_2
[2018/09/25 20:13:52 __main__ INFO] - Train 56
[2018/09/25 20:14:11 __main__ INFO] - TEST 56
[2018/09/25 20:15:00 __main__ INFO] - - epoch 56    c10h_train    : 0.4047 (acc: 0.9853) | c10h_val    : 0.5693 (acc: 0.9210)
[2018/09/25 20:15:00 __main__ INFO] - -            c10h_train_c10: 0.0088 (acc: 0.9932) | c10h_val_c10: 0.2905 (acc: 0.9260)
[2018/09/25 20:15:00 __main__ INFO] - -            v4            : 0.6200 (acc: 0.8352) |           v6: 0.5594 (acc: 0.8550)
[2018/09/25 20:15:00 __main__ INFO] - -            c10_50k       : 0.1409 (acc: 0.9570)
[2018/09/25 20:15:00 __main__ INFO] - Elapsed 48.42
keys:  dict_keys(['epoch', 'c10h_train_loss', 'c10h_train_acc', 'c10h_val_loss', 'c10h_val_acc', 'c10h_train_c10_loss', 'c10h_train_c10_acc', 'c10h_val_c10_loss', 'c10h_val_c10_acc', 'v4_loss', 'v4_acc', 'v6_loss', 'v6_acc', 'c10_50k_loss', 'c10_50k_acc']) 
 c10h_outdir:  /tigress/ruairidh/model_results/run_1/saves/wrn_28_10/con_True_lr_0.01_seed_2
[2018/09/25 20:15:00 __main__ INFO] - Train 57
[2018/09/25 20:15:20 __main__ INFO] - TEST 57
[2018/09/25 20:16:09 __main__ INFO] - - epoch 57    c10h_train    : 0.4043 (acc: 0.9860) | c10h_val    : 0.5477 (acc: 0.9250)
[2018/09/25 20:16:09 __main__ INFO] - -            c10h_train_c10: 0.0072 (acc: 0.9941) | c10h_val_c10: 0.2672 (acc: 0.9300)
[2018/09/25 20:16:09 __main__ INFO] - -            v4            : 0.6113 (acc: 0.8288) |           v6: 0.6262 (acc: 0.8415)
[2018/09/25 20:16:09 __main__ INFO] - -            c10_50k       : 0.1502 (acc: 0.9548)
[2018/09/25 20:16:09 __main__ INFO] - Elapsed 49.01
keys:  dict_keys(['epoch', 'c10h_train_loss', 'c10h_train_acc', 'c10h_val_loss', 'c10h_val_acc', 'c10h_train_c10_loss', 'c10h_train_c10_acc', 'c10h_val_c10_loss', 'c10h_val_c10_acc', 'v4_loss', 'v4_acc', 'v6_loss', 'v6_acc', 'c10_50k_loss', 'c10_50k_acc']) 
 c10h_outdir:  /tigress/ruairidh/model_results/run_1/saves/wrn_28_10/con_True_lr_0.01_seed_2
[2018/09/25 20:16:11 __main__ INFO] - Train 58
[2018/09/25 20:16:31 __main__ INFO] - TEST 58
[2018/09/25 20:17:19 __main__ INFO] - - epoch 58    c10h_train    : 0.4219 (acc: 0.9822) | c10h_val    : 0.6188 (acc: 0.9130)
[2018/09/25 20:17:19 __main__ INFO] - -            c10h_train_c10: 0.0180 (acc: 0.9903) | c10h_val_c10: 0.3465 (acc: 0.9140)
[2018/09/25 20:17:19 __main__ INFO] - -            v4            : 0.6488 (acc: 0.8402) |           v6: 0.6418 (acc: 0.8490)
[2018/09/25 20:17:19 __main__ INFO] - -            c10_50k       : 0.1749 (acc: 0.9478)
[2018/09/25 20:17:19 __main__ INFO] - Elapsed 48.36
keys:  dict_keys(['epoch', 'c10h_train_loss', 'c10h_train_acc', 'c10h_val_loss', 'c10h_val_acc', 'c10h_train_c10_loss', 'c10h_train_c10_acc', 'c10h_val_c10_loss', 'c10h_val_c10_acc', 'v4_loss', 'v4_acc', 'v6_loss', 'v6_acc', 'c10_50k_loss', 'c10_50k_acc']) 
 c10h_outdir:  /tigress/ruairidh/model_results/run_1/saves/wrn_28_10/con_True_lr_0.01_seed_2
[2018/09/25 20:17:20 __main__ INFO] - Train 59
[2018/09/25 20:17:39 __main__ INFO] - TEST 59
[2018/09/25 20:18:27 __main__ INFO] - - epoch 59    c10h_train    : 0.4177 (acc: 0.9859) | c10h_val    : 0.5653 (acc: 0.9230)
[2018/09/25 20:18:28 __main__ INFO] - -            c10h_train_c10: 0.0064 (acc: 0.9940) | c10h_val_c10: 0.2857 (acc: 0.9240)
[2018/09/25 20:18:28 __main__ INFO] - -            v4            : 0.6068 (acc: 0.8466) |           v6: 0.5843 (acc: 0.8545)
[2018/09/25 20:18:28 __main__ INFO] - -            c10_50k       : 0.1500 (acc: 0.9548)
[2018/09/25 20:18:28 __main__ INFO] - Elapsed 48.38
keys:  dict_keys(['epoch', 'c10h_train_loss', 'c10h_train_acc', 'c10h_val_loss', 'c10h_val_acc', 'c10h_train_c10_loss', 'c10h_train_c10_acc', 'c10h_val_c10_loss', 'c10h_val_c10_acc', 'v4_loss', 'v4_acc', 'v6_loss', 'v6_acc', 'c10_50k_loss', 'c10_50k_acc']) 
 c10h_outdir:  /tigress/ruairidh/model_results/run_1/saves/wrn_28_10/con_True_lr_0.01_seed_2
[2018/09/25 20:18:28 __main__ INFO] - Train 60
[2018/09/25 20:18:48 __main__ INFO] - TEST 60
[2018/09/25 20:19:36 __main__ INFO] - - epoch 60    c10h_train    : 0.4090 (acc: 0.9857) | c10h_val    : 0.5708 (acc: 0.9320)
[2018/09/25 20:19:36 __main__ INFO] - -            c10h_train_c10: 0.0084 (acc: 0.9934) | c10h_val_c10: 0.2614 (acc: 0.9370)
[2018/09/25 20:19:36 __main__ INFO] - -            v4            : 0.5912 (acc: 0.8496) |           v6: 0.5793 (acc: 0.8550)
[2018/09/25 20:19:36 __main__ INFO] - -            c10_50k       : 0.1528 (acc: 0.9554)
[2018/09/25 20:19:36 __main__ INFO] - Elapsed 48.64
keys:  dict_keys(['epoch', 'c10h_train_loss', 'c10h_train_acc', 'c10h_val_loss', 'c10h_val_acc', 'c10h_train_c10_loss', 'c10h_train_c10_acc', 'c10h_val_c10_loss', 'c10h_val_c10_acc', 'v4_loss', 'v4_acc', 'v6_loss', 'v6_acc', 'c10_50k_loss', 'c10_50k_acc']) 
 c10h_outdir:  /tigress/ruairidh/model_results/run_1/saves/wrn_28_10/con_True_lr_0.01_seed_2
[2018/09/25 20:19:38 __main__ INFO] - Train 61
[2018/09/25 20:19:57 __main__ INFO] - TEST 61
[2018/09/25 20:20:46 __main__ INFO] - - epoch 61    c10h_train    : 0.4222 (acc: 0.9873) | c10h_val    : 0.5619 (acc: 0.9370)
[2018/09/25 20:20:46 __main__ INFO] - -            c10h_train_c10: 0.0020 (acc: 0.9954) | c10h_val_c10: 0.2499 (acc: 0.9400)
[2018/09/25 20:20:46 __main__ INFO] - -            v4            : 0.5677 (acc: 0.8535) |           v6: 0.5676 (acc: 0.8550)
[2018/09/25 20:20:46 __main__ INFO] - -            c10_50k       : 0.1224 (acc: 0.9628)
[2018/09/25 20:20:46 __main__ INFO] - Elapsed 48.40
keys:  dict_keys(['epoch', 'c10h_train_loss', 'c10h_train_acc', 'c10h_val_loss', 'c10h_val_acc', 'c10h_train_c10_loss', 'c10h_train_c10_acc', 'c10h_val_c10_loss', 'c10h_val_c10_acc', 'v4_loss', 'v4_acc', 'v6_loss', 'v6_acc', 'c10_50k_loss', 'c10_50k_acc']) 
 c10h_outdir:  /tigress/ruairidh/model_results/run_1/saves/wrn_28_10/con_True_lr_0.01_seed_2
[2018/09/25 20:20:48 __main__ INFO] - Train 62
[2018/09/25 20:21:07 __main__ INFO] - TEST 62
[2018/09/25 20:21:56 __main__ INFO] - - epoch 62    c10h_train    : 0.4235 (acc: 0.9874) | c10h_val    : 0.5510 (acc: 0.9440)
[2018/09/25 20:21:56 __main__ INFO] - -            c10h_train_c10: 0.0016 (acc: 0.9956) | c10h_val_c10: 0.2342 (acc: 0.9470)
[2018/09/25 20:21:56 __main__ INFO] - -            v4            : 0.5445 (acc: 0.8624) |           v6: 0.5298 (acc: 0.8665)
[2018/09/25 20:21:56 __main__ INFO] - -            c10_50k       : 0.1132 (acc: 0.9654)
[2018/09/25 20:21:56 __main__ INFO] - Elapsed 48.84
keys:  dict_keys(['epoch', 'c10h_train_loss', 'c10h_train_acc', 'c10h_val_loss', 'c10h_val_acc', 'c10h_train_c10_loss', 'c10h_train_c10_acc', 'c10h_val_c10_loss', 'c10h_val_c10_acc', 'v4_loss', 'v4_acc', 'v6_loss', 'v6_acc', 'c10_50k_loss', 'c10_50k_acc']) 
 c10h_outdir:  /tigress/ruairidh/model_results/run_1/saves/wrn_28_10/con_True_lr_0.01_seed_2
[2018/09/25 20:21:59 __main__ INFO] - Train 63
[2018/09/25 20:22:18 __main__ INFO] - TEST 63
[2018/09/25 20:23:07 __main__ INFO] - - epoch 63    c10h_train    : 0.4269 (acc: 0.9874) | c10h_val    : 0.5454 (acc: 0.9440)
[2018/09/25 20:23:07 __main__ INFO] - -            c10h_train_c10: 0.0015 (acc: 0.9954) | c10h_val_c10: 0.2285 (acc: 0.9470)
[2018/09/25 20:23:07 __main__ INFO] - -            v4            : 0.5378 (acc: 0.8629) |           v6: 0.5260 (acc: 0.8700)
[2018/09/25 20:23:07 __main__ INFO] - -            c10_50k       : 0.1101 (acc: 0.9664)
[2018/09/25 20:23:07 __main__ INFO] - Elapsed 48.23
keys:  dict_keys(['epoch', 'c10h_train_loss', 'c10h_train_acc', 'c10h_val_loss', 'c10h_val_acc', 'c10h_train_c10_loss', 'c10h_train_c10_acc', 'c10h_val_c10_loss', 'c10h_val_c10_acc', 'v4_loss', 'v4_acc', 'v6_loss', 'v6_acc', 'c10_50k_loss', 'c10_50k_acc']) 
 c10h_outdir:  /tigress/ruairidh/model_results/run_1/saves/wrn_28_10/con_True_lr_0.01_seed_2
[2018/09/25 20:23:09 __main__ INFO] - Train 64
[2018/09/25 20:23:29 __main__ INFO] - TEST 64
[2018/09/25 20:24:17 __main__ INFO] - - epoch 64    c10h_train    : 0.4276 (acc: 0.9874) | c10h_val    : 0.5548 (acc: 0.9430)
[2018/09/25 20:24:17 __main__ INFO] - -            c10h_train_c10: 0.0014 (acc: 0.9956) | c10h_val_c10: 0.2386 (acc: 0.9460)
[2018/09/25 20:24:17 __main__ INFO] - -            v4            : 0.5557 (acc: 0.8555) |           v6: 0.5352 (acc: 0.8655)
[2018/09/25 20:24:17 __main__ INFO] - -            c10_50k       : 0.1124 (acc: 0.9657)
[2018/09/25 20:24:17 __main__ INFO] - Elapsed 48.25
keys:  dict_keys(['epoch', 'c10h_train_loss', 'c10h_train_acc', 'c10h_val_loss', 'c10h_val_acc', 'c10h_train_c10_loss', 'c10h_train_c10_acc', 'c10h_val_c10_loss', 'c10h_val_c10_acc', 'v4_loss', 'v4_acc', 'v6_loss', 'v6_acc', 'c10_50k_loss', 'c10_50k_acc']) 
 c10h_outdir:  /tigress/ruairidh/model_results/run_1/saves/wrn_28_10/con_True_lr_0.01_seed_2
[2018/09/25 20:24:18 __main__ INFO] - Train 65
[2018/09/25 20:24:38 __main__ INFO] - TEST 65
[2018/09/25 20:25:27 __main__ INFO] - - epoch 65    c10h_train    : 0.4306 (acc: 0.9874) | c10h_val    : 0.5472 (acc: 0.9460)
[2018/09/25 20:25:27 __main__ INFO] - -            c10h_train_c10: 0.0012 (acc: 0.9956) | c10h_val_c10: 0.2312 (acc: 0.9490)
[2018/09/25 20:25:27 __main__ INFO] - -            v4            : 0.5497 (acc: 0.8530) |           v6: 0.5271 (acc: 0.8715)
[2018/09/25 20:25:27 __main__ INFO] - -            c10_50k       : 0.1093 (acc: 0.9665)
[2018/09/25 20:25:27 __main__ INFO] - Elapsed 48.77
keys:  dict_keys(['epoch', 'c10h_train_loss', 'c10h_train_acc', 'c10h_val_loss', 'c10h_val_acc', 'c10h_train_c10_loss', 'c10h_train_c10_acc', 'c10h_val_c10_loss', 'c10h_val_c10_acc', 'v4_loss', 'v4_acc', 'v6_loss', 'v6_acc', 'c10_50k_loss', 'c10_50k_acc']) 
 c10h_outdir:  /tigress/ruairidh/model_results/run_1/saves/wrn_28_10/con_True_lr_0.01_seed_2
[2018/09/25 20:25:29 __main__ INFO] - Train 66
[2018/09/25 20:25:48 __main__ INFO] - TEST 66
[2018/09/25 20:26:37 __main__ INFO] - - epoch 66    c10h_train    : 0.4312 (acc: 0.9874) | c10h_val    : 0.5427 (acc: 0.9480)
[2018/09/25 20:26:37 __main__ INFO] - -            c10h_train_c10: 0.0012 (acc: 0.9956) | c10h_val_c10: 0.2255 (acc: 0.9510)
[2018/09/25 20:26:37 __main__ INFO] - -            v4            : 0.5407 (acc: 0.8600) |           v6: 0.5290 (acc: 0.8640)
[2018/09/25 20:26:37 __main__ INFO] - -            c10_50k       : 0.1042 (acc: 0.9680)
[2018/09/25 20:26:37 __main__ INFO] - Elapsed 48.67
keys:  dict_keys(['epoch', 'c10h_train_loss', 'c10h_train_acc', 'c10h_val_loss', 'c10h_val_acc', 'c10h_train_c10_loss', 'c10h_train_c10_acc', 'c10h_val_c10_loss', 'c10h_val_c10_acc', 'v4_loss', 'v4_acc', 'v6_loss', 'v6_acc', 'c10_50k_loss', 'c10_50k_acc']) 
 c10h_outdir:  /tigress/ruairidh/model_results/run_1/saves/wrn_28_10/con_True_lr_0.01_seed_2
[2018/09/25 20:26:39 __main__ INFO] - Train 67
[2018/09/25 20:26:59 __main__ INFO] - TEST 67
[2018/09/25 20:27:48 __main__ INFO] - - epoch 67    c10h_train    : 0.4336 (acc: 0.9874) | c10h_val    : 0.5474 (acc: 0.9460)
[2018/09/25 20:27:48 __main__ INFO] - -            c10h_train_c10: 0.0011 (acc: 0.9956) | c10h_val_c10: 0.2287 (acc: 0.9490)
[2018/09/25 20:27:48 __main__ INFO] - -            v4            : 0.5684 (acc: 0.8530) |           v6: 0.5311 (acc: 0.8645)
[2018/09/25 20:27:48 __main__ INFO] - -            c10_50k       : 0.1058 (acc: 0.9675)
[2018/09/25 20:27:48 __main__ INFO] - Elapsed 49.25
keys:  dict_keys(['epoch', 'c10h_train_loss', 'c10h_train_acc', 'c10h_val_loss', 'c10h_val_acc', 'c10h_train_c10_loss', 'c10h_train_c10_acc', 'c10h_val_c10_loss', 'c10h_val_c10_acc', 'v4_loss', 'v4_acc', 'v6_loss', 'v6_acc', 'c10_50k_loss', 'c10_50k_acc']) 
 c10h_outdir:  /tigress/ruairidh/model_results/run_1/saves/wrn_28_10/con_True_lr_0.01_seed_2
[2018/09/25 20:27:50 __main__ INFO] - Train 68
[2018/09/25 20:28:09 __main__ INFO] - TEST 68
[2018/09/25 20:28:58 __main__ INFO] - - epoch 68    c10h_train    : 0.4312 (acc: 0.9874) | c10h_val    : 0.5429 (acc: 0.9440)
[2018/09/25 20:28:58 __main__ INFO] - -            c10h_train_c10: 0.0011 (acc: 0.9956) | c10h_val_c10: 0.2290 (acc: 0.9470)
[2018/09/25 20:28:58 __main__ INFO] - -            v4            : 0.5333 (acc: 0.8595) |           v6: 0.5189 (acc: 0.8675)
[2018/09/25 20:28:58 __main__ INFO] - -            c10_50k       : 0.1054 (acc: 0.9677)
[2018/09/25 20:28:58 __main__ INFO] - Elapsed 48.27
keys:  dict_keys(['epoch', 'c10h_train_loss', 'c10h_train_acc', 'c10h_val_loss', 'c10h_val_acc', 'c10h_train_c10_loss', 'c10h_train_c10_acc', 'c10h_val_c10_loss', 'c10h_val_c10_acc', 'v4_loss', 'v4_acc', 'v6_loss', 'v6_acc', 'c10_50k_loss', 'c10_50k_acc']) 
 c10h_outdir:  /tigress/ruairidh/model_results/run_1/saves/wrn_28_10/con_True_lr_0.01_seed_2
[2018/09/25 20:29:00 __main__ INFO] - Train 69
[2018/09/25 20:29:19 __main__ INFO] - TEST 69
[2018/09/25 20:30:08 __main__ INFO] - - epoch 69    c10h_train    : 0.4317 (acc: 0.9876) | c10h_val    : 0.5456 (acc: 0.9450)
[2018/09/25 20:30:08 __main__ INFO] - -            c10h_train_c10: 0.0011 (acc: 0.9956) | c10h_val_c10: 0.2279 (acc: 0.9480)
[2018/09/25 20:30:08 __main__ INFO] - -            v4            : 0.5766 (acc: 0.8540) |           v6: 0.5185 (acc: 0.8720)
[2018/09/25 20:30:08 __main__ INFO] - -            c10_50k       : 0.1022 (acc: 0.9679)
[2018/09/25 20:30:08 __main__ INFO] - Elapsed 48.63
keys:  dict_keys(['epoch', 'c10h_train_loss', 'c10h_train_acc', 'c10h_val_loss', 'c10h_val_acc', 'c10h_train_c10_loss', 'c10h_train_c10_acc', 'c10h_val_c10_loss', 'c10h_val_c10_acc', 'v4_loss', 'v4_acc', 'v6_loss', 'v6_acc', 'c10_50k_loss', 'c10_50k_acc']) 
 c10h_outdir:  /tigress/ruairidh/model_results/run_1/saves/wrn_28_10/con_True_lr_0.01_seed_2
[2018/09/25 20:30:10 __main__ INFO] - Train 70
[2018/09/25 20:30:30 __main__ INFO] - TEST 70
[2018/09/25 20:31:18 __main__ INFO] - - epoch 70    c10h_train    : 0.4301 (acc: 0.9873) | c10h_val    : 0.5378 (acc: 0.9460)
[2018/09/25 20:31:18 __main__ INFO] - -            c10h_train_c10: 0.0011 (acc: 0.9954) | c10h_val_c10: 0.2200 (acc: 0.9490)
[2018/09/25 20:31:18 __main__ INFO] - -            v4            : 0.5468 (acc: 0.8590) |           v6: 0.5155 (acc: 0.8715)
[2018/09/25 20:31:18 __main__ INFO] - -            c10_50k       : 0.1011 (acc: 0.9684)
[2018/09/25 20:31:18 __main__ INFO] - Elapsed 48.62
keys:  dict_keys(['epoch', 'c10h_train_loss', 'c10h_train_acc', 'c10h_val_loss', 'c10h_val_acc', 'c10h_train_c10_loss', 'c10h_train_c10_acc', 'c10h_val_c10_loss', 'c10h_val_c10_acc', 'v4_loss', 'v4_acc', 'v6_loss', 'v6_acc', 'c10_50k_loss', 'c10_50k_acc']) 
 c10h_outdir:  /tigress/ruairidh/model_results/run_1/saves/wrn_28_10/con_True_lr_0.01_seed_2
[2018/09/25 20:31:22 __main__ INFO] - Train 71
[2018/09/25 20:31:41 __main__ INFO] - TEST 71
[2018/09/25 20:32:30 __main__ INFO] - - epoch 71    c10h_train    : 0.4368 (acc: 0.9874) | c10h_val    : 0.5450 (acc: 0.9480)
[2018/09/25 20:32:30 __main__ INFO] - -            c10h_train_c10: 0.0010 (acc: 0.9956) | c10h_val_c10: 0.2249 (acc: 0.9510)
[2018/09/25 20:32:30 __main__ INFO] - -            v4            : 0.5207 (acc: 0.8615) |           v6: 0.5096 (acc: 0.8720)
[2018/09/25 20:32:30 __main__ INFO] - -            c10_50k       : 0.0975 (acc: 0.9706)
[2018/09/25 20:32:30 __main__ INFO] - Elapsed 48.24
keys:  dict_keys(['epoch', 'c10h_train_loss', 'c10h_train_acc', 'c10h_val_loss', 'c10h_val_acc', 'c10h_train_c10_loss', 'c10h_train_c10_acc', 'c10h_val_c10_loss', 'c10h_val_c10_acc', 'v4_loss', 'v4_acc', 'v6_loss', 'v6_acc', 'c10_50k_loss', 'c10_50k_acc']) 
 c10h_outdir:  /tigress/ruairidh/model_results/run_1/saves/wrn_28_10/con_True_lr_0.01_seed_2
[2018/09/25 20:32:33 __main__ INFO] - Train 72
[2018/09/25 20:32:53 __main__ INFO] - TEST 72
[2018/09/25 20:33:42 __main__ INFO] - - epoch 72    c10h_train    : 0.4332 (acc: 0.9874) | c10h_val    : 0.5417 (acc: 0.9460)
[2018/09/25 20:33:42 __main__ INFO] - -            c10h_train_c10: 0.0010 (acc: 0.9956) | c10h_val_c10: 0.2219 (acc: 0.9490)
[2018/09/25 20:33:42 __main__ INFO] - -            v4            : 0.5329 (acc: 0.8610) |           v6: 0.5201 (acc: 0.8705)
[2018/09/25 20:33:42 __main__ INFO] - -            c10_50k       : 0.0970 (acc: 0.9698)
[2018/09/25 20:33:42 __main__ INFO] - Elapsed 48.73
keys:  dict_keys(['epoch', 'c10h_train_loss', 'c10h_train_acc', 'c10h_val_loss', 'c10h_val_acc', 'c10h_train_c10_loss', 'c10h_train_c10_acc', 'c10h_val_c10_loss', 'c10h_val_c10_acc', 'v4_loss', 'v4_acc', 'v6_loss', 'v6_acc', 'c10_50k_loss', 'c10_50k_acc']) 
 c10h_outdir:  /tigress/ruairidh/model_results/run_1/saves/wrn_28_10/con_True_lr_0.01_seed_2
[2018/09/25 20:33:43 __main__ INFO] - Train 73
[2018/09/25 20:34:03 __main__ INFO] - TEST 73
[2018/09/25 20:34:51 __main__ INFO] - - epoch 73    c10h_train    : 0.4344 (acc: 0.9874) | c10h_val    : 0.5380 (acc: 0.9460)
[2018/09/25 20:34:51 __main__ INFO] - -            c10h_train_c10: 0.0010 (acc: 0.9956) | c10h_val_c10: 0.2219 (acc: 0.9490)
[2018/09/25 20:34:51 __main__ INFO] - -            v4            : 0.5380 (acc: 0.8649) |           v6: 0.5150 (acc: 0.8715)
[2018/09/25 20:34:51 __main__ INFO] - -            c10_50k       : 0.0972 (acc: 0.9701)
[2018/09/25 20:34:51 __main__ INFO] - Elapsed 48.54
keys:  dict_keys(['epoch', 'c10h_train_loss', 'c10h_train_acc', 'c10h_val_loss', 'c10h_val_acc', 'c10h_train_c10_loss', 'c10h_train_c10_acc', 'c10h_val_c10_loss', 'c10h_val_c10_acc', 'v4_loss', 'v4_acc', 'v6_loss', 'v6_acc', 'c10_50k_loss', 'c10_50k_acc']) 
 c10h_outdir:  /tigress/ruairidh/model_results/run_1/saves/wrn_28_10/con_True_lr_0.01_seed_2
[2018/09/25 20:34:53 __main__ INFO] - Train 74
[2018/09/25 20:35:13 __main__ INFO] - TEST 74
[2018/09/25 20:36:01 __main__ INFO] - - epoch 74    c10h_train    : 0.4362 (acc: 0.9873) | c10h_val    : 0.5432 (acc: 0.9430)
[2018/09/25 20:36:01 __main__ INFO] - -            c10h_train_c10: 0.0012 (acc: 0.9954) | c10h_val_c10: 0.2250 (acc: 0.9460)
[2018/09/25 20:36:01 __main__ INFO] - -            v4            : 0.5453 (acc: 0.8619) |           v6: 0.5229 (acc: 0.8705)
[2018/09/25 20:36:01 __main__ INFO] - -            c10_50k       : 0.0980 (acc: 0.9704)
[2018/09/25 20:36:01 __main__ INFO] - Elapsed 48.60
keys:  dict_keys(['epoch', 'c10h_train_loss', 'c10h_train_acc', 'c10h_val_loss', 'c10h_val_acc', 'c10h_train_c10_loss', 'c10h_train_c10_acc', 'c10h_val_c10_loss', 'c10h_val_c10_acc', 'v4_loss', 'v4_acc', 'v6_loss', 'v6_acc', 'c10_50k_loss', 'c10_50k_acc']) 
 c10h_outdir:  /tigress/ruairidh/model_results/run_1/saves/wrn_28_10/con_True_lr_0.01_seed_2
[2018/09/25 20:36:03 __main__ INFO] - Train 75
[2018/09/25 20:36:23 __main__ INFO] - TEST 75
[2018/09/25 20:37:11 __main__ INFO] - - epoch 75    c10h_train    : 0.4328 (acc: 0.9876) | c10h_val    : 0.5397 (acc: 0.9470)
[2018/09/25 20:37:11 __main__ INFO] - -            c10h_train_c10: 0.0009 (acc: 0.9956) | c10h_val_c10: 0.2205 (acc: 0.9500)
[2018/09/25 20:37:11 __main__ INFO] - -            v4            : 0.5313 (acc: 0.8619) |           v6: 0.5102 (acc: 0.8730)
[2018/09/25 20:37:11 __main__ INFO] - -            c10_50k       : 0.0955 (acc: 0.9702)
[2018/09/25 20:37:11 __main__ INFO] - Elapsed 48.58
keys:  dict_keys(['epoch', 'c10h_train_loss', 'c10h_train_acc', 'c10h_val_loss', 'c10h_val_acc', 'c10h_train_c10_loss', 'c10h_train_c10_acc', 'c10h_val_c10_loss', 'c10h_val_c10_acc', 'v4_loss', 'v4_acc', 'v6_loss', 'v6_acc', 'c10_50k_loss', 'c10_50k_acc']) 
 c10h_outdir:  /tigress/ruairidh/model_results/run_1/saves/wrn_28_10/con_True_lr_0.01_seed_2
[2018/09/25 20:37:12 __main__ INFO] - Train 76
[2018/09/25 20:37:31 __main__ INFO] - TEST 76
[2018/09/25 20:38:20 __main__ INFO] - - epoch 76    c10h_train    : 0.4312 (acc: 0.9874) | c10h_val    : 0.5334 (acc: 0.9440)
[2018/09/25 20:38:20 __main__ INFO] - -            c10h_train_c10: 0.0009 (acc: 0.9956) | c10h_val_c10: 0.2183 (acc: 0.9470)
[2018/09/25 20:38:20 __main__ INFO] - -            v4            : 0.5488 (acc: 0.8634) |           v6: 0.5071 (acc: 0.8725)
[2018/09/25 20:38:20 __main__ INFO] - -            c10_50k       : 0.0940 (acc: 0.9707)
[2018/09/25 20:38:20 __main__ INFO] - Elapsed 48.78
keys:  dict_keys(['epoch', 'c10h_train_loss', 'c10h_train_acc', 'c10h_val_loss', 'c10h_val_acc', 'c10h_train_c10_loss', 'c10h_train_c10_acc', 'c10h_val_c10_loss', 'c10h_val_c10_acc', 'v4_loss', 'v4_acc', 'v6_loss', 'v6_acc', 'c10_50k_loss', 'c10_50k_acc']) 
 c10h_outdir:  /tigress/ruairidh/model_results/run_1/saves/wrn_28_10/con_True_lr_0.01_seed_2
[2018/09/25 20:38:26 __main__ INFO] - Train 77
[2018/09/25 20:38:46 __main__ INFO] - TEST 77
[2018/09/25 20:39:34 __main__ INFO] - - epoch 77    c10h_train    : 0.4348 (acc: 0.9876) | c10h_val    : 0.5348 (acc: 0.9460)
[2018/09/25 20:39:34 __main__ INFO] - -            c10h_train_c10: 0.0009 (acc: 0.9956) | c10h_val_c10: 0.2171 (acc: 0.9490)
[2018/09/25 20:39:34 __main__ INFO] - -            v4            : 0.5340 (acc: 0.8575) |           v6: 0.5050 (acc: 0.8740)
[2018/09/25 20:39:34 __main__ INFO] - -            c10_50k       : 0.0949 (acc: 0.9704)
[2018/09/25 20:39:34 __main__ INFO] - Elapsed 48.55
keys:  dict_keys(['epoch', 'c10h_train_loss', 'c10h_train_acc', 'c10h_val_loss', 'c10h_val_acc', 'c10h_train_c10_loss', 'c10h_train_c10_acc', 'c10h_val_c10_loss', 'c10h_val_c10_acc', 'v4_loss', 'v4_acc', 'v6_loss', 'v6_acc', 'c10_50k_loss', 'c10_50k_acc']) 
 c10h_outdir:  /tigress/ruairidh/model_results/run_1/saves/wrn_28_10/con_True_lr_0.01_seed_2
[2018/09/25 20:39:36 __main__ INFO] - Train 78
[2018/09/25 20:39:56 __main__ INFO] - TEST 78
[2018/09/25 20:40:44 __main__ INFO] - - epoch 78    c10h_train    : 0.4373 (acc: 0.9874) | c10h_val    : 0.5402 (acc: 0.9440)
[2018/09/25 20:40:44 __main__ INFO] - -            c10h_train_c10: 0.0009 (acc: 0.9956) | c10h_val_c10: 0.2196 (acc: 0.9470)
[2018/09/25 20:40:44 __main__ INFO] - -            v4            : 0.5380 (acc: 0.8644) |           v6: 0.5022 (acc: 0.8745)
[2018/09/25 20:40:44 __main__ INFO] - -            c10_50k       : 0.0924 (acc: 0.9714)
[2018/09/25 20:40:44 __main__ INFO] - Elapsed 48.51
keys:  dict_keys(['epoch', 'c10h_train_loss', 'c10h_train_acc', 'c10h_val_loss', 'c10h_val_acc', 'c10h_train_c10_loss', 'c10h_train_c10_acc', 'c10h_val_c10_loss', 'c10h_val_c10_acc', 'v4_loss', 'v4_acc', 'v6_loss', 'v6_acc', 'c10_50k_loss', 'c10_50k_acc']) 
 c10h_outdir:  /tigress/ruairidh/model_results/run_1/saves/wrn_28_10/con_True_lr_0.01_seed_2
[2018/09/25 20:40:45 __main__ INFO] - Train 79
[2018/09/25 20:41:05 __main__ INFO] - TEST 79
[2018/09/25 20:41:53 __main__ INFO] - - epoch 79    c10h_train    : 0.4388 (acc: 0.9874) | c10h_val    : 0.5423 (acc: 0.9420)
[2018/09/25 20:41:53 __main__ INFO] - -            c10h_train_c10: 0.0009 (acc: 0.9956) | c10h_val_c10: 0.2211 (acc: 0.9450)
[2018/09/25 20:41:53 __main__ INFO] - -            v4            : 0.5296 (acc: 0.8634) |           v6: 0.5009 (acc: 0.8790)
[2018/09/25 20:41:53 __main__ INFO] - -            c10_50k       : 0.0937 (acc: 0.9709)
[2018/09/25 20:41:53 __main__ INFO] - Elapsed 48.28
keys:  dict_keys(['epoch', 'c10h_train_loss', 'c10h_train_acc', 'c10h_val_loss', 'c10h_val_acc', 'c10h_train_c10_loss', 'c10h_train_c10_acc', 'c10h_val_c10_loss', 'c10h_val_c10_acc', 'v4_loss', 'v4_acc', 'v6_loss', 'v6_acc', 'c10_50k_loss', 'c10_50k_acc']) 
 c10h_outdir:  /tigress/ruairidh/model_results/run_1/saves/wrn_28_10/con_True_lr_0.01_seed_2
[2018/09/25 20:41:56 __main__ INFO] - Train 80
[2018/09/25 20:42:15 __main__ INFO] - TEST 80
[2018/09/25 20:43:04 __main__ INFO] - - epoch 80    c10h_train    : 0.4366 (acc: 0.9874) | c10h_val    : 0.5350 (acc: 0.9470)
[2018/09/25 20:43:04 __main__ INFO] - -            c10h_train_c10: 0.0009 (acc: 0.9956) | c10h_val_c10: 0.2148 (acc: 0.9500)
[2018/09/25 20:43:04 __main__ INFO] - -            v4            : 0.5340 (acc: 0.8555) |           v6: 0.5033 (acc: 0.8750)
[2018/09/25 20:43:04 __main__ INFO] - -            c10_50k       : 0.0937 (acc: 0.9705)
[2018/09/25 20:43:04 __main__ INFO] - Elapsed 49.03
keys:  dict_keys(['epoch', 'c10h_train_loss', 'c10h_train_acc', 'c10h_val_loss', 'c10h_val_acc', 'c10h_train_c10_loss', 'c10h_train_c10_acc', 'c10h_val_c10_loss', 'c10h_val_c10_acc', 'v4_loss', 'v4_acc', 'v6_loss', 'v6_acc', 'c10_50k_loss', 'c10_50k_acc']) 
 c10h_outdir:  /tigress/ruairidh/model_results/run_1/saves/wrn_28_10/con_True_lr_0.01_seed_2
[2018/09/25 20:43:06 __main__ INFO] - Train 81
[2018/09/25 20:43:25 __main__ INFO] - TEST 81
[2018/09/25 20:44:14 __main__ INFO] - - epoch 81    c10h_train    : 0.4338 (acc: 0.9876) | c10h_val    : 0.5291 (acc: 0.9440)
[2018/09/25 20:44:14 __main__ INFO] - -            c10h_train_c10: 0.0009 (acc: 0.9956) | c10h_val_c10: 0.2140 (acc: 0.9470)
[2018/09/25 20:44:14 __main__ INFO] - -            v4            : 0.5472 (acc: 0.8545) |           v6: 0.4991 (acc: 0.8730)
[2018/09/25 20:44:14 __main__ INFO] - -            c10_50k       : 0.0922 (acc: 0.9710)
[2018/09/25 20:44:14 __main__ INFO] - Elapsed 48.20
keys:  dict_keys(['epoch', 'c10h_train_loss', 'c10h_train_acc', 'c10h_val_loss', 'c10h_val_acc', 'c10h_train_c10_loss', 'c10h_train_c10_acc', 'c10h_val_c10_loss', 'c10h_val_c10_acc', 'v4_loss', 'v4_acc', 'v6_loss', 'v6_acc', 'c10_50k_loss', 'c10_50k_acc']) 
 c10h_outdir:  /tigress/ruairidh/model_results/run_1/saves/wrn_28_10/con_True_lr_0.01_seed_2
[2018/09/25 20:44:15 __main__ INFO] - Train 82
[2018/09/25 20:44:34 __main__ INFO] - TEST 82
[2018/09/25 20:45:23 __main__ INFO] - - epoch 82    c10h_train    : 0.4345 (acc: 0.9874) | c10h_val    : 0.5322 (acc: 0.9430)
[2018/09/25 20:45:23 __main__ INFO] - -            c10h_train_c10: 0.0009 (acc: 0.9956) | c10h_val_c10: 0.2128 (acc: 0.9460)
[2018/09/25 20:45:23 __main__ INFO] - -            v4            : 0.5164 (acc: 0.8649) |           v6: 0.5006 (acc: 0.8760)
[2018/09/25 20:45:23 __main__ INFO] - -            c10_50k       : 0.0937 (acc: 0.9710)
[2018/09/25 20:45:23 __main__ INFO] - Elapsed 48.45
keys:  dict_keys(['epoch', 'c10h_train_loss', 'c10h_train_acc', 'c10h_val_loss', 'c10h_val_acc', 'c10h_train_c10_loss', 'c10h_train_c10_acc', 'c10h_val_c10_loss', 'c10h_val_c10_acc', 'v4_loss', 'v4_acc', 'v6_loss', 'v6_acc', 'c10_50k_loss', 'c10_50k_acc']) 
 c10h_outdir:  /tigress/ruairidh/model_results/run_1/saves/wrn_28_10/con_True_lr_0.01_seed_2
[2018/09/25 20:45:25 __main__ INFO] - Train 83
[2018/09/25 20:45:45 __main__ INFO] - TEST 83
[2018/09/25 20:46:33 __main__ INFO] - - epoch 83    c10h_train    : 0.4363 (acc: 0.9874) | c10h_val    : 0.5332 (acc: 0.9470)
[2018/09/25 20:46:33 __main__ INFO] - -            c10h_train_c10: 0.0008 (acc: 0.9956) | c10h_val_c10: 0.2140 (acc: 0.9500)
[2018/09/25 20:46:33 __main__ INFO] - -            v4            : 0.5175 (acc: 0.8674) |           v6: 0.5107 (acc: 0.8725)
[2018/09/25 20:46:33 __main__ INFO] - -            c10_50k       : 0.0934 (acc: 0.9709)
[2018/09/25 20:46:33 __main__ INFO] - Elapsed 48.28
keys:  dict_keys(['epoch', 'c10h_train_loss', 'c10h_train_acc', 'c10h_val_loss', 'c10h_val_acc', 'c10h_train_c10_loss', 'c10h_train_c10_acc', 'c10h_val_c10_loss', 'c10h_val_c10_acc', 'v4_loss', 'v4_acc', 'v6_loss', 'v6_acc', 'c10_50k_loss', 'c10_50k_acc']) 
 c10h_outdir:  /tigress/ruairidh/model_results/run_1/saves/wrn_28_10/con_True_lr_0.01_seed_2
[2018/09/25 20:46:34 __main__ INFO] - Train 84
[2018/09/25 20:46:53 __main__ INFO] - TEST 84
[2018/09/25 20:47:42 __main__ INFO] - - epoch 84    c10h_train    : 0.4383 (acc: 0.9874) | c10h_val    : 0.5350 (acc: 0.9460)
[2018/09/25 20:47:42 __main__ INFO] - -            c10h_train_c10: 0.0008 (acc: 0.9956) | c10h_val_c10: 0.2150 (acc: 0.9490)
[2018/09/25 20:47:42 __main__ INFO] - -            v4            : 0.5174 (acc: 0.8624) |           v6: 0.4986 (acc: 0.8740)
[2018/09/25 20:47:42 __main__ INFO] - -            c10_50k       : 0.0916 (acc: 0.9720)
[2018/09/25 20:47:42 __main__ INFO] - Elapsed 49.05
keys:  dict_keys(['epoch', 'c10h_train_loss', 'c10h_train_acc', 'c10h_val_loss', 'c10h_val_acc', 'c10h_train_c10_loss', 'c10h_train_c10_acc', 'c10h_val_c10_loss', 'c10h_val_c10_acc', 'v4_loss', 'v4_acc', 'v6_loss', 'v6_acc', 'c10_50k_loss', 'c10_50k_acc']) 
 c10h_outdir:  /tigress/ruairidh/model_results/run_1/saves/wrn_28_10/con_True_lr_0.01_seed_2
[2018/09/25 20:47:44 __main__ INFO] - Train 85
[2018/09/25 20:48:04 __main__ INFO] - TEST 85
[2018/09/25 20:48:53 __main__ INFO] - - epoch 85    c10h_train    : 0.4383 (acc: 0.9874) | c10h_val    : 0.5336 (acc: 0.9430)
[2018/09/25 20:48:53 __main__ INFO] - -            c10h_train_c10: 0.0008 (acc: 0.9956) | c10h_val_c10: 0.2169 (acc: 0.9460)
[2018/09/25 20:48:53 __main__ INFO] - -            v4            : 0.5479 (acc: 0.8570) |           v6: 0.4972 (acc: 0.8765)
[2018/09/25 20:48:53 __main__ INFO] - -            c10_50k       : 0.0905 (acc: 0.9719)
[2018/09/25 20:48:53 __main__ INFO] - Elapsed 49.35
keys:  dict_keys(['epoch', 'c10h_train_loss', 'c10h_train_acc', 'c10h_val_loss', 'c10h_val_acc', 'c10h_train_c10_loss', 'c10h_train_c10_acc', 'c10h_val_c10_loss', 'c10h_val_c10_acc', 'v4_loss', 'v4_acc', 'v6_loss', 'v6_acc', 'c10_50k_loss', 'c10_50k_acc']) 
 c10h_outdir:  /tigress/ruairidh/model_results/run_1/saves/wrn_28_10/con_True_lr_0.01_seed_2
[2018/09/25 20:48:55 __main__ INFO] - Train 86
[2018/09/25 20:49:14 __main__ INFO] - TEST 86
[2018/09/25 20:50:03 __main__ INFO] - - epoch 86    c10h_train    : 0.4372 (acc: 0.9876) | c10h_val    : 0.5348 (acc: 0.9450)
[2018/09/25 20:50:03 __main__ INFO] - -            c10h_train_c10: 0.0008 (acc: 0.9956) | c10h_val_c10: 0.2170 (acc: 0.9480)
[2018/09/25 20:50:03 __main__ INFO] - -            v4            : 0.5226 (acc: 0.8595) |           v6: 0.4982 (acc: 0.8715)
[2018/09/25 20:50:03 __main__ INFO] - -            c10_50k       : 0.0913 (acc: 0.9716)
[2018/09/25 20:50:03 __main__ INFO] - Elapsed 48.53
keys:  dict_keys(['epoch', 'c10h_train_loss', 'c10h_train_acc', 'c10h_val_loss', 'c10h_val_acc', 'c10h_train_c10_loss', 'c10h_train_c10_acc', 'c10h_val_c10_loss', 'c10h_val_c10_acc', 'v4_loss', 'v4_acc', 'v6_loss', 'v6_acc', 'c10_50k_loss', 'c10_50k_acc']) 
 c10h_outdir:  /tigress/ruairidh/model_results/run_1/saves/wrn_28_10/con_True_lr_0.01_seed_2
[2018/09/25 20:50:04 __main__ INFO] - Train 87
[2018/09/25 20:50:23 __main__ INFO] - TEST 87
[2018/09/25 20:51:12 __main__ INFO] - - epoch 87    c10h_train    : 0.4371 (acc: 0.9876) | c10h_val    : 0.5370 (acc: 0.9460)
[2018/09/25 20:51:12 __main__ INFO] - -            c10h_train_c10: 0.0008 (acc: 0.9956) | c10h_val_c10: 0.2186 (acc: 0.9490)
[2018/09/25 20:51:12 __main__ INFO] - -            v4            : 0.5139 (acc: 0.8619) |           v6: 0.5035 (acc: 0.8740)
[2018/09/25 20:51:12 __main__ INFO] - -            c10_50k       : 0.0903 (acc: 0.9724)
[2018/09/25 20:51:12 __main__ INFO] - Elapsed 48.37
keys:  dict_keys(['epoch', 'c10h_train_loss', 'c10h_train_acc', 'c10h_val_loss', 'c10h_val_acc', 'c10h_train_c10_loss', 'c10h_train_c10_acc', 'c10h_val_c10_loss', 'c10h_val_c10_acc', 'v4_loss', 'v4_acc', 'v6_loss', 'v6_acc', 'c10_50k_loss', 'c10_50k_acc']) 
 c10h_outdir:  /tigress/ruairidh/model_results/run_1/saves/wrn_28_10/con_True_lr_0.01_seed_2
[2018/09/25 20:51:14 __main__ INFO] - Train 88
[2018/09/25 20:51:33 __main__ INFO] - TEST 88
[2018/09/25 20:52:22 __main__ INFO] - - epoch 88    c10h_train    : 0.4366 (acc: 0.9876) | c10h_val    : 0.5295 (acc: 0.9460)
[2018/09/25 20:52:22 __main__ INFO] - -            c10h_train_c10: 0.0008 (acc: 0.9956) | c10h_val_c10: 0.2154 (acc: 0.9490)
[2018/09/25 20:52:22 __main__ INFO] - -            v4            : 0.5003 (acc: 0.8704) |           v6: 0.4929 (acc: 0.8765)
[2018/09/25 20:52:22 __main__ INFO] - -            c10_50k       : 0.0897 (acc: 0.9717)
[2018/09/25 20:52:22 __main__ INFO] - Elapsed 48.88
keys:  dict_keys(['epoch', 'c10h_train_loss', 'c10h_train_acc', 'c10h_val_loss', 'c10h_val_acc', 'c10h_train_c10_loss', 'c10h_train_c10_acc', 'c10h_val_c10_loss', 'c10h_val_c10_acc', 'v4_loss', 'v4_acc', 'v6_loss', 'v6_acc', 'c10_50k_loss', 'c10_50k_acc']) 
 c10h_outdir:  /tigress/ruairidh/model_results/run_1/saves/wrn_28_10/con_True_lr_0.01_seed_2
[2018/09/25 20:52:24 __main__ INFO] - Train 89
[2018/09/25 20:52:44 __main__ INFO] - TEST 89
[2018/09/25 20:53:32 __main__ INFO] - - epoch 89    c10h_train    : 0.4346 (acc: 0.9874) | c10h_val    : 0.5317 (acc: 0.9450)
[2018/09/25 20:53:32 __main__ INFO] - -            c10h_train_c10: 0.0008 (acc: 0.9956) | c10h_val_c10: 0.2163 (acc: 0.9480)
[2018/09/25 20:53:32 __main__ INFO] - -            v4            : 0.5098 (acc: 0.8689) |           v6: 0.4932 (acc: 0.8770)
[2018/09/25 20:53:32 __main__ INFO] - -            c10_50k       : 0.0896 (acc: 0.9726)
[2018/09/25 20:53:32 __main__ INFO] - Elapsed 48.77
keys:  dict_keys(['epoch', 'c10h_train_loss', 'c10h_train_acc', 'c10h_val_loss', 'c10h_val_acc', 'c10h_train_c10_loss', 'c10h_train_c10_acc', 'c10h_val_c10_loss', 'c10h_val_c10_acc', 'v4_loss', 'v4_acc', 'v6_loss', 'v6_acc', 'c10_50k_loss', 'c10_50k_acc']) 
 c10h_outdir:  /tigress/ruairidh/model_results/run_1/saves/wrn_28_10/con_True_lr_0.01_seed_2
[2018/09/25 20:53:33 __main__ INFO] - Train 90
[2018/09/25 20:53:52 __main__ INFO] - TEST 90
[2018/09/25 20:54:42 __main__ INFO] - - epoch 90    c10h_train    : 0.4361 (acc: 0.9874) | c10h_val    : 0.5305 (acc: 0.9450)
[2018/09/25 20:54:42 __main__ INFO] - -            c10h_train_c10: 0.0008 (acc: 0.9956) | c10h_val_c10: 0.2153 (acc: 0.9480)
[2018/09/25 20:54:42 __main__ INFO] - -            v4            : 0.5112 (acc: 0.8595) |           v6: 0.4947 (acc: 0.8755)
[2018/09/25 20:54:42 __main__ INFO] - -            c10_50k       : 0.0892 (acc: 0.9721)
[2018/09/25 20:54:42 __main__ INFO] - Elapsed 49.32
keys:  dict_keys(['epoch', 'c10h_train_loss', 'c10h_train_acc', 'c10h_val_loss', 'c10h_val_acc', 'c10h_train_c10_loss', 'c10h_train_c10_acc', 'c10h_val_c10_loss', 'c10h_val_c10_acc', 'v4_loss', 'v4_acc', 'v6_loss', 'v6_acc', 'c10_50k_loss', 'c10_50k_acc']) 
 c10h_outdir:  /tigress/ruairidh/model_results/run_1/saves/wrn_28_10/con_True_lr_0.01_seed_2
[2018/09/25 20:54:42 __main__ INFO] - Train 91
[2018/09/25 20:55:02 __main__ INFO] - TEST 91
[2018/09/25 20:55:50 __main__ INFO] - - epoch 91    c10h_train    : 0.4383 (acc: 0.9876) | c10h_val    : 0.5361 (acc: 0.9480)
[2018/09/25 20:55:50 __main__ INFO] - -            c10h_train_c10: 0.0008 (acc: 0.9956) | c10h_val_c10: 0.2159 (acc: 0.9510)
[2018/09/25 20:55:50 __main__ INFO] - -            v4            : 0.4821 (acc: 0.8689) |           v6: 0.4915 (acc: 0.8775)
[2018/09/25 20:55:50 __main__ INFO] - -            c10_50k       : 0.0886 (acc: 0.9726)
[2018/09/25 20:55:50 __main__ INFO] - Elapsed 48.14
keys:  dict_keys(['epoch', 'c10h_train_loss', 'c10h_train_acc', 'c10h_val_loss', 'c10h_val_acc', 'c10h_train_c10_loss', 'c10h_train_c10_acc', 'c10h_val_c10_loss', 'c10h_val_c10_acc', 'v4_loss', 'v4_acc', 'v6_loss', 'v6_acc', 'c10_50k_loss', 'c10_50k_acc']) 
 c10h_outdir:  /tigress/ruairidh/model_results/run_1/saves/wrn_28_10/con_True_lr_0.01_seed_2
[2018/09/25 20:55:51 __main__ INFO] - Train 92
[2018/09/25 20:56:11 __main__ INFO] - TEST 92
[2018/09/25 20:56:59 __main__ INFO] - - epoch 92    c10h_train    : 0.4343 (acc: 0.9874) | c10h_val    : 0.5306 (acc: 0.9460)
[2018/09/25 20:56:59 __main__ INFO] - -            c10h_train_c10: 0.0008 (acc: 0.9956) | c10h_val_c10: 0.2147 (acc: 0.9490)
[2018/09/25 20:56:59 __main__ INFO] - -            v4            : 0.4968 (acc: 0.8674) |           v6: 0.4928 (acc: 0.8760)
[2018/09/25 20:56:59 __main__ INFO] - -            c10_50k       : 0.0889 (acc: 0.9717)
[2018/09/25 20:56:59 __main__ INFO] - Elapsed 48.32
keys:  dict_keys(['epoch', 'c10h_train_loss', 'c10h_train_acc', 'c10h_val_loss', 'c10h_val_acc', 'c10h_train_c10_loss', 'c10h_train_c10_acc', 'c10h_val_c10_loss', 'c10h_val_c10_acc', 'v4_loss', 'v4_acc', 'v6_loss', 'v6_acc', 'c10_50k_loss', 'c10_50k_acc']) 
 c10h_outdir:  /tigress/ruairidh/model_results/run_1/saves/wrn_28_10/con_True_lr_0.01_seed_2
[2018/09/25 20:57:00 __main__ INFO] - Train 93
[2018/09/25 20:57:19 __main__ INFO] - TEST 93
[2018/09/25 20:58:08 __main__ INFO] - - epoch 93    c10h_train    : 0.4350 (acc: 0.9876) | c10h_val    : 0.5330 (acc: 0.9460)
[2018/09/25 20:58:08 __main__ INFO] - -            c10h_train_c10: 0.0008 (acc: 0.9956) | c10h_val_c10: 0.2164 (acc: 0.9490)
[2018/09/25 20:58:08 __main__ INFO] - -            v4            : 0.5087 (acc: 0.8748) |           v6: 0.4806 (acc: 0.8750)
[2018/09/25 20:58:08 __main__ INFO] - -            c10_50k       : 0.0878 (acc: 0.9726)
[2018/09/25 20:58:08 __main__ INFO] - Elapsed 48.55
keys:  dict_keys(['epoch', 'c10h_train_loss', 'c10h_train_acc', 'c10h_val_loss', 'c10h_val_acc', 'c10h_train_c10_loss', 'c10h_train_c10_acc', 'c10h_val_c10_loss', 'c10h_val_c10_acc', 'v4_loss', 'v4_acc', 'v6_loss', 'v6_acc', 'c10_50k_loss', 'c10_50k_acc']) 
 c10h_outdir:  /tigress/ruairidh/model_results/run_1/saves/wrn_28_10/con_True_lr_0.01_seed_2
[2018/09/25 20:58:10 __main__ INFO] - Train 94
[2018/09/25 20:58:29 __main__ INFO] - TEST 94
[2018/09/25 20:59:18 __main__ INFO] - - epoch 94    c10h_train    : 0.4368 (acc: 0.9874) | c10h_val    : 0.5323 (acc: 0.9430)
[2018/09/25 20:59:18 __main__ INFO] - -            c10h_train_c10: 0.0008 (acc: 0.9956) | c10h_val_c10: 0.2170 (acc: 0.9460)
[2018/09/25 20:59:18 __main__ INFO] - -            v4            : 0.5221 (acc: 0.8664) |           v6: 0.4858 (acc: 0.8750)
[2018/09/25 20:59:18 __main__ INFO] - -            c10_50k       : 0.0898 (acc: 0.9725)
[2018/09/25 20:59:18 __main__ INFO] - Elapsed 48.52
keys:  dict_keys(['epoch', 'c10h_train_loss', 'c10h_train_acc', 'c10h_val_loss', 'c10h_val_acc', 'c10h_train_c10_loss', 'c10h_train_c10_acc', 'c10h_val_c10_loss', 'c10h_val_c10_acc', 'v4_loss', 'v4_acc', 'v6_loss', 'v6_acc', 'c10_50k_loss', 'c10_50k_acc']) 
 c10h_outdir:  /tigress/ruairidh/model_results/run_1/saves/wrn_28_10/con_True_lr_0.01_seed_2
[2018/09/25 20:59:18 __main__ INFO] - Train 95
[2018/09/25 20:59:38 __main__ INFO] - TEST 95
[2018/09/25 21:00:26 __main__ INFO] - - epoch 95    c10h_train    : 0.4396 (acc: 0.9874) | c10h_val    : 0.5344 (acc: 0.9480)
[2018/09/25 21:00:26 __main__ INFO] - -            c10h_train_c10: 0.0008 (acc: 0.9956) | c10h_val_c10: 0.2140 (acc: 0.9510)
[2018/09/25 21:00:26 __main__ INFO] - -            v4            : 0.5227 (acc: 0.8629) |           v6: 0.4977 (acc: 0.8720)
[2018/09/25 21:00:26 __main__ INFO] - -            c10_50k       : 0.0897 (acc: 0.9724)
[2018/09/25 21:00:26 __main__ INFO] - Elapsed 48.66
keys:  dict_keys(['epoch', 'c10h_train_loss', 'c10h_train_acc', 'c10h_val_loss', 'c10h_val_acc', 'c10h_train_c10_loss', 'c10h_train_c10_acc', 'c10h_val_c10_loss', 'c10h_val_c10_acc', 'v4_loss', 'v4_acc', 'v6_loss', 'v6_acc', 'c10_50k_loss', 'c10_50k_acc']) 
 c10h_outdir:  /tigress/ruairidh/model_results/run_1/saves/wrn_28_10/con_True_lr_0.01_seed_2
[2018/09/25 21:00:27 __main__ INFO] - Train 96
[2018/09/25 21:00:47 __main__ INFO] - TEST 96
[2018/09/25 21:01:35 __main__ INFO] - - epoch 96    c10h_train    : 0.4356 (acc: 0.9874) | c10h_val    : 0.5300 (acc: 0.9480)
[2018/09/25 21:01:35 __main__ INFO] - -            c10h_train_c10: 0.0008 (acc: 0.9956) | c10h_val_c10: 0.2129 (acc: 0.9510)
[2018/09/25 21:01:35 __main__ INFO] - -            v4            : 0.5046 (acc: 0.8654) |           v6: 0.4917 (acc: 0.8735)
[2018/09/25 21:01:35 __main__ INFO] - -            c10_50k       : 0.0885 (acc: 0.9728)
[2018/09/25 21:01:35 __main__ INFO] - Elapsed 48.29
keys:  dict_keys(['epoch', 'c10h_train_loss', 'c10h_train_acc', 'c10h_val_loss', 'c10h_val_acc', 'c10h_train_c10_loss', 'c10h_train_c10_acc', 'c10h_val_c10_loss', 'c10h_val_c10_acc', 'v4_loss', 'v4_acc', 'v6_loss', 'v6_acc', 'c10_50k_loss', 'c10_50k_acc']) 
 c10h_outdir:  /tigress/ruairidh/model_results/run_1/saves/wrn_28_10/con_True_lr_0.01_seed_2
[2018/09/25 21:01:37 __main__ INFO] - Train 97
[2018/09/25 21:01:56 __main__ INFO] - TEST 97
[2018/09/25 21:02:44 __main__ INFO] - - epoch 97    c10h_train    : 0.4365 (acc: 0.9874) | c10h_val    : 0.5299 (acc: 0.9430)
[2018/09/25 21:02:44 __main__ INFO] - -            c10h_train_c10: 0.0008 (acc: 0.9956) | c10h_val_c10: 0.2134 (acc: 0.9460)
[2018/09/25 21:02:44 __main__ INFO] - -            v4            : 0.5141 (acc: 0.8639) |           v6: 0.4850 (acc: 0.8755)
[2018/09/25 21:02:44 __main__ INFO] - -            c10_50k       : 0.0868 (acc: 0.9729)
[2018/09/25 21:02:44 __main__ INFO] - Elapsed 48.25
keys:  dict_keys(['epoch', 'c10h_train_loss', 'c10h_train_acc', 'c10h_val_loss', 'c10h_val_acc', 'c10h_train_c10_loss', 'c10h_train_c10_acc', 'c10h_val_c10_loss', 'c10h_val_c10_acc', 'v4_loss', 'v4_acc', 'v6_loss', 'v6_acc', 'c10_50k_loss', 'c10_50k_acc']) 
 c10h_outdir:  /tigress/ruairidh/model_results/run_1/saves/wrn_28_10/con_True_lr_0.01_seed_2
[2018/09/25 21:02:48 __main__ INFO] - Train 98
[2018/09/25 21:03:07 __main__ INFO] - TEST 98
[2018/09/25 21:03:56 __main__ INFO] - - epoch 98    c10h_train    : 0.4344 (acc: 0.9874) | c10h_val    : 0.5248 (acc: 0.9450)
[2018/09/25 21:03:56 __main__ INFO] - -            c10h_train_c10: 0.0008 (acc: 0.9956) | c10h_val_c10: 0.2095 (acc: 0.9480)
[2018/09/25 21:03:56 __main__ INFO] - -            v4            : 0.5186 (acc: 0.8704) |           v6: 0.4859 (acc: 0.8740)
[2018/09/25 21:03:56 __main__ INFO] - -            c10_50k       : 0.0883 (acc: 0.9727)
[2018/09/25 21:03:56 __main__ INFO] - Elapsed 48.92
keys:  dict_keys(['epoch', 'c10h_train_loss', 'c10h_train_acc', 'c10h_val_loss', 'c10h_val_acc', 'c10h_train_c10_loss', 'c10h_train_c10_acc', 'c10h_val_c10_loss', 'c10h_val_c10_acc', 'v4_loss', 'v4_acc', 'v6_loss', 'v6_acc', 'c10_50k_loss', 'c10_50k_acc']) 
 c10h_outdir:  /tigress/ruairidh/model_results/run_1/saves/wrn_28_10/con_True_lr_0.01_seed_2
[2018/09/25 21:03:57 __main__ INFO] - Train 99
[2018/09/25 21:04:17 __main__ INFO] - TEST 99
[2018/09/25 21:05:05 __main__ INFO] - - epoch 99    c10h_train    : 0.4369 (acc: 0.9876) | c10h_val    : 0.5310 (acc: 0.9430)
[2018/09/25 21:05:06 __main__ INFO] - -            c10h_train_c10: 0.0008 (acc: 0.9956) | c10h_val_c10: 0.2164 (acc: 0.9460)
[2018/09/25 21:05:06 __main__ INFO] - -            v4            : 0.5259 (acc: 0.8624) |           v6: 0.4885 (acc: 0.8715)
[2018/09/25 21:05:06 __main__ INFO] - -            c10_50k       : 0.0887 (acc: 0.9727)
[2018/09/25 21:05:06 __main__ INFO] - Elapsed 48.68
keys:  dict_keys(['epoch', 'c10h_train_loss', 'c10h_train_acc', 'c10h_val_loss', 'c10h_val_acc', 'c10h_train_c10_loss', 'c10h_train_c10_acc', 'c10h_val_c10_loss', 'c10h_val_c10_acc', 'v4_loss', 'v4_acc', 'v6_loss', 'v6_acc', 'c10_50k_loss', 'c10_50k_acc']) 
 c10h_outdir:  /tigress/ruairidh/model_results/run_1/saves/wrn_28_10/con_True_lr_0.01_seed_2
[2018/09/25 21:05:07 __main__ INFO] - Train 100
[2018/09/25 21:05:26 __main__ INFO] - TEST 100
[2018/09/25 21:06:15 __main__ INFO] - - epoch 100    c10h_train    : 0.4359 (acc: 0.9874) | c10h_val    : 0.5321 (acc: 0.9440)
[2018/09/25 21:06:15 __main__ INFO] - -            c10h_train_c10: 0.0008 (acc: 0.9956) | c10h_val_c10: 0.2183 (acc: 0.9470)
[2018/09/25 21:06:15 __main__ INFO] - -            v4            : 0.5358 (acc: 0.8644) |           v6: 0.4958 (acc: 0.8750)
[2018/09/25 21:06:15 __main__ INFO] - -            c10_50k       : 0.0893 (acc: 0.9718)
[2018/09/25 21:06:15 __main__ INFO] - Elapsed 48.46
keys:  dict_keys(['epoch', 'c10h_train_loss', 'c10h_train_acc', 'c10h_val_loss', 'c10h_val_acc', 'c10h_train_c10_loss', 'c10h_train_c10_acc', 'c10h_val_c10_loss', 'c10h_val_c10_acc', 'v4_loss', 'v4_acc', 'v6_loss', 'v6_acc', 'c10_50k_loss', 'c10_50k_acc']) 
 c10h_outdir:  /tigress/ruairidh/model_results/run_1/saves/wrn_28_10/con_True_lr_0.01_seed_2
inner done
