entering inner script
activating virtual env
wrn_28_10
identifier: con_False_lr_0.001_seed_0
--arch=wrn --c10h_save_interval=2 --dataset=CIFAR10H --no_output --c10h_datasplit_seed=0 --human_tune --nonhuman_control=False --base_lr=0.001
wrn_28_10_control:False_lr:0.001_seed:0.out
entering python script
/tigress/ruairidh/model_results/run_1/wrn_28_10/model_best_state.pth
/tigress/ruairidh/model_results/run_1/saves/wrn_28_10/con_False_lr_0.001_seed_0
Using TensorFlow backend.
[2018/09/25 19:42:00 __main__ INFO] - {
  "model_config": {
    "arch": "wrn",
    "input_shape": [
      1,
      3,
      32,
      32
    ],
    "n_classes": 10,
    "base_channels": 16,
    "depth": 28,
    "widening_factor": 10,
    "drop_rate": 0
  },
  "optim_config": {
    "epochs": 200,
    "batch_size": 128,
    "optimizer": "sgd",
    "base_lr": 0.001,
    "weight_decay": 0.0005,
    "momentum": 0.9,
    "nesterov": true,
    "scheduler": "multistep",
    "milestones": [
      60,
      120,
      160
    ],
    "lr_decay": 0.2
  },
  "data_config": {
    "dataset": "CIFAR10H",
    "n_classes": 10,
    "num_workers": 7,
    "batch_size": 128,
    "use_cutout": false,
    "use_random_erasing": false,
    "use_mixup": false,
    "c10h_sample": false,
    "c10h_testsplit_percent": 0.1,
    "c10h_datasplit_seed": 0,
    "use_gpu": true
  },
  "run_config": {
    "seed": 17,
    "test_first": true,
    "gpu": "0",
    "tensorboard": false,
    "tensorboard_train_images": false,
    "tensorboard_test_images": false,
    "tensorboard_model_params": false,
    "resume": "/tigress/ruairidh/model_results/run_1/wrn_28_10/model_best_state.pth",
    "human_tune": true,
    "no_output": true,
    "test_only": false,
    "nonhuman_control": false,
    "c10h_scores_outdir": "/tigress/ruairidh/model_results/run_1/saves/wrn_28_10/con_False_lr_0.001_seed_0",
    "c10h_save_interval": "2",
    "use_gpu": true
  },
  "env_info": {
    "pytorch_version": "0.4.1",
    "cuda_version": "9.0.176",
    "cudnn_version": 7102,
    "gpu0": {
      "name": "Tesla P100-PCIE-16GB",
      "capability": "6.0"
    }
  }
}
Files already downloaded and verified
Files already downloaded and verified
Files already downloaded and verified
Files already downloaded and verified
Files already downloaded and verified
[2018/09/25 19:42:04 __main__ INFO] - Loading model...
[2018/09/25 19:42:05 __main__ INFO] - n_params: 36479194
[2018/09/25 19:42:07 __main__ INFO] - Done
=> loading checkpoint '/tigress/ruairidh/model_results/run_1/wrn_28_10/model_best_state.pth'
=> loaded checkpoint '/tigress/ruairidh/model_results/run_1/wrn_28_10/model_best_state.pth' (epoch 197)
[2018/09/25 19:42:10 __main__ INFO] - TEST 0
[2018/09/25 19:43:00 __main__ INFO] - - epoch 0    c10h_train    : 0.4654 (acc: 0.9482) | c10h_val    : 0.4411 (acc: 0.9630)
[2018/09/25 19:43:00 __main__ INFO] - -            c10h_train_c10: 0.1782 (acc: 0.9510) | c10h_val_c10: 0.1525 (acc: 0.9640)
[2018/09/25 19:43:00 __main__ INFO] - -            v4            : 0.4034 (acc: 0.8986) |           v6: 0.3818 (acc: 0.9100)
[2018/09/25 19:43:00 __main__ INFO] - -            c10_50k       : 0.0012 (acc: 1.0000)
[2018/09/25 19:43:00 __main__ INFO] - Elapsed 50.60
keys:  dict_keys(['epoch', 'c10h_train_loss', 'c10h_train_acc', 'c10h_val_loss', 'c10h_val_acc', 'c10h_train_c10_loss', 'c10h_train_c10_acc', 'c10h_val_c10_loss', 'c10h_val_c10_acc', 'v4_loss', 'v4_acc', 'v6_loss', 'v6_acc', 'c10_50k_loss', 'c10_50k_acc']) 
 c10h_outdir:  /tigress/ruairidh/model_results/run_1/saves/wrn_28_10/con_False_lr_0.001_seed_0
[2018/09/25 19:43:02 __main__ INFO] - Train 1
[2018/09/25 19:43:22 __main__ INFO] - TEST 1
[2018/09/25 19:44:11 __main__ INFO] - - epoch 1    c10h_train    : 0.3421 (acc: 0.9569) | c10h_val    : 0.3479 (acc: 0.9590)
[2018/09/25 19:44:11 __main__ INFO] - -            c10h_train_c10: 0.1252 (acc: 0.9587) | c10h_val_c10: 0.1202 (acc: 0.9600)
[2018/09/25 19:44:11 __main__ INFO] - -            v4            : 0.3517 (acc: 0.8911) |           v6: 0.3265 (acc: 0.9020)
[2018/09/25 19:44:11 __main__ INFO] - -            c10_50k       : 0.0114 (acc: 0.9999)
[2018/09/25 19:44:11 __main__ INFO] - Elapsed 48.21
keys:  dict_keys(['epoch', 'c10h_train_loss', 'c10h_train_acc', 'c10h_val_loss', 'c10h_val_acc', 'c10h_train_c10_loss', 'c10h_train_c10_acc', 'c10h_val_c10_loss', 'c10h_val_c10_acc', 'v4_loss', 'v4_acc', 'v6_loss', 'v6_acc', 'c10_50k_loss', 'c10_50k_acc']) 
 c10h_outdir:  /tigress/ruairidh/model_results/run_1/saves/wrn_28_10/con_False_lr_0.001_seed_0
[2018/09/25 19:44:13 __main__ INFO] - Train 2
[2018/09/25 19:44:32 __main__ INFO] - TEST 2
[2018/09/25 19:45:21 __main__ INFO] - - epoch 2    c10h_train    : 0.2845 (acc: 0.9661) | c10h_val    : 0.3207 (acc: 0.9540)
[2018/09/25 19:45:21 __main__ INFO] - -            c10h_train_c10: 0.1096 (acc: 0.9667) | c10h_val_c10: 0.1376 (acc: 0.9550)
[2018/09/25 19:45:21 __main__ INFO] - -            v4            : 0.3655 (acc: 0.8827) |           v6: 0.3268 (acc: 0.8990)
[2018/09/25 19:45:21 __main__ INFO] - -            c10_50k       : 0.0267 (acc: 0.9998)
[2018/09/25 19:45:21 __main__ INFO] - Elapsed 48.10
keys:  dict_keys(['epoch', 'c10h_train_loss', 'c10h_train_acc', 'c10h_val_loss', 'c10h_val_acc', 'c10h_train_c10_loss', 'c10h_train_c10_acc', 'c10h_val_c10_loss', 'c10h_val_c10_acc', 'v4_loss', 'v4_acc', 'v6_loss', 'v6_acc', 'c10_50k_loss', 'c10_50k_acc']) 
 c10h_outdir:  /tigress/ruairidh/model_results/run_1/saves/wrn_28_10/con_False_lr_0.001_seed_0
[2018/09/25 19:45:21 __main__ INFO] - Train 3
[2018/09/25 19:45:41 __main__ INFO] - TEST 3
[2018/09/25 19:46:29 __main__ INFO] - - epoch 3    c10h_train    : 0.2658 (acc: 0.9712) | c10h_val    : 0.2949 (acc: 0.9600)
[2018/09/25 19:46:29 __main__ INFO] - -            c10h_train_c10: 0.1005 (acc: 0.9713) | c10h_val_c10: 0.1210 (acc: 0.9610)
[2018/09/25 19:46:29 __main__ INFO] - -            v4            : 0.3284 (acc: 0.8946) |           v6: 0.2899 (acc: 0.9095)
[2018/09/25 19:46:29 __main__ INFO] - -            c10_50k       : 0.0280 (acc: 1.0000)
[2018/09/25 19:46:29 __main__ INFO] - Elapsed 48.24
keys:  dict_keys(['epoch', 'c10h_train_loss', 'c10h_train_acc', 'c10h_val_loss', 'c10h_val_acc', 'c10h_train_c10_loss', 'c10h_train_c10_acc', 'c10h_val_c10_loss', 'c10h_val_c10_acc', 'v4_loss', 'v4_acc', 'v6_loss', 'v6_acc', 'c10_50k_loss', 'c10_50k_acc']) 
 c10h_outdir:  /tigress/ruairidh/model_results/run_1/saves/wrn_28_10/con_False_lr_0.001_seed_0
[2018/09/25 19:46:33 __main__ INFO] - Train 4
[2018/09/25 19:46:52 __main__ INFO] - TEST 4
[2018/09/25 19:47:40 __main__ INFO] - - epoch 4    c10h_train    : 0.2575 (acc: 0.9726) | c10h_val    : 0.2928 (acc: 0.9600)
[2018/09/25 19:47:41 __main__ INFO] - -            c10h_train_c10: 0.0975 (acc: 0.9729) | c10h_val_c10: 0.1258 (acc: 0.9610)
[2018/09/25 19:47:41 __main__ INFO] - -            v4            : 0.3290 (acc: 0.8956) |           v6: 0.3029 (acc: 0.9015)
[2018/09/25 19:47:41 __main__ INFO] - -            c10_50k       : 0.0315 (acc: 0.9998)
[2018/09/25 19:47:41 __main__ INFO] - Elapsed 48.08
keys:  dict_keys(['epoch', 'c10h_train_loss', 'c10h_train_acc', 'c10h_val_loss', 'c10h_val_acc', 'c10h_train_c10_loss', 'c10h_train_c10_acc', 'c10h_val_c10_loss', 'c10h_val_c10_acc', 'v4_loss', 'v4_acc', 'v6_loss', 'v6_acc', 'c10_50k_loss', 'c10_50k_acc']) 
 c10h_outdir:  /tigress/ruairidh/model_results/run_1/saves/wrn_28_10/con_False_lr_0.001_seed_0
[2018/09/25 19:47:43 __main__ INFO] - Train 5
[2018/09/25 19:48:03 __main__ INFO] - TEST 5
[2018/09/25 19:48:51 __main__ INFO] - - epoch 5    c10h_train    : 0.2479 (acc: 0.9767) | c10h_val    : 0.2861 (acc: 0.9600)
[2018/09/25 19:48:51 __main__ INFO] - -            c10h_train_c10: 0.0895 (acc: 0.9764) | c10h_val_c10: 0.1208 (acc: 0.9610)
[2018/09/25 19:48:51 __main__ INFO] - -            v4            : 0.3297 (acc: 0.8956) |           v6: 0.2870 (acc: 0.9135)
[2018/09/25 19:48:51 __main__ INFO] - -            c10_50k       : 0.0322 (acc: 0.9997)
[2018/09/25 19:48:51 __main__ INFO] - Elapsed 47.93
keys:  dict_keys(['epoch', 'c10h_train_loss', 'c10h_train_acc', 'c10h_val_loss', 'c10h_val_acc', 'c10h_train_c10_loss', 'c10h_train_c10_acc', 'c10h_val_c10_loss', 'c10h_val_c10_acc', 'v4_loss', 'v4_acc', 'v6_loss', 'v6_acc', 'c10_50k_loss', 'c10_50k_acc']) 
 c10h_outdir:  /tigress/ruairidh/model_results/run_1/saves/wrn_28_10/con_False_lr_0.001_seed_0
[2018/09/25 19:48:53 __main__ INFO] - Train 6
[2018/09/25 19:49:13 __main__ INFO] - TEST 6
[2018/09/25 19:50:01 __main__ INFO] - - epoch 6    c10h_train    : 0.2427 (acc: 0.9793) | c10h_val    : 0.2848 (acc: 0.9590)
[2018/09/25 19:50:01 __main__ INFO] - -            c10h_train_c10: 0.0813 (acc: 0.9789) | c10h_val_c10: 0.1206 (acc: 0.9600)
[2018/09/25 19:50:01 __main__ INFO] - -            v4            : 0.3239 (acc: 0.8956) |           v6: 0.2897 (acc: 0.9090)
[2018/09/25 19:50:01 __main__ INFO] - -            c10_50k       : 0.0298 (acc: 0.9997)
[2018/09/25 19:50:01 __main__ INFO] - Elapsed 47.98
keys:  dict_keys(['epoch', 'c10h_train_loss', 'c10h_train_acc', 'c10h_val_loss', 'c10h_val_acc', 'c10h_train_c10_loss', 'c10h_train_c10_acc', 'c10h_val_c10_loss', 'c10h_val_c10_acc', 'v4_loss', 'v4_acc', 'v6_loss', 'v6_acc', 'c10_50k_loss', 'c10_50k_acc']) 
 c10h_outdir:  /tigress/ruairidh/model_results/run_1/saves/wrn_28_10/con_False_lr_0.001_seed_0
[2018/09/25 19:50:02 __main__ INFO] - Train 7
[2018/09/25 19:50:21 __main__ INFO] - TEST 7
[2018/09/25 19:51:09 __main__ INFO] - - epoch 7    c10h_train    : 0.2388 (acc: 0.9808) | c10h_val    : 0.2829 (acc: 0.9590)
[2018/09/25 19:51:09 __main__ INFO] - -            c10h_train_c10: 0.0808 (acc: 0.9807) | c10h_val_c10: 0.1232 (acc: 0.9600)
[2018/09/25 19:51:09 __main__ INFO] - -            v4            : 0.3189 (acc: 0.8971) |           v6: 0.2914 (acc: 0.9060)
[2018/09/25 19:51:09 __main__ INFO] - -            c10_50k       : 0.0308 (acc: 0.9998)
[2018/09/25 19:51:09 __main__ INFO] - Elapsed 48.11
keys:  dict_keys(['epoch', 'c10h_train_loss', 'c10h_train_acc', 'c10h_val_loss', 'c10h_val_acc', 'c10h_train_c10_loss', 'c10h_train_c10_acc', 'c10h_val_c10_loss', 'c10h_val_c10_acc', 'v4_loss', 'v4_acc', 'v6_loss', 'v6_acc', 'c10_50k_loss', 'c10_50k_acc']) 
 c10h_outdir:  /tigress/ruairidh/model_results/run_1/saves/wrn_28_10/con_False_lr_0.001_seed_0
[2018/09/25 19:51:13 __main__ INFO] - Train 8
[2018/09/25 19:51:32 __main__ INFO] - TEST 8
[2018/09/25 19:52:20 __main__ INFO] - - epoch 8    c10h_train    : 0.2349 (acc: 0.9816) | c10h_val    : 0.2819 (acc: 0.9650)
[2018/09/25 19:52:20 __main__ INFO] - -            c10h_train_c10: 0.0787 (acc: 0.9813) | c10h_val_c10: 0.1213 (acc: 0.9660)
[2018/09/25 19:52:20 __main__ INFO] - -            v4            : 0.3375 (acc: 0.8936) |           v6: 0.2950 (acc: 0.9075)
[2018/09/25 19:52:20 __main__ INFO] - -            c10_50k       : 0.0326 (acc: 0.9996)
[2018/09/25 19:52:20 __main__ INFO] - Elapsed 47.78
keys:  dict_keys(['epoch', 'c10h_train_loss', 'c10h_train_acc', 'c10h_val_loss', 'c10h_val_acc', 'c10h_train_c10_loss', 'c10h_train_c10_acc', 'c10h_val_c10_loss', 'c10h_val_c10_acc', 'v4_loss', 'v4_acc', 'v6_loss', 'v6_acc', 'c10_50k_loss', 'c10_50k_acc']) 
 c10h_outdir:  /tigress/ruairidh/model_results/run_1/saves/wrn_28_10/con_False_lr_0.001_seed_0
[2018/09/25 19:52:25 __main__ INFO] - Train 9
[2018/09/25 19:52:44 __main__ INFO] - TEST 9
[2018/09/25 19:53:33 __main__ INFO] - - epoch 9    c10h_train    : 0.2295 (acc: 0.9830) | c10h_val    : 0.2769 (acc: 0.9630)
[2018/09/25 19:53:33 __main__ INFO] - -            c10h_train_c10: 0.0755 (acc: 0.9813) | c10h_val_c10: 0.1180 (acc: 0.9640)
[2018/09/25 19:53:33 __main__ INFO] - -            v4            : 0.3171 (acc: 0.9000) |           v6: 0.2844 (acc: 0.9100)
[2018/09/25 19:53:33 __main__ INFO] - -            c10_50k       : 0.0315 (acc: 0.9997)
[2018/09/25 19:53:33 __main__ INFO] - Elapsed 48.52
keys:  dict_keys(['epoch', 'c10h_train_loss', 'c10h_train_acc', 'c10h_val_loss', 'c10h_val_acc', 'c10h_train_c10_loss', 'c10h_train_c10_acc', 'c10h_val_c10_loss', 'c10h_val_c10_acc', 'v4_loss', 'v4_acc', 'v6_loss', 'v6_acc', 'c10_50k_loss', 'c10_50k_acc']) 
 c10h_outdir:  /tigress/ruairidh/model_results/run_1/saves/wrn_28_10/con_False_lr_0.001_seed_0
[2018/09/25 19:53:35 __main__ INFO] - Train 10
[2018/09/25 19:53:54 __main__ INFO] - TEST 10
[2018/09/25 19:54:42 __main__ INFO] - - epoch 10    c10h_train    : 0.2269 (acc: 0.9844) | c10h_val    : 0.2772 (acc: 0.9640)
[2018/09/25 19:54:43 __main__ INFO] - -            c10h_train_c10: 0.0721 (acc: 0.9832) | c10h_val_c10: 0.1189 (acc: 0.9650)
[2018/09/25 19:54:43 __main__ INFO] - -            v4            : 0.3277 (acc: 0.8926) |           v6: 0.2920 (acc: 0.9075)
[2018/09/25 19:54:43 __main__ INFO] - -            c10_50k       : 0.0320 (acc: 0.9998)
[2018/09/25 19:54:43 __main__ INFO] - Elapsed 48.21
keys:  dict_keys(['epoch', 'c10h_train_loss', 'c10h_train_acc', 'c10h_val_loss', 'c10h_val_acc', 'c10h_train_c10_loss', 'c10h_train_c10_acc', 'c10h_val_c10_loss', 'c10h_val_c10_acc', 'v4_loss', 'v4_acc', 'v6_loss', 'v6_acc', 'c10_50k_loss', 'c10_50k_acc']) 
 c10h_outdir:  /tigress/ruairidh/model_results/run_1/saves/wrn_28_10/con_False_lr_0.001_seed_0
[2018/09/25 19:54:44 __main__ INFO] - Train 11
[2018/09/25 19:55:03 __main__ INFO] - TEST 11
[2018/09/25 19:55:51 __main__ INFO] - - epoch 11    c10h_train    : 0.2257 (acc: 0.9848) | c10h_val    : 0.2762 (acc: 0.9640)
[2018/09/25 19:55:51 __main__ INFO] - -            c10h_train_c10: 0.0709 (acc: 0.9826) | c10h_val_c10: 0.1173 (acc: 0.9650)
[2018/09/25 19:55:51 __main__ INFO] - -            v4            : 0.3245 (acc: 0.8916) |           v6: 0.2937 (acc: 0.9060)
[2018/09/25 19:55:51 __main__ INFO] - -            c10_50k       : 0.0316 (acc: 0.9996)
[2018/09/25 19:55:51 __main__ INFO] - Elapsed 48.28
keys:  dict_keys(['epoch', 'c10h_train_loss', 'c10h_train_acc', 'c10h_val_loss', 'c10h_val_acc', 'c10h_train_c10_loss', 'c10h_train_c10_acc', 'c10h_val_c10_loss', 'c10h_val_c10_acc', 'v4_loss', 'v4_acc', 'v6_loss', 'v6_acc', 'c10_50k_loss', 'c10_50k_acc']) 
 c10h_outdir:  /tigress/ruairidh/model_results/run_1/saves/wrn_28_10/con_False_lr_0.001_seed_0
[2018/09/25 19:55:52 __main__ INFO] - Train 12
[2018/09/25 19:56:11 __main__ INFO] - TEST 12
[2018/09/25 19:56:59 __main__ INFO] - - epoch 12    c10h_train    : 0.2232 (acc: 0.9861) | c10h_val    : 0.2760 (acc: 0.9680)
[2018/09/25 19:57:00 __main__ INFO] - -            c10h_train_c10: 0.0687 (acc: 0.9838) | c10h_val_c10: 0.1174 (acc: 0.9690)
[2018/09/25 19:57:00 __main__ INFO] - -            v4            : 0.3386 (acc: 0.8892) |           v6: 0.2941 (acc: 0.9060)
[2018/09/25 19:57:00 __main__ INFO] - -            c10_50k       : 0.0315 (acc: 0.9996)
[2018/09/25 19:57:00 __main__ INFO] - Elapsed 48.09
keys:  dict_keys(['epoch', 'c10h_train_loss', 'c10h_train_acc', 'c10h_val_loss', 'c10h_val_acc', 'c10h_train_c10_loss', 'c10h_train_c10_acc', 'c10h_val_c10_loss', 'c10h_val_c10_acc', 'v4_loss', 'v4_acc', 'v6_loss', 'v6_acc', 'c10_50k_loss', 'c10_50k_acc']) 
 c10h_outdir:  /tigress/ruairidh/model_results/run_1/saves/wrn_28_10/con_False_lr_0.001_seed_0
[2018/09/25 19:57:03 __main__ INFO] - Train 13
[2018/09/25 19:57:23 __main__ INFO] - TEST 13
[2018/09/25 19:58:11 __main__ INFO] - - epoch 13    c10h_train    : 0.2219 (acc: 0.9869) | c10h_val    : 0.2773 (acc: 0.9640)
[2018/09/25 19:58:11 __main__ INFO] - -            c10h_train_c10: 0.0654 (acc: 0.9847) | c10h_val_c10: 0.1194 (acc: 0.9650)
[2018/09/25 19:58:11 __main__ INFO] - -            v4            : 0.3439 (acc: 0.8887) |           v6: 0.2916 (acc: 0.9085)
[2018/09/25 19:58:11 __main__ INFO] - -            c10_50k       : 0.0301 (acc: 0.9998)
[2018/09/25 19:58:11 __main__ INFO] - Elapsed 48.32
keys:  dict_keys(['epoch', 'c10h_train_loss', 'c10h_train_acc', 'c10h_val_loss', 'c10h_val_acc', 'c10h_train_c10_loss', 'c10h_train_c10_acc', 'c10h_val_c10_loss', 'c10h_val_c10_acc', 'v4_loss', 'v4_acc', 'v6_loss', 'v6_acc', 'c10_50k_loss', 'c10_50k_acc']) 
 c10h_outdir:  /tigress/ruairidh/model_results/run_1/saves/wrn_28_10/con_False_lr_0.001_seed_0
[2018/09/25 19:58:14 __main__ INFO] - Train 14
[2018/09/25 19:58:34 __main__ INFO] - TEST 14
[2018/09/25 19:59:22 __main__ INFO] - - epoch 14    c10h_train    : 0.2207 (acc: 0.9867) | c10h_val    : 0.2780 (acc: 0.9580)
[2018/09/25 19:59:22 __main__ INFO] - -            c10h_train_c10: 0.0693 (acc: 0.9843) | c10h_val_c10: 0.1246 (acc: 0.9590)
[2018/09/25 19:59:22 __main__ INFO] - -            v4            : 0.3244 (acc: 0.8986) |           v6: 0.2968 (acc: 0.9070)
[2018/09/25 19:59:22 __main__ INFO] - -            c10_50k       : 0.0333 (acc: 0.9995)
[2018/09/25 19:59:22 __main__ INFO] - Elapsed 48.31
keys:  dict_keys(['epoch', 'c10h_train_loss', 'c10h_train_acc', 'c10h_val_loss', 'c10h_val_acc', 'c10h_train_c10_loss', 'c10h_train_c10_acc', 'c10h_val_c10_loss', 'c10h_val_c10_acc', 'v4_loss', 'v4_acc', 'v6_loss', 'v6_acc', 'c10_50k_loss', 'c10_50k_acc']) 
 c10h_outdir:  /tigress/ruairidh/model_results/run_1/saves/wrn_28_10/con_False_lr_0.001_seed_0
[2018/09/25 19:59:24 __main__ INFO] - Train 15
[2018/09/25 19:59:43 __main__ INFO] - TEST 15
[2018/09/25 20:00:31 __main__ INFO] - - epoch 15    c10h_train    : 0.2191 (acc: 0.9868) | c10h_val    : 0.2759 (acc: 0.9670)
[2018/09/25 20:00:32 __main__ INFO] - -            c10h_train_c10: 0.0673 (acc: 0.9844) | c10h_val_c10: 0.1195 (acc: 0.9680)
[2018/09/25 20:00:32 __main__ INFO] - -            v4            : 0.3239 (acc: 0.8981) |           v6: 0.2906 (acc: 0.9050)
[2018/09/25 20:00:32 __main__ INFO] - -            c10_50k       : 0.0325 (acc: 0.9994)
[2018/09/25 20:00:32 __main__ INFO] - Elapsed 48.29
keys:  dict_keys(['epoch', 'c10h_train_loss', 'c10h_train_acc', 'c10h_val_loss', 'c10h_val_acc', 'c10h_train_c10_loss', 'c10h_train_c10_acc', 'c10h_val_c10_loss', 'c10h_val_c10_acc', 'v4_loss', 'v4_acc', 'v6_loss', 'v6_acc', 'c10_50k_loss', 'c10_50k_acc']) 
 c10h_outdir:  /tigress/ruairidh/model_results/run_1/saves/wrn_28_10/con_False_lr_0.001_seed_0
[2018/09/25 20:00:33 __main__ INFO] - Train 16
[2018/09/25 20:00:53 __main__ INFO] - TEST 16
[2018/09/25 20:01:41 __main__ INFO] - - epoch 16    c10h_train    : 0.2180 (acc: 0.9866) | c10h_val    : 0.2744 (acc: 0.9660)
[2018/09/25 20:01:41 __main__ INFO] - -            c10h_train_c10: 0.0664 (acc: 0.9847) | c10h_val_c10: 0.1180 (acc: 0.9670)
[2018/09/25 20:01:41 __main__ INFO] - -            v4            : 0.3312 (acc: 0.8872) |           v6: 0.2928 (acc: 0.9100)
[2018/09/25 20:01:41 __main__ INFO] - -            c10_50k       : 0.0324 (acc: 0.9995)
[2018/09/25 20:01:41 __main__ INFO] - Elapsed 48.23
keys:  dict_keys(['epoch', 'c10h_train_loss', 'c10h_train_acc', 'c10h_val_loss', 'c10h_val_acc', 'c10h_train_c10_loss', 'c10h_train_c10_acc', 'c10h_val_c10_loss', 'c10h_val_c10_acc', 'v4_loss', 'v4_acc', 'v6_loss', 'v6_acc', 'c10_50k_loss', 'c10_50k_acc']) 
 c10h_outdir:  /tigress/ruairidh/model_results/run_1/saves/wrn_28_10/con_False_lr_0.001_seed_0
[2018/09/25 20:01:43 __main__ INFO] - Train 17
[2018/09/25 20:02:02 __main__ INFO] - TEST 17
[2018/09/25 20:02:50 __main__ INFO] - - epoch 17    c10h_train    : 0.2160 (acc: 0.9879) | c10h_val    : 0.2754 (acc: 0.9660)
[2018/09/25 20:02:50 __main__ INFO] - -            c10h_train_c10: 0.0652 (acc: 0.9861) | c10h_val_c10: 0.1211 (acc: 0.9670)
[2018/09/25 20:02:50 __main__ INFO] - -            v4            : 0.3269 (acc: 0.8916) |           v6: 0.2988 (acc: 0.9060)
[2018/09/25 20:02:50 __main__ INFO] - -            c10_50k       : 0.0333 (acc: 0.9993)
[2018/09/25 20:02:50 __main__ INFO] - Elapsed 48.31
keys:  dict_keys(['epoch', 'c10h_train_loss', 'c10h_train_acc', 'c10h_val_loss', 'c10h_val_acc', 'c10h_train_c10_loss', 'c10h_train_c10_acc', 'c10h_val_c10_loss', 'c10h_val_c10_acc', 'v4_loss', 'v4_acc', 'v6_loss', 'v6_acc', 'c10_50k_loss', 'c10_50k_acc']) 
 c10h_outdir:  /tigress/ruairidh/model_results/run_1/saves/wrn_28_10/con_False_lr_0.001_seed_0
[2018/09/25 20:02:52 __main__ INFO] - Train 18
[2018/09/25 20:03:11 __main__ INFO] - TEST 18
[2018/09/25 20:03:59 __main__ INFO] - - epoch 18    c10h_train    : 0.2152 (acc: 0.9876) | c10h_val    : 0.2752 (acc: 0.9660)
[2018/09/25 20:03:59 __main__ INFO] - -            c10h_train_c10: 0.0642 (acc: 0.9853) | c10h_val_c10: 0.1202 (acc: 0.9670)
[2018/09/25 20:03:59 __main__ INFO] - -            v4            : 0.3230 (acc: 0.8936) |           v6: 0.2945 (acc: 0.9090)
[2018/09/25 20:03:59 __main__ INFO] - -            c10_50k       : 0.0329 (acc: 0.9994)
[2018/09/25 20:03:59 __main__ INFO] - Elapsed 47.83
keys:  dict_keys(['epoch', 'c10h_train_loss', 'c10h_train_acc', 'c10h_val_loss', 'c10h_val_acc', 'c10h_train_c10_loss', 'c10h_train_c10_acc', 'c10h_val_c10_loss', 'c10h_val_c10_acc', 'v4_loss', 'v4_acc', 'v6_loss', 'v6_acc', 'c10_50k_loss', 'c10_50k_acc']) 
 c10h_outdir:  /tigress/ruairidh/model_results/run_1/saves/wrn_28_10/con_False_lr_0.001_seed_0
[2018/09/25 20:04:01 __main__ INFO] - Train 19
[2018/09/25 20:04:21 __main__ INFO] - TEST 19
[2018/09/25 20:05:09 __main__ INFO] - - epoch 19    c10h_train    : 0.2146 (acc: 0.9878) | c10h_val    : 0.2832 (acc: 0.9630)
[2018/09/25 20:05:09 __main__ INFO] - -            c10h_train_c10: 0.0628 (acc: 0.9863) | c10h_val_c10: 0.1278 (acc: 0.9640)
[2018/09/25 20:05:09 __main__ INFO] - -            v4            : 0.3382 (acc: 0.8926) |           v6: 0.2978 (acc: 0.9030)
[2018/09/25 20:05:09 __main__ INFO] - -            c10_50k       : 0.0327 (acc: 0.9994)
[2018/09/25 20:05:09 __main__ INFO] - Elapsed 48.45
keys:  dict_keys(['epoch', 'c10h_train_loss', 'c10h_train_acc', 'c10h_val_loss', 'c10h_val_acc', 'c10h_train_c10_loss', 'c10h_train_c10_acc', 'c10h_val_c10_loss', 'c10h_val_c10_acc', 'v4_loss', 'v4_acc', 'v6_loss', 'v6_acc', 'c10_50k_loss', 'c10_50k_acc']) 
 c10h_outdir:  /tigress/ruairidh/model_results/run_1/saves/wrn_28_10/con_False_lr_0.001_seed_0
[2018/09/25 20:05:10 __main__ INFO] - Train 20
[2018/09/25 20:05:30 __main__ INFO] - TEST 20
[2018/09/25 20:06:18 __main__ INFO] - - epoch 20    c10h_train    : 0.2137 (acc: 0.9883) | c10h_val    : 0.2770 (acc: 0.9620)
[2018/09/25 20:06:18 __main__ INFO] - -            c10h_train_c10: 0.0621 (acc: 0.9861) | c10h_val_c10: 0.1215 (acc: 0.9630)
[2018/09/25 20:06:18 __main__ INFO] - -            v4            : 0.3287 (acc: 0.8971) |           v6: 0.2958 (acc: 0.9060)
[2018/09/25 20:06:18 __main__ INFO] - -            c10_50k       : 0.0326 (acc: 0.9993)
[2018/09/25 20:06:18 __main__ INFO] - Elapsed 48.04
keys:  dict_keys(['epoch', 'c10h_train_loss', 'c10h_train_acc', 'c10h_val_loss', 'c10h_val_acc', 'c10h_train_c10_loss', 'c10h_train_c10_acc', 'c10h_val_c10_loss', 'c10h_val_c10_acc', 'v4_loss', 'v4_acc', 'v6_loss', 'v6_acc', 'c10_50k_loss', 'c10_50k_acc']) 
 c10h_outdir:  /tigress/ruairidh/model_results/run_1/saves/wrn_28_10/con_False_lr_0.001_seed_0
[2018/09/25 20:06:20 __main__ INFO] - Train 21
[2018/09/25 20:06:40 __main__ INFO] - TEST 21
[2018/09/25 20:07:28 __main__ INFO] - - epoch 21    c10h_train    : 0.2138 (acc: 0.9888) | c10h_val    : 0.2788 (acc: 0.9640)
[2018/09/25 20:07:28 __main__ INFO] - -            c10h_train_c10: 0.0627 (acc: 0.9861) | c10h_val_c10: 0.1229 (acc: 0.9650)
[2018/09/25 20:07:28 __main__ INFO] - -            v4            : 0.3420 (acc: 0.8916) |           v6: 0.2973 (acc: 0.9055)
[2018/09/25 20:07:28 __main__ INFO] - -            c10_50k       : 0.0326 (acc: 0.9993)
[2018/09/25 20:07:28 __main__ INFO] - Elapsed 48.25
keys:  dict_keys(['epoch', 'c10h_train_loss', 'c10h_train_acc', 'c10h_val_loss', 'c10h_val_acc', 'c10h_train_c10_loss', 'c10h_train_c10_acc', 'c10h_val_c10_loss', 'c10h_val_c10_acc', 'v4_loss', 'v4_acc', 'v6_loss', 'v6_acc', 'c10_50k_loss', 'c10_50k_acc']) 
 c10h_outdir:  /tigress/ruairidh/model_results/run_1/saves/wrn_28_10/con_False_lr_0.001_seed_0
[2018/09/25 20:07:30 __main__ INFO] - Train 22
[2018/09/25 20:07:50 __main__ INFO] - TEST 22
[2018/09/25 20:08:38 __main__ INFO] - - epoch 22    c10h_train    : 0.2128 (acc: 0.9884) | c10h_val    : 0.2791 (acc: 0.9610)
[2018/09/25 20:08:38 __main__ INFO] - -            c10h_train_c10: 0.0646 (acc: 0.9861) | c10h_val_c10: 0.1271 (acc: 0.9620)
[2018/09/25 20:08:38 __main__ INFO] - -            v4            : 0.3369 (acc: 0.8971) |           v6: 0.3019 (acc: 0.9050)
[2018/09/25 20:08:38 __main__ INFO] - -            c10_50k       : 0.0333 (acc: 0.9994)
[2018/09/25 20:08:38 __main__ INFO] - Elapsed 48.33
keys:  dict_keys(['epoch', 'c10h_train_loss', 'c10h_train_acc', 'c10h_val_loss', 'c10h_val_acc', 'c10h_train_c10_loss', 'c10h_train_c10_acc', 'c10h_val_c10_loss', 'c10h_val_c10_acc', 'v4_loss', 'v4_acc', 'v6_loss', 'v6_acc', 'c10_50k_loss', 'c10_50k_acc']) 
 c10h_outdir:  /tigress/ruairidh/model_results/run_1/saves/wrn_28_10/con_False_lr_0.001_seed_0
[2018/09/25 20:08:39 __main__ INFO] - Train 23
[2018/09/25 20:08:58 __main__ INFO] - TEST 23
[2018/09/25 20:09:46 __main__ INFO] - - epoch 23    c10h_train    : 0.2114 (acc: 0.9882) | c10h_val    : 0.2792 (acc: 0.9680)
[2018/09/25 20:09:46 __main__ INFO] - -            c10h_train_c10: 0.0618 (acc: 0.9866) | c10h_val_c10: 0.1259 (acc: 0.9690)
[2018/09/25 20:09:46 __main__ INFO] - -            v4            : 0.3287 (acc: 0.8996) |           v6: 0.2974 (acc: 0.9040)
[2018/09/25 20:09:46 __main__ INFO] - -            c10_50k       : 0.0335 (acc: 0.9993)
[2018/09/25 20:09:46 __main__ INFO] - Elapsed 48.02
keys:  dict_keys(['epoch', 'c10h_train_loss', 'c10h_train_acc', 'c10h_val_loss', 'c10h_val_acc', 'c10h_train_c10_loss', 'c10h_train_c10_acc', 'c10h_val_c10_loss', 'c10h_val_c10_acc', 'v4_loss', 'v4_acc', 'v6_loss', 'v6_acc', 'c10_50k_loss', 'c10_50k_acc']) 
 c10h_outdir:  /tigress/ruairidh/model_results/run_1/saves/wrn_28_10/con_False_lr_0.001_seed_0
[2018/09/25 20:09:47 __main__ INFO] - Train 24
[2018/09/25 20:10:06 __main__ INFO] - TEST 24
[2018/09/25 20:10:54 __main__ INFO] - - epoch 24    c10h_train    : 0.2112 (acc: 0.9883) | c10h_val    : 0.2778 (acc: 0.9650)
[2018/09/25 20:10:54 __main__ INFO] - -            c10h_train_c10: 0.0617 (acc: 0.9866) | c10h_val_c10: 0.1247 (acc: 0.9660)
[2018/09/25 20:10:54 __main__ INFO] - -            v4            : 0.3266 (acc: 0.8921) |           v6: 0.2921 (acc: 0.9115)
[2018/09/25 20:10:54 __main__ INFO] - -            c10_50k       : 0.0331 (acc: 0.9992)
[2018/09/25 20:10:54 __main__ INFO] - Elapsed 47.99
keys:  dict_keys(['epoch', 'c10h_train_loss', 'c10h_train_acc', 'c10h_val_loss', 'c10h_val_acc', 'c10h_train_c10_loss', 'c10h_train_c10_acc', 'c10h_val_c10_loss', 'c10h_val_c10_acc', 'v4_loss', 'v4_acc', 'v6_loss', 'v6_acc', 'c10_50k_loss', 'c10_50k_acc']) 
 c10h_outdir:  /tigress/ruairidh/model_results/run_1/saves/wrn_28_10/con_False_lr_0.001_seed_0
[2018/09/25 20:10:56 __main__ INFO] - Train 25
[2018/09/25 20:11:15 __main__ INFO] - TEST 25
[2018/09/25 20:12:03 __main__ INFO] - - epoch 25    c10h_train    : 0.2094 (acc: 0.9878) | c10h_val    : 0.2777 (acc: 0.9660)
[2018/09/25 20:12:03 __main__ INFO] - -            c10h_train_c10: 0.0625 (acc: 0.9859) | c10h_val_c10: 0.1270 (acc: 0.9670)
[2018/09/25 20:12:03 __main__ INFO] - -            v4            : 0.3323 (acc: 0.8951) |           v6: 0.2951 (acc: 0.9100)
[2018/09/25 20:12:03 __main__ INFO] - -            c10_50k       : 0.0336 (acc: 0.9993)
[2018/09/25 20:12:03 __main__ INFO] - Elapsed 48.02
keys:  dict_keys(['epoch', 'c10h_train_loss', 'c10h_train_acc', 'c10h_val_loss', 'c10h_val_acc', 'c10h_train_c10_loss', 'c10h_train_c10_acc', 'c10h_val_c10_loss', 'c10h_val_c10_acc', 'v4_loss', 'v4_acc', 'v6_loss', 'v6_acc', 'c10_50k_loss', 'c10_50k_acc']) 
 c10h_outdir:  /tigress/ruairidh/model_results/run_1/saves/wrn_28_10/con_False_lr_0.001_seed_0
[2018/09/25 20:12:04 __main__ INFO] - Train 26
[2018/09/25 20:12:23 __main__ INFO] - TEST 26
[2018/09/25 20:13:11 __main__ INFO] - - epoch 26    c10h_train    : 0.2093 (acc: 0.9890) | c10h_val    : 0.2774 (acc: 0.9670)
[2018/09/25 20:13:11 __main__ INFO] - -            c10h_train_c10: 0.0613 (acc: 0.9860) | c10h_val_c10: 0.1255 (acc: 0.9680)
[2018/09/25 20:13:11 __main__ INFO] - -            v4            : 0.3040 (acc: 0.9035) |           v6: 0.2898 (acc: 0.9100)
[2018/09/25 20:13:11 __main__ INFO] - -            c10_50k       : 0.0325 (acc: 0.9993)
[2018/09/25 20:13:11 __main__ INFO] - Elapsed 47.82
keys:  dict_keys(['epoch', 'c10h_train_loss', 'c10h_train_acc', 'c10h_val_loss', 'c10h_val_acc', 'c10h_train_c10_loss', 'c10h_train_c10_acc', 'c10h_val_c10_loss', 'c10h_val_c10_acc', 'v4_loss', 'v4_acc', 'v6_loss', 'v6_acc', 'c10_50k_loss', 'c10_50k_acc']) 
 c10h_outdir:  /tigress/ruairidh/model_results/run_1/saves/wrn_28_10/con_False_lr_0.001_seed_0
[2018/09/25 20:13:13 __main__ INFO] - Train 27
[2018/09/25 20:13:33 __main__ INFO] - TEST 27
[2018/09/25 20:14:21 __main__ INFO] - - epoch 27    c10h_train    : 0.2088 (acc: 0.9879) | c10h_val    : 0.2764 (acc: 0.9650)
[2018/09/25 20:14:21 __main__ INFO] - -            c10h_train_c10: 0.0624 (acc: 0.9862) | c10h_val_c10: 0.1263 (acc: 0.9660)
[2018/09/25 20:14:21 __main__ INFO] - -            v4            : 0.3387 (acc: 0.8882) |           v6: 0.2977 (acc: 0.9070)
[2018/09/25 20:14:21 __main__ INFO] - -            c10_50k       : 0.0341 (acc: 0.9992)
[2018/09/25 20:14:21 __main__ INFO] - Elapsed 48.30
keys:  dict_keys(['epoch', 'c10h_train_loss', 'c10h_train_acc', 'c10h_val_loss', 'c10h_val_acc', 'c10h_train_c10_loss', 'c10h_train_c10_acc', 'c10h_val_c10_loss', 'c10h_val_c10_acc', 'v4_loss', 'v4_acc', 'v6_loss', 'v6_acc', 'c10_50k_loss', 'c10_50k_acc']) 
 c10h_outdir:  /tigress/ruairidh/model_results/run_1/saves/wrn_28_10/con_False_lr_0.001_seed_0
[2018/09/25 20:14:24 __main__ INFO] - Train 28
[2018/09/25 20:14:43 __main__ INFO] - TEST 28
[2018/09/25 20:15:31 __main__ INFO] - - epoch 28    c10h_train    : 0.2095 (acc: 0.9889) | c10h_val    : 0.2767 (acc: 0.9670)
[2018/09/25 20:15:31 __main__ INFO] - -            c10h_train_c10: 0.0585 (acc: 0.9859) | c10h_val_c10: 0.1234 (acc: 0.9680)
[2018/09/25 20:15:31 __main__ INFO] - -            v4            : 0.3229 (acc: 0.8996) |           v6: 0.2871 (acc: 0.9080)
[2018/09/25 20:15:31 __main__ INFO] - -            c10_50k       : 0.0317 (acc: 0.9994)
[2018/09/25 20:15:31 __main__ INFO] - Elapsed 47.81
keys:  dict_keys(['epoch', 'c10h_train_loss', 'c10h_train_acc', 'c10h_val_loss', 'c10h_val_acc', 'c10h_train_c10_loss', 'c10h_train_c10_acc', 'c10h_val_c10_loss', 'c10h_val_c10_acc', 'v4_loss', 'v4_acc', 'v6_loss', 'v6_acc', 'c10_50k_loss', 'c10_50k_acc']) 
 c10h_outdir:  /tigress/ruairidh/model_results/run_1/saves/wrn_28_10/con_False_lr_0.001_seed_0
[2018/09/25 20:15:32 __main__ INFO] - Train 29
[2018/09/25 20:15:51 __main__ INFO] - TEST 29
[2018/09/25 20:16:40 __main__ INFO] - - epoch 29    c10h_train    : 0.2083 (acc: 0.9888) | c10h_val    : 0.2792 (acc: 0.9650)
[2018/09/25 20:16:40 __main__ INFO] - -            c10h_train_c10: 0.0608 (acc: 0.9863) | c10h_val_c10: 0.1278 (acc: 0.9660)
[2018/09/25 20:16:40 __main__ INFO] - -            v4            : 0.3278 (acc: 0.8941) |           v6: 0.2928 (acc: 0.9080)
[2018/09/25 20:16:40 __main__ INFO] - -            c10_50k       : 0.0325 (acc: 0.9994)
[2018/09/25 20:16:40 __main__ INFO] - Elapsed 48.21
keys:  dict_keys(['epoch', 'c10h_train_loss', 'c10h_train_acc', 'c10h_val_loss', 'c10h_val_acc', 'c10h_train_c10_loss', 'c10h_train_c10_acc', 'c10h_val_c10_loss', 'c10h_val_c10_acc', 'v4_loss', 'v4_acc', 'v6_loss', 'v6_acc', 'c10_50k_loss', 'c10_50k_acc']) 
 c10h_outdir:  /tigress/ruairidh/model_results/run_1/saves/wrn_28_10/con_False_lr_0.001_seed_0
[2018/09/25 20:16:40 __main__ INFO] - Train 30
[2018/09/25 20:17:00 __main__ INFO] - TEST 30
[2018/09/25 20:17:48 __main__ INFO] - - epoch 30    c10h_train    : 0.2070 (acc: 0.9892) | c10h_val    : 0.2757 (acc: 0.9670)
[2018/09/25 20:17:48 __main__ INFO] - -            c10h_train_c10: 0.0619 (acc: 0.9867) | c10h_val_c10: 0.1247 (acc: 0.9680)
[2018/09/25 20:17:48 __main__ INFO] - -            v4            : 0.3337 (acc: 0.8906) |           v6: 0.2966 (acc: 0.9085)
[2018/09/25 20:17:48 __main__ INFO] - -            c10_50k       : 0.0343 (acc: 0.9991)
[2018/09/25 20:17:48 __main__ INFO] - Elapsed 48.16
keys:  dict_keys(['epoch', 'c10h_train_loss', 'c10h_train_acc', 'c10h_val_loss', 'c10h_val_acc', 'c10h_train_c10_loss', 'c10h_train_c10_acc', 'c10h_val_c10_loss', 'c10h_val_c10_acc', 'v4_loss', 'v4_acc', 'v6_loss', 'v6_acc', 'c10_50k_loss', 'c10_50k_acc']) 
 c10h_outdir:  /tigress/ruairidh/model_results/run_1/saves/wrn_28_10/con_False_lr_0.001_seed_0
[2018/09/25 20:17:49 __main__ INFO] - Train 31
[2018/09/25 20:18:08 __main__ INFO] - TEST 31
[2018/09/25 20:18:57 __main__ INFO] - - epoch 31    c10h_train    : 0.2075 (acc: 0.9880) | c10h_val    : 0.2749 (acc: 0.9690)
[2018/09/25 20:18:57 __main__ INFO] - -            c10h_train_c10: 0.0630 (acc: 0.9846) | c10h_val_c10: 0.1222 (acc: 0.9700)
[2018/09/25 20:18:57 __main__ INFO] - -            v4            : 0.3236 (acc: 0.8966) |           v6: 0.2893 (acc: 0.9110)
[2018/09/25 20:18:57 __main__ INFO] - -            c10_50k       : 0.0327 (acc: 0.9991)
[2018/09/25 20:18:57 __main__ INFO] - Elapsed 48.47
keys:  dict_keys(['epoch', 'c10h_train_loss', 'c10h_train_acc', 'c10h_val_loss', 'c10h_val_acc', 'c10h_train_c10_loss', 'c10h_train_c10_acc', 'c10h_val_c10_loss', 'c10h_val_c10_acc', 'v4_loss', 'v4_acc', 'v6_loss', 'v6_acc', 'c10_50k_loss', 'c10_50k_acc']) 
 c10h_outdir:  /tigress/ruairidh/model_results/run_1/saves/wrn_28_10/con_False_lr_0.001_seed_0
[2018/09/25 20:19:00 __main__ INFO] - Train 32
[2018/09/25 20:19:20 __main__ INFO] - TEST 32
[2018/09/25 20:20:08 __main__ INFO] - - epoch 32    c10h_train    : 0.2055 (acc: 0.9899) | c10h_val    : 0.2754 (acc: 0.9670)
[2018/09/25 20:20:08 __main__ INFO] - -            c10h_train_c10: 0.0597 (acc: 0.9874) | c10h_val_c10: 0.1240 (acc: 0.9680)
[2018/09/25 20:20:08 __main__ INFO] - -            v4            : 0.3329 (acc: 0.8902) |           v6: 0.2909 (acc: 0.9105)
[2018/09/25 20:20:08 __main__ INFO] - -            c10_50k       : 0.0333 (acc: 0.9991)
[2018/09/25 20:20:08 __main__ INFO] - Elapsed 48.01
keys:  dict_keys(['epoch', 'c10h_train_loss', 'c10h_train_acc', 'c10h_val_loss', 'c10h_val_acc', 'c10h_train_c10_loss', 'c10h_train_c10_acc', 'c10h_val_c10_loss', 'c10h_val_c10_acc', 'v4_loss', 'v4_acc', 'v6_loss', 'v6_acc', 'c10_50k_loss', 'c10_50k_acc']) 
 c10h_outdir:  /tigress/ruairidh/model_results/run_1/saves/wrn_28_10/con_False_lr_0.001_seed_0
[2018/09/25 20:20:09 __main__ INFO] - Train 33
[2018/09/25 20:20:29 __main__ INFO] - TEST 33
[2018/09/25 20:21:17 __main__ INFO] - - epoch 33    c10h_train    : 0.2060 (acc: 0.9892) | c10h_val    : 0.2758 (acc: 0.9650)
[2018/09/25 20:21:17 __main__ INFO] - -            c10h_train_c10: 0.0632 (acc: 0.9850) | c10h_val_c10: 0.1253 (acc: 0.9660)
[2018/09/25 20:21:17 __main__ INFO] - -            v4            : 0.3330 (acc: 0.8971) |           v6: 0.3004 (acc: 0.9090)
[2018/09/25 20:21:17 __main__ INFO] - -            c10_50k       : 0.0342 (acc: 0.9988)
[2018/09/25 20:21:17 __main__ INFO] - Elapsed 48.30
keys:  dict_keys(['epoch', 'c10h_train_loss', 'c10h_train_acc', 'c10h_val_loss', 'c10h_val_acc', 'c10h_train_c10_loss', 'c10h_train_c10_acc', 'c10h_val_c10_loss', 'c10h_val_c10_acc', 'v4_loss', 'v4_acc', 'v6_loss', 'v6_acc', 'c10_50k_loss', 'c10_50k_acc']) 
 c10h_outdir:  /tigress/ruairidh/model_results/run_1/saves/wrn_28_10/con_False_lr_0.001_seed_0
[2018/09/25 20:21:18 __main__ INFO] - Train 34
[2018/09/25 20:21:37 __main__ INFO] - TEST 34
[2018/09/25 20:22:26 __main__ INFO] - - epoch 34    c10h_train    : 0.2053 (acc: 0.9886) | c10h_val    : 0.2734 (acc: 0.9650)
[2018/09/25 20:22:26 __main__ INFO] - -            c10h_train_c10: 0.0615 (acc: 0.9851) | c10h_val_c10: 0.1222 (acc: 0.9660)
[2018/09/25 20:22:26 __main__ INFO] - -            v4            : 0.3279 (acc: 0.8946) |           v6: 0.2987 (acc: 0.9090)
[2018/09/25 20:22:26 __main__ INFO] - -            c10_50k       : 0.0342 (acc: 0.9991)
[2018/09/25 20:22:26 __main__ INFO] - Elapsed 48.20
keys:  dict_keys(['epoch', 'c10h_train_loss', 'c10h_train_acc', 'c10h_val_loss', 'c10h_val_acc', 'c10h_train_c10_loss', 'c10h_train_c10_acc', 'c10h_val_c10_loss', 'c10h_val_c10_acc', 'v4_loss', 'v4_acc', 'v6_loss', 'v6_acc', 'c10_50k_loss', 'c10_50k_acc']) 
 c10h_outdir:  /tigress/ruairidh/model_results/run_1/saves/wrn_28_10/con_False_lr_0.001_seed_0
[2018/09/25 20:22:26 __main__ INFO] - Train 35
[2018/09/25 20:22:46 __main__ INFO] - TEST 35
[2018/09/25 20:23:34 __main__ INFO] - - epoch 35    c10h_train    : 0.2052 (acc: 0.9902) | c10h_val    : 0.2767 (acc: 0.9650)
[2018/09/25 20:23:34 __main__ INFO] - -            c10h_train_c10: 0.0609 (acc: 0.9863) | c10h_val_c10: 0.1261 (acc: 0.9660)
[2018/09/25 20:23:34 __main__ INFO] - -            v4            : 0.3362 (acc: 0.8892) |           v6: 0.2980 (acc: 0.9050)
[2018/09/25 20:23:34 __main__ INFO] - -            c10_50k       : 0.0346 (acc: 0.9990)
[2018/09/25 20:23:34 __main__ INFO] - Elapsed 47.96
keys:  dict_keys(['epoch', 'c10h_train_loss', 'c10h_train_acc', 'c10h_val_loss', 'c10h_val_acc', 'c10h_train_c10_loss', 'c10h_train_c10_acc', 'c10h_val_c10_loss', 'c10h_val_c10_acc', 'v4_loss', 'v4_acc', 'v6_loss', 'v6_acc', 'c10_50k_loss', 'c10_50k_acc']) 
 c10h_outdir:  /tigress/ruairidh/model_results/run_1/saves/wrn_28_10/con_False_lr_0.001_seed_0
[2018/09/25 20:23:34 __main__ INFO] - Train 36
[2018/09/25 20:23:54 __main__ INFO] - TEST 36
[2018/09/25 20:24:42 __main__ INFO] - - epoch 36    c10h_train    : 0.2045 (acc: 0.9904) | c10h_val    : 0.2758 (acc: 0.9640)
[2018/09/25 20:24:42 __main__ INFO] - -            c10h_train_c10: 0.0607 (acc: 0.9861) | c10h_val_c10: 0.1230 (acc: 0.9650)
[2018/09/25 20:24:42 __main__ INFO] - -            v4            : 0.3312 (acc: 0.8897) |           v6: 0.2934 (acc: 0.9070)
[2018/09/25 20:24:42 __main__ INFO] - -            c10_50k       : 0.0333 (acc: 0.9992)
[2018/09/25 20:24:42 __main__ INFO] - Elapsed 48.17
keys:  dict_keys(['epoch', 'c10h_train_loss', 'c10h_train_acc', 'c10h_val_loss', 'c10h_val_acc', 'c10h_train_c10_loss', 'c10h_train_c10_acc', 'c10h_val_c10_loss', 'c10h_val_c10_acc', 'v4_loss', 'v4_acc', 'v6_loss', 'v6_acc', 'c10_50k_loss', 'c10_50k_acc']) 
 c10h_outdir:  /tigress/ruairidh/model_results/run_1/saves/wrn_28_10/con_False_lr_0.001_seed_0
[2018/09/25 20:24:45 __main__ INFO] - Train 37
[2018/09/25 20:25:04 __main__ INFO] - TEST 37
[2018/09/25 20:25:52 __main__ INFO] - - epoch 37    c10h_train    : 0.2052 (acc: 0.9891) | c10h_val    : 0.2787 (acc: 0.9680)
[2018/09/25 20:25:52 __main__ INFO] - -            c10h_train_c10: 0.0593 (acc: 0.9860) | c10h_val_c10: 0.1260 (acc: 0.9690)
[2018/09/25 20:25:52 __main__ INFO] - -            v4            : 0.3485 (acc: 0.8872) |           v6: 0.2976 (acc: 0.9040)
[2018/09/25 20:25:52 __main__ INFO] - -            c10_50k       : 0.0327 (acc: 0.9990)
[2018/09/25 20:25:52 __main__ INFO] - Elapsed 48.15
keys:  dict_keys(['epoch', 'c10h_train_loss', 'c10h_train_acc', 'c10h_val_loss', 'c10h_val_acc', 'c10h_train_c10_loss', 'c10h_train_c10_acc', 'c10h_val_c10_loss', 'c10h_val_c10_acc', 'v4_loss', 'v4_acc', 'v6_loss', 'v6_acc', 'c10_50k_loss', 'c10_50k_acc']) 
 c10h_outdir:  /tigress/ruairidh/model_results/run_1/saves/wrn_28_10/con_False_lr_0.001_seed_0
[2018/09/25 20:25:54 __main__ INFO] - Train 38
[2018/09/25 20:26:13 __main__ INFO] - TEST 38
[2018/09/25 20:27:02 __main__ INFO] - - epoch 38    c10h_train    : 0.2041 (acc: 0.9901) | c10h_val    : 0.2771 (acc: 0.9660)
[2018/09/25 20:27:02 __main__ INFO] - -            c10h_train_c10: 0.0605 (acc: 0.9867) | c10h_val_c10: 0.1266 (acc: 0.9670)
[2018/09/25 20:27:02 __main__ INFO] - -            v4            : 0.3149 (acc: 0.8996) |           v6: 0.2911 (acc: 0.9095)
[2018/09/25 20:27:02 __main__ INFO] - -            c10_50k       : 0.0326 (acc: 0.9993)
[2018/09/25 20:27:02 __main__ INFO] - Elapsed 48.17
keys:  dict_keys(['epoch', 'c10h_train_loss', 'c10h_train_acc', 'c10h_val_loss', 'c10h_val_acc', 'c10h_train_c10_loss', 'c10h_train_c10_acc', 'c10h_val_c10_loss', 'c10h_val_c10_acc', 'v4_loss', 'v4_acc', 'v6_loss', 'v6_acc', 'c10_50k_loss', 'c10_50k_acc']) 
 c10h_outdir:  /tigress/ruairidh/model_results/run_1/saves/wrn_28_10/con_False_lr_0.001_seed_0
[2018/09/25 20:27:04 __main__ INFO] - Train 39
[2018/09/25 20:27:23 __main__ INFO] - TEST 39
[2018/09/25 20:28:11 __main__ INFO] - - epoch 39    c10h_train    : 0.2035 (acc: 0.9893) | c10h_val    : 0.2774 (acc: 0.9680)
[2018/09/25 20:28:11 __main__ INFO] - -            c10h_train_c10: 0.0582 (acc: 0.9868) | c10h_val_c10: 0.1239 (acc: 0.9690)
[2018/09/25 20:28:11 __main__ INFO] - -            v4            : 0.3314 (acc: 0.8906) |           v6: 0.2988 (acc: 0.9080)
[2018/09/25 20:28:11 __main__ INFO] - -            c10_50k       : 0.0323 (acc: 0.9991)
[2018/09/25 20:28:11 __main__ INFO] - Elapsed 47.98
keys:  dict_keys(['epoch', 'c10h_train_loss', 'c10h_train_acc', 'c10h_val_loss', 'c10h_val_acc', 'c10h_train_c10_loss', 'c10h_train_c10_acc', 'c10h_val_c10_loss', 'c10h_val_c10_acc', 'v4_loss', 'v4_acc', 'v6_loss', 'v6_acc', 'c10_50k_loss', 'c10_50k_acc']) 
 c10h_outdir:  /tigress/ruairidh/model_results/run_1/saves/wrn_28_10/con_False_lr_0.001_seed_0
[2018/09/25 20:28:13 __main__ INFO] - Train 40
[2018/09/25 20:28:32 __main__ INFO] - TEST 40
[2018/09/25 20:29:21 __main__ INFO] - - epoch 40    c10h_train    : 0.2031 (acc: 0.9901) | c10h_val    : 0.2750 (acc: 0.9650)
[2018/09/25 20:29:21 __main__ INFO] - -            c10h_train_c10: 0.0597 (acc: 0.9860) | c10h_val_c10: 0.1223 (acc: 0.9660)
[2018/09/25 20:29:21 __main__ INFO] - -            v4            : 0.3288 (acc: 0.8936) |           v6: 0.3028 (acc: 0.9060)
[2018/09/25 20:29:21 __main__ INFO] - -            c10_50k       : 0.0339 (acc: 0.9988)
[2018/09/25 20:29:21 __main__ INFO] - Elapsed 49.06
keys:  dict_keys(['epoch', 'c10h_train_loss', 'c10h_train_acc', 'c10h_val_loss', 'c10h_val_acc', 'c10h_train_c10_loss', 'c10h_train_c10_acc', 'c10h_val_c10_loss', 'c10h_val_c10_acc', 'v4_loss', 'v4_acc', 'v6_loss', 'v6_acc', 'c10_50k_loss', 'c10_50k_acc']) 
 c10h_outdir:  /tigress/ruairidh/model_results/run_1/saves/wrn_28_10/con_False_lr_0.001_seed_0
[2018/09/25 20:29:23 __main__ INFO] - Train 41
[2018/09/25 20:29:43 __main__ INFO] - TEST 41
[2018/09/25 20:30:31 __main__ INFO] - - epoch 41    c10h_train    : 0.2024 (acc: 0.9902) | c10h_val    : 0.2749 (acc: 0.9640)
[2018/09/25 20:30:31 __main__ INFO] - -            c10h_train_c10: 0.0598 (acc: 0.9862) | c10h_val_c10: 0.1233 (acc: 0.9650)
[2018/09/25 20:30:31 __main__ INFO] - -            v4            : 0.3335 (acc: 0.8981) |           v6: 0.2942 (acc: 0.9105)
[2018/09/25 20:30:31 __main__ INFO] - -            c10_50k       : 0.0335 (acc: 0.9990)
[2018/09/25 20:30:31 __main__ INFO] - Elapsed 48.09
keys:  dict_keys(['epoch', 'c10h_train_loss', 'c10h_train_acc', 'c10h_val_loss', 'c10h_val_acc', 'c10h_train_c10_loss', 'c10h_train_c10_acc', 'c10h_val_c10_loss', 'c10h_val_c10_acc', 'v4_loss', 'v4_acc', 'v6_loss', 'v6_acc', 'c10_50k_loss', 'c10_50k_acc']) 
 c10h_outdir:  /tigress/ruairidh/model_results/run_1/saves/wrn_28_10/con_False_lr_0.001_seed_0
[2018/09/25 20:30:32 __main__ INFO] - Train 42
[2018/09/25 20:30:52 __main__ INFO] - TEST 42
[2018/09/25 20:31:40 __main__ INFO] - - epoch 42    c10h_train    : 0.2027 (acc: 0.9904) | c10h_val    : 0.2769 (acc: 0.9670)
[2018/09/25 20:31:40 __main__ INFO] - -            c10h_train_c10: 0.0610 (acc: 0.9858) | c10h_val_c10: 0.1274 (acc: 0.9680)
[2018/09/25 20:31:40 __main__ INFO] - -            v4            : 0.3495 (acc: 0.8892) |           v6: 0.2982 (acc: 0.9085)
[2018/09/25 20:31:40 __main__ INFO] - -            c10_50k       : 0.0341 (acc: 0.9991)
[2018/09/25 20:31:40 __main__ INFO] - Elapsed 48.17
keys:  dict_keys(['epoch', 'c10h_train_loss', 'c10h_train_acc', 'c10h_val_loss', 'c10h_val_acc', 'c10h_train_c10_loss', 'c10h_train_c10_acc', 'c10h_val_c10_loss', 'c10h_val_c10_acc', 'v4_loss', 'v4_acc', 'v6_loss', 'v6_acc', 'c10_50k_loss', 'c10_50k_acc']) 
 c10h_outdir:  /tigress/ruairidh/model_results/run_1/saves/wrn_28_10/con_False_lr_0.001_seed_0
[2018/09/25 20:31:41 __main__ INFO] - Train 43
[2018/09/25 20:32:00 __main__ INFO] - TEST 43
[2018/09/25 20:32:48 __main__ INFO] - - epoch 43    c10h_train    : 0.2019 (acc: 0.9911) | c10h_val    : 0.2759 (acc: 0.9620)
[2018/09/25 20:32:48 __main__ INFO] - -            c10h_train_c10: 0.0619 (acc: 0.9862) | c10h_val_c10: 0.1264 (acc: 0.9630)
[2018/09/25 20:32:48 __main__ INFO] - -            v4            : 0.3430 (acc: 0.8931) |           v6: 0.3029 (acc: 0.9075)
[2018/09/25 20:32:48 __main__ INFO] - -            c10_50k       : 0.0357 (acc: 0.9989)
[2018/09/25 20:32:48 __main__ INFO] - Elapsed 48.05
keys:  dict_keys(['epoch', 'c10h_train_loss', 'c10h_train_acc', 'c10h_val_loss', 'c10h_val_acc', 'c10h_train_c10_loss', 'c10h_train_c10_acc', 'c10h_val_c10_loss', 'c10h_val_c10_acc', 'v4_loss', 'v4_acc', 'v6_loss', 'v6_acc', 'c10_50k_loss', 'c10_50k_acc']) 
 c10h_outdir:  /tigress/ruairidh/model_results/run_1/saves/wrn_28_10/con_False_lr_0.001_seed_0
[2018/09/25 20:32:52 __main__ INFO] - Train 44
[2018/09/25 20:33:11 __main__ INFO] - TEST 44
[2018/09/25 20:34:00 __main__ INFO] - - epoch 44    c10h_train    : 0.2016 (acc: 0.9903) | c10h_val    : 0.2766 (acc: 0.9630)
[2018/09/25 20:34:00 __main__ INFO] - -            c10h_train_c10: 0.0609 (acc: 0.9873) | c10h_val_c10: 0.1278 (acc: 0.9640)
[2018/09/25 20:34:00 __main__ INFO] - -            v4            : 0.3319 (acc: 0.8931) |           v6: 0.3000 (acc: 0.9065)
[2018/09/25 20:34:00 __main__ INFO] - -            c10_50k       : 0.0350 (acc: 0.9990)
[2018/09/25 20:34:00 __main__ INFO] - Elapsed 48.33
keys:  dict_keys(['epoch', 'c10h_train_loss', 'c10h_train_acc', 'c10h_val_loss', 'c10h_val_acc', 'c10h_train_c10_loss', 'c10h_train_c10_acc', 'c10h_val_c10_loss', 'c10h_val_c10_acc', 'v4_loss', 'v4_acc', 'v6_loss', 'v6_acc', 'c10_50k_loss', 'c10_50k_acc']) 
 c10h_outdir:  /tigress/ruairidh/model_results/run_1/saves/wrn_28_10/con_False_lr_0.001_seed_0
[2018/09/25 20:34:01 __main__ INFO] - Train 45
[2018/09/25 20:34:20 __main__ INFO] - TEST 45
[2018/09/25 20:35:09 __main__ INFO] - - epoch 45    c10h_train    : 0.2010 (acc: 0.9900) | c10h_val    : 0.2730 (acc: 0.9660)
[2018/09/25 20:35:09 __main__ INFO] - -            c10h_train_c10: 0.0602 (acc: 0.9863) | c10h_val_c10: 0.1228 (acc: 0.9670)
[2018/09/25 20:35:09 __main__ INFO] - -            v4            : 0.3239 (acc: 0.8981) |           v6: 0.2913 (acc: 0.9095)
[2018/09/25 20:35:09 __main__ INFO] - -            c10_50k       : 0.0344 (acc: 0.9995)
[2018/09/25 20:35:09 __main__ INFO] - Elapsed 48.35
keys:  dict_keys(['epoch', 'c10h_train_loss', 'c10h_train_acc', 'c10h_val_loss', 'c10h_val_acc', 'c10h_train_c10_loss', 'c10h_train_c10_acc', 'c10h_val_c10_loss', 'c10h_val_c10_acc', 'v4_loss', 'v4_acc', 'v6_loss', 'v6_acc', 'c10_50k_loss', 'c10_50k_acc']) 
 c10h_outdir:  /tigress/ruairidh/model_results/run_1/saves/wrn_28_10/con_False_lr_0.001_seed_0
[2018/09/25 20:35:11 __main__ INFO] - Train 46
[2018/09/25 20:35:30 __main__ INFO] - TEST 46
[2018/09/25 20:36:18 __main__ INFO] - - epoch 46    c10h_train    : 0.2008 (acc: 0.9911) | c10h_val    : 0.2750 (acc: 0.9640)
[2018/09/25 20:36:18 __main__ INFO] - -            c10h_train_c10: 0.0612 (acc: 0.9872) | c10h_val_c10: 0.1250 (acc: 0.9650)
[2018/09/25 20:36:18 __main__ INFO] - -            v4            : 0.3275 (acc: 0.8961) |           v6: 0.2923 (acc: 0.9100)
[2018/09/25 20:36:18 __main__ INFO] - -            c10_50k       : 0.0344 (acc: 0.9991)
[2018/09/25 20:36:18 __main__ INFO] - Elapsed 48.15
keys:  dict_keys(['epoch', 'c10h_train_loss', 'c10h_train_acc', 'c10h_val_loss', 'c10h_val_acc', 'c10h_train_c10_loss', 'c10h_train_c10_acc', 'c10h_val_c10_loss', 'c10h_val_c10_acc', 'v4_loss', 'v4_acc', 'v6_loss', 'v6_acc', 'c10_50k_loss', 'c10_50k_acc']) 
 c10h_outdir:  /tigress/ruairidh/model_results/run_1/saves/wrn_28_10/con_False_lr_0.001_seed_0
[2018/09/25 20:36:20 __main__ INFO] - Train 47
[2018/09/25 20:36:40 __main__ INFO] - TEST 47
[2018/09/25 20:37:28 __main__ INFO] - - epoch 47    c10h_train    : 0.2001 (acc: 0.9900) | c10h_val    : 0.2763 (acc: 0.9630)
[2018/09/25 20:37:28 __main__ INFO] - -            c10h_train_c10: 0.0570 (acc: 0.9869) | c10h_val_c10: 0.1255 (acc: 0.9640)
[2018/09/25 20:37:28 __main__ INFO] - -            v4            : 0.3321 (acc: 0.8916) |           v6: 0.2929 (acc: 0.9115)
[2018/09/25 20:37:28 __main__ INFO] - -            c10_50k       : 0.0325 (acc: 0.9989)
[2018/09/25 20:37:28 __main__ INFO] - Elapsed 48.20
keys:  dict_keys(['epoch', 'c10h_train_loss', 'c10h_train_acc', 'c10h_val_loss', 'c10h_val_acc', 'c10h_train_c10_loss', 'c10h_train_c10_acc', 'c10h_val_c10_loss', 'c10h_val_c10_acc', 'v4_loss', 'v4_acc', 'v6_loss', 'v6_acc', 'c10_50k_loss', 'c10_50k_acc']) 
 c10h_outdir:  /tigress/ruairidh/model_results/run_1/saves/wrn_28_10/con_False_lr_0.001_seed_0
[2018/09/25 20:37:28 __main__ INFO] - Train 48
[2018/09/25 20:37:48 __main__ INFO] - TEST 48
[2018/09/25 20:38:36 __main__ INFO] - - epoch 48    c10h_train    : 0.1997 (acc: 0.9898) | c10h_val    : 0.2772 (acc: 0.9650)
[2018/09/25 20:38:36 __main__ INFO] - -            c10h_train_c10: 0.0589 (acc: 0.9872) | c10h_val_c10: 0.1263 (acc: 0.9660)
[2018/09/25 20:38:36 __main__ INFO] - -            v4            : 0.3457 (acc: 0.8897) |           v6: 0.2930 (acc: 0.9115)
[2018/09/25 20:38:36 __main__ INFO] - -            c10_50k       : 0.0329 (acc: 0.9992)
[2018/09/25 20:38:36 __main__ INFO] - Elapsed 48.14
keys:  dict_keys(['epoch', 'c10h_train_loss', 'c10h_train_acc', 'c10h_val_loss', 'c10h_val_acc', 'c10h_train_c10_loss', 'c10h_train_c10_acc', 'c10h_val_c10_loss', 'c10h_val_c10_acc', 'v4_loss', 'v4_acc', 'v6_loss', 'v6_acc', 'c10_50k_loss', 'c10_50k_acc']) 
 c10h_outdir:  /tigress/ruairidh/model_results/run_1/saves/wrn_28_10/con_False_lr_0.001_seed_0
[2018/09/25 20:38:37 __main__ INFO] - Train 49
[2018/09/25 20:38:56 __main__ INFO] - TEST 49
[2018/09/25 20:39:44 __main__ INFO] - - epoch 49    c10h_train    : 0.2002 (acc: 0.9900) | c10h_val    : 0.2776 (acc: 0.9650)
[2018/09/25 20:39:44 __main__ INFO] - -            c10h_train_c10: 0.0591 (acc: 0.9867) | c10h_val_c10: 0.1279 (acc: 0.9660)
[2018/09/25 20:39:44 __main__ INFO] - -            v4            : 0.3298 (acc: 0.8926) |           v6: 0.2935 (acc: 0.9090)
[2018/09/25 20:39:44 __main__ INFO] - -            c10_50k       : 0.0342 (acc: 0.9990)
[2018/09/25 20:39:44 __main__ INFO] - Elapsed 48.23
keys:  dict_keys(['epoch', 'c10h_train_loss', 'c10h_train_acc', 'c10h_val_loss', 'c10h_val_acc', 'c10h_train_c10_loss', 'c10h_train_c10_acc', 'c10h_val_c10_loss', 'c10h_val_c10_acc', 'v4_loss', 'v4_acc', 'v6_loss', 'v6_acc', 'c10_50k_loss', 'c10_50k_acc']) 
 c10h_outdir:  /tigress/ruairidh/model_results/run_1/saves/wrn_28_10/con_False_lr_0.001_seed_0
[2018/09/25 20:39:49 __main__ INFO] - Train 50
[2018/09/25 20:40:08 __main__ INFO] - TEST 50
[2018/09/25 20:40:56 __main__ INFO] - - epoch 50    c10h_train    : 0.1994 (acc: 0.9904) | c10h_val    : 0.2773 (acc: 0.9590)
[2018/09/25 20:40:56 __main__ INFO] - -            c10h_train_c10: 0.0622 (acc: 0.9856) | c10h_val_c10: 0.1302 (acc: 0.9600)
[2018/09/25 20:40:56 __main__ INFO] - -            v4            : 0.3290 (acc: 0.8936) |           v6: 0.3022 (acc: 0.9060)
[2018/09/25 20:40:56 __main__ INFO] - -            c10_50k       : 0.0360 (acc: 0.9988)
[2018/09/25 20:40:56 __main__ INFO] - Elapsed 48.28
keys:  dict_keys(['epoch', 'c10h_train_loss', 'c10h_train_acc', 'c10h_val_loss', 'c10h_val_acc', 'c10h_train_c10_loss', 'c10h_train_c10_acc', 'c10h_val_c10_loss', 'c10h_val_c10_acc', 'v4_loss', 'v4_acc', 'v6_loss', 'v6_acc', 'c10_50k_loss', 'c10_50k_acc']) 
 c10h_outdir:  /tigress/ruairidh/model_results/run_1/saves/wrn_28_10/con_False_lr_0.001_seed_0
[2018/09/25 20:40:57 __main__ INFO] - Train 51
[2018/09/25 20:41:16 __main__ INFO] - TEST 51
[2018/09/25 20:42:05 __main__ INFO] - - epoch 51    c10h_train    : 0.2000 (acc: 0.9903) | c10h_val    : 0.2801 (acc: 0.9630)
[2018/09/25 20:42:05 __main__ INFO] - -            c10h_train_c10: 0.0603 (acc: 0.9854) | c10h_val_c10: 0.1299 (acc: 0.9640)
[2018/09/25 20:42:05 __main__ INFO] - -            v4            : 0.3303 (acc: 0.8941) |           v6: 0.2948 (acc: 0.9090)
[2018/09/25 20:42:05 __main__ INFO] - -            c10_50k       : 0.0335 (acc: 0.9987)
[2018/09/25 20:42:05 __main__ INFO] - Elapsed 48.37
keys:  dict_keys(['epoch', 'c10h_train_loss', 'c10h_train_acc', 'c10h_val_loss', 'c10h_val_acc', 'c10h_train_c10_loss', 'c10h_train_c10_acc', 'c10h_val_c10_loss', 'c10h_val_c10_acc', 'v4_loss', 'v4_acc', 'v6_loss', 'v6_acc', 'c10_50k_loss', 'c10_50k_acc']) 
 c10h_outdir:  /tigress/ruairidh/model_results/run_1/saves/wrn_28_10/con_False_lr_0.001_seed_0
[2018/09/25 20:42:09 __main__ INFO] - Train 52
[2018/09/25 20:42:28 __main__ INFO] - TEST 52
[2018/09/25 20:43:17 __main__ INFO] - - epoch 52    c10h_train    : 0.1991 (acc: 0.9912) | c10h_val    : 0.2764 (acc: 0.9610)
[2018/09/25 20:43:17 __main__ INFO] - -            c10h_train_c10: 0.0609 (acc: 0.9862) | c10h_val_c10: 0.1299 (acc: 0.9620)
[2018/09/25 20:43:17 __main__ INFO] - -            v4            : 0.3292 (acc: 0.8936) |           v6: 0.2992 (acc: 0.9100)
[2018/09/25 20:43:17 __main__ INFO] - -            c10_50k       : 0.0360 (acc: 0.9988)
[2018/09/25 20:43:17 __main__ INFO] - Elapsed 48.53
keys:  dict_keys(['epoch', 'c10h_train_loss', 'c10h_train_acc', 'c10h_val_loss', 'c10h_val_acc', 'c10h_train_c10_loss', 'c10h_train_c10_acc', 'c10h_val_c10_loss', 'c10h_val_c10_acc', 'v4_loss', 'v4_acc', 'v6_loss', 'v6_acc', 'c10_50k_loss', 'c10_50k_acc']) 
 c10h_outdir:  /tigress/ruairidh/model_results/run_1/saves/wrn_28_10/con_False_lr_0.001_seed_0
[2018/09/25 20:43:18 __main__ INFO] - Train 53
[2018/09/25 20:43:38 __main__ INFO] - TEST 53
[2018/09/25 20:44:26 __main__ INFO] - - epoch 53    c10h_train    : 0.1988 (acc: 0.9904) | c10h_val    : 0.2755 (acc: 0.9630)
[2018/09/25 20:44:26 __main__ INFO] - -            c10h_train_c10: 0.0598 (acc: 0.9861) | c10h_val_c10: 0.1272 (acc: 0.9640)
[2018/09/25 20:44:26 __main__ INFO] - -            v4            : 0.3319 (acc: 0.8941) |           v6: 0.2962 (acc: 0.9085)
[2018/09/25 20:44:26 __main__ INFO] - -            c10_50k       : 0.0347 (acc: 0.9991)
[2018/09/25 20:44:26 __main__ INFO] - Elapsed 48.02
keys:  dict_keys(['epoch', 'c10h_train_loss', 'c10h_train_acc', 'c10h_val_loss', 'c10h_val_acc', 'c10h_train_c10_loss', 'c10h_train_c10_acc', 'c10h_val_c10_loss', 'c10h_val_c10_acc', 'v4_loss', 'v4_acc', 'v6_loss', 'v6_acc', 'c10_50k_loss', 'c10_50k_acc']) 
 c10h_outdir:  /tigress/ruairidh/model_results/run_1/saves/wrn_28_10/con_False_lr_0.001_seed_0
[2018/09/25 20:44:28 __main__ INFO] - Train 54
[2018/09/25 20:44:48 __main__ INFO] - TEST 54
[2018/09/25 20:45:36 __main__ INFO] - - epoch 54    c10h_train    : 0.1989 (acc: 0.9891) | c10h_val    : 0.2793 (acc: 0.9630)
[2018/09/25 20:45:36 __main__ INFO] - -            c10h_train_c10: 0.0589 (acc: 0.9856) | c10h_val_c10: 0.1283 (acc: 0.9640)
[2018/09/25 20:45:36 __main__ INFO] - -            v4            : 0.3444 (acc: 0.8931) |           v6: 0.2988 (acc: 0.9055)
[2018/09/25 20:45:36 __main__ INFO] - -            c10_50k       : 0.0329 (acc: 0.9987)
[2018/09/25 20:45:36 __main__ INFO] - Elapsed 48.03
keys:  dict_keys(['epoch', 'c10h_train_loss', 'c10h_train_acc', 'c10h_val_loss', 'c10h_val_acc', 'c10h_train_c10_loss', 'c10h_train_c10_acc', 'c10h_val_c10_loss', 'c10h_val_c10_acc', 'v4_loss', 'v4_acc', 'v6_loss', 'v6_acc', 'c10_50k_loss', 'c10_50k_acc']) 
 c10h_outdir:  /tigress/ruairidh/model_results/run_1/saves/wrn_28_10/con_False_lr_0.001_seed_0
[2018/09/25 20:45:37 __main__ INFO] - Train 55
[2018/09/25 20:45:57 __main__ INFO] - TEST 55
[2018/09/25 20:46:45 __main__ INFO] - - epoch 55    c10h_train    : 0.1976 (acc: 0.9899) | c10h_val    : 0.2766 (acc: 0.9600)
[2018/09/25 20:46:45 __main__ INFO] - -            c10h_train_c10: 0.0600 (acc: 0.9853) | c10h_val_c10: 0.1284 (acc: 0.9610)
[2018/09/25 20:46:45 __main__ INFO] - -            v4            : 0.3474 (acc: 0.8892) |           v6: 0.3009 (acc: 0.9080)
[2018/09/25 20:46:45 __main__ INFO] - -            c10_50k       : 0.0346 (acc: 0.9989)
[2018/09/25 20:46:45 __main__ INFO] - Elapsed 48.12
keys:  dict_keys(['epoch', 'c10h_train_loss', 'c10h_train_acc', 'c10h_val_loss', 'c10h_val_acc', 'c10h_train_c10_loss', 'c10h_train_c10_acc', 'c10h_val_c10_loss', 'c10h_val_c10_acc', 'v4_loss', 'v4_acc', 'v6_loss', 'v6_acc', 'c10_50k_loss', 'c10_50k_acc']) 
 c10h_outdir:  /tigress/ruairidh/model_results/run_1/saves/wrn_28_10/con_False_lr_0.001_seed_0
[2018/09/25 20:46:47 __main__ INFO] - Train 56
[2018/09/25 20:47:07 __main__ INFO] - TEST 56
[2018/09/25 20:47:55 __main__ INFO] - - epoch 56    c10h_train    : 0.1984 (acc: 0.9894) | c10h_val    : 0.2765 (acc: 0.9650)
[2018/09/25 20:47:55 __main__ INFO] - -            c10h_train_c10: 0.0589 (acc: 0.9862) | c10h_val_c10: 0.1275 (acc: 0.9660)
[2018/09/25 20:47:55 __main__ INFO] - -            v4            : 0.3501 (acc: 0.8931) |           v6: 0.2939 (acc: 0.9090)
[2018/09/25 20:47:55 __main__ INFO] - -            c10_50k       : 0.0342 (acc: 0.9987)
[2018/09/25 20:47:55 __main__ INFO] - Elapsed 48.25
keys:  dict_keys(['epoch', 'c10h_train_loss', 'c10h_train_acc', 'c10h_val_loss', 'c10h_val_acc', 'c10h_train_c10_loss', 'c10h_train_c10_acc', 'c10h_val_c10_loss', 'c10h_val_c10_acc', 'v4_loss', 'v4_acc', 'v6_loss', 'v6_acc', 'c10_50k_loss', 'c10_50k_acc']) 
 c10h_outdir:  /tigress/ruairidh/model_results/run_1/saves/wrn_28_10/con_False_lr_0.001_seed_0
[2018/09/25 20:47:56 __main__ INFO] - Train 57
[2018/09/25 20:48:16 __main__ INFO] - TEST 57
[2018/09/25 20:49:04 __main__ INFO] - - epoch 57    c10h_train    : 0.1972 (acc: 0.9899) | c10h_val    : 0.2793 (acc: 0.9580)
[2018/09/25 20:49:04 __main__ INFO] - -            c10h_train_c10: 0.0610 (acc: 0.9849) | c10h_val_c10: 0.1336 (acc: 0.9590)
[2018/09/25 20:49:04 __main__ INFO] - -            v4            : 0.3440 (acc: 0.8892) |           v6: 0.2961 (acc: 0.9105)
[2018/09/25 20:49:04 __main__ INFO] - -            c10_50k       : 0.0349 (acc: 0.9988)
[2018/09/25 20:49:04 __main__ INFO] - Elapsed 48.27
keys:  dict_keys(['epoch', 'c10h_train_loss', 'c10h_train_acc', 'c10h_val_loss', 'c10h_val_acc', 'c10h_train_c10_loss', 'c10h_train_c10_acc', 'c10h_val_c10_loss', 'c10h_val_c10_acc', 'v4_loss', 'v4_acc', 'v6_loss', 'v6_acc', 'c10_50k_loss', 'c10_50k_acc']) 
 c10h_outdir:  /tigress/ruairidh/model_results/run_1/saves/wrn_28_10/con_False_lr_0.001_seed_0
[2018/09/25 20:49:04 __main__ INFO] - Train 58
[2018/09/25 20:49:24 __main__ INFO] - TEST 58
[2018/09/25 20:50:12 __main__ INFO] - - epoch 58    c10h_train    : 0.1970 (acc: 0.9902) | c10h_val    : 0.2768 (acc: 0.9600)
[2018/09/25 20:50:12 __main__ INFO] - -            c10h_train_c10: 0.0610 (acc: 0.9863) | c10h_val_c10: 0.1284 (acc: 0.9610)
[2018/09/25 20:50:12 __main__ INFO] - -            v4            : 0.3330 (acc: 0.8976) |           v6: 0.2949 (acc: 0.9105)
[2018/09/25 20:50:12 __main__ INFO] - -            c10_50k       : 0.0353 (acc: 0.9987)
[2018/09/25 20:50:12 __main__ INFO] - Elapsed 47.86
keys:  dict_keys(['epoch', 'c10h_train_loss', 'c10h_train_acc', 'c10h_val_loss', 'c10h_val_acc', 'c10h_train_c10_loss', 'c10h_train_c10_acc', 'c10h_val_c10_loss', 'c10h_val_c10_acc', 'v4_loss', 'v4_acc', 'v6_loss', 'v6_acc', 'c10_50k_loss', 'c10_50k_acc']) 
 c10h_outdir:  /tigress/ruairidh/model_results/run_1/saves/wrn_28_10/con_False_lr_0.001_seed_0
[2018/09/25 20:50:15 __main__ INFO] - Train 59
[2018/09/25 20:50:34 __main__ INFO] - TEST 59
[2018/09/25 20:51:22 __main__ INFO] - - epoch 59    c10h_train    : 0.1976 (acc: 0.9904) | c10h_val    : 0.2779 (acc: 0.9610)
[2018/09/25 20:51:22 __main__ INFO] - -            c10h_train_c10: 0.0561 (acc: 0.9866) | c10h_val_c10: 0.1255 (acc: 0.9620)
[2018/09/25 20:51:22 __main__ INFO] - -            v4            : 0.3366 (acc: 0.8906) |           v6: 0.2969 (acc: 0.9100)
[2018/09/25 20:51:22 __main__ INFO] - -            c10_50k       : 0.0319 (acc: 0.9989)
[2018/09/25 20:51:22 __main__ INFO] - Elapsed 48.15
keys:  dict_keys(['epoch', 'c10h_train_loss', 'c10h_train_acc', 'c10h_val_loss', 'c10h_val_acc', 'c10h_train_c10_loss', 'c10h_train_c10_acc', 'c10h_val_c10_loss', 'c10h_val_c10_acc', 'v4_loss', 'v4_acc', 'v6_loss', 'v6_acc', 'c10_50k_loss', 'c10_50k_acc']) 
 c10h_outdir:  /tigress/ruairidh/model_results/run_1/saves/wrn_28_10/con_False_lr_0.001_seed_0
[2018/09/25 20:51:23 __main__ INFO] - Train 60
[2018/09/25 20:51:42 __main__ INFO] - TEST 60
[2018/09/25 20:52:31 __main__ INFO] - - epoch 60    c10h_train    : 0.1967 (acc: 0.9907) | c10h_val    : 0.2756 (acc: 0.9610)
[2018/09/25 20:52:31 __main__ INFO] - -            c10h_train_c10: 0.0598 (acc: 0.9859) | c10h_val_c10: 0.1272 (acc: 0.9620)
[2018/09/25 20:52:31 __main__ INFO] - -            v4            : 0.3332 (acc: 0.8956) |           v6: 0.2980 (acc: 0.9105)
[2018/09/25 20:52:31 __main__ INFO] - -            c10_50k       : 0.0345 (acc: 0.9990)
[2018/09/25 20:52:31 __main__ INFO] - Elapsed 48.15
keys:  dict_keys(['epoch', 'c10h_train_loss', 'c10h_train_acc', 'c10h_val_loss', 'c10h_val_acc', 'c10h_train_c10_loss', 'c10h_train_c10_acc', 'c10h_val_c10_loss', 'c10h_val_c10_acc', 'v4_loss', 'v4_acc', 'v6_loss', 'v6_acc', 'c10_50k_loss', 'c10_50k_acc']) 
 c10h_outdir:  /tigress/ruairidh/model_results/run_1/saves/wrn_28_10/con_False_lr_0.001_seed_0
[2018/09/25 20:52:32 __main__ INFO] - Train 61
[2018/09/25 20:52:52 __main__ INFO] - TEST 61
[2018/09/25 20:53:40 __main__ INFO] - - epoch 61    c10h_train    : 0.1968 (acc: 0.9901) | c10h_val    : 0.2755 (acc: 0.9600)
[2018/09/25 20:53:40 __main__ INFO] - -            c10h_train_c10: 0.0609 (acc: 0.9856) | c10h_val_c10: 0.1284 (acc: 0.9610)
[2018/09/25 20:53:40 __main__ INFO] - -            v4            : 0.3238 (acc: 0.8936) |           v6: 0.3009 (acc: 0.9115)
[2018/09/25 20:53:40 __main__ INFO] - -            c10_50k       : 0.0355 (acc: 0.9987)
[2018/09/25 20:53:40 __main__ INFO] - Elapsed 48.13
keys:  dict_keys(['epoch', 'c10h_train_loss', 'c10h_train_acc', 'c10h_val_loss', 'c10h_val_acc', 'c10h_train_c10_loss', 'c10h_train_c10_acc', 'c10h_val_c10_loss', 'c10h_val_c10_acc', 'v4_loss', 'v4_acc', 'v6_loss', 'v6_acc', 'c10_50k_loss', 'c10_50k_acc']) 
 c10h_outdir:  /tigress/ruairidh/model_results/run_1/saves/wrn_28_10/con_False_lr_0.001_seed_0
[2018/09/25 20:53:41 __main__ INFO] - Train 62
[2018/09/25 20:54:01 __main__ INFO] - TEST 62
[2018/09/25 20:54:49 __main__ INFO] - - epoch 62    c10h_train    : 0.1971 (acc: 0.9906) | c10h_val    : 0.2770 (acc: 0.9650)
[2018/09/25 20:54:49 __main__ INFO] - -            c10h_train_c10: 0.0596 (acc: 0.9858) | c10h_val_c10: 0.1274 (acc: 0.9660)
[2018/09/25 20:54:49 __main__ INFO] - -            v4            : 0.3376 (acc: 0.8872) |           v6: 0.2957 (acc: 0.9100)
[2018/09/25 20:54:49 __main__ INFO] - -            c10_50k       : 0.0341 (acc: 0.9989)
[2018/09/25 20:54:49 __main__ INFO] - Elapsed 48.28
keys:  dict_keys(['epoch', 'c10h_train_loss', 'c10h_train_acc', 'c10h_val_loss', 'c10h_val_acc', 'c10h_train_c10_loss', 'c10h_train_c10_acc', 'c10h_val_c10_loss', 'c10h_val_c10_acc', 'v4_loss', 'v4_acc', 'v6_loss', 'v6_acc', 'c10_50k_loss', 'c10_50k_acc']) 
 c10h_outdir:  /tigress/ruairidh/model_results/run_1/saves/wrn_28_10/con_False_lr_0.001_seed_0
[2018/09/25 20:54:51 __main__ INFO] - Train 63
[2018/09/25 20:55:11 __main__ INFO] - TEST 63
[2018/09/25 20:55:59 __main__ INFO] - - epoch 63    c10h_train    : 0.1966 (acc: 0.9908) | c10h_val    : 0.2763 (acc: 0.9630)
[2018/09/25 20:55:59 __main__ INFO] - -            c10h_train_c10: 0.0592 (acc: 0.9861) | c10h_val_c10: 0.1259 (acc: 0.9640)
[2018/09/25 20:55:59 __main__ INFO] - -            v4            : 0.3297 (acc: 0.8991) |           v6: 0.2995 (acc: 0.9085)
[2018/09/25 20:55:59 __main__ INFO] - -            c10_50k       : 0.0345 (acc: 0.9990)
[2018/09/25 20:55:59 __main__ INFO] - Elapsed 48.03
keys:  dict_keys(['epoch', 'c10h_train_loss', 'c10h_train_acc', 'c10h_val_loss', 'c10h_val_acc', 'c10h_train_c10_loss', 'c10h_train_c10_acc', 'c10h_val_c10_loss', 'c10h_val_c10_acc', 'v4_loss', 'v4_acc', 'v6_loss', 'v6_acc', 'c10_50k_loss', 'c10_50k_acc']) 
 c10h_outdir:  /tigress/ruairidh/model_results/run_1/saves/wrn_28_10/con_False_lr_0.001_seed_0
[2018/09/25 20:56:01 __main__ INFO] - Train 64
[2018/09/25 20:56:20 __main__ INFO] - TEST 64
[2018/09/25 20:57:08 __main__ INFO] - - epoch 64    c10h_train    : 0.1962 (acc: 0.9913) | c10h_val    : 0.2750 (acc: 0.9630)
[2018/09/25 20:57:09 __main__ INFO] - -            c10h_train_c10: 0.0606 (acc: 0.9860) | c10h_val_c10: 0.1267 (acc: 0.9640)
[2018/09/25 20:57:09 __main__ INFO] - -            v4            : 0.3427 (acc: 0.8926) |           v6: 0.2976 (acc: 0.9100)
[2018/09/25 20:57:09 __main__ INFO] - -            c10_50k       : 0.0352 (acc: 0.9990)
[2018/09/25 20:57:09 __main__ INFO] - Elapsed 48.03
keys:  dict_keys(['epoch', 'c10h_train_loss', 'c10h_train_acc', 'c10h_val_loss', 'c10h_val_acc', 'c10h_train_c10_loss', 'c10h_train_c10_acc', 'c10h_val_c10_loss', 'c10h_val_c10_acc', 'v4_loss', 'v4_acc', 'v6_loss', 'v6_acc', 'c10_50k_loss', 'c10_50k_acc']) 
 c10h_outdir:  /tigress/ruairidh/model_results/run_1/saves/wrn_28_10/con_False_lr_0.001_seed_0
[2018/09/25 20:57:10 __main__ INFO] - Train 65
[2018/09/25 20:57:30 __main__ INFO] - TEST 65
[2018/09/25 20:58:18 __main__ INFO] - - epoch 65    c10h_train    : 0.1958 (acc: 0.9899) | c10h_val    : 0.2767 (acc: 0.9610)
[2018/09/25 20:58:18 __main__ INFO] - -            c10h_train_c10: 0.0586 (acc: 0.9870) | c10h_val_c10: 0.1293 (acc: 0.9620)
[2018/09/25 20:58:18 __main__ INFO] - -            v4            : 0.3272 (acc: 0.9010) |           v6: 0.3010 (acc: 0.9090)
[2018/09/25 20:58:18 __main__ INFO] - -            c10_50k       : 0.0347 (acc: 0.9991)
[2018/09/25 20:58:18 __main__ INFO] - Elapsed 47.80
keys:  dict_keys(['epoch', 'c10h_train_loss', 'c10h_train_acc', 'c10h_val_loss', 'c10h_val_acc', 'c10h_train_c10_loss', 'c10h_train_c10_acc', 'c10h_val_c10_loss', 'c10h_val_c10_acc', 'v4_loss', 'v4_acc', 'v6_loss', 'v6_acc', 'c10_50k_loss', 'c10_50k_acc']) 
 c10h_outdir:  /tigress/ruairidh/model_results/run_1/saves/wrn_28_10/con_False_lr_0.001_seed_0
[2018/09/25 20:58:19 __main__ INFO] - Train 66
[2018/09/25 20:58:39 __main__ INFO] - TEST 66
[2018/09/25 20:59:27 __main__ INFO] - - epoch 66    c10h_train    : 0.1961 (acc: 0.9902) | c10h_val    : 0.2747 (acc: 0.9590)
[2018/09/25 20:59:27 __main__ INFO] - -            c10h_train_c10: 0.0598 (acc: 0.9869) | c10h_val_c10: 0.1273 (acc: 0.9600)
[2018/09/25 20:59:27 __main__ INFO] - -            v4            : 0.3310 (acc: 0.8936) |           v6: 0.2996 (acc: 0.9095)
[2018/09/25 20:59:27 __main__ INFO] - -            c10_50k       : 0.0351 (acc: 0.9988)
[2018/09/25 20:59:27 __main__ INFO] - Elapsed 48.18
keys:  dict_keys(['epoch', 'c10h_train_loss', 'c10h_train_acc', 'c10h_val_loss', 'c10h_val_acc', 'c10h_train_c10_loss', 'c10h_train_c10_acc', 'c10h_val_c10_loss', 'c10h_val_c10_acc', 'v4_loss', 'v4_acc', 'v6_loss', 'v6_acc', 'c10_50k_loss', 'c10_50k_acc']) 
 c10h_outdir:  /tigress/ruairidh/model_results/run_1/saves/wrn_28_10/con_False_lr_0.001_seed_0
[2018/09/25 20:59:29 __main__ INFO] - Train 67
[2018/09/25 20:59:49 __main__ INFO] - TEST 67
[2018/09/25 21:00:37 __main__ INFO] - - epoch 67    c10h_train    : 0.1962 (acc: 0.9904) | c10h_val    : 0.2755 (acc: 0.9620)
[2018/09/25 21:00:37 __main__ INFO] - -            c10h_train_c10: 0.0587 (acc: 0.9866) | c10h_val_c10: 0.1260 (acc: 0.9630)
[2018/09/25 21:00:37 __main__ INFO] - -            v4            : 0.3431 (acc: 0.8926) |           v6: 0.2946 (acc: 0.9105)
[2018/09/25 21:00:37 __main__ INFO] - -            c10_50k       : 0.0343 (acc: 0.9989)
[2018/09/25 21:00:37 __main__ INFO] - Elapsed 48.18
keys:  dict_keys(['epoch', 'c10h_train_loss', 'c10h_train_acc', 'c10h_val_loss', 'c10h_val_acc', 'c10h_train_c10_loss', 'c10h_train_c10_acc', 'c10h_val_c10_loss', 'c10h_val_c10_acc', 'v4_loss', 'v4_acc', 'v6_loss', 'v6_acc', 'c10_50k_loss', 'c10_50k_acc']) 
 c10h_outdir:  /tigress/ruairidh/model_results/run_1/saves/wrn_28_10/con_False_lr_0.001_seed_0
[2018/09/25 21:00:39 __main__ INFO] - Train 68
[2018/09/25 21:00:58 __main__ INFO] - TEST 68
[2018/09/25 21:01:47 __main__ INFO] - - epoch 68    c10h_train    : 0.1961 (acc: 0.9906) | c10h_val    : 0.2753 (acc: 0.9600)
[2018/09/25 21:01:47 __main__ INFO] - -            c10h_train_c10: 0.0603 (acc: 0.9854) | c10h_val_c10: 0.1274 (acc: 0.9610)
[2018/09/25 21:01:47 __main__ INFO] - -            v4            : 0.3402 (acc: 0.8916) |           v6: 0.2981 (acc: 0.9100)
[2018/09/25 21:01:47 __main__ INFO] - -            c10_50k       : 0.0353 (acc: 0.9988)
[2018/09/25 21:01:47 __main__ INFO] - Elapsed 48.44
keys:  dict_keys(['epoch', 'c10h_train_loss', 'c10h_train_acc', 'c10h_val_loss', 'c10h_val_acc', 'c10h_train_c10_loss', 'c10h_train_c10_acc', 'c10h_val_c10_loss', 'c10h_val_c10_acc', 'v4_loss', 'v4_acc', 'v6_loss', 'v6_acc', 'c10_50k_loss', 'c10_50k_acc']) 
 c10h_outdir:  /tigress/ruairidh/model_results/run_1/saves/wrn_28_10/con_False_lr_0.001_seed_0
[2018/09/25 21:01:47 __main__ INFO] - Train 69
[2018/09/25 21:02:07 __main__ INFO] - TEST 69
[2018/09/25 21:02:55 __main__ INFO] - - epoch 69    c10h_train    : 0.1959 (acc: 0.9904) | c10h_val    : 0.2751 (acc: 0.9610)
[2018/09/25 21:02:55 __main__ INFO] - -            c10h_train_c10: 0.0602 (acc: 0.9858) | c10h_val_c10: 0.1266 (acc: 0.9620)
[2018/09/25 21:02:55 __main__ INFO] - -            v4            : 0.3411 (acc: 0.8991) |           v6: 0.2985 (acc: 0.9080)
[2018/09/25 21:02:55 __main__ INFO] - -            c10_50k       : 0.0348 (acc: 0.9992)
[2018/09/25 21:02:55 __main__ INFO] - Elapsed 48.03
keys:  dict_keys(['epoch', 'c10h_train_loss', 'c10h_train_acc', 'c10h_val_loss', 'c10h_val_acc', 'c10h_train_c10_loss', 'c10h_train_c10_acc', 'c10h_val_c10_loss', 'c10h_val_c10_acc', 'v4_loss', 'v4_acc', 'v6_loss', 'v6_acc', 'c10_50k_loss', 'c10_50k_acc']) 
 c10h_outdir:  /tigress/ruairidh/model_results/run_1/saves/wrn_28_10/con_False_lr_0.001_seed_0
[2018/09/25 21:02:56 __main__ INFO] - Train 70
[2018/09/25 21:03:15 __main__ INFO] - TEST 70
[2018/09/25 21:04:03 __main__ INFO] - - epoch 70    c10h_train    : 0.1955 (acc: 0.9910) | c10h_val    : 0.2757 (acc: 0.9600)
[2018/09/25 21:04:03 __main__ INFO] - -            c10h_train_c10: 0.0600 (acc: 0.9873) | c10h_val_c10: 0.1285 (acc: 0.9610)
[2018/09/25 21:04:03 __main__ INFO] - -            v4            : 0.3260 (acc: 0.8996) |           v6: 0.3000 (acc: 0.9085)
[2018/09/25 21:04:03 __main__ INFO] - -            c10_50k       : 0.0356 (acc: 0.9989)
[2018/09/25 21:04:03 __main__ INFO] - Elapsed 48.19
keys:  dict_keys(['epoch', 'c10h_train_loss', 'c10h_train_acc', 'c10h_val_loss', 'c10h_val_acc', 'c10h_train_c10_loss', 'c10h_train_c10_acc', 'c10h_val_c10_loss', 'c10h_val_c10_acc', 'v4_loss', 'v4_acc', 'v6_loss', 'v6_acc', 'c10_50k_loss', 'c10_50k_acc']) 
 c10h_outdir:  /tigress/ruairidh/model_results/run_1/saves/wrn_28_10/con_False_lr_0.001_seed_0
[2018/09/25 21:04:04 __main__ INFO] - Train 71
[2018/09/25 21:04:24 __main__ INFO] - TEST 71
[2018/09/25 21:05:12 __main__ INFO] - - epoch 71    c10h_train    : 0.1952 (acc: 0.9908) | c10h_val    : 0.2760 (acc: 0.9600)
[2018/09/25 21:05:12 __main__ INFO] - -            c10h_train_c10: 0.0597 (acc: 0.9858) | c10h_val_c10: 0.1271 (acc: 0.9610)
[2018/09/25 21:05:12 __main__ INFO] - -            v4            : 0.3270 (acc: 0.8966) |           v6: 0.2988 (acc: 0.9085)
[2018/09/25 21:05:12 __main__ INFO] - -            c10_50k       : 0.0349 (acc: 0.9989)
[2018/09/25 21:05:12 __main__ INFO] - Elapsed 48.18
keys:  dict_keys(['epoch', 'c10h_train_loss', 'c10h_train_acc', 'c10h_val_loss', 'c10h_val_acc', 'c10h_train_c10_loss', 'c10h_train_c10_acc', 'c10h_val_c10_loss', 'c10h_val_c10_acc', 'v4_loss', 'v4_acc', 'v6_loss', 'v6_acc', 'c10_50k_loss', 'c10_50k_acc']) 
 c10h_outdir:  /tigress/ruairidh/model_results/run_1/saves/wrn_28_10/con_False_lr_0.001_seed_0
[2018/09/25 21:05:13 __main__ INFO] - Train 72
[2018/09/25 21:05:33 __main__ INFO] - TEST 72
[2018/09/25 21:06:21 __main__ INFO] - - epoch 72    c10h_train    : 0.1955 (acc: 0.9904) | c10h_val    : 0.2748 (acc: 0.9610)
[2018/09/25 21:06:21 __main__ INFO] - -            c10h_train_c10: 0.0608 (acc: 0.9858) | c10h_val_c10: 0.1258 (acc: 0.9620)
[2018/09/25 21:06:21 __main__ INFO] - -            v4            : 0.3318 (acc: 0.8966) |           v6: 0.2970 (acc: 0.9095)
[2018/09/25 21:06:21 __main__ INFO] - -            c10_50k       : 0.0348 (acc: 0.9989)
[2018/09/25 21:06:21 __main__ INFO] - Elapsed 48.16
keys:  dict_keys(['epoch', 'c10h_train_loss', 'c10h_train_acc', 'c10h_val_loss', 'c10h_val_acc', 'c10h_train_c10_loss', 'c10h_train_c10_acc', 'c10h_val_c10_loss', 'c10h_val_c10_acc', 'v4_loss', 'v4_acc', 'v6_loss', 'v6_acc', 'c10_50k_loss', 'c10_50k_acc']) 
 c10h_outdir:  /tigress/ruairidh/model_results/run_1/saves/wrn_28_10/con_False_lr_0.001_seed_0
[2018/09/25 21:06:22 __main__ INFO] - Train 73
[2018/09/25 21:06:42 __main__ INFO] - TEST 73
[2018/09/25 21:07:30 __main__ INFO] - - epoch 73    c10h_train    : 0.1958 (acc: 0.9906) | c10h_val    : 0.2760 (acc: 0.9620)
[2018/09/25 21:07:30 __main__ INFO] - -            c10h_train_c10: 0.0585 (acc: 0.9862) | c10h_val_c10: 0.1267 (acc: 0.9630)
[2018/09/25 21:07:30 __main__ INFO] - -            v4            : 0.3431 (acc: 0.8921) |           v6: 0.2963 (acc: 0.9085)
[2018/09/25 21:07:30 __main__ INFO] - -            c10_50k       : 0.0344 (acc: 0.9989)
[2018/09/25 21:07:30 __main__ INFO] - Elapsed 48.24
keys:  dict_keys(['epoch', 'c10h_train_loss', 'c10h_train_acc', 'c10h_val_loss', 'c10h_val_acc', 'c10h_train_c10_loss', 'c10h_train_c10_acc', 'c10h_val_c10_loss', 'c10h_val_c10_acc', 'v4_loss', 'v4_acc', 'v6_loss', 'v6_acc', 'c10_50k_loss', 'c10_50k_acc']) 
 c10h_outdir:  /tigress/ruairidh/model_results/run_1/saves/wrn_28_10/con_False_lr_0.001_seed_0
[2018/09/25 21:07:32 __main__ INFO] - Train 74
[2018/09/25 21:07:52 __main__ INFO] - TEST 74
[2018/09/25 21:08:40 __main__ INFO] - - epoch 74    c10h_train    : 0.1954 (acc: 0.9909) | c10h_val    : 0.2747 (acc: 0.9590)
[2018/09/25 21:08:40 __main__ INFO] - -            c10h_train_c10: 0.0599 (acc: 0.9867) | c10h_val_c10: 0.1268 (acc: 0.9600)
[2018/09/25 21:08:40 __main__ INFO] - -            v4            : 0.3385 (acc: 0.8916) |           v6: 0.2996 (acc: 0.9080)
[2018/09/25 21:08:40 __main__ INFO] - -            c10_50k       : 0.0353 (acc: 0.9988)
[2018/09/25 21:08:40 __main__ INFO] - Elapsed 47.94
keys:  dict_keys(['epoch', 'c10h_train_loss', 'c10h_train_acc', 'c10h_val_loss', 'c10h_val_acc', 'c10h_train_c10_loss', 'c10h_train_c10_acc', 'c10h_val_c10_loss', 'c10h_val_c10_acc', 'v4_loss', 'v4_acc', 'v6_loss', 'v6_acc', 'c10_50k_loss', 'c10_50k_acc']) 
 c10h_outdir:  /tigress/ruairidh/model_results/run_1/saves/wrn_28_10/con_False_lr_0.001_seed_0
[2018/09/25 21:08:41 __main__ INFO] - Train 75
[2018/09/25 21:09:01 __main__ INFO] - TEST 75
[2018/09/25 21:09:49 __main__ INFO] - - epoch 75    c10h_train    : 0.1954 (acc: 0.9907) | c10h_val    : 0.2747 (acc: 0.9630)
[2018/09/25 21:09:49 __main__ INFO] - -            c10h_train_c10: 0.0603 (acc: 0.9871) | c10h_val_c10: 0.1274 (acc: 0.9640)
[2018/09/25 21:09:49 __main__ INFO] - -            v4            : 0.3362 (acc: 0.8916) |           v6: 0.3024 (acc: 0.9080)
[2018/09/25 21:09:49 __main__ INFO] - -            c10_50k       : 0.0355 (acc: 0.9991)
[2018/09/25 21:09:49 __main__ INFO] - Elapsed 48.05
keys:  dict_keys(['epoch', 'c10h_train_loss', 'c10h_train_acc', 'c10h_val_loss', 'c10h_val_acc', 'c10h_train_c10_loss', 'c10h_train_c10_acc', 'c10h_val_c10_loss', 'c10h_val_c10_acc', 'v4_loss', 'v4_acc', 'v6_loss', 'v6_acc', 'c10_50k_loss', 'c10_50k_acc']) 
 c10h_outdir:  /tigress/ruairidh/model_results/run_1/saves/wrn_28_10/con_False_lr_0.001_seed_0
[2018/09/25 21:09:51 __main__ INFO] - Train 76
[2018/09/25 21:10:10 __main__ INFO] - TEST 76
[2018/09/25 21:10:58 __main__ INFO] - - epoch 76    c10h_train    : 0.1953 (acc: 0.9914) | c10h_val    : 0.2756 (acc: 0.9610)
[2018/09/25 21:10:58 __main__ INFO] - -            c10h_train_c10: 0.0594 (acc: 0.9867) | c10h_val_c10: 0.1264 (acc: 0.9620)
[2018/09/25 21:10:58 __main__ INFO] - -            v4            : 0.3327 (acc: 0.8902) |           v6: 0.3020 (acc: 0.9075)
[2018/09/25 21:10:58 __main__ INFO] - -            c10_50k       : 0.0342 (acc: 0.9989)
[2018/09/25 21:10:58 __main__ INFO] - Elapsed 48.12
keys:  dict_keys(['epoch', 'c10h_train_loss', 'c10h_train_acc', 'c10h_val_loss', 'c10h_val_acc', 'c10h_train_c10_loss', 'c10h_train_c10_acc', 'c10h_val_c10_loss', 'c10h_val_c10_acc', 'v4_loss', 'v4_acc', 'v6_loss', 'v6_acc', 'c10_50k_loss', 'c10_50k_acc']) 
 c10h_outdir:  /tigress/ruairidh/model_results/run_1/saves/wrn_28_10/con_False_lr_0.001_seed_0
[2018/09/25 21:11:00 __main__ INFO] - Train 77
[2018/09/25 21:11:20 __main__ INFO] - TEST 77
[2018/09/25 21:12:08 __main__ INFO] - - epoch 77    c10h_train    : 0.1950 (acc: 0.9911) | c10h_val    : 0.2753 (acc: 0.9610)
[2018/09/25 21:12:08 __main__ INFO] - -            c10h_train_c10: 0.0604 (acc: 0.9866) | c10h_val_c10: 0.1275 (acc: 0.9620)
[2018/09/25 21:12:08 __main__ INFO] - -            v4            : 0.3274 (acc: 0.8946) |           v6: 0.2975 (acc: 0.9095)
[2018/09/25 21:12:08 __main__ INFO] - -            c10_50k       : 0.0347 (acc: 0.9991)
[2018/09/25 21:12:08 __main__ INFO] - Elapsed 48.08
keys:  dict_keys(['epoch', 'c10h_train_loss', 'c10h_train_acc', 'c10h_val_loss', 'c10h_val_acc', 'c10h_train_c10_loss', 'c10h_train_c10_acc', 'c10h_val_c10_loss', 'c10h_val_c10_acc', 'v4_loss', 'v4_acc', 'v6_loss', 'v6_acc', 'c10_50k_loss', 'c10_50k_acc']) 
 c10h_outdir:  /tigress/ruairidh/model_results/run_1/saves/wrn_28_10/con_False_lr_0.001_seed_0
[2018/09/25 21:12:12 __main__ INFO] - Train 78
[2018/09/25 21:12:31 __main__ INFO] - TEST 78
[2018/09/25 21:13:19 __main__ INFO] - - epoch 78    c10h_train    : 0.1956 (acc: 0.9910) | c10h_val    : 0.2753 (acc: 0.9610)
[2018/09/25 21:13:20 __main__ INFO] - -            c10h_train_c10: 0.0600 (acc: 0.9867) | c10h_val_c10: 0.1262 (acc: 0.9640)
[2018/09/25 21:13:20 __main__ INFO] - -            v4            : 0.3365 (acc: 0.8911) |           v6: 0.2970 (acc: 0.9075)
[2018/09/25 21:13:20 __main__ INFO] - -            c10_50k       : 0.0349 (acc: 0.9990)
[2018/09/25 21:13:20 __main__ INFO] - Elapsed 47.99
keys:  dict_keys(['epoch', 'c10h_train_loss', 'c10h_train_acc', 'c10h_val_loss', 'c10h_val_acc', 'c10h_train_c10_loss', 'c10h_train_c10_acc', 'c10h_val_c10_loss', 'c10h_val_c10_acc', 'v4_loss', 'v4_acc', 'v6_loss', 'v6_acc', 'c10_50k_loss', 'c10_50k_acc']) 
 c10h_outdir:  /tigress/ruairidh/model_results/run_1/saves/wrn_28_10/con_False_lr_0.001_seed_0
[2018/09/25 21:13:21 __main__ INFO] - Train 79
[2018/09/25 21:13:41 __main__ INFO] - TEST 79
[2018/09/25 21:14:29 __main__ INFO] - - epoch 79    c10h_train    : 0.1949 (acc: 0.9909) | c10h_val    : 0.2760 (acc: 0.9630)
[2018/09/25 21:14:29 __main__ INFO] - -            c10h_train_c10: 0.0591 (acc: 0.9871) | c10h_val_c10: 0.1280 (acc: 0.9640)
[2018/09/25 21:14:29 __main__ INFO] - -            v4            : 0.3304 (acc: 0.8966) |           v6: 0.2959 (acc: 0.9085)
[2018/09/25 21:14:29 __main__ INFO] - -            c10_50k       : 0.0353 (acc: 0.9990)
[2018/09/25 21:14:29 __main__ INFO] - Elapsed 48.27
keys:  dict_keys(['epoch', 'c10h_train_loss', 'c10h_train_acc', 'c10h_val_loss', 'c10h_val_acc', 'c10h_train_c10_loss', 'c10h_train_c10_acc', 'c10h_val_c10_loss', 'c10h_val_c10_acc', 'v4_loss', 'v4_acc', 'v6_loss', 'v6_acc', 'c10_50k_loss', 'c10_50k_acc']) 
 c10h_outdir:  /tigress/ruairidh/model_results/run_1/saves/wrn_28_10/con_False_lr_0.001_seed_0
[2018/09/25 21:14:30 __main__ INFO] - Train 80
[2018/09/25 21:14:50 __main__ INFO] - TEST 80
[2018/09/25 21:15:38 __main__ INFO] - - epoch 80    c10h_train    : 0.1947 (acc: 0.9912) | c10h_val    : 0.2741 (acc: 0.9620)
[2018/09/25 21:15:38 __main__ INFO] - -            c10h_train_c10: 0.0612 (acc: 0.9861) | c10h_val_c10: 0.1266 (acc: 0.9630)
[2018/09/25 21:15:38 __main__ INFO] - -            v4            : 0.3287 (acc: 0.8921) |           v6: 0.2964 (acc: 0.9090)
[2018/09/25 21:15:38 __main__ INFO] - -            c10_50k       : 0.0355 (acc: 0.9990)
[2018/09/25 21:15:38 __main__ INFO] - Elapsed 48.44
keys:  dict_keys(['epoch', 'c10h_train_loss', 'c10h_train_acc', 'c10h_val_loss', 'c10h_val_acc', 'c10h_train_c10_loss', 'c10h_train_c10_acc', 'c10h_val_c10_loss', 'c10h_val_c10_acc', 'v4_loss', 'v4_acc', 'v6_loss', 'v6_acc', 'c10_50k_loss', 'c10_50k_acc']) 
 c10h_outdir:  /tigress/ruairidh/model_results/run_1/saves/wrn_28_10/con_False_lr_0.001_seed_0
[2018/09/25 21:15:39 __main__ INFO] - Train 81
[2018/09/25 21:15:59 __main__ INFO] - TEST 81
[2018/09/25 21:16:47 __main__ INFO] - - epoch 81    c10h_train    : 0.1946 (acc: 0.9913) | c10h_val    : 0.2757 (acc: 0.9630)
[2018/09/25 21:16:47 __main__ INFO] - -            c10h_train_c10: 0.0601 (acc: 0.9864) | c10h_val_c10: 0.1283 (acc: 0.9640)
[2018/09/25 21:16:47 __main__ INFO] - -            v4            : 0.3462 (acc: 0.8892) |           v6: 0.2994 (acc: 0.9080)
[2018/09/25 21:16:47 __main__ INFO] - -            c10_50k       : 0.0349 (acc: 0.9990)
[2018/09/25 21:16:47 __main__ INFO] - Elapsed 48.23
keys:  dict_keys(['epoch', 'c10h_train_loss', 'c10h_train_acc', 'c10h_val_loss', 'c10h_val_acc', 'c10h_train_c10_loss', 'c10h_train_c10_acc', 'c10h_val_c10_loss', 'c10h_val_c10_acc', 'v4_loss', 'v4_acc', 'v6_loss', 'v6_acc', 'c10_50k_loss', 'c10_50k_acc']) 
 c10h_outdir:  /tigress/ruairidh/model_results/run_1/saves/wrn_28_10/con_False_lr_0.001_seed_0
[2018/09/25 21:16:48 __main__ INFO] - Train 82
[2018/09/25 21:17:07 __main__ INFO] - TEST 82
[2018/09/25 21:17:55 __main__ INFO] - - epoch 82    c10h_train    : 0.1951 (acc: 0.9912) | c10h_val    : 0.2760 (acc: 0.9620)
[2018/09/25 21:17:55 __main__ INFO] - -            c10h_train_c10: 0.0596 (acc: 0.9863) | c10h_val_c10: 0.1279 (acc: 0.9630)
[2018/09/25 21:17:55 __main__ INFO] - -            v4            : 0.3307 (acc: 0.9015) |           v6: 0.2975 (acc: 0.9085)
[2018/09/25 21:17:55 __main__ INFO] - -            c10_50k       : 0.0351 (acc: 0.9990)
[2018/09/25 21:17:55 __main__ INFO] - Elapsed 48.01
keys:  dict_keys(['epoch', 'c10h_train_loss', 'c10h_train_acc', 'c10h_val_loss', 'c10h_val_acc', 'c10h_train_c10_loss', 'c10h_train_c10_acc', 'c10h_val_c10_loss', 'c10h_val_c10_acc', 'v4_loss', 'v4_acc', 'v6_loss', 'v6_acc', 'c10_50k_loss', 'c10_50k_acc']) 
 c10h_outdir:  /tigress/ruairidh/model_results/run_1/saves/wrn_28_10/con_False_lr_0.001_seed_0
[2018/09/25 21:17:58 __main__ INFO] - Train 83
[2018/09/25 21:18:17 __main__ INFO] - TEST 83
[2018/09/25 21:19:05 __main__ INFO] - - epoch 83    c10h_train    : 0.1947 (acc: 0.9902) | c10h_val    : 0.2754 (acc: 0.9600)
[2018/09/25 21:19:05 __main__ INFO] - -            c10h_train_c10: 0.0593 (acc: 0.9861) | c10h_val_c10: 0.1268 (acc: 0.9610)
[2018/09/25 21:19:05 __main__ INFO] - -            v4            : 0.3285 (acc: 0.8916) |           v6: 0.2949 (acc: 0.9070)
[2018/09/25 21:19:05 __main__ INFO] - -            c10_50k       : 0.0347 (acc: 0.9990)
[2018/09/25 21:19:05 __main__ INFO] - Elapsed 48.15
keys:  dict_keys(['epoch', 'c10h_train_loss', 'c10h_train_acc', 'c10h_val_loss', 'c10h_val_acc', 'c10h_train_c10_loss', 'c10h_train_c10_acc', 'c10h_val_c10_loss', 'c10h_val_c10_acc', 'v4_loss', 'v4_acc', 'v6_loss', 'v6_acc', 'c10_50k_loss', 'c10_50k_acc']) 
 c10h_outdir:  /tigress/ruairidh/model_results/run_1/saves/wrn_28_10/con_False_lr_0.001_seed_0
[2018/09/25 21:19:07 __main__ INFO] - Train 84
[2018/09/25 21:19:26 __main__ INFO] - TEST 84
[2018/09/25 21:20:15 __main__ INFO] - - epoch 84    c10h_train    : 0.1946 (acc: 0.9912) | c10h_val    : 0.2763 (acc: 0.9650)
[2018/09/25 21:20:15 __main__ INFO] - -            c10h_train_c10: 0.0587 (acc: 0.9867) | c10h_val_c10: 0.1276 (acc: 0.9660)
[2018/09/25 21:20:15 __main__ INFO] - -            v4            : 0.3237 (acc: 0.8951) |           v6: 0.2940 (acc: 0.9080)
[2018/09/25 21:20:15 __main__ INFO] - -            c10_50k       : 0.0343 (acc: 0.9991)
[2018/09/25 21:20:15 __main__ INFO] - Elapsed 48.37
keys:  dict_keys(['epoch', 'c10h_train_loss', 'c10h_train_acc', 'c10h_val_loss', 'c10h_val_acc', 'c10h_train_c10_loss', 'c10h_train_c10_acc', 'c10h_val_c10_loss', 'c10h_val_c10_acc', 'v4_loss', 'v4_acc', 'v6_loss', 'v6_acc', 'c10_50k_loss', 'c10_50k_acc']) 
 c10h_outdir:  /tigress/ruairidh/model_results/run_1/saves/wrn_28_10/con_False_lr_0.001_seed_0
[2018/09/25 21:20:16 __main__ INFO] - Train 85
[2018/09/25 21:20:36 __main__ INFO] - TEST 85
[2018/09/25 21:21:24 __main__ INFO] - - epoch 85    c10h_train    : 0.1943 (acc: 0.9911) | c10h_val    : 0.2778 (acc: 0.9610)
[2018/09/25 21:21:24 __main__ INFO] - -            c10h_train_c10: 0.0600 (acc: 0.9868) | c10h_val_c10: 0.1300 (acc: 0.9620)
[2018/09/25 21:21:24 __main__ INFO] - -            v4            : 0.3326 (acc: 0.8981) |           v6: 0.3002 (acc: 0.9095)
[2018/09/25 21:21:24 __main__ INFO] - -            c10_50k       : 0.0351 (acc: 0.9987)
[2018/09/25 21:21:24 __main__ INFO] - Elapsed 48.37
keys:  dict_keys(['epoch', 'c10h_train_loss', 'c10h_train_acc', 'c10h_val_loss', 'c10h_val_acc', 'c10h_train_c10_loss', 'c10h_train_c10_acc', 'c10h_val_c10_loss', 'c10h_val_c10_acc', 'v4_loss', 'v4_acc', 'v6_loss', 'v6_acc', 'c10_50k_loss', 'c10_50k_acc']) 
 c10h_outdir:  /tigress/ruairidh/model_results/run_1/saves/wrn_28_10/con_False_lr_0.001_seed_0
[2018/09/25 21:21:26 __main__ INFO] - Train 86
[2018/09/25 21:21:45 __main__ INFO] - TEST 86
[2018/09/25 21:22:34 __main__ INFO] - - epoch 86    c10h_train    : 0.1949 (acc: 0.9906) | c10h_val    : 0.2751 (acc: 0.9650)
[2018/09/25 21:22:34 __main__ INFO] - -            c10h_train_c10: 0.0604 (acc: 0.9860) | c10h_val_c10: 0.1255 (acc: 0.9680)
[2018/09/25 21:22:34 __main__ INFO] - -            v4            : 0.3330 (acc: 0.8936) |           v6: 0.2999 (acc: 0.9070)
[2018/09/25 21:22:34 __main__ INFO] - -            c10_50k       : 0.0352 (acc: 0.9986)
[2018/09/25 21:22:34 __main__ INFO] - Elapsed 48.15
keys:  dict_keys(['epoch', 'c10h_train_loss', 'c10h_train_acc', 'c10h_val_loss', 'c10h_val_acc', 'c10h_train_c10_loss', 'c10h_train_c10_acc', 'c10h_val_c10_loss', 'c10h_val_c10_acc', 'v4_loss', 'v4_acc', 'v6_loss', 'v6_acc', 'c10_50k_loss', 'c10_50k_acc']) 
 c10h_outdir:  /tigress/ruairidh/model_results/run_1/saves/wrn_28_10/con_False_lr_0.001_seed_0
[2018/09/25 21:22:35 __main__ INFO] - Train 87
[2018/09/25 21:22:55 __main__ INFO] - TEST 87
[2018/09/25 21:23:43 __main__ INFO] - - epoch 87    c10h_train    : 0.1947 (acc: 0.9918) | c10h_val    : 0.2769 (acc: 0.9640)
[2018/09/25 21:23:43 __main__ INFO] - -            c10h_train_c10: 0.0596 (acc: 0.9866) | c10h_val_c10: 0.1290 (acc: 0.9650)
[2018/09/25 21:23:43 __main__ INFO] - -            v4            : 0.3326 (acc: 0.8911) |           v6: 0.2982 (acc: 0.9095)
[2018/09/25 21:23:43 __main__ INFO] - -            c10_50k       : 0.0342 (acc: 0.9991)
[2018/09/25 21:23:43 __main__ INFO] - Elapsed 48.15
keys:  dict_keys(['epoch', 'c10h_train_loss', 'c10h_train_acc', 'c10h_val_loss', 'c10h_val_acc', 'c10h_train_c10_loss', 'c10h_train_c10_acc', 'c10h_val_c10_loss', 'c10h_val_c10_acc', 'v4_loss', 'v4_acc', 'v6_loss', 'v6_acc', 'c10_50k_loss', 'c10_50k_acc']) 
 c10h_outdir:  /tigress/ruairidh/model_results/run_1/saves/wrn_28_10/con_False_lr_0.001_seed_0
[2018/09/25 21:23:45 __main__ INFO] - Train 88
[2018/09/25 21:24:04 __main__ INFO] - TEST 88
[2018/09/25 21:24:52 __main__ INFO] - - epoch 88    c10h_train    : 0.1947 (acc: 0.9910) | c10h_val    : 0.2776 (acc: 0.9640)
[2018/09/25 21:24:52 __main__ INFO] - -            c10h_train_c10: 0.0585 (acc: 0.9876) | c10h_val_c10: 0.1288 (acc: 0.9650)
[2018/09/25 21:24:52 __main__ INFO] - -            v4            : 0.3378 (acc: 0.8902) |           v6: 0.2951 (acc: 0.9090)
[2018/09/25 21:24:52 __main__ INFO] - -            c10_50k       : 0.0342 (acc: 0.9988)
[2018/09/25 21:24:52 __main__ INFO] - Elapsed 47.91
keys:  dict_keys(['epoch', 'c10h_train_loss', 'c10h_train_acc', 'c10h_val_loss', 'c10h_val_acc', 'c10h_train_c10_loss', 'c10h_train_c10_acc', 'c10h_val_c10_loss', 'c10h_val_c10_acc', 'v4_loss', 'v4_acc', 'v6_loss', 'v6_acc', 'c10_50k_loss', 'c10_50k_acc']) 
 c10h_outdir:  /tigress/ruairidh/model_results/run_1/saves/wrn_28_10/con_False_lr_0.001_seed_0
[2018/09/25 21:24:53 __main__ INFO] - Train 89
[2018/09/25 21:25:12 __main__ INFO] - TEST 89
[2018/09/25 21:26:00 __main__ INFO] - - epoch 89    c10h_train    : 0.1945 (acc: 0.9894) | c10h_val    : 0.2760 (acc: 0.9650)
[2018/09/25 21:26:01 __main__ INFO] - -            c10h_train_c10: 0.0585 (acc: 0.9869) | c10h_val_c10: 0.1272 (acc: 0.9660)
[2018/09/25 21:26:01 __main__ INFO] - -            v4            : 0.3237 (acc: 0.8981) |           v6: 0.2965 (acc: 0.9105)
[2018/09/25 21:26:01 __main__ INFO] - -            c10_50k       : 0.0345 (acc: 0.9989)
[2018/09/25 21:26:01 __main__ INFO] - Elapsed 48.29
keys:  dict_keys(['epoch', 'c10h_train_loss', 'c10h_train_acc', 'c10h_val_loss', 'c10h_val_acc', 'c10h_train_c10_loss', 'c10h_train_c10_acc', 'c10h_val_c10_loss', 'c10h_val_c10_acc', 'v4_loss', 'v4_acc', 'v6_loss', 'v6_acc', 'c10_50k_loss', 'c10_50k_acc']) 
 c10h_outdir:  /tigress/ruairidh/model_results/run_1/saves/wrn_28_10/con_False_lr_0.001_seed_0
[2018/09/25 21:26:03 __main__ INFO] - Train 90
[2018/09/25 21:26:22 __main__ INFO] - TEST 90
[2018/09/25 21:27:10 __main__ INFO] - - epoch 90    c10h_train    : 0.1941 (acc: 0.9923) | c10h_val    : 0.2775 (acc: 0.9630)
[2018/09/25 21:27:10 __main__ INFO] - -            c10h_train_c10: 0.0589 (acc: 0.9869) | c10h_val_c10: 0.1303 (acc: 0.9640)
[2018/09/25 21:27:10 __main__ INFO] - -            v4            : 0.3411 (acc: 0.8877) |           v6: 0.3009 (acc: 0.9080)
[2018/09/25 21:27:10 __main__ INFO] - -            c10_50k       : 0.0352 (acc: 0.9990)
[2018/09/25 21:27:10 __main__ INFO] - Elapsed 48.09
keys:  dict_keys(['epoch', 'c10h_train_loss', 'c10h_train_acc', 'c10h_val_loss', 'c10h_val_acc', 'c10h_train_c10_loss', 'c10h_train_c10_acc', 'c10h_val_c10_loss', 'c10h_val_c10_acc', 'v4_loss', 'v4_acc', 'v6_loss', 'v6_acc', 'c10_50k_loss', 'c10_50k_acc']) 
 c10h_outdir:  /tigress/ruairidh/model_results/run_1/saves/wrn_28_10/con_False_lr_0.001_seed_0
[2018/09/25 21:27:12 __main__ INFO] - Train 91
[2018/09/25 21:27:31 __main__ INFO] - TEST 91
[2018/09/25 21:28:19 __main__ INFO] - - epoch 91    c10h_train    : 0.1943 (acc: 0.9902) | c10h_val    : 0.2757 (acc: 0.9630)
[2018/09/25 21:28:19 __main__ INFO] - -            c10h_train_c10: 0.0597 (acc: 0.9860) | c10h_val_c10: 0.1274 (acc: 0.9640)
[2018/09/25 21:28:19 __main__ INFO] - -            v4            : 0.3273 (acc: 0.8971) |           v6: 0.2997 (acc: 0.9095)
[2018/09/25 21:28:19 __main__ INFO] - -            c10_50k       : 0.0344 (acc: 0.9988)
[2018/09/25 21:28:19 __main__ INFO] - Elapsed 48.04
keys:  dict_keys(['epoch', 'c10h_train_loss', 'c10h_train_acc', 'c10h_val_loss', 'c10h_val_acc', 'c10h_train_c10_loss', 'c10h_train_c10_acc', 'c10h_val_c10_loss', 'c10h_val_c10_acc', 'v4_loss', 'v4_acc', 'v6_loss', 'v6_acc', 'c10_50k_loss', 'c10_50k_acc']) 
 c10h_outdir:  /tigress/ruairidh/model_results/run_1/saves/wrn_28_10/con_False_lr_0.001_seed_0
[2018/09/25 21:28:20 __main__ INFO] - Train 92
[2018/09/25 21:28:40 __main__ INFO] - TEST 92
[2018/09/25 21:29:28 __main__ INFO] - - epoch 92    c10h_train    : 0.1944 (acc: 0.9911) | c10h_val    : 0.2750 (acc: 0.9630)
[2018/09/25 21:29:28 __main__ INFO] - -            c10h_train_c10: 0.0604 (acc: 0.9868) | c10h_val_c10: 0.1275 (acc: 0.9640)
[2018/09/25 21:29:28 __main__ INFO] - -            v4            : 0.3261 (acc: 0.8916) |           v6: 0.2985 (acc: 0.9100)
[2018/09/25 21:29:28 __main__ INFO] - -            c10_50k       : 0.0352 (acc: 0.9989)
[2018/09/25 21:29:28 __main__ INFO] - Elapsed 48.23
keys:  dict_keys(['epoch', 'c10h_train_loss', 'c10h_train_acc', 'c10h_val_loss', 'c10h_val_acc', 'c10h_train_c10_loss', 'c10h_train_c10_acc', 'c10h_val_c10_loss', 'c10h_val_c10_acc', 'v4_loss', 'v4_acc', 'v6_loss', 'v6_acc', 'c10_50k_loss', 'c10_50k_acc']) 
 c10h_outdir:  /tigress/ruairidh/model_results/run_1/saves/wrn_28_10/con_False_lr_0.001_seed_0
[2018/09/25 21:29:29 __main__ INFO] - Train 93
[2018/09/25 21:29:49 __main__ INFO] - TEST 93
[2018/09/25 21:30:37 __main__ INFO] - - epoch 93    c10h_train    : 0.1940 (acc: 0.9907) | c10h_val    : 0.2764 (acc: 0.9620)
[2018/09/25 21:30:37 __main__ INFO] - -            c10h_train_c10: 0.0589 (acc: 0.9868) | c10h_val_c10: 0.1274 (acc: 0.9630)
[2018/09/25 21:30:37 __main__ INFO] - -            v4            : 0.3260 (acc: 0.8976) |           v6: 0.3000 (acc: 0.9075)
[2018/09/25 21:30:37 __main__ INFO] - -            c10_50k       : 0.0338 (acc: 0.9989)
[2018/09/25 21:30:37 __main__ INFO] - Elapsed 48.11
keys:  dict_keys(['epoch', 'c10h_train_loss', 'c10h_train_acc', 'c10h_val_loss', 'c10h_val_acc', 'c10h_train_c10_loss', 'c10h_train_c10_acc', 'c10h_val_c10_loss', 'c10h_val_c10_acc', 'v4_loss', 'v4_acc', 'v6_loss', 'v6_acc', 'c10_50k_loss', 'c10_50k_acc']) 
 c10h_outdir:  /tigress/ruairidh/model_results/run_1/saves/wrn_28_10/con_False_lr_0.001_seed_0
[2018/09/25 21:30:40 __main__ INFO] - Train 94
[2018/09/25 21:31:00 __main__ INFO] - TEST 94
[2018/09/25 21:31:48 __main__ INFO] - - epoch 94    c10h_train    : 0.1944 (acc: 0.9911) | c10h_val    : 0.2767 (acc: 0.9620)
[2018/09/25 21:31:48 __main__ INFO] - -            c10h_train_c10: 0.0606 (acc: 0.9866) | c10h_val_c10: 0.1287 (acc: 0.9630)
[2018/09/25 21:31:48 __main__ INFO] - -            v4            : 0.3272 (acc: 0.8941) |           v6: 0.2950 (acc: 0.9095)
[2018/09/25 21:31:48 __main__ INFO] - -            c10_50k       : 0.0349 (acc: 0.9989)
[2018/09/25 21:31:48 __main__ INFO] - Elapsed 48.12
keys:  dict_keys(['epoch', 'c10h_train_loss', 'c10h_train_acc', 'c10h_val_loss', 'c10h_val_acc', 'c10h_train_c10_loss', 'c10h_train_c10_acc', 'c10h_val_c10_loss', 'c10h_val_c10_acc', 'v4_loss', 'v4_acc', 'v6_loss', 'v6_acc', 'c10_50k_loss', 'c10_50k_acc']) 
 c10h_outdir:  /tigress/ruairidh/model_results/run_1/saves/wrn_28_10/con_False_lr_0.001_seed_0
[2018/09/25 21:31:50 __main__ INFO] - Train 95
[2018/09/25 21:32:09 __main__ INFO] - TEST 95
[2018/09/25 21:32:57 __main__ INFO] - - epoch 95    c10h_train    : 0.1944 (acc: 0.9903) | c10h_val    : 0.2750 (acc: 0.9590)
[2018/09/25 21:32:57 __main__ INFO] - -            c10h_train_c10: 0.0598 (acc: 0.9858) | c10h_val_c10: 0.1261 (acc: 0.9600)
[2018/09/25 21:32:57 __main__ INFO] - -            v4            : 0.3206 (acc: 0.9015) |           v6: 0.2984 (acc: 0.9075)
[2018/09/25 21:32:57 __main__ INFO] - -            c10_50k       : 0.0346 (acc: 0.9989)
[2018/09/25 21:32:57 __main__ INFO] - Elapsed 47.91
keys:  dict_keys(['epoch', 'c10h_train_loss', 'c10h_train_acc', 'c10h_val_loss', 'c10h_val_acc', 'c10h_train_c10_loss', 'c10h_train_c10_acc', 'c10h_val_c10_loss', 'c10h_val_c10_acc', 'v4_loss', 'v4_acc', 'v6_loss', 'v6_acc', 'c10_50k_loss', 'c10_50k_acc']) 
 c10h_outdir:  /tigress/ruairidh/model_results/run_1/saves/wrn_28_10/con_False_lr_0.001_seed_0
[2018/09/25 21:32:58 __main__ INFO] - Train 96
[2018/09/25 21:33:17 __main__ INFO] - TEST 96
[2018/09/25 21:34:06 __main__ INFO] - - epoch 96    c10h_train    : 0.1943 (acc: 0.9912) | c10h_val    : 0.2758 (acc: 0.9600)
[2018/09/25 21:34:06 __main__ INFO] - -            c10h_train_c10: 0.0596 (acc: 0.9870) | c10h_val_c10: 0.1278 (acc: 0.9610)
[2018/09/25 21:34:06 __main__ INFO] - -            v4            : 0.3420 (acc: 0.8916) |           v6: 0.3020 (acc: 0.9055)
[2018/09/25 21:34:06 __main__ INFO] - -            c10_50k       : 0.0354 (acc: 0.9989)
[2018/09/25 21:34:06 __main__ INFO] - Elapsed 48.23
keys:  dict_keys(['epoch', 'c10h_train_loss', 'c10h_train_acc', 'c10h_val_loss', 'c10h_val_acc', 'c10h_train_c10_loss', 'c10h_train_c10_acc', 'c10h_val_c10_loss', 'c10h_val_c10_acc', 'v4_loss', 'v4_acc', 'v6_loss', 'v6_acc', 'c10_50k_loss', 'c10_50k_acc']) 
 c10h_outdir:  /tigress/ruairidh/model_results/run_1/saves/wrn_28_10/con_False_lr_0.001_seed_0
[2018/09/25 21:34:06 __main__ INFO] - Train 97
[2018/09/25 21:34:26 __main__ INFO] - TEST 97
[2018/09/25 21:35:14 __main__ INFO] - - epoch 97    c10h_train    : 0.1941 (acc: 0.9920) | c10h_val    : 0.2767 (acc: 0.9600)
[2018/09/25 21:35:14 __main__ INFO] - -            c10h_train_c10: 0.0593 (acc: 0.9874) | c10h_val_c10: 0.1273 (acc: 0.9630)
[2018/09/25 21:35:14 __main__ INFO] - -            v4            : 0.3326 (acc: 0.8941) |           v6: 0.2991 (acc: 0.9075)
[2018/09/25 21:35:14 __main__ INFO] - -            c10_50k       : 0.0349 (acc: 0.9990)
[2018/09/25 21:35:14 __main__ INFO] - Elapsed 48.14
keys:  dict_keys(['epoch', 'c10h_train_loss', 'c10h_train_acc', 'c10h_val_loss', 'c10h_val_acc', 'c10h_train_c10_loss', 'c10h_train_c10_acc', 'c10h_val_c10_loss', 'c10h_val_c10_acc', 'v4_loss', 'v4_acc', 'v6_loss', 'v6_acc', 'c10_50k_loss', 'c10_50k_acc']) 
 c10h_outdir:  /tigress/ruairidh/model_results/run_1/saves/wrn_28_10/con_False_lr_0.001_seed_0
[2018/09/25 21:35:17 __main__ INFO] - Train 98
[2018/09/25 21:35:36 __main__ INFO] - TEST 98
[2018/09/25 21:36:24 __main__ INFO] - - epoch 98    c10h_train    : 0.1940 (acc: 0.9912) | c10h_val    : 0.2757 (acc: 0.9630)
[2018/09/25 21:36:24 __main__ INFO] - -            c10h_train_c10: 0.0623 (acc: 0.9858) | c10h_val_c10: 0.1287 (acc: 0.9640)
[2018/09/25 21:36:24 __main__ INFO] - -            v4            : 0.3349 (acc: 0.8921) |           v6: 0.3041 (acc: 0.9065)
[2018/09/25 21:36:24 __main__ INFO] - -            c10_50k       : 0.0363 (acc: 0.9988)
[2018/09/25 21:36:24 __main__ INFO] - Elapsed 47.84
keys:  dict_keys(['epoch', 'c10h_train_loss', 'c10h_train_acc', 'c10h_val_loss', 'c10h_val_acc', 'c10h_train_c10_loss', 'c10h_train_c10_acc', 'c10h_val_c10_loss', 'c10h_val_c10_acc', 'v4_loss', 'v4_acc', 'v6_loss', 'v6_acc', 'c10_50k_loss', 'c10_50k_acc']) 
 c10h_outdir:  /tigress/ruairidh/model_results/run_1/saves/wrn_28_10/con_False_lr_0.001_seed_0
[2018/09/25 21:36:26 __main__ INFO] - Train 99
[2018/09/25 21:36:46 __main__ INFO] - TEST 99
[2018/09/25 21:37:34 __main__ INFO] - - epoch 99    c10h_train    : 0.1942 (acc: 0.9901) | c10h_val    : 0.2765 (acc: 0.9630)
[2018/09/25 21:37:34 __main__ INFO] - -            c10h_train_c10: 0.0595 (acc: 0.9859) | c10h_val_c10: 0.1267 (acc: 0.9640)
[2018/09/25 21:37:34 __main__ INFO] - -            v4            : 0.3379 (acc: 0.8902) |           v6: 0.3007 (acc: 0.9085)
[2018/09/25 21:37:34 __main__ INFO] - -            c10_50k       : 0.0342 (acc: 0.9988)
[2018/09/25 21:37:34 __main__ INFO] - Elapsed 48.12
keys:  dict_keys(['epoch', 'c10h_train_loss', 'c10h_train_acc', 'c10h_val_loss', 'c10h_val_acc', 'c10h_train_c10_loss', 'c10h_train_c10_acc', 'c10h_val_c10_loss', 'c10h_val_c10_acc', 'v4_loss', 'v4_acc', 'v6_loss', 'v6_acc', 'c10_50k_loss', 'c10_50k_acc']) 
 c10h_outdir:  /tigress/ruairidh/model_results/run_1/saves/wrn_28_10/con_False_lr_0.001_seed_0
[2018/09/25 21:37:35 __main__ INFO] - Train 100
[2018/09/25 21:37:54 __main__ INFO] - TEST 100
[2018/09/25 21:38:42 __main__ INFO] - - epoch 100    c10h_train    : 0.1939 (acc: 0.9912) | c10h_val    : 0.2769 (acc: 0.9620)
[2018/09/25 21:38:43 __main__ INFO] - -            c10h_train_c10: 0.0617 (acc: 0.9852) | c10h_val_c10: 0.1294 (acc: 0.9630)
[2018/09/25 21:38:43 __main__ INFO] - -            v4            : 0.3395 (acc: 0.8906) |           v6: 0.2994 (acc: 0.9075)
[2018/09/25 21:38:43 __main__ INFO] - -            c10_50k       : 0.0351 (acc: 0.9989)
[2018/09/25 21:38:43 __main__ INFO] - Elapsed 48.15
keys:  dict_keys(['epoch', 'c10h_train_loss', 'c10h_train_acc', 'c10h_val_loss', 'c10h_val_acc', 'c10h_train_c10_loss', 'c10h_train_c10_acc', 'c10h_val_c10_loss', 'c10h_val_c10_acc', 'v4_loss', 'v4_acc', 'v6_loss', 'v6_acc', 'c10_50k_loss', 'c10_50k_acc']) 
 c10h_outdir:  /tigress/ruairidh/model_results/run_1/saves/wrn_28_10/con_False_lr_0.001_seed_0
inner done
