entering inner script
activating virtual env
wrn_28_10
identifier: con_False_lr_0.001_seed_2
--arch=wrn --c10h_save_interval=2 --dataset=CIFAR10H --no_output --c10h_datasplit_seed=2 --human_tune --nonhuman_control=False --base_lr=0.001
wrn_28_10_control:False_lr:0.001_seed:2.out
entering python script
/tigress/ruairidh/model_results/run_1/wrn_28_10/model_best_state.pth
/tigress/ruairidh/model_results/run_1/saves/wrn_28_10/con_False_lr_0.001_seed_2
Using TensorFlow backend.
[2018/09/25 19:42:00 __main__ INFO] - {
  "model_config": {
    "arch": "wrn",
    "input_shape": [
      1,
      3,
      32,
      32
    ],
    "n_classes": 10,
    "base_channels": 16,
    "depth": 28,
    "widening_factor": 10,
    "drop_rate": 0
  },
  "optim_config": {
    "epochs": 200,
    "batch_size": 128,
    "optimizer": "sgd",
    "base_lr": 0.001,
    "weight_decay": 0.0005,
    "momentum": 0.9,
    "nesterov": true,
    "scheduler": "multistep",
    "milestones": [
      60,
      120,
      160
    ],
    "lr_decay": 0.2
  },
  "data_config": {
    "dataset": "CIFAR10H",
    "n_classes": 10,
    "num_workers": 7,
    "batch_size": 128,
    "use_cutout": false,
    "use_random_erasing": false,
    "use_mixup": false,
    "c10h_sample": false,
    "c10h_testsplit_percent": 0.1,
    "c10h_datasplit_seed": 2,
    "use_gpu": true
  },
  "run_config": {
    "seed": 17,
    "test_first": true,
    "gpu": "0",
    "tensorboard": false,
    "tensorboard_train_images": false,
    "tensorboard_test_images": false,
    "tensorboard_model_params": false,
    "resume": "/tigress/ruairidh/model_results/run_1/wrn_28_10/model_best_state.pth",
    "human_tune": true,
    "no_output": true,
    "test_only": false,
    "nonhuman_control": false,
    "c10h_scores_outdir": "/tigress/ruairidh/model_results/run_1/saves/wrn_28_10/con_False_lr_0.001_seed_2",
    "c10h_save_interval": "2",
    "use_gpu": true
  },
  "env_info": {
    "pytorch_version": "0.4.1",
    "cuda_version": "9.0.176",
    "cudnn_version": 7102,
    "gpu0": {
      "name": "Tesla P100-PCIE-16GB",
      "capability": "6.0"
    }
  }
}
Files already downloaded and verified
Files already downloaded and verified
Files already downloaded and verified
Files already downloaded and verified
Files already downloaded and verified
[2018/09/25 19:42:04 __main__ INFO] - Loading model...
[2018/09/25 19:42:05 __main__ INFO] - n_params: 36479194
[2018/09/25 19:42:07 __main__ INFO] - Done
=> loading checkpoint '/tigress/ruairidh/model_results/run_1/wrn_28_10/model_best_state.pth'
=> loaded checkpoint '/tigress/ruairidh/model_results/run_1/wrn_28_10/model_best_state.pth' (epoch 197)
[2018/09/25 19:42:10 __main__ INFO] - TEST 0
[2018/09/25 19:43:00 __main__ INFO] - - epoch 0    c10h_train    : 0.4530 (acc: 0.9493) | c10h_val    : 0.4780 (acc: 0.9620)
[2018/09/25 19:43:00 __main__ INFO] - -            c10h_train_c10: 0.1676 (acc: 0.9526) | c10h_val_c10: 0.1461 (acc: 0.9650)
[2018/09/25 19:43:00 __main__ INFO] - -            v4            : 0.4034 (acc: 0.8986) |           v6: 0.3818 (acc: 0.9100)
[2018/09/25 19:43:00 __main__ INFO] - -            c10_50k       : 0.0012 (acc: 1.0000)
[2018/09/25 19:43:00 __main__ INFO] - Elapsed 49.86
keys:  dict_keys(['epoch', 'c10h_train_loss', 'c10h_train_acc', 'c10h_val_loss', 'c10h_val_acc', 'c10h_train_c10_loss', 'c10h_train_c10_acc', 'c10h_val_c10_loss', 'c10h_val_c10_acc', 'v4_loss', 'v4_acc', 'v6_loss', 'v6_acc', 'c10_50k_loss', 'c10_50k_acc']) 
 c10h_outdir:  /tigress/ruairidh/model_results/run_1/saves/wrn_28_10/con_False_lr_0.001_seed_2
[2018/09/25 19:43:01 __main__ INFO] - Train 1
[2018/09/25 19:43:21 __main__ INFO] - TEST 1
[2018/09/25 19:44:09 __main__ INFO] - - epoch 1    c10h_train    : 0.3347 (acc: 0.9577) | c10h_val    : 0.3963 (acc: 0.9520)
[2018/09/25 19:44:09 __main__ INFO] - -            c10h_train_c10: 0.1193 (acc: 0.9588) | c10h_val_c10: 0.1484 (acc: 0.9540)
[2018/09/25 19:44:09 __main__ INFO] - -            v4            : 0.3557 (acc: 0.8946) |           v6: 0.3480 (acc: 0.8980)
[2018/09/25 19:44:09 __main__ INFO] - -            c10_50k       : 0.0111 (acc: 0.9997)
[2018/09/25 19:44:09 __main__ INFO] - Elapsed 47.51
keys:  dict_keys(['epoch', 'c10h_train_loss', 'c10h_train_acc', 'c10h_val_loss', 'c10h_val_acc', 'c10h_train_c10_loss', 'c10h_train_c10_acc', 'c10h_val_c10_loss', 'c10h_val_c10_acc', 'v4_loss', 'v4_acc', 'v6_loss', 'v6_acc', 'c10_50k_loss', 'c10_50k_acc']) 
 c10h_outdir:  /tigress/ruairidh/model_results/run_1/saves/wrn_28_10/con_False_lr_0.001_seed_2
[2018/09/25 19:44:10 __main__ INFO] - Train 2
[2018/09/25 19:44:30 __main__ INFO] - TEST 2
[2018/09/25 19:45:18 __main__ INFO] - - epoch 2    c10h_train    : 0.2843 (acc: 0.9653) | c10h_val    : 0.3495 (acc: 0.9540)
[2018/09/25 19:45:18 __main__ INFO] - -            c10h_train_c10: 0.1095 (acc: 0.9676) | c10h_val_c10: 0.1531 (acc: 0.9560)
[2018/09/25 19:45:18 __main__ INFO] - -            v4            : 0.3451 (acc: 0.8892) |           v6: 0.3005 (acc: 0.9080)
[2018/09/25 19:45:18 __main__ INFO] - -            c10_50k       : 0.0264 (acc: 0.9999)
[2018/09/25 19:45:18 __main__ INFO] - Elapsed 48.09
keys:  dict_keys(['epoch', 'c10h_train_loss', 'c10h_train_acc', 'c10h_val_loss', 'c10h_val_acc', 'c10h_train_c10_loss', 'c10h_train_c10_acc', 'c10h_val_c10_loss', 'c10h_val_c10_acc', 'v4_loss', 'v4_acc', 'v6_loss', 'v6_acc', 'c10_50k_loss', 'c10_50k_acc']) 
 c10h_outdir:  /tigress/ruairidh/model_results/run_1/saves/wrn_28_10/con_False_lr_0.001_seed_2
[2018/09/25 19:45:20 __main__ INFO] - Train 3
[2018/09/25 19:45:39 __main__ INFO] - TEST 3
[2018/09/25 19:46:27 __main__ INFO] - - epoch 3    c10h_train    : 0.2648 (acc: 0.9694) | c10h_val    : 0.3313 (acc: 0.9530)
[2018/09/25 19:46:27 __main__ INFO] - -            c10h_train_c10: 0.1045 (acc: 0.9702) | c10h_val_c10: 0.1491 (acc: 0.9580)
[2018/09/25 19:46:27 __main__ INFO] - -            v4            : 0.3361 (acc: 0.8956) |           v6: 0.2935 (acc: 0.9095)
[2018/09/25 19:46:27 __main__ INFO] - -            c10_50k       : 0.0310 (acc: 0.9999)
[2018/09/25 19:46:27 __main__ INFO] - Elapsed 47.87
keys:  dict_keys(['epoch', 'c10h_train_loss', 'c10h_train_acc', 'c10h_val_loss', 'c10h_val_acc', 'c10h_train_c10_loss', 'c10h_train_c10_acc', 'c10h_val_c10_loss', 'c10h_val_c10_acc', 'v4_loss', 'v4_acc', 'v6_loss', 'v6_acc', 'c10_50k_loss', 'c10_50k_acc']) 
 c10h_outdir:  /tigress/ruairidh/model_results/run_1/saves/wrn_28_10/con_False_lr_0.001_seed_2
[2018/09/25 19:46:29 __main__ INFO] - Train 4
[2018/09/25 19:46:48 __main__ INFO] - TEST 4
[2018/09/25 19:47:36 __main__ INFO] - - epoch 4    c10h_train    : 0.2514 (acc: 0.9750) | c10h_val    : 0.3287 (acc: 0.9500)
[2018/09/25 19:47:36 __main__ INFO] - -            c10h_train_c10: 0.0921 (acc: 0.9750) | c10h_val_c10: 0.1467 (acc: 0.9530)
[2018/09/25 19:47:36 __main__ INFO] - -            v4            : 0.3148 (acc: 0.8981) |           v6: 0.2930 (acc: 0.9085)
[2018/09/25 19:47:36 __main__ INFO] - -            c10_50k       : 0.0308 (acc: 0.9997)
[2018/09/25 19:47:36 __main__ INFO] - Elapsed 47.75
keys:  dict_keys(['epoch', 'c10h_train_loss', 'c10h_train_acc', 'c10h_val_loss', 'c10h_val_acc', 'c10h_train_c10_loss', 'c10h_train_c10_acc', 'c10h_val_c10_loss', 'c10h_val_c10_acc', 'v4_loss', 'v4_acc', 'v6_loss', 'v6_acc', 'c10_50k_loss', 'c10_50k_acc']) 
 c10h_outdir:  /tigress/ruairidh/model_results/run_1/saves/wrn_28_10/con_False_lr_0.001_seed_2
[2018/09/25 19:47:37 __main__ INFO] - Train 5
[2018/09/25 19:47:56 __main__ INFO] - TEST 5
[2018/09/25 19:48:44 __main__ INFO] - - epoch 5    c10h_train    : 0.2454 (acc: 0.9764) | c10h_val    : 0.3263 (acc: 0.9530)
[2018/09/25 19:48:44 __main__ INFO] - -            c10h_train_c10: 0.0854 (acc: 0.9772) | c10h_val_c10: 0.1422 (acc: 0.9560)
[2018/09/25 19:48:44 __main__ INFO] - -            v4            : 0.3304 (acc: 0.8976) |           v6: 0.2915 (acc: 0.9050)
[2018/09/25 19:48:44 __main__ INFO] - -            c10_50k       : 0.0288 (acc: 0.9996)
[2018/09/25 19:48:44 __main__ INFO] - Elapsed 47.75
keys:  dict_keys(['epoch', 'c10h_train_loss', 'c10h_train_acc', 'c10h_val_loss', 'c10h_val_acc', 'c10h_train_c10_loss', 'c10h_train_c10_acc', 'c10h_val_c10_loss', 'c10h_val_c10_acc', 'v4_loss', 'v4_acc', 'v6_loss', 'v6_acc', 'c10_50k_loss', 'c10_50k_acc']) 
 c10h_outdir:  /tigress/ruairidh/model_results/run_1/saves/wrn_28_10/con_False_lr_0.001_seed_2
[2018/09/25 19:48:46 __main__ INFO] - Train 6
[2018/09/25 19:49:05 __main__ INFO] - TEST 6
[2018/09/25 19:49:53 __main__ INFO] - - epoch 6    c10h_train    : 0.2388 (acc: 0.9797) | c10h_val    : 0.3247 (acc: 0.9490)
[2018/09/25 19:49:53 __main__ INFO] - -            c10h_train_c10: 0.0830 (acc: 0.9793) | c10h_val_c10: 0.1469 (acc: 0.9520)
[2018/09/25 19:49:53 __main__ INFO] - -            v4            : 0.3340 (acc: 0.8902) |           v6: 0.3013 (acc: 0.9015)
[2018/09/25 19:49:53 __main__ INFO] - -            c10_50k       : 0.0334 (acc: 0.9996)
[2018/09/25 19:49:53 __main__ INFO] - Elapsed 47.86
keys:  dict_keys(['epoch', 'c10h_train_loss', 'c10h_train_acc', 'c10h_val_loss', 'c10h_val_acc', 'c10h_train_c10_loss', 'c10h_train_c10_acc', 'c10h_val_c10_loss', 'c10h_val_c10_acc', 'v4_loss', 'v4_acc', 'v6_loss', 'v6_acc', 'c10_50k_loss', 'c10_50k_acc']) 
 c10h_outdir:  /tigress/ruairidh/model_results/run_1/saves/wrn_28_10/con_False_lr_0.001_seed_2
[2018/09/25 19:49:54 __main__ INFO] - Train 7
[2018/09/25 19:50:13 __main__ INFO] - TEST 7
[2018/09/25 19:51:01 __main__ INFO] - - epoch 7    c10h_train    : 0.2323 (acc: 0.9823) | c10h_val    : 0.3197 (acc: 0.9550)
[2018/09/25 19:51:01 __main__ INFO] - -            c10h_train_c10: 0.0779 (acc: 0.9818) | c10h_val_c10: 0.1414 (acc: 0.9580)
[2018/09/25 19:51:01 __main__ INFO] - -            v4            : 0.3290 (acc: 0.8956) |           v6: 0.3042 (acc: 0.8990)
[2018/09/25 19:51:01 __main__ INFO] - -            c10_50k       : 0.0325 (acc: 0.9997)
[2018/09/25 19:51:01 __main__ INFO] - Elapsed 47.90
keys:  dict_keys(['epoch', 'c10h_train_loss', 'c10h_train_acc', 'c10h_val_loss', 'c10h_val_acc', 'c10h_train_c10_loss', 'c10h_train_c10_acc', 'c10h_val_c10_loss', 'c10h_val_c10_acc', 'v4_loss', 'v4_acc', 'v6_loss', 'v6_acc', 'c10_50k_loss', 'c10_50k_acc']) 
 c10h_outdir:  /tigress/ruairidh/model_results/run_1/saves/wrn_28_10/con_False_lr_0.001_seed_2
[2018/09/25 19:51:02 __main__ INFO] - Train 8
[2018/09/25 19:51:21 __main__ INFO] - TEST 8
[2018/09/25 19:52:09 __main__ INFO] - - epoch 8    c10h_train    : 0.2328 (acc: 0.9802) | c10h_val    : 0.3275 (acc: 0.9530)
[2018/09/25 19:52:09 __main__ INFO] - -            c10h_train_c10: 0.0762 (acc: 0.9798) | c10h_val_c10: 0.1460 (acc: 0.9560)
[2018/09/25 19:52:09 __main__ INFO] - -            v4            : 0.3269 (acc: 0.9000) |           v6: 0.2925 (acc: 0.9105)
[2018/09/25 19:52:09 __main__ INFO] - -            c10_50k       : 0.0296 (acc: 0.9996)
[2018/09/25 19:52:09 __main__ INFO] - Elapsed 47.91
keys:  dict_keys(['epoch', 'c10h_train_loss', 'c10h_train_acc', 'c10h_val_loss', 'c10h_val_acc', 'c10h_train_c10_loss', 'c10h_train_c10_acc', 'c10h_val_c10_loss', 'c10h_val_c10_acc', 'v4_loss', 'v4_acc', 'v6_loss', 'v6_acc', 'c10_50k_loss', 'c10_50k_acc']) 
 c10h_outdir:  /tigress/ruairidh/model_results/run_1/saves/wrn_28_10/con_False_lr_0.001_seed_2
[2018/09/25 19:52:12 __main__ INFO] - Train 9
[2018/09/25 19:52:31 __main__ INFO] - TEST 9
[2018/09/25 19:53:19 __main__ INFO] - - epoch 9    c10h_train    : 0.2281 (acc: 0.9833) | c10h_val    : 0.3227 (acc: 0.9530)
[2018/09/25 19:53:19 __main__ INFO] - -            c10h_train_c10: 0.0755 (acc: 0.9821) | c10h_val_c10: 0.1438 (acc: 0.9560)
[2018/09/25 19:53:19 __main__ INFO] - -            v4            : 0.3260 (acc: 0.8951) |           v6: 0.2971 (acc: 0.9035)
[2018/09/25 19:53:19 __main__ INFO] - -            c10_50k       : 0.0327 (acc: 0.9996)
[2018/09/25 19:53:19 __main__ INFO] - Elapsed 47.57
keys:  dict_keys(['epoch', 'c10h_train_loss', 'c10h_train_acc', 'c10h_val_loss', 'c10h_val_acc', 'c10h_train_c10_loss', 'c10h_train_c10_acc', 'c10h_val_c10_loss', 'c10h_val_c10_acc', 'v4_loss', 'v4_acc', 'v6_loss', 'v6_acc', 'c10_50k_loss', 'c10_50k_acc']) 
 c10h_outdir:  /tigress/ruairidh/model_results/run_1/saves/wrn_28_10/con_False_lr_0.001_seed_2
[2018/09/25 19:53:21 __main__ INFO] - Train 10
[2018/09/25 19:53:40 __main__ INFO] - TEST 10
[2018/09/25 19:54:27 __main__ INFO] - - epoch 10    c10h_train    : 0.2264 (acc: 0.9831) | c10h_val    : 0.3206 (acc: 0.9520)
[2018/09/25 19:54:27 __main__ INFO] - -            c10h_train_c10: 0.0745 (acc: 0.9823) | c10h_val_c10: 0.1421 (acc: 0.9550)
[2018/09/25 19:54:27 __main__ INFO] - -            v4            : 0.3311 (acc: 0.8926) |           v6: 0.2976 (acc: 0.9055)
[2018/09/25 19:54:27 __main__ INFO] - -            c10_50k       : 0.0323 (acc: 0.9998)
[2018/09/25 19:54:27 __main__ INFO] - Elapsed 47.40
keys:  dict_keys(['epoch', 'c10h_train_loss', 'c10h_train_acc', 'c10h_val_loss', 'c10h_val_acc', 'c10h_train_c10_loss', 'c10h_train_c10_acc', 'c10h_val_c10_loss', 'c10h_val_c10_acc', 'v4_loss', 'v4_acc', 'v6_loss', 'v6_acc', 'c10_50k_loss', 'c10_50k_acc']) 
 c10h_outdir:  /tigress/ruairidh/model_results/run_1/saves/wrn_28_10/con_False_lr_0.001_seed_2
[2018/09/25 19:54:29 __main__ INFO] - Train 11
[2018/09/25 19:54:48 __main__ INFO] - TEST 11
[2018/09/25 19:55:36 __main__ INFO] - - epoch 11    c10h_train    : 0.2232 (acc: 0.9858) | c10h_val    : 0.3201 (acc: 0.9540)
[2018/09/25 19:55:36 __main__ INFO] - -            c10h_train_c10: 0.0690 (acc: 0.9851) | c10h_val_c10: 0.1394 (acc: 0.9570)
[2018/09/25 19:55:36 __main__ INFO] - -            v4            : 0.3297 (acc: 0.8916) |           v6: 0.3020 (acc: 0.9030)
[2018/09/25 19:55:36 __main__ INFO] - -            c10_50k       : 0.0314 (acc: 0.9994)
[2018/09/25 19:55:36 __main__ INFO] - Elapsed 47.74
keys:  dict_keys(['epoch', 'c10h_train_loss', 'c10h_train_acc', 'c10h_val_loss', 'c10h_val_acc', 'c10h_train_c10_loss', 'c10h_train_c10_acc', 'c10h_val_c10_loss', 'c10h_val_c10_acc', 'v4_loss', 'v4_acc', 'v6_loss', 'v6_acc', 'c10_50k_loss', 'c10_50k_acc']) 
 c10h_outdir:  /tigress/ruairidh/model_results/run_1/saves/wrn_28_10/con_False_lr_0.001_seed_2
[2018/09/25 19:55:37 __main__ INFO] - Train 12
[2018/09/25 19:55:56 __main__ INFO] - TEST 12
[2018/09/25 19:56:44 __main__ INFO] - - epoch 12    c10h_train    : 0.2223 (acc: 0.9849) | c10h_val    : 0.3225 (acc: 0.9540)
[2018/09/25 19:56:44 __main__ INFO] - -            c10h_train_c10: 0.0709 (acc: 0.9829) | c10h_val_c10: 0.1427 (acc: 0.9570)
[2018/09/25 19:56:44 __main__ INFO] - -            v4            : 0.3340 (acc: 0.8892) |           v6: 0.2959 (acc: 0.9060)
[2018/09/25 19:56:44 __main__ INFO] - -            c10_50k       : 0.0320 (acc: 0.9996)
[2018/09/25 19:56:44 __main__ INFO] - Elapsed 47.45
keys:  dict_keys(['epoch', 'c10h_train_loss', 'c10h_train_acc', 'c10h_val_loss', 'c10h_val_acc', 'c10h_train_c10_loss', 'c10h_train_c10_acc', 'c10h_val_c10_loss', 'c10h_val_c10_acc', 'v4_loss', 'v4_acc', 'v6_loss', 'v6_acc', 'c10_50k_loss', 'c10_50k_acc']) 
 c10h_outdir:  /tigress/ruairidh/model_results/run_1/saves/wrn_28_10/con_False_lr_0.001_seed_2
[2018/09/25 19:56:45 __main__ INFO] - Train 13
[2018/09/25 19:57:05 __main__ INFO] - TEST 13
[2018/09/25 19:57:53 __main__ INFO] - - epoch 13    c10h_train    : 0.2202 (acc: 0.9851) | c10h_val    : 0.3194 (acc: 0.9540)
[2018/09/25 19:57:54 __main__ INFO] - -            c10h_train_c10: 0.0699 (acc: 0.9829) | c10h_val_c10: 0.1402 (acc: 0.9570)
[2018/09/25 19:57:54 __main__ INFO] - -            v4            : 0.3440 (acc: 0.8882) |           v6: 0.2946 (acc: 0.9070)
[2018/09/25 19:57:54 __main__ INFO] - -            c10_50k       : 0.0320 (acc: 0.9997)
[2018/09/25 19:57:54 __main__ INFO] - Elapsed 48.55
keys:  dict_keys(['epoch', 'c10h_train_loss', 'c10h_train_acc', 'c10h_val_loss', 'c10h_val_acc', 'c10h_train_c10_loss', 'c10h_train_c10_acc', 'c10h_val_c10_loss', 'c10h_val_c10_acc', 'v4_loss', 'v4_acc', 'v6_loss', 'v6_acc', 'c10_50k_loss', 'c10_50k_acc']) 
 c10h_outdir:  /tigress/ruairidh/model_results/run_1/saves/wrn_28_10/con_False_lr_0.001_seed_2
[2018/09/25 19:57:56 __main__ INFO] - Train 14
[2018/09/25 19:58:16 __main__ INFO] - TEST 14
[2018/09/25 19:59:04 __main__ INFO] - - epoch 14    c10h_train    : 0.2178 (acc: 0.9863) | c10h_val    : 0.3208 (acc: 0.9500)
[2018/09/25 19:59:04 __main__ INFO] - -            c10h_train_c10: 0.0669 (acc: 0.9849) | c10h_val_c10: 0.1430 (acc: 0.9530)
[2018/09/25 19:59:04 __main__ INFO] - -            v4            : 0.3231 (acc: 0.9000) |           v6: 0.2970 (acc: 0.9080)
[2018/09/25 19:59:04 __main__ INFO] - -            c10_50k       : 0.0327 (acc: 0.9996)
[2018/09/25 19:59:04 __main__ INFO] - Elapsed 47.71
keys:  dict_keys(['epoch', 'c10h_train_loss', 'c10h_train_acc', 'c10h_val_loss', 'c10h_val_acc', 'c10h_train_c10_loss', 'c10h_train_c10_acc', 'c10h_val_c10_loss', 'c10h_val_c10_acc', 'v4_loss', 'v4_acc', 'v6_loss', 'v6_acc', 'c10_50k_loss', 'c10_50k_acc']) 
 c10h_outdir:  /tigress/ruairidh/model_results/run_1/saves/wrn_28_10/con_False_lr_0.001_seed_2
[2018/09/25 19:59:06 __main__ INFO] - Train 15
[2018/09/25 19:59:26 __main__ INFO] - TEST 15
[2018/09/25 20:00:14 __main__ INFO] - - epoch 15    c10h_train    : 0.2174 (acc: 0.9851) | c10h_val    : 0.3226 (acc: 0.9490)
[2018/09/25 20:00:14 __main__ INFO] - -            c10h_train_c10: 0.0685 (acc: 0.9836) | c10h_val_c10: 0.1437 (acc: 0.9520)
[2018/09/25 20:00:14 __main__ INFO] - -            v4            : 0.3221 (acc: 0.8981) |           v6: 0.2986 (acc: 0.9070)
[2018/09/25 20:00:14 __main__ INFO] - -            c10_50k       : 0.0320 (acc: 0.9995)
[2018/09/25 20:00:14 __main__ INFO] - Elapsed 48.24
keys:  dict_keys(['epoch', 'c10h_train_loss', 'c10h_train_acc', 'c10h_val_loss', 'c10h_val_acc', 'c10h_train_c10_loss', 'c10h_train_c10_acc', 'c10h_val_c10_loss', 'c10h_val_c10_acc', 'v4_loss', 'v4_acc', 'v6_loss', 'v6_acc', 'c10_50k_loss', 'c10_50k_acc']) 
 c10h_outdir:  /tigress/ruairidh/model_results/run_1/saves/wrn_28_10/con_False_lr_0.001_seed_2
[2018/09/25 20:00:16 __main__ INFO] - Train 16
[2018/09/25 20:00:35 __main__ INFO] - TEST 16
[2018/09/25 20:01:23 __main__ INFO] - - epoch 16    c10h_train    : 0.2166 (acc: 0.9860) | c10h_val    : 0.3248 (acc: 0.9520)
[2018/09/25 20:01:23 __main__ INFO] - -            c10h_train_c10: 0.0672 (acc: 0.9846) | c10h_val_c10: 0.1479 (acc: 0.9550)
[2018/09/25 20:01:23 __main__ INFO] - -            v4            : 0.3382 (acc: 0.8892) |           v6: 0.3045 (acc: 0.9060)
[2018/09/25 20:01:23 __main__ INFO] - -            c10_50k       : 0.0327 (acc: 0.9995)
[2018/09/25 20:01:23 __main__ INFO] - Elapsed 47.77
keys:  dict_keys(['epoch', 'c10h_train_loss', 'c10h_train_acc', 'c10h_val_loss', 'c10h_val_acc', 'c10h_train_c10_loss', 'c10h_train_c10_acc', 'c10h_val_c10_loss', 'c10h_val_c10_acc', 'v4_loss', 'v4_acc', 'v6_loss', 'v6_acc', 'c10_50k_loss', 'c10_50k_acc']) 
 c10h_outdir:  /tigress/ruairidh/model_results/run_1/saves/wrn_28_10/con_False_lr_0.001_seed_2
[2018/09/25 20:01:26 __main__ INFO] - Train 17
[2018/09/25 20:01:46 __main__ INFO] - TEST 17
[2018/09/25 20:02:33 __main__ INFO] - - epoch 17    c10h_train    : 0.2153 (acc: 0.9863) | c10h_val    : 0.3201 (acc: 0.9540)
[2018/09/25 20:02:33 __main__ INFO] - -            c10h_train_c10: 0.0687 (acc: 0.9843) | c10h_val_c10: 0.1480 (acc: 0.9570)
[2018/09/25 20:02:33 __main__ INFO] - -            v4            : 0.3297 (acc: 0.8951) |           v6: 0.3041 (acc: 0.9085)
[2018/09/25 20:02:33 __main__ INFO] - -            c10_50k       : 0.0356 (acc: 0.9992)
[2018/09/25 20:02:33 __main__ INFO] - Elapsed 47.36
keys:  dict_keys(['epoch', 'c10h_train_loss', 'c10h_train_acc', 'c10h_val_loss', 'c10h_val_acc', 'c10h_train_c10_loss', 'c10h_train_c10_acc', 'c10h_val_c10_loss', 'c10h_val_c10_acc', 'v4_loss', 'v4_acc', 'v6_loss', 'v6_acc', 'c10_50k_loss', 'c10_50k_acc']) 
 c10h_outdir:  /tigress/ruairidh/model_results/run_1/saves/wrn_28_10/con_False_lr_0.001_seed_2
[2018/09/25 20:02:35 __main__ INFO] - Train 18
[2018/09/25 20:02:54 __main__ INFO] - TEST 18
[2018/09/25 20:03:42 __main__ INFO] - - epoch 18    c10h_train    : 0.2146 (acc: 0.9880) | c10h_val    : 0.3228 (acc: 0.9540)
[2018/09/25 20:03:42 __main__ INFO] - -            c10h_train_c10: 0.0599 (acc: 0.9872) | c10h_val_c10: 0.1438 (acc: 0.9570)
[2018/09/25 20:03:42 __main__ INFO] - -            v4            : 0.3222 (acc: 0.8956) |           v6: 0.2989 (acc: 0.9075)
[2018/09/25 20:03:42 __main__ INFO] - -            c10_50k       : 0.0309 (acc: 0.9995)
[2018/09/25 20:03:42 __main__ INFO] - Elapsed 47.69
keys:  dict_keys(['epoch', 'c10h_train_loss', 'c10h_train_acc', 'c10h_val_loss', 'c10h_val_acc', 'c10h_train_c10_loss', 'c10h_train_c10_acc', 'c10h_val_c10_loss', 'c10h_val_c10_acc', 'v4_loss', 'v4_acc', 'v6_loss', 'v6_acc', 'c10_50k_loss', 'c10_50k_acc']) 
 c10h_outdir:  /tigress/ruairidh/model_results/run_1/saves/wrn_28_10/con_False_lr_0.001_seed_2
[2018/09/25 20:03:44 __main__ INFO] - Train 19
[2018/09/25 20:04:03 __main__ INFO] - TEST 19
[2018/09/25 20:04:51 __main__ INFO] - - epoch 19    c10h_train    : 0.2130 (acc: 0.9864) | c10h_val    : 0.3229 (acc: 0.9510)
[2018/09/25 20:04:51 __main__ INFO] - -            c10h_train_c10: 0.0635 (acc: 0.9857) | c10h_val_c10: 0.1460 (acc: 0.9540)
[2018/09/25 20:04:51 __main__ INFO] - -            v4            : 0.3273 (acc: 0.8936) |           v6: 0.2975 (acc: 0.9060)
[2018/09/25 20:04:51 __main__ INFO] - -            c10_50k       : 0.0317 (acc: 0.9996)
[2018/09/25 20:04:51 __main__ INFO] - Elapsed 47.48
keys:  dict_keys(['epoch', 'c10h_train_loss', 'c10h_train_acc', 'c10h_val_loss', 'c10h_val_acc', 'c10h_train_c10_loss', 'c10h_train_c10_acc', 'c10h_val_c10_loss', 'c10h_val_c10_acc', 'v4_loss', 'v4_acc', 'v6_loss', 'v6_acc', 'c10_50k_loss', 'c10_50k_acc']) 
 c10h_outdir:  /tigress/ruairidh/model_results/run_1/saves/wrn_28_10/con_False_lr_0.001_seed_2
[2018/09/25 20:04:51 __main__ INFO] - Train 20
[2018/09/25 20:05:11 __main__ INFO] - TEST 20
[2018/09/25 20:05:58 __main__ INFO] - - epoch 20    c10h_train    : 0.2119 (acc: 0.9874) | c10h_val    : 0.3211 (acc: 0.9500)
[2018/09/25 20:05:58 __main__ INFO] - -            c10h_train_c10: 0.0640 (acc: 0.9858) | c10h_val_c10: 0.1460 (acc: 0.9530)
[2018/09/25 20:05:58 __main__ INFO] - -            v4            : 0.3281 (acc: 0.8971) |           v6: 0.2986 (acc: 0.9115)
[2018/09/25 20:05:58 __main__ INFO] - -            c10_50k       : 0.0334 (acc: 0.9993)
[2018/09/25 20:05:58 __main__ INFO] - Elapsed 47.51
keys:  dict_keys(['epoch', 'c10h_train_loss', 'c10h_train_acc', 'c10h_val_loss', 'c10h_val_acc', 'c10h_train_c10_loss', 'c10h_train_c10_acc', 'c10h_val_c10_loss', 'c10h_val_c10_acc', 'v4_loss', 'v4_acc', 'v6_loss', 'v6_acc', 'c10_50k_loss', 'c10_50k_acc']) 
 c10h_outdir:  /tigress/ruairidh/model_results/run_1/saves/wrn_28_10/con_False_lr_0.001_seed_2
[2018/09/25 20:06:01 __main__ INFO] - Train 21
[2018/09/25 20:06:20 __main__ INFO] - TEST 21
[2018/09/25 20:07:08 __main__ INFO] - - epoch 21    c10h_train    : 0.2112 (acc: 0.9867) | c10h_val    : 0.3202 (acc: 0.9530)
[2018/09/25 20:07:08 __main__ INFO] - -            c10h_train_c10: 0.0632 (acc: 0.9856) | c10h_val_c10: 0.1449 (acc: 0.9560)
[2018/09/25 20:07:08 __main__ INFO] - -            v4            : 0.3355 (acc: 0.8931) |           v6: 0.2994 (acc: 0.9080)
[2018/09/25 20:07:08 __main__ INFO] - -            c10_50k       : 0.0327 (acc: 0.9995)
[2018/09/25 20:07:08 __main__ INFO] - Elapsed 47.44
keys:  dict_keys(['epoch', 'c10h_train_loss', 'c10h_train_acc', 'c10h_val_loss', 'c10h_val_acc', 'c10h_train_c10_loss', 'c10h_train_c10_acc', 'c10h_val_c10_loss', 'c10h_val_c10_acc', 'v4_loss', 'v4_acc', 'v6_loss', 'v6_acc', 'c10_50k_loss', 'c10_50k_acc']) 
 c10h_outdir:  /tigress/ruairidh/model_results/run_1/saves/wrn_28_10/con_False_lr_0.001_seed_2
[2018/09/25 20:07:09 __main__ INFO] - Train 22
[2018/09/25 20:07:28 __main__ INFO] - TEST 22
[2018/09/25 20:08:16 __main__ INFO] - - epoch 22    c10h_train    : 0.2114 (acc: 0.9863) | c10h_val    : 0.3187 (acc: 0.9520)
[2018/09/25 20:08:16 __main__ INFO] - -            c10h_train_c10: 0.0618 (acc: 0.9850) | c10h_val_c10: 0.1402 (acc: 0.9550)
[2018/09/25 20:08:16 __main__ INFO] - -            v4            : 0.3289 (acc: 0.8956) |           v6: 0.2976 (acc: 0.9050)
[2018/09/25 20:08:16 __main__ INFO] - -            c10_50k       : 0.0318 (acc: 0.9996)
[2018/09/25 20:08:16 __main__ INFO] - Elapsed 47.54
keys:  dict_keys(['epoch', 'c10h_train_loss', 'c10h_train_acc', 'c10h_val_loss', 'c10h_val_acc', 'c10h_train_c10_loss', 'c10h_train_c10_acc', 'c10h_val_c10_loss', 'c10h_val_c10_acc', 'v4_loss', 'v4_acc', 'v6_loss', 'v6_acc', 'c10_50k_loss', 'c10_50k_acc']) 
 c10h_outdir:  /tigress/ruairidh/model_results/run_1/saves/wrn_28_10/con_False_lr_0.001_seed_2
[2018/09/25 20:08:18 __main__ INFO] - Train 23
[2018/09/25 20:08:38 __main__ INFO] - TEST 23
[2018/09/25 20:09:25 __main__ INFO] - - epoch 23    c10h_train    : 0.2104 (acc: 0.9881) | c10h_val    : 0.3205 (acc: 0.9550)
[2018/09/25 20:09:25 __main__ INFO] - -            c10h_train_c10: 0.0637 (acc: 0.9860) | c10h_val_c10: 0.1448 (acc: 0.9580)
[2018/09/25 20:09:25 __main__ INFO] - -            v4            : 0.3267 (acc: 0.8991) |           v6: 0.3017 (acc: 0.9055)
[2018/09/25 20:09:25 __main__ INFO] - -            c10_50k       : 0.0342 (acc: 0.9990)
[2018/09/25 20:09:25 __main__ INFO] - Elapsed 47.41
keys:  dict_keys(['epoch', 'c10h_train_loss', 'c10h_train_acc', 'c10h_val_loss', 'c10h_val_acc', 'c10h_train_c10_loss', 'c10h_train_c10_acc', 'c10h_val_c10_loss', 'c10h_val_c10_acc', 'v4_loss', 'v4_acc', 'v6_loss', 'v6_acc', 'c10_50k_loss', 'c10_50k_acc']) 
 c10h_outdir:  /tigress/ruairidh/model_results/run_1/saves/wrn_28_10/con_False_lr_0.001_seed_2
[2018/09/25 20:09:26 __main__ INFO] - Train 24
[2018/09/25 20:09:45 __main__ INFO] - TEST 24
[2018/09/25 20:10:32 __main__ INFO] - - epoch 24    c10h_train    : 0.2095 (acc: 0.9879) | c10h_val    : 0.3179 (acc: 0.9570)
[2018/09/25 20:10:33 __main__ INFO] - -            c10h_train_c10: 0.0612 (acc: 0.9864) | c10h_val_c10: 0.1413 (acc: 0.9600)
[2018/09/25 20:10:33 __main__ INFO] - -            v4            : 0.3264 (acc: 0.8986) |           v6: 0.2954 (acc: 0.9095)
[2018/09/25 20:10:33 __main__ INFO] - -            c10_50k       : 0.0331 (acc: 0.9993)
[2018/09/25 20:10:33 __main__ INFO] - Elapsed 47.20
keys:  dict_keys(['epoch', 'c10h_train_loss', 'c10h_train_acc', 'c10h_val_loss', 'c10h_val_acc', 'c10h_train_c10_loss', 'c10h_train_c10_acc', 'c10h_val_c10_loss', 'c10h_val_c10_acc', 'v4_loss', 'v4_acc', 'v6_loss', 'v6_acc', 'c10_50k_loss', 'c10_50k_acc']) 
 c10h_outdir:  /tigress/ruairidh/model_results/run_1/saves/wrn_28_10/con_False_lr_0.001_seed_2
[2018/09/25 20:10:34 __main__ INFO] - Train 25
[2018/09/25 20:10:54 __main__ INFO] - TEST 25
[2018/09/25 20:11:41 __main__ INFO] - - epoch 25    c10h_train    : 0.2081 (acc: 0.9883) | c10h_val    : 0.3186 (acc: 0.9570)
[2018/09/25 20:11:41 __main__ INFO] - -            c10h_train_c10: 0.0621 (acc: 0.9858) | c10h_val_c10: 0.1450 (acc: 0.9600)
[2018/09/25 20:11:41 __main__ INFO] - -            v4            : 0.3368 (acc: 0.8956) |           v6: 0.3031 (acc: 0.9050)
[2018/09/25 20:11:41 __main__ INFO] - -            c10_50k       : 0.0342 (acc: 0.9991)
[2018/09/25 20:11:41 __main__ INFO] - Elapsed 47.34
keys:  dict_keys(['epoch', 'c10h_train_loss', 'c10h_train_acc', 'c10h_val_loss', 'c10h_val_acc', 'c10h_train_c10_loss', 'c10h_train_c10_acc', 'c10h_val_c10_loss', 'c10h_val_c10_acc', 'v4_loss', 'v4_acc', 'v6_loss', 'v6_acc', 'c10_50k_loss', 'c10_50k_acc']) 
 c10h_outdir:  /tigress/ruairidh/model_results/run_1/saves/wrn_28_10/con_False_lr_0.001_seed_2
[2018/09/25 20:11:43 __main__ INFO] - Train 26
[2018/09/25 20:12:03 __main__ INFO] - TEST 26
[2018/09/25 20:12:50 __main__ INFO] - - epoch 26    c10h_train    : 0.2069 (acc: 0.9877) | c10h_val    : 0.3195 (acc: 0.9570)
[2018/09/25 20:12:50 __main__ INFO] - -            c10h_train_c10: 0.0600 (acc: 0.9859) | c10h_val_c10: 0.1439 (acc: 0.9600)
[2018/09/25 20:12:50 __main__ INFO] - -            v4            : 0.3132 (acc: 0.8966) |           v6: 0.3013 (acc: 0.9060)
[2018/09/25 20:12:50 __main__ INFO] - -            c10_50k       : 0.0327 (acc: 0.9993)
[2018/09/25 20:12:50 __main__ INFO] - Elapsed 47.32
keys:  dict_keys(['epoch', 'c10h_train_loss', 'c10h_train_acc', 'c10h_val_loss', 'c10h_val_acc', 'c10h_train_c10_loss', 'c10h_train_c10_acc', 'c10h_val_c10_loss', 'c10h_val_c10_acc', 'v4_loss', 'v4_acc', 'v6_loss', 'v6_acc', 'c10_50k_loss', 'c10_50k_acc']) 
 c10h_outdir:  /tigress/ruairidh/model_results/run_1/saves/wrn_28_10/con_False_lr_0.001_seed_2
[2018/09/25 20:12:51 __main__ INFO] - Train 27
[2018/09/25 20:13:10 __main__ INFO] - TEST 27
[2018/09/25 20:13:57 __main__ INFO] - - epoch 27    c10h_train    : 0.2082 (acc: 0.9882) | c10h_val    : 0.3196 (acc: 0.9550)
[2018/09/25 20:13:57 __main__ INFO] - -            c10h_train_c10: 0.0620 (acc: 0.9857) | c10h_val_c10: 0.1451 (acc: 0.9580)
[2018/09/25 20:13:57 __main__ INFO] - -            v4            : 0.3422 (acc: 0.8911) |           v6: 0.3042 (acc: 0.9020)
[2018/09/25 20:13:57 __main__ INFO] - -            c10_50k       : 0.0337 (acc: 0.9988)
[2018/09/25 20:13:57 __main__ INFO] - Elapsed 47.37
keys:  dict_keys(['epoch', 'c10h_train_loss', 'c10h_train_acc', 'c10h_val_loss', 'c10h_val_acc', 'c10h_train_c10_loss', 'c10h_train_c10_acc', 'c10h_val_c10_loss', 'c10h_val_c10_acc', 'v4_loss', 'v4_acc', 'v6_loss', 'v6_acc', 'c10_50k_loss', 'c10_50k_acc']) 
 c10h_outdir:  /tigress/ruairidh/model_results/run_1/saves/wrn_28_10/con_False_lr_0.001_seed_2
[2018/09/25 20:13:59 __main__ INFO] - Train 28
[2018/09/25 20:14:18 __main__ INFO] - TEST 28
[2018/09/25 20:15:06 __main__ INFO] - - epoch 28    c10h_train    : 0.2076 (acc: 0.9891) | c10h_val    : 0.3191 (acc: 0.9560)
[2018/09/25 20:15:06 __main__ INFO] - -            c10h_train_c10: 0.0614 (acc: 0.9868) | c10h_val_c10: 0.1444 (acc: 0.9590)
[2018/09/25 20:15:06 __main__ INFO] - -            v4            : 0.3349 (acc: 0.8906) |           v6: 0.3011 (acc: 0.9075)
[2018/09/25 20:15:06 __main__ INFO] - -            c10_50k       : 0.0339 (acc: 0.9991)
[2018/09/25 20:15:06 __main__ INFO] - Elapsed 47.71
keys:  dict_keys(['epoch', 'c10h_train_loss', 'c10h_train_acc', 'c10h_val_loss', 'c10h_val_acc', 'c10h_train_c10_loss', 'c10h_train_c10_acc', 'c10h_val_c10_loss', 'c10h_val_c10_acc', 'v4_loss', 'v4_acc', 'v6_loss', 'v6_acc', 'c10_50k_loss', 'c10_50k_acc']) 
 c10h_outdir:  /tigress/ruairidh/model_results/run_1/saves/wrn_28_10/con_False_lr_0.001_seed_2
[2018/09/25 20:15:08 __main__ INFO] - Train 29
[2018/09/25 20:15:27 __main__ INFO] - TEST 29
[2018/09/25 20:16:14 __main__ INFO] - - epoch 29    c10h_train    : 0.2064 (acc: 0.9881) | c10h_val    : 0.3207 (acc: 0.9530)
[2018/09/25 20:16:15 __main__ INFO] - -            c10h_train_c10: 0.0614 (acc: 0.9861) | c10h_val_c10: 0.1457 (acc: 0.9560)
[2018/09/25 20:16:15 __main__ INFO] - -            v4            : 0.3345 (acc: 0.8892) |           v6: 0.3005 (acc: 0.9075)
[2018/09/25 20:16:15 __main__ INFO] - -            c10_50k       : 0.0334 (acc: 0.9993)
[2018/09/25 20:16:15 __main__ INFO] - Elapsed 47.49
keys:  dict_keys(['epoch', 'c10h_train_loss', 'c10h_train_acc', 'c10h_val_loss', 'c10h_val_acc', 'c10h_train_c10_loss', 'c10h_train_c10_acc', 'c10h_val_c10_loss', 'c10h_val_c10_acc', 'v4_loss', 'v4_acc', 'v6_loss', 'v6_acc', 'c10_50k_loss', 'c10_50k_acc']) 
 c10h_outdir:  /tigress/ruairidh/model_results/run_1/saves/wrn_28_10/con_False_lr_0.001_seed_2
[2018/09/25 20:16:16 __main__ INFO] - Train 30
[2018/09/25 20:16:35 __main__ INFO] - TEST 30
[2018/09/25 20:17:22 __main__ INFO] - - epoch 30    c10h_train    : 0.2059 (acc: 0.9888) | c10h_val    : 0.3216 (acc: 0.9550)
[2018/09/25 20:17:22 __main__ INFO] - -            c10h_train_c10: 0.0617 (acc: 0.9862) | c10h_val_c10: 0.1489 (acc: 0.9580)
[2018/09/25 20:17:22 __main__ INFO] - -            v4            : 0.3379 (acc: 0.8902) |           v6: 0.2979 (acc: 0.9095)
[2018/09/25 20:17:22 __main__ INFO] - -            c10_50k       : 0.0344 (acc: 0.9989)
[2018/09/25 20:17:22 __main__ INFO] - Elapsed 47.42
keys:  dict_keys(['epoch', 'c10h_train_loss', 'c10h_train_acc', 'c10h_val_loss', 'c10h_val_acc', 'c10h_train_c10_loss', 'c10h_train_c10_acc', 'c10h_val_c10_loss', 'c10h_val_c10_acc', 'v4_loss', 'v4_acc', 'v6_loss', 'v6_acc', 'c10_50k_loss', 'c10_50k_acc']) 
 c10h_outdir:  /tigress/ruairidh/model_results/run_1/saves/wrn_28_10/con_False_lr_0.001_seed_2
[2018/09/25 20:17:23 __main__ INFO] - Train 31
[2018/09/25 20:17:42 __main__ INFO] - TEST 31
[2018/09/25 20:18:30 __main__ INFO] - - epoch 31    c10h_train    : 0.2054 (acc: 0.9892) | c10h_val    : 0.3197 (acc: 0.9560)
[2018/09/25 20:18:30 __main__ INFO] - -            c10h_train_c10: 0.0618 (acc: 0.9854) | c10h_val_c10: 0.1467 (acc: 0.9590)
[2018/09/25 20:18:30 __main__ INFO] - -            v4            : 0.3303 (acc: 0.8976) |           v6: 0.2969 (acc: 0.9080)
[2018/09/25 20:18:30 __main__ INFO] - -            c10_50k       : 0.0344 (acc: 0.9989)
[2018/09/25 20:18:30 __main__ INFO] - Elapsed 47.41
keys:  dict_keys(['epoch', 'c10h_train_loss', 'c10h_train_acc', 'c10h_val_loss', 'c10h_val_acc', 'c10h_train_c10_loss', 'c10h_train_c10_acc', 'c10h_val_c10_loss', 'c10h_val_c10_acc', 'v4_loss', 'v4_acc', 'v6_loss', 'v6_acc', 'c10_50k_loss', 'c10_50k_acc']) 
 c10h_outdir:  /tigress/ruairidh/model_results/run_1/saves/wrn_28_10/con_False_lr_0.001_seed_2
[2018/09/25 20:18:32 __main__ INFO] - Train 32
[2018/09/25 20:18:51 __main__ INFO] - TEST 32
[2018/09/25 20:19:38 __main__ INFO] - - epoch 32    c10h_train    : 0.2046 (acc: 0.9888) | c10h_val    : 0.3192 (acc: 0.9530)
[2018/09/25 20:19:39 __main__ INFO] - -            c10h_train_c10: 0.0626 (acc: 0.9851) | c10h_val_c10: 0.1463 (acc: 0.9560)
[2018/09/25 20:19:39 __main__ INFO] - -            v4            : 0.3343 (acc: 0.8936) |           v6: 0.2928 (acc: 0.9085)
[2018/09/25 20:19:39 __main__ INFO] - -            c10_50k       : 0.0342 (acc: 0.9990)
[2018/09/25 20:19:39 __main__ INFO] - Elapsed 47.48
keys:  dict_keys(['epoch', 'c10h_train_loss', 'c10h_train_acc', 'c10h_val_loss', 'c10h_val_acc', 'c10h_train_c10_loss', 'c10h_train_c10_acc', 'c10h_val_c10_loss', 'c10h_val_c10_acc', 'v4_loss', 'v4_acc', 'v6_loss', 'v6_acc', 'c10_50k_loss', 'c10_50k_acc']) 
 c10h_outdir:  /tigress/ruairidh/model_results/run_1/saves/wrn_28_10/con_False_lr_0.001_seed_2
[2018/09/25 20:19:39 __main__ INFO] - Train 33
[2018/09/25 20:19:59 __main__ INFO] - TEST 33
[2018/09/25 20:20:46 __main__ INFO] - - epoch 33    c10h_train    : 0.2040 (acc: 0.9899) | c10h_val    : 0.3212 (acc: 0.9520)
[2018/09/25 20:20:46 __main__ INFO] - -            c10h_train_c10: 0.0612 (acc: 0.9863) | c10h_val_c10: 0.1506 (acc: 0.9550)
[2018/09/25 20:20:46 __main__ INFO] - -            v4            : 0.3391 (acc: 0.8986) |           v6: 0.3003 (acc: 0.9095)
[2018/09/25 20:20:46 __main__ INFO] - -            c10_50k       : 0.0350 (acc: 0.9991)
[2018/09/25 20:20:46 __main__ INFO] - Elapsed 47.75
keys:  dict_keys(['epoch', 'c10h_train_loss', 'c10h_train_acc', 'c10h_val_loss', 'c10h_val_acc', 'c10h_train_c10_loss', 'c10h_train_c10_acc', 'c10h_val_c10_loss', 'c10h_val_c10_acc', 'v4_loss', 'v4_acc', 'v6_loss', 'v6_acc', 'c10_50k_loss', 'c10_50k_acc']) 
 c10h_outdir:  /tigress/ruairidh/model_results/run_1/saves/wrn_28_10/con_False_lr_0.001_seed_2
[2018/09/25 20:20:49 __main__ INFO] - Train 34
[2018/09/25 20:21:08 __main__ INFO] - TEST 34
[2018/09/25 20:21:55 __main__ INFO] - - epoch 34    c10h_train    : 0.2039 (acc: 0.9882) | c10h_val    : 0.3231 (acc: 0.9550)
[2018/09/25 20:21:56 __main__ INFO] - -            c10h_train_c10: 0.0633 (acc: 0.9864) | c10h_val_c10: 0.1543 (acc: 0.9580)
[2018/09/25 20:21:56 __main__ INFO] - -            v4            : 0.3327 (acc: 0.8956) |           v6: 0.3009 (acc: 0.9085)
[2018/09/25 20:21:56 __main__ INFO] - -            c10_50k       : 0.0355 (acc: 0.9989)
[2018/09/25 20:21:56 __main__ INFO] - Elapsed 47.48
keys:  dict_keys(['epoch', 'c10h_train_loss', 'c10h_train_acc', 'c10h_val_loss', 'c10h_val_acc', 'c10h_train_c10_loss', 'c10h_train_c10_acc', 'c10h_val_c10_loss', 'c10h_val_c10_acc', 'v4_loss', 'v4_acc', 'v6_loss', 'v6_acc', 'c10_50k_loss', 'c10_50k_acc']) 
 c10h_outdir:  /tigress/ruairidh/model_results/run_1/saves/wrn_28_10/con_False_lr_0.001_seed_2
[2018/09/25 20:21:58 __main__ INFO] - Train 35
[2018/09/25 20:22:17 __main__ INFO] - TEST 35
[2018/09/25 20:23:04 __main__ INFO] - - epoch 35    c10h_train    : 0.2043 (acc: 0.9892) | c10h_val    : 0.3231 (acc: 0.9520)
[2018/09/25 20:23:05 __main__ INFO] - -            c10h_train_c10: 0.0596 (acc: 0.9864) | c10h_val_c10: 0.1509 (acc: 0.9550)
[2018/09/25 20:23:05 __main__ INFO] - -            v4            : 0.3318 (acc: 0.8936) |           v6: 0.3013 (acc: 0.9075)
[2018/09/25 20:23:05 __main__ INFO] - -            c10_50k       : 0.0328 (acc: 0.9991)
[2018/09/25 20:23:05 __main__ INFO] - Elapsed 47.46
keys:  dict_keys(['epoch', 'c10h_train_loss', 'c10h_train_acc', 'c10h_val_loss', 'c10h_val_acc', 'c10h_train_c10_loss', 'c10h_train_c10_acc', 'c10h_val_c10_loss', 'c10h_val_c10_acc', 'v4_loss', 'v4_acc', 'v6_loss', 'v6_acc', 'c10_50k_loss', 'c10_50k_acc']) 
 c10h_outdir:  /tigress/ruairidh/model_results/run_1/saves/wrn_28_10/con_False_lr_0.001_seed_2
[2018/09/25 20:23:05 __main__ INFO] - Train 36
[2018/09/25 20:23:24 __main__ INFO] - TEST 36
[2018/09/25 20:24:12 __main__ INFO] - - epoch 36    c10h_train    : 0.2028 (acc: 0.9883) | c10h_val    : 0.3190 (acc: 0.9540)
[2018/09/25 20:24:12 __main__ INFO] - -            c10h_train_c10: 0.0599 (acc: 0.9858) | c10h_val_c10: 0.1487 (acc: 0.9570)
[2018/09/25 20:24:12 __main__ INFO] - -            v4            : 0.3373 (acc: 0.8941) |           v6: 0.3015 (acc: 0.9095)
[2018/09/25 20:24:12 __main__ INFO] - -            c10_50k       : 0.0343 (acc: 0.9991)
[2018/09/25 20:24:12 __main__ INFO] - Elapsed 47.72
keys:  dict_keys(['epoch', 'c10h_train_loss', 'c10h_train_acc', 'c10h_val_loss', 'c10h_val_acc', 'c10h_train_c10_loss', 'c10h_train_c10_acc', 'c10h_val_c10_loss', 'c10h_val_c10_acc', 'v4_loss', 'v4_acc', 'v6_loss', 'v6_acc', 'c10_50k_loss', 'c10_50k_acc']) 
 c10h_outdir:  /tigress/ruairidh/model_results/run_1/saves/wrn_28_10/con_False_lr_0.001_seed_2
[2018/09/25 20:24:14 __main__ INFO] - Train 37
[2018/09/25 20:24:34 __main__ INFO] - TEST 37
[2018/09/25 20:25:21 __main__ INFO] - - epoch 37    c10h_train    : 0.2021 (acc: 0.9887) | c10h_val    : 0.3221 (acc: 0.9530)
[2018/09/25 20:25:21 __main__ INFO] - -            c10h_train_c10: 0.0593 (acc: 0.9860) | c10h_val_c10: 0.1488 (acc: 0.9560)
[2018/09/25 20:25:21 __main__ INFO] - -            v4            : 0.3493 (acc: 0.8941) |           v6: 0.2999 (acc: 0.9085)
[2018/09/25 20:25:21 __main__ INFO] - -            c10_50k       : 0.0335 (acc: 0.9990)
[2018/09/25 20:25:21 __main__ INFO] - Elapsed 47.74
keys:  dict_keys(['epoch', 'c10h_train_loss', 'c10h_train_acc', 'c10h_val_loss', 'c10h_val_acc', 'c10h_train_c10_loss', 'c10h_train_c10_acc', 'c10h_val_c10_loss', 'c10h_val_c10_acc', 'v4_loss', 'v4_acc', 'v6_loss', 'v6_acc', 'c10_50k_loss', 'c10_50k_acc']) 
 c10h_outdir:  /tigress/ruairidh/model_results/run_1/saves/wrn_28_10/con_False_lr_0.001_seed_2
[2018/09/25 20:25:24 __main__ INFO] - Train 38
[2018/09/25 20:25:43 __main__ INFO] - TEST 38
[2018/09/25 20:26:31 __main__ INFO] - - epoch 38    c10h_train    : 0.2022 (acc: 0.9882) | c10h_val    : 0.3219 (acc: 0.9560)
[2018/09/25 20:26:31 __main__ INFO] - -            c10h_train_c10: 0.0619 (acc: 0.9849) | c10h_val_c10: 0.1517 (acc: 0.9590)
[2018/09/25 20:26:31 __main__ INFO] - -            v4            : 0.3356 (acc: 0.8916) |           v6: 0.3089 (acc: 0.9055)
[2018/09/25 20:26:31 __main__ INFO] - -            c10_50k       : 0.0347 (acc: 0.9988)
[2018/09/25 20:26:31 __main__ INFO] - Elapsed 47.77
keys:  dict_keys(['epoch', 'c10h_train_loss', 'c10h_train_acc', 'c10h_val_loss', 'c10h_val_acc', 'c10h_train_c10_loss', 'c10h_train_c10_acc', 'c10h_val_c10_loss', 'c10h_val_c10_acc', 'v4_loss', 'v4_acc', 'v6_loss', 'v6_acc', 'c10_50k_loss', 'c10_50k_acc']) 
 c10h_outdir:  /tigress/ruairidh/model_results/run_1/saves/wrn_28_10/con_False_lr_0.001_seed_2
[2018/09/25 20:26:33 __main__ INFO] - Train 39
[2018/09/25 20:26:52 __main__ INFO] - TEST 39
[2018/09/25 20:27:40 __main__ INFO] - - epoch 39    c10h_train    : 0.2023 (acc: 0.9878) | c10h_val    : 0.3236 (acc: 0.9520)
[2018/09/25 20:27:40 __main__ INFO] - -            c10h_train_c10: 0.0610 (acc: 0.9844) | c10h_val_c10: 0.1508 (acc: 0.9550)
[2018/09/25 20:27:40 __main__ INFO] - -            v4            : 0.3318 (acc: 0.8981) |           v6: 0.3050 (acc: 0.9075)
[2018/09/25 20:27:40 __main__ INFO] - -            c10_50k       : 0.0334 (acc: 0.9991)
[2018/09/25 20:27:40 __main__ INFO] - Elapsed 47.75
keys:  dict_keys(['epoch', 'c10h_train_loss', 'c10h_train_acc', 'c10h_val_loss', 'c10h_val_acc', 'c10h_train_c10_loss', 'c10h_train_c10_acc', 'c10h_val_c10_loss', 'c10h_val_c10_acc', 'v4_loss', 'v4_acc', 'v6_loss', 'v6_acc', 'c10_50k_loss', 'c10_50k_acc']) 
 c10h_outdir:  /tigress/ruairidh/model_results/run_1/saves/wrn_28_10/con_False_lr_0.001_seed_2
[2018/09/25 20:27:42 __main__ INFO] - Train 40
[2018/09/25 20:28:02 __main__ INFO] - TEST 40
[2018/09/25 20:28:49 __main__ INFO] - - epoch 40    c10h_train    : 0.2012 (acc: 0.9891) | c10h_val    : 0.3235 (acc: 0.9550)
[2018/09/25 20:28:49 __main__ INFO] - -            c10h_train_c10: 0.0629 (acc: 0.9842) | c10h_val_c10: 0.1546 (acc: 0.9580)
[2018/09/25 20:28:49 __main__ INFO] - -            v4            : 0.3323 (acc: 0.8946) |           v6: 0.3045 (acc: 0.9120)
[2018/09/25 20:28:49 __main__ INFO] - -            c10_50k       : 0.0359 (acc: 0.9989)
[2018/09/25 20:28:49 __main__ INFO] - Elapsed 47.58
keys:  dict_keys(['epoch', 'c10h_train_loss', 'c10h_train_acc', 'c10h_val_loss', 'c10h_val_acc', 'c10h_train_c10_loss', 'c10h_train_c10_acc', 'c10h_val_c10_loss', 'c10h_val_c10_acc', 'v4_loss', 'v4_acc', 'v6_loss', 'v6_acc', 'c10_50k_loss', 'c10_50k_acc']) 
 c10h_outdir:  /tigress/ruairidh/model_results/run_1/saves/wrn_28_10/con_False_lr_0.001_seed_2
[2018/09/25 20:28:51 __main__ INFO] - Train 41
[2018/09/25 20:29:10 __main__ INFO] - TEST 41
[2018/09/25 20:29:58 __main__ INFO] - - epoch 41    c10h_train    : 0.2008 (acc: 0.9901) | c10h_val    : 0.3221 (acc: 0.9540)
[2018/09/25 20:29:58 __main__ INFO] - -            c10h_train_c10: 0.0618 (acc: 0.9860) | c10h_val_c10: 0.1514 (acc: 0.9570)
[2018/09/25 20:29:58 __main__ INFO] - -            v4            : 0.3430 (acc: 0.8926) |           v6: 0.3086 (acc: 0.9065)
[2018/09/25 20:29:58 __main__ INFO] - -            c10_50k       : 0.0347 (acc: 0.9989)
[2018/09/25 20:29:58 __main__ INFO] - Elapsed 47.85
keys:  dict_keys(['epoch', 'c10h_train_loss', 'c10h_train_acc', 'c10h_val_loss', 'c10h_val_acc', 'c10h_train_c10_loss', 'c10h_train_c10_acc', 'c10h_val_c10_loss', 'c10h_val_c10_acc', 'v4_loss', 'v4_acc', 'v6_loss', 'v6_acc', 'c10_50k_loss', 'c10_50k_acc']) 
 c10h_outdir:  /tigress/ruairidh/model_results/run_1/saves/wrn_28_10/con_False_lr_0.001_seed_2
[2018/09/25 20:29:59 __main__ INFO] - Train 42
[2018/09/25 20:30:18 __main__ INFO] - TEST 42
[2018/09/25 20:31:06 __main__ INFO] - - epoch 42    c10h_train    : 0.2012 (acc: 0.9894) | c10h_val    : 0.3200 (acc: 0.9520)
[2018/09/25 20:31:06 __main__ INFO] - -            c10h_train_c10: 0.0615 (acc: 0.9858) | c10h_val_c10: 0.1515 (acc: 0.9550)
[2018/09/25 20:31:06 __main__ INFO] - -            v4            : 0.3571 (acc: 0.8916) |           v6: 0.3073 (acc: 0.9080)
[2018/09/25 20:31:06 __main__ INFO] - -            c10_50k       : 0.0357 (acc: 0.9992)
[2018/09/25 20:31:06 __main__ INFO] - Elapsed 47.96
keys:  dict_keys(['epoch', 'c10h_train_loss', 'c10h_train_acc', 'c10h_val_loss', 'c10h_val_acc', 'c10h_train_c10_loss', 'c10h_train_c10_acc', 'c10h_val_c10_loss', 'c10h_val_c10_acc', 'v4_loss', 'v4_acc', 'v6_loss', 'v6_acc', 'c10_50k_loss', 'c10_50k_acc']) 
 c10h_outdir:  /tigress/ruairidh/model_results/run_1/saves/wrn_28_10/con_False_lr_0.001_seed_2
[2018/09/25 20:31:07 __main__ INFO] - Train 43
[2018/09/25 20:31:27 __main__ INFO] - TEST 43
[2018/09/25 20:32:15 __main__ INFO] - - epoch 43    c10h_train    : 0.2003 (acc: 0.9899) | c10h_val    : 0.3207 (acc: 0.9530)
[2018/09/25 20:32:15 __main__ INFO] - -            c10h_train_c10: 0.0611 (acc: 0.9847) | c10h_val_c10: 0.1516 (acc: 0.9560)
[2018/09/25 20:32:15 __main__ INFO] - -            v4            : 0.3494 (acc: 0.8822) |           v6: 0.3083 (acc: 0.9065)
[2018/09/25 20:32:15 __main__ INFO] - -            c10_50k       : 0.0346 (acc: 0.9988)
[2018/09/25 20:32:15 __main__ INFO] - Elapsed 47.74
keys:  dict_keys(['epoch', 'c10h_train_loss', 'c10h_train_acc', 'c10h_val_loss', 'c10h_val_acc', 'c10h_train_c10_loss', 'c10h_train_c10_acc', 'c10h_val_c10_loss', 'c10h_val_c10_acc', 'v4_loss', 'v4_acc', 'v6_loss', 'v6_acc', 'c10_50k_loss', 'c10_50k_acc']) 
 c10h_outdir:  /tigress/ruairidh/model_results/run_1/saves/wrn_28_10/con_False_lr_0.001_seed_2
[2018/09/25 20:32:16 __main__ INFO] - Train 44
[2018/09/25 20:32:35 __main__ INFO] - TEST 44
[2018/09/25 20:33:23 __main__ INFO] - - epoch 44    c10h_train    : 0.1998 (acc: 0.9884) | c10h_val    : 0.3208 (acc: 0.9520)
[2018/09/25 20:33:23 __main__ INFO] - -            c10h_train_c10: 0.0611 (acc: 0.9844) | c10h_val_c10: 0.1522 (acc: 0.9550)
[2018/09/25 20:33:23 __main__ INFO] - -            v4            : 0.3389 (acc: 0.8897) |           v6: 0.3063 (acc: 0.9075)
[2018/09/25 20:33:23 __main__ INFO] - -            c10_50k       : 0.0353 (acc: 0.9987)
[2018/09/25 20:33:23 __main__ INFO] - Elapsed 47.77
keys:  dict_keys(['epoch', 'c10h_train_loss', 'c10h_train_acc', 'c10h_val_loss', 'c10h_val_acc', 'c10h_train_c10_loss', 'c10h_train_c10_acc', 'c10h_val_c10_loss', 'c10h_val_c10_acc', 'v4_loss', 'v4_acc', 'v6_loss', 'v6_acc', 'c10_50k_loss', 'c10_50k_acc']) 
 c10h_outdir:  /tigress/ruairidh/model_results/run_1/saves/wrn_28_10/con_False_lr_0.001_seed_2
[2018/09/25 20:33:24 __main__ INFO] - Train 45
[2018/09/25 20:33:43 __main__ INFO] - TEST 45
[2018/09/25 20:34:31 __main__ INFO] - - epoch 45    c10h_train    : 0.1996 (acc: 0.9900) | c10h_val    : 0.3204 (acc: 0.9550)
[2018/09/25 20:34:31 __main__ INFO] - -            c10h_train_c10: 0.0605 (acc: 0.9863) | c10h_val_c10: 0.1514 (acc: 0.9580)
[2018/09/25 20:34:31 __main__ INFO] - -            v4            : 0.3272 (acc: 0.8961) |           v6: 0.2982 (acc: 0.9120)
[2018/09/25 20:34:31 __main__ INFO] - -            c10_50k       : 0.0351 (acc: 0.9992)
[2018/09/25 20:34:31 __main__ INFO] - Elapsed 47.71
keys:  dict_keys(['epoch', 'c10h_train_loss', 'c10h_train_acc', 'c10h_val_loss', 'c10h_val_acc', 'c10h_train_c10_loss', 'c10h_train_c10_acc', 'c10h_val_c10_loss', 'c10h_val_c10_acc', 'v4_loss', 'v4_acc', 'v6_loss', 'v6_acc', 'c10_50k_loss', 'c10_50k_acc']) 
 c10h_outdir:  /tigress/ruairidh/model_results/run_1/saves/wrn_28_10/con_False_lr_0.001_seed_2
[2018/09/25 20:34:33 __main__ INFO] - Train 46
[2018/09/25 20:34:53 __main__ INFO] - TEST 46
[2018/09/25 20:35:40 __main__ INFO] - - epoch 46    c10h_train    : 0.1999 (acc: 0.9892) | c10h_val    : 0.3205 (acc: 0.9530)
[2018/09/25 20:35:40 __main__ INFO] - -            c10h_train_c10: 0.0616 (acc: 0.9860) | c10h_val_c10: 0.1519 (acc: 0.9560)
[2018/09/25 20:35:40 __main__ INFO] - -            v4            : 0.3305 (acc: 0.8991) |           v6: 0.3037 (acc: 0.9100)
[2018/09/25 20:35:40 __main__ INFO] - -            c10_50k       : 0.0347 (acc: 0.9989)
[2018/09/25 20:35:40 __main__ INFO] - Elapsed 47.50
keys:  dict_keys(['epoch', 'c10h_train_loss', 'c10h_train_acc', 'c10h_val_loss', 'c10h_val_acc', 'c10h_train_c10_loss', 'c10h_train_c10_acc', 'c10h_val_c10_loss', 'c10h_val_c10_acc', 'v4_loss', 'v4_acc', 'v6_loss', 'v6_acc', 'c10_50k_loss', 'c10_50k_acc']) 
 c10h_outdir:  /tigress/ruairidh/model_results/run_1/saves/wrn_28_10/con_False_lr_0.001_seed_2
[2018/09/25 20:35:42 __main__ INFO] - Train 47
[2018/09/25 20:36:01 __main__ INFO] - TEST 47
[2018/09/25 20:36:49 __main__ INFO] - - epoch 47    c10h_train    : 0.1995 (acc: 0.9891) | c10h_val    : 0.3226 (acc: 0.9550)
[2018/09/25 20:36:49 __main__ INFO] - -            c10h_train_c10: 0.0598 (acc: 0.9853) | c10h_val_c10: 0.1510 (acc: 0.9580)
[2018/09/25 20:36:49 __main__ INFO] - -            v4            : 0.3392 (acc: 0.8902) |           v6: 0.2997 (acc: 0.9115)
[2018/09/25 20:36:49 __main__ INFO] - -            c10_50k       : 0.0328 (acc: 0.9989)
[2018/09/25 20:36:49 __main__ INFO] - Elapsed 47.80
keys:  dict_keys(['epoch', 'c10h_train_loss', 'c10h_train_acc', 'c10h_val_loss', 'c10h_val_acc', 'c10h_train_c10_loss', 'c10h_train_c10_acc', 'c10h_val_c10_loss', 'c10h_val_c10_acc', 'v4_loss', 'v4_acc', 'v6_loss', 'v6_acc', 'c10_50k_loss', 'c10_50k_acc']) 
 c10h_outdir:  /tigress/ruairidh/model_results/run_1/saves/wrn_28_10/con_False_lr_0.001_seed_2
[2018/09/25 20:36:51 __main__ INFO] - Train 48
[2018/09/25 20:37:11 __main__ INFO] - TEST 48
[2018/09/25 20:37:58 __main__ INFO] - - epoch 48    c10h_train    : 0.1987 (acc: 0.9889) | c10h_val    : 0.3227 (acc: 0.9500)
[2018/09/25 20:37:58 __main__ INFO] - -            c10h_train_c10: 0.0587 (acc: 0.9860) | c10h_val_c10: 0.1538 (acc: 0.9530)
[2018/09/25 20:37:58 __main__ INFO] - -            v4            : 0.3527 (acc: 0.8872) |           v6: 0.3012 (acc: 0.9110)
[2018/09/25 20:37:58 __main__ INFO] - -            c10_50k       : 0.0336 (acc: 0.9990)
[2018/09/25 20:37:58 __main__ INFO] - Elapsed 47.51
keys:  dict_keys(['epoch', 'c10h_train_loss', 'c10h_train_acc', 'c10h_val_loss', 'c10h_val_acc', 'c10h_train_c10_loss', 'c10h_train_c10_acc', 'c10h_val_c10_loss', 'c10h_val_c10_acc', 'v4_loss', 'v4_acc', 'v6_loss', 'v6_acc', 'c10_50k_loss', 'c10_50k_acc']) 
 c10h_outdir:  /tigress/ruairidh/model_results/run_1/saves/wrn_28_10/con_False_lr_0.001_seed_2
[2018/09/25 20:37:59 __main__ INFO] - Train 49
[2018/09/25 20:38:19 __main__ INFO] - TEST 49
[2018/09/25 20:39:06 __main__ INFO] - - epoch 49    c10h_train    : 0.1985 (acc: 0.9890) | c10h_val    : 0.3197 (acc: 0.9530)
[2018/09/25 20:39:06 __main__ INFO] - -            c10h_train_c10: 0.0622 (acc: 0.9856) | c10h_val_c10: 0.1521 (acc: 0.9560)
[2018/09/25 20:39:06 __main__ INFO] - -            v4            : 0.3381 (acc: 0.8921) |           v6: 0.3068 (acc: 0.9095)
[2018/09/25 20:39:06 __main__ INFO] - -            c10_50k       : 0.0357 (acc: 0.9989)
[2018/09/25 20:39:06 __main__ INFO] - Elapsed 47.30
keys:  dict_keys(['epoch', 'c10h_train_loss', 'c10h_train_acc', 'c10h_val_loss', 'c10h_val_acc', 'c10h_train_c10_loss', 'c10h_train_c10_acc', 'c10h_val_c10_loss', 'c10h_val_c10_acc', 'v4_loss', 'v4_acc', 'v6_loss', 'v6_acc', 'c10_50k_loss', 'c10_50k_acc']) 
 c10h_outdir:  /tigress/ruairidh/model_results/run_1/saves/wrn_28_10/con_False_lr_0.001_seed_2
[2018/09/25 20:39:07 __main__ INFO] - Train 50
[2018/09/25 20:39:26 __main__ INFO] - TEST 50
[2018/09/25 20:40:14 __main__ INFO] - - epoch 50    c10h_train    : 0.1982 (acc: 0.9897) | c10h_val    : 0.3213 (acc: 0.9530)
[2018/09/25 20:40:14 __main__ INFO] - -            c10h_train_c10: 0.0584 (acc: 0.9869) | c10h_val_c10: 0.1497 (acc: 0.9560)
[2018/09/25 20:40:14 __main__ INFO] - -            v4            : 0.3306 (acc: 0.8986) |           v6: 0.3032 (acc: 0.9080)
[2018/09/25 20:40:14 __main__ INFO] - -            c10_50k       : 0.0335 (acc: 0.9990)
[2018/09/25 20:40:14 __main__ INFO] - Elapsed 47.40
keys:  dict_keys(['epoch', 'c10h_train_loss', 'c10h_train_acc', 'c10h_val_loss', 'c10h_val_acc', 'c10h_train_c10_loss', 'c10h_train_c10_acc', 'c10h_val_c10_loss', 'c10h_val_c10_acc', 'v4_loss', 'v4_acc', 'v6_loss', 'v6_acc', 'c10_50k_loss', 'c10_50k_acc']) 
 c10h_outdir:  /tigress/ruairidh/model_results/run_1/saves/wrn_28_10/con_False_lr_0.001_seed_2
[2018/09/25 20:40:15 __main__ INFO] - Train 51
[2018/09/25 20:40:35 __main__ INFO] - TEST 51
[2018/09/25 20:41:22 __main__ INFO] - - epoch 51    c10h_train    : 0.1980 (acc: 0.9901) | c10h_val    : 0.3212 (acc: 0.9530)
[2018/09/25 20:41:23 __main__ INFO] - -            c10h_train_c10: 0.0604 (acc: 0.9860) | c10h_val_c10: 0.1533 (acc: 0.9560)
[2018/09/25 20:41:23 __main__ INFO] - -            v4            : 0.3391 (acc: 0.8897) |           v6: 0.3039 (acc: 0.9100)
[2018/09/25 20:41:23 __main__ INFO] - -            c10_50k       : 0.0355 (acc: 0.9987)
[2018/09/25 20:41:23 __main__ INFO] - Elapsed 47.66
keys:  dict_keys(['epoch', 'c10h_train_loss', 'c10h_train_acc', 'c10h_val_loss', 'c10h_val_acc', 'c10h_train_c10_loss', 'c10h_train_c10_acc', 'c10h_val_c10_loss', 'c10h_val_c10_acc', 'v4_loss', 'v4_acc', 'v6_loss', 'v6_acc', 'c10_50k_loss', 'c10_50k_acc']) 
 c10h_outdir:  /tigress/ruairidh/model_results/run_1/saves/wrn_28_10/con_False_lr_0.001_seed_2
[2018/09/25 20:41:25 __main__ INFO] - Train 52
[2018/09/25 20:41:44 __main__ INFO] - TEST 52
[2018/09/25 20:42:32 __main__ INFO] - - epoch 52    c10h_train    : 0.1978 (acc: 0.9901) | c10h_val    : 0.3228 (acc: 0.9520)
[2018/09/25 20:42:32 __main__ INFO] - -            c10h_train_c10: 0.0614 (acc: 0.9849) | c10h_val_c10: 0.1538 (acc: 0.9550)
[2018/09/25 20:42:32 __main__ INFO] - -            v4            : 0.3397 (acc: 0.8956) |           v6: 0.3049 (acc: 0.9095)
[2018/09/25 20:42:32 __main__ INFO] - -            c10_50k       : 0.0346 (acc: 0.9989)
[2018/09/25 20:42:32 __main__ INFO] - Elapsed 47.57
keys:  dict_keys(['epoch', 'c10h_train_loss', 'c10h_train_acc', 'c10h_val_loss', 'c10h_val_acc', 'c10h_train_c10_loss', 'c10h_train_c10_acc', 'c10h_val_c10_loss', 'c10h_val_c10_acc', 'v4_loss', 'v4_acc', 'v6_loss', 'v6_acc', 'c10_50k_loss', 'c10_50k_acc']) 
 c10h_outdir:  /tigress/ruairidh/model_results/run_1/saves/wrn_28_10/con_False_lr_0.001_seed_2
[2018/09/25 20:42:35 __main__ INFO] - Train 53
[2018/09/25 20:42:54 __main__ INFO] - TEST 53
[2018/09/25 20:43:42 __main__ INFO] - - epoch 53    c10h_train    : 0.1962 (acc: 0.9903) | c10h_val    : 0.3207 (acc: 0.9510)
[2018/09/25 20:43:42 __main__ INFO] - -            c10h_train_c10: 0.0612 (acc: 0.9858) | c10h_val_c10: 0.1538 (acc: 0.9540)
[2018/09/25 20:43:42 __main__ INFO] - -            v4            : 0.3390 (acc: 0.8976) |           v6: 0.3022 (acc: 0.9110)
[2018/09/25 20:43:42 __main__ INFO] - -            c10_50k       : 0.0364 (acc: 0.9988)
[2018/09/25 20:43:42 __main__ INFO] - Elapsed 47.56
keys:  dict_keys(['epoch', 'c10h_train_loss', 'c10h_train_acc', 'c10h_val_loss', 'c10h_val_acc', 'c10h_train_c10_loss', 'c10h_train_c10_acc', 'c10h_val_c10_loss', 'c10h_val_c10_acc', 'v4_loss', 'v4_acc', 'v6_loss', 'v6_acc', 'c10_50k_loss', 'c10_50k_acc']) 
 c10h_outdir:  /tigress/ruairidh/model_results/run_1/saves/wrn_28_10/con_False_lr_0.001_seed_2
[2018/09/25 20:43:42 __main__ INFO] - Train 54
[2018/09/25 20:44:02 __main__ INFO] - TEST 54
[2018/09/25 20:44:49 __main__ INFO] - - epoch 54    c10h_train    : 0.1972 (acc: 0.9897) | c10h_val    : 0.3198 (acc: 0.9520)
[2018/09/25 20:44:49 __main__ INFO] - -            c10h_train_c10: 0.0607 (acc: 0.9853) | c10h_val_c10: 0.1501 (acc: 0.9550)
[2018/09/25 20:44:49 __main__ INFO] - -            v4            : 0.3489 (acc: 0.8936) |           v6: 0.3092 (acc: 0.9085)
[2018/09/25 20:44:49 __main__ INFO] - -            c10_50k       : 0.0351 (acc: 0.9988)
[2018/09/25 20:44:49 __main__ INFO] - Elapsed 47.63
keys:  dict_keys(['epoch', 'c10h_train_loss', 'c10h_train_acc', 'c10h_val_loss', 'c10h_val_acc', 'c10h_train_c10_loss', 'c10h_train_c10_acc', 'c10h_val_c10_loss', 'c10h_val_c10_acc', 'v4_loss', 'v4_acc', 'v6_loss', 'v6_acc', 'c10_50k_loss', 'c10_50k_acc']) 
 c10h_outdir:  /tigress/ruairidh/model_results/run_1/saves/wrn_28_10/con_False_lr_0.001_seed_2
[2018/09/25 20:44:52 __main__ INFO] - Train 55
[2018/09/25 20:45:12 __main__ INFO] - TEST 55
[2018/09/25 20:45:59 __main__ INFO] - - epoch 55    c10h_train    : 0.1970 (acc: 0.9887) | c10h_val    : 0.3207 (acc: 0.9500)
[2018/09/25 20:45:59 __main__ INFO] - -            c10h_train_c10: 0.0613 (acc: 0.9859) | c10h_val_c10: 0.1510 (acc: 0.9530)
[2018/09/25 20:45:59 __main__ INFO] - -            v4            : 0.3387 (acc: 0.8827) |           v6: 0.3010 (acc: 0.9100)
[2018/09/25 20:45:59 __main__ INFO] - -            c10_50k       : 0.0361 (acc: 0.9987)
[2018/09/25 20:45:59 __main__ INFO] - Elapsed 47.55
keys:  dict_keys(['epoch', 'c10h_train_loss', 'c10h_train_acc', 'c10h_val_loss', 'c10h_val_acc', 'c10h_train_c10_loss', 'c10h_train_c10_acc', 'c10h_val_c10_loss', 'c10h_val_c10_acc', 'v4_loss', 'v4_acc', 'v6_loss', 'v6_acc', 'c10_50k_loss', 'c10_50k_acc']) 
 c10h_outdir:  /tigress/ruairidh/model_results/run_1/saves/wrn_28_10/con_False_lr_0.001_seed_2
[2018/09/25 20:46:00 __main__ INFO] - Train 56
[2018/09/25 20:46:20 __main__ INFO] - TEST 56
[2018/09/25 20:47:07 __main__ INFO] - - epoch 56    c10h_train    : 0.1964 (acc: 0.9892) | c10h_val    : 0.3179 (acc: 0.9530)
[2018/09/25 20:47:07 __main__ INFO] - -            c10h_train_c10: 0.0625 (acc: 0.9851) | c10h_val_c10: 0.1495 (acc: 0.9560)
[2018/09/25 20:47:07 __main__ INFO] - -            v4            : 0.3586 (acc: 0.8837) |           v6: 0.3078 (acc: 0.9055)
[2018/09/25 20:47:07 __main__ INFO] - -            c10_50k       : 0.0369 (acc: 0.9986)
[2018/09/25 20:47:07 __main__ INFO] - Elapsed 47.69
keys:  dict_keys(['epoch', 'c10h_train_loss', 'c10h_train_acc', 'c10h_val_loss', 'c10h_val_acc', 'c10h_train_c10_loss', 'c10h_train_c10_acc', 'c10h_val_c10_loss', 'c10h_val_c10_acc', 'v4_loss', 'v4_acc', 'v6_loss', 'v6_acc', 'c10_50k_loss', 'c10_50k_acc']) 
 c10h_outdir:  /tigress/ruairidh/model_results/run_1/saves/wrn_28_10/con_False_lr_0.001_seed_2
[2018/09/25 20:47:09 __main__ INFO] - Train 57
[2018/09/25 20:47:28 __main__ INFO] - TEST 57
[2018/09/25 20:48:16 __main__ INFO] - - epoch 57    c10h_train    : 0.1961 (acc: 0.9913) | c10h_val    : 0.3181 (acc: 0.9550)
[2018/09/25 20:48:16 __main__ INFO] - -            c10h_train_c10: 0.0602 (acc: 0.9862) | c10h_val_c10: 0.1495 (acc: 0.9580)
[2018/09/25 20:48:16 __main__ INFO] - -            v4            : 0.3517 (acc: 0.8837) |           v6: 0.3004 (acc: 0.9125)
[2018/09/25 20:48:16 __main__ INFO] - -            c10_50k       : 0.0356 (acc: 0.9987)
[2018/09/25 20:48:16 __main__ INFO] - Elapsed 47.42
keys:  dict_keys(['epoch', 'c10h_train_loss', 'c10h_train_acc', 'c10h_val_loss', 'c10h_val_acc', 'c10h_train_c10_loss', 'c10h_train_c10_acc', 'c10h_val_c10_loss', 'c10h_val_c10_acc', 'v4_loss', 'v4_acc', 'v6_loss', 'v6_acc', 'c10_50k_loss', 'c10_50k_acc']) 
 c10h_outdir:  /tigress/ruairidh/model_results/run_1/saves/wrn_28_10/con_False_lr_0.001_seed_2
[2018/09/25 20:48:18 __main__ INFO] - Train 58
[2018/09/25 20:48:37 __main__ INFO] - TEST 58
[2018/09/25 20:49:25 __main__ INFO] - - epoch 58    c10h_train    : 0.1957 (acc: 0.9896) | c10h_val    : 0.3166 (acc: 0.9540)
[2018/09/25 20:49:25 __main__ INFO] - -            c10h_train_c10: 0.0594 (acc: 0.9863) | c10h_val_c10: 0.1487 (acc: 0.9570)
[2018/09/25 20:49:25 __main__ INFO] - -            v4            : 0.3393 (acc: 0.8946) |           v6: 0.3051 (acc: 0.9105)
[2018/09/25 20:49:25 __main__ INFO] - -            c10_50k       : 0.0360 (acc: 0.9988)
[2018/09/25 20:49:25 __main__ INFO] - Elapsed 47.52
keys:  dict_keys(['epoch', 'c10h_train_loss', 'c10h_train_acc', 'c10h_val_loss', 'c10h_val_acc', 'c10h_train_c10_loss', 'c10h_train_c10_acc', 'c10h_val_c10_loss', 'c10h_val_c10_acc', 'v4_loss', 'v4_acc', 'v6_loss', 'v6_acc', 'c10_50k_loss', 'c10_50k_acc']) 
 c10h_outdir:  /tigress/ruairidh/model_results/run_1/saves/wrn_28_10/con_False_lr_0.001_seed_2
[2018/09/25 20:49:25 __main__ INFO] - Train 59
[2018/09/25 20:49:45 __main__ INFO] - TEST 59
[2018/09/25 20:50:32 __main__ INFO] - - epoch 59    c10h_train    : 0.1956 (acc: 0.9901) | c10h_val    : 0.3177 (acc: 0.9540)
[2018/09/25 20:50:32 __main__ INFO] - -            c10h_train_c10: 0.0604 (acc: 0.9859) | c10h_val_c10: 0.1499 (acc: 0.9570)
[2018/09/25 20:50:32 __main__ INFO] - -            v4            : 0.3439 (acc: 0.8852) |           v6: 0.3064 (acc: 0.9090)
[2018/09/25 20:50:32 __main__ INFO] - -            c10_50k       : 0.0354 (acc: 0.9988)
[2018/09/25 20:50:32 __main__ INFO] - Elapsed 47.43
keys:  dict_keys(['epoch', 'c10h_train_loss', 'c10h_train_acc', 'c10h_val_loss', 'c10h_val_acc', 'c10h_train_c10_loss', 'c10h_train_c10_acc', 'c10h_val_c10_loss', 'c10h_val_c10_acc', 'v4_loss', 'v4_acc', 'v6_loss', 'v6_acc', 'c10_50k_loss', 'c10_50k_acc']) 
 c10h_outdir:  /tigress/ruairidh/model_results/run_1/saves/wrn_28_10/con_False_lr_0.001_seed_2
[2018/09/25 20:50:34 __main__ INFO] - Train 60
[2018/09/25 20:50:53 __main__ INFO] - TEST 60
[2018/09/25 20:51:41 __main__ INFO] - - epoch 60    c10h_train    : 0.1949 (acc: 0.9899) | c10h_val    : 0.3189 (acc: 0.9530)
[2018/09/25 20:51:41 __main__ INFO] - -            c10h_train_c10: 0.0621 (acc: 0.9848) | c10h_val_c10: 0.1515 (acc: 0.9560)
[2018/09/25 20:51:41 __main__ INFO] - -            v4            : 0.3381 (acc: 0.8931) |           v6: 0.3121 (acc: 0.9040)
[2018/09/25 20:51:41 __main__ INFO] - -            c10_50k       : 0.0360 (acc: 0.9989)
[2018/09/25 20:51:41 __main__ INFO] - Elapsed 47.62
keys:  dict_keys(['epoch', 'c10h_train_loss', 'c10h_train_acc', 'c10h_val_loss', 'c10h_val_acc', 'c10h_train_c10_loss', 'c10h_train_c10_acc', 'c10h_val_c10_loss', 'c10h_val_c10_acc', 'v4_loss', 'v4_acc', 'v6_loss', 'v6_acc', 'c10_50k_loss', 'c10_50k_acc']) 
 c10h_outdir:  /tigress/ruairidh/model_results/run_1/saves/wrn_28_10/con_False_lr_0.001_seed_2
[2018/09/25 20:51:41 __main__ INFO] - Train 61
[2018/09/25 20:52:01 __main__ INFO] - TEST 61
[2018/09/25 20:52:49 __main__ INFO] - - epoch 61    c10h_train    : 0.1958 (acc: 0.9887) | c10h_val    : 0.3203 (acc: 0.9530)
[2018/09/25 20:52:49 __main__ INFO] - -            c10h_train_c10: 0.0597 (acc: 0.9856) | c10h_val_c10: 0.1503 (acc: 0.9560)
[2018/09/25 20:52:49 __main__ INFO] - -            v4            : 0.3286 (acc: 0.8951) |           v6: 0.3097 (acc: 0.9065)
[2018/09/25 20:52:49 __main__ INFO] - -            c10_50k       : 0.0348 (acc: 0.9985)
[2018/09/25 20:52:49 __main__ INFO] - Elapsed 47.78
keys:  dict_keys(['epoch', 'c10h_train_loss', 'c10h_train_acc', 'c10h_val_loss', 'c10h_val_acc', 'c10h_train_c10_loss', 'c10h_train_c10_acc', 'c10h_val_c10_loss', 'c10h_val_c10_acc', 'v4_loss', 'v4_acc', 'v6_loss', 'v6_acc', 'c10_50k_loss', 'c10_50k_acc']) 
 c10h_outdir:  /tigress/ruairidh/model_results/run_1/saves/wrn_28_10/con_False_lr_0.001_seed_2
[2018/09/25 20:52:50 __main__ INFO] - Train 62
[2018/09/25 20:53:09 __main__ INFO] - TEST 62
[2018/09/25 20:53:57 __main__ INFO] - - epoch 62    c10h_train    : 0.1946 (acc: 0.9909) | c10h_val    : 0.3199 (acc: 0.9530)
[2018/09/25 20:53:57 __main__ INFO] - -            c10h_train_c10: 0.0588 (acc: 0.9868) | c10h_val_c10: 0.1499 (acc: 0.9560)
[2018/09/25 20:53:57 __main__ INFO] - -            v4            : 0.3433 (acc: 0.8906) |           v6: 0.3040 (acc: 0.9100)
[2018/09/25 20:53:57 __main__ INFO] - -            c10_50k       : 0.0345 (acc: 0.9988)
[2018/09/25 20:53:57 __main__ INFO] - Elapsed 47.62
keys:  dict_keys(['epoch', 'c10h_train_loss', 'c10h_train_acc', 'c10h_val_loss', 'c10h_val_acc', 'c10h_train_c10_loss', 'c10h_train_c10_acc', 'c10h_val_c10_loss', 'c10h_val_c10_acc', 'v4_loss', 'v4_acc', 'v6_loss', 'v6_acc', 'c10_50k_loss', 'c10_50k_acc']) 
 c10h_outdir:  /tigress/ruairidh/model_results/run_1/saves/wrn_28_10/con_False_lr_0.001_seed_2
[2018/09/25 20:53:59 __main__ INFO] - Train 63
[2018/09/25 20:54:18 __main__ INFO] - TEST 63
[2018/09/25 20:55:05 __main__ INFO] - - epoch 63    c10h_train    : 0.1943 (acc: 0.9901) | c10h_val    : 0.3193 (acc: 0.9550)
[2018/09/25 20:55:06 __main__ INFO] - -            c10h_train_c10: 0.0603 (acc: 0.9853) | c10h_val_c10: 0.1497 (acc: 0.9580)
[2018/09/25 20:55:06 __main__ INFO] - -            v4            : 0.3386 (acc: 0.8946) |           v6: 0.3058 (acc: 0.9075)
[2018/09/25 20:55:06 __main__ INFO] - -            c10_50k       : 0.0346 (acc: 0.9989)
[2018/09/25 20:55:06 __main__ INFO] - Elapsed 47.36
keys:  dict_keys(['epoch', 'c10h_train_loss', 'c10h_train_acc', 'c10h_val_loss', 'c10h_val_acc', 'c10h_train_c10_loss', 'c10h_train_c10_acc', 'c10h_val_c10_loss', 'c10h_val_c10_acc', 'v4_loss', 'v4_acc', 'v6_loss', 'v6_acc', 'c10_50k_loss', 'c10_50k_acc']) 
 c10h_outdir:  /tigress/ruairidh/model_results/run_1/saves/wrn_28_10/con_False_lr_0.001_seed_2
[2018/09/25 20:55:07 __main__ INFO] - Train 64
[2018/09/25 20:55:27 __main__ INFO] - TEST 64
[2018/09/25 20:56:14 __main__ INFO] - - epoch 64    c10h_train    : 0.1947 (acc: 0.9904) | c10h_val    : 0.3195 (acc: 0.9540)
[2018/09/25 20:56:14 __main__ INFO] - -            c10h_train_c10: 0.0596 (acc: 0.9857) | c10h_val_c10: 0.1514 (acc: 0.9570)
[2018/09/25 20:56:14 __main__ INFO] - -            v4            : 0.3501 (acc: 0.8872) |           v6: 0.3053 (acc: 0.9065)
[2018/09/25 20:56:14 __main__ INFO] - -            c10_50k       : 0.0353 (acc: 0.9988)
[2018/09/25 20:56:14 __main__ INFO] - Elapsed 47.66
keys:  dict_keys(['epoch', 'c10h_train_loss', 'c10h_train_acc', 'c10h_val_loss', 'c10h_val_acc', 'c10h_train_c10_loss', 'c10h_train_c10_acc', 'c10h_val_c10_loss', 'c10h_val_c10_acc', 'v4_loss', 'v4_acc', 'v6_loss', 'v6_acc', 'c10_50k_loss', 'c10_50k_acc']) 
 c10h_outdir:  /tigress/ruairidh/model_results/run_1/saves/wrn_28_10/con_False_lr_0.001_seed_2
[2018/09/25 20:56:16 __main__ INFO] - Train 65
[2018/09/25 20:56:35 __main__ INFO] - TEST 65
[2018/09/25 20:57:23 __main__ INFO] - - epoch 65    c10h_train    : 0.1945 (acc: 0.9904) | c10h_val    : 0.3210 (acc: 0.9530)
[2018/09/25 20:57:23 __main__ INFO] - -            c10h_train_c10: 0.0602 (acc: 0.9866) | c10h_val_c10: 0.1522 (acc: 0.9560)
[2018/09/25 20:57:23 __main__ INFO] - -            v4            : 0.3346 (acc: 0.8951) |           v6: 0.3077 (acc: 0.9060)
[2018/09/25 20:57:23 __main__ INFO] - -            c10_50k       : 0.0349 (acc: 0.9988)
[2018/09/25 20:57:23 __main__ INFO] - Elapsed 47.62
keys:  dict_keys(['epoch', 'c10h_train_loss', 'c10h_train_acc', 'c10h_val_loss', 'c10h_val_acc', 'c10h_train_c10_loss', 'c10h_train_c10_acc', 'c10h_val_c10_loss', 'c10h_val_c10_acc', 'v4_loss', 'v4_acc', 'v6_loss', 'v6_acc', 'c10_50k_loss', 'c10_50k_acc']) 
 c10h_outdir:  /tigress/ruairidh/model_results/run_1/saves/wrn_28_10/con_False_lr_0.001_seed_2
[2018/09/25 20:57:24 __main__ INFO] - Train 66
[2018/09/25 20:57:43 __main__ INFO] - TEST 66
[2018/09/25 20:58:30 __main__ INFO] - - epoch 66    c10h_train    : 0.1943 (acc: 0.9908) | c10h_val    : 0.3196 (acc: 0.9530)
[2018/09/25 20:58:31 __main__ INFO] - -            c10h_train_c10: 0.0618 (acc: 0.9864) | c10h_val_c10: 0.1514 (acc: 0.9560)
[2018/09/25 20:58:31 __main__ INFO] - -            v4            : 0.3366 (acc: 0.8976) |           v6: 0.3099 (acc: 0.9075)
[2018/09/25 20:58:31 __main__ INFO] - -            c10_50k       : 0.0356 (acc: 0.9988)
[2018/09/25 20:58:31 __main__ INFO] - Elapsed 47.50
keys:  dict_keys(['epoch', 'c10h_train_loss', 'c10h_train_acc', 'c10h_val_loss', 'c10h_val_acc', 'c10h_train_c10_loss', 'c10h_train_c10_acc', 'c10h_val_c10_loss', 'c10h_val_c10_acc', 'v4_loss', 'v4_acc', 'v6_loss', 'v6_acc', 'c10_50k_loss', 'c10_50k_acc']) 
 c10h_outdir:  /tigress/ruairidh/model_results/run_1/saves/wrn_28_10/con_False_lr_0.001_seed_2
[2018/09/25 20:58:31 __main__ INFO] - Train 67
[2018/09/25 20:58:50 __main__ INFO] - TEST 67
[2018/09/25 20:59:38 __main__ INFO] - - epoch 67    c10h_train    : 0.1949 (acc: 0.9910) | c10h_val    : 0.3176 (acc: 0.9550)
[2018/09/25 20:59:38 __main__ INFO] - -            c10h_train_c10: 0.0596 (acc: 0.9862) | c10h_val_c10: 0.1488 (acc: 0.9580)
[2018/09/25 20:59:38 __main__ INFO] - -            v4            : 0.3568 (acc: 0.8842) |           v6: 0.3080 (acc: 0.9050)
[2018/09/25 20:59:38 __main__ INFO] - -            c10_50k       : 0.0357 (acc: 0.9988)
[2018/09/25 20:59:38 __main__ INFO] - Elapsed 47.43
keys:  dict_keys(['epoch', 'c10h_train_loss', 'c10h_train_acc', 'c10h_val_loss', 'c10h_val_acc', 'c10h_train_c10_loss', 'c10h_train_c10_acc', 'c10h_val_c10_loss', 'c10h_val_c10_acc', 'v4_loss', 'v4_acc', 'v6_loss', 'v6_acc', 'c10_50k_loss', 'c10_50k_acc']) 
 c10h_outdir:  /tigress/ruairidh/model_results/run_1/saves/wrn_28_10/con_False_lr_0.001_seed_2
[2018/09/25 20:59:39 __main__ INFO] - Train 68
[2018/09/25 20:59:58 __main__ INFO] - TEST 68
[2018/09/25 21:00:46 __main__ INFO] - - epoch 68    c10h_train    : 0.1945 (acc: 0.9902) | c10h_val    : 0.3190 (acc: 0.9530)
[2018/09/25 21:00:46 __main__ INFO] - -            c10h_train_c10: 0.0607 (acc: 0.9858) | c10h_val_c10: 0.1514 (acc: 0.9560)
[2018/09/25 21:00:46 __main__ INFO] - -            v4            : 0.3493 (acc: 0.8842) |           v6: 0.3072 (acc: 0.9090)
[2018/09/25 21:00:46 __main__ INFO] - -            c10_50k       : 0.0361 (acc: 0.9985)
[2018/09/25 21:00:46 __main__ INFO] - Elapsed 47.67
keys:  dict_keys(['epoch', 'c10h_train_loss', 'c10h_train_acc', 'c10h_val_loss', 'c10h_val_acc', 'c10h_train_c10_loss', 'c10h_train_c10_acc', 'c10h_val_c10_loss', 'c10h_val_c10_acc', 'v4_loss', 'v4_acc', 'v6_loss', 'v6_acc', 'c10_50k_loss', 'c10_50k_acc']) 
 c10h_outdir:  /tigress/ruairidh/model_results/run_1/saves/wrn_28_10/con_False_lr_0.001_seed_2
[2018/09/25 21:00:47 __main__ INFO] - Train 69
[2018/09/25 21:01:06 __main__ INFO] - TEST 69
[2018/09/25 21:01:53 __main__ INFO] - - epoch 69    c10h_train    : 0.1939 (acc: 0.9903) | c10h_val    : 0.3192 (acc: 0.9540)
[2018/09/25 21:01:53 __main__ INFO] - -            c10h_train_c10: 0.0599 (acc: 0.9861) | c10h_val_c10: 0.1505 (acc: 0.9570)
[2018/09/25 21:01:53 __main__ INFO] - -            v4            : 0.3489 (acc: 0.8921) |           v6: 0.3073 (acc: 0.9075)
[2018/09/25 21:01:53 __main__ INFO] - -            c10_50k       : 0.0348 (acc: 0.9990)
[2018/09/25 21:01:53 __main__ INFO] - Elapsed 47.21
keys:  dict_keys(['epoch', 'c10h_train_loss', 'c10h_train_acc', 'c10h_val_loss', 'c10h_val_acc', 'c10h_train_c10_loss', 'c10h_train_c10_acc', 'c10h_val_c10_loss', 'c10h_val_c10_acc', 'v4_loss', 'v4_acc', 'v6_loss', 'v6_acc', 'c10_50k_loss', 'c10_50k_acc']) 
 c10h_outdir:  /tigress/ruairidh/model_results/run_1/saves/wrn_28_10/con_False_lr_0.001_seed_2
[2018/09/25 21:01:54 __main__ INFO] - Train 70
[2018/09/25 21:02:14 __main__ INFO] - TEST 70
[2018/09/25 21:03:01 __main__ INFO] - - epoch 70    c10h_train    : 0.1936 (acc: 0.9899) | c10h_val    : 0.3192 (acc: 0.9560)
[2018/09/25 21:03:01 __main__ INFO] - -            c10h_train_c10: 0.0609 (acc: 0.9849) | c10h_val_c10: 0.1510 (acc: 0.9590)
[2018/09/25 21:03:01 __main__ INFO] - -            v4            : 0.3356 (acc: 0.8961) |           v6: 0.3072 (acc: 0.9080)
[2018/09/25 21:03:01 __main__ INFO] - -            c10_50k       : 0.0351 (acc: 0.9988)
[2018/09/25 21:03:01 __main__ INFO] - Elapsed 47.67
keys:  dict_keys(['epoch', 'c10h_train_loss', 'c10h_train_acc', 'c10h_val_loss', 'c10h_val_acc', 'c10h_train_c10_loss', 'c10h_train_c10_acc', 'c10h_val_c10_loss', 'c10h_val_c10_acc', 'v4_loss', 'v4_acc', 'v6_loss', 'v6_acc', 'c10_50k_loss', 'c10_50k_acc']) 
 c10h_outdir:  /tigress/ruairidh/model_results/run_1/saves/wrn_28_10/con_False_lr_0.001_seed_2
[2018/09/25 21:03:03 __main__ INFO] - Train 71
[2018/09/25 21:03:22 __main__ INFO] - TEST 71
[2018/09/25 21:04:10 __main__ INFO] - - epoch 71    c10h_train    : 0.1940 (acc: 0.9904) | c10h_val    : 0.3210 (acc: 0.9550)
[2018/09/25 21:04:10 __main__ INFO] - -            c10h_train_c10: 0.0586 (acc: 0.9856) | c10h_val_c10: 0.1515 (acc: 0.9580)
[2018/09/25 21:04:10 __main__ INFO] - -            v4            : 0.3308 (acc: 0.8936) |           v6: 0.3047 (acc: 0.9095)
[2018/09/25 21:04:10 __main__ INFO] - -            c10_50k       : 0.0343 (acc: 0.9989)
[2018/09/25 21:04:10 __main__ INFO] - Elapsed 47.52
keys:  dict_keys(['epoch', 'c10h_train_loss', 'c10h_train_acc', 'c10h_val_loss', 'c10h_val_acc', 'c10h_train_c10_loss', 'c10h_train_c10_acc', 'c10h_val_c10_loss', 'c10h_val_c10_acc', 'v4_loss', 'v4_acc', 'v6_loss', 'v6_acc', 'c10_50k_loss', 'c10_50k_acc']) 
 c10h_outdir:  /tigress/ruairidh/model_results/run_1/saves/wrn_28_10/con_False_lr_0.001_seed_2
[2018/09/25 21:04:13 __main__ INFO] - Train 72
[2018/09/25 21:04:32 __main__ INFO] - TEST 72
[2018/09/25 21:05:19 __main__ INFO] - - epoch 72    c10h_train    : 0.1936 (acc: 0.9912) | c10h_val    : 0.3203 (acc: 0.9530)
[2018/09/25 21:05:20 __main__ INFO] - -            c10h_train_c10: 0.0590 (acc: 0.9867) | c10h_val_c10: 0.1518 (acc: 0.9560)
[2018/09/25 21:05:20 __main__ INFO] - -            v4            : 0.3370 (acc: 0.8976) |           v6: 0.3083 (acc: 0.9075)
[2018/09/25 21:05:20 __main__ INFO] - -            c10_50k       : 0.0353 (acc: 0.9988)
[2018/09/25 21:05:20 __main__ INFO] - Elapsed 47.45
keys:  dict_keys(['epoch', 'c10h_train_loss', 'c10h_train_acc', 'c10h_val_loss', 'c10h_val_acc', 'c10h_train_c10_loss', 'c10h_train_c10_acc', 'c10h_val_c10_loss', 'c10h_val_c10_acc', 'v4_loss', 'v4_acc', 'v6_loss', 'v6_acc', 'c10_50k_loss', 'c10_50k_acc']) 
 c10h_outdir:  /tigress/ruairidh/model_results/run_1/saves/wrn_28_10/con_False_lr_0.001_seed_2
[2018/09/25 21:05:21 __main__ INFO] - Train 73
[2018/09/25 21:05:40 __main__ INFO] - TEST 73
[2018/09/25 21:06:28 __main__ INFO] - - epoch 73    c10h_train    : 0.1941 (acc: 0.9901) | c10h_val    : 0.3219 (acc: 0.9550)
[2018/09/25 21:06:28 __main__ INFO] - -            c10h_train_c10: 0.0584 (acc: 0.9869) | c10h_val_c10: 0.1527 (acc: 0.9580)
[2018/09/25 21:06:28 __main__ INFO] - -            v4            : 0.3443 (acc: 0.8931) |           v6: 0.3027 (acc: 0.9105)
[2018/09/25 21:06:28 __main__ INFO] - -            c10_50k       : 0.0342 (acc: 0.9987)
[2018/09/25 21:06:28 __main__ INFO] - Elapsed 47.39
keys:  dict_keys(['epoch', 'c10h_train_loss', 'c10h_train_acc', 'c10h_val_loss', 'c10h_val_acc', 'c10h_train_c10_loss', 'c10h_train_c10_acc', 'c10h_val_c10_loss', 'c10h_val_c10_acc', 'v4_loss', 'v4_acc', 'v6_loss', 'v6_acc', 'c10_50k_loss', 'c10_50k_acc']) 
 c10h_outdir:  /tigress/ruairidh/model_results/run_1/saves/wrn_28_10/con_False_lr_0.001_seed_2
[2018/09/25 21:06:29 __main__ INFO] - Train 74
[2018/09/25 21:06:48 __main__ INFO] - TEST 74
[2018/09/25 21:07:36 __main__ INFO] - - epoch 74    c10h_train    : 0.1941 (acc: 0.9911) | c10h_val    : 0.3215 (acc: 0.9500)
[2018/09/25 21:07:36 __main__ INFO] - -            c10h_train_c10: 0.0599 (acc: 0.9857) | c10h_val_c10: 0.1535 (acc: 0.9530)
[2018/09/25 21:07:36 __main__ INFO] - -            v4            : 0.3481 (acc: 0.8857) |           v6: 0.3088 (acc: 0.9080)
[2018/09/25 21:07:36 __main__ INFO] - -            c10_50k       : 0.0354 (acc: 0.9986)
[2018/09/25 21:07:36 __main__ INFO] - Elapsed 47.92
keys:  dict_keys(['epoch', 'c10h_train_loss', 'c10h_train_acc', 'c10h_val_loss', 'c10h_val_acc', 'c10h_train_c10_loss', 'c10h_train_c10_acc', 'c10h_val_c10_loss', 'c10h_val_c10_acc', 'v4_loss', 'v4_acc', 'v6_loss', 'v6_acc', 'c10_50k_loss', 'c10_50k_acc']) 
 c10h_outdir:  /tigress/ruairidh/model_results/run_1/saves/wrn_28_10/con_False_lr_0.001_seed_2
[2018/09/25 21:07:38 __main__ INFO] - Train 75
[2018/09/25 21:07:57 __main__ INFO] - TEST 75
[2018/09/25 21:08:45 __main__ INFO] - - epoch 75    c10h_train    : 0.1938 (acc: 0.9900) | c10h_val    : 0.3198 (acc: 0.9520)
[2018/09/25 21:08:45 __main__ INFO] - -            c10h_train_c10: 0.0603 (acc: 0.9861) | c10h_val_c10: 0.1520 (acc: 0.9550)
[2018/09/25 21:08:45 __main__ INFO] - -            v4            : 0.3381 (acc: 0.8936) |           v6: 0.3043 (acc: 0.9090)
[2018/09/25 21:08:45 __main__ INFO] - -            c10_50k       : 0.0353 (acc: 0.9990)
[2018/09/25 21:08:45 __main__ INFO] - Elapsed 47.36
keys:  dict_keys(['epoch', 'c10h_train_loss', 'c10h_train_acc', 'c10h_val_loss', 'c10h_val_acc', 'c10h_train_c10_loss', 'c10h_train_c10_acc', 'c10h_val_c10_loss', 'c10h_val_c10_acc', 'v4_loss', 'v4_acc', 'v6_loss', 'v6_acc', 'c10_50k_loss', 'c10_50k_acc']) 
 c10h_outdir:  /tigress/ruairidh/model_results/run_1/saves/wrn_28_10/con_False_lr_0.001_seed_2
[2018/09/25 21:08:47 __main__ INFO] - Train 76
[2018/09/25 21:09:06 __main__ INFO] - TEST 76
[2018/09/25 21:09:54 __main__ INFO] - - epoch 76    c10h_train    : 0.1936 (acc: 0.9913) | c10h_val    : 0.3210 (acc: 0.9510)
[2018/09/25 21:09:54 __main__ INFO] - -            c10h_train_c10: 0.0579 (acc: 0.9870) | c10h_val_c10: 0.1526 (acc: 0.9540)
[2018/09/25 21:09:54 __main__ INFO] - -            v4            : 0.3348 (acc: 0.8902) |           v6: 0.3062 (acc: 0.9070)
[2018/09/25 21:09:54 __main__ INFO] - -            c10_50k       : 0.0345 (acc: 0.9988)
[2018/09/25 21:09:54 __main__ INFO] - Elapsed 47.50
keys:  dict_keys(['epoch', 'c10h_train_loss', 'c10h_train_acc', 'c10h_val_loss', 'c10h_val_acc', 'c10h_train_c10_loss', 'c10h_train_c10_acc', 'c10h_val_c10_loss', 'c10h_val_c10_acc', 'v4_loss', 'v4_acc', 'v6_loss', 'v6_acc', 'c10_50k_loss', 'c10_50k_acc']) 
 c10h_outdir:  /tigress/ruairidh/model_results/run_1/saves/wrn_28_10/con_False_lr_0.001_seed_2
[2018/09/25 21:09:56 __main__ INFO] - Train 77
[2018/09/25 21:10:15 __main__ INFO] - TEST 77
[2018/09/25 21:11:03 __main__ INFO] - - epoch 77    c10h_train    : 0.1938 (acc: 0.9902) | c10h_val    : 0.3193 (acc: 0.9540)
[2018/09/25 21:11:03 __main__ INFO] - -            c10h_train_c10: 0.0588 (acc: 0.9864) | c10h_val_c10: 0.1513 (acc: 0.9570)
[2018/09/25 21:11:03 __main__ INFO] - -            v4            : 0.3278 (acc: 0.8976) |           v6: 0.3061 (acc: 0.9080)
[2018/09/25 21:11:03 __main__ INFO] - -            c10_50k       : 0.0353 (acc: 0.9986)
[2018/09/25 21:11:03 __main__ INFO] - Elapsed 47.69
keys:  dict_keys(['epoch', 'c10h_train_loss', 'c10h_train_acc', 'c10h_val_loss', 'c10h_val_acc', 'c10h_train_c10_loss', 'c10h_train_c10_acc', 'c10h_val_c10_loss', 'c10h_val_c10_acc', 'v4_loss', 'v4_acc', 'v6_loss', 'v6_acc', 'c10_50k_loss', 'c10_50k_acc']) 
 c10h_outdir:  /tigress/ruairidh/model_results/run_1/saves/wrn_28_10/con_False_lr_0.001_seed_2
[2018/09/25 21:11:05 __main__ INFO] - Train 78
[2018/09/25 21:11:24 __main__ INFO] - TEST 78
[2018/09/25 21:12:12 __main__ INFO] - - epoch 78    c10h_train    : 0.1934 (acc: 0.9911) | c10h_val    : 0.3198 (acc: 0.9520)
[2018/09/25 21:12:12 __main__ INFO] - -            c10h_train_c10: 0.0585 (acc: 0.9868) | c10h_val_c10: 0.1504 (acc: 0.9550)
[2018/09/25 21:12:12 __main__ INFO] - -            v4            : 0.3434 (acc: 0.8892) |           v6: 0.3065 (acc: 0.9065)
[2018/09/25 21:12:12 __main__ INFO] - -            c10_50k       : 0.0340 (acc: 0.9992)
[2018/09/25 21:12:12 __main__ INFO] - Elapsed 47.53
keys:  dict_keys(['epoch', 'c10h_train_loss', 'c10h_train_acc', 'c10h_val_loss', 'c10h_val_acc', 'c10h_train_c10_loss', 'c10h_train_c10_acc', 'c10h_val_c10_loss', 'c10h_val_c10_acc', 'v4_loss', 'v4_acc', 'v6_loss', 'v6_acc', 'c10_50k_loss', 'c10_50k_acc']) 
 c10h_outdir:  /tigress/ruairidh/model_results/run_1/saves/wrn_28_10/con_False_lr_0.001_seed_2
[2018/09/25 21:12:13 __main__ INFO] - Train 79
[2018/09/25 21:12:33 __main__ INFO] - TEST 79
[2018/09/25 21:13:20 __main__ INFO] - - epoch 79    c10h_train    : 0.1934 (acc: 0.9903) | c10h_val    : 0.3191 (acc: 0.9540)
[2018/09/25 21:13:20 __main__ INFO] - -            c10h_train_c10: 0.0597 (acc: 0.9873) | c10h_val_c10: 0.1518 (acc: 0.9570)
[2018/09/25 21:13:20 __main__ INFO] - -            v4            : 0.3396 (acc: 0.8946) |           v6: 0.3062 (acc: 0.9105)
[2018/09/25 21:13:20 __main__ INFO] - -            c10_50k       : 0.0356 (acc: 0.9990)
[2018/09/25 21:13:20 __main__ INFO] - Elapsed 47.44
keys:  dict_keys(['epoch', 'c10h_train_loss', 'c10h_train_acc', 'c10h_val_loss', 'c10h_val_acc', 'c10h_train_c10_loss', 'c10h_train_c10_acc', 'c10h_val_c10_loss', 'c10h_val_c10_acc', 'v4_loss', 'v4_acc', 'v6_loss', 'v6_acc', 'c10_50k_loss', 'c10_50k_acc']) 
 c10h_outdir:  /tigress/ruairidh/model_results/run_1/saves/wrn_28_10/con_False_lr_0.001_seed_2
[2018/09/25 21:13:22 __main__ INFO] - Train 80
[2018/09/25 21:13:41 __main__ INFO] - TEST 80
[2018/09/25 21:14:29 __main__ INFO] - - epoch 80    c10h_train    : 0.1931 (acc: 0.9907) | c10h_val    : 0.3193 (acc: 0.9530)
[2018/09/25 21:14:29 __main__ INFO] - -            c10h_train_c10: 0.0612 (acc: 0.9857) | c10h_val_c10: 0.1522 (acc: 0.9560)
[2018/09/25 21:14:29 __main__ INFO] - -            v4            : 0.3375 (acc: 0.8906) |           v6: 0.3065 (acc: 0.9095)
[2018/09/25 21:14:29 __main__ INFO] - -            c10_50k       : 0.0360 (acc: 0.9990)
[2018/09/25 21:14:29 __main__ INFO] - Elapsed 47.69
keys:  dict_keys(['epoch', 'c10h_train_loss', 'c10h_train_acc', 'c10h_val_loss', 'c10h_val_acc', 'c10h_train_c10_loss', 'c10h_train_c10_acc', 'c10h_val_c10_loss', 'c10h_val_c10_acc', 'v4_loss', 'v4_acc', 'v6_loss', 'v6_acc', 'c10_50k_loss', 'c10_50k_acc']) 
 c10h_outdir:  /tigress/ruairidh/model_results/run_1/saves/wrn_28_10/con_False_lr_0.001_seed_2
[2018/09/25 21:14:30 __main__ INFO] - Train 81
[2018/09/25 21:14:49 __main__ INFO] - TEST 81
[2018/09/25 21:15:37 __main__ INFO] - - epoch 81    c10h_train    : 0.1932 (acc: 0.9897) | c10h_val    : 0.3204 (acc: 0.9540)
[2018/09/25 21:15:37 __main__ INFO] - -            c10h_train_c10: 0.0593 (acc: 0.9864) | c10h_val_c10: 0.1521 (acc: 0.9570)
[2018/09/25 21:15:37 __main__ INFO] - -            v4            : 0.3444 (acc: 0.8916) |           v6: 0.3060 (acc: 0.9090)
[2018/09/25 21:15:37 __main__ INFO] - -            c10_50k       : 0.0348 (acc: 0.9988)
[2018/09/25 21:15:37 __main__ INFO] - Elapsed 47.58
keys:  dict_keys(['epoch', 'c10h_train_loss', 'c10h_train_acc', 'c10h_val_loss', 'c10h_val_acc', 'c10h_train_c10_loss', 'c10h_train_c10_acc', 'c10h_val_c10_loss', 'c10h_val_c10_acc', 'v4_loss', 'v4_acc', 'v6_loss', 'v6_acc', 'c10_50k_loss', 'c10_50k_acc']) 
 c10h_outdir:  /tigress/ruairidh/model_results/run_1/saves/wrn_28_10/con_False_lr_0.001_seed_2
[2018/09/25 21:15:38 __main__ INFO] - Train 82
[2018/09/25 21:15:58 __main__ INFO] - TEST 82
[2018/09/25 21:16:45 __main__ INFO] - - epoch 82    c10h_train    : 0.1933 (acc: 0.9901) | c10h_val    : 0.3203 (acc: 0.9550)
[2018/09/25 21:16:45 __main__ INFO] - -            c10h_train_c10: 0.0605 (acc: 0.9866) | c10h_val_c10: 0.1534 (acc: 0.9580)
[2018/09/25 21:16:45 __main__ INFO] - -            v4            : 0.3409 (acc: 0.8986) |           v6: 0.3093 (acc: 0.9075)
[2018/09/25 21:16:45 __main__ INFO] - -            c10_50k       : 0.0352 (acc: 0.9987)
[2018/09/25 21:16:45 __main__ INFO] - Elapsed 47.59
keys:  dict_keys(['epoch', 'c10h_train_loss', 'c10h_train_acc', 'c10h_val_loss', 'c10h_val_acc', 'c10h_train_c10_loss', 'c10h_train_c10_acc', 'c10h_val_c10_loss', 'c10h_val_c10_acc', 'v4_loss', 'v4_acc', 'v6_loss', 'v6_acc', 'c10_50k_loss', 'c10_50k_acc']) 
 c10h_outdir:  /tigress/ruairidh/model_results/run_1/saves/wrn_28_10/con_False_lr_0.001_seed_2
[2018/09/25 21:16:46 __main__ INFO] - Train 83
[2018/09/25 21:17:05 __main__ INFO] - TEST 83
[2018/09/25 21:17:53 __main__ INFO] - - epoch 83    c10h_train    : 0.1929 (acc: 0.9916) | c10h_val    : 0.3190 (acc: 0.9520)
[2018/09/25 21:17:53 __main__ INFO] - -            c10h_train_c10: 0.0594 (acc: 0.9868) | c10h_val_c10: 0.1513 (acc: 0.9550)
[2018/09/25 21:17:53 __main__ INFO] - -            v4            : 0.3483 (acc: 0.8882) |           v6: 0.3100 (acc: 0.9055)
[2018/09/25 21:17:53 __main__ INFO] - -            c10_50k       : 0.0354 (acc: 0.9991)
[2018/09/25 21:17:53 __main__ INFO] - Elapsed 47.70
keys:  dict_keys(['epoch', 'c10h_train_loss', 'c10h_train_acc', 'c10h_val_loss', 'c10h_val_acc', 'c10h_train_c10_loss', 'c10h_train_c10_acc', 'c10h_val_c10_loss', 'c10h_val_c10_acc', 'v4_loss', 'v4_acc', 'v6_loss', 'v6_acc', 'c10_50k_loss', 'c10_50k_acc']) 
 c10h_outdir:  /tigress/ruairidh/model_results/run_1/saves/wrn_28_10/con_False_lr_0.001_seed_2
[2018/09/25 21:17:55 __main__ INFO] - Train 84
[2018/09/25 21:18:14 __main__ INFO] - TEST 84
[2018/09/25 21:19:02 __main__ INFO] - - epoch 84    c10h_train    : 0.1930 (acc: 0.9913) | c10h_val    : 0.3195 (acc: 0.9530)
[2018/09/25 21:19:02 __main__ INFO] - -            c10h_train_c10: 0.0597 (acc: 0.9876) | c10h_val_c10: 0.1512 (acc: 0.9560)
[2018/09/25 21:19:02 __main__ INFO] - -            v4            : 0.3412 (acc: 0.8906) |           v6: 0.3093 (acc: 0.9045)
[2018/09/25 21:19:02 __main__ INFO] - -            c10_50k       : 0.0352 (acc: 0.9989)
[2018/09/25 21:19:02 __main__ INFO] - Elapsed 47.59
keys:  dict_keys(['epoch', 'c10h_train_loss', 'c10h_train_acc', 'c10h_val_loss', 'c10h_val_acc', 'c10h_train_c10_loss', 'c10h_train_c10_acc', 'c10h_val_c10_loss', 'c10h_val_c10_acc', 'v4_loss', 'v4_acc', 'v6_loss', 'v6_acc', 'c10_50k_loss', 'c10_50k_acc']) 
 c10h_outdir:  /tigress/ruairidh/model_results/run_1/saves/wrn_28_10/con_False_lr_0.001_seed_2
[2018/09/25 21:19:02 __main__ INFO] - Train 85
[2018/09/25 21:19:22 __main__ INFO] - TEST 85
[2018/09/25 21:20:10 __main__ INFO] - - epoch 85    c10h_train    : 0.1932 (acc: 0.9910) | c10h_val    : 0.3196 (acc: 0.9550)
[2018/09/25 21:20:10 __main__ INFO] - -            c10h_train_c10: 0.0588 (acc: 0.9873) | c10h_val_c10: 0.1522 (acc: 0.9580)
[2018/09/25 21:20:10 __main__ INFO] - -            v4            : 0.3338 (acc: 0.8941) |           v6: 0.3037 (acc: 0.9085)
[2018/09/25 21:20:10 __main__ INFO] - -            c10_50k       : 0.0346 (acc: 0.9990)
[2018/09/25 21:20:10 __main__ INFO] - Elapsed 47.65
keys:  dict_keys(['epoch', 'c10h_train_loss', 'c10h_train_acc', 'c10h_val_loss', 'c10h_val_acc', 'c10h_train_c10_loss', 'c10h_train_c10_acc', 'c10h_val_c10_loss', 'c10h_val_c10_acc', 'v4_loss', 'v4_acc', 'v6_loss', 'v6_acc', 'c10_50k_loss', 'c10_50k_acc']) 
 c10h_outdir:  /tigress/ruairidh/model_results/run_1/saves/wrn_28_10/con_False_lr_0.001_seed_2
[2018/09/25 21:20:11 __main__ INFO] - Train 86
[2018/09/25 21:20:30 __main__ INFO] - TEST 86
[2018/09/25 21:21:18 __main__ INFO] - - epoch 86    c10h_train    : 0.1932 (acc: 0.9897) | c10h_val    : 0.3192 (acc: 0.9550)
[2018/09/25 21:21:18 __main__ INFO] - -            c10h_train_c10: 0.0593 (acc: 0.9868) | c10h_val_c10: 0.1512 (acc: 0.9580)
[2018/09/25 21:21:18 __main__ INFO] - -            v4            : 0.3348 (acc: 0.8911) |           v6: 0.3056 (acc: 0.9080)
[2018/09/25 21:21:18 __main__ INFO] - -            c10_50k       : 0.0350 (acc: 0.9990)
[2018/09/25 21:21:18 __main__ INFO] - Elapsed 47.59
keys:  dict_keys(['epoch', 'c10h_train_loss', 'c10h_train_acc', 'c10h_val_loss', 'c10h_val_acc', 'c10h_train_c10_loss', 'c10h_train_c10_acc', 'c10h_val_c10_loss', 'c10h_val_c10_acc', 'v4_loss', 'v4_acc', 'v6_loss', 'v6_acc', 'c10_50k_loss', 'c10_50k_acc']) 
 c10h_outdir:  /tigress/ruairidh/model_results/run_1/saves/wrn_28_10/con_False_lr_0.001_seed_2
[2018/09/25 21:21:20 __main__ INFO] - Train 87
[2018/09/25 21:21:39 __main__ INFO] - TEST 87
[2018/09/25 21:22:27 __main__ INFO] - - epoch 87    c10h_train    : 0.1927 (acc: 0.9911) | c10h_val    : 0.3205 (acc: 0.9530)
[2018/09/25 21:22:27 __main__ INFO] - -            c10h_train_c10: 0.0595 (acc: 0.9869) | c10h_val_c10: 0.1524 (acc: 0.9560)
[2018/09/25 21:22:27 __main__ INFO] - -            v4            : 0.3316 (acc: 0.8926) |           v6: 0.3074 (acc: 0.9080)
[2018/09/25 21:22:27 __main__ INFO] - -            c10_50k       : 0.0351 (acc: 0.9989)
[2018/09/25 21:22:27 __main__ INFO] - Elapsed 47.55
keys:  dict_keys(['epoch', 'c10h_train_loss', 'c10h_train_acc', 'c10h_val_loss', 'c10h_val_acc', 'c10h_train_c10_loss', 'c10h_train_c10_acc', 'c10h_val_c10_loss', 'c10h_val_c10_acc', 'v4_loss', 'v4_acc', 'v6_loss', 'v6_acc', 'c10_50k_loss', 'c10_50k_acc']) 
 c10h_outdir:  /tigress/ruairidh/model_results/run_1/saves/wrn_28_10/con_False_lr_0.001_seed_2
[2018/09/25 21:22:29 __main__ INFO] - Train 88
[2018/09/25 21:22:49 __main__ INFO] - TEST 88
[2018/09/25 21:23:36 __main__ INFO] - - epoch 88    c10h_train    : 0.1929 (acc: 0.9911) | c10h_val    : 0.3218 (acc: 0.9550)
[2018/09/25 21:23:36 __main__ INFO] - -            c10h_train_c10: 0.0599 (acc: 0.9870) | c10h_val_c10: 0.1543 (acc: 0.9580)
[2018/09/25 21:23:36 __main__ INFO] - -            v4            : 0.3453 (acc: 0.8897) |           v6: 0.3063 (acc: 0.9095)
[2018/09/25 21:23:36 __main__ INFO] - -            c10_50k       : 0.0350 (acc: 0.9986)
[2018/09/25 21:23:36 __main__ INFO] - Elapsed 47.54
keys:  dict_keys(['epoch', 'c10h_train_loss', 'c10h_train_acc', 'c10h_val_loss', 'c10h_val_acc', 'c10h_train_c10_loss', 'c10h_train_c10_acc', 'c10h_val_c10_loss', 'c10h_val_c10_acc', 'v4_loss', 'v4_acc', 'v6_loss', 'v6_acc', 'c10_50k_loss', 'c10_50k_acc']) 
 c10h_outdir:  /tigress/ruairidh/model_results/run_1/saves/wrn_28_10/con_False_lr_0.001_seed_2
[2018/09/25 21:23:37 __main__ INFO] - Train 89
[2018/09/25 21:23:57 __main__ INFO] - TEST 89
[2018/09/25 21:24:44 __main__ INFO] - - epoch 89    c10h_train    : 0.1927 (acc: 0.9904) | c10h_val    : 0.3199 (acc: 0.9540)
[2018/09/25 21:24:44 __main__ INFO] - -            c10h_train_c10: 0.0591 (acc: 0.9868) | c10h_val_c10: 0.1529 (acc: 0.9570)
[2018/09/25 21:24:44 __main__ INFO] - -            v4            : 0.3280 (acc: 0.8976) |           v6: 0.3042 (acc: 0.9060)
[2018/09/25 21:24:44 __main__ INFO] - -            c10_50k       : 0.0353 (acc: 0.9985)
[2018/09/25 21:24:44 __main__ INFO] - Elapsed 47.30
keys:  dict_keys(['epoch', 'c10h_train_loss', 'c10h_train_acc', 'c10h_val_loss', 'c10h_val_acc', 'c10h_train_c10_loss', 'c10h_train_c10_acc', 'c10h_val_c10_loss', 'c10h_val_c10_acc', 'v4_loss', 'v4_acc', 'v6_loss', 'v6_acc', 'c10_50k_loss', 'c10_50k_acc']) 
 c10h_outdir:  /tigress/ruairidh/model_results/run_1/saves/wrn_28_10/con_False_lr_0.001_seed_2
[2018/09/25 21:24:46 __main__ INFO] - Train 90
[2018/09/25 21:25:06 __main__ INFO] - TEST 90
[2018/09/25 21:25:53 __main__ INFO] - - epoch 90    c10h_train    : 0.1928 (acc: 0.9903) | c10h_val    : 0.3201 (acc: 0.9540)
[2018/09/25 21:25:53 __main__ INFO] - -            c10h_train_c10: 0.0587 (acc: 0.9860) | c10h_val_c10: 0.1525 (acc: 0.9570)
[2018/09/25 21:25:53 __main__ INFO] - -            v4            : 0.3452 (acc: 0.8897) |           v6: 0.3046 (acc: 0.9070)
[2018/09/25 21:25:53 __main__ INFO] - -            c10_50k       : 0.0347 (acc: 0.9988)
[2018/09/25 21:25:53 __main__ INFO] - Elapsed 47.48
keys:  dict_keys(['epoch', 'c10h_train_loss', 'c10h_train_acc', 'c10h_val_loss', 'c10h_val_acc', 'c10h_train_c10_loss', 'c10h_train_c10_acc', 'c10h_val_c10_loss', 'c10h_val_c10_acc', 'v4_loss', 'v4_acc', 'v6_loss', 'v6_acc', 'c10_50k_loss', 'c10_50k_acc']) 
 c10h_outdir:  /tigress/ruairidh/model_results/run_1/saves/wrn_28_10/con_False_lr_0.001_seed_2
[2018/09/25 21:25:54 __main__ INFO] - Train 91
[2018/09/25 21:26:13 __main__ INFO] - TEST 91
[2018/09/25 21:27:00 __main__ INFO] - - epoch 91    c10h_train    : 0.1928 (acc: 0.9912) | c10h_val    : 0.3192 (acc: 0.9530)
[2018/09/25 21:27:01 __main__ INFO] - -            c10h_train_c10: 0.0596 (acc: 0.9867) | c10h_val_c10: 0.1515 (acc: 0.9560)
[2018/09/25 21:27:01 __main__ INFO] - -            v4            : 0.3312 (acc: 0.8996) |           v6: 0.3049 (acc: 0.9070)
[2018/09/25 21:27:01 __main__ INFO] - -            c10_50k       : 0.0350 (acc: 0.9990)
[2018/09/25 21:27:01 __main__ INFO] - Elapsed 47.43
keys:  dict_keys(['epoch', 'c10h_train_loss', 'c10h_train_acc', 'c10h_val_loss', 'c10h_val_acc', 'c10h_train_c10_loss', 'c10h_train_c10_acc', 'c10h_val_c10_loss', 'c10h_val_c10_acc', 'v4_loss', 'v4_acc', 'v6_loss', 'v6_acc', 'c10_50k_loss', 'c10_50k_acc']) 
 c10h_outdir:  /tigress/ruairidh/model_results/run_1/saves/wrn_28_10/con_False_lr_0.001_seed_2
[2018/09/25 21:27:01 __main__ INFO] - Train 92
[2018/09/25 21:27:20 __main__ INFO] - TEST 92
[2018/09/25 21:28:08 __main__ INFO] - - epoch 92    c10h_train    : 0.1923 (acc: 0.9907) | c10h_val    : 0.3213 (acc: 0.9520)
[2018/09/25 21:28:08 __main__ INFO] - -            c10h_train_c10: 0.0596 (acc: 0.9848) | c10h_val_c10: 0.1532 (acc: 0.9550)
[2018/09/25 21:28:08 __main__ INFO] - -            v4            : 0.3335 (acc: 0.8916) |           v6: 0.3076 (acc: 0.9085)
[2018/09/25 21:28:08 __main__ INFO] - -            c10_50k       : 0.0344 (acc: 0.9987)
[2018/09/25 21:28:08 __main__ INFO] - Elapsed 47.88
keys:  dict_keys(['epoch', 'c10h_train_loss', 'c10h_train_acc', 'c10h_val_loss', 'c10h_val_acc', 'c10h_train_c10_loss', 'c10h_train_c10_acc', 'c10h_val_c10_loss', 'c10h_val_c10_acc', 'v4_loss', 'v4_acc', 'v6_loss', 'v6_acc', 'c10_50k_loss', 'c10_50k_acc']) 
 c10h_outdir:  /tigress/ruairidh/model_results/run_1/saves/wrn_28_10/con_False_lr_0.001_seed_2
[2018/09/25 21:28:10 __main__ INFO] - Train 93
[2018/09/25 21:28:30 __main__ INFO] - TEST 93
[2018/09/25 21:29:18 __main__ INFO] - - epoch 93    c10h_train    : 0.1923 (acc: 0.9907) | c10h_val    : 0.3206 (acc: 0.9550)
[2018/09/25 21:29:18 __main__ INFO] - -            c10h_train_c10: 0.0597 (acc: 0.9863) | c10h_val_c10: 0.1527 (acc: 0.9580)
[2018/09/25 21:29:18 __main__ INFO] - -            v4            : 0.3253 (acc: 0.8976) |           v6: 0.3041 (acc: 0.9085)
[2018/09/25 21:29:18 __main__ INFO] - -            c10_50k       : 0.0340 (acc: 0.9988)
[2018/09/25 21:29:18 __main__ INFO] - Elapsed 48.07
keys:  dict_keys(['epoch', 'c10h_train_loss', 'c10h_train_acc', 'c10h_val_loss', 'c10h_val_acc', 'c10h_train_c10_loss', 'c10h_train_c10_acc', 'c10h_val_c10_loss', 'c10h_val_c10_acc', 'v4_loss', 'v4_acc', 'v6_loss', 'v6_acc', 'c10_50k_loss', 'c10_50k_acc']) 
 c10h_outdir:  /tigress/ruairidh/model_results/run_1/saves/wrn_28_10/con_False_lr_0.001_seed_2
[2018/09/25 21:29:19 __main__ INFO] - Train 94
[2018/09/25 21:29:39 __main__ INFO] - TEST 94
[2018/09/25 21:30:26 __main__ INFO] - - epoch 94    c10h_train    : 0.1929 (acc: 0.9908) | c10h_val    : 0.3194 (acc: 0.9530)
[2018/09/25 21:30:26 __main__ INFO] - -            c10h_train_c10: 0.0619 (acc: 0.9854) | c10h_val_c10: 0.1549 (acc: 0.9560)
[2018/09/25 21:30:26 __main__ INFO] - -            v4            : 0.3405 (acc: 0.8946) |           v6: 0.3076 (acc: 0.9080)
[2018/09/25 21:30:26 __main__ INFO] - -            c10_50k       : 0.0368 (acc: 0.9987)
[2018/09/25 21:30:26 __main__ INFO] - Elapsed 47.72
keys:  dict_keys(['epoch', 'c10h_train_loss', 'c10h_train_acc', 'c10h_val_loss', 'c10h_val_acc', 'c10h_train_c10_loss', 'c10h_train_c10_acc', 'c10h_val_c10_loss', 'c10h_val_c10_acc', 'v4_loss', 'v4_acc', 'v6_loss', 'v6_acc', 'c10_50k_loss', 'c10_50k_acc']) 
 c10h_outdir:  /tigress/ruairidh/model_results/run_1/saves/wrn_28_10/con_False_lr_0.001_seed_2
[2018/09/25 21:30:28 __main__ INFO] - Train 95
[2018/09/25 21:30:48 __main__ INFO] - TEST 95
[2018/09/25 21:31:36 __main__ INFO] - - epoch 95    c10h_train    : 0.1923 (acc: 0.9906) | c10h_val    : 0.3194 (acc: 0.9540)
[2018/09/25 21:31:36 __main__ INFO] - -            c10h_train_c10: 0.0593 (acc: 0.9869) | c10h_val_c10: 0.1511 (acc: 0.9570)
[2018/09/25 21:31:36 __main__ INFO] - -            v4            : 0.3306 (acc: 0.8921) |           v6: 0.3106 (acc: 0.9060)
[2018/09/25 21:31:36 __main__ INFO] - -            c10_50k       : 0.0346 (acc: 0.9989)
[2018/09/25 21:31:36 __main__ INFO] - Elapsed 48.52
keys:  dict_keys(['epoch', 'c10h_train_loss', 'c10h_train_acc', 'c10h_val_loss', 'c10h_val_acc', 'c10h_train_c10_loss', 'c10h_train_c10_acc', 'c10h_val_c10_loss', 'c10h_val_c10_acc', 'v4_loss', 'v4_acc', 'v6_loss', 'v6_acc', 'c10_50k_loss', 'c10_50k_acc']) 
 c10h_outdir:  /tigress/ruairidh/model_results/run_1/saves/wrn_28_10/con_False_lr_0.001_seed_2
[2018/09/25 21:31:40 __main__ INFO] - Train 96
[2018/09/25 21:31:59 __main__ INFO] - TEST 96
[2018/09/25 21:32:48 __main__ INFO] - - epoch 96    c10h_train    : 0.1923 (acc: 0.9908) | c10h_val    : 0.3203 (acc: 0.9530)
[2018/09/25 21:32:48 __main__ INFO] - -            c10h_train_c10: 0.0605 (acc: 0.9854) | c10h_val_c10: 0.1516 (acc: 0.9560)
[2018/09/25 21:32:48 __main__ INFO] - -            v4            : 0.3408 (acc: 0.8902) |           v6: 0.3079 (acc: 0.9060)
[2018/09/25 21:32:48 __main__ INFO] - -            c10_50k       : 0.0352 (acc: 0.9989)
[2018/09/25 21:32:48 __main__ INFO] - Elapsed 48.37
keys:  dict_keys(['epoch', 'c10h_train_loss', 'c10h_train_acc', 'c10h_val_loss', 'c10h_val_acc', 'c10h_train_c10_loss', 'c10h_train_c10_acc', 'c10h_val_c10_loss', 'c10h_val_c10_acc', 'v4_loss', 'v4_acc', 'v6_loss', 'v6_acc', 'c10_50k_loss', 'c10_50k_acc']) 
 c10h_outdir:  /tigress/ruairidh/model_results/run_1/saves/wrn_28_10/con_False_lr_0.001_seed_2
[2018/09/25 21:32:51 __main__ INFO] - Train 97
[2018/09/25 21:33:10 __main__ INFO] - TEST 97
[2018/09/25 21:33:59 __main__ INFO] - - epoch 97    c10h_train    : 0.1920 (acc: 0.9897) | c10h_val    : 0.3207 (acc: 0.9520)
[2018/09/25 21:33:59 __main__ INFO] - -            c10h_train_c10: 0.0595 (acc: 0.9860) | c10h_val_c10: 0.1523 (acc: 0.9550)
[2018/09/25 21:33:59 __main__ INFO] - -            v4            : 0.3357 (acc: 0.8966) |           v6: 0.3066 (acc: 0.9075)
[2018/09/25 21:33:59 __main__ INFO] - -            c10_50k       : 0.0349 (acc: 0.9988)
[2018/09/25 21:33:59 __main__ INFO] - Elapsed 48.54
keys:  dict_keys(['epoch', 'c10h_train_loss', 'c10h_train_acc', 'c10h_val_loss', 'c10h_val_acc', 'c10h_train_c10_loss', 'c10h_train_c10_acc', 'c10h_val_c10_loss', 'c10h_val_c10_acc', 'v4_loss', 'v4_acc', 'v6_loss', 'v6_acc', 'c10_50k_loss', 'c10_50k_acc']) 
 c10h_outdir:  /tigress/ruairidh/model_results/run_1/saves/wrn_28_10/con_False_lr_0.001_seed_2
[2018/09/25 21:34:02 __main__ INFO] - Train 98
[2018/09/25 21:34:21 __main__ INFO] - TEST 98
[2018/09/25 21:35:09 __main__ INFO] - - epoch 98    c10h_train    : 0.1925 (acc: 0.9903) | c10h_val    : 0.3197 (acc: 0.9550)
[2018/09/25 21:35:09 __main__ INFO] - -            c10h_train_c10: 0.0624 (acc: 0.9856) | c10h_val_c10: 0.1527 (acc: 0.9580)
[2018/09/25 21:35:09 __main__ INFO] - -            v4            : 0.3447 (acc: 0.8882) |           v6: 0.3101 (acc: 0.9065)
[2018/09/25 21:35:09 __main__ INFO] - -            c10_50k       : 0.0360 (acc: 0.9987)
[2018/09/25 21:35:09 __main__ INFO] - Elapsed 47.95
keys:  dict_keys(['epoch', 'c10h_train_loss', 'c10h_train_acc', 'c10h_val_loss', 'c10h_val_acc', 'c10h_train_c10_loss', 'c10h_train_c10_acc', 'c10h_val_c10_loss', 'c10h_val_c10_acc', 'v4_loss', 'v4_acc', 'v6_loss', 'v6_acc', 'c10_50k_loss', 'c10_50k_acc']) 
 c10h_outdir:  /tigress/ruairidh/model_results/run_1/saves/wrn_28_10/con_False_lr_0.001_seed_2
[2018/09/25 21:35:11 __main__ INFO] - Train 99
[2018/09/25 21:35:31 __main__ INFO] - TEST 99
[2018/09/25 21:36:19 __main__ INFO] - - epoch 99    c10h_train    : 0.1929 (acc: 0.9909) | c10h_val    : 0.3205 (acc: 0.9520)
[2018/09/25 21:36:19 __main__ INFO] - -            c10h_train_c10: 0.0593 (acc: 0.9860) | c10h_val_c10: 0.1512 (acc: 0.9550)
[2018/09/25 21:36:19 __main__ INFO] - -            v4            : 0.3440 (acc: 0.8867) |           v6: 0.3051 (acc: 0.9080)
[2018/09/25 21:36:19 __main__ INFO] - -            c10_50k       : 0.0343 (acc: 0.9987)
[2018/09/25 21:36:19 __main__ INFO] - Elapsed 47.92
keys:  dict_keys(['epoch', 'c10h_train_loss', 'c10h_train_acc', 'c10h_val_loss', 'c10h_val_acc', 'c10h_train_c10_loss', 'c10h_train_c10_acc', 'c10h_val_c10_loss', 'c10h_val_c10_acc', 'v4_loss', 'v4_acc', 'v6_loss', 'v6_acc', 'c10_50k_loss', 'c10_50k_acc']) 
 c10h_outdir:  /tigress/ruairidh/model_results/run_1/saves/wrn_28_10/con_False_lr_0.001_seed_2
[2018/09/25 21:36:21 __main__ INFO] - Train 100
[2018/09/25 21:36:40 __main__ INFO] - TEST 100
[2018/09/25 21:37:29 __main__ INFO] - - epoch 100    c10h_train    : 0.1927 (acc: 0.9908) | c10h_val    : 0.3209 (acc: 0.9530)
[2018/09/25 21:37:29 __main__ INFO] - -            c10h_train_c10: 0.0606 (acc: 0.9850) | c10h_val_c10: 0.1531 (acc: 0.9560)
[2018/09/25 21:37:29 __main__ INFO] - -            v4            : 0.3490 (acc: 0.8877) |           v6: 0.3085 (acc: 0.9070)
[2018/09/25 21:37:29 __main__ INFO] - -            c10_50k       : 0.0345 (acc: 0.9989)
[2018/09/25 21:37:29 __main__ INFO] - Elapsed 48.34
keys:  dict_keys(['epoch', 'c10h_train_loss', 'c10h_train_acc', 'c10h_val_loss', 'c10h_val_acc', 'c10h_train_c10_loss', 'c10h_train_c10_acc', 'c10h_val_c10_loss', 'c10h_val_c10_acc', 'v4_loss', 'v4_acc', 'v6_loss', 'v6_acc', 'c10_50k_loss', 'c10_50k_acc']) 
 c10h_outdir:  /tigress/ruairidh/model_results/run_1/saves/wrn_28_10/con_False_lr_0.001_seed_2
inner done
