entering inner script
activating virtual env
wrn_28_10
identifier: con_True_lr_0.01_seed_1
--arch=wrn --c10h_save_interval=2 --dataset=CIFAR10H --no_output --c10h_datasplit_seed=1 --human_tune --nonhuman_control=True --base_lr=0.01
wrn_28_10_control:True_lr:0.01_seed:1.out
entering python script
/tigress/ruairidh/model_results/run_1/wrn_28_10/model_best_state.pth
/tigress/ruairidh/model_results/run_1/saves/wrn_28_10/con_True_lr_0.01_seed_1
Using TensorFlow backend.
[2018/09/25 19:07:01 __main__ INFO] - {
  "model_config": {
    "arch": "wrn",
    "input_shape": [
      1,
      3,
      32,
      32
    ],
    "n_classes": 10,
    "base_channels": 16,
    "depth": 28,
    "widening_factor": 10,
    "drop_rate": 0
  },
  "optim_config": {
    "epochs": 200,
    "batch_size": 128,
    "optimizer": "sgd",
    "base_lr": 0.01,
    "weight_decay": 0.0005,
    "momentum": 0.9,
    "nesterov": true,
    "scheduler": "multistep",
    "milestones": [
      60,
      120,
      160
    ],
    "lr_decay": 0.2
  },
  "data_config": {
    "dataset": "CIFAR10H",
    "n_classes": 10,
    "num_workers": 7,
    "batch_size": 128,
    "use_cutout": false,
    "use_random_erasing": false,
    "use_mixup": false,
    "c10h_sample": false,
    "c10h_testsplit_percent": 0.1,
    "c10h_datasplit_seed": 1,
    "use_gpu": true
  },
  "run_config": {
    "seed": 17,
    "test_first": true,
    "gpu": "0",
    "tensorboard": false,
    "tensorboard_train_images": false,
    "tensorboard_test_images": false,
    "tensorboard_model_params": false,
    "resume": "/tigress/ruairidh/model_results/run_1/wrn_28_10/model_best_state.pth",
    "human_tune": true,
    "no_output": true,
    "test_only": false,
    "nonhuman_control": true,
    "c10h_scores_outdir": "/tigress/ruairidh/model_results/run_1/saves/wrn_28_10/con_True_lr_0.01_seed_1",
    "c10h_save_interval": "2",
    "use_gpu": true
  },
  "env_info": {
    "pytorch_version": "0.4.1",
    "cuda_version": "9.0.176",
    "cudnn_version": 7102,
    "gpu0": {
      "name": "Tesla P100-PCIE-16GB",
      "capability": "6.0"
    }
  }
}
Files already downloaded and verified
Files already downloaded and verified
Files already downloaded and verified
Files already downloaded and verified
Files already downloaded and verified
[2018/09/25 19:07:05 __main__ INFO] - Loading model...
[2018/09/25 19:07:06 __main__ INFO] - n_params: 36479194
[2018/09/25 19:07:07 __main__ INFO] - Done
=> loading checkpoint '/tigress/ruairidh/model_results/run_1/wrn_28_10/model_best_state.pth'
=> loaded checkpoint '/tigress/ruairidh/model_results/run_1/wrn_28_10/model_best_state.pth' (epoch 197)
[2018/09/25 19:07:09 __main__ INFO] - TEST 0
[2018/09/25 19:07:59 __main__ INFO] - - epoch 0    c10h_train    : 0.4616 (acc: 0.9479) | c10h_val    : 0.4554 (acc: 0.9650)
[2018/09/25 19:07:59 __main__ INFO] - -            c10h_train_c10: 0.1773 (acc: 0.9502) | c10h_val_c10: 0.1349 (acc: 0.9690)
[2018/09/25 19:07:59 __main__ INFO] - -            v4            : 0.4034 (acc: 0.8986) |           v6: 0.3818 (acc: 0.9100)
[2018/09/25 19:07:59 __main__ INFO] - -            c10_50k       : 0.0012 (acc: 1.0000)
[2018/09/25 19:07:59 __main__ INFO] - Elapsed 50.02
keys:  dict_keys(['epoch', 'c10h_train_loss', 'c10h_train_acc', 'c10h_val_loss', 'c10h_val_acc', 'c10h_train_c10_loss', 'c10h_train_c10_acc', 'c10h_val_c10_loss', 'c10h_val_c10_acc', 'v4_loss', 'v4_acc', 'v6_loss', 'v6_acc', 'c10_50k_loss', 'c10_50k_acc']) 
 c10h_outdir:  /tigress/ruairidh/model_results/run_1/saves/wrn_28_10/con_True_lr_0.01_seed_1
[2018/09/25 19:08:01 __main__ INFO] - Train 1
[2018/09/25 19:08:22 __main__ INFO] - TEST 1
[2018/09/25 19:09:10 __main__ INFO] - - epoch 1    c10h_train    : 0.4078 (acc: 0.9184) | c10h_val    : 0.4644 (acc: 0.9090)
[2018/09/25 19:09:10 __main__ INFO] - -            c10h_train_c10: 0.2303 (acc: 0.9201) | c10h_val_c10: 0.2882 (acc: 0.9100)
[2018/09/25 19:09:10 __main__ INFO] - -            v4            : 0.6382 (acc: 0.7833) |           v6: 0.6002 (acc: 0.7980)
[2018/09/25 19:09:10 __main__ INFO] - -            c10_50k       : 0.2005 (acc: 0.9365)
[2018/09/25 19:09:10 __main__ INFO] - Elapsed 47.96
keys:  dict_keys(['epoch', 'c10h_train_loss', 'c10h_train_acc', 'c10h_val_loss', 'c10h_val_acc', 'c10h_train_c10_loss', 'c10h_train_c10_acc', 'c10h_val_c10_loss', 'c10h_val_c10_acc', 'v4_loss', 'v4_acc', 'v6_loss', 'v6_acc', 'c10_50k_loss', 'c10_50k_acc']) 
 c10h_outdir:  /tigress/ruairidh/model_results/run_1/saves/wrn_28_10/con_True_lr_0.01_seed_1
[2018/09/25 19:09:12 __main__ INFO] - Train 2
[2018/09/25 19:09:31 __main__ INFO] - TEST 2
[2018/09/25 19:10:19 __main__ INFO] - - epoch 2    c10h_train    : 0.3678 (acc: 0.9490) | c10h_val    : 0.4579 (acc: 0.9100)
[2018/09/25 19:10:19 __main__ INFO] - -            c10h_train_c10: 0.1382 (acc: 0.9531) | c10h_val_c10: 0.2526 (acc: 0.9150)
[2018/09/25 19:10:19 __main__ INFO] - -            v4            : 0.5513 (acc: 0.8229) |           v6: 0.5039 (acc: 0.8455)
[2018/09/25 19:10:19 __main__ INFO] - -            c10_50k       : 0.1273 (acc: 0.9594)
[2018/09/25 19:10:19 __main__ INFO] - Elapsed 47.96
keys:  dict_keys(['epoch', 'c10h_train_loss', 'c10h_train_acc', 'c10h_val_loss', 'c10h_val_acc', 'c10h_train_c10_loss', 'c10h_train_c10_acc', 'c10h_val_c10_loss', 'c10h_val_c10_acc', 'v4_loss', 'v4_acc', 'v6_loss', 'v6_acc', 'c10_50k_loss', 'c10_50k_acc']) 
 c10h_outdir:  /tigress/ruairidh/model_results/run_1/saves/wrn_28_10/con_True_lr_0.01_seed_1
[2018/09/25 19:10:20 __main__ INFO] - Train 3
[2018/09/25 19:10:40 __main__ INFO] - TEST 3
[2018/09/25 19:11:28 __main__ INFO] - - epoch 3    c10h_train    : 0.3853 (acc: 0.9424) | c10h_val    : 0.4930 (acc: 0.9110)
[2018/09/25 19:11:28 __main__ INFO] - -            c10h_train_c10: 0.1469 (acc: 0.9474) | c10h_val_c10: 0.2848 (acc: 0.9100)
[2018/09/25 19:11:28 __main__ INFO] - -            v4            : 0.6029 (acc: 0.8011) |           v6: 0.5918 (acc: 0.8245)
[2018/09/25 19:11:28 __main__ INFO] - -            c10_50k       : 0.1604 (acc: 0.9469)
[2018/09/25 19:11:28 __main__ INFO] - Elapsed 47.89
keys:  dict_keys(['epoch', 'c10h_train_loss', 'c10h_train_acc', 'c10h_val_loss', 'c10h_val_acc', 'c10h_train_c10_loss', 'c10h_train_c10_acc', 'c10h_val_c10_loss', 'c10h_val_c10_acc', 'v4_loss', 'v4_acc', 'v6_loss', 'v6_acc', 'c10_50k_loss', 'c10_50k_acc']) 
 c10h_outdir:  /tigress/ruairidh/model_results/run_1/saves/wrn_28_10/con_True_lr_0.01_seed_1
[2018/09/25 19:11:30 __main__ INFO] - Train 4
[2018/09/25 19:11:50 __main__ INFO] - TEST 4
[2018/09/25 19:12:38 __main__ INFO] - - epoch 4    c10h_train    : 0.3665 (acc: 0.9588) | c10h_val    : 0.5163 (acc: 0.9050)
[2018/09/25 19:12:38 __main__ INFO] - -            c10h_train_c10: 0.1007 (acc: 0.9641) | c10h_val_c10: 0.2750 (acc: 0.9080)
[2018/09/25 19:12:38 __main__ INFO] - -            v4            : 0.5670 (acc: 0.8243) |           v6: 0.5631 (acc: 0.8360)
[2018/09/25 19:12:38 __main__ INFO] - -            c10_50k       : 0.1335 (acc: 0.9551)
[2018/09/25 19:12:38 __main__ INFO] - Elapsed 47.98
keys:  dict_keys(['epoch', 'c10h_train_loss', 'c10h_train_acc', 'c10h_val_loss', 'c10h_val_acc', 'c10h_train_c10_loss', 'c10h_train_c10_acc', 'c10h_val_c10_loss', 'c10h_val_c10_acc', 'v4_loss', 'v4_acc', 'v6_loss', 'v6_acc', 'c10_50k_loss', 'c10_50k_acc']) 
 c10h_outdir:  /tigress/ruairidh/model_results/run_1/saves/wrn_28_10/con_True_lr_0.01_seed_1
[2018/09/25 19:12:38 __main__ INFO] - Train 5
[2018/09/25 19:12:58 __main__ INFO] - TEST 5
[2018/09/25 19:13:47 __main__ INFO] - - epoch 5    c10h_train    : 0.3581 (acc: 0.9686) | c10h_val    : 0.5031 (acc: 0.9280)
[2018/09/25 19:13:47 __main__ INFO] - -            c10h_train_c10: 0.0681 (acc: 0.9752) | c10h_val_c10: 0.2610 (acc: 0.9290)
[2018/09/25 19:13:47 __main__ INFO] - -            v4            : 0.5838 (acc: 0.8214) |           v6: 0.5486 (acc: 0.8370)
[2018/09/25 19:13:47 __main__ INFO] - -            c10_50k       : 0.1174 (acc: 0.9606)
[2018/09/25 19:13:47 __main__ INFO] - Elapsed 49.13
keys:  dict_keys(['epoch', 'c10h_train_loss', 'c10h_train_acc', 'c10h_val_loss', 'c10h_val_acc', 'c10h_train_c10_loss', 'c10h_train_c10_acc', 'c10h_val_c10_loss', 'c10h_val_c10_acc', 'v4_loss', 'v4_acc', 'v6_loss', 'v6_acc', 'c10_50k_loss', 'c10_50k_acc']) 
 c10h_outdir:  /tigress/ruairidh/model_results/run_1/saves/wrn_28_10/con_True_lr_0.01_seed_1
[2018/09/25 19:13:49 __main__ INFO] - Train 6
[2018/09/25 19:14:09 __main__ INFO] - TEST 6
[2018/09/25 19:14:57 __main__ INFO] - - epoch 6    c10h_train    : 0.3574 (acc: 0.9687) | c10h_val    : 0.4970 (acc: 0.9180)
[2018/09/25 19:14:57 __main__ INFO] - -            c10h_train_c10: 0.0652 (acc: 0.9757) | c10h_val_c10: 0.2545 (acc: 0.9230)
[2018/09/25 19:14:57 __main__ INFO] - -            v4            : 0.5500 (acc: 0.8333) |           v6: 0.5684 (acc: 0.8420)
[2018/09/25 19:14:57 __main__ INFO] - -            c10_50k       : 0.1145 (acc: 0.9623)
[2018/09/25 19:14:57 __main__ INFO] - Elapsed 48.49
keys:  dict_keys(['epoch', 'c10h_train_loss', 'c10h_train_acc', 'c10h_val_loss', 'c10h_val_acc', 'c10h_train_c10_loss', 'c10h_train_c10_acc', 'c10h_val_c10_loss', 'c10h_val_c10_acc', 'v4_loss', 'v4_acc', 'v6_loss', 'v6_acc', 'c10_50k_loss', 'c10_50k_acc']) 
 c10h_outdir:  /tigress/ruairidh/model_results/run_1/saves/wrn_28_10/con_True_lr_0.01_seed_1
[2018/09/25 19:14:59 __main__ INFO] - Train 7
[2018/09/25 19:15:19 __main__ INFO] - TEST 7
[2018/09/25 19:16:07 __main__ INFO] - - epoch 7    c10h_train    : 0.3750 (acc: 0.9612) | c10h_val    : 0.5354 (acc: 0.9180)
[2018/09/25 19:16:07 __main__ INFO] - -            c10h_train_c10: 0.0875 (acc: 0.9680) | c10h_val_c10: 0.2949 (acc: 0.9210)
[2018/09/25 19:16:07 __main__ INFO] - -            v4            : 0.6587 (acc: 0.8100) |           v6: 0.6643 (acc: 0.8135)
[2018/09/25 19:16:07 __main__ INFO] - -            c10_50k       : 0.1586 (acc: 0.9480)
[2018/09/25 19:16:07 __main__ INFO] - Elapsed 48.44
keys:  dict_keys(['epoch', 'c10h_train_loss', 'c10h_train_acc', 'c10h_val_loss', 'c10h_val_acc', 'c10h_train_c10_loss', 'c10h_train_c10_acc', 'c10h_val_c10_loss', 'c10h_val_c10_acc', 'v4_loss', 'v4_acc', 'v6_loss', 'v6_acc', 'c10_50k_loss', 'c10_50k_acc']) 
 c10h_outdir:  /tigress/ruairidh/model_results/run_1/saves/wrn_28_10/con_True_lr_0.01_seed_1
[2018/09/25 19:16:09 __main__ INFO] - Train 8
[2018/09/25 19:16:29 __main__ INFO] - TEST 8
[2018/09/25 19:17:17 __main__ INFO] - - epoch 8    c10h_train    : 0.3717 (acc: 0.9697) | c10h_val    : 0.5288 (acc: 0.9150)
[2018/09/25 19:17:17 __main__ INFO] - -            c10h_train_c10: 0.0580 (acc: 0.9766) | c10h_val_c10: 0.2749 (acc: 0.9190)
[2018/09/25 19:17:17 __main__ INFO] - -            v4            : 0.6349 (acc: 0.8199) |           v6: 0.6091 (acc: 0.8370)
[2018/09/25 19:17:17 __main__ INFO] - -            c10_50k       : 0.1316 (acc: 0.9570)
[2018/09/25 19:17:17 __main__ INFO] - Elapsed 48.47
keys:  dict_keys(['epoch', 'c10h_train_loss', 'c10h_train_acc', 'c10h_val_loss', 'c10h_val_acc', 'c10h_train_c10_loss', 'c10h_train_c10_acc', 'c10h_val_c10_loss', 'c10h_val_c10_acc', 'v4_loss', 'v4_acc', 'v6_loss', 'v6_acc', 'c10_50k_loss', 'c10_50k_acc']) 
 c10h_outdir:  /tigress/ruairidh/model_results/run_1/saves/wrn_28_10/con_True_lr_0.01_seed_1
[2018/09/25 19:17:18 __main__ INFO] - Train 9
[2018/09/25 19:17:38 __main__ INFO] - TEST 9
[2018/09/25 19:18:26 __main__ INFO] - - epoch 9    c10h_train    : 0.3697 (acc: 0.9759) | c10h_val    : 0.5337 (acc: 0.9160)
[2018/09/25 19:18:26 __main__ INFO] - -            c10h_train_c10: 0.0462 (acc: 0.9828) | c10h_val_c10: 0.2833 (acc: 0.9180)
[2018/09/25 19:18:26 __main__ INFO] - -            v4            : 0.5808 (acc: 0.8367) |           v6: 0.6092 (acc: 0.8315)
[2018/09/25 19:18:26 __main__ INFO] - -            c10_50k       : 0.1215 (acc: 0.9604)
[2018/09/25 19:18:26 __main__ INFO] - Elapsed 48.33
keys:  dict_keys(['epoch', 'c10h_train_loss', 'c10h_train_acc', 'c10h_val_loss', 'c10h_val_acc', 'c10h_train_c10_loss', 'c10h_train_c10_acc', 'c10h_val_c10_loss', 'c10h_val_c10_acc', 'v4_loss', 'v4_acc', 'v6_loss', 'v6_acc', 'c10_50k_loss', 'c10_50k_acc']) 
 c10h_outdir:  /tigress/ruairidh/model_results/run_1/saves/wrn_28_10/con_True_lr_0.01_seed_1
[2018/09/25 19:18:28 __main__ INFO] - Train 10
[2018/09/25 19:18:47 __main__ INFO] - TEST 10
[2018/09/25 19:19:36 __main__ INFO] - - epoch 10    c10h_train    : 0.3622 (acc: 0.9797) | c10h_val    : 0.4860 (acc: 0.9350)
[2018/09/25 19:19:36 __main__ INFO] - -            c10h_train_c10: 0.0310 (acc: 0.9871) | c10h_val_c10: 0.2330 (acc: 0.9350)
[2018/09/25 19:19:36 __main__ INFO] - -            v4            : 0.5589 (acc: 0.8382) |           v6: 0.5155 (acc: 0.8580)
[2018/09/25 19:19:36 __main__ INFO] - -            c10_50k       : 0.1068 (acc: 0.9650)
[2018/09/25 19:19:36 __main__ INFO] - Elapsed 48.68
keys:  dict_keys(['epoch', 'c10h_train_loss', 'c10h_train_acc', 'c10h_val_loss', 'c10h_val_acc', 'c10h_train_c10_loss', 'c10h_train_c10_acc', 'c10h_val_c10_loss', 'c10h_val_c10_acc', 'v4_loss', 'v4_acc', 'v6_loss', 'v6_acc', 'c10_50k_loss', 'c10_50k_acc']) 
 c10h_outdir:  /tigress/ruairidh/model_results/run_1/saves/wrn_28_10/con_True_lr_0.01_seed_1
[2018/09/25 19:19:38 __main__ INFO] - Train 11
[2018/09/25 19:19:58 __main__ INFO] - TEST 11
[2018/09/25 19:20:46 __main__ INFO] - - epoch 11    c10h_train    : 0.3779 (acc: 0.9789) | c10h_val    : 0.5532 (acc: 0.9230)
[2018/09/25 19:20:46 __main__ INFO] - -            c10h_train_c10: 0.0345 (acc: 0.9863) | c10h_val_c10: 0.2784 (acc: 0.9270)
[2018/09/25 19:20:46 __main__ INFO] - -            v4            : 0.5649 (acc: 0.8441) |           v6: 0.5464 (acc: 0.8525)
[2018/09/25 19:20:46 __main__ INFO] - -            c10_50k       : 0.1202 (acc: 0.9608)
[2018/09/25 19:20:46 __main__ INFO] - Elapsed 48.37
keys:  dict_keys(['epoch', 'c10h_train_loss', 'c10h_train_acc', 'c10h_val_loss', 'c10h_val_acc', 'c10h_train_c10_loss', 'c10h_train_c10_acc', 'c10h_val_c10_loss', 'c10h_val_c10_acc', 'v4_loss', 'v4_acc', 'v6_loss', 'v6_acc', 'c10_50k_loss', 'c10_50k_acc']) 
 c10h_outdir:  /tigress/ruairidh/model_results/run_1/saves/wrn_28_10/con_True_lr_0.01_seed_1
[2018/09/25 19:20:48 __main__ INFO] - Train 12
[2018/09/25 19:21:07 __main__ INFO] - TEST 12
[2018/09/25 19:21:56 __main__ INFO] - - epoch 12    c10h_train    : 0.3790 (acc: 0.9754) | c10h_val    : 0.5453 (acc: 0.9200)
[2018/09/25 19:21:56 __main__ INFO] - -            c10h_train_c10: 0.0409 (acc: 0.9822) | c10h_val_c10: 0.2701 (acc: 0.9240)
[2018/09/25 19:21:56 __main__ INFO] - -            v4            : 0.6313 (acc: 0.8238) |           v6: 0.5878 (acc: 0.8430)
[2018/09/25 19:21:56 __main__ INFO] - -            c10_50k       : 0.1320 (acc: 0.9568)
[2018/09/25 19:21:56 __main__ INFO] - Elapsed 48.33
keys:  dict_keys(['epoch', 'c10h_train_loss', 'c10h_train_acc', 'c10h_val_loss', 'c10h_val_acc', 'c10h_train_c10_loss', 'c10h_train_c10_acc', 'c10h_val_c10_loss', 'c10h_val_c10_acc', 'v4_loss', 'v4_acc', 'v6_loss', 'v6_acc', 'c10_50k_loss', 'c10_50k_acc']) 
 c10h_outdir:  /tigress/ruairidh/model_results/run_1/saves/wrn_28_10/con_True_lr_0.01_seed_1
[2018/09/25 19:21:57 __main__ INFO] - Train 13
[2018/09/25 19:22:16 __main__ INFO] - TEST 13
[2018/09/25 19:23:04 __main__ INFO] - - epoch 13    c10h_train    : 0.3834 (acc: 0.9760) | c10h_val    : 0.5690 (acc: 0.9080)
[2018/09/25 19:23:04 __main__ INFO] - -            c10h_train_c10: 0.0365 (acc: 0.9833) | c10h_val_c10: 0.2937 (acc: 0.9120)
[2018/09/25 19:23:04 __main__ INFO] - -            v4            : 0.7306 (acc: 0.7952) |           v6: 0.7099 (acc: 0.8180)
[2018/09/25 19:23:04 __main__ INFO] - -            c10_50k       : 0.1475 (acc: 0.9519)
[2018/09/25 19:23:04 __main__ INFO] - Elapsed 48.05
keys:  dict_keys(['epoch', 'c10h_train_loss', 'c10h_train_acc', 'c10h_val_loss', 'c10h_val_acc', 'c10h_train_c10_loss', 'c10h_train_c10_acc', 'c10h_val_c10_loss', 'c10h_val_c10_acc', 'v4_loss', 'v4_acc', 'v6_loss', 'v6_acc', 'c10_50k_loss', 'c10_50k_acc']) 
 c10h_outdir:  /tigress/ruairidh/model_results/run_1/saves/wrn_28_10/con_True_lr_0.01_seed_1
[2018/09/25 19:23:06 __main__ INFO] - Train 14
[2018/09/25 19:23:26 __main__ INFO] - TEST 14
[2018/09/25 19:24:14 __main__ INFO] - - epoch 14    c10h_train    : 0.3784 (acc: 0.9817) | c10h_val    : 0.5498 (acc: 0.9220)
[2018/09/25 19:24:14 __main__ INFO] - -            c10h_train_c10: 0.0241 (acc: 0.9893) | c10h_val_c10: 0.2724 (acc: 0.9250)
[2018/09/25 19:24:14 __main__ INFO] - -            v4            : 0.5889 (acc: 0.8372) |           v6: 0.6063 (acc: 0.8435)
[2018/09/25 19:24:14 __main__ INFO] - -            c10_50k       : 0.1101 (acc: 0.9629)
[2018/09/25 19:24:14 __main__ INFO] - Elapsed 48.21
keys:  dict_keys(['epoch', 'c10h_train_loss', 'c10h_train_acc', 'c10h_val_loss', 'c10h_val_acc', 'c10h_train_c10_loss', 'c10h_train_c10_acc', 'c10h_val_c10_loss', 'c10h_val_c10_acc', 'v4_loss', 'v4_acc', 'v6_loss', 'v6_acc', 'c10_50k_loss', 'c10_50k_acc']) 
 c10h_outdir:  /tigress/ruairidh/model_results/run_1/saves/wrn_28_10/con_True_lr_0.01_seed_1
[2018/09/25 19:24:15 __main__ INFO] - Train 15
[2018/09/25 19:24:35 __main__ INFO] - TEST 15
[2018/09/25 19:25:23 __main__ INFO] - - epoch 15    c10h_train    : 0.3884 (acc: 0.9809) | c10h_val    : 0.5426 (acc: 0.9180)
[2018/09/25 19:25:24 __main__ INFO] - -            c10h_train_c10: 0.0256 (acc: 0.9882) | c10h_val_c10: 0.2526 (acc: 0.9230)
[2018/09/25 19:25:24 __main__ INFO] - -            v4            : 0.6297 (acc: 0.8288) |           v6: 0.5780 (acc: 0.8510)
[2018/09/25 19:25:24 __main__ INFO] - -            c10_50k       : 0.1180 (acc: 0.9625)
[2018/09/25 19:25:24 __main__ INFO] - Elapsed 48.75
keys:  dict_keys(['epoch', 'c10h_train_loss', 'c10h_train_acc', 'c10h_val_loss', 'c10h_val_acc', 'c10h_train_c10_loss', 'c10h_train_c10_acc', 'c10h_val_c10_loss', 'c10h_val_c10_acc', 'v4_loss', 'v4_acc', 'v6_loss', 'v6_acc', 'c10_50k_loss', 'c10_50k_acc']) 
 c10h_outdir:  /tigress/ruairidh/model_results/run_1/saves/wrn_28_10/con_True_lr_0.01_seed_1
[2018/09/25 19:25:26 __main__ INFO] - Train 16
[2018/09/25 19:25:45 __main__ INFO] - TEST 16
[2018/09/25 19:26:33 __main__ INFO] - - epoch 16    c10h_train    : 0.3898 (acc: 0.9814) | c10h_val    : 0.5675 (acc: 0.9080)
[2018/09/25 19:26:33 __main__ INFO] - -            c10h_train_c10: 0.0245 (acc: 0.9891) | c10h_val_c10: 0.2993 (acc: 0.9110)
[2018/09/25 19:26:33 __main__ INFO] - -            v4            : 0.6734 (acc: 0.8105) |           v6: 0.6807 (acc: 0.8260)
[2018/09/25 19:26:33 __main__ INFO] - -            c10_50k       : 0.1307 (acc: 0.9580)
[2018/09/25 19:26:33 __main__ INFO] - Elapsed 48.16
keys:  dict_keys(['epoch', 'c10h_train_loss', 'c10h_train_acc', 'c10h_val_loss', 'c10h_val_acc', 'c10h_train_c10_loss', 'c10h_train_c10_acc', 'c10h_val_c10_loss', 'c10h_val_c10_acc', 'v4_loss', 'v4_acc', 'v6_loss', 'v6_acc', 'c10_50k_loss', 'c10_50k_acc']) 
 c10h_outdir:  /tigress/ruairidh/model_results/run_1/saves/wrn_28_10/con_True_lr_0.01_seed_1
[2018/09/25 19:26:34 __main__ INFO] - Train 17
[2018/09/25 19:26:53 __main__ INFO] - TEST 17
[2018/09/25 19:27:41 __main__ INFO] - - epoch 17    c10h_train    : 0.3860 (acc: 0.9807) | c10h_val    : 0.5728 (acc: 0.9200)
[2018/09/25 19:27:42 __main__ INFO] - -            c10h_train_c10: 0.0260 (acc: 0.9876) | c10h_val_c10: 0.2901 (acc: 0.9230)
[2018/09/25 19:27:42 __main__ INFO] - -            v4            : 0.6235 (acc: 0.8278) |           v6: 0.6287 (acc: 0.8435)
[2018/09/25 19:27:42 __main__ INFO] - -            c10_50k       : 0.1212 (acc: 0.9611)
[2018/09/25 19:27:42 __main__ INFO] - Elapsed 48.27
keys:  dict_keys(['epoch', 'c10h_train_loss', 'c10h_train_acc', 'c10h_val_loss', 'c10h_val_acc', 'c10h_train_c10_loss', 'c10h_train_c10_acc', 'c10h_val_c10_loss', 'c10h_val_c10_acc', 'v4_loss', 'v4_acc', 'v6_loss', 'v6_acc', 'c10_50k_loss', 'c10_50k_acc']) 
 c10h_outdir:  /tigress/ruairidh/model_results/run_1/saves/wrn_28_10/con_True_lr_0.01_seed_1
[2018/09/25 19:27:42 __main__ INFO] - Train 18
[2018/09/25 19:28:02 __main__ INFO] - TEST 18
[2018/09/25 19:28:50 __main__ INFO] - - epoch 18    c10h_train    : 0.3920 (acc: 0.9750) | c10h_val    : 0.5209 (acc: 0.9230)
[2018/09/25 19:28:50 __main__ INFO] - -            c10h_train_c10: 0.0427 (acc: 0.9821) | c10h_val_c10: 0.2670 (acc: 0.9230)
[2018/09/25 19:28:50 __main__ INFO] - -            v4            : 0.6644 (acc: 0.8258) |           v6: 0.6779 (acc: 0.8310)
[2018/09/25 19:28:50 __main__ INFO] - -            c10_50k       : 0.1492 (acc: 0.9516)
[2018/09/25 19:28:50 __main__ INFO] - Elapsed 48.33
keys:  dict_keys(['epoch', 'c10h_train_loss', 'c10h_train_acc', 'c10h_val_loss', 'c10h_val_acc', 'c10h_train_c10_loss', 'c10h_train_c10_acc', 'c10h_val_c10_loss', 'c10h_val_c10_acc', 'v4_loss', 'v4_acc', 'v6_loss', 'v6_acc', 'c10_50k_loss', 'c10_50k_acc']) 
 c10h_outdir:  /tigress/ruairidh/model_results/run_1/saves/wrn_28_10/con_True_lr_0.01_seed_1
[2018/09/25 19:28:52 __main__ INFO] - Train 19
[2018/09/25 19:29:11 __main__ INFO] - TEST 19
[2018/09/25 19:30:00 __main__ INFO] - - epoch 19    c10h_train    : 0.3779 (acc: 0.9840) | c10h_val    : 0.5265 (acc: 0.9260)
[2018/09/25 19:30:00 __main__ INFO] - -            c10h_train_c10: 0.0174 (acc: 0.9918) | c10h_val_c10: 0.2582 (acc: 0.9300)
[2018/09/25 19:30:00 __main__ INFO] - -            v4            : 0.5846 (acc: 0.8362) |           v6: 0.5810 (acc: 0.8450)
[2018/09/25 19:30:00 __main__ INFO] - -            c10_50k       : 0.1191 (acc: 0.9620)
[2018/09/25 19:30:00 __main__ INFO] - Elapsed 48.42
keys:  dict_keys(['epoch', 'c10h_train_loss', 'c10h_train_acc', 'c10h_val_loss', 'c10h_val_acc', 'c10h_train_c10_loss', 'c10h_train_c10_acc', 'c10h_val_c10_loss', 'c10h_val_c10_acc', 'v4_loss', 'v4_acc', 'v6_loss', 'v6_acc', 'c10_50k_loss', 'c10_50k_acc']) 
 c10h_outdir:  /tigress/ruairidh/model_results/run_1/saves/wrn_28_10/con_True_lr_0.01_seed_1
[2018/09/25 19:30:00 __main__ INFO] - Train 20
[2018/09/25 19:30:20 __main__ INFO] - TEST 20
[2018/09/25 19:31:08 __main__ INFO] - - epoch 20    c10h_train    : 0.3925 (acc: 0.9830) | c10h_val    : 0.5177 (acc: 0.9320)
[2018/09/25 19:31:08 __main__ INFO] - -            c10h_train_c10: 0.0170 (acc: 0.9909) | c10h_val_c10: 0.2261 (acc: 0.9350)
[2018/09/25 19:31:08 __main__ INFO] - -            v4            : 0.6075 (acc: 0.8387) |           v6: 0.5968 (acc: 0.8465)
[2018/09/25 19:31:08 __main__ INFO] - -            c10_50k       : 0.1219 (acc: 0.9608)
[2018/09/25 19:31:08 __main__ INFO] - Elapsed 48.20
keys:  dict_keys(['epoch', 'c10h_train_loss', 'c10h_train_acc', 'c10h_val_loss', 'c10h_val_acc', 'c10h_train_c10_loss', 'c10h_train_c10_acc', 'c10h_val_c10_loss', 'c10h_val_c10_acc', 'v4_loss', 'v4_acc', 'v6_loss', 'v6_acc', 'c10_50k_loss', 'c10_50k_acc']) 
 c10h_outdir:  /tigress/ruairidh/model_results/run_1/saves/wrn_28_10/con_True_lr_0.01_seed_1
[2018/09/25 19:31:11 __main__ INFO] - Train 21
[2018/09/25 19:31:31 __main__ INFO] - TEST 21
[2018/09/25 19:32:19 __main__ INFO] - - epoch 21    c10h_train    : 0.3904 (acc: 0.9832) | c10h_val    : 0.5295 (acc: 0.9340)
[2018/09/25 19:32:19 __main__ INFO] - -            c10h_train_c10: 0.0202 (acc: 0.9906) | c10h_val_c10: 0.2468 (acc: 0.9360)
[2018/09/25 19:32:19 __main__ INFO] - -            v4            : 0.6465 (acc: 0.8308) |           v6: 0.6313 (acc: 0.8430)
[2018/09/25 19:32:19 __main__ INFO] - -            c10_50k       : 0.1233 (acc: 0.9600)
[2018/09/25 19:32:19 __main__ INFO] - Elapsed 48.23
keys:  dict_keys(['epoch', 'c10h_train_loss', 'c10h_train_acc', 'c10h_val_loss', 'c10h_val_acc', 'c10h_train_c10_loss', 'c10h_train_c10_acc', 'c10h_val_c10_loss', 'c10h_val_c10_acc', 'v4_loss', 'v4_acc', 'v6_loss', 'v6_acc', 'c10_50k_loss', 'c10_50k_acc']) 
 c10h_outdir:  /tigress/ruairidh/model_results/run_1/saves/wrn_28_10/con_True_lr_0.01_seed_1
[2018/09/25 19:32:21 __main__ INFO] - Train 22
[2018/09/25 19:32:41 __main__ INFO] - TEST 22
[2018/09/25 19:33:29 __main__ INFO] - - epoch 22    c10h_train    : 0.3937 (acc: 0.9820) | c10h_val    : 0.5437 (acc: 0.9220)
[2018/09/25 19:33:29 __main__ INFO] - -            c10h_train_c10: 0.0206 (acc: 0.9896) | c10h_val_c10: 0.2725 (acc: 0.9260)
[2018/09/25 19:33:29 __main__ INFO] - -            v4            : 0.5868 (acc: 0.8337) |           v6: 0.5779 (acc: 0.8450)
[2018/09/25 19:33:29 __main__ INFO] - -            c10_50k       : 0.1237 (acc: 0.9605)
[2018/09/25 19:33:29 __main__ INFO] - Elapsed 48.05
keys:  dict_keys(['epoch', 'c10h_train_loss', 'c10h_train_acc', 'c10h_val_loss', 'c10h_val_acc', 'c10h_train_c10_loss', 'c10h_train_c10_acc', 'c10h_val_c10_loss', 'c10h_val_c10_acc', 'v4_loss', 'v4_acc', 'v6_loss', 'v6_acc', 'c10_50k_loss', 'c10_50k_acc']) 
 c10h_outdir:  /tigress/ruairidh/model_results/run_1/saves/wrn_28_10/con_True_lr_0.01_seed_1
[2018/09/25 19:33:30 __main__ INFO] - Train 23
[2018/09/25 19:33:49 __main__ INFO] - TEST 23
[2018/09/25 19:34:37 __main__ INFO] - - epoch 23    c10h_train    : 0.3951 (acc: 0.9859) | c10h_val    : 0.5340 (acc: 0.9320)
[2018/09/25 19:34:38 __main__ INFO] - -            c10h_train_c10: 0.0076 (acc: 0.9934) | c10h_val_c10: 0.2414 (acc: 0.9360)
[2018/09/25 19:34:38 __main__ INFO] - -            v4            : 0.5966 (acc: 0.8456) |           v6: 0.5807 (acc: 0.8550)
[2018/09/25 19:34:38 __main__ INFO] - -            c10_50k       : 0.0934 (acc: 0.9700)
[2018/09/25 19:34:38 __main__ INFO] - Elapsed 48.37
keys:  dict_keys(['epoch', 'c10h_train_loss', 'c10h_train_acc', 'c10h_val_loss', 'c10h_val_acc', 'c10h_train_c10_loss', 'c10h_train_c10_acc', 'c10h_val_c10_loss', 'c10h_val_c10_acc', 'v4_loss', 'v4_acc', 'v6_loss', 'v6_acc', 'c10_50k_loss', 'c10_50k_acc']) 
 c10h_outdir:  /tigress/ruairidh/model_results/run_1/saves/wrn_28_10/con_True_lr_0.01_seed_1
[2018/09/25 19:34:38 __main__ INFO] - Train 24
[2018/09/25 19:34:58 __main__ INFO] - TEST 24
[2018/09/25 19:35:46 __main__ INFO] - - epoch 24    c10h_train    : 0.4053 (acc: 0.9783) | c10h_val    : 0.6037 (acc: 0.9200)
[2018/09/25 19:35:47 __main__ INFO] - -            c10h_train_c10: 0.0298 (acc: 0.9859) | c10h_val_c10: 0.3242 (acc: 0.9250)
[2018/09/25 19:35:47 __main__ INFO] - -            v4            : 0.6965 (acc: 0.8184) |           v6: 0.6319 (acc: 0.8350)
[2018/09/25 19:35:47 __main__ INFO] - -            c10_50k       : 0.1626 (acc: 0.9508)
[2018/09/25 19:35:47 __main__ INFO] - Elapsed 48.97
keys:  dict_keys(['epoch', 'c10h_train_loss', 'c10h_train_acc', 'c10h_val_loss', 'c10h_val_acc', 'c10h_train_c10_loss', 'c10h_train_c10_acc', 'c10h_val_c10_loss', 'c10h_val_c10_acc', 'v4_loss', 'v4_acc', 'v6_loss', 'v6_acc', 'c10_50k_loss', 'c10_50k_acc']) 
 c10h_outdir:  /tigress/ruairidh/model_results/run_1/saves/wrn_28_10/con_True_lr_0.01_seed_1
[2018/09/25 19:35:50 __main__ INFO] - Train 25
[2018/09/25 19:36:09 __main__ INFO] - TEST 25
[2018/09/25 19:36:57 __main__ INFO] - - epoch 25    c10h_train    : 0.4044 (acc: 0.9814) | c10h_val    : 0.5894 (acc: 0.9270)
[2018/09/25 19:36:57 __main__ INFO] - -            c10h_train_c10: 0.0184 (acc: 0.9894) | c10h_val_c10: 0.3025 (acc: 0.9310)
[2018/09/25 19:36:57 __main__ INFO] - -            v4            : 0.6538 (acc: 0.8248) |           v6: 0.6703 (acc: 0.8275)
[2018/09/25 19:36:57 __main__ INFO] - -            c10_50k       : 0.1366 (acc: 0.9568)
[2018/09/25 19:36:57 __main__ INFO] - Elapsed 48.20
keys:  dict_keys(['epoch', 'c10h_train_loss', 'c10h_train_acc', 'c10h_val_loss', 'c10h_val_acc', 'c10h_train_c10_loss', 'c10h_train_c10_acc', 'c10h_val_c10_loss', 'c10h_val_c10_acc', 'v4_loss', 'v4_acc', 'v6_loss', 'v6_acc', 'c10_50k_loss', 'c10_50k_acc']) 
 c10h_outdir:  /tigress/ruairidh/model_results/run_1/saves/wrn_28_10/con_True_lr_0.01_seed_1
[2018/09/25 19:37:00 __main__ INFO] - Train 26
[2018/09/25 19:37:20 __main__ INFO] - TEST 26
[2018/09/25 19:38:08 __main__ INFO] - - epoch 26    c10h_train    : 0.3950 (acc: 0.9794) | c10h_val    : 0.5571 (acc: 0.9170)
[2018/09/25 19:38:08 __main__ INFO] - -            c10h_train_c10: 0.0283 (acc: 0.9870) | c10h_val_c10: 0.2918 (acc: 0.9210)
[2018/09/25 19:38:08 __main__ INFO] - -            v4            : 0.6206 (acc: 0.8333) |           v6: 0.6496 (acc: 0.8380)
[2018/09/25 19:38:08 __main__ INFO] - -            c10_50k       : 0.1601 (acc: 0.9504)
[2018/09/25 19:38:08 __main__ INFO] - Elapsed 48.31
keys:  dict_keys(['epoch', 'c10h_train_loss', 'c10h_train_acc', 'c10h_val_loss', 'c10h_val_acc', 'c10h_train_c10_loss', 'c10h_train_c10_acc', 'c10h_val_c10_loss', 'c10h_val_c10_acc', 'v4_loss', 'v4_acc', 'v6_loss', 'v6_acc', 'c10_50k_loss', 'c10_50k_acc']) 
 c10h_outdir:  /tigress/ruairidh/model_results/run_1/saves/wrn_28_10/con_True_lr_0.01_seed_1
[2018/09/25 19:38:09 __main__ INFO] - Train 27
[2018/09/25 19:38:29 __main__ INFO] - TEST 27
[2018/09/25 19:39:18 __main__ INFO] - - epoch 27    c10h_train    : 0.3983 (acc: 0.9809) | c10h_val    : 0.6024 (acc: 0.9100)
[2018/09/25 19:39:18 __main__ INFO] - -            c10h_train_c10: 0.0248 (acc: 0.9886) | c10h_val_c10: 0.3397 (acc: 0.9120)
[2018/09/25 19:39:18 __main__ INFO] - -            v4            : 0.6448 (acc: 0.8243) |           v6: 0.6533 (acc: 0.8285)
[2018/09/25 19:39:18 __main__ INFO] - -            c10_50k       : 0.1588 (acc: 0.9509)
[2018/09/25 19:39:18 __main__ INFO] - Elapsed 48.70
keys:  dict_keys(['epoch', 'c10h_train_loss', 'c10h_train_acc', 'c10h_val_loss', 'c10h_val_acc', 'c10h_train_c10_loss', 'c10h_train_c10_acc', 'c10h_val_c10_loss', 'c10h_val_c10_acc', 'v4_loss', 'v4_acc', 'v6_loss', 'v6_acc', 'c10_50k_loss', 'c10_50k_acc']) 
 c10h_outdir:  /tigress/ruairidh/model_results/run_1/saves/wrn_28_10/con_True_lr_0.01_seed_1
[2018/09/25 19:39:21 __main__ INFO] - Train 28
[2018/09/25 19:39:40 __main__ INFO] - TEST 28
[2018/09/25 19:40:29 __main__ INFO] - - epoch 28    c10h_train    : 0.4074 (acc: 0.9782) | c10h_val    : 0.6526 (acc: 0.9140)
[2018/09/25 19:40:29 __main__ INFO] - -            c10h_train_c10: 0.0331 (acc: 0.9856) | c10h_val_c10: 0.3806 (acc: 0.9180)
[2018/09/25 19:40:29 __main__ INFO] - -            v4            : 0.6609 (acc: 0.8224) |           v6: 0.7038 (acc: 0.8205)
[2018/09/25 19:40:29 __main__ INFO] - -            c10_50k       : 0.1775 (acc: 0.9451)
[2018/09/25 19:40:29 __main__ INFO] - Elapsed 48.33
keys:  dict_keys(['epoch', 'c10h_train_loss', 'c10h_train_acc', 'c10h_val_loss', 'c10h_val_acc', 'c10h_train_c10_loss', 'c10h_train_c10_acc', 'c10h_val_c10_loss', 'c10h_val_c10_acc', 'v4_loss', 'v4_acc', 'v6_loss', 'v6_acc', 'c10_50k_loss', 'c10_50k_acc']) 
 c10h_outdir:  /tigress/ruairidh/model_results/run_1/saves/wrn_28_10/con_True_lr_0.01_seed_1
[2018/09/25 19:40:32 __main__ INFO] - Train 29
[2018/09/25 19:40:51 __main__ INFO] - TEST 29
[2018/09/25 19:41:39 __main__ INFO] - - epoch 29    c10h_train    : 0.3931 (acc: 0.9796) | c10h_val    : 0.5395 (acc: 0.9200)
[2018/09/25 19:41:39 __main__ INFO] - -            c10h_train_c10: 0.0268 (acc: 0.9873) | c10h_val_c10: 0.2692 (acc: 0.9230)
[2018/09/25 19:41:39 __main__ INFO] - -            v4            : 0.6275 (acc: 0.8243) |           v6: 0.6190 (acc: 0.8460)
[2018/09/25 19:41:39 __main__ INFO] - -            c10_50k       : 0.1587 (acc: 0.9514)
[2018/09/25 19:41:39 __main__ INFO] - Elapsed 48.40
keys:  dict_keys(['epoch', 'c10h_train_loss', 'c10h_train_acc', 'c10h_val_loss', 'c10h_val_acc', 'c10h_train_c10_loss', 'c10h_train_c10_acc', 'c10h_val_c10_loss', 'c10h_val_c10_acc', 'v4_loss', 'v4_acc', 'v6_loss', 'v6_acc', 'c10_50k_loss', 'c10_50k_acc']) 
 c10h_outdir:  /tigress/ruairidh/model_results/run_1/saves/wrn_28_10/con_True_lr_0.01_seed_1
[2018/09/25 19:41:40 __main__ INFO] - Train 30
[2018/09/25 19:42:00 __main__ INFO] - TEST 30
[2018/09/25 19:42:48 __main__ INFO] - - epoch 30    c10h_train    : 0.3926 (acc: 0.9841) | c10h_val    : 0.5287 (acc: 0.9370)
[2018/09/25 19:42:48 __main__ INFO] - -            c10h_train_c10: 0.0134 (acc: 0.9921) | c10h_val_c10: 0.2330 (acc: 0.9400)
[2018/09/25 19:42:48 __main__ INFO] - -            v4            : 0.6206 (acc: 0.8372) |           v6: 0.5992 (acc: 0.8460)
[2018/09/25 19:42:48 __main__ INFO] - -            c10_50k       : 0.1277 (acc: 0.9599)
[2018/09/25 19:42:48 __main__ INFO] - Elapsed 48.22
keys:  dict_keys(['epoch', 'c10h_train_loss', 'c10h_train_acc', 'c10h_val_loss', 'c10h_val_acc', 'c10h_train_c10_loss', 'c10h_train_c10_acc', 'c10h_val_c10_loss', 'c10h_val_c10_acc', 'v4_loss', 'v4_acc', 'v6_loss', 'v6_acc', 'c10_50k_loss', 'c10_50k_acc']) 
 c10h_outdir:  /tigress/ruairidh/model_results/run_1/saves/wrn_28_10/con_True_lr_0.01_seed_1
[2018/09/25 19:42:48 __main__ INFO] - Train 31
[2018/09/25 19:43:08 __main__ INFO] - TEST 31
[2018/09/25 19:43:56 __main__ INFO] - - epoch 31    c10h_train    : 0.4072 (acc: 0.9860) | c10h_val    : 0.5563 (acc: 0.9330)
[2018/09/25 19:43:56 __main__ INFO] - -            c10h_train_c10: 0.0078 (acc: 0.9939) | c10h_val_c10: 0.2626 (acc: 0.9380)
[2018/09/25 19:43:56 __main__ INFO] - -            v4            : 0.5668 (acc: 0.8481) |           v6: 0.5716 (acc: 0.8620)
[2018/09/25 19:43:56 __main__ INFO] - -            c10_50k       : 0.1083 (acc: 0.9660)
[2018/09/25 19:43:56 __main__ INFO] - Elapsed 48.09
keys:  dict_keys(['epoch', 'c10h_train_loss', 'c10h_train_acc', 'c10h_val_loss', 'c10h_val_acc', 'c10h_train_c10_loss', 'c10h_train_c10_acc', 'c10h_val_c10_loss', 'c10h_val_c10_acc', 'v4_loss', 'v4_acc', 'v6_loss', 'v6_acc', 'c10_50k_loss', 'c10_50k_acc']) 
 c10h_outdir:  /tigress/ruairidh/model_results/run_1/saves/wrn_28_10/con_True_lr_0.01_seed_1
[2018/09/25 19:43:57 __main__ INFO] - Train 32
[2018/09/25 19:44:16 __main__ INFO] - TEST 32
[2018/09/25 19:45:04 __main__ INFO] - - epoch 32    c10h_train    : 0.4130 (acc: 0.9787) | c10h_val    : 0.6054 (acc: 0.9100)
[2018/09/25 19:45:04 __main__ INFO] - -            c10h_train_c10: 0.0304 (acc: 0.9864) | c10h_val_c10: 0.3102 (acc: 0.9140)
[2018/09/25 19:45:04 __main__ INFO] - -            v4            : 0.6932 (acc: 0.8238) |           v6: 0.7177 (acc: 0.8245)
[2018/09/25 19:45:04 __main__ INFO] - -            c10_50k       : 0.1711 (acc: 0.9472)
[2018/09/25 19:45:04 __main__ INFO] - Elapsed 48.26
keys:  dict_keys(['epoch', 'c10h_train_loss', 'c10h_train_acc', 'c10h_val_loss', 'c10h_val_acc', 'c10h_train_c10_loss', 'c10h_train_c10_acc', 'c10h_val_c10_loss', 'c10h_val_c10_acc', 'v4_loss', 'v4_acc', 'v6_loss', 'v6_acc', 'c10_50k_loss', 'c10_50k_acc']) 
 c10h_outdir:  /tigress/ruairidh/model_results/run_1/saves/wrn_28_10/con_True_lr_0.01_seed_1
[2018/09/25 19:45:06 __main__ INFO] - Train 33
[2018/09/25 19:45:25 __main__ INFO] - TEST 33
[2018/09/25 19:46:13 __main__ INFO] - - epoch 33    c10h_train    : 0.4085 (acc: 0.9842) | c10h_val    : 0.5355 (acc: 0.9340)
[2018/09/25 19:46:13 __main__ INFO] - -            c10h_train_c10: 0.0116 (acc: 0.9922) | c10h_val_c10: 0.2381 (acc: 0.9390)
[2018/09/25 19:46:13 __main__ INFO] - -            v4            : 0.5997 (acc: 0.8397) |           v6: 0.6038 (acc: 0.8445)
[2018/09/25 19:46:13 __main__ INFO] - -            c10_50k       : 0.1192 (acc: 0.9627)
[2018/09/25 19:46:13 __main__ INFO] - Elapsed 47.75
keys:  dict_keys(['epoch', 'c10h_train_loss', 'c10h_train_acc', 'c10h_val_loss', 'c10h_val_acc', 'c10h_train_c10_loss', 'c10h_train_c10_acc', 'c10h_val_c10_loss', 'c10h_val_c10_acc', 'v4_loss', 'v4_acc', 'v6_loss', 'v6_acc', 'c10_50k_loss', 'c10_50k_acc']) 
 c10h_outdir:  /tigress/ruairidh/model_results/run_1/saves/wrn_28_10/con_True_lr_0.01_seed_1
[2018/09/25 19:46:16 __main__ INFO] - Train 34
[2018/09/25 19:46:35 __main__ INFO] - TEST 34
[2018/09/25 19:47:24 __main__ INFO] - - epoch 34    c10h_train    : 0.4115 (acc: 0.9868) | c10h_val    : 0.5126 (acc: 0.9360)
[2018/09/25 19:47:24 __main__ INFO] - -            c10h_train_c10: 0.0043 (acc: 0.9946) | c10h_val_c10: 0.2214 (acc: 0.9380)
[2018/09/25 19:47:24 __main__ INFO] - -            v4            : 0.5678 (acc: 0.8456) |           v6: 0.5691 (acc: 0.8595)
[2018/09/25 19:47:24 __main__ INFO] - -            c10_50k       : 0.0967 (acc: 0.9698)
[2018/09/25 19:47:24 __main__ INFO] - Elapsed 48.25
keys:  dict_keys(['epoch', 'c10h_train_loss', 'c10h_train_acc', 'c10h_val_loss', 'c10h_val_acc', 'c10h_train_c10_loss', 'c10h_train_c10_acc', 'c10h_val_c10_loss', 'c10h_val_c10_acc', 'v4_loss', 'v4_acc', 'v6_loss', 'v6_acc', 'c10_50k_loss', 'c10_50k_acc']) 
 c10h_outdir:  /tigress/ruairidh/model_results/run_1/saves/wrn_28_10/con_True_lr_0.01_seed_1
[2018/09/25 19:47:26 __main__ INFO] - Train 35
[2018/09/25 19:47:46 __main__ INFO] - TEST 35
[2018/09/25 19:48:34 __main__ INFO] - - epoch 35    c10h_train    : 0.4143 (acc: 0.9863) | c10h_val    : 0.5442 (acc: 0.9320)
[2018/09/25 19:48:34 __main__ INFO] - -            c10h_train_c10: 0.0053 (acc: 0.9943) | c10h_val_c10: 0.2577 (acc: 0.9350)
[2018/09/25 19:48:34 __main__ INFO] - -            v4            : 0.5950 (acc: 0.8412) |           v6: 0.5942 (acc: 0.8505)
[2018/09/25 19:48:34 __main__ INFO] - -            c10_50k       : 0.1130 (acc: 0.9647)
[2018/09/25 19:48:34 __main__ INFO] - Elapsed 48.36
keys:  dict_keys(['epoch', 'c10h_train_loss', 'c10h_train_acc', 'c10h_val_loss', 'c10h_val_acc', 'c10h_train_c10_loss', 'c10h_train_c10_acc', 'c10h_val_c10_loss', 'c10h_val_c10_acc', 'v4_loss', 'v4_acc', 'v6_loss', 'v6_acc', 'c10_50k_loss', 'c10_50k_acc']) 
 c10h_outdir:  /tigress/ruairidh/model_results/run_1/saves/wrn_28_10/con_True_lr_0.01_seed_1
[2018/09/25 19:48:37 __main__ INFO] - Train 36
[2018/09/25 19:48:56 __main__ INFO] - TEST 36
[2018/09/25 19:49:44 __main__ INFO] - - epoch 36    c10h_train    : 0.4208 (acc: 0.9864) | c10h_val    : 0.5251 (acc: 0.9420)
[2018/09/25 19:49:44 __main__ INFO] - -            c10h_train_c10: 0.0052 (acc: 0.9944) | c10h_val_c10: 0.2038 (acc: 0.9460)
[2018/09/25 19:49:44 __main__ INFO] - -            v4            : 0.5974 (acc: 0.8496) |           v6: 0.6029 (acc: 0.8630)
[2018/09/25 19:49:44 __main__ INFO] - -            c10_50k       : 0.1038 (acc: 0.9672)
[2018/09/25 19:49:44 __main__ INFO] - Elapsed 48.21
keys:  dict_keys(['epoch', 'c10h_train_loss', 'c10h_train_acc', 'c10h_val_loss', 'c10h_val_acc', 'c10h_train_c10_loss', 'c10h_train_c10_acc', 'c10h_val_c10_loss', 'c10h_val_c10_acc', 'v4_loss', 'v4_acc', 'v6_loss', 'v6_acc', 'c10_50k_loss', 'c10_50k_acc']) 
 c10h_outdir:  /tigress/ruairidh/model_results/run_1/saves/wrn_28_10/con_True_lr_0.01_seed_1
[2018/09/25 19:49:46 __main__ INFO] - Train 37
[2018/09/25 19:50:05 __main__ INFO] - TEST 37
[2018/09/25 19:50:54 __main__ INFO] - - epoch 37    c10h_train    : 0.4105 (acc: 0.9854) | c10h_val    : 0.5294 (acc: 0.9340)
[2018/09/25 19:50:54 __main__ INFO] - -            c10h_train_c10: 0.0094 (acc: 0.9934) | c10h_val_c10: 0.2473 (acc: 0.9380)
[2018/09/25 19:50:54 __main__ INFO] - -            v4            : 0.6768 (acc: 0.8248) |           v6: 0.6331 (acc: 0.8415)
[2018/09/25 19:50:54 __main__ INFO] - -            c10_50k       : 0.1325 (acc: 0.9594)
[2018/09/25 19:50:54 __main__ INFO] - Elapsed 48.56
keys:  dict_keys(['epoch', 'c10h_train_loss', 'c10h_train_acc', 'c10h_val_loss', 'c10h_val_acc', 'c10h_train_c10_loss', 'c10h_train_c10_acc', 'c10h_val_c10_loss', 'c10h_val_c10_acc', 'v4_loss', 'v4_acc', 'v6_loss', 'v6_acc', 'c10_50k_loss', 'c10_50k_acc']) 
 c10h_outdir:  /tigress/ruairidh/model_results/run_1/saves/wrn_28_10/con_True_lr_0.01_seed_1
[2018/09/25 19:50:57 __main__ INFO] - Train 38
[2018/09/25 19:51:16 __main__ INFO] - TEST 38
[2018/09/25 19:52:04 __main__ INFO] - - epoch 38    c10h_train    : 0.4070 (acc: 0.9798) | c10h_val    : 0.6096 (acc: 0.9060)
[2018/09/25 19:52:04 __main__ INFO] - -            c10h_train_c10: 0.0244 (acc: 0.9873) | c10h_val_c10: 0.3428 (acc: 0.9110)
[2018/09/25 19:52:04 __main__ INFO] - -            v4            : 0.7420 (acc: 0.8135) |           v6: 0.7246 (acc: 0.8225)
[2018/09/25 19:52:04 __main__ INFO] - -            c10_50k       : 0.1743 (acc: 0.9472)
[2018/09/25 19:52:04 __main__ INFO] - Elapsed 48.26
keys:  dict_keys(['epoch', 'c10h_train_loss', 'c10h_train_acc', 'c10h_val_loss', 'c10h_val_acc', 'c10h_train_c10_loss', 'c10h_train_c10_acc', 'c10h_val_c10_loss', 'c10h_val_c10_acc', 'v4_loss', 'v4_acc', 'v6_loss', 'v6_acc', 'c10_50k_loss', 'c10_50k_acc']) 
 c10h_outdir:  /tigress/ruairidh/model_results/run_1/saves/wrn_28_10/con_True_lr_0.01_seed_1
[2018/09/25 19:52:06 __main__ INFO] - Train 39
[2018/09/25 19:52:26 __main__ INFO] - TEST 39
[2018/09/25 19:53:14 __main__ INFO] - - epoch 39    c10h_train    : 0.3991 (acc: 0.9831) | c10h_val    : 0.5567 (acc: 0.9210)
[2018/09/25 19:53:14 __main__ INFO] - -            c10h_train_c10: 0.0162 (acc: 0.9907) | c10h_val_c10: 0.2666 (acc: 0.9230)
[2018/09/25 19:53:14 __main__ INFO] - -            v4            : 0.6859 (acc: 0.8199) |           v6: 0.6810 (acc: 0.8325)
[2018/09/25 19:53:14 __main__ INFO] - -            c10_50k       : 0.1501 (acc: 0.9545)
[2018/09/25 19:53:14 __main__ INFO] - Elapsed 48.22
keys:  dict_keys(['epoch', 'c10h_train_loss', 'c10h_train_acc', 'c10h_val_loss', 'c10h_val_acc', 'c10h_train_c10_loss', 'c10h_train_c10_acc', 'c10h_val_c10_loss', 'c10h_val_c10_acc', 'v4_loss', 'v4_acc', 'v6_loss', 'v6_acc', 'c10_50k_loss', 'c10_50k_acc']) 
 c10h_outdir:  /tigress/ruairidh/model_results/run_1/saves/wrn_28_10/con_True_lr_0.01_seed_1
[2018/09/25 19:53:17 __main__ INFO] - Train 40
[2018/09/25 19:53:36 __main__ INFO] - TEST 40
[2018/09/25 19:54:25 __main__ INFO] - - epoch 40    c10h_train    : 0.4068 (acc: 0.9822) | c10h_val    : 0.6025 (acc: 0.9210)
[2018/09/25 19:54:25 __main__ INFO] - -            c10h_train_c10: 0.0182 (acc: 0.9898) | c10h_val_c10: 0.3044 (acc: 0.9250)
[2018/09/25 19:54:25 __main__ INFO] - -            v4            : 0.6780 (acc: 0.8144) |           v6: 0.7155 (acc: 0.8305)
[2018/09/25 19:54:25 __main__ INFO] - -            c10_50k       : 0.1589 (acc: 0.9514)
[2018/09/25 19:54:25 __main__ INFO] - Elapsed 48.25
keys:  dict_keys(['epoch', 'c10h_train_loss', 'c10h_train_acc', 'c10h_val_loss', 'c10h_val_acc', 'c10h_train_c10_loss', 'c10h_train_c10_acc', 'c10h_val_c10_loss', 'c10h_val_c10_acc', 'v4_loss', 'v4_acc', 'v6_loss', 'v6_acc', 'c10_50k_loss', 'c10_50k_acc']) 
 c10h_outdir:  /tigress/ruairidh/model_results/run_1/saves/wrn_28_10/con_True_lr_0.01_seed_1
[2018/09/25 19:54:26 __main__ INFO] - Train 41
[2018/09/25 19:54:46 __main__ INFO] - TEST 41
[2018/09/25 19:55:34 __main__ INFO] - - epoch 41    c10h_train    : 0.4183 (acc: 0.9800) | c10h_val    : 0.6414 (acc: 0.9070)
[2018/09/25 19:55:34 __main__ INFO] - -            c10h_train_c10: 0.0261 (acc: 0.9880) | c10h_val_c10: 0.3535 (acc: 0.9110)
[2018/09/25 19:55:34 __main__ INFO] - -            v4            : 0.8153 (acc: 0.7991) |           v6: 0.8542 (acc: 0.8020)
[2018/09/25 19:55:34 __main__ INFO] - -            c10_50k       : 0.2035 (acc: 0.9408)
[2018/09/25 19:55:34 __main__ INFO] - Elapsed 48.55
keys:  dict_keys(['epoch', 'c10h_train_loss', 'c10h_train_acc', 'c10h_val_loss', 'c10h_val_acc', 'c10h_train_c10_loss', 'c10h_train_c10_acc', 'c10h_val_c10_loss', 'c10h_val_c10_acc', 'v4_loss', 'v4_acc', 'v6_loss', 'v6_acc', 'c10_50k_loss', 'c10_50k_acc']) 
 c10h_outdir:  /tigress/ruairidh/model_results/run_1/saves/wrn_28_10/con_True_lr_0.01_seed_1
[2018/09/25 19:55:35 __main__ INFO] - Train 42
[2018/09/25 19:55:55 __main__ INFO] - TEST 42
[2018/09/25 19:56:43 __main__ INFO] - - epoch 42    c10h_train    : 0.4041 (acc: 0.9839) | c10h_val    : 0.5739 (acc: 0.9190)
[2018/09/25 19:56:43 __main__ INFO] - -            c10h_train_c10: 0.0154 (acc: 0.9919) | c10h_val_c10: 0.2725 (acc: 0.9240)
[2018/09/25 19:56:43 __main__ INFO] - -            v4            : 0.7451 (acc: 0.8085) |           v6: 0.7425 (acc: 0.8190)
[2018/09/25 19:56:43 __main__ INFO] - -            c10_50k       : 0.1583 (acc: 0.9525)
[2018/09/25 19:56:43 __main__ INFO] - Elapsed 48.25
keys:  dict_keys(['epoch', 'c10h_train_loss', 'c10h_train_acc', 'c10h_val_loss', 'c10h_val_acc', 'c10h_train_c10_loss', 'c10h_train_c10_acc', 'c10h_val_c10_loss', 'c10h_val_c10_acc', 'v4_loss', 'v4_acc', 'v6_loss', 'v6_acc', 'c10_50k_loss', 'c10_50k_acc']) 
 c10h_outdir:  /tigress/ruairidh/model_results/run_1/saves/wrn_28_10/con_True_lr_0.01_seed_1
[2018/09/25 19:56:45 __main__ INFO] - Train 43
[2018/09/25 19:57:04 __main__ INFO] - TEST 43
[2018/09/25 19:57:52 __main__ INFO] - - epoch 43    c10h_train    : 0.4176 (acc: 0.9752) | c10h_val    : 0.6085 (acc: 0.9170)
[2018/09/25 19:57:52 __main__ INFO] - -            c10h_train_c10: 0.0380 (acc: 0.9832) | c10h_val_c10: 0.3381 (acc: 0.9190)
[2018/09/25 19:57:52 __main__ INFO] - -            v4            : 0.8200 (acc: 0.7981) |           v6: 0.7994 (acc: 0.8115)
[2018/09/25 19:57:52 __main__ INFO] - -            c10_50k       : 0.2228 (acc: 0.9353)
[2018/09/25 19:57:52 __main__ INFO] - Elapsed 48.13
keys:  dict_keys(['epoch', 'c10h_train_loss', 'c10h_train_acc', 'c10h_val_loss', 'c10h_val_acc', 'c10h_train_c10_loss', 'c10h_train_c10_acc', 'c10h_val_c10_loss', 'c10h_val_c10_acc', 'v4_loss', 'v4_acc', 'v6_loss', 'v6_acc', 'c10_50k_loss', 'c10_50k_acc']) 
 c10h_outdir:  /tigress/ruairidh/model_results/run_1/saves/wrn_28_10/con_True_lr_0.01_seed_1
[2018/09/25 19:57:54 __main__ INFO] - Train 44
[2018/09/25 19:58:14 __main__ INFO] - TEST 44
[2018/09/25 19:59:02 __main__ INFO] - - epoch 44    c10h_train    : 0.4061 (acc: 0.9848) | c10h_val    : 0.5849 (acc: 0.9200)
[2018/09/25 19:59:02 __main__ INFO] - -            c10h_train_c10: 0.0124 (acc: 0.9926) | c10h_val_c10: 0.3104 (acc: 0.9210)
[2018/09/25 19:59:02 __main__ INFO] - -            v4            : 0.6513 (acc: 0.8293) |           v6: 0.6605 (acc: 0.8400)
[2018/09/25 19:59:02 __main__ INFO] - -            c10_50k       : 0.1528 (acc: 0.9532)
[2018/09/25 19:59:02 __main__ INFO] - Elapsed 48.17
keys:  dict_keys(['epoch', 'c10h_train_loss', 'c10h_train_acc', 'c10h_val_loss', 'c10h_val_acc', 'c10h_train_c10_loss', 'c10h_train_c10_acc', 'c10h_val_c10_loss', 'c10h_val_c10_acc', 'v4_loss', 'v4_acc', 'v6_loss', 'v6_acc', 'c10_50k_loss', 'c10_50k_acc']) 
 c10h_outdir:  /tigress/ruairidh/model_results/run_1/saves/wrn_28_10/con_True_lr_0.01_seed_1
[2018/09/25 19:59:05 __main__ INFO] - Train 45
[2018/09/25 19:59:24 __main__ INFO] - TEST 45
[2018/09/25 20:00:13 __main__ INFO] - - epoch 45    c10h_train    : 0.4131 (acc: 0.9851) | c10h_val    : 0.5833 (acc: 0.9220)
[2018/09/25 20:00:13 __main__ INFO] - -            c10h_train_c10: 0.0103 (acc: 0.9929) | c10h_val_c10: 0.2870 (acc: 0.9260)
[2018/09/25 20:00:13 __main__ INFO] - -            v4            : 0.6164 (acc: 0.8367) |           v6: 0.6127 (acc: 0.8475)
[2018/09/25 20:00:13 __main__ INFO] - -            c10_50k       : 0.1456 (acc: 0.9556)
[2018/09/25 20:00:13 __main__ INFO] - Elapsed 48.30
keys:  dict_keys(['epoch', 'c10h_train_loss', 'c10h_train_acc', 'c10h_val_loss', 'c10h_val_acc', 'c10h_train_c10_loss', 'c10h_train_c10_acc', 'c10h_val_c10_loss', 'c10h_val_c10_acc', 'v4_loss', 'v4_acc', 'v6_loss', 'v6_acc', 'c10_50k_loss', 'c10_50k_acc']) 
 c10h_outdir:  /tigress/ruairidh/model_results/run_1/saves/wrn_28_10/con_True_lr_0.01_seed_1
[2018/09/25 20:00:15 __main__ INFO] - Train 46
[2018/09/25 20:00:35 __main__ INFO] - TEST 46
[2018/09/25 20:01:23 __main__ INFO] - - epoch 46    c10h_train    : 0.4088 (acc: 0.9813) | c10h_val    : 0.6234 (acc: 0.9180)
[2018/09/25 20:01:23 __main__ INFO] - -            c10h_train_c10: 0.0202 (acc: 0.9890) | c10h_val_c10: 0.3331 (acc: 0.9220)
[2018/09/25 20:01:23 __main__ INFO] - -            v4            : 0.7770 (acc: 0.8120) |           v6: 0.7948 (acc: 0.8175)
[2018/09/25 20:01:23 __main__ INFO] - -            c10_50k       : 0.1885 (acc: 0.9437)
[2018/09/25 20:01:23 __main__ INFO] - Elapsed 48.12
keys:  dict_keys(['epoch', 'c10h_train_loss', 'c10h_train_acc', 'c10h_val_loss', 'c10h_val_acc', 'c10h_train_c10_loss', 'c10h_train_c10_acc', 'c10h_val_c10_loss', 'c10h_val_c10_acc', 'v4_loss', 'v4_acc', 'v6_loss', 'v6_acc', 'c10_50k_loss', 'c10_50k_acc']) 
 c10h_outdir:  /tigress/ruairidh/model_results/run_1/saves/wrn_28_10/con_True_lr_0.01_seed_1
[2018/09/25 20:01:26 __main__ INFO] - Train 47
[2018/09/25 20:01:46 __main__ INFO] - TEST 47
[2018/09/25 20:02:34 __main__ INFO] - - epoch 47    c10h_train    : 0.4004 (acc: 0.9769) | c10h_val    : 0.6354 (acc: 0.9040)
[2018/09/25 20:02:34 __main__ INFO] - -            c10h_train_c10: 0.0339 (acc: 0.9843) | c10h_val_c10: 0.3805 (acc: 0.9070)
[2018/09/25 20:02:34 __main__ INFO] - -            v4            : 0.8194 (acc: 0.7862) |           v6: 0.8009 (acc: 0.7965)
[2018/09/25 20:02:34 __main__ INFO] - -            c10_50k       : 0.2068 (acc: 0.9369)
[2018/09/25 20:02:34 __main__ INFO] - Elapsed 48.17
keys:  dict_keys(['epoch', 'c10h_train_loss', 'c10h_train_acc', 'c10h_val_loss', 'c10h_val_acc', 'c10h_train_c10_loss', 'c10h_train_c10_acc', 'c10h_val_c10_loss', 'c10h_val_c10_acc', 'v4_loss', 'v4_acc', 'v6_loss', 'v6_acc', 'c10_50k_loss', 'c10_50k_acc']) 
 c10h_outdir:  /tigress/ruairidh/model_results/run_1/saves/wrn_28_10/con_True_lr_0.01_seed_1
[2018/09/25 20:02:36 __main__ INFO] - Train 48
[2018/09/25 20:02:55 __main__ INFO] - TEST 48
[2018/09/25 20:03:43 __main__ INFO] - - epoch 48    c10h_train    : 0.4043 (acc: 0.9784) | c10h_val    : 0.6048 (acc: 0.9090)
[2018/09/25 20:03:44 __main__ INFO] - -            c10h_train_c10: 0.0322 (acc: 0.9863) | c10h_val_c10: 0.3172 (acc: 0.9150)
[2018/09/25 20:03:44 __main__ INFO] - -            v4            : 0.7478 (acc: 0.8100) |           v6: 0.7398 (acc: 0.8295)
[2018/09/25 20:03:44 __main__ INFO] - -            c10_50k       : 0.1976 (acc: 0.9405)
[2018/09/25 20:03:44 __main__ INFO] - Elapsed 48.08
keys:  dict_keys(['epoch', 'c10h_train_loss', 'c10h_train_acc', 'c10h_val_loss', 'c10h_val_acc', 'c10h_train_c10_loss', 'c10h_train_c10_acc', 'c10h_val_c10_loss', 'c10h_val_c10_acc', 'v4_loss', 'v4_acc', 'v6_loss', 'v6_acc', 'c10_50k_loss', 'c10_50k_acc']) 
 c10h_outdir:  /tigress/ruairidh/model_results/run_1/saves/wrn_28_10/con_True_lr_0.01_seed_1
[2018/09/25 20:03:45 __main__ INFO] - Train 49
[2018/09/25 20:04:05 __main__ INFO] - TEST 49
[2018/09/25 20:04:53 __main__ INFO] - - epoch 49    c10h_train    : 0.3976 (acc: 0.9806) | c10h_val    : 0.5479 (acc: 0.9280)
[2018/09/25 20:04:53 __main__ INFO] - -            c10h_train_c10: 0.0251 (acc: 0.9883) | c10h_val_c10: 0.2609 (acc: 0.9330)
[2018/09/25 20:04:53 __main__ INFO] - -            v4            : 0.6911 (acc: 0.8214) |           v6: 0.6763 (acc: 0.8270)
[2018/09/25 20:04:53 __main__ INFO] - -            c10_50k       : 0.1886 (acc: 0.9431)
[2018/09/25 20:04:53 __main__ INFO] - Elapsed 48.06
keys:  dict_keys(['epoch', 'c10h_train_loss', 'c10h_train_acc', 'c10h_val_loss', 'c10h_val_acc', 'c10h_train_c10_loss', 'c10h_train_c10_acc', 'c10h_val_c10_loss', 'c10h_val_c10_acc', 'v4_loss', 'v4_acc', 'v6_loss', 'v6_acc', 'c10_50k_loss', 'c10_50k_acc']) 
 c10h_outdir:  /tigress/ruairidh/model_results/run_1/saves/wrn_28_10/con_True_lr_0.01_seed_1
[2018/09/25 20:04:53 __main__ INFO] - Train 50
[2018/09/25 20:05:13 __main__ INFO] - TEST 50
[2018/09/25 20:06:01 __main__ INFO] - - epoch 50    c10h_train    : 0.4040 (acc: 0.9840) | c10h_val    : 0.5866 (acc: 0.9100)
[2018/09/25 20:06:01 __main__ INFO] - -            c10h_train_c10: 0.0155 (acc: 0.9916) | c10h_val_c10: 0.3006 (acc: 0.9120)
[2018/09/25 20:06:01 __main__ INFO] - -            v4            : 0.7060 (acc: 0.8169) |           v6: 0.7231 (acc: 0.8275)
[2018/09/25 20:06:01 __main__ INFO] - -            c10_50k       : 0.1778 (acc: 0.9457)
[2018/09/25 20:06:01 __main__ INFO] - Elapsed 48.15
keys:  dict_keys(['epoch', 'c10h_train_loss', 'c10h_train_acc', 'c10h_val_loss', 'c10h_val_acc', 'c10h_train_c10_loss', 'c10h_train_c10_acc', 'c10h_val_c10_loss', 'c10h_val_c10_acc', 'v4_loss', 'v4_acc', 'v6_loss', 'v6_acc', 'c10_50k_loss', 'c10_50k_acc']) 
 c10h_outdir:  /tigress/ruairidh/model_results/run_1/saves/wrn_28_10/con_True_lr_0.01_seed_1
[2018/09/25 20:06:03 __main__ INFO] - Train 51
[2018/09/25 20:06:23 __main__ INFO] - TEST 51
[2018/09/25 20:07:11 __main__ INFO] - - epoch 51    c10h_train    : 0.4106 (acc: 0.9747) | c10h_val    : 0.5714 (acc: 0.9080)
[2018/09/25 20:07:11 __main__ INFO] - -            c10h_train_c10: 0.0410 (acc: 0.9814) | c10h_val_c10: 0.3097 (acc: 0.9090)
[2018/09/25 20:07:11 __main__ INFO] - -            v4            : 0.7808 (acc: 0.8055) |           v6: 0.7797 (acc: 0.8225)
[2018/09/25 20:07:11 __main__ INFO] - -            c10_50k       : 0.2313 (acc: 0.9319)
[2018/09/25 20:07:11 __main__ INFO] - Elapsed 48.17
keys:  dict_keys(['epoch', 'c10h_train_loss', 'c10h_train_acc', 'c10h_val_loss', 'c10h_val_acc', 'c10h_train_c10_loss', 'c10h_train_c10_acc', 'c10h_val_c10_loss', 'c10h_val_c10_acc', 'v4_loss', 'v4_acc', 'v6_loss', 'v6_acc', 'c10_50k_loss', 'c10_50k_acc']) 
 c10h_outdir:  /tigress/ruairidh/model_results/run_1/saves/wrn_28_10/con_True_lr_0.01_seed_1
[2018/09/25 20:07:13 __main__ INFO] - Train 52
[2018/09/25 20:07:32 __main__ INFO] - TEST 52
[2018/09/25 20:08:20 __main__ INFO] - - epoch 52    c10h_train    : 0.3977 (acc: 0.9764) | c10h_val    : 0.6083 (acc: 0.9030)
[2018/09/25 20:08:20 __main__ INFO] - -            c10h_train_c10: 0.0372 (acc: 0.9841) | c10h_val_c10: 0.3530 (acc: 0.9050)
[2018/09/25 20:08:20 __main__ INFO] - -            v4            : 0.7613 (acc: 0.8041) |           v6: 0.7967 (acc: 0.8105)
[2018/09/25 20:08:20 __main__ INFO] - -            c10_50k       : 0.2329 (acc: 0.9302)
[2018/09/25 20:08:20 __main__ INFO] - Elapsed 48.15
keys:  dict_keys(['epoch', 'c10h_train_loss', 'c10h_train_acc', 'c10h_val_loss', 'c10h_val_acc', 'c10h_train_c10_loss', 'c10h_train_c10_acc', 'c10h_val_c10_loss', 'c10h_val_c10_acc', 'v4_loss', 'v4_acc', 'v6_loss', 'v6_acc', 'c10_50k_loss', 'c10_50k_acc']) 
 c10h_outdir:  /tigress/ruairidh/model_results/run_1/saves/wrn_28_10/con_True_lr_0.01_seed_1
[2018/09/25 20:08:21 __main__ INFO] - Train 53
[2018/09/25 20:08:40 __main__ INFO] - TEST 53
[2018/09/25 20:09:29 __main__ INFO] - - epoch 53    c10h_train    : 0.4006 (acc: 0.9816) | c10h_val    : 0.5845 (acc: 0.9230)
[2018/09/25 20:09:29 __main__ INFO] - -            c10h_train_c10: 0.0205 (acc: 0.9896) | c10h_val_c10: 0.2848 (acc: 0.9260)
[2018/09/25 20:09:29 __main__ INFO] - -            v4            : 0.6698 (acc: 0.8234) |           v6: 0.7036 (acc: 0.8250)
[2018/09/25 20:09:29 __main__ INFO] - -            c10_50k       : 0.1747 (acc: 0.9464)
[2018/09/25 20:09:29 __main__ INFO] - Elapsed 48.36
keys:  dict_keys(['epoch', 'c10h_train_loss', 'c10h_train_acc', 'c10h_val_loss', 'c10h_val_acc', 'c10h_train_c10_loss', 'c10h_train_c10_acc', 'c10h_val_c10_loss', 'c10h_val_c10_acc', 'v4_loss', 'v4_acc', 'v6_loss', 'v6_acc', 'c10_50k_loss', 'c10_50k_acc']) 
 c10h_outdir:  /tigress/ruairidh/model_results/run_1/saves/wrn_28_10/con_True_lr_0.01_seed_1
[2018/09/25 20:09:29 __main__ INFO] - Train 54
[2018/09/25 20:09:49 __main__ INFO] - TEST 54
[2018/09/25 20:10:37 __main__ INFO] - - epoch 54    c10h_train    : 0.4122 (acc: 0.9787) | c10h_val    : 0.6412 (acc: 0.9120)
[2018/09/25 20:10:37 __main__ INFO] - -            c10h_train_c10: 0.0313 (acc: 0.9864) | c10h_val_c10: 0.3354 (acc: 0.9160)
[2018/09/25 20:10:37 __main__ INFO] - -            v4            : 0.7602 (acc: 0.8144) |           v6: 0.7833 (acc: 0.8195)
[2018/09/25 20:10:37 __main__ INFO] - -            c10_50k       : 0.2250 (acc: 0.9359)
[2018/09/25 20:10:37 __main__ INFO] - Elapsed 48.33
keys:  dict_keys(['epoch', 'c10h_train_loss', 'c10h_train_acc', 'c10h_val_loss', 'c10h_val_acc', 'c10h_train_c10_loss', 'c10h_train_c10_acc', 'c10h_val_c10_loss', 'c10h_val_c10_acc', 'v4_loss', 'v4_acc', 'v6_loss', 'v6_acc', 'c10_50k_loss', 'c10_50k_acc']) 
 c10h_outdir:  /tigress/ruairidh/model_results/run_1/saves/wrn_28_10/con_True_lr_0.01_seed_1
[2018/09/25 20:10:39 __main__ INFO] - Train 55
[2018/09/25 20:10:59 __main__ INFO] - TEST 55
[2018/09/25 20:11:47 __main__ INFO] - - epoch 55    c10h_train    : 0.4050 (acc: 0.9817) | c10h_val    : 0.5813 (acc: 0.9100)
[2018/09/25 20:11:47 __main__ INFO] - -            c10h_train_c10: 0.0194 (acc: 0.9897) | c10h_val_c10: 0.3031 (acc: 0.9120)
[2018/09/25 20:11:47 __main__ INFO] - -            v4            : 0.7445 (acc: 0.8115) |           v6: 0.7238 (acc: 0.8245)
[2018/09/25 20:11:47 __main__ INFO] - -            c10_50k       : 0.1913 (acc: 0.9432)
[2018/09/25 20:11:47 __main__ INFO] - Elapsed 48.11
keys:  dict_keys(['epoch', 'c10h_train_loss', 'c10h_train_acc', 'c10h_val_loss', 'c10h_val_acc', 'c10h_train_c10_loss', 'c10h_train_c10_acc', 'c10h_val_c10_loss', 'c10h_val_c10_acc', 'v4_loss', 'v4_acc', 'v6_loss', 'v6_acc', 'c10_50k_loss', 'c10_50k_acc']) 
 c10h_outdir:  /tigress/ruairidh/model_results/run_1/saves/wrn_28_10/con_True_lr_0.01_seed_1
[2018/09/25 20:11:47 __main__ INFO] - Train 56
[2018/09/25 20:12:07 __main__ INFO] - TEST 56
[2018/09/25 20:12:55 __main__ INFO] - - epoch 56    c10h_train    : 0.4055 (acc: 0.9853) | c10h_val    : 0.5725 (acc: 0.9180)
[2018/09/25 20:12:55 __main__ INFO] - -            c10h_train_c10: 0.0095 (acc: 0.9930) | c10h_val_c10: 0.2719 (acc: 0.9230)
[2018/09/25 20:12:55 __main__ INFO] - -            v4            : 0.6494 (acc: 0.8357) |           v6: 0.6282 (acc: 0.8445)
[2018/09/25 20:12:55 __main__ INFO] - -            c10_50k       : 0.1591 (acc: 0.9517)
[2018/09/25 20:12:55 __main__ INFO] - Elapsed 48.44
keys:  dict_keys(['epoch', 'c10h_train_loss', 'c10h_train_acc', 'c10h_val_loss', 'c10h_val_acc', 'c10h_train_c10_loss', 'c10h_train_c10_acc', 'c10h_val_c10_loss', 'c10h_val_c10_acc', 'v4_loss', 'v4_acc', 'v6_loss', 'v6_acc', 'c10_50k_loss', 'c10_50k_acc']) 
 c10h_outdir:  /tigress/ruairidh/model_results/run_1/saves/wrn_28_10/con_True_lr_0.01_seed_1
[2018/09/25 20:12:56 __main__ INFO] - Train 57
[2018/09/25 20:13:16 __main__ INFO] - TEST 57
[2018/09/25 20:14:04 __main__ INFO] - - epoch 57    c10h_train    : 0.4214 (acc: 0.9870) | c10h_val    : 0.6010 (acc: 0.9270)
[2018/09/25 20:14:04 __main__ INFO] - -            c10h_train_c10: 0.0036 (acc: 0.9950) | c10h_val_c10: 0.2913 (acc: 0.9310)
[2018/09/25 20:14:04 __main__ INFO] - -            v4            : 0.6064 (acc: 0.8328) |           v6: 0.5919 (acc: 0.8545)
[2018/09/25 20:14:04 __main__ INFO] - -            c10_50k       : 0.1279 (acc: 0.9610)
[2018/09/25 20:14:04 __main__ INFO] - Elapsed 48.18
keys:  dict_keys(['epoch', 'c10h_train_loss', 'c10h_train_acc', 'c10h_val_loss', 'c10h_val_acc', 'c10h_train_c10_loss', 'c10h_train_c10_acc', 'c10h_val_c10_loss', 'c10h_val_c10_acc', 'v4_loss', 'v4_acc', 'v6_loss', 'v6_acc', 'c10_50k_loss', 'c10_50k_acc']) 
 c10h_outdir:  /tigress/ruairidh/model_results/run_1/saves/wrn_28_10/con_True_lr_0.01_seed_1
[2018/09/25 20:14:06 __main__ INFO] - Train 58
[2018/09/25 20:14:25 __main__ INFO] - TEST 58
[2018/09/25 20:15:14 __main__ INFO] - - epoch 58    c10h_train    : 0.4042 (acc: 0.9853) | c10h_val    : 0.5657 (acc: 0.9170)
[2018/09/25 20:15:14 __main__ INFO] - -            c10h_train_c10: 0.0107 (acc: 0.9930) | c10h_val_c10: 0.2856 (acc: 0.9200)
[2018/09/25 20:15:14 __main__ INFO] - -            v4            : 0.6402 (acc: 0.8372) |           v6: 0.6113 (acc: 0.8445)
[2018/09/25 20:15:14 __main__ INFO] - -            c10_50k       : 0.1562 (acc: 0.9519)
[2018/09/25 20:15:14 __main__ INFO] - Elapsed 48.43
keys:  dict_keys(['epoch', 'c10h_train_loss', 'c10h_train_acc', 'c10h_val_loss', 'c10h_val_acc', 'c10h_train_c10_loss', 'c10h_train_c10_acc', 'c10h_val_c10_loss', 'c10h_val_c10_acc', 'v4_loss', 'v4_acc', 'v6_loss', 'v6_acc', 'c10_50k_loss', 'c10_50k_acc']) 
 c10h_outdir:  /tigress/ruairidh/model_results/run_1/saves/wrn_28_10/con_True_lr_0.01_seed_1
[2018/09/25 20:15:16 __main__ INFO] - Train 59
[2018/09/25 20:15:35 __main__ INFO] - TEST 59
[2018/09/25 20:16:23 __main__ INFO] - - epoch 59    c10h_train    : 0.4076 (acc: 0.9860) | c10h_val    : 0.5760 (acc: 0.9160)
[2018/09/25 20:16:23 __main__ INFO] - -            c10h_train_c10: 0.0071 (acc: 0.9940) | c10h_val_c10: 0.2887 (acc: 0.9200)
[2018/09/25 20:16:23 __main__ INFO] - -            v4            : 0.7085 (acc: 0.8184) |           v6: 0.7005 (acc: 0.8340)
[2018/09/25 20:16:23 __main__ INFO] - -            c10_50k       : 0.1633 (acc: 0.9500)
[2018/09/25 20:16:23 __main__ INFO] - Elapsed 48.31
keys:  dict_keys(['epoch', 'c10h_train_loss', 'c10h_train_acc', 'c10h_val_loss', 'c10h_val_acc', 'c10h_train_c10_loss', 'c10h_train_c10_acc', 'c10h_val_c10_loss', 'c10h_val_c10_acc', 'v4_loss', 'v4_acc', 'v6_loss', 'v6_acc', 'c10_50k_loss', 'c10_50k_acc']) 
 c10h_outdir:  /tigress/ruairidh/model_results/run_1/saves/wrn_28_10/con_True_lr_0.01_seed_1
[2018/09/25 20:16:24 __main__ INFO] - Train 60
[2018/09/25 20:16:43 __main__ INFO] - TEST 60
[2018/09/25 20:17:31 __main__ INFO] - - epoch 60    c10h_train    : 0.4162 (acc: 0.9837) | c10h_val    : 0.5947 (acc: 0.9160)
[2018/09/25 20:17:31 __main__ INFO] - -            c10h_train_c10: 0.0131 (acc: 0.9917) | c10h_val_c10: 0.3203 (acc: 0.9190)
[2018/09/25 20:17:31 __main__ INFO] - -            v4            : 0.7942 (acc: 0.7986) |           v6: 0.7508 (acc: 0.8100)
[2018/09/25 20:17:31 __main__ INFO] - -            c10_50k       : 0.1806 (acc: 0.9459)
[2018/09/25 20:17:31 __main__ INFO] - Elapsed 47.87
keys:  dict_keys(['epoch', 'c10h_train_loss', 'c10h_train_acc', 'c10h_val_loss', 'c10h_val_acc', 'c10h_train_c10_loss', 'c10h_train_c10_acc', 'c10h_val_c10_loss', 'c10h_val_c10_acc', 'v4_loss', 'v4_acc', 'v6_loss', 'v6_acc', 'c10_50k_loss', 'c10_50k_acc']) 
 c10h_outdir:  /tigress/ruairidh/model_results/run_1/saves/wrn_28_10/con_True_lr_0.01_seed_1
[2018/09/25 20:17:32 __main__ INFO] - Train 61
[2018/09/25 20:17:52 __main__ INFO] - TEST 61
[2018/09/25 20:18:40 __main__ INFO] - - epoch 61    c10h_train    : 0.4189 (acc: 0.9876) | c10h_val    : 0.5482 (acc: 0.9270)
[2018/09/25 20:18:40 __main__ INFO] - -            c10h_train_c10: 0.0021 (acc: 0.9954) | c10h_val_c10: 0.2580 (acc: 0.9300)
[2018/09/25 20:18:40 __main__ INFO] - -            v4            : 0.5812 (acc: 0.8496) |           v6: 0.5726 (acc: 0.8595)
[2018/09/25 20:18:40 __main__ INFO] - -            c10_50k       : 0.1249 (acc: 0.9626)
[2018/09/25 20:18:40 __main__ INFO] - Elapsed 48.26
keys:  dict_keys(['epoch', 'c10h_train_loss', 'c10h_train_acc', 'c10h_val_loss', 'c10h_val_acc', 'c10h_train_c10_loss', 'c10h_train_c10_acc', 'c10h_val_c10_loss', 'c10h_val_c10_acc', 'v4_loss', 'v4_acc', 'v6_loss', 'v6_acc', 'c10_50k_loss', 'c10_50k_acc']) 
 c10h_outdir:  /tigress/ruairidh/model_results/run_1/saves/wrn_28_10/con_True_lr_0.01_seed_1
[2018/09/25 20:18:41 __main__ INFO] - Train 62
[2018/09/25 20:19:00 __main__ INFO] - TEST 62
[2018/09/25 20:19:49 __main__ INFO] - - epoch 62    c10h_train    : 0.4237 (acc: 0.9874) | c10h_val    : 0.5523 (acc: 0.9320)
[2018/09/25 20:19:49 __main__ INFO] - -            c10h_train_c10: 0.0018 (acc: 0.9954) | c10h_val_c10: 0.2544 (acc: 0.9350)
[2018/09/25 20:19:49 __main__ INFO] - -            v4            : 0.5482 (acc: 0.8619) |           v6: 0.5635 (acc: 0.8615)
[2018/09/25 20:19:49 __main__ INFO] - -            c10_50k       : 0.1142 (acc: 0.9659)
[2018/09/25 20:19:49 __main__ INFO] - Elapsed 48.29
keys:  dict_keys(['epoch', 'c10h_train_loss', 'c10h_train_acc', 'c10h_val_loss', 'c10h_val_acc', 'c10h_train_c10_loss', 'c10h_train_c10_acc', 'c10h_val_c10_loss', 'c10h_val_c10_acc', 'v4_loss', 'v4_acc', 'v6_loss', 'v6_acc', 'c10_50k_loss', 'c10_50k_acc']) 
 c10h_outdir:  /tigress/ruairidh/model_results/run_1/saves/wrn_28_10/con_True_lr_0.01_seed_1
[2018/09/25 20:19:50 __main__ INFO] - Train 63
[2018/09/25 20:20:10 __main__ INFO] - TEST 63
[2018/09/25 20:20:58 __main__ INFO] - - epoch 63    c10h_train    : 0.4281 (acc: 0.9876) | c10h_val    : 0.5453 (acc: 0.9350)
[2018/09/25 20:20:58 __main__ INFO] - -            c10h_train_c10: 0.0014 (acc: 0.9956) | c10h_val_c10: 0.2445 (acc: 0.9380)
[2018/09/25 20:20:58 __main__ INFO] - -            v4            : 0.5895 (acc: 0.8476) |           v6: 0.5543 (acc: 0.8630)
[2018/09/25 20:20:58 __main__ INFO] - -            c10_50k       : 0.1121 (acc: 0.9667)
[2018/09/25 20:20:58 __main__ INFO] - Elapsed 48.07
keys:  dict_keys(['epoch', 'c10h_train_loss', 'c10h_train_acc', 'c10h_val_loss', 'c10h_val_acc', 'c10h_train_c10_loss', 'c10h_train_c10_acc', 'c10h_val_c10_loss', 'c10h_val_c10_acc', 'v4_loss', 'v4_acc', 'v6_loss', 'v6_acc', 'c10_50k_loss', 'c10_50k_acc']) 
 c10h_outdir:  /tigress/ruairidh/model_results/run_1/saves/wrn_28_10/con_True_lr_0.01_seed_1
[2018/09/25 20:20:59 __main__ INFO] - Train 64
[2018/09/25 20:21:18 __main__ INFO] - TEST 64
[2018/09/25 20:22:06 __main__ INFO] - - epoch 64    c10h_train    : 0.4303 (acc: 0.9876) | c10h_val    : 0.5342 (acc: 0.9340)
[2018/09/25 20:22:06 __main__ INFO] - -            c10h_train_c10: 0.0013 (acc: 0.9956) | c10h_val_c10: 0.2335 (acc: 0.9370)
[2018/09/25 20:22:06 __main__ INFO] - -            v4            : 0.6029 (acc: 0.8412) |           v6: 0.5373 (acc: 0.8700)
[2018/09/25 20:22:06 __main__ INFO] - -            c10_50k       : 0.1058 (acc: 0.9679)
[2018/09/25 20:22:06 __main__ INFO] - Elapsed 48.19
keys:  dict_keys(['epoch', 'c10h_train_loss', 'c10h_train_acc', 'c10h_val_loss', 'c10h_val_acc', 'c10h_train_c10_loss', 'c10h_train_c10_acc', 'c10h_val_c10_loss', 'c10h_val_c10_acc', 'v4_loss', 'v4_acc', 'v6_loss', 'v6_acc', 'c10_50k_loss', 'c10_50k_acc']) 
 c10h_outdir:  /tigress/ruairidh/model_results/run_1/saves/wrn_28_10/con_True_lr_0.01_seed_1
[2018/09/25 20:22:07 __main__ INFO] - Train 65
[2018/09/25 20:22:26 __main__ INFO] - TEST 65
[2018/09/25 20:23:15 __main__ INFO] - - epoch 65    c10h_train    : 0.4309 (acc: 0.9873) | c10h_val    : 0.5402 (acc: 0.9330)
[2018/09/25 20:23:15 __main__ INFO] - -            c10h_train_c10: 0.0017 (acc: 0.9953) | c10h_val_c10: 0.2375 (acc: 0.9360)
[2018/09/25 20:23:15 __main__ INFO] - -            v4            : 0.5619 (acc: 0.8560) |           v6: 0.5464 (acc: 0.8675)
[2018/09/25 20:23:15 __main__ INFO] - -            c10_50k       : 0.1053 (acc: 0.9683)
[2018/09/25 20:23:15 __main__ INFO] - Elapsed 48.36
keys:  dict_keys(['epoch', 'c10h_train_loss', 'c10h_train_acc', 'c10h_val_loss', 'c10h_val_acc', 'c10h_train_c10_loss', 'c10h_train_c10_acc', 'c10h_val_c10_loss', 'c10h_val_c10_acc', 'v4_loss', 'v4_acc', 'v6_loss', 'v6_acc', 'c10_50k_loss', 'c10_50k_acc']) 
 c10h_outdir:  /tigress/ruairidh/model_results/run_1/saves/wrn_28_10/con_True_lr_0.01_seed_1
[2018/09/25 20:23:15 __main__ INFO] - Train 66
[2018/09/25 20:23:35 __main__ INFO] - TEST 66
[2018/09/25 20:24:23 __main__ INFO] - - epoch 66    c10h_train    : 0.4323 (acc: 0.9876) | c10h_val    : 0.5307 (acc: 0.9370)
[2018/09/25 20:24:23 __main__ INFO] - -            c10h_train_c10: 0.0011 (acc: 0.9956) | c10h_val_c10: 0.2268 (acc: 0.9400)
[2018/09/25 20:24:23 __main__ INFO] - -            v4            : 0.5396 (acc: 0.8550) |           v6: 0.5396 (acc: 0.8665)
[2018/09/25 20:24:23 __main__ INFO] - -            c10_50k       : 0.1040 (acc: 0.9676)
[2018/09/25 20:24:23 __main__ INFO] - Elapsed 48.14
keys:  dict_keys(['epoch', 'c10h_train_loss', 'c10h_train_acc', 'c10h_val_loss', 'c10h_val_acc', 'c10h_train_c10_loss', 'c10h_train_c10_acc', 'c10h_val_c10_loss', 'c10h_val_c10_acc', 'v4_loss', 'v4_acc', 'v6_loss', 'v6_acc', 'c10_50k_loss', 'c10_50k_acc']) 
 c10h_outdir:  /tigress/ruairidh/model_results/run_1/saves/wrn_28_10/con_True_lr_0.01_seed_1
[2018/09/25 20:24:25 __main__ INFO] - Train 67
[2018/09/25 20:24:44 __main__ INFO] - TEST 67
[2018/09/25 20:25:33 __main__ INFO] - - epoch 67    c10h_train    : 0.4323 (acc: 0.9874) | c10h_val    : 0.5332 (acc: 0.9380)
[2018/09/25 20:25:33 __main__ INFO] - -            c10h_train_c10: 0.0013 (acc: 0.9954) | c10h_val_c10: 0.2259 (acc: 0.9410)
[2018/09/25 20:25:33 __main__ INFO] - -            v4            : 0.5210 (acc: 0.8615) |           v6: 0.5310 (acc: 0.8730)
[2018/09/25 20:25:33 __main__ INFO] - -            c10_50k       : 0.1004 (acc: 0.9691)
[2018/09/25 20:25:33 __main__ INFO] - Elapsed 48.40
keys:  dict_keys(['epoch', 'c10h_train_loss', 'c10h_train_acc', 'c10h_val_loss', 'c10h_val_acc', 'c10h_train_c10_loss', 'c10h_train_c10_acc', 'c10h_val_c10_loss', 'c10h_val_c10_acc', 'v4_loss', 'v4_acc', 'v6_loss', 'v6_acc', 'c10_50k_loss', 'c10_50k_acc']) 
 c10h_outdir:  /tigress/ruairidh/model_results/run_1/saves/wrn_28_10/con_True_lr_0.01_seed_1
[2018/09/25 20:25:35 __main__ INFO] - Train 68
[2018/09/25 20:25:54 __main__ INFO] - TEST 68
[2018/09/25 20:26:43 __main__ INFO] - - epoch 68    c10h_train    : 0.4297 (acc: 0.9874) | c10h_val    : 0.5281 (acc: 0.9340)
[2018/09/25 20:26:43 __main__ INFO] - -            c10h_train_c10: 0.0012 (acc: 0.9954) | c10h_val_c10: 0.2235 (acc: 0.9370)
[2018/09/25 20:26:43 __main__ INFO] - -            v4            : 0.5597 (acc: 0.8506) |           v6: 0.5347 (acc: 0.8690)
[2018/09/25 20:26:43 __main__ INFO] - -            c10_50k       : 0.1042 (acc: 0.9678)
[2018/09/25 20:26:43 __main__ INFO] - Elapsed 48.16
keys:  dict_keys(['epoch', 'c10h_train_loss', 'c10h_train_acc', 'c10h_val_loss', 'c10h_val_acc', 'c10h_train_c10_loss', 'c10h_train_c10_acc', 'c10h_val_c10_loss', 'c10h_val_c10_acc', 'v4_loss', 'v4_acc', 'v6_loss', 'v6_acc', 'c10_50k_loss', 'c10_50k_acc']) 
 c10h_outdir:  /tigress/ruairidh/model_results/run_1/saves/wrn_28_10/con_True_lr_0.01_seed_1
[2018/09/25 20:26:45 __main__ INFO] - Train 69
[2018/09/25 20:27:04 __main__ INFO] - TEST 69
[2018/09/25 20:27:52 __main__ INFO] - - epoch 69    c10h_train    : 0.4316 (acc: 0.9877) | c10h_val    : 0.5305 (acc: 0.9340)
[2018/09/25 20:27:52 __main__ INFO] - -            c10h_train_c10: 0.0011 (acc: 0.9956) | c10h_val_c10: 0.2269 (acc: 0.9370)
[2018/09/25 20:27:52 __main__ INFO] - -            v4            : 0.5652 (acc: 0.8540) |           v6: 0.5222 (acc: 0.8725)
[2018/09/25 20:27:52 __main__ INFO] - -            c10_50k       : 0.0984 (acc: 0.9700)
[2018/09/25 20:27:52 __main__ INFO] - Elapsed 48.43
keys:  dict_keys(['epoch', 'c10h_train_loss', 'c10h_train_acc', 'c10h_val_loss', 'c10h_val_acc', 'c10h_train_c10_loss', 'c10h_train_c10_acc', 'c10h_val_c10_loss', 'c10h_val_c10_acc', 'v4_loss', 'v4_acc', 'v6_loss', 'v6_acc', 'c10_50k_loss', 'c10_50k_acc']) 
 c10h_outdir:  /tigress/ruairidh/model_results/run_1/saves/wrn_28_10/con_True_lr_0.01_seed_1
[2018/09/25 20:27:54 __main__ INFO] - Train 70
[2018/09/25 20:28:14 __main__ INFO] - TEST 70
[2018/09/25 20:29:03 __main__ INFO] - - epoch 70    c10h_train    : 0.4351 (acc: 0.9876) | c10h_val    : 0.5313 (acc: 0.9370)
[2018/09/25 20:29:03 __main__ INFO] - -            c10h_train_c10: 0.0010 (acc: 0.9956) | c10h_val_c10: 0.2253 (acc: 0.9400)
[2018/09/25 20:29:03 __main__ INFO] - -            v4            : 0.5286 (acc: 0.8590) |           v6: 0.5292 (acc: 0.8680)
[2018/09/25 20:29:03 __main__ INFO] - -            c10_50k       : 0.0985 (acc: 0.9699)
[2018/09/25 20:29:03 __main__ INFO] - Elapsed 48.88
keys:  dict_keys(['epoch', 'c10h_train_loss', 'c10h_train_acc', 'c10h_val_loss', 'c10h_val_acc', 'c10h_train_c10_loss', 'c10h_train_c10_acc', 'c10h_val_c10_loss', 'c10h_val_c10_acc', 'v4_loss', 'v4_acc', 'v6_loss', 'v6_acc', 'c10_50k_loss', 'c10_50k_acc']) 
 c10h_outdir:  /tigress/ruairidh/model_results/run_1/saves/wrn_28_10/con_True_lr_0.01_seed_1
[2018/09/25 20:29:05 __main__ INFO] - Train 71
[2018/09/25 20:29:24 __main__ INFO] - TEST 71
[2018/09/25 20:30:13 __main__ INFO] - - epoch 71    c10h_train    : 0.4328 (acc: 0.9876) | c10h_val    : 0.5368 (acc: 0.9370)
[2018/09/25 20:30:13 __main__ INFO] - -            c10h_train_c10: 0.0011 (acc: 0.9954) | c10h_val_c10: 0.2287 (acc: 0.9400)
[2018/09/25 20:30:13 __main__ INFO] - -            v4            : 0.5367 (acc: 0.8595) |           v6: 0.5261 (acc: 0.8690)
[2018/09/25 20:30:13 __main__ INFO] - -            c10_50k       : 0.0977 (acc: 0.9707)
[2018/09/25 20:30:13 __main__ INFO] - Elapsed 48.11
keys:  dict_keys(['epoch', 'c10h_train_loss', 'c10h_train_acc', 'c10h_val_loss', 'c10h_val_acc', 'c10h_train_c10_loss', 'c10h_train_c10_acc', 'c10h_val_c10_loss', 'c10h_val_c10_acc', 'v4_loss', 'v4_acc', 'v6_loss', 'v6_acc', 'c10_50k_loss', 'c10_50k_acc']) 
 c10h_outdir:  /tigress/ruairidh/model_results/run_1/saves/wrn_28_10/con_True_lr_0.01_seed_1
[2018/09/25 20:30:13 __main__ INFO] - Train 72
[2018/09/25 20:30:33 __main__ INFO] - TEST 72
[2018/09/25 20:31:22 __main__ INFO] - - epoch 72    c10h_train    : 0.4344 (acc: 0.9877) | c10h_val    : 0.5352 (acc: 0.9380)
[2018/09/25 20:31:22 __main__ INFO] - -            c10h_train_c10: 0.0010 (acc: 0.9956) | c10h_val_c10: 0.2264 (acc: 0.9410)
[2018/09/25 20:31:22 __main__ INFO] - -            v4            : 0.5322 (acc: 0.8674) |           v6: 0.5228 (acc: 0.8695)
[2018/09/25 20:31:22 __main__ INFO] - -            c10_50k       : 0.0957 (acc: 0.9703)
[2018/09/25 20:31:22 __main__ INFO] - Elapsed 49.10
keys:  dict_keys(['epoch', 'c10h_train_loss', 'c10h_train_acc', 'c10h_val_loss', 'c10h_val_acc', 'c10h_train_c10_loss', 'c10h_train_c10_acc', 'c10h_val_c10_loss', 'c10h_val_c10_acc', 'v4_loss', 'v4_acc', 'v6_loss', 'v6_acc', 'c10_50k_loss', 'c10_50k_acc']) 
 c10h_outdir:  /tigress/ruairidh/model_results/run_1/saves/wrn_28_10/con_True_lr_0.01_seed_1
[2018/09/25 20:31:24 __main__ INFO] - Train 73
[2018/09/25 20:31:43 __main__ INFO] - TEST 73
[2018/09/25 20:32:32 __main__ INFO] - - epoch 73    c10h_train    : 0.4332 (acc: 0.9876) | c10h_val    : 0.5364 (acc: 0.9360)
[2018/09/25 20:32:32 __main__ INFO] - -            c10h_train_c10: 0.0010 (acc: 0.9956) | c10h_val_c10: 0.2298 (acc: 0.9390)
[2018/09/25 20:32:32 __main__ INFO] - -            v4            : 0.5458 (acc: 0.8570) |           v6: 0.5232 (acc: 0.8715)
[2018/09/25 20:32:32 __main__ INFO] - -            c10_50k       : 0.0974 (acc: 0.9701)
[2018/09/25 20:32:32 __main__ INFO] - Elapsed 48.08
keys:  dict_keys(['epoch', 'c10h_train_loss', 'c10h_train_acc', 'c10h_val_loss', 'c10h_val_acc', 'c10h_train_c10_loss', 'c10h_train_c10_acc', 'c10h_val_c10_loss', 'c10h_val_c10_acc', 'v4_loss', 'v4_acc', 'v6_loss', 'v6_acc', 'c10_50k_loss', 'c10_50k_acc']) 
 c10h_outdir:  /tigress/ruairidh/model_results/run_1/saves/wrn_28_10/con_True_lr_0.01_seed_1
[2018/09/25 20:32:34 __main__ INFO] - Train 74
[2018/09/25 20:32:54 __main__ INFO] - TEST 74
[2018/09/25 20:33:42 __main__ INFO] - - epoch 74    c10h_train    : 0.4342 (acc: 0.9876) | c10h_val    : 0.5300 (acc: 0.9390)
[2018/09/25 20:33:42 __main__ INFO] - -            c10h_train_c10: 0.0011 (acc: 0.9954) | c10h_val_c10: 0.2240 (acc: 0.9420)
[2018/09/25 20:33:42 __main__ INFO] - -            v4            : 0.5334 (acc: 0.8580) |           v6: 0.5278 (acc: 0.8705)
[2018/09/25 20:33:42 __main__ INFO] - -            c10_50k       : 0.0955 (acc: 0.9709)
[2018/09/25 20:33:42 __main__ INFO] - Elapsed 48.33
keys:  dict_keys(['epoch', 'c10h_train_loss', 'c10h_train_acc', 'c10h_val_loss', 'c10h_val_acc', 'c10h_train_c10_loss', 'c10h_train_c10_acc', 'c10h_val_c10_loss', 'c10h_val_c10_acc', 'v4_loss', 'v4_acc', 'v6_loss', 'v6_acc', 'c10_50k_loss', 'c10_50k_acc']) 
 c10h_outdir:  /tigress/ruairidh/model_results/run_1/saves/wrn_28_10/con_True_lr_0.01_seed_1
[2018/09/25 20:33:44 __main__ INFO] - Train 75
[2018/09/25 20:34:03 __main__ INFO] - TEST 75
[2018/09/25 20:34:52 __main__ INFO] - - epoch 75    c10h_train    : 0.4340 (acc: 0.9877) | c10h_val    : 0.5315 (acc: 0.9390)
[2018/09/25 20:34:52 __main__ INFO] - -            c10h_train_c10: 0.0009 (acc: 0.9956) | c10h_val_c10: 0.2246 (acc: 0.9420)
[2018/09/25 20:34:52 __main__ INFO] - -            v4            : 0.5241 (acc: 0.8570) |           v6: 0.5154 (acc: 0.8755)
[2018/09/25 20:34:52 __main__ INFO] - -            c10_50k       : 0.0944 (acc: 0.9711)
[2018/09/25 20:34:52 __main__ INFO] - Elapsed 48.35
keys:  dict_keys(['epoch', 'c10h_train_loss', 'c10h_train_acc', 'c10h_val_loss', 'c10h_val_acc', 'c10h_train_c10_loss', 'c10h_train_c10_acc', 'c10h_val_c10_loss', 'c10h_val_c10_acc', 'v4_loss', 'v4_acc', 'v6_loss', 'v6_acc', 'c10_50k_loss', 'c10_50k_acc']) 
 c10h_outdir:  /tigress/ruairidh/model_results/run_1/saves/wrn_28_10/con_True_lr_0.01_seed_1
[2018/09/25 20:34:55 __main__ INFO] - Train 76
[2018/09/25 20:35:14 __main__ INFO] - TEST 76
[2018/09/25 20:36:03 __main__ INFO] - - epoch 76    c10h_train    : 0.4353 (acc: 0.9876) | c10h_val    : 0.5326 (acc: 0.9360)
[2018/09/25 20:36:03 __main__ INFO] - -            c10h_train_c10: 0.0010 (acc: 0.9956) | c10h_val_c10: 0.2240 (acc: 0.9390)
[2018/09/25 20:36:03 __main__ INFO] - -            v4            : 0.5270 (acc: 0.8595) |           v6: 0.5205 (acc: 0.8735)
[2018/09/25 20:36:03 __main__ INFO] - -            c10_50k       : 0.0957 (acc: 0.9704)
[2018/09/25 20:36:03 __main__ INFO] - Elapsed 48.34
keys:  dict_keys(['epoch', 'c10h_train_loss', 'c10h_train_acc', 'c10h_val_loss', 'c10h_val_acc', 'c10h_train_c10_loss', 'c10h_train_c10_acc', 'c10h_val_c10_loss', 'c10h_val_c10_acc', 'v4_loss', 'v4_acc', 'v6_loss', 'v6_acc', 'c10_50k_loss', 'c10_50k_acc']) 
 c10h_outdir:  /tigress/ruairidh/model_results/run_1/saves/wrn_28_10/con_True_lr_0.01_seed_1
[2018/09/25 20:36:04 __main__ INFO] - Train 77
[2018/09/25 20:36:23 __main__ INFO] - TEST 77
[2018/09/25 20:37:12 __main__ INFO] - - epoch 77    c10h_train    : 0.4350 (acc: 0.9876) | c10h_val    : 0.5228 (acc: 0.9400)
[2018/09/25 20:37:12 __main__ INFO] - -            c10h_train_c10: 0.0009 (acc: 0.9956) | c10h_val_c10: 0.2133 (acc: 0.9430)
[2018/09/25 20:37:12 __main__ INFO] - -            v4            : 0.5148 (acc: 0.8639) |           v6: 0.5078 (acc: 0.8750)
[2018/09/25 20:37:12 __main__ INFO] - -            c10_50k       : 0.0930 (acc: 0.9721)
[2018/09/25 20:37:12 __main__ INFO] - Elapsed 48.32
keys:  dict_keys(['epoch', 'c10h_train_loss', 'c10h_train_acc', 'c10h_val_loss', 'c10h_val_acc', 'c10h_train_c10_loss', 'c10h_train_c10_acc', 'c10h_val_c10_loss', 'c10h_val_c10_acc', 'v4_loss', 'v4_acc', 'v6_loss', 'v6_acc', 'c10_50k_loss', 'c10_50k_acc']) 
 c10h_outdir:  /tigress/ruairidh/model_results/run_1/saves/wrn_28_10/con_True_lr_0.01_seed_1
[2018/09/25 20:37:14 __main__ INFO] - Train 78
[2018/09/25 20:37:33 __main__ INFO] - TEST 78
[2018/09/25 20:38:21 __main__ INFO] - - epoch 78    c10h_train    : 0.4345 (acc: 0.9876) | c10h_val    : 0.5217 (acc: 0.9440)
[2018/09/25 20:38:21 __main__ INFO] - -            c10h_train_c10: 0.0009 (acc: 0.9956) | c10h_val_c10: 0.2110 (acc: 0.9470)
[2018/09/25 20:38:21 __main__ INFO] - -            v4            : 0.5316 (acc: 0.8580) |           v6: 0.5032 (acc: 0.8765)
[2018/09/25 20:38:21 __main__ INFO] - -            c10_50k       : 0.0913 (acc: 0.9714)
[2018/09/25 20:38:21 __main__ INFO] - Elapsed 48.05
keys:  dict_keys(['epoch', 'c10h_train_loss', 'c10h_train_acc', 'c10h_val_loss', 'c10h_val_acc', 'c10h_train_c10_loss', 'c10h_train_c10_acc', 'c10h_val_c10_loss', 'c10h_val_c10_acc', 'v4_loss', 'v4_acc', 'v6_loss', 'v6_acc', 'c10_50k_loss', 'c10_50k_acc']) 
 c10h_outdir:  /tigress/ruairidh/model_results/run_1/saves/wrn_28_10/con_True_lr_0.01_seed_1
[2018/09/25 20:38:27 __main__ INFO] - Train 79
[2018/09/25 20:38:46 __main__ INFO] - TEST 79
[2018/09/25 20:39:35 __main__ INFO] - - epoch 79    c10h_train    : 0.4335 (acc: 0.9877) | c10h_val    : 0.5265 (acc: 0.9410)
[2018/09/25 20:39:35 __main__ INFO] - -            c10h_train_c10: 0.0009 (acc: 0.9956) | c10h_val_c10: 0.2165 (acc: 0.9440)
[2018/09/25 20:39:35 __main__ INFO] - -            v4            : 0.4993 (acc: 0.8634) |           v6: 0.5072 (acc: 0.8760)
[2018/09/25 20:39:35 __main__ INFO] - -            c10_50k       : 0.0918 (acc: 0.9715)
[2018/09/25 20:39:35 __main__ INFO] - Elapsed 48.56
keys:  dict_keys(['epoch', 'c10h_train_loss', 'c10h_train_acc', 'c10h_val_loss', 'c10h_val_acc', 'c10h_train_c10_loss', 'c10h_train_c10_acc', 'c10h_val_c10_loss', 'c10h_val_c10_acc', 'v4_loss', 'v4_acc', 'v6_loss', 'v6_acc', 'c10_50k_loss', 'c10_50k_acc']) 
 c10h_outdir:  /tigress/ruairidh/model_results/run_1/saves/wrn_28_10/con_True_lr_0.01_seed_1
[2018/09/25 20:39:37 __main__ INFO] - Train 80
[2018/09/25 20:39:57 __main__ INFO] - TEST 80
[2018/09/25 20:40:45 __main__ INFO] - - epoch 80    c10h_train    : 0.4355 (acc: 0.9876) | c10h_val    : 0.5264 (acc: 0.9380)
[2018/09/25 20:40:45 __main__ INFO] - -            c10h_train_c10: 0.0009 (acc: 0.9956) | c10h_val_c10: 0.2154 (acc: 0.9410)
[2018/09/25 20:40:45 __main__ INFO] - -            v4            : 0.5446 (acc: 0.8560) |           v6: 0.5103 (acc: 0.8750)
[2018/09/25 20:40:45 __main__ INFO] - -            c10_50k       : 0.0917 (acc: 0.9721)
[2018/09/25 20:40:45 __main__ INFO] - Elapsed 48.36
keys:  dict_keys(['epoch', 'c10h_train_loss', 'c10h_train_acc', 'c10h_val_loss', 'c10h_val_acc', 'c10h_train_c10_loss', 'c10h_train_c10_acc', 'c10h_val_c10_loss', 'c10h_val_c10_acc', 'v4_loss', 'v4_acc', 'v6_loss', 'v6_acc', 'c10_50k_loss', 'c10_50k_acc']) 
 c10h_outdir:  /tigress/ruairidh/model_results/run_1/saves/wrn_28_10/con_True_lr_0.01_seed_1
[2018/09/25 20:40:47 __main__ INFO] - Train 81
[2018/09/25 20:41:07 __main__ INFO] - TEST 81
[2018/09/25 20:41:55 __main__ INFO] - - epoch 81    c10h_train    : 0.4352 (acc: 0.9876) | c10h_val    : 0.5236 (acc: 0.9410)
[2018/09/25 20:41:55 __main__ INFO] - -            c10h_train_c10: 0.0008 (acc: 0.9956) | c10h_val_c10: 0.2139 (acc: 0.9440)
[2018/09/25 20:41:55 __main__ INFO] - -            v4            : 0.5546 (acc: 0.8535) |           v6: 0.5048 (acc: 0.8745)
[2018/09/25 20:41:55 __main__ INFO] - -            c10_50k       : 0.0935 (acc: 0.9712)
[2018/09/25 20:41:55 __main__ INFO] - Elapsed 48.49
keys:  dict_keys(['epoch', 'c10h_train_loss', 'c10h_train_acc', 'c10h_val_loss', 'c10h_val_acc', 'c10h_train_c10_loss', 'c10h_train_c10_acc', 'c10h_val_c10_loss', 'c10h_val_c10_acc', 'v4_loss', 'v4_acc', 'v6_loss', 'v6_acc', 'c10_50k_loss', 'c10_50k_acc']) 
 c10h_outdir:  /tigress/ruairidh/model_results/run_1/saves/wrn_28_10/con_True_lr_0.01_seed_1
[2018/09/25 20:41:58 __main__ INFO] - Train 82
[2018/09/25 20:42:18 __main__ INFO] - TEST 82
[2018/09/25 20:43:06 __main__ INFO] - - epoch 82    c10h_train    : 0.4361 (acc: 0.9876) | c10h_val    : 0.5197 (acc: 0.9410)
[2018/09/25 20:43:06 __main__ INFO] - -            c10h_train_c10: 0.0009 (acc: 0.9956) | c10h_val_c10: 0.2089 (acc: 0.9440)
[2018/09/25 20:43:06 __main__ INFO] - -            v4            : 0.5339 (acc: 0.8615) |           v6: 0.5144 (acc: 0.8710)
[2018/09/25 20:43:06 __main__ INFO] - -            c10_50k       : 0.0897 (acc: 0.9717)
[2018/09/25 20:43:06 __main__ INFO] - Elapsed 48.48
keys:  dict_keys(['epoch', 'c10h_train_loss', 'c10h_train_acc', 'c10h_val_loss', 'c10h_val_acc', 'c10h_train_c10_loss', 'c10h_train_c10_acc', 'c10h_val_c10_loss', 'c10h_val_c10_acc', 'v4_loss', 'v4_acc', 'v6_loss', 'v6_acc', 'c10_50k_loss', 'c10_50k_acc']) 
 c10h_outdir:  /tigress/ruairidh/model_results/run_1/saves/wrn_28_10/con_True_lr_0.01_seed_1
[2018/09/25 20:43:07 __main__ INFO] - Train 83
[2018/09/25 20:43:27 __main__ INFO] - TEST 83
[2018/09/25 20:44:15 __main__ INFO] - - epoch 83    c10h_train    : 0.4353 (acc: 0.9877) | c10h_val    : 0.5238 (acc: 0.9440)
[2018/09/25 20:44:15 __main__ INFO] - -            c10h_train_c10: 0.0008 (acc: 0.9956) | c10h_val_c10: 0.2117 (acc: 0.9470)
[2018/09/25 20:44:15 __main__ INFO] - -            v4            : 0.5393 (acc: 0.8619) |           v6: 0.5080 (acc: 0.8735)
[2018/09/25 20:44:15 __main__ INFO] - -            c10_50k       : 0.0915 (acc: 0.9724)
[2018/09/25 20:44:15 __main__ INFO] - Elapsed 48.16
keys:  dict_keys(['epoch', 'c10h_train_loss', 'c10h_train_acc', 'c10h_val_loss', 'c10h_val_acc', 'c10h_train_c10_loss', 'c10h_train_c10_acc', 'c10h_val_c10_loss', 'c10h_val_c10_acc', 'v4_loss', 'v4_acc', 'v6_loss', 'v6_acc', 'c10_50k_loss', 'c10_50k_acc']) 
 c10h_outdir:  /tigress/ruairidh/model_results/run_1/saves/wrn_28_10/con_True_lr_0.01_seed_1
[2018/09/25 20:44:16 __main__ INFO] - Train 84
[2018/09/25 20:44:35 __main__ INFO] - TEST 84
[2018/09/25 20:45:24 __main__ INFO] - - epoch 84    c10h_train    : 0.4372 (acc: 0.9876) | c10h_val    : 0.5231 (acc: 0.9420)
[2018/09/25 20:45:24 __main__ INFO] - -            c10h_train_c10: 0.0008 (acc: 0.9956) | c10h_val_c10: 0.2096 (acc: 0.9450)
[2018/09/25 20:45:24 __main__ INFO] - -            v4            : 0.5376 (acc: 0.8605) |           v6: 0.5023 (acc: 0.8765)
[2018/09/25 20:45:24 __main__ INFO] - -            c10_50k       : 0.0887 (acc: 0.9724)
[2018/09/25 20:45:24 __main__ INFO] - Elapsed 48.57
keys:  dict_keys(['epoch', 'c10h_train_loss', 'c10h_train_acc', 'c10h_val_loss', 'c10h_val_acc', 'c10h_train_c10_loss', 'c10h_train_c10_acc', 'c10h_val_c10_loss', 'c10h_val_c10_acc', 'v4_loss', 'v4_acc', 'v6_loss', 'v6_acc', 'c10_50k_loss', 'c10_50k_acc']) 
 c10h_outdir:  /tigress/ruairidh/model_results/run_1/saves/wrn_28_10/con_True_lr_0.01_seed_1
[2018/09/25 20:45:27 __main__ INFO] - Train 85
[2018/09/25 20:45:46 __main__ INFO] - TEST 85
[2018/09/25 20:46:34 __main__ INFO] - - epoch 85    c10h_train    : 0.4371 (acc: 0.9876) | c10h_val    : 0.5253 (acc: 0.9430)
[2018/09/25 20:46:34 __main__ INFO] - -            c10h_train_c10: 0.0008 (acc: 0.9956) | c10h_val_c10: 0.2136 (acc: 0.9460)
[2018/09/25 20:46:34 __main__ INFO] - -            v4            : 0.5002 (acc: 0.8679) |           v6: 0.4993 (acc: 0.8765)
[2018/09/25 20:46:34 __main__ INFO] - -            c10_50k       : 0.0906 (acc: 0.9724)
[2018/09/25 20:46:34 __main__ INFO] - Elapsed 48.13
keys:  dict_keys(['epoch', 'c10h_train_loss', 'c10h_train_acc', 'c10h_val_loss', 'c10h_val_acc', 'c10h_train_c10_loss', 'c10h_train_c10_acc', 'c10h_val_c10_loss', 'c10h_val_c10_acc', 'v4_loss', 'v4_acc', 'v6_loss', 'v6_acc', 'c10_50k_loss', 'c10_50k_acc']) 
 c10h_outdir:  /tigress/ruairidh/model_results/run_1/saves/wrn_28_10/con_True_lr_0.01_seed_1
[2018/09/25 20:46:35 __main__ INFO] - Train 86
[2018/09/25 20:46:54 __main__ INFO] - TEST 86
[2018/09/25 20:47:42 __main__ INFO] - - epoch 86    c10h_train    : 0.4389 (acc: 0.9876) | c10h_val    : 0.5277 (acc: 0.9440)
[2018/09/25 20:47:42 __main__ INFO] - -            c10h_train_c10: 0.0009 (acc: 0.9956) | c10h_val_c10: 0.2114 (acc: 0.9470)
[2018/09/25 20:47:42 __main__ INFO] - -            v4            : 0.5199 (acc: 0.8615) |           v6: 0.5072 (acc: 0.8765)
[2018/09/25 20:47:42 __main__ INFO] - -            c10_50k       : 0.0899 (acc: 0.9725)
[2018/09/25 20:47:42 __main__ INFO] - Elapsed 48.11
keys:  dict_keys(['epoch', 'c10h_train_loss', 'c10h_train_acc', 'c10h_val_loss', 'c10h_val_acc', 'c10h_train_c10_loss', 'c10h_train_c10_acc', 'c10h_val_c10_loss', 'c10h_val_c10_acc', 'v4_loss', 'v4_acc', 'v6_loss', 'v6_acc', 'c10_50k_loss', 'c10_50k_acc']) 
 c10h_outdir:  /tigress/ruairidh/model_results/run_1/saves/wrn_28_10/con_True_lr_0.01_seed_1
[2018/09/25 20:47:44 __main__ INFO] - Train 87
[2018/09/25 20:48:03 __main__ INFO] - TEST 87
[2018/09/25 20:48:52 __main__ INFO] - - epoch 87    c10h_train    : 0.4375 (acc: 0.9876) | c10h_val    : 0.5270 (acc: 0.9430)
[2018/09/25 20:48:52 __main__ INFO] - -            c10h_train_c10: 0.0008 (acc: 0.9956) | c10h_val_c10: 0.2126 (acc: 0.9460)
[2018/09/25 20:48:52 __main__ INFO] - -            v4            : 0.5136 (acc: 0.8585) |           v6: 0.5001 (acc: 0.8760)
[2018/09/25 20:48:52 __main__ INFO] - -            c10_50k       : 0.0883 (acc: 0.9727)
[2018/09/25 20:48:52 __main__ INFO] - Elapsed 48.30
keys:  dict_keys(['epoch', 'c10h_train_loss', 'c10h_train_acc', 'c10h_val_loss', 'c10h_val_acc', 'c10h_train_c10_loss', 'c10h_train_c10_acc', 'c10h_val_c10_loss', 'c10h_val_c10_acc', 'v4_loss', 'v4_acc', 'v6_loss', 'v6_acc', 'c10_50k_loss', 'c10_50k_acc']) 
 c10h_outdir:  /tigress/ruairidh/model_results/run_1/saves/wrn_28_10/con_True_lr_0.01_seed_1
[2018/09/25 20:48:52 __main__ INFO] - Train 88
[2018/09/25 20:49:12 __main__ INFO] - TEST 88
[2018/09/25 20:50:00 __main__ INFO] - - epoch 88    c10h_train    : 0.4365 (acc: 0.9877) | c10h_val    : 0.5238 (acc: 0.9450)
[2018/09/25 20:50:00 __main__ INFO] - -            c10h_train_c10: 0.0008 (acc: 0.9956) | c10h_val_c10: 0.2101 (acc: 0.9480)
[2018/09/25 20:50:00 __main__ INFO] - -            v4            : 0.5168 (acc: 0.8659) |           v6: 0.5067 (acc: 0.8745)
[2018/09/25 20:50:00 __main__ INFO] - -            c10_50k       : 0.0889 (acc: 0.9729)
[2018/09/25 20:50:00 __main__ INFO] - Elapsed 48.35
keys:  dict_keys(['epoch', 'c10h_train_loss', 'c10h_train_acc', 'c10h_val_loss', 'c10h_val_acc', 'c10h_train_c10_loss', 'c10h_train_c10_acc', 'c10h_val_c10_loss', 'c10h_val_c10_acc', 'v4_loss', 'v4_acc', 'v6_loss', 'v6_acc', 'c10_50k_loss', 'c10_50k_acc']) 
 c10h_outdir:  /tigress/ruairidh/model_results/run_1/saves/wrn_28_10/con_True_lr_0.01_seed_1
[2018/09/25 20:50:01 __main__ INFO] - Train 89
[2018/09/25 20:50:20 __main__ INFO] - TEST 89
[2018/09/25 20:51:09 __main__ INFO] - - epoch 89    c10h_train    : 0.4352 (acc: 0.9876) | c10h_val    : 0.5220 (acc: 0.9440)
[2018/09/25 20:51:09 __main__ INFO] - -            c10h_train_c10: 0.0008 (acc: 0.9956) | c10h_val_c10: 0.2080 (acc: 0.9470)
[2018/09/25 20:51:09 __main__ INFO] - -            v4            : 0.5232 (acc: 0.8575) |           v6: 0.5008 (acc: 0.8760)
[2018/09/25 20:51:09 __main__ INFO] - -            c10_50k       : 0.0884 (acc: 0.9730)
[2018/09/25 20:51:09 __main__ INFO] - Elapsed 48.43
keys:  dict_keys(['epoch', 'c10h_train_loss', 'c10h_train_acc', 'c10h_val_loss', 'c10h_val_acc', 'c10h_train_c10_loss', 'c10h_train_c10_acc', 'c10h_val_c10_loss', 'c10h_val_c10_acc', 'v4_loss', 'v4_acc', 'v6_loss', 'v6_acc', 'c10_50k_loss', 'c10_50k_acc']) 
 c10h_outdir:  /tigress/ruairidh/model_results/run_1/saves/wrn_28_10/con_True_lr_0.01_seed_1
[2018/09/25 20:51:10 __main__ INFO] - Train 90
[2018/09/25 20:51:29 __main__ INFO] - TEST 90
[2018/09/25 20:52:18 __main__ INFO] - - epoch 90    c10h_train    : 0.4388 (acc: 0.9876) | c10h_val    : 0.5223 (acc: 0.9440)
[2018/09/25 20:52:18 __main__ INFO] - -            c10h_train_c10: 0.0008 (acc: 0.9956) | c10h_val_c10: 0.2071 (acc: 0.9470)
[2018/09/25 20:52:18 __main__ INFO] - -            v4            : 0.5150 (acc: 0.8674) |           v6: 0.5046 (acc: 0.8765)
[2018/09/25 20:52:18 __main__ INFO] - -            c10_50k       : 0.0888 (acc: 0.9728)
[2018/09/25 20:52:18 __main__ INFO] - Elapsed 48.34
keys:  dict_keys(['epoch', 'c10h_train_loss', 'c10h_train_acc', 'c10h_val_loss', 'c10h_val_acc', 'c10h_train_c10_loss', 'c10h_train_c10_acc', 'c10h_val_c10_loss', 'c10h_val_c10_acc', 'v4_loss', 'v4_acc', 'v6_loss', 'v6_acc', 'c10_50k_loss', 'c10_50k_acc']) 
 c10h_outdir:  /tigress/ruairidh/model_results/run_1/saves/wrn_28_10/con_True_lr_0.01_seed_1
[2018/09/25 20:52:19 __main__ INFO] - Train 91
[2018/09/25 20:52:38 __main__ INFO] - TEST 91
[2018/09/25 20:53:27 __main__ INFO] - - epoch 91    c10h_train    : 0.4387 (acc: 0.9877) | c10h_val    : 0.5277 (acc: 0.9440)
[2018/09/25 20:53:27 __main__ INFO] - -            c10h_train_c10: 0.0008 (acc: 0.9956) | c10h_val_c10: 0.2081 (acc: 0.9470)
[2018/09/25 20:53:27 __main__ INFO] - -            v4            : 0.5125 (acc: 0.8674) |           v6: 0.5027 (acc: 0.8760)
[2018/09/25 20:53:27 __main__ INFO] - -            c10_50k       : 0.0887 (acc: 0.9726)
[2018/09/25 20:53:27 __main__ INFO] - Elapsed 48.15
keys:  dict_keys(['epoch', 'c10h_train_loss', 'c10h_train_acc', 'c10h_val_loss', 'c10h_val_acc', 'c10h_train_c10_loss', 'c10h_train_c10_acc', 'c10h_val_c10_loss', 'c10h_val_c10_acc', 'v4_loss', 'v4_acc', 'v6_loss', 'v6_acc', 'c10_50k_loss', 'c10_50k_acc']) 
 c10h_outdir:  /tigress/ruairidh/model_results/run_1/saves/wrn_28_10/con_True_lr_0.01_seed_1
[2018/09/25 20:53:28 __main__ INFO] - Train 92
[2018/09/25 20:53:47 __main__ INFO] - TEST 92
[2018/09/25 20:54:36 __main__ INFO] - - epoch 92    c10h_train    : 0.4349 (acc: 0.9876) | c10h_val    : 0.5179 (acc: 0.9420)
[2018/09/25 20:54:36 __main__ INFO] - -            c10h_train_c10: 0.0008 (acc: 0.9956) | c10h_val_c10: 0.2056 (acc: 0.9450)
[2018/09/25 20:54:36 __main__ INFO] - -            v4            : 0.4925 (acc: 0.8669) |           v6: 0.4958 (acc: 0.8750)
[2018/09/25 20:54:36 __main__ INFO] - -            c10_50k       : 0.0913 (acc: 0.9723)
[2018/09/25 20:54:36 __main__ INFO] - Elapsed 48.47
keys:  dict_keys(['epoch', 'c10h_train_loss', 'c10h_train_acc', 'c10h_val_loss', 'c10h_val_acc', 'c10h_train_c10_loss', 'c10h_train_c10_acc', 'c10h_val_c10_loss', 'c10h_val_c10_acc', 'v4_loss', 'v4_acc', 'v6_loss', 'v6_acc', 'c10_50k_loss', 'c10_50k_acc']) 
 c10h_outdir:  /tigress/ruairidh/model_results/run_1/saves/wrn_28_10/con_True_lr_0.01_seed_1
[2018/09/25 20:54:38 __main__ INFO] - Train 93
[2018/09/25 20:54:57 __main__ INFO] - TEST 93
[2018/09/25 20:55:46 __main__ INFO] - - epoch 93    c10h_train    : 0.4358 (acc: 0.9876) | c10h_val    : 0.5163 (acc: 0.9460)
[2018/09/25 20:55:46 __main__ INFO] - -            c10h_train_c10: 0.0008 (acc: 0.9956) | c10h_val_c10: 0.2029 (acc: 0.9490)
[2018/09/25 20:55:46 __main__ INFO] - -            v4            : 0.5162 (acc: 0.8704) |           v6: 0.4985 (acc: 0.8770)
[2018/09/25 20:55:46 __main__ INFO] - -            c10_50k       : 0.0881 (acc: 0.9726)
[2018/09/25 20:55:46 __main__ INFO] - Elapsed 48.35
keys:  dict_keys(['epoch', 'c10h_train_loss', 'c10h_train_acc', 'c10h_val_loss', 'c10h_val_acc', 'c10h_train_c10_loss', 'c10h_train_c10_acc', 'c10h_val_c10_loss', 'c10h_val_c10_acc', 'v4_loss', 'v4_acc', 'v6_loss', 'v6_acc', 'c10_50k_loss', 'c10_50k_acc']) 
 c10h_outdir:  /tigress/ruairidh/model_results/run_1/saves/wrn_28_10/con_True_lr_0.01_seed_1
[2018/09/25 20:55:48 __main__ INFO] - Train 94
[2018/09/25 20:56:07 __main__ INFO] - TEST 94
[2018/09/25 20:56:56 __main__ INFO] - - epoch 94    c10h_train    : 0.4370 (acc: 0.9876) | c10h_val    : 0.5190 (acc: 0.9440)
[2018/09/25 20:56:56 __main__ INFO] - -            c10h_train_c10: 0.0008 (acc: 0.9956) | c10h_val_c10: 0.2038 (acc: 0.9470)
[2018/09/25 20:56:56 __main__ INFO] - -            v4            : 0.5001 (acc: 0.8629) |           v6: 0.5022 (acc: 0.8745)
[2018/09/25 20:56:56 __main__ INFO] - -            c10_50k       : 0.0869 (acc: 0.9728)
[2018/09/25 20:56:56 __main__ INFO] - Elapsed 48.24
keys:  dict_keys(['epoch', 'c10h_train_loss', 'c10h_train_acc', 'c10h_val_loss', 'c10h_val_acc', 'c10h_train_c10_loss', 'c10h_train_c10_acc', 'c10h_val_c10_loss', 'c10h_val_c10_acc', 'v4_loss', 'v4_acc', 'v6_loss', 'v6_acc', 'c10_50k_loss', 'c10_50k_acc']) 
 c10h_outdir:  /tigress/ruairidh/model_results/run_1/saves/wrn_28_10/con_True_lr_0.01_seed_1
[2018/09/25 20:56:58 __main__ INFO] - Train 95
[2018/09/25 20:57:17 __main__ INFO] - TEST 95
[2018/09/25 20:58:06 __main__ INFO] - - epoch 95    c10h_train    : 0.4358 (acc: 0.9876) | c10h_val    : 0.5270 (acc: 0.9450)
[2018/09/25 20:58:06 __main__ INFO] - -            c10h_train_c10: 0.0008 (acc: 0.9956) | c10h_val_c10: 0.2129 (acc: 0.9480)
[2018/09/25 20:58:06 __main__ INFO] - -            v4            : 0.5237 (acc: 0.8629) |           v6: 0.5010 (acc: 0.8750)
[2018/09/25 20:58:06 __main__ INFO] - -            c10_50k       : 0.0900 (acc: 0.9717)
[2018/09/25 20:58:06 __main__ INFO] - Elapsed 48.44
keys:  dict_keys(['epoch', 'c10h_train_loss', 'c10h_train_acc', 'c10h_val_loss', 'c10h_val_acc', 'c10h_train_c10_loss', 'c10h_train_c10_acc', 'c10h_val_c10_loss', 'c10h_val_c10_acc', 'v4_loss', 'v4_acc', 'v6_loss', 'v6_acc', 'c10_50k_loss', 'c10_50k_acc']) 
 c10h_outdir:  /tigress/ruairidh/model_results/run_1/saves/wrn_28_10/con_True_lr_0.01_seed_1
[2018/09/25 20:58:07 __main__ INFO] - Train 96
[2018/09/25 20:58:26 __main__ INFO] - TEST 96
[2018/09/25 20:59:14 __main__ INFO] - - epoch 96    c10h_train    : 0.4374 (acc: 0.9876) | c10h_val    : 0.5233 (acc: 0.9440)
[2018/09/25 20:59:14 __main__ INFO] - -            c10h_train_c10: 0.0008 (acc: 0.9956) | c10h_val_c10: 0.2070 (acc: 0.9470)
[2018/09/25 20:59:14 __main__ INFO] - -            v4            : 0.5350 (acc: 0.8600) |           v6: 0.4982 (acc: 0.8735)
[2018/09/25 20:59:14 __main__ INFO] - -            c10_50k       : 0.0875 (acc: 0.9729)
[2018/09/25 20:59:14 __main__ INFO] - Elapsed 48.27
keys:  dict_keys(['epoch', 'c10h_train_loss', 'c10h_train_acc', 'c10h_val_loss', 'c10h_val_acc', 'c10h_train_c10_loss', 'c10h_train_c10_acc', 'c10h_val_c10_loss', 'c10h_val_c10_acc', 'v4_loss', 'v4_acc', 'v6_loss', 'v6_acc', 'c10_50k_loss', 'c10_50k_acc']) 
 c10h_outdir:  /tigress/ruairidh/model_results/run_1/saves/wrn_28_10/con_True_lr_0.01_seed_1
[2018/09/25 20:59:15 __main__ INFO] - Train 97
[2018/09/25 20:59:34 __main__ INFO] - TEST 97
[2018/09/25 21:00:23 __main__ INFO] - - epoch 97    c10h_train    : 0.4378 (acc: 0.9876) | c10h_val    : 0.5193 (acc: 0.9460)
[2018/09/25 21:00:23 __main__ INFO] - -            c10h_train_c10: 0.0008 (acc: 0.9956) | c10h_val_c10: 0.2038 (acc: 0.9490)
[2018/09/25 21:00:23 __main__ INFO] - -            v4            : 0.5085 (acc: 0.8644) |           v6: 0.4998 (acc: 0.8760)
[2018/09/25 21:00:23 __main__ INFO] - -            c10_50k       : 0.0877 (acc: 0.9722)
[2018/09/25 21:00:23 __main__ INFO] - Elapsed 48.13
keys:  dict_keys(['epoch', 'c10h_train_loss', 'c10h_train_acc', 'c10h_val_loss', 'c10h_val_acc', 'c10h_train_c10_loss', 'c10h_train_c10_acc', 'c10h_val_c10_loss', 'c10h_val_c10_acc', 'v4_loss', 'v4_acc', 'v6_loss', 'v6_acc', 'c10_50k_loss', 'c10_50k_acc']) 
 c10h_outdir:  /tigress/ruairidh/model_results/run_1/saves/wrn_28_10/con_True_lr_0.01_seed_1
[2018/09/25 21:00:25 __main__ INFO] - Train 98
[2018/09/25 21:00:44 __main__ INFO] - TEST 98
[2018/09/25 21:01:33 __main__ INFO] - - epoch 98    c10h_train    : 0.4347 (acc: 0.9876) | c10h_val    : 0.5161 (acc: 0.9470)
[2018/09/25 21:01:33 __main__ INFO] - -            c10h_train_c10: 0.0008 (acc: 0.9956) | c10h_val_c10: 0.2013 (acc: 0.9500)
[2018/09/25 21:01:33 __main__ INFO] - -            v4            : 0.5254 (acc: 0.8595) |           v6: 0.5010 (acc: 0.8730)
[2018/09/25 21:01:33 __main__ INFO] - -            c10_50k       : 0.0884 (acc: 0.9727)
[2018/09/25 21:01:33 __main__ INFO] - Elapsed 48.15
keys:  dict_keys(['epoch', 'c10h_train_loss', 'c10h_train_acc', 'c10h_val_loss', 'c10h_val_acc', 'c10h_train_c10_loss', 'c10h_train_c10_acc', 'c10h_val_c10_loss', 'c10h_val_c10_acc', 'v4_loss', 'v4_acc', 'v6_loss', 'v6_acc', 'c10_50k_loss', 'c10_50k_acc']) 
 c10h_outdir:  /tigress/ruairidh/model_results/run_1/saves/wrn_28_10/con_True_lr_0.01_seed_1
[2018/09/25 21:01:35 __main__ INFO] - Train 99
[2018/09/25 21:01:54 __main__ INFO] - TEST 99
[2018/09/25 21:02:43 __main__ INFO] - - epoch 99    c10h_train    : 0.4365 (acc: 0.9877) | c10h_val    : 0.5201 (acc: 0.9440)
[2018/09/25 21:02:43 __main__ INFO] - -            c10h_train_c10: 0.0008 (acc: 0.9956) | c10h_val_c10: 0.2033 (acc: 0.9470)
[2018/09/25 21:02:43 __main__ INFO] - -            v4            : 0.5217 (acc: 0.8634) |           v6: 0.4987 (acc: 0.8755)
[2018/09/25 21:02:43 __main__ INFO] - -            c10_50k       : 0.0875 (acc: 0.9730)
[2018/09/25 21:02:43 __main__ INFO] - Elapsed 48.79
keys:  dict_keys(['epoch', 'c10h_train_loss', 'c10h_train_acc', 'c10h_val_loss', 'c10h_val_acc', 'c10h_train_c10_loss', 'c10h_train_c10_acc', 'c10h_val_c10_loss', 'c10h_val_c10_acc', 'v4_loss', 'v4_acc', 'v6_loss', 'v6_acc', 'c10_50k_loss', 'c10_50k_acc']) 
 c10h_outdir:  /tigress/ruairidh/model_results/run_1/saves/wrn_28_10/con_True_lr_0.01_seed_1
[2018/09/25 21:02:45 __main__ INFO] - Train 100
[2018/09/25 21:03:04 __main__ INFO] - TEST 100
[2018/09/25 21:03:52 __main__ INFO] - - epoch 100    c10h_train    : 0.4359 (acc: 0.9877) | c10h_val    : 0.5171 (acc: 0.9440)
[2018/09/25 21:03:52 __main__ INFO] - -            c10h_train_c10: 0.0008 (acc: 0.9956) | c10h_val_c10: 0.2016 (acc: 0.9470)
[2018/09/25 21:03:52 __main__ INFO] - -            v4            : 0.4952 (acc: 0.8669) |           v6: 0.4910 (acc: 0.8765)
[2018/09/25 21:03:52 __main__ INFO] - -            c10_50k       : 0.0857 (acc: 0.9735)
[2018/09/25 21:03:52 __main__ INFO] - Elapsed 48.15
keys:  dict_keys(['epoch', 'c10h_train_loss', 'c10h_train_acc', 'c10h_val_loss', 'c10h_val_acc', 'c10h_train_c10_loss', 'c10h_train_c10_acc', 'c10h_val_c10_loss', 'c10h_val_c10_acc', 'v4_loss', 'v4_acc', 'v6_loss', 'v6_acc', 'c10_50k_loss', 'c10_50k_acc']) 
 c10h_outdir:  /tigress/ruairidh/model_results/run_1/saves/wrn_28_10/con_True_lr_0.01_seed_1
inner done
