entering inner script
activating virtual env
wrn_28_10
identifier: con_False_lr_0.001_seed_1
--arch=wrn --c10h_save_interval=2 --dataset=CIFAR10H --no_output --c10h_datasplit_seed=1 --human_tune --nonhuman_control=False --base_lr=0.001
wrn_28_10_control:False_lr:0.001_seed:1.out
entering python script
/tigress/ruairidh/model_results/run_1/wrn_28_10/model_best_state.pth
/tigress/ruairidh/model_results/run_1/saves/wrn_28_10/con_False_lr_0.001_seed_1
Using TensorFlow backend.
[2018/09/25 19:42:00 __main__ INFO] - {
  "model_config": {
    "arch": "wrn",
    "input_shape": [
      1,
      3,
      32,
      32
    ],
    "n_classes": 10,
    "base_channels": 16,
    "depth": 28,
    "widening_factor": 10,
    "drop_rate": 0
  },
  "optim_config": {
    "epochs": 200,
    "batch_size": 128,
    "optimizer": "sgd",
    "base_lr": 0.001,
    "weight_decay": 0.0005,
    "momentum": 0.9,
    "nesterov": true,
    "scheduler": "multistep",
    "milestones": [
      60,
      120,
      160
    ],
    "lr_decay": 0.2
  },
  "data_config": {
    "dataset": "CIFAR10H",
    "n_classes": 10,
    "num_workers": 7,
    "batch_size": 128,
    "use_cutout": false,
    "use_random_erasing": false,
    "use_mixup": false,
    "c10h_sample": false,
    "c10h_testsplit_percent": 0.1,
    "c10h_datasplit_seed": 1,
    "use_gpu": true
  },
  "run_config": {
    "seed": 17,
    "test_first": true,
    "gpu": "0",
    "tensorboard": false,
    "tensorboard_train_images": false,
    "tensorboard_test_images": false,
    "tensorboard_model_params": false,
    "resume": "/tigress/ruairidh/model_results/run_1/wrn_28_10/model_best_state.pth",
    "human_tune": true,
    "no_output": true,
    "test_only": false,
    "nonhuman_control": false,
    "c10h_scores_outdir": "/tigress/ruairidh/model_results/run_1/saves/wrn_28_10/con_False_lr_0.001_seed_1",
    "c10h_save_interval": "2",
    "use_gpu": true
  },
  "env_info": {
    "pytorch_version": "0.4.1",
    "cuda_version": "9.0.176",
    "cudnn_version": 7102,
    "gpu0": {
      "name": "Tesla P100-PCIE-16GB",
      "capability": "6.0"
    }
  }
}
Files already downloaded and verified
Files already downloaded and verified
Files already downloaded and verified
Files already downloaded and verified
Files already downloaded and verified
[2018/09/25 19:42:04 __main__ INFO] - Loading model...
[2018/09/25 19:42:05 __main__ INFO] - n_params: 36479194
[2018/09/25 19:42:07 __main__ INFO] - Done
=> loading checkpoint '/tigress/ruairidh/model_results/run_1/wrn_28_10/model_best_state.pth'
=> loaded checkpoint '/tigress/ruairidh/model_results/run_1/wrn_28_10/model_best_state.pth' (epoch 197)
[2018/09/25 19:42:10 __main__ INFO] - TEST 0
[2018/09/25 19:43:00 __main__ INFO] - - epoch 0    c10h_train    : 0.4616 (acc: 0.9479) | c10h_val    : 0.4554 (acc: 0.9650)
[2018/09/25 19:43:01 __main__ INFO] - -            c10h_train_c10: 0.1773 (acc: 0.9502) | c10h_val_c10: 0.1349 (acc: 0.9690)
[2018/09/25 19:43:01 __main__ INFO] - -            v4            : 0.4034 (acc: 0.8986) |           v6: 0.3818 (acc: 0.9100)
[2018/09/25 19:43:01 __main__ INFO] - -            c10_50k       : 0.0012 (acc: 1.0000)
[2018/09/25 19:43:01 __main__ INFO] - Elapsed 50.67
keys:  dict_keys(['epoch', 'c10h_train_loss', 'c10h_train_acc', 'c10h_val_loss', 'c10h_val_acc', 'c10h_train_c10_loss', 'c10h_train_c10_acc', 'c10h_val_c10_loss', 'c10h_val_c10_acc', 'v4_loss', 'v4_acc', 'v6_loss', 'v6_acc', 'c10_50k_loss', 'c10_50k_acc']) 
 c10h_outdir:  /tigress/ruairidh/model_results/run_1/saves/wrn_28_10/con_False_lr_0.001_seed_1
[2018/09/25 19:43:02 __main__ INFO] - Train 1
[2018/09/25 19:43:22 __main__ INFO] - TEST 1
[2018/09/25 19:44:10 __main__ INFO] - - epoch 1    c10h_train    : 0.3317 (acc: 0.9571) | c10h_val    : 0.3830 (acc: 0.9480)
[2018/09/25 19:44:11 __main__ INFO] - -            c10h_train_c10: 0.1133 (acc: 0.9582) | c10h_val_c10: 0.1541 (acc: 0.9500)
[2018/09/25 19:44:11 __main__ INFO] - -            v4            : 0.3431 (acc: 0.8946) |           v6: 0.3347 (acc: 0.9000)
[2018/09/25 19:44:11 __main__ INFO] - -            c10_50k       : 0.0108 (acc: 0.9997)
[2018/09/25 19:44:11 __main__ INFO] - Elapsed 47.98
keys:  dict_keys(['epoch', 'c10h_train_loss', 'c10h_train_acc', 'c10h_val_loss', 'c10h_val_acc', 'c10h_train_c10_loss', 'c10h_train_c10_acc', 'c10h_val_c10_loss', 'c10h_val_c10_acc', 'v4_loss', 'v4_acc', 'v6_loss', 'v6_acc', 'c10_50k_loss', 'c10_50k_acc']) 
 c10h_outdir:  /tigress/ruairidh/model_results/run_1/saves/wrn_28_10/con_False_lr_0.001_seed_1
[2018/09/25 19:44:13 __main__ INFO] - Train 2
[2018/09/25 19:44:33 __main__ INFO] - TEST 2
[2018/09/25 19:45:21 __main__ INFO] - - epoch 2    c10h_train    : 0.2873 (acc: 0.9654) | c10h_val    : 0.3360 (acc: 0.9480)
[2018/09/25 19:45:21 __main__ INFO] - -            c10h_train_c10: 0.1083 (acc: 0.9666) | c10h_val_c10: 0.1487 (acc: 0.9510)
[2018/09/25 19:45:21 __main__ INFO] - -            v4            : 0.3466 (acc: 0.8897) |           v6: 0.3102 (acc: 0.8990)
[2018/09/25 19:45:21 __main__ INFO] - -            c10_50k       : 0.0243 (acc: 0.9998)
[2018/09/25 19:45:21 __main__ INFO] - Elapsed 47.98
keys:  dict_keys(['epoch', 'c10h_train_loss', 'c10h_train_acc', 'c10h_val_loss', 'c10h_val_acc', 'c10h_train_c10_loss', 'c10h_train_c10_acc', 'c10h_val_c10_loss', 'c10h_val_c10_acc', 'v4_loss', 'v4_acc', 'v6_loss', 'v6_acc', 'c10_50k_loss', 'c10_50k_acc']) 
 c10h_outdir:  /tigress/ruairidh/model_results/run_1/saves/wrn_28_10/con_False_lr_0.001_seed_1
[2018/09/25 19:45:21 __main__ INFO] - Train 3
[2018/09/25 19:45:41 __main__ INFO] - TEST 3
[2018/09/25 19:46:29 __main__ INFO] - - epoch 3    c10h_train    : 0.2656 (acc: 0.9712) | c10h_val    : 0.3100 (acc: 0.9550)
[2018/09/25 19:46:29 __main__ INFO] - -            c10h_train_c10: 0.1000 (acc: 0.9728) | c10h_val_c10: 0.1353 (acc: 0.9600)
[2018/09/25 19:46:29 __main__ INFO] - -            v4            : 0.3329 (acc: 0.8971) |           v6: 0.2970 (acc: 0.9025)
[2018/09/25 19:46:29 __main__ INFO] - -            c10_50k       : 0.0293 (acc: 1.0000)
[2018/09/25 19:46:29 __main__ INFO] - Elapsed 48.08
keys:  dict_keys(['epoch', 'c10h_train_loss', 'c10h_train_acc', 'c10h_val_loss', 'c10h_val_acc', 'c10h_train_c10_loss', 'c10h_train_c10_acc', 'c10h_val_c10_loss', 'c10h_val_c10_acc', 'v4_loss', 'v4_acc', 'v6_loss', 'v6_acc', 'c10_50k_loss', 'c10_50k_acc']) 
 c10h_outdir:  /tigress/ruairidh/model_results/run_1/saves/wrn_28_10/con_False_lr_0.001_seed_1
[2018/09/25 19:46:33 __main__ INFO] - Train 4
[2018/09/25 19:46:52 __main__ INFO] - TEST 4
[2018/09/25 19:47:40 __main__ INFO] - - epoch 4    c10h_train    : 0.2530 (acc: 0.9738) | c10h_val    : 0.3133 (acc: 0.9550)
[2018/09/25 19:47:40 __main__ INFO] - -            c10h_train_c10: 0.0926 (acc: 0.9752) | c10h_val_c10: 0.1438 (acc: 0.9580)
[2018/09/25 19:47:40 __main__ INFO] - -            v4            : 0.3157 (acc: 0.8936) |           v6: 0.2980 (acc: 0.9030)
[2018/09/25 19:47:40 __main__ INFO] - -            c10_50k       : 0.0300 (acc: 0.9997)
[2018/09/25 19:47:40 __main__ INFO] - Elapsed 47.75
keys:  dict_keys(['epoch', 'c10h_train_loss', 'c10h_train_acc', 'c10h_val_loss', 'c10h_val_acc', 'c10h_train_c10_loss', 'c10h_train_c10_acc', 'c10h_val_c10_loss', 'c10h_val_c10_acc', 'v4_loss', 'v4_acc', 'v6_loss', 'v6_acc', 'c10_50k_loss', 'c10_50k_acc']) 
 c10h_outdir:  /tigress/ruairidh/model_results/run_1/saves/wrn_28_10/con_False_lr_0.001_seed_1
[2018/09/25 19:47:43 __main__ INFO] - Train 5
[2018/09/25 19:48:03 __main__ INFO] - TEST 5
[2018/09/25 19:48:51 __main__ INFO] - - epoch 5    c10h_train    : 0.2464 (acc: 0.9762) | c10h_val    : 0.3038 (acc: 0.9560)
[2018/09/25 19:48:51 __main__ INFO] - -            c10h_train_c10: 0.0882 (acc: 0.9767) | c10h_val_c10: 0.1400 (acc: 0.9570)
[2018/09/25 19:48:51 __main__ INFO] - -            v4            : 0.3332 (acc: 0.8966) |           v6: 0.3012 (acc: 0.9020)
[2018/09/25 19:48:51 __main__ INFO] - -            c10_50k       : 0.0311 (acc: 0.9997)
[2018/09/25 19:48:51 __main__ INFO] - Elapsed 48.09
keys:  dict_keys(['epoch', 'c10h_train_loss', 'c10h_train_acc', 'c10h_val_loss', 'c10h_val_acc', 'c10h_train_c10_loss', 'c10h_train_c10_acc', 'c10h_val_c10_loss', 'c10h_val_c10_acc', 'v4_loss', 'v4_acc', 'v6_loss', 'v6_acc', 'c10_50k_loss', 'c10_50k_acc']) 
 c10h_outdir:  /tigress/ruairidh/model_results/run_1/saves/wrn_28_10/con_False_lr_0.001_seed_1
[2018/09/25 19:48:53 __main__ INFO] - Train 6
[2018/09/25 19:49:13 __main__ INFO] - TEST 6
[2018/09/25 19:50:01 __main__ INFO] - - epoch 6    c10h_train    : 0.2413 (acc: 0.9782) | c10h_val    : 0.3007 (acc: 0.9530)
[2018/09/25 19:50:01 __main__ INFO] - -            c10h_train_c10: 0.0826 (acc: 0.9790) | c10h_val_c10: 0.1367 (acc: 0.9540)
[2018/09/25 19:50:01 __main__ INFO] - -            v4            : 0.3250 (acc: 0.8941) |           v6: 0.3028 (acc: 0.8990)
[2018/09/25 19:50:01 __main__ INFO] - -            c10_50k       : 0.0314 (acc: 0.9995)
[2018/09/25 19:50:01 __main__ INFO] - Elapsed 48.06
keys:  dict_keys(['epoch', 'c10h_train_loss', 'c10h_train_acc', 'c10h_val_loss', 'c10h_val_acc', 'c10h_train_c10_loss', 'c10h_train_c10_acc', 'c10h_val_c10_loss', 'c10h_val_c10_acc', 'v4_loss', 'v4_acc', 'v6_loss', 'v6_acc', 'c10_50k_loss', 'c10_50k_acc']) 
 c10h_outdir:  /tigress/ruairidh/model_results/run_1/saves/wrn_28_10/con_False_lr_0.001_seed_1
[2018/09/25 19:50:02 __main__ INFO] - Train 7
[2018/09/25 19:50:21 __main__ INFO] - TEST 7
[2018/09/25 19:51:09 __main__ INFO] - - epoch 7    c10h_train    : 0.2363 (acc: 0.9808) | c10h_val    : 0.3050 (acc: 0.9510)
[2018/09/25 19:51:09 __main__ INFO] - -            c10h_train_c10: 0.0817 (acc: 0.9802) | c10h_val_c10: 0.1430 (acc: 0.9530)
[2018/09/25 19:51:09 __main__ INFO] - -            v4            : 0.3242 (acc: 0.8976) |           v6: 0.2993 (acc: 0.9000)
[2018/09/25 19:51:09 __main__ INFO] - -            c10_50k       : 0.0324 (acc: 0.9998)
[2018/09/25 19:51:09 __main__ INFO] - Elapsed 47.85
keys:  dict_keys(['epoch', 'c10h_train_loss', 'c10h_train_acc', 'c10h_val_loss', 'c10h_val_acc', 'c10h_train_c10_loss', 'c10h_train_c10_acc', 'c10h_val_c10_loss', 'c10h_val_c10_acc', 'v4_loss', 'v4_acc', 'v6_loss', 'v6_acc', 'c10_50k_loss', 'c10_50k_acc']) 
 c10h_outdir:  /tigress/ruairidh/model_results/run_1/saves/wrn_28_10/con_False_lr_0.001_seed_1
[2018/09/25 19:51:11 __main__ INFO] - Train 8
[2018/09/25 19:51:31 __main__ INFO] - TEST 8
[2018/09/25 19:52:19 __main__ INFO] - - epoch 8    c10h_train    : 0.2325 (acc: 0.9821) | c10h_val    : 0.3053 (acc: 0.9550)
[2018/09/25 19:52:19 __main__ INFO] - -            c10h_train_c10: 0.0757 (acc: 0.9823) | c10h_val_c10: 0.1408 (acc: 0.9560)
[2018/09/25 19:52:19 __main__ INFO] - -            v4            : 0.3301 (acc: 0.9005) |           v6: 0.3013 (acc: 0.9015)
[2018/09/25 19:52:19 __main__ INFO] - -            c10_50k       : 0.0313 (acc: 0.9997)
[2018/09/25 19:52:19 __main__ INFO] - Elapsed 48.20
keys:  dict_keys(['epoch', 'c10h_train_loss', 'c10h_train_acc', 'c10h_val_loss', 'c10h_val_acc', 'c10h_train_c10_loss', 'c10h_train_c10_acc', 'c10h_val_c10_loss', 'c10h_val_c10_acc', 'v4_loss', 'v4_acc', 'v6_loss', 'v6_acc', 'c10_50k_loss', 'c10_50k_acc']) 
 c10h_outdir:  /tigress/ruairidh/model_results/run_1/saves/wrn_28_10/con_False_lr_0.001_seed_1
[2018/09/25 19:52:19 __main__ INFO] - Train 9
[2018/09/25 19:52:39 __main__ INFO] - TEST 9
[2018/09/25 19:53:27 __main__ INFO] - - epoch 9    c10h_train    : 0.2294 (acc: 0.9849) | c10h_val    : 0.3074 (acc: 0.9500)
[2018/09/25 19:53:27 __main__ INFO] - -            c10h_train_c10: 0.0749 (acc: 0.9819) | c10h_val_c10: 0.1447 (acc: 0.9510)
[2018/09/25 19:53:27 __main__ INFO] - -            v4            : 0.3270 (acc: 0.8966) |           v6: 0.3028 (acc: 0.9015)
[2018/09/25 19:53:27 __main__ INFO] - -            c10_50k       : 0.0311 (acc: 0.9997)
[2018/09/25 19:53:27 __main__ INFO] - Elapsed 48.12
keys:  dict_keys(['epoch', 'c10h_train_loss', 'c10h_train_acc', 'c10h_val_loss', 'c10h_val_acc', 'c10h_train_c10_loss', 'c10h_train_c10_acc', 'c10h_val_c10_loss', 'c10h_val_c10_acc', 'v4_loss', 'v4_acc', 'v6_loss', 'v6_acc', 'c10_50k_loss', 'c10_50k_acc']) 
 c10h_outdir:  /tigress/ruairidh/model_results/run_1/saves/wrn_28_10/con_False_lr_0.001_seed_1
[2018/09/25 19:53:28 __main__ INFO] - Train 10
[2018/09/25 19:53:47 __main__ INFO] - TEST 10
[2018/09/25 19:54:35 __main__ INFO] - - epoch 10    c10h_train    : 0.2263 (acc: 0.9862) | c10h_val    : 0.3060 (acc: 0.9540)
[2018/09/25 19:54:36 __main__ INFO] - -            c10h_train_c10: 0.0698 (acc: 0.9854) | c10h_val_c10: 0.1438 (acc: 0.9560)
[2018/09/25 19:54:36 __main__ INFO] - -            v4            : 0.3287 (acc: 0.8951) |           v6: 0.3009 (acc: 0.9000)
[2018/09/25 19:54:36 __main__ INFO] - -            c10_50k       : 0.0314 (acc: 0.9998)
[2018/09/25 19:54:36 __main__ INFO] - Elapsed 48.12
keys:  dict_keys(['epoch', 'c10h_train_loss', 'c10h_train_acc', 'c10h_val_loss', 'c10h_val_acc', 'c10h_train_c10_loss', 'c10h_train_c10_acc', 'c10h_val_c10_loss', 'c10h_val_c10_acc', 'v4_loss', 'v4_acc', 'v6_loss', 'v6_acc', 'c10_50k_loss', 'c10_50k_acc']) 
 c10h_outdir:  /tigress/ruairidh/model_results/run_1/saves/wrn_28_10/con_False_lr_0.001_seed_1
[2018/09/25 19:54:38 __main__ INFO] - Train 11
[2018/09/25 19:54:57 __main__ INFO] - TEST 11
[2018/09/25 19:55:45 __main__ INFO] - - epoch 11    c10h_train    : 0.2244 (acc: 0.9857) | c10h_val    : 0.3048 (acc: 0.9540)
[2018/09/25 19:55:46 __main__ INFO] - -            c10h_train_c10: 0.0688 (acc: 0.9842) | c10h_val_c10: 0.1432 (acc: 0.9550)
[2018/09/25 19:55:46 __main__ INFO] - -            v4            : 0.3241 (acc: 0.8946) |           v6: 0.3020 (acc: 0.8990)
[2018/09/25 19:55:46 __main__ INFO] - -            c10_50k       : 0.0317 (acc: 0.9996)
[2018/09/25 19:55:46 __main__ INFO] - Elapsed 48.09
keys:  dict_keys(['epoch', 'c10h_train_loss', 'c10h_train_acc', 'c10h_val_loss', 'c10h_val_acc', 'c10h_train_c10_loss', 'c10h_train_c10_acc', 'c10h_val_c10_loss', 'c10h_val_c10_acc', 'v4_loss', 'v4_acc', 'v6_loss', 'v6_acc', 'c10_50k_loss', 'c10_50k_acc']) 
 c10h_outdir:  /tigress/ruairidh/model_results/run_1/saves/wrn_28_10/con_False_lr_0.001_seed_1
[2018/09/25 19:55:48 __main__ INFO] - Train 12
[2018/09/25 19:56:07 __main__ INFO] - TEST 12
[2018/09/25 19:56:55 __main__ INFO] - - epoch 12    c10h_train    : 0.2235 (acc: 0.9867) | c10h_val    : 0.3036 (acc: 0.9520)
[2018/09/25 19:56:55 __main__ INFO] - -            c10h_train_c10: 0.0674 (acc: 0.9850) | c10h_val_c10: 0.1409 (acc: 0.9530)
[2018/09/25 19:56:55 __main__ INFO] - -            v4            : 0.3371 (acc: 0.8911) |           v6: 0.2984 (acc: 0.8995)
[2018/09/25 19:56:55 __main__ INFO] - -            c10_50k       : 0.0303 (acc: 0.9996)
[2018/09/25 19:56:55 __main__ INFO] - Elapsed 47.79
keys:  dict_keys(['epoch', 'c10h_train_loss', 'c10h_train_acc', 'c10h_val_loss', 'c10h_val_acc', 'c10h_train_c10_loss', 'c10h_train_c10_acc', 'c10h_val_c10_loss', 'c10h_val_c10_acc', 'v4_loss', 'v4_acc', 'v6_loss', 'v6_acc', 'c10_50k_loss', 'c10_50k_acc']) 
 c10h_outdir:  /tigress/ruairidh/model_results/run_1/saves/wrn_28_10/con_False_lr_0.001_seed_1
[2018/09/25 19:56:59 __main__ INFO] - Train 13
[2018/09/25 19:57:19 __main__ INFO] - TEST 13
[2018/09/25 19:58:07 __main__ INFO] - - epoch 13    c10h_train    : 0.2210 (acc: 0.9863) | c10h_val    : 0.3023 (acc: 0.9530)
[2018/09/25 19:58:07 __main__ INFO] - -            c10h_train_c10: 0.0685 (acc: 0.9844) | c10h_val_c10: 0.1414 (acc: 0.9540)
[2018/09/25 19:58:07 __main__ INFO] - -            v4            : 0.3478 (acc: 0.8877) |           v6: 0.2941 (acc: 0.9035)
[2018/09/25 19:58:07 __main__ INFO] - -            c10_50k       : 0.0317 (acc: 0.9997)
[2018/09/25 19:58:07 __main__ INFO] - Elapsed 48.08
keys:  dict_keys(['epoch', 'c10h_train_loss', 'c10h_train_acc', 'c10h_val_loss', 'c10h_val_acc', 'c10h_train_c10_loss', 'c10h_train_c10_acc', 'c10h_val_c10_loss', 'c10h_val_c10_acc', 'v4_loss', 'v4_acc', 'v6_loss', 'v6_acc', 'c10_50k_loss', 'c10_50k_acc']) 
 c10h_outdir:  /tigress/ruairidh/model_results/run_1/saves/wrn_28_10/con_False_lr_0.001_seed_1
[2018/09/25 19:58:09 __main__ INFO] - Train 14
[2018/09/25 19:58:28 __main__ INFO] - TEST 14
[2018/09/25 19:59:16 __main__ INFO] - - epoch 14    c10h_train    : 0.2196 (acc: 0.9867) | c10h_val    : 0.3036 (acc: 0.9540)
[2018/09/25 19:59:16 __main__ INFO] - -            c10h_train_c10: 0.0688 (acc: 0.9849) | c10h_val_c10: 0.1445 (acc: 0.9550)
[2018/09/25 19:59:16 __main__ INFO] - -            v4            : 0.3319 (acc: 0.8926) |           v6: 0.2997 (acc: 0.9025)
[2018/09/25 19:59:16 __main__ INFO] - -            c10_50k       : 0.0334 (acc: 0.9995)
[2018/09/25 19:59:16 __main__ INFO] - Elapsed 48.06
keys:  dict_keys(['epoch', 'c10h_train_loss', 'c10h_train_acc', 'c10h_val_loss', 'c10h_val_acc', 'c10h_train_c10_loss', 'c10h_train_c10_acc', 'c10h_val_c10_loss', 'c10h_val_c10_acc', 'v4_loss', 'v4_acc', 'v6_loss', 'v6_acc', 'c10_50k_loss', 'c10_50k_acc']) 
 c10h_outdir:  /tigress/ruairidh/model_results/run_1/saves/wrn_28_10/con_False_lr_0.001_seed_1
[2018/09/25 19:59:18 __main__ INFO] - Train 15
[2018/09/25 19:59:37 __main__ INFO] - TEST 15
[2018/09/25 20:00:26 __main__ INFO] - - epoch 15    c10h_train    : 0.2184 (acc: 0.9858) | c10h_val    : 0.3002 (acc: 0.9550)
[2018/09/25 20:00:26 __main__ INFO] - -            c10h_train_c10: 0.0664 (acc: 0.9838) | c10h_val_c10: 0.1409 (acc: 0.9560)
[2018/09/25 20:00:26 __main__ INFO] - -            v4            : 0.3261 (acc: 0.8966) |           v6: 0.2932 (acc: 0.9045)
[2018/09/25 20:00:26 __main__ INFO] - -            c10_50k       : 0.0326 (acc: 0.9994)
[2018/09/25 20:00:26 __main__ INFO] - Elapsed 48.15
keys:  dict_keys(['epoch', 'c10h_train_loss', 'c10h_train_acc', 'c10h_val_loss', 'c10h_val_acc', 'c10h_train_c10_loss', 'c10h_train_c10_acc', 'c10h_val_c10_loss', 'c10h_val_c10_acc', 'v4_loss', 'v4_acc', 'v6_loss', 'v6_acc', 'c10_50k_loss', 'c10_50k_acc']) 
 c10h_outdir:  /tigress/ruairidh/model_results/run_1/saves/wrn_28_10/con_False_lr_0.001_seed_1
[2018/09/25 20:00:28 __main__ INFO] - Train 16
[2018/09/25 20:00:47 __main__ INFO] - TEST 16
[2018/09/25 20:01:35 __main__ INFO] - - epoch 16    c10h_train    : 0.2177 (acc: 0.9870) | c10h_val    : 0.3017 (acc: 0.9550)
[2018/09/25 20:01:35 __main__ INFO] - -            c10h_train_c10: 0.0634 (acc: 0.9854) | c10h_val_c10: 0.1399 (acc: 0.9560)
[2018/09/25 20:01:35 __main__ INFO] - -            v4            : 0.3383 (acc: 0.8911) |           v6: 0.2993 (acc: 0.9015)
[2018/09/25 20:01:35 __main__ INFO] - -            c10_50k       : 0.0315 (acc: 0.9994)
[2018/09/25 20:01:35 __main__ INFO] - Elapsed 47.90
keys:  dict_keys(['epoch', 'c10h_train_loss', 'c10h_train_acc', 'c10h_val_loss', 'c10h_val_acc', 'c10h_train_c10_loss', 'c10h_train_c10_acc', 'c10h_val_c10_loss', 'c10h_val_c10_acc', 'v4_loss', 'v4_acc', 'v6_loss', 'v6_acc', 'c10_50k_loss', 'c10_50k_acc']) 
 c10h_outdir:  /tigress/ruairidh/model_results/run_1/saves/wrn_28_10/con_False_lr_0.001_seed_1
[2018/09/25 20:01:38 __main__ INFO] - Train 17
[2018/09/25 20:01:57 __main__ INFO] - TEST 17
[2018/09/25 20:02:45 __main__ INFO] - - epoch 17    c10h_train    : 0.2162 (acc: 0.9874) | c10h_val    : 0.2999 (acc: 0.9560)
[2018/09/25 20:02:45 __main__ INFO] - -            c10h_train_c10: 0.0666 (acc: 0.9850) | c10h_val_c10: 0.1409 (acc: 0.9570)
[2018/09/25 20:02:45 __main__ INFO] - -            v4            : 0.3191 (acc: 0.8941) |           v6: 0.2917 (acc: 0.9030)
[2018/09/25 20:02:45 __main__ INFO] - -            c10_50k       : 0.0327 (acc: 0.9993)
[2018/09/25 20:02:45 __main__ INFO] - Elapsed 47.92
keys:  dict_keys(['epoch', 'c10h_train_loss', 'c10h_train_acc', 'c10h_val_loss', 'c10h_val_acc', 'c10h_train_c10_loss', 'c10h_train_c10_acc', 'c10h_val_c10_loss', 'c10h_val_c10_acc', 'v4_loss', 'v4_acc', 'v6_loss', 'v6_acc', 'c10_50k_loss', 'c10_50k_acc']) 
 c10h_outdir:  /tigress/ruairidh/model_results/run_1/saves/wrn_28_10/con_False_lr_0.001_seed_1
[2018/09/25 20:02:47 __main__ INFO] - Train 18
[2018/09/25 20:03:06 __main__ INFO] - TEST 18
[2018/09/25 20:03:54 __main__ INFO] - - epoch 18    c10h_train    : 0.2152 (acc: 0.9881) | c10h_val    : 0.3075 (acc: 0.9510)
[2018/09/25 20:03:55 __main__ INFO] - -            c10h_train_c10: 0.0631 (acc: 0.9863) | c10h_val_c10: 0.1485 (acc: 0.9520)
[2018/09/25 20:03:55 __main__ INFO] - -            v4            : 0.3184 (acc: 0.8966) |           v6: 0.2940 (acc: 0.9070)
[2018/09/25 20:03:55 __main__ INFO] - -            c10_50k       : 0.0330 (acc: 0.9993)
[2018/09/25 20:03:55 __main__ INFO] - Elapsed 48.00
keys:  dict_keys(['epoch', 'c10h_train_loss', 'c10h_train_acc', 'c10h_val_loss', 'c10h_val_acc', 'c10h_train_c10_loss', 'c10h_train_c10_acc', 'c10h_val_c10_loss', 'c10h_val_c10_acc', 'v4_loss', 'v4_acc', 'v6_loss', 'v6_acc', 'c10_50k_loss', 'c10_50k_acc']) 
 c10h_outdir:  /tigress/ruairidh/model_results/run_1/saves/wrn_28_10/con_False_lr_0.001_seed_1
[2018/09/25 20:03:57 __main__ INFO] - Train 19
[2018/09/25 20:04:17 __main__ INFO] - TEST 19
[2018/09/25 20:05:05 __main__ INFO] - - epoch 19    c10h_train    : 0.2133 (acc: 0.9881) | c10h_val    : 0.3054 (acc: 0.9540)
[2018/09/25 20:05:05 __main__ INFO] - -            c10h_train_c10: 0.0628 (acc: 0.9850) | c10h_val_c10: 0.1459 (acc: 0.9550)
[2018/09/25 20:05:05 __main__ INFO] - -            v4            : 0.3288 (acc: 0.8946) |           v6: 0.2960 (acc: 0.9020)
[2018/09/25 20:05:05 __main__ INFO] - -            c10_50k       : 0.0319 (acc: 0.9994)
[2018/09/25 20:05:05 __main__ INFO] - Elapsed 47.96
keys:  dict_keys(['epoch', 'c10h_train_loss', 'c10h_train_acc', 'c10h_val_loss', 'c10h_val_acc', 'c10h_train_c10_loss', 'c10h_train_c10_acc', 'c10h_val_c10_loss', 'c10h_val_c10_acc', 'v4_loss', 'v4_acc', 'v6_loss', 'v6_acc', 'c10_50k_loss', 'c10_50k_acc']) 
 c10h_outdir:  /tigress/ruairidh/model_results/run_1/saves/wrn_28_10/con_False_lr_0.001_seed_1
[2018/09/25 20:05:05 __main__ INFO] - Train 20
[2018/09/25 20:05:25 __main__ INFO] - TEST 20
[2018/09/25 20:06:13 __main__ INFO] - - epoch 20    c10h_train    : 0.2128 (acc: 0.9879) | c10h_val    : 0.3018 (acc: 0.9540)
[2018/09/25 20:06:13 __main__ INFO] - -            c10h_train_c10: 0.0649 (acc: 0.9846) | c10h_val_c10: 0.1454 (acc: 0.9550)
[2018/09/25 20:06:13 __main__ INFO] - -            v4            : 0.3276 (acc: 0.8921) |           v6: 0.2952 (acc: 0.9050)
[2018/09/25 20:06:13 __main__ INFO] - -            c10_50k       : 0.0335 (acc: 0.9992)
[2018/09/25 20:06:13 __main__ INFO] - Elapsed 48.18
keys:  dict_keys(['epoch', 'c10h_train_loss', 'c10h_train_acc', 'c10h_val_loss', 'c10h_val_acc', 'c10h_train_c10_loss', 'c10h_train_c10_acc', 'c10h_val_c10_loss', 'c10h_val_c10_acc', 'v4_loss', 'v4_acc', 'v6_loss', 'v6_acc', 'c10_50k_loss', 'c10_50k_acc']) 
 c10h_outdir:  /tigress/ruairidh/model_results/run_1/saves/wrn_28_10/con_False_lr_0.001_seed_1
[2018/09/25 20:06:13 __main__ INFO] - Train 21
[2018/09/25 20:06:33 __main__ INFO] - TEST 21
[2018/09/25 20:07:21 __main__ INFO] - - epoch 21    c10h_train    : 0.2122 (acc: 0.9886) | c10h_val    : 0.3042 (acc: 0.9560)
[2018/09/25 20:07:21 __main__ INFO] - -            c10h_train_c10: 0.0625 (acc: 0.9868) | c10h_val_c10: 0.1448 (acc: 0.9570)
[2018/09/25 20:07:21 __main__ INFO] - -            v4            : 0.3417 (acc: 0.8882) |           v6: 0.2993 (acc: 0.9040)
[2018/09/25 20:07:21 __main__ INFO] - -            c10_50k       : 0.0323 (acc: 0.9995)
[2018/09/25 20:07:21 __main__ INFO] - Elapsed 47.97
keys:  dict_keys(['epoch', 'c10h_train_loss', 'c10h_train_acc', 'c10h_val_loss', 'c10h_val_acc', 'c10h_train_c10_loss', 'c10h_train_c10_acc', 'c10h_val_c10_loss', 'c10h_val_c10_acc', 'v4_loss', 'v4_acc', 'v6_loss', 'v6_acc', 'c10_50k_loss', 'c10_50k_acc']) 
 c10h_outdir:  /tigress/ruairidh/model_results/run_1/saves/wrn_28_10/con_False_lr_0.001_seed_1
[2018/09/25 20:07:23 __main__ INFO] - Train 22
[2018/09/25 20:07:42 __main__ INFO] - TEST 22
[2018/09/25 20:08:30 __main__ INFO] - - epoch 22    c10h_train    : 0.2125 (acc: 0.9881) | c10h_val    : 0.3058 (acc: 0.9500)
[2018/09/25 20:08:30 __main__ INFO] - -            c10h_train_c10: 0.0639 (acc: 0.9857) | c10h_val_c10: 0.1492 (acc: 0.9510)
[2018/09/25 20:08:30 __main__ INFO] - -            v4            : 0.3315 (acc: 0.8981) |           v6: 0.2949 (acc: 0.9040)
[2018/09/25 20:08:30 __main__ INFO] - -            c10_50k       : 0.0335 (acc: 0.9993)
[2018/09/25 20:08:30 __main__ INFO] - Elapsed 48.03
keys:  dict_keys(['epoch', 'c10h_train_loss', 'c10h_train_acc', 'c10h_val_loss', 'c10h_val_acc', 'c10h_train_c10_loss', 'c10h_train_c10_acc', 'c10h_val_c10_loss', 'c10h_val_c10_acc', 'v4_loss', 'v4_acc', 'v6_loss', 'v6_acc', 'c10_50k_loss', 'c10_50k_acc']) 
 c10h_outdir:  /tigress/ruairidh/model_results/run_1/saves/wrn_28_10/con_False_lr_0.001_seed_1
[2018/09/25 20:08:32 __main__ INFO] - Train 23
[2018/09/25 20:08:52 __main__ INFO] - TEST 23
[2018/09/25 20:09:40 __main__ INFO] - - epoch 23    c10h_train    : 0.2110 (acc: 0.9889) | c10h_val    : 0.3037 (acc: 0.9530)
[2018/09/25 20:09:40 __main__ INFO] - -            c10h_train_c10: 0.0617 (acc: 0.9867) | c10h_val_c10: 0.1461 (acc: 0.9540)
[2018/09/25 20:09:40 __main__ INFO] - -            v4            : 0.3357 (acc: 0.8897) |           v6: 0.3042 (acc: 0.8980)
[2018/09/25 20:09:40 __main__ INFO] - -            c10_50k       : 0.0335 (acc: 0.9993)
[2018/09/25 20:09:40 __main__ INFO] - Elapsed 48.03
keys:  dict_keys(['epoch', 'c10h_train_loss', 'c10h_train_acc', 'c10h_val_loss', 'c10h_val_acc', 'c10h_train_c10_loss', 'c10h_train_c10_acc', 'c10h_val_c10_loss', 'c10h_val_c10_acc', 'v4_loss', 'v4_acc', 'v6_loss', 'v6_acc', 'c10_50k_loss', 'c10_50k_acc']) 
 c10h_outdir:  /tigress/ruairidh/model_results/run_1/saves/wrn_28_10/con_False_lr_0.001_seed_1
[2018/09/25 20:09:41 __main__ INFO] - Train 24
[2018/09/25 20:10:00 __main__ INFO] - TEST 24
[2018/09/25 20:10:48 __main__ INFO] - - epoch 24    c10h_train    : 0.2100 (acc: 0.9893) | c10h_val    : 0.3063 (acc: 0.9520)
[2018/09/25 20:10:48 __main__ INFO] - -            c10h_train_c10: 0.0615 (acc: 0.9866) | c10h_val_c10: 0.1501 (acc: 0.9530)
[2018/09/25 20:10:48 __main__ INFO] - -            v4            : 0.3286 (acc: 0.8926) |           v6: 0.2971 (acc: 0.9015)
[2018/09/25 20:10:48 __main__ INFO] - -            c10_50k       : 0.0339 (acc: 0.9993)
[2018/09/25 20:10:48 __main__ INFO] - Elapsed 47.82
keys:  dict_keys(['epoch', 'c10h_train_loss', 'c10h_train_acc', 'c10h_val_loss', 'c10h_val_acc', 'c10h_train_c10_loss', 'c10h_train_c10_acc', 'c10h_val_c10_loss', 'c10h_val_c10_acc', 'v4_loss', 'v4_acc', 'v6_loss', 'v6_acc', 'c10_50k_loss', 'c10_50k_acc']) 
 c10h_outdir:  /tigress/ruairidh/model_results/run_1/saves/wrn_28_10/con_False_lr_0.001_seed_1
[2018/09/25 20:10:51 __main__ INFO] - Train 25
[2018/09/25 20:11:10 __main__ INFO] - TEST 25
[2018/09/25 20:11:58 __main__ INFO] - - epoch 25    c10h_train    : 0.2098 (acc: 0.9877) | c10h_val    : 0.3009 (acc: 0.9560)
[2018/09/25 20:11:58 __main__ INFO] - -            c10h_train_c10: 0.0634 (acc: 0.9858) | c10h_val_c10: 0.1447 (acc: 0.9570)
[2018/09/25 20:11:58 __main__ INFO] - -            v4            : 0.3333 (acc: 0.8897) |           v6: 0.2928 (acc: 0.9025)
[2018/09/25 20:11:58 __main__ INFO] - -            c10_50k       : 0.0338 (acc: 0.9993)
[2018/09/25 20:11:58 __main__ INFO] - Elapsed 47.94
keys:  dict_keys(['epoch', 'c10h_train_loss', 'c10h_train_acc', 'c10h_val_loss', 'c10h_val_acc', 'c10h_train_c10_loss', 'c10h_train_c10_acc', 'c10h_val_c10_loss', 'c10h_val_c10_acc', 'v4_loss', 'v4_acc', 'v6_loss', 'v6_acc', 'c10_50k_loss', 'c10_50k_acc']) 
 c10h_outdir:  /tigress/ruairidh/model_results/run_1/saves/wrn_28_10/con_False_lr_0.001_seed_1
[2018/09/25 20:12:00 __main__ INFO] - Train 26
[2018/09/25 20:12:20 __main__ INFO] - TEST 26
[2018/09/25 20:13:08 __main__ INFO] - - epoch 26    c10h_train    : 0.2086 (acc: 0.9880) | c10h_val    : 0.3036 (acc: 0.9530)
[2018/09/25 20:13:08 __main__ INFO] - -            c10h_train_c10: 0.0634 (acc: 0.9848) | c10h_val_c10: 0.1486 (acc: 0.9540)
[2018/09/25 20:13:08 __main__ INFO] - -            v4            : 0.3124 (acc: 0.8986) |           v6: 0.3015 (acc: 0.9010)
[2018/09/25 20:13:08 __main__ INFO] - -            c10_50k       : 0.0338 (acc: 0.9992)
[2018/09/25 20:13:08 __main__ INFO] - Elapsed 47.94
keys:  dict_keys(['epoch', 'c10h_train_loss', 'c10h_train_acc', 'c10h_val_loss', 'c10h_val_acc', 'c10h_train_c10_loss', 'c10h_train_c10_acc', 'c10h_val_c10_loss', 'c10h_val_c10_acc', 'v4_loss', 'v4_acc', 'v6_loss', 'v6_acc', 'c10_50k_loss', 'c10_50k_acc']) 
 c10h_outdir:  /tigress/ruairidh/model_results/run_1/saves/wrn_28_10/con_False_lr_0.001_seed_1
[2018/09/25 20:13:08 __main__ INFO] - Train 27
[2018/09/25 20:13:28 __main__ INFO] - TEST 27
[2018/09/25 20:14:15 __main__ INFO] - - epoch 27    c10h_train    : 0.2087 (acc: 0.9888) | c10h_val    : 0.3011 (acc: 0.9550)
[2018/09/25 20:14:16 __main__ INFO] - -            c10h_train_c10: 0.0622 (acc: 0.9856) | c10h_val_c10: 0.1466 (acc: 0.9560)
[2018/09/25 20:14:16 __main__ INFO] - -            v4            : 0.3350 (acc: 0.8926) |           v6: 0.3015 (acc: 0.9035)
[2018/09/25 20:14:16 __main__ INFO] - -            c10_50k       : 0.0336 (acc: 0.9990)
[2018/09/25 20:14:16 __main__ INFO] - Elapsed 47.87
keys:  dict_keys(['epoch', 'c10h_train_loss', 'c10h_train_acc', 'c10h_val_loss', 'c10h_val_acc', 'c10h_train_c10_loss', 'c10h_train_c10_acc', 'c10h_val_c10_loss', 'c10h_val_c10_acc', 'v4_loss', 'v4_acc', 'v6_loss', 'v6_acc', 'c10_50k_loss', 'c10_50k_acc']) 
 c10h_outdir:  /tigress/ruairidh/model_results/run_1/saves/wrn_28_10/con_False_lr_0.001_seed_1
[2018/09/25 20:14:16 __main__ INFO] - Train 28
[2018/09/25 20:14:35 __main__ INFO] - TEST 28
[2018/09/25 20:15:24 __main__ INFO] - - epoch 28    c10h_train    : 0.2083 (acc: 0.9893) | c10h_val    : 0.3024 (acc: 0.9520)
[2018/09/25 20:15:24 __main__ INFO] - -            c10h_train_c10: 0.0596 (acc: 0.9871) | c10h_val_c10: 0.1454 (acc: 0.9530)
[2018/09/25 20:15:24 __main__ INFO] - -            v4            : 0.3279 (acc: 0.8916) |           v6: 0.2995 (acc: 0.9025)
[2018/09/25 20:15:24 __main__ INFO] - -            c10_50k       : 0.0322 (acc: 0.9993)
[2018/09/25 20:15:24 __main__ INFO] - Elapsed 48.15
keys:  dict_keys(['epoch', 'c10h_train_loss', 'c10h_train_acc', 'c10h_val_loss', 'c10h_val_acc', 'c10h_train_c10_loss', 'c10h_train_c10_acc', 'c10h_val_c10_loss', 'c10h_val_c10_acc', 'v4_loss', 'v4_acc', 'v6_loss', 'v6_acc', 'c10_50k_loss', 'c10_50k_acc']) 
 c10h_outdir:  /tigress/ruairidh/model_results/run_1/saves/wrn_28_10/con_False_lr_0.001_seed_1
[2018/09/25 20:15:26 __main__ INFO] - Train 29
[2018/09/25 20:15:45 __main__ INFO] - TEST 29
[2018/09/25 20:16:33 __main__ INFO] - - epoch 29    c10h_train    : 0.2071 (acc: 0.9890) | c10h_val    : 0.3056 (acc: 0.9520)
[2018/09/25 20:16:34 __main__ INFO] - -            c10h_train_c10: 0.0606 (acc: 0.9872) | c10h_val_c10: 0.1509 (acc: 0.9530)
[2018/09/25 20:16:34 __main__ INFO] - -            v4            : 0.3279 (acc: 0.8921) |           v6: 0.3003 (acc: 0.9045)
[2018/09/25 20:16:34 __main__ INFO] - -            c10_50k       : 0.0339 (acc: 0.9991)
[2018/09/25 20:16:34 __main__ INFO] - Elapsed 48.27
keys:  dict_keys(['epoch', 'c10h_train_loss', 'c10h_train_acc', 'c10h_val_loss', 'c10h_val_acc', 'c10h_train_c10_loss', 'c10h_train_c10_acc', 'c10h_val_c10_loss', 'c10h_val_c10_acc', 'v4_loss', 'v4_acc', 'v6_loss', 'v6_acc', 'c10_50k_loss', 'c10_50k_acc']) 
 c10h_outdir:  /tigress/ruairidh/model_results/run_1/saves/wrn_28_10/con_False_lr_0.001_seed_1
[2018/09/25 20:16:35 __main__ INFO] - Train 30
[2018/09/25 20:16:54 __main__ INFO] - TEST 30
[2018/09/25 20:17:42 __main__ INFO] - - epoch 30    c10h_train    : 0.2066 (acc: 0.9898) | c10h_val    : 0.3026 (acc: 0.9520)
[2018/09/25 20:17:42 __main__ INFO] - -            c10h_train_c10: 0.0599 (acc: 0.9868) | c10h_val_c10: 0.1477 (acc: 0.9530)
[2018/09/25 20:17:42 __main__ INFO] - -            v4            : 0.3427 (acc: 0.8902) |           v6: 0.3044 (acc: 0.9025)
[2018/09/25 20:17:42 __main__ INFO] - -            c10_50k       : 0.0335 (acc: 0.9989)
[2018/09/25 20:17:42 __main__ INFO] - Elapsed 47.86
keys:  dict_keys(['epoch', 'c10h_train_loss', 'c10h_train_acc', 'c10h_val_loss', 'c10h_val_acc', 'c10h_train_c10_loss', 'c10h_train_c10_acc', 'c10h_val_c10_loss', 'c10h_val_c10_acc', 'v4_loss', 'v4_acc', 'v6_loss', 'v6_acc', 'c10_50k_loss', 'c10_50k_acc']) 
 c10h_outdir:  /tigress/ruairidh/model_results/run_1/saves/wrn_28_10/con_False_lr_0.001_seed_1
[2018/09/25 20:17:45 __main__ INFO] - Train 31
[2018/09/25 20:18:05 __main__ INFO] - TEST 31
[2018/09/25 20:18:53 __main__ INFO] - - epoch 31    c10h_train    : 0.2063 (acc: 0.9898) | c10h_val    : 0.3038 (acc: 0.9540)
[2018/09/25 20:18:53 __main__ INFO] - -            c10h_train_c10: 0.0612 (acc: 0.9858) | c10h_val_c10: 0.1494 (acc: 0.9550)
[2018/09/25 20:18:53 __main__ INFO] - -            v4            : 0.3318 (acc: 0.8976) |           v6: 0.3015 (acc: 0.9045)
[2018/09/25 20:18:53 __main__ INFO] - -            c10_50k       : 0.0338 (acc: 0.9992)
[2018/09/25 20:18:53 __main__ INFO] - Elapsed 47.96
keys:  dict_keys(['epoch', 'c10h_train_loss', 'c10h_train_acc', 'c10h_val_loss', 'c10h_val_acc', 'c10h_train_c10_loss', 'c10h_train_c10_acc', 'c10h_val_c10_loss', 'c10h_val_c10_acc', 'v4_loss', 'v4_acc', 'v6_loss', 'v6_acc', 'c10_50k_loss', 'c10_50k_acc']) 
 c10h_outdir:  /tigress/ruairidh/model_results/run_1/saves/wrn_28_10/con_False_lr_0.001_seed_1
[2018/09/25 20:18:54 __main__ INFO] - Train 32
[2018/09/25 20:19:13 __main__ INFO] - TEST 32
[2018/09/25 20:20:01 __main__ INFO] - - epoch 32    c10h_train    : 0.2064 (acc: 0.9877) | c10h_val    : 0.3075 (acc: 0.9480)
[2018/09/25 20:20:01 __main__ INFO] - -            c10h_train_c10: 0.0654 (acc: 0.9842) | c10h_val_c10: 0.1549 (acc: 0.9490)
[2018/09/25 20:20:01 __main__ INFO] - -            v4            : 0.3349 (acc: 0.8956) |           v6: 0.2994 (acc: 0.9075)
[2018/09/25 20:20:01 __main__ INFO] - -            c10_50k       : 0.0356 (acc: 0.9992)
[2018/09/25 20:20:01 __main__ INFO] - Elapsed 47.92
keys:  dict_keys(['epoch', 'c10h_train_loss', 'c10h_train_acc', 'c10h_val_loss', 'c10h_val_acc', 'c10h_train_c10_loss', 'c10h_train_c10_acc', 'c10h_val_c10_loss', 'c10h_val_c10_acc', 'v4_loss', 'v4_acc', 'v6_loss', 'v6_acc', 'c10_50k_loss', 'c10_50k_acc']) 
 c10h_outdir:  /tigress/ruairidh/model_results/run_1/saves/wrn_28_10/con_False_lr_0.001_seed_1
[2018/09/25 20:20:03 __main__ INFO] - Train 33
[2018/09/25 20:20:22 __main__ INFO] - TEST 33
[2018/09/25 20:21:10 __main__ INFO] - - epoch 33    c10h_train    : 0.2045 (acc: 0.9890) | c10h_val    : 0.3044 (acc: 0.9500)
[2018/09/25 20:21:10 __main__ INFO] - -            c10h_train_c10: 0.0612 (acc: 0.9854) | c10h_val_c10: 0.1512 (acc: 0.9510)
[2018/09/25 20:21:10 __main__ INFO] - -            v4            : 0.3412 (acc: 0.8926) |           v6: 0.3097 (acc: 0.9045)
[2018/09/25 20:21:10 __main__ INFO] - -            c10_50k       : 0.0342 (acc: 0.9992)
[2018/09/25 20:21:10 __main__ INFO] - Elapsed 47.91
keys:  dict_keys(['epoch', 'c10h_train_loss', 'c10h_train_acc', 'c10h_val_loss', 'c10h_val_acc', 'c10h_train_c10_loss', 'c10h_train_c10_acc', 'c10h_val_c10_loss', 'c10h_val_c10_acc', 'v4_loss', 'v4_acc', 'v6_loss', 'v6_acc', 'c10_50k_loss', 'c10_50k_acc']) 
 c10h_outdir:  /tigress/ruairidh/model_results/run_1/saves/wrn_28_10/con_False_lr_0.001_seed_1
[2018/09/25 20:21:13 __main__ INFO] - Train 34
[2018/09/25 20:21:32 __main__ INFO] - TEST 34
[2018/09/25 20:22:20 __main__ INFO] - - epoch 34    c10h_train    : 0.2041 (acc: 0.9892) | c10h_val    : 0.3055 (acc: 0.9510)
[2018/09/25 20:22:20 __main__ INFO] - -            c10h_train_c10: 0.0642 (acc: 0.9853) | c10h_val_c10: 0.1539 (acc: 0.9520)
[2018/09/25 20:22:20 __main__ INFO] - -            v4            : 0.3303 (acc: 0.8946) |           v6: 0.3086 (acc: 0.8985)
[2018/09/25 20:22:20 __main__ INFO] - -            c10_50k       : 0.0358 (acc: 0.9989)
[2018/09/25 20:22:20 __main__ INFO] - Elapsed 48.01
keys:  dict_keys(['epoch', 'c10h_train_loss', 'c10h_train_acc', 'c10h_val_loss', 'c10h_val_acc', 'c10h_train_c10_loss', 'c10h_train_c10_acc', 'c10h_val_c10_loss', 'c10h_val_c10_acc', 'v4_loss', 'v4_acc', 'v6_loss', 'v6_acc', 'c10_50k_loss', 'c10_50k_acc']) 
 c10h_outdir:  /tigress/ruairidh/model_results/run_1/saves/wrn_28_10/con_False_lr_0.001_seed_1
[2018/09/25 20:22:21 __main__ INFO] - Train 35
[2018/09/25 20:22:40 __main__ INFO] - TEST 35
[2018/09/25 20:23:28 __main__ INFO] - - epoch 35    c10h_train    : 0.2046 (acc: 0.9884) | c10h_val    : 0.3024 (acc: 0.9520)
[2018/09/25 20:23:28 __main__ INFO] - -            c10h_train_c10: 0.0608 (acc: 0.9859) | c10h_val_c10: 0.1477 (acc: 0.9530)
[2018/09/25 20:23:28 __main__ INFO] - -            v4            : 0.3313 (acc: 0.8877) |           v6: 0.3032 (acc: 0.9045)
[2018/09/25 20:23:28 __main__ INFO] - -            c10_50k       : 0.0338 (acc: 0.9993)
[2018/09/25 20:23:28 __main__ INFO] - Elapsed 47.76
keys:  dict_keys(['epoch', 'c10h_train_loss', 'c10h_train_acc', 'c10h_val_loss', 'c10h_val_acc', 'c10h_train_c10_loss', 'c10h_train_c10_acc', 'c10h_val_c10_loss', 'c10h_val_c10_acc', 'v4_loss', 'v4_acc', 'v6_loss', 'v6_acc', 'c10_50k_loss', 'c10_50k_acc']) 
 c10h_outdir:  /tigress/ruairidh/model_results/run_1/saves/wrn_28_10/con_False_lr_0.001_seed_1
[2018/09/25 20:23:28 __main__ INFO] - Train 36
[2018/09/25 20:23:48 __main__ INFO] - TEST 36
[2018/09/25 20:24:36 __main__ INFO] - - epoch 36    c10h_train    : 0.2037 (acc: 0.9893) | c10h_val    : 0.3002 (acc: 0.9540)
[2018/09/25 20:24:36 __main__ INFO] - -            c10h_train_c10: 0.0614 (acc: 0.9851) | c10h_val_c10: 0.1466 (acc: 0.9550)
[2018/09/25 20:24:36 __main__ INFO] - -            v4            : 0.3347 (acc: 0.8936) |           v6: 0.3029 (acc: 0.9035)
[2018/09/25 20:24:36 __main__ INFO] - -            c10_50k       : 0.0336 (acc: 0.9992)
[2018/09/25 20:24:36 __main__ INFO] - Elapsed 47.85
keys:  dict_keys(['epoch', 'c10h_train_loss', 'c10h_train_acc', 'c10h_val_loss', 'c10h_val_acc', 'c10h_train_c10_loss', 'c10h_train_c10_acc', 'c10h_val_c10_loss', 'c10h_val_c10_acc', 'v4_loss', 'v4_acc', 'v6_loss', 'v6_acc', 'c10_50k_loss', 'c10_50k_acc']) 
 c10h_outdir:  /tigress/ruairidh/model_results/run_1/saves/wrn_28_10/con_False_lr_0.001_seed_1
[2018/09/25 20:24:37 __main__ INFO] - Train 37
[2018/09/25 20:24:57 __main__ INFO] - TEST 37
[2018/09/25 20:25:45 __main__ INFO] - - epoch 37    c10h_train    : 0.2033 (acc: 0.9889) | c10h_val    : 0.3017 (acc: 0.9520)
[2018/09/25 20:25:45 __main__ INFO] - -            c10h_train_c10: 0.0608 (acc: 0.9858) | c10h_val_c10: 0.1492 (acc: 0.9530)
[2018/09/25 20:25:45 __main__ INFO] - -            v4            : 0.3431 (acc: 0.8902) |           v6: 0.3003 (acc: 0.9040)
[2018/09/25 20:25:45 __main__ INFO] - -            c10_50k       : 0.0338 (acc: 0.9991)
[2018/09/25 20:25:45 __main__ INFO] - Elapsed 47.81
keys:  dict_keys(['epoch', 'c10h_train_loss', 'c10h_train_acc', 'c10h_val_loss', 'c10h_val_acc', 'c10h_train_c10_loss', 'c10h_train_c10_acc', 'c10h_val_c10_loss', 'c10h_val_c10_acc', 'v4_loss', 'v4_acc', 'v6_loss', 'v6_acc', 'c10_50k_loss', 'c10_50k_acc']) 
 c10h_outdir:  /tigress/ruairidh/model_results/run_1/saves/wrn_28_10/con_False_lr_0.001_seed_1
[2018/09/25 20:25:48 __main__ INFO] - Train 38
[2018/09/25 20:26:07 __main__ INFO] - TEST 38
[2018/09/25 20:26:55 __main__ INFO] - - epoch 38    c10h_train    : 0.2038 (acc: 0.9888) | c10h_val    : 0.2997 (acc: 0.9510)
[2018/09/25 20:26:55 __main__ INFO] - -            c10h_train_c10: 0.0623 (acc: 0.9859) | c10h_val_c10: 0.1470 (acc: 0.9520)
[2018/09/25 20:26:55 __main__ INFO] - -            v4            : 0.3335 (acc: 0.8931) |           v6: 0.3034 (acc: 0.9020)
[2018/09/25 20:26:55 __main__ INFO] - -            c10_50k       : 0.0341 (acc: 0.9993)
[2018/09/25 20:26:55 __main__ INFO] - Elapsed 48.11
keys:  dict_keys(['epoch', 'c10h_train_loss', 'c10h_train_acc', 'c10h_val_loss', 'c10h_val_acc', 'c10h_train_c10_loss', 'c10h_train_c10_acc', 'c10h_val_c10_loss', 'c10h_val_c10_acc', 'v4_loss', 'v4_acc', 'v6_loss', 'v6_acc', 'c10_50k_loss', 'c10_50k_acc']) 
 c10h_outdir:  /tigress/ruairidh/model_results/run_1/saves/wrn_28_10/con_False_lr_0.001_seed_1
[2018/09/25 20:26:57 __main__ INFO] - Train 39
[2018/09/25 20:27:16 __main__ INFO] - TEST 39
[2018/09/25 20:28:04 __main__ INFO] - - epoch 39    c10h_train    : 0.2020 (acc: 0.9883) | c10h_val    : 0.3068 (acc: 0.9500)
[2018/09/25 20:28:04 __main__ INFO] - -            c10h_train_c10: 0.0625 (acc: 0.9851) | c10h_val_c10: 0.1559 (acc: 0.9510)
[2018/09/25 20:28:04 __main__ INFO] - -            v4            : 0.3267 (acc: 0.8911) |           v6: 0.3031 (acc: 0.9020)
[2018/09/25 20:28:04 __main__ INFO] - -            c10_50k       : 0.0354 (acc: 0.9993)
[2018/09/25 20:28:04 __main__ INFO] - Elapsed 47.91
keys:  dict_keys(['epoch', 'c10h_train_loss', 'c10h_train_acc', 'c10h_val_loss', 'c10h_val_acc', 'c10h_train_c10_loss', 'c10h_train_c10_acc', 'c10h_val_c10_loss', 'c10h_val_c10_acc', 'v4_loss', 'v4_acc', 'v6_loss', 'v6_acc', 'c10_50k_loss', 'c10_50k_acc']) 
 c10h_outdir:  /tigress/ruairidh/model_results/run_1/saves/wrn_28_10/con_False_lr_0.001_seed_1
[2018/09/25 20:28:06 __main__ INFO] - Train 40
[2018/09/25 20:28:26 __main__ INFO] - TEST 40
[2018/09/25 20:29:14 __main__ INFO] - - epoch 40    c10h_train    : 0.2024 (acc: 0.9896) | c10h_val    : 0.3071 (acc: 0.9500)
[2018/09/25 20:29:14 __main__ INFO] - -            c10h_train_c10: 0.0590 (acc: 0.9869) | c10h_val_c10: 0.1529 (acc: 0.9510)
[2018/09/25 20:29:14 __main__ INFO] - -            v4            : 0.3228 (acc: 0.8966) |           v6: 0.3005 (acc: 0.9030)
[2018/09/25 20:29:14 __main__ INFO] - -            c10_50k       : 0.0336 (acc: 0.9990)
[2018/09/25 20:29:14 __main__ INFO] - Elapsed 47.88
keys:  dict_keys(['epoch', 'c10h_train_loss', 'c10h_train_acc', 'c10h_val_loss', 'c10h_val_acc', 'c10h_train_c10_loss', 'c10h_train_c10_acc', 'c10h_val_c10_loss', 'c10h_val_c10_acc', 'v4_loss', 'v4_acc', 'v6_loss', 'v6_acc', 'c10_50k_loss', 'c10_50k_acc']) 
 c10h_outdir:  /tigress/ruairidh/model_results/run_1/saves/wrn_28_10/con_False_lr_0.001_seed_1
[2018/09/25 20:29:16 __main__ INFO] - Train 41
[2018/09/25 20:29:35 __main__ INFO] - TEST 41
[2018/09/25 20:30:23 __main__ INFO] - - epoch 41    c10h_train    : 0.2014 (acc: 0.9896) | c10h_val    : 0.3024 (acc: 0.9500)
[2018/09/25 20:30:23 __main__ INFO] - -            c10h_train_c10: 0.0595 (acc: 0.9861) | c10h_val_c10: 0.1482 (acc: 0.9510)
[2018/09/25 20:30:23 __main__ INFO] - -            v4            : 0.3333 (acc: 0.8946) |           v6: 0.2975 (acc: 0.9035)
[2018/09/25 20:30:23 __main__ INFO] - -            c10_50k       : 0.0337 (acc: 0.9990)
[2018/09/25 20:30:23 __main__ INFO] - Elapsed 47.90
keys:  dict_keys(['epoch', 'c10h_train_loss', 'c10h_train_acc', 'c10h_val_loss', 'c10h_val_acc', 'c10h_train_c10_loss', 'c10h_train_c10_acc', 'c10h_val_c10_loss', 'c10h_val_c10_acc', 'v4_loss', 'v4_acc', 'v6_loss', 'v6_acc', 'c10_50k_loss', 'c10_50k_acc']) 
 c10h_outdir:  /tigress/ruairidh/model_results/run_1/saves/wrn_28_10/con_False_lr_0.001_seed_1
[2018/09/25 20:30:24 __main__ INFO] - Train 42
[2018/09/25 20:30:44 __main__ INFO] - TEST 42
[2018/09/25 20:31:32 __main__ INFO] - - epoch 42    c10h_train    : 0.2016 (acc: 0.9897) | c10h_val    : 0.3051 (acc: 0.9500)
[2018/09/25 20:31:32 __main__ INFO] - -            c10h_train_c10: 0.0629 (acc: 0.9860) | c10h_val_c10: 0.1530 (acc: 0.9510)
[2018/09/25 20:31:32 __main__ INFO] - -            v4            : 0.3500 (acc: 0.8916) |           v6: 0.3020 (acc: 0.9045)
[2018/09/25 20:31:32 __main__ INFO] - -            c10_50k       : 0.0354 (acc: 0.9990)
[2018/09/25 20:31:32 __main__ INFO] - Elapsed 47.98
keys:  dict_keys(['epoch', 'c10h_train_loss', 'c10h_train_acc', 'c10h_val_loss', 'c10h_val_acc', 'c10h_train_c10_loss', 'c10h_train_c10_acc', 'c10h_val_c10_loss', 'c10h_val_c10_acc', 'v4_loss', 'v4_acc', 'v6_loss', 'v6_acc', 'c10_50k_loss', 'c10_50k_acc']) 
 c10h_outdir:  /tigress/ruairidh/model_results/run_1/saves/wrn_28_10/con_False_lr_0.001_seed_1
[2018/09/25 20:31:32 __main__ INFO] - Train 43
[2018/09/25 20:31:52 __main__ INFO] - TEST 43
[2018/09/25 20:32:40 __main__ INFO] - - epoch 43    c10h_train    : 0.2018 (acc: 0.9893) | c10h_val    : 0.3052 (acc: 0.9530)
[2018/09/25 20:32:40 __main__ INFO] - -            c10h_train_c10: 0.0595 (acc: 0.9862) | c10h_val_c10: 0.1500 (acc: 0.9540)
[2018/09/25 20:32:40 __main__ INFO] - -            v4            : 0.3457 (acc: 0.8847) |           v6: 0.3082 (acc: 0.9035)
[2018/09/25 20:32:40 __main__ INFO] - -            c10_50k       : 0.0333 (acc: 0.9990)
[2018/09/25 20:32:40 __main__ INFO] - Elapsed 48.12
keys:  dict_keys(['epoch', 'c10h_train_loss', 'c10h_train_acc', 'c10h_val_loss', 'c10h_val_acc', 'c10h_train_c10_loss', 'c10h_train_c10_acc', 'c10h_val_c10_loss', 'c10h_val_c10_acc', 'v4_loss', 'v4_acc', 'v6_loss', 'v6_acc', 'c10_50k_loss', 'c10_50k_acc']) 
 c10h_outdir:  /tigress/ruairidh/model_results/run_1/saves/wrn_28_10/con_False_lr_0.001_seed_1
[2018/09/25 20:32:41 __main__ INFO] - Train 44
[2018/09/25 20:33:00 __main__ INFO] - TEST 44
[2018/09/25 20:33:48 __main__ INFO] - - epoch 44    c10h_train    : 0.2004 (acc: 0.9892) | c10h_val    : 0.3039 (acc: 0.9520)
[2018/09/25 20:33:48 __main__ INFO] - -            c10h_train_c10: 0.0612 (acc: 0.9859) | c10h_val_c10: 0.1528 (acc: 0.9530)
[2018/09/25 20:33:48 __main__ INFO] - -            v4            : 0.3344 (acc: 0.8946) |           v6: 0.3085 (acc: 0.9020)
[2018/09/25 20:33:48 __main__ INFO] - -            c10_50k       : 0.0356 (acc: 0.9989)
[2018/09/25 20:33:48 __main__ INFO] - Elapsed 47.94
keys:  dict_keys(['epoch', 'c10h_train_loss', 'c10h_train_acc', 'c10h_val_loss', 'c10h_val_acc', 'c10h_train_c10_loss', 'c10h_train_c10_acc', 'c10h_val_c10_loss', 'c10h_val_c10_acc', 'v4_loss', 'v4_acc', 'v6_loss', 'v6_acc', 'c10_50k_loss', 'c10_50k_acc']) 
 c10h_outdir:  /tigress/ruairidh/model_results/run_1/saves/wrn_28_10/con_False_lr_0.001_seed_1
[2018/09/25 20:33:50 __main__ INFO] - Train 45
[2018/09/25 20:34:10 __main__ INFO] - TEST 45
[2018/09/25 20:34:58 __main__ INFO] - - epoch 45    c10h_train    : 0.2007 (acc: 0.9900) | c10h_val    : 0.3057 (acc: 0.9490)
[2018/09/25 20:34:58 __main__ INFO] - -            c10h_train_c10: 0.0602 (acc: 0.9866) | c10h_val_c10: 0.1522 (acc: 0.9500)
[2018/09/25 20:34:58 __main__ INFO] - -            v4            : 0.3278 (acc: 0.8906) |           v6: 0.3024 (acc: 0.9030)
[2018/09/25 20:34:58 __main__ INFO] - -            c10_50k       : 0.0342 (acc: 0.9991)
[2018/09/25 20:34:58 __main__ INFO] - Elapsed 48.21
keys:  dict_keys(['epoch', 'c10h_train_loss', 'c10h_train_acc', 'c10h_val_loss', 'c10h_val_acc', 'c10h_train_c10_loss', 'c10h_train_c10_acc', 'c10h_val_c10_loss', 'c10h_val_c10_acc', 'v4_loss', 'v4_acc', 'v6_loss', 'v6_acc', 'c10_50k_loss', 'c10_50k_acc']) 
 c10h_outdir:  /tigress/ruairidh/model_results/run_1/saves/wrn_28_10/con_False_lr_0.001_seed_1
[2018/09/25 20:35:01 __main__ INFO] - Train 46
[2018/09/25 20:35:20 __main__ INFO] - TEST 46
[2018/09/25 20:36:08 __main__ INFO] - - epoch 46    c10h_train    : 0.1998 (acc: 0.9896) | c10h_val    : 0.3040 (acc: 0.9520)
[2018/09/25 20:36:08 __main__ INFO] - -            c10h_train_c10: 0.0626 (acc: 0.9863) | c10h_val_c10: 0.1510 (acc: 0.9530)
[2018/09/25 20:36:08 __main__ INFO] - -            v4            : 0.3305 (acc: 0.8936) |           v6: 0.3051 (acc: 0.9035)
[2018/09/25 20:36:08 __main__ INFO] - -            c10_50k       : 0.0355 (acc: 0.9992)
[2018/09/25 20:36:08 __main__ INFO] - Elapsed 48.11
keys:  dict_keys(['epoch', 'c10h_train_loss', 'c10h_train_acc', 'c10h_val_loss', 'c10h_val_acc', 'c10h_train_c10_loss', 'c10h_train_c10_acc', 'c10h_val_c10_loss', 'c10h_val_c10_acc', 'v4_loss', 'v4_acc', 'v6_loss', 'v6_acc', 'c10_50k_loss', 'c10_50k_acc']) 
 c10h_outdir:  /tigress/ruairidh/model_results/run_1/saves/wrn_28_10/con_False_lr_0.001_seed_1
[2018/09/25 20:36:09 __main__ INFO] - Train 47
[2018/09/25 20:36:29 __main__ INFO] - TEST 47
[2018/09/25 20:37:17 __main__ INFO] - - epoch 47    c10h_train    : 0.1991 (acc: 0.9910) | c10h_val    : 0.3015 (acc: 0.9520)
[2018/09/25 20:37:17 __main__ INFO] - -            c10h_train_c10: 0.0592 (acc: 0.9873) | c10h_val_c10: 0.1479 (acc: 0.9530)
[2018/09/25 20:37:17 __main__ INFO] - -            v4            : 0.3382 (acc: 0.8906) |           v6: 0.3046 (acc: 0.9060)
[2018/09/25 20:37:17 __main__ INFO] - -            c10_50k       : 0.0344 (acc: 0.9991)
[2018/09/25 20:37:17 __main__ INFO] - Elapsed 48.09
keys:  dict_keys(['epoch', 'c10h_train_loss', 'c10h_train_acc', 'c10h_val_loss', 'c10h_val_acc', 'c10h_train_c10_loss', 'c10h_train_c10_acc', 'c10h_val_c10_loss', 'c10h_val_c10_acc', 'v4_loss', 'v4_acc', 'v6_loss', 'v6_acc', 'c10_50k_loss', 'c10_50k_acc']) 
 c10h_outdir:  /tigress/ruairidh/model_results/run_1/saves/wrn_28_10/con_False_lr_0.001_seed_1
[2018/09/25 20:37:18 __main__ INFO] - Train 48
[2018/09/25 20:37:38 __main__ INFO] - TEST 48
[2018/09/25 20:38:26 __main__ INFO] - - epoch 48    c10h_train    : 0.2004 (acc: 0.9900) | c10h_val    : 0.3028 (acc: 0.9490)
[2018/09/25 20:38:26 __main__ INFO] - -            c10h_train_c10: 0.0620 (acc: 0.9850) | c10h_val_c10: 0.1494 (acc: 0.9500)
[2018/09/25 20:38:26 __main__ INFO] - -            v4            : 0.3464 (acc: 0.8892) |           v6: 0.3009 (acc: 0.9060)
[2018/09/25 20:38:26 __main__ INFO] - -            c10_50k       : 0.0352 (acc: 0.9989)
[2018/09/25 20:38:26 __main__ INFO] - Elapsed 48.14
keys:  dict_keys(['epoch', 'c10h_train_loss', 'c10h_train_acc', 'c10h_val_loss', 'c10h_val_acc', 'c10h_train_c10_loss', 'c10h_train_c10_acc', 'c10h_val_c10_loss', 'c10h_val_c10_acc', 'v4_loss', 'v4_acc', 'v6_loss', 'v6_acc', 'c10_50k_loss', 'c10_50k_acc']) 
 c10h_outdir:  /tigress/ruairidh/model_results/run_1/saves/wrn_28_10/con_False_lr_0.001_seed_1
[2018/09/25 20:38:28 __main__ INFO] - Train 49
[2018/09/25 20:38:48 __main__ INFO] - TEST 49
[2018/09/25 20:39:36 __main__ INFO] - - epoch 49    c10h_train    : 0.1994 (acc: 0.9884) | c10h_val    : 0.3033 (acc: 0.9510)
[2018/09/25 20:39:36 __main__ INFO] - -            c10h_train_c10: 0.0621 (acc: 0.9842) | c10h_val_c10: 0.1503 (acc: 0.9520)
[2018/09/25 20:39:36 __main__ INFO] - -            v4            : 0.3351 (acc: 0.8916) |           v6: 0.3034 (acc: 0.9060)
[2018/09/25 20:39:36 __main__ INFO] - -            c10_50k       : 0.0343 (acc: 0.9990)
[2018/09/25 20:39:36 __main__ INFO] - Elapsed 48.30
keys:  dict_keys(['epoch', 'c10h_train_loss', 'c10h_train_acc', 'c10h_val_loss', 'c10h_val_acc', 'c10h_train_c10_loss', 'c10h_train_c10_acc', 'c10h_val_c10_loss', 'c10h_val_c10_acc', 'v4_loss', 'v4_acc', 'v6_loss', 'v6_acc', 'c10_50k_loss', 'c10_50k_acc']) 
 c10h_outdir:  /tigress/ruairidh/model_results/run_1/saves/wrn_28_10/con_False_lr_0.001_seed_1
[2018/09/25 20:39:38 __main__ INFO] - Train 50
[2018/09/25 20:39:57 __main__ INFO] - TEST 50
[2018/09/25 20:40:45 __main__ INFO] - - epoch 50    c10h_train    : 0.1988 (acc: 0.9891) | c10h_val    : 0.3044 (acc: 0.9480)
[2018/09/25 20:40:45 __main__ INFO] - -            c10h_train_c10: 0.0599 (acc: 0.9852) | c10h_val_c10: 0.1515 (acc: 0.9490)
[2018/09/25 20:40:45 __main__ INFO] - -            v4            : 0.3283 (acc: 0.8971) |           v6: 0.3053 (acc: 0.9040)
[2018/09/25 20:40:45 __main__ INFO] - -            c10_50k       : 0.0348 (acc: 0.9989)
[2018/09/25 20:40:45 __main__ INFO] - Elapsed 47.81
keys:  dict_keys(['epoch', 'c10h_train_loss', 'c10h_train_acc', 'c10h_val_loss', 'c10h_val_acc', 'c10h_train_c10_loss', 'c10h_train_c10_acc', 'c10h_val_c10_loss', 'c10h_val_c10_acc', 'v4_loss', 'v4_acc', 'v6_loss', 'v6_acc', 'c10_50k_loss', 'c10_50k_acc']) 
 c10h_outdir:  /tigress/ruairidh/model_results/run_1/saves/wrn_28_10/con_False_lr_0.001_seed_1
[2018/09/25 20:40:46 __main__ INFO] - Train 51
[2018/09/25 20:41:06 __main__ INFO] - TEST 51
[2018/09/25 20:41:53 __main__ INFO] - - epoch 51    c10h_train    : 0.1993 (acc: 0.9902) | c10h_val    : 0.3085 (acc: 0.9520)
[2018/09/25 20:41:54 __main__ INFO] - -            c10h_train_c10: 0.0581 (acc: 0.9871) | c10h_val_c10: 0.1551 (acc: 0.9530)
[2018/09/25 20:41:54 __main__ INFO] - -            v4            : 0.3445 (acc: 0.8892) |           v6: 0.3066 (acc: 0.9025)
[2018/09/25 20:41:54 __main__ INFO] - -            c10_50k       : 0.0343 (acc: 0.9986)
[2018/09/25 20:41:54 __main__ INFO] - Elapsed 47.88
keys:  dict_keys(['epoch', 'c10h_train_loss', 'c10h_train_acc', 'c10h_val_loss', 'c10h_val_acc', 'c10h_train_c10_loss', 'c10h_train_c10_acc', 'c10h_val_c10_loss', 'c10h_val_c10_acc', 'v4_loss', 'v4_acc', 'v6_loss', 'v6_acc', 'c10_50k_loss', 'c10_50k_acc']) 
 c10h_outdir:  /tigress/ruairidh/model_results/run_1/saves/wrn_28_10/con_False_lr_0.001_seed_1
[2018/09/25 20:41:56 __main__ INFO] - Train 52
[2018/09/25 20:42:16 __main__ INFO] - TEST 52
[2018/09/25 20:43:04 __main__ INFO] - - epoch 52    c10h_train    : 0.1987 (acc: 0.9907) | c10h_val    : 0.3023 (acc: 0.9500)
[2018/09/25 20:43:04 __main__ INFO] - -            c10h_train_c10: 0.0593 (acc: 0.9866) | c10h_val_c10: 0.1483 (acc: 0.9510)
[2018/09/25 20:43:04 __main__ INFO] - -            v4            : 0.3373 (acc: 0.8862) |           v6: 0.3053 (acc: 0.9010)
[2018/09/25 20:43:04 __main__ INFO] - -            c10_50k       : 0.0345 (acc: 0.9988)
[2018/09/25 20:43:04 __main__ INFO] - Elapsed 48.00
keys:  dict_keys(['epoch', 'c10h_train_loss', 'c10h_train_acc', 'c10h_val_loss', 'c10h_val_acc', 'c10h_train_c10_loss', 'c10h_train_c10_acc', 'c10h_val_c10_loss', 'c10h_val_c10_acc', 'v4_loss', 'v4_acc', 'v6_loss', 'v6_acc', 'c10_50k_loss', 'c10_50k_acc']) 
 c10h_outdir:  /tigress/ruairidh/model_results/run_1/saves/wrn_28_10/con_False_lr_0.001_seed_1
[2018/09/25 20:43:05 __main__ INFO] - Train 53
[2018/09/25 20:43:24 __main__ INFO] - TEST 53
[2018/09/25 20:44:12 __main__ INFO] - - epoch 53    c10h_train    : 0.1984 (acc: 0.9903) | c10h_val    : 0.2993 (acc: 0.9500)
[2018/09/25 20:44:12 __main__ INFO] - -            c10h_train_c10: 0.0629 (acc: 0.9858) | c10h_val_c10: 0.1489 (acc: 0.9510)
[2018/09/25 20:44:12 __main__ INFO] - -            v4            : 0.3359 (acc: 0.8931) |           v6: 0.3025 (acc: 0.9070)
[2018/09/25 20:44:12 __main__ INFO] - -            c10_50k       : 0.0356 (acc: 0.9988)
[2018/09/25 20:44:12 __main__ INFO] - Elapsed 47.89
keys:  dict_keys(['epoch', 'c10h_train_loss', 'c10h_train_acc', 'c10h_val_loss', 'c10h_val_acc', 'c10h_train_c10_loss', 'c10h_train_c10_acc', 'c10h_val_c10_loss', 'c10h_val_c10_acc', 'v4_loss', 'v4_acc', 'v6_loss', 'v6_acc', 'c10_50k_loss', 'c10_50k_acc']) 
 c10h_outdir:  /tigress/ruairidh/model_results/run_1/saves/wrn_28_10/con_False_lr_0.001_seed_1
[2018/09/25 20:44:14 __main__ INFO] - Train 54
[2018/09/25 20:44:33 __main__ INFO] - TEST 54
[2018/09/25 20:45:21 __main__ INFO] - - epoch 54    c10h_train    : 0.1970 (acc: 0.9908) | c10h_val    : 0.3009 (acc: 0.9490)
[2018/09/25 20:45:21 __main__ INFO] - -            c10h_train_c10: 0.0597 (acc: 0.9869) | c10h_val_c10: 0.1477 (acc: 0.9500)
[2018/09/25 20:45:21 __main__ INFO] - -            v4            : 0.3371 (acc: 0.8946) |           v6: 0.2989 (acc: 0.9050)
[2018/09/25 20:45:21 __main__ INFO] - -            c10_50k       : 0.0347 (acc: 0.9987)
[2018/09/25 20:45:21 __main__ INFO] - Elapsed 47.97
keys:  dict_keys(['epoch', 'c10h_train_loss', 'c10h_train_acc', 'c10h_val_loss', 'c10h_val_acc', 'c10h_train_c10_loss', 'c10h_train_c10_acc', 'c10h_val_c10_loss', 'c10h_val_c10_acc', 'v4_loss', 'v4_acc', 'v6_loss', 'v6_acc', 'c10_50k_loss', 'c10_50k_acc']) 
 c10h_outdir:  /tigress/ruairidh/model_results/run_1/saves/wrn_28_10/con_False_lr_0.001_seed_1
[2018/09/25 20:45:22 __main__ INFO] - Train 55
[2018/09/25 20:45:41 __main__ INFO] - TEST 55
[2018/09/25 20:46:29 __main__ INFO] - - epoch 55    c10h_train    : 0.1974 (acc: 0.9898) | c10h_val    : 0.3005 (acc: 0.9490)
[2018/09/25 20:46:29 __main__ INFO] - -            c10h_train_c10: 0.0601 (acc: 0.9862) | c10h_val_c10: 0.1474 (acc: 0.9500)
[2018/09/25 20:46:29 __main__ INFO] - -            v4            : 0.3455 (acc: 0.8926) |           v6: 0.3044 (acc: 0.9000)
[2018/09/25 20:46:29 __main__ INFO] - -            c10_50k       : 0.0353 (acc: 0.9988)
[2018/09/25 20:46:29 __main__ INFO] - Elapsed 47.77
keys:  dict_keys(['epoch', 'c10h_train_loss', 'c10h_train_acc', 'c10h_val_loss', 'c10h_val_acc', 'c10h_train_c10_loss', 'c10h_train_c10_acc', 'c10h_val_c10_loss', 'c10h_val_c10_acc', 'v4_loss', 'v4_acc', 'v6_loss', 'v6_acc', 'c10_50k_loss', 'c10_50k_acc']) 
 c10h_outdir:  /tigress/ruairidh/model_results/run_1/saves/wrn_28_10/con_False_lr_0.001_seed_1
[2018/09/25 20:46:31 __main__ INFO] - Train 56
[2018/09/25 20:46:51 __main__ INFO] - TEST 56
[2018/09/25 20:47:39 __main__ INFO] - - epoch 56    c10h_train    : 0.1971 (acc: 0.9904) | c10h_val    : 0.3020 (acc: 0.9490)
[2018/09/25 20:47:39 __main__ INFO] - -            c10h_train_c10: 0.0606 (acc: 0.9861) | c10h_val_c10: 0.1510 (acc: 0.9500)
[2018/09/25 20:47:39 __main__ INFO] - -            v4            : 0.3579 (acc: 0.8897) |           v6: 0.3042 (acc: 0.9005)
[2018/09/25 20:47:39 __main__ INFO] - -            c10_50k       : 0.0349 (acc: 0.9988)
[2018/09/25 20:47:39 __main__ INFO] - Elapsed 48.11
keys:  dict_keys(['epoch', 'c10h_train_loss', 'c10h_train_acc', 'c10h_val_loss', 'c10h_val_acc', 'c10h_train_c10_loss', 'c10h_train_c10_acc', 'c10h_val_c10_loss', 'c10h_val_c10_acc', 'v4_loss', 'v4_acc', 'v6_loss', 'v6_acc', 'c10_50k_loss', 'c10_50k_acc']) 
 c10h_outdir:  /tigress/ruairidh/model_results/run_1/saves/wrn_28_10/con_False_lr_0.001_seed_1
[2018/09/25 20:47:41 __main__ INFO] - Train 57
[2018/09/25 20:48:00 __main__ INFO] - TEST 57
[2018/09/25 20:48:48 __main__ INFO] - - epoch 57    c10h_train    : 0.1971 (acc: 0.9896) | c10h_val    : 0.3034 (acc: 0.9510)
[2018/09/25 20:48:48 __main__ INFO] - -            c10h_train_c10: 0.0616 (acc: 0.9864) | c10h_val_c10: 0.1533 (acc: 0.9520)
[2018/09/25 20:48:48 __main__ INFO] - -            v4            : 0.3528 (acc: 0.8832) |           v6: 0.3039 (acc: 0.9025)
[2018/09/25 20:48:48 __main__ INFO] - -            c10_50k       : 0.0361 (acc: 0.9989)
[2018/09/25 20:48:48 __main__ INFO] - Elapsed 47.86
keys:  dict_keys(['epoch', 'c10h_train_loss', 'c10h_train_acc', 'c10h_val_loss', 'c10h_val_acc', 'c10h_train_c10_loss', 'c10h_train_c10_acc', 'c10h_val_c10_loss', 'c10h_val_c10_acc', 'v4_loss', 'v4_acc', 'v6_loss', 'v6_acc', 'c10_50k_loss', 'c10_50k_acc']) 
 c10h_outdir:  /tigress/ruairidh/model_results/run_1/saves/wrn_28_10/con_False_lr_0.001_seed_1
[2018/09/25 20:48:50 __main__ INFO] - Train 58
[2018/09/25 20:49:09 __main__ INFO] - TEST 58
[2018/09/25 20:49:57 __main__ INFO] - - epoch 58    c10h_train    : 0.1967 (acc: 0.9897) | c10h_val    : 0.3053 (acc: 0.9530)
[2018/09/25 20:49:57 __main__ INFO] - -            c10h_train_c10: 0.0613 (acc: 0.9862) | c10h_val_c10: 0.1538 (acc: 0.9530)
[2018/09/25 20:49:57 __main__ INFO] - -            v4            : 0.3279 (acc: 0.8991) |           v6: 0.2961 (acc: 0.9065)
[2018/09/25 20:49:57 __main__ INFO] - -            c10_50k       : 0.0356 (acc: 0.9987)
[2018/09/25 20:49:57 __main__ INFO] - Elapsed 47.77
keys:  dict_keys(['epoch', 'c10h_train_loss', 'c10h_train_acc', 'c10h_val_loss', 'c10h_val_acc', 'c10h_train_c10_loss', 'c10h_train_c10_acc', 'c10h_val_c10_loss', 'c10h_val_c10_acc', 'v4_loss', 'v4_acc', 'v6_loss', 'v6_acc', 'c10_50k_loss', 'c10_50k_acc']) 
 c10h_outdir:  /tigress/ruairidh/model_results/run_1/saves/wrn_28_10/con_False_lr_0.001_seed_1
[2018/09/25 20:49:58 __main__ INFO] - Train 59
[2018/09/25 20:50:18 __main__ INFO] - TEST 59
[2018/09/25 20:51:06 __main__ INFO] - - epoch 59    c10h_train    : 0.1964 (acc: 0.9901) | c10h_val    : 0.3002 (acc: 0.9530)
[2018/09/25 20:51:06 __main__ INFO] - -            c10h_train_c10: 0.0623 (acc: 0.9857) | c10h_val_c10: 0.1502 (acc: 0.9530)
[2018/09/25 20:51:06 __main__ INFO] - -            v4            : 0.3360 (acc: 0.8906) |           v6: 0.2979 (acc: 0.9065)
[2018/09/25 20:51:06 __main__ INFO] - -            c10_50k       : 0.0363 (acc: 0.9988)
[2018/09/25 20:51:06 __main__ INFO] - Elapsed 48.20
keys:  dict_keys(['epoch', 'c10h_train_loss', 'c10h_train_acc', 'c10h_val_loss', 'c10h_val_acc', 'c10h_train_c10_loss', 'c10h_train_c10_acc', 'c10h_val_c10_loss', 'c10h_val_c10_acc', 'v4_loss', 'v4_acc', 'v6_loss', 'v6_acc', 'c10_50k_loss', 'c10_50k_acc']) 
 c10h_outdir:  /tigress/ruairidh/model_results/run_1/saves/wrn_28_10/con_False_lr_0.001_seed_1
[2018/09/25 20:51:08 __main__ INFO] - Train 60
[2018/09/25 20:51:28 __main__ INFO] - TEST 60
[2018/09/25 20:52:16 __main__ INFO] - - epoch 60    c10h_train    : 0.1961 (acc: 0.9897) | c10h_val    : 0.3023 (acc: 0.9490)
[2018/09/25 20:52:16 __main__ INFO] - -            c10h_train_c10: 0.0609 (acc: 0.9854) | c10h_val_c10: 0.1533 (acc: 0.9500)
[2018/09/25 20:52:16 __main__ INFO] - -            v4            : 0.3345 (acc: 0.8911) |           v6: 0.3031 (acc: 0.9035)
[2018/09/25 20:52:16 __main__ INFO] - -            c10_50k       : 0.0364 (acc: 0.9990)
[2018/09/25 20:52:16 __main__ INFO] - Elapsed 48.27
keys:  dict_keys(['epoch', 'c10h_train_loss', 'c10h_train_acc', 'c10h_val_loss', 'c10h_val_acc', 'c10h_train_c10_loss', 'c10h_train_c10_acc', 'c10h_val_c10_loss', 'c10h_val_c10_acc', 'v4_loss', 'v4_acc', 'v6_loss', 'v6_acc', 'c10_50k_loss', 'c10_50k_acc']) 
 c10h_outdir:  /tigress/ruairidh/model_results/run_1/saves/wrn_28_10/con_False_lr_0.001_seed_1
[2018/09/25 20:52:17 __main__ INFO] - Train 61
[2018/09/25 20:52:37 __main__ INFO] - TEST 61
[2018/09/25 20:53:25 __main__ INFO] - - epoch 61    c10h_train    : 0.1957 (acc: 0.9910) | c10h_val    : 0.3017 (acc: 0.9520)
[2018/09/25 20:53:25 __main__ INFO] - -            c10h_train_c10: 0.0605 (acc: 0.9864) | c10h_val_c10: 0.1517 (acc: 0.9520)
[2018/09/25 20:53:25 __main__ INFO] - -            v4            : 0.3217 (acc: 0.8991) |           v6: 0.3027 (acc: 0.9040)
[2018/09/25 20:53:25 __main__ INFO] - -            c10_50k       : 0.0354 (acc: 0.9988)
[2018/09/25 20:53:25 __main__ INFO] - Elapsed 48.24
keys:  dict_keys(['epoch', 'c10h_train_loss', 'c10h_train_acc', 'c10h_val_loss', 'c10h_val_acc', 'c10h_train_c10_loss', 'c10h_train_c10_acc', 'c10h_val_c10_loss', 'c10h_val_c10_acc', 'v4_loss', 'v4_acc', 'v6_loss', 'v6_acc', 'c10_50k_loss', 'c10_50k_acc']) 
 c10h_outdir:  /tigress/ruairidh/model_results/run_1/saves/wrn_28_10/con_False_lr_0.001_seed_1
[2018/09/25 20:53:27 __main__ INFO] - Train 62
[2018/09/25 20:53:46 __main__ INFO] - TEST 62
[2018/09/25 20:54:34 __main__ INFO] - - epoch 62    c10h_train    : 0.1959 (acc: 0.9899) | c10h_val    : 0.3027 (acc: 0.9500)
[2018/09/25 20:54:34 __main__ INFO] - -            c10h_train_c10: 0.0595 (acc: 0.9852) | c10h_val_c10: 0.1502 (acc: 0.9510)
[2018/09/25 20:54:34 __main__ INFO] - -            v4            : 0.3414 (acc: 0.8872) |           v6: 0.2997 (acc: 0.9075)
[2018/09/25 20:54:34 __main__ INFO] - -            c10_50k       : 0.0339 (acc: 0.9989)
[2018/09/25 20:54:34 __main__ INFO] - Elapsed 47.95
keys:  dict_keys(['epoch', 'c10h_train_loss', 'c10h_train_acc', 'c10h_val_loss', 'c10h_val_acc', 'c10h_train_c10_loss', 'c10h_train_c10_acc', 'c10h_val_c10_loss', 'c10h_val_c10_acc', 'v4_loss', 'v4_acc', 'v6_loss', 'v6_acc', 'c10_50k_loss', 'c10_50k_acc']) 
 c10h_outdir:  /tigress/ruairidh/model_results/run_1/saves/wrn_28_10/con_False_lr_0.001_seed_1
[2018/09/25 20:54:37 __main__ INFO] - Train 63
[2018/09/25 20:54:56 __main__ INFO] - TEST 63
[2018/09/25 20:55:44 __main__ INFO] - - epoch 63    c10h_train    : 0.1956 (acc: 0.9889) | c10h_val    : 0.3017 (acc: 0.9500)
[2018/09/25 20:55:44 __main__ INFO] - -            c10h_train_c10: 0.0613 (acc: 0.9859) | c10h_val_c10: 0.1516 (acc: 0.9510)
[2018/09/25 20:55:44 __main__ INFO] - -            v4            : 0.3223 (acc: 0.8961) |           v6: 0.2987 (acc: 0.9070)
[2018/09/25 20:55:44 __main__ INFO] - -            c10_50k       : 0.0355 (acc: 0.9989)
[2018/09/25 20:55:44 __main__ INFO] - Elapsed 48.05
keys:  dict_keys(['epoch', 'c10h_train_loss', 'c10h_train_acc', 'c10h_val_loss', 'c10h_val_acc', 'c10h_train_c10_loss', 'c10h_train_c10_acc', 'c10h_val_c10_loss', 'c10h_val_c10_acc', 'v4_loss', 'v4_acc', 'v6_loss', 'v6_acc', 'c10_50k_loss', 'c10_50k_acc']) 
 c10h_outdir:  /tigress/ruairidh/model_results/run_1/saves/wrn_28_10/con_False_lr_0.001_seed_1
[2018/09/25 20:55:46 __main__ INFO] - Train 64
[2018/09/25 20:56:05 __main__ INFO] - TEST 64
[2018/09/25 20:56:54 __main__ INFO] - - epoch 64    c10h_train    : 0.1960 (acc: 0.9904) | c10h_val    : 0.3030 (acc: 0.9530)
[2018/09/25 20:56:54 __main__ INFO] - -            c10h_train_c10: 0.0600 (acc: 0.9857) | c10h_val_c10: 0.1506 (acc: 0.9540)
[2018/09/25 20:56:54 __main__ INFO] - -            v4            : 0.3490 (acc: 0.8921) |           v6: 0.2992 (acc: 0.9050)
[2018/09/25 20:56:54 __main__ INFO] - -            c10_50k       : 0.0345 (acc: 0.9989)
[2018/09/25 20:56:54 __main__ INFO] - Elapsed 48.14
keys:  dict_keys(['epoch', 'c10h_train_loss', 'c10h_train_acc', 'c10h_val_loss', 'c10h_val_acc', 'c10h_train_c10_loss', 'c10h_train_c10_acc', 'c10h_val_c10_loss', 'c10h_val_c10_acc', 'v4_loss', 'v4_acc', 'v6_loss', 'v6_acc', 'c10_50k_loss', 'c10_50k_acc']) 
 c10h_outdir:  /tigress/ruairidh/model_results/run_1/saves/wrn_28_10/con_False_lr_0.001_seed_1
[2018/09/25 20:56:55 __main__ INFO] - Train 65
[2018/09/25 20:57:15 __main__ INFO] - TEST 65
[2018/09/25 20:58:03 __main__ INFO] - - epoch 65    c10h_train    : 0.1956 (acc: 0.9909) | c10h_val    : 0.3037 (acc: 0.9490)
[2018/09/25 20:58:03 __main__ INFO] - -            c10h_train_c10: 0.0586 (acc: 0.9860) | c10h_val_c10: 0.1511 (acc: 0.9500)
[2018/09/25 20:58:03 __main__ INFO] - -            v4            : 0.3245 (acc: 0.8941) |           v6: 0.2986 (acc: 0.9055)
[2018/09/25 20:58:03 __main__ INFO] - -            c10_50k       : 0.0338 (acc: 0.9988)
[2018/09/25 20:58:03 __main__ INFO] - Elapsed 47.85
keys:  dict_keys(['epoch', 'c10h_train_loss', 'c10h_train_acc', 'c10h_val_loss', 'c10h_val_acc', 'c10h_train_c10_loss', 'c10h_train_c10_acc', 'c10h_val_c10_loss', 'c10h_val_c10_acc', 'v4_loss', 'v4_acc', 'v6_loss', 'v6_acc', 'c10_50k_loss', 'c10_50k_acc']) 
 c10h_outdir:  /tigress/ruairidh/model_results/run_1/saves/wrn_28_10/con_False_lr_0.001_seed_1
[2018/09/25 20:58:03 __main__ INFO] - Train 66
[2018/09/25 20:58:23 __main__ INFO] - TEST 66
[2018/09/25 20:59:11 __main__ INFO] - - epoch 66    c10h_train    : 0.1952 (acc: 0.9903) | c10h_val    : 0.3007 (acc: 0.9520)
[2018/09/25 20:59:11 __main__ INFO] - -            c10h_train_c10: 0.0601 (acc: 0.9860) | c10h_val_c10: 0.1503 (acc: 0.9520)
[2018/09/25 20:59:11 __main__ INFO] - -            v4            : 0.3260 (acc: 0.8961) |           v6: 0.3005 (acc: 0.9045)
[2018/09/25 20:59:11 __main__ INFO] - -            c10_50k       : 0.0352 (acc: 0.9986)
[2018/09/25 20:59:11 __main__ INFO] - Elapsed 48.19
keys:  dict_keys(['epoch', 'c10h_train_loss', 'c10h_train_acc', 'c10h_val_loss', 'c10h_val_acc', 'c10h_train_c10_loss', 'c10h_train_c10_acc', 'c10h_val_c10_loss', 'c10h_val_c10_acc', 'v4_loss', 'v4_acc', 'v6_loss', 'v6_acc', 'c10_50k_loss', 'c10_50k_acc']) 
 c10h_outdir:  /tigress/ruairidh/model_results/run_1/saves/wrn_28_10/con_False_lr_0.001_seed_1
[2018/09/25 20:59:13 __main__ INFO] - Train 67
[2018/09/25 20:59:32 __main__ INFO] - TEST 67
[2018/09/25 21:00:20 __main__ INFO] - - epoch 67    c10h_train    : 0.1953 (acc: 0.9900) | c10h_val    : 0.3026 (acc: 0.9520)
[2018/09/25 21:00:20 __main__ INFO] - -            c10h_train_c10: 0.0597 (acc: 0.9868) | c10h_val_c10: 0.1507 (acc: 0.9530)
[2018/09/25 21:00:20 __main__ INFO] - -            v4            : 0.3441 (acc: 0.8872) |           v6: 0.2985 (acc: 0.9055)
[2018/09/25 21:00:20 __main__ INFO] - -            c10_50k       : 0.0347 (acc: 0.9990)
[2018/09/25 21:00:20 __main__ INFO] - Elapsed 48.00
keys:  dict_keys(['epoch', 'c10h_train_loss', 'c10h_train_acc', 'c10h_val_loss', 'c10h_val_acc', 'c10h_train_c10_loss', 'c10h_train_c10_acc', 'c10h_val_c10_loss', 'c10h_val_c10_acc', 'v4_loss', 'v4_acc', 'v6_loss', 'v6_acc', 'c10_50k_loss', 'c10_50k_acc']) 
 c10h_outdir:  /tigress/ruairidh/model_results/run_1/saves/wrn_28_10/con_False_lr_0.001_seed_1
[2018/09/25 21:00:23 __main__ INFO] - Train 68
[2018/09/25 21:00:43 __main__ INFO] - TEST 68
[2018/09/25 21:01:31 __main__ INFO] - - epoch 68    c10h_train    : 0.1952 (acc: 0.9899) | c10h_val    : 0.3023 (acc: 0.9490)
[2018/09/25 21:01:31 __main__ INFO] - -            c10h_train_c10: 0.0601 (acc: 0.9861) | c10h_val_c10: 0.1514 (acc: 0.9490)
[2018/09/25 21:01:31 __main__ INFO] - -            v4            : 0.3430 (acc: 0.8897) |           v6: 0.3005 (acc: 0.9050)
[2018/09/25 21:01:31 __main__ INFO] - -            c10_50k       : 0.0353 (acc: 0.9987)
[2018/09/25 21:01:31 __main__ INFO] - Elapsed 47.98
keys:  dict_keys(['epoch', 'c10h_train_loss', 'c10h_train_acc', 'c10h_val_loss', 'c10h_val_acc', 'c10h_train_c10_loss', 'c10h_train_c10_acc', 'c10h_val_c10_loss', 'c10h_val_c10_acc', 'v4_loss', 'v4_acc', 'v6_loss', 'v6_acc', 'c10_50k_loss', 'c10_50k_acc']) 
 c10h_outdir:  /tigress/ruairidh/model_results/run_1/saves/wrn_28_10/con_False_lr_0.001_seed_1
[2018/09/25 21:01:32 __main__ INFO] - Train 69
[2018/09/25 21:01:51 __main__ INFO] - TEST 69
[2018/09/25 21:02:39 __main__ INFO] - - epoch 69    c10h_train    : 0.1952 (acc: 0.9910) | c10h_val    : 0.3013 (acc: 0.9500)
[2018/09/25 21:02:39 __main__ INFO] - -            c10h_train_c10: 0.0605 (acc: 0.9861) | c10h_val_c10: 0.1509 (acc: 0.9510)
[2018/09/25 21:02:39 __main__ INFO] - -            v4            : 0.3427 (acc: 0.8867) |           v6: 0.3010 (acc: 0.9050)
[2018/09/25 21:02:39 __main__ INFO] - -            c10_50k       : 0.0353 (acc: 0.9989)
[2018/09/25 21:02:39 __main__ INFO] - Elapsed 47.98
keys:  dict_keys(['epoch', 'c10h_train_loss', 'c10h_train_acc', 'c10h_val_loss', 'c10h_val_acc', 'c10h_train_c10_loss', 'c10h_train_c10_acc', 'c10h_val_c10_loss', 'c10h_val_c10_acc', 'v4_loss', 'v4_acc', 'v6_loss', 'v6_acc', 'c10_50k_loss', 'c10_50k_acc']) 
 c10h_outdir:  /tigress/ruairidh/model_results/run_1/saves/wrn_28_10/con_False_lr_0.001_seed_1
[2018/09/25 21:02:40 __main__ INFO] - Train 70
[2018/09/25 21:02:59 __main__ INFO] - TEST 70
[2018/09/25 21:03:47 __main__ INFO] - - epoch 70    c10h_train    : 0.1947 (acc: 0.9904) | c10h_val    : 0.3027 (acc: 0.9540)
[2018/09/25 21:03:48 __main__ INFO] - -            c10h_train_c10: 0.0604 (acc: 0.9859) | c10h_val_c10: 0.1531 (acc: 0.9540)
[2018/09/25 21:03:48 __main__ INFO] - -            v4            : 0.3381 (acc: 0.8897) |           v6: 0.3083 (acc: 0.9020)
[2018/09/25 21:03:48 __main__ INFO] - -            c10_50k       : 0.0357 (acc: 0.9987)
[2018/09/25 21:03:48 __main__ INFO] - Elapsed 48.08
keys:  dict_keys(['epoch', 'c10h_train_loss', 'c10h_train_acc', 'c10h_val_loss', 'c10h_val_acc', 'c10h_train_c10_loss', 'c10h_train_c10_acc', 'c10h_val_c10_loss', 'c10h_val_c10_acc', 'v4_loss', 'v4_acc', 'v6_loss', 'v6_acc', 'c10_50k_loss', 'c10_50k_acc']) 
 c10h_outdir:  /tigress/ruairidh/model_results/run_1/saves/wrn_28_10/con_False_lr_0.001_seed_1
[2018/09/25 21:03:49 __main__ INFO] - Train 71
[2018/09/25 21:04:09 __main__ INFO] - TEST 71
[2018/09/25 21:04:57 __main__ INFO] - - epoch 71    c10h_train    : 0.1948 (acc: 0.9909) | c10h_val    : 0.3016 (acc: 0.9530)
[2018/09/25 21:04:57 __main__ INFO] - -            c10h_train_c10: 0.0595 (acc: 0.9864) | c10h_val_c10: 0.1504 (acc: 0.9540)
[2018/09/25 21:04:57 __main__ INFO] - -            v4            : 0.3281 (acc: 0.8926) |           v6: 0.3013 (acc: 0.9050)
[2018/09/25 21:04:57 __main__ INFO] - -            c10_50k       : 0.0351 (acc: 0.9989)
[2018/09/25 21:04:57 __main__ INFO] - Elapsed 48.03
keys:  dict_keys(['epoch', 'c10h_train_loss', 'c10h_train_acc', 'c10h_val_loss', 'c10h_val_acc', 'c10h_train_c10_loss', 'c10h_train_c10_acc', 'c10h_val_c10_loss', 'c10h_val_c10_acc', 'v4_loss', 'v4_acc', 'v6_loss', 'v6_acc', 'c10_50k_loss', 'c10_50k_acc']) 
 c10h_outdir:  /tigress/ruairidh/model_results/run_1/saves/wrn_28_10/con_False_lr_0.001_seed_1
[2018/09/25 21:04:58 __main__ INFO] - Train 72
[2018/09/25 21:05:17 __main__ INFO] - TEST 72
[2018/09/25 21:06:05 __main__ INFO] - - epoch 72    c10h_train    : 0.1947 (acc: 0.9911) | c10h_val    : 0.3012 (acc: 0.9510)
[2018/09/25 21:06:05 __main__ INFO] - -            c10h_train_c10: 0.0599 (acc: 0.9873) | c10h_val_c10: 0.1496 (acc: 0.9510)
[2018/09/25 21:06:05 __main__ INFO] - -            v4            : 0.3322 (acc: 0.8966) |           v6: 0.2999 (acc: 0.9035)
[2018/09/25 21:06:05 __main__ INFO] - -            c10_50k       : 0.0351 (acc: 0.9989)
[2018/09/25 21:06:05 __main__ INFO] - Elapsed 47.98
keys:  dict_keys(['epoch', 'c10h_train_loss', 'c10h_train_acc', 'c10h_val_loss', 'c10h_val_acc', 'c10h_train_c10_loss', 'c10h_train_c10_acc', 'c10h_val_c10_loss', 'c10h_val_c10_acc', 'v4_loss', 'v4_acc', 'v6_loss', 'v6_acc', 'c10_50k_loss', 'c10_50k_acc']) 
 c10h_outdir:  /tigress/ruairidh/model_results/run_1/saves/wrn_28_10/con_False_lr_0.001_seed_1
[2018/09/25 21:06:07 __main__ INFO] - Train 73
[2018/09/25 21:06:26 __main__ INFO] - TEST 73
[2018/09/25 21:07:14 __main__ INFO] - - epoch 73    c10h_train    : 0.1951 (acc: 0.9908) | c10h_val    : 0.3038 (acc: 0.9500)
[2018/09/25 21:07:14 __main__ INFO] - -            c10h_train_c10: 0.0592 (acc: 0.9863) | c10h_val_c10: 0.1520 (acc: 0.9500)
[2018/09/25 21:07:14 __main__ INFO] - -            v4            : 0.3391 (acc: 0.8926) |           v6: 0.3029 (acc: 0.9045)
[2018/09/25 21:07:14 __main__ INFO] - -            c10_50k       : 0.0342 (acc: 0.9988)
[2018/09/25 21:07:14 __main__ INFO] - Elapsed 47.73
keys:  dict_keys(['epoch', 'c10h_train_loss', 'c10h_train_acc', 'c10h_val_loss', 'c10h_val_acc', 'c10h_train_c10_loss', 'c10h_train_c10_acc', 'c10h_val_c10_loss', 'c10h_val_c10_acc', 'v4_loss', 'v4_acc', 'v6_loss', 'v6_acc', 'c10_50k_loss', 'c10_50k_acc']) 
 c10h_outdir:  /tigress/ruairidh/model_results/run_1/saves/wrn_28_10/con_False_lr_0.001_seed_1
[2018/09/25 21:07:16 __main__ INFO] - Train 74
[2018/09/25 21:07:36 __main__ INFO] - TEST 74
[2018/09/25 21:08:24 __main__ INFO] - - epoch 74    c10h_train    : 0.1947 (acc: 0.9897) | c10h_val    : 0.3017 (acc: 0.9490)
[2018/09/25 21:08:24 __main__ INFO] - -            c10h_train_c10: 0.0596 (acc: 0.9859) | c10h_val_c10: 0.1504 (acc: 0.9490)
[2018/09/25 21:08:24 __main__ INFO] - -            v4            : 0.3451 (acc: 0.8857) |           v6: 0.3062 (acc: 0.9020)
[2018/09/25 21:08:24 __main__ INFO] - -            c10_50k       : 0.0347 (acc: 0.9988)
[2018/09/25 21:08:24 __main__ INFO] - Elapsed 48.16
keys:  dict_keys(['epoch', 'c10h_train_loss', 'c10h_train_acc', 'c10h_val_loss', 'c10h_val_acc', 'c10h_train_c10_loss', 'c10h_train_c10_acc', 'c10h_val_c10_loss', 'c10h_val_c10_acc', 'v4_loss', 'v4_acc', 'v6_loss', 'v6_acc', 'c10_50k_loss', 'c10_50k_acc']) 
 c10h_outdir:  /tigress/ruairidh/model_results/run_1/saves/wrn_28_10/con_False_lr_0.001_seed_1
[2018/09/25 21:08:26 __main__ INFO] - Train 75
[2018/09/25 21:08:46 __main__ INFO] - TEST 75
[2018/09/25 21:09:34 __main__ INFO] - - epoch 75    c10h_train    : 0.1943 (acc: 0.9909) | c10h_val    : 0.3022 (acc: 0.9510)
[2018/09/25 21:09:34 __main__ INFO] - -            c10h_train_c10: 0.0604 (acc: 0.9857) | c10h_val_c10: 0.1522 (acc: 0.9510)
[2018/09/25 21:09:34 __main__ INFO] - -            v4            : 0.3291 (acc: 0.8916) |           v6: 0.3013 (acc: 0.9050)
[2018/09/25 21:09:34 __main__ INFO] - -            c10_50k       : 0.0355 (acc: 0.9990)
[2018/09/25 21:09:34 __main__ INFO] - Elapsed 48.10
keys:  dict_keys(['epoch', 'c10h_train_loss', 'c10h_train_acc', 'c10h_val_loss', 'c10h_val_acc', 'c10h_train_c10_loss', 'c10h_train_c10_acc', 'c10h_val_c10_loss', 'c10h_val_c10_acc', 'v4_loss', 'v4_acc', 'v6_loss', 'v6_acc', 'c10_50k_loss', 'c10_50k_acc']) 
 c10h_outdir:  /tigress/ruairidh/model_results/run_1/saves/wrn_28_10/con_False_lr_0.001_seed_1
[2018/09/25 21:09:34 __main__ INFO] - Train 76
[2018/09/25 21:09:54 __main__ INFO] - TEST 76
[2018/09/25 21:10:42 __main__ INFO] - - epoch 76    c10h_train    : 0.1950 (acc: 0.9903) | c10h_val    : 0.3036 (acc: 0.9530)
[2018/09/25 21:10:42 __main__ INFO] - -            c10h_train_c10: 0.0604 (acc: 0.9864) | c10h_val_c10: 0.1529 (acc: 0.9530)
[2018/09/25 21:10:42 __main__ INFO] - -            v4            : 0.3278 (acc: 0.8862) |           v6: 0.3025 (acc: 0.9035)
[2018/09/25 21:10:42 __main__ INFO] - -            c10_50k       : 0.0355 (acc: 0.9989)
[2018/09/25 21:10:42 __main__ INFO] - Elapsed 48.06
keys:  dict_keys(['epoch', 'c10h_train_loss', 'c10h_train_acc', 'c10h_val_loss', 'c10h_val_acc', 'c10h_train_c10_loss', 'c10h_train_c10_acc', 'c10h_val_c10_loss', 'c10h_val_c10_acc', 'v4_loss', 'v4_acc', 'v6_loss', 'v6_acc', 'c10_50k_loss', 'c10_50k_acc']) 
 c10h_outdir:  /tigress/ruairidh/model_results/run_1/saves/wrn_28_10/con_False_lr_0.001_seed_1
[2018/09/25 21:10:44 __main__ INFO] - Train 77
[2018/09/25 21:11:03 __main__ INFO] - TEST 77
[2018/09/25 21:11:51 __main__ INFO] - - epoch 77    c10h_train    : 0.1946 (acc: 0.9913) | c10h_val    : 0.3005 (acc: 0.9520)
[2018/09/25 21:11:52 __main__ INFO] - -            c10h_train_c10: 0.0597 (acc: 0.9873) | c10h_val_c10: 0.1506 (acc: 0.9520)
[2018/09/25 21:11:52 __main__ INFO] - -            v4            : 0.3267 (acc: 0.8902) |           v6: 0.3006 (acc: 0.9055)
[2018/09/25 21:11:52 __main__ INFO] - -            c10_50k       : 0.0356 (acc: 0.9988)
[2018/09/25 21:11:52 __main__ INFO] - Elapsed 48.00
keys:  dict_keys(['epoch', 'c10h_train_loss', 'c10h_train_acc', 'c10h_val_loss', 'c10h_val_acc', 'c10h_train_c10_loss', 'c10h_train_c10_acc', 'c10h_val_c10_loss', 'c10h_val_c10_acc', 'v4_loss', 'v4_acc', 'v6_loss', 'v6_acc', 'c10_50k_loss', 'c10_50k_acc']) 
 c10h_outdir:  /tigress/ruairidh/model_results/run_1/saves/wrn_28_10/con_False_lr_0.001_seed_1
[2018/09/25 21:11:56 __main__ INFO] - Train 78
[2018/09/25 21:12:15 __main__ INFO] - TEST 78
[2018/09/25 21:13:03 __main__ INFO] - - epoch 78    c10h_train    : 0.1944 (acc: 0.9906) | c10h_val    : 0.3018 (acc: 0.9520)
[2018/09/25 21:13:03 __main__ INFO] - -            c10h_train_c10: 0.0600 (acc: 0.9859) | c10h_val_c10: 0.1501 (acc: 0.9520)
[2018/09/25 21:13:03 __main__ INFO] - -            v4            : 0.3330 (acc: 0.8961) |           v6: 0.2966 (acc: 0.9095)
[2018/09/25 21:13:03 __main__ INFO] - -            c10_50k       : 0.0341 (acc: 0.9990)
[2018/09/25 21:13:03 __main__ INFO] - Elapsed 48.02
keys:  dict_keys(['epoch', 'c10h_train_loss', 'c10h_train_acc', 'c10h_val_loss', 'c10h_val_acc', 'c10h_train_c10_loss', 'c10h_train_c10_acc', 'c10h_val_c10_loss', 'c10h_val_c10_acc', 'v4_loss', 'v4_acc', 'v6_loss', 'v6_acc', 'c10_50k_loss', 'c10_50k_acc']) 
 c10h_outdir:  /tigress/ruairidh/model_results/run_1/saves/wrn_28_10/con_False_lr_0.001_seed_1
[2018/09/25 21:13:04 __main__ INFO] - Train 79
[2018/09/25 21:13:24 __main__ INFO] - TEST 79
[2018/09/25 21:14:12 __main__ INFO] - - epoch 79    c10h_train    : 0.1933 (acc: 0.9903) | c10h_val    : 0.3032 (acc: 0.9510)
[2018/09/25 21:14:12 __main__ INFO] - -            c10h_train_c10: 0.0599 (acc: 0.9864) | c10h_val_c10: 0.1524 (acc: 0.9520)
[2018/09/25 21:14:12 __main__ INFO] - -            v4            : 0.3381 (acc: 0.8892) |           v6: 0.3030 (acc: 0.9045)
[2018/09/25 21:14:12 __main__ INFO] - -            c10_50k       : 0.0354 (acc: 0.9987)
[2018/09/25 21:14:12 __main__ INFO] - Elapsed 48.03
keys:  dict_keys(['epoch', 'c10h_train_loss', 'c10h_train_acc', 'c10h_val_loss', 'c10h_val_acc', 'c10h_train_c10_loss', 'c10h_train_c10_acc', 'c10h_val_c10_loss', 'c10h_val_c10_acc', 'v4_loss', 'v4_acc', 'v6_loss', 'v6_acc', 'c10_50k_loss', 'c10_50k_acc']) 
 c10h_outdir:  /tigress/ruairidh/model_results/run_1/saves/wrn_28_10/con_False_lr_0.001_seed_1
[2018/09/25 21:14:13 __main__ INFO] - Train 80
[2018/09/25 21:14:33 __main__ INFO] - TEST 80
[2018/09/25 21:15:21 __main__ INFO] - - epoch 80    c10h_train    : 0.1948 (acc: 0.9909) | c10h_val    : 0.3019 (acc: 0.9490)
[2018/09/25 21:15:21 __main__ INFO] - -            c10h_train_c10: 0.0601 (acc: 0.9861) | c10h_val_c10: 0.1506 (acc: 0.9500)
[2018/09/25 21:15:21 __main__ INFO] - -            v4            : 0.3286 (acc: 0.8906) |           v6: 0.2974 (acc: 0.9085)
[2018/09/25 21:15:21 __main__ INFO] - -            c10_50k       : 0.0349 (acc: 0.9986)
[2018/09/25 21:15:21 __main__ INFO] - Elapsed 47.96
keys:  dict_keys(['epoch', 'c10h_train_loss', 'c10h_train_acc', 'c10h_val_loss', 'c10h_val_acc', 'c10h_train_c10_loss', 'c10h_train_c10_acc', 'c10h_val_c10_loss', 'c10h_val_c10_acc', 'v4_loss', 'v4_acc', 'v6_loss', 'v6_acc', 'c10_50k_loss', 'c10_50k_acc']) 
 c10h_outdir:  /tigress/ruairidh/model_results/run_1/saves/wrn_28_10/con_False_lr_0.001_seed_1
[2018/09/25 21:15:21 __main__ INFO] - Train 81
[2018/09/25 21:15:41 __main__ INFO] - TEST 81
[2018/09/25 21:16:28 __main__ INFO] - - epoch 81    c10h_train    : 0.1940 (acc: 0.9910) | c10h_val    : 0.3029 (acc: 0.9510)
[2018/09/25 21:16:28 __main__ INFO] - -            c10h_train_c10: 0.0588 (acc: 0.9878) | c10h_val_c10: 0.1515 (acc: 0.9510)
[2018/09/25 21:16:28 __main__ INFO] - -            v4            : 0.3371 (acc: 0.8906) |           v6: 0.3002 (acc: 0.9060)
[2018/09/25 21:16:28 __main__ INFO] - -            c10_50k       : 0.0346 (acc: 0.9988)
[2018/09/25 21:16:28 __main__ INFO] - Elapsed 47.85
keys:  dict_keys(['epoch', 'c10h_train_loss', 'c10h_train_acc', 'c10h_val_loss', 'c10h_val_acc', 'c10h_train_c10_loss', 'c10h_train_c10_acc', 'c10h_val_c10_loss', 'c10h_val_c10_acc', 'v4_loss', 'v4_acc', 'v6_loss', 'v6_acc', 'c10_50k_loss', 'c10_50k_acc']) 
 c10h_outdir:  /tigress/ruairidh/model_results/run_1/saves/wrn_28_10/con_False_lr_0.001_seed_1
[2018/09/25 21:16:32 __main__ INFO] - Train 82
[2018/09/25 21:16:52 __main__ INFO] - TEST 82
[2018/09/25 21:17:40 __main__ INFO] - - epoch 82    c10h_train    : 0.1948 (acc: 0.9912) | c10h_val    : 0.3026 (acc: 0.9540)
[2018/09/25 21:17:40 __main__ INFO] - -            c10h_train_c10: 0.0592 (acc: 0.9872) | c10h_val_c10: 0.1512 (acc: 0.9540)
[2018/09/25 21:17:40 __main__ INFO] - -            v4            : 0.3399 (acc: 0.8931) |           v6: 0.3033 (acc: 0.9055)
[2018/09/25 21:17:40 __main__ INFO] - -            c10_50k       : 0.0344 (acc: 0.9989)
[2018/09/25 21:17:40 __main__ INFO] - Elapsed 47.94
keys:  dict_keys(['epoch', 'c10h_train_loss', 'c10h_train_acc', 'c10h_val_loss', 'c10h_val_acc', 'c10h_train_c10_loss', 'c10h_train_c10_acc', 'c10h_val_c10_loss', 'c10h_val_c10_acc', 'v4_loss', 'v4_acc', 'v6_loss', 'v6_acc', 'c10_50k_loss', 'c10_50k_acc']) 
 c10h_outdir:  /tigress/ruairidh/model_results/run_1/saves/wrn_28_10/con_False_lr_0.001_seed_1
[2018/09/25 21:17:41 __main__ INFO] - Train 83
[2018/09/25 21:18:01 __main__ INFO] - TEST 83
[2018/09/25 21:18:49 __main__ INFO] - - epoch 83    c10h_train    : 0.1941 (acc: 0.9906) | c10h_val    : 0.3022 (acc: 0.9510)
[2018/09/25 21:18:49 __main__ INFO] - -            c10h_train_c10: 0.0592 (acc: 0.9867) | c10h_val_c10: 0.1511 (acc: 0.9520)
[2018/09/25 21:18:49 __main__ INFO] - -            v4            : 0.3414 (acc: 0.8877) |           v6: 0.3042 (acc: 0.9010)
[2018/09/25 21:18:49 __main__ INFO] - -            c10_50k       : 0.0351 (acc: 0.9990)
[2018/09/25 21:18:49 __main__ INFO] - Elapsed 48.02
keys:  dict_keys(['epoch', 'c10h_train_loss', 'c10h_train_acc', 'c10h_val_loss', 'c10h_val_acc', 'c10h_train_c10_loss', 'c10h_train_c10_acc', 'c10h_val_c10_loss', 'c10h_val_c10_acc', 'v4_loss', 'v4_acc', 'v6_loss', 'v6_acc', 'c10_50k_loss', 'c10_50k_acc']) 
 c10h_outdir:  /tigress/ruairidh/model_results/run_1/saves/wrn_28_10/con_False_lr_0.001_seed_1
[2018/09/25 21:18:51 __main__ INFO] - Train 84
[2018/09/25 21:19:10 __main__ INFO] - TEST 84
[2018/09/25 21:19:58 __main__ INFO] - - epoch 84    c10h_train    : 0.1942 (acc: 0.9908) | c10h_val    : 0.3035 (acc: 0.9490)
[2018/09/25 21:19:58 __main__ INFO] - -            c10h_train_c10: 0.0572 (acc: 0.9866) | c10h_val_c10: 0.1506 (acc: 0.9500)
[2018/09/25 21:19:58 __main__ INFO] - -            v4            : 0.3301 (acc: 0.8911) |           v6: 0.3020 (acc: 0.9035)
[2018/09/25 21:19:58 __main__ INFO] - -            c10_50k       : 0.0341 (acc: 0.9990)
[2018/09/25 21:19:58 __main__ INFO] - Elapsed 47.98
keys:  dict_keys(['epoch', 'c10h_train_loss', 'c10h_train_acc', 'c10h_val_loss', 'c10h_val_acc', 'c10h_train_c10_loss', 'c10h_train_c10_acc', 'c10h_val_c10_loss', 'c10h_val_c10_acc', 'v4_loss', 'v4_acc', 'v6_loss', 'v6_acc', 'c10_50k_loss', 'c10_50k_acc']) 
 c10h_outdir:  /tigress/ruairidh/model_results/run_1/saves/wrn_28_10/con_False_lr_0.001_seed_1
[2018/09/25 21:19:59 __main__ INFO] - Train 85
[2018/09/25 21:20:18 __main__ INFO] - TEST 85
[2018/09/25 21:21:06 __main__ INFO] - - epoch 85    c10h_train    : 0.1941 (acc: 0.9911) | c10h_val    : 0.3026 (acc: 0.9490)
[2018/09/25 21:21:06 __main__ INFO] - -            c10h_train_c10: 0.0603 (acc: 0.9868) | c10h_val_c10: 0.1525 (acc: 0.9490)
[2018/09/25 21:21:06 __main__ INFO] - -            v4            : 0.3288 (acc: 0.8951) |           v6: 0.3015 (acc: 0.9025)
[2018/09/25 21:21:06 __main__ INFO] - -            c10_50k       : 0.0353 (acc: 0.9988)
[2018/09/25 21:21:06 __main__ INFO] - Elapsed 47.92
keys:  dict_keys(['epoch', 'c10h_train_loss', 'c10h_train_acc', 'c10h_val_loss', 'c10h_val_acc', 'c10h_train_c10_loss', 'c10h_train_c10_acc', 'c10h_val_c10_loss', 'c10h_val_c10_acc', 'v4_loss', 'v4_acc', 'v6_loss', 'v6_acc', 'c10_50k_loss', 'c10_50k_acc']) 
 c10h_outdir:  /tigress/ruairidh/model_results/run_1/saves/wrn_28_10/con_False_lr_0.001_seed_1
[2018/09/25 21:21:08 __main__ INFO] - Train 86
[2018/09/25 21:21:28 __main__ INFO] - TEST 86
[2018/09/25 21:22:15 __main__ INFO] - - epoch 86    c10h_train    : 0.1939 (acc: 0.9908) | c10h_val    : 0.3015 (acc: 0.9520)
[2018/09/25 21:22:16 __main__ INFO] - -            c10h_train_c10: 0.0607 (acc: 0.9866) | c10h_val_c10: 0.1507 (acc: 0.9520)
[2018/09/25 21:22:16 __main__ INFO] - -            v4            : 0.3344 (acc: 0.8936) |           v6: 0.3021 (acc: 0.9015)
[2018/09/25 21:22:16 __main__ INFO] - -            c10_50k       : 0.0353 (acc: 0.9988)
[2018/09/25 21:22:16 __main__ INFO] - Elapsed 47.64
keys:  dict_keys(['epoch', 'c10h_train_loss', 'c10h_train_acc', 'c10h_val_loss', 'c10h_val_acc', 'c10h_train_c10_loss', 'c10h_train_c10_acc', 'c10h_val_c10_loss', 'c10h_val_c10_acc', 'v4_loss', 'v4_acc', 'v6_loss', 'v6_acc', 'c10_50k_loss', 'c10_50k_acc']) 
 c10h_outdir:  /tigress/ruairidh/model_results/run_1/saves/wrn_28_10/con_False_lr_0.001_seed_1
[2018/09/25 21:22:21 __main__ INFO] - Train 87
[2018/09/25 21:22:41 __main__ INFO] - TEST 87
[2018/09/25 21:23:29 __main__ INFO] - - epoch 87    c10h_train    : 0.1939 (acc: 0.9916) | c10h_val    : 0.3023 (acc: 0.9530)
[2018/09/25 21:23:29 __main__ INFO] - -            c10h_train_c10: 0.0588 (acc: 0.9867) | c10h_val_c10: 0.1517 (acc: 0.9530)
[2018/09/25 21:23:29 __main__ INFO] - -            v4            : 0.3284 (acc: 0.8906) |           v6: 0.3007 (acc: 0.9060)
[2018/09/25 21:23:29 __main__ INFO] - -            c10_50k       : 0.0348 (acc: 0.9990)
[2018/09/25 21:23:29 __main__ INFO] - Elapsed 47.94
keys:  dict_keys(['epoch', 'c10h_train_loss', 'c10h_train_acc', 'c10h_val_loss', 'c10h_val_acc', 'c10h_train_c10_loss', 'c10h_train_c10_acc', 'c10h_val_c10_loss', 'c10h_val_c10_acc', 'v4_loss', 'v4_acc', 'v6_loss', 'v6_acc', 'c10_50k_loss', 'c10_50k_acc']) 
 c10h_outdir:  /tigress/ruairidh/model_results/run_1/saves/wrn_28_10/con_False_lr_0.001_seed_1
[2018/09/25 21:23:35 __main__ INFO] - Train 88
[2018/09/25 21:23:54 __main__ INFO] - TEST 88
[2018/09/25 21:24:43 __main__ INFO] - - epoch 88    c10h_train    : 0.1938 (acc: 0.9911) | c10h_val    : 0.3019 (acc: 0.9520)
[2018/09/25 21:24:43 __main__ INFO] - -            c10h_train_c10: 0.0604 (acc: 0.9860) | c10h_val_c10: 0.1522 (acc: 0.9520)
[2018/09/25 21:24:43 __main__ INFO] - -            v4            : 0.3403 (acc: 0.8902) |           v6: 0.3028 (acc: 0.9030)
[2018/09/25 21:24:43 __main__ INFO] - -            c10_50k       : 0.0356 (acc: 0.9986)
[2018/09/25 21:24:43 __main__ INFO] - Elapsed 48.27
keys:  dict_keys(['epoch', 'c10h_train_loss', 'c10h_train_acc', 'c10h_val_loss', 'c10h_val_acc', 'c10h_train_c10_loss', 'c10h_train_c10_acc', 'c10h_val_c10_loss', 'c10h_val_c10_acc', 'v4_loss', 'v4_acc', 'v6_loss', 'v6_acc', 'c10_50k_loss', 'c10_50k_acc']) 
 c10h_outdir:  /tigress/ruairidh/model_results/run_1/saves/wrn_28_10/con_False_lr_0.001_seed_1
[2018/09/25 21:24:46 __main__ INFO] - Train 89
[2018/09/25 21:25:06 __main__ INFO] - TEST 89
[2018/09/25 21:25:54 __main__ INFO] - - epoch 89    c10h_train    : 0.1937 (acc: 0.9903) | c10h_val    : 0.3017 (acc: 0.9500)
[2018/09/25 21:25:54 __main__ INFO] - -            c10h_train_c10: 0.0604 (acc: 0.9857) | c10h_val_c10: 0.1516 (acc: 0.9500)
[2018/09/25 21:25:54 __main__ INFO] - -            v4            : 0.3299 (acc: 0.8966) |           v6: 0.3020 (acc: 0.9030)
[2018/09/25 21:25:54 __main__ INFO] - -            c10_50k       : 0.0352 (acc: 0.9989)
[2018/09/25 21:25:54 __main__ INFO] - Elapsed 47.98
keys:  dict_keys(['epoch', 'c10h_train_loss', 'c10h_train_acc', 'c10h_val_loss', 'c10h_val_acc', 'c10h_train_c10_loss', 'c10h_train_c10_acc', 'c10h_val_c10_loss', 'c10h_val_c10_acc', 'v4_loss', 'v4_acc', 'v6_loss', 'v6_acc', 'c10_50k_loss', 'c10_50k_acc']) 
 c10h_outdir:  /tigress/ruairidh/model_results/run_1/saves/wrn_28_10/con_False_lr_0.001_seed_1
[2018/09/25 21:25:56 __main__ INFO] - Train 90
[2018/09/25 21:26:15 __main__ INFO] - TEST 90
[2018/09/25 21:27:03 __main__ INFO] - - epoch 90    c10h_train    : 0.1946 (acc: 0.9917) | c10h_val    : 0.3010 (acc: 0.9500)
[2018/09/25 21:27:03 __main__ INFO] - -            c10h_train_c10: 0.0602 (acc: 0.9868) | c10h_val_c10: 0.1506 (acc: 0.9500)
[2018/09/25 21:27:03 __main__ INFO] - -            v4            : 0.3398 (acc: 0.8887) |           v6: 0.3031 (acc: 0.9050)
[2018/09/25 21:27:03 __main__ INFO] - -            c10_50k       : 0.0346 (acc: 0.9991)
[2018/09/25 21:27:03 __main__ INFO] - Elapsed 48.04
keys:  dict_keys(['epoch', 'c10h_train_loss', 'c10h_train_acc', 'c10h_val_loss', 'c10h_val_acc', 'c10h_train_c10_loss', 'c10h_train_c10_acc', 'c10h_val_c10_loss', 'c10h_val_c10_acc', 'v4_loss', 'v4_acc', 'v6_loss', 'v6_acc', 'c10_50k_loss', 'c10_50k_acc']) 
 c10h_outdir:  /tigress/ruairidh/model_results/run_1/saves/wrn_28_10/con_False_lr_0.001_seed_1
[2018/09/25 21:27:04 __main__ INFO] - Train 91
[2018/09/25 21:27:24 __main__ INFO] - TEST 91
[2018/09/25 21:28:12 __main__ INFO] - - epoch 91    c10h_train    : 0.1936 (acc: 0.9913) | c10h_val    : 0.3035 (acc: 0.9490)
[2018/09/25 21:28:12 __main__ INFO] - -            c10h_train_c10: 0.0590 (acc: 0.9871) | c10h_val_c10: 0.1514 (acc: 0.9500)
[2018/09/25 21:28:12 __main__ INFO] - -            v4            : 0.3277 (acc: 0.8946) |           v6: 0.3015 (acc: 0.9010)
[2018/09/25 21:28:12 __main__ INFO] - -            c10_50k       : 0.0342 (acc: 0.9988)
[2018/09/25 21:28:12 __main__ INFO] - Elapsed 48.01
keys:  dict_keys(['epoch', 'c10h_train_loss', 'c10h_train_acc', 'c10h_val_loss', 'c10h_val_acc', 'c10h_train_c10_loss', 'c10h_train_c10_acc', 'c10h_val_c10_loss', 'c10h_val_c10_acc', 'v4_loss', 'v4_acc', 'v6_loss', 'v6_acc', 'c10_50k_loss', 'c10_50k_acc']) 
 c10h_outdir:  /tigress/ruairidh/model_results/run_1/saves/wrn_28_10/con_False_lr_0.001_seed_1
[2018/09/25 21:28:13 __main__ INFO] - Train 92
[2018/09/25 21:28:32 __main__ INFO] - TEST 92
[2018/09/25 21:29:20 __main__ INFO] - - epoch 92    c10h_train    : 0.1934 (acc: 0.9916) | c10h_val    : 0.3032 (acc: 0.9490)
[2018/09/25 21:29:20 __main__ INFO] - -            c10h_train_c10: 0.0596 (acc: 0.9870) | c10h_val_c10: 0.1538 (acc: 0.9490)
[2018/09/25 21:29:20 __main__ INFO] - -            v4            : 0.3286 (acc: 0.8916) |           v6: 0.3030 (acc: 0.9035)
[2018/09/25 21:29:20 __main__ INFO] - -            c10_50k       : 0.0352 (acc: 0.9988)
[2018/09/25 21:29:20 __main__ INFO] - Elapsed 47.75
keys:  dict_keys(['epoch', 'c10h_train_loss', 'c10h_train_acc', 'c10h_val_loss', 'c10h_val_acc', 'c10h_train_c10_loss', 'c10h_train_c10_acc', 'c10h_val_c10_loss', 'c10h_val_c10_acc', 'v4_loss', 'v4_acc', 'v6_loss', 'v6_acc', 'c10_50k_loss', 'c10_50k_acc']) 
 c10h_outdir:  /tigress/ruairidh/model_results/run_1/saves/wrn_28_10/con_False_lr_0.001_seed_1
[2018/09/25 21:29:22 __main__ INFO] - Train 93
[2018/09/25 21:29:42 __main__ INFO] - TEST 93
[2018/09/25 21:30:30 __main__ INFO] - - epoch 93    c10h_train    : 0.1937 (acc: 0.9918) | c10h_val    : 0.3003 (acc: 0.9510)
[2018/09/25 21:30:30 __main__ INFO] - -            c10h_train_c10: 0.0613 (acc: 0.9869) | c10h_val_c10: 0.1509 (acc: 0.9510)
[2018/09/25 21:30:30 __main__ INFO] - -            v4            : 0.3250 (acc: 0.8941) |           v6: 0.2983 (acc: 0.9055)
[2018/09/25 21:30:30 __main__ INFO] - -            c10_50k       : 0.0355 (acc: 0.9987)
[2018/09/25 21:30:30 __main__ INFO] - Elapsed 48.15
keys:  dict_keys(['epoch', 'c10h_train_loss', 'c10h_train_acc', 'c10h_val_loss', 'c10h_val_acc', 'c10h_train_c10_loss', 'c10h_train_c10_acc', 'c10h_val_c10_loss', 'c10h_val_c10_acc', 'v4_loss', 'v4_acc', 'v6_loss', 'v6_acc', 'c10_50k_loss', 'c10_50k_acc']) 
 c10h_outdir:  /tigress/ruairidh/model_results/run_1/saves/wrn_28_10/con_False_lr_0.001_seed_1
[2018/09/25 21:30:32 __main__ INFO] - Train 94
[2018/09/25 21:30:51 __main__ INFO] - TEST 94
[2018/09/25 21:31:39 __main__ INFO] - - epoch 94    c10h_train    : 0.1936 (acc: 0.9907) | c10h_val    : 0.3032 (acc: 0.9530)
[2018/09/25 21:31:39 __main__ INFO] - -            c10h_train_c10: 0.0601 (acc: 0.9871) | c10h_val_c10: 0.1524 (acc: 0.9530)
[2018/09/25 21:31:39 __main__ INFO] - -            v4            : 0.3378 (acc: 0.8906) |           v6: 0.3036 (acc: 0.9045)
[2018/09/25 21:31:39 __main__ INFO] - -            c10_50k       : 0.0346 (acc: 0.9989)
[2018/09/25 21:31:39 __main__ INFO] - Elapsed 48.08
keys:  dict_keys(['epoch', 'c10h_train_loss', 'c10h_train_acc', 'c10h_val_loss', 'c10h_val_acc', 'c10h_train_c10_loss', 'c10h_train_c10_acc', 'c10h_val_c10_loss', 'c10h_val_c10_acc', 'v4_loss', 'v4_acc', 'v6_loss', 'v6_acc', 'c10_50k_loss', 'c10_50k_acc']) 
 c10h_outdir:  /tigress/ruairidh/model_results/run_1/saves/wrn_28_10/con_False_lr_0.001_seed_1
[2018/09/25 21:31:41 __main__ INFO] - Train 95
[2018/09/25 21:32:00 __main__ INFO] - TEST 95
[2018/09/25 21:32:48 __main__ INFO] - - epoch 95    c10h_train    : 0.1936 (acc: 0.9904) | c10h_val    : 0.3044 (acc: 0.9510)
[2018/09/25 21:32:49 __main__ INFO] - -            c10h_train_c10: 0.0604 (acc: 0.9870) | c10h_val_c10: 0.1544 (acc: 0.9510)
[2018/09/25 21:32:49 __main__ INFO] - -            v4            : 0.3151 (acc: 0.8986) |           v6: 0.2985 (acc: 0.9065)
[2018/09/25 21:32:49 __main__ INFO] - -            c10_50k       : 0.0355 (acc: 0.9988)
[2018/09/25 21:32:49 __main__ INFO] - Elapsed 48.00
keys:  dict_keys(['epoch', 'c10h_train_loss', 'c10h_train_acc', 'c10h_val_loss', 'c10h_val_acc', 'c10h_train_c10_loss', 'c10h_train_c10_acc', 'c10h_val_c10_loss', 'c10h_val_c10_acc', 'v4_loss', 'v4_acc', 'v6_loss', 'v6_acc', 'c10_50k_loss', 'c10_50k_acc']) 
 c10h_outdir:  /tigress/ruairidh/model_results/run_1/saves/wrn_28_10/con_False_lr_0.001_seed_1
[2018/09/25 21:32:51 __main__ INFO] - Train 96
[2018/09/25 21:33:11 __main__ INFO] - TEST 96
[2018/09/25 21:33:59 __main__ INFO] - - epoch 96    c10h_train    : 0.1932 (acc: 0.9921) | c10h_val    : 0.3026 (acc: 0.9500)
[2018/09/25 21:33:59 __main__ INFO] - -            c10h_train_c10: 0.0578 (acc: 0.9868) | c10h_val_c10: 0.1505 (acc: 0.9500)
[2018/09/25 21:33:59 __main__ INFO] - -            v4            : 0.3299 (acc: 0.8936) |           v6: 0.2968 (acc: 0.9070)
[2018/09/25 21:33:59 __main__ INFO] - -            c10_50k       : 0.0339 (acc: 0.9991)
[2018/09/25 21:33:59 __main__ INFO] - Elapsed 48.12
keys:  dict_keys(['epoch', 'c10h_train_loss', 'c10h_train_acc', 'c10h_val_loss', 'c10h_val_acc', 'c10h_train_c10_loss', 'c10h_train_c10_acc', 'c10h_val_c10_loss', 'c10h_val_c10_acc', 'v4_loss', 'v4_acc', 'v6_loss', 'v6_acc', 'c10_50k_loss', 'c10_50k_acc']) 
 c10h_outdir:  /tigress/ruairidh/model_results/run_1/saves/wrn_28_10/con_False_lr_0.001_seed_1
[2018/09/25 21:34:01 __main__ INFO] - Train 97
[2018/09/25 21:34:20 __main__ INFO] - TEST 97
[2018/09/25 21:35:09 __main__ INFO] - - epoch 97    c10h_train    : 0.1929 (acc: 0.9909) | c10h_val    : 0.3026 (acc: 0.9510)
[2018/09/25 21:35:09 __main__ INFO] - -            c10h_train_c10: 0.0588 (acc: 0.9868) | c10h_val_c10: 0.1511 (acc: 0.9510)
[2018/09/25 21:35:09 __main__ INFO] - -            v4            : 0.3380 (acc: 0.8906) |           v6: 0.3013 (acc: 0.9030)
[2018/09/25 21:35:09 __main__ INFO] - -            c10_50k       : 0.0342 (acc: 0.9989)
[2018/09/25 21:35:09 __main__ INFO] - Elapsed 48.15
keys:  dict_keys(['epoch', 'c10h_train_loss', 'c10h_train_acc', 'c10h_val_loss', 'c10h_val_acc', 'c10h_train_c10_loss', 'c10h_train_c10_acc', 'c10h_val_c10_loss', 'c10h_val_c10_acc', 'v4_loss', 'v4_acc', 'v6_loss', 'v6_acc', 'c10_50k_loss', 'c10_50k_acc']) 
 c10h_outdir:  /tigress/ruairidh/model_results/run_1/saves/wrn_28_10/con_False_lr_0.001_seed_1
[2018/09/25 21:35:10 __main__ INFO] - Train 98
[2018/09/25 21:35:29 __main__ INFO] - TEST 98
[2018/09/25 21:36:17 __main__ INFO] - - epoch 98    c10h_train    : 0.1930 (acc: 0.9904) | c10h_val    : 0.3019 (acc: 0.9540)
[2018/09/25 21:36:17 __main__ INFO] - -            c10h_train_c10: 0.0597 (acc: 0.9866) | c10h_val_c10: 0.1517 (acc: 0.9540)
[2018/09/25 21:36:17 __main__ INFO] - -            v4            : 0.3341 (acc: 0.8882) |           v6: 0.2986 (acc: 0.9055)
[2018/09/25 21:36:17 __main__ INFO] - -            c10_50k       : 0.0359 (acc: 0.9988)
[2018/09/25 21:36:17 __main__ INFO] - Elapsed 47.89
keys:  dict_keys(['epoch', 'c10h_train_loss', 'c10h_train_acc', 'c10h_val_loss', 'c10h_val_acc', 'c10h_train_c10_loss', 'c10h_train_c10_acc', 'c10h_val_c10_loss', 'c10h_val_c10_acc', 'v4_loss', 'v4_acc', 'v6_loss', 'v6_acc', 'c10_50k_loss', 'c10_50k_acc']) 
 c10h_outdir:  /tigress/ruairidh/model_results/run_1/saves/wrn_28_10/con_False_lr_0.001_seed_1
[2018/09/25 21:36:18 __main__ INFO] - Train 99
[2018/09/25 21:36:38 __main__ INFO] - TEST 99
[2018/09/25 21:37:26 __main__ INFO] - - epoch 99    c10h_train    : 0.1938 (acc: 0.9907) | c10h_val    : 0.3034 (acc: 0.9510)
[2018/09/25 21:37:26 __main__ INFO] - -            c10h_train_c10: 0.0600 (acc: 0.9867) | c10h_val_c10: 0.1530 (acc: 0.9510)
[2018/09/25 21:37:26 __main__ INFO] - -            v4            : 0.3416 (acc: 0.8906) |           v6: 0.2994 (acc: 0.9070)
[2018/09/25 21:37:26 __main__ INFO] - -            c10_50k       : 0.0349 (acc: 0.9987)
[2018/09/25 21:37:26 __main__ INFO] - Elapsed 48.00
keys:  dict_keys(['epoch', 'c10h_train_loss', 'c10h_train_acc', 'c10h_val_loss', 'c10h_val_acc', 'c10h_train_c10_loss', 'c10h_train_c10_acc', 'c10h_val_c10_loss', 'c10h_val_c10_acc', 'v4_loss', 'v4_acc', 'v6_loss', 'v6_acc', 'c10_50k_loss', 'c10_50k_acc']) 
 c10h_outdir:  /tigress/ruairidh/model_results/run_1/saves/wrn_28_10/con_False_lr_0.001_seed_1
[2018/09/25 21:37:27 __main__ INFO] - Train 100
[2018/09/25 21:37:47 __main__ INFO] - TEST 100
[2018/09/25 21:38:35 __main__ INFO] - - epoch 100    c10h_train    : 0.1937 (acc: 0.9910) | c10h_val    : 0.3034 (acc: 0.9500)
[2018/09/25 21:38:35 __main__ INFO] - -            c10h_train_c10: 0.0601 (acc: 0.9868) | c10h_val_c10: 0.1524 (acc: 0.9500)
[2018/09/25 21:38:35 __main__ INFO] - -            v4            : 0.3348 (acc: 0.8916) |           v6: 0.3006 (acc: 0.9040)
[2018/09/25 21:38:35 __main__ INFO] - -            c10_50k       : 0.0347 (acc: 0.9990)
[2018/09/25 21:38:35 __main__ INFO] - Elapsed 48.23
keys:  dict_keys(['epoch', 'c10h_train_loss', 'c10h_train_acc', 'c10h_val_loss', 'c10h_val_acc', 'c10h_train_c10_loss', 'c10h_train_c10_acc', 'c10h_val_c10_loss', 'c10h_val_c10_acc', 'v4_loss', 'v4_acc', 'v6_loss', 'v6_acc', 'c10_50k_loss', 'c10_50k_acc']) 
 c10h_outdir:  /tigress/ruairidh/model_results/run_1/saves/wrn_28_10/con_False_lr_0.001_seed_1
inner done
