entering inner script
activating virtual env
wrn_28_10
identifier: con_True_lr_0.001_seed_2
--arch=wrn --c10h_save_interval=2 --dataset=CIFAR10H --no_output --c10h_datasplit_seed=2 --human_tune --nonhuman_control=True --base_lr=0.001
wrn_28_10_control:True_lr:0.001_seed:2.out
entering python script
/tigress/ruairidh/model_results/run_1/wrn_28_10/model_best_state.pth
/tigress/ruairidh/model_results/run_1/saves/wrn_28_10/con_True_lr_0.001_seed_2
Using TensorFlow backend.
[2018/09/25 19:42:00 __main__ INFO] - {
  "model_config": {
    "arch": "wrn",
    "input_shape": [
      1,
      3,
      32,
      32
    ],
    "n_classes": 10,
    "base_channels": 16,
    "depth": 28,
    "widening_factor": 10,
    "drop_rate": 0
  },
  "optim_config": {
    "epochs": 200,
    "batch_size": 128,
    "optimizer": "sgd",
    "base_lr": 0.001,
    "weight_decay": 0.0005,
    "momentum": 0.9,
    "nesterov": true,
    "scheduler": "multistep",
    "milestones": [
      60,
      120,
      160
    ],
    "lr_decay": 0.2
  },
  "data_config": {
    "dataset": "CIFAR10H",
    "n_classes": 10,
    "num_workers": 7,
    "batch_size": 128,
    "use_cutout": false,
    "use_random_erasing": false,
    "use_mixup": false,
    "c10h_sample": false,
    "c10h_testsplit_percent": 0.1,
    "c10h_datasplit_seed": 2,
    "use_gpu": true
  },
  "run_config": {
    "seed": 17,
    "test_first": true,
    "gpu": "0",
    "tensorboard": false,
    "tensorboard_train_images": false,
    "tensorboard_test_images": false,
    "tensorboard_model_params": false,
    "resume": "/tigress/ruairidh/model_results/run_1/wrn_28_10/model_best_state.pth",
    "human_tune": true,
    "no_output": true,
    "test_only": false,
    "nonhuman_control": true,
    "c10h_scores_outdir": "/tigress/ruairidh/model_results/run_1/saves/wrn_28_10/con_True_lr_0.001_seed_2",
    "c10h_save_interval": "2",
    "use_gpu": true
  },
  "env_info": {
    "pytorch_version": "0.4.1",
    "cuda_version": "9.0.176",
    "cudnn_version": 7102,
    "gpu0": {
      "name": "Tesla P100-PCIE-16GB",
      "capability": "6.0"
    }
  }
}
Files already downloaded and verified
Files already downloaded and verified
Files already downloaded and verified
Files already downloaded and verified
Files already downloaded and verified
[2018/09/25 19:42:03 __main__ INFO] - Loading model...
[2018/09/25 19:42:04 __main__ INFO] - n_params: 36479194
[2018/09/25 19:42:06 __main__ INFO] - Done
=> loading checkpoint '/tigress/ruairidh/model_results/run_1/wrn_28_10/model_best_state.pth'
=> loaded checkpoint '/tigress/ruairidh/model_results/run_1/wrn_28_10/model_best_state.pth' (epoch 197)
[2018/09/25 19:42:10 __main__ INFO] - TEST 0
[2018/09/25 19:43:00 __main__ INFO] - - epoch 0    c10h_train    : 0.4530 (acc: 0.9493) | c10h_val    : 0.4780 (acc: 0.9620)
[2018/09/25 19:43:00 __main__ INFO] - -            c10h_train_c10: 0.1676 (acc: 0.9526) | c10h_val_c10: 0.1461 (acc: 0.9650)
[2018/09/25 19:43:00 __main__ INFO] - -            v4            : 0.4034 (acc: 0.8986) |           v6: 0.3818 (acc: 0.9100)
[2018/09/25 19:43:00 __main__ INFO] - -            c10_50k       : 0.0012 (acc: 1.0000)
[2018/09/25 19:43:00 __main__ INFO] - Elapsed 50.41
keys:  dict_keys(['epoch', 'c10h_train_loss', 'c10h_train_acc', 'c10h_val_loss', 'c10h_val_acc', 'c10h_train_c10_loss', 'c10h_train_c10_acc', 'c10h_val_c10_loss', 'c10h_val_c10_acc', 'v4_loss', 'v4_acc', 'v6_loss', 'v6_acc', 'c10_50k_loss', 'c10_50k_acc']) 
 c10h_outdir:  /tigress/ruairidh/model_results/run_1/saves/wrn_28_10/con_True_lr_0.001_seed_2
[2018/09/25 19:43:02 __main__ INFO] - Train 1
[2018/09/25 19:43:22 __main__ INFO] - TEST 1
[2018/09/25 19:44:09 __main__ INFO] - - epoch 1    c10h_train    : 0.3918 (acc: 0.9602) | c10h_val    : 0.4628 (acc: 0.9490)
[2018/09/25 19:44:09 __main__ INFO] - -            c10h_train_c10: 0.1075 (acc: 0.9634) | c10h_val_c10: 0.1505 (acc: 0.9540)
[2018/09/25 19:44:09 __main__ INFO] - -            v4            : 0.3732 (acc: 0.8966) |           v6: 0.3701 (acc: 0.9030)
[2018/09/25 19:44:09 __main__ INFO] - -            c10_50k       : 0.0031 (acc: 0.9999)
[2018/09/25 19:44:09 __main__ INFO] - Elapsed 47.48
keys:  dict_keys(['epoch', 'c10h_train_loss', 'c10h_train_acc', 'c10h_val_loss', 'c10h_val_acc', 'c10h_train_c10_loss', 'c10h_train_c10_acc', 'c10h_val_c10_loss', 'c10h_val_c10_acc', 'v4_loss', 'v4_acc', 'v6_loss', 'v6_acc', 'c10_50k_loss', 'c10_50k_acc']) 
 c10h_outdir:  /tigress/ruairidh/model_results/run_1/saves/wrn_28_10/con_True_lr_0.001_seed_2
[2018/09/25 19:44:11 __main__ INFO] - Train 2
[2018/09/25 19:44:31 __main__ INFO] - TEST 2
[2018/09/25 19:45:19 __main__ INFO] - - epoch 2    c10h_train    : 0.3646 (acc: 0.9667) | c10h_val    : 0.4647 (acc: 0.9470)
[2018/09/25 19:45:19 __main__ INFO] - -            c10h_train_c10: 0.0764 (acc: 0.9710) | c10h_val_c10: 0.1650 (acc: 0.9500)
[2018/09/25 19:45:19 __main__ INFO] - -            v4            : 0.3894 (acc: 0.8808) |           v6: 0.3477 (acc: 0.9025)
[2018/09/25 19:45:19 __main__ INFO] - -            c10_50k       : 0.0045 (acc: 0.9998)
[2018/09/25 19:45:19 __main__ INFO] - Elapsed 48.15
keys:  dict_keys(['epoch', 'c10h_train_loss', 'c10h_train_acc', 'c10h_val_loss', 'c10h_val_acc', 'c10h_train_c10_loss', 'c10h_train_c10_acc', 'c10h_val_c10_loss', 'c10h_val_c10_acc', 'v4_loss', 'v4_acc', 'v6_loss', 'v6_acc', 'c10_50k_loss', 'c10_50k_acc']) 
 c10h_outdir:  /tigress/ruairidh/model_results/run_1/saves/wrn_28_10/con_True_lr_0.001_seed_2
[2018/09/25 19:45:20 __main__ INFO] - Train 3
[2018/09/25 19:45:39 __main__ INFO] - TEST 3
[2018/09/25 19:46:27 __main__ INFO] - - epoch 3    c10h_train    : 0.3458 (acc: 0.9742) | c10h_val    : 0.4514 (acc: 0.9570)
[2018/09/25 19:46:28 __main__ INFO] - -            c10h_train_c10: 0.0559 (acc: 0.9796) | c10h_val_c10: 0.1547 (acc: 0.9600)
[2018/09/25 19:46:28 __main__ INFO] - -            v4            : 0.3771 (acc: 0.8877) |           v6: 0.3359 (acc: 0.9045)
[2018/09/25 19:46:28 __main__ INFO] - -            c10_50k       : 0.0047 (acc: 0.9996)
[2018/09/25 19:46:28 __main__ INFO] - Elapsed 48.23
keys:  dict_keys(['epoch', 'c10h_train_loss', 'c10h_train_acc', 'c10h_val_loss', 'c10h_val_acc', 'c10h_train_c10_loss', 'c10h_train_c10_acc', 'c10h_val_c10_loss', 'c10h_val_c10_acc', 'v4_loss', 'v4_acc', 'v6_loss', 'v6_acc', 'c10_50k_loss', 'c10_50k_acc']) 
 c10h_outdir:  /tigress/ruairidh/model_results/run_1/saves/wrn_28_10/con_True_lr_0.001_seed_2
[2018/09/25 19:46:29 __main__ INFO] - Train 4
[2018/09/25 19:46:48 __main__ INFO] - TEST 4
[2018/09/25 19:47:37 __main__ INFO] - - epoch 4    c10h_train    : 0.3394 (acc: 0.9792) | c10h_val    : 0.4566 (acc: 0.9530)
[2018/09/25 19:47:37 __main__ INFO] - -            c10h_train_c10: 0.0394 (acc: 0.9849) | c10h_val_c10: 0.1540 (acc: 0.9560)
[2018/09/25 19:47:37 __main__ INFO] - -            v4            : 0.3536 (acc: 0.8931) |           v6: 0.3479 (acc: 0.9025)
[2018/09/25 19:47:37 __main__ INFO] - -            c10_50k       : 0.0041 (acc: 0.9998)
[2018/09/25 19:47:37 __main__ INFO] - Elapsed 48.37
keys:  dict_keys(['epoch', 'c10h_train_loss', 'c10h_train_acc', 'c10h_val_loss', 'c10h_val_acc', 'c10h_train_c10_loss', 'c10h_train_c10_acc', 'c10h_val_c10_loss', 'c10h_val_c10_acc', 'v4_loss', 'v4_acc', 'v6_loss', 'v6_acc', 'c10_50k_loss', 'c10_50k_acc']) 
 c10h_outdir:  /tigress/ruairidh/model_results/run_1/saves/wrn_28_10/con_True_lr_0.001_seed_2
[2018/09/25 19:47:38 __main__ INFO] - Train 5
[2018/09/25 19:47:58 __main__ INFO] - TEST 5
[2018/09/25 19:48:46 __main__ INFO] - - epoch 5    c10h_train    : 0.3427 (acc: 0.9813) | c10h_val    : 0.4559 (acc: 0.9540)
[2018/09/25 19:48:46 __main__ INFO] - -            c10h_train_c10: 0.0319 (acc: 0.9876) | c10h_val_c10: 0.1489 (acc: 0.9570)
[2018/09/25 19:48:46 __main__ INFO] - -            v4            : 0.3781 (acc: 0.8926) |           v6: 0.3478 (acc: 0.9015)
[2018/09/25 19:48:46 __main__ INFO] - -            c10_50k       : 0.0038 (acc: 0.9997)
[2018/09/25 19:48:46 __main__ INFO] - Elapsed 48.16
keys:  dict_keys(['epoch', 'c10h_train_loss', 'c10h_train_acc', 'c10h_val_loss', 'c10h_val_acc', 'c10h_train_c10_loss', 'c10h_train_c10_acc', 'c10h_val_c10_loss', 'c10h_val_c10_acc', 'v4_loss', 'v4_acc', 'v6_loss', 'v6_acc', 'c10_50k_loss', 'c10_50k_acc']) 
 c10h_outdir:  /tigress/ruairidh/model_results/run_1/saves/wrn_28_10/con_True_lr_0.001_seed_2
[2018/09/25 19:48:48 __main__ INFO] - Train 6
[2018/09/25 19:49:07 __main__ INFO] - TEST 6
[2018/09/25 19:49:55 __main__ INFO] - - epoch 6    c10h_train    : 0.3431 (acc: 0.9833) | c10h_val    : 0.4712 (acc: 0.9480)
[2018/09/25 19:49:55 __main__ INFO] - -            c10h_train_c10: 0.0249 (acc: 0.9898) | c10h_val_c10: 0.1637 (acc: 0.9510)
[2018/09/25 19:49:55 __main__ INFO] - -            v4            : 0.3895 (acc: 0.8852) |           v6: 0.3664 (acc: 0.8990)
[2018/09/25 19:49:55 __main__ INFO] - -            c10_50k       : 0.0045 (acc: 0.9996)
[2018/09/25 19:49:55 __main__ INFO] - Elapsed 47.83
keys:  dict_keys(['epoch', 'c10h_train_loss', 'c10h_train_acc', 'c10h_val_loss', 'c10h_val_acc', 'c10h_train_c10_loss', 'c10h_train_c10_acc', 'c10h_val_c10_loss', 'c10h_val_c10_acc', 'v4_loss', 'v4_acc', 'v6_loss', 'v6_acc', 'c10_50k_loss', 'c10_50k_acc']) 
 c10h_outdir:  /tigress/ruairidh/model_results/run_1/saves/wrn_28_10/con_True_lr_0.001_seed_2
[2018/09/25 19:49:57 __main__ INFO] - Train 7
[2018/09/25 19:50:16 __main__ INFO] - TEST 7
[2018/09/25 19:51:04 __main__ INFO] - - epoch 7    c10h_train    : 0.3434 (acc: 0.9843) | c10h_val    : 0.4622 (acc: 0.9540)
[2018/09/25 19:51:04 __main__ INFO] - -            c10h_train_c10: 0.0186 (acc: 0.9914) | c10h_val_c10: 0.1507 (acc: 0.9570)
[2018/09/25 19:51:04 __main__ INFO] - -            v4            : 0.3928 (acc: 0.8892) |           v6: 0.3839 (acc: 0.8975)
[2018/09/25 19:51:04 __main__ INFO] - -            c10_50k       : 0.0038 (acc: 0.9996)
[2018/09/25 19:51:04 __main__ INFO] - Elapsed 47.67
keys:  dict_keys(['epoch', 'c10h_train_loss', 'c10h_train_acc', 'c10h_val_loss', 'c10h_val_acc', 'c10h_train_c10_loss', 'c10h_train_c10_acc', 'c10h_val_c10_loss', 'c10h_val_c10_acc', 'v4_loss', 'v4_acc', 'v6_loss', 'v6_acc', 'c10_50k_loss', 'c10_50k_acc']) 
 c10h_outdir:  /tigress/ruairidh/model_results/run_1/saves/wrn_28_10/con_True_lr_0.001_seed_2
[2018/09/25 19:51:05 __main__ INFO] - Train 8
[2018/09/25 19:51:25 __main__ INFO] - TEST 8
[2018/09/25 19:52:12 __main__ INFO] - - epoch 8    c10h_train    : 0.3528 (acc: 0.9833) | c10h_val    : 0.4804 (acc: 0.9560)
[2018/09/25 19:52:12 __main__ INFO] - -            c10h_train_c10: 0.0195 (acc: 0.9903) | c10h_val_c10: 0.1676 (acc: 0.9590)
[2018/09/25 19:52:12 __main__ INFO] - -            v4            : 0.4009 (acc: 0.8906) |           v6: 0.3675 (acc: 0.9025)
[2018/09/25 19:52:12 __main__ INFO] - -            c10_50k       : 0.0039 (acc: 0.9996)
[2018/09/25 19:52:12 __main__ INFO] - Elapsed 47.76
keys:  dict_keys(['epoch', 'c10h_train_loss', 'c10h_train_acc', 'c10h_val_loss', 'c10h_val_acc', 'c10h_train_c10_loss', 'c10h_train_c10_acc', 'c10h_val_c10_loss', 'c10h_val_c10_acc', 'v4_loss', 'v4_acc', 'v6_loss', 'v6_acc', 'c10_50k_loss', 'c10_50k_acc']) 
 c10h_outdir:  /tigress/ruairidh/model_results/run_1/saves/wrn_28_10/con_True_lr_0.001_seed_2
[2018/09/25 19:52:14 __main__ INFO] - Train 9
[2018/09/25 19:52:33 __main__ INFO] - TEST 9
[2018/09/25 19:53:21 __main__ INFO] - - epoch 9    c10h_train    : 0.3520 (acc: 0.9856) | c10h_val    : 0.4873 (acc: 0.9520)
[2018/09/25 19:53:21 __main__ INFO] - -            c10h_train_c10: 0.0145 (acc: 0.9929) | c10h_val_c10: 0.1719 (acc: 0.9550)
[2018/09/25 19:53:21 __main__ INFO] - -            v4            : 0.3907 (acc: 0.8867) |           v6: 0.3821 (acc: 0.8970)
[2018/09/25 19:53:21 __main__ INFO] - -            c10_50k       : 0.0036 (acc: 0.9997)
[2018/09/25 19:53:21 __main__ INFO] - Elapsed 47.69
keys:  dict_keys(['epoch', 'c10h_train_loss', 'c10h_train_acc', 'c10h_val_loss', 'c10h_val_acc', 'c10h_train_c10_loss', 'c10h_train_c10_acc', 'c10h_val_c10_loss', 'c10h_val_c10_acc', 'v4_loss', 'v4_acc', 'v6_loss', 'v6_acc', 'c10_50k_loss', 'c10_50k_acc']) 
 c10h_outdir:  /tigress/ruairidh/model_results/run_1/saves/wrn_28_10/con_True_lr_0.001_seed_2
[2018/09/25 19:53:21 __main__ INFO] - Train 10
[2018/09/25 19:53:41 __main__ INFO] - TEST 10
[2018/09/25 19:54:29 __main__ INFO] - - epoch 10    c10h_train    : 0.3529 (acc: 0.9849) | c10h_val    : 0.4781 (acc: 0.9570)
[2018/09/25 19:54:29 __main__ INFO] - -            c10h_train_c10: 0.0131 (acc: 0.9924) | c10h_val_c10: 0.1659 (acc: 0.9590)
[2018/09/25 19:54:29 __main__ INFO] - -            v4            : 0.4007 (acc: 0.8892) |           v6: 0.3850 (acc: 0.8995)
[2018/09/25 19:54:29 __main__ INFO] - -            c10_50k       : 0.0036 (acc: 0.9997)
[2018/09/25 19:54:29 __main__ INFO] - Elapsed 47.63
keys:  dict_keys(['epoch', 'c10h_train_loss', 'c10h_train_acc', 'c10h_val_loss', 'c10h_val_acc', 'c10h_train_c10_loss', 'c10h_train_c10_acc', 'c10h_val_c10_loss', 'c10h_val_c10_acc', 'v4_loss', 'v4_acc', 'v6_loss', 'v6_acc', 'c10_50k_loss', 'c10_50k_acc']) 
 c10h_outdir:  /tigress/ruairidh/model_results/run_1/saves/wrn_28_10/con_True_lr_0.001_seed_2
[2018/09/25 19:54:30 __main__ INFO] - Train 11
[2018/09/25 19:54:49 __main__ INFO] - TEST 11
[2018/09/25 19:55:36 __main__ INFO] - - epoch 11    c10h_train    : 0.3599 (acc: 0.9867) | c10h_val    : 0.4752 (acc: 0.9570)
[2018/09/25 19:55:37 __main__ INFO] - -            c10h_train_c10: 0.0113 (acc: 0.9939) | c10h_val_c10: 0.1544 (acc: 0.9600)
[2018/09/25 19:55:37 __main__ INFO] - -            v4            : 0.4154 (acc: 0.8862) |           v6: 0.4051 (acc: 0.8975)
[2018/09/25 19:55:37 __main__ INFO] - -            c10_50k       : 0.0041 (acc: 0.9994)
[2018/09/25 19:55:37 __main__ INFO] - Elapsed 47.37
keys:  dict_keys(['epoch', 'c10h_train_loss', 'c10h_train_acc', 'c10h_val_loss', 'c10h_val_acc', 'c10h_train_c10_loss', 'c10h_train_c10_acc', 'c10h_val_c10_loss', 'c10h_val_c10_acc', 'v4_loss', 'v4_acc', 'v6_loss', 'v6_acc', 'c10_50k_loss', 'c10_50k_acc']) 
 c10h_outdir:  /tigress/ruairidh/model_results/run_1/saves/wrn_28_10/con_True_lr_0.001_seed_2
[2018/09/25 19:55:38 __main__ INFO] - Train 12
[2018/09/25 19:55:58 __main__ INFO] - TEST 12
[2018/09/25 19:56:46 __main__ INFO] - - epoch 12    c10h_train    : 0.3628 (acc: 0.9862) | c10h_val    : 0.4926 (acc: 0.9530)
[2018/09/25 19:56:46 __main__ INFO] - -            c10h_train_c10: 0.0099 (acc: 0.9939) | c10h_val_c10: 0.1703 (acc: 0.9560)
[2018/09/25 19:56:46 __main__ INFO] - -            v4            : 0.4130 (acc: 0.8911) |           v6: 0.4032 (acc: 0.9005)
[2018/09/25 19:56:46 __main__ INFO] - -            c10_50k       : 0.0039 (acc: 0.9995)
[2018/09/25 19:56:46 __main__ INFO] - Elapsed 47.83
keys:  dict_keys(['epoch', 'c10h_train_loss', 'c10h_train_acc', 'c10h_val_loss', 'c10h_val_acc', 'c10h_train_c10_loss', 'c10h_train_c10_acc', 'c10h_val_c10_loss', 'c10h_val_c10_acc', 'v4_loss', 'v4_acc', 'v6_loss', 'v6_acc', 'c10_50k_loss', 'c10_50k_acc']) 
 c10h_outdir:  /tigress/ruairidh/model_results/run_1/saves/wrn_28_10/con_True_lr_0.001_seed_2
[2018/09/25 19:56:48 __main__ INFO] - Train 13
[2018/09/25 19:57:07 __main__ INFO] - TEST 13
[2018/09/25 19:57:55 __main__ INFO] - - epoch 13    c10h_train    : 0.3638 (acc: 0.9869) | c10h_val    : 0.4882 (acc: 0.9540)
[2018/09/25 19:57:55 __main__ INFO] - -            c10h_train_c10: 0.0090 (acc: 0.9944) | c10h_val_c10: 0.1618 (acc: 0.9570)
[2018/09/25 19:57:55 __main__ INFO] - -            v4            : 0.4364 (acc: 0.8817) |           v6: 0.3934 (acc: 0.9000)
[2018/09/25 19:57:55 __main__ INFO] - -            c10_50k       : 0.0034 (acc: 0.9997)
[2018/09/25 19:57:55 __main__ INFO] - Elapsed 47.88
keys:  dict_keys(['epoch', 'c10h_train_loss', 'c10h_train_acc', 'c10h_val_loss', 'c10h_val_acc', 'c10h_train_c10_loss', 'c10h_train_c10_acc', 'c10h_val_c10_loss', 'c10h_val_c10_acc', 'v4_loss', 'v4_acc', 'v6_loss', 'v6_acc', 'c10_50k_loss', 'c10_50k_acc']) 
 c10h_outdir:  /tigress/ruairidh/model_results/run_1/saves/wrn_28_10/con_True_lr_0.001_seed_2
[2018/09/25 19:57:57 __main__ INFO] - Train 14
[2018/09/25 19:58:17 __main__ INFO] - TEST 14
[2018/09/25 19:59:04 __main__ INFO] - - epoch 14    c10h_train    : 0.3664 (acc: 0.9870) | c10h_val    : 0.4937 (acc: 0.9540)
[2018/09/25 19:59:04 __main__ INFO] - -            c10h_train_c10: 0.0081 (acc: 0.9944) | c10h_val_c10: 0.1675 (acc: 0.9570)
[2018/09/25 19:59:04 __main__ INFO] - -            v4            : 0.4113 (acc: 0.8966) |           v6: 0.3937 (acc: 0.8990)
[2018/09/25 19:59:04 __main__ INFO] - -            c10_50k       : 0.0036 (acc: 0.9996)
[2018/09/25 19:59:04 __main__ INFO] - Elapsed 47.66
keys:  dict_keys(['epoch', 'c10h_train_loss', 'c10h_train_acc', 'c10h_val_loss', 'c10h_val_acc', 'c10h_train_c10_loss', 'c10h_train_c10_acc', 'c10h_val_c10_loss', 'c10h_val_c10_acc', 'v4_loss', 'v4_acc', 'v6_loss', 'v6_acc', 'c10_50k_loss', 'c10_50k_acc']) 
 c10h_outdir:  /tigress/ruairidh/model_results/run_1/saves/wrn_28_10/con_True_lr_0.001_seed_2
[2018/09/25 19:59:06 __main__ INFO] - Train 15
[2018/09/25 19:59:26 __main__ INFO] - TEST 15
[2018/09/25 20:00:14 __main__ INFO] - - epoch 15    c10h_train    : 0.3691 (acc: 0.9872) | c10h_val    : 0.5032 (acc: 0.9540)
[2018/09/25 20:00:14 __main__ INFO] - -            c10h_train_c10: 0.0067 (acc: 0.9948) | c10h_val_c10: 0.1716 (acc: 0.9570)
[2018/09/25 20:00:14 __main__ INFO] - -            v4            : 0.4108 (acc: 0.8897) |           v6: 0.4038 (acc: 0.9020)
[2018/09/25 20:00:14 __main__ INFO] - -            c10_50k       : 0.0037 (acc: 0.9995)
[2018/09/25 20:00:14 __main__ INFO] - Elapsed 47.73
keys:  dict_keys(['epoch', 'c10h_train_loss', 'c10h_train_acc', 'c10h_val_loss', 'c10h_val_acc', 'c10h_train_c10_loss', 'c10h_train_c10_acc', 'c10h_val_c10_loss', 'c10h_val_c10_acc', 'v4_loss', 'v4_acc', 'v6_loss', 'v6_acc', 'c10_50k_loss', 'c10_50k_acc']) 
 c10h_outdir:  /tigress/ruairidh/model_results/run_1/saves/wrn_28_10/con_True_lr_0.001_seed_2
[2018/09/25 20:00:16 __main__ INFO] - Train 16
[2018/09/25 20:00:35 __main__ INFO] - TEST 16
[2018/09/25 20:01:23 __main__ INFO] - - epoch 16    c10h_train    : 0.3686 (acc: 0.9874) | c10h_val    : 0.4984 (acc: 0.9480)
[2018/09/25 20:01:23 __main__ INFO] - -            c10h_train_c10: 0.0059 (acc: 0.9948) | c10h_val_c10: 0.1731 (acc: 0.9510)
[2018/09/25 20:01:23 __main__ INFO] - -            v4            : 0.4228 (acc: 0.8877) |           v6: 0.4067 (acc: 0.8980)
[2018/09/25 20:01:23 __main__ INFO] - -            c10_50k       : 0.0036 (acc: 0.9996)
[2018/09/25 20:01:23 __main__ INFO] - Elapsed 47.56
keys:  dict_keys(['epoch', 'c10h_train_loss', 'c10h_train_acc', 'c10h_val_loss', 'c10h_val_acc', 'c10h_train_c10_loss', 'c10h_train_c10_acc', 'c10h_val_c10_loss', 'c10h_val_c10_acc', 'v4_loss', 'v4_acc', 'v6_loss', 'v6_acc', 'c10_50k_loss', 'c10_50k_acc']) 
 c10h_outdir:  /tigress/ruairidh/model_results/run_1/saves/wrn_28_10/con_True_lr_0.001_seed_2
[2018/09/25 20:01:25 __main__ INFO] - Train 17
[2018/09/25 20:01:44 __main__ INFO] - TEST 17
[2018/09/25 20:02:31 __main__ INFO] - - epoch 17    c10h_train    : 0.3713 (acc: 0.9870) | c10h_val    : 0.5006 (acc: 0.9520)
[2018/09/25 20:02:32 __main__ INFO] - -            c10h_train_c10: 0.0060 (acc: 0.9949) | c10h_val_c10: 0.1776 (acc: 0.9550)
[2018/09/25 20:02:32 __main__ INFO] - -            v4            : 0.3997 (acc: 0.8877) |           v6: 0.4030 (acc: 0.8985)
[2018/09/25 20:02:32 __main__ INFO] - -            c10_50k       : 0.0040 (acc: 0.9995)
[2018/09/25 20:02:32 __main__ INFO] - Elapsed 47.49
keys:  dict_keys(['epoch', 'c10h_train_loss', 'c10h_train_acc', 'c10h_val_loss', 'c10h_val_acc', 'c10h_train_c10_loss', 'c10h_train_c10_acc', 'c10h_val_c10_loss', 'c10h_val_c10_acc', 'v4_loss', 'v4_acc', 'v6_loss', 'v6_acc', 'c10_50k_loss', 'c10_50k_acc']) 
 c10h_outdir:  /tigress/ruairidh/model_results/run_1/saves/wrn_28_10/con_True_lr_0.001_seed_2
[2018/09/25 20:02:34 __main__ INFO] - Train 18
[2018/09/25 20:02:53 __main__ INFO] - TEST 18
[2018/09/25 20:03:40 __main__ INFO] - - epoch 18    c10h_train    : 0.3815 (acc: 0.9872) | c10h_val    : 0.5090 (acc: 0.9490)
[2018/09/25 20:03:41 __main__ INFO] - -            c10h_train_c10: 0.0049 (acc: 0.9953) | c10h_val_c10: 0.1814 (acc: 0.9520)
[2018/09/25 20:03:41 __main__ INFO] - -            v4            : 0.4160 (acc: 0.8892) |           v6: 0.4148 (acc: 0.8960)
[2018/09/25 20:03:41 __main__ INFO] - -            c10_50k       : 0.0044 (acc: 0.9992)
[2018/09/25 20:03:41 __main__ INFO] - Elapsed 47.38
keys:  dict_keys(['epoch', 'c10h_train_loss', 'c10h_train_acc', 'c10h_val_loss', 'c10h_val_acc', 'c10h_train_c10_loss', 'c10h_train_c10_acc', 'c10h_val_c10_loss', 'c10h_val_c10_acc', 'v4_loss', 'v4_acc', 'v6_loss', 'v6_acc', 'c10_50k_loss', 'c10_50k_acc']) 
 c10h_outdir:  /tigress/ruairidh/model_results/run_1/saves/wrn_28_10/con_True_lr_0.001_seed_2
[2018/09/25 20:03:43 __main__ INFO] - Train 19
[2018/09/25 20:04:02 __main__ INFO] - TEST 19
[2018/09/25 20:04:49 __main__ INFO] - - epoch 19    c10h_train    : 0.3793 (acc: 0.9870) | c10h_val    : 0.5064 (acc: 0.9510)
[2018/09/25 20:04:50 __main__ INFO] - -            c10h_train_c10: 0.0048 (acc: 0.9949) | c10h_val_c10: 0.1749 (acc: 0.9540)
[2018/09/25 20:04:50 __main__ INFO] - -            v4            : 0.4173 (acc: 0.8892) |           v6: 0.4094 (acc: 0.8985)
[2018/09/25 20:04:50 __main__ INFO] - -            c10_50k       : 0.0035 (acc: 0.9996)
[2018/09/25 20:04:50 __main__ INFO] - Elapsed 47.50
keys:  dict_keys(['epoch', 'c10h_train_loss', 'c10h_train_acc', 'c10h_val_loss', 'c10h_val_acc', 'c10h_train_c10_loss', 'c10h_train_c10_acc', 'c10h_val_c10_loss', 'c10h_val_c10_acc', 'v4_loss', 'v4_acc', 'v6_loss', 'v6_acc', 'c10_50k_loss', 'c10_50k_acc']) 
 c10h_outdir:  /tigress/ruairidh/model_results/run_1/saves/wrn_28_10/con_True_lr_0.001_seed_2
[2018/09/25 20:04:51 __main__ INFO] - Train 20
[2018/09/25 20:05:10 __main__ INFO] - TEST 20
[2018/09/25 20:05:58 __main__ INFO] - - epoch 20    c10h_train    : 0.3817 (acc: 0.9874) | c10h_val    : 0.5120 (acc: 0.9520)
[2018/09/25 20:05:58 __main__ INFO] - -            c10h_train_c10: 0.0044 (acc: 0.9953) | c10h_val_c10: 0.1787 (acc: 0.9550)
[2018/09/25 20:05:58 __main__ INFO] - -            v4            : 0.4199 (acc: 0.8906) |           v6: 0.4103 (acc: 0.9015)
[2018/09/25 20:05:58 __main__ INFO] - -            c10_50k       : 0.0038 (acc: 0.9995)
[2018/09/25 20:05:58 __main__ INFO] - Elapsed 47.65
keys:  dict_keys(['epoch', 'c10h_train_loss', 'c10h_train_acc', 'c10h_val_loss', 'c10h_val_acc', 'c10h_train_c10_loss', 'c10h_train_c10_acc', 'c10h_val_c10_loss', 'c10h_val_c10_acc', 'v4_loss', 'v4_acc', 'v6_loss', 'v6_acc', 'c10_50k_loss', 'c10_50k_acc']) 
 c10h_outdir:  /tigress/ruairidh/model_results/run_1/saves/wrn_28_10/con_True_lr_0.001_seed_2
[2018/09/25 20:06:00 __main__ INFO] - Train 21
[2018/09/25 20:06:19 __main__ INFO] - TEST 21
[2018/09/25 20:07:06 __main__ INFO] - - epoch 21    c10h_train    : 0.3773 (acc: 0.9871) | c10h_val    : 0.5001 (acc: 0.9520)
[2018/09/25 20:07:06 __main__ INFO] - -            c10h_train_c10: 0.0047 (acc: 0.9951) | c10h_val_c10: 0.1697 (acc: 0.9550)
[2018/09/25 20:07:06 __main__ INFO] - -            v4            : 0.4268 (acc: 0.8867) |           v6: 0.4081 (acc: 0.9030)
[2018/09/25 20:07:06 __main__ INFO] - -            c10_50k       : 0.0037 (acc: 0.9995)
[2018/09/25 20:07:06 __main__ INFO] - Elapsed 47.30
keys:  dict_keys(['epoch', 'c10h_train_loss', 'c10h_train_acc', 'c10h_val_loss', 'c10h_val_acc', 'c10h_train_c10_loss', 'c10h_train_c10_acc', 'c10h_val_c10_loss', 'c10h_val_c10_acc', 'v4_loss', 'v4_acc', 'v6_loss', 'v6_acc', 'c10_50k_loss', 'c10_50k_acc']) 
 c10h_outdir:  /tigress/ruairidh/model_results/run_1/saves/wrn_28_10/con_True_lr_0.001_seed_2
[2018/09/25 20:07:08 __main__ INFO] - Train 22
[2018/09/25 20:07:28 __main__ INFO] - TEST 22
[2018/09/25 20:08:15 __main__ INFO] - - epoch 22    c10h_train    : 0.3800 (acc: 0.9871) | c10h_val    : 0.5063 (acc: 0.9520)
[2018/09/25 20:08:16 __main__ INFO] - -            c10h_train_c10: 0.0043 (acc: 0.9951) | c10h_val_c10: 0.1729 (acc: 0.9550)
[2018/09/25 20:08:16 __main__ INFO] - -            v4            : 0.4169 (acc: 0.8921) |           v6: 0.4036 (acc: 0.9040)
[2018/09/25 20:08:16 __main__ INFO] - -            c10_50k       : 0.0039 (acc: 0.9994)
[2018/09/25 20:08:16 __main__ INFO] - Elapsed 47.79
keys:  dict_keys(['epoch', 'c10h_train_loss', 'c10h_train_acc', 'c10h_val_loss', 'c10h_val_acc', 'c10h_train_c10_loss', 'c10h_train_c10_acc', 'c10h_val_c10_loss', 'c10h_val_c10_acc', 'v4_loss', 'v4_acc', 'v6_loss', 'v6_acc', 'c10_50k_loss', 'c10_50k_acc']) 
 c10h_outdir:  /tigress/ruairidh/model_results/run_1/saves/wrn_28_10/con_True_lr_0.001_seed_2
[2018/09/25 20:08:17 __main__ INFO] - Train 23
[2018/09/25 20:08:37 __main__ INFO] - TEST 23
[2018/09/25 20:09:25 __main__ INFO] - - epoch 23    c10h_train    : 0.3848 (acc: 0.9872) | c10h_val    : 0.5031 (acc: 0.9540)
[2018/09/25 20:09:25 __main__ INFO] - -            c10h_train_c10: 0.0037 (acc: 0.9953) | c10h_val_c10: 0.1674 (acc: 0.9570)
[2018/09/25 20:09:25 __main__ INFO] - -            v4            : 0.4248 (acc: 0.8902) |           v6: 0.4143 (acc: 0.9015)
[2018/09/25 20:09:25 __main__ INFO] - -            c10_50k       : 0.0038 (acc: 0.9993)
[2018/09/25 20:09:25 __main__ INFO] - Elapsed 47.81
keys:  dict_keys(['epoch', 'c10h_train_loss', 'c10h_train_acc', 'c10h_val_loss', 'c10h_val_acc', 'c10h_train_c10_loss', 'c10h_train_c10_acc', 'c10h_val_c10_loss', 'c10h_val_c10_acc', 'v4_loss', 'v4_acc', 'v6_loss', 'v6_acc', 'c10_50k_loss', 'c10_50k_acc']) 
 c10h_outdir:  /tigress/ruairidh/model_results/run_1/saves/wrn_28_10/con_True_lr_0.001_seed_2
[2018/09/25 20:09:26 __main__ INFO] - Train 24
[2018/09/25 20:09:45 __main__ INFO] - TEST 24
[2018/09/25 20:10:32 __main__ INFO] - - epoch 24    c10h_train    : 0.3849 (acc: 0.9872) | c10h_val    : 0.5078 (acc: 0.9540)
[2018/09/25 20:10:32 __main__ INFO] - -            c10h_train_c10: 0.0035 (acc: 0.9953) | c10h_val_c10: 0.1704 (acc: 0.9570)
[2018/09/25 20:10:32 __main__ INFO] - -            v4            : 0.4239 (acc: 0.8857) |           v6: 0.4035 (acc: 0.9015)
[2018/09/25 20:10:32 __main__ INFO] - -            c10_50k       : 0.0034 (acc: 0.9995)
[2018/09/25 20:10:32 __main__ INFO] - Elapsed 47.41
keys:  dict_keys(['epoch', 'c10h_train_loss', 'c10h_train_acc', 'c10h_val_loss', 'c10h_val_acc', 'c10h_train_c10_loss', 'c10h_train_c10_acc', 'c10h_val_c10_loss', 'c10h_val_c10_acc', 'v4_loss', 'v4_acc', 'v6_loss', 'v6_acc', 'c10_50k_loss', 'c10_50k_acc']) 
 c10h_outdir:  /tigress/ruairidh/model_results/run_1/saves/wrn_28_10/con_True_lr_0.001_seed_2
[2018/09/25 20:10:34 __main__ INFO] - Train 25
[2018/09/25 20:10:54 __main__ INFO] - TEST 25
[2018/09/25 20:11:42 __main__ INFO] - - epoch 25    c10h_train    : 0.3842 (acc: 0.9873) | c10h_val    : 0.5059 (acc: 0.9560)
[2018/09/25 20:11:42 __main__ INFO] - -            c10h_train_c10: 0.0030 (acc: 0.9954) | c10h_val_c10: 0.1714 (acc: 0.9590)
[2018/09/25 20:11:42 __main__ INFO] - -            v4            : 0.4282 (acc: 0.8892) |           v6: 0.4126 (acc: 0.9020)
[2018/09/25 20:11:42 __main__ INFO] - -            c10_50k       : 0.0038 (acc: 0.9994)
[2018/09/25 20:11:42 __main__ INFO] - Elapsed 47.86
keys:  dict_keys(['epoch', 'c10h_train_loss', 'c10h_train_acc', 'c10h_val_loss', 'c10h_val_acc', 'c10h_train_c10_loss', 'c10h_train_c10_acc', 'c10h_val_c10_loss', 'c10h_val_c10_acc', 'v4_loss', 'v4_acc', 'v6_loss', 'v6_acc', 'c10_50k_loss', 'c10_50k_acc']) 
 c10h_outdir:  /tigress/ruairidh/model_results/run_1/saves/wrn_28_10/con_True_lr_0.001_seed_2
[2018/09/25 20:11:44 __main__ INFO] - Train 26
[2018/09/25 20:12:04 __main__ INFO] - TEST 26
[2018/09/25 20:12:51 __main__ INFO] - - epoch 26    c10h_train    : 0.3827 (acc: 0.9876) | c10h_val    : 0.5022 (acc: 0.9570)
[2018/09/25 20:12:51 __main__ INFO] - -            c10h_train_c10: 0.0030 (acc: 0.9956) | c10h_val_c10: 0.1701 (acc: 0.9600)
[2018/09/25 20:12:51 __main__ INFO] - -            v4            : 0.4172 (acc: 0.8867) |           v6: 0.4184 (acc: 0.9000)
[2018/09/25 20:12:51 __main__ INFO] - -            c10_50k       : 0.0037 (acc: 0.9995)
[2018/09/25 20:12:51 __main__ INFO] - Elapsed 47.52
keys:  dict_keys(['epoch', 'c10h_train_loss', 'c10h_train_acc', 'c10h_val_loss', 'c10h_val_acc', 'c10h_train_c10_loss', 'c10h_train_c10_acc', 'c10h_val_c10_loss', 'c10h_val_c10_acc', 'v4_loss', 'v4_acc', 'v6_loss', 'v6_acc', 'c10_50k_loss', 'c10_50k_acc']) 
 c10h_outdir:  /tigress/ruairidh/model_results/run_1/saves/wrn_28_10/con_True_lr_0.001_seed_2
[2018/09/25 20:12:53 __main__ INFO] - Train 27
[2018/09/25 20:13:12 __main__ INFO] - TEST 27
[2018/09/25 20:14:00 __main__ INFO] - - epoch 27    c10h_train    : 0.3857 (acc: 0.9874) | c10h_val    : 0.5048 (acc: 0.9570)
[2018/09/25 20:14:00 __main__ INFO] - -            c10h_train_c10: 0.0031 (acc: 0.9956) | c10h_val_c10: 0.1702 (acc: 0.9600)
[2018/09/25 20:14:00 __main__ INFO] - -            v4            : 0.4291 (acc: 0.8867) |           v6: 0.4188 (acc: 0.9010)
[2018/09/25 20:14:00 __main__ INFO] - -            c10_50k       : 0.0039 (acc: 0.9993)
[2018/09/25 20:14:00 __main__ INFO] - Elapsed 47.71
keys:  dict_keys(['epoch', 'c10h_train_loss', 'c10h_train_acc', 'c10h_val_loss', 'c10h_val_acc', 'c10h_train_c10_loss', 'c10h_train_c10_acc', 'c10h_val_c10_loss', 'c10h_val_c10_acc', 'v4_loss', 'v4_acc', 'v6_loss', 'v6_acc', 'c10_50k_loss', 'c10_50k_acc']) 
 c10h_outdir:  /tigress/ruairidh/model_results/run_1/saves/wrn_28_10/con_True_lr_0.001_seed_2
[2018/09/25 20:14:01 __main__ INFO] - Train 28
[2018/09/25 20:14:21 __main__ INFO] - TEST 28
[2018/09/25 20:15:09 __main__ INFO] - - epoch 28    c10h_train    : 0.3870 (acc: 0.9874) | c10h_val    : 0.5122 (acc: 0.9510)
[2018/09/25 20:15:09 __main__ INFO] - -            c10h_train_c10: 0.0029 (acc: 0.9956) | c10h_val_c10: 0.1798 (acc: 0.9540)
[2018/09/25 20:15:09 __main__ INFO] - -            v4            : 0.4221 (acc: 0.8936) |           v6: 0.4134 (acc: 0.9010)
[2018/09/25 20:15:09 __main__ INFO] - -            c10_50k       : 0.0042 (acc: 0.9991)
[2018/09/25 20:15:09 __main__ INFO] - Elapsed 47.66
keys:  dict_keys(['epoch', 'c10h_train_loss', 'c10h_train_acc', 'c10h_val_loss', 'c10h_val_acc', 'c10h_train_c10_loss', 'c10h_train_c10_acc', 'c10h_val_c10_loss', 'c10h_val_c10_acc', 'v4_loss', 'v4_acc', 'v6_loss', 'v6_acc', 'c10_50k_loss', 'c10_50k_acc']) 
 c10h_outdir:  /tigress/ruairidh/model_results/run_1/saves/wrn_28_10/con_True_lr_0.001_seed_2
[2018/09/25 20:15:10 __main__ INFO] - Train 29
[2018/09/25 20:15:29 __main__ INFO] - TEST 29
[2018/09/25 20:16:17 __main__ INFO] - - epoch 29    c10h_train    : 0.3839 (acc: 0.9876) | c10h_val    : 0.5126 (acc: 0.9550)
[2018/09/25 20:16:17 __main__ INFO] - -            c10h_train_c10: 0.0031 (acc: 0.9956) | c10h_val_c10: 0.1771 (acc: 0.9580)
[2018/09/25 20:16:17 __main__ INFO] - -            v4            : 0.4290 (acc: 0.8867) |           v6: 0.4145 (acc: 0.8975)
[2018/09/25 20:16:17 __main__ INFO] - -            c10_50k       : 0.0042 (acc: 0.9993)
[2018/09/25 20:16:17 __main__ INFO] - Elapsed 47.37
keys:  dict_keys(['epoch', 'c10h_train_loss', 'c10h_train_acc', 'c10h_val_loss', 'c10h_val_acc', 'c10h_train_c10_loss', 'c10h_train_c10_acc', 'c10h_val_c10_loss', 'c10h_val_c10_acc', 'v4_loss', 'v4_acc', 'v6_loss', 'v6_acc', 'c10_50k_loss', 'c10_50k_acc']) 
 c10h_outdir:  /tigress/ruairidh/model_results/run_1/saves/wrn_28_10/con_True_lr_0.001_seed_2
[2018/09/25 20:16:18 __main__ INFO] - Train 30
[2018/09/25 20:16:37 __main__ INFO] - TEST 30
[2018/09/25 20:17:25 __main__ INFO] - - epoch 30    c10h_train    : 0.3858 (acc: 0.9874) | c10h_val    : 0.5141 (acc: 0.9530)
[2018/09/25 20:17:25 __main__ INFO] - -            c10h_train_c10: 0.0028 (acc: 0.9956) | c10h_val_c10: 0.1794 (acc: 0.9560)
[2018/09/25 20:17:25 __main__ INFO] - -            v4            : 0.4300 (acc: 0.8862) |           v6: 0.4149 (acc: 0.9015)
[2018/09/25 20:17:25 __main__ INFO] - -            c10_50k       : 0.0038 (acc: 0.9993)
[2018/09/25 20:17:25 __main__ INFO] - Elapsed 47.70
keys:  dict_keys(['epoch', 'c10h_train_loss', 'c10h_train_acc', 'c10h_val_loss', 'c10h_val_acc', 'c10h_train_c10_loss', 'c10h_train_c10_acc', 'c10h_val_c10_loss', 'c10h_val_c10_acc', 'v4_loss', 'v4_acc', 'v6_loss', 'v6_acc', 'c10_50k_loss', 'c10_50k_acc']) 
 c10h_outdir:  /tigress/ruairidh/model_results/run_1/saves/wrn_28_10/con_True_lr_0.001_seed_2
[2018/09/25 20:17:25 __main__ INFO] - Train 31
[2018/09/25 20:17:45 __main__ INFO] - TEST 31
[2018/09/25 20:18:32 __main__ INFO] - - epoch 31    c10h_train    : 0.3871 (acc: 0.9873) | c10h_val    : 0.5101 (acc: 0.9520)
[2018/09/25 20:18:32 __main__ INFO] - -            c10h_train_c10: 0.0029 (acc: 0.9954) | c10h_val_c10: 0.1761 (acc: 0.9550)
[2018/09/25 20:18:32 __main__ INFO] - -            v4            : 0.4378 (acc: 0.8916) |           v6: 0.4100 (acc: 0.9030)
[2018/09/25 20:18:32 __main__ INFO] - -            c10_50k       : 0.0034 (acc: 0.9996)
[2018/09/25 20:18:32 __main__ INFO] - Elapsed 47.59
keys:  dict_keys(['epoch', 'c10h_train_loss', 'c10h_train_acc', 'c10h_val_loss', 'c10h_val_acc', 'c10h_train_c10_loss', 'c10h_train_c10_acc', 'c10h_val_c10_loss', 'c10h_val_c10_acc', 'v4_loss', 'v4_acc', 'v6_loss', 'v6_acc', 'c10_50k_loss', 'c10_50k_acc']) 
 c10h_outdir:  /tigress/ruairidh/model_results/run_1/saves/wrn_28_10/con_True_lr_0.001_seed_2
[2018/09/25 20:18:34 __main__ INFO] - Train 32
[2018/09/25 20:18:54 __main__ INFO] - TEST 32
[2018/09/25 20:19:41 __main__ INFO] - - epoch 32    c10h_train    : 0.3842 (acc: 0.9872) | c10h_val    : 0.5184 (acc: 0.9530)
[2018/09/25 20:19:41 __main__ INFO] - -            c10h_train_c10: 0.0027 (acc: 0.9953) | c10h_val_c10: 0.1861 (acc: 0.9560)
[2018/09/25 20:19:41 __main__ INFO] - -            v4            : 0.4304 (acc: 0.8882) |           v6: 0.4139 (acc: 0.9030)
[2018/09/25 20:19:41 __main__ INFO] - -            c10_50k       : 0.0037 (acc: 0.9993)
[2018/09/25 20:19:41 __main__ INFO] - Elapsed 47.59
keys:  dict_keys(['epoch', 'c10h_train_loss', 'c10h_train_acc', 'c10h_val_loss', 'c10h_val_acc', 'c10h_train_c10_loss', 'c10h_train_c10_acc', 'c10h_val_c10_loss', 'c10h_val_c10_acc', 'v4_loss', 'v4_acc', 'v6_loss', 'v6_acc', 'c10_50k_loss', 'c10_50k_acc']) 
 c10h_outdir:  /tigress/ruairidh/model_results/run_1/saves/wrn_28_10/con_True_lr_0.001_seed_2
[2018/09/25 20:19:42 __main__ INFO] - Train 33
[2018/09/25 20:20:02 __main__ INFO] - TEST 33
[2018/09/25 20:20:49 __main__ INFO] - - epoch 33    c10h_train    : 0.3898 (acc: 0.9876) | c10h_val    : 0.5189 (acc: 0.9530)
[2018/09/25 20:20:49 __main__ INFO] - -            c10h_train_c10: 0.0025 (acc: 0.9956) | c10h_val_c10: 0.1832 (acc: 0.9560)
[2018/09/25 20:20:49 __main__ INFO] - -            v4            : 0.4304 (acc: 0.8951) |           v6: 0.4169 (acc: 0.8990)
[2018/09/25 20:20:49 __main__ INFO] - -            c10_50k       : 0.0040 (acc: 0.9993)
[2018/09/25 20:20:49 __main__ INFO] - Elapsed 47.60
keys:  dict_keys(['epoch', 'c10h_train_loss', 'c10h_train_acc', 'c10h_val_loss', 'c10h_val_acc', 'c10h_train_c10_loss', 'c10h_train_c10_acc', 'c10h_val_c10_loss', 'c10h_val_c10_acc', 'v4_loss', 'v4_acc', 'v6_loss', 'v6_acc', 'c10_50k_loss', 'c10_50k_acc']) 
 c10h_outdir:  /tigress/ruairidh/model_results/run_1/saves/wrn_28_10/con_True_lr_0.001_seed_2
[2018/09/25 20:20:50 __main__ INFO] - Train 34
[2018/09/25 20:21:09 __main__ INFO] - TEST 34
[2018/09/25 20:21:57 __main__ INFO] - - epoch 34    c10h_train    : 0.3891 (acc: 0.9876) | c10h_val    : 0.5184 (acc: 0.9530)
[2018/09/25 20:21:57 __main__ INFO] - -            c10h_train_c10: 0.0026 (acc: 0.9956) | c10h_val_c10: 0.1842 (acc: 0.9560)
[2018/09/25 20:21:57 __main__ INFO] - -            v4            : 0.4009 (acc: 0.8926) |           v6: 0.4142 (acc: 0.9020)
[2018/09/25 20:21:57 __main__ INFO] - -            c10_50k       : 0.0037 (acc: 0.9994)
[2018/09/25 20:21:57 __main__ INFO] - Elapsed 47.72
keys:  dict_keys(['epoch', 'c10h_train_loss', 'c10h_train_acc', 'c10h_val_loss', 'c10h_val_acc', 'c10h_train_c10_loss', 'c10h_train_c10_acc', 'c10h_val_c10_loss', 'c10h_val_c10_acc', 'v4_loss', 'v4_acc', 'v6_loss', 'v6_acc', 'c10_50k_loss', 'c10_50k_acc']) 
 c10h_outdir:  /tigress/ruairidh/model_results/run_1/saves/wrn_28_10/con_True_lr_0.001_seed_2
[2018/09/25 20:21:59 __main__ INFO] - Train 35
[2018/09/25 20:22:19 __main__ INFO] - TEST 35
[2018/09/25 20:23:06 __main__ INFO] - - epoch 35    c10h_train    : 0.3949 (acc: 0.9873) | c10h_val    : 0.5210 (acc: 0.9510)
[2018/09/25 20:23:07 __main__ INFO] - -            c10h_train_c10: 0.0025 (acc: 0.9954) | c10h_val_c10: 0.1836 (acc: 0.9540)
[2018/09/25 20:23:07 __main__ INFO] - -            v4            : 0.4421 (acc: 0.8887) |           v6: 0.4170 (acc: 0.8965)
[2018/09/25 20:23:07 __main__ INFO] - -            c10_50k       : 0.0035 (acc: 0.9995)
[2018/09/25 20:23:07 __main__ INFO] - Elapsed 47.69
keys:  dict_keys(['epoch', 'c10h_train_loss', 'c10h_train_acc', 'c10h_val_loss', 'c10h_val_acc', 'c10h_train_c10_loss', 'c10h_train_c10_acc', 'c10h_val_c10_loss', 'c10h_val_c10_acc', 'v4_loss', 'v4_acc', 'v6_loss', 'v6_acc', 'c10_50k_loss', 'c10_50k_acc']) 
 c10h_outdir:  /tigress/ruairidh/model_results/run_1/saves/wrn_28_10/con_True_lr_0.001_seed_2
[2018/09/25 20:23:09 __main__ INFO] - Train 36
[2018/09/25 20:23:28 __main__ INFO] - TEST 36
[2018/09/25 20:24:16 __main__ INFO] - - epoch 36    c10h_train    : 0.3923 (acc: 0.9873) | c10h_val    : 0.5172 (acc: 0.9500)
[2018/09/25 20:24:16 __main__ INFO] - -            c10h_train_c10: 0.0024 (acc: 0.9953) | c10h_val_c10: 0.1833 (acc: 0.9530)
[2018/09/25 20:24:16 __main__ INFO] - -            v4            : 0.4355 (acc: 0.8911) |           v6: 0.4142 (acc: 0.8985)
[2018/09/25 20:24:16 __main__ INFO] - -            c10_50k       : 0.0037 (acc: 0.9994)
[2018/09/25 20:24:16 __main__ INFO] - Elapsed 47.41
keys:  dict_keys(['epoch', 'c10h_train_loss', 'c10h_train_acc', 'c10h_val_loss', 'c10h_val_acc', 'c10h_train_c10_loss', 'c10h_train_c10_acc', 'c10h_val_c10_loss', 'c10h_val_c10_acc', 'v4_loss', 'v4_acc', 'v6_loss', 'v6_acc', 'c10_50k_loss', 'c10_50k_acc']) 
 c10h_outdir:  /tigress/ruairidh/model_results/run_1/saves/wrn_28_10/con_True_lr_0.001_seed_2
[2018/09/25 20:24:18 __main__ INFO] - Train 37
[2018/09/25 20:24:37 __main__ INFO] - TEST 37
[2018/09/25 20:25:25 __main__ INFO] - - epoch 37    c10h_train    : 0.3942 (acc: 0.9873) | c10h_val    : 0.5222 (acc: 0.9480)
[2018/09/25 20:25:25 __main__ INFO] - -            c10h_train_c10: 0.0026 (acc: 0.9952) | c10h_val_c10: 0.1833 (acc: 0.9510)
[2018/09/25 20:25:25 __main__ INFO] - -            v4            : 0.4580 (acc: 0.8867) |           v6: 0.4147 (acc: 0.8990)
[2018/09/25 20:25:25 __main__ INFO] - -            c10_50k       : 0.0039 (acc: 0.9995)
[2018/09/25 20:25:25 __main__ INFO] - Elapsed 47.82
keys:  dict_keys(['epoch', 'c10h_train_loss', 'c10h_train_acc', 'c10h_val_loss', 'c10h_val_acc', 'c10h_train_c10_loss', 'c10h_train_c10_acc', 'c10h_val_c10_loss', 'c10h_val_c10_acc', 'v4_loss', 'v4_acc', 'v6_loss', 'v6_acc', 'c10_50k_loss', 'c10_50k_acc']) 
 c10h_outdir:  /tigress/ruairidh/model_results/run_1/saves/wrn_28_10/con_True_lr_0.001_seed_2
[2018/09/25 20:25:27 __main__ INFO] - Train 38
[2018/09/25 20:25:47 __main__ INFO] - TEST 38
[2018/09/25 20:26:34 __main__ INFO] - - epoch 38    c10h_train    : 0.3917 (acc: 0.9873) | c10h_val    : 0.5201 (acc: 0.9490)
[2018/09/25 20:26:34 __main__ INFO] - -            c10h_train_c10: 0.0026 (acc: 0.9954) | c10h_val_c10: 0.1855 (acc: 0.9520)
[2018/09/25 20:26:34 __main__ INFO] - -            v4            : 0.4402 (acc: 0.8892) |           v6: 0.4287 (acc: 0.8970)
[2018/09/25 20:26:34 __main__ INFO] - -            c10_50k       : 0.0039 (acc: 0.9993)
[2018/09/25 20:26:34 __main__ INFO] - Elapsed 47.67
keys:  dict_keys(['epoch', 'c10h_train_loss', 'c10h_train_acc', 'c10h_val_loss', 'c10h_val_acc', 'c10h_train_c10_loss', 'c10h_train_c10_acc', 'c10h_val_c10_loss', 'c10h_val_c10_acc', 'v4_loss', 'v4_acc', 'v6_loss', 'v6_acc', 'c10_50k_loss', 'c10_50k_acc']) 
 c10h_outdir:  /tigress/ruairidh/model_results/run_1/saves/wrn_28_10/con_True_lr_0.001_seed_2
[2018/09/25 20:26:36 __main__ INFO] - Train 39
[2018/09/25 20:26:56 __main__ INFO] - TEST 39
[2018/09/25 20:27:43 __main__ INFO] - - epoch 39    c10h_train    : 0.3922 (acc: 0.9873) | c10h_val    : 0.5201 (acc: 0.9510)
[2018/09/25 20:27:43 __main__ INFO] - -            c10h_train_c10: 0.0026 (acc: 0.9953) | c10h_val_c10: 0.1814 (acc: 0.9540)
[2018/09/25 20:27:43 __main__ INFO] - -            v4            : 0.4165 (acc: 0.8951) |           v6: 0.4222 (acc: 0.9005)
[2018/09/25 20:27:43 __main__ INFO] - -            c10_50k       : 0.0039 (acc: 0.9995)
[2018/09/25 20:27:43 __main__ INFO] - Elapsed 47.58
keys:  dict_keys(['epoch', 'c10h_train_loss', 'c10h_train_acc', 'c10h_val_loss', 'c10h_val_acc', 'c10h_train_c10_loss', 'c10h_train_c10_acc', 'c10h_val_c10_loss', 'c10h_val_c10_acc', 'v4_loss', 'v4_acc', 'v6_loss', 'v6_acc', 'c10_50k_loss', 'c10_50k_acc']) 
 c10h_outdir:  /tigress/ruairidh/model_results/run_1/saves/wrn_28_10/con_True_lr_0.001_seed_2
[2018/09/25 20:27:45 __main__ INFO] - Train 40
[2018/09/25 20:28:04 __main__ INFO] - TEST 40
[2018/09/25 20:28:52 __main__ INFO] - - epoch 40    c10h_train    : 0.3929 (acc: 0.9874) | c10h_val    : 0.5185 (acc: 0.9510)
[2018/09/25 20:28:52 __main__ INFO] - -            c10h_train_c10: 0.0021 (acc: 0.9956) | c10h_val_c10: 0.1793 (acc: 0.9540)
[2018/09/25 20:28:52 __main__ INFO] - -            v4            : 0.4263 (acc: 0.8936) |           v6: 0.4149 (acc: 0.9025)
[2018/09/25 20:28:52 __main__ INFO] - -            c10_50k       : 0.0040 (acc: 0.9993)
[2018/09/25 20:28:52 __main__ INFO] - Elapsed 47.52
keys:  dict_keys(['epoch', 'c10h_train_loss', 'c10h_train_acc', 'c10h_val_loss', 'c10h_val_acc', 'c10h_train_c10_loss', 'c10h_train_c10_acc', 'c10h_val_c10_loss', 'c10h_val_c10_acc', 'v4_loss', 'v4_acc', 'v6_loss', 'v6_acc', 'c10_50k_loss', 'c10_50k_acc']) 
 c10h_outdir:  /tigress/ruairidh/model_results/run_1/saves/wrn_28_10/con_True_lr_0.001_seed_2
[2018/09/25 20:28:54 __main__ INFO] - Train 41
[2018/09/25 20:29:13 __main__ INFO] - TEST 41
[2018/09/25 20:30:01 __main__ INFO] - - epoch 41    c10h_train    : 0.3953 (acc: 0.9873) | c10h_val    : 0.5192 (acc: 0.9520)
[2018/09/25 20:30:01 __main__ INFO] - -            c10h_train_c10: 0.0023 (acc: 0.9954) | c10h_val_c10: 0.1795 (acc: 0.9550)
[2018/09/25 20:30:01 __main__ INFO] - -            v4            : 0.4254 (acc: 0.8941) |           v6: 0.4241 (acc: 0.8945)
[2018/09/25 20:30:01 __main__ INFO] - -            c10_50k       : 0.0038 (acc: 0.9992)
[2018/09/25 20:30:01 __main__ INFO] - Elapsed 47.57
keys:  dict_keys(['epoch', 'c10h_train_loss', 'c10h_train_acc', 'c10h_val_loss', 'c10h_val_acc', 'c10h_train_c10_loss', 'c10h_train_c10_acc', 'c10h_val_c10_loss', 'c10h_val_c10_acc', 'v4_loss', 'v4_acc', 'v6_loss', 'v6_acc', 'c10_50k_loss', 'c10_50k_acc']) 
 c10h_outdir:  /tigress/ruairidh/model_results/run_1/saves/wrn_28_10/con_True_lr_0.001_seed_2
[2018/09/25 20:30:03 __main__ INFO] - Train 42
[2018/09/25 20:30:22 __main__ INFO] - TEST 42
[2018/09/25 20:31:10 __main__ INFO] - - epoch 42    c10h_train    : 0.3924 (acc: 0.9874) | c10h_val    : 0.5134 (acc: 0.9520)
[2018/09/25 20:31:10 __main__ INFO] - -            c10h_train_c10: 0.0023 (acc: 0.9954) | c10h_val_c10: 0.1770 (acc: 0.9550)
[2018/09/25 20:31:10 __main__ INFO] - -            v4            : 0.4580 (acc: 0.8882) |           v6: 0.4245 (acc: 0.8965)
[2018/09/25 20:31:10 __main__ INFO] - -            c10_50k       : 0.0036 (acc: 0.9994)
[2018/09/25 20:31:10 __main__ INFO] - Elapsed 47.67
keys:  dict_keys(['epoch', 'c10h_train_loss', 'c10h_train_acc', 'c10h_val_loss', 'c10h_val_acc', 'c10h_train_c10_loss', 'c10h_train_c10_acc', 'c10h_val_c10_loss', 'c10h_val_c10_acc', 'v4_loss', 'v4_acc', 'v6_loss', 'v6_acc', 'c10_50k_loss', 'c10_50k_acc']) 
 c10h_outdir:  /tigress/ruairidh/model_results/run_1/saves/wrn_28_10/con_True_lr_0.001_seed_2
[2018/09/25 20:31:10 __main__ INFO] - Train 43
[2018/09/25 20:31:30 __main__ INFO] - TEST 43
[2018/09/25 20:32:18 __main__ INFO] - - epoch 43    c10h_train    : 0.3944 (acc: 0.9873) | c10h_val    : 0.5194 (acc: 0.9490)
[2018/09/25 20:32:18 __main__ INFO] - -            c10h_train_c10: 0.0022 (acc: 0.9954) | c10h_val_c10: 0.1835 (acc: 0.9520)
[2018/09/25 20:32:18 __main__ INFO] - -            v4            : 0.4510 (acc: 0.8887) |           v6: 0.4178 (acc: 0.8970)
[2018/09/25 20:32:18 __main__ INFO] - -            c10_50k       : 0.0035 (acc: 0.9995)
[2018/09/25 20:32:18 __main__ INFO] - Elapsed 47.62
keys:  dict_keys(['epoch', 'c10h_train_loss', 'c10h_train_acc', 'c10h_val_loss', 'c10h_val_acc', 'c10h_train_c10_loss', 'c10h_train_c10_acc', 'c10h_val_c10_loss', 'c10h_val_c10_acc', 'v4_loss', 'v4_acc', 'v6_loss', 'v6_acc', 'c10_50k_loss', 'c10_50k_acc']) 
 c10h_outdir:  /tigress/ruairidh/model_results/run_1/saves/wrn_28_10/con_True_lr_0.001_seed_2
[2018/09/25 20:32:18 __main__ INFO] - Train 44
[2018/09/25 20:32:37 __main__ INFO] - TEST 44
[2018/09/25 20:33:25 __main__ INFO] - - epoch 44    c10h_train    : 0.3971 (acc: 0.9874) | c10h_val    : 0.5217 (acc: 0.9490)
[2018/09/25 20:33:25 __main__ INFO] - -            c10h_train_c10: 0.0023 (acc: 0.9953) | c10h_val_c10: 0.1807 (acc: 0.9520)
[2018/09/25 20:33:25 __main__ INFO] - -            v4            : 0.4515 (acc: 0.8872) |           v6: 0.4188 (acc: 0.8995)
[2018/09/25 20:33:25 __main__ INFO] - -            c10_50k       : 0.0037 (acc: 0.9992)
[2018/09/25 20:33:25 __main__ INFO] - Elapsed 47.44
keys:  dict_keys(['epoch', 'c10h_train_loss', 'c10h_train_acc', 'c10h_val_loss', 'c10h_val_acc', 'c10h_train_c10_loss', 'c10h_train_c10_acc', 'c10h_val_c10_loss', 'c10h_val_c10_acc', 'v4_loss', 'v4_acc', 'v6_loss', 'v6_acc', 'c10_50k_loss', 'c10_50k_acc']) 
 c10h_outdir:  /tigress/ruairidh/model_results/run_1/saves/wrn_28_10/con_True_lr_0.001_seed_2
[2018/09/25 20:33:27 __main__ INFO] - Train 45
[2018/09/25 20:33:46 __main__ INFO] - TEST 45
[2018/09/25 20:34:34 __main__ INFO] - - epoch 45    c10h_train    : 0.3979 (acc: 0.9874) | c10h_val    : 0.5250 (acc: 0.9480)
[2018/09/25 20:34:34 __main__ INFO] - -            c10h_train_c10: 0.0021 (acc: 0.9956) | c10h_val_c10: 0.1870 (acc: 0.9510)
[2018/09/25 20:34:34 __main__ INFO] - -            v4            : 0.4057 (acc: 0.8931) |           v6: 0.4046 (acc: 0.9055)
[2018/09/25 20:34:34 __main__ INFO] - -            c10_50k       : 0.0031 (acc: 0.9995)
[2018/09/25 20:34:34 __main__ INFO] - Elapsed 47.88
keys:  dict_keys(['epoch', 'c10h_train_loss', 'c10h_train_acc', 'c10h_val_loss', 'c10h_val_acc', 'c10h_train_c10_loss', 'c10h_train_c10_acc', 'c10h_val_c10_loss', 'c10h_val_c10_acc', 'v4_loss', 'v4_acc', 'v6_loss', 'v6_acc', 'c10_50k_loss', 'c10_50k_acc']) 
 c10h_outdir:  /tigress/ruairidh/model_results/run_1/saves/wrn_28_10/con_True_lr_0.001_seed_2
[2018/09/25 20:34:36 __main__ INFO] - Train 46
[2018/09/25 20:34:56 __main__ INFO] - TEST 46
[2018/09/25 20:35:43 __main__ INFO] - - epoch 46    c10h_train    : 0.3952 (acc: 0.9874) | c10h_val    : 0.5209 (acc: 0.9490)
[2018/09/25 20:35:43 __main__ INFO] - -            c10h_train_c10: 0.0020 (acc: 0.9956) | c10h_val_c10: 0.1854 (acc: 0.9520)
[2018/09/25 20:35:43 __main__ INFO] - -            v4            : 0.4313 (acc: 0.8911) |           v6: 0.4111 (acc: 0.9035)
[2018/09/25 20:35:43 __main__ INFO] - -            c10_50k       : 0.0036 (acc: 0.9994)
[2018/09/25 20:35:43 __main__ INFO] - Elapsed 47.74
keys:  dict_keys(['epoch', 'c10h_train_loss', 'c10h_train_acc', 'c10h_val_loss', 'c10h_val_acc', 'c10h_train_c10_loss', 'c10h_train_c10_acc', 'c10h_val_c10_loss', 'c10h_val_c10_acc', 'v4_loss', 'v4_acc', 'v6_loss', 'v6_acc', 'c10_50k_loss', 'c10_50k_acc']) 
 c10h_outdir:  /tigress/ruairidh/model_results/run_1/saves/wrn_28_10/con_True_lr_0.001_seed_2
[2018/09/25 20:35:44 __main__ INFO] - Train 47
[2018/09/25 20:36:03 __main__ INFO] - TEST 47
[2018/09/25 20:36:51 __main__ INFO] - - epoch 47    c10h_train    : 0.3934 (acc: 0.9873) | c10h_val    : 0.5239 (acc: 0.9480)
[2018/09/25 20:36:51 __main__ INFO] - -            c10h_train_c10: 0.0022 (acc: 0.9954) | c10h_val_c10: 0.1895 (acc: 0.9510)
[2018/09/25 20:36:51 __main__ INFO] - -            v4            : 0.4397 (acc: 0.8882) |           v6: 0.4108 (acc: 0.9055)
[2018/09/25 20:36:51 __main__ INFO] - -            c10_50k       : 0.0036 (acc: 0.9994)
[2018/09/25 20:36:51 __main__ INFO] - Elapsed 47.34
keys:  dict_keys(['epoch', 'c10h_train_loss', 'c10h_train_acc', 'c10h_val_loss', 'c10h_val_acc', 'c10h_train_c10_loss', 'c10h_train_c10_acc', 'c10h_val_c10_loss', 'c10h_val_c10_acc', 'v4_loss', 'v4_acc', 'v6_loss', 'v6_acc', 'c10_50k_loss', 'c10_50k_acc']) 
 c10h_outdir:  /tigress/ruairidh/model_results/run_1/saves/wrn_28_10/con_True_lr_0.001_seed_2
[2018/09/25 20:36:52 __main__ INFO] - Train 48
[2018/09/25 20:37:11 __main__ INFO] - TEST 48
[2018/09/25 20:37:59 __main__ INFO] - - epoch 48    c10h_train    : 0.3950 (acc: 0.9874) | c10h_val    : 0.5233 (acc: 0.9490)
[2018/09/25 20:37:59 __main__ INFO] - -            c10h_train_c10: 0.0019 (acc: 0.9956) | c10h_val_c10: 0.1896 (acc: 0.9520)
[2018/09/25 20:37:59 __main__ INFO] - -            v4            : 0.4519 (acc: 0.8847) |           v6: 0.4158 (acc: 0.9020)
[2018/09/25 20:37:59 __main__ INFO] - -            c10_50k       : 0.0035 (acc: 0.9993)
[2018/09/25 20:37:59 __main__ INFO] - Elapsed 47.37
keys:  dict_keys(['epoch', 'c10h_train_loss', 'c10h_train_acc', 'c10h_val_loss', 'c10h_val_acc', 'c10h_train_c10_loss', 'c10h_train_c10_acc', 'c10h_val_c10_loss', 'c10h_val_c10_acc', 'v4_loss', 'v4_acc', 'v6_loss', 'v6_acc', 'c10_50k_loss', 'c10_50k_acc']) 
 c10h_outdir:  /tigress/ruairidh/model_results/run_1/saves/wrn_28_10/con_True_lr_0.001_seed_2
[2018/09/25 20:38:02 __main__ INFO] - Train 49
[2018/09/25 20:38:21 __main__ INFO] - TEST 49
[2018/09/25 20:39:09 __main__ INFO] - - epoch 49    c10h_train    : 0.3965 (acc: 0.9874) | c10h_val    : 0.5186 (acc: 0.9520)
[2018/09/25 20:39:09 __main__ INFO] - -            c10h_train_c10: 0.0020 (acc: 0.9956) | c10h_val_c10: 0.1823 (acc: 0.9550)
[2018/09/25 20:39:09 __main__ INFO] - -            v4            : 0.4279 (acc: 0.8931) |           v6: 0.4214 (acc: 0.9000)
[2018/09/25 20:39:09 __main__ INFO] - -            c10_50k       : 0.0034 (acc: 0.9995)
[2018/09/25 20:39:09 __main__ INFO] - Elapsed 47.59
keys:  dict_keys(['epoch', 'c10h_train_loss', 'c10h_train_acc', 'c10h_val_loss', 'c10h_val_acc', 'c10h_train_c10_loss', 'c10h_train_c10_acc', 'c10h_val_c10_loss', 'c10h_val_c10_acc', 'v4_loss', 'v4_acc', 'v6_loss', 'v6_acc', 'c10_50k_loss', 'c10_50k_acc']) 
 c10h_outdir:  /tigress/ruairidh/model_results/run_1/saves/wrn_28_10/con_True_lr_0.001_seed_2
[2018/09/25 20:39:11 __main__ INFO] - Train 50
[2018/09/25 20:39:30 __main__ INFO] - TEST 50
[2018/09/25 20:40:17 __main__ INFO] - - epoch 50    c10h_train    : 0.3975 (acc: 0.9874) | c10h_val    : 0.5206 (acc: 0.9510)
[2018/09/25 20:40:18 __main__ INFO] - -            c10h_train_c10: 0.0019 (acc: 0.9956) | c10h_val_c10: 0.1848 (acc: 0.9540)
[2018/09/25 20:40:18 __main__ INFO] - -            v4            : 0.4106 (acc: 0.8902) |           v6: 0.4214 (acc: 0.9025)
[2018/09/25 20:40:18 __main__ INFO] - -            c10_50k       : 0.0034 (acc: 0.9994)
[2018/09/25 20:40:18 __main__ INFO] - Elapsed 47.54
keys:  dict_keys(['epoch', 'c10h_train_loss', 'c10h_train_acc', 'c10h_val_loss', 'c10h_val_acc', 'c10h_train_c10_loss', 'c10h_train_c10_acc', 'c10h_val_c10_loss', 'c10h_val_c10_acc', 'v4_loss', 'v4_acc', 'v6_loss', 'v6_acc', 'c10_50k_loss', 'c10_50k_acc']) 
 c10h_outdir:  /tigress/ruairidh/model_results/run_1/saves/wrn_28_10/con_True_lr_0.001_seed_2
[2018/09/25 20:40:19 __main__ INFO] - Train 51
[2018/09/25 20:40:39 __main__ INFO] - TEST 51
[2018/09/25 20:41:26 __main__ INFO] - - epoch 51    c10h_train    : 0.3973 (acc: 0.9874) | c10h_val    : 0.5138 (acc: 0.9510)
[2018/09/25 20:41:26 __main__ INFO] - -            c10h_train_c10: 0.0019 (acc: 0.9956) | c10h_val_c10: 0.1808 (acc: 0.9540)
[2018/09/25 20:41:26 __main__ INFO] - -            v4            : 0.4470 (acc: 0.8867) |           v6: 0.4207 (acc: 0.9000)
[2018/09/25 20:41:26 __main__ INFO] - -            c10_50k       : 0.0037 (acc: 0.9993)
[2018/09/25 20:41:26 __main__ INFO] - Elapsed 47.57
keys:  dict_keys(['epoch', 'c10h_train_loss', 'c10h_train_acc', 'c10h_val_loss', 'c10h_val_acc', 'c10h_train_c10_loss', 'c10h_train_c10_acc', 'c10h_val_c10_loss', 'c10h_val_c10_acc', 'v4_loss', 'v4_acc', 'v6_loss', 'v6_acc', 'c10_50k_loss', 'c10_50k_acc']) 
 c10h_outdir:  /tigress/ruairidh/model_results/run_1/saves/wrn_28_10/con_True_lr_0.001_seed_2
[2018/09/25 20:41:28 __main__ INFO] - Train 52
[2018/09/25 20:41:48 __main__ INFO] - TEST 52
[2018/09/25 20:42:35 __main__ INFO] - - epoch 52    c10h_train    : 0.3979 (acc: 0.9876) | c10h_val    : 0.5177 (acc: 0.9510)
[2018/09/25 20:42:35 __main__ INFO] - -            c10h_train_c10: 0.0018 (acc: 0.9956) | c10h_val_c10: 0.1814 (acc: 0.9540)
[2018/09/25 20:42:35 __main__ INFO] - -            v4            : 0.4479 (acc: 0.8892) |           v6: 0.4219 (acc: 0.9000)
[2018/09/25 20:42:35 __main__ INFO] - -            c10_50k       : 0.0034 (acc: 0.9994)
[2018/09/25 20:42:35 __main__ INFO] - Elapsed 47.71
keys:  dict_keys(['epoch', 'c10h_train_loss', 'c10h_train_acc', 'c10h_val_loss', 'c10h_val_acc', 'c10h_train_c10_loss', 'c10h_train_c10_acc', 'c10h_val_c10_loss', 'c10h_val_c10_acc', 'v4_loss', 'v4_acc', 'v6_loss', 'v6_acc', 'c10_50k_loss', 'c10_50k_acc']) 
 c10h_outdir:  /tigress/ruairidh/model_results/run_1/saves/wrn_28_10/con_True_lr_0.001_seed_2
[2018/09/25 20:42:38 __main__ INFO] - Train 53
[2018/09/25 20:42:57 __main__ INFO] - TEST 53
[2018/09/25 20:43:45 __main__ INFO] - - epoch 53    c10h_train    : 0.3974 (acc: 0.9876) | c10h_val    : 0.5144 (acc: 0.9520)
[2018/09/25 20:43:45 __main__ INFO] - -            c10h_train_c10: 0.0018 (acc: 0.9956) | c10h_val_c10: 0.1795 (acc: 0.9550)
[2018/09/25 20:43:45 __main__ INFO] - -            v4            : 0.4276 (acc: 0.8867) |           v6: 0.4098 (acc: 0.9030)
[2018/09/25 20:43:45 __main__ INFO] - -            c10_50k       : 0.0034 (acc: 0.9995)
[2018/09/25 20:43:45 __main__ INFO] - Elapsed 47.60
keys:  dict_keys(['epoch', 'c10h_train_loss', 'c10h_train_acc', 'c10h_val_loss', 'c10h_val_acc', 'c10h_train_c10_loss', 'c10h_train_c10_acc', 'c10h_val_c10_loss', 'c10h_val_c10_acc', 'v4_loss', 'v4_acc', 'v6_loss', 'v6_acc', 'c10_50k_loss', 'c10_50k_acc']) 
 c10h_outdir:  /tigress/ruairidh/model_results/run_1/saves/wrn_28_10/con_True_lr_0.001_seed_2
[2018/09/25 20:43:50 __main__ INFO] - Train 54
[2018/09/25 20:44:10 __main__ INFO] - TEST 54
[2018/09/25 20:44:57 __main__ INFO] - - epoch 54    c10h_train    : 0.4002 (acc: 0.9877) | c10h_val    : 0.5137 (acc: 0.9510)
[2018/09/25 20:44:57 __main__ INFO] - -            c10h_train_c10: 0.0019 (acc: 0.9956) | c10h_val_c10: 0.1762 (acc: 0.9540)
[2018/09/25 20:44:57 __main__ INFO] - -            v4            : 0.4603 (acc: 0.8812) |           v6: 0.4182 (acc: 0.9010)
[2018/09/25 20:44:57 __main__ INFO] - -            c10_50k       : 0.0033 (acc: 0.9995)
[2018/09/25 20:44:57 __main__ INFO] - Elapsed 47.41
keys:  dict_keys(['epoch', 'c10h_train_loss', 'c10h_train_acc', 'c10h_val_loss', 'c10h_val_acc', 'c10h_train_c10_loss', 'c10h_train_c10_acc', 'c10h_val_c10_loss', 'c10h_val_c10_acc', 'v4_loss', 'v4_acc', 'v6_loss', 'v6_acc', 'c10_50k_loss', 'c10_50k_acc']) 
 c10h_outdir:  /tigress/ruairidh/model_results/run_1/saves/wrn_28_10/con_True_lr_0.001_seed_2
[2018/09/25 20:45:01 __main__ INFO] - Train 55
[2018/09/25 20:45:20 __main__ INFO] - TEST 55
[2018/09/25 20:46:07 __main__ INFO] - - epoch 55    c10h_train    : 0.4010 (acc: 0.9874) | c10h_val    : 0.5194 (acc: 0.9530)
[2018/09/25 20:46:07 __main__ INFO] - -            c10h_train_c10: 0.0017 (acc: 0.9956) | c10h_val_c10: 0.1814 (acc: 0.9560)
[2018/09/25 20:46:07 __main__ INFO] - -            v4            : 0.4504 (acc: 0.8812) |           v6: 0.4182 (acc: 0.9020)
[2018/09/25 20:46:07 __main__ INFO] - -            c10_50k       : 0.0036 (acc: 0.9992)
[2018/09/25 20:46:07 __main__ INFO] - Elapsed 47.36
keys:  dict_keys(['epoch', 'c10h_train_loss', 'c10h_train_acc', 'c10h_val_loss', 'c10h_val_acc', 'c10h_train_c10_loss', 'c10h_train_c10_acc', 'c10h_val_c10_loss', 'c10h_val_c10_acc', 'v4_loss', 'v4_acc', 'v6_loss', 'v6_acc', 'c10_50k_loss', 'c10_50k_acc']) 
 c10h_outdir:  /tigress/ruairidh/model_results/run_1/saves/wrn_28_10/con_True_lr_0.001_seed_2
[2018/09/25 20:46:08 __main__ INFO] - Train 56
[2018/09/25 20:46:28 __main__ INFO] - TEST 56
[2018/09/25 20:47:15 __main__ INFO] - - epoch 56    c10h_train    : 0.3984 (acc: 0.9877) | c10h_val    : 0.5220 (acc: 0.9540)
[2018/09/25 20:47:15 __main__ INFO] - -            c10h_train_c10: 0.0018 (acc: 0.9956) | c10h_val_c10: 0.1851 (acc: 0.9570)
[2018/09/25 20:47:15 __main__ INFO] - -            v4            : 0.4559 (acc: 0.8941) |           v6: 0.4120 (acc: 0.9025)
[2018/09/25 20:47:15 __main__ INFO] - -            c10_50k       : 0.0037 (acc: 0.9994)
[2018/09/25 20:47:15 __main__ INFO] - Elapsed 47.64
keys:  dict_keys(['epoch', 'c10h_train_loss', 'c10h_train_acc', 'c10h_val_loss', 'c10h_val_acc', 'c10h_train_c10_loss', 'c10h_train_c10_acc', 'c10h_val_c10_loss', 'c10h_val_c10_acc', 'v4_loss', 'v4_acc', 'v6_loss', 'v6_acc', 'c10_50k_loss', 'c10_50k_acc']) 
 c10h_outdir:  /tigress/ruairidh/model_results/run_1/saves/wrn_28_10/con_True_lr_0.001_seed_2
[2018/09/25 20:47:17 __main__ INFO] - Train 57
[2018/09/25 20:47:36 __main__ INFO] - TEST 57
[2018/09/25 20:48:23 __main__ INFO] - - epoch 57    c10h_train    : 0.4009 (acc: 0.9874) | c10h_val    : 0.5202 (acc: 0.9560)
[2018/09/25 20:48:24 __main__ INFO] - -            c10h_train_c10: 0.0017 (acc: 0.9956) | c10h_val_c10: 0.1828 (acc: 0.9590)
[2018/09/25 20:48:24 __main__ INFO] - -            v4            : 0.4716 (acc: 0.8847) |           v6: 0.4093 (acc: 0.9035)
[2018/09/25 20:48:24 __main__ INFO] - -            c10_50k       : 0.0038 (acc: 0.9993)
[2018/09/25 20:48:24 __main__ INFO] - Elapsed 47.42
keys:  dict_keys(['epoch', 'c10h_train_loss', 'c10h_train_acc', 'c10h_val_loss', 'c10h_val_acc', 'c10h_train_c10_loss', 'c10h_train_c10_acc', 'c10h_val_c10_loss', 'c10h_val_c10_acc', 'v4_loss', 'v4_acc', 'v6_loss', 'v6_acc', 'c10_50k_loss', 'c10_50k_acc']) 
 c10h_outdir:  /tigress/ruairidh/model_results/run_1/saves/wrn_28_10/con_True_lr_0.001_seed_2
[2018/09/25 20:48:25 __main__ INFO] - Train 58
[2018/09/25 20:48:45 __main__ INFO] - TEST 58
[2018/09/25 20:49:32 __main__ INFO] - - epoch 58    c10h_train    : 0.4034 (acc: 0.9874) | c10h_val    : 0.5182 (acc: 0.9530)
[2018/09/25 20:49:32 __main__ INFO] - -            c10h_train_c10: 0.0017 (acc: 0.9956) | c10h_val_c10: 0.1815 (acc: 0.9560)
[2018/09/25 20:49:32 __main__ INFO] - -            v4            : 0.4410 (acc: 0.8911) |           v6: 0.4136 (acc: 0.9025)
[2018/09/25 20:49:32 __main__ INFO] - -            c10_50k       : 0.0034 (acc: 0.9995)
[2018/09/25 20:49:32 __main__ INFO] - Elapsed 47.57
keys:  dict_keys(['epoch', 'c10h_train_loss', 'c10h_train_acc', 'c10h_val_loss', 'c10h_val_acc', 'c10h_train_c10_loss', 'c10h_train_c10_acc', 'c10h_val_c10_loss', 'c10h_val_c10_acc', 'v4_loss', 'v4_acc', 'v6_loss', 'v6_acc', 'c10_50k_loss', 'c10_50k_acc']) 
 c10h_outdir:  /tigress/ruairidh/model_results/run_1/saves/wrn_28_10/con_True_lr_0.001_seed_2
[2018/09/25 20:49:34 __main__ INFO] - Train 59
[2018/09/25 20:49:54 __main__ INFO] - TEST 59
[2018/09/25 20:50:41 __main__ INFO] - - epoch 59    c10h_train    : 0.4001 (acc: 0.9874) | c10h_val    : 0.5129 (acc: 0.9540)
[2018/09/25 20:50:41 __main__ INFO] - -            c10h_train_c10: 0.0017 (acc: 0.9956) | c10h_val_c10: 0.1774 (acc: 0.9570)
[2018/09/25 20:50:41 __main__ INFO] - -            v4            : 0.4333 (acc: 0.8882) |           v6: 0.4059 (acc: 0.9035)
[2018/09/25 20:50:41 __main__ INFO] - -            c10_50k       : 0.0035 (acc: 0.9994)
[2018/09/25 20:50:41 __main__ INFO] - Elapsed 47.58
keys:  dict_keys(['epoch', 'c10h_train_loss', 'c10h_train_acc', 'c10h_val_loss', 'c10h_val_acc', 'c10h_train_c10_loss', 'c10h_train_c10_acc', 'c10h_val_c10_loss', 'c10h_val_c10_acc', 'v4_loss', 'v4_acc', 'v6_loss', 'v6_acc', 'c10_50k_loss', 'c10_50k_acc']) 
 c10h_outdir:  /tigress/ruairidh/model_results/run_1/saves/wrn_28_10/con_True_lr_0.001_seed_2
[2018/09/25 20:50:42 __main__ INFO] - Train 60
[2018/09/25 20:51:02 __main__ INFO] - TEST 60
[2018/09/25 20:51:49 __main__ INFO] - - epoch 60    c10h_train    : 0.4027 (acc: 0.9876) | c10h_val    : 0.5161 (acc: 0.9500)
[2018/09/25 20:51:49 __main__ INFO] - -            c10h_train_c10: 0.0017 (acc: 0.9956) | c10h_val_c10: 0.1776 (acc: 0.9530)
[2018/09/25 20:51:49 __main__ INFO] - -            v4            : 0.4279 (acc: 0.8892) |           v6: 0.4066 (acc: 0.9045)
[2018/09/25 20:51:49 __main__ INFO] - -            c10_50k       : 0.0031 (acc: 0.9994)
[2018/09/25 20:51:49 __main__ INFO] - Elapsed 47.48
keys:  dict_keys(['epoch', 'c10h_train_loss', 'c10h_train_acc', 'c10h_val_loss', 'c10h_val_acc', 'c10h_train_c10_loss', 'c10h_train_c10_acc', 'c10h_val_c10_loss', 'c10h_val_c10_acc', 'v4_loss', 'v4_acc', 'v6_loss', 'v6_acc', 'c10_50k_loss', 'c10_50k_acc']) 
 c10h_outdir:  /tigress/ruairidh/model_results/run_1/saves/wrn_28_10/con_True_lr_0.001_seed_2
[2018/09/25 20:51:50 __main__ INFO] - Train 61
[2018/09/25 20:52:09 __main__ INFO] - TEST 61
[2018/09/25 20:52:57 __main__ INFO] - - epoch 61    c10h_train    : 0.4015 (acc: 0.9873) | c10h_val    : 0.5133 (acc: 0.9520)
[2018/09/25 20:52:57 __main__ INFO] - -            c10h_train_c10: 0.0020 (acc: 0.9954) | c10h_val_c10: 0.1787 (acc: 0.9550)
[2018/09/25 20:52:57 __main__ INFO] - -            v4            : 0.4271 (acc: 0.8986) |           v6: 0.4056 (acc: 0.9025)
[2018/09/25 20:52:57 __main__ INFO] - -            c10_50k       : 0.0036 (acc: 0.9995)
[2018/09/25 20:52:57 __main__ INFO] - Elapsed 47.57
keys:  dict_keys(['epoch', 'c10h_train_loss', 'c10h_train_acc', 'c10h_val_loss', 'c10h_val_acc', 'c10h_train_c10_loss', 'c10h_train_c10_acc', 'c10h_val_c10_loss', 'c10h_val_c10_acc', 'v4_loss', 'v4_acc', 'v6_loss', 'v6_acc', 'c10_50k_loss', 'c10_50k_acc']) 
 c10h_outdir:  /tigress/ruairidh/model_results/run_1/saves/wrn_28_10/con_True_lr_0.001_seed_2
[2018/09/25 20:52:57 __main__ INFO] - Train 62
[2018/09/25 20:53:16 __main__ INFO] - TEST 62
[2018/09/25 20:54:04 __main__ INFO] - - epoch 62    c10h_train    : 0.4014 (acc: 0.9874) | c10h_val    : 0.5137 (acc: 0.9530)
[2018/09/25 20:54:04 __main__ INFO] - -            c10h_train_c10: 0.0017 (acc: 0.9956) | c10h_val_c10: 0.1778 (acc: 0.9560)
[2018/09/25 20:54:04 __main__ INFO] - -            v4            : 0.4352 (acc: 0.8902) |           v6: 0.4021 (acc: 0.9035)
[2018/09/25 20:54:04 __main__ INFO] - -            c10_50k       : 0.0036 (acc: 0.9994)
[2018/09/25 20:54:04 __main__ INFO] - Elapsed 47.42
keys:  dict_keys(['epoch', 'c10h_train_loss', 'c10h_train_acc', 'c10h_val_loss', 'c10h_val_acc', 'c10h_train_c10_loss', 'c10h_train_c10_acc', 'c10h_val_c10_loss', 'c10h_val_c10_acc', 'v4_loss', 'v4_acc', 'v6_loss', 'v6_acc', 'c10_50k_loss', 'c10_50k_acc']) 
 c10h_outdir:  /tigress/ruairidh/model_results/run_1/saves/wrn_28_10/con_True_lr_0.001_seed_2
[2018/09/25 20:54:04 __main__ INFO] - Train 63
[2018/09/25 20:54:24 __main__ INFO] - TEST 63
[2018/09/25 20:55:11 __main__ INFO] - - epoch 63    c10h_train    : 0.3995 (acc: 0.9876) | c10h_val    : 0.5139 (acc: 0.9520)
[2018/09/25 20:55:12 __main__ INFO] - -            c10h_train_c10: 0.0017 (acc: 0.9956) | c10h_val_c10: 0.1788 (acc: 0.9550)
[2018/09/25 20:55:12 __main__ INFO] - -            v4            : 0.4158 (acc: 0.8956) |           v6: 0.4031 (acc: 0.9055)
[2018/09/25 20:55:12 __main__ INFO] - -            c10_50k       : 0.0031 (acc: 0.9996)
[2018/09/25 20:55:12 __main__ INFO] - Elapsed 47.67
keys:  dict_keys(['epoch', 'c10h_train_loss', 'c10h_train_acc', 'c10h_val_loss', 'c10h_val_acc', 'c10h_train_c10_loss', 'c10h_train_c10_acc', 'c10h_val_c10_loss', 'c10h_val_c10_acc', 'v4_loss', 'v4_acc', 'v6_loss', 'v6_acc', 'c10_50k_loss', 'c10_50k_acc']) 
 c10h_outdir:  /tigress/ruairidh/model_results/run_1/saves/wrn_28_10/con_True_lr_0.001_seed_2
[2018/09/25 20:55:13 __main__ INFO] - Train 64
[2018/09/25 20:55:33 __main__ INFO] - TEST 64
[2018/09/25 20:56:20 __main__ INFO] - - epoch 64    c10h_train    : 0.4018 (acc: 0.9874) | c10h_val    : 0.5118 (acc: 0.9530)
[2018/09/25 20:56:20 __main__ INFO] - -            c10h_train_c10: 0.0017 (acc: 0.9956) | c10h_val_c10: 0.1771 (acc: 0.9560)
[2018/09/25 20:56:20 __main__ INFO] - -            v4            : 0.4433 (acc: 0.8931) |           v6: 0.4055 (acc: 0.9030)
[2018/09/25 20:56:20 __main__ INFO] - -            c10_50k       : 0.0031 (acc: 0.9995)
[2018/09/25 20:56:20 __main__ INFO] - Elapsed 47.54
keys:  dict_keys(['epoch', 'c10h_train_loss', 'c10h_train_acc', 'c10h_val_loss', 'c10h_val_acc', 'c10h_train_c10_loss', 'c10h_train_c10_acc', 'c10h_val_c10_loss', 'c10h_val_c10_acc', 'v4_loss', 'v4_acc', 'v6_loss', 'v6_acc', 'c10_50k_loss', 'c10_50k_acc']) 
 c10h_outdir:  /tigress/ruairidh/model_results/run_1/saves/wrn_28_10/con_True_lr_0.001_seed_2
[2018/09/25 20:56:22 __main__ INFO] - Train 65
[2018/09/25 20:56:41 __main__ INFO] - TEST 65
[2018/09/25 20:57:29 __main__ INFO] - - epoch 65    c10h_train    : 0.4037 (acc: 0.9874) | c10h_val    : 0.5163 (acc: 0.9520)
[2018/09/25 20:57:29 __main__ INFO] - -            c10h_train_c10: 0.0016 (acc: 0.9956) | c10h_val_c10: 0.1803 (acc: 0.9550)
[2018/09/25 20:57:29 __main__ INFO] - -            v4            : 0.4337 (acc: 0.8911) |           v6: 0.4071 (acc: 0.9025)
[2018/09/25 20:57:29 __main__ INFO] - -            c10_50k       : 0.0032 (acc: 0.9996)
[2018/09/25 20:57:29 __main__ INFO] - Elapsed 47.50
keys:  dict_keys(['epoch', 'c10h_train_loss', 'c10h_train_acc', 'c10h_val_loss', 'c10h_val_acc', 'c10h_train_c10_loss', 'c10h_train_c10_acc', 'c10h_val_c10_loss', 'c10h_val_c10_acc', 'v4_loss', 'v4_acc', 'v6_loss', 'v6_acc', 'c10_50k_loss', 'c10_50k_acc']) 
 c10h_outdir:  /tigress/ruairidh/model_results/run_1/saves/wrn_28_10/con_True_lr_0.001_seed_2
[2018/09/25 20:57:31 __main__ INFO] - Train 66
[2018/09/25 20:57:50 __main__ INFO] - TEST 66
[2018/09/25 20:58:38 __main__ INFO] - - epoch 66    c10h_train    : 0.4030 (acc: 0.9874) | c10h_val    : 0.5168 (acc: 0.9520)
[2018/09/25 20:58:38 __main__ INFO] - -            c10h_train_c10: 0.0017 (acc: 0.9956) | c10h_val_c10: 0.1793 (acc: 0.9550)
[2018/09/25 20:58:38 __main__ INFO] - -            v4            : 0.4274 (acc: 0.8941) |           v6: 0.4101 (acc: 0.8995)
[2018/09/25 20:58:38 __main__ INFO] - -            c10_50k       : 0.0029 (acc: 0.9996)
[2018/09/25 20:58:38 __main__ INFO] - Elapsed 47.49
keys:  dict_keys(['epoch', 'c10h_train_loss', 'c10h_train_acc', 'c10h_val_loss', 'c10h_val_acc', 'c10h_train_c10_loss', 'c10h_train_c10_acc', 'c10h_val_c10_loss', 'c10h_val_c10_acc', 'v4_loss', 'v4_acc', 'v6_loss', 'v6_acc', 'c10_50k_loss', 'c10_50k_acc']) 
 c10h_outdir:  /tigress/ruairidh/model_results/run_1/saves/wrn_28_10/con_True_lr_0.001_seed_2
[2018/09/25 20:58:39 __main__ INFO] - Train 67
[2018/09/25 20:58:59 __main__ INFO] - TEST 67
[2018/09/25 20:59:46 __main__ INFO] - - epoch 67    c10h_train    : 0.4067 (acc: 0.9873) | c10h_val    : 0.5184 (acc: 0.9510)
[2018/09/25 20:59:46 __main__ INFO] - -            c10h_train_c10: 0.0018 (acc: 0.9954) | c10h_val_c10: 0.1785 (acc: 0.9540)
[2018/09/25 20:59:46 __main__ INFO] - -            v4            : 0.4560 (acc: 0.8892) |           v6: 0.4120 (acc: 0.9020)
[2018/09/25 20:59:46 __main__ INFO] - -            c10_50k       : 0.0031 (acc: 0.9996)
[2018/09/25 20:59:46 __main__ INFO] - Elapsed 47.44
keys:  dict_keys(['epoch', 'c10h_train_loss', 'c10h_train_acc', 'c10h_val_loss', 'c10h_val_acc', 'c10h_train_c10_loss', 'c10h_train_c10_acc', 'c10h_val_c10_loss', 'c10h_val_c10_acc', 'v4_loss', 'v4_acc', 'v6_loss', 'v6_acc', 'c10_50k_loss', 'c10_50k_acc']) 
 c10h_outdir:  /tigress/ruairidh/model_results/run_1/saves/wrn_28_10/con_True_lr_0.001_seed_2
[2018/09/25 20:59:48 __main__ INFO] - Train 68
[2018/09/25 21:00:07 __main__ INFO] - TEST 68
[2018/09/25 21:00:55 __main__ INFO] - - epoch 68    c10h_train    : 0.4019 (acc: 0.9874) | c10h_val    : 0.5127 (acc: 0.9520)
[2018/09/25 21:00:55 __main__ INFO] - -            c10h_train_c10: 0.0017 (acc: 0.9956) | c10h_val_c10: 0.1775 (acc: 0.9550)
[2018/09/25 21:00:55 __main__ INFO] - -            v4            : 0.4442 (acc: 0.8916) |           v6: 0.4076 (acc: 0.9020)
[2018/09/25 21:00:55 __main__ INFO] - -            c10_50k       : 0.0035 (acc: 0.9994)
[2018/09/25 21:00:55 __main__ INFO] - Elapsed 47.62
keys:  dict_keys(['epoch', 'c10h_train_loss', 'c10h_train_acc', 'c10h_val_loss', 'c10h_val_acc', 'c10h_train_c10_loss', 'c10h_train_c10_acc', 'c10h_val_c10_loss', 'c10h_val_c10_acc', 'v4_loss', 'v4_acc', 'v6_loss', 'v6_acc', 'c10_50k_loss', 'c10_50k_acc']) 
 c10h_outdir:  /tigress/ruairidh/model_results/run_1/saves/wrn_28_10/con_True_lr_0.001_seed_2
[2018/09/25 21:00:55 __main__ INFO] - Train 69
[2018/09/25 21:01:15 __main__ INFO] - TEST 69
[2018/09/25 21:02:03 __main__ INFO] - - epoch 69    c10h_train    : 0.4019 (acc: 0.9876) | c10h_val    : 0.5149 (acc: 0.9540)
[2018/09/25 21:02:03 __main__ INFO] - -            c10h_train_c10: 0.0018 (acc: 0.9956) | c10h_val_c10: 0.1786 (acc: 0.9570)
[2018/09/25 21:02:03 __main__ INFO] - -            v4            : 0.4430 (acc: 0.8892) |           v6: 0.4104 (acc: 0.9045)
[2018/09/25 21:02:03 __main__ INFO] - -            c10_50k       : 0.0034 (acc: 0.9995)
[2018/09/25 21:02:03 __main__ INFO] - Elapsed 47.75
keys:  dict_keys(['epoch', 'c10h_train_loss', 'c10h_train_acc', 'c10h_val_loss', 'c10h_val_acc', 'c10h_train_c10_loss', 'c10h_train_c10_acc', 'c10h_val_c10_loss', 'c10h_val_c10_acc', 'v4_loss', 'v4_acc', 'v6_loss', 'v6_acc', 'c10_50k_loss', 'c10_50k_acc']) 
 c10h_outdir:  /tigress/ruairidh/model_results/run_1/saves/wrn_28_10/con_True_lr_0.001_seed_2
[2018/09/25 21:02:04 __main__ INFO] - Train 70
[2018/09/25 21:02:24 __main__ INFO] - TEST 70
[2018/09/25 21:03:11 __main__ INFO] - - epoch 70    c10h_train    : 0.3997 (acc: 0.9874) | c10h_val    : 0.5143 (acc: 0.9520)
[2018/09/25 21:03:11 __main__ INFO] - -            c10h_train_c10: 0.0016 (acc: 0.9956) | c10h_val_c10: 0.1789 (acc: 0.9550)
[2018/09/25 21:03:11 __main__ INFO] - -            v4            : 0.4175 (acc: 0.8991) |           v6: 0.4078 (acc: 0.9005)
[2018/09/25 21:03:11 __main__ INFO] - -            c10_50k       : 0.0031 (acc: 0.9995)
[2018/09/25 21:03:11 __main__ INFO] - Elapsed 47.42
keys:  dict_keys(['epoch', 'c10h_train_loss', 'c10h_train_acc', 'c10h_val_loss', 'c10h_val_acc', 'c10h_train_c10_loss', 'c10h_train_c10_acc', 'c10h_val_c10_loss', 'c10h_val_c10_acc', 'v4_loss', 'v4_acc', 'v6_loss', 'v6_acc', 'c10_50k_loss', 'c10_50k_acc']) 
 c10h_outdir:  /tigress/ruairidh/model_results/run_1/saves/wrn_28_10/con_True_lr_0.001_seed_2
[2018/09/25 21:03:13 __main__ INFO] - Train 71
[2018/09/25 21:03:32 __main__ INFO] - TEST 71
[2018/09/25 21:04:19 __main__ INFO] - - epoch 71    c10h_train    : 0.4071 (acc: 0.9874) | c10h_val    : 0.5182 (acc: 0.9520)
[2018/09/25 21:04:20 __main__ INFO] - -            c10h_train_c10: 0.0015 (acc: 0.9956) | c10h_val_c10: 0.1798 (acc: 0.9550)
[2018/09/25 21:04:20 __main__ INFO] - -            v4            : 0.4214 (acc: 0.8961) |           v6: 0.4046 (acc: 0.9015)
[2018/09/25 21:04:20 __main__ INFO] - -            c10_50k       : 0.0034 (acc: 0.9994)
[2018/09/25 21:04:20 __main__ INFO] - Elapsed 47.36
keys:  dict_keys(['epoch', 'c10h_train_loss', 'c10h_train_acc', 'c10h_val_loss', 'c10h_val_acc', 'c10h_train_c10_loss', 'c10h_train_c10_acc', 'c10h_val_c10_loss', 'c10h_val_c10_acc', 'v4_loss', 'v4_acc', 'v6_loss', 'v6_acc', 'c10_50k_loss', 'c10_50k_acc']) 
 c10h_outdir:  /tigress/ruairidh/model_results/run_1/saves/wrn_28_10/con_True_lr_0.001_seed_2
[2018/09/25 21:04:21 __main__ INFO] - Train 72
[2018/09/25 21:04:41 __main__ INFO] - TEST 72
[2018/09/25 21:05:28 __main__ INFO] - - epoch 72    c10h_train    : 0.4035 (acc: 0.9874) | c10h_val    : 0.5165 (acc: 0.9530)
[2018/09/25 21:05:28 __main__ INFO] - -            c10h_train_c10: 0.0016 (acc: 0.9956) | c10h_val_c10: 0.1791 (acc: 0.9560)
[2018/09/25 21:05:28 __main__ INFO] - -            v4            : 0.4224 (acc: 0.8976) |           v6: 0.4110 (acc: 0.9015)
[2018/09/25 21:05:28 __main__ INFO] - -            c10_50k       : 0.0030 (acc: 0.9996)
[2018/09/25 21:05:28 __main__ INFO] - Elapsed 47.61
keys:  dict_keys(['epoch', 'c10h_train_loss', 'c10h_train_acc', 'c10h_val_loss', 'c10h_val_acc', 'c10h_train_c10_loss', 'c10h_train_c10_acc', 'c10h_val_c10_loss', 'c10h_val_c10_acc', 'v4_loss', 'v4_acc', 'v6_loss', 'v6_acc', 'c10_50k_loss', 'c10_50k_acc']) 
 c10h_outdir:  /tigress/ruairidh/model_results/run_1/saves/wrn_28_10/con_True_lr_0.001_seed_2
[2018/09/25 21:05:30 __main__ INFO] - Train 73
[2018/09/25 21:05:49 __main__ INFO] - TEST 73
[2018/09/25 21:06:37 __main__ INFO] - - epoch 73    c10h_train    : 0.4042 (acc: 0.9873) | c10h_val    : 0.5138 (acc: 0.9540)
[2018/09/25 21:06:37 __main__ INFO] - -            c10h_train_c10: 0.0017 (acc: 0.9954) | c10h_val_c10: 0.1786 (acc: 0.9570)
[2018/09/25 21:06:37 __main__ INFO] - -            v4            : 0.4534 (acc: 0.8877) |           v6: 0.4045 (acc: 0.9025)
[2018/09/25 21:06:37 __main__ INFO] - -            c10_50k       : 0.0035 (acc: 0.9992)
[2018/09/25 21:06:37 __main__ INFO] - Elapsed 47.34
keys:  dict_keys(['epoch', 'c10h_train_loss', 'c10h_train_acc', 'c10h_val_loss', 'c10h_val_acc', 'c10h_train_c10_loss', 'c10h_train_c10_acc', 'c10h_val_c10_loss', 'c10h_val_c10_acc', 'v4_loss', 'v4_acc', 'v6_loss', 'v6_acc', 'c10_50k_loss', 'c10_50k_acc']) 
 c10h_outdir:  /tigress/ruairidh/model_results/run_1/saves/wrn_28_10/con_True_lr_0.001_seed_2
[2018/09/25 21:06:38 __main__ INFO] - Train 74
[2018/09/25 21:06:58 __main__ INFO] - TEST 74
[2018/09/25 21:07:45 __main__ INFO] - - epoch 74    c10h_train    : 0.4028 (acc: 0.9874) | c10h_val    : 0.5150 (acc: 0.9530)
[2018/09/25 21:07:45 __main__ INFO] - -            c10h_train_c10: 0.0016 (acc: 0.9956) | c10h_val_c10: 0.1793 (acc: 0.9560)
[2018/09/25 21:07:45 __main__ INFO] - -            v4            : 0.4483 (acc: 0.8916) |           v6: 0.4147 (acc: 0.9025)
[2018/09/25 21:07:45 __main__ INFO] - -            c10_50k       : 0.0032 (acc: 0.9994)
[2018/09/25 21:07:45 __main__ INFO] - Elapsed 47.44
keys:  dict_keys(['epoch', 'c10h_train_loss', 'c10h_train_acc', 'c10h_val_loss', 'c10h_val_acc', 'c10h_train_c10_loss', 'c10h_train_c10_acc', 'c10h_val_c10_loss', 'c10h_val_c10_acc', 'v4_loss', 'v4_acc', 'v6_loss', 'v6_acc', 'c10_50k_loss', 'c10_50k_acc']) 
 c10h_outdir:  /tigress/ruairidh/model_results/run_1/saves/wrn_28_10/con_True_lr_0.001_seed_2
[2018/09/25 21:07:46 __main__ INFO] - Train 75
[2018/09/25 21:08:05 __main__ INFO] - TEST 75
[2018/09/25 21:08:53 __main__ INFO] - - epoch 75    c10h_train    : 0.4017 (acc: 0.9876) | c10h_val    : 0.5156 (acc: 0.9510)
[2018/09/25 21:08:53 __main__ INFO] - -            c10h_train_c10: 0.0016 (acc: 0.9956) | c10h_val_c10: 0.1786 (acc: 0.9540)
[2018/09/25 21:08:53 __main__ INFO] - -            v4            : 0.4422 (acc: 0.8872) |           v6: 0.4078 (acc: 0.9030)
[2018/09/25 21:08:53 __main__ INFO] - -            c10_50k       : 0.0032 (acc: 0.9995)
[2018/09/25 21:08:53 __main__ INFO] - Elapsed 47.64
keys:  dict_keys(['epoch', 'c10h_train_loss', 'c10h_train_acc', 'c10h_val_loss', 'c10h_val_acc', 'c10h_train_c10_loss', 'c10h_train_c10_acc', 'c10h_val_c10_loss', 'c10h_val_c10_acc', 'v4_loss', 'v4_acc', 'v6_loss', 'v6_acc', 'c10_50k_loss', 'c10_50k_acc']) 
 c10h_outdir:  /tigress/ruairidh/model_results/run_1/saves/wrn_28_10/con_True_lr_0.001_seed_2
[2018/09/25 21:08:53 __main__ INFO] - Train 76
[2018/09/25 21:09:13 __main__ INFO] - TEST 76
[2018/09/25 21:10:01 __main__ INFO] - - epoch 76    c10h_train    : 0.4024 (acc: 0.9874) | c10h_val    : 0.5124 (acc: 0.9530)
[2018/09/25 21:10:01 __main__ INFO] - -            c10h_train_c10: 0.0016 (acc: 0.9956) | c10h_val_c10: 0.1790 (acc: 0.9560)
[2018/09/25 21:10:01 __main__ INFO] - -            v4            : 0.4219 (acc: 0.8941) |           v6: 0.4090 (acc: 0.9025)
[2018/09/25 21:10:01 __main__ INFO] - -            c10_50k       : 0.0036 (acc: 0.9993)
[2018/09/25 21:10:01 __main__ INFO] - Elapsed 47.63
keys:  dict_keys(['epoch', 'c10h_train_loss', 'c10h_train_acc', 'c10h_val_loss', 'c10h_val_acc', 'c10h_train_c10_loss', 'c10h_train_c10_acc', 'c10h_val_c10_loss', 'c10h_val_c10_acc', 'v4_loss', 'v4_acc', 'v6_loss', 'v6_acc', 'c10_50k_loss', 'c10_50k_acc']) 
 c10h_outdir:  /tigress/ruairidh/model_results/run_1/saves/wrn_28_10/con_True_lr_0.001_seed_2
[2018/09/25 21:10:02 __main__ INFO] - Train 77
[2018/09/25 21:10:22 __main__ INFO] - TEST 77
[2018/09/25 21:11:09 __main__ INFO] - - epoch 77    c10h_train    : 0.4000 (acc: 0.9876) | c10h_val    : 0.5116 (acc: 0.9550)
[2018/09/25 21:11:10 __main__ INFO] - -            c10h_train_c10: 0.0016 (acc: 0.9956) | c10h_val_c10: 0.1777 (acc: 0.9580)
[2018/09/25 21:11:10 __main__ INFO] - -            v4            : 0.4181 (acc: 0.8902) |           v6: 0.4074 (acc: 0.9035)
[2018/09/25 21:11:10 __main__ INFO] - -            c10_50k       : 0.0038 (acc: 0.9993)
[2018/09/25 21:11:10 __main__ INFO] - Elapsed 47.54
keys:  dict_keys(['epoch', 'c10h_train_loss', 'c10h_train_acc', 'c10h_val_loss', 'c10h_val_acc', 'c10h_train_c10_loss', 'c10h_train_c10_acc', 'c10h_val_c10_loss', 'c10h_val_c10_acc', 'v4_loss', 'v4_acc', 'v6_loss', 'v6_acc', 'c10_50k_loss', 'c10_50k_acc']) 
 c10h_outdir:  /tigress/ruairidh/model_results/run_1/saves/wrn_28_10/con_True_lr_0.001_seed_2
[2018/09/25 21:11:11 __main__ INFO] - Train 78
[2018/09/25 21:11:31 __main__ INFO] - TEST 78
[2018/09/25 21:12:18 __main__ INFO] - - epoch 78    c10h_train    : 0.4051 (acc: 0.9874) | c10h_val    : 0.5168 (acc: 0.9550)
[2018/09/25 21:12:18 __main__ INFO] - -            c10h_train_c10: 0.0015 (acc: 0.9956) | c10h_val_c10: 0.1796 (acc: 0.9580)
[2018/09/25 21:12:18 __main__ INFO] - -            v4            : 0.4367 (acc: 0.8906) |           v6: 0.4104 (acc: 0.9035)
[2018/09/25 21:12:18 __main__ INFO] - -            c10_50k       : 0.0032 (acc: 0.9994)
[2018/09/25 21:12:18 __main__ INFO] - Elapsed 47.30
keys:  dict_keys(['epoch', 'c10h_train_loss', 'c10h_train_acc', 'c10h_val_loss', 'c10h_val_acc', 'c10h_train_c10_loss', 'c10h_train_c10_acc', 'c10h_val_c10_loss', 'c10h_val_c10_acc', 'v4_loss', 'v4_acc', 'v6_loss', 'v6_acc', 'c10_50k_loss', 'c10_50k_acc']) 
 c10h_outdir:  /tigress/ruairidh/model_results/run_1/saves/wrn_28_10/con_True_lr_0.001_seed_2
[2018/09/25 21:12:20 __main__ INFO] - Train 79
[2018/09/25 21:12:39 __main__ INFO] - TEST 79
[2018/09/25 21:13:27 __main__ INFO] - - epoch 79    c10h_train    : 0.4029 (acc: 0.9874) | c10h_val    : 0.5170 (acc: 0.9530)
[2018/09/25 21:13:27 __main__ INFO] - -            c10h_train_c10: 0.0016 (acc: 0.9956) | c10h_val_c10: 0.1797 (acc: 0.9560)
[2018/09/25 21:13:27 __main__ INFO] - -            v4            : 0.4399 (acc: 0.8892) |           v6: 0.4119 (acc: 0.9030)
[2018/09/25 21:13:27 __main__ INFO] - -            c10_50k       : 0.0032 (acc: 0.9994)
[2018/09/25 21:13:27 __main__ INFO] - Elapsed 47.70
keys:  dict_keys(['epoch', 'c10h_train_loss', 'c10h_train_acc', 'c10h_val_loss', 'c10h_val_acc', 'c10h_train_c10_loss', 'c10h_train_c10_acc', 'c10h_val_c10_loss', 'c10h_val_c10_acc', 'v4_loss', 'v4_acc', 'v6_loss', 'v6_acc', 'c10_50k_loss', 'c10_50k_acc']) 
 c10h_outdir:  /tigress/ruairidh/model_results/run_1/saves/wrn_28_10/con_True_lr_0.001_seed_2
[2018/09/25 21:13:28 __main__ INFO] - Train 80
[2018/09/25 21:13:47 __main__ INFO] - TEST 80
[2018/09/25 21:14:35 __main__ INFO] - - epoch 80    c10h_train    : 0.4034 (acc: 0.9874) | c10h_val    : 0.5164 (acc: 0.9560)
[2018/09/25 21:14:35 __main__ INFO] - -            c10h_train_c10: 0.0015 (acc: 0.9956) | c10h_val_c10: 0.1798 (acc: 0.9590)
[2018/09/25 21:14:35 __main__ INFO] - -            v4            : 0.4314 (acc: 0.8921) |           v6: 0.4108 (acc: 0.9030)
[2018/09/25 21:14:35 __main__ INFO] - -            c10_50k       : 0.0032 (acc: 0.9995)
[2018/09/25 21:14:35 __main__ INFO] - Elapsed 47.45
keys:  dict_keys(['epoch', 'c10h_train_loss', 'c10h_train_acc', 'c10h_val_loss', 'c10h_val_acc', 'c10h_train_c10_loss', 'c10h_train_c10_acc', 'c10h_val_c10_loss', 'c10h_val_c10_acc', 'v4_loss', 'v4_acc', 'v6_loss', 'v6_acc', 'c10_50k_loss', 'c10_50k_acc']) 
 c10h_outdir:  /tigress/ruairidh/model_results/run_1/saves/wrn_28_10/con_True_lr_0.001_seed_2
[2018/09/25 21:14:35 __main__ INFO] - Train 81
[2018/09/25 21:14:55 __main__ INFO] - TEST 81
[2018/09/25 21:15:42 __main__ INFO] - - epoch 81    c10h_train    : 0.4000 (acc: 0.9876) | c10h_val    : 0.5129 (acc: 0.9550)
[2018/09/25 21:15:43 __main__ INFO] - -            c10h_train_c10: 0.0016 (acc: 0.9956) | c10h_val_c10: 0.1796 (acc: 0.9580)
[2018/09/25 21:15:43 __main__ INFO] - -            v4            : 0.4380 (acc: 0.8897) |           v6: 0.4084 (acc: 0.9040)
[2018/09/25 21:15:43 __main__ INFO] - -            c10_50k       : 0.0035 (acc: 0.9995)
[2018/09/25 21:15:43 __main__ INFO] - Elapsed 47.62
keys:  dict_keys(['epoch', 'c10h_train_loss', 'c10h_train_acc', 'c10h_val_loss', 'c10h_val_acc', 'c10h_train_c10_loss', 'c10h_train_c10_acc', 'c10h_val_c10_loss', 'c10h_val_c10_acc', 'v4_loss', 'v4_acc', 'v6_loss', 'v6_acc', 'c10_50k_loss', 'c10_50k_acc']) 
 c10h_outdir:  /tigress/ruairidh/model_results/run_1/saves/wrn_28_10/con_True_lr_0.001_seed_2
[2018/09/25 21:15:43 __main__ INFO] - Train 82
[2018/09/25 21:16:03 __main__ INFO] - TEST 82
[2018/09/25 21:16:51 __main__ INFO] - - epoch 82    c10h_train    : 0.4013 (acc: 0.9874) | c10h_val    : 0.5169 (acc: 0.9530)
[2018/09/25 21:16:51 __main__ INFO] - -            c10h_train_c10: 0.0015 (acc: 0.9956) | c10h_val_c10: 0.1810 (acc: 0.9560)
[2018/09/25 21:16:51 __main__ INFO] - -            v4            : 0.4321 (acc: 0.8951) |           v6: 0.4114 (acc: 0.9020)
[2018/09/25 21:16:51 __main__ INFO] - -            c10_50k       : 0.0033 (acc: 0.9993)
[2018/09/25 21:16:51 __main__ INFO] - Elapsed 47.64
keys:  dict_keys(['epoch', 'c10h_train_loss', 'c10h_train_acc', 'c10h_val_loss', 'c10h_val_acc', 'c10h_train_c10_loss', 'c10h_train_c10_acc', 'c10h_val_c10_loss', 'c10h_val_c10_acc', 'v4_loss', 'v4_acc', 'v6_loss', 'v6_acc', 'c10_50k_loss', 'c10_50k_acc']) 
 c10h_outdir:  /tigress/ruairidh/model_results/run_1/saves/wrn_28_10/con_True_lr_0.001_seed_2
[2018/09/25 21:16:53 __main__ INFO] - Train 83
[2018/09/25 21:17:12 __main__ INFO] - TEST 83
[2018/09/25 21:18:00 __main__ INFO] - - epoch 83    c10h_train    : 0.4022 (acc: 0.9874) | c10h_val    : 0.5140 (acc: 0.9530)
[2018/09/25 21:18:00 __main__ INFO] - -            c10h_train_c10: 0.0016 (acc: 0.9956) | c10h_val_c10: 0.1772 (acc: 0.9560)
[2018/09/25 21:18:00 __main__ INFO] - -            v4            : 0.4494 (acc: 0.8847) |           v6: 0.4167 (acc: 0.9005)
[2018/09/25 21:18:00 __main__ INFO] - -            c10_50k       : 0.0033 (acc: 0.9995)
[2018/09/25 21:18:00 __main__ INFO] - Elapsed 47.60
keys:  dict_keys(['epoch', 'c10h_train_loss', 'c10h_train_acc', 'c10h_val_loss', 'c10h_val_acc', 'c10h_train_c10_loss', 'c10h_train_c10_acc', 'c10h_val_c10_loss', 'c10h_val_c10_acc', 'v4_loss', 'v4_acc', 'v6_loss', 'v6_acc', 'c10_50k_loss', 'c10_50k_acc']) 
 c10h_outdir:  /tigress/ruairidh/model_results/run_1/saves/wrn_28_10/con_True_lr_0.001_seed_2
[2018/09/25 21:18:03 __main__ INFO] - Train 84
[2018/09/25 21:18:23 __main__ INFO] - TEST 84
[2018/09/25 21:19:10 __main__ INFO] - - epoch 84    c10h_train    : 0.4028 (acc: 0.9874) | c10h_val    : 0.5175 (acc: 0.9520)
[2018/09/25 21:19:10 __main__ INFO] - -            c10h_train_c10: 0.0016 (acc: 0.9956) | c10h_val_c10: 0.1804 (acc: 0.9550)
[2018/09/25 21:19:10 __main__ INFO] - -            v4            : 0.4240 (acc: 0.8931) |           v6: 0.4128 (acc: 0.9025)
[2018/09/25 21:19:10 __main__ INFO] - -            c10_50k       : 0.0032 (acc: 0.9995)
[2018/09/25 21:19:10 __main__ INFO] - Elapsed 47.66
keys:  dict_keys(['epoch', 'c10h_train_loss', 'c10h_train_acc', 'c10h_val_loss', 'c10h_val_acc', 'c10h_train_c10_loss', 'c10h_train_c10_acc', 'c10h_val_c10_loss', 'c10h_val_c10_acc', 'v4_loss', 'v4_acc', 'v6_loss', 'v6_acc', 'c10_50k_loss', 'c10_50k_acc']) 
 c10h_outdir:  /tigress/ruairidh/model_results/run_1/saves/wrn_28_10/con_True_lr_0.001_seed_2
[2018/09/25 21:19:12 __main__ INFO] - Train 85
[2018/09/25 21:19:31 __main__ INFO] - TEST 85
[2018/09/25 21:20:19 __main__ INFO] - - epoch 85    c10h_train    : 0.4048 (acc: 0.9874) | c10h_val    : 0.5158 (acc: 0.9530)
[2018/09/25 21:20:19 __main__ INFO] - -            c10h_train_c10: 0.0015 (acc: 0.9956) | c10h_val_c10: 0.1811 (acc: 0.9560)
[2018/09/25 21:20:19 __main__ INFO] - -            v4            : 0.4213 (acc: 0.8971) |           v6: 0.4068 (acc: 0.9020)
[2018/09/25 21:20:19 __main__ INFO] - -            c10_50k       : 0.0034 (acc: 0.9994)
[2018/09/25 21:20:19 __main__ INFO] - Elapsed 47.52
keys:  dict_keys(['epoch', 'c10h_train_loss', 'c10h_train_acc', 'c10h_val_loss', 'c10h_val_acc', 'c10h_train_c10_loss', 'c10h_train_c10_acc', 'c10h_val_c10_loss', 'c10h_val_c10_acc', 'v4_loss', 'v4_acc', 'v6_loss', 'v6_acc', 'c10_50k_loss', 'c10_50k_acc']) 
 c10h_outdir:  /tigress/ruairidh/model_results/run_1/saves/wrn_28_10/con_True_lr_0.001_seed_2
[2018/09/25 21:20:20 __main__ INFO] - Train 86
[2018/09/25 21:20:39 __main__ INFO] - TEST 86
[2018/09/25 21:21:27 __main__ INFO] - - epoch 86    c10h_train    : 0.4045 (acc: 0.9876) | c10h_val    : 0.5175 (acc: 0.9550)
[2018/09/25 21:21:27 __main__ INFO] - -            c10h_train_c10: 0.0016 (acc: 0.9956) | c10h_val_c10: 0.1806 (acc: 0.9580)
[2018/09/25 21:21:27 __main__ INFO] - -            v4            : 0.4309 (acc: 0.8892) |           v6: 0.4077 (acc: 0.9005)
[2018/09/25 21:21:27 __main__ INFO] - -            c10_50k       : 0.0033 (acc: 0.9995)
[2018/09/25 21:21:27 __main__ INFO] - Elapsed 47.56
keys:  dict_keys(['epoch', 'c10h_train_loss', 'c10h_train_acc', 'c10h_val_loss', 'c10h_val_acc', 'c10h_train_c10_loss', 'c10h_train_c10_acc', 'c10h_val_c10_loss', 'c10h_val_c10_acc', 'v4_loss', 'v4_acc', 'v6_loss', 'v6_acc', 'c10_50k_loss', 'c10_50k_acc']) 
 c10h_outdir:  /tigress/ruairidh/model_results/run_1/saves/wrn_28_10/con_True_lr_0.001_seed_2
[2018/09/25 21:21:27 __main__ INFO] - Train 87
[2018/09/25 21:21:47 __main__ INFO] - TEST 87
[2018/09/25 21:22:35 __main__ INFO] - - epoch 87    c10h_train    : 0.4021 (acc: 0.9876) | c10h_val    : 0.5168 (acc: 0.9540)
[2018/09/25 21:22:35 __main__ INFO] - -            c10h_train_c10: 0.0015 (acc: 0.9956) | c10h_val_c10: 0.1807 (acc: 0.9570)
[2018/09/25 21:22:35 __main__ INFO] - -            v4            : 0.4207 (acc: 0.8936) |           v6: 0.4105 (acc: 0.9035)
[2018/09/25 21:22:35 __main__ INFO] - -            c10_50k       : 0.0033 (acc: 0.9995)
[2018/09/25 21:22:35 __main__ INFO] - Elapsed 47.75
keys:  dict_keys(['epoch', 'c10h_train_loss', 'c10h_train_acc', 'c10h_val_loss', 'c10h_val_acc', 'c10h_train_c10_loss', 'c10h_train_c10_acc', 'c10h_val_c10_loss', 'c10h_val_c10_acc', 'v4_loss', 'v4_acc', 'v6_loss', 'v6_acc', 'c10_50k_loss', 'c10_50k_acc']) 
 c10h_outdir:  /tigress/ruairidh/model_results/run_1/saves/wrn_28_10/con_True_lr_0.001_seed_2
[2018/09/25 21:22:36 __main__ INFO] - Train 88
[2018/09/25 21:22:55 __main__ INFO] - TEST 88
[2018/09/25 21:23:43 __main__ INFO] - - epoch 88    c10h_train    : 0.4026 (acc: 0.9876) | c10h_val    : 0.5158 (acc: 0.9530)
[2018/09/25 21:23:43 __main__ INFO] - -            c10h_train_c10: 0.0016 (acc: 0.9956) | c10h_val_c10: 0.1835 (acc: 0.9560)
[2018/09/25 21:23:43 __main__ INFO] - -            v4            : 0.4395 (acc: 0.8872) |           v6: 0.4071 (acc: 0.9050)
[2018/09/25 21:23:43 __main__ INFO] - -            c10_50k       : 0.0036 (acc: 0.9994)
[2018/09/25 21:23:43 __main__ INFO] - Elapsed 47.55
keys:  dict_keys(['epoch', 'c10h_train_loss', 'c10h_train_acc', 'c10h_val_loss', 'c10h_val_acc', 'c10h_train_c10_loss', 'c10h_train_c10_acc', 'c10h_val_c10_loss', 'c10h_val_c10_acc', 'v4_loss', 'v4_acc', 'v6_loss', 'v6_acc', 'c10_50k_loss', 'c10_50k_acc']) 
 c10h_outdir:  /tigress/ruairidh/model_results/run_1/saves/wrn_28_10/con_True_lr_0.001_seed_2
[2018/09/25 21:23:45 __main__ INFO] - Train 89
[2018/09/25 21:24:04 __main__ INFO] - TEST 89
[2018/09/25 21:24:52 __main__ INFO] - - epoch 89    c10h_train    : 0.4043 (acc: 0.9874) | c10h_val    : 0.5147 (acc: 0.9530)
[2018/09/25 21:24:52 __main__ INFO] - -            c10h_train_c10: 0.0015 (acc: 0.9956) | c10h_val_c10: 0.1803 (acc: 0.9560)
[2018/09/25 21:24:52 __main__ INFO] - -            v4            : 0.4326 (acc: 0.8926) |           v6: 0.4068 (acc: 0.9020)
[2018/09/25 21:24:52 __main__ INFO] - -            c10_50k       : 0.0035 (acc: 0.9993)
[2018/09/25 21:24:52 __main__ INFO] - Elapsed 47.67
keys:  dict_keys(['epoch', 'c10h_train_loss', 'c10h_train_acc', 'c10h_val_loss', 'c10h_val_acc', 'c10h_train_c10_loss', 'c10h_train_c10_acc', 'c10h_val_c10_loss', 'c10h_val_c10_acc', 'v4_loss', 'v4_acc', 'v6_loss', 'v6_acc', 'c10_50k_loss', 'c10_50k_acc']) 
 c10h_outdir:  /tigress/ruairidh/model_results/run_1/saves/wrn_28_10/con_True_lr_0.001_seed_2
[2018/09/25 21:24:52 __main__ INFO] - Train 90
[2018/09/25 21:25:12 __main__ INFO] - TEST 90
[2018/09/25 21:25:59 __main__ INFO] - - epoch 90    c10h_train    : 0.4026 (acc: 0.9874) | c10h_val    : 0.5145 (acc: 0.9560)
[2018/09/25 21:25:59 __main__ INFO] - -            c10h_train_c10: 0.0015 (acc: 0.9956) | c10h_val_c10: 0.1799 (acc: 0.9590)
[2018/09/25 21:25:59 __main__ INFO] - -            v4            : 0.4300 (acc: 0.8887) |           v6: 0.4071 (acc: 0.9030)
[2018/09/25 21:25:59 __main__ INFO] - -            c10_50k       : 0.0031 (acc: 0.9995)
[2018/09/25 21:25:59 __main__ INFO] - Elapsed 47.47
keys:  dict_keys(['epoch', 'c10h_train_loss', 'c10h_train_acc', 'c10h_val_loss', 'c10h_val_acc', 'c10h_train_c10_loss', 'c10h_train_c10_acc', 'c10h_val_c10_loss', 'c10h_val_c10_acc', 'v4_loss', 'v4_acc', 'v6_loss', 'v6_acc', 'c10_50k_loss', 'c10_50k_acc']) 
 c10h_outdir:  /tigress/ruairidh/model_results/run_1/saves/wrn_28_10/con_True_lr_0.001_seed_2
[2018/09/25 21:26:01 __main__ INFO] - Train 91
[2018/09/25 21:26:20 __main__ INFO] - TEST 91
[2018/09/25 21:27:08 __main__ INFO] - - epoch 91    c10h_train    : 0.4055 (acc: 0.9876) | c10h_val    : 0.5192 (acc: 0.9530)
[2018/09/25 21:27:08 __main__ INFO] - -            c10h_train_c10: 0.0015 (acc: 0.9956) | c10h_val_c10: 0.1811 (acc: 0.9560)
[2018/09/25 21:27:08 __main__ INFO] - -            v4            : 0.4154 (acc: 0.8976) |           v6: 0.4091 (acc: 0.9040)
[2018/09/25 21:27:08 __main__ INFO] - -            c10_50k       : 0.0032 (acc: 0.9996)
[2018/09/25 21:27:08 __main__ INFO] - Elapsed 47.60
keys:  dict_keys(['epoch', 'c10h_train_loss', 'c10h_train_acc', 'c10h_val_loss', 'c10h_val_acc', 'c10h_train_c10_loss', 'c10h_train_c10_acc', 'c10h_val_c10_loss', 'c10h_val_c10_acc', 'v4_loss', 'v4_acc', 'v6_loss', 'v6_acc', 'c10_50k_loss', 'c10_50k_acc']) 
 c10h_outdir:  /tigress/ruairidh/model_results/run_1/saves/wrn_28_10/con_True_lr_0.001_seed_2
[2018/09/25 21:27:10 __main__ INFO] - Train 92
[2018/09/25 21:27:29 __main__ INFO] - TEST 92
[2018/09/25 21:28:17 __main__ INFO] - - epoch 92    c10h_train    : 0.4022 (acc: 0.9874) | c10h_val    : 0.5166 (acc: 0.9560)
[2018/09/25 21:28:17 __main__ INFO] - -            c10h_train_c10: 0.0015 (acc: 0.9956) | c10h_val_c10: 0.1820 (acc: 0.9590)
[2018/09/25 21:28:17 __main__ INFO] - -            v4            : 0.4122 (acc: 0.8976) |           v6: 0.4076 (acc: 0.9030)
[2018/09/25 21:28:17 __main__ INFO] - -            c10_50k       : 0.0030 (acc: 0.9996)
[2018/09/25 21:28:17 __main__ INFO] - Elapsed 47.61
keys:  dict_keys(['epoch', 'c10h_train_loss', 'c10h_train_acc', 'c10h_val_loss', 'c10h_val_acc', 'c10h_train_c10_loss', 'c10h_train_c10_acc', 'c10h_val_c10_loss', 'c10h_val_c10_acc', 'v4_loss', 'v4_acc', 'v6_loss', 'v6_acc', 'c10_50k_loss', 'c10_50k_acc']) 
 c10h_outdir:  /tigress/ruairidh/model_results/run_1/saves/wrn_28_10/con_True_lr_0.001_seed_2
[2018/09/25 21:28:20 __main__ INFO] - Train 93
[2018/09/25 21:28:40 __main__ INFO] - TEST 93
[2018/09/25 21:29:27 __main__ INFO] - - epoch 93    c10h_train    : 0.4019 (acc: 0.9876) | c10h_val    : 0.5162 (acc: 0.9560)
[2018/09/25 21:29:27 __main__ INFO] - -            c10h_train_c10: 0.0015 (acc: 0.9956) | c10h_val_c10: 0.1813 (acc: 0.9590)
[2018/09/25 21:29:27 __main__ INFO] - -            v4            : 0.4232 (acc: 0.8921) |           v6: 0.4018 (acc: 0.9045)
[2018/09/25 21:29:27 __main__ INFO] - -            c10_50k       : 0.0031 (acc: 0.9995)
[2018/09/25 21:29:27 __main__ INFO] - Elapsed 47.61
keys:  dict_keys(['epoch', 'c10h_train_loss', 'c10h_train_acc', 'c10h_val_loss', 'c10h_val_acc', 'c10h_train_c10_loss', 'c10h_train_c10_acc', 'c10h_val_c10_loss', 'c10h_val_c10_acc', 'v4_loss', 'v4_acc', 'v6_loss', 'v6_acc', 'c10_50k_loss', 'c10_50k_acc']) 
 c10h_outdir:  /tigress/ruairidh/model_results/run_1/saves/wrn_28_10/con_True_lr_0.001_seed_2
[2018/09/25 21:29:29 __main__ INFO] - Train 94
[2018/09/25 21:29:49 __main__ INFO] - TEST 94
[2018/09/25 21:30:36 __main__ INFO] - - epoch 94    c10h_train    : 0.4040 (acc: 0.9874) | c10h_val    : 0.5159 (acc: 0.9550)
[2018/09/25 21:30:36 __main__ INFO] - -            c10h_train_c10: 0.0016 (acc: 0.9956) | c10h_val_c10: 0.1811 (acc: 0.9580)
[2018/09/25 21:30:36 __main__ INFO] - -            v4            : 0.4269 (acc: 0.8911) |           v6: 0.4044 (acc: 0.9045)
[2018/09/25 21:30:36 __main__ INFO] - -            c10_50k       : 0.0033 (acc: 0.9993)
[2018/09/25 21:30:36 __main__ INFO] - Elapsed 47.68
keys:  dict_keys(['epoch', 'c10h_train_loss', 'c10h_train_acc', 'c10h_val_loss', 'c10h_val_acc', 'c10h_train_c10_loss', 'c10h_train_c10_acc', 'c10h_val_c10_loss', 'c10h_val_c10_acc', 'v4_loss', 'v4_acc', 'v6_loss', 'v6_acc', 'c10_50k_loss', 'c10_50k_acc']) 
 c10h_outdir:  /tigress/ruairidh/model_results/run_1/saves/wrn_28_10/con_True_lr_0.001_seed_2
[2018/09/25 21:30:38 __main__ INFO] - Train 95
[2018/09/25 21:30:58 __main__ INFO] - TEST 95
[2018/09/25 21:31:46 __main__ INFO] - - epoch 95    c10h_train    : 0.4047 (acc: 0.9874) | c10h_val    : 0.5168 (acc: 0.9550)
[2018/09/25 21:31:46 __main__ INFO] - -            c10h_train_c10: 0.0015 (acc: 0.9956) | c10h_val_c10: 0.1792 (acc: 0.9580)
[2018/09/25 21:31:46 __main__ INFO] - -            v4            : 0.4134 (acc: 0.8951) |           v6: 0.4138 (acc: 0.9030)
[2018/09/25 21:31:46 __main__ INFO] - -            c10_50k       : 0.0032 (acc: 0.9995)
[2018/09/25 21:31:46 __main__ INFO] - Elapsed 47.66
keys:  dict_keys(['epoch', 'c10h_train_loss', 'c10h_train_acc', 'c10h_val_loss', 'c10h_val_acc', 'c10h_train_c10_loss', 'c10h_train_c10_acc', 'c10h_val_c10_loss', 'c10h_val_c10_acc', 'v4_loss', 'v4_acc', 'v6_loss', 'v6_acc', 'c10_50k_loss', 'c10_50k_acc']) 
 c10h_outdir:  /tigress/ruairidh/model_results/run_1/saves/wrn_28_10/con_True_lr_0.001_seed_2
[2018/09/25 21:31:46 __main__ INFO] - Train 96
[2018/09/25 21:32:05 __main__ INFO] - TEST 96
[2018/09/25 21:32:53 __main__ INFO] - - epoch 96    c10h_train    : 0.4023 (acc: 0.9874) | c10h_val    : 0.5155 (acc: 0.9550)
[2018/09/25 21:32:54 __main__ INFO] - -            c10h_train_c10: 0.0015 (acc: 0.9956) | c10h_val_c10: 0.1796 (acc: 0.9580)
[2018/09/25 21:32:54 __main__ INFO] - -            v4            : 0.4352 (acc: 0.8911) |           v6: 0.4092 (acc: 0.9040)
[2018/09/25 21:32:54 __main__ INFO] - -            c10_50k       : 0.0031 (acc: 0.9994)
[2018/09/25 21:32:54 __main__ INFO] - Elapsed 47.93
keys:  dict_keys(['epoch', 'c10h_train_loss', 'c10h_train_acc', 'c10h_val_loss', 'c10h_val_acc', 'c10h_train_c10_loss', 'c10h_train_c10_acc', 'c10h_val_c10_loss', 'c10h_val_c10_acc', 'v4_loss', 'v4_acc', 'v6_loss', 'v6_acc', 'c10_50k_loss', 'c10_50k_acc']) 
 c10h_outdir:  /tigress/ruairidh/model_results/run_1/saves/wrn_28_10/con_True_lr_0.001_seed_2
[2018/09/25 21:32:55 __main__ INFO] - Train 97
[2018/09/25 21:33:14 __main__ INFO] - TEST 97
[2018/09/25 21:34:02 __main__ INFO] - - epoch 97    c10h_train    : 0.4031 (acc: 0.9874) | c10h_val    : 0.5157 (acc: 0.9560)
[2018/09/25 21:34:02 __main__ INFO] - -            c10h_train_c10: 0.0015 (acc: 0.9956) | c10h_val_c10: 0.1796 (acc: 0.9590)
[2018/09/25 21:34:02 __main__ INFO] - -            v4            : 0.4190 (acc: 0.8971) |           v6: 0.4053 (acc: 0.9050)
[2018/09/25 21:34:02 __main__ INFO] - -            c10_50k       : 0.0032 (acc: 0.9995)
[2018/09/25 21:34:02 __main__ INFO] - Elapsed 47.67
keys:  dict_keys(['epoch', 'c10h_train_loss', 'c10h_train_acc', 'c10h_val_loss', 'c10h_val_acc', 'c10h_train_c10_loss', 'c10h_train_c10_acc', 'c10h_val_c10_loss', 'c10h_val_c10_acc', 'v4_loss', 'v4_acc', 'v6_loss', 'v6_acc', 'c10_50k_loss', 'c10_50k_acc']) 
 c10h_outdir:  /tigress/ruairidh/model_results/run_1/saves/wrn_28_10/con_True_lr_0.001_seed_2
[2018/09/25 21:34:03 __main__ INFO] - Train 98
[2018/09/25 21:34:23 __main__ INFO] - TEST 98
[2018/09/25 21:35:10 __main__ INFO] - - epoch 98    c10h_train    : 0.3999 (acc: 0.9874) | c10h_val    : 0.5119 (acc: 0.9540)
[2018/09/25 21:35:10 __main__ INFO] - -            c10h_train_c10: 0.0016 (acc: 0.9956) | c10h_val_c10: 0.1780 (acc: 0.9570)
[2018/09/25 21:35:10 __main__ INFO] - -            v4            : 0.4345 (acc: 0.8892) |           v6: 0.4083 (acc: 0.9020)
[2018/09/25 21:35:10 __main__ INFO] - -            c10_50k       : 0.0036 (acc: 0.9995)
[2018/09/25 21:35:10 __main__ INFO] - Elapsed 47.57
keys:  dict_keys(['epoch', 'c10h_train_loss', 'c10h_train_acc', 'c10h_val_loss', 'c10h_val_acc', 'c10h_train_c10_loss', 'c10h_train_c10_acc', 'c10h_val_c10_loss', 'c10h_val_c10_acc', 'v4_loss', 'v4_acc', 'v6_loss', 'v6_acc', 'c10_50k_loss', 'c10_50k_acc']) 
 c10h_outdir:  /tigress/ruairidh/model_results/run_1/saves/wrn_28_10/con_True_lr_0.001_seed_2
[2018/09/25 21:35:13 __main__ INFO] - Train 99
[2018/09/25 21:35:32 __main__ INFO] - TEST 99
[2018/09/25 21:36:20 __main__ INFO] - - epoch 99    c10h_train    : 0.4030 (acc: 0.9876) | c10h_val    : 0.5163 (acc: 0.9570)
[2018/09/25 21:36:20 __main__ INFO] - -            c10h_train_c10: 0.0015 (acc: 0.9956) | c10h_val_c10: 0.1809 (acc: 0.9600)
[2018/09/25 21:36:20 __main__ INFO] - -            v4            : 0.4424 (acc: 0.8872) |           v6: 0.4070 (acc: 0.9050)
[2018/09/25 21:36:20 __main__ INFO] - -            c10_50k       : 0.0034 (acc: 0.9993)
[2018/09/25 21:36:20 __main__ INFO] - Elapsed 47.64
keys:  dict_keys(['epoch', 'c10h_train_loss', 'c10h_train_acc', 'c10h_val_loss', 'c10h_val_acc', 'c10h_train_c10_loss', 'c10h_train_c10_acc', 'c10h_val_c10_loss', 'c10h_val_c10_acc', 'v4_loss', 'v4_acc', 'v6_loss', 'v6_acc', 'c10_50k_loss', 'c10_50k_acc']) 
 c10h_outdir:  /tigress/ruairidh/model_results/run_1/saves/wrn_28_10/con_True_lr_0.001_seed_2
[2018/09/25 21:36:22 __main__ INFO] - Train 100
[2018/09/25 21:36:41 __main__ INFO] - TEST 100
[2018/09/25 21:37:29 __main__ INFO] - - epoch 100    c10h_train    : 0.4012 (acc: 0.9874) | c10h_val    : 0.5112 (acc: 0.9540)
[2018/09/25 21:37:29 __main__ INFO] - -            c10h_train_c10: 0.0015 (acc: 0.9956) | c10h_val_c10: 0.1782 (acc: 0.9570)
[2018/09/25 21:37:29 __main__ INFO] - -            v4            : 0.4462 (acc: 0.8921) |           v6: 0.4069 (acc: 0.9055)
[2018/09/25 21:37:29 __main__ INFO] - -            c10_50k       : 0.0033 (acc: 0.9995)
[2018/09/25 21:37:29 __main__ INFO] - Elapsed 47.57
keys:  dict_keys(['epoch', 'c10h_train_loss', 'c10h_train_acc', 'c10h_val_loss', 'c10h_val_acc', 'c10h_train_c10_loss', 'c10h_train_c10_acc', 'c10h_val_c10_loss', 'c10h_val_c10_acc', 'v4_loss', 'v4_acc', 'v6_loss', 'v6_acc', 'c10_50k_loss', 'c10_50k_acc']) 
 c10h_outdir:  /tigress/ruairidh/model_results/run_1/saves/wrn_28_10/con_True_lr_0.001_seed_2
inner done
