entering inner script
activating virtual env
densenet_BC_100_12
--arch=dense --c10h_save_interval=2 --dataset=CIFAR10H --no_output --c10h_datasplit_seed=0 --human_tune --nonhuman_control=True --base_lr=0.01
densenet_BC_100_12_control:True_lr:0.01_seed:0.out
entering python script
/tigress/ruairidh/model_results/run_1/densenet_BC_100_12/model_best_state.pth
/tigress/ruairidh/model_results/run_1/saves/densenet_BC_100_12
Using TensorFlow backend.
Traceback (most recent call last):
  File "./tune_with_cifar10h.py", line 685, in <module>
    main()
  File "./tune_with_cifar10h.py", line 515, in main
    config = parse_args()
  File "./tune_with_cifar10h.py", line 169, in parse_args
    config = get_config(args)
  File "/home/ruairidh/superman/cifar10-human-experiments/pytorch_image_classification/argparser.py", line 309, in get_config
    args = _set_default_values(args)
  File "/home/ruairidh/superman/cifar10-human-experiments/pytorch_image_classification/argparser.py", line 285, in _set_default_values
    with open(args.config, 'r') as fin:
FileNotFoundError: [Errno 2] No such file or directory: 'configs/dense.json'
inner done
