entering inner script
activating virtual env
resnet_basic_110
identifier: con_False_lr_0.1_seed_0
--arch=resnet --c10h_save_interval=2 --dataset=CIFAR10H --no_output --c10h_datasplit_seed=0 --human_tune --nonhuman_control=False --base_lr=0.1
resnet_basic_110_control:False_lr:0.1_seed:0.out
entering python script
/tigress/ruairidh/model_results/run_2/resnet_basic_110/model_best_state.pth
/tigress/ruairidh/model_results/run_2/saves/resnet_basic_110/con_False_lr_0.1_seed_0
Using TensorFlow backend.
[2018/09/27 15:31:07 __main__ INFO] - {
  "model_config": {
    "arch": "resnet",
    "input_shape": [
      1,
      3,
      32,
      32
    ],
    "n_classes": 10,
    "base_channels": 16,
    "block_type": "basic",
    "depth": 110
  },
  "optim_config": {
    "epochs": 160,
    "batch_size": 128,
    "optimizer": "sgd",
    "base_lr": 0.1,
    "weight_decay": 0.0001,
    "momentum": 0.9,
    "nesterov": true,
    "scheduler": "multistep",
    "milestones": [
      80,
      120
    ],
    "lr_decay": 0.1
  },
  "data_config": {
    "dataset": "CIFAR10H",
    "n_classes": 10,
    "num_workers": 7,
    "batch_size": 128,
    "use_cutout": false,
    "use_random_erasing": false,
    "use_mixup": false,
    "c10h_sample": false,
    "c10h_testsplit_percent": 0.1,
    "c10h_datasplit_seed": 0,
    "use_gpu": true
  },
  "run_config": {
    "outdir": "/tigress/ruairidh/model_results/resnet_basic_110",
    "seed": 17,
    "test_first": true,
    "gpu": "0",
    "tensorboard": false,
    "tensorboard_train_images": false,
    "tensorboard_test_images": false,
    "tensorboard_model_params": false,
    "resume": "/tigress/ruairidh/model_results/run_2/resnet_basic_110/model_best_state.pth",
    "human_tune": true,
    "no_output": true,
    "test_only": false,
    "nonhuman_control": false,
    "c10h_scores_outdir": "/tigress/ruairidh/model_results/run_2/saves/resnet_basic_110/con_False_lr_0.1_seed_0",
    "c10h_save_interval": "2",
    "use_gpu": true
  },
  "env_info": {
    "pytorch_version": "0.4.1",
    "cuda_version": "9.0.176",
    "cudnn_version": 7102,
    "gpu0": {
      "name": "Tesla P100-PCIE-16GB",
      "capability": "6.0"
    }
  }
}
Files already downloaded and verified
Files already downloaded and verified
Files already downloaded and verified
Files already downloaded and verified
Files already downloaded and verified
[2018/09/27 15:31:11 __main__ INFO] - Loading model...
[2018/09/27 15:31:11 __main__ INFO] - n_params: 1730714
[2018/09/27 15:31:12 __main__ INFO] - Done
=> loading checkpoint '/tigress/ruairidh/model_results/run_2/resnet_basic_110/model_best_state.pth'
=> loaded checkpoint '/tigress/ruairidh/model_results/run_2/resnet_basic_110/model_best_state.pth' (epoch 154)
[2018/09/27 15:31:12 __main__ INFO] - TEST 0
[2018/09/27 15:31:37 __main__ INFO] - - epoch 0    c10h_train    : 0.7455 (acc: 0.9202) | c10h_val    : 0.7821 (acc: 0.9370)
[2018/09/27 15:31:37 __main__ INFO] - -            c10h_train_c10: 0.3249 (acc: 0.9218) | c10h_val_c10: 0.3278 (acc: 0.9390)
[2018/09/27 15:31:37 __main__ INFO] - -            v4            : 0.7253 (acc: 0.8431) |           v6: 0.8057 (acc: 0.8530)
[2018/09/27 15:31:37 __main__ INFO] - -            c10_50k       : 0.0025 (acc: 0.9998)
[2018/09/27 15:31:37 __main__ INFO] - Elapsed 25.07
Traceback (most recent call last):
  File "./tune_with_cifar10h.py", line 689, in <module>
    main()
  File "./tune_with_cifar10h.py", line 667, in main
    os.makedirs(c10h_outdir)
  File "/home/ruairidh/miniconda3/envs/pytorch_env/lib/python3.6/os.py", line 220, in makedirs
    mkdir(name, mode)
OSError: [Errno 122] Disk quota exceeded: '/tigress/ruairidh/model_results/run_2/saves/resnet_basic_110/con_False_lr_0.1_seed_0'
cp: cannot create regular file ‘/tigress/ruairidh/model_results/run_2/saves/resnet_basic_110/./resnet_basic_110_control:False_lr:0.1_seed:0.out’: Disk quota exceeded
inner done
