entering inner script
activating virtual env
resnet_preact_bottleneck_164
identifier: con_True_lr_0.01_seed_2
--arch=resnet_preact --c10h_save_interval=2 --dataset=CIFAR10H --no_output --c10h_datasplit_seed=2 --human_tune --nonhuman_control=True --base_lr=0.01
resnet_preact_bottleneck_164_control:True_lr:0.01_seed:2.out
entering python script
/tigress/ruairidh/model_results/run_2/resnet_preact_bottleneck_164/model_best_state.pth
/tigress/ruairidh/model_results/run_2/saves/resnet_preact_bottleneck_164/con_True_lr_0.01_seed_2
Using TensorFlow backend.
[2018/09/27 15:25:57 __main__ INFO] - {
  "model_config": {
    "arch": "resnet_preact",
    "input_shape": [
      1,
      3,
      32,
      32
    ],
    "n_classes": 10,
    "base_channels": 16,
    "block_type": "bottleneck",
    "depth": 164,
    "remove_first_relu": false,
    "add_last_bn": false,
    "preact_stage": [
      true,
      true,
      true
    ]
  },
  "optim_config": {
    "epochs": 160,
    "batch_size": 128,
    "optimizer": "sgd",
    "base_lr": 0.01,
    "weight_decay": 0.0001,
    "momentum": 0.9,
    "nesterov": true,
    "scheduler": "multistep",
    "milestones": [
      80,
      120
    ],
    "lr_decay": 0.1
  },
  "data_config": {
    "dataset": "CIFAR10H",
    "n_classes": 10,
    "num_workers": 7,
    "batch_size": 128,
    "use_cutout": false,
    "use_random_erasing": false,
    "use_mixup": false,
    "c10h_sample": false,
    "c10h_testsplit_percent": 0.1,
    "c10h_datasplit_seed": 2,
    "use_gpu": true
  },
  "run_config": {
    "outdir": "/tigress/ruairidh/model_results/resnet_preact_bottleneck_164",
    "seed": 17,
    "test_first": true,
    "gpu": "0",
    "tensorboard": false,
    "tensorboard_train_images": false,
    "tensorboard_test_images": false,
    "tensorboard_model_params": false,
    "resume": "/tigress/ruairidh/model_results/run_2/resnet_preact_bottleneck_164/model_best_state.pth",
    "human_tune": true,
    "no_output": true,
    "test_only": false,
    "nonhuman_control": true,
    "c10h_scores_outdir": "/tigress/ruairidh/model_results/run_2/saves/resnet_preact_bottleneck_164/con_True_lr_0.01_seed_2",
    "c10h_save_interval": "2",
    "use_gpu": true
  },
  "env_info": {
    "pytorch_version": "0.4.1",
    "cuda_version": "9.0.176",
    "cudnn_version": 7102,
    "gpu0": {
      "name": "Tesla P100-PCIE-16GB",
      "capability": "6.0"
    }
  }
}
Files already downloaded and verified
Files already downloaded and verified
Files already downloaded and verified
Files already downloaded and verified
Files already downloaded and verified
[2018/09/27 15:26:01 __main__ INFO] - Loading model...
[2018/09/27 15:26:01 __main__ INFO] - n_params: 1619290
[2018/09/27 15:26:02 __main__ INFO] - Done
=> loading checkpoint '/tigress/ruairidh/model_results/run_2/resnet_preact_bottleneck_164/model_best_state.pth'
=> loaded checkpoint '/tigress/ruairidh/model_results/run_2/resnet_preact_bottleneck_164/model_best_state.pth' (epoch 158)
[2018/09/27 15:26:03 __main__ INFO] - TEST 0
[2018/09/27 15:26:29 __main__ INFO] - - epoch 0    c10h_train    : 0.6918 (acc: 0.9304) | c10h_val    : 0.7530 (acc: 0.9490)
[2018/09/27 15:26:29 __main__ INFO] - -            c10h_train_c10: 0.2720 (acc: 0.9323) | c10h_val_c10: 0.2048 (acc: 0.9510)
[2018/09/27 15:26:29 __main__ INFO] - -            v4            : 0.6220 (acc: 0.8615) |           v6: 0.6644 (acc: 0.8695)
[2018/09/27 15:26:29 __main__ INFO] - -            c10_50k       : 0.0015 (acc: 0.9998)
[2018/09/27 15:26:29 __main__ INFO] - Elapsed 26.49
Traceback (most recent call last):
  File "./tune_with_cifar10h.py", line 689, in <module>
    main()
  File "./tune_with_cifar10h.py", line 667, in main
    os.makedirs(c10h_outdir)
  File "/home/ruairidh/miniconda3/envs/pytorch_env/lib/python3.6/os.py", line 220, in makedirs
    mkdir(name, mode)
OSError: [Errno 122] Disk quota exceeded: '/tigress/ruairidh/model_results/run_2/saves/resnet_preact_bottleneck_164/con_True_lr_0.01_seed_2'
cp: cannot create regular file ‘/tigress/ruairidh/model_results/run_2/saves/resnet_preact_bottleneck_164/./resnet_preact_bottleneck_164_control:True_lr:0.01_seed:2.out’: Disk quota exceeded
inner done
