usage: main.py [-h] [--arch ARCH] [--config CONFIG] [--n_channels N_CHANNELS]
               [--n_layers N_LAYERS] [--use_bn USE_BN]
               [--base_channels BASE_CHANNELS] [--block_type BLOCK_TYPE]
               [--depth DEPTH] [--remove_first_relu REMOVE_FIRST_RELU]
               [--add_last_bn ADD_LAST_BN] [--preact_stage PREACT_STAGE]
               [--widening_factor WIDENING_FACTOR] [--growth_rate GROWTH_RATE]
               [--compression_rate COMPRESSION_RATE] [--drop_rate DROP_RATE]
               [--pyramid_alpha PYRAMID_ALPHA] [--cardinality CARDINALITY]
               [--shake_forward SHAKE_FORWARD]
               [--shake_backward SHAKE_BACKWARD] [--shake_image SHAKE_IMAGE]
               [--se_reduction SE_REDUCTION] --outdir OUTDIR [--seed SEED]
               [--test_first TEST_FIRST] [--tensorboard] [--no-tensorboard]
               [--tensorboard_train_images] [--tensorboard_test_images]
               [--tensorboard_model_params] [--epochs EPOCHS]
               [--batch_size BATCH_SIZE] [--optimizer {sgd,adam}]
               [--base_lr BASE_LR] [--weight_decay WEIGHT_DECAY]
               [--momentum MOMENTUM] [--nesterov NESTEROV]
               [--scheduler {none,multistep,cosine}] [--milestones MILESTONES]
               [--lr_decay LR_DECAY] [--lr_min LR_MIN] [--betas BETAS]
               [--dataset {CIFAR10,CIFAR100,MNIST,FashionMNIST}]
               [--num_workers NUM_WORKERS] [--use_cutout]
               [--cutout_size CUTOUT_SIZE] [--cutout_prob CUTOUT_PROB]
               [--cutout_inside] [--use_random_erasing]
               [--random_erasing_prob RANDOM_ERASING_PROB]
               [--random_erasing_area_ratio_range RANDOM_ERASING_AREA_RATIO_RANGE]
               [--random_erasing_min_aspect_ratio RANDOM_ERASING_MIN_ASPECT_RATIO]
               [--random_erasing_max_attempt RANDOM_ERASING_MAX_ATTEMPT]
               [--use_mixup] [--mixup_alpha MIXUP_ALPHA]
main.py: error: unrecognized arguments: --gpu 0--arch vgg
done
