entering inner script
activating virtual env
vgg_15_BN_64
identifier: con_True_lr_0.01_seed_2
--arch=vgg --c10h_save_interval=2 --dataset=CIFAR10H --no_output --c10h_datasplit_seed=2 --human_tune --nonhuman_control=True --base_lr=0.01
vgg_15_BN_64_control:True_lr:0.01_seed:2.out
entering python script
/tigress/ruairidh/model_results/run_1/vgg_15_BN_64/model_best_state.pth
/tigress/ruairidh/model_results/run_1/saves/vgg_15_BN_64/con_True_lr_0.01_seed_2
Using TensorFlow backend.
[2018/09/25 10:54:34 __main__ INFO] - {
  "model_config": {
    "arch": "vgg",
    "input_shape": [
      1,
      3,
      32,
      32
    ],
    "n_classes": 10,
    "n_channels": [
      64,
      128,
      256,
      512,
      512
    ],
    "n_layers": [
      2,
      2,
      3,
      3,
      3
    ],
    "use_bn": true
  },
  "optim_config": {
    "epochs": 160,
    "batch_size": 128,
    "optimizer": "sgd",
    "base_lr": 0.01,
    "weight_decay": 0.0001,
    "momentum": 0.9,
    "nesterov": true,
    "scheduler": "multistep",
    "milestones": [
      80,
      120
    ],
    "lr_decay": 0.1
  },
  "data_config": {
    "dataset": "CIFAR10H",
    "n_classes": 10,
    "num_workers": 7,
    "batch_size": 128,
    "use_cutout": false,
    "use_random_erasing": false,
    "use_mixup": false,
    "c10h_sample": false,
    "c10h_testsplit_percent": 0.1,
    "c10h_datasplit_seed": 2,
    "use_gpu": true
  },
  "run_config": {
    "seed": 17,
    "test_first": true,
    "gpu": "0",
    "tensorboard": false,
    "tensorboard_train_images": false,
    "tensorboard_test_images": false,
    "tensorboard_model_params": false,
    "resume": "/tigress/ruairidh/model_results/run_1/vgg_15_BN_64/model_best_state.pth",
    "human_tune": true,
    "no_output": true,
    "test_only": false,
    "nonhuman_control": true,
    "c10h_scores_outdir": "/tigress/ruairidh/model_results/run_1/saves/vgg_15_BN_64/con_True_lr_0.01_seed_2",
    "c10h_save_interval": "2",
    "use_gpu": true
  },
  "env_info": {
    "pytorch_version": "0.4.1",
    "cuda_version": "9.0.176",
    "cudnn_version": 7102,
    "gpu0": {
      "name": "Tesla P100-PCIE-16GB",
      "capability": "6.0"
    }
  }
}
Files already downloaded and verified
Files already downloaded and verified
Files already downloaded and verified
Files already downloaded and verified
Files already downloaded and verified
[2018/09/25 10:54:38 __main__ INFO] - Loading model...
[2018/09/25 10:54:39 __main__ INFO] - n_params: 14728266
[2018/09/25 10:54:40 __main__ INFO] - Done
=> loading checkpoint '/tigress/ruairidh/model_results/run_1/vgg_15_BN_64/model_best_state.pth'
=> loaded checkpoint '/tigress/ruairidh/model_results/run_1/vgg_15_BN_64/model_best_state.pth' (epoch 146)
[2018/09/25 10:54:41 __main__ INFO] - TEST 0
[2018/09/25 10:55:02 __main__ INFO] - - epoch 0    c10h_train    : 0.8032 (acc: 0.9193) | c10h_val    : 0.7610 (acc: 0.9360)
[2018/09/25 10:55:02 __main__ INFO] - -            c10h_train_c10: 0.3734 (acc: 0.9206) | c10h_val_c10: 0.2807 (acc: 0.9380)
[2018/09/25 10:55:02 __main__ INFO] - -            v4            : 0.8380 (acc: 0.8342) |           v6: 0.7882 (acc: 0.8535)
[2018/09/25 10:55:02 __main__ INFO] - -            c10_50k       : 0.0021 (acc: 0.9996)
[2018/09/25 10:55:02 __main__ INFO] - Elapsed 21.64
keys:  dict_keys(['epoch', 'c10h_train_loss', 'c10h_train_acc', 'c10h_val_loss', 'c10h_val_acc', 'c10h_train_c10_loss', 'c10h_train_c10_acc', 'c10h_val_c10_loss', 'c10h_val_c10_acc', 'v4_loss', 'v4_acc', 'v6_loss', 'v6_acc', 'c10_50k_loss', 'c10_50k_acc']) 
 c10h_outdir:  /tigress/ruairidh/model_results/run_1/saves/vgg_15_BN_64/con_True_lr_0.01_seed_2
[2018/09/25 10:55:03 __main__ INFO] - Train 1
[2018/09/25 10:55:07 __main__ INFO] - TEST 1
[2018/09/25 10:55:27 __main__ INFO] - - epoch 1    c10h_train    : 0.6183 (acc: 0.9256) | c10h_val    : 0.6581 (acc: 0.9250)
[2018/09/25 10:55:27 __main__ INFO] - -            c10h_train_c10: 0.2479 (acc: 0.9274) | c10h_val_c10: 0.2675 (acc: 0.9270)
[2018/09/25 10:55:27 __main__ INFO] - -            v4            : 0.7702 (acc: 0.8204) |           v6: 0.7324 (acc: 0.8395)
[2018/09/25 10:55:27 __main__ INFO] - -            c10_50k       : 0.0300 (acc: 0.9901)
[2018/09/25 10:55:27 __main__ INFO] - Elapsed 19.66
keys:  dict_keys(['epoch', 'c10h_train_loss', 'c10h_train_acc', 'c10h_val_loss', 'c10h_val_acc', 'c10h_train_c10_loss', 'c10h_train_c10_acc', 'c10h_val_c10_loss', 'c10h_val_c10_acc', 'v4_loss', 'v4_acc', 'v6_loss', 'v6_acc', 'c10_50k_loss', 'c10_50k_acc']) 
 c10h_outdir:  /tigress/ruairidh/model_results/run_1/saves/vgg_15_BN_64/con_True_lr_0.01_seed_2
[2018/09/25 10:55:28 __main__ INFO] - Train 2
[2018/09/25 10:55:32 __main__ INFO] - TEST 2
[2018/09/25 10:55:51 __main__ INFO] - - epoch 2    c10h_train    : 0.4817 (acc: 0.9399) | c10h_val    : 0.5596 (acc: 0.9230)
[2018/09/25 10:55:51 __main__ INFO] - -            c10h_train_c10: 0.1625 (acc: 0.9432) | c10h_val_c10: 0.2401 (acc: 0.9230)
[2018/09/25 10:55:51 __main__ INFO] - -            v4            : 0.6533 (acc: 0.8357) |           v6: 0.6309 (acc: 0.8380)
[2018/09/25 10:55:51 __main__ INFO] - -            c10_50k       : 0.0294 (acc: 0.9926)
[2018/09/25 10:55:51 __main__ INFO] - Elapsed 19.65
keys:  dict_keys(['epoch', 'c10h_train_loss', 'c10h_train_acc', 'c10h_val_loss', 'c10h_val_acc', 'c10h_train_c10_loss', 'c10h_train_c10_acc', 'c10h_val_c10_loss', 'c10h_val_c10_acc', 'v4_loss', 'v4_acc', 'v6_loss', 'v6_acc', 'c10_50k_loss', 'c10_50k_acc']) 
 c10h_outdir:  /tigress/ruairidh/model_results/run_1/saves/vgg_15_BN_64/con_True_lr_0.01_seed_2
[2018/09/25 10:55:52 __main__ INFO] - Train 3
[2018/09/25 10:55:56 __main__ INFO] - TEST 3
[2018/09/25 10:56:15 __main__ INFO] - - epoch 3    c10h_train    : 0.4440 (acc: 0.9450) | c10h_val    : 0.5432 (acc: 0.9250)
[2018/09/25 10:56:15 __main__ INFO] - -            c10h_train_c10: 0.1324 (acc: 0.9494) | c10h_val_c10: 0.2395 (acc: 0.9250)
[2018/09/25 10:56:15 __main__ INFO] - -            v4            : 0.6373 (acc: 0.8199) |           v6: 0.5714 (acc: 0.8435)
[2018/09/25 10:56:15 __main__ INFO] - -            c10_50k       : 0.0314 (acc: 0.9920)
[2018/09/25 10:56:15 __main__ INFO] - Elapsed 19.57
keys:  dict_keys(['epoch', 'c10h_train_loss', 'c10h_train_acc', 'c10h_val_loss', 'c10h_val_acc', 'c10h_train_c10_loss', 'c10h_train_c10_acc', 'c10h_val_c10_loss', 'c10h_val_c10_acc', 'v4_loss', 'v4_acc', 'v6_loss', 'v6_acc', 'c10_50k_loss', 'c10_50k_acc']) 
 c10h_outdir:  /tigress/ruairidh/model_results/run_1/saves/vgg_15_BN_64/con_True_lr_0.01_seed_2
[2018/09/25 10:56:16 __main__ INFO] - Train 4
[2018/09/25 10:56:20 __main__ INFO] - TEST 4
[2018/09/25 10:56:39 __main__ INFO] - - epoch 4    c10h_train    : 0.4208 (acc: 0.9520) | c10h_val    : 0.5284 (acc: 0.9170)
[2018/09/25 10:56:39 __main__ INFO] - -            c10h_train_c10: 0.1159 (acc: 0.9566) | c10h_val_c10: 0.2306 (acc: 0.9190)
[2018/09/25 10:56:39 __main__ INFO] - -            v4            : 0.6325 (acc: 0.8263) |           v6: 0.5564 (acc: 0.8440)
[2018/09/25 10:56:39 __main__ INFO] - -            c10_50k       : 0.0306 (acc: 0.9928)
[2018/09/25 10:56:39 __main__ INFO] - Elapsed 19.67
keys:  dict_keys(['epoch', 'c10h_train_loss', 'c10h_train_acc', 'c10h_val_loss', 'c10h_val_acc', 'c10h_train_c10_loss', 'c10h_train_c10_acc', 'c10h_val_c10_loss', 'c10h_val_c10_acc', 'v4_loss', 'v4_acc', 'v6_loss', 'v6_acc', 'c10_50k_loss', 'c10_50k_acc']) 
 c10h_outdir:  /tigress/ruairidh/model_results/run_1/saves/vgg_15_BN_64/con_True_lr_0.01_seed_2
[2018/09/25 10:56:40 __main__ INFO] - Train 5
[2018/09/25 10:56:44 __main__ INFO] - TEST 5
[2018/09/25 10:57:04 __main__ INFO] - - epoch 5    c10h_train    : 0.4199 (acc: 0.9566) | c10h_val    : 0.5392 (acc: 0.9220)
[2018/09/25 10:57:04 __main__ INFO] - -            c10h_train_c10: 0.1001 (acc: 0.9618) | c10h_val_c10: 0.2274 (acc: 0.9240)
[2018/09/25 10:57:04 __main__ INFO] - -            v4            : 0.6298 (acc: 0.8204) |           v6: 0.5678 (acc: 0.8440)
[2018/09/25 10:57:04 __main__ INFO] - -            c10_50k       : 0.0326 (acc: 0.9905)
[2018/09/25 10:57:04 __main__ INFO] - Elapsed 19.52
keys:  dict_keys(['epoch', 'c10h_train_loss', 'c10h_train_acc', 'c10h_val_loss', 'c10h_val_acc', 'c10h_train_c10_loss', 'c10h_train_c10_acc', 'c10h_val_c10_loss', 'c10h_val_c10_acc', 'v4_loss', 'v4_acc', 'v6_loss', 'v6_acc', 'c10_50k_loss', 'c10_50k_acc']) 
 c10h_outdir:  /tigress/ruairidh/model_results/run_1/saves/vgg_15_BN_64/con_True_lr_0.01_seed_2
[2018/09/25 10:57:04 __main__ INFO] - Train 6
[2018/09/25 10:57:08 __main__ INFO] - TEST 6
[2018/09/25 10:57:28 __main__ INFO] - - epoch 6    c10h_train    : 0.4129 (acc: 0.9610) | c10h_val    : 0.5423 (acc: 0.9250)
[2018/09/25 10:57:28 __main__ INFO] - -            c10h_train_c10: 0.0924 (acc: 0.9661) | c10h_val_c10: 0.2378 (acc: 0.9270)
[2018/09/25 10:57:28 __main__ INFO] - -            v4            : 0.6284 (acc: 0.8214) |           v6: 0.5824 (acc: 0.8440)
[2018/09/25 10:57:28 __main__ INFO] - -            c10_50k       : 0.0320 (acc: 0.9912)
[2018/09/25 10:57:28 __main__ INFO] - Elapsed 19.75
keys:  dict_keys(['epoch', 'c10h_train_loss', 'c10h_train_acc', 'c10h_val_loss', 'c10h_val_acc', 'c10h_train_c10_loss', 'c10h_train_c10_acc', 'c10h_val_c10_loss', 'c10h_val_c10_acc', 'v4_loss', 'v4_acc', 'v6_loss', 'v6_acc', 'c10_50k_loss', 'c10_50k_acc']) 
 c10h_outdir:  /tigress/ruairidh/model_results/run_1/saves/vgg_15_BN_64/con_True_lr_0.01_seed_2
[2018/09/25 10:57:29 __main__ INFO] - Train 7
[2018/09/25 10:57:33 __main__ INFO] - TEST 7
[2018/09/25 10:57:53 __main__ INFO] - - epoch 7    c10h_train    : 0.4119 (acc: 0.9633) | c10h_val    : 0.5351 (acc: 0.9250)
[2018/09/25 10:57:53 __main__ INFO] - -            c10h_train_c10: 0.0778 (acc: 0.9691) | c10h_val_c10: 0.2282 (acc: 0.9270)
[2018/09/25 10:57:53 __main__ INFO] - -            v4            : 0.6019 (acc: 0.8303) |           v6: 0.5683 (acc: 0.8495)
[2018/09/25 10:57:53 __main__ INFO] - -            c10_50k       : 0.0325 (acc: 0.9902)
[2018/09/25 10:57:53 __main__ INFO] - Elapsed 19.86
keys:  dict_keys(['epoch', 'c10h_train_loss', 'c10h_train_acc', 'c10h_val_loss', 'c10h_val_acc', 'c10h_train_c10_loss', 'c10h_train_c10_acc', 'c10h_val_c10_loss', 'c10h_val_c10_acc', 'v4_loss', 'v4_acc', 'v6_loss', 'v6_acc', 'c10_50k_loss', 'c10_50k_acc']) 
 c10h_outdir:  /tigress/ruairidh/model_results/run_1/saves/vgg_15_BN_64/con_True_lr_0.01_seed_2
[2018/09/25 10:57:53 __main__ INFO] - Train 8
[2018/09/25 10:57:57 __main__ INFO] - TEST 8
[2018/09/25 10:58:17 __main__ INFO] - - epoch 8    c10h_train    : 0.4082 (acc: 0.9658) | c10h_val    : 0.5525 (acc: 0.9210)
[2018/09/25 10:58:17 __main__ INFO] - -            c10h_train_c10: 0.0767 (acc: 0.9711) | c10h_val_c10: 0.2403 (acc: 0.9250)
[2018/09/25 10:58:17 __main__ INFO] - -            v4            : 0.6726 (acc: 0.8159) |           v6: 0.6117 (acc: 0.8360)
[2018/09/25 10:58:17 __main__ INFO] - -            c10_50k       : 0.0377 (acc: 0.9880)
[2018/09/25 10:58:17 __main__ INFO] - Elapsed 19.95
keys:  dict_keys(['epoch', 'c10h_train_loss', 'c10h_train_acc', 'c10h_val_loss', 'c10h_val_acc', 'c10h_train_c10_loss', 'c10h_train_c10_acc', 'c10h_val_c10_loss', 'c10h_val_c10_acc', 'v4_loss', 'v4_acc', 'v6_loss', 'v6_acc', 'c10_50k_loss', 'c10_50k_acc']) 
 c10h_outdir:  /tigress/ruairidh/model_results/run_1/saves/vgg_15_BN_64/con_True_lr_0.01_seed_2
[2018/09/25 10:58:18 __main__ INFO] - Train 9
[2018/09/25 10:58:21 __main__ INFO] - TEST 9
[2018/09/25 10:58:41 __main__ INFO] - - epoch 9    c10h_train    : 0.4027 (acc: 0.9694) | c10h_val    : 0.5441 (acc: 0.9200)
[2018/09/25 10:58:41 __main__ INFO] - -            c10h_train_c10: 0.0649 (acc: 0.9741) | c10h_val_c10: 0.2316 (acc: 0.9230)
[2018/09/25 10:58:41 __main__ INFO] - -            v4            : 0.6569 (acc: 0.8268) |           v6: 0.5881 (acc: 0.8440)
[2018/09/25 10:58:41 __main__ INFO] - -            c10_50k       : 0.0336 (acc: 0.9896)
[2018/09/25 10:58:41 __main__ INFO] - Elapsed 19.76
keys:  dict_keys(['epoch', 'c10h_train_loss', 'c10h_train_acc', 'c10h_val_loss', 'c10h_val_acc', 'c10h_train_c10_loss', 'c10h_train_c10_acc', 'c10h_val_c10_loss', 'c10h_val_c10_acc', 'v4_loss', 'v4_acc', 'v6_loss', 'v6_acc', 'c10_50k_loss', 'c10_50k_acc']) 
 c10h_outdir:  /tigress/ruairidh/model_results/run_1/saves/vgg_15_BN_64/con_True_lr_0.01_seed_2
[2018/09/25 10:58:42 __main__ INFO] - Train 10
[2018/09/25 10:58:46 __main__ INFO] - TEST 10
[2018/09/25 10:59:06 __main__ INFO] - - epoch 10    c10h_train    : 0.4127 (acc: 0.9726) | c10h_val    : 0.5663 (acc: 0.9210)
[2018/09/25 10:59:06 __main__ INFO] - -            c10h_train_c10: 0.0521 (acc: 0.9789) | c10h_val_c10: 0.2437 (acc: 0.9210)
[2018/09/25 10:59:06 __main__ INFO] - -            v4            : 0.6519 (acc: 0.8268) |           v6: 0.6106 (acc: 0.8440)
[2018/09/25 10:59:06 __main__ INFO] - -            c10_50k       : 0.0340 (acc: 0.9889)
[2018/09/25 10:59:06 __main__ INFO] - Elapsed 19.80
keys:  dict_keys(['epoch', 'c10h_train_loss', 'c10h_train_acc', 'c10h_val_loss', 'c10h_val_acc', 'c10h_train_c10_loss', 'c10h_train_c10_acc', 'c10h_val_c10_loss', 'c10h_val_c10_acc', 'v4_loss', 'v4_acc', 'v6_loss', 'v6_acc', 'c10_50k_loss', 'c10_50k_acc']) 
 c10h_outdir:  /tigress/ruairidh/model_results/run_1/saves/vgg_15_BN_64/con_True_lr_0.01_seed_2
[2018/09/25 10:59:07 __main__ INFO] - Train 11
[2018/09/25 10:59:11 __main__ INFO] - TEST 11
[2018/09/25 10:59:30 __main__ INFO] - - epoch 11    c10h_train    : 0.4116 (acc: 0.9730) | c10h_val    : 0.5741 (acc: 0.9190)
[2018/09/25 10:59:30 __main__ INFO] - -            c10h_train_c10: 0.0487 (acc: 0.9801) | c10h_val_c10: 0.2483 (acc: 0.9190)
[2018/09/25 10:59:30 __main__ INFO] - -            v4            : 0.6682 (acc: 0.8323) |           v6: 0.6091 (acc: 0.8450)
[2018/09/25 10:59:30 __main__ INFO] - -            c10_50k       : 0.0341 (acc: 0.9890)
[2018/09/25 10:59:30 __main__ INFO] - Elapsed 19.76
keys:  dict_keys(['epoch', 'c10h_train_loss', 'c10h_train_acc', 'c10h_val_loss', 'c10h_val_acc', 'c10h_train_c10_loss', 'c10h_train_c10_acc', 'c10h_val_c10_loss', 'c10h_val_c10_acc', 'v4_loss', 'v4_acc', 'v6_loss', 'v6_acc', 'c10_50k_loss', 'c10_50k_acc']) 
 c10h_outdir:  /tigress/ruairidh/model_results/run_1/saves/vgg_15_BN_64/con_True_lr_0.01_seed_2
[2018/09/25 10:59:31 __main__ INFO] - Train 12
[2018/09/25 10:59:35 __main__ INFO] - TEST 12
[2018/09/25 10:59:55 __main__ INFO] - - epoch 12    c10h_train    : 0.4263 (acc: 0.9730) | c10h_val    : 0.5801 (acc: 0.9210)
[2018/09/25 10:59:55 __main__ INFO] - -            c10h_train_c10: 0.0488 (acc: 0.9792) | c10h_val_c10: 0.2449 (acc: 0.9210)
[2018/09/25 10:59:55 __main__ INFO] - -            v4            : 0.6699 (acc: 0.8313) |           v6: 0.6239 (acc: 0.8390)
[2018/09/25 10:59:55 __main__ INFO] - -            c10_50k       : 0.0357 (acc: 0.9883)
[2018/09/25 10:59:55 __main__ INFO] - Elapsed 19.85
keys:  dict_keys(['epoch', 'c10h_train_loss', 'c10h_train_acc', 'c10h_val_loss', 'c10h_val_acc', 'c10h_train_c10_loss', 'c10h_train_c10_acc', 'c10h_val_c10_loss', 'c10h_val_c10_acc', 'v4_loss', 'v4_acc', 'v6_loss', 'v6_acc', 'c10_50k_loss', 'c10_50k_acc']) 
 c10h_outdir:  /tigress/ruairidh/model_results/run_1/saves/vgg_15_BN_64/con_True_lr_0.01_seed_2
[2018/09/25 10:59:56 __main__ INFO] - Train 13
[2018/09/25 11:00:00 __main__ INFO] - TEST 13
[2018/09/25 11:00:19 __main__ INFO] - - epoch 13    c10h_train    : 0.4199 (acc: 0.9758) | c10h_val    : 0.5870 (acc: 0.9210)
[2018/09/25 11:00:20 __main__ INFO] - -            c10h_train_c10: 0.0395 (acc: 0.9821) | c10h_val_c10: 0.2504 (acc: 0.9210)
[2018/09/25 11:00:20 __main__ INFO] - -            v4            : 0.6630 (acc: 0.8238) |           v6: 0.6357 (acc: 0.8345)
[2018/09/25 11:00:20 __main__ INFO] - -            c10_50k       : 0.0368 (acc: 0.9879)
[2018/09/25 11:00:20 __main__ INFO] - Elapsed 19.73
keys:  dict_keys(['epoch', 'c10h_train_loss', 'c10h_train_acc', 'c10h_val_loss', 'c10h_val_acc', 'c10h_train_c10_loss', 'c10h_train_c10_acc', 'c10h_val_c10_loss', 'c10h_val_c10_acc', 'v4_loss', 'v4_acc', 'v6_loss', 'v6_acc', 'c10_50k_loss', 'c10_50k_acc']) 
 c10h_outdir:  /tigress/ruairidh/model_results/run_1/saves/vgg_15_BN_64/con_True_lr_0.01_seed_2
[2018/09/25 11:00:20 __main__ INFO] - Train 14
[2018/09/25 11:00:24 __main__ INFO] - TEST 14
[2018/09/25 11:00:44 __main__ INFO] - - epoch 14    c10h_train    : 0.4236 (acc: 0.9781) | c10h_val    : 0.6126 (acc: 0.9230)
[2018/09/25 11:00:44 __main__ INFO] - -            c10h_train_c10: 0.0351 (acc: 0.9854) | c10h_val_c10: 0.2705 (acc: 0.9230)
[2018/09/25 11:00:44 __main__ INFO] - -            v4            : 0.6851 (acc: 0.8298) |           v6: 0.6375 (acc: 0.8400)
[2018/09/25 11:00:44 __main__ INFO] - -            c10_50k       : 0.0360 (acc: 0.9874)
[2018/09/25 11:00:44 __main__ INFO] - Elapsed 20.05
keys:  dict_keys(['epoch', 'c10h_train_loss', 'c10h_train_acc', 'c10h_val_loss', 'c10h_val_acc', 'c10h_train_c10_loss', 'c10h_train_c10_acc', 'c10h_val_c10_loss', 'c10h_val_c10_acc', 'v4_loss', 'v4_acc', 'v6_loss', 'v6_acc', 'c10_50k_loss', 'c10_50k_acc']) 
 c10h_outdir:  /tigress/ruairidh/model_results/run_1/saves/vgg_15_BN_64/con_True_lr_0.01_seed_2
[2018/09/25 11:00:45 __main__ INFO] - Train 15
[2018/09/25 11:00:49 __main__ INFO] - TEST 15
[2018/09/25 11:01:09 __main__ INFO] - - epoch 15    c10h_train    : 0.4365 (acc: 0.9773) | c10h_val    : 0.6280 (acc: 0.9110)
[2018/09/25 11:01:09 __main__ INFO] - -            c10h_train_c10: 0.0360 (acc: 0.9841) | c10h_val_c10: 0.2890 (acc: 0.9130)
[2018/09/25 11:01:09 __main__ INFO] - -            v4            : 0.7120 (acc: 0.8253) |           v6: 0.6482 (acc: 0.8405)
[2018/09/25 11:01:09 __main__ INFO] - -            c10_50k       : 0.0374 (acc: 0.9868)
[2018/09/25 11:01:09 __main__ INFO] - Elapsed 20.10
keys:  dict_keys(['epoch', 'c10h_train_loss', 'c10h_train_acc', 'c10h_val_loss', 'c10h_val_acc', 'c10h_train_c10_loss', 'c10h_train_c10_acc', 'c10h_val_c10_loss', 'c10h_val_c10_acc', 'v4_loss', 'v4_acc', 'v6_loss', 'v6_acc', 'c10_50k_loss', 'c10_50k_acc']) 
 c10h_outdir:  /tigress/ruairidh/model_results/run_1/saves/vgg_15_BN_64/con_True_lr_0.01_seed_2
[2018/09/25 11:01:10 __main__ INFO] - Train 16
[2018/09/25 11:01:13 __main__ INFO] - TEST 16
[2018/09/25 11:01:33 __main__ INFO] - - epoch 16    c10h_train    : 0.4441 (acc: 0.9756) | c10h_val    : 0.6208 (acc: 0.9260)
[2018/09/25 11:01:33 __main__ INFO] - -            c10h_train_c10: 0.0400 (acc: 0.9829) | c10h_val_c10: 0.2680 (acc: 0.9280)
[2018/09/25 11:01:33 __main__ INFO] - -            v4            : 0.7044 (acc: 0.8278) |           v6: 0.6556 (acc: 0.8405)
[2018/09/25 11:01:33 __main__ INFO] - -            c10_50k       : 0.0369 (acc: 0.9873)
[2018/09/25 11:01:33 __main__ INFO] - Elapsed 19.85
keys:  dict_keys(['epoch', 'c10h_train_loss', 'c10h_train_acc', 'c10h_val_loss', 'c10h_val_acc', 'c10h_train_c10_loss', 'c10h_train_c10_acc', 'c10h_val_c10_loss', 'c10h_val_c10_acc', 'v4_loss', 'v4_acc', 'v6_loss', 'v6_acc', 'c10_50k_loss', 'c10_50k_acc']) 
 c10h_outdir:  /tigress/ruairidh/model_results/run_1/saves/vgg_15_BN_64/con_True_lr_0.01_seed_2
[2018/09/25 11:01:34 __main__ INFO] - Train 17
[2018/09/25 11:01:38 __main__ INFO] - TEST 17
[2018/09/25 11:01:58 __main__ INFO] - - epoch 17    c10h_train    : 0.4497 (acc: 0.9796) | c10h_val    : 0.6434 (acc: 0.9260)
[2018/09/25 11:01:58 __main__ INFO] - -            c10h_train_c10: 0.0283 (acc: 0.9868) | c10h_val_c10: 0.2769 (acc: 0.9260)
[2018/09/25 11:01:58 __main__ INFO] - -            v4            : 0.7733 (acc: 0.8194) |           v6: 0.6831 (acc: 0.8440)
[2018/09/25 11:01:58 __main__ INFO] - -            c10_50k       : 0.0386 (acc: 0.9863)
[2018/09/25 11:01:58 __main__ INFO] - Elapsed 19.61
keys:  dict_keys(['epoch', 'c10h_train_loss', 'c10h_train_acc', 'c10h_val_loss', 'c10h_val_acc', 'c10h_train_c10_loss', 'c10h_train_c10_acc', 'c10h_val_c10_loss', 'c10h_val_c10_acc', 'v4_loss', 'v4_acc', 'v6_loss', 'v6_acc', 'c10_50k_loss', 'c10_50k_acc']) 
 c10h_outdir:  /tigress/ruairidh/model_results/run_1/saves/vgg_15_BN_64/con_True_lr_0.01_seed_2
[2018/09/25 11:01:58 __main__ INFO] - Train 18
[2018/09/25 11:02:02 __main__ INFO] - TEST 18
[2018/09/25 11:02:22 __main__ INFO] - - epoch 18    c10h_train    : 0.4440 (acc: 0.9799) | c10h_val    : 0.6407 (acc: 0.9230)
[2018/09/25 11:02:22 __main__ INFO] - -            c10h_train_c10: 0.0264 (acc: 0.9870) | c10h_val_c10: 0.2938 (acc: 0.9230)
[2018/09/25 11:02:22 __main__ INFO] - -            v4            : 0.7557 (acc: 0.8199) |           v6: 0.6529 (acc: 0.8445)
[2018/09/25 11:02:22 __main__ INFO] - -            c10_50k       : 0.0379 (acc: 0.9866)
[2018/09/25 11:02:22 __main__ INFO] - Elapsed 19.86
keys:  dict_keys(['epoch', 'c10h_train_loss', 'c10h_train_acc', 'c10h_val_loss', 'c10h_val_acc', 'c10h_train_c10_loss', 'c10h_train_c10_acc', 'c10h_val_c10_loss', 'c10h_val_c10_acc', 'v4_loss', 'v4_acc', 'v6_loss', 'v6_acc', 'c10_50k_loss', 'c10_50k_acc']) 
 c10h_outdir:  /tigress/ruairidh/model_results/run_1/saves/vgg_15_BN_64/con_True_lr_0.01_seed_2
[2018/09/25 11:02:22 __main__ INFO] - Train 19
[2018/09/25 11:02:26 __main__ INFO] - TEST 19
[2018/09/25 11:02:46 __main__ INFO] - - epoch 19    c10h_train    : 0.4622 (acc: 0.9812) | c10h_val    : 0.6676 (acc: 0.9220)
[2018/09/25 11:02:46 __main__ INFO] - -            c10h_train_c10: 0.0249 (acc: 0.9886) | c10h_val_c10: 0.2910 (acc: 0.9270)
[2018/09/25 11:02:46 __main__ INFO] - -            v4            : 0.7147 (acc: 0.8352) |           v6: 0.6622 (acc: 0.8450)
[2018/09/25 11:02:46 __main__ INFO] - -            c10_50k       : 0.0388 (acc: 0.9863)
[2018/09/25 11:02:46 __main__ INFO] - Elapsed 19.84
keys:  dict_keys(['epoch', 'c10h_train_loss', 'c10h_train_acc', 'c10h_val_loss', 'c10h_val_acc', 'c10h_train_c10_loss', 'c10h_train_c10_acc', 'c10h_val_c10_loss', 'c10h_val_c10_acc', 'v4_loss', 'v4_acc', 'v6_loss', 'v6_acc', 'c10_50k_loss', 'c10_50k_acc']) 
 c10h_outdir:  /tigress/ruairidh/model_results/run_1/saves/vgg_15_BN_64/con_True_lr_0.01_seed_2
[2018/09/25 11:02:47 __main__ INFO] - Train 20
[2018/09/25 11:02:50 __main__ INFO] - TEST 20
[2018/09/25 11:03:10 __main__ INFO] - - epoch 20    c10h_train    : 0.4591 (acc: 0.9818) | c10h_val    : 0.6609 (acc: 0.9220)
[2018/09/25 11:03:10 __main__ INFO] - -            c10h_train_c10: 0.0220 (acc: 0.9890) | c10h_val_c10: 0.2889 (acc: 0.9240)
[2018/09/25 11:03:10 __main__ INFO] - -            v4            : 0.7875 (acc: 0.8308) |           v6: 0.6679 (acc: 0.8385)
[2018/09/25 11:03:10 __main__ INFO] - -            c10_50k       : 0.0388 (acc: 0.9863)
[2018/09/25 11:03:10 __main__ INFO] - Elapsed 19.71
keys:  dict_keys(['epoch', 'c10h_train_loss', 'c10h_train_acc', 'c10h_val_loss', 'c10h_val_acc', 'c10h_train_c10_loss', 'c10h_train_c10_acc', 'c10h_val_c10_loss', 'c10h_val_c10_acc', 'v4_loss', 'v4_acc', 'v6_loss', 'v6_acc', 'c10_50k_loss', 'c10_50k_acc']) 
 c10h_outdir:  /tigress/ruairidh/model_results/run_1/saves/vgg_15_BN_64/con_True_lr_0.01_seed_2
[2018/09/25 11:03:10 __main__ INFO] - Train 21
[2018/09/25 11:03:14 __main__ INFO] - TEST 21
[2018/09/25 11:03:34 __main__ INFO] - - epoch 21    c10h_train    : 0.4655 (acc: 0.9822) | c10h_val    : 0.6733 (acc: 0.9220)
[2018/09/25 11:03:34 __main__ INFO] - -            c10h_train_c10: 0.0218 (acc: 0.9897) | c10h_val_c10: 0.3035 (acc: 0.9220)
[2018/09/25 11:03:34 __main__ INFO] - -            v4            : 0.7771 (acc: 0.8174) |           v6: 0.6817 (acc: 0.8410)
[2018/09/25 11:03:34 __main__ INFO] - -            c10_50k       : 0.0407 (acc: 0.9859)
[2018/09/25 11:03:34 __main__ INFO] - Elapsed 19.86
keys:  dict_keys(['epoch', 'c10h_train_loss', 'c10h_train_acc', 'c10h_val_loss', 'c10h_val_acc', 'c10h_train_c10_loss', 'c10h_train_c10_acc', 'c10h_val_c10_loss', 'c10h_val_c10_acc', 'v4_loss', 'v4_acc', 'v6_loss', 'v6_acc', 'c10_50k_loss', 'c10_50k_acc']) 
 c10h_outdir:  /tigress/ruairidh/model_results/run_1/saves/vgg_15_BN_64/con_True_lr_0.01_seed_2
[2018/09/25 11:03:35 __main__ INFO] - Train 22
[2018/09/25 11:03:39 __main__ INFO] - TEST 22
[2018/09/25 11:03:59 __main__ INFO] - - epoch 22    c10h_train    : 0.4743 (acc: 0.9829) | c10h_val    : 0.6817 (acc: 0.9230)
[2018/09/25 11:03:59 __main__ INFO] - -            c10h_train_c10: 0.0192 (acc: 0.9903) | c10h_val_c10: 0.3104 (acc: 0.9230)
[2018/09/25 11:03:59 __main__ INFO] - -            v4            : 0.7631 (acc: 0.8313) |           v6: 0.6911 (acc: 0.8430)
[2018/09/25 11:03:59 __main__ INFO] - -            c10_50k       : 0.0416 (acc: 0.9853)
[2018/09/25 11:03:59 __main__ INFO] - Elapsed 19.82
keys:  dict_keys(['epoch', 'c10h_train_loss', 'c10h_train_acc', 'c10h_val_loss', 'c10h_val_acc', 'c10h_train_c10_loss', 'c10h_train_c10_acc', 'c10h_val_c10_loss', 'c10h_val_c10_acc', 'v4_loss', 'v4_acc', 'v6_loss', 'v6_acc', 'c10_50k_loss', 'c10_50k_acc']) 
 c10h_outdir:  /tigress/ruairidh/model_results/run_1/saves/vgg_15_BN_64/con_True_lr_0.01_seed_2
[2018/09/25 11:03:59 __main__ INFO] - Train 23
[2018/09/25 11:04:03 __main__ INFO] - TEST 23
[2018/09/25 11:04:23 __main__ INFO] - - epoch 23    c10h_train    : 0.4790 (acc: 0.9822) | c10h_val    : 0.7055 (acc: 0.9240)
[2018/09/25 11:04:23 __main__ INFO] - -            c10h_train_c10: 0.0199 (acc: 0.9898) | c10h_val_c10: 0.3284 (acc: 0.9270)
[2018/09/25 11:04:23 __main__ INFO] - -            v4            : 0.7498 (acc: 0.8234) |           v6: 0.6906 (acc: 0.8390)
[2018/09/25 11:04:23 __main__ INFO] - -            c10_50k       : 0.0463 (acc: 0.9839)
[2018/09/25 11:04:23 __main__ INFO] - Elapsed 19.95
keys:  dict_keys(['epoch', 'c10h_train_loss', 'c10h_train_acc', 'c10h_val_loss', 'c10h_val_acc', 'c10h_train_c10_loss', 'c10h_train_c10_acc', 'c10h_val_c10_loss', 'c10h_val_c10_acc', 'v4_loss', 'v4_acc', 'v6_loss', 'v6_acc', 'c10_50k_loss', 'c10_50k_acc']) 
 c10h_outdir:  /tigress/ruairidh/model_results/run_1/saves/vgg_15_BN_64/con_True_lr_0.01_seed_2
[2018/09/25 11:04:24 __main__ INFO] - Train 24
[2018/09/25 11:04:28 __main__ INFO] - TEST 24
[2018/09/25 11:04:47 __main__ INFO] - - epoch 24    c10h_train    : 0.4807 (acc: 0.9826) | c10h_val    : 0.6824 (acc: 0.9250)
[2018/09/25 11:04:47 __main__ INFO] - -            c10h_train_c10: 0.0186 (acc: 0.9901) | c10h_val_c10: 0.3052 (acc: 0.9270)
[2018/09/25 11:04:47 __main__ INFO] - -            v4            : 0.7591 (acc: 0.8234) |           v6: 0.6979 (acc: 0.8410)
[2018/09/25 11:04:47 __main__ INFO] - -            c10_50k       : 0.0432 (acc: 0.9848)
[2018/09/25 11:04:47 __main__ INFO] - Elapsed 19.84
keys:  dict_keys(['epoch', 'c10h_train_loss', 'c10h_train_acc', 'c10h_val_loss', 'c10h_val_acc', 'c10h_train_c10_loss', 'c10h_train_c10_acc', 'c10h_val_c10_loss', 'c10h_val_c10_acc', 'v4_loss', 'v4_acc', 'v6_loss', 'v6_acc', 'c10_50k_loss', 'c10_50k_acc']) 
 c10h_outdir:  /tigress/ruairidh/model_results/run_1/saves/vgg_15_BN_64/con_True_lr_0.01_seed_2
[2018/09/25 11:04:48 __main__ INFO] - Train 25
[2018/09/25 11:04:52 __main__ INFO] - TEST 25
[2018/09/25 11:05:12 __main__ INFO] - - epoch 25    c10h_train    : 0.4825 (acc: 0.9836) | c10h_val    : 0.6931 (acc: 0.9220)
[2018/09/25 11:05:12 __main__ INFO] - -            c10h_train_c10: 0.0161 (acc: 0.9911) | c10h_val_c10: 0.3060 (acc: 0.9220)
[2018/09/25 11:05:12 __main__ INFO] - -            v4            : 0.7584 (acc: 0.8258) |           v6: 0.7188 (acc: 0.8425)
[2018/09/25 11:05:12 __main__ INFO] - -            c10_50k       : 0.0429 (acc: 0.9845)
[2018/09/25 11:05:12 __main__ INFO] - Elapsed 20.10
keys:  dict_keys(['epoch', 'c10h_train_loss', 'c10h_train_acc', 'c10h_val_loss', 'c10h_val_acc', 'c10h_train_c10_loss', 'c10h_train_c10_acc', 'c10h_val_c10_loss', 'c10h_val_c10_acc', 'v4_loss', 'v4_acc', 'v6_loss', 'v6_acc', 'c10_50k_loss', 'c10_50k_acc']) 
 c10h_outdir:  /tigress/ruairidh/model_results/run_1/saves/vgg_15_BN_64/con_True_lr_0.01_seed_2
[2018/09/25 11:05:13 __main__ INFO] - Train 26
[2018/09/25 11:05:17 __main__ INFO] - TEST 26
[2018/09/25 11:05:37 __main__ INFO] - - epoch 26    c10h_train    : 0.4842 (acc: 0.9837) | c10h_val    : 0.6940 (acc: 0.9190)
[2018/09/25 11:05:37 __main__ INFO] - -            c10h_train_c10: 0.0154 (acc: 0.9916) | c10h_val_c10: 0.3051 (acc: 0.9210)
[2018/09/25 11:05:37 __main__ INFO] - -            v4            : 0.7902 (acc: 0.8347) |           v6: 0.7149 (acc: 0.8425)
[2018/09/25 11:05:37 __main__ INFO] - -            c10_50k       : 0.0444 (acc: 0.9843)
[2018/09/25 11:05:37 __main__ INFO] - Elapsed 19.95
keys:  dict_keys(['epoch', 'c10h_train_loss', 'c10h_train_acc', 'c10h_val_loss', 'c10h_val_acc', 'c10h_train_c10_loss', 'c10h_train_c10_acc', 'c10h_val_c10_loss', 'c10h_val_c10_acc', 'v4_loss', 'v4_acc', 'v6_loss', 'v6_acc', 'c10_50k_loss', 'c10_50k_acc']) 
 c10h_outdir:  /tigress/ruairidh/model_results/run_1/saves/vgg_15_BN_64/con_True_lr_0.01_seed_2
[2018/09/25 11:05:38 __main__ INFO] - Train 27
[2018/09/25 11:05:42 __main__ INFO] - TEST 27
[2018/09/25 11:06:02 __main__ INFO] - - epoch 27    c10h_train    : 0.4867 (acc: 0.9847) | c10h_val    : 0.7012 (acc: 0.9210)
[2018/09/25 11:06:02 __main__ INFO] - -            c10h_train_c10: 0.0126 (acc: 0.9923) | c10h_val_c10: 0.3135 (acc: 0.9230)
[2018/09/25 11:06:02 __main__ INFO] - -            v4            : 0.7940 (acc: 0.8273) |           v6: 0.7131 (acc: 0.8360)
[2018/09/25 11:06:02 __main__ INFO] - -            c10_50k       : 0.0419 (acc: 0.9855)
[2018/09/25 11:06:02 __main__ INFO] - Elapsed 19.81
keys:  dict_keys(['epoch', 'c10h_train_loss', 'c10h_train_acc', 'c10h_val_loss', 'c10h_val_acc', 'c10h_train_c10_loss', 'c10h_train_c10_acc', 'c10h_val_c10_loss', 'c10h_val_c10_acc', 'v4_loss', 'v4_acc', 'v6_loss', 'v6_acc', 'c10_50k_loss', 'c10_50k_acc']) 
 c10h_outdir:  /tigress/ruairidh/model_results/run_1/saves/vgg_15_BN_64/con_True_lr_0.01_seed_2
[2018/09/25 11:06:02 __main__ INFO] - Train 28
[2018/09/25 11:06:06 __main__ INFO] - TEST 28
[2018/09/25 11:06:26 __main__ INFO] - - epoch 28    c10h_train    : 0.4948 (acc: 0.9842) | c10h_val    : 0.7015 (acc: 0.9230)
[2018/09/25 11:06:26 __main__ INFO] - -            c10h_train_c10: 0.0124 (acc: 0.9919) | c10h_val_c10: 0.3118 (acc: 0.9250)
[2018/09/25 11:06:26 __main__ INFO] - -            v4            : 0.8161 (acc: 0.8234) |           v6: 0.7258 (acc: 0.8340)
[2018/09/25 11:06:26 __main__ INFO] - -            c10_50k       : 0.0431 (acc: 0.9849)
[2018/09/25 11:06:26 __main__ INFO] - Elapsed 19.85
keys:  dict_keys(['epoch', 'c10h_train_loss', 'c10h_train_acc', 'c10h_val_loss', 'c10h_val_acc', 'c10h_train_c10_loss', 'c10h_train_c10_acc', 'c10h_val_c10_loss', 'c10h_val_c10_acc', 'v4_loss', 'v4_acc', 'v6_loss', 'v6_acc', 'c10_50k_loss', 'c10_50k_acc']) 
 c10h_outdir:  /tigress/ruairidh/model_results/run_1/saves/vgg_15_BN_64/con_True_lr_0.01_seed_2
[2018/09/25 11:06:26 __main__ INFO] - Train 29
[2018/09/25 11:06:30 __main__ INFO] - TEST 29
[2018/09/25 11:06:50 __main__ INFO] - - epoch 29    c10h_train    : 0.5050 (acc: 0.9830) | c10h_val    : 0.6961 (acc: 0.9260)
[2018/09/25 11:06:50 __main__ INFO] - -            c10h_train_c10: 0.0146 (acc: 0.9910) | c10h_val_c10: 0.2950 (acc: 0.9280)
[2018/09/25 11:06:50 __main__ INFO] - -            v4            : 0.8202 (acc: 0.8273) |           v6: 0.7384 (acc: 0.8305)
[2018/09/25 11:06:50 __main__ INFO] - -            c10_50k       : 0.0458 (acc: 0.9839)
[2018/09/25 11:06:50 __main__ INFO] - Elapsed 19.91
keys:  dict_keys(['epoch', 'c10h_train_loss', 'c10h_train_acc', 'c10h_val_loss', 'c10h_val_acc', 'c10h_train_c10_loss', 'c10h_train_c10_acc', 'c10h_val_c10_loss', 'c10h_val_c10_acc', 'v4_loss', 'v4_acc', 'v6_loss', 'v6_acc', 'c10_50k_loss', 'c10_50k_acc']) 
 c10h_outdir:  /tigress/ruairidh/model_results/run_1/saves/vgg_15_BN_64/con_True_lr_0.01_seed_2
[2018/09/25 11:06:51 __main__ INFO] - Train 30
[2018/09/25 11:06:55 __main__ INFO] - TEST 30
[2018/09/25 11:07:15 __main__ INFO] - - epoch 30    c10h_train    : 0.4961 (acc: 0.9846) | c10h_val    : 0.7014 (acc: 0.9230)
[2018/09/25 11:07:15 __main__ INFO] - -            c10h_train_c10: 0.0127 (acc: 0.9927) | c10h_val_c10: 0.3176 (acc: 0.9230)
[2018/09/25 11:07:15 __main__ INFO] - -            v4            : 0.7906 (acc: 0.8229) |           v6: 0.7419 (acc: 0.8390)
[2018/09/25 11:07:15 __main__ INFO] - -            c10_50k       : 0.0438 (acc: 0.9847)
[2018/09/25 11:07:15 __main__ INFO] - Elapsed 19.85
keys:  dict_keys(['epoch', 'c10h_train_loss', 'c10h_train_acc', 'c10h_val_loss', 'c10h_val_acc', 'c10h_train_c10_loss', 'c10h_train_c10_acc', 'c10h_val_c10_loss', 'c10h_val_c10_acc', 'v4_loss', 'v4_acc', 'v6_loss', 'v6_acc', 'c10_50k_loss', 'c10_50k_acc']) 
 c10h_outdir:  /tigress/ruairidh/model_results/run_1/saves/vgg_15_BN_64/con_True_lr_0.01_seed_2
[2018/09/25 11:07:16 __main__ INFO] - Train 31
[2018/09/25 11:07:19 __main__ INFO] - TEST 31
[2018/09/25 11:07:39 __main__ INFO] - - epoch 31    c10h_train    : 0.5068 (acc: 0.9856) | c10h_val    : 0.7354 (acc: 0.9190)
[2018/09/25 11:07:39 __main__ INFO] - -            c10h_train_c10: 0.0095 (acc: 0.9934) | c10h_val_c10: 0.3444 (acc: 0.9190)
[2018/09/25 11:07:39 __main__ INFO] - -            v4            : 0.8311 (acc: 0.8224) |           v6: 0.7304 (acc: 0.8355)
[2018/09/25 11:07:39 __main__ INFO] - -            c10_50k       : 0.0420 (acc: 0.9852)
[2018/09/25 11:07:39 __main__ INFO] - Elapsed 19.82
keys:  dict_keys(['epoch', 'c10h_train_loss', 'c10h_train_acc', 'c10h_val_loss', 'c10h_val_acc', 'c10h_train_c10_loss', 'c10h_train_c10_acc', 'c10h_val_c10_loss', 'c10h_val_c10_acc', 'v4_loss', 'v4_acc', 'v6_loss', 'v6_acc', 'c10_50k_loss', 'c10_50k_acc']) 
 c10h_outdir:  /tigress/ruairidh/model_results/run_1/saves/vgg_15_BN_64/con_True_lr_0.01_seed_2
[2018/09/25 11:07:40 __main__ INFO] - Train 32
[2018/09/25 11:07:44 __main__ INFO] - TEST 32
[2018/09/25 11:08:04 __main__ INFO] - - epoch 32    c10h_train    : 0.5001 (acc: 0.9857) | c10h_val    : 0.7173 (acc: 0.9240)
[2018/09/25 11:08:04 __main__ INFO] - -            c10h_train_c10: 0.0099 (acc: 0.9932) | c10h_val_c10: 0.3260 (acc: 0.9260)
[2018/09/25 11:08:04 __main__ INFO] - -            v4            : 0.7783 (acc: 0.8263) |           v6: 0.7549 (acc: 0.8365)
[2018/09/25 11:08:04 __main__ INFO] - -            c10_50k       : 0.0472 (acc: 0.9842)
[2018/09/25 11:08:04 __main__ INFO] - Elapsed 19.81
keys:  dict_keys(['epoch', 'c10h_train_loss', 'c10h_train_acc', 'c10h_val_loss', 'c10h_val_acc', 'c10h_train_c10_loss', 'c10h_train_c10_acc', 'c10h_val_c10_loss', 'c10h_val_c10_acc', 'v4_loss', 'v4_acc', 'v6_loss', 'v6_acc', 'c10_50k_loss', 'c10_50k_acc']) 
 c10h_outdir:  /tigress/ruairidh/model_results/run_1/saves/vgg_15_BN_64/con_True_lr_0.01_seed_2
[2018/09/25 11:08:04 __main__ INFO] - Train 33
[2018/09/25 11:08:08 __main__ INFO] - TEST 33
[2018/09/25 11:08:28 __main__ INFO] - - epoch 33    c10h_train    : 0.5167 (acc: 0.9840) | c10h_val    : 0.7172 (acc: 0.9230)
[2018/09/25 11:08:28 __main__ INFO] - -            c10h_train_c10: 0.0124 (acc: 0.9919) | c10h_val_c10: 0.3145 (acc: 0.9250)
[2018/09/25 11:08:28 __main__ INFO] - -            v4            : 0.8701 (acc: 0.8179) |           v6: 0.7614 (acc: 0.8380)
[2018/09/25 11:08:28 __main__ INFO] - -            c10_50k       : 0.0489 (acc: 0.9837)
[2018/09/25 11:08:28 __main__ INFO] - Elapsed 19.91
keys:  dict_keys(['epoch', 'c10h_train_loss', 'c10h_train_acc', 'c10h_val_loss', 'c10h_val_acc', 'c10h_train_c10_loss', 'c10h_train_c10_acc', 'c10h_val_c10_loss', 'c10h_val_c10_acc', 'v4_loss', 'v4_acc', 'v6_loss', 'v6_acc', 'c10_50k_loss', 'c10_50k_acc']) 
 c10h_outdir:  /tigress/ruairidh/model_results/run_1/saves/vgg_15_BN_64/con_True_lr_0.01_seed_2
[2018/09/25 11:08:29 __main__ INFO] - Train 34
[2018/09/25 11:08:33 __main__ INFO] - TEST 34
[2018/09/25 11:08:53 __main__ INFO] - - epoch 34    c10h_train    : 0.5197 (acc: 0.9848) | c10h_val    : 0.7162 (acc: 0.9230)
[2018/09/25 11:08:53 __main__ INFO] - -            c10h_train_c10: 0.0103 (acc: 0.9927) | c10h_val_c10: 0.3155 (acc: 0.9250)
[2018/09/25 11:08:53 __main__ INFO] - -            v4            : 0.7967 (acc: 0.8199) |           v6: 0.7339 (acc: 0.8430)
[2018/09/25 11:08:53 __main__ INFO] - -            c10_50k       : 0.0476 (acc: 0.9840)
[2018/09/25 11:08:53 __main__ INFO] - Elapsed 20.15
keys:  dict_keys(['epoch', 'c10h_train_loss', 'c10h_train_acc', 'c10h_val_loss', 'c10h_val_acc', 'c10h_train_c10_loss', 'c10h_train_c10_acc', 'c10h_val_c10_loss', 'c10h_val_c10_acc', 'v4_loss', 'v4_acc', 'v6_loss', 'v6_acc', 'c10_50k_loss', 'c10_50k_acc']) 
 c10h_outdir:  /tigress/ruairidh/model_results/run_1/saves/vgg_15_BN_64/con_True_lr_0.01_seed_2
[2018/09/25 11:08:54 __main__ INFO] - Train 35
[2018/09/25 11:08:58 __main__ INFO] - TEST 35
[2018/09/25 11:09:18 __main__ INFO] - - epoch 35    c10h_train    : 0.5190 (acc: 0.9857) | c10h_val    : 0.7267 (acc: 0.9220)
[2018/09/25 11:09:18 __main__ INFO] - -            c10h_train_c10: 0.0090 (acc: 0.9931) | c10h_val_c10: 0.3245 (acc: 0.9220)
[2018/09/25 11:09:18 __main__ INFO] - -            v4            : 0.7987 (acc: 0.8318) |           v6: 0.7596 (acc: 0.8420)
[2018/09/25 11:09:18 __main__ INFO] - -            c10_50k       : 0.0443 (acc: 0.9843)
[2018/09/25 11:09:18 __main__ INFO] - Elapsed 19.81
keys:  dict_keys(['epoch', 'c10h_train_loss', 'c10h_train_acc', 'c10h_val_loss', 'c10h_val_acc', 'c10h_train_c10_loss', 'c10h_train_c10_acc', 'c10h_val_c10_loss', 'c10h_val_c10_acc', 'v4_loss', 'v4_acc', 'v6_loss', 'v6_acc', 'c10_50k_loss', 'c10_50k_acc']) 
 c10h_outdir:  /tigress/ruairidh/model_results/run_1/saves/vgg_15_BN_64/con_True_lr_0.01_seed_2
[2018/09/25 11:09:19 __main__ INFO] - Train 36
[2018/09/25 11:09:22 __main__ INFO] - TEST 36
[2018/09/25 11:09:42 __main__ INFO] - - epoch 36    c10h_train    : 0.5317 (acc: 0.9847) | c10h_val    : 0.7365 (acc: 0.9280)
[2018/09/25 11:09:42 __main__ INFO] - -            c10h_train_c10: 0.0112 (acc: 0.9926) | c10h_val_c10: 0.3223 (acc: 0.9280)
[2018/09/25 11:09:42 __main__ INFO] - -            v4            : 0.8442 (acc: 0.8219) |           v6: 0.7715 (acc: 0.8435)
[2018/09/25 11:09:42 __main__ INFO] - -            c10_50k       : 0.0478 (acc: 0.9837)
[2018/09/25 11:09:42 __main__ INFO] - Elapsed 19.88
keys:  dict_keys(['epoch', 'c10h_train_loss', 'c10h_train_acc', 'c10h_val_loss', 'c10h_val_acc', 'c10h_train_c10_loss', 'c10h_train_c10_acc', 'c10h_val_c10_loss', 'c10h_val_c10_acc', 'v4_loss', 'v4_acc', 'v6_loss', 'v6_acc', 'c10_50k_loss', 'c10_50k_acc']) 
 c10h_outdir:  /tigress/ruairidh/model_results/run_1/saves/vgg_15_BN_64/con_True_lr_0.01_seed_2
[2018/09/25 11:09:43 __main__ INFO] - Train 37
[2018/09/25 11:09:47 __main__ INFO] - TEST 37
[2018/09/25 11:10:06 __main__ INFO] - - epoch 37    c10h_train    : 0.5275 (acc: 0.9857) | c10h_val    : 0.7265 (acc: 0.9240)
[2018/09/25 11:10:06 __main__ INFO] - -            c10h_train_c10: 0.0076 (acc: 0.9938) | c10h_val_c10: 0.3207 (acc: 0.9260)
[2018/09/25 11:10:06 __main__ INFO] - -            v4            : 0.8209 (acc: 0.8238) |           v6: 0.7451 (acc: 0.8445)
[2018/09/25 11:10:06 __main__ INFO] - -            c10_50k       : 0.0467 (acc: 0.9839)
[2018/09/25 11:10:06 __main__ INFO] - Elapsed 19.77
keys:  dict_keys(['epoch', 'c10h_train_loss', 'c10h_train_acc', 'c10h_val_loss', 'c10h_val_acc', 'c10h_train_c10_loss', 'c10h_train_c10_acc', 'c10h_val_c10_loss', 'c10h_val_c10_acc', 'v4_loss', 'v4_acc', 'v6_loss', 'v6_acc', 'c10_50k_loss', 'c10_50k_acc']) 
 c10h_outdir:  /tigress/ruairidh/model_results/run_1/saves/vgg_15_BN_64/con_True_lr_0.01_seed_2
[2018/09/25 11:10:07 __main__ INFO] - Train 38
[2018/09/25 11:10:11 __main__ INFO] - TEST 38
[2018/09/25 11:10:31 __main__ INFO] - - epoch 38    c10h_train    : 0.5278 (acc: 0.9852) | c10h_val    : 0.7233 (acc: 0.9130)
[2018/09/25 11:10:31 __main__ INFO] - -            c10h_train_c10: 0.0090 (acc: 0.9930) | c10h_val_c10: 0.3237 (acc: 0.9150)
[2018/09/25 11:10:31 __main__ INFO] - -            v4            : 0.8345 (acc: 0.8248) |           v6: 0.7595 (acc: 0.8380)
[2018/09/25 11:10:31 __main__ INFO] - -            c10_50k       : 0.0480 (acc: 0.9838)
[2018/09/25 11:10:31 __main__ INFO] - Elapsed 19.92
keys:  dict_keys(['epoch', 'c10h_train_loss', 'c10h_train_acc', 'c10h_val_loss', 'c10h_val_acc', 'c10h_train_c10_loss', 'c10h_train_c10_acc', 'c10h_val_c10_loss', 'c10h_val_c10_acc', 'v4_loss', 'v4_acc', 'v6_loss', 'v6_acc', 'c10_50k_loss', 'c10_50k_acc']) 
 c10h_outdir:  /tigress/ruairidh/model_results/run_1/saves/vgg_15_BN_64/con_True_lr_0.01_seed_2
[2018/09/25 11:10:32 __main__ INFO] - Train 39
[2018/09/25 11:10:35 __main__ INFO] - TEST 39
[2018/09/25 11:10:55 __main__ INFO] - - epoch 39    c10h_train    : 0.5386 (acc: 0.9848) | c10h_val    : 0.7499 (acc: 0.9190)
[2018/09/25 11:10:55 __main__ INFO] - -            c10h_train_c10: 0.0095 (acc: 0.9929) | c10h_val_c10: 0.3364 (acc: 0.9190)
[2018/09/25 11:10:55 __main__ INFO] - -            v4            : 0.7959 (acc: 0.8342) |           v6: 0.7743 (acc: 0.8395)
[2018/09/25 11:10:55 __main__ INFO] - -            c10_50k       : 0.0484 (acc: 0.9837)
[2018/09/25 11:10:55 __main__ INFO] - Elapsed 19.75
keys:  dict_keys(['epoch', 'c10h_train_loss', 'c10h_train_acc', 'c10h_val_loss', 'c10h_val_acc', 'c10h_train_c10_loss', 'c10h_train_c10_acc', 'c10h_val_c10_loss', 'c10h_val_c10_acc', 'v4_loss', 'v4_acc', 'v6_loss', 'v6_acc', 'c10_50k_loss', 'c10_50k_acc']) 
 c10h_outdir:  /tigress/ruairidh/model_results/run_1/saves/vgg_15_BN_64/con_True_lr_0.01_seed_2
[2018/09/25 11:10:56 __main__ INFO] - Train 40
[2018/09/25 11:11:00 __main__ INFO] - TEST 40
[2018/09/25 11:11:20 __main__ INFO] - - epoch 40    c10h_train    : 0.5373 (acc: 0.9853) | c10h_val    : 0.7510 (acc: 0.9200)
[2018/09/25 11:11:20 __main__ INFO] - -            c10h_train_c10: 0.0075 (acc: 0.9933) | c10h_val_c10: 0.3396 (acc: 0.9200)
[2018/09/25 11:11:20 __main__ INFO] - -            v4            : 0.8597 (acc: 0.8238) |           v6: 0.7582 (acc: 0.8365)
[2018/09/25 11:11:20 __main__ INFO] - -            c10_50k       : 0.0511 (acc: 0.9828)
[2018/09/25 11:11:20 __main__ INFO] - Elapsed 19.91
keys:  dict_keys(['epoch', 'c10h_train_loss', 'c10h_train_acc', 'c10h_val_loss', 'c10h_val_acc', 'c10h_train_c10_loss', 'c10h_train_c10_acc', 'c10h_val_c10_loss', 'c10h_val_c10_acc', 'v4_loss', 'v4_acc', 'v6_loss', 'v6_acc', 'c10_50k_loss', 'c10_50k_acc']) 
 c10h_outdir:  /tigress/ruairidh/model_results/run_1/saves/vgg_15_BN_64/con_True_lr_0.01_seed_2
[2018/09/25 11:11:20 __main__ INFO] - Train 41
[2018/09/25 11:11:24 __main__ INFO] - TEST 41
[2018/09/25 11:11:44 __main__ INFO] - - epoch 41    c10h_train    : 0.5440 (acc: 0.9857) | c10h_val    : 0.7553 (acc: 0.9220)
[2018/09/25 11:11:44 __main__ INFO] - -            c10h_train_c10: 0.0075 (acc: 0.9938) | c10h_val_c10: 0.3372 (acc: 0.9220)
[2018/09/25 11:11:44 __main__ INFO] - -            v4            : 0.8488 (acc: 0.8298) |           v6: 0.7668 (acc: 0.8440)
[2018/09/25 11:11:44 __main__ INFO] - -            c10_50k       : 0.0464 (acc: 0.9847)
[2018/09/25 11:11:44 __main__ INFO] - Elapsed 19.81
keys:  dict_keys(['epoch', 'c10h_train_loss', 'c10h_train_acc', 'c10h_val_loss', 'c10h_val_acc', 'c10h_train_c10_loss', 'c10h_train_c10_acc', 'c10h_val_c10_loss', 'c10h_val_c10_acc', 'v4_loss', 'v4_acc', 'v6_loss', 'v6_acc', 'c10_50k_loss', 'c10_50k_acc']) 
 c10h_outdir:  /tigress/ruairidh/model_results/run_1/saves/vgg_15_BN_64/con_True_lr_0.01_seed_2
[2018/09/25 11:11:46 __main__ INFO] - Train 42
[2018/09/25 11:11:50 __main__ INFO] - TEST 42
[2018/09/25 11:12:10 __main__ INFO] - - epoch 42    c10h_train    : 0.5449 (acc: 0.9852) | c10h_val    : 0.7471 (acc: 0.9300)
[2018/09/25 11:12:10 __main__ INFO] - -            c10h_train_c10: 0.0068 (acc: 0.9933) | c10h_val_c10: 0.3255 (acc: 0.9300)
[2018/09/25 11:12:10 __main__ INFO] - -            v4            : 0.8764 (acc: 0.8238) |           v6: 0.7804 (acc: 0.8415)
[2018/09/25 11:12:10 __main__ INFO] - -            c10_50k       : 0.0484 (acc: 0.9837)
[2018/09/25 11:12:10 __main__ INFO] - Elapsed 19.95
keys:  dict_keys(['epoch', 'c10h_train_loss', 'c10h_train_acc', 'c10h_val_loss', 'c10h_val_acc', 'c10h_train_c10_loss', 'c10h_train_c10_acc', 'c10h_val_c10_loss', 'c10h_val_c10_acc', 'v4_loss', 'v4_acc', 'v6_loss', 'v6_acc', 'c10_50k_loss', 'c10_50k_acc']) 
 c10h_outdir:  /tigress/ruairidh/model_results/run_1/saves/vgg_15_BN_64/con_True_lr_0.01_seed_2
[2018/09/25 11:12:11 __main__ INFO] - Train 43
[2018/09/25 11:12:15 __main__ INFO] - TEST 43
[2018/09/25 11:12:35 __main__ INFO] - - epoch 43    c10h_train    : 0.5502 (acc: 0.9858) | c10h_val    : 0.7752 (acc: 0.9210)
[2018/09/25 11:12:35 __main__ INFO] - -            c10h_train_c10: 0.0066 (acc: 0.9937) | c10h_val_c10: 0.3454 (acc: 0.9230)
[2018/09/25 11:12:35 __main__ INFO] - -            v4            : 0.8720 (acc: 0.8243) |           v6: 0.7974 (acc: 0.8425)
[2018/09/25 11:12:35 __main__ INFO] - -            c10_50k       : 0.0455 (acc: 0.9844)
[2018/09/25 11:12:35 __main__ INFO] - Elapsed 19.98
keys:  dict_keys(['epoch', 'c10h_train_loss', 'c10h_train_acc', 'c10h_val_loss', 'c10h_val_acc', 'c10h_train_c10_loss', 'c10h_train_c10_acc', 'c10h_val_c10_loss', 'c10h_val_c10_acc', 'v4_loss', 'v4_acc', 'v6_loss', 'v6_acc', 'c10_50k_loss', 'c10_50k_acc']) 
 c10h_outdir:  /tigress/ruairidh/model_results/run_1/saves/vgg_15_BN_64/con_True_lr_0.01_seed_2
[2018/09/25 11:12:35 __main__ INFO] - Train 44
[2018/09/25 11:12:39 __main__ INFO] - TEST 44
[2018/09/25 11:12:59 __main__ INFO] - - epoch 44    c10h_train    : 0.5402 (acc: 0.9867) | c10h_val    : 0.7516 (acc: 0.9200)
[2018/09/25 11:12:59 __main__ INFO] - -            c10h_train_c10: 0.0057 (acc: 0.9942) | c10h_val_c10: 0.3310 (acc: 0.9200)
[2018/09/25 11:12:59 __main__ INFO] - -            v4            : 0.9064 (acc: 0.8209) |           v6: 0.8088 (acc: 0.8395)
[2018/09/25 11:12:59 __main__ INFO] - -            c10_50k       : 0.0502 (acc: 0.9832)
[2018/09/25 11:12:59 __main__ INFO] - Elapsed 19.74
keys:  dict_keys(['epoch', 'c10h_train_loss', 'c10h_train_acc', 'c10h_val_loss', 'c10h_val_acc', 'c10h_train_c10_loss', 'c10h_train_c10_acc', 'c10h_val_c10_loss', 'c10h_val_c10_acc', 'v4_loss', 'v4_acc', 'v6_loss', 'v6_acc', 'c10_50k_loss', 'c10_50k_acc']) 
 c10h_outdir:  /tigress/ruairidh/model_results/run_1/saves/vgg_15_BN_64/con_True_lr_0.01_seed_2
[2018/09/25 11:13:00 __main__ INFO] - Train 45
[2018/09/25 11:13:04 __main__ INFO] - TEST 45
[2018/09/25 11:13:24 __main__ INFO] - - epoch 45    c10h_train    : 0.5507 (acc: 0.9851) | c10h_val    : 0.7516 (acc: 0.9200)
[2018/09/25 11:13:24 __main__ INFO] - -            c10h_train_c10: 0.0079 (acc: 0.9932) | c10h_val_c10: 0.3384 (acc: 0.9220)
[2018/09/25 11:13:24 __main__ INFO] - -            v4            : 0.8673 (acc: 0.8248) |           v6: 0.7864 (acc: 0.8435)
[2018/09/25 11:13:24 __main__ INFO] - -            c10_50k       : 0.0559 (acc: 0.9818)
[2018/09/25 11:13:24 __main__ INFO] - Elapsed 19.90
keys:  dict_keys(['epoch', 'c10h_train_loss', 'c10h_train_acc', 'c10h_val_loss', 'c10h_val_acc', 'c10h_train_c10_loss', 'c10h_train_c10_acc', 'c10h_val_c10_loss', 'c10h_val_c10_acc', 'v4_loss', 'v4_acc', 'v6_loss', 'v6_acc', 'c10_50k_loss', 'c10_50k_acc']) 
 c10h_outdir:  /tigress/ruairidh/model_results/run_1/saves/vgg_15_BN_64/con_True_lr_0.01_seed_2
[2018/09/25 11:13:24 __main__ INFO] - Train 46
[2018/09/25 11:13:28 __main__ INFO] - TEST 46
[2018/09/25 11:13:48 __main__ INFO] - - epoch 46    c10h_train    : 0.5481 (acc: 0.9861) | c10h_val    : 0.7439 (acc: 0.9200)
[2018/09/25 11:13:48 __main__ INFO] - -            c10h_train_c10: 0.0058 (acc: 0.9942) | c10h_val_c10: 0.3295 (acc: 0.9220)
[2018/09/25 11:13:48 __main__ INFO] - -            v4            : 0.8433 (acc: 0.8248) |           v6: 0.7883 (acc: 0.8395)
[2018/09/25 11:13:48 __main__ INFO] - -            c10_50k       : 0.0508 (acc: 0.9827)
[2018/09/25 11:13:48 __main__ INFO] - Elapsed 19.64
keys:  dict_keys(['epoch', 'c10h_train_loss', 'c10h_train_acc', 'c10h_val_loss', 'c10h_val_acc', 'c10h_train_c10_loss', 'c10h_train_c10_acc', 'c10h_val_c10_loss', 'c10h_val_c10_acc', 'v4_loss', 'v4_acc', 'v6_loss', 'v6_acc', 'c10_50k_loss', 'c10_50k_acc']) 
 c10h_outdir:  /tigress/ruairidh/model_results/run_1/saves/vgg_15_BN_64/con_True_lr_0.01_seed_2
[2018/09/25 11:13:48 __main__ INFO] - Train 47
[2018/09/25 11:13:52 __main__ INFO] - TEST 47
[2018/09/25 11:14:12 __main__ INFO] - - epoch 47    c10h_train    : 0.5534 (acc: 0.9864) | c10h_val    : 0.7579 (acc: 0.9240)
[2018/09/25 11:14:12 __main__ INFO] - -            c10h_train_c10: 0.0052 (acc: 0.9942) | c10h_val_c10: 0.3297 (acc: 0.9260)
[2018/09/25 11:14:12 __main__ INFO] - -            v4            : 0.8432 (acc: 0.8238) |           v6: 0.7748 (acc: 0.8395)
[2018/09/25 11:14:12 __main__ INFO] - -            c10_50k       : 0.0510 (acc: 0.9825)
[2018/09/25 11:14:12 __main__ INFO] - Elapsed 19.95
keys:  dict_keys(['epoch', 'c10h_train_loss', 'c10h_train_acc', 'c10h_val_loss', 'c10h_val_acc', 'c10h_train_c10_loss', 'c10h_train_c10_acc', 'c10h_val_c10_loss', 'c10h_val_c10_acc', 'v4_loss', 'v4_acc', 'v6_loss', 'v6_acc', 'c10_50k_loss', 'c10_50k_acc']) 
 c10h_outdir:  /tigress/ruairidh/model_results/run_1/saves/vgg_15_BN_64/con_True_lr_0.01_seed_2
[2018/09/25 11:14:15 __main__ INFO] - Train 48
[2018/09/25 11:14:19 __main__ INFO] - TEST 48
[2018/09/25 11:14:39 __main__ INFO] - - epoch 48    c10h_train    : 0.5531 (acc: 0.9857) | c10h_val    : 0.7537 (acc: 0.9210)
[2018/09/25 11:14:39 __main__ INFO] - -            c10h_train_c10: 0.0062 (acc: 0.9937) | c10h_val_c10: 0.3307 (acc: 0.9230)
[2018/09/25 11:14:39 __main__ INFO] - -            v4            : 0.9129 (acc: 0.8194) |           v6: 0.8102 (acc: 0.8340)
[2018/09/25 11:14:39 __main__ INFO] - -            c10_50k       : 0.0501 (acc: 0.9832)
[2018/09/25 11:14:39 __main__ INFO] - Elapsed 19.92
keys:  dict_keys(['epoch', 'c10h_train_loss', 'c10h_train_acc', 'c10h_val_loss', 'c10h_val_acc', 'c10h_train_c10_loss', 'c10h_train_c10_acc', 'c10h_val_c10_loss', 'c10h_val_c10_acc', 'v4_loss', 'v4_acc', 'v6_loss', 'v6_acc', 'c10_50k_loss', 'c10_50k_acc']) 
 c10h_outdir:  /tigress/ruairidh/model_results/run_1/saves/vgg_15_BN_64/con_True_lr_0.01_seed_2
[2018/09/25 11:14:39 __main__ INFO] - Train 49
[2018/09/25 11:14:43 __main__ INFO] - TEST 49
[2018/09/25 11:15:03 __main__ INFO] - - epoch 49    c10h_train    : 0.5579 (acc: 0.9867) | c10h_val    : 0.7465 (acc: 0.9280)
[2018/09/25 11:15:03 __main__ INFO] - -            c10h_train_c10: 0.0046 (acc: 0.9946) | c10h_val_c10: 0.3231 (acc: 0.9300)
[2018/09/25 11:15:03 __main__ INFO] - -            v4            : 0.9066 (acc: 0.8253) |           v6: 0.7928 (acc: 0.8405)
[2018/09/25 11:15:03 __main__ INFO] - -            c10_50k       : 0.0512 (acc: 0.9831)
[2018/09/25 11:15:03 __main__ INFO] - Elapsed 19.94
keys:  dict_keys(['epoch', 'c10h_train_loss', 'c10h_train_acc', 'c10h_val_loss', 'c10h_val_acc', 'c10h_train_c10_loss', 'c10h_train_c10_acc', 'c10h_val_c10_loss', 'c10h_val_c10_acc', 'v4_loss', 'v4_acc', 'v6_loss', 'v6_acc', 'c10_50k_loss', 'c10_50k_acc']) 
 c10h_outdir:  /tigress/ruairidh/model_results/run_1/saves/vgg_15_BN_64/con_True_lr_0.01_seed_2
[2018/09/25 11:15:04 __main__ INFO] - Train 50
[2018/09/25 11:15:08 __main__ INFO] - TEST 50
[2018/09/25 11:15:28 __main__ INFO] - - epoch 50    c10h_train    : 0.5611 (acc: 0.9870) | c10h_val    : 0.7569 (acc: 0.9250)
[2018/09/25 11:15:28 __main__ INFO] - -            c10h_train_c10: 0.0039 (acc: 0.9950) | c10h_val_c10: 0.3370 (acc: 0.9250)
[2018/09/25 11:15:28 __main__ INFO] - -            v4            : 0.9026 (acc: 0.8159) |           v6: 0.8104 (acc: 0.8375)
[2018/09/25 11:15:28 __main__ INFO] - -            c10_50k       : 0.0503 (acc: 0.9829)
[2018/09/25 11:15:28 __main__ INFO] - Elapsed 19.86
keys:  dict_keys(['epoch', 'c10h_train_loss', 'c10h_train_acc', 'c10h_val_loss', 'c10h_val_acc', 'c10h_train_c10_loss', 'c10h_train_c10_acc', 'c10h_val_c10_loss', 'c10h_val_c10_acc', 'v4_loss', 'v4_acc', 'v6_loss', 'v6_acc', 'c10_50k_loss', 'c10_50k_acc']) 
 c10h_outdir:  /tigress/ruairidh/model_results/run_1/saves/vgg_15_BN_64/con_True_lr_0.01_seed_2
[2018/09/25 11:15:28 __main__ INFO] - Train 51
[2018/09/25 11:15:32 __main__ INFO] - TEST 51
[2018/09/25 11:15:52 __main__ INFO] - - epoch 51    c10h_train    : 0.5713 (acc: 0.9863) | c10h_val    : 0.7642 (acc: 0.9220)
[2018/09/25 11:15:52 __main__ INFO] - -            c10h_train_c10: 0.0051 (acc: 0.9944) | c10h_val_c10: 0.3433 (acc: 0.9220)
[2018/09/25 11:15:52 __main__ INFO] - -            v4            : 0.8948 (acc: 0.8258) |           v6: 0.8245 (acc: 0.8350)
[2018/09/25 11:15:52 __main__ INFO] - -            c10_50k       : 0.0521 (acc: 0.9829)
[2018/09/25 11:15:52 __main__ INFO] - Elapsed 19.74
keys:  dict_keys(['epoch', 'c10h_train_loss', 'c10h_train_acc', 'c10h_val_loss', 'c10h_val_acc', 'c10h_train_c10_loss', 'c10h_train_c10_acc', 'c10h_val_c10_loss', 'c10h_val_c10_acc', 'v4_loss', 'v4_acc', 'v6_loss', 'v6_acc', 'c10_50k_loss', 'c10_50k_acc']) 
 c10h_outdir:  /tigress/ruairidh/model_results/run_1/saves/vgg_15_BN_64/con_True_lr_0.01_seed_2
[2018/09/25 11:15:53 __main__ INFO] - Train 52
[2018/09/25 11:15:57 __main__ INFO] - TEST 52
[2018/09/25 11:16:16 __main__ INFO] - - epoch 52    c10h_train    : 0.5721 (acc: 0.9866) | c10h_val    : 0.7490 (acc: 0.9260)
[2018/09/25 11:16:16 __main__ INFO] - -            c10h_train_c10: 0.0043 (acc: 0.9946) | c10h_val_c10: 0.3163 (acc: 0.9280)
[2018/09/25 11:16:16 __main__ INFO] - -            v4            : 0.8894 (acc: 0.8189) |           v6: 0.8044 (acc: 0.8375)
[2018/09/25 11:16:16 __main__ INFO] - -            c10_50k       : 0.0512 (acc: 0.9831)
[2018/09/25 11:16:16 __main__ INFO] - Elapsed 19.74
keys:  dict_keys(['epoch', 'c10h_train_loss', 'c10h_train_acc', 'c10h_val_loss', 'c10h_val_acc', 'c10h_train_c10_loss', 'c10h_train_c10_acc', 'c10h_val_c10_loss', 'c10h_val_c10_acc', 'v4_loss', 'v4_acc', 'v6_loss', 'v6_acc', 'c10_50k_loss', 'c10_50k_acc']) 
 c10h_outdir:  /tigress/ruairidh/model_results/run_1/saves/vgg_15_BN_64/con_True_lr_0.01_seed_2
[2018/09/25 11:16:17 __main__ INFO] - Train 53
[2018/09/25 11:16:21 __main__ INFO] - TEST 53
[2018/09/25 11:16:41 __main__ INFO] - - epoch 53    c10h_train    : 0.5728 (acc: 0.9861) | c10h_val    : 0.7700 (acc: 0.9200)
[2018/09/25 11:16:41 __main__ INFO] - -            c10h_train_c10: 0.0044 (acc: 0.9942) | c10h_val_c10: 0.3323 (acc: 0.9220)
[2018/09/25 11:16:41 __main__ INFO] - -            v4            : 0.9181 (acc: 0.8323) |           v6: 0.8154 (acc: 0.8410)
[2018/09/25 11:16:41 __main__ INFO] - -            c10_50k       : 0.0493 (acc: 0.9839)
[2018/09/25 11:16:41 __main__ INFO] - Elapsed 19.82
keys:  dict_keys(['epoch', 'c10h_train_loss', 'c10h_train_acc', 'c10h_val_loss', 'c10h_val_acc', 'c10h_train_c10_loss', 'c10h_train_c10_acc', 'c10h_val_c10_loss', 'c10h_val_c10_acc', 'v4_loss', 'v4_acc', 'v6_loss', 'v6_acc', 'c10_50k_loss', 'c10_50k_acc']) 
 c10h_outdir:  /tigress/ruairidh/model_results/run_1/saves/vgg_15_BN_64/con_True_lr_0.01_seed_2
[2018/09/25 11:16:42 __main__ INFO] - Train 54
[2018/09/25 11:16:46 __main__ INFO] - TEST 54
[2018/09/25 11:17:05 __main__ INFO] - - epoch 54    c10h_train    : 0.5652 (acc: 0.9868) | c10h_val    : 0.7704 (acc: 0.9220)
[2018/09/25 11:17:05 __main__ INFO] - -            c10h_train_c10: 0.0044 (acc: 0.9944) | c10h_val_c10: 0.3505 (acc: 0.9240)
[2018/09/25 11:17:05 __main__ INFO] - -            v4            : 0.9354 (acc: 0.8120) |           v6: 0.8147 (acc: 0.8390)
[2018/09/25 11:17:05 __main__ INFO] - -            c10_50k       : 0.0491 (acc: 0.9830)
[2018/09/25 11:17:05 __main__ INFO] - Elapsed 19.75
keys:  dict_keys(['epoch', 'c10h_train_loss', 'c10h_train_acc', 'c10h_val_loss', 'c10h_val_acc', 'c10h_train_c10_loss', 'c10h_train_c10_acc', 'c10h_val_c10_loss', 'c10h_val_c10_acc', 'v4_loss', 'v4_acc', 'v6_loss', 'v6_acc', 'c10_50k_loss', 'c10_50k_acc']) 
 c10h_outdir:  /tigress/ruairidh/model_results/run_1/saves/vgg_15_BN_64/con_True_lr_0.01_seed_2
[2018/09/25 11:17:06 __main__ INFO] - Train 55
[2018/09/25 11:17:10 __main__ INFO] - TEST 55
[2018/09/25 11:17:30 __main__ INFO] - - epoch 55    c10h_train    : 0.5754 (acc: 0.9866) | c10h_val    : 0.7721 (acc: 0.9210)
[2018/09/25 11:17:30 __main__ INFO] - -            c10h_train_c10: 0.0040 (acc: 0.9947) | c10h_val_c10: 0.3512 (acc: 0.9210)
[2018/09/25 11:17:30 __main__ INFO] - -            v4            : 0.8868 (acc: 0.8199) |           v6: 0.8125 (acc: 0.8405)
[2018/09/25 11:17:30 __main__ INFO] - -            c10_50k       : 0.0484 (acc: 0.9843)
[2018/09/25 11:17:30 __main__ INFO] - Elapsed 20.09
keys:  dict_keys(['epoch', 'c10h_train_loss', 'c10h_train_acc', 'c10h_val_loss', 'c10h_val_acc', 'c10h_train_c10_loss', 'c10h_train_c10_acc', 'c10h_val_c10_loss', 'c10h_val_c10_acc', 'v4_loss', 'v4_acc', 'v6_loss', 'v6_acc', 'c10_50k_loss', 'c10_50k_acc']) 
 c10h_outdir:  /tigress/ruairidh/model_results/run_1/saves/vgg_15_BN_64/con_True_lr_0.01_seed_2
[2018/09/25 11:17:31 __main__ INFO] - Train 56
[2018/09/25 11:17:34 __main__ INFO] - TEST 56
[2018/09/25 11:17:55 __main__ INFO] - - epoch 56    c10h_train    : 0.5770 (acc: 0.9869) | c10h_val    : 0.7725 (acc: 0.9230)
[2018/09/25 11:17:55 __main__ INFO] - -            c10h_train_c10: 0.0036 (acc: 0.9950) | c10h_val_c10: 0.3475 (acc: 0.9230)
[2018/09/25 11:17:55 __main__ INFO] - -            v4            : 0.9287 (acc: 0.8135) |           v6: 0.8185 (acc: 0.8395)
[2018/09/25 11:17:55 __main__ INFO] - -            c10_50k       : 0.0509 (acc: 0.9830)
[2018/09/25 11:17:55 __main__ INFO] - Elapsed 20.03
keys:  dict_keys(['epoch', 'c10h_train_loss', 'c10h_train_acc', 'c10h_val_loss', 'c10h_val_acc', 'c10h_train_c10_loss', 'c10h_train_c10_acc', 'c10h_val_c10_loss', 'c10h_val_c10_acc', 'v4_loss', 'v4_acc', 'v6_loss', 'v6_acc', 'c10_50k_loss', 'c10_50k_acc']) 
 c10h_outdir:  /tigress/ruairidh/model_results/run_1/saves/vgg_15_BN_64/con_True_lr_0.01_seed_2
[2018/09/25 11:17:55 __main__ INFO] - Train 57
[2018/09/25 11:17:59 __main__ INFO] - TEST 57
[2018/09/25 11:18:19 __main__ INFO] - - epoch 57    c10h_train    : 0.5643 (acc: 0.9860) | c10h_val    : 0.7826 (acc: 0.9140)
[2018/09/25 11:18:19 __main__ INFO] - -            c10h_train_c10: 0.0055 (acc: 0.9939) | c10h_val_c10: 0.3637 (acc: 0.9160)
[2018/09/25 11:18:19 __main__ INFO] - -            v4            : 0.8860 (acc: 0.8189) |           v6: 0.7978 (acc: 0.8375)
[2018/09/25 11:18:19 __main__ INFO] - -            c10_50k       : 0.0544 (acc: 0.9822)
[2018/09/25 11:18:19 __main__ INFO] - Elapsed 19.89
keys:  dict_keys(['epoch', 'c10h_train_loss', 'c10h_train_acc', 'c10h_val_loss', 'c10h_val_acc', 'c10h_train_c10_loss', 'c10h_train_c10_acc', 'c10h_val_c10_loss', 'c10h_val_c10_acc', 'v4_loss', 'v4_acc', 'v6_loss', 'v6_acc', 'c10_50k_loss', 'c10_50k_acc']) 
 c10h_outdir:  /tigress/ruairidh/model_results/run_1/saves/vgg_15_BN_64/con_True_lr_0.01_seed_2
[2018/09/25 11:18:20 __main__ INFO] - Train 58
[2018/09/25 11:18:23 __main__ INFO] - TEST 58
[2018/09/25 11:18:43 __main__ INFO] - - epoch 58    c10h_train    : 0.5756 (acc: 0.9863) | c10h_val    : 0.7809 (acc: 0.9140)
[2018/09/25 11:18:43 __main__ INFO] - -            c10h_train_c10: 0.0043 (acc: 0.9943) | c10h_val_c10: 0.3558 (acc: 0.9160)
[2018/09/25 11:18:43 __main__ INFO] - -            v4            : 0.9071 (acc: 0.8184) |           v6: 0.7952 (acc: 0.8435)
[2018/09/25 11:18:43 __main__ INFO] - -            c10_50k       : 0.0517 (acc: 0.9828)
[2018/09/25 11:18:43 __main__ INFO] - Elapsed 19.73
keys:  dict_keys(['epoch', 'c10h_train_loss', 'c10h_train_acc', 'c10h_val_loss', 'c10h_val_acc', 'c10h_train_c10_loss', 'c10h_train_c10_acc', 'c10h_val_c10_loss', 'c10h_val_c10_acc', 'v4_loss', 'v4_acc', 'v6_loss', 'v6_acc', 'c10_50k_loss', 'c10_50k_acc']) 
 c10h_outdir:  /tigress/ruairidh/model_results/run_1/saves/vgg_15_BN_64/con_True_lr_0.01_seed_2
[2018/09/25 11:18:45 __main__ INFO] - Train 59
[2018/09/25 11:18:49 __main__ INFO] - TEST 59
[2018/09/25 11:19:09 __main__ INFO] - - epoch 59    c10h_train    : 0.5788 (acc: 0.9868) | c10h_val    : 0.7858 (acc: 0.9230)
[2018/09/25 11:19:09 __main__ INFO] - -            c10h_train_c10: 0.0035 (acc: 0.9949) | c10h_val_c10: 0.3543 (acc: 0.9250)
[2018/09/25 11:19:09 __main__ INFO] - -            v4            : 0.8872 (acc: 0.8204) |           v6: 0.7809 (acc: 0.8435)
[2018/09/25 11:19:09 __main__ INFO] - -            c10_50k       : 0.0538 (acc: 0.9821)
[2018/09/25 11:19:09 __main__ INFO] - Elapsed 19.92
keys:  dict_keys(['epoch', 'c10h_train_loss', 'c10h_train_acc', 'c10h_val_loss', 'c10h_val_acc', 'c10h_train_c10_loss', 'c10h_train_c10_acc', 'c10h_val_c10_loss', 'c10h_val_c10_acc', 'v4_loss', 'v4_acc', 'v6_loss', 'v6_acc', 'c10_50k_loss', 'c10_50k_acc']) 
 c10h_outdir:  /tigress/ruairidh/model_results/run_1/saves/vgg_15_BN_64/con_True_lr_0.01_seed_2
[2018/09/25 11:19:09 __main__ INFO] - Train 60
[2018/09/25 11:19:13 __main__ INFO] - TEST 60
[2018/09/25 11:19:33 __main__ INFO] - - epoch 60    c10h_train    : 0.5910 (acc: 0.9864) | c10h_val    : 0.7874 (acc: 0.9220)
[2018/09/25 11:19:33 __main__ INFO] - -            c10h_train_c10: 0.0037 (acc: 0.9946) | c10h_val_c10: 0.3550 (acc: 0.9240)
[2018/09/25 11:19:33 __main__ INFO] - -            v4            : 0.8893 (acc: 0.8214) |           v6: 0.8132 (acc: 0.8375)
[2018/09/25 11:19:33 __main__ INFO] - -            c10_50k       : 0.0466 (acc: 0.9843)
[2018/09/25 11:19:33 __main__ INFO] - Elapsed 19.67
keys:  dict_keys(['epoch', 'c10h_train_loss', 'c10h_train_acc', 'c10h_val_loss', 'c10h_val_acc', 'c10h_train_c10_loss', 'c10h_train_c10_acc', 'c10h_val_c10_loss', 'c10h_val_c10_acc', 'v4_loss', 'v4_acc', 'v6_loss', 'v6_acc', 'c10_50k_loss', 'c10_50k_acc']) 
 c10h_outdir:  /tigress/ruairidh/model_results/run_1/saves/vgg_15_BN_64/con_True_lr_0.01_seed_2
[2018/09/25 11:19:33 __main__ INFO] - Train 61
[2018/09/25 11:19:37 __main__ INFO] - TEST 61
[2018/09/25 11:19:57 __main__ INFO] - - epoch 61    c10h_train    : 0.5803 (acc: 0.9867) | c10h_val    : 0.7892 (acc: 0.9190)
[2018/09/25 11:19:57 __main__ INFO] - -            c10h_train_c10: 0.0038 (acc: 0.9947) | c10h_val_c10: 0.3649 (acc: 0.9190)
[2018/09/25 11:19:57 __main__ INFO] - -            v4            : 0.8808 (acc: 0.8248) |           v6: 0.7933 (acc: 0.8385)
[2018/09/25 11:19:57 __main__ INFO] - -            c10_50k       : 0.0534 (acc: 0.9822)
[2018/09/25 11:19:57 __main__ INFO] - Elapsed 19.75
keys:  dict_keys(['epoch', 'c10h_train_loss', 'c10h_train_acc', 'c10h_val_loss', 'c10h_val_acc', 'c10h_train_c10_loss', 'c10h_train_c10_acc', 'c10h_val_c10_loss', 'c10h_val_c10_acc', 'v4_loss', 'v4_acc', 'v6_loss', 'v6_acc', 'c10_50k_loss', 'c10_50k_acc']) 
 c10h_outdir:  /tigress/ruairidh/model_results/run_1/saves/vgg_15_BN_64/con_True_lr_0.01_seed_2
[2018/09/25 11:19:57 __main__ INFO] - Train 62
[2018/09/25 11:20:01 __main__ INFO] - TEST 62
[2018/09/25 11:20:21 __main__ INFO] - - epoch 62    c10h_train    : 0.5845 (acc: 0.9866) | c10h_val    : 0.7864 (acc: 0.9210)
[2018/09/25 11:20:21 __main__ INFO] - -            c10h_train_c10: 0.0032 (acc: 0.9947) | c10h_val_c10: 0.3571 (acc: 0.9230)
[2018/09/25 11:20:21 __main__ INFO] - -            v4            : 0.9400 (acc: 0.8209) |           v6: 0.8092 (acc: 0.8420)
[2018/09/25 11:20:21 __main__ INFO] - -            c10_50k       : 0.0533 (acc: 0.9824)
[2018/09/25 11:20:21 __main__ INFO] - Elapsed 19.85
keys:  dict_keys(['epoch', 'c10h_train_loss', 'c10h_train_acc', 'c10h_val_loss', 'c10h_val_acc', 'c10h_train_c10_loss', 'c10h_train_c10_acc', 'c10h_val_c10_loss', 'c10h_val_c10_acc', 'v4_loss', 'v4_acc', 'v6_loss', 'v6_acc', 'c10_50k_loss', 'c10_50k_acc']) 
 c10h_outdir:  /tigress/ruairidh/model_results/run_1/saves/vgg_15_BN_64/con_True_lr_0.01_seed_2
[2018/09/25 11:20:22 __main__ INFO] - Train 63
[2018/09/25 11:20:26 __main__ INFO] - TEST 63
[2018/09/25 11:20:46 __main__ INFO] - - epoch 63    c10h_train    : 0.5823 (acc: 0.9863) | c10h_val    : 0.7784 (acc: 0.9150)
[2018/09/25 11:20:46 __main__ INFO] - -            c10h_train_c10: 0.0041 (acc: 0.9944) | c10h_val_c10: 0.3455 (acc: 0.9170)
[2018/09/25 11:20:46 __main__ INFO] - -            v4            : 0.9385 (acc: 0.8159) |           v6: 0.8395 (acc: 0.8370)
[2018/09/25 11:20:46 __main__ INFO] - -            c10_50k       : 0.0546 (acc: 0.9819)
[2018/09/25 11:20:46 __main__ INFO] - Elapsed 19.86
keys:  dict_keys(['epoch', 'c10h_train_loss', 'c10h_train_acc', 'c10h_val_loss', 'c10h_val_acc', 'c10h_train_c10_loss', 'c10h_train_c10_acc', 'c10h_val_c10_loss', 'c10h_val_c10_acc', 'v4_loss', 'v4_acc', 'v6_loss', 'v6_acc', 'c10_50k_loss', 'c10_50k_acc']) 
 c10h_outdir:  /tigress/ruairidh/model_results/run_1/saves/vgg_15_BN_64/con_True_lr_0.01_seed_2
[2018/09/25 11:20:46 __main__ INFO] - Train 64
[2018/09/25 11:20:50 __main__ INFO] - TEST 64
[2018/09/25 11:21:10 __main__ INFO] - - epoch 64    c10h_train    : 0.5830 (acc: 0.9870) | c10h_val    : 0.7846 (acc: 0.9120)
[2018/09/25 11:21:10 __main__ INFO] - -            c10h_train_c10: 0.0030 (acc: 0.9951) | c10h_val_c10: 0.3517 (acc: 0.9140)
[2018/09/25 11:21:10 __main__ INFO] - -            v4            : 0.9665 (acc: 0.8169) |           v6: 0.8213 (acc: 0.8340)
[2018/09/25 11:21:10 __main__ INFO] - -            c10_50k       : 0.0540 (acc: 0.9829)
[2018/09/25 11:21:10 __main__ INFO] - Elapsed 19.81
keys:  dict_keys(['epoch', 'c10h_train_loss', 'c10h_train_acc', 'c10h_val_loss', 'c10h_val_acc', 'c10h_train_c10_loss', 'c10h_train_c10_acc', 'c10h_val_c10_loss', 'c10h_val_c10_acc', 'v4_loss', 'v4_acc', 'v6_loss', 'v6_acc', 'c10_50k_loss', 'c10_50k_acc']) 
 c10h_outdir:  /tigress/ruairidh/model_results/run_1/saves/vgg_15_BN_64/con_True_lr_0.01_seed_2
[2018/09/25 11:21:11 __main__ INFO] - Train 65
[2018/09/25 11:21:14 __main__ INFO] - TEST 65
[2018/09/25 11:21:34 __main__ INFO] - - epoch 65    c10h_train    : 0.5869 (acc: 0.9868) | c10h_val    : 0.7835 (acc: 0.9220)
[2018/09/25 11:21:34 __main__ INFO] - -            c10h_train_c10: 0.0042 (acc: 0.9947) | c10h_val_c10: 0.3494 (acc: 0.9220)
[2018/09/25 11:21:34 __main__ INFO] - -            v4            : 0.9072 (acc: 0.8258) |           v6: 0.8348 (acc: 0.8335)
[2018/09/25 11:21:34 __main__ INFO] - -            c10_50k       : 0.0555 (acc: 0.9822)
[2018/09/25 11:21:34 __main__ INFO] - Elapsed 19.82
keys:  dict_keys(['epoch', 'c10h_train_loss', 'c10h_train_acc', 'c10h_val_loss', 'c10h_val_acc', 'c10h_train_c10_loss', 'c10h_train_c10_acc', 'c10h_val_c10_loss', 'c10h_val_c10_acc', 'v4_loss', 'v4_acc', 'v6_loss', 'v6_acc', 'c10_50k_loss', 'c10_50k_acc']) 
 c10h_outdir:  /tigress/ruairidh/model_results/run_1/saves/vgg_15_BN_64/con_True_lr_0.01_seed_2
[2018/09/25 11:21:35 __main__ INFO] - Train 66
[2018/09/25 11:21:39 __main__ INFO] - TEST 66
[2018/09/25 11:21:59 __main__ INFO] - - epoch 66    c10h_train    : 0.5821 (acc: 0.9867) | c10h_val    : 0.7892 (acc: 0.9210)
[2018/09/25 11:21:59 __main__ INFO] - -            c10h_train_c10: 0.0036 (acc: 0.9946) | c10h_val_c10: 0.3600 (acc: 0.9230)
[2018/09/25 11:21:59 __main__ INFO] - -            v4            : 0.9789 (acc: 0.8100) |           v6: 0.8320 (acc: 0.8345)
[2018/09/25 11:21:59 __main__ INFO] - -            c10_50k       : 0.0537 (acc: 0.9831)
[2018/09/25 11:21:59 __main__ INFO] - Elapsed 19.90
keys:  dict_keys(['epoch', 'c10h_train_loss', 'c10h_train_acc', 'c10h_val_loss', 'c10h_val_acc', 'c10h_train_c10_loss', 'c10h_train_c10_acc', 'c10h_val_c10_loss', 'c10h_val_c10_acc', 'v4_loss', 'v4_acc', 'v6_loss', 'v6_acc', 'c10_50k_loss', 'c10_50k_acc']) 
 c10h_outdir:  /tigress/ruairidh/model_results/run_1/saves/vgg_15_BN_64/con_True_lr_0.01_seed_2
[2018/09/25 11:21:59 __main__ INFO] - Train 67
[2018/09/25 11:22:03 __main__ INFO] - TEST 67
[2018/09/25 11:22:23 __main__ INFO] - - epoch 67    c10h_train    : 0.5954 (acc: 0.9870) | c10h_val    : 0.7956 (acc: 0.9210)
[2018/09/25 11:22:23 __main__ INFO] - -            c10h_train_c10: 0.0035 (acc: 0.9951) | c10h_val_c10: 0.3559 (acc: 0.9230)
[2018/09/25 11:22:23 __main__ INFO] - -            v4            : 0.9333 (acc: 0.8199) |           v6: 0.8290 (acc: 0.8395)
[2018/09/25 11:22:23 __main__ INFO] - -            c10_50k       : 0.0530 (acc: 0.9833)
[2018/09/25 11:22:23 __main__ INFO] - Elapsed 19.89
keys:  dict_keys(['epoch', 'c10h_train_loss', 'c10h_train_acc', 'c10h_val_loss', 'c10h_val_acc', 'c10h_train_c10_loss', 'c10h_train_c10_acc', 'c10h_val_c10_loss', 'c10h_val_c10_acc', 'v4_loss', 'v4_acc', 'v6_loss', 'v6_acc', 'c10_50k_loss', 'c10_50k_acc']) 
 c10h_outdir:  /tigress/ruairidh/model_results/run_1/saves/vgg_15_BN_64/con_True_lr_0.01_seed_2
[2018/09/25 11:22:23 __main__ INFO] - Train 68
[2018/09/25 11:22:27 __main__ INFO] - TEST 68
[2018/09/25 11:22:47 __main__ INFO] - - epoch 68    c10h_train    : 0.5924 (acc: 0.9872) | c10h_val    : 0.7954 (acc: 0.9210)
[2018/09/25 11:22:47 __main__ INFO] - -            c10h_train_c10: 0.0024 (acc: 0.9953) | c10h_val_c10: 0.3559 (acc: 0.9230)
[2018/09/25 11:22:47 __main__ INFO] - -            v4            : 0.8819 (acc: 0.8283) |           v6: 0.8266 (acc: 0.8400)
[2018/09/25 11:22:47 __main__ INFO] - -            c10_50k       : 0.0532 (acc: 0.9828)
[2018/09/25 11:22:47 __main__ INFO] - Elapsed 19.80
keys:  dict_keys(['epoch', 'c10h_train_loss', 'c10h_train_acc', 'c10h_val_loss', 'c10h_val_acc', 'c10h_train_c10_loss', 'c10h_train_c10_acc', 'c10h_val_c10_loss', 'c10h_val_c10_acc', 'v4_loss', 'v4_acc', 'v6_loss', 'v6_acc', 'c10_50k_loss', 'c10_50k_acc']) 
 c10h_outdir:  /tigress/ruairidh/model_results/run_1/saves/vgg_15_BN_64/con_True_lr_0.01_seed_2
[2018/09/25 11:22:50 __main__ INFO] - Train 69
[2018/09/25 11:22:54 __main__ INFO] - TEST 69
[2018/09/25 11:23:14 __main__ INFO] - - epoch 69    c10h_train    : 0.5966 (acc: 0.9868) | c10h_val    : 0.8066 (acc: 0.9210)
[2018/09/25 11:23:14 __main__ INFO] - -            c10h_train_c10: 0.0040 (acc: 0.9949) | c10h_val_c10: 0.3752 (acc: 0.9230)
[2018/09/25 11:23:14 __main__ INFO] - -            v4            : 0.9351 (acc: 0.8159) |           v6: 0.8259 (acc: 0.8380)
[2018/09/25 11:23:14 __main__ INFO] - -            c10_50k       : 0.0587 (acc: 0.9808)
[2018/09/25 11:23:14 __main__ INFO] - Elapsed 19.78
keys:  dict_keys(['epoch', 'c10h_train_loss', 'c10h_train_acc', 'c10h_val_loss', 'c10h_val_acc', 'c10h_train_c10_loss', 'c10h_train_c10_acc', 'c10h_val_c10_loss', 'c10h_val_c10_acc', 'v4_loss', 'v4_acc', 'v6_loss', 'v6_acc', 'c10_50k_loss', 'c10_50k_acc']) 
 c10h_outdir:  /tigress/ruairidh/model_results/run_1/saves/vgg_15_BN_64/con_True_lr_0.01_seed_2
[2018/09/25 11:23:14 __main__ INFO] - Train 70
[2018/09/25 11:23:18 __main__ INFO] - TEST 70
[2018/09/25 11:23:38 __main__ INFO] - - epoch 70    c10h_train    : 0.5857 (acc: 0.9873) | c10h_val    : 0.7980 (acc: 0.9150)
[2018/09/25 11:23:38 __main__ INFO] - -            c10h_train_c10: 0.0026 (acc: 0.9953) | c10h_val_c10: 0.3632 (acc: 0.9170)
[2018/09/25 11:23:38 __main__ INFO] - -            v4            : 0.9815 (acc: 0.8243) |           v6: 0.8380 (acc: 0.8390)
[2018/09/25 11:23:38 __main__ INFO] - -            c10_50k       : 0.0559 (acc: 0.9818)
[2018/09/25 11:23:38 __main__ INFO] - Elapsed 20.05
keys:  dict_keys(['epoch', 'c10h_train_loss', 'c10h_train_acc', 'c10h_val_loss', 'c10h_val_acc', 'c10h_train_c10_loss', 'c10h_train_c10_acc', 'c10h_val_c10_loss', 'c10h_val_c10_acc', 'v4_loss', 'v4_acc', 'v6_loss', 'v6_acc', 'c10_50k_loss', 'c10_50k_acc']) 
 c10h_outdir:  /tigress/ruairidh/model_results/run_1/saves/vgg_15_BN_64/con_True_lr_0.01_seed_2
[2018/09/25 11:23:38 __main__ INFO] - Train 71
[2018/09/25 11:23:42 __main__ INFO] - TEST 71
[2018/09/25 11:24:02 __main__ INFO] - - epoch 71    c10h_train    : 0.5964 (acc: 0.9869) | c10h_val    : 0.8049 (acc: 0.9190)
[2018/09/25 11:24:02 __main__ INFO] - -            c10h_train_c10: 0.0025 (acc: 0.9949) | c10h_val_c10: 0.3653 (acc: 0.9210)
[2018/09/25 11:24:02 __main__ INFO] - -            v4            : 0.9589 (acc: 0.8164) |           v6: 0.8139 (acc: 0.8430)
[2018/09/25 11:24:02 __main__ INFO] - -            c10_50k       : 0.0520 (acc: 0.9831)
[2018/09/25 11:24:02 __main__ INFO] - Elapsed 19.79
keys:  dict_keys(['epoch', 'c10h_train_loss', 'c10h_train_acc', 'c10h_val_loss', 'c10h_val_acc', 'c10h_train_c10_loss', 'c10h_train_c10_acc', 'c10h_val_c10_loss', 'c10h_val_c10_acc', 'v4_loss', 'v4_acc', 'v6_loss', 'v6_acc', 'c10_50k_loss', 'c10_50k_acc']) 
 c10h_outdir:  /tigress/ruairidh/model_results/run_1/saves/vgg_15_BN_64/con_True_lr_0.01_seed_2
[2018/09/25 11:24:02 __main__ INFO] - Train 72
[2018/09/25 11:24:06 __main__ INFO] - TEST 72
[2018/09/25 11:24:26 __main__ INFO] - - epoch 72    c10h_train    : 0.5979 (acc: 0.9868) | c10h_val    : 0.8104 (acc: 0.9190)
[2018/09/25 11:24:26 __main__ INFO] - -            c10h_train_c10: 0.0030 (acc: 0.9948) | c10h_val_c10: 0.3656 (acc: 0.9210)
[2018/09/25 11:24:26 __main__ INFO] - -            v4            : 0.9286 (acc: 0.8258) |           v6: 0.8310 (acc: 0.8395)
[2018/09/25 11:24:26 __main__ INFO] - -            c10_50k       : 0.0523 (acc: 0.9834)
[2018/09/25 11:24:26 __main__ INFO] - Elapsed 19.94
keys:  dict_keys(['epoch', 'c10h_train_loss', 'c10h_train_acc', 'c10h_val_loss', 'c10h_val_acc', 'c10h_train_c10_loss', 'c10h_train_c10_acc', 'c10h_val_c10_loss', 'c10h_val_c10_acc', 'v4_loss', 'v4_acc', 'v6_loss', 'v6_acc', 'c10_50k_loss', 'c10_50k_acc']) 
 c10h_outdir:  /tigress/ruairidh/model_results/run_1/saves/vgg_15_BN_64/con_True_lr_0.01_seed_2
[2018/09/25 11:24:27 __main__ INFO] - Train 73
[2018/09/25 11:24:31 __main__ INFO] - TEST 73
[2018/09/25 11:24:50 __main__ INFO] - - epoch 73    c10h_train    : 0.6035 (acc: 0.9870) | c10h_val    : 0.7962 (acc: 0.9180)
[2018/09/25 11:24:51 __main__ INFO] - -            c10h_train_c10: 0.0028 (acc: 0.9950) | c10h_val_c10: 0.3542 (acc: 0.9200)
[2018/09/25 11:24:51 __main__ INFO] - -            v4            : 0.9142 (acc: 0.8268) |           v6: 0.8395 (acc: 0.8395)
[2018/09/25 11:24:51 __main__ INFO] - -            c10_50k       : 0.0511 (acc: 0.9834)
[2018/09/25 11:24:51 __main__ INFO] - Elapsed 19.91
keys:  dict_keys(['epoch', 'c10h_train_loss', 'c10h_train_acc', 'c10h_val_loss', 'c10h_val_acc', 'c10h_train_c10_loss', 'c10h_train_c10_acc', 'c10h_val_c10_loss', 'c10h_val_c10_acc', 'v4_loss', 'v4_acc', 'v6_loss', 'v6_acc', 'c10_50k_loss', 'c10_50k_acc']) 
 c10h_outdir:  /tigress/ruairidh/model_results/run_1/saves/vgg_15_BN_64/con_True_lr_0.01_seed_2
[2018/09/25 11:24:51 __main__ INFO] - Train 74
[2018/09/25 11:24:55 __main__ INFO] - TEST 74
[2018/09/25 11:25:15 __main__ INFO] - - epoch 74    c10h_train    : 0.5983 (acc: 0.9872) | c10h_val    : 0.7986 (acc: 0.9260)
[2018/09/25 11:25:15 __main__ INFO] - -            c10h_train_c10: 0.0028 (acc: 0.9953) | c10h_val_c10: 0.3553 (acc: 0.9280)
[2018/09/25 11:25:15 __main__ INFO] - -            v4            : 0.9349 (acc: 0.8209) |           v6: 0.8625 (acc: 0.8370)
[2018/09/25 11:25:15 __main__ INFO] - -            c10_50k       : 0.0544 (acc: 0.9823)
[2018/09/25 11:25:15 __main__ INFO] - Elapsed 19.89
keys:  dict_keys(['epoch', 'c10h_train_loss', 'c10h_train_acc', 'c10h_val_loss', 'c10h_val_acc', 'c10h_train_c10_loss', 'c10h_train_c10_acc', 'c10h_val_c10_loss', 'c10h_val_c10_acc', 'v4_loss', 'v4_acc', 'v6_loss', 'v6_acc', 'c10_50k_loss', 'c10_50k_acc']) 
 c10h_outdir:  /tigress/ruairidh/model_results/run_1/saves/vgg_15_BN_64/con_True_lr_0.01_seed_2
[2018/09/25 11:25:15 __main__ INFO] - Train 75
[2018/09/25 11:25:19 __main__ INFO] - TEST 75
[2018/09/25 11:25:39 __main__ INFO] - - epoch 75    c10h_train    : 0.5988 (acc: 0.9871) | c10h_val    : 0.7972 (acc: 0.9160)
[2018/09/25 11:25:39 __main__ INFO] - -            c10h_train_c10: 0.0028 (acc: 0.9950) | c10h_val_c10: 0.3616 (acc: 0.9180)
[2018/09/25 11:25:39 __main__ INFO] - -            v4            : 0.9263 (acc: 0.8184) |           v6: 0.8405 (acc: 0.8445)
[2018/09/25 11:25:39 __main__ INFO] - -            c10_50k       : 0.0552 (acc: 0.9822)
[2018/09/25 11:25:39 __main__ INFO] - Elapsed 19.85
keys:  dict_keys(['epoch', 'c10h_train_loss', 'c10h_train_acc', 'c10h_val_loss', 'c10h_val_acc', 'c10h_train_c10_loss', 'c10h_train_c10_acc', 'c10h_val_c10_loss', 'c10h_val_c10_acc', 'v4_loss', 'v4_acc', 'v6_loss', 'v6_acc', 'c10_50k_loss', 'c10_50k_acc']) 
 c10h_outdir:  /tigress/ruairidh/model_results/run_1/saves/vgg_15_BN_64/con_True_lr_0.01_seed_2
[2018/09/25 11:25:40 __main__ INFO] - Train 76
[2018/09/25 11:25:44 __main__ INFO] - TEST 76
[2018/09/25 11:26:04 __main__ INFO] - - epoch 76    c10h_train    : 0.6133 (acc: 0.9869) | c10h_val    : 0.8217 (acc: 0.9140)
[2018/09/25 11:26:04 __main__ INFO] - -            c10h_train_c10: 0.0023 (acc: 0.9950) | c10h_val_c10: 0.3816 (acc: 0.9160)
[2018/09/25 11:26:04 __main__ INFO] - -            v4            : 0.9200 (acc: 0.8194) |           v6: 0.8446 (acc: 0.8425)
[2018/09/25 11:26:04 __main__ INFO] - -            c10_50k       : 0.0537 (acc: 0.9826)
[2018/09/25 11:26:04 __main__ INFO] - Elapsed 19.94
keys:  dict_keys(['epoch', 'c10h_train_loss', 'c10h_train_acc', 'c10h_val_loss', 'c10h_val_acc', 'c10h_train_c10_loss', 'c10h_train_c10_acc', 'c10h_val_c10_loss', 'c10h_val_c10_acc', 'v4_loss', 'v4_acc', 'v6_loss', 'v6_acc', 'c10_50k_loss', 'c10_50k_acc']) 
 c10h_outdir:  /tigress/ruairidh/model_results/run_1/saves/vgg_15_BN_64/con_True_lr_0.01_seed_2
[2018/09/25 11:26:04 __main__ INFO] - Train 77
[2018/09/25 11:26:08 __main__ INFO] - TEST 77
[2018/09/25 11:26:28 __main__ INFO] - - epoch 77    c10h_train    : 0.6167 (acc: 0.9870) | c10h_val    : 0.8336 (acc: 0.9150)
[2018/09/25 11:26:28 __main__ INFO] - -            c10h_train_c10: 0.0022 (acc: 0.9951) | c10h_val_c10: 0.3834 (acc: 0.9170)
[2018/09/25 11:26:28 __main__ INFO] - -            v4            : 0.9100 (acc: 0.8323) |           v6: 0.8568 (acc: 0.8360)
[2018/09/25 11:26:28 __main__ INFO] - -            c10_50k       : 0.0533 (acc: 0.9830)
[2018/09/25 11:26:28 __main__ INFO] - Elapsed 19.87
keys:  dict_keys(['epoch', 'c10h_train_loss', 'c10h_train_acc', 'c10h_val_loss', 'c10h_val_acc', 'c10h_train_c10_loss', 'c10h_train_c10_acc', 'c10h_val_c10_loss', 'c10h_val_c10_acc', 'v4_loss', 'v4_acc', 'v6_loss', 'v6_acc', 'c10_50k_loss', 'c10_50k_acc']) 
 c10h_outdir:  /tigress/ruairidh/model_results/run_1/saves/vgg_15_BN_64/con_True_lr_0.01_seed_2
[2018/09/25 11:26:29 __main__ INFO] - Train 78
[2018/09/25 11:26:32 __main__ INFO] - TEST 78
[2018/09/25 11:26:52 __main__ INFO] - - epoch 78    c10h_train    : 0.6050 (acc: 0.9870) | c10h_val    : 0.8100 (acc: 0.9200)
[2018/09/25 11:26:52 __main__ INFO] - -            c10h_train_c10: 0.0020 (acc: 0.9951) | c10h_val_c10: 0.3698 (acc: 0.9220)
[2018/09/25 11:26:52 __main__ INFO] - -            v4            : 0.9139 (acc: 0.8298) |           v6: 0.8459 (acc: 0.8405)
[2018/09/25 11:26:52 __main__ INFO] - -            c10_50k       : 0.0499 (acc: 0.9834)
[2018/09/25 11:26:52 __main__ INFO] - Elapsed 19.88
keys:  dict_keys(['epoch', 'c10h_train_loss', 'c10h_train_acc', 'c10h_val_loss', 'c10h_val_acc', 'c10h_train_c10_loss', 'c10h_train_c10_acc', 'c10h_val_c10_loss', 'c10h_val_c10_acc', 'v4_loss', 'v4_acc', 'v6_loss', 'v6_acc', 'c10_50k_loss', 'c10_50k_acc']) 
 c10h_outdir:  /tigress/ruairidh/model_results/run_1/saves/vgg_15_BN_64/con_True_lr_0.01_seed_2
[2018/09/25 11:26:53 __main__ INFO] - Train 79
[2018/09/25 11:26:57 __main__ INFO] - TEST 79
[2018/09/25 11:27:17 __main__ INFO] - - epoch 79    c10h_train    : 0.6114 (acc: 0.9870) | c10h_val    : 0.8287 (acc: 0.9210)
[2018/09/25 11:27:17 __main__ INFO] - -            c10h_train_c10: 0.0020 (acc: 0.9951) | c10h_val_c10: 0.3821 (acc: 0.9230)
[2018/09/25 11:27:17 __main__ INFO] - -            v4            : 0.8903 (acc: 0.8229) |           v6: 0.8484 (acc: 0.8395)
[2018/09/25 11:27:17 __main__ INFO] - -            c10_50k       : 0.0563 (acc: 0.9824)
[2018/09/25 11:27:17 __main__ INFO] - Elapsed 20.06
keys:  dict_keys(['epoch', 'c10h_train_loss', 'c10h_train_acc', 'c10h_val_loss', 'c10h_val_acc', 'c10h_train_c10_loss', 'c10h_train_c10_acc', 'c10h_val_c10_loss', 'c10h_val_c10_acc', 'v4_loss', 'v4_acc', 'v6_loss', 'v6_acc', 'c10_50k_loss', 'c10_50k_acc']) 
 c10h_outdir:  /tigress/ruairidh/model_results/run_1/saves/vgg_15_BN_64/con_True_lr_0.01_seed_2
[2018/09/25 11:27:18 __main__ INFO] - Train 80
[2018/09/25 11:27:21 __main__ INFO] - TEST 80
[2018/09/25 11:27:41 __main__ INFO] - - epoch 80    c10h_train    : 0.6076 (acc: 0.9871) | c10h_val    : 0.8366 (acc: 0.9180)
[2018/09/25 11:27:42 __main__ INFO] - -            c10h_train_c10: 0.0021 (acc: 0.9950) | c10h_val_c10: 0.3992 (acc: 0.9200)
[2018/09/25 11:27:42 __main__ INFO] - -            v4            : 0.9177 (acc: 0.8258) |           v6: 0.8459 (acc: 0.8390)
[2018/09/25 11:27:42 __main__ INFO] - -            c10_50k       : 0.0558 (acc: 0.9820)
[2018/09/25 11:27:42 __main__ INFO] - Elapsed 20.02
keys:  dict_keys(['epoch', 'c10h_train_loss', 'c10h_train_acc', 'c10h_val_loss', 'c10h_val_acc', 'c10h_train_c10_loss', 'c10h_train_c10_acc', 'c10h_val_c10_loss', 'c10h_val_c10_acc', 'v4_loss', 'v4_acc', 'v6_loss', 'v6_acc', 'c10_50k_loss', 'c10_50k_acc']) 
 c10h_outdir:  /tigress/ruairidh/model_results/run_1/saves/vgg_15_BN_64/con_True_lr_0.01_seed_2
[2018/09/25 11:27:42 __main__ INFO] - Train 81
[2018/09/25 11:27:46 __main__ INFO] - TEST 81
[2018/09/25 11:28:05 __main__ INFO] - - epoch 81    c10h_train    : 0.6131 (acc: 0.9871) | c10h_val    : 0.8387 (acc: 0.9160)
[2018/09/25 11:28:06 __main__ INFO] - -            c10h_train_c10: 0.0018 (acc: 0.9952) | c10h_val_c10: 0.3979 (acc: 0.9180)
[2018/09/25 11:28:06 __main__ INFO] - -            v4            : 0.9256 (acc: 0.8214) |           v6: 0.8483 (acc: 0.8400)
[2018/09/25 11:28:06 __main__ INFO] - -            c10_50k       : 0.0543 (acc: 0.9827)
[2018/09/25 11:28:06 __main__ INFO] - Elapsed 19.83
keys:  dict_keys(['epoch', 'c10h_train_loss', 'c10h_train_acc', 'c10h_val_loss', 'c10h_val_acc', 'c10h_train_c10_loss', 'c10h_train_c10_acc', 'c10h_val_c10_loss', 'c10h_val_c10_acc', 'v4_loss', 'v4_acc', 'v6_loss', 'v6_acc', 'c10_50k_loss', 'c10_50k_acc']) 
 c10h_outdir:  /tigress/ruairidh/model_results/run_1/saves/vgg_15_BN_64/con_True_lr_0.01_seed_2
[2018/09/25 11:28:06 __main__ INFO] - Train 82
[2018/09/25 11:28:10 __main__ INFO] - TEST 82
[2018/09/25 11:28:30 __main__ INFO] - - epoch 82    c10h_train    : 0.6072 (acc: 0.9873) | c10h_val    : 0.8291 (acc: 0.9160)
[2018/09/25 11:28:30 __main__ INFO] - -            c10h_train_c10: 0.0016 (acc: 0.9954) | c10h_val_c10: 0.3914 (acc: 0.9180)
[2018/09/25 11:28:30 __main__ INFO] - -            v4            : 0.9514 (acc: 0.8234) |           v6: 0.8432 (acc: 0.8410)
[2018/09/25 11:28:30 __main__ INFO] - -            c10_50k       : 0.0550 (acc: 0.9820)
[2018/09/25 11:28:30 __main__ INFO] - Elapsed 20.14
keys:  dict_keys(['epoch', 'c10h_train_loss', 'c10h_train_acc', 'c10h_val_loss', 'c10h_val_acc', 'c10h_train_c10_loss', 'c10h_train_c10_acc', 'c10h_val_c10_loss', 'c10h_val_c10_acc', 'v4_loss', 'v4_acc', 'v6_loss', 'v6_acc', 'c10_50k_loss', 'c10_50k_acc']) 
 c10h_outdir:  /tigress/ruairidh/model_results/run_1/saves/vgg_15_BN_64/con_True_lr_0.01_seed_2
[2018/09/25 11:28:31 __main__ INFO] - Train 83
[2018/09/25 11:28:34 __main__ INFO] - TEST 83
[2018/09/25 11:28:54 __main__ INFO] - - epoch 83    c10h_train    : 0.6096 (acc: 0.9872) | c10h_val    : 0.8347 (acc: 0.9190)
[2018/09/25 11:28:54 __main__ INFO] - -            c10h_train_c10: 0.0016 (acc: 0.9953) | c10h_val_c10: 0.3942 (acc: 0.9210)
[2018/09/25 11:28:54 __main__ INFO] - -            v4            : 0.9012 (acc: 0.8278) |           v6: 0.8545 (acc: 0.8365)
[2018/09/25 11:28:54 __main__ INFO] - -            c10_50k       : 0.0542 (acc: 0.9829)
[2018/09/25 11:28:54 __main__ INFO] - Elapsed 19.90
keys:  dict_keys(['epoch', 'c10h_train_loss', 'c10h_train_acc', 'c10h_val_loss', 'c10h_val_acc', 'c10h_train_c10_loss', 'c10h_train_c10_acc', 'c10h_val_c10_loss', 'c10h_val_c10_acc', 'v4_loss', 'v4_acc', 'v6_loss', 'v6_acc', 'c10_50k_loss', 'c10_50k_acc']) 
 c10h_outdir:  /tigress/ruairidh/model_results/run_1/saves/vgg_15_BN_64/con_True_lr_0.01_seed_2
[2018/09/25 11:28:55 __main__ INFO] - Train 84
[2018/09/25 11:28:59 __main__ INFO] - TEST 84
[2018/09/25 11:29:19 __main__ INFO] - - epoch 84    c10h_train    : 0.6147 (acc: 0.9870) | c10h_val    : 0.8348 (acc: 0.9200)
[2018/09/25 11:29:19 __main__ INFO] - -            c10h_train_c10: 0.0020 (acc: 0.9950) | c10h_val_c10: 0.3927 (acc: 0.9220)
[2018/09/25 11:29:19 __main__ INFO] - -            v4            : 0.9432 (acc: 0.8214) |           v6: 0.8484 (acc: 0.8390)
[2018/09/25 11:29:19 __main__ INFO] - -            c10_50k       : 0.0525 (acc: 0.9832)
[2018/09/25 11:29:19 __main__ INFO] - Elapsed 19.85
keys:  dict_keys(['epoch', 'c10h_train_loss', 'c10h_train_acc', 'c10h_val_loss', 'c10h_val_acc', 'c10h_train_c10_loss', 'c10h_train_c10_acc', 'c10h_val_c10_loss', 'c10h_val_c10_acc', 'v4_loss', 'v4_acc', 'v6_loss', 'v6_acc', 'c10_50k_loss', 'c10_50k_acc']) 
 c10h_outdir:  /tigress/ruairidh/model_results/run_1/saves/vgg_15_BN_64/con_True_lr_0.01_seed_2
[2018/09/25 11:29:19 __main__ INFO] - Train 85
[2018/09/25 11:29:23 __main__ INFO] - TEST 85
[2018/09/25 11:29:43 __main__ INFO] - - epoch 85    c10h_train    : 0.6166 (acc: 0.9874) | c10h_val    : 0.8316 (acc: 0.9200)
[2018/09/25 11:29:43 __main__ INFO] - -            c10h_train_c10: 0.0011 (acc: 0.9956) | c10h_val_c10: 0.3916 (acc: 0.9220)
[2018/09/25 11:29:43 __main__ INFO] - -            v4            : 0.9070 (acc: 0.8214) |           v6: 0.8479 (acc: 0.8405)
[2018/09/25 11:29:43 __main__ INFO] - -            c10_50k       : 0.0540 (acc: 0.9831)
[2018/09/25 11:29:43 __main__ INFO] - Elapsed 19.92
keys:  dict_keys(['epoch', 'c10h_train_loss', 'c10h_train_acc', 'c10h_val_loss', 'c10h_val_acc', 'c10h_train_c10_loss', 'c10h_train_c10_acc', 'c10h_val_c10_loss', 'c10h_val_c10_acc', 'v4_loss', 'v4_acc', 'v6_loss', 'v6_acc', 'c10_50k_loss', 'c10_50k_acc']) 
 c10h_outdir:  /tigress/ruairidh/model_results/run_1/saves/vgg_15_BN_64/con_True_lr_0.01_seed_2
[2018/09/25 11:29:44 __main__ INFO] - Train 86
[2018/09/25 11:29:48 __main__ INFO] - TEST 86
[2018/09/25 11:30:08 __main__ INFO] - - epoch 86    c10h_train    : 0.6141 (acc: 0.9874) | c10h_val    : 0.8299 (acc: 0.9170)
[2018/09/25 11:30:08 __main__ INFO] - -            c10h_train_c10: 0.0015 (acc: 0.9954) | c10h_val_c10: 0.3922 (acc: 0.9190)
[2018/09/25 11:30:08 __main__ INFO] - -            v4            : 0.9523 (acc: 0.8224) |           v6: 0.8482 (acc: 0.8380)
[2018/09/25 11:30:08 __main__ INFO] - -            c10_50k       : 0.0525 (acc: 0.9828)
[2018/09/25 11:30:08 __main__ INFO] - Elapsed 19.86
keys:  dict_keys(['epoch', 'c10h_train_loss', 'c10h_train_acc', 'c10h_val_loss', 'c10h_val_acc', 'c10h_train_c10_loss', 'c10h_train_c10_acc', 'c10h_val_c10_loss', 'c10h_val_c10_acc', 'v4_loss', 'v4_acc', 'v6_loss', 'v6_acc', 'c10_50k_loss', 'c10_50k_acc']) 
 c10h_outdir:  /tigress/ruairidh/model_results/run_1/saves/vgg_15_BN_64/con_True_lr_0.01_seed_2
[2018/09/25 11:30:08 __main__ INFO] - Train 87
[2018/09/25 11:30:12 __main__ INFO] - TEST 87
[2018/09/25 11:30:32 __main__ INFO] - - epoch 87    c10h_train    : 0.6011 (acc: 0.9873) | c10h_val    : 0.8305 (acc: 0.9180)
[2018/09/25 11:30:32 __main__ INFO] - -            c10h_train_c10: 0.0016 (acc: 0.9954) | c10h_val_c10: 0.3939 (acc: 0.9200)
[2018/09/25 11:30:32 __main__ INFO] - -            v4            : 0.9054 (acc: 0.8263) |           v6: 0.8458 (acc: 0.8395)
[2018/09/25 11:30:32 __main__ INFO] - -            c10_50k       : 0.0527 (acc: 0.9827)
[2018/09/25 11:30:32 __main__ INFO] - Elapsed 19.86
keys:  dict_keys(['epoch', 'c10h_train_loss', 'c10h_train_acc', 'c10h_val_loss', 'c10h_val_acc', 'c10h_train_c10_loss', 'c10h_train_c10_acc', 'c10h_val_c10_loss', 'c10h_val_c10_acc', 'v4_loss', 'v4_acc', 'v6_loss', 'v6_acc', 'c10_50k_loss', 'c10_50k_acc']) 
 c10h_outdir:  /tigress/ruairidh/model_results/run_1/saves/vgg_15_BN_64/con_True_lr_0.01_seed_2
[2018/09/25 11:30:33 __main__ INFO] - Train 88
[2018/09/25 11:30:37 __main__ INFO] - TEST 88
[2018/09/25 11:30:56 __main__ INFO] - - epoch 88    c10h_train    : 0.6118 (acc: 0.9873) | c10h_val    : 0.8337 (acc: 0.9200)
[2018/09/25 11:30:57 __main__ INFO] - -            c10h_train_c10: 0.0016 (acc: 0.9954) | c10h_val_c10: 0.3939 (acc: 0.9220)
[2018/09/25 11:30:57 __main__ INFO] - -            v4            : 0.9143 (acc: 0.8352) |           v6: 0.8430 (acc: 0.8395)
[2018/09/25 11:30:57 __main__ INFO] - -            c10_50k       : 0.0506 (acc: 0.9839)
[2018/09/25 11:30:57 __main__ INFO] - Elapsed 19.93
keys:  dict_keys(['epoch', 'c10h_train_loss', 'c10h_train_acc', 'c10h_val_loss', 'c10h_val_acc', 'c10h_train_c10_loss', 'c10h_train_c10_acc', 'c10h_val_c10_loss', 'c10h_val_c10_acc', 'v4_loss', 'v4_acc', 'v6_loss', 'v6_acc', 'c10_50k_loss', 'c10_50k_acc']) 
 c10h_outdir:  /tigress/ruairidh/model_results/run_1/saves/vgg_15_BN_64/con_True_lr_0.01_seed_2
[2018/09/25 11:30:57 __main__ INFO] - Train 89
[2018/09/25 11:31:01 __main__ INFO] - TEST 89
[2018/09/25 11:31:21 __main__ INFO] - - epoch 89    c10h_train    : 0.6109 (acc: 0.9870) | c10h_val    : 0.8277 (acc: 0.9210)
[2018/09/25 11:31:21 __main__ INFO] - -            c10h_train_c10: 0.0016 (acc: 0.9951) | c10h_val_c10: 0.3879 (acc: 0.9230)
[2018/09/25 11:31:21 __main__ INFO] - -            v4            : 0.9107 (acc: 0.8253) |           v6: 0.8464 (acc: 0.8385)
[2018/09/25 11:31:21 __main__ INFO] - -            c10_50k       : 0.0528 (acc: 0.9831)
[2018/09/25 11:31:21 __main__ INFO] - Elapsed 19.77
keys:  dict_keys(['epoch', 'c10h_train_loss', 'c10h_train_acc', 'c10h_val_loss', 'c10h_val_acc', 'c10h_train_c10_loss', 'c10h_train_c10_acc', 'c10h_val_c10_loss', 'c10h_val_c10_acc', 'v4_loss', 'v4_acc', 'v6_loss', 'v6_acc', 'c10_50k_loss', 'c10_50k_acc']) 
 c10h_outdir:  /tigress/ruairidh/model_results/run_1/saves/vgg_15_BN_64/con_True_lr_0.01_seed_2
[2018/09/25 11:31:21 __main__ INFO] - Train 90
[2018/09/25 11:31:25 __main__ INFO] - TEST 90
[2018/09/25 11:31:45 __main__ INFO] - - epoch 90    c10h_train    : 0.6135 (acc: 0.9871) | c10h_val    : 0.8314 (acc: 0.9190)
[2018/09/25 11:31:45 __main__ INFO] - -            c10h_train_c10: 0.0015 (acc: 0.9952) | c10h_val_c10: 0.3896 (acc: 0.9210)
[2018/09/25 11:31:45 __main__ INFO] - -            v4            : 0.9464 (acc: 0.8253) |           v6: 0.8393 (acc: 0.8405)
[2018/09/25 11:31:45 __main__ INFO] - -            c10_50k       : 0.0506 (acc: 0.9842)
[2018/09/25 11:31:45 __main__ INFO] - Elapsed 19.72
keys:  dict_keys(['epoch', 'c10h_train_loss', 'c10h_train_acc', 'c10h_val_loss', 'c10h_val_acc', 'c10h_train_c10_loss', 'c10h_train_c10_acc', 'c10h_val_c10_loss', 'c10h_val_c10_acc', 'v4_loss', 'v4_acc', 'v6_loss', 'v6_acc', 'c10_50k_loss', 'c10_50k_acc']) 
 c10h_outdir:  /tigress/ruairidh/model_results/run_1/saves/vgg_15_BN_64/con_True_lr_0.01_seed_2
[2018/09/25 11:31:45 __main__ INFO] - Train 91
[2018/09/25 11:31:49 __main__ INFO] - TEST 91
[2018/09/25 11:32:09 __main__ INFO] - - epoch 91    c10h_train    : 0.6141 (acc: 0.9873) | c10h_val    : 0.8261 (acc: 0.9190)
[2018/09/25 11:32:09 __main__ INFO] - -            c10h_train_c10: 0.0013 (acc: 0.9954) | c10h_val_c10: 0.3866 (acc: 0.9210)
[2018/09/25 11:32:09 __main__ INFO] - -            v4            : 0.9123 (acc: 0.8293) |           v6: 0.8470 (acc: 0.8375)
[2018/09/25 11:32:09 __main__ INFO] - -            c10_50k       : 0.0531 (acc: 0.9829)
[2018/09/25 11:32:09 __main__ INFO] - Elapsed 19.76
keys:  dict_keys(['epoch', 'c10h_train_loss', 'c10h_train_acc', 'c10h_val_loss', 'c10h_val_acc', 'c10h_train_c10_loss', 'c10h_train_c10_acc', 'c10h_val_c10_loss', 'c10h_val_c10_acc', 'v4_loss', 'v4_acc', 'v6_loss', 'v6_acc', 'c10_50k_loss', 'c10_50k_acc']) 
 c10h_outdir:  /tigress/ruairidh/model_results/run_1/saves/vgg_15_BN_64/con_True_lr_0.01_seed_2
[2018/09/25 11:32:10 __main__ INFO] - Train 92
[2018/09/25 11:32:14 __main__ INFO] - TEST 92
[2018/09/25 11:32:33 __main__ INFO] - - epoch 92    c10h_train    : 0.6142 (acc: 0.9873) | c10h_val    : 0.8279 (acc: 0.9210)
[2018/09/25 11:32:33 __main__ INFO] - -            c10h_train_c10: 0.0013 (acc: 0.9954) | c10h_val_c10: 0.3884 (acc: 0.9230)
[2018/09/25 11:32:33 __main__ INFO] - -            v4            : 0.9145 (acc: 0.8352) |           v6: 0.8439 (acc: 0.8385)
[2018/09/25 11:32:33 __main__ INFO] - -            c10_50k       : 0.0500 (acc: 0.9837)
[2018/09/25 11:32:33 __main__ INFO] - Elapsed 19.72
keys:  dict_keys(['epoch', 'c10h_train_loss', 'c10h_train_acc', 'c10h_val_loss', 'c10h_val_acc', 'c10h_train_c10_loss', 'c10h_train_c10_acc', 'c10h_val_c10_loss', 'c10h_val_c10_acc', 'v4_loss', 'v4_acc', 'v6_loss', 'v6_acc', 'c10_50k_loss', 'c10_50k_acc']) 
 c10h_outdir:  /tigress/ruairidh/model_results/run_1/saves/vgg_15_BN_64/con_True_lr_0.01_seed_2
[2018/09/25 11:32:34 __main__ INFO] - Train 93
[2018/09/25 11:32:38 __main__ INFO] - TEST 93
[2018/09/25 11:32:57 __main__ INFO] - - epoch 93    c10h_train    : 0.6120 (acc: 0.9873) | c10h_val    : 0.8313 (acc: 0.9170)
[2018/09/25 11:32:58 __main__ INFO] - -            c10h_train_c10: 0.0013 (acc: 0.9953) | c10h_val_c10: 0.3927 (acc: 0.9190)
[2018/09/25 11:32:58 __main__ INFO] - -            v4            : 0.8815 (acc: 0.8258) |           v6: 0.8477 (acc: 0.8400)
[2018/09/25 11:32:58 __main__ INFO] - -            c10_50k       : 0.0526 (acc: 0.9828)
[2018/09/25 11:32:58 __main__ INFO] - Elapsed 19.88
keys:  dict_keys(['epoch', 'c10h_train_loss', 'c10h_train_acc', 'c10h_val_loss', 'c10h_val_acc', 'c10h_train_c10_loss', 'c10h_train_c10_acc', 'c10h_val_c10_loss', 'c10h_val_c10_acc', 'v4_loss', 'v4_acc', 'v6_loss', 'v6_acc', 'c10_50k_loss', 'c10_50k_acc']) 
 c10h_outdir:  /tigress/ruairidh/model_results/run_1/saves/vgg_15_BN_64/con_True_lr_0.01_seed_2
[2018/09/25 11:32:58 __main__ INFO] - Train 94
[2018/09/25 11:33:02 __main__ INFO] - TEST 94
[2018/09/25 11:33:22 __main__ INFO] - - epoch 94    c10h_train    : 0.6085 (acc: 0.9871) | c10h_val    : 0.8300 (acc: 0.9160)
[2018/09/25 11:33:22 __main__ INFO] - -            c10h_train_c10: 0.0016 (acc: 0.9951) | c10h_val_c10: 0.3918 (acc: 0.9180)
[2018/09/25 11:33:22 __main__ INFO] - -            v4            : 0.9378 (acc: 0.8238) |           v6: 0.8410 (acc: 0.8395)
[2018/09/25 11:33:22 __main__ INFO] - -            c10_50k       : 0.0506 (acc: 0.9832)
[2018/09/25 11:33:22 __main__ INFO] - Elapsed 19.90
keys:  dict_keys(['epoch', 'c10h_train_loss', 'c10h_train_acc', 'c10h_val_loss', 'c10h_val_acc', 'c10h_train_c10_loss', 'c10h_train_c10_acc', 'c10h_val_c10_loss', 'c10h_val_c10_acc', 'v4_loss', 'v4_acc', 'v6_loss', 'v6_acc', 'c10_50k_loss', 'c10_50k_acc']) 
 c10h_outdir:  /tigress/ruairidh/model_results/run_1/saves/vgg_15_BN_64/con_True_lr_0.01_seed_2
[2018/09/25 11:33:23 __main__ INFO] - Train 95
[2018/09/25 11:33:27 __main__ INFO] - TEST 95
[2018/09/25 11:33:47 __main__ INFO] - - epoch 95    c10h_train    : 0.6152 (acc: 0.9872) | c10h_val    : 0.8342 (acc: 0.9160)
[2018/09/25 11:33:47 __main__ INFO] - -            c10h_train_c10: 0.0015 (acc: 0.9953) | c10h_val_c10: 0.3914 (acc: 0.9180)
[2018/09/25 11:33:47 __main__ INFO] - -            v4            : 0.9351 (acc: 0.8283) |           v6: 0.8431 (acc: 0.8425)
[2018/09/25 11:33:47 __main__ INFO] - -            c10_50k       : 0.0517 (acc: 0.9833)
[2018/09/25 11:33:47 __main__ INFO] - Elapsed 19.84
keys:  dict_keys(['epoch', 'c10h_train_loss', 'c10h_train_acc', 'c10h_val_loss', 'c10h_val_acc', 'c10h_train_c10_loss', 'c10h_train_c10_acc', 'c10h_val_c10_loss', 'c10h_val_c10_acc', 'v4_loss', 'v4_acc', 'v6_loss', 'v6_acc', 'c10_50k_loss', 'c10_50k_acc']) 
 c10h_outdir:  /tigress/ruairidh/model_results/run_1/saves/vgg_15_BN_64/con_True_lr_0.01_seed_2
[2018/09/25 11:33:48 __main__ INFO] - Train 96
[2018/09/25 11:33:52 __main__ INFO] - TEST 96
[2018/09/25 11:34:11 __main__ INFO] - - epoch 96    c10h_train    : 0.6107 (acc: 0.9874) | c10h_val    : 0.8320 (acc: 0.9170)
[2018/09/25 11:34:11 __main__ INFO] - -            c10h_train_c10: 0.0010 (acc: 0.9956) | c10h_val_c10: 0.3912 (acc: 0.9190)
[2018/09/25 11:34:11 __main__ INFO] - -            v4            : 0.9254 (acc: 0.8283) |           v6: 0.8442 (acc: 0.8415)
[2018/09/25 11:34:11 __main__ INFO] - -            c10_50k       : 0.0504 (acc: 0.9844)
[2018/09/25 11:34:11 __main__ INFO] - Elapsed 19.89
keys:  dict_keys(['epoch', 'c10h_train_loss', 'c10h_train_acc', 'c10h_val_loss', 'c10h_val_acc', 'c10h_train_c10_loss', 'c10h_train_c10_acc', 'c10h_val_c10_loss', 'c10h_val_c10_acc', 'v4_loss', 'v4_acc', 'v6_loss', 'v6_acc', 'c10_50k_loss', 'c10_50k_acc']) 
 c10h_outdir:  /tigress/ruairidh/model_results/run_1/saves/vgg_15_BN_64/con_True_lr_0.01_seed_2
[2018/09/25 11:34:12 __main__ INFO] - Train 97
[2018/09/25 11:34:16 __main__ INFO] - TEST 97
[2018/09/25 11:34:36 __main__ INFO] - - epoch 97    c10h_train    : 0.6053 (acc: 0.9876) | c10h_val    : 0.8274 (acc: 0.9200)
[2018/09/25 11:34:36 __main__ INFO] - -            c10h_train_c10: 0.0014 (acc: 0.9954) | c10h_val_c10: 0.3860 (acc: 0.9220)
[2018/09/25 11:34:36 __main__ INFO] - -            v4            : 0.9381 (acc: 0.8219) |           v6: 0.8466 (acc: 0.8410)
[2018/09/25 11:34:36 __main__ INFO] - -            c10_50k       : 0.0500 (acc: 0.9836)
[2018/09/25 11:34:36 __main__ INFO] - Elapsed 19.71
keys:  dict_keys(['epoch', 'c10h_train_loss', 'c10h_train_acc', 'c10h_val_loss', 'c10h_val_acc', 'c10h_train_c10_loss', 'c10h_train_c10_acc', 'c10h_val_c10_loss', 'c10h_val_c10_acc', 'v4_loss', 'v4_acc', 'v6_loss', 'v6_acc', 'c10_50k_loss', 'c10_50k_acc']) 
 c10h_outdir:  /tigress/ruairidh/model_results/run_1/saves/vgg_15_BN_64/con_True_lr_0.01_seed_2
[2018/09/25 11:34:39 __main__ INFO] - Train 98
[2018/09/25 11:34:42 __main__ INFO] - TEST 98
[2018/09/25 11:35:02 __main__ INFO] - - epoch 98    c10h_train    : 0.6111 (acc: 0.9874) | c10h_val    : 0.8246 (acc: 0.9180)
[2018/09/25 11:35:02 __main__ INFO] - -            c10h_train_c10: 0.0011 (acc: 0.9956) | c10h_val_c10: 0.3859 (acc: 0.9200)
[2018/09/25 11:35:02 __main__ INFO] - -            v4            : 0.9098 (acc: 0.8318) |           v6: 0.8470 (acc: 0.8435)
[2018/09/25 11:35:02 __main__ INFO] - -            c10_50k       : 0.0532 (acc: 0.9830)
[2018/09/25 11:35:02 __main__ INFO] - Elapsed 19.75
keys:  dict_keys(['epoch', 'c10h_train_loss', 'c10h_train_acc', 'c10h_val_loss', 'c10h_val_acc', 'c10h_train_c10_loss', 'c10h_train_c10_acc', 'c10h_val_c10_loss', 'c10h_val_c10_acc', 'v4_loss', 'v4_acc', 'v6_loss', 'v6_acc', 'c10_50k_loss', 'c10_50k_acc']) 
 c10h_outdir:  /tigress/ruairidh/model_results/run_1/saves/vgg_15_BN_64/con_True_lr_0.01_seed_2
[2018/09/25 11:35:03 __main__ INFO] - Train 99
[2018/09/25 11:35:07 __main__ INFO] - TEST 99
[2018/09/25 11:35:27 __main__ INFO] - - epoch 99    c10h_train    : 0.6152 (acc: 0.9871) | c10h_val    : 0.8362 (acc: 0.9180)
[2018/09/25 11:35:27 __main__ INFO] - -            c10h_train_c10: 0.0016 (acc: 0.9952) | c10h_val_c10: 0.3918 (acc: 0.9200)
[2018/09/25 11:35:27 __main__ INFO] - -            v4            : 0.8548 (acc: 0.8337) |           v6: 0.8492 (acc: 0.8430)
[2018/09/25 11:35:27 __main__ INFO] - -            c10_50k       : 0.0495 (acc: 0.9835)
[2018/09/25 11:35:27 __main__ INFO] - Elapsed 19.74
keys:  dict_keys(['epoch', 'c10h_train_loss', 'c10h_train_acc', 'c10h_val_loss', 'c10h_val_acc', 'c10h_train_c10_loss', 'c10h_train_c10_acc', 'c10h_val_c10_loss', 'c10h_val_c10_acc', 'v4_loss', 'v4_acc', 'v6_loss', 'v6_acc', 'c10_50k_loss', 'c10_50k_acc']) 
 c10h_outdir:  /tigress/ruairidh/model_results/run_1/saves/vgg_15_BN_64/con_True_lr_0.01_seed_2
[2018/09/25 11:35:27 __main__ INFO] - Train 100
[2018/09/25 11:35:31 __main__ INFO] - TEST 100
[2018/09/25 11:35:51 __main__ INFO] - - epoch 100    c10h_train    : 0.6113 (acc: 0.9873) | c10h_val    : 0.8276 (acc: 0.9200)
[2018/09/25 11:35:51 __main__ INFO] - -            c10h_train_c10: 0.0012 (acc: 0.9954) | c10h_val_c10: 0.3864 (acc: 0.9220)
[2018/09/25 11:35:51 __main__ INFO] - -            v4            : 0.9751 (acc: 0.8179) |           v6: 0.8447 (acc: 0.8405)
[2018/09/25 11:35:51 __main__ INFO] - -            c10_50k       : 0.0519 (acc: 0.9837)
[2018/09/25 11:35:51 __main__ INFO] - Elapsed 19.77
keys:  dict_keys(['epoch', 'c10h_train_loss', 'c10h_train_acc', 'c10h_val_loss', 'c10h_val_acc', 'c10h_train_c10_loss', 'c10h_train_c10_acc', 'c10h_val_c10_loss', 'c10h_val_c10_acc', 'v4_loss', 'v4_acc', 'v6_loss', 'v6_acc', 'c10_50k_loss', 'c10_50k_acc']) 
 c10h_outdir:  /tigress/ruairidh/model_results/run_1/saves/vgg_15_BN_64/con_True_lr_0.01_seed_2
inner done
