entering inner script
activating virtual env
vgg_15_BN_64
identifier: con_True_lr_0.01_seed_0
--arch=vgg --c10h_save_interval=2 --dataset=CIFAR10H --no_output --c10h_datasplit_seed=0 --human_tune --nonhuman_control=True --base_lr=0.01
vgg_15_BN_64_control:True_lr:0.01_seed:0.out
entering python script
/tigress/ruairidh/model_results/run_1/vgg_15_BN_64/model_best_state.pth
/tigress/ruairidh/model_results/run_1/saves/vgg_15_BN_64/con_True_lr_0.01_seed_0
Using TensorFlow backend.
[2018/09/25 10:54:34 __main__ INFO] - {
  "model_config": {
    "arch": "vgg",
    "input_shape": [
      1,
      3,
      32,
      32
    ],
    "n_classes": 10,
    "n_channels": [
      64,
      128,
      256,
      512,
      512
    ],
    "n_layers": [
      2,
      2,
      3,
      3,
      3
    ],
    "use_bn": true
  },
  "optim_config": {
    "epochs": 160,
    "batch_size": 128,
    "optimizer": "sgd",
    "base_lr": 0.01,
    "weight_decay": 0.0001,
    "momentum": 0.9,
    "nesterov": true,
    "scheduler": "multistep",
    "milestones": [
      80,
      120
    ],
    "lr_decay": 0.1
  },
  "data_config": {
    "dataset": "CIFAR10H",
    "n_classes": 10,
    "num_workers": 7,
    "batch_size": 128,
    "use_cutout": false,
    "use_random_erasing": false,
    "use_mixup": false,
    "c10h_sample": false,
    "c10h_testsplit_percent": 0.1,
    "c10h_datasplit_seed": 0,
    "use_gpu": true
  },
  "run_config": {
    "seed": 17,
    "test_first": true,
    "gpu": "0",
    "tensorboard": false,
    "tensorboard_train_images": false,
    "tensorboard_test_images": false,
    "tensorboard_model_params": false,
    "resume": "/tigress/ruairidh/model_results/run_1/vgg_15_BN_64/model_best_state.pth",
    "human_tune": true,
    "no_output": true,
    "test_only": false,
    "nonhuman_control": true,
    "c10h_scores_outdir": "/tigress/ruairidh/model_results/run_1/saves/vgg_15_BN_64/con_True_lr_0.01_seed_0",
    "c10h_save_interval": "2",
    "use_gpu": true
  },
  "env_info": {
    "pytorch_version": "0.4.1",
    "cuda_version": "9.0.176",
    "cudnn_version": 7102,
    "gpu0": {
      "name": "Tesla P100-PCIE-16GB",
      "capability": "6.0"
    }
  }
}
Files already downloaded and verified
Files already downloaded and verified
Files already downloaded and verified
Files already downloaded and verified
Files already downloaded and verified
[2018/09/25 10:54:38 __main__ INFO] - Loading model...
[2018/09/25 10:54:38 __main__ INFO] - n_params: 14728266
[2018/09/25 10:54:40 __main__ INFO] - Done
=> loading checkpoint '/tigress/ruairidh/model_results/run_1/vgg_15_BN_64/model_best_state.pth'
=> loaded checkpoint '/tigress/ruairidh/model_results/run_1/vgg_15_BN_64/model_best_state.pth' (epoch 146)
[2018/09/25 10:54:40 __main__ INFO] - TEST 0
[2018/09/25 10:55:04 __main__ INFO] - - epoch 0    c10h_train    : 0.8242 (acc: 0.9186) | c10h_val    : 0.7522 (acc: 0.9340)
[2018/09/25 10:55:04 __main__ INFO] - -            c10h_train_c10: 0.3935 (acc: 0.9196) | c10h_val_c10: 0.3045 (acc: 0.9400)
[2018/09/25 10:55:04 __main__ INFO] - -            v4            : 0.8380 (acc: 0.8342) |           v6: 0.7882 (acc: 0.8535)
[2018/09/25 10:55:04 __main__ INFO] - -            c10_50k       : 0.0021 (acc: 0.9996)
[2018/09/25 10:55:04 __main__ INFO] - Elapsed 23.75
keys:  dict_keys(['epoch', 'c10h_train_loss', 'c10h_train_acc', 'c10h_val_loss', 'c10h_val_acc', 'c10h_train_c10_loss', 'c10h_train_c10_acc', 'c10h_val_c10_loss', 'c10h_val_c10_acc', 'v4_loss', 'v4_acc', 'v6_loss', 'v6_acc', 'c10_50k_loss', 'c10_50k_acc']) 
 c10h_outdir:  /tigress/ruairidh/model_results/run_1/saves/vgg_15_BN_64/con_True_lr_0.01_seed_0
[2018/09/25 10:55:04 __main__ INFO] - Train 1
[2018/09/25 10:55:09 __main__ INFO] - TEST 1
[2018/09/25 10:55:31 __main__ INFO] - - epoch 1    c10h_train    : 0.6146 (acc: 0.9250) | c10h_val    : 0.6663 (acc: 0.9080)
[2018/09/25 10:55:31 __main__ INFO] - -            c10h_train_c10: 0.2481 (acc: 0.9279) | c10h_val_c10: 0.3051 (acc: 0.9120)
[2018/09/25 10:55:31 __main__ INFO] - -            v4            : 0.8308 (acc: 0.8120) |           v6: 0.7551 (acc: 0.8340)
[2018/09/25 10:55:31 __main__ INFO] - -            c10_50k       : 0.0321 (acc: 0.9889)
[2018/09/25 10:55:31 __main__ INFO] - Elapsed 21.83
keys:  dict_keys(['epoch', 'c10h_train_loss', 'c10h_train_acc', 'c10h_val_loss', 'c10h_val_acc', 'c10h_train_c10_loss', 'c10h_train_c10_acc', 'c10h_val_c10_loss', 'c10h_val_c10_acc', 'v4_loss', 'v4_acc', 'v6_loss', 'v6_acc', 'c10_50k_loss', 'c10_50k_acc']) 
 c10h_outdir:  /tigress/ruairidh/model_results/run_1/saves/vgg_15_BN_64/con_True_lr_0.01_seed_0
[2018/09/25 10:55:31 __main__ INFO] - Train 2
[2018/09/25 10:55:36 __main__ INFO] - TEST 2
[2018/09/25 10:55:57 __main__ INFO] - - epoch 2    c10h_train    : 0.4898 (acc: 0.9422) | c10h_val    : 0.5765 (acc: 0.9140)
[2018/09/25 10:55:58 __main__ INFO] - -            c10h_train_c10: 0.1619 (acc: 0.9449) | c10h_val_c10: 0.2670 (acc: 0.9180)
[2018/09/25 10:55:58 __main__ INFO] - -            v4            : 0.6973 (acc: 0.8248) |           v6: 0.6566 (acc: 0.8380)
[2018/09/25 10:55:58 __main__ INFO] - -            c10_50k       : 0.0312 (acc: 0.9906)
[2018/09/25 10:55:58 __main__ INFO] - Elapsed 21.91
keys:  dict_keys(['epoch', 'c10h_train_loss', 'c10h_train_acc', 'c10h_val_loss', 'c10h_val_acc', 'c10h_train_c10_loss', 'c10h_train_c10_acc', 'c10h_val_c10_loss', 'c10h_val_c10_acc', 'v4_loss', 'v4_acc', 'v6_loss', 'v6_acc', 'c10_50k_loss', 'c10_50k_acc']) 
 c10h_outdir:  /tigress/ruairidh/model_results/run_1/saves/vgg_15_BN_64/con_True_lr_0.01_seed_0
[2018/09/25 10:55:58 __main__ INFO] - Train 3
[2018/09/25 10:56:02 __main__ INFO] - TEST 3
[2018/09/25 10:56:24 __main__ INFO] - - epoch 3    c10h_train    : 0.4318 (acc: 0.9456) | c10h_val    : 0.5201 (acc: 0.9260)
[2018/09/25 10:56:24 __main__ INFO] - -            c10h_train_c10: 0.1384 (acc: 0.9498) | c10h_val_c10: 0.2424 (acc: 0.9300)
[2018/09/25 10:56:24 __main__ INFO] - -            v4            : 0.6899 (acc: 0.8194) |           v6: 0.5986 (acc: 0.8410)
[2018/09/25 10:56:24 __main__ INFO] - -            c10_50k       : 0.0388 (acc: 0.9894)
[2018/09/25 10:56:24 __main__ INFO] - Elapsed 21.93
keys:  dict_keys(['epoch', 'c10h_train_loss', 'c10h_train_acc', 'c10h_val_loss', 'c10h_val_acc', 'c10h_train_c10_loss', 'c10h_train_c10_acc', 'c10h_val_c10_loss', 'c10h_val_c10_acc', 'v4_loss', 'v4_acc', 'v6_loss', 'v6_acc', 'c10_50k_loss', 'c10_50k_acc']) 
 c10h_outdir:  /tigress/ruairidh/model_results/run_1/saves/vgg_15_BN_64/con_True_lr_0.01_seed_0
[2018/09/25 10:56:24 __main__ INFO] - Train 4
[2018/09/25 10:56:28 __main__ INFO] - TEST 4
[2018/09/25 10:56:50 __main__ INFO] - - epoch 4    c10h_train    : 0.4308 (acc: 0.9522) | c10h_val    : 0.5370 (acc: 0.9250)
[2018/09/25 10:56:50 __main__ INFO] - -            c10h_train_c10: 0.1153 (acc: 0.9566) | c10h_val_c10: 0.2462 (acc: 0.9280)
[2018/09/25 10:56:50 __main__ INFO] - -            v4            : 0.6315 (acc: 0.8278) |           v6: 0.5695 (acc: 0.8460)
[2018/09/25 10:56:50 __main__ INFO] - -            c10_50k       : 0.0316 (acc: 0.9911)
[2018/09/25 10:56:50 __main__ INFO] - Elapsed 21.90
keys:  dict_keys(['epoch', 'c10h_train_loss', 'c10h_train_acc', 'c10h_val_loss', 'c10h_val_acc', 'c10h_train_c10_loss', 'c10h_train_c10_acc', 'c10h_val_c10_loss', 'c10h_val_c10_acc', 'v4_loss', 'v4_acc', 'v6_loss', 'v6_acc', 'c10_50k_loss', 'c10_50k_acc']) 
 c10h_outdir:  /tigress/ruairidh/model_results/run_1/saves/vgg_15_BN_64/con_True_lr_0.01_seed_0
[2018/09/25 10:56:50 __main__ INFO] - Train 5
[2018/09/25 10:56:55 __main__ INFO] - TEST 5
[2018/09/25 10:57:16 __main__ INFO] - - epoch 5    c10h_train    : 0.4250 (acc: 0.9559) | c10h_val    : 0.5384 (acc: 0.9180)
[2018/09/25 10:57:17 __main__ INFO] - -            c10h_train_c10: 0.1030 (acc: 0.9612) | c10h_val_c10: 0.2499 (acc: 0.9210)
[2018/09/25 10:57:17 __main__ INFO] - -            v4            : 0.6240 (acc: 0.8234) |           v6: 0.5817 (acc: 0.8400)
[2018/09/25 10:57:17 __main__ INFO] - -            c10_50k       : 0.0359 (acc: 0.9898)
[2018/09/25 10:57:17 __main__ INFO] - Elapsed 21.88
keys:  dict_keys(['epoch', 'c10h_train_loss', 'c10h_train_acc', 'c10h_val_loss', 'c10h_val_acc', 'c10h_train_c10_loss', 'c10h_train_c10_acc', 'c10h_val_c10_loss', 'c10h_val_c10_acc', 'v4_loss', 'v4_acc', 'v6_loss', 'v6_acc', 'c10_50k_loss', 'c10_50k_acc']) 
 c10h_outdir:  /tigress/ruairidh/model_results/run_1/saves/vgg_15_BN_64/con_True_lr_0.01_seed_0
[2018/09/25 10:57:17 __main__ INFO] - Train 6
[2018/09/25 10:57:21 __main__ INFO] - TEST 6
[2018/09/25 10:57:43 __main__ INFO] - - epoch 6    c10h_train    : 0.4015 (acc: 0.9631) | c10h_val    : 0.5160 (acc: 0.9220)
[2018/09/25 10:57:43 __main__ INFO] - -            c10h_train_c10: 0.0867 (acc: 0.9681) | c10h_val_c10: 0.2364 (acc: 0.9290)
[2018/09/25 10:57:43 __main__ INFO] - -            v4            : 0.6371 (acc: 0.8204) |           v6: 0.5939 (acc: 0.8375)
[2018/09/25 10:57:43 __main__ INFO] - -            c10_50k       : 0.0324 (acc: 0.9909)
[2018/09/25 10:57:43 __main__ INFO] - Elapsed 21.92
keys:  dict_keys(['epoch', 'c10h_train_loss', 'c10h_train_acc', 'c10h_val_loss', 'c10h_val_acc', 'c10h_train_c10_loss', 'c10h_train_c10_acc', 'c10h_val_c10_loss', 'c10h_val_c10_acc', 'v4_loss', 'v4_acc', 'v6_loss', 'v6_acc', 'c10_50k_loss', 'c10_50k_acc']) 
 c10h_outdir:  /tigress/ruairidh/model_results/run_1/saves/vgg_15_BN_64/con_True_lr_0.01_seed_0
[2018/09/25 10:57:44 __main__ INFO] - Train 7
[2018/09/25 10:57:48 __main__ INFO] - TEST 7
[2018/09/25 10:58:10 __main__ INFO] - - epoch 7    c10h_train    : 0.4101 (acc: 0.9639) | c10h_val    : 0.5353 (acc: 0.9250)
[2018/09/25 10:58:10 __main__ INFO] - -            c10h_train_c10: 0.0793 (acc: 0.9697) | c10h_val_c10: 0.2393 (acc: 0.9290)
[2018/09/25 10:58:10 __main__ INFO] - -            v4            : 0.6151 (acc: 0.8308) |           v6: 0.5857 (acc: 0.8400)
[2018/09/25 10:58:10 __main__ INFO] - -            c10_50k       : 0.0318 (acc: 0.9905)
[2018/09/25 10:58:10 __main__ INFO] - Elapsed 21.89
keys:  dict_keys(['epoch', 'c10h_train_loss', 'c10h_train_acc', 'c10h_val_loss', 'c10h_val_acc', 'c10h_train_c10_loss', 'c10h_train_c10_acc', 'c10h_val_c10_loss', 'c10h_val_c10_acc', 'v4_loss', 'v4_acc', 'v6_loss', 'v6_acc', 'c10_50k_loss', 'c10_50k_acc']) 
 c10h_outdir:  /tigress/ruairidh/model_results/run_1/saves/vgg_15_BN_64/con_True_lr_0.01_seed_0
[2018/09/25 10:58:10 __main__ INFO] - Train 8
[2018/09/25 10:58:14 __main__ INFO] - TEST 8
[2018/09/25 10:58:36 __main__ INFO] - - epoch 8    c10h_train    : 0.4052 (acc: 0.9680) | c10h_val    : 0.5534 (acc: 0.9220)
[2018/09/25 10:58:36 __main__ INFO] - -            c10h_train_c10: 0.0703 (acc: 0.9736) | c10h_val_c10: 0.2625 (acc: 0.9250)
[2018/09/25 10:58:36 __main__ INFO] - -            v4            : 0.6512 (acc: 0.8243) |           v6: 0.6188 (acc: 0.8350)
[2018/09/25 10:58:36 __main__ INFO] - -            c10_50k       : 0.0368 (acc: 0.9883)
[2018/09/25 10:58:36 __main__ INFO] - Elapsed 22.00
keys:  dict_keys(['epoch', 'c10h_train_loss', 'c10h_train_acc', 'c10h_val_loss', 'c10h_val_acc', 'c10h_train_c10_loss', 'c10h_train_c10_acc', 'c10h_val_c10_loss', 'c10h_val_c10_acc', 'v4_loss', 'v4_acc', 'v6_loss', 'v6_acc', 'c10_50k_loss', 'c10_50k_acc']) 
 c10h_outdir:  /tigress/ruairidh/model_results/run_1/saves/vgg_15_BN_64/con_True_lr_0.01_seed_0
[2018/09/25 10:58:37 __main__ INFO] - Train 9
[2018/09/25 10:58:41 __main__ INFO] - TEST 9
[2018/09/25 10:59:03 __main__ INFO] - - epoch 9    c10h_train    : 0.4173 (acc: 0.9686) | c10h_val    : 0.5630 (acc: 0.9190)
[2018/09/25 10:59:03 __main__ INFO] - -            c10h_train_c10: 0.0622 (acc: 0.9747) | c10h_val_c10: 0.2563 (acc: 0.9250)
[2018/09/25 10:59:03 __main__ INFO] - -            v4            : 0.7111 (acc: 0.8080) |           v6: 0.6397 (acc: 0.8340)
[2018/09/25 10:59:03 __main__ INFO] - -            c10_50k       : 0.0371 (acc: 0.9882)
[2018/09/25 10:59:03 __main__ INFO] - Elapsed 21.96
keys:  dict_keys(['epoch', 'c10h_train_loss', 'c10h_train_acc', 'c10h_val_loss', 'c10h_val_acc', 'c10h_train_c10_loss', 'c10h_train_c10_acc', 'c10h_val_c10_loss', 'c10h_val_c10_acc', 'v4_loss', 'v4_acc', 'v6_loss', 'v6_acc', 'c10_50k_loss', 'c10_50k_acc']) 
 c10h_outdir:  /tigress/ruairidh/model_results/run_1/saves/vgg_15_BN_64/con_True_lr_0.01_seed_0
[2018/09/25 10:59:03 __main__ INFO] - Train 10
[2018/09/25 10:59:08 __main__ INFO] - TEST 10
[2018/09/25 10:59:29 __main__ INFO] - - epoch 10    c10h_train    : 0.4090 (acc: 0.9727) | c10h_val    : 0.5573 (acc: 0.9180)
[2018/09/25 10:59:30 __main__ INFO] - -            c10h_train_c10: 0.0525 (acc: 0.9788) | c10h_val_c10: 0.2519 (acc: 0.9250)
[2018/09/25 10:59:30 __main__ INFO] - -            v4            : 0.6852 (acc: 0.8169) |           v6: 0.6273 (acc: 0.8335)
[2018/09/25 10:59:30 __main__ INFO] - -            c10_50k       : 0.0344 (acc: 0.9889)
[2018/09/25 10:59:30 __main__ INFO] - Elapsed 21.88
keys:  dict_keys(['epoch', 'c10h_train_loss', 'c10h_train_acc', 'c10h_val_loss', 'c10h_val_acc', 'c10h_train_c10_loss', 'c10h_train_c10_acc', 'c10h_val_c10_loss', 'c10h_val_c10_acc', 'v4_loss', 'v4_acc', 'v6_loss', 'v6_acc', 'c10_50k_loss', 'c10_50k_acc']) 
 c10h_outdir:  /tigress/ruairidh/model_results/run_1/saves/vgg_15_BN_64/con_True_lr_0.01_seed_0
[2018/09/25 10:59:31 __main__ INFO] - Train 11
[2018/09/25 10:59:35 __main__ INFO] - TEST 11
[2018/09/25 10:59:57 __main__ INFO] - - epoch 11    c10h_train    : 0.4092 (acc: 0.9751) | c10h_val    : 0.5674 (acc: 0.9200)
[2018/09/25 10:59:57 __main__ INFO] - -            c10h_train_c10: 0.0459 (acc: 0.9817) | c10h_val_c10: 0.2624 (acc: 0.9270)
[2018/09/25 10:59:57 __main__ INFO] - -            v4            : 0.6814 (acc: 0.8219) |           v6: 0.6227 (acc: 0.8365)
[2018/09/25 10:59:57 __main__ INFO] - -            c10_50k       : 0.0387 (acc: 0.9872)
[2018/09/25 10:59:57 __main__ INFO] - Elapsed 21.91
keys:  dict_keys(['epoch', 'c10h_train_loss', 'c10h_train_acc', 'c10h_val_loss', 'c10h_val_acc', 'c10h_train_c10_loss', 'c10h_train_c10_acc', 'c10h_val_c10_loss', 'c10h_val_c10_acc', 'v4_loss', 'v4_acc', 'v6_loss', 'v6_acc', 'c10_50k_loss', 'c10_50k_acc']) 
 c10h_outdir:  /tigress/ruairidh/model_results/run_1/saves/vgg_15_BN_64/con_True_lr_0.01_seed_0
[2018/09/25 10:59:57 __main__ INFO] - Train 12
[2018/09/25 11:00:01 __main__ INFO] - TEST 12
[2018/09/25 11:00:23 __main__ INFO] - - epoch 12    c10h_train    : 0.4223 (acc: 0.9756) | c10h_val    : 0.6044 (acc: 0.9200)
[2018/09/25 11:00:23 __main__ INFO] - -            c10h_train_c10: 0.0447 (acc: 0.9813) | c10h_val_c10: 0.2975 (acc: 0.9250)
[2018/09/25 11:00:23 __main__ INFO] - -            v4            : 0.7119 (acc: 0.8253) |           v6: 0.6423 (acc: 0.8345)
[2018/09/25 11:00:23 __main__ INFO] - -            c10_50k       : 0.0381 (acc: 0.9874)
[2018/09/25 11:00:23 __main__ INFO] - Elapsed 21.81
keys:  dict_keys(['epoch', 'c10h_train_loss', 'c10h_train_acc', 'c10h_val_loss', 'c10h_val_acc', 'c10h_train_c10_loss', 'c10h_train_c10_acc', 'c10h_val_c10_loss', 'c10h_val_c10_acc', 'v4_loss', 'v4_acc', 'v6_loss', 'v6_acc', 'c10_50k_loss', 'c10_50k_acc']) 
 c10h_outdir:  /tigress/ruairidh/model_results/run_1/saves/vgg_15_BN_64/con_True_lr_0.01_seed_0
[2018/09/25 11:00:24 __main__ INFO] - Train 13
[2018/09/25 11:00:28 __main__ INFO] - TEST 13
[2018/09/25 11:00:50 __main__ INFO] - - epoch 13    c10h_train    : 0.4288 (acc: 0.9770) | c10h_val    : 0.5979 (acc: 0.9170)
[2018/09/25 11:00:50 __main__ INFO] - -            c10h_train_c10: 0.0393 (acc: 0.9841) | c10h_val_c10: 0.2873 (acc: 0.9220)
[2018/09/25 11:00:50 __main__ INFO] - -            v4            : 0.7126 (acc: 0.8199) |           v6: 0.6490 (acc: 0.8390)
[2018/09/25 11:00:50 __main__ INFO] - -            c10_50k       : 0.0393 (acc: 0.9863)
[2018/09/25 11:00:50 __main__ INFO] - Elapsed 21.90
keys:  dict_keys(['epoch', 'c10h_train_loss', 'c10h_train_acc', 'c10h_val_loss', 'c10h_val_acc', 'c10h_train_c10_loss', 'c10h_train_c10_acc', 'c10h_val_c10_loss', 'c10h_val_c10_acc', 'v4_loss', 'v4_acc', 'v6_loss', 'v6_acc', 'c10_50k_loss', 'c10_50k_acc']) 
 c10h_outdir:  /tigress/ruairidh/model_results/run_1/saves/vgg_15_BN_64/con_True_lr_0.01_seed_0
[2018/09/25 11:00:50 __main__ INFO] - Train 14
[2018/09/25 11:00:54 __main__ INFO] - TEST 14
[2018/09/25 11:01:16 __main__ INFO] - - epoch 14    c10h_train    : 0.4398 (acc: 0.9779) | c10h_val    : 0.6152 (acc: 0.9200)
[2018/09/25 11:01:16 __main__ INFO] - -            c10h_train_c10: 0.0349 (acc: 0.9848) | c10h_val_c10: 0.2899 (acc: 0.9230)
[2018/09/25 11:01:16 __main__ INFO] - -            v4            : 0.7260 (acc: 0.8234) |           v6: 0.6573 (acc: 0.8415)
[2018/09/25 11:01:16 __main__ INFO] - -            c10_50k       : 0.0382 (acc: 0.9873)
[2018/09/25 11:01:16 __main__ INFO] - Elapsed 22.03
keys:  dict_keys(['epoch', 'c10h_train_loss', 'c10h_train_acc', 'c10h_val_loss', 'c10h_val_acc', 'c10h_train_c10_loss', 'c10h_train_c10_acc', 'c10h_val_c10_loss', 'c10h_val_c10_acc', 'v4_loss', 'v4_acc', 'v6_loss', 'v6_acc', 'c10_50k_loss', 'c10_50k_acc']) 
 c10h_outdir:  /tigress/ruairidh/model_results/run_1/saves/vgg_15_BN_64/con_True_lr_0.01_seed_0
[2018/09/25 11:01:16 __main__ INFO] - Train 15
[2018/09/25 11:01:21 __main__ INFO] - TEST 15
[2018/09/25 11:01:42 __main__ INFO] - - epoch 15    c10h_train    : 0.4462 (acc: 0.9786) | c10h_val    : 0.6213 (acc: 0.9190)
[2018/09/25 11:01:42 __main__ INFO] - -            c10h_train_c10: 0.0331 (acc: 0.9852) | c10h_val_c10: 0.2877 (acc: 0.9240)
[2018/09/25 11:01:42 __main__ INFO] - -            v4            : 0.7513 (acc: 0.8135) |           v6: 0.6926 (acc: 0.8410)
[2018/09/25 11:01:42 __main__ INFO] - -            c10_50k       : 0.0363 (acc: 0.9871)
[2018/09/25 11:01:42 __main__ INFO] - Elapsed 21.87
keys:  dict_keys(['epoch', 'c10h_train_loss', 'c10h_train_acc', 'c10h_val_loss', 'c10h_val_acc', 'c10h_train_c10_loss', 'c10h_train_c10_acc', 'c10h_val_c10_loss', 'c10h_val_c10_acc', 'v4_loss', 'v4_acc', 'v6_loss', 'v6_acc', 'c10_50k_loss', 'c10_50k_acc']) 
 c10h_outdir:  /tigress/ruairidh/model_results/run_1/saves/vgg_15_BN_64/con_True_lr_0.01_seed_0
[2018/09/25 11:01:43 __main__ INFO] - Train 16
[2018/09/25 11:01:47 __main__ INFO] - TEST 16
[2018/09/25 11:02:09 __main__ INFO] - - epoch 16    c10h_train    : 0.4457 (acc: 0.9803) | c10h_val    : 0.6400 (acc: 0.9180)
[2018/09/25 11:02:09 __main__ INFO] - -            c10h_train_c10: 0.0289 (acc: 0.9870) | c10h_val_c10: 0.3095 (acc: 0.9220)
[2018/09/25 11:02:09 __main__ INFO] - -            v4            : 0.7455 (acc: 0.8238) |           v6: 0.6788 (acc: 0.8415)
[2018/09/25 11:02:09 __main__ INFO] - -            c10_50k       : 0.0393 (acc: 0.9858)
[2018/09/25 11:02:09 __main__ INFO] - Elapsed 22.06
keys:  dict_keys(['epoch', 'c10h_train_loss', 'c10h_train_acc', 'c10h_val_loss', 'c10h_val_acc', 'c10h_train_c10_loss', 'c10h_train_c10_acc', 'c10h_val_c10_loss', 'c10h_val_c10_acc', 'v4_loss', 'v4_acc', 'v6_loss', 'v6_acc', 'c10_50k_loss', 'c10_50k_acc']) 
 c10h_outdir:  /tigress/ruairidh/model_results/run_1/saves/vgg_15_BN_64/con_True_lr_0.01_seed_0
[2018/09/25 11:02:10 __main__ INFO] - Train 17
[2018/09/25 11:02:14 __main__ INFO] - TEST 17
[2018/09/25 11:02:36 __main__ INFO] - - epoch 17    c10h_train    : 0.4472 (acc: 0.9800) | c10h_val    : 0.6321 (acc: 0.9230)
[2018/09/25 11:02:36 __main__ INFO] - -            c10h_train_c10: 0.0289 (acc: 0.9870) | c10h_val_c10: 0.2992 (acc: 0.9280)
[2018/09/25 11:02:36 __main__ INFO] - -            v4            : 0.7812 (acc: 0.8209) |           v6: 0.6609 (acc: 0.8460)
[2018/09/25 11:02:36 __main__ INFO] - -            c10_50k       : 0.0389 (acc: 0.9860)
[2018/09/25 11:02:36 __main__ INFO] - Elapsed 21.98
keys:  dict_keys(['epoch', 'c10h_train_loss', 'c10h_train_acc', 'c10h_val_loss', 'c10h_val_acc', 'c10h_train_c10_loss', 'c10h_train_c10_acc', 'c10h_val_c10_loss', 'c10h_val_c10_acc', 'v4_loss', 'v4_acc', 'v6_loss', 'v6_acc', 'c10_50k_loss', 'c10_50k_acc']) 
 c10h_outdir:  /tigress/ruairidh/model_results/run_1/saves/vgg_15_BN_64/con_True_lr_0.01_seed_0
[2018/09/25 11:02:36 __main__ INFO] - Train 18
[2018/09/25 11:02:40 __main__ INFO] - TEST 18
[2018/09/25 11:03:02 __main__ INFO] - - epoch 18    c10h_train    : 0.4455 (acc: 0.9804) | c10h_val    : 0.6273 (acc: 0.9190)
[2018/09/25 11:03:02 __main__ INFO] - -            c10h_train_c10: 0.0261 (acc: 0.9877) | c10h_val_c10: 0.2960 (acc: 0.9240)
[2018/09/25 11:03:02 __main__ INFO] - -            v4            : 0.7662 (acc: 0.8115) |           v6: 0.6801 (acc: 0.8435)
[2018/09/25 11:03:02 __main__ INFO] - -            c10_50k       : 0.0407 (acc: 0.9854)
[2018/09/25 11:03:02 __main__ INFO] - Elapsed 21.78
keys:  dict_keys(['epoch', 'c10h_train_loss', 'c10h_train_acc', 'c10h_val_loss', 'c10h_val_acc', 'c10h_train_c10_loss', 'c10h_train_c10_acc', 'c10h_val_c10_loss', 'c10h_val_c10_acc', 'v4_loss', 'v4_acc', 'v6_loss', 'v6_acc', 'c10_50k_loss', 'c10_50k_acc']) 
 c10h_outdir:  /tigress/ruairidh/model_results/run_1/saves/vgg_15_BN_64/con_True_lr_0.01_seed_0
[2018/09/25 11:03:03 __main__ INFO] - Train 19
[2018/09/25 11:03:07 __main__ INFO] - TEST 19
[2018/09/25 11:03:29 __main__ INFO] - - epoch 19    c10h_train    : 0.4567 (acc: 0.9824) | c10h_val    : 0.6370 (acc: 0.9220)
[2018/09/25 11:03:29 __main__ INFO] - -            c10h_train_c10: 0.0195 (acc: 0.9896) | c10h_val_c10: 0.2990 (acc: 0.9270)
[2018/09/25 11:03:29 __main__ INFO] - -            v4            : 0.7767 (acc: 0.8194) |           v6: 0.6931 (acc: 0.8385)
[2018/09/25 11:03:29 __main__ INFO] - -            c10_50k       : 0.0403 (acc: 0.9859)
[2018/09/25 11:03:29 __main__ INFO] - Elapsed 22.00
keys:  dict_keys(['epoch', 'c10h_train_loss', 'c10h_train_acc', 'c10h_val_loss', 'c10h_val_acc', 'c10h_train_c10_loss', 'c10h_train_c10_acc', 'c10h_val_c10_loss', 'c10h_val_c10_acc', 'v4_loss', 'v4_acc', 'v6_loss', 'v6_acc', 'c10_50k_loss', 'c10_50k_acc']) 
 c10h_outdir:  /tigress/ruairidh/model_results/run_1/saves/vgg_15_BN_64/con_True_lr_0.01_seed_0
[2018/09/25 11:03:30 __main__ INFO] - Train 20
[2018/09/25 11:03:34 __main__ INFO] - TEST 20
[2018/09/25 11:03:56 __main__ INFO] - - epoch 20    c10h_train    : 0.4591 (acc: 0.9822) | c10h_val    : 0.6533 (acc: 0.9210)
[2018/09/25 11:03:56 __main__ INFO] - -            c10h_train_c10: 0.0201 (acc: 0.9896) | c10h_val_c10: 0.3164 (acc: 0.9250)
[2018/09/25 11:03:56 __main__ INFO] - -            v4            : 0.8232 (acc: 0.8179) |           v6: 0.6827 (acc: 0.8380)
[2018/09/25 11:03:56 __main__ INFO] - -            c10_50k       : 0.0426 (acc: 0.9844)
[2018/09/25 11:03:56 __main__ INFO] - Elapsed 21.94
keys:  dict_keys(['epoch', 'c10h_train_loss', 'c10h_train_acc', 'c10h_val_loss', 'c10h_val_acc', 'c10h_train_c10_loss', 'c10h_train_c10_acc', 'c10h_val_c10_loss', 'c10h_val_c10_acc', 'v4_loss', 'v4_acc', 'v6_loss', 'v6_acc', 'c10_50k_loss', 'c10_50k_acc']) 
 c10h_outdir:  /tigress/ruairidh/model_results/run_1/saves/vgg_15_BN_64/con_True_lr_0.01_seed_0
[2018/09/25 11:03:56 __main__ INFO] - Train 21
[2018/09/25 11:04:01 __main__ INFO] - TEST 21
[2018/09/25 11:04:22 __main__ INFO] - - epoch 21    c10h_train    : 0.4659 (acc: 0.9821) | c10h_val    : 0.6486 (acc: 0.9220)
[2018/09/25 11:04:22 __main__ INFO] - -            c10h_train_c10: 0.0207 (acc: 0.9892) | c10h_val_c10: 0.3011 (acc: 0.9260)
[2018/09/25 11:04:22 __main__ INFO] - -            v4            : 0.7579 (acc: 0.8258) |           v6: 0.6969 (acc: 0.8405)
[2018/09/25 11:04:22 __main__ INFO] - -            c10_50k       : 0.0433 (acc: 0.9849)
[2018/09/25 11:04:22 __main__ INFO] - Elapsed 21.84
keys:  dict_keys(['epoch', 'c10h_train_loss', 'c10h_train_acc', 'c10h_val_loss', 'c10h_val_acc', 'c10h_train_c10_loss', 'c10h_train_c10_acc', 'c10h_val_c10_loss', 'c10h_val_c10_acc', 'v4_loss', 'v4_acc', 'v6_loss', 'v6_acc', 'c10_50k_loss', 'c10_50k_acc']) 
 c10h_outdir:  /tigress/ruairidh/model_results/run_1/saves/vgg_15_BN_64/con_True_lr_0.01_seed_0
[2018/09/25 11:04:23 __main__ INFO] - Train 22
[2018/09/25 11:04:27 __main__ INFO] - TEST 22
[2018/09/25 11:04:49 __main__ INFO] - - epoch 22    c10h_train    : 0.4777 (acc: 0.9824) | c10h_val    : 0.6625 (acc: 0.9230)
[2018/09/25 11:04:49 __main__ INFO] - -            c10h_train_c10: 0.0180 (acc: 0.9899) | c10h_val_c10: 0.3064 (acc: 0.9260)
[2018/09/25 11:04:49 __main__ INFO] - -            v4            : 0.7774 (acc: 0.8149) |           v6: 0.7108 (acc: 0.8395)
[2018/09/25 11:04:49 __main__ INFO] - -            c10_50k       : 0.0447 (acc: 0.9840)
[2018/09/25 11:04:49 __main__ INFO] - Elapsed 21.81
keys:  dict_keys(['epoch', 'c10h_train_loss', 'c10h_train_acc', 'c10h_val_loss', 'c10h_val_acc', 'c10h_train_c10_loss', 'c10h_train_c10_acc', 'c10h_val_c10_loss', 'c10h_val_c10_acc', 'v4_loss', 'v4_acc', 'v6_loss', 'v6_acc', 'c10_50k_loss', 'c10_50k_acc']) 
 c10h_outdir:  /tigress/ruairidh/model_results/run_1/saves/vgg_15_BN_64/con_True_lr_0.01_seed_0
[2018/09/25 11:04:49 __main__ INFO] - Train 23
[2018/09/25 11:04:53 __main__ INFO] - TEST 23
[2018/09/25 11:05:15 __main__ INFO] - - epoch 23    c10h_train    : 0.4759 (acc: 0.9832) | c10h_val    : 0.6667 (acc: 0.9200)
[2018/09/25 11:05:15 __main__ INFO] - -            c10h_train_c10: 0.0176 (acc: 0.9904) | c10h_val_c10: 0.3190 (acc: 0.9230)
[2018/09/25 11:05:15 __main__ INFO] - -            v4            : 0.7970 (acc: 0.8199) |           v6: 0.7257 (acc: 0.8450)
[2018/09/25 11:05:15 __main__ INFO] - -            c10_50k       : 0.0442 (acc: 0.9848)
[2018/09/25 11:05:15 __main__ INFO] - Elapsed 22.04
keys:  dict_keys(['epoch', 'c10h_train_loss', 'c10h_train_acc', 'c10h_val_loss', 'c10h_val_acc', 'c10h_train_c10_loss', 'c10h_train_c10_acc', 'c10h_val_c10_loss', 'c10h_val_c10_acc', 'v4_loss', 'v4_acc', 'v6_loss', 'v6_acc', 'c10_50k_loss', 'c10_50k_acc']) 
 c10h_outdir:  /tigress/ruairidh/model_results/run_1/saves/vgg_15_BN_64/con_True_lr_0.01_seed_0
[2018/09/25 11:05:16 __main__ INFO] - Train 24
[2018/09/25 11:05:20 __main__ INFO] - TEST 24
[2018/09/25 11:05:42 __main__ INFO] - - epoch 24    c10h_train    : 0.4805 (acc: 0.9831) | c10h_val    : 0.6841 (acc: 0.9140)
[2018/09/25 11:05:42 __main__ INFO] - -            c10h_train_c10: 0.0185 (acc: 0.9904) | c10h_val_c10: 0.3435 (acc: 0.9180)
[2018/09/25 11:05:42 __main__ INFO] - -            v4            : 0.8283 (acc: 0.8159) |           v6: 0.7551 (acc: 0.8350)
[2018/09/25 11:05:42 __main__ INFO] - -            c10_50k       : 0.0459 (acc: 0.9834)
[2018/09/25 11:05:42 __main__ INFO] - Elapsed 21.99
keys:  dict_keys(['epoch', 'c10h_train_loss', 'c10h_train_acc', 'c10h_val_loss', 'c10h_val_acc', 'c10h_train_c10_loss', 'c10h_train_c10_acc', 'c10h_val_c10_loss', 'c10h_val_c10_acc', 'v4_loss', 'v4_acc', 'v6_loss', 'v6_acc', 'c10_50k_loss', 'c10_50k_acc']) 
 c10h_outdir:  /tigress/ruairidh/model_results/run_1/saves/vgg_15_BN_64/con_True_lr_0.01_seed_0
[2018/09/25 11:05:42 __main__ INFO] - Train 25
[2018/09/25 11:05:46 __main__ INFO] - TEST 25
[2018/09/25 11:06:08 __main__ INFO] - - epoch 25    c10h_train    : 0.4975 (acc: 0.9824) | c10h_val    : 0.6741 (acc: 0.9180)
[2018/09/25 11:06:08 __main__ INFO] - -            c10h_train_c10: 0.0159 (acc: 0.9901) | c10h_val_c10: 0.3181 (acc: 0.9220)
[2018/09/25 11:06:08 __main__ INFO] - -            v4            : 0.7885 (acc: 0.8184) |           v6: 0.7416 (acc: 0.8405)
[2018/09/25 11:06:08 __main__ INFO] - -            c10_50k       : 0.0447 (acc: 0.9837)
[2018/09/25 11:06:08 __main__ INFO] - Elapsed 21.87
keys:  dict_keys(['epoch', 'c10h_train_loss', 'c10h_train_acc', 'c10h_val_loss', 'c10h_val_acc', 'c10h_train_c10_loss', 'c10h_train_c10_acc', 'c10h_val_c10_loss', 'c10h_val_c10_acc', 'v4_loss', 'v4_acc', 'v6_loss', 'v6_acc', 'c10_50k_loss', 'c10_50k_acc']) 
 c10h_outdir:  /tigress/ruairidh/model_results/run_1/saves/vgg_15_BN_64/con_True_lr_0.01_seed_0
[2018/09/25 11:06:09 __main__ INFO] - Train 26
[2018/09/25 11:06:13 __main__ INFO] - TEST 26
[2018/09/25 11:06:35 __main__ INFO] - - epoch 26    c10h_train    : 0.4922 (acc: 0.9849) | c10h_val    : 0.6809 (acc: 0.9230)
[2018/09/25 11:06:35 __main__ INFO] - -            c10h_train_c10: 0.0125 (acc: 0.9926) | c10h_val_c10: 0.3183 (acc: 0.9280)
[2018/09/25 11:06:35 __main__ INFO] - -            v4            : 0.7921 (acc: 0.8268) |           v6: 0.7278 (acc: 0.8435)
[2018/09/25 11:06:35 __main__ INFO] - -            c10_50k       : 0.0426 (acc: 0.9852)
[2018/09/25 11:06:35 __main__ INFO] - Elapsed 21.90
keys:  dict_keys(['epoch', 'c10h_train_loss', 'c10h_train_acc', 'c10h_val_loss', 'c10h_val_acc', 'c10h_train_c10_loss', 'c10h_train_c10_acc', 'c10h_val_c10_loss', 'c10h_val_c10_acc', 'v4_loss', 'v4_acc', 'v6_loss', 'v6_acc', 'c10_50k_loss', 'c10_50k_acc']) 
 c10h_outdir:  /tigress/ruairidh/model_results/run_1/saves/vgg_15_BN_64/con_True_lr_0.01_seed_0
[2018/09/25 11:06:36 __main__ INFO] - Train 27
[2018/09/25 11:06:40 __main__ INFO] - TEST 27
[2018/09/25 11:07:02 __main__ INFO] - - epoch 27    c10h_train    : 0.4965 (acc: 0.9849) | c10h_val    : 0.6812 (acc: 0.9190)
[2018/09/25 11:07:02 __main__ INFO] - -            c10h_train_c10: 0.0133 (acc: 0.9921) | c10h_val_c10: 0.3171 (acc: 0.9230)
[2018/09/25 11:07:02 __main__ INFO] - -            v4            : 0.8644 (acc: 0.8179) |           v6: 0.7616 (acc: 0.8370)
[2018/09/25 11:07:02 __main__ INFO] - -            c10_50k       : 0.0410 (acc: 0.9853)
[2018/09/25 11:07:02 __main__ INFO] - Elapsed 21.79
keys:  dict_keys(['epoch', 'c10h_train_loss', 'c10h_train_acc', 'c10h_val_loss', 'c10h_val_acc', 'c10h_train_c10_loss', 'c10h_train_c10_acc', 'c10h_val_c10_loss', 'c10h_val_c10_acc', 'v4_loss', 'v4_acc', 'v6_loss', 'v6_acc', 'c10_50k_loss', 'c10_50k_acc']) 
 c10h_outdir:  /tigress/ruairidh/model_results/run_1/saves/vgg_15_BN_64/con_True_lr_0.01_seed_0
[2018/09/25 11:07:02 __main__ INFO] - Train 28
[2018/09/25 11:07:06 __main__ INFO] - TEST 28
[2018/09/25 11:07:28 __main__ INFO] - - epoch 28    c10h_train    : 0.5020 (acc: 0.9844) | c10h_val    : 0.6786 (acc: 0.9230)
[2018/09/25 11:07:28 __main__ INFO] - -            c10h_train_c10: 0.0135 (acc: 0.9917) | c10h_val_c10: 0.3171 (acc: 0.9260)
[2018/09/25 11:07:28 __main__ INFO] - -            v4            : 0.8376 (acc: 0.8174) |           v6: 0.7481 (acc: 0.8355)
[2018/09/25 11:07:28 __main__ INFO] - -            c10_50k       : 0.0437 (acc: 0.9851)
[2018/09/25 11:07:28 __main__ INFO] - Elapsed 21.84
keys:  dict_keys(['epoch', 'c10h_train_loss', 'c10h_train_acc', 'c10h_val_loss', 'c10h_val_acc', 'c10h_train_c10_loss', 'c10h_train_c10_acc', 'c10h_val_c10_loss', 'c10h_val_c10_acc', 'v4_loss', 'v4_acc', 'v6_loss', 'v6_acc', 'c10_50k_loss', 'c10_50k_acc']) 
 c10h_outdir:  /tigress/ruairidh/model_results/run_1/saves/vgg_15_BN_64/con_True_lr_0.01_seed_0
[2018/09/25 11:07:29 __main__ INFO] - Train 29
[2018/09/25 11:07:33 __main__ INFO] - TEST 29
[2018/09/25 11:07:55 __main__ INFO] - - epoch 29    c10h_train    : 0.4988 (acc: 0.9846) | c10h_val    : 0.6797 (acc: 0.9200)
[2018/09/25 11:07:55 __main__ INFO] - -            c10h_train_c10: 0.0131 (acc: 0.9917) | c10h_val_c10: 0.3294 (acc: 0.9230)
[2018/09/25 11:07:55 __main__ INFO] - -            v4            : 0.8415 (acc: 0.8184) |           v6: 0.7652 (acc: 0.8400)
[2018/09/25 11:07:55 __main__ INFO] - -            c10_50k       : 0.0450 (acc: 0.9841)
[2018/09/25 11:07:55 __main__ INFO] - Elapsed 21.90
keys:  dict_keys(['epoch', 'c10h_train_loss', 'c10h_train_acc', 'c10h_val_loss', 'c10h_val_acc', 'c10h_train_c10_loss', 'c10h_train_c10_acc', 'c10h_val_c10_loss', 'c10h_val_c10_acc', 'v4_loss', 'v4_acc', 'v6_loss', 'v6_acc', 'c10_50k_loss', 'c10_50k_acc']) 
 c10h_outdir:  /tigress/ruairidh/model_results/run_1/saves/vgg_15_BN_64/con_True_lr_0.01_seed_0
[2018/09/25 11:07:55 __main__ INFO] - Train 30
[2018/09/25 11:07:59 __main__ INFO] - TEST 30
[2018/09/25 11:08:21 __main__ INFO] - - epoch 30    c10h_train    : 0.5094 (acc: 0.9847) | c10h_val    : 0.6845 (acc: 0.9250)
[2018/09/25 11:08:21 __main__ INFO] - -            c10h_train_c10: 0.0123 (acc: 0.9920) | c10h_val_c10: 0.3185 (acc: 0.9290)
[2018/09/25 11:08:21 __main__ INFO] - -            v4            : 0.7911 (acc: 0.8347) |           v6: 0.7410 (acc: 0.8455)
[2018/09/25 11:08:21 __main__ INFO] - -            c10_50k       : 0.0437 (acc: 0.9852)
[2018/09/25 11:08:21 __main__ INFO] - Elapsed 21.91
keys:  dict_keys(['epoch', 'c10h_train_loss', 'c10h_train_acc', 'c10h_val_loss', 'c10h_val_acc', 'c10h_train_c10_loss', 'c10h_train_c10_acc', 'c10h_val_c10_loss', 'c10h_val_c10_acc', 'v4_loss', 'v4_acc', 'v6_loss', 'v6_acc', 'c10_50k_loss', 'c10_50k_acc']) 
 c10h_outdir:  /tigress/ruairidh/model_results/run_1/saves/vgg_15_BN_64/con_True_lr_0.01_seed_0
[2018/09/25 11:08:22 __main__ INFO] - Train 31
[2018/09/25 11:08:26 __main__ INFO] - TEST 31
[2018/09/25 11:08:48 __main__ INFO] - - epoch 31    c10h_train    : 0.5030 (acc: 0.9861) | c10h_val    : 0.6765 (acc: 0.9240)
[2018/09/25 11:08:48 __main__ INFO] - -            c10h_train_c10: 0.0104 (acc: 0.9930) | c10h_val_c10: 0.3077 (acc: 0.9290)
[2018/09/25 11:08:48 __main__ INFO] - -            v4            : 0.8174 (acc: 0.8189) |           v6: 0.7311 (acc: 0.8460)
[2018/09/25 11:08:48 __main__ INFO] - -            c10_50k       : 0.0423 (acc: 0.9849)
[2018/09/25 11:08:48 __main__ INFO] - Elapsed 21.91
keys:  dict_keys(['epoch', 'c10h_train_loss', 'c10h_train_acc', 'c10h_val_loss', 'c10h_val_acc', 'c10h_train_c10_loss', 'c10h_train_c10_acc', 'c10h_val_c10_loss', 'c10h_val_c10_acc', 'v4_loss', 'v4_acc', 'v6_loss', 'v6_acc', 'c10_50k_loss', 'c10_50k_acc']) 
 c10h_outdir:  /tigress/ruairidh/model_results/run_1/saves/vgg_15_BN_64/con_True_lr_0.01_seed_0
[2018/09/25 11:08:49 __main__ INFO] - Train 32
[2018/09/25 11:08:53 __main__ INFO] - TEST 32
[2018/09/25 11:09:15 __main__ INFO] - - epoch 32    c10h_train    : 0.5132 (acc: 0.9859) | c10h_val    : 0.6968 (acc: 0.9240)
[2018/09/25 11:09:15 __main__ INFO] - -            c10h_train_c10: 0.0102 (acc: 0.9932) | c10h_val_c10: 0.3248 (acc: 0.9290)
[2018/09/25 11:09:15 __main__ INFO] - -            v4            : 0.8052 (acc: 0.8224) |           v6: 0.7622 (acc: 0.8390)
[2018/09/25 11:09:15 __main__ INFO] - -            c10_50k       : 0.0470 (acc: 0.9838)
[2018/09/25 11:09:15 __main__ INFO] - Elapsed 21.93
keys:  dict_keys(['epoch', 'c10h_train_loss', 'c10h_train_acc', 'c10h_val_loss', 'c10h_val_acc', 'c10h_train_c10_loss', 'c10h_train_c10_acc', 'c10h_val_c10_loss', 'c10h_val_c10_acc', 'v4_loss', 'v4_acc', 'v6_loss', 'v6_acc', 'c10_50k_loss', 'c10_50k_acc']) 
 c10h_outdir:  /tigress/ruairidh/model_results/run_1/saves/vgg_15_BN_64/con_True_lr_0.01_seed_0
[2018/09/25 11:09:16 __main__ INFO] - Train 33
[2018/09/25 11:09:20 __main__ INFO] - TEST 33
[2018/09/25 11:09:42 __main__ INFO] - - epoch 33    c10h_train    : 0.5219 (acc: 0.9864) | c10h_val    : 0.6988 (acc: 0.9260)
[2018/09/25 11:09:42 __main__ INFO] - -            c10h_train_c10: 0.0074 (acc: 0.9939) | c10h_val_c10: 0.3284 (acc: 0.9290)
[2018/09/25 11:09:42 __main__ INFO] - -            v4            : 0.8672 (acc: 0.8184) |           v6: 0.7598 (acc: 0.8420)
[2018/09/25 11:09:42 __main__ INFO] - -            c10_50k       : 0.0458 (acc: 0.9841)
[2018/09/25 11:09:42 __main__ INFO] - Elapsed 21.90
keys:  dict_keys(['epoch', 'c10h_train_loss', 'c10h_train_acc', 'c10h_val_loss', 'c10h_val_acc', 'c10h_train_c10_loss', 'c10h_train_c10_acc', 'c10h_val_c10_loss', 'c10h_val_c10_acc', 'v4_loss', 'v4_acc', 'v6_loss', 'v6_acc', 'c10_50k_loss', 'c10_50k_acc']) 
 c10h_outdir:  /tigress/ruairidh/model_results/run_1/saves/vgg_15_BN_64/con_True_lr_0.01_seed_0
[2018/09/25 11:09:43 __main__ INFO] - Train 34
[2018/09/25 11:09:47 __main__ INFO] - TEST 34
[2018/09/25 11:10:09 __main__ INFO] - - epoch 34    c10h_train    : 0.5323 (acc: 0.9859) | c10h_val    : 0.7046 (acc: 0.9260)
[2018/09/25 11:10:09 __main__ INFO] - -            c10h_train_c10: 0.0086 (acc: 0.9933) | c10h_val_c10: 0.3289 (acc: 0.9300)
[2018/09/25 11:10:09 __main__ INFO] - -            v4            : 0.8547 (acc: 0.8149) |           v6: 0.7948 (acc: 0.8360)
[2018/09/25 11:10:09 __main__ INFO] - -            c10_50k       : 0.0458 (acc: 0.9842)
[2018/09/25 11:10:09 __main__ INFO] - Elapsed 21.89
keys:  dict_keys(['epoch', 'c10h_train_loss', 'c10h_train_acc', 'c10h_val_loss', 'c10h_val_acc', 'c10h_train_c10_loss', 'c10h_train_c10_acc', 'c10h_val_c10_loss', 'c10h_val_c10_acc', 'v4_loss', 'v4_acc', 'v6_loss', 'v6_acc', 'c10_50k_loss', 'c10_50k_acc']) 
 c10h_outdir:  /tigress/ruairidh/model_results/run_1/saves/vgg_15_BN_64/con_True_lr_0.01_seed_0
[2018/09/25 11:10:10 __main__ INFO] - Train 35
[2018/09/25 11:10:14 __main__ INFO] - TEST 35
[2018/09/25 11:10:36 __main__ INFO] - - epoch 35    c10h_train    : 0.5292 (acc: 0.9862) | c10h_val    : 0.6925 (acc: 0.9280)
[2018/09/25 11:10:36 __main__ INFO] - -            c10h_train_c10: 0.0084 (acc: 0.9932) | c10h_val_c10: 0.3159 (acc: 0.9330)
[2018/09/25 11:10:36 __main__ INFO] - -            v4            : 0.8609 (acc: 0.8125) |           v6: 0.7974 (acc: 0.8345)
[2018/09/25 11:10:36 __main__ INFO] - -            c10_50k       : 0.0463 (acc: 0.9844)
[2018/09/25 11:10:36 __main__ INFO] - Elapsed 21.96
keys:  dict_keys(['epoch', 'c10h_train_loss', 'c10h_train_acc', 'c10h_val_loss', 'c10h_val_acc', 'c10h_train_c10_loss', 'c10h_train_c10_acc', 'c10h_val_c10_loss', 'c10h_val_c10_acc', 'v4_loss', 'v4_acc', 'v6_loss', 'v6_acc', 'c10_50k_loss', 'c10_50k_acc']) 
 c10h_outdir:  /tigress/ruairidh/model_results/run_1/saves/vgg_15_BN_64/con_True_lr_0.01_seed_0
[2018/09/25 11:10:36 __main__ INFO] - Train 36
[2018/09/25 11:10:40 __main__ INFO] - TEST 36
[2018/09/25 11:11:02 __main__ INFO] - - epoch 36    c10h_train    : 0.5316 (acc: 0.9856) | c10h_val    : 0.7050 (acc: 0.9220)
[2018/09/25 11:11:02 __main__ INFO] - -            c10h_train_c10: 0.0085 (acc: 0.9932) | c10h_val_c10: 0.3316 (acc: 0.9270)
[2018/09/25 11:11:02 __main__ INFO] - -            v4            : 0.8658 (acc: 0.8130) |           v6: 0.7776 (acc: 0.8360)
[2018/09/25 11:11:02 __main__ INFO] - -            c10_50k       : 0.0467 (acc: 0.9832)
[2018/09/25 11:11:02 __main__ INFO] - Elapsed 21.86
keys:  dict_keys(['epoch', 'c10h_train_loss', 'c10h_train_acc', 'c10h_val_loss', 'c10h_val_acc', 'c10h_train_c10_loss', 'c10h_train_c10_acc', 'c10h_val_c10_loss', 'c10h_val_c10_acc', 'v4_loss', 'v4_acc', 'v6_loss', 'v6_acc', 'c10_50k_loss', 'c10_50k_acc']) 
 c10h_outdir:  /tigress/ruairidh/model_results/run_1/saves/vgg_15_BN_64/con_True_lr_0.01_seed_0
[2018/09/25 11:11:03 __main__ INFO] - Train 37
[2018/09/25 11:11:07 __main__ INFO] - TEST 37
[2018/09/25 11:11:29 __main__ INFO] - - epoch 37    c10h_train    : 0.5407 (acc: 0.9860) | c10h_val    : 0.7390 (acc: 0.9170)
[2018/09/25 11:11:29 __main__ INFO] - -            c10h_train_c10: 0.0076 (acc: 0.9936) | c10h_val_c10: 0.3544 (acc: 0.9220)
[2018/09/25 11:11:29 __main__ INFO] - -            v4            : 0.8692 (acc: 0.8219) |           v6: 0.7972 (acc: 0.8340)
[2018/09/25 11:11:29 __main__ INFO] - -            c10_50k       : 0.0487 (acc: 0.9833)
[2018/09/25 11:11:29 __main__ INFO] - Elapsed 21.86
keys:  dict_keys(['epoch', 'c10h_train_loss', 'c10h_train_acc', 'c10h_val_loss', 'c10h_val_acc', 'c10h_train_c10_loss', 'c10h_train_c10_acc', 'c10h_val_c10_loss', 'c10h_val_c10_acc', 'v4_loss', 'v4_acc', 'v6_loss', 'v6_acc', 'c10_50k_loss', 'c10_50k_acc']) 
 c10h_outdir:  /tigress/ruairidh/model_results/run_1/saves/vgg_15_BN_64/con_True_lr_0.01_seed_0
[2018/09/25 11:11:30 __main__ INFO] - Train 38
[2018/09/25 11:11:34 __main__ INFO] - TEST 38
[2018/09/25 11:11:56 __main__ INFO] - - epoch 38    c10h_train    : 0.5353 (acc: 0.9868) | c10h_val    : 0.7131 (acc: 0.9210)
[2018/09/25 11:11:56 __main__ INFO] - -            c10h_train_c10: 0.0067 (acc: 0.9944) | c10h_val_c10: 0.3386 (acc: 0.9250)
[2018/09/25 11:11:56 __main__ INFO] - -            v4            : 0.9033 (acc: 0.8154) |           v6: 0.7725 (acc: 0.8420)
[2018/09/25 11:11:56 __main__ INFO] - -            c10_50k       : 0.0449 (acc: 0.9846)
[2018/09/25 11:11:56 __main__ INFO] - Elapsed 21.92
keys:  dict_keys(['epoch', 'c10h_train_loss', 'c10h_train_acc', 'c10h_val_loss', 'c10h_val_acc', 'c10h_train_c10_loss', 'c10h_train_c10_acc', 'c10h_val_c10_loss', 'c10h_val_c10_acc', 'v4_loss', 'v4_acc', 'v6_loss', 'v6_acc', 'c10_50k_loss', 'c10_50k_acc']) 
 c10h_outdir:  /tigress/ruairidh/model_results/run_1/saves/vgg_15_BN_64/con_True_lr_0.01_seed_0
[2018/09/25 11:11:56 __main__ INFO] - Train 39
[2018/09/25 11:12:01 __main__ INFO] - TEST 39
[2018/09/25 11:12:22 __main__ INFO] - - epoch 39    c10h_train    : 0.5330 (acc: 0.9856) | c10h_val    : 0.7239 (acc: 0.9220)
[2018/09/25 11:12:22 __main__ INFO] - -            c10h_train_c10: 0.0087 (acc: 0.9930) | c10h_val_c10: 0.3469 (acc: 0.9270)
[2018/09/25 11:12:22 __main__ INFO] - -            v4            : 0.8590 (acc: 0.8194) |           v6: 0.8000 (acc: 0.8415)
[2018/09/25 11:12:22 __main__ INFO] - -            c10_50k       : 0.0523 (acc: 0.9825)
[2018/09/25 11:12:22 __main__ INFO] - Elapsed 21.91
keys:  dict_keys(['epoch', 'c10h_train_loss', 'c10h_train_acc', 'c10h_val_loss', 'c10h_val_acc', 'c10h_train_c10_loss', 'c10h_train_c10_acc', 'c10h_val_c10_loss', 'c10h_val_c10_acc', 'v4_loss', 'v4_acc', 'v6_loss', 'v6_acc', 'c10_50k_loss', 'c10_50k_acc']) 
 c10h_outdir:  /tigress/ruairidh/model_results/run_1/saves/vgg_15_BN_64/con_True_lr_0.01_seed_0
[2018/09/25 11:12:23 __main__ INFO] - Train 40
[2018/09/25 11:12:27 __main__ INFO] - TEST 40
[2018/09/25 11:12:49 __main__ INFO] - - epoch 40    c10h_train    : 0.5406 (acc: 0.9859) | c10h_val    : 0.7131 (acc: 0.9190)
[2018/09/25 11:12:49 __main__ INFO] - -            c10h_train_c10: 0.0070 (acc: 0.9934) | c10h_val_c10: 0.3356 (acc: 0.9230)
[2018/09/25 11:12:49 __main__ INFO] - -            v4            : 0.9190 (acc: 0.8194) |           v6: 0.7933 (acc: 0.8405)
[2018/09/25 11:12:49 __main__ INFO] - -            c10_50k       : 0.0498 (acc: 0.9833)
[2018/09/25 11:12:49 __main__ INFO] - Elapsed 21.88
keys:  dict_keys(['epoch', 'c10h_train_loss', 'c10h_train_acc', 'c10h_val_loss', 'c10h_val_acc', 'c10h_train_c10_loss', 'c10h_train_c10_acc', 'c10h_val_c10_loss', 'c10h_val_c10_acc', 'v4_loss', 'v4_acc', 'v6_loss', 'v6_acc', 'c10_50k_loss', 'c10_50k_acc']) 
 c10h_outdir:  /tigress/ruairidh/model_results/run_1/saves/vgg_15_BN_64/con_True_lr_0.01_seed_0
[2018/09/25 11:12:49 __main__ INFO] - Train 41
[2018/09/25 11:12:54 __main__ INFO] - TEST 41
[2018/09/25 11:13:16 __main__ INFO] - - epoch 41    c10h_train    : 0.5405 (acc: 0.9862) | c10h_val    : 0.7385 (acc: 0.9210)
[2018/09/25 11:13:16 __main__ INFO] - -            c10h_train_c10: 0.0068 (acc: 0.9939) | c10h_val_c10: 0.3557 (acc: 0.9240)
[2018/09/25 11:13:16 __main__ INFO] - -            v4            : 0.9257 (acc: 0.8105) |           v6: 0.8014 (acc: 0.8415)
[2018/09/25 11:13:16 __main__ INFO] - -            c10_50k       : 0.0499 (acc: 0.9836)
[2018/09/25 11:13:16 __main__ INFO] - Elapsed 21.90
keys:  dict_keys(['epoch', 'c10h_train_loss', 'c10h_train_acc', 'c10h_val_loss', 'c10h_val_acc', 'c10h_train_c10_loss', 'c10h_train_c10_acc', 'c10h_val_c10_loss', 'c10h_val_c10_acc', 'v4_loss', 'v4_acc', 'v6_loss', 'v6_acc', 'c10_50k_loss', 'c10_50k_acc']) 
 c10h_outdir:  /tigress/ruairidh/model_results/run_1/saves/vgg_15_BN_64/con_True_lr_0.01_seed_0
[2018/09/25 11:13:16 __main__ INFO] - Train 42
[2018/09/25 11:13:21 __main__ INFO] - TEST 42
[2018/09/25 11:13:43 __main__ INFO] - - epoch 42    c10h_train    : 0.5412 (acc: 0.9863) | c10h_val    : 0.7342 (acc: 0.9240)
[2018/09/25 11:13:43 __main__ INFO] - -            c10h_train_c10: 0.0069 (acc: 0.9937) | c10h_val_c10: 0.3557 (acc: 0.9290)
[2018/09/25 11:13:43 __main__ INFO] - -            v4            : 0.9552 (acc: 0.8135) |           v6: 0.8165 (acc: 0.8330)
[2018/09/25 11:13:43 __main__ INFO] - -            c10_50k       : 0.0500 (acc: 0.9833)
[2018/09/25 11:13:43 __main__ INFO] - Elapsed 21.98
keys:  dict_keys(['epoch', 'c10h_train_loss', 'c10h_train_acc', 'c10h_val_loss', 'c10h_val_acc', 'c10h_train_c10_loss', 'c10h_train_c10_acc', 'c10h_val_c10_loss', 'c10h_val_c10_acc', 'v4_loss', 'v4_acc', 'v6_loss', 'v6_acc', 'c10_50k_loss', 'c10_50k_acc']) 
 c10h_outdir:  /tigress/ruairidh/model_results/run_1/saves/vgg_15_BN_64/con_True_lr_0.01_seed_0
[2018/09/25 11:13:43 __main__ INFO] - Train 43
[2018/09/25 11:13:48 __main__ INFO] - TEST 43
[2018/09/25 11:14:09 __main__ INFO] - - epoch 43    c10h_train    : 0.5457 (acc: 0.9859) | c10h_val    : 0.7340 (acc: 0.9240)
[2018/09/25 11:14:10 __main__ INFO] - -            c10h_train_c10: 0.0073 (acc: 0.9936) | c10h_val_c10: 0.3558 (acc: 0.9280)
[2018/09/25 11:14:10 __main__ INFO] - -            v4            : 0.9243 (acc: 0.8154) |           v6: 0.8194 (acc: 0.8365)
[2018/09/25 11:14:10 __main__ INFO] - -            c10_50k       : 0.0497 (acc: 0.9826)
[2018/09/25 11:14:10 __main__ INFO] - Elapsed 21.93
keys:  dict_keys(['epoch', 'c10h_train_loss', 'c10h_train_acc', 'c10h_val_loss', 'c10h_val_acc', 'c10h_train_c10_loss', 'c10h_train_c10_acc', 'c10h_val_c10_loss', 'c10h_val_c10_acc', 'v4_loss', 'v4_acc', 'v6_loss', 'v6_acc', 'c10_50k_loss', 'c10_50k_acc']) 
 c10h_outdir:  /tigress/ruairidh/model_results/run_1/saves/vgg_15_BN_64/con_True_lr_0.01_seed_0
[2018/09/25 11:14:11 __main__ INFO] - Train 44
[2018/09/25 11:14:15 __main__ INFO] - TEST 44
[2018/09/25 11:14:37 __main__ INFO] - - epoch 44    c10h_train    : 0.5519 (acc: 0.9859) | c10h_val    : 0.7447 (acc: 0.9230)
[2018/09/25 11:14:37 __main__ INFO] - -            c10h_train_c10: 0.0064 (acc: 0.9934) | c10h_val_c10: 0.3642 (acc: 0.9280)
[2018/09/25 11:14:37 __main__ INFO] - -            v4            : 0.9361 (acc: 0.8179) |           v6: 0.8231 (acc: 0.8375)
[2018/09/25 11:14:37 __main__ INFO] - -            c10_50k       : 0.0514 (acc: 0.9827)
[2018/09/25 11:14:37 __main__ INFO] - Elapsed 21.97
keys:  dict_keys(['epoch', 'c10h_train_loss', 'c10h_train_acc', 'c10h_val_loss', 'c10h_val_acc', 'c10h_train_c10_loss', 'c10h_train_c10_acc', 'c10h_val_c10_loss', 'c10h_val_c10_acc', 'v4_loss', 'v4_acc', 'v6_loss', 'v6_acc', 'c10_50k_loss', 'c10_50k_acc']) 
 c10h_outdir:  /tigress/ruairidh/model_results/run_1/saves/vgg_15_BN_64/con_True_lr_0.01_seed_0
[2018/09/25 11:14:37 __main__ INFO] - Train 45
[2018/09/25 11:14:41 __main__ INFO] - TEST 45
[2018/09/25 11:15:03 __main__ INFO] - - epoch 45    c10h_train    : 0.5586 (acc: 0.9862) | c10h_val    : 0.7421 (acc: 0.9220)
[2018/09/25 11:15:03 __main__ INFO] - -            c10h_train_c10: 0.0064 (acc: 0.9939) | c10h_val_c10: 0.3607 (acc: 0.9250)
[2018/09/25 11:15:03 __main__ INFO] - -            v4            : 0.9007 (acc: 0.8184) |           v6: 0.8100 (acc: 0.8355)
[2018/09/25 11:15:03 __main__ INFO] - -            c10_50k       : 0.0520 (acc: 0.9829)
[2018/09/25 11:15:03 __main__ INFO] - Elapsed 21.87
keys:  dict_keys(['epoch', 'c10h_train_loss', 'c10h_train_acc', 'c10h_val_loss', 'c10h_val_acc', 'c10h_train_c10_loss', 'c10h_train_c10_acc', 'c10h_val_c10_loss', 'c10h_val_c10_acc', 'v4_loss', 'v4_acc', 'v6_loss', 'v6_acc', 'c10_50k_loss', 'c10_50k_acc']) 
 c10h_outdir:  /tigress/ruairidh/model_results/run_1/saves/vgg_15_BN_64/con_True_lr_0.01_seed_0
[2018/09/25 11:15:04 __main__ INFO] - Train 46
[2018/09/25 11:15:08 __main__ INFO] - TEST 46
[2018/09/25 11:15:30 __main__ INFO] - - epoch 46    c10h_train    : 0.5583 (acc: 0.9860) | c10h_val    : 0.7413 (acc: 0.9200)
[2018/09/25 11:15:30 __main__ INFO] - -            c10h_train_c10: 0.0065 (acc: 0.9937) | c10h_val_c10: 0.3460 (acc: 0.9230)
[2018/09/25 11:15:30 __main__ INFO] - -            v4            : 0.8594 (acc: 0.8229) |           v6: 0.8120 (acc: 0.8425)
[2018/09/25 11:15:30 __main__ INFO] - -            c10_50k       : 0.0504 (acc: 0.9832)
[2018/09/25 11:15:30 __main__ INFO] - Elapsed 22.04
keys:  dict_keys(['epoch', 'c10h_train_loss', 'c10h_train_acc', 'c10h_val_loss', 'c10h_val_acc', 'c10h_train_c10_loss', 'c10h_train_c10_acc', 'c10h_val_c10_loss', 'c10h_val_c10_acc', 'v4_loss', 'v4_acc', 'v6_loss', 'v6_acc', 'c10_50k_loss', 'c10_50k_acc']) 
 c10h_outdir:  /tigress/ruairidh/model_results/run_1/saves/vgg_15_BN_64/con_True_lr_0.01_seed_0
[2018/09/25 11:15:31 __main__ INFO] - Train 47
[2018/09/25 11:15:35 __main__ INFO] - TEST 47
[2018/09/25 11:15:57 __main__ INFO] - - epoch 47    c10h_train    : 0.5682 (acc: 0.9864) | c10h_val    : 0.7430 (acc: 0.9220)
[2018/09/25 11:15:57 __main__ INFO] - -            c10h_train_c10: 0.0059 (acc: 0.9941) | c10h_val_c10: 0.3492 (acc: 0.9250)
[2018/09/25 11:15:57 __main__ INFO] - -            v4            : 0.8887 (acc: 0.8130) |           v6: 0.8055 (acc: 0.8415)
[2018/09/25 11:15:57 __main__ INFO] - -            c10_50k       : 0.0518 (acc: 0.9820)
[2018/09/25 11:15:57 __main__ INFO] - Elapsed 21.90
keys:  dict_keys(['epoch', 'c10h_train_loss', 'c10h_train_acc', 'c10h_val_loss', 'c10h_val_acc', 'c10h_train_c10_loss', 'c10h_train_c10_acc', 'c10h_val_c10_loss', 'c10h_val_c10_acc', 'v4_loss', 'v4_acc', 'v6_loss', 'v6_acc', 'c10_50k_loss', 'c10_50k_acc']) 
 c10h_outdir:  /tigress/ruairidh/model_results/run_1/saves/vgg_15_BN_64/con_True_lr_0.01_seed_0
[2018/09/25 11:15:58 __main__ INFO] - Train 48
[2018/09/25 11:16:02 __main__ INFO] - TEST 48
[2018/09/25 11:16:24 __main__ INFO] - - epoch 48    c10h_train    : 0.5620 (acc: 0.9871) | c10h_val    : 0.7456 (acc: 0.9180)
[2018/09/25 11:16:24 __main__ INFO] - -            c10h_train_c10: 0.0042 (acc: 0.9948) | c10h_val_c10: 0.3533 (acc: 0.9210)
[2018/09/25 11:16:24 __main__ INFO] - -            v4            : 0.8987 (acc: 0.8229) |           v6: 0.8073 (acc: 0.8460)
[2018/09/25 11:16:24 __main__ INFO] - -            c10_50k       : 0.0500 (acc: 0.9834)
[2018/09/25 11:16:24 __main__ INFO] - Elapsed 21.85
keys:  dict_keys(['epoch', 'c10h_train_loss', 'c10h_train_acc', 'c10h_val_loss', 'c10h_val_acc', 'c10h_train_c10_loss', 'c10h_train_c10_acc', 'c10h_val_c10_loss', 'c10h_val_c10_acc', 'v4_loss', 'v4_acc', 'v6_loss', 'v6_acc', 'c10_50k_loss', 'c10_50k_acc']) 
 c10h_outdir:  /tigress/ruairidh/model_results/run_1/saves/vgg_15_BN_64/con_True_lr_0.01_seed_0
[2018/09/25 11:16:25 __main__ INFO] - Train 49
[2018/09/25 11:16:29 __main__ INFO] - TEST 49
[2018/09/25 11:16:51 __main__ INFO] - - epoch 49    c10h_train    : 0.5666 (acc: 0.9872) | c10h_val    : 0.7514 (acc: 0.9210)
[2018/09/25 11:16:51 __main__ INFO] - -            c10h_train_c10: 0.0043 (acc: 0.9947) | c10h_val_c10: 0.3565 (acc: 0.9240)
[2018/09/25 11:16:51 __main__ INFO] - -            v4            : 0.9468 (acc: 0.8120) |           v6: 0.7967 (acc: 0.8475)
[2018/09/25 11:16:51 __main__ INFO] - -            c10_50k       : 0.0507 (acc: 0.9832)
[2018/09/25 11:16:51 __main__ INFO] - Elapsed 21.97
keys:  dict_keys(['epoch', 'c10h_train_loss', 'c10h_train_acc', 'c10h_val_loss', 'c10h_val_acc', 'c10h_train_c10_loss', 'c10h_train_c10_acc', 'c10h_val_c10_loss', 'c10h_val_c10_acc', 'v4_loss', 'v4_acc', 'v6_loss', 'v6_acc', 'c10_50k_loss', 'c10_50k_acc']) 
 c10h_outdir:  /tigress/ruairidh/model_results/run_1/saves/vgg_15_BN_64/con_True_lr_0.01_seed_0
[2018/09/25 11:16:52 __main__ INFO] - Train 50
[2018/09/25 11:16:56 __main__ INFO] - TEST 50
[2018/09/25 11:17:18 __main__ INFO] - - epoch 50    c10h_train    : 0.5706 (acc: 0.9866) | c10h_val    : 0.7438 (acc: 0.9280)
[2018/09/25 11:17:18 __main__ INFO] - -            c10h_train_c10: 0.0047 (acc: 0.9942) | c10h_val_c10: 0.3410 (acc: 0.9310)
[2018/09/25 11:17:18 __main__ INFO] - -            v4            : 0.9375 (acc: 0.8174) |           v6: 0.8140 (acc: 0.8430)
[2018/09/25 11:17:18 __main__ INFO] - -            c10_50k       : 0.0497 (acc: 0.9844)
[2018/09/25 11:17:18 __main__ INFO] - Elapsed 21.96
keys:  dict_keys(['epoch', 'c10h_train_loss', 'c10h_train_acc', 'c10h_val_loss', 'c10h_val_acc', 'c10h_train_c10_loss', 'c10h_train_c10_acc', 'c10h_val_c10_loss', 'c10h_val_c10_acc', 'v4_loss', 'v4_acc', 'v6_loss', 'v6_acc', 'c10_50k_loss', 'c10_50k_acc']) 
 c10h_outdir:  /tigress/ruairidh/model_results/run_1/saves/vgg_15_BN_64/con_True_lr_0.01_seed_0
[2018/09/25 11:17:18 __main__ INFO] - Train 51
[2018/09/25 11:17:23 __main__ INFO] - TEST 51
[2018/09/25 11:17:44 __main__ INFO] - - epoch 51    c10h_train    : 0.5760 (acc: 0.9871) | c10h_val    : 0.7563 (acc: 0.9240)
[2018/09/25 11:17:45 __main__ INFO] - -            c10h_train_c10: 0.0044 (acc: 0.9946) | c10h_val_c10: 0.3489 (acc: 0.9270)
[2018/09/25 11:17:45 __main__ INFO] - -            v4            : 0.9035 (acc: 0.8214) |           v6: 0.8069 (acc: 0.8490)
[2018/09/25 11:17:45 __main__ INFO] - -            c10_50k       : 0.0476 (acc: 0.9841)
[2018/09/25 11:17:45 __main__ INFO] - Elapsed 21.96
keys:  dict_keys(['epoch', 'c10h_train_loss', 'c10h_train_acc', 'c10h_val_loss', 'c10h_val_acc', 'c10h_train_c10_loss', 'c10h_train_c10_acc', 'c10h_val_c10_loss', 'c10h_val_c10_acc', 'v4_loss', 'v4_acc', 'v6_loss', 'v6_acc', 'c10_50k_loss', 'c10_50k_acc']) 
 c10h_outdir:  /tigress/ruairidh/model_results/run_1/saves/vgg_15_BN_64/con_True_lr_0.01_seed_0
[2018/09/25 11:17:45 __main__ INFO] - Train 52
[2018/09/25 11:17:49 __main__ INFO] - TEST 52
[2018/09/25 11:18:11 __main__ INFO] - - epoch 52    c10h_train    : 0.5643 (acc: 0.9873) | c10h_val    : 0.7542 (acc: 0.9220)
[2018/09/25 11:18:11 __main__ INFO] - -            c10h_train_c10: 0.0043 (acc: 0.9949) | c10h_val_c10: 0.3560 (acc: 0.9270)
[2018/09/25 11:18:11 __main__ INFO] - -            v4            : 0.9193 (acc: 0.8149) |           v6: 0.8190 (acc: 0.8410)
[2018/09/25 11:18:11 __main__ INFO] - -            c10_50k       : 0.0499 (acc: 0.9835)
[2018/09/25 11:18:11 __main__ INFO] - Elapsed 21.90
keys:  dict_keys(['epoch', 'c10h_train_loss', 'c10h_train_acc', 'c10h_val_loss', 'c10h_val_acc', 'c10h_train_c10_loss', 'c10h_train_c10_acc', 'c10h_val_c10_loss', 'c10h_val_c10_acc', 'v4_loss', 'v4_acc', 'v6_loss', 'v6_acc', 'c10_50k_loss', 'c10_50k_acc']) 
 c10h_outdir:  /tigress/ruairidh/model_results/run_1/saves/vgg_15_BN_64/con_True_lr_0.01_seed_0
[2018/09/25 11:18:12 __main__ INFO] - Train 53
[2018/09/25 11:18:16 __main__ INFO] - TEST 53
[2018/09/25 11:18:38 __main__ INFO] - - epoch 53    c10h_train    : 0.5690 (acc: 0.9872) | c10h_val    : 0.7396 (acc: 0.9250)
[2018/09/25 11:18:38 __main__ INFO] - -            c10h_train_c10: 0.0043 (acc: 0.9949) | c10h_val_c10: 0.3363 (acc: 0.9300)
[2018/09/25 11:18:38 __main__ INFO] - -            v4            : 0.9272 (acc: 0.8194) |           v6: 0.8115 (acc: 0.8440)
[2018/09/25 11:18:38 __main__ INFO] - -            c10_50k       : 0.0499 (acc: 0.9840)
[2018/09/25 11:18:38 __main__ INFO] - Elapsed 21.86
keys:  dict_keys(['epoch', 'c10h_train_loss', 'c10h_train_acc', 'c10h_val_loss', 'c10h_val_acc', 'c10h_train_c10_loss', 'c10h_train_c10_acc', 'c10h_val_c10_loss', 'c10h_val_c10_acc', 'v4_loss', 'v4_acc', 'v6_loss', 'v6_acc', 'c10_50k_loss', 'c10_50k_acc']) 
 c10h_outdir:  /tigress/ruairidh/model_results/run_1/saves/vgg_15_BN_64/con_True_lr_0.01_seed_0
[2018/09/25 11:18:39 __main__ INFO] - Train 54
[2018/09/25 11:18:43 __main__ INFO] - TEST 54
[2018/09/25 11:19:05 __main__ INFO] - - epoch 54    c10h_train    : 0.5800 (acc: 0.9873) | c10h_val    : 0.7460 (acc: 0.9250)
[2018/09/25 11:19:05 __main__ INFO] - -            c10h_train_c10: 0.0038 (acc: 0.9950) | c10h_val_c10: 0.3449 (acc: 0.9300)
[2018/09/25 11:19:05 __main__ INFO] - -            v4            : 0.9722 (acc: 0.8100) |           v6: 0.8525 (acc: 0.8370)
[2018/09/25 11:19:05 __main__ INFO] - -            c10_50k       : 0.0506 (acc: 0.9832)
[2018/09/25 11:19:05 __main__ INFO] - Elapsed 22.07
keys:  dict_keys(['epoch', 'c10h_train_loss', 'c10h_train_acc', 'c10h_val_loss', 'c10h_val_acc', 'c10h_train_c10_loss', 'c10h_train_c10_acc', 'c10h_val_c10_loss', 'c10h_val_c10_acc', 'v4_loss', 'v4_acc', 'v6_loss', 'v6_acc', 'c10_50k_loss', 'c10_50k_acc']) 
 c10h_outdir:  /tigress/ruairidh/model_results/run_1/saves/vgg_15_BN_64/con_True_lr_0.01_seed_0
[2018/09/25 11:19:06 __main__ INFO] - Train 55
[2018/09/25 11:19:10 __main__ INFO] - TEST 55
[2018/09/25 11:19:32 __main__ INFO] - - epoch 55    c10h_train    : 0.5851 (acc: 0.9870) | c10h_val    : 0.7663 (acc: 0.9200)
[2018/09/25 11:19:32 __main__ INFO] - -            c10h_train_c10: 0.0048 (acc: 0.9946) | c10h_val_c10: 0.3666 (acc: 0.9250)
[2018/09/25 11:19:32 __main__ INFO] - -            v4            : 0.9205 (acc: 0.8238) |           v6: 0.8206 (acc: 0.8410)
[2018/09/25 11:19:32 __main__ INFO] - -            c10_50k       : 0.0526 (acc: 0.9829)
[2018/09/25 11:19:32 __main__ INFO] - Elapsed 21.85
keys:  dict_keys(['epoch', 'c10h_train_loss', 'c10h_train_acc', 'c10h_val_loss', 'c10h_val_acc', 'c10h_train_c10_loss', 'c10h_train_c10_acc', 'c10h_val_c10_loss', 'c10h_val_c10_acc', 'v4_loss', 'v4_acc', 'v6_loss', 'v6_acc', 'c10_50k_loss', 'c10_50k_acc']) 
 c10h_outdir:  /tigress/ruairidh/model_results/run_1/saves/vgg_15_BN_64/con_True_lr_0.01_seed_0
[2018/09/25 11:19:33 __main__ INFO] - Train 56
[2018/09/25 11:19:37 __main__ INFO] - TEST 56
[2018/09/25 11:19:59 __main__ INFO] - - epoch 56    c10h_train    : 0.5674 (acc: 0.9873) | c10h_val    : 0.7555 (acc: 0.9240)
[2018/09/25 11:19:59 __main__ INFO] - -            c10h_train_c10: 0.0038 (acc: 0.9949) | c10h_val_c10: 0.3557 (acc: 0.9270)
[2018/09/25 11:19:59 __main__ INFO] - -            v4            : 1.0283 (acc: 0.8046) |           v6: 0.8498 (acc: 0.8385)
[2018/09/25 11:19:59 __main__ INFO] - -            c10_50k       : 0.0532 (acc: 0.9818)
[2018/09/25 11:19:59 __main__ INFO] - Elapsed 21.99
keys:  dict_keys(['epoch', 'c10h_train_loss', 'c10h_train_acc', 'c10h_val_loss', 'c10h_val_acc', 'c10h_train_c10_loss', 'c10h_train_c10_acc', 'c10h_val_c10_loss', 'c10h_val_c10_acc', 'v4_loss', 'v4_acc', 'v6_loss', 'v6_acc', 'c10_50k_loss', 'c10_50k_acc']) 
 c10h_outdir:  /tigress/ruairidh/model_results/run_1/saves/vgg_15_BN_64/con_True_lr_0.01_seed_0
[2018/09/25 11:20:00 __main__ INFO] - Train 57
[2018/09/25 11:20:04 __main__ INFO] - TEST 57
[2018/09/25 11:20:26 __main__ INFO] - - epoch 57    c10h_train    : 0.5786 (acc: 0.9872) | c10h_val    : 0.7526 (acc: 0.9260)
[2018/09/25 11:20:26 __main__ INFO] - -            c10h_train_c10: 0.0030 (acc: 0.9949) | c10h_val_c10: 0.3463 (acc: 0.9280)
[2018/09/25 11:20:26 __main__ INFO] - -            v4            : 0.9178 (acc: 0.8115) |           v6: 0.8324 (acc: 0.8405)
[2018/09/25 11:20:26 __main__ INFO] - -            c10_50k       : 0.0520 (acc: 0.9830)
[2018/09/25 11:20:26 __main__ INFO] - Elapsed 21.94
keys:  dict_keys(['epoch', 'c10h_train_loss', 'c10h_train_acc', 'c10h_val_loss', 'c10h_val_acc', 'c10h_train_c10_loss', 'c10h_train_c10_acc', 'c10h_val_c10_loss', 'c10h_val_c10_acc', 'v4_loss', 'v4_acc', 'v6_loss', 'v6_acc', 'c10_50k_loss', 'c10_50k_acc']) 
 c10h_outdir:  /tigress/ruairidh/model_results/run_1/saves/vgg_15_BN_64/con_True_lr_0.01_seed_0
[2018/09/25 11:20:26 __main__ INFO] - Train 58
[2018/09/25 11:20:31 __main__ INFO] - TEST 58
[2018/09/25 11:20:52 __main__ INFO] - - epoch 58    c10h_train    : 0.5816 (acc: 0.9874) | c10h_val    : 0.7559 (acc: 0.9210)
[2018/09/25 11:20:53 __main__ INFO] - -            c10h_train_c10: 0.0035 (acc: 0.9950) | c10h_val_c10: 0.3550 (acc: 0.9230)
[2018/09/25 11:20:53 __main__ INFO] - -            v4            : 0.9328 (acc: 0.8209) |           v6: 0.8413 (acc: 0.8370)
[2018/09/25 11:20:53 __main__ INFO] - -            c10_50k       : 0.0540 (acc: 0.9828)
[2018/09/25 11:20:53 __main__ INFO] - Elapsed 21.95
keys:  dict_keys(['epoch', 'c10h_train_loss', 'c10h_train_acc', 'c10h_val_loss', 'c10h_val_acc', 'c10h_train_c10_loss', 'c10h_train_c10_acc', 'c10h_val_c10_loss', 'c10h_val_c10_acc', 'v4_loss', 'v4_acc', 'v6_loss', 'v6_acc', 'c10_50k_loss', 'c10_50k_acc']) 
 c10h_outdir:  /tigress/ruairidh/model_results/run_1/saves/vgg_15_BN_64/con_True_lr_0.01_seed_0
[2018/09/25 11:20:53 __main__ INFO] - Train 59
[2018/09/25 11:20:57 __main__ INFO] - TEST 59
[2018/09/25 11:21:19 __main__ INFO] - - epoch 59    c10h_train    : 0.5778 (acc: 0.9871) | c10h_val    : 0.7483 (acc: 0.9240)
[2018/09/25 11:21:19 __main__ INFO] - -            c10h_train_c10: 0.0035 (acc: 0.9948) | c10h_val_c10: 0.3380 (acc: 0.9250)
[2018/09/25 11:21:19 __main__ INFO] - -            v4            : 0.9545 (acc: 0.8090) |           v6: 0.8542 (acc: 0.8385)
[2018/09/25 11:21:19 __main__ INFO] - -            c10_50k       : 0.0538 (acc: 0.9830)
[2018/09/25 11:21:19 __main__ INFO] - Elapsed 21.90
keys:  dict_keys(['epoch', 'c10h_train_loss', 'c10h_train_acc', 'c10h_val_loss', 'c10h_val_acc', 'c10h_train_c10_loss', 'c10h_train_c10_acc', 'c10h_val_c10_loss', 'c10h_val_c10_acc', 'v4_loss', 'v4_acc', 'v6_loss', 'v6_acc', 'c10_50k_loss', 'c10_50k_acc']) 
 c10h_outdir:  /tigress/ruairidh/model_results/run_1/saves/vgg_15_BN_64/con_True_lr_0.01_seed_0
[2018/09/25 11:21:19 __main__ INFO] - Train 60
[2018/09/25 11:21:23 __main__ INFO] - TEST 60
[2018/09/25 11:21:45 __main__ INFO] - - epoch 60    c10h_train    : 0.5866 (acc: 0.9871) | c10h_val    : 0.7521 (acc: 0.9270)
[2018/09/25 11:21:45 __main__ INFO] - -            c10h_train_c10: 0.0043 (acc: 0.9947) | c10h_val_c10: 0.3514 (acc: 0.9320)
[2018/09/25 11:21:45 __main__ INFO] - -            v4            : 0.9364 (acc: 0.8115) |           v6: 0.8598 (acc: 0.8320)
[2018/09/25 11:21:45 __main__ INFO] - -            c10_50k       : 0.0522 (acc: 0.9824)
[2018/09/25 11:21:45 __main__ INFO] - Elapsed 21.91
keys:  dict_keys(['epoch', 'c10h_train_loss', 'c10h_train_acc', 'c10h_val_loss', 'c10h_val_acc', 'c10h_train_c10_loss', 'c10h_train_c10_acc', 'c10h_val_c10_loss', 'c10h_val_c10_acc', 'v4_loss', 'v4_acc', 'v6_loss', 'v6_acc', 'c10_50k_loss', 'c10_50k_acc']) 
 c10h_outdir:  /tigress/ruairidh/model_results/run_1/saves/vgg_15_BN_64/con_True_lr_0.01_seed_0
[2018/09/25 11:21:46 __main__ INFO] - Train 61
[2018/09/25 11:21:50 __main__ INFO] - TEST 61
[2018/09/25 11:22:12 __main__ INFO] - - epoch 61    c10h_train    : 0.5787 (acc: 0.9876) | c10h_val    : 0.7548 (acc: 0.9250)
[2018/09/25 11:22:12 __main__ INFO] - -            c10h_train_c10: 0.0029 (acc: 0.9952) | c10h_val_c10: 0.3526 (acc: 0.9290)
[2018/09/25 11:22:12 __main__ INFO] - -            v4            : 0.9142 (acc: 0.8189) |           v6: 0.8429 (acc: 0.8370)
[2018/09/25 11:22:12 __main__ INFO] - -            c10_50k       : 0.0511 (acc: 0.9833)
[2018/09/25 11:22:12 __main__ INFO] - Elapsed 21.94
keys:  dict_keys(['epoch', 'c10h_train_loss', 'c10h_train_acc', 'c10h_val_loss', 'c10h_val_acc', 'c10h_train_c10_loss', 'c10h_train_c10_acc', 'c10h_val_c10_loss', 'c10h_val_c10_acc', 'v4_loss', 'v4_acc', 'v6_loss', 'v6_acc', 'c10_50k_loss', 'c10_50k_acc']) 
 c10h_outdir:  /tigress/ruairidh/model_results/run_1/saves/vgg_15_BN_64/con_True_lr_0.01_seed_0
[2018/09/25 11:22:13 __main__ INFO] - Train 62
[2018/09/25 11:22:17 __main__ INFO] - TEST 62
[2018/09/25 11:22:39 __main__ INFO] - - epoch 62    c10h_train    : 0.5773 (acc: 0.9871) | c10h_val    : 0.7484 (acc: 0.9270)
[2018/09/25 11:22:39 __main__ INFO] - -            c10h_train_c10: 0.0030 (acc: 0.9948) | c10h_val_c10: 0.3475 (acc: 0.9300)
[2018/09/25 11:22:39 __main__ INFO] - -            v4            : 0.9435 (acc: 0.8169) |           v6: 0.8411 (acc: 0.8390)
[2018/09/25 11:22:39 __main__ INFO] - -            c10_50k       : 0.0504 (acc: 0.9837)
[2018/09/25 11:22:39 __main__ INFO] - Elapsed 21.99
keys:  dict_keys(['epoch', 'c10h_train_loss', 'c10h_train_acc', 'c10h_val_loss', 'c10h_val_acc', 'c10h_train_c10_loss', 'c10h_train_c10_acc', 'c10h_val_c10_loss', 'c10h_val_c10_acc', 'v4_loss', 'v4_acc', 'v6_loss', 'v6_acc', 'c10_50k_loss', 'c10_50k_acc']) 
 c10h_outdir:  /tigress/ruairidh/model_results/run_1/saves/vgg_15_BN_64/con_True_lr_0.01_seed_0
[2018/09/25 11:22:39 __main__ INFO] - Train 63
[2018/09/25 11:22:43 __main__ INFO] - TEST 63
[2018/09/25 11:23:05 __main__ INFO] - - epoch 63    c10h_train    : 0.5875 (acc: 0.9871) | c10h_val    : 0.7772 (acc: 0.9230)
[2018/09/25 11:23:05 __main__ INFO] - -            c10h_train_c10: 0.0027 (acc: 0.9948) | c10h_val_c10: 0.3702 (acc: 0.9260)
[2018/09/25 11:23:05 __main__ INFO] - -            v4            : 0.9316 (acc: 0.8194) |           v6: 0.8516 (acc: 0.8415)
[2018/09/25 11:23:05 __main__ INFO] - -            c10_50k       : 0.0511 (acc: 0.9831)
[2018/09/25 11:23:05 __main__ INFO] - Elapsed 22.00
keys:  dict_keys(['epoch', 'c10h_train_loss', 'c10h_train_acc', 'c10h_val_loss', 'c10h_val_acc', 'c10h_train_c10_loss', 'c10h_train_c10_acc', 'c10h_val_c10_loss', 'c10h_val_c10_acc', 'v4_loss', 'v4_acc', 'v6_loss', 'v6_acc', 'c10_50k_loss', 'c10_50k_acc']) 
 c10h_outdir:  /tigress/ruairidh/model_results/run_1/saves/vgg_15_BN_64/con_True_lr_0.01_seed_0
[2018/09/25 11:23:05 __main__ INFO] - Train 64
[2018/09/25 11:23:09 __main__ INFO] - TEST 64
[2018/09/25 11:23:31 __main__ INFO] - - epoch 64    c10h_train    : 0.5896 (acc: 0.9872) | c10h_val    : 0.7746 (acc: 0.9230)
[2018/09/25 11:23:31 __main__ INFO] - -            c10h_train_c10: 0.0036 (acc: 0.9949) | c10h_val_c10: 0.3805 (acc: 0.9280)
[2018/09/25 11:23:31 __main__ INFO] - -            v4            : 1.0064 (acc: 0.8140) |           v6: 0.9004 (acc: 0.8325)
[2018/09/25 11:23:31 __main__ INFO] - -            c10_50k       : 0.0601 (acc: 0.9809)
[2018/09/25 11:23:31 __main__ INFO] - Elapsed 21.94
keys:  dict_keys(['epoch', 'c10h_train_loss', 'c10h_train_acc', 'c10h_val_loss', 'c10h_val_acc', 'c10h_train_c10_loss', 'c10h_train_c10_acc', 'c10h_val_c10_loss', 'c10h_val_c10_acc', 'v4_loss', 'v4_acc', 'v6_loss', 'v6_acc', 'c10_50k_loss', 'c10_50k_acc']) 
 c10h_outdir:  /tigress/ruairidh/model_results/run_1/saves/vgg_15_BN_64/con_True_lr_0.01_seed_0
[2018/09/25 11:23:32 __main__ INFO] - Train 65
[2018/09/25 11:23:36 __main__ INFO] - TEST 65
[2018/09/25 11:23:58 __main__ INFO] - - epoch 65    c10h_train    : 0.5839 (acc: 0.9873) | c10h_val    : 0.7625 (acc: 0.9210)
[2018/09/25 11:23:58 __main__ INFO] - -            c10h_train_c10: 0.0031 (acc: 0.9950) | c10h_val_c10: 0.3623 (acc: 0.9250)
[2018/09/25 11:23:58 __main__ INFO] - -            v4            : 0.9645 (acc: 0.8130) |           v6: 0.8973 (acc: 0.8360)
[2018/09/25 11:23:58 __main__ INFO] - -            c10_50k       : 0.0576 (acc: 0.9810)
[2018/09/25 11:23:58 __main__ INFO] - Elapsed 21.93
keys:  dict_keys(['epoch', 'c10h_train_loss', 'c10h_train_acc', 'c10h_val_loss', 'c10h_val_acc', 'c10h_train_c10_loss', 'c10h_train_c10_acc', 'c10h_val_c10_loss', 'c10h_val_c10_acc', 'v4_loss', 'v4_acc', 'v6_loss', 'v6_acc', 'c10_50k_loss', 'c10_50k_acc']) 
 c10h_outdir:  /tigress/ruairidh/model_results/run_1/saves/vgg_15_BN_64/con_True_lr_0.01_seed_0
[2018/09/25 11:23:59 __main__ INFO] - Train 66
[2018/09/25 11:24:04 __main__ INFO] - TEST 66
[2018/09/25 11:24:25 __main__ INFO] - - epoch 66    c10h_train    : 0.5915 (acc: 0.9870) | c10h_val    : 0.7741 (acc: 0.9220)
[2018/09/25 11:24:26 __main__ INFO] - -            c10h_train_c10: 0.0044 (acc: 0.9947) | c10h_val_c10: 0.3691 (acc: 0.9250)
[2018/09/25 11:24:26 __main__ INFO] - -            v4            : 1.0194 (acc: 0.8169) |           v6: 0.8806 (acc: 0.8355)
[2018/09/25 11:24:26 __main__ INFO] - -            c10_50k       : 0.0625 (acc: 0.9806)
[2018/09/25 11:24:26 __main__ INFO] - Elapsed 21.96
keys:  dict_keys(['epoch', 'c10h_train_loss', 'c10h_train_acc', 'c10h_val_loss', 'c10h_val_acc', 'c10h_train_c10_loss', 'c10h_train_c10_acc', 'c10h_val_c10_loss', 'c10h_val_c10_acc', 'v4_loss', 'v4_acc', 'v6_loss', 'v6_acc', 'c10_50k_loss', 'c10_50k_acc']) 
 c10h_outdir:  /tigress/ruairidh/model_results/run_1/saves/vgg_15_BN_64/con_True_lr_0.01_seed_0
[2018/09/25 11:24:26 __main__ INFO] - Train 67
[2018/09/25 11:24:30 __main__ INFO] - TEST 67
[2018/09/25 11:24:52 __main__ INFO] - - epoch 67    c10h_train    : 0.5890 (acc: 0.9874) | c10h_val    : 0.7525 (acc: 0.9270)
[2018/09/25 11:24:52 __main__ INFO] - -            c10h_train_c10: 0.0030 (acc: 0.9951) | c10h_val_c10: 0.3560 (acc: 0.9300)
[2018/09/25 11:24:52 __main__ INFO] - -            v4            : 0.9691 (acc: 0.8100) |           v6: 0.8977 (acc: 0.8290)
[2018/09/25 11:24:52 __main__ INFO] - -            c10_50k       : 0.0585 (acc: 0.9814)
[2018/09/25 11:24:52 __main__ INFO] - Elapsed 21.99
keys:  dict_keys(['epoch', 'c10h_train_loss', 'c10h_train_acc', 'c10h_val_loss', 'c10h_val_acc', 'c10h_train_c10_loss', 'c10h_train_c10_acc', 'c10h_val_c10_loss', 'c10h_val_c10_acc', 'v4_loss', 'v4_acc', 'v6_loss', 'v6_acc', 'c10_50k_loss', 'c10_50k_acc']) 
 c10h_outdir:  /tigress/ruairidh/model_results/run_1/saves/vgg_15_BN_64/con_True_lr_0.01_seed_0
[2018/09/25 11:24:53 __main__ INFO] - Train 68
[2018/09/25 11:24:57 __main__ INFO] - TEST 68
[2018/09/25 11:25:19 __main__ INFO] - - epoch 68    c10h_train    : 0.5852 (acc: 0.9873) | c10h_val    : 0.7609 (acc: 0.9280)
[2018/09/25 11:25:19 __main__ INFO] - -            c10h_train_c10: 0.0030 (acc: 0.9950) | c10h_val_c10: 0.3619 (acc: 0.9310)
[2018/09/25 11:25:19 __main__ INFO] - -            v4            : 0.9104 (acc: 0.8238) |           v6: 0.8716 (acc: 0.8395)
[2018/09/25 11:25:19 __main__ INFO] - -            c10_50k       : 0.0552 (acc: 0.9817)
[2018/09/25 11:25:19 __main__ INFO] - Elapsed 22.08
keys:  dict_keys(['epoch', 'c10h_train_loss', 'c10h_train_acc', 'c10h_val_loss', 'c10h_val_acc', 'c10h_train_c10_loss', 'c10h_train_c10_acc', 'c10h_val_c10_loss', 'c10h_val_c10_acc', 'v4_loss', 'v4_acc', 'v6_loss', 'v6_acc', 'c10_50k_loss', 'c10_50k_acc']) 
 c10h_outdir:  /tigress/ruairidh/model_results/run_1/saves/vgg_15_BN_64/con_True_lr_0.01_seed_0
[2018/09/25 11:25:20 __main__ INFO] - Train 69
[2018/09/25 11:25:24 __main__ INFO] - TEST 69
[2018/09/25 11:25:46 __main__ INFO] - - epoch 69    c10h_train    : 0.5971 (acc: 0.9864) | c10h_val    : 0.7640 (acc: 0.9250)
[2018/09/25 11:25:46 __main__ INFO] - -            c10h_train_c10: 0.0052 (acc: 0.9941) | c10h_val_c10: 0.3554 (acc: 0.9290)
[2018/09/25 11:25:46 __main__ INFO] - -            v4            : 0.9725 (acc: 0.8159) |           v6: 0.8769 (acc: 0.8350)
[2018/09/25 11:25:46 __main__ INFO] - -            c10_50k       : 0.0571 (acc: 0.9814)
[2018/09/25 11:25:46 __main__ INFO] - Elapsed 21.89
keys:  dict_keys(['epoch', 'c10h_train_loss', 'c10h_train_acc', 'c10h_val_loss', 'c10h_val_acc', 'c10h_train_c10_loss', 'c10h_train_c10_acc', 'c10h_val_c10_loss', 'c10h_val_c10_acc', 'v4_loss', 'v4_acc', 'v6_loss', 'v6_acc', 'c10_50k_loss', 'c10_50k_acc']) 
 c10h_outdir:  /tigress/ruairidh/model_results/run_1/saves/vgg_15_BN_64/con_True_lr_0.01_seed_0
[2018/09/25 11:25:47 __main__ INFO] - Train 70
[2018/09/25 11:25:51 __main__ INFO] - TEST 70
[2018/09/25 11:26:13 __main__ INFO] - - epoch 70    c10h_train    : 0.6013 (acc: 0.9869) | c10h_val    : 0.7701 (acc: 0.9240)
[2018/09/25 11:26:13 __main__ INFO] - -            c10h_train_c10: 0.0041 (acc: 0.9946) | c10h_val_c10: 0.3614 (acc: 0.9270)
[2018/09/25 11:26:13 __main__ INFO] - -            v4            : 0.9738 (acc: 0.8149) |           v6: 0.8721 (acc: 0.8370)
[2018/09/25 11:26:13 __main__ INFO] - -            c10_50k       : 0.0572 (acc: 0.9814)
[2018/09/25 11:26:13 __main__ INFO] - Elapsed 21.91
keys:  dict_keys(['epoch', 'c10h_train_loss', 'c10h_train_acc', 'c10h_val_loss', 'c10h_val_acc', 'c10h_train_c10_loss', 'c10h_train_c10_acc', 'c10h_val_c10_loss', 'c10h_val_c10_acc', 'v4_loss', 'v4_acc', 'v6_loss', 'v6_acc', 'c10_50k_loss', 'c10_50k_acc']) 
 c10h_outdir:  /tigress/ruairidh/model_results/run_1/saves/vgg_15_BN_64/con_True_lr_0.01_seed_0
[2018/09/25 11:26:13 __main__ INFO] - Train 71
[2018/09/25 11:26:18 __main__ INFO] - TEST 71
[2018/09/25 11:26:39 __main__ INFO] - - epoch 71    c10h_train    : 0.5926 (acc: 0.9872) | c10h_val    : 0.7623 (acc: 0.9280)
[2018/09/25 11:26:40 __main__ INFO] - -            c10h_train_c10: 0.0027 (acc: 0.9949) | c10h_val_c10: 0.3611 (acc: 0.9330)
[2018/09/25 11:26:40 __main__ INFO] - -            v4            : 0.9881 (acc: 0.8159) |           v6: 0.8735 (acc: 0.8435)
[2018/09/25 11:26:40 __main__ INFO] - -            c10_50k       : 0.0554 (acc: 0.9817)
[2018/09/25 11:26:40 __main__ INFO] - Elapsed 21.92
keys:  dict_keys(['epoch', 'c10h_train_loss', 'c10h_train_acc', 'c10h_val_loss', 'c10h_val_acc', 'c10h_train_c10_loss', 'c10h_train_c10_acc', 'c10h_val_c10_loss', 'c10h_val_c10_acc', 'v4_loss', 'v4_acc', 'v6_loss', 'v6_acc', 'c10_50k_loss', 'c10_50k_acc']) 
 c10h_outdir:  /tigress/ruairidh/model_results/run_1/saves/vgg_15_BN_64/con_True_lr_0.01_seed_0
[2018/09/25 11:26:40 __main__ INFO] - Train 72
[2018/09/25 11:26:45 __main__ INFO] - TEST 72
[2018/09/25 11:27:07 __main__ INFO] - - epoch 72    c10h_train    : 0.5960 (acc: 0.9876) | c10h_val    : 0.7689 (acc: 0.9240)
[2018/09/25 11:27:07 __main__ INFO] - -            c10h_train_c10: 0.0026 (acc: 0.9952) | c10h_val_c10: 0.3747 (acc: 0.9290)
[2018/09/25 11:27:07 __main__ INFO] - -            v4            : 1.0014 (acc: 0.8159) |           v6: 0.8976 (acc: 0.8375)
[2018/09/25 11:27:07 __main__ INFO] - -            c10_50k       : 0.0562 (acc: 0.9817)
[2018/09/25 11:27:07 __main__ INFO] - Elapsed 21.93
keys:  dict_keys(['epoch', 'c10h_train_loss', 'c10h_train_acc', 'c10h_val_loss', 'c10h_val_acc', 'c10h_train_c10_loss', 'c10h_train_c10_acc', 'c10h_val_c10_loss', 'c10h_val_c10_acc', 'v4_loss', 'v4_acc', 'v6_loss', 'v6_acc', 'c10_50k_loss', 'c10_50k_acc']) 
 c10h_outdir:  /tigress/ruairidh/model_results/run_1/saves/vgg_15_BN_64/con_True_lr_0.01_seed_0
[2018/09/25 11:27:07 __main__ INFO] - Train 73
[2018/09/25 11:27:11 __main__ INFO] - TEST 73
[2018/09/25 11:27:33 __main__ INFO] - - epoch 73    c10h_train    : 0.6002 (acc: 0.9871) | c10h_val    : 0.7842 (acc: 0.9220)
[2018/09/25 11:27:33 __main__ INFO] - -            c10h_train_c10: 0.0027 (acc: 0.9948) | c10h_val_c10: 0.3858 (acc: 0.9270)
[2018/09/25 11:27:33 __main__ INFO] - -            v4            : 0.9772 (acc: 0.8120) |           v6: 0.8835 (acc: 0.8435)
[2018/09/25 11:27:33 __main__ INFO] - -            c10_50k       : 0.0564 (acc: 0.9816)
[2018/09/25 11:27:33 __main__ INFO] - Elapsed 21.89
keys:  dict_keys(['epoch', 'c10h_train_loss', 'c10h_train_acc', 'c10h_val_loss', 'c10h_val_acc', 'c10h_train_c10_loss', 'c10h_train_c10_acc', 'c10h_val_c10_loss', 'c10h_val_c10_acc', 'v4_loss', 'v4_acc', 'v6_loss', 'v6_acc', 'c10_50k_loss', 'c10_50k_acc']) 
 c10h_outdir:  /tigress/ruairidh/model_results/run_1/saves/vgg_15_BN_64/con_True_lr_0.01_seed_0
[2018/09/25 11:27:34 __main__ INFO] - Train 74
[2018/09/25 11:27:38 __main__ INFO] - TEST 74
[2018/09/25 11:28:00 __main__ INFO] - - epoch 74    c10h_train    : 0.6046 (acc: 0.9871) | c10h_val    : 0.7844 (acc: 0.9270)
[2018/09/25 11:28:00 __main__ INFO] - -            c10h_train_c10: 0.0028 (acc: 0.9946) | c10h_val_c10: 0.3759 (acc: 0.9310)
[2018/09/25 11:28:00 __main__ INFO] - -            v4            : 0.9328 (acc: 0.8243) |           v6: 0.8835 (acc: 0.8410)
[2018/09/25 11:28:00 __main__ INFO] - -            c10_50k       : 0.0557 (acc: 0.9823)
[2018/09/25 11:28:00 __main__ INFO] - Elapsed 21.95
keys:  dict_keys(['epoch', 'c10h_train_loss', 'c10h_train_acc', 'c10h_val_loss', 'c10h_val_acc', 'c10h_train_c10_loss', 'c10h_train_c10_acc', 'c10h_val_c10_loss', 'c10h_val_c10_acc', 'v4_loss', 'v4_acc', 'v6_loss', 'v6_acc', 'c10_50k_loss', 'c10_50k_acc']) 
 c10h_outdir:  /tigress/ruairidh/model_results/run_1/saves/vgg_15_BN_64/con_True_lr_0.01_seed_0
[2018/09/25 11:28:01 __main__ INFO] - Train 75
[2018/09/25 11:28:05 __main__ INFO] - TEST 75
[2018/09/25 11:28:27 __main__ INFO] - - epoch 75    c10h_train    : 0.6055 (acc: 0.9878) | c10h_val    : 0.7795 (acc: 0.9290)
[2018/09/25 11:28:27 __main__ INFO] - -            c10h_train_c10: 0.0020 (acc: 0.9953) | c10h_val_c10: 0.3684 (acc: 0.9320)
[2018/09/25 11:28:27 __main__ INFO] - -            v4            : 0.9971 (acc: 0.8174) |           v6: 0.8803 (acc: 0.8395)
[2018/09/25 11:28:27 __main__ INFO] - -            c10_50k       : 0.0550 (acc: 0.9822)
[2018/09/25 11:28:27 __main__ INFO] - Elapsed 22.02
keys:  dict_keys(['epoch', 'c10h_train_loss', 'c10h_train_acc', 'c10h_val_loss', 'c10h_val_acc', 'c10h_train_c10_loss', 'c10h_train_c10_acc', 'c10h_val_c10_loss', 'c10h_val_c10_acc', 'v4_loss', 'v4_acc', 'v6_loss', 'v6_acc', 'c10_50k_loss', 'c10_50k_acc']) 
 c10h_outdir:  /tigress/ruairidh/model_results/run_1/saves/vgg_15_BN_64/con_True_lr_0.01_seed_0
[2018/09/25 11:28:27 __main__ INFO] - Train 76
[2018/09/25 11:28:31 __main__ INFO] - TEST 76
[2018/09/25 11:28:53 __main__ INFO] - - epoch 76    c10h_train    : 0.6064 (acc: 0.9871) | c10h_val    : 0.7848 (acc: 0.9250)
[2018/09/25 11:28:53 __main__ INFO] - -            c10h_train_c10: 0.0033 (acc: 0.9948) | c10h_val_c10: 0.3810 (acc: 0.9300)
[2018/09/25 11:28:53 __main__ INFO] - -            v4            : 0.9961 (acc: 0.8105) |           v6: 0.8805 (acc: 0.8410)
[2018/09/25 11:28:53 __main__ INFO] - -            c10_50k       : 0.0593 (acc: 0.9815)
[2018/09/25 11:28:53 __main__ INFO] - Elapsed 21.93
keys:  dict_keys(['epoch', 'c10h_train_loss', 'c10h_train_acc', 'c10h_val_loss', 'c10h_val_acc', 'c10h_train_c10_loss', 'c10h_train_c10_acc', 'c10h_val_c10_loss', 'c10h_val_c10_acc', 'v4_loss', 'v4_acc', 'v6_loss', 'v6_acc', 'c10_50k_loss', 'c10_50k_acc']) 
 c10h_outdir:  /tigress/ruairidh/model_results/run_1/saves/vgg_15_BN_64/con_True_lr_0.01_seed_0
[2018/09/25 11:28:54 __main__ INFO] - Train 77
[2018/09/25 11:28:58 __main__ INFO] - TEST 77
[2018/09/25 11:29:20 __main__ INFO] - - epoch 77    c10h_train    : 0.6055 (acc: 0.9873) | c10h_val    : 0.7674 (acc: 0.9320)
[2018/09/25 11:29:20 __main__ INFO] - -            c10h_train_c10: 0.0031 (acc: 0.9950) | c10h_val_c10: 0.3566 (acc: 0.9370)
[2018/09/25 11:29:20 __main__ INFO] - -            v4            : 0.9865 (acc: 0.8154) |           v6: 0.9051 (acc: 0.8430)
[2018/09/25 11:29:20 __main__ INFO] - -            c10_50k       : 0.0551 (acc: 0.9820)
[2018/09/25 11:29:20 __main__ INFO] - Elapsed 21.89
keys:  dict_keys(['epoch', 'c10h_train_loss', 'c10h_train_acc', 'c10h_val_loss', 'c10h_val_acc', 'c10h_train_c10_loss', 'c10h_train_c10_acc', 'c10h_val_c10_loss', 'c10h_val_c10_acc', 'v4_loss', 'v4_acc', 'v6_loss', 'v6_acc', 'c10_50k_loss', 'c10_50k_acc']) 
 c10h_outdir:  /tigress/ruairidh/model_results/run_1/saves/vgg_15_BN_64/con_True_lr_0.01_seed_0
[2018/09/25 11:29:21 __main__ INFO] - Train 78
[2018/09/25 11:29:25 __main__ INFO] - TEST 78
[2018/09/25 11:29:47 __main__ INFO] - - epoch 78    c10h_train    : 0.6019 (acc: 0.9879) | c10h_val    : 0.7694 (acc: 0.9320)
[2018/09/25 11:29:47 __main__ INFO] - -            c10h_train_c10: 0.0018 (acc: 0.9956) | c10h_val_c10: 0.3577 (acc: 0.9370)
[2018/09/25 11:29:47 __main__ INFO] - -            v4            : 0.9699 (acc: 0.8179) |           v6: 0.8736 (acc: 0.8350)
[2018/09/25 11:29:47 __main__ INFO] - -            c10_50k       : 0.0572 (acc: 0.9822)
[2018/09/25 11:29:47 __main__ INFO] - Elapsed 21.97
keys:  dict_keys(['epoch', 'c10h_train_loss', 'c10h_train_acc', 'c10h_val_loss', 'c10h_val_acc', 'c10h_train_c10_loss', 'c10h_train_c10_acc', 'c10h_val_c10_loss', 'c10h_val_c10_acc', 'v4_loss', 'v4_acc', 'v6_loss', 'v6_acc', 'c10_50k_loss', 'c10_50k_acc']) 
 c10h_outdir:  /tigress/ruairidh/model_results/run_1/saves/vgg_15_BN_64/con_True_lr_0.01_seed_0
[2018/09/25 11:29:47 __main__ INFO] - Train 79
[2018/09/25 11:29:51 __main__ INFO] - TEST 79
[2018/09/25 11:30:13 __main__ INFO] - - epoch 79    c10h_train    : 0.6098 (acc: 0.9878) | c10h_val    : 0.7870 (acc: 0.9280)
[2018/09/25 11:30:13 __main__ INFO] - -            c10h_train_c10: 0.0023 (acc: 0.9951) | c10h_val_c10: 0.3772 (acc: 0.9330)
[2018/09/25 11:30:13 __main__ INFO] - -            v4            : 0.8869 (acc: 0.8273) |           v6: 0.8651 (acc: 0.8425)
[2018/09/25 11:30:13 __main__ INFO] - -            c10_50k       : 0.0581 (acc: 0.9818)
[2018/09/25 11:30:13 __main__ INFO] - Elapsed 21.90
keys:  dict_keys(['epoch', 'c10h_train_loss', 'c10h_train_acc', 'c10h_val_loss', 'c10h_val_acc', 'c10h_train_c10_loss', 'c10h_train_c10_acc', 'c10h_val_c10_loss', 'c10h_val_c10_acc', 'v4_loss', 'v4_acc', 'v6_loss', 'v6_acc', 'c10_50k_loss', 'c10_50k_acc']) 
 c10h_outdir:  /tigress/ruairidh/model_results/run_1/saves/vgg_15_BN_64/con_True_lr_0.01_seed_0
[2018/09/25 11:30:14 __main__ INFO] - Train 80
[2018/09/25 11:30:18 __main__ INFO] - TEST 80
[2018/09/25 11:30:40 __main__ INFO] - - epoch 80    c10h_train    : 0.6007 (acc: 0.9876) | c10h_val    : 0.7800 (acc: 0.9300)
[2018/09/25 11:30:40 __main__ INFO] - -            c10h_train_c10: 0.0022 (acc: 0.9952) | c10h_val_c10: 0.3758 (acc: 0.9350)
[2018/09/25 11:30:40 __main__ INFO] - -            v4            : 0.9982 (acc: 0.8164) |           v6: 0.9213 (acc: 0.8325)
[2018/09/25 11:30:40 __main__ INFO] - -            c10_50k       : 0.0620 (acc: 0.9805)
[2018/09/25 11:30:40 __main__ INFO] - Elapsed 21.99
keys:  dict_keys(['epoch', 'c10h_train_loss', 'c10h_train_acc', 'c10h_val_loss', 'c10h_val_acc', 'c10h_train_c10_loss', 'c10h_train_c10_acc', 'c10h_val_c10_loss', 'c10h_val_c10_acc', 'v4_loss', 'v4_acc', 'v6_loss', 'v6_acc', 'c10_50k_loss', 'c10_50k_acc']) 
 c10h_outdir:  /tigress/ruairidh/model_results/run_1/saves/vgg_15_BN_64/con_True_lr_0.01_seed_0
[2018/09/25 11:30:40 __main__ INFO] - Train 81
[2018/09/25 11:30:44 __main__ INFO] - TEST 81
[2018/09/25 11:31:06 __main__ INFO] - - epoch 81    c10h_train    : 0.6074 (acc: 0.9876) | c10h_val    : 0.7833 (acc: 0.9300)
[2018/09/25 11:31:06 __main__ INFO] - -            c10h_train_c10: 0.0018 (acc: 0.9952) | c10h_val_c10: 0.3749 (acc: 0.9350)
[2018/09/25 11:31:06 __main__ INFO] - -            v4            : 0.9771 (acc: 0.8229) |           v6: 0.9094 (acc: 0.8365)
[2018/09/25 11:31:06 __main__ INFO] - -            c10_50k       : 0.0557 (acc: 0.9825)
[2018/09/25 11:31:06 __main__ INFO] - Elapsed 22.01
keys:  dict_keys(['epoch', 'c10h_train_loss', 'c10h_train_acc', 'c10h_val_loss', 'c10h_val_acc', 'c10h_train_c10_loss', 'c10h_train_c10_acc', 'c10h_val_c10_loss', 'c10h_val_c10_acc', 'v4_loss', 'v4_acc', 'v6_loss', 'v6_acc', 'c10_50k_loss', 'c10_50k_acc']) 
 c10h_outdir:  /tigress/ruairidh/model_results/run_1/saves/vgg_15_BN_64/con_True_lr_0.01_seed_0
[2018/09/25 11:31:07 __main__ INFO] - Train 82
[2018/09/25 11:31:11 __main__ INFO] - TEST 82
[2018/09/25 11:31:33 __main__ INFO] - - epoch 82    c10h_train    : 0.5965 (acc: 0.9879) | c10h_val    : 0.7768 (acc: 0.9310)
[2018/09/25 11:31:34 __main__ INFO] - -            c10h_train_c10: 0.0019 (acc: 0.9954) | c10h_val_c10: 0.3741 (acc: 0.9360)
[2018/09/25 11:31:34 __main__ INFO] - -            v4            : 0.9888 (acc: 0.8125) |           v6: 0.9062 (acc: 0.8330)
[2018/09/25 11:31:34 __main__ INFO] - -            c10_50k       : 0.0586 (acc: 0.9817)
[2018/09/25 11:31:34 __main__ INFO] - Elapsed 22.00
keys:  dict_keys(['epoch', 'c10h_train_loss', 'c10h_train_acc', 'c10h_val_loss', 'c10h_val_acc', 'c10h_train_c10_loss', 'c10h_train_c10_acc', 'c10h_val_c10_loss', 'c10h_val_c10_acc', 'v4_loss', 'v4_acc', 'v6_loss', 'v6_acc', 'c10_50k_loss', 'c10_50k_acc']) 
 c10h_outdir:  /tigress/ruairidh/model_results/run_1/saves/vgg_15_BN_64/con_True_lr_0.01_seed_0
[2018/09/25 11:31:35 __main__ INFO] - Train 83
[2018/09/25 11:31:39 __main__ INFO] - TEST 83
[2018/09/25 11:32:01 __main__ INFO] - - epoch 83    c10h_train    : 0.6064 (acc: 0.9874) | c10h_val    : 0.7777 (acc: 0.9300)
[2018/09/25 11:32:01 __main__ INFO] - -            c10h_train_c10: 0.0025 (acc: 0.9951) | c10h_val_c10: 0.3703 (acc: 0.9350)
[2018/09/25 11:32:01 __main__ INFO] - -            v4            : 0.9263 (acc: 0.8219) |           v6: 0.9030 (acc: 0.8360)
[2018/09/25 11:32:01 __main__ INFO] - -            c10_50k       : 0.0584 (acc: 0.9816)
[2018/09/25 11:32:01 __main__ INFO] - Elapsed 22.06
keys:  dict_keys(['epoch', 'c10h_train_loss', 'c10h_train_acc', 'c10h_val_loss', 'c10h_val_acc', 'c10h_train_c10_loss', 'c10h_train_c10_acc', 'c10h_val_c10_loss', 'c10h_val_c10_acc', 'v4_loss', 'v4_acc', 'v6_loss', 'v6_acc', 'c10_50k_loss', 'c10_50k_acc']) 
 c10h_outdir:  /tigress/ruairidh/model_results/run_1/saves/vgg_15_BN_64/con_True_lr_0.01_seed_0
[2018/09/25 11:32:01 __main__ INFO] - Train 84
[2018/09/25 11:32:05 __main__ INFO] - TEST 84
[2018/09/25 11:32:27 __main__ INFO] - - epoch 84    c10h_train    : 0.6105 (acc: 0.9873) | c10h_val    : 0.7758 (acc: 0.9310)
[2018/09/25 11:32:27 __main__ INFO] - -            c10h_train_c10: 0.0018 (acc: 0.9950) | c10h_val_c10: 0.3692 (acc: 0.9360)
[2018/09/25 11:32:27 __main__ INFO] - -            v4            : 0.9635 (acc: 0.8214) |           v6: 0.8987 (acc: 0.8365)
[2018/09/25 11:32:27 __main__ INFO] - -            c10_50k       : 0.0536 (acc: 0.9827)
[2018/09/25 11:32:27 __main__ INFO] - Elapsed 21.81
keys:  dict_keys(['epoch', 'c10h_train_loss', 'c10h_train_acc', 'c10h_val_loss', 'c10h_val_acc', 'c10h_train_c10_loss', 'c10h_train_c10_acc', 'c10h_val_c10_loss', 'c10h_val_c10_acc', 'v4_loss', 'v4_acc', 'v6_loss', 'v6_acc', 'c10_50k_loss', 'c10_50k_acc']) 
 c10h_outdir:  /tigress/ruairidh/model_results/run_1/saves/vgg_15_BN_64/con_True_lr_0.01_seed_0
[2018/09/25 11:32:28 __main__ INFO] - Train 85
[2018/09/25 11:32:32 __main__ INFO] - TEST 85
[2018/09/25 11:32:54 __main__ INFO] - - epoch 85    c10h_train    : 0.6125 (acc: 0.9877) | c10h_val    : 0.7796 (acc: 0.9310)
[2018/09/25 11:32:54 __main__ INFO] - -            c10h_train_c10: 0.0017 (acc: 0.9952) | c10h_val_c10: 0.3701 (acc: 0.9360)
[2018/09/25 11:32:54 __main__ INFO] - -            v4            : 0.9555 (acc: 0.8115) |           v6: 0.8994 (acc: 0.8365)
[2018/09/25 11:32:54 __main__ INFO] - -            c10_50k       : 0.0574 (acc: 0.9821)
[2018/09/25 11:32:54 __main__ INFO] - Elapsed 21.86
keys:  dict_keys(['epoch', 'c10h_train_loss', 'c10h_train_acc', 'c10h_val_loss', 'c10h_val_acc', 'c10h_train_c10_loss', 'c10h_train_c10_acc', 'c10h_val_c10_loss', 'c10h_val_c10_acc', 'v4_loss', 'v4_acc', 'v6_loss', 'v6_acc', 'c10_50k_loss', 'c10_50k_acc']) 
 c10h_outdir:  /tigress/ruairidh/model_results/run_1/saves/vgg_15_BN_64/con_True_lr_0.01_seed_0
[2018/09/25 11:32:55 __main__ INFO] - Train 86
[2018/09/25 11:32:59 __main__ INFO] - TEST 86
[2018/09/25 11:33:21 __main__ INFO] - - epoch 86    c10h_train    : 0.6088 (acc: 0.9876) | c10h_val    : 0.7732 (acc: 0.9310)
[2018/09/25 11:33:21 __main__ INFO] - -            c10h_train_c10: 0.0020 (acc: 0.9952) | c10h_val_c10: 0.3650 (acc: 0.9360)
[2018/09/25 11:33:21 __main__ INFO] - -            v4            : 1.0038 (acc: 0.8149) |           v6: 0.8901 (acc: 0.8385)
[2018/09/25 11:33:21 __main__ INFO] - -            c10_50k       : 0.0549 (acc: 0.9829)
[2018/09/25 11:33:21 __main__ INFO] - Elapsed 21.96
keys:  dict_keys(['epoch', 'c10h_train_loss', 'c10h_train_acc', 'c10h_val_loss', 'c10h_val_acc', 'c10h_train_c10_loss', 'c10h_train_c10_acc', 'c10h_val_c10_loss', 'c10h_val_c10_acc', 'v4_loss', 'v4_acc', 'v6_loss', 'v6_acc', 'c10_50k_loss', 'c10_50k_acc']) 
 c10h_outdir:  /tigress/ruairidh/model_results/run_1/saves/vgg_15_BN_64/con_True_lr_0.01_seed_0
[2018/09/25 11:33:22 __main__ INFO] - Train 87
[2018/09/25 11:33:26 __main__ INFO] - TEST 87
[2018/09/25 11:33:48 __main__ INFO] - - epoch 87    c10h_train    : 0.6087 (acc: 0.9877) | c10h_val    : 0.7761 (acc: 0.9270)
[2018/09/25 11:33:48 __main__ INFO] - -            c10h_train_c10: 0.0014 (acc: 0.9953) | c10h_val_c10: 0.3677 (acc: 0.9320)
[2018/09/25 11:33:48 __main__ INFO] - -            v4            : 0.9482 (acc: 0.8204) |           v6: 0.8890 (acc: 0.8370)
[2018/09/25 11:33:48 __main__ INFO] - -            c10_50k       : 0.0556 (acc: 0.9824)
[2018/09/25 11:33:48 __main__ INFO] - Elapsed 21.96
keys:  dict_keys(['epoch', 'c10h_train_loss', 'c10h_train_acc', 'c10h_val_loss', 'c10h_val_acc', 'c10h_train_c10_loss', 'c10h_train_c10_acc', 'c10h_val_c10_loss', 'c10h_val_c10_acc', 'v4_loss', 'v4_acc', 'v6_loss', 'v6_acc', 'c10_50k_loss', 'c10_50k_acc']) 
 c10h_outdir:  /tigress/ruairidh/model_results/run_1/saves/vgg_15_BN_64/con_True_lr_0.01_seed_0
[2018/09/25 11:33:48 __main__ INFO] - Train 88
[2018/09/25 11:33:53 __main__ INFO] - TEST 88
[2018/09/25 11:34:14 __main__ INFO] - - epoch 88    c10h_train    : 0.6079 (acc: 0.9879) | c10h_val    : 0.7729 (acc: 0.9300)
[2018/09/25 11:34:15 __main__ INFO] - -            c10h_train_c10: 0.0014 (acc: 0.9954) | c10h_val_c10: 0.3653 (acc: 0.9350)
[2018/09/25 11:34:15 __main__ INFO] - -            v4            : 0.9776 (acc: 0.8224) |           v6: 0.8885 (acc: 0.8355)
[2018/09/25 11:34:15 __main__ INFO] - -            c10_50k       : 0.0525 (acc: 0.9831)
[2018/09/25 11:34:15 __main__ INFO] - Elapsed 21.90
keys:  dict_keys(['epoch', 'c10h_train_loss', 'c10h_train_acc', 'c10h_val_loss', 'c10h_val_acc', 'c10h_train_c10_loss', 'c10h_train_c10_acc', 'c10h_val_c10_loss', 'c10h_val_c10_acc', 'v4_loss', 'v4_acc', 'v6_loss', 'v6_acc', 'c10_50k_loss', 'c10_50k_acc']) 
 c10h_outdir:  /tigress/ruairidh/model_results/run_1/saves/vgg_15_BN_64/con_True_lr_0.01_seed_0
[2018/09/25 11:34:15 __main__ INFO] - Train 89
[2018/09/25 11:34:19 __main__ INFO] - TEST 89
[2018/09/25 11:34:41 __main__ INFO] - - epoch 89    c10h_train    : 0.6082 (acc: 0.9878) | c10h_val    : 0.7731 (acc: 0.9320)
[2018/09/25 11:34:41 __main__ INFO] - -            c10h_train_c10: 0.0016 (acc: 0.9953) | c10h_val_c10: 0.3663 (acc: 0.9370)
[2018/09/25 11:34:41 __main__ INFO] - -            v4            : 0.9484 (acc: 0.8130) |           v6: 0.8817 (acc: 0.8375)
[2018/09/25 11:34:41 __main__ INFO] - -            c10_50k       : 0.0551 (acc: 0.9833)
[2018/09/25 11:34:41 __main__ INFO] - Elapsed 21.90
keys:  dict_keys(['epoch', 'c10h_train_loss', 'c10h_train_acc', 'c10h_val_loss', 'c10h_val_acc', 'c10h_train_c10_loss', 'c10h_train_c10_acc', 'c10h_val_c10_loss', 'c10h_val_c10_acc', 'v4_loss', 'v4_acc', 'v6_loss', 'v6_acc', 'c10_50k_loss', 'c10_50k_acc']) 
 c10h_outdir:  /tigress/ruairidh/model_results/run_1/saves/vgg_15_BN_64/con_True_lr_0.01_seed_0
[2018/09/25 11:34:44 __main__ INFO] - Train 90
[2018/09/25 11:34:48 __main__ INFO] - TEST 90
[2018/09/25 11:35:10 __main__ INFO] - - epoch 90    c10h_train    : 0.6128 (acc: 0.9879) | c10h_val    : 0.7778 (acc: 0.9310)
[2018/09/25 11:35:10 __main__ INFO] - -            c10h_train_c10: 0.0017 (acc: 0.9953) | c10h_val_c10: 0.3658 (acc: 0.9360)
[2018/09/25 11:35:10 __main__ INFO] - -            v4            : 1.0096 (acc: 0.8120) |           v6: 0.8920 (acc: 0.8365)
[2018/09/25 11:35:10 __main__ INFO] - -            c10_50k       : 0.0528 (acc: 0.9835)
[2018/09/25 11:35:10 __main__ INFO] - Elapsed 21.89
keys:  dict_keys(['epoch', 'c10h_train_loss', 'c10h_train_acc', 'c10h_val_loss', 'c10h_val_acc', 'c10h_train_c10_loss', 'c10h_train_c10_acc', 'c10h_val_c10_loss', 'c10h_val_c10_acc', 'v4_loss', 'v4_acc', 'v6_loss', 'v6_acc', 'c10_50k_loss', 'c10_50k_acc']) 
 c10h_outdir:  /tigress/ruairidh/model_results/run_1/saves/vgg_15_BN_64/con_True_lr_0.01_seed_0
[2018/09/25 11:35:10 __main__ INFO] - Train 91
[2018/09/25 11:35:14 __main__ INFO] - TEST 91
[2018/09/25 11:35:36 __main__ INFO] - - epoch 91    c10h_train    : 0.6077 (acc: 0.9877) | c10h_val    : 0.7683 (acc: 0.9300)
[2018/09/25 11:35:36 __main__ INFO] - -            c10h_train_c10: 0.0018 (acc: 0.9953) | c10h_val_c10: 0.3618 (acc: 0.9350)
[2018/09/25 11:35:36 __main__ INFO] - -            v4            : 0.9715 (acc: 0.8110) |           v6: 0.8837 (acc: 0.8360)
[2018/09/25 11:35:36 __main__ INFO] - -            c10_50k       : 0.0541 (acc: 0.9827)
[2018/09/25 11:35:36 __main__ INFO] - Elapsed 21.91
keys:  dict_keys(['epoch', 'c10h_train_loss', 'c10h_train_acc', 'c10h_val_loss', 'c10h_val_acc', 'c10h_train_c10_loss', 'c10h_train_c10_acc', 'c10h_val_c10_loss', 'c10h_val_c10_acc', 'v4_loss', 'v4_acc', 'v6_loss', 'v6_acc', 'c10_50k_loss', 'c10_50k_acc']) 
 c10h_outdir:  /tigress/ruairidh/model_results/run_1/saves/vgg_15_BN_64/con_True_lr_0.01_seed_0
[2018/09/25 11:35:37 __main__ INFO] - Train 92
[2018/09/25 11:35:41 __main__ INFO] - TEST 92
[2018/09/25 11:36:03 __main__ INFO] - - epoch 92    c10h_train    : 0.6096 (acc: 0.9879) | c10h_val    : 0.7768 (acc: 0.9290)
[2018/09/25 11:36:03 __main__ INFO] - -            c10h_train_c10: 0.0011 (acc: 0.9956) | c10h_val_c10: 0.3659 (acc: 0.9340)
[2018/09/25 11:36:03 __main__ INFO] - -            v4            : 0.9687 (acc: 0.8238) |           v6: 0.8913 (acc: 0.8355)
[2018/09/25 11:36:03 __main__ INFO] - -            c10_50k       : 0.0519 (acc: 0.9835)
[2018/09/25 11:36:03 __main__ INFO] - Elapsed 22.07
keys:  dict_keys(['epoch', 'c10h_train_loss', 'c10h_train_acc', 'c10h_val_loss', 'c10h_val_acc', 'c10h_train_c10_loss', 'c10h_train_c10_acc', 'c10h_val_c10_loss', 'c10h_val_c10_acc', 'v4_loss', 'v4_acc', 'v6_loss', 'v6_acc', 'c10_50k_loss', 'c10_50k_acc']) 
 c10h_outdir:  /tigress/ruairidh/model_results/run_1/saves/vgg_15_BN_64/con_True_lr_0.01_seed_0
[2018/09/25 11:36:04 __main__ INFO] - Train 93
[2018/09/25 11:36:08 __main__ INFO] - TEST 93
[2018/09/25 11:36:30 __main__ INFO] - - epoch 93    c10h_train    : 0.6147 (acc: 0.9878) | c10h_val    : 0.7793 (acc: 0.9320)
[2018/09/25 11:36:30 __main__ INFO] - -            c10h_train_c10: 0.0012 (acc: 0.9953) | c10h_val_c10: 0.3673 (acc: 0.9370)
[2018/09/25 11:36:30 __main__ INFO] - -            v4            : 0.9391 (acc: 0.8174) |           v6: 0.8889 (acc: 0.8360)
[2018/09/25 11:36:30 __main__ INFO] - -            c10_50k       : 0.0548 (acc: 0.9830)
[2018/09/25 11:36:30 __main__ INFO] - Elapsed 21.96
keys:  dict_keys(['epoch', 'c10h_train_loss', 'c10h_train_acc', 'c10h_val_loss', 'c10h_val_acc', 'c10h_train_c10_loss', 'c10h_train_c10_acc', 'c10h_val_c10_loss', 'c10h_val_c10_acc', 'v4_loss', 'v4_acc', 'v6_loss', 'v6_acc', 'c10_50k_loss', 'c10_50k_acc']) 
 c10h_outdir:  /tigress/ruairidh/model_results/run_1/saves/vgg_15_BN_64/con_True_lr_0.01_seed_0
[2018/09/25 11:36:30 __main__ INFO] - Train 94
[2018/09/25 11:36:34 __main__ INFO] - TEST 94
[2018/09/25 11:36:56 __main__ INFO] - - epoch 94    c10h_train    : 0.6164 (acc: 0.9877) | c10h_val    : 0.7770 (acc: 0.9310)
[2018/09/25 11:36:56 __main__ INFO] - -            c10h_train_c10: 0.0013 (acc: 0.9953) | c10h_val_c10: 0.3666 (acc: 0.9360)
[2018/09/25 11:36:56 __main__ INFO] - -            v4            : 0.9786 (acc: 0.8149) |           v6: 0.8989 (acc: 0.8340)
[2018/09/25 11:36:56 __main__ INFO] - -            c10_50k       : 0.0535 (acc: 0.9825)
[2018/09/25 11:36:56 __main__ INFO] - Elapsed 22.02
keys:  dict_keys(['epoch', 'c10h_train_loss', 'c10h_train_acc', 'c10h_val_loss', 'c10h_val_acc', 'c10h_train_c10_loss', 'c10h_train_c10_acc', 'c10h_val_c10_loss', 'c10h_val_c10_acc', 'v4_loss', 'v4_acc', 'v6_loss', 'v6_acc', 'c10_50k_loss', 'c10_50k_acc']) 
 c10h_outdir:  /tigress/ruairidh/model_results/run_1/saves/vgg_15_BN_64/con_True_lr_0.01_seed_0
[2018/09/25 11:36:57 __main__ INFO] - Train 95
[2018/09/25 11:37:01 __main__ INFO] - TEST 95
[2018/09/25 11:37:23 __main__ INFO] - - epoch 95    c10h_train    : 0.6060 (acc: 0.9878) | c10h_val    : 0.7770 (acc: 0.9290)
[2018/09/25 11:37:23 __main__ INFO] - -            c10h_train_c10: 0.0014 (acc: 0.9954) | c10h_val_c10: 0.3674 (acc: 0.9340)
[2018/09/25 11:37:23 __main__ INFO] - -            v4            : 0.9927 (acc: 0.8164) |           v6: 0.8830 (acc: 0.8355)
[2018/09/25 11:37:23 __main__ INFO] - -            c10_50k       : 0.0522 (acc: 0.9833)
[2018/09/25 11:37:23 __main__ INFO] - Elapsed 22.05
keys:  dict_keys(['epoch', 'c10h_train_loss', 'c10h_train_acc', 'c10h_val_loss', 'c10h_val_acc', 'c10h_train_c10_loss', 'c10h_train_c10_acc', 'c10h_val_c10_loss', 'c10h_val_c10_acc', 'v4_loss', 'v4_acc', 'v6_loss', 'v6_acc', 'c10_50k_loss', 'c10_50k_acc']) 
 c10h_outdir:  /tigress/ruairidh/model_results/run_1/saves/vgg_15_BN_64/con_True_lr_0.01_seed_0
[2018/09/25 11:37:24 __main__ INFO] - Train 96
[2018/09/25 11:37:28 __main__ INFO] - TEST 96
[2018/09/25 11:37:50 __main__ INFO] - - epoch 96    c10h_train    : 0.6095 (acc: 0.9878) | c10h_val    : 0.7712 (acc: 0.9300)
[2018/09/25 11:37:50 __main__ INFO] - -            c10h_train_c10: 0.0016 (acc: 0.9953) | c10h_val_c10: 0.3626 (acc: 0.9350)
[2018/09/25 11:37:50 __main__ INFO] - -            v4            : 0.9333 (acc: 0.8209) |           v6: 0.8833 (acc: 0.8370)
[2018/09/25 11:37:50 __main__ INFO] - -            c10_50k       : 0.0531 (acc: 0.9825)
[2018/09/25 11:37:50 __main__ INFO] - Elapsed 21.89
keys:  dict_keys(['epoch', 'c10h_train_loss', 'c10h_train_acc', 'c10h_val_loss', 'c10h_val_acc', 'c10h_train_c10_loss', 'c10h_train_c10_acc', 'c10h_val_c10_loss', 'c10h_val_c10_acc', 'v4_loss', 'v4_acc', 'v6_loss', 'v6_acc', 'c10_50k_loss', 'c10_50k_acc']) 
 c10h_outdir:  /tigress/ruairidh/model_results/run_1/saves/vgg_15_BN_64/con_True_lr_0.01_seed_0
[2018/09/25 11:37:51 __main__ INFO] - Train 97
[2018/09/25 11:37:55 __main__ INFO] - TEST 97
[2018/09/25 11:38:17 __main__ INFO] - - epoch 97    c10h_train    : 0.6108 (acc: 0.9878) | c10h_val    : 0.7709 (acc: 0.9290)
[2018/09/25 11:38:17 __main__ INFO] - -            c10h_train_c10: 0.0011 (acc: 0.9954) | c10h_val_c10: 0.3607 (acc: 0.9340)
[2018/09/25 11:38:17 __main__ INFO] - -            v4            : 0.9657 (acc: 0.8144) |           v6: 0.8907 (acc: 0.8355)
[2018/09/25 11:38:17 __main__ INFO] - -            c10_50k       : 0.0538 (acc: 0.9827)
[2018/09/25 11:38:17 __main__ INFO] - Elapsed 21.92
keys:  dict_keys(['epoch', 'c10h_train_loss', 'c10h_train_acc', 'c10h_val_loss', 'c10h_val_acc', 'c10h_train_c10_loss', 'c10h_train_c10_acc', 'c10h_val_c10_loss', 'c10h_val_c10_acc', 'v4_loss', 'v4_acc', 'v6_loss', 'v6_acc', 'c10_50k_loss', 'c10_50k_acc']) 
 c10h_outdir:  /tigress/ruairidh/model_results/run_1/saves/vgg_15_BN_64/con_True_lr_0.01_seed_0
[2018/09/25 11:38:18 __main__ INFO] - Train 98
[2018/09/25 11:38:22 __main__ INFO] - TEST 98
[2018/09/25 11:38:44 __main__ INFO] - - epoch 98    c10h_train    : 0.6097 (acc: 0.9880) | c10h_val    : 0.7735 (acc: 0.9290)
[2018/09/25 11:38:44 __main__ INFO] - -            c10h_train_c10: 0.0012 (acc: 0.9956) | c10h_val_c10: 0.3634 (acc: 0.9340)
[2018/09/25 11:38:44 __main__ INFO] - -            v4            : 0.9395 (acc: 0.8224) |           v6: 0.8868 (acc: 0.8375)
[2018/09/25 11:38:44 __main__ INFO] - -            c10_50k       : 0.0538 (acc: 0.9834)
[2018/09/25 11:38:44 __main__ INFO] - Elapsed 21.98
keys:  dict_keys(['epoch', 'c10h_train_loss', 'c10h_train_acc', 'c10h_val_loss', 'c10h_val_acc', 'c10h_train_c10_loss', 'c10h_train_c10_acc', 'c10h_val_c10_loss', 'c10h_val_c10_acc', 'v4_loss', 'v4_acc', 'v6_loss', 'v6_acc', 'c10_50k_loss', 'c10_50k_acc']) 
 c10h_outdir:  /tigress/ruairidh/model_results/run_1/saves/vgg_15_BN_64/con_True_lr_0.01_seed_0
[2018/09/25 11:38:45 __main__ INFO] - Train 99
[2018/09/25 11:38:49 __main__ INFO] - TEST 99
[2018/09/25 11:39:11 __main__ INFO] - - epoch 99    c10h_train    : 0.6167 (acc: 0.9877) | c10h_val    : 0.7781 (acc: 0.9290)
[2018/09/25 11:39:11 __main__ INFO] - -            c10h_train_c10: 0.0015 (acc: 0.9953) | c10h_val_c10: 0.3669 (acc: 0.9340)
[2018/09/25 11:39:11 __main__ INFO] - -            v4            : 0.8769 (acc: 0.8248) |           v6: 0.8912 (acc: 0.8365)
[2018/09/25 11:39:11 __main__ INFO] - -            c10_50k       : 0.0506 (acc: 0.9839)
[2018/09/25 11:39:11 __main__ INFO] - Elapsed 21.87
keys:  dict_keys(['epoch', 'c10h_train_loss', 'c10h_train_acc', 'c10h_val_loss', 'c10h_val_acc', 'c10h_train_c10_loss', 'c10h_train_c10_acc', 'c10h_val_c10_loss', 'c10h_val_c10_acc', 'v4_loss', 'v4_acc', 'v6_loss', 'v6_acc', 'c10_50k_loss', 'c10_50k_acc']) 
 c10h_outdir:  /tigress/ruairidh/model_results/run_1/saves/vgg_15_BN_64/con_True_lr_0.01_seed_0
[2018/09/25 11:39:11 __main__ INFO] - Train 100
[2018/09/25 11:39:15 __main__ INFO] - TEST 100
[2018/09/25 11:39:37 __main__ INFO] - - epoch 100    c10h_train    : 0.6146 (acc: 0.9878) | c10h_val    : 0.7783 (acc: 0.9290)
[2018/09/25 11:39:37 __main__ INFO] - -            c10h_train_c10: 0.0014 (acc: 0.9953) | c10h_val_c10: 0.3668 (acc: 0.9340)
[2018/09/25 11:39:37 __main__ INFO] - -            v4            : 1.0063 (acc: 0.8209) |           v6: 0.8907 (acc: 0.8375)
[2018/09/25 11:39:37 __main__ INFO] - -            c10_50k       : 0.0549 (acc: 0.9833)
[2018/09/25 11:39:37 __main__ INFO] - Elapsed 21.70
keys:  dict_keys(['epoch', 'c10h_train_loss', 'c10h_train_acc', 'c10h_val_loss', 'c10h_val_acc', 'c10h_train_c10_loss', 'c10h_train_c10_acc', 'c10h_val_c10_loss', 'c10h_val_c10_acc', 'v4_loss', 'v4_acc', 'v6_loss', 'v6_acc', 'c10_50k_loss', 'c10_50k_acc']) 
 c10h_outdir:  /tigress/ruairidh/model_results/run_1/saves/vgg_15_BN_64/con_True_lr_0.01_seed_0
inner done
