entering inner script
activating virtual env
vgg_15_BN_64
identifier: con_True_lr_0.1_seed_0
--arch=vgg --c10h_save_interval=2 --dataset=CIFAR10H --no_output --c10h_datasplit_seed=0 --human_tune --nonhuman_control=True --base_lr=0.1
vgg_15_BN_64_control:True_lr:0.1_seed:0.out
entering python script
/tigress/ruairidh/model_results/run_1/vgg_15_BN_64/model_best_state.pth
/tigress/ruairidh/model_results/run_1/saves/vgg_15_BN_64/con_True_lr_0.1_seed_0
Using TensorFlow backend.
[2018/09/25 10:54:34 __main__ INFO] - {
  "model_config": {
    "arch": "vgg",
    "input_shape": [
      1,
      3,
      32,
      32
    ],
    "n_classes": 10,
    "n_channels": [
      64,
      128,
      256,
      512,
      512
    ],
    "n_layers": [
      2,
      2,
      3,
      3,
      3
    ],
    "use_bn": true
  },
  "optim_config": {
    "epochs": 160,
    "batch_size": 128,
    "optimizer": "sgd",
    "base_lr": 0.1,
    "weight_decay": 0.0001,
    "momentum": 0.9,
    "nesterov": true,
    "scheduler": "multistep",
    "milestones": [
      80,
      120
    ],
    "lr_decay": 0.1
  },
  "data_config": {
    "dataset": "CIFAR10H",
    "n_classes": 10,
    "num_workers": 7,
    "batch_size": 128,
    "use_cutout": false,
    "use_random_erasing": false,
    "use_mixup": false,
    "c10h_sample": false,
    "c10h_testsplit_percent": 0.1,
    "c10h_datasplit_seed": 0,
    "use_gpu": true
  },
  "run_config": {
    "seed": 17,
    "test_first": true,
    "gpu": "0",
    "tensorboard": false,
    "tensorboard_train_images": false,
    "tensorboard_test_images": false,
    "tensorboard_model_params": false,
    "resume": "/tigress/ruairidh/model_results/run_1/vgg_15_BN_64/model_best_state.pth",
    "human_tune": true,
    "no_output": true,
    "test_only": false,
    "nonhuman_control": true,
    "c10h_scores_outdir": "/tigress/ruairidh/model_results/run_1/saves/vgg_15_BN_64/con_True_lr_0.1_seed_0",
    "c10h_save_interval": "2",
    "use_gpu": true
  },
  "env_info": {
    "pytorch_version": "0.4.1",
    "cuda_version": "9.0.176",
    "cudnn_version": 7102,
    "gpu0": {
      "name": "Tesla P100-PCIE-16GB",
      "capability": "6.0"
    }
  }
}
Files already downloaded and verified
Files already downloaded and verified
Files already downloaded and verified
Files already downloaded and verified
Files already downloaded and verified
[2018/09/25 10:54:37 __main__ INFO] - Loading model...
[2018/09/25 10:54:38 __main__ INFO] - n_params: 14728266
[2018/09/25 10:54:39 __main__ INFO] - Done
=> loading checkpoint '/tigress/ruairidh/model_results/run_1/vgg_15_BN_64/model_best_state.pth'
=> loaded checkpoint '/tigress/ruairidh/model_results/run_1/vgg_15_BN_64/model_best_state.pth' (epoch 146)
[2018/09/25 10:54:39 __main__ INFO] - TEST 0
[2018/09/25 10:55:00 __main__ INFO] - - epoch 0    c10h_train    : 0.8242 (acc: 0.9186) | c10h_val    : 0.7522 (acc: 0.9340)
[2018/09/25 10:55:00 __main__ INFO] - -            c10h_train_c10: 0.3935 (acc: 0.9196) | c10h_val_c10: 0.3045 (acc: 0.9400)
[2018/09/25 10:55:00 __main__ INFO] - -            v4            : 0.8380 (acc: 0.8342) |           v6: 0.7882 (acc: 0.8535)
[2018/09/25 10:55:00 __main__ INFO] - -            c10_50k       : 0.0021 (acc: 0.9996)
[2018/09/25 10:55:00 __main__ INFO] - Elapsed 21.36
keys:  dict_keys(['epoch', 'c10h_train_loss', 'c10h_train_acc', 'c10h_val_loss', 'c10h_val_acc', 'c10h_train_c10_loss', 'c10h_train_c10_acc', 'c10h_val_c10_loss', 'c10h_val_c10_acc', 'v4_loss', 'v4_acc', 'v6_loss', 'v6_acc', 'c10_50k_loss', 'c10_50k_acc']) 
 c10h_outdir:  /tigress/ruairidh/model_results/run_1/saves/vgg_15_BN_64/con_True_lr_0.1_seed_0
[2018/09/25 10:55:01 __main__ INFO] - Train 1
[2018/09/25 10:55:06 __main__ INFO] - TEST 1
[2018/09/25 10:55:25 __main__ INFO] - - epoch 1    c10h_train    : 0.5767 (acc: 0.8428) | c10h_val    : 0.6360 (acc: 0.8170)
[2018/09/25 10:55:25 __main__ INFO] - -            c10h_train_c10: 0.4430 (acc: 0.8450) | c10h_val_c10: 0.4986 (acc: 0.8220)
[2018/09/25 10:55:25 __main__ INFO] - -            v4            : 0.8213 (acc: 0.7199) |           v6: 0.7801 (acc: 0.7285)
[2018/09/25 10:55:25 __main__ INFO] - -            c10_50k       : 0.3986 (acc: 0.8627)
[2018/09/25 10:55:25 __main__ INFO] - Elapsed 19.48
keys:  dict_keys(['epoch', 'c10h_train_loss', 'c10h_train_acc', 'c10h_val_loss', 'c10h_val_acc', 'c10h_train_c10_loss', 'c10h_train_c10_acc', 'c10h_val_c10_loss', 'c10h_val_c10_acc', 'v4_loss', 'v4_acc', 'v6_loss', 'v6_acc', 'c10_50k_loss', 'c10_50k_acc']) 
 c10h_outdir:  /tigress/ruairidh/model_results/run_1/saves/vgg_15_BN_64/con_True_lr_0.1_seed_0
[2018/09/25 10:55:26 __main__ INFO] - Train 2
[2018/09/25 10:55:29 __main__ INFO] - TEST 2
[2018/09/25 10:55:49 __main__ INFO] - - epoch 2    c10h_train    : 0.5652 (acc: 0.8574) | c10h_val    : 0.6616 (acc: 0.8350)
[2018/09/25 10:55:49 __main__ INFO] - -            c10h_train_c10: 0.3910 (acc: 0.8599) | c10h_val_c10: 0.5048 (acc: 0.8380)
[2018/09/25 10:55:49 __main__ INFO] - -            v4            : 0.9280 (acc: 0.7061) |           v6: 0.8934 (acc: 0.7195)
[2018/09/25 10:55:49 __main__ INFO] - -            c10_50k       : 0.3997 (acc: 0.8618)
[2018/09/25 10:55:49 __main__ INFO] - Elapsed 19.67
keys:  dict_keys(['epoch', 'c10h_train_loss', 'c10h_train_acc', 'c10h_val_loss', 'c10h_val_acc', 'c10h_train_c10_loss', 'c10h_train_c10_acc', 'c10h_val_c10_loss', 'c10h_val_c10_acc', 'v4_loss', 'v4_acc', 'v6_loss', 'v6_acc', 'c10_50k_loss', 'c10_50k_acc']) 
 c10h_outdir:  /tigress/ruairidh/model_results/run_1/saves/vgg_15_BN_64/con_True_lr_0.1_seed_0
[2018/09/25 10:55:50 __main__ INFO] - Train 3
[2018/09/25 10:55:54 __main__ INFO] - TEST 3
[2018/09/25 10:56:13 __main__ INFO] - - epoch 3    c10h_train    : 0.4601 (acc: 0.9040) | c10h_val    : 0.5244 (acc: 0.8660)
[2018/09/25 10:56:13 __main__ INFO] - -            c10h_train_c10: 0.2654 (acc: 0.9072) | c10h_val_c10: 0.3679 (acc: 0.8680)
[2018/09/25 10:56:13 __main__ INFO] - -            v4            : 0.8679 (acc: 0.7313) |           v6: 0.7735 (acc: 0.7535)
[2018/09/25 10:56:13 __main__ INFO] - -            c10_50k       : 0.3041 (acc: 0.8954)
[2018/09/25 10:56:13 __main__ INFO] - Elapsed 19.58
keys:  dict_keys(['epoch', 'c10h_train_loss', 'c10h_train_acc', 'c10h_val_loss', 'c10h_val_acc', 'c10h_train_c10_loss', 'c10h_train_c10_acc', 'c10h_val_c10_loss', 'c10h_val_c10_acc', 'v4_loss', 'v4_acc', 'v6_loss', 'v6_acc', 'c10_50k_loss', 'c10_50k_acc']) 
 c10h_outdir:  /tigress/ruairidh/model_results/run_1/saves/vgg_15_BN_64/con_True_lr_0.1_seed_0
[2018/09/25 10:56:15 __main__ INFO] - Train 4
[2018/09/25 10:56:18 __main__ INFO] - TEST 4
[2018/09/25 10:56:38 __main__ INFO] - - epoch 4    c10h_train    : 0.4455 (acc: 0.9194) | c10h_val    : 0.5820 (acc: 0.8740)
[2018/09/25 10:56:38 __main__ INFO] - -            c10h_train_c10: 0.2208 (acc: 0.9236) | c10h_val_c10: 0.3849 (acc: 0.8770)
[2018/09/25 10:56:38 __main__ INFO] - -            v4            : 0.8803 (acc: 0.7353) |           v6: 0.7777 (acc: 0.7680)
[2018/09/25 10:56:38 __main__ INFO] - -            c10_50k       : 0.2846 (acc: 0.9031)
[2018/09/25 10:56:38 __main__ INFO] - Elapsed 19.55
keys:  dict_keys(['epoch', 'c10h_train_loss', 'c10h_train_acc', 'c10h_val_loss', 'c10h_val_acc', 'c10h_train_c10_loss', 'c10h_train_c10_acc', 'c10h_val_c10_loss', 'c10h_val_c10_acc', 'v4_loss', 'v4_acc', 'v6_loss', 'v6_acc', 'c10_50k_loss', 'c10_50k_acc']) 
 c10h_outdir:  /tigress/ruairidh/model_results/run_1/saves/vgg_15_BN_64/con_True_lr_0.1_seed_0
[2018/09/25 10:56:39 __main__ INFO] - Train 5
[2018/09/25 10:56:42 __main__ INFO] - TEST 5
[2018/09/25 10:57:02 __main__ INFO] - - epoch 5    c10h_train    : 0.4459 (acc: 0.9182) | c10h_val    : 0.5867 (acc: 0.8630)
[2018/09/25 10:57:02 __main__ INFO] - -            c10h_train_c10: 0.2147 (acc: 0.9228) | c10h_val_c10: 0.4028 (acc: 0.8670)
[2018/09/25 10:57:02 __main__ INFO] - -            v4            : 0.8050 (acc: 0.7546) |           v6: 0.7181 (acc: 0.7675)
[2018/09/25 10:57:02 __main__ INFO] - -            c10_50k       : 0.3001 (acc: 0.8959)
[2018/09/25 10:57:02 __main__ INFO] - Elapsed 19.58
keys:  dict_keys(['epoch', 'c10h_train_loss', 'c10h_train_acc', 'c10h_val_loss', 'c10h_val_acc', 'c10h_train_c10_loss', 'c10h_train_c10_acc', 'c10h_val_c10_loss', 'c10h_val_c10_acc', 'v4_loss', 'v4_acc', 'v6_loss', 'v6_acc', 'c10_50k_loss', 'c10_50k_acc']) 
 c10h_outdir:  /tigress/ruairidh/model_results/run_1/saves/vgg_15_BN_64/con_True_lr_0.1_seed_0
[2018/09/25 10:57:03 __main__ INFO] - Train 6
[2018/09/25 10:57:07 __main__ INFO] - TEST 6
[2018/09/25 10:57:26 __main__ INFO] - - epoch 6    c10h_train    : 0.4451 (acc: 0.9201) | c10h_val    : 0.5422 (acc: 0.8850)
[2018/09/25 10:57:26 __main__ INFO] - -            c10h_train_c10: 0.2039 (acc: 0.9241) | c10h_val_c10: 0.3523 (acc: 0.8870)
[2018/09/25 10:57:26 __main__ INFO] - -            v4            : 0.8288 (acc: 0.7546) |           v6: 0.7625 (acc: 0.7710)
[2018/09/25 10:57:26 __main__ INFO] - -            c10_50k       : 0.3052 (acc: 0.8973)
[2018/09/25 10:57:26 __main__ INFO] - Elapsed 19.68
keys:  dict_keys(['epoch', 'c10h_train_loss', 'c10h_train_acc', 'c10h_val_loss', 'c10h_val_acc', 'c10h_train_c10_loss', 'c10h_train_c10_acc', 'c10h_val_c10_loss', 'c10h_val_c10_acc', 'v4_loss', 'v4_acc', 'v6_loss', 'v6_acc', 'c10_50k_loss', 'c10_50k_acc']) 
 c10h_outdir:  /tigress/ruairidh/model_results/run_1/saves/vgg_15_BN_64/con_True_lr_0.1_seed_0
[2018/09/25 10:57:27 __main__ INFO] - Train 7
[2018/09/25 10:57:31 __main__ INFO] - TEST 7
[2018/09/25 10:57:51 __main__ INFO] - - epoch 7    c10h_train    : 0.4637 (acc: 0.9276) | c10h_val    : 0.6346 (acc: 0.8750)
[2018/09/25 10:57:51 __main__ INFO] - -            c10h_train_c10: 0.1955 (acc: 0.9323) | c10h_val_c10: 0.4293 (acc: 0.8770)
[2018/09/25 10:57:51 __main__ INFO] - -            v4            : 0.9769 (acc: 0.7288) |           v6: 0.8623 (acc: 0.7555)
[2018/09/25 10:57:51 __main__ INFO] - -            c10_50k       : 0.3435 (acc: 0.8880)
[2018/09/25 10:57:51 __main__ INFO] - Elapsed 19.66
keys:  dict_keys(['epoch', 'c10h_train_loss', 'c10h_train_acc', 'c10h_val_loss', 'c10h_val_acc', 'c10h_train_c10_loss', 'c10h_train_c10_acc', 'c10h_val_c10_loss', 'c10h_val_c10_acc', 'v4_loss', 'v4_acc', 'v6_loss', 'v6_acc', 'c10_50k_loss', 'c10_50k_acc']) 
 c10h_outdir:  /tigress/ruairidh/model_results/run_1/saves/vgg_15_BN_64/con_True_lr_0.1_seed_0
[2018/09/25 10:57:51 __main__ INFO] - Train 8
[2018/09/25 10:57:55 __main__ INFO] - TEST 8
[2018/09/25 10:58:15 __main__ INFO] - - epoch 8    c10h_train    : 0.4256 (acc: 0.9269) | c10h_val    : 0.5567 (acc: 0.8860)
[2018/09/25 10:58:15 __main__ INFO] - -            c10h_train_c10: 0.1850 (acc: 0.9320) | c10h_val_c10: 0.3752 (acc: 0.8900)
[2018/09/25 10:58:15 __main__ INFO] - -            v4            : 0.8513 (acc: 0.7387) |           v6: 0.8029 (acc: 0.7510)
[2018/09/25 10:58:15 __main__ INFO] - -            c10_50k       : 0.3374 (acc: 0.8876)
[2018/09/25 10:58:15 __main__ INFO] - Elapsed 19.61
keys:  dict_keys(['epoch', 'c10h_train_loss', 'c10h_train_acc', 'c10h_val_loss', 'c10h_val_acc', 'c10h_train_c10_loss', 'c10h_train_c10_acc', 'c10h_val_c10_loss', 'c10h_val_c10_acc', 'v4_loss', 'v4_acc', 'v6_loss', 'v6_acc', 'c10_50k_loss', 'c10_50k_acc']) 
 c10h_outdir:  /tigress/ruairidh/model_results/run_1/saves/vgg_15_BN_64/con_True_lr_0.1_seed_0
[2018/09/25 10:58:15 __main__ INFO] - Train 9
[2018/09/25 10:58:19 __main__ INFO] - TEST 9
[2018/09/25 10:58:39 __main__ INFO] - - epoch 9    c10h_train    : 0.5831 (acc: 0.8936) | c10h_val    : 0.7575 (acc: 0.8400)
[2018/09/25 10:58:39 __main__ INFO] - -            c10h_train_c10: 0.3207 (acc: 0.8970) | c10h_val_c10: 0.5577 (acc: 0.8420)
[2018/09/25 10:58:39 __main__ INFO] - -            v4            : 1.2454 (acc: 0.6883) |           v6: 1.1792 (acc: 0.7170)
[2018/09/25 10:58:39 __main__ INFO] - -            c10_50k       : 0.5047 (acc: 0.8519)
[2018/09/25 10:58:39 __main__ INFO] - Elapsed 19.58
keys:  dict_keys(['epoch', 'c10h_train_loss', 'c10h_train_acc', 'c10h_val_loss', 'c10h_val_acc', 'c10h_train_c10_loss', 'c10h_train_c10_acc', 'c10h_val_c10_loss', 'c10h_val_c10_acc', 'v4_loss', 'v4_acc', 'v6_loss', 'v6_acc', 'c10_50k_loss', 'c10_50k_acc']) 
 c10h_outdir:  /tigress/ruairidh/model_results/run_1/saves/vgg_15_BN_64/con_True_lr_0.1_seed_0
[2018/09/25 10:58:39 __main__ INFO] - Train 10
[2018/09/25 10:58:43 __main__ INFO] - TEST 10
[2018/09/25 10:59:03 __main__ INFO] - - epoch 10    c10h_train    : 0.4543 (acc: 0.9332) | c10h_val    : 0.6598 (acc: 0.8740)
[2018/09/25 10:59:03 __main__ INFO] - -            c10h_train_c10: 0.1655 (acc: 0.9383) | c10h_val_c10: 0.4557 (acc: 0.8770)
[2018/09/25 10:59:03 __main__ INFO] - -            v4            : 1.0431 (acc: 0.7204) |           v6: 0.9612 (acc: 0.7425)
[2018/09/25 10:59:03 __main__ INFO] - -            c10_50k       : 0.3660 (acc: 0.8828)
[2018/09/25 10:59:03 __main__ INFO] - Elapsed 19.74
keys:  dict_keys(['epoch', 'c10h_train_loss', 'c10h_train_acc', 'c10h_val_loss', 'c10h_val_acc', 'c10h_train_c10_loss', 'c10h_train_c10_acc', 'c10h_val_c10_loss', 'c10h_val_c10_acc', 'v4_loss', 'v4_acc', 'v6_loss', 'v6_acc', 'c10_50k_loss', 'c10_50k_acc']) 
 c10h_outdir:  /tigress/ruairidh/model_results/run_1/saves/vgg_15_BN_64/con_True_lr_0.1_seed_0
[2018/09/25 10:59:03 __main__ INFO] - Train 11
[2018/09/25 10:59:07 __main__ INFO] - TEST 11
[2018/09/25 10:59:27 __main__ INFO] - - epoch 11    c10h_train    : 0.6092 (acc: 0.8789) | c10h_val    : 0.8958 (acc: 0.8060)
[2018/09/25 10:59:27 __main__ INFO] - -            c10h_train_c10: 0.3440 (acc: 0.8826) | c10h_val_c10: 0.6928 (acc: 0.8070)
[2018/09/25 10:59:27 __main__ INFO] - -            v4            : 1.1884 (acc: 0.6858) |           v6: 1.1347 (acc: 0.7110)
[2018/09/25 10:59:27 __main__ INFO] - -            c10_50k       : 0.5781 (acc: 0.8304)
[2018/09/25 10:59:27 __main__ INFO] - Elapsed 19.64
keys:  dict_keys(['epoch', 'c10h_train_loss', 'c10h_train_acc', 'c10h_val_loss', 'c10h_val_acc', 'c10h_train_c10_loss', 'c10h_train_c10_acc', 'c10h_val_c10_loss', 'c10h_val_c10_acc', 'v4_loss', 'v4_acc', 'v6_loss', 'v6_acc', 'c10_50k_loss', 'c10_50k_acc']) 
 c10h_outdir:  /tigress/ruairidh/model_results/run_1/saves/vgg_15_BN_64/con_True_lr_0.1_seed_0
[2018/09/25 10:59:27 __main__ INFO] - Train 12
[2018/09/25 10:59:31 __main__ INFO] - TEST 12
[2018/09/25 10:59:51 __main__ INFO] - - epoch 12    c10h_train    : 0.4339 (acc: 0.9347) | c10h_val    : 0.6323 (acc: 0.8730)
[2018/09/25 10:59:51 __main__ INFO] - -            c10h_train_c10: 0.1581 (acc: 0.9398) | c10h_val_c10: 0.4219 (acc: 0.8760)
[2018/09/25 10:59:51 __main__ INFO] - -            v4            : 0.9618 (acc: 0.7229) |           v6: 0.8932 (acc: 0.7450)
[2018/09/25 10:59:51 __main__ INFO] - -            c10_50k       : 0.3620 (acc: 0.8832)
[2018/09/25 10:59:51 __main__ INFO] - Elapsed 19.71
keys:  dict_keys(['epoch', 'c10h_train_loss', 'c10h_train_acc', 'c10h_val_loss', 'c10h_val_acc', 'c10h_train_c10_loss', 'c10h_train_c10_acc', 'c10h_val_c10_loss', 'c10h_val_c10_acc', 'v4_loss', 'v4_acc', 'v6_loss', 'v6_acc', 'c10_50k_loss', 'c10_50k_acc']) 
 c10h_outdir:  /tigress/ruairidh/model_results/run_1/saves/vgg_15_BN_64/con_True_lr_0.1_seed_0
[2018/09/25 10:59:51 __main__ INFO] - Train 13
[2018/09/25 10:59:55 __main__ INFO] - TEST 13
[2018/09/25 11:00:15 __main__ INFO] - - epoch 13    c10h_train    : 0.4943 (acc: 0.9290) | c10h_val    : 0.6679 (acc: 0.8670)
[2018/09/25 11:00:15 __main__ INFO] - -            c10h_train_c10: 0.1830 (acc: 0.9338) | c10h_val_c10: 0.4493 (acc: 0.8710)
[2018/09/25 11:00:15 __main__ INFO] - -            v4            : 1.0759 (acc: 0.7150) |           v6: 1.0310 (acc: 0.7230)
[2018/09/25 11:00:15 __main__ INFO] - -            c10_50k       : 0.4163 (acc: 0.8736)
[2018/09/25 11:00:15 __main__ INFO] - Elapsed 19.61
keys:  dict_keys(['epoch', 'c10h_train_loss', 'c10h_train_acc', 'c10h_val_loss', 'c10h_val_acc', 'c10h_train_c10_loss', 'c10h_train_c10_acc', 'c10h_val_c10_loss', 'c10h_val_c10_acc', 'v4_loss', 'v4_acc', 'v6_loss', 'v6_acc', 'c10_50k_loss', 'c10_50k_acc']) 
 c10h_outdir:  /tigress/ruairidh/model_results/run_1/saves/vgg_15_BN_64/con_True_lr_0.1_seed_0
[2018/09/25 11:00:15 __main__ INFO] - Train 14
[2018/09/25 11:00:19 __main__ INFO] - TEST 14
[2018/09/25 11:00:39 __main__ INFO] - - epoch 14    c10h_train    : 0.4645 (acc: 0.9418) | c10h_val    : 0.6814 (acc: 0.8640)
[2018/09/25 11:00:39 __main__ INFO] - -            c10h_train_c10: 0.1412 (acc: 0.9476) | c10h_val_c10: 0.4542 (acc: 0.8650)
[2018/09/25 11:00:39 __main__ INFO] - -            v4            : 1.0446 (acc: 0.7244) |           v6: 0.9361 (acc: 0.7590)
[2018/09/25 11:00:39 __main__ INFO] - -            c10_50k       : 0.3801 (acc: 0.8821)
[2018/09/25 11:00:39 __main__ INFO] - Elapsed 19.69
keys:  dict_keys(['epoch', 'c10h_train_loss', 'c10h_train_acc', 'c10h_val_loss', 'c10h_val_acc', 'c10h_train_c10_loss', 'c10h_train_c10_acc', 'c10h_val_c10_loss', 'c10h_val_c10_acc', 'v4_loss', 'v4_acc', 'v6_loss', 'v6_acc', 'c10_50k_loss', 'c10_50k_acc']) 
 c10h_outdir:  /tigress/ruairidh/model_results/run_1/saves/vgg_15_BN_64/con_True_lr_0.1_seed_0
[2018/09/25 11:00:40 __main__ INFO] - Train 15
[2018/09/25 11:00:43 __main__ INFO] - TEST 15
[2018/09/25 11:01:03 __main__ INFO] - - epoch 15    c10h_train    : 0.4916 (acc: 0.9208) | c10h_val    : 0.7235 (acc: 0.8380)
[2018/09/25 11:01:03 __main__ INFO] - -            c10h_train_c10: 0.2012 (acc: 0.9257) | c10h_val_c10: 0.5329 (acc: 0.8400)
[2018/09/25 11:01:03 __main__ INFO] - -            v4            : 1.0680 (acc: 0.7175) |           v6: 1.0189 (acc: 0.7230)
[2018/09/25 11:01:03 __main__ INFO] - -            c10_50k       : 0.4363 (acc: 0.8649)
[2018/09/25 11:01:03 __main__ INFO] - Elapsed 19.72
keys:  dict_keys(['epoch', 'c10h_train_loss', 'c10h_train_acc', 'c10h_val_loss', 'c10h_val_acc', 'c10h_train_c10_loss', 'c10h_train_c10_acc', 'c10h_val_c10_loss', 'c10h_val_c10_acc', 'v4_loss', 'v4_acc', 'v6_loss', 'v6_acc', 'c10_50k_loss', 'c10_50k_acc']) 
 c10h_outdir:  /tigress/ruairidh/model_results/run_1/saves/vgg_15_BN_64/con_True_lr_0.1_seed_0
[2018/09/25 11:01:03 __main__ INFO] - Train 16
[2018/09/25 11:01:07 __main__ INFO] - TEST 16
[2018/09/25 11:01:27 __main__ INFO] - - epoch 16    c10h_train    : 0.4512 (acc: 0.9373) | c10h_val    : 0.6854 (acc: 0.8600)
[2018/09/25 11:01:27 __main__ INFO] - -            c10h_train_c10: 0.1572 (acc: 0.9418) | c10h_val_c10: 0.4794 (acc: 0.8630)
[2018/09/25 11:01:27 __main__ INFO] - -            v4            : 0.9544 (acc: 0.7387) |           v6: 0.9008 (acc: 0.7530)
[2018/09/25 11:01:27 __main__ INFO] - -            c10_50k       : 0.4105 (acc: 0.8744)
[2018/09/25 11:01:27 __main__ INFO] - Elapsed 19.68
keys:  dict_keys(['epoch', 'c10h_train_loss', 'c10h_train_acc', 'c10h_val_loss', 'c10h_val_acc', 'c10h_train_c10_loss', 'c10h_train_c10_acc', 'c10h_val_c10_loss', 'c10h_val_c10_acc', 'v4_loss', 'v4_acc', 'v6_loss', 'v6_acc', 'c10_50k_loss', 'c10_50k_acc']) 
 c10h_outdir:  /tigress/ruairidh/model_results/run_1/saves/vgg_15_BN_64/con_True_lr_0.1_seed_0
[2018/09/25 11:01:27 __main__ INFO] - Train 17
[2018/09/25 11:01:31 __main__ INFO] - TEST 17
[2018/09/25 11:01:51 __main__ INFO] - - epoch 17    c10h_train    : 0.4504 (acc: 0.9462) | c10h_val    : 0.6802 (acc: 0.8670)
[2018/09/25 11:01:51 __main__ INFO] - -            c10h_train_c10: 0.1280 (acc: 0.9526) | c10h_val_c10: 0.4459 (acc: 0.8730)
[2018/09/25 11:01:51 __main__ INFO] - -            v4            : 0.9930 (acc: 0.7447) |           v6: 0.9452 (acc: 0.7635)
[2018/09/25 11:01:51 __main__ INFO] - -            c10_50k       : 0.3877 (acc: 0.8816)
[2018/09/25 11:01:51 __main__ INFO] - Elapsed 19.65
keys:  dict_keys(['epoch', 'c10h_train_loss', 'c10h_train_acc', 'c10h_val_loss', 'c10h_val_acc', 'c10h_train_c10_loss', 'c10h_train_c10_acc', 'c10h_val_c10_loss', 'c10h_val_c10_acc', 'v4_loss', 'v4_acc', 'v6_loss', 'v6_acc', 'c10_50k_loss', 'c10_50k_acc']) 
 c10h_outdir:  /tigress/ruairidh/model_results/run_1/saves/vgg_15_BN_64/con_True_lr_0.1_seed_0
[2018/09/25 11:01:52 __main__ INFO] - Train 18
[2018/09/25 11:01:56 __main__ INFO] - TEST 18
[2018/09/25 11:02:15 __main__ INFO] - - epoch 18    c10h_train    : 0.4628 (acc: 0.9363) | c10h_val    : 0.7864 (acc: 0.8320)
[2018/09/25 11:02:15 __main__ INFO] - -            c10h_train_c10: 0.1578 (acc: 0.9423) | c10h_val_c10: 0.5950 (acc: 0.8320)
[2018/09/25 11:02:15 __main__ INFO] - -            v4            : 1.1428 (acc: 0.7135) |           v6: 1.0630 (acc: 0.7275)
[2018/09/25 11:02:15 __main__ INFO] - -            c10_50k       : 0.4481 (acc: 0.8651)
[2018/09/25 11:02:15 __main__ INFO] - Elapsed 19.67
keys:  dict_keys(['epoch', 'c10h_train_loss', 'c10h_train_acc', 'c10h_val_loss', 'c10h_val_acc', 'c10h_train_c10_loss', 'c10h_train_c10_acc', 'c10h_val_c10_loss', 'c10h_val_c10_acc', 'v4_loss', 'v4_acc', 'v6_loss', 'v6_acc', 'c10_50k_loss', 'c10_50k_acc']) 
 c10h_outdir:  /tigress/ruairidh/model_results/run_1/saves/vgg_15_BN_64/con_True_lr_0.1_seed_0
[2018/09/25 11:02:16 __main__ INFO] - Train 19
[2018/09/25 11:02:19 __main__ INFO] - TEST 19
[2018/09/25 11:02:39 __main__ INFO] - - epoch 19    c10h_train    : 0.4391 (acc: 0.9512) | c10h_val    : 0.6438 (acc: 0.8650)
[2018/09/25 11:02:39 __main__ INFO] - -            c10h_train_c10: 0.1069 (acc: 0.9570) | c10h_val_c10: 0.4049 (acc: 0.8670)
[2018/09/25 11:02:39 __main__ INFO] - -            v4            : 1.0325 (acc: 0.7254) |           v6: 0.9316 (acc: 0.7510)
[2018/09/25 11:02:39 __main__ INFO] - -            c10_50k       : 0.3934 (acc: 0.8793)
[2018/09/25 11:02:39 __main__ INFO] - Elapsed 19.53
keys:  dict_keys(['epoch', 'c10h_train_loss', 'c10h_train_acc', 'c10h_val_loss', 'c10h_val_acc', 'c10h_train_c10_loss', 'c10h_train_c10_acc', 'c10h_val_c10_loss', 'c10h_val_c10_acc', 'v4_loss', 'v4_acc', 'v6_loss', 'v6_acc', 'c10_50k_loss', 'c10_50k_acc']) 
 c10h_outdir:  /tigress/ruairidh/model_results/run_1/saves/vgg_15_BN_64/con_True_lr_0.1_seed_0
[2018/09/25 11:02:39 __main__ INFO] - Train 20
[2018/09/25 11:02:43 __main__ INFO] - TEST 20
[2018/09/25 11:03:03 __main__ INFO] - - epoch 20    c10h_train    : 0.4837 (acc: 0.9317) | c10h_val    : 0.7882 (acc: 0.8440)
[2018/09/25 11:03:03 __main__ INFO] - -            c10h_train_c10: 0.1734 (acc: 0.9367) | c10h_val_c10: 0.5877 (acc: 0.8460)
[2018/09/25 11:03:03 __main__ INFO] - -            v4            : 1.1070 (acc: 0.7209) |           v6: 0.9721 (acc: 0.7395)
[2018/09/25 11:03:03 __main__ INFO] - -            c10_50k       : 0.4758 (acc: 0.8590)
[2018/09/25 11:03:03 __main__ INFO] - Elapsed 19.68
keys:  dict_keys(['epoch', 'c10h_train_loss', 'c10h_train_acc', 'c10h_val_loss', 'c10h_val_acc', 'c10h_train_c10_loss', 'c10h_train_c10_acc', 'c10h_val_c10_loss', 'c10h_val_c10_acc', 'v4_loss', 'v4_acc', 'v6_loss', 'v6_acc', 'c10_50k_loss', 'c10_50k_acc']) 
 c10h_outdir:  /tigress/ruairidh/model_results/run_1/saves/vgg_15_BN_64/con_True_lr_0.1_seed_0
[2018/09/25 11:03:04 __main__ INFO] - Train 21
[2018/09/25 11:03:08 __main__ INFO] - TEST 21
[2018/09/25 11:03:28 __main__ INFO] - - epoch 21    c10h_train    : 0.4605 (acc: 0.9530) | c10h_val    : 0.7165 (acc: 0.8550)
[2018/09/25 11:03:28 __main__ INFO] - -            c10h_train_c10: 0.1106 (acc: 0.9589) | c10h_val_c10: 0.4834 (acc: 0.8580)
[2018/09/25 11:03:28 __main__ INFO] - -            v4            : 0.9849 (acc: 0.7511) |           v6: 0.9519 (acc: 0.7655)
[2018/09/25 11:03:28 __main__ INFO] - -            c10_50k       : 0.3849 (acc: 0.8838)
[2018/09/25 11:03:28 __main__ INFO] - Elapsed 19.70
keys:  dict_keys(['epoch', 'c10h_train_loss', 'c10h_train_acc', 'c10h_val_loss', 'c10h_val_acc', 'c10h_train_c10_loss', 'c10h_train_c10_acc', 'c10h_val_c10_loss', 'c10h_val_c10_acc', 'v4_loss', 'v4_acc', 'v6_loss', 'v6_acc', 'c10_50k_loss', 'c10_50k_acc']) 
 c10h_outdir:  /tigress/ruairidh/model_results/run_1/saves/vgg_15_BN_64/con_True_lr_0.1_seed_0
[2018/09/25 11:03:28 __main__ INFO] - Train 22
[2018/09/25 11:03:32 __main__ INFO] - TEST 22
[2018/09/25 11:03:52 __main__ INFO] - - epoch 22    c10h_train    : 0.4850 (acc: 0.9432) | c10h_val    : 0.7838 (acc: 0.8480)
[2018/09/25 11:03:52 __main__ INFO] - -            c10h_train_c10: 0.1320 (acc: 0.9491) | c10h_val_c10: 0.5746 (acc: 0.8520)
[2018/09/25 11:03:52 __main__ INFO] - -            v4            : 1.0774 (acc: 0.7308) |           v6: 1.0014 (acc: 0.7480)
[2018/09/25 11:03:52 __main__ INFO] - -            c10_50k       : 0.4371 (acc: 0.8735)
[2018/09/25 11:03:52 __main__ INFO] - Elapsed 19.64
keys:  dict_keys(['epoch', 'c10h_train_loss', 'c10h_train_acc', 'c10h_val_loss', 'c10h_val_acc', 'c10h_train_c10_loss', 'c10h_train_c10_acc', 'c10h_val_c10_loss', 'c10h_val_c10_acc', 'v4_loss', 'v4_acc', 'v6_loss', 'v6_acc', 'c10_50k_loss', 'c10_50k_acc']) 
 c10h_outdir:  /tigress/ruairidh/model_results/run_1/saves/vgg_15_BN_64/con_True_lr_0.1_seed_0
[2018/09/25 11:03:52 __main__ INFO] - Train 23
[2018/09/25 11:03:56 __main__ INFO] - TEST 23
[2018/09/25 11:04:16 __main__ INFO] - - epoch 23    c10h_train    : 0.4639 (acc: 0.9514) | c10h_val    : 0.7474 (acc: 0.8480)
[2018/09/25 11:04:16 __main__ INFO] - -            c10h_train_c10: 0.1168 (acc: 0.9571) | c10h_val_c10: 0.5186 (acc: 0.8520)
[2018/09/25 11:04:16 __main__ INFO] - -            v4            : 1.1460 (acc: 0.7160) |           v6: 0.9678 (acc: 0.7525)
[2018/09/25 11:04:16 __main__ INFO] - -            c10_50k       : 0.4278 (acc: 0.8780)
[2018/09/25 11:04:16 __main__ INFO] - Elapsed 19.63
keys:  dict_keys(['epoch', 'c10h_train_loss', 'c10h_train_acc', 'c10h_val_loss', 'c10h_val_acc', 'c10h_train_c10_loss', 'c10h_train_c10_acc', 'c10h_val_c10_loss', 'c10h_val_c10_acc', 'v4_loss', 'v4_acc', 'v6_loss', 'v6_acc', 'c10_50k_loss', 'c10_50k_acc']) 
 c10h_outdir:  /tigress/ruairidh/model_results/run_1/saves/vgg_15_BN_64/con_True_lr_0.1_seed_0
[2018/09/25 11:04:16 __main__ INFO] - Train 24
[2018/09/25 11:04:20 __main__ INFO] - TEST 24
[2018/09/25 11:04:40 __main__ INFO] - - epoch 24    c10h_train    : 0.5265 (acc: 0.9331) | c10h_val    : 0.8475 (acc: 0.8390)
[2018/09/25 11:04:40 __main__ INFO] - -            c10h_train_c10: 0.1706 (acc: 0.9390) | c10h_val_c10: 0.6033 (acc: 0.8430)
[2018/09/25 11:04:40 __main__ INFO] - -            v4            : 1.1466 (acc: 0.7150) |           v6: 1.0534 (acc: 0.7310)
[2018/09/25 11:04:40 __main__ INFO] - -            c10_50k       : 0.5292 (acc: 0.8508)
[2018/09/25 11:04:40 __main__ INFO] - Elapsed 19.66
keys:  dict_keys(['epoch', 'c10h_train_loss', 'c10h_train_acc', 'c10h_val_loss', 'c10h_val_acc', 'c10h_train_c10_loss', 'c10h_train_c10_acc', 'c10h_val_c10_loss', 'c10h_val_c10_acc', 'v4_loss', 'v4_acc', 'v6_loss', 'v6_acc', 'c10_50k_loss', 'c10_50k_acc']) 
 c10h_outdir:  /tigress/ruairidh/model_results/run_1/saves/vgg_15_BN_64/con_True_lr_0.1_seed_0
[2018/09/25 11:04:41 __main__ INFO] - Train 25
[2018/09/25 11:04:45 __main__ INFO] - TEST 25
[2018/09/25 11:05:04 __main__ INFO] - - epoch 25    c10h_train    : 0.4387 (acc: 0.9599) | c10h_val    : 0.6763 (acc: 0.8650)
[2018/09/25 11:05:04 __main__ INFO] - -            c10h_train_c10: 0.0826 (acc: 0.9664) | c10h_val_c10: 0.4461 (acc: 0.8680)
[2018/09/25 11:05:04 __main__ INFO] - -            v4            : 1.0320 (acc: 0.7348) |           v6: 0.9717 (acc: 0.7545)
[2018/09/25 11:05:04 __main__ INFO] - -            c10_50k       : 0.3988 (acc: 0.8811)
[2018/09/25 11:05:04 __main__ INFO] - Elapsed 19.68
keys:  dict_keys(['epoch', 'c10h_train_loss', 'c10h_train_acc', 'c10h_val_loss', 'c10h_val_acc', 'c10h_train_c10_loss', 'c10h_train_c10_acc', 'c10h_val_c10_loss', 'c10h_val_c10_acc', 'v4_loss', 'v4_acc', 'v6_loss', 'v6_acc', 'c10_50k_loss', 'c10_50k_acc']) 
 c10h_outdir:  /tigress/ruairidh/model_results/run_1/saves/vgg_15_BN_64/con_True_lr_0.1_seed_0
[2018/09/25 11:05:05 __main__ INFO] - Train 26
[2018/09/25 11:05:09 __main__ INFO] - TEST 26
[2018/09/25 11:05:28 __main__ INFO] - - epoch 26    c10h_train    : 0.4676 (acc: 0.9527) | c10h_val    : 0.7634 (acc: 0.8630)
[2018/09/25 11:05:28 __main__ INFO] - -            c10h_train_c10: 0.1046 (acc: 0.9593) | c10h_val_c10: 0.5405 (acc: 0.8620)
[2018/09/25 11:05:28 __main__ INFO] - -            v4            : 1.0703 (acc: 0.7234) |           v6: 1.0388 (acc: 0.7480)
[2018/09/25 11:05:28 __main__ INFO] - -            c10_50k       : 0.4439 (acc: 0.8743)
[2018/09/25 11:05:28 __main__ INFO] - Elapsed 19.69
keys:  dict_keys(['epoch', 'c10h_train_loss', 'c10h_train_acc', 'c10h_val_loss', 'c10h_val_acc', 'c10h_train_c10_loss', 'c10h_train_c10_acc', 'c10h_val_c10_loss', 'c10h_val_c10_acc', 'v4_loss', 'v4_acc', 'v6_loss', 'v6_acc', 'c10_50k_loss', 'c10_50k_acc']) 
 c10h_outdir:  /tigress/ruairidh/model_results/run_1/saves/vgg_15_BN_64/con_True_lr_0.1_seed_0
[2018/09/25 11:05:29 __main__ INFO] - Train 27
[2018/09/25 11:05:33 __main__ INFO] - TEST 27
[2018/09/25 11:05:52 __main__ INFO] - - epoch 27    c10h_train    : 0.4639 (acc: 0.9532) | c10h_val    : 0.6991 (acc: 0.8630)
[2018/09/25 11:05:53 __main__ INFO] - -            c10h_train_c10: 0.1012 (acc: 0.9601) | c10h_val_c10: 0.4353 (acc: 0.8680)
[2018/09/25 11:05:53 __main__ INFO] - -            v4            : 0.9907 (acc: 0.7358) |           v6: 0.9042 (acc: 0.7615)
[2018/09/25 11:05:53 __main__ INFO] - -            c10_50k       : 0.4115 (acc: 0.8769)
[2018/09/25 11:05:53 __main__ INFO] - Elapsed 19.65
keys:  dict_keys(['epoch', 'c10h_train_loss', 'c10h_train_acc', 'c10h_val_loss', 'c10h_val_acc', 'c10h_train_c10_loss', 'c10h_train_c10_acc', 'c10h_val_c10_loss', 'c10h_val_c10_acc', 'v4_loss', 'v4_acc', 'v6_loss', 'v6_acc', 'c10_50k_loss', 'c10_50k_acc']) 
 c10h_outdir:  /tigress/ruairidh/model_results/run_1/saves/vgg_15_BN_64/con_True_lr_0.1_seed_0
[2018/09/25 11:05:53 __main__ INFO] - Train 28
[2018/09/25 11:05:57 __main__ INFO] - TEST 28
[2018/09/25 11:06:16 __main__ INFO] - - epoch 28    c10h_train    : 0.4600 (acc: 0.9593) | c10h_val    : 0.7357 (acc: 0.8610)
[2018/09/25 11:06:16 __main__ INFO] - -            c10h_train_c10: 0.0858 (acc: 0.9658) | c10h_val_c10: 0.5105 (acc: 0.8650)
[2018/09/25 11:06:16 __main__ INFO] - -            v4            : 1.1173 (acc: 0.7288) |           v6: 1.0182 (acc: 0.7575)
[2018/09/25 11:06:16 __main__ INFO] - -            c10_50k       : 0.4131 (acc: 0.8830)
[2018/09/25 11:06:16 __main__ INFO] - Elapsed 19.75
keys:  dict_keys(['epoch', 'c10h_train_loss', 'c10h_train_acc', 'c10h_val_loss', 'c10h_val_acc', 'c10h_train_c10_loss', 'c10h_train_c10_acc', 'c10h_val_c10_loss', 'c10h_val_c10_acc', 'v4_loss', 'v4_acc', 'v6_loss', 'v6_acc', 'c10_50k_loss', 'c10_50k_acc']) 
 c10h_outdir:  /tigress/ruairidh/model_results/run_1/saves/vgg_15_BN_64/con_True_lr_0.1_seed_0
[2018/09/25 11:06:17 __main__ INFO] - Train 29
[2018/09/25 11:06:21 __main__ INFO] - TEST 29
[2018/09/25 11:06:40 __main__ INFO] - - epoch 29    c10h_train    : 0.5000 (acc: 0.9468) | c10h_val    : 0.7981 (acc: 0.8530)
[2018/09/25 11:06:41 __main__ INFO] - -            c10h_train_c10: 0.1285 (acc: 0.9517) | c10h_val_c10: 0.5583 (acc: 0.8550)
[2018/09/25 11:06:41 __main__ INFO] - -            v4            : 1.2577 (acc: 0.7046) |           v6: 1.1154 (acc: 0.7340)
[2018/09/25 11:06:41 __main__ INFO] - -            c10_50k       : 0.4858 (acc: 0.8651)
[2018/09/25 11:06:41 __main__ INFO] - Elapsed 19.71
keys:  dict_keys(['epoch', 'c10h_train_loss', 'c10h_train_acc', 'c10h_val_loss', 'c10h_val_acc', 'c10h_train_c10_loss', 'c10h_train_c10_acc', 'c10h_val_c10_loss', 'c10h_val_c10_acc', 'v4_loss', 'v4_acc', 'v6_loss', 'v6_acc', 'c10_50k_loss', 'c10_50k_acc']) 
 c10h_outdir:  /tigress/ruairidh/model_results/run_1/saves/vgg_15_BN_64/con_True_lr_0.1_seed_0
[2018/09/25 11:06:41 __main__ INFO] - Train 30
[2018/09/25 11:06:45 __main__ INFO] - TEST 30
[2018/09/25 11:07:04 __main__ INFO] - - epoch 30    c10h_train    : 0.4908 (acc: 0.9542) | c10h_val    : 0.8125 (acc: 0.8490)
[2018/09/25 11:07:04 __main__ INFO] - -            c10h_train_c10: 0.1057 (acc: 0.9600) | c10h_val_c10: 0.5728 (acc: 0.8510)
[2018/09/25 11:07:04 __main__ INFO] - -            v4            : 1.1761 (acc: 0.7229) |           v6: 1.0421 (acc: 0.7460)
[2018/09/25 11:07:04 __main__ INFO] - -            c10_50k       : 0.4754 (acc: 0.8699)
[2018/09/25 11:07:04 __main__ INFO] - Elapsed 19.65
keys:  dict_keys(['epoch', 'c10h_train_loss', 'c10h_train_acc', 'c10h_val_loss', 'c10h_val_acc', 'c10h_train_c10_loss', 'c10h_train_c10_acc', 'c10h_val_c10_loss', 'c10h_val_c10_acc', 'v4_loss', 'v4_acc', 'v6_loss', 'v6_acc', 'c10_50k_loss', 'c10_50k_acc']) 
 c10h_outdir:  /tigress/ruairidh/model_results/run_1/saves/vgg_15_BN_64/con_True_lr_0.1_seed_0
[2018/09/25 11:07:05 __main__ INFO] - Train 31
[2018/09/25 11:07:09 __main__ INFO] - TEST 31
[2018/09/25 11:07:29 __main__ INFO] - - epoch 31    c10h_train    : 0.4759 (acc: 0.9589) | c10h_val    : 0.7252 (acc: 0.8680)
[2018/09/25 11:07:29 __main__ INFO] - -            c10h_train_c10: 0.0929 (acc: 0.9656) | c10h_val_c10: 0.4684 (acc: 0.8710)
[2018/09/25 11:07:29 __main__ INFO] - -            v4            : 1.1394 (acc: 0.7199) |           v6: 1.0707 (acc: 0.7430)
[2018/09/25 11:07:29 __main__ INFO] - -            c10_50k       : 0.4571 (acc: 0.8746)
[2018/09/25 11:07:29 __main__ INFO] - Elapsed 19.71
keys:  dict_keys(['epoch', 'c10h_train_loss', 'c10h_train_acc', 'c10h_val_loss', 'c10h_val_acc', 'c10h_train_c10_loss', 'c10h_train_c10_acc', 'c10h_val_c10_loss', 'c10h_val_c10_acc', 'v4_loss', 'v4_acc', 'v6_loss', 'v6_acc', 'c10_50k_loss', 'c10_50k_acc']) 
 c10h_outdir:  /tigress/ruairidh/model_results/run_1/saves/vgg_15_BN_64/con_True_lr_0.1_seed_0
[2018/09/25 11:07:30 __main__ INFO] - Train 32
[2018/09/25 11:07:34 __main__ INFO] - TEST 32
[2018/09/25 11:07:53 __main__ INFO] - - epoch 32    c10h_train    : 0.5507 (acc: 0.9312) | c10h_val    : 0.9568 (acc: 0.8520)
[2018/09/25 11:07:53 __main__ INFO] - -            c10h_train_c10: 0.1767 (acc: 0.9369) | c10h_val_c10: 0.6714 (acc: 0.8550)
[2018/09/25 11:07:53 __main__ INFO] - -            v4            : 1.3546 (acc: 0.6942) |           v6: 1.2599 (acc: 0.7105)
[2018/09/25 11:07:53 __main__ INFO] - -            c10_50k       : 0.5915 (acc: 0.8511)
[2018/09/25 11:07:53 __main__ INFO] - Elapsed 19.64
keys:  dict_keys(['epoch', 'c10h_train_loss', 'c10h_train_acc', 'c10h_val_loss', 'c10h_val_acc', 'c10h_train_c10_loss', 'c10h_train_c10_acc', 'c10h_val_c10_loss', 'c10h_val_c10_acc', 'v4_loss', 'v4_acc', 'v6_loss', 'v6_acc', 'c10_50k_loss', 'c10_50k_acc']) 
 c10h_outdir:  /tigress/ruairidh/model_results/run_1/saves/vgg_15_BN_64/con_True_lr_0.1_seed_0
[2018/09/25 11:07:54 __main__ INFO] - Train 33
[2018/09/25 11:07:57 __main__ INFO] - TEST 33
[2018/09/25 11:08:17 __main__ INFO] - - epoch 33    c10h_train    : 0.5136 (acc: 0.9490) | c10h_val    : 0.8080 (acc: 0.8550)
[2018/09/25 11:08:17 __main__ INFO] - -            c10h_train_c10: 0.1160 (acc: 0.9554) | c10h_val_c10: 0.5370 (acc: 0.8590)
[2018/09/25 11:08:17 __main__ INFO] - -            v4            : 1.1560 (acc: 0.7274) |           v6: 1.0516 (acc: 0.7525)
[2018/09/25 11:08:17 __main__ INFO] - -            c10_50k       : 0.5072 (acc: 0.8654)
[2018/09/25 11:08:17 __main__ INFO] - Elapsed 19.67
keys:  dict_keys(['epoch', 'c10h_train_loss', 'c10h_train_acc', 'c10h_val_loss', 'c10h_val_acc', 'c10h_train_c10_loss', 'c10h_train_c10_acc', 'c10h_val_c10_loss', 'c10h_val_c10_acc', 'v4_loss', 'v4_acc', 'v6_loss', 'v6_acc', 'c10_50k_loss', 'c10_50k_acc']) 
 c10h_outdir:  /tigress/ruairidh/model_results/run_1/saves/vgg_15_BN_64/con_True_lr_0.1_seed_0
[2018/09/25 11:08:18 __main__ INFO] - Train 34
[2018/09/25 11:08:22 __main__ INFO] - TEST 34
[2018/09/25 11:08:41 __main__ INFO] - - epoch 34    c10h_train    : 0.4876 (acc: 0.9548) | c10h_val    : 0.7174 (acc: 0.8720)
[2018/09/25 11:08:41 __main__ INFO] - -            c10h_train_c10: 0.1036 (acc: 0.9610) | c10h_val_c10: 0.4604 (acc: 0.8740)
[2018/09/25 11:08:41 __main__ INFO] - -            v4            : 1.1610 (acc: 0.7269) |           v6: 1.0363 (acc: 0.7570)
[2018/09/25 11:08:41 __main__ INFO] - -            c10_50k       : 0.4797 (acc: 0.8705)
[2018/09/25 11:08:41 __main__ INFO] - Elapsed 19.65
keys:  dict_keys(['epoch', 'c10h_train_loss', 'c10h_train_acc', 'c10h_val_loss', 'c10h_val_acc', 'c10h_train_c10_loss', 'c10h_train_c10_acc', 'c10h_val_c10_loss', 'c10h_val_c10_acc', 'v4_loss', 'v4_acc', 'v6_loss', 'v6_acc', 'c10_50k_loss', 'c10_50k_acc']) 
 c10h_outdir:  /tigress/ruairidh/model_results/run_1/saves/vgg_15_BN_64/con_True_lr_0.1_seed_0
[2018/09/25 11:08:42 __main__ INFO] - Train 35
[2018/09/25 11:08:46 __main__ INFO] - TEST 35
[2018/09/25 11:09:05 __main__ INFO] - - epoch 35    c10h_train    : 0.5325 (acc: 0.9469) | c10h_val    : 0.8187 (acc: 0.8520)
[2018/09/25 11:09:05 __main__ INFO] - -            c10h_train_c10: 0.1271 (acc: 0.9529) | c10h_val_c10: 0.5524 (acc: 0.8560)
[2018/09/25 11:09:05 __main__ INFO] - -            v4            : 1.1933 (acc: 0.7298) |           v6: 1.0951 (acc: 0.7515)
[2018/09/25 11:09:05 __main__ INFO] - -            c10_50k       : 0.5283 (acc: 0.8619)
[2018/09/25 11:09:05 __main__ INFO] - Elapsed 19.74
keys:  dict_keys(['epoch', 'c10h_train_loss', 'c10h_train_acc', 'c10h_val_loss', 'c10h_val_acc', 'c10h_train_c10_loss', 'c10h_train_c10_acc', 'c10h_val_c10_loss', 'c10h_val_c10_acc', 'v4_loss', 'v4_acc', 'v6_loss', 'v6_acc', 'c10_50k_loss', 'c10_50k_acc']) 
 c10h_outdir:  /tigress/ruairidh/model_results/run_1/saves/vgg_15_BN_64/con_True_lr_0.1_seed_0
[2018/09/25 11:09:06 __main__ INFO] - Train 36
[2018/09/25 11:09:10 __main__ INFO] - TEST 36
[2018/09/25 11:09:30 __main__ INFO] - - epoch 36    c10h_train    : 0.5107 (acc: 0.9529) | c10h_val    : 0.7390 (acc: 0.8590)
[2018/09/25 11:09:30 __main__ INFO] - -            c10h_train_c10: 0.1053 (acc: 0.9602) | c10h_val_c10: 0.4669 (acc: 0.8640)
[2018/09/25 11:09:30 __main__ INFO] - -            v4            : 1.1358 (acc: 0.7378) |           v6: 1.0287 (acc: 0.7505)
[2018/09/25 11:09:30 __main__ INFO] - -            c10_50k       : 0.4887 (acc: 0.8688)
[2018/09/25 11:09:30 __main__ INFO] - Elapsed 19.68
keys:  dict_keys(['epoch', 'c10h_train_loss', 'c10h_train_acc', 'c10h_val_loss', 'c10h_val_acc', 'c10h_train_c10_loss', 'c10h_train_c10_acc', 'c10h_val_c10_loss', 'c10h_val_c10_acc', 'v4_loss', 'v4_acc', 'v6_loss', 'v6_acc', 'c10_50k_loss', 'c10_50k_acc']) 
 c10h_outdir:  /tigress/ruairidh/model_results/run_1/saves/vgg_15_BN_64/con_True_lr_0.1_seed_0
[2018/09/25 11:09:31 __main__ INFO] - Train 37
[2018/09/25 11:09:35 __main__ INFO] - TEST 37
[2018/09/25 11:09:54 __main__ INFO] - - epoch 37    c10h_train    : 0.5764 (acc: 0.9298) | c10h_val    : 0.9004 (acc: 0.8390)
[2018/09/25 11:09:54 __main__ INFO] - -            c10h_train_c10: 0.1776 (acc: 0.9367) | c10h_val_c10: 0.6255 (acc: 0.8450)
[2018/09/25 11:09:54 __main__ INFO] - -            v4            : 1.3175 (acc: 0.6972) |           v6: 1.1837 (acc: 0.7295)
[2018/09/25 11:09:54 __main__ INFO] - -            c10_50k       : 0.5971 (acc: 0.8445)
[2018/09/25 11:09:54 __main__ INFO] - Elapsed 19.68
keys:  dict_keys(['epoch', 'c10h_train_loss', 'c10h_train_acc', 'c10h_val_loss', 'c10h_val_acc', 'c10h_train_c10_loss', 'c10h_train_c10_acc', 'c10h_val_c10_loss', 'c10h_val_c10_acc', 'v4_loss', 'v4_acc', 'v6_loss', 'v6_acc', 'c10_50k_loss', 'c10_50k_acc']) 
 c10h_outdir:  /tigress/ruairidh/model_results/run_1/saves/vgg_15_BN_64/con_True_lr_0.1_seed_0
[2018/09/25 11:09:55 __main__ INFO] - Train 38
[2018/09/25 11:09:59 __main__ INFO] - TEST 38
[2018/09/25 11:10:18 __main__ INFO] - - epoch 38    c10h_train    : 0.5436 (acc: 0.9409) | c10h_val    : 1.0279 (acc: 0.8280)
[2018/09/25 11:10:18 __main__ INFO] - -            c10h_train_c10: 0.1436 (acc: 0.9477) | c10h_val_c10: 0.7789 (acc: 0.8300)
[2018/09/25 11:10:18 __main__ INFO] - -            v4            : 1.2580 (acc: 0.7051) |           v6: 1.2454 (acc: 0.7195)
[2018/09/25 11:10:18 __main__ INFO] - -            c10_50k       : 0.6106 (acc: 0.8439)
[2018/09/25 11:10:18 __main__ INFO] - Elapsed 19.66
keys:  dict_keys(['epoch', 'c10h_train_loss', 'c10h_train_acc', 'c10h_val_loss', 'c10h_val_acc', 'c10h_train_c10_loss', 'c10h_train_c10_acc', 'c10h_val_c10_loss', 'c10h_val_c10_acc', 'v4_loss', 'v4_acc', 'v6_loss', 'v6_acc', 'c10_50k_loss', 'c10_50k_acc']) 
 c10h_outdir:  /tigress/ruairidh/model_results/run_1/saves/vgg_15_BN_64/con_True_lr_0.1_seed_0
[2018/09/25 11:10:19 __main__ INFO] - Train 39
[2018/09/25 11:10:23 __main__ INFO] - TEST 39
[2018/09/25 11:10:42 __main__ INFO] - - epoch 39    c10h_train    : 0.5338 (acc: 0.9417) | c10h_val    : 0.9465 (acc: 0.8320)
[2018/09/25 11:10:42 __main__ INFO] - -            c10h_train_c10: 0.1396 (acc: 0.9472) | c10h_val_c10: 0.7072 (acc: 0.8340)
[2018/09/25 11:10:42 __main__ INFO] - -            v4            : 1.2537 (acc: 0.7130) |           v6: 1.2135 (acc: 0.7220)
[2018/09/25 11:10:42 __main__ INFO] - -            c10_50k       : 0.5919 (acc: 0.8459)
[2018/09/25 11:10:42 __main__ INFO] - Elapsed 19.60
keys:  dict_keys(['epoch', 'c10h_train_loss', 'c10h_train_acc', 'c10h_val_loss', 'c10h_val_acc', 'c10h_train_c10_loss', 'c10h_train_c10_acc', 'c10h_val_c10_loss', 'c10h_val_c10_acc', 'v4_loss', 'v4_acc', 'v6_loss', 'v6_acc', 'c10_50k_loss', 'c10_50k_acc']) 
 c10h_outdir:  /tigress/ruairidh/model_results/run_1/saves/vgg_15_BN_64/con_True_lr_0.1_seed_0
[2018/09/25 11:10:43 __main__ INFO] - Train 40
[2018/09/25 11:10:47 __main__ INFO] - TEST 40
[2018/09/25 11:11:07 __main__ INFO] - - epoch 40    c10h_train    : 0.4589 (acc: 0.9623) | c10h_val    : 0.7280 (acc: 0.8670)
[2018/09/25 11:11:07 __main__ INFO] - -            c10h_train_c10: 0.0821 (acc: 0.9680) | c10h_val_c10: 0.4903 (acc: 0.8700)
[2018/09/25 11:11:07 __main__ INFO] - -            v4            : 1.1178 (acc: 0.7363) |           v6: 1.0560 (acc: 0.7435)
[2018/09/25 11:11:07 __main__ INFO] - -            c10_50k       : 0.4499 (acc: 0.8744)
[2018/09/25 11:11:07 __main__ INFO] - Elapsed 19.75
keys:  dict_keys(['epoch', 'c10h_train_loss', 'c10h_train_acc', 'c10h_val_loss', 'c10h_val_acc', 'c10h_train_c10_loss', 'c10h_train_c10_acc', 'c10h_val_c10_loss', 'c10h_val_c10_acc', 'v4_loss', 'v4_acc', 'v6_loss', 'v6_acc', 'c10_50k_loss', 'c10_50k_acc']) 
 c10h_outdir:  /tigress/ruairidh/model_results/run_1/saves/vgg_15_BN_64/con_True_lr_0.1_seed_0
[2018/09/25 11:11:08 __main__ INFO] - Train 41
[2018/09/25 11:11:11 __main__ INFO] - TEST 41
[2018/09/25 11:11:31 __main__ INFO] - - epoch 41    c10h_train    : 0.5171 (acc: 0.9488) | c10h_val    : 0.8162 (acc: 0.8470)
[2018/09/25 11:11:31 __main__ INFO] - -            c10h_train_c10: 0.1231 (acc: 0.9554) | c10h_val_c10: 0.5546 (acc: 0.8510)
[2018/09/25 11:11:31 __main__ INFO] - -            v4            : 1.3245 (acc: 0.6952) |           v6: 1.2194 (acc: 0.7160)
[2018/09/25 11:11:31 __main__ INFO] - -            c10_50k       : 0.5504 (acc: 0.8539)
[2018/09/25 11:11:31 __main__ INFO] - Elapsed 19.73
keys:  dict_keys(['epoch', 'c10h_train_loss', 'c10h_train_acc', 'c10h_val_loss', 'c10h_val_acc', 'c10h_train_c10_loss', 'c10h_train_c10_acc', 'c10h_val_c10_loss', 'c10h_val_c10_acc', 'v4_loss', 'v4_acc', 'v6_loss', 'v6_acc', 'c10_50k_loss', 'c10_50k_acc']) 
 c10h_outdir:  /tigress/ruairidh/model_results/run_1/saves/vgg_15_BN_64/con_True_lr_0.1_seed_0
[2018/09/25 11:11:32 __main__ INFO] - Train 42
[2018/09/25 11:11:36 __main__ INFO] - TEST 42
[2018/09/25 11:11:56 __main__ INFO] - - epoch 42    c10h_train    : 0.4963 (acc: 0.9564) | c10h_val    : 0.8346 (acc: 0.8490)
[2018/09/25 11:11:56 __main__ INFO] - -            c10h_train_c10: 0.0970 (acc: 0.9626) | c10h_val_c10: 0.5827 (acc: 0.8540)
[2018/09/25 11:11:56 __main__ INFO] - -            v4            : 1.1408 (acc: 0.7392) |           v6: 1.0630 (acc: 0.7465)
[2018/09/25 11:11:56 __main__ INFO] - -            c10_50k       : 0.5127 (acc: 0.8631)
[2018/09/25 11:11:56 __main__ INFO] - Elapsed 19.74
keys:  dict_keys(['epoch', 'c10h_train_loss', 'c10h_train_acc', 'c10h_val_loss', 'c10h_val_acc', 'c10h_train_c10_loss', 'c10h_train_c10_acc', 'c10h_val_c10_loss', 'c10h_val_c10_acc', 'v4_loss', 'v4_acc', 'v6_loss', 'v6_acc', 'c10_50k_loss', 'c10_50k_acc']) 
 c10h_outdir:  /tigress/ruairidh/model_results/run_1/saves/vgg_15_BN_64/con_True_lr_0.1_seed_0
[2018/09/25 11:11:56 __main__ INFO] - Train 43
[2018/09/25 11:12:00 __main__ INFO] - TEST 43
[2018/09/25 11:12:20 __main__ INFO] - - epoch 43    c10h_train    : 0.4549 (acc: 0.9680) | c10h_val    : 0.7081 (acc: 0.8700)
[2018/09/25 11:12:20 __main__ INFO] - -            c10h_train_c10: 0.0595 (acc: 0.9748) | c10h_val_c10: 0.4500 (acc: 0.8740)
[2018/09/25 11:12:20 __main__ INFO] - -            v4            : 1.0109 (acc: 0.7462) |           v6: 0.9551 (acc: 0.7595)
[2018/09/25 11:12:20 __main__ INFO] - -            c10_50k       : 0.4405 (acc: 0.8769)
[2018/09/25 11:12:20 __main__ INFO] - Elapsed 19.72
keys:  dict_keys(['epoch', 'c10h_train_loss', 'c10h_train_acc', 'c10h_val_loss', 'c10h_val_acc', 'c10h_train_c10_loss', 'c10h_train_c10_acc', 'c10h_val_c10_loss', 'c10h_val_c10_acc', 'v4_loss', 'v4_acc', 'v6_loss', 'v6_acc', 'c10_50k_loss', 'c10_50k_acc']) 
 c10h_outdir:  /tigress/ruairidh/model_results/run_1/saves/vgg_15_BN_64/con_True_lr_0.1_seed_0
[2018/09/25 11:12:20 __main__ INFO] - Train 44
[2018/09/25 11:12:24 __main__ INFO] - TEST 44
[2018/09/25 11:12:44 __main__ INFO] - - epoch 44    c10h_train    : 0.4989 (acc: 0.9652) | c10h_val    : 0.7679 (acc: 0.8770)
[2018/09/25 11:12:44 __main__ INFO] - -            c10h_train_c10: 0.0727 (acc: 0.9720) | c10h_val_c10: 0.5032 (acc: 0.8780)
[2018/09/25 11:12:44 __main__ INFO] - -            v4            : 1.1482 (acc: 0.7417) |           v6: 0.9935 (acc: 0.7680)
[2018/09/25 11:12:44 __main__ INFO] - -            c10_50k       : 0.4919 (acc: 0.8725)
[2018/09/25 11:12:44 __main__ INFO] - Elapsed 19.71
keys:  dict_keys(['epoch', 'c10h_train_loss', 'c10h_train_acc', 'c10h_val_loss', 'c10h_val_acc', 'c10h_train_c10_loss', 'c10h_train_c10_acc', 'c10h_val_c10_loss', 'c10h_val_c10_acc', 'v4_loss', 'v4_acc', 'v6_loss', 'v6_acc', 'c10_50k_loss', 'c10_50k_acc']) 
 c10h_outdir:  /tigress/ruairidh/model_results/run_1/saves/vgg_15_BN_64/con_True_lr_0.1_seed_0
[2018/09/25 11:12:44 __main__ INFO] - Train 45
[2018/09/25 11:12:48 __main__ INFO] - TEST 45
[2018/09/25 11:13:08 __main__ INFO] - - epoch 45    c10h_train    : 0.4651 (acc: 0.9659) | c10h_val    : 0.8188 (acc: 0.8500)
[2018/09/25 11:13:08 __main__ INFO] - -            c10h_train_c10: 0.0723 (acc: 0.9724) | c10h_val_c10: 0.5542 (acc: 0.8550)
[2018/09/25 11:13:08 __main__ INFO] - -            v4            : 1.0652 (acc: 0.7373) |           v6: 0.9934 (acc: 0.7610)
[2018/09/25 11:13:08 __main__ INFO] - -            c10_50k       : 0.4814 (acc: 0.8697)
[2018/09/25 11:13:08 __main__ INFO] - Elapsed 19.70
keys:  dict_keys(['epoch', 'c10h_train_loss', 'c10h_train_acc', 'c10h_val_loss', 'c10h_val_acc', 'c10h_train_c10_loss', 'c10h_train_c10_acc', 'c10h_val_c10_loss', 'c10h_val_c10_acc', 'v4_loss', 'v4_acc', 'v6_loss', 'v6_acc', 'c10_50k_loss', 'c10_50k_acc']) 
 c10h_outdir:  /tigress/ruairidh/model_results/run_1/saves/vgg_15_BN_64/con_True_lr_0.1_seed_0
[2018/09/25 11:13:09 __main__ INFO] - Train 46
[2018/09/25 11:13:13 __main__ INFO] - TEST 46
[2018/09/25 11:13:32 __main__ INFO] - - epoch 46    c10h_train    : 0.4751 (acc: 0.9646) | c10h_val    : 0.8026 (acc: 0.8520)
[2018/09/25 11:13:33 __main__ INFO] - -            c10h_train_c10: 0.0743 (acc: 0.9700) | c10h_val_c10: 0.5597 (acc: 0.8560)
[2018/09/25 11:13:33 __main__ INFO] - -            v4            : 1.1542 (acc: 0.7303) |           v6: 1.0472 (acc: 0.7610)
[2018/09/25 11:13:33 __main__ INFO] - -            c10_50k       : 0.4932 (acc: 0.8677)
[2018/09/25 11:13:33 __main__ INFO] - Elapsed 19.67
keys:  dict_keys(['epoch', 'c10h_train_loss', 'c10h_train_acc', 'c10h_val_loss', 'c10h_val_acc', 'c10h_train_c10_loss', 'c10h_train_c10_acc', 'c10h_val_c10_loss', 'c10h_val_c10_acc', 'v4_loss', 'v4_acc', 'v6_loss', 'v6_acc', 'c10_50k_loss', 'c10_50k_acc']) 
 c10h_outdir:  /tigress/ruairidh/model_results/run_1/saves/vgg_15_BN_64/con_True_lr_0.1_seed_0
[2018/09/25 11:13:33 __main__ INFO] - Train 47
[2018/09/25 11:13:37 __main__ INFO] - TEST 47
[2018/09/25 11:13:57 __main__ INFO] - - epoch 47    c10h_train    : 0.4725 (acc: 0.9679) | c10h_val    : 0.7733 (acc: 0.8600)
[2018/09/25 11:13:57 __main__ INFO] - -            c10h_train_c10: 0.0634 (acc: 0.9749) | c10h_val_c10: 0.5266 (acc: 0.8630)
[2018/09/25 11:13:57 __main__ INFO] - -            v4            : 1.1093 (acc: 0.7348) |           v6: 1.0527 (acc: 0.7425)
[2018/09/25 11:13:57 __main__ INFO] - -            c10_50k       : 0.4766 (acc: 0.8720)
[2018/09/25 11:13:57 __main__ INFO] - Elapsed 19.70
keys:  dict_keys(['epoch', 'c10h_train_loss', 'c10h_train_acc', 'c10h_val_loss', 'c10h_val_acc', 'c10h_train_c10_loss', 'c10h_train_c10_acc', 'c10h_val_c10_loss', 'c10h_val_c10_acc', 'v4_loss', 'v4_acc', 'v6_loss', 'v6_acc', 'c10_50k_loss', 'c10_50k_acc']) 
 c10h_outdir:  /tigress/ruairidh/model_results/run_1/saves/vgg_15_BN_64/con_True_lr_0.1_seed_0
[2018/09/25 11:13:57 __main__ INFO] - Train 48
[2018/09/25 11:14:01 __main__ INFO] - TEST 48
[2018/09/25 11:14:21 __main__ INFO] - - epoch 48    c10h_train    : 0.5079 (acc: 0.9509) | c10h_val    : 0.8965 (acc: 0.8460)
[2018/09/25 11:14:21 __main__ INFO] - -            c10h_train_c10: 0.1206 (acc: 0.9569) | c10h_val_c10: 0.6502 (acc: 0.8480)
[2018/09/25 11:14:21 __main__ INFO] - -            v4            : 1.2618 (acc: 0.7071) |           v6: 1.1695 (acc: 0.7275)
[2018/09/25 11:14:21 __main__ INFO] - -            c10_50k       : 0.5787 (acc: 0.8534)
[2018/09/25 11:14:21 __main__ INFO] - Elapsed 19.65
keys:  dict_keys(['epoch', 'c10h_train_loss', 'c10h_train_acc', 'c10h_val_loss', 'c10h_val_acc', 'c10h_train_c10_loss', 'c10h_train_c10_acc', 'c10h_val_c10_loss', 'c10h_val_c10_acc', 'v4_loss', 'v4_acc', 'v6_loss', 'v6_acc', 'c10_50k_loss', 'c10_50k_acc']) 
 c10h_outdir:  /tigress/ruairidh/model_results/run_1/saves/vgg_15_BN_64/con_True_lr_0.1_seed_0
[2018/09/25 11:14:21 __main__ INFO] - Train 49
[2018/09/25 11:14:25 __main__ INFO] - TEST 49
[2018/09/25 11:14:45 __main__ INFO] - - epoch 49    c10h_train    : 0.5671 (acc: 0.9354) | c10h_val    : 0.9332 (acc: 0.8400)
[2018/09/25 11:14:45 __main__ INFO] - -            c10h_train_c10: 0.1711 (acc: 0.9414) | c10h_val_c10: 0.6492 (acc: 0.8440)
[2018/09/25 11:14:45 __main__ INFO] - -            v4            : 1.2709 (acc: 0.7115) |           v6: 1.1853 (acc: 0.7265)
[2018/09/25 11:14:45 __main__ INFO] - -            c10_50k       : 0.6381 (acc: 0.8399)
[2018/09/25 11:14:45 __main__ INFO] - Elapsed 19.62
keys:  dict_keys(['epoch', 'c10h_train_loss', 'c10h_train_acc', 'c10h_val_loss', 'c10h_val_acc', 'c10h_train_c10_loss', 'c10h_train_c10_acc', 'c10h_val_c10_loss', 'c10h_val_c10_acc', 'v4_loss', 'v4_acc', 'v6_loss', 'v6_acc', 'c10_50k_loss', 'c10_50k_acc']) 
 c10h_outdir:  /tigress/ruairidh/model_results/run_1/saves/vgg_15_BN_64/con_True_lr_0.1_seed_0
[2018/09/25 11:14:45 __main__ INFO] - Train 50
[2018/09/25 11:14:49 __main__ INFO] - TEST 50
[2018/09/25 11:15:09 __main__ INFO] - - epoch 50    c10h_train    : 0.4788 (acc: 0.9601) | c10h_val    : 0.7992 (acc: 0.8530)
[2018/09/25 11:15:09 __main__ INFO] - -            c10h_train_c10: 0.0811 (acc: 0.9672) | c10h_val_c10: 0.5542 (acc: 0.8560)
[2018/09/25 11:15:09 __main__ INFO] - -            v4            : 1.1115 (acc: 0.7313) |           v6: 1.0360 (acc: 0.7535)
[2018/09/25 11:15:09 __main__ INFO] - -            c10_50k       : 0.4961 (acc: 0.8658)
[2018/09/25 11:15:09 __main__ INFO] - Elapsed 19.69
keys:  dict_keys(['epoch', 'c10h_train_loss', 'c10h_train_acc', 'c10h_val_loss', 'c10h_val_acc', 'c10h_train_c10_loss', 'c10h_train_c10_acc', 'c10h_val_c10_loss', 'c10h_val_c10_acc', 'v4_loss', 'v4_acc', 'v6_loss', 'v6_acc', 'c10_50k_loss', 'c10_50k_acc']) 
 c10h_outdir:  /tigress/ruairidh/model_results/run_1/saves/vgg_15_BN_64/con_True_lr_0.1_seed_0
[2018/09/25 11:15:10 __main__ INFO] - Train 51
[2018/09/25 11:15:14 __main__ INFO] - TEST 51
[2018/09/25 11:15:33 __main__ INFO] - - epoch 51    c10h_train    : 0.5131 (acc: 0.9596) | c10h_val    : 0.8131 (acc: 0.8610)
[2018/09/25 11:15:33 __main__ INFO] - -            c10h_train_c10: 0.0859 (acc: 0.9661) | c10h_val_c10: 0.5194 (acc: 0.8650)
[2018/09/25 11:15:33 __main__ INFO] - -            v4            : 1.2308 (acc: 0.7402) |           v6: 1.0878 (acc: 0.7480)
[2018/09/25 11:15:33 __main__ INFO] - -            c10_50k       : 0.5367 (acc: 0.8658)
[2018/09/25 11:15:33 __main__ INFO] - Elapsed 19.67
keys:  dict_keys(['epoch', 'c10h_train_loss', 'c10h_train_acc', 'c10h_val_loss', 'c10h_val_acc', 'c10h_train_c10_loss', 'c10h_train_c10_acc', 'c10h_val_c10_loss', 'c10h_val_c10_acc', 'v4_loss', 'v4_acc', 'v6_loss', 'v6_acc', 'c10_50k_loss', 'c10_50k_acc']) 
 c10h_outdir:  /tigress/ruairidh/model_results/run_1/saves/vgg_15_BN_64/con_True_lr_0.1_seed_0
[2018/09/25 11:15:34 __main__ INFO] - Train 52
[2018/09/25 11:15:38 __main__ INFO] - TEST 52
[2018/09/25 11:15:58 __main__ INFO] - - epoch 52    c10h_train    : 0.5507 (acc: 0.9418) | c10h_val    : 0.9430 (acc: 0.8370)
[2018/09/25 11:15:58 __main__ INFO] - -            c10h_train_c10: 0.1428 (acc: 0.9486) | c10h_val_c10: 0.6885 (acc: 0.8400)
[2018/09/25 11:15:58 __main__ INFO] - -            v4            : 1.2146 (acc: 0.7170) |           v6: 1.1425 (acc: 0.7370)
[2018/09/25 11:15:58 __main__ INFO] - -            c10_50k       : 0.5945 (acc: 0.8477)
[2018/09/25 11:15:58 __main__ INFO] - Elapsed 19.77
keys:  dict_keys(['epoch', 'c10h_train_loss', 'c10h_train_acc', 'c10h_val_loss', 'c10h_val_acc', 'c10h_train_c10_loss', 'c10h_train_c10_acc', 'c10h_val_c10_loss', 'c10h_val_c10_acc', 'v4_loss', 'v4_acc', 'v6_loss', 'v6_acc', 'c10_50k_loss', 'c10_50k_acc']) 
 c10h_outdir:  /tigress/ruairidh/model_results/run_1/saves/vgg_15_BN_64/con_True_lr_0.1_seed_0
[2018/09/25 11:15:59 __main__ INFO] - Train 53
[2018/09/25 11:16:03 __main__ INFO] - TEST 53
[2018/09/25 11:16:22 __main__ INFO] - - epoch 53    c10h_train    : 0.4776 (acc: 0.9672) | c10h_val    : 0.7373 (acc: 0.8790)
[2018/09/25 11:16:23 __main__ INFO] - -            c10h_train_c10: 0.0656 (acc: 0.9746) | c10h_val_c10: 0.4824 (acc: 0.8820)
[2018/09/25 11:16:23 __main__ INFO] - -            v4            : 1.1008 (acc: 0.7472) |           v6: 1.0467 (acc: 0.7665)
[2018/09/25 11:16:23 __main__ INFO] - -            c10_50k       : 0.4800 (acc: 0.8715)
[2018/09/25 11:16:23 __main__ INFO] - Elapsed 19.65
keys:  dict_keys(['epoch', 'c10h_train_loss', 'c10h_train_acc', 'c10h_val_loss', 'c10h_val_acc', 'c10h_train_c10_loss', 'c10h_train_c10_acc', 'c10h_val_c10_loss', 'c10h_val_c10_acc', 'v4_loss', 'v4_acc', 'v6_loss', 'v6_acc', 'c10_50k_loss', 'c10_50k_acc']) 
 c10h_outdir:  /tigress/ruairidh/model_results/run_1/saves/vgg_15_BN_64/con_True_lr_0.1_seed_0
[2018/09/25 11:16:23 __main__ INFO] - Train 54
[2018/09/25 11:16:27 __main__ INFO] - TEST 54
[2018/09/25 11:16:47 __main__ INFO] - - epoch 54    c10h_train    : 0.5627 (acc: 0.9329) | c10h_val    : 0.9604 (acc: 0.8170)
[2018/09/25 11:16:47 __main__ INFO] - -            c10h_train_c10: 0.1582 (acc: 0.9387) | c10h_val_c10: 0.7211 (acc: 0.8200)
[2018/09/25 11:16:47 __main__ INFO] - -            v4            : 1.4186 (acc: 0.6848) |           v6: 1.3604 (acc: 0.6915)
[2018/09/25 11:16:47 __main__ INFO] - -            c10_50k       : 0.6652 (acc: 0.8317)
[2018/09/25 11:16:47 __main__ INFO] - Elapsed 19.85
keys:  dict_keys(['epoch', 'c10h_train_loss', 'c10h_train_acc', 'c10h_val_loss', 'c10h_val_acc', 'c10h_train_c10_loss', 'c10h_train_c10_acc', 'c10h_val_c10_loss', 'c10h_val_c10_acc', 'v4_loss', 'v4_acc', 'v6_loss', 'v6_acc', 'c10_50k_loss', 'c10_50k_acc']) 
 c10h_outdir:  /tigress/ruairidh/model_results/run_1/saves/vgg_15_BN_64/con_True_lr_0.1_seed_0
[2018/09/25 11:16:47 __main__ INFO] - Train 55
[2018/09/25 11:16:51 __main__ INFO] - TEST 55
[2018/09/25 11:17:11 __main__ INFO] - - epoch 55    c10h_train    : 0.4903 (acc: 0.9619) | c10h_val    : 0.8268 (acc: 0.8690)
[2018/09/25 11:17:11 __main__ INFO] - -            c10h_train_c10: 0.0774 (acc: 0.9690) | c10h_val_c10: 0.5549 (acc: 0.8720)
[2018/09/25 11:17:11 __main__ INFO] - -            v4            : 1.2063 (acc: 0.7170) |           v6: 1.0639 (acc: 0.7420)
[2018/09/25 11:17:11 __main__ INFO] - -            c10_50k       : 0.5386 (acc: 0.8631)
[2018/09/25 11:17:11 __main__ INFO] - Elapsed 19.78
keys:  dict_keys(['epoch', 'c10h_train_loss', 'c10h_train_acc', 'c10h_val_loss', 'c10h_val_acc', 'c10h_train_c10_loss', 'c10h_train_c10_acc', 'c10h_val_c10_loss', 'c10h_val_c10_acc', 'v4_loss', 'v4_acc', 'v6_loss', 'v6_acc', 'c10_50k_loss', 'c10_50k_acc']) 
 c10h_outdir:  /tigress/ruairidh/model_results/run_1/saves/vgg_15_BN_64/con_True_lr_0.1_seed_0
[2018/09/25 11:17:11 __main__ INFO] - Train 56
[2018/09/25 11:17:15 __main__ INFO] - TEST 56
[2018/09/25 11:17:35 __main__ INFO] - - epoch 56    c10h_train    : 0.4609 (acc: 0.9708) | c10h_val    : 0.7523 (acc: 0.8740)
[2018/09/25 11:17:35 __main__ INFO] - -            c10h_train_c10: 0.0536 (acc: 0.9773) | c10h_val_c10: 0.4936 (acc: 0.8770)
[2018/09/25 11:17:35 __main__ INFO] - -            v4            : 1.2305 (acc: 0.7229) |           v6: 1.1221 (acc: 0.7410)
[2018/09/25 11:17:35 __main__ INFO] - -            c10_50k       : 0.4790 (acc: 0.8730)
[2018/09/25 11:17:35 __main__ INFO] - Elapsed 19.70
keys:  dict_keys(['epoch', 'c10h_train_loss', 'c10h_train_acc', 'c10h_val_loss', 'c10h_val_acc', 'c10h_train_c10_loss', 'c10h_train_c10_acc', 'c10h_val_c10_loss', 'c10h_val_c10_acc', 'v4_loss', 'v4_acc', 'v6_loss', 'v6_acc', 'c10_50k_loss', 'c10_50k_acc']) 
 c10h_outdir:  /tigress/ruairidh/model_results/run_1/saves/vgg_15_BN_64/con_True_lr_0.1_seed_0
[2018/09/25 11:17:35 __main__ INFO] - Train 57
[2018/09/25 11:17:39 __main__ INFO] - TEST 57
[2018/09/25 11:17:59 __main__ INFO] - - epoch 57    c10h_train    : 0.5763 (acc: 0.9464) | c10h_val    : 0.9772 (acc: 0.8280)
[2018/09/25 11:17:59 __main__ INFO] - -            c10h_train_c10: 0.1384 (acc: 0.9529) | c10h_val_c10: 0.7166 (acc: 0.8310)
[2018/09/25 11:17:59 __main__ INFO] - -            v4            : 1.4556 (acc: 0.6878) |           v6: 1.3543 (acc: 0.7090)
[2018/09/25 11:17:59 __main__ INFO] - -            c10_50k       : 0.6875 (acc: 0.8421)
[2018/09/25 11:17:59 __main__ INFO] - Elapsed 19.68
keys:  dict_keys(['epoch', 'c10h_train_loss', 'c10h_train_acc', 'c10h_val_loss', 'c10h_val_acc', 'c10h_train_c10_loss', 'c10h_train_c10_acc', 'c10h_val_c10_loss', 'c10h_val_c10_acc', 'v4_loss', 'v4_acc', 'v6_loss', 'v6_acc', 'c10_50k_loss', 'c10_50k_acc']) 
 c10h_outdir:  /tigress/ruairidh/model_results/run_1/saves/vgg_15_BN_64/con_True_lr_0.1_seed_0
[2018/09/25 11:17:59 __main__ INFO] - Train 58
[2018/09/25 11:18:03 __main__ INFO] - TEST 58
[2018/09/25 11:18:23 __main__ INFO] - - epoch 58    c10h_train    : 0.4747 (acc: 0.9624) | c10h_val    : 0.7667 (acc: 0.8660)
[2018/09/25 11:18:23 __main__ INFO] - -            c10h_train_c10: 0.0784 (acc: 0.9694) | c10h_val_c10: 0.5034 (acc: 0.8680)
[2018/09/25 11:18:23 __main__ INFO] - -            v4            : 1.1064 (acc: 0.7343) |           v6: 1.0215 (acc: 0.7490)
[2018/09/25 11:18:23 __main__ INFO] - -            c10_50k       : 0.5214 (acc: 0.8603)
[2018/09/25 11:18:23 __main__ INFO] - Elapsed 19.85
keys:  dict_keys(['epoch', 'c10h_train_loss', 'c10h_train_acc', 'c10h_val_loss', 'c10h_val_acc', 'c10h_train_c10_loss', 'c10h_train_c10_acc', 'c10h_val_c10_loss', 'c10h_val_c10_acc', 'v4_loss', 'v4_acc', 'v6_loss', 'v6_acc', 'c10_50k_loss', 'c10_50k_acc']) 
 c10h_outdir:  /tigress/ruairidh/model_results/run_1/saves/vgg_15_BN_64/con_True_lr_0.1_seed_0
[2018/09/25 11:18:24 __main__ INFO] - Train 59
[2018/09/25 11:18:27 __main__ INFO] - TEST 59
[2018/09/25 11:18:47 __main__ INFO] - - epoch 59    c10h_train    : 0.4864 (acc: 0.9720) | c10h_val    : 0.7996 (acc: 0.8760)
[2018/09/25 11:18:47 __main__ INFO] - -            c10h_train_c10: 0.0490 (acc: 0.9791) | c10h_val_c10: 0.5313 (acc: 0.8780)
[2018/09/25 11:18:47 __main__ INFO] - -            v4            : 1.1679 (acc: 0.7432) |           v6: 1.0607 (acc: 0.7565)
[2018/09/25 11:18:47 __main__ INFO] - -            c10_50k       : 0.4833 (acc: 0.8738)
[2018/09/25 11:18:47 __main__ INFO] - Elapsed 19.74
keys:  dict_keys(['epoch', 'c10h_train_loss', 'c10h_train_acc', 'c10h_val_loss', 'c10h_val_acc', 'c10h_train_c10_loss', 'c10h_train_c10_acc', 'c10h_val_c10_loss', 'c10h_val_c10_acc', 'v4_loss', 'v4_acc', 'v6_loss', 'v6_acc', 'c10_50k_loss', 'c10_50k_acc']) 
 c10h_outdir:  /tigress/ruairidh/model_results/run_1/saves/vgg_15_BN_64/con_True_lr_0.1_seed_0
[2018/09/25 11:18:48 __main__ INFO] - Train 60
[2018/09/25 11:18:52 __main__ INFO] - TEST 60
[2018/09/25 11:19:12 __main__ INFO] - - epoch 60    c10h_train    : 0.4862 (acc: 0.9636) | c10h_val    : 0.7603 (acc: 0.8800)
[2018/09/25 11:19:12 __main__ INFO] - -            c10h_train_c10: 0.0701 (acc: 0.9707) | c10h_val_c10: 0.4905 (acc: 0.8840)
[2018/09/25 11:19:12 __main__ INFO] - -            v4            : 1.1466 (acc: 0.7387) |           v6: 1.0612 (acc: 0.7595)
[2018/09/25 11:19:12 __main__ INFO] - -            c10_50k       : 0.5165 (acc: 0.8685)
[2018/09/25 11:19:12 __main__ INFO] - Elapsed 19.72
keys:  dict_keys(['epoch', 'c10h_train_loss', 'c10h_train_acc', 'c10h_val_loss', 'c10h_val_acc', 'c10h_train_c10_loss', 'c10h_train_c10_acc', 'c10h_val_c10_loss', 'c10h_val_c10_acc', 'v4_loss', 'v4_acc', 'v6_loss', 'v6_acc', 'c10_50k_loss', 'c10_50k_acc']) 
 c10h_outdir:  /tigress/ruairidh/model_results/run_1/saves/vgg_15_BN_64/con_True_lr_0.1_seed_0
[2018/09/25 11:19:13 __main__ INFO] - Train 61
[2018/09/25 11:19:16 __main__ INFO] - TEST 61
[2018/09/25 11:19:36 __main__ INFO] - - epoch 61    c10h_train    : 0.4963 (acc: 0.9683) | c10h_val    : 0.7857 (acc: 0.8620)
[2018/09/25 11:19:36 __main__ INFO] - -            c10h_train_c10: 0.0619 (acc: 0.9748) | c10h_val_c10: 0.5075 (acc: 0.8660)
[2018/09/25 11:19:36 __main__ INFO] - -            v4            : 1.0911 (acc: 0.7462) |           v6: 1.0060 (acc: 0.7540)
[2018/09/25 11:19:36 __main__ INFO] - -            c10_50k       : 0.4931 (acc: 0.8726)
[2018/09/25 11:19:36 __main__ INFO] - Elapsed 19.74
keys:  dict_keys(['epoch', 'c10h_train_loss', 'c10h_train_acc', 'c10h_val_loss', 'c10h_val_acc', 'c10h_train_c10_loss', 'c10h_train_c10_acc', 'c10h_val_c10_loss', 'c10h_val_c10_acc', 'v4_loss', 'v4_acc', 'v6_loss', 'v6_acc', 'c10_50k_loss', 'c10_50k_acc']) 
 c10h_outdir:  /tigress/ruairidh/model_results/run_1/saves/vgg_15_BN_64/con_True_lr_0.1_seed_0
[2018/09/25 11:19:37 __main__ INFO] - Train 62
[2018/09/25 11:19:41 __main__ INFO] - TEST 62
[2018/09/25 11:20:01 __main__ INFO] - - epoch 62    c10h_train    : 0.4944 (acc: 0.9669) | c10h_val    : 0.7727 (acc: 0.8660)
[2018/09/25 11:20:01 __main__ INFO] - -            c10h_train_c10: 0.0620 (acc: 0.9743) | c10h_val_c10: 0.5092 (acc: 0.8690)
[2018/09/25 11:20:01 __main__ INFO] - -            v4            : 1.2234 (acc: 0.7150) |           v6: 1.1507 (acc: 0.7515)
[2018/09/25 11:20:01 __main__ INFO] - -            c10_50k       : 0.5406 (acc: 0.8628)
[2018/09/25 11:20:01 __main__ INFO] - Elapsed 19.67
keys:  dict_keys(['epoch', 'c10h_train_loss', 'c10h_train_acc', 'c10h_val_loss', 'c10h_val_acc', 'c10h_train_c10_loss', 'c10h_train_c10_acc', 'c10h_val_c10_loss', 'c10h_val_c10_acc', 'v4_loss', 'v4_acc', 'v6_loss', 'v6_acc', 'c10_50k_loss', 'c10_50k_acc']) 
 c10h_outdir:  /tigress/ruairidh/model_results/run_1/saves/vgg_15_BN_64/con_True_lr_0.1_seed_0
[2018/09/25 11:20:01 __main__ INFO] - Train 63
[2018/09/25 11:20:05 __main__ INFO] - TEST 63
[2018/09/25 11:20:25 __main__ INFO] - - epoch 63    c10h_train    : 0.5494 (acc: 0.9480) | c10h_val    : 0.9470 (acc: 0.8340)
[2018/09/25 11:20:25 __main__ INFO] - -            c10h_train_c10: 0.1308 (acc: 0.9524) | c10h_val_c10: 0.6886 (acc: 0.8390)
[2018/09/25 11:20:25 __main__ INFO] - -            v4            : 1.3394 (acc: 0.7160) |           v6: 1.3113 (acc: 0.7155)
[2018/09/25 11:20:25 __main__ INFO] - -            c10_50k       : 0.6409 (acc: 0.8458)
[2018/09/25 11:20:25 __main__ INFO] - Elapsed 19.69
keys:  dict_keys(['epoch', 'c10h_train_loss', 'c10h_train_acc', 'c10h_val_loss', 'c10h_val_acc', 'c10h_train_c10_loss', 'c10h_train_c10_acc', 'c10h_val_c10_loss', 'c10h_val_c10_acc', 'v4_loss', 'v4_acc', 'v6_loss', 'v6_acc', 'c10_50k_loss', 'c10_50k_acc']) 
 c10h_outdir:  /tigress/ruairidh/model_results/run_1/saves/vgg_15_BN_64/con_True_lr_0.1_seed_0
[2018/09/25 11:20:25 __main__ INFO] - Train 64
[2018/09/25 11:20:29 __main__ INFO] - TEST 64
[2018/09/25 11:20:49 __main__ INFO] - - epoch 64    c10h_train    : 0.5071 (acc: 0.9638) | c10h_val    : 0.7674 (acc: 0.8780)
[2018/09/25 11:20:49 __main__ INFO] - -            c10h_train_c10: 0.0733 (acc: 0.9706) | c10h_val_c10: 0.4902 (acc: 0.8830)
[2018/09/25 11:20:49 __main__ INFO] - -            v4            : 1.2053 (acc: 0.7298) |           v6: 1.1136 (acc: 0.7470)
[2018/09/25 11:20:49 __main__ INFO] - -            c10_50k       : 0.5533 (acc: 0.8626)
[2018/09/25 11:20:49 __main__ INFO] - Elapsed 19.79
keys:  dict_keys(['epoch', 'c10h_train_loss', 'c10h_train_acc', 'c10h_val_loss', 'c10h_val_acc', 'c10h_train_c10_loss', 'c10h_train_c10_acc', 'c10h_val_c10_loss', 'c10h_val_c10_acc', 'v4_loss', 'v4_acc', 'v6_loss', 'v6_acc', 'c10_50k_loss', 'c10_50k_acc']) 
 c10h_outdir:  /tigress/ruairidh/model_results/run_1/saves/vgg_15_BN_64/con_True_lr_0.1_seed_0
[2018/09/25 11:20:50 __main__ INFO] - Train 65
[2018/09/25 11:20:54 __main__ INFO] - TEST 65
[2018/09/25 11:21:13 __main__ INFO] - - epoch 65    c10h_train    : 0.5225 (acc: 0.9608) | c10h_val    : 0.9149 (acc: 0.8310)
[2018/09/25 11:21:13 __main__ INFO] - -            c10h_train_c10: 0.0886 (acc: 0.9668) | c10h_val_c10: 0.6751 (acc: 0.8320)
[2018/09/25 11:21:13 __main__ INFO] - -            v4            : 1.3594 (acc: 0.7061) |           v6: 1.2482 (acc: 0.7310)
[2018/09/25 11:21:13 __main__ INFO] - -            c10_50k       : 0.5697 (acc: 0.8540)
[2018/09/25 11:21:13 __main__ INFO] - Elapsed 19.80
keys:  dict_keys(['epoch', 'c10h_train_loss', 'c10h_train_acc', 'c10h_val_loss', 'c10h_val_acc', 'c10h_train_c10_loss', 'c10h_train_c10_acc', 'c10h_val_c10_loss', 'c10h_val_c10_acc', 'v4_loss', 'v4_acc', 'v6_loss', 'v6_acc', 'c10_50k_loss', 'c10_50k_acc']) 
 c10h_outdir:  /tigress/ruairidh/model_results/run_1/saves/vgg_15_BN_64/con_True_lr_0.1_seed_0
[2018/09/25 11:21:14 __main__ INFO] - Train 66
[2018/09/25 11:21:18 __main__ INFO] - TEST 66
[2018/09/25 11:21:38 __main__ INFO] - - epoch 66    c10h_train    : 0.5165 (acc: 0.9619) | c10h_val    : 0.8688 (acc: 0.8540)
[2018/09/25 11:21:38 __main__ INFO] - -            c10h_train_c10: 0.0824 (acc: 0.9684) | c10h_val_c10: 0.6078 (acc: 0.8570)
[2018/09/25 11:21:38 __main__ INFO] - -            v4            : 1.4260 (acc: 0.7091) |           v6: 1.2945 (acc: 0.7220)
[2018/09/25 11:21:38 __main__ INFO] - -            c10_50k       : 0.6107 (acc: 0.8532)
[2018/09/25 11:21:38 __main__ INFO] - Elapsed 19.70
keys:  dict_keys(['epoch', 'c10h_train_loss', 'c10h_train_acc', 'c10h_val_loss', 'c10h_val_acc', 'c10h_train_c10_loss', 'c10h_train_c10_acc', 'c10h_val_c10_loss', 'c10h_val_c10_acc', 'v4_loss', 'v4_acc', 'v6_loss', 'v6_acc', 'c10_50k_loss', 'c10_50k_acc']) 
 c10h_outdir:  /tigress/ruairidh/model_results/run_1/saves/vgg_15_BN_64/con_True_lr_0.1_seed_0
[2018/09/25 11:21:38 __main__ INFO] - Train 67
[2018/09/25 11:21:42 __main__ INFO] - TEST 67
[2018/09/25 11:22:02 __main__ INFO] - - epoch 67    c10h_train    : 0.5331 (acc: 0.9663) | c10h_val    : 0.8501 (acc: 0.8620)
[2018/09/25 11:22:02 __main__ INFO] - -            c10h_train_c10: 0.0670 (acc: 0.9726) | c10h_val_c10: 0.5519 (acc: 0.8650)
[2018/09/25 11:22:02 __main__ INFO] - -            v4            : 1.3163 (acc: 0.7264) |           v6: 1.1911 (acc: 0.7475)
[2018/09/25 11:22:02 __main__ INFO] - -            c10_50k       : 0.5793 (acc: 0.8623)
[2018/09/25 11:22:02 __main__ INFO] - Elapsed 19.81
keys:  dict_keys(['epoch', 'c10h_train_loss', 'c10h_train_acc', 'c10h_val_loss', 'c10h_val_acc', 'c10h_train_c10_loss', 'c10h_train_c10_acc', 'c10h_val_c10_loss', 'c10h_val_c10_acc', 'v4_loss', 'v4_acc', 'v6_loss', 'v6_acc', 'c10_50k_loss', 'c10_50k_acc']) 
 c10h_outdir:  /tigress/ruairidh/model_results/run_1/saves/vgg_15_BN_64/con_True_lr_0.1_seed_0
[2018/09/25 11:22:02 __main__ INFO] - Train 68
[2018/09/25 11:22:06 __main__ INFO] - TEST 68
[2018/09/25 11:22:26 __main__ INFO] - - epoch 68    c10h_train    : 0.5872 (acc: 0.9399) | c10h_val    : 1.0677 (acc: 0.8190)
[2018/09/25 11:22:26 __main__ INFO] - -            c10h_train_c10: 0.1635 (acc: 0.9458) | c10h_val_c10: 0.8076 (acc: 0.8230)
[2018/09/25 11:22:26 __main__ INFO] - -            v4            : 1.4305 (acc: 0.6932) |           v6: 1.4270 (acc: 0.7045)
[2018/09/25 11:22:26 __main__ INFO] - -            c10_50k       : 0.6851 (acc: 0.8387)
[2018/09/25 11:22:26 __main__ INFO] - Elapsed 19.72
keys:  dict_keys(['epoch', 'c10h_train_loss', 'c10h_train_acc', 'c10h_val_loss', 'c10h_val_acc', 'c10h_train_c10_loss', 'c10h_train_c10_acc', 'c10h_val_c10_loss', 'c10h_val_c10_acc', 'v4_loss', 'v4_acc', 'v6_loss', 'v6_acc', 'c10_50k_loss', 'c10_50k_acc']) 
 c10h_outdir:  /tigress/ruairidh/model_results/run_1/saves/vgg_15_BN_64/con_True_lr_0.1_seed_0
[2018/09/25 11:22:27 __main__ INFO] - Train 69
[2018/09/25 11:22:31 __main__ INFO] - TEST 69
[2018/09/25 11:22:50 __main__ INFO] - - epoch 69    c10h_train    : 0.4848 (acc: 0.9554) | c10h_val    : 0.9048 (acc: 0.8300)
[2018/09/25 11:22:50 __main__ INFO] - -            c10h_train_c10: 0.1038 (acc: 0.9614) | c10h_val_c10: 0.7070 (acc: 0.8300)
[2018/09/25 11:22:50 __main__ INFO] - -            v4            : 1.3625 (acc: 0.7016) |           v6: 1.2447 (acc: 0.7185)
[2018/09/25 11:22:50 __main__ INFO] - -            c10_50k       : 0.5872 (acc: 0.8479)
[2018/09/25 11:22:50 __main__ INFO] - Elapsed 19.74
keys:  dict_keys(['epoch', 'c10h_train_loss', 'c10h_train_acc', 'c10h_val_loss', 'c10h_val_acc', 'c10h_train_c10_loss', 'c10h_train_c10_acc', 'c10h_val_c10_loss', 'c10h_val_c10_acc', 'v4_loss', 'v4_acc', 'v6_loss', 'v6_acc', 'c10_50k_loss', 'c10_50k_acc']) 
 c10h_outdir:  /tigress/ruairidh/model_results/run_1/saves/vgg_15_BN_64/con_True_lr_0.1_seed_0
[2018/09/25 11:22:51 __main__ INFO] - Train 70
[2018/09/25 11:22:55 __main__ INFO] - TEST 70
[2018/09/25 11:23:15 __main__ INFO] - - epoch 70    c10h_train    : 0.4920 (acc: 0.9544) | c10h_val    : 0.8756 (acc: 0.8440)
[2018/09/25 11:23:15 __main__ INFO] - -            c10h_train_c10: 0.1012 (acc: 0.9614) | c10h_val_c10: 0.6194 (acc: 0.8470)
[2018/09/25 11:23:15 __main__ INFO] - -            v4            : 1.1875 (acc: 0.7066) |           v6: 1.0529 (acc: 0.7410)
[2018/09/25 11:23:15 __main__ INFO] - -            c10_50k       : 0.5735 (acc: 0.8502)
[2018/09/25 11:23:15 __main__ INFO] - Elapsed 19.67
keys:  dict_keys(['epoch', 'c10h_train_loss', 'c10h_train_acc', 'c10h_val_loss', 'c10h_val_acc', 'c10h_train_c10_loss', 'c10h_train_c10_acc', 'c10h_val_c10_loss', 'c10h_val_c10_acc', 'v4_loss', 'v4_acc', 'v6_loss', 'v6_acc', 'c10_50k_loss', 'c10_50k_acc']) 
 c10h_outdir:  /tigress/ruairidh/model_results/run_1/saves/vgg_15_BN_64/con_True_lr_0.1_seed_0
[2018/09/25 11:23:16 __main__ INFO] - Train 71
[2018/09/25 11:23:20 __main__ INFO] - TEST 71
[2018/09/25 11:23:39 __main__ INFO] - - epoch 71    c10h_train    : 0.4808 (acc: 0.9663) | c10h_val    : 0.7574 (acc: 0.8640)
[2018/09/25 11:23:39 __main__ INFO] - -            c10h_train_c10: 0.0601 (acc: 0.9732) | c10h_val_c10: 0.4869 (acc: 0.8690)
[2018/09/25 11:23:39 __main__ INFO] - -            v4            : 1.1481 (acc: 0.7318) |           v6: 1.0312 (acc: 0.7605)
[2018/09/25 11:23:39 __main__ INFO] - -            c10_50k       : 0.5124 (acc: 0.8672)
[2018/09/25 11:23:39 __main__ INFO] - Elapsed 19.66
keys:  dict_keys(['epoch', 'c10h_train_loss', 'c10h_train_acc', 'c10h_val_loss', 'c10h_val_acc', 'c10h_train_c10_loss', 'c10h_train_c10_acc', 'c10h_val_c10_loss', 'c10h_val_c10_acc', 'v4_loss', 'v4_acc', 'v6_loss', 'v6_acc', 'c10_50k_loss', 'c10_50k_acc']) 
 c10h_outdir:  /tigress/ruairidh/model_results/run_1/saves/vgg_15_BN_64/con_True_lr_0.1_seed_0
[2018/09/25 11:23:39 __main__ INFO] - Train 72
[2018/09/25 11:23:43 __main__ INFO] - TEST 72
[2018/09/25 11:24:03 __main__ INFO] - - epoch 72    c10h_train    : 0.5228 (acc: 0.9549) | c10h_val    : 0.9519 (acc: 0.8160)
[2018/09/25 11:24:03 __main__ INFO] - -            c10h_train_c10: 0.1000 (acc: 0.9614) | c10h_val_c10: 0.7010 (acc: 0.8190)
[2018/09/25 11:24:03 __main__ INFO] - -            v4            : 1.2885 (acc: 0.7105) |           v6: 1.2356 (acc: 0.7090)
[2018/09/25 11:24:03 __main__ INFO] - -            c10_50k       : 0.6232 (acc: 0.8413)
[2018/09/25 11:24:03 __main__ INFO] - Elapsed 19.70
keys:  dict_keys(['epoch', 'c10h_train_loss', 'c10h_train_acc', 'c10h_val_loss', 'c10h_val_acc', 'c10h_train_c10_loss', 'c10h_train_c10_acc', 'c10h_val_c10_loss', 'c10h_val_c10_acc', 'v4_loss', 'v4_acc', 'v6_loss', 'v6_acc', 'c10_50k_loss', 'c10_50k_acc']) 
 c10h_outdir:  /tigress/ruairidh/model_results/run_1/saves/vgg_15_BN_64/con_True_lr_0.1_seed_0
[2018/09/25 11:24:04 __main__ INFO] - Train 73
[2018/09/25 11:24:08 __main__ INFO] - TEST 73
[2018/09/25 11:24:28 __main__ INFO] - - epoch 73    c10h_train    : 0.4992 (acc: 0.9739) | c10h_val    : 0.7893 (acc: 0.8650)
[2018/09/25 11:24:28 __main__ INFO] - -            c10h_train_c10: 0.0494 (acc: 0.9801) | c10h_val_c10: 0.5184 (acc: 0.8680)
[2018/09/25 11:24:28 __main__ INFO] - -            v4            : 1.2642 (acc: 0.7279) |           v6: 1.0800 (acc: 0.7590)
[2018/09/25 11:24:28 __main__ INFO] - -            c10_50k       : 0.5426 (acc: 0.8675)
[2018/09/25 11:24:28 __main__ INFO] - Elapsed 19.65
keys:  dict_keys(['epoch', 'c10h_train_loss', 'c10h_train_acc', 'c10h_val_loss', 'c10h_val_acc', 'c10h_train_c10_loss', 'c10h_train_c10_acc', 'c10h_val_c10_loss', 'c10h_val_c10_acc', 'v4_loss', 'v4_acc', 'v6_loss', 'v6_acc', 'c10_50k_loss', 'c10_50k_acc']) 
 c10h_outdir:  /tigress/ruairidh/model_results/run_1/saves/vgg_15_BN_64/con_True_lr_0.1_seed_0
[2018/09/25 11:24:28 __main__ INFO] - Train 74
[2018/09/25 11:24:32 __main__ INFO] - TEST 74
[2018/09/25 11:24:52 __main__ INFO] - - epoch 74    c10h_train    : 0.5124 (acc: 0.9592) | c10h_val    : 0.8732 (acc: 0.8510)
[2018/09/25 11:24:52 __main__ INFO] - -            c10h_train_c10: 0.0929 (acc: 0.9656) | c10h_val_c10: 0.6083 (acc: 0.8540)
[2018/09/25 11:24:52 __main__ INFO] - -            v4            : 1.3185 (acc: 0.7016) |           v6: 1.2324 (acc: 0.7215)
[2018/09/25 11:24:52 __main__ INFO] - -            c10_50k       : 0.6108 (acc: 0.8489)
[2018/09/25 11:24:52 __main__ INFO] - Elapsed 19.73
keys:  dict_keys(['epoch', 'c10h_train_loss', 'c10h_train_acc', 'c10h_val_loss', 'c10h_val_acc', 'c10h_train_c10_loss', 'c10h_train_c10_acc', 'c10h_val_c10_loss', 'c10h_val_c10_acc', 'v4_loss', 'v4_acc', 'v6_loss', 'v6_acc', 'c10_50k_loss', 'c10_50k_acc']) 
 c10h_outdir:  /tigress/ruairidh/model_results/run_1/saves/vgg_15_BN_64/con_True_lr_0.1_seed_0
[2018/09/25 11:24:53 __main__ INFO] - Train 75
[2018/09/25 11:24:56 __main__ INFO] - TEST 75
[2018/09/25 11:25:16 __main__ INFO] - - epoch 75    c10h_train    : 0.5011 (acc: 0.9721) | c10h_val    : 0.7961 (acc: 0.8680)
[2018/09/25 11:25:16 __main__ INFO] - -            c10h_train_c10: 0.0470 (acc: 0.9792) | c10h_val_c10: 0.5331 (acc: 0.8700)
[2018/09/25 11:25:16 __main__ INFO] - -            v4            : 1.2301 (acc: 0.7348) |           v6: 1.0615 (acc: 0.7605)
[2018/09/25 11:25:16 __main__ INFO] - -            c10_50k       : 0.5216 (acc: 0.8659)
[2018/09/25 11:25:16 __main__ INFO] - Elapsed 19.73
keys:  dict_keys(['epoch', 'c10h_train_loss', 'c10h_train_acc', 'c10h_val_loss', 'c10h_val_acc', 'c10h_train_c10_loss', 'c10h_train_c10_acc', 'c10h_val_c10_loss', 'c10h_val_c10_acc', 'v4_loss', 'v4_acc', 'v6_loss', 'v6_acc', 'c10_50k_loss', 'c10_50k_acc']) 
 c10h_outdir:  /tigress/ruairidh/model_results/run_1/saves/vgg_15_BN_64/con_True_lr_0.1_seed_0
[2018/09/25 11:25:17 __main__ INFO] - Train 76
[2018/09/25 11:25:21 __main__ INFO] - TEST 76
[2018/09/25 11:25:40 __main__ INFO] - - epoch 76    c10h_train    : 0.5508 (acc: 0.9491) | c10h_val    : 0.9058 (acc: 0.8380)
[2018/09/25 11:25:40 __main__ INFO] - -            c10h_train_c10: 0.1319 (acc: 0.9557) | c10h_val_c10: 0.6422 (acc: 0.8440)
[2018/09/25 11:25:40 __main__ INFO] - -            v4            : 1.3558 (acc: 0.6942) |           v6: 1.1309 (acc: 0.7420)
[2018/09/25 11:25:40 __main__ INFO] - -            c10_50k       : 0.6535 (acc: 0.8413)
[2018/09/25 11:25:40 __main__ INFO] - Elapsed 19.68
keys:  dict_keys(['epoch', 'c10h_train_loss', 'c10h_train_acc', 'c10h_val_loss', 'c10h_val_acc', 'c10h_train_c10_loss', 'c10h_train_c10_acc', 'c10h_val_c10_loss', 'c10h_val_c10_acc', 'v4_loss', 'v4_acc', 'v6_loss', 'v6_acc', 'c10_50k_loss', 'c10_50k_acc']) 
 c10h_outdir:  /tigress/ruairidh/model_results/run_1/saves/vgg_15_BN_64/con_True_lr_0.1_seed_0
[2018/09/25 11:25:41 __main__ INFO] - Train 77
[2018/09/25 11:25:45 __main__ INFO] - TEST 77
[2018/09/25 11:26:05 __main__ INFO] - - epoch 77    c10h_train    : 0.4849 (acc: 0.9677) | c10h_val    : 0.8074 (acc: 0.8620)
[2018/09/25 11:26:05 __main__ INFO] - -            c10h_train_c10: 0.0667 (acc: 0.9739) | c10h_val_c10: 0.5433 (acc: 0.8660)
[2018/09/25 11:26:05 __main__ INFO] - -            v4            : 1.2121 (acc: 0.7264) |           v6: 1.1153 (acc: 0.7360)
[2018/09/25 11:26:05 __main__ INFO] - -            c10_50k       : 0.5683 (acc: 0.8573)
[2018/09/25 11:26:05 __main__ INFO] - Elapsed 19.70
keys:  dict_keys(['epoch', 'c10h_train_loss', 'c10h_train_acc', 'c10h_val_loss', 'c10h_val_acc', 'c10h_train_c10_loss', 'c10h_train_c10_acc', 'c10h_val_c10_loss', 'c10h_val_c10_acc', 'v4_loss', 'v4_acc', 'v6_loss', 'v6_acc', 'c10_50k_loss', 'c10_50k_acc']) 
 c10h_outdir:  /tigress/ruairidh/model_results/run_1/saves/vgg_15_BN_64/con_True_lr_0.1_seed_0
[2018/09/25 11:26:05 __main__ INFO] - Train 78
[2018/09/25 11:26:09 __main__ INFO] - TEST 78
[2018/09/25 11:26:29 __main__ INFO] - - epoch 78    c10h_train    : 0.5321 (acc: 0.9582) | c10h_val    : 0.9288 (acc: 0.8430)
[2018/09/25 11:26:29 __main__ INFO] - -            c10h_train_c10: 0.0881 (acc: 0.9651) | c10h_val_c10: 0.6514 (acc: 0.8460)
[2018/09/25 11:26:29 __main__ INFO] - -            v4            : 1.3140 (acc: 0.7155) |           v6: 1.2578 (acc: 0.7285)
[2018/09/25 11:26:29 __main__ INFO] - -            c10_50k       : 0.6100 (acc: 0.8508)
[2018/09/25 11:26:29 __main__ INFO] - Elapsed 19.67
keys:  dict_keys(['epoch', 'c10h_train_loss', 'c10h_train_acc', 'c10h_val_loss', 'c10h_val_acc', 'c10h_train_c10_loss', 'c10h_train_c10_acc', 'c10h_val_c10_loss', 'c10h_val_c10_acc', 'v4_loss', 'v4_acc', 'v6_loss', 'v6_acc', 'c10_50k_loss', 'c10_50k_acc']) 
 c10h_outdir:  /tigress/ruairidh/model_results/run_1/saves/vgg_15_BN_64/con_True_lr_0.1_seed_0
[2018/09/25 11:26:29 __main__ INFO] - Train 79
[2018/09/25 11:26:33 __main__ INFO] - TEST 79
[2018/09/25 11:26:53 __main__ INFO] - - epoch 79    c10h_train    : 0.5113 (acc: 0.9589) | c10h_val    : 0.9049 (acc: 0.8430)
[2018/09/25 11:26:53 __main__ INFO] - -            c10h_train_c10: 0.0855 (acc: 0.9652) | c10h_val_c10: 0.6510 (acc: 0.8460)
[2018/09/25 11:26:53 __main__ INFO] - -            v4            : 1.3043 (acc: 0.7145) |           v6: 1.2448 (acc: 0.7320)
[2018/09/25 11:26:53 __main__ INFO] - -            c10_50k       : 0.6097 (acc: 0.8506)
[2018/09/25 11:26:53 __main__ INFO] - Elapsed 19.62
keys:  dict_keys(['epoch', 'c10h_train_loss', 'c10h_train_acc', 'c10h_val_loss', 'c10h_val_acc', 'c10h_train_c10_loss', 'c10h_train_c10_acc', 'c10h_val_c10_loss', 'c10h_val_c10_acc', 'v4_loss', 'v4_acc', 'v6_loss', 'v6_acc', 'c10_50k_loss', 'c10_50k_acc']) 
 c10h_outdir:  /tigress/ruairidh/model_results/run_1/saves/vgg_15_BN_64/con_True_lr_0.1_seed_0
[2018/09/25 11:26:54 __main__ INFO] - Train 80
[2018/09/25 11:26:58 __main__ INFO] - TEST 80
[2018/09/25 11:27:17 __main__ INFO] - - epoch 80    c10h_train    : 0.4825 (acc: 0.9620) | c10h_val    : 0.8504 (acc: 0.8640)
[2018/09/25 11:27:17 __main__ INFO] - -            c10h_train_c10: 0.0734 (acc: 0.9686) | c10h_val_c10: 0.5804 (acc: 0.8670)
[2018/09/25 11:27:17 __main__ INFO] - -            v4            : 1.1916 (acc: 0.7303) |           v6: 1.0817 (acc: 0.7625)
[2018/09/25 11:27:17 __main__ INFO] - -            c10_50k       : 0.5515 (acc: 0.8616)
[2018/09/25 11:27:17 __main__ INFO] - Elapsed 19.75
keys:  dict_keys(['epoch', 'c10h_train_loss', 'c10h_train_acc', 'c10h_val_loss', 'c10h_val_acc', 'c10h_train_c10_loss', 'c10h_train_c10_acc', 'c10h_val_c10_loss', 'c10h_val_c10_acc', 'v4_loss', 'v4_acc', 'v6_loss', 'v6_acc', 'c10_50k_loss', 'c10_50k_acc']) 
 c10h_outdir:  /tigress/ruairidh/model_results/run_1/saves/vgg_15_BN_64/con_True_lr_0.1_seed_0
[2018/09/25 11:27:18 __main__ INFO] - Train 81
[2018/09/25 11:27:21 __main__ INFO] - TEST 81
[2018/09/25 11:27:41 __main__ INFO] - - epoch 81    c10h_train    : 0.4594 (acc: 0.9837) | c10h_val    : 0.7146 (acc: 0.8860)
[2018/09/25 11:27:41 __main__ INFO] - -            c10h_train_c10: 0.0155 (acc: 0.9909) | c10h_val_c10: 0.4429 (acc: 0.8890)
[2018/09/25 11:27:41 __main__ INFO] - -            v4            : 0.9519 (acc: 0.7704) |           v6: 0.9195 (acc: 0.7830)
[2018/09/25 11:27:41 __main__ INFO] - -            c10_50k       : 0.4045 (acc: 0.8902)
[2018/09/25 11:27:41 __main__ INFO] - Elapsed 19.70
keys:  dict_keys(['epoch', 'c10h_train_loss', 'c10h_train_acc', 'c10h_val_loss', 'c10h_val_acc', 'c10h_train_c10_loss', 'c10h_train_c10_acc', 'c10h_val_c10_loss', 'c10h_val_c10_acc', 'v4_loss', 'v4_acc', 'v6_loss', 'v6_acc', 'c10_50k_loss', 'c10_50k_acc']) 
 c10h_outdir:  /tigress/ruairidh/model_results/run_1/saves/vgg_15_BN_64/con_True_lr_0.1_seed_0
[2018/09/25 11:27:41 __main__ INFO] - Train 82
[2018/09/25 11:27:45 __main__ INFO] - TEST 82
[2018/09/25 11:28:05 __main__ INFO] - - epoch 82    c10h_train    : 0.4623 (acc: 0.9856) | c10h_val    : 0.7051 (acc: 0.8900)
[2018/09/25 11:28:05 __main__ INFO] - -            c10h_train_c10: 0.0104 (acc: 0.9930) | c10h_val_c10: 0.4295 (acc: 0.8930)
[2018/09/25 11:28:05 __main__ INFO] - -            v4            : 0.9816 (acc: 0.7655) |           v6: 0.8972 (acc: 0.7870)
[2018/09/25 11:28:05 __main__ INFO] - -            c10_50k       : 0.3939 (acc: 0.8925)
[2018/09/25 11:28:05 __main__ INFO] - Elapsed 19.62
keys:  dict_keys(['epoch', 'c10h_train_loss', 'c10h_train_acc', 'c10h_val_loss', 'c10h_val_acc', 'c10h_train_c10_loss', 'c10h_train_c10_acc', 'c10h_val_c10_loss', 'c10h_val_c10_acc', 'v4_loss', 'v4_acc', 'v6_loss', 'v6_acc', 'c10_50k_loss', 'c10_50k_acc']) 
 c10h_outdir:  /tigress/ruairidh/model_results/run_1/saves/vgg_15_BN_64/con_True_lr_0.1_seed_0
[2018/09/25 11:28:06 __main__ INFO] - Train 83
[2018/09/25 11:28:09 __main__ INFO] - TEST 83
[2018/09/25 11:28:29 __main__ INFO] - - epoch 83    c10h_train    : 0.4729 (acc: 0.9859) | c10h_val    : 0.6960 (acc: 0.8960)
[2018/09/25 11:28:29 __main__ INFO] - -            c10h_train_c10: 0.0081 (acc: 0.9936) | c10h_val_c10: 0.4165 (acc: 0.8990)
[2018/09/25 11:28:29 __main__ INFO] - -            v4            : 0.9620 (acc: 0.7719) |           v6: 0.8829 (acc: 0.7890)
[2018/09/25 11:28:29 __main__ INFO] - -            c10_50k       : 0.3877 (acc: 0.8959)
[2018/09/25 11:28:29 __main__ INFO] - Elapsed 19.77
keys:  dict_keys(['epoch', 'c10h_train_loss', 'c10h_train_acc', 'c10h_val_loss', 'c10h_val_acc', 'c10h_train_c10_loss', 'c10h_train_c10_acc', 'c10h_val_c10_loss', 'c10h_val_c10_acc', 'v4_loss', 'v4_acc', 'v6_loss', 'v6_acc', 'c10_50k_loss', 'c10_50k_acc']) 
 c10h_outdir:  /tigress/ruairidh/model_results/run_1/saves/vgg_15_BN_64/con_True_lr_0.1_seed_0
[2018/09/25 11:28:30 __main__ INFO] - Train 84
[2018/09/25 11:28:34 __main__ INFO] - TEST 84
[2018/09/25 11:28:53 __main__ INFO] - - epoch 84    c10h_train    : 0.4810 (acc: 0.9866) | c10h_val    : 0.6997 (acc: 0.8960)
[2018/09/25 11:28:53 __main__ INFO] - -            c10h_train_c10: 0.0055 (acc: 0.9942) | c10h_val_c10: 0.4152 (acc: 0.8990)
[2018/09/25 11:28:53 __main__ INFO] - -            v4            : 0.9574 (acc: 0.7828) |           v6: 0.8708 (acc: 0.7915)
[2018/09/25 11:28:53 __main__ INFO] - -            c10_50k       : 0.3824 (acc: 0.8978)
[2018/09/25 11:28:53 __main__ INFO] - Elapsed 19.75
keys:  dict_keys(['epoch', 'c10h_train_loss', 'c10h_train_acc', 'c10h_val_loss', 'c10h_val_acc', 'c10h_train_c10_loss', 'c10h_train_c10_acc', 'c10h_val_c10_loss', 'c10h_val_c10_acc', 'v4_loss', 'v4_acc', 'v6_loss', 'v6_acc', 'c10_50k_loss', 'c10_50k_acc']) 
 c10h_outdir:  /tigress/ruairidh/model_results/run_1/saves/vgg_15_BN_64/con_True_lr_0.1_seed_0
[2018/09/25 11:28:55 __main__ INFO] - Train 85
[2018/09/25 11:28:59 __main__ INFO] - TEST 85
[2018/09/25 11:29:18 __main__ INFO] - - epoch 85    c10h_train    : 0.4793 (acc: 0.9870) | c10h_val    : 0.6947 (acc: 0.8960)
[2018/09/25 11:29:18 __main__ INFO] - -            c10h_train_c10: 0.0056 (acc: 0.9943) | c10h_val_c10: 0.4092 (acc: 0.8990)
[2018/09/25 11:29:18 __main__ INFO] - -            v4            : 0.9152 (acc: 0.7823) |           v6: 0.8688 (acc: 0.7960)
[2018/09/25 11:29:18 __main__ INFO] - -            c10_50k       : 0.3731 (acc: 0.8996)
[2018/09/25 11:29:18 __main__ INFO] - Elapsed 19.71
keys:  dict_keys(['epoch', 'c10h_train_loss', 'c10h_train_acc', 'c10h_val_loss', 'c10h_val_acc', 'c10h_train_c10_loss', 'c10h_train_c10_acc', 'c10h_val_c10_loss', 'c10h_val_c10_acc', 'v4_loss', 'v4_acc', 'v6_loss', 'v6_acc', 'c10_50k_loss', 'c10_50k_acc']) 
 c10h_outdir:  /tigress/ruairidh/model_results/run_1/saves/vgg_15_BN_64/con_True_lr_0.1_seed_0
[2018/09/25 11:29:19 __main__ INFO] - Train 86
[2018/09/25 11:29:23 __main__ INFO] - TEST 86
[2018/09/25 11:29:42 __main__ INFO] - - epoch 86    c10h_train    : 0.4900 (acc: 0.9870) | c10h_val    : 0.6966 (acc: 0.8980)
[2018/09/25 11:29:42 __main__ INFO] - -            c10h_train_c10: 0.0050 (acc: 0.9947) | c10h_val_c10: 0.4101 (acc: 0.9010)
[2018/09/25 11:29:42 __main__ INFO] - -            v4            : 0.9609 (acc: 0.7739) |           v6: 0.8829 (acc: 0.7900)
[2018/09/25 11:29:42 __main__ INFO] - -            c10_50k       : 0.3721 (acc: 0.8999)
[2018/09/25 11:29:42 __main__ INFO] - Elapsed 19.73
keys:  dict_keys(['epoch', 'c10h_train_loss', 'c10h_train_acc', 'c10h_val_loss', 'c10h_val_acc', 'c10h_train_c10_loss', 'c10h_train_c10_acc', 'c10h_val_c10_loss', 'c10h_val_c10_acc', 'v4_loss', 'v4_acc', 'v6_loss', 'v6_acc', 'c10_50k_loss', 'c10_50k_acc']) 
 c10h_outdir:  /tigress/ruairidh/model_results/run_1/saves/vgg_15_BN_64/con_True_lr_0.1_seed_0
[2018/09/25 11:29:43 __main__ INFO] - Train 87
[2018/09/25 11:29:47 __main__ INFO] - TEST 87
[2018/09/25 11:30:07 __main__ INFO] - - epoch 87    c10h_train    : 0.4900 (acc: 0.9877) | c10h_val    : 0.6960 (acc: 0.8980)
[2018/09/25 11:30:07 __main__ INFO] - -            c10h_train_c10: 0.0036 (acc: 0.9953) | c10h_val_c10: 0.4090 (acc: 0.9010)
[2018/09/25 11:30:07 __main__ INFO] - -            v4            : 0.9747 (acc: 0.7665) |           v6: 0.8808 (acc: 0.7995)
[2018/09/25 11:30:07 __main__ INFO] - -            c10_50k       : 0.3761 (acc: 0.9003)
[2018/09/25 11:30:07 __main__ INFO] - Elapsed 19.79
keys:  dict_keys(['epoch', 'c10h_train_loss', 'c10h_train_acc', 'c10h_val_loss', 'c10h_val_acc', 'c10h_train_c10_loss', 'c10h_train_c10_acc', 'c10h_val_c10_loss', 'c10h_val_c10_acc', 'v4_loss', 'v4_acc', 'v6_loss', 'v6_acc', 'c10_50k_loss', 'c10_50k_acc']) 
 c10h_outdir:  /tigress/ruairidh/model_results/run_1/saves/vgg_15_BN_64/con_True_lr_0.1_seed_0
[2018/09/25 11:30:07 __main__ INFO] - Train 88
[2018/09/25 11:30:11 __main__ INFO] - TEST 88
[2018/09/25 11:30:31 __main__ INFO] - - epoch 88    c10h_train    : 0.4954 (acc: 0.9873) | c10h_val    : 0.6983 (acc: 0.9000)
[2018/09/25 11:30:31 __main__ INFO] - -            c10h_train_c10: 0.0045 (acc: 0.9947) | c10h_val_c10: 0.4082 (acc: 0.9030)
[2018/09/25 11:30:31 __main__ INFO] - -            v4            : 0.9884 (acc: 0.7674) |           v6: 0.8972 (acc: 0.7920)
[2018/09/25 11:30:31 __main__ INFO] - -            c10_50k       : 0.3793 (acc: 0.9006)
[2018/09/25 11:30:31 __main__ INFO] - Elapsed 19.71
keys:  dict_keys(['epoch', 'c10h_train_loss', 'c10h_train_acc', 'c10h_val_loss', 'c10h_val_acc', 'c10h_train_c10_loss', 'c10h_train_c10_acc', 'c10h_val_c10_loss', 'c10h_val_c10_acc', 'v4_loss', 'v4_acc', 'v6_loss', 'v6_acc', 'c10_50k_loss', 'c10_50k_acc']) 
 c10h_outdir:  /tigress/ruairidh/model_results/run_1/saves/vgg_15_BN_64/con_True_lr_0.1_seed_0
[2018/09/25 11:30:31 __main__ INFO] - Train 89
[2018/09/25 11:30:35 __main__ INFO] - TEST 89
[2018/09/25 11:30:55 __main__ INFO] - - epoch 89    c10h_train    : 0.4987 (acc: 0.9874) | c10h_val    : 0.6879 (acc: 0.8980)
[2018/09/25 11:30:55 __main__ INFO] - -            c10h_train_c10: 0.0040 (acc: 0.9950) | c10h_val_c10: 0.4013 (acc: 0.9010)
[2018/09/25 11:30:55 __main__ INFO] - -            v4            : 0.9554 (acc: 0.7768) |           v6: 0.8848 (acc: 0.7940)
[2018/09/25 11:30:55 __main__ INFO] - -            c10_50k       : 0.3742 (acc: 0.9028)
[2018/09/25 11:30:55 __main__ INFO] - Elapsed 19.75
keys:  dict_keys(['epoch', 'c10h_train_loss', 'c10h_train_acc', 'c10h_val_loss', 'c10h_val_acc', 'c10h_train_c10_loss', 'c10h_train_c10_acc', 'c10h_val_c10_loss', 'c10h_val_c10_acc', 'v4_loss', 'v4_acc', 'v6_loss', 'v6_acc', 'c10_50k_loss', 'c10_50k_acc']) 
 c10h_outdir:  /tigress/ruairidh/model_results/run_1/saves/vgg_15_BN_64/con_True_lr_0.1_seed_0
[2018/09/25 11:30:56 __main__ INFO] - Train 90
[2018/09/25 11:30:59 __main__ INFO] - TEST 90
[2018/09/25 11:31:19 __main__ INFO] - - epoch 90    c10h_train    : 0.5033 (acc: 0.9876) | c10h_val    : 0.6945 (acc: 0.8950)
[2018/09/25 11:31:19 __main__ INFO] - -            c10h_train_c10: 0.0030 (acc: 0.9952) | c10h_val_c10: 0.4064 (acc: 0.8980)
[2018/09/25 11:31:19 __main__ INFO] - -            v4            : 0.9630 (acc: 0.7749) |           v6: 0.8839 (acc: 0.7970)
[2018/09/25 11:31:19 __main__ INFO] - -            c10_50k       : 0.3735 (acc: 0.9021)
[2018/09/25 11:31:19 __main__ INFO] - Elapsed 19.69
keys:  dict_keys(['epoch', 'c10h_train_loss', 'c10h_train_acc', 'c10h_val_loss', 'c10h_val_acc', 'c10h_train_c10_loss', 'c10h_train_c10_acc', 'c10h_val_c10_loss', 'c10h_val_c10_acc', 'v4_loss', 'v4_acc', 'v6_loss', 'v6_acc', 'c10_50k_loss', 'c10_50k_acc']) 
 c10h_outdir:  /tigress/ruairidh/model_results/run_1/saves/vgg_15_BN_64/con_True_lr_0.1_seed_0
[2018/09/25 11:31:20 __main__ INFO] - Train 91
[2018/09/25 11:31:24 __main__ INFO] - TEST 91
[2018/09/25 11:31:44 __main__ INFO] - - epoch 91    c10h_train    : 0.5048 (acc: 0.9871) | c10h_val    : 0.6913 (acc: 0.8950)
[2018/09/25 11:31:44 __main__ INFO] - -            c10h_train_c10: 0.0033 (acc: 0.9948) | c10h_val_c10: 0.4062 (acc: 0.8980)
[2018/09/25 11:31:44 __main__ INFO] - -            v4            : 0.9706 (acc: 0.7665) |           v6: 0.8781 (acc: 0.7980)
[2018/09/25 11:31:44 __main__ INFO] - -            c10_50k       : 0.3706 (acc: 0.9031)
[2018/09/25 11:31:44 __main__ INFO] - Elapsed 19.73
keys:  dict_keys(['epoch', 'c10h_train_loss', 'c10h_train_acc', 'c10h_val_loss', 'c10h_val_acc', 'c10h_train_c10_loss', 'c10h_train_c10_acc', 'c10h_val_c10_loss', 'c10h_val_c10_acc', 'v4_loss', 'v4_acc', 'v6_loss', 'v6_acc', 'c10_50k_loss', 'c10_50k_acc']) 
 c10h_outdir:  /tigress/ruairidh/model_results/run_1/saves/vgg_15_BN_64/con_True_lr_0.1_seed_0
[2018/09/25 11:31:44 __main__ INFO] - Train 92
[2018/09/25 11:31:48 __main__ INFO] - TEST 92
[2018/09/25 11:32:08 __main__ INFO] - - epoch 92    c10h_train    : 0.5134 (acc: 0.9876) | c10h_val    : 0.7103 (acc: 0.8990)
[2018/09/25 11:32:08 __main__ INFO] - -            c10h_train_c10: 0.0025 (acc: 0.9952) | c10h_val_c10: 0.4117 (acc: 0.9020)
[2018/09/25 11:32:08 __main__ INFO] - -            v4            : 0.9520 (acc: 0.7778) |           v6: 0.8778 (acc: 0.7990)
[2018/09/25 11:32:08 __main__ INFO] - -            c10_50k       : 0.3796 (acc: 0.9010)
[2018/09/25 11:32:08 __main__ INFO] - Elapsed 19.76
keys:  dict_keys(['epoch', 'c10h_train_loss', 'c10h_train_acc', 'c10h_val_loss', 'c10h_val_acc', 'c10h_train_c10_loss', 'c10h_train_c10_acc', 'c10h_val_c10_loss', 'c10h_val_c10_acc', 'v4_loss', 'v4_acc', 'v6_loss', 'v6_acc', 'c10_50k_loss', 'c10_50k_acc']) 
 c10h_outdir:  /tigress/ruairidh/model_results/run_1/saves/vgg_15_BN_64/con_True_lr_0.1_seed_0
[2018/09/25 11:32:09 __main__ INFO] - Train 93
[2018/09/25 11:32:13 __main__ INFO] - TEST 93
[2018/09/25 11:32:32 __main__ INFO] - - epoch 93    c10h_train    : 0.5135 (acc: 0.9877) | c10h_val    : 0.7006 (acc: 0.9000)
[2018/09/25 11:32:32 __main__ INFO] - -            c10h_train_c10: 0.0024 (acc: 0.9952) | c10h_val_c10: 0.4052 (acc: 0.9030)
[2018/09/25 11:32:32 __main__ INFO] - -            v4            : 0.9895 (acc: 0.7744) |           v6: 0.8734 (acc: 0.7995)
[2018/09/25 11:32:32 __main__ INFO] - -            c10_50k       : 0.3807 (acc: 0.9018)
[2018/09/25 11:32:32 __main__ INFO] - Elapsed 19.65
keys:  dict_keys(['epoch', 'c10h_train_loss', 'c10h_train_acc', 'c10h_val_loss', 'c10h_val_acc', 'c10h_train_c10_loss', 'c10h_train_c10_acc', 'c10h_val_c10_loss', 'c10h_val_c10_acc', 'v4_loss', 'v4_acc', 'v6_loss', 'v6_acc', 'c10_50k_loss', 'c10_50k_acc']) 
 c10h_outdir:  /tigress/ruairidh/model_results/run_1/saves/vgg_15_BN_64/con_True_lr_0.1_seed_0
[2018/09/25 11:32:33 __main__ INFO] - Train 94
[2018/09/25 11:32:36 __main__ INFO] - TEST 94
[2018/09/25 11:32:56 __main__ INFO] - - epoch 94    c10h_train    : 0.5185 (acc: 0.9878) | c10h_val    : 0.7076 (acc: 0.9000)
[2018/09/25 11:32:56 __main__ INFO] - -            c10h_train_c10: 0.0017 (acc: 0.9954) | c10h_val_c10: 0.4113 (acc: 0.9030)
[2018/09/25 11:32:56 __main__ INFO] - -            v4            : 1.0058 (acc: 0.7749) |           v6: 0.8886 (acc: 0.7980)
[2018/09/25 11:32:56 __main__ INFO] - -            c10_50k       : 0.3784 (acc: 0.9024)
[2018/09/25 11:32:56 __main__ INFO] - Elapsed 19.70
keys:  dict_keys(['epoch', 'c10h_train_loss', 'c10h_train_acc', 'c10h_val_loss', 'c10h_val_acc', 'c10h_train_c10_loss', 'c10h_train_c10_acc', 'c10h_val_c10_loss', 'c10h_val_c10_acc', 'v4_loss', 'v4_acc', 'v6_loss', 'v6_acc', 'c10_50k_loss', 'c10_50k_acc']) 
 c10h_outdir:  /tigress/ruairidh/model_results/run_1/saves/vgg_15_BN_64/con_True_lr_0.1_seed_0
[2018/09/25 11:32:57 __main__ INFO] - Train 95
[2018/09/25 11:33:01 __main__ INFO] - TEST 95
[2018/09/25 11:33:21 __main__ INFO] - - epoch 95    c10h_train    : 0.5180 (acc: 0.9877) | c10h_val    : 0.7017 (acc: 0.9020)
[2018/09/25 11:33:21 __main__ INFO] - -            c10h_train_c10: 0.0021 (acc: 0.9953) | c10h_val_c10: 0.4064 (acc: 0.9050)
[2018/09/25 11:33:21 __main__ INFO] - -            v4            : 0.9747 (acc: 0.7828) |           v6: 0.8734 (acc: 0.8005)
[2018/09/25 11:33:21 __main__ INFO] - -            c10_50k       : 0.3758 (acc: 0.9034)
[2018/09/25 11:33:21 __main__ INFO] - Elapsed 19.76
keys:  dict_keys(['epoch', 'c10h_train_loss', 'c10h_train_acc', 'c10h_val_loss', 'c10h_val_acc', 'c10h_train_c10_loss', 'c10h_train_c10_acc', 'c10h_val_c10_loss', 'c10h_val_c10_acc', 'v4_loss', 'v4_acc', 'v6_loss', 'v6_acc', 'c10_50k_loss', 'c10_50k_acc']) 
 c10h_outdir:  /tigress/ruairidh/model_results/run_1/saves/vgg_15_BN_64/con_True_lr_0.1_seed_0
[2018/09/25 11:33:21 __main__ INFO] - Train 96
[2018/09/25 11:33:25 __main__ INFO] - TEST 96
[2018/09/25 11:33:45 __main__ INFO] - - epoch 96    c10h_train    : 0.5222 (acc: 0.9878) | c10h_val    : 0.7074 (acc: 0.9020)
[2018/09/25 11:33:45 __main__ INFO] - -            c10h_train_c10: 0.0023 (acc: 0.9953) | c10h_val_c10: 0.4102 (acc: 0.9050)
[2018/09/25 11:33:45 __main__ INFO] - -            v4            : 0.9748 (acc: 0.7848) |           v6: 0.8839 (acc: 0.7990)
[2018/09/25 11:33:45 __main__ INFO] - -            c10_50k       : 0.3748 (acc: 0.9040)
[2018/09/25 11:33:45 __main__ INFO] - Elapsed 19.75
keys:  dict_keys(['epoch', 'c10h_train_loss', 'c10h_train_acc', 'c10h_val_loss', 'c10h_val_acc', 'c10h_train_c10_loss', 'c10h_train_c10_acc', 'c10h_val_c10_loss', 'c10h_val_c10_acc', 'v4_loss', 'v4_acc', 'v6_loss', 'v6_acc', 'c10_50k_loss', 'c10_50k_acc']) 
 c10h_outdir:  /tigress/ruairidh/model_results/run_1/saves/vgg_15_BN_64/con_True_lr_0.1_seed_0
[2018/09/25 11:33:46 __main__ INFO] - Train 97
[2018/09/25 11:33:50 __main__ INFO] - TEST 97
[2018/09/25 11:34:10 __main__ INFO] - - epoch 97    c10h_train    : 0.5266 (acc: 0.9879) | c10h_val    : 0.7071 (acc: 0.9030)
[2018/09/25 11:34:10 __main__ INFO] - -            c10h_train_c10: 0.0015 (acc: 0.9956) | c10h_val_c10: 0.4100 (acc: 0.9060)
[2018/09/25 11:34:10 __main__ INFO] - -            v4            : 0.9793 (acc: 0.7734) |           v6: 0.8954 (acc: 0.7995)
[2018/09/25 11:34:10 __main__ INFO] - -            c10_50k       : 0.3790 (acc: 0.9022)
[2018/09/25 11:34:10 __main__ INFO] - Elapsed 19.78
keys:  dict_keys(['epoch', 'c10h_train_loss', 'c10h_train_acc', 'c10h_val_loss', 'c10h_val_acc', 'c10h_train_c10_loss', 'c10h_train_c10_acc', 'c10h_val_c10_loss', 'c10h_val_c10_acc', 'v4_loss', 'v4_acc', 'v6_loss', 'v6_acc', 'c10_50k_loss', 'c10_50k_acc']) 
 c10h_outdir:  /tigress/ruairidh/model_results/run_1/saves/vgg_15_BN_64/con_True_lr_0.1_seed_0
[2018/09/25 11:34:11 __main__ INFO] - Train 98
[2018/09/25 11:34:14 __main__ INFO] - TEST 98
[2018/09/25 11:34:34 __main__ INFO] - - epoch 98    c10h_train    : 0.5249 (acc: 0.9873) | c10h_val    : 0.7033 (acc: 0.9010)
[2018/09/25 11:34:34 __main__ INFO] - -            c10h_train_c10: 0.0021 (acc: 0.9949) | c10h_val_c10: 0.4069 (acc: 0.9040)
[2018/09/25 11:34:34 __main__ INFO] - -            v4            : 1.0008 (acc: 0.7699) |           v6: 0.8908 (acc: 0.8000)
[2018/09/25 11:34:34 __main__ INFO] - -            c10_50k       : 0.3803 (acc: 0.9025)
[2018/09/25 11:34:34 __main__ INFO] - Elapsed 19.68
keys:  dict_keys(['epoch', 'c10h_train_loss', 'c10h_train_acc', 'c10h_val_loss', 'c10h_val_acc', 'c10h_train_c10_loss', 'c10h_train_c10_acc', 'c10h_val_c10_loss', 'c10h_val_c10_acc', 'v4_loss', 'v4_acc', 'v6_loss', 'v6_acc', 'c10_50k_loss', 'c10_50k_acc']) 
 c10h_outdir:  /tigress/ruairidh/model_results/run_1/saves/vgg_15_BN_64/con_True_lr_0.1_seed_0
[2018/09/25 11:34:35 __main__ INFO] - Train 99
[2018/09/25 11:34:39 __main__ INFO] - TEST 99
[2018/09/25 11:34:58 __main__ INFO] - - epoch 99    c10h_train    : 0.5261 (acc: 0.9876) | c10h_val    : 0.7034 (acc: 0.9040)
[2018/09/25 11:34:59 __main__ INFO] - -            c10h_train_c10: 0.0019 (acc: 0.9952) | c10h_val_c10: 0.4029 (acc: 0.9070)
[2018/09/25 11:34:59 __main__ INFO] - -            v4            : 0.9620 (acc: 0.7749) |           v6: 0.8850 (acc: 0.8000)
[2018/09/25 11:34:59 __main__ INFO] - -            c10_50k       : 0.3753 (acc: 0.9048)
[2018/09/25 11:34:59 __main__ INFO] - Elapsed 19.70
keys:  dict_keys(['epoch', 'c10h_train_loss', 'c10h_train_acc', 'c10h_val_loss', 'c10h_val_acc', 'c10h_train_c10_loss', 'c10h_train_c10_acc', 'c10h_val_c10_loss', 'c10h_val_c10_acc', 'v4_loss', 'v4_acc', 'v6_loss', 'v6_acc', 'c10_50k_loss', 'c10_50k_acc']) 
 c10h_outdir:  /tigress/ruairidh/model_results/run_1/saves/vgg_15_BN_64/con_True_lr_0.1_seed_0
[2018/09/25 11:34:59 __main__ INFO] - Train 100
[2018/09/25 11:35:03 __main__ INFO] - TEST 100
[2018/09/25 11:35:23 __main__ INFO] - - epoch 100    c10h_train    : 0.5268 (acc: 0.9878) | c10h_val    : 0.7119 (acc: 0.9030)
[2018/09/25 11:35:23 __main__ INFO] - -            c10h_train_c10: 0.0017 (acc: 0.9953) | c10h_val_c10: 0.4096 (acc: 0.9060)
[2018/09/25 11:35:23 __main__ INFO] - -            v4            : 0.9661 (acc: 0.7729) |           v6: 0.8905 (acc: 0.7975)
[2018/09/25 11:35:23 __main__ INFO] - -            c10_50k       : 0.3792 (acc: 0.9037)
[2018/09/25 11:35:23 __main__ INFO] - Elapsed 19.74
keys:  dict_keys(['epoch', 'c10h_train_loss', 'c10h_train_acc', 'c10h_val_loss', 'c10h_val_acc', 'c10h_train_c10_loss', 'c10h_train_c10_acc', 'c10h_val_c10_loss', 'c10h_val_c10_acc', 'v4_loss', 'v4_acc', 'v6_loss', 'v6_acc', 'c10_50k_loss', 'c10_50k_acc']) 
 c10h_outdir:  /tigress/ruairidh/model_results/run_1/saves/vgg_15_BN_64/con_True_lr_0.1_seed_0
inner done
