entering inner script
activating virtual env
vgg_15_BN_64
identifier: con_True_lr_0.1_seed_2
--arch=vgg --c10h_save_interval=2 --dataset=CIFAR10H --no_output --c10h_datasplit_seed=2 --human_tune --nonhuman_control=True --base_lr=0.1
vgg_15_BN_64_control:True_lr:0.1_seed:2.out
entering python script
/tigress/ruairidh/model_results/run_1/vgg_15_BN_64/model_best_state.pth
/tigress/ruairidh/model_results/run_1/saves/vgg_15_BN_64/con_True_lr_0.1_seed_2
Using TensorFlow backend.
[2018/09/25 10:54:34 __main__ INFO] - {
  "model_config": {
    "arch": "vgg",
    "input_shape": [
      1,
      3,
      32,
      32
    ],
    "n_classes": 10,
    "n_channels": [
      64,
      128,
      256,
      512,
      512
    ],
    "n_layers": [
      2,
      2,
      3,
      3,
      3
    ],
    "use_bn": true
  },
  "optim_config": {
    "epochs": 160,
    "batch_size": 128,
    "optimizer": "sgd",
    "base_lr": 0.1,
    "weight_decay": 0.0001,
    "momentum": 0.9,
    "nesterov": true,
    "scheduler": "multistep",
    "milestones": [
      80,
      120
    ],
    "lr_decay": 0.1
  },
  "data_config": {
    "dataset": "CIFAR10H",
    "n_classes": 10,
    "num_workers": 7,
    "batch_size": 128,
    "use_cutout": false,
    "use_random_erasing": false,
    "use_mixup": false,
    "c10h_sample": false,
    "c10h_testsplit_percent": 0.1,
    "c10h_datasplit_seed": 2,
    "use_gpu": true
  },
  "run_config": {
    "seed": 17,
    "test_first": true,
    "gpu": "0",
    "tensorboard": false,
    "tensorboard_train_images": false,
    "tensorboard_test_images": false,
    "tensorboard_model_params": false,
    "resume": "/tigress/ruairidh/model_results/run_1/vgg_15_BN_64/model_best_state.pth",
    "human_tune": true,
    "no_output": true,
    "test_only": false,
    "nonhuman_control": true,
    "c10h_scores_outdir": "/tigress/ruairidh/model_results/run_1/saves/vgg_15_BN_64/con_True_lr_0.1_seed_2",
    "c10h_save_interval": "2",
    "use_gpu": true
  },
  "env_info": {
    "pytorch_version": "0.4.1",
    "cuda_version": "9.0.176",
    "cudnn_version": 7102,
    "gpu0": {
      "name": "Tesla P100-PCIE-16GB",
      "capability": "6.0"
    }
  }
}
Files already downloaded and verified
Files already downloaded and verified
Files already downloaded and verified
Files already downloaded and verified
Files already downloaded and verified
[2018/09/25 10:54:37 __main__ INFO] - Loading model...
[2018/09/25 10:54:38 __main__ INFO] - n_params: 14728266
[2018/09/25 10:54:39 __main__ INFO] - Done
=> loading checkpoint '/tigress/ruairidh/model_results/run_1/vgg_15_BN_64/model_best_state.pth'
=> loaded checkpoint '/tigress/ruairidh/model_results/run_1/vgg_15_BN_64/model_best_state.pth' (epoch 146)
[2018/09/25 10:54:40 __main__ INFO] - TEST 0
[2018/09/25 10:55:01 __main__ INFO] - - epoch 0    c10h_train    : 0.8032 (acc: 0.9193) | c10h_val    : 0.7610 (acc: 0.9360)
[2018/09/25 10:55:01 __main__ INFO] - -            c10h_train_c10: 0.3734 (acc: 0.9206) | c10h_val_c10: 0.2807 (acc: 0.9380)
[2018/09/25 10:55:01 __main__ INFO] - -            v4            : 0.8380 (acc: 0.8342) |           v6: 0.7882 (acc: 0.8535)
[2018/09/25 10:55:01 __main__ INFO] - -            c10_50k       : 0.0021 (acc: 0.9996)
[2018/09/25 10:55:01 __main__ INFO] - Elapsed 20.53
keys:  dict_keys(['epoch', 'c10h_train_loss', 'c10h_train_acc', 'c10h_val_loss', 'c10h_val_acc', 'c10h_train_c10_loss', 'c10h_train_c10_acc', 'c10h_val_c10_loss', 'c10h_val_c10_acc', 'v4_loss', 'v4_acc', 'v6_loss', 'v6_acc', 'c10_50k_loss', 'c10_50k_acc']) 
 c10h_outdir:  /tigress/ruairidh/model_results/run_1/saves/vgg_15_BN_64/con_True_lr_0.1_seed_2
[2018/09/25 10:55:02 __main__ INFO] - Train 1
[2018/09/25 10:55:06 __main__ INFO] - TEST 1
[2018/09/25 10:55:24 __main__ INFO] - - epoch 1    c10h_train    : 0.5470 (acc: 0.8630) | c10h_val    : 0.5719 (acc: 0.8600)
[2018/09/25 10:55:25 __main__ INFO] - -            c10h_train_c10: 0.3869 (acc: 0.8659) | c10h_val_c10: 0.4054 (acc: 0.8610)
[2018/09/25 10:55:25 __main__ INFO] - -            v4            : 0.8581 (acc: 0.7279) |           v6: 0.8072 (acc: 0.7320)
[2018/09/25 10:55:25 __main__ INFO] - -            c10_50k       : 0.3495 (acc: 0.8825)
[2018/09/25 10:55:25 __main__ INFO] - Elapsed 18.75
keys:  dict_keys(['epoch', 'c10h_train_loss', 'c10h_train_acc', 'c10h_val_loss', 'c10h_val_acc', 'c10h_train_c10_loss', 'c10h_train_c10_acc', 'c10h_val_c10_loss', 'c10h_val_c10_acc', 'v4_loss', 'v4_acc', 'v6_loss', 'v6_acc', 'c10_50k_loss', 'c10_50k_acc']) 
 c10h_outdir:  /tigress/ruairidh/model_results/run_1/saves/vgg_15_BN_64/con_True_lr_0.1_seed_2
[2018/09/25 10:55:25 __main__ INFO] - Train 2
[2018/09/25 10:55:29 __main__ INFO] - TEST 2
[2018/09/25 10:55:47 __main__ INFO] - - epoch 2    c10h_train    : 0.4758 (acc: 0.8906) | c10h_val    : 0.5523 (acc: 0.8670)
[2018/09/25 10:55:48 __main__ INFO] - -            c10h_train_c10: 0.2985 (acc: 0.8946) | c10h_val_c10: 0.3713 (acc: 0.8670)
[2018/09/25 10:55:48 __main__ INFO] - -            v4            : 0.7885 (acc: 0.7392) |           v6: 0.7302 (acc: 0.7630)
[2018/09/25 10:55:48 __main__ INFO] - -            c10_50k       : 0.2889 (acc: 0.9015)
[2018/09/25 10:55:48 __main__ INFO] - Elapsed 18.79
keys:  dict_keys(['epoch', 'c10h_train_loss', 'c10h_train_acc', 'c10h_val_loss', 'c10h_val_acc', 'c10h_train_c10_loss', 'c10h_train_c10_acc', 'c10h_val_c10_loss', 'c10h_val_c10_acc', 'v4_loss', 'v4_acc', 'v6_loss', 'v6_acc', 'c10_50k_loss', 'c10_50k_acc']) 
 c10h_outdir:  /tigress/ruairidh/model_results/run_1/saves/vgg_15_BN_64/con_True_lr_0.1_seed_2
[2018/09/25 10:55:48 __main__ INFO] - Train 3
[2018/09/25 10:55:52 __main__ INFO] - TEST 3
[2018/09/25 10:56:11 __main__ INFO] - - epoch 3    c10h_train    : 0.4678 (acc: 0.8936) | c10h_val    : 0.5811 (acc: 0.8650)
[2018/09/25 10:56:11 __main__ INFO] - -            c10h_train_c10: 0.2822 (acc: 0.8971) | c10h_val_c10: 0.4018 (acc: 0.8690)
[2018/09/25 10:56:11 __main__ INFO] - -            v4            : 0.7774 (acc: 0.7472) |           v6: 0.7587 (acc: 0.7450)
[2018/09/25 10:56:11 __main__ INFO] - -            c10_50k       : 0.3096 (acc: 0.8935)
[2018/09/25 10:56:11 __main__ INFO] - Elapsed 18.73
keys:  dict_keys(['epoch', 'c10h_train_loss', 'c10h_train_acc', 'c10h_val_loss', 'c10h_val_acc', 'c10h_train_c10_loss', 'c10h_train_c10_acc', 'c10h_val_c10_loss', 'c10h_val_c10_acc', 'v4_loss', 'v4_acc', 'v6_loss', 'v6_acc', 'c10_50k_loss', 'c10_50k_acc']) 
 c10h_outdir:  /tigress/ruairidh/model_results/run_1/saves/vgg_15_BN_64/con_True_lr_0.1_seed_2
[2018/09/25 10:56:11 __main__ INFO] - Train 4
[2018/09/25 10:56:15 __main__ INFO] - TEST 4
[2018/09/25 10:56:34 __main__ INFO] - - epoch 4    c10h_train    : 0.5606 (acc: 0.8666) | c10h_val    : 0.7151 (acc: 0.8210)
[2018/09/25 10:56:34 __main__ INFO] - -            c10h_train_c10: 0.3619 (acc: 0.8708) | c10h_val_c10: 0.5369 (acc: 0.8230)
[2018/09/25 10:56:34 __main__ INFO] - -            v4            : 1.0482 (acc: 0.6848) |           v6: 0.9970 (acc: 0.7015)
[2018/09/25 10:56:34 __main__ INFO] - -            c10_50k       : 0.4287 (acc: 0.8557)
[2018/09/25 10:56:34 __main__ INFO] - Elapsed 18.85
keys:  dict_keys(['epoch', 'c10h_train_loss', 'c10h_train_acc', 'c10h_val_loss', 'c10h_val_acc', 'c10h_train_c10_loss', 'c10h_train_c10_acc', 'c10h_val_c10_loss', 'c10h_val_c10_acc', 'v4_loss', 'v4_acc', 'v6_loss', 'v6_acc', 'c10_50k_loss', 'c10_50k_acc']) 
 c10h_outdir:  /tigress/ruairidh/model_results/run_1/saves/vgg_15_BN_64/con_True_lr_0.1_seed_2
[2018/09/25 10:56:34 __main__ INFO] - Train 5
[2018/09/25 10:56:38 __main__ INFO] - TEST 5
[2018/09/25 10:56:56 __main__ INFO] - - epoch 5    c10h_train    : 0.4002 (acc: 0.9332) | c10h_val    : 0.5525 (acc: 0.8720)
[2018/09/25 10:56:56 __main__ INFO] - -            c10h_train_c10: 0.1757 (acc: 0.9377) | c10h_val_c10: 0.3462 (acc: 0.8770)
[2018/09/25 10:56:56 __main__ INFO] - -            v4            : 0.7997 (acc: 0.7551) |           v6: 0.7346 (acc: 0.7710)
[2018/09/25 10:56:56 __main__ INFO] - -            c10_50k       : 0.2669 (acc: 0.9072)
[2018/09/25 10:56:56 __main__ INFO] - Elapsed 18.78
keys:  dict_keys(['epoch', 'c10h_train_loss', 'c10h_train_acc', 'c10h_val_loss', 'c10h_val_acc', 'c10h_train_c10_loss', 'c10h_train_c10_acc', 'c10h_val_c10_loss', 'c10h_val_c10_acc', 'v4_loss', 'v4_acc', 'v6_loss', 'v6_acc', 'c10_50k_loss', 'c10_50k_acc']) 
 c10h_outdir:  /tigress/ruairidh/model_results/run_1/saves/vgg_15_BN_64/con_True_lr_0.1_seed_2
[2018/09/25 10:56:57 __main__ INFO] - Train 6
[2018/09/25 10:57:00 __main__ INFO] - TEST 6
[2018/09/25 10:57:19 __main__ INFO] - - epoch 6    c10h_train    : 0.4277 (acc: 0.9247) | c10h_val    : 0.6009 (acc: 0.8770)
[2018/09/25 10:57:19 __main__ INFO] - -            c10h_train_c10: 0.1886 (acc: 0.9298) | c10h_val_c10: 0.3849 (acc: 0.8800)
[2018/09/25 10:57:19 __main__ INFO] - -            v4            : 0.8398 (acc: 0.7467) |           v6: 0.7690 (acc: 0.7570)
[2018/09/25 10:57:19 __main__ INFO] - -            c10_50k       : 0.2797 (acc: 0.9030)
[2018/09/25 10:57:19 __main__ INFO] - Elapsed 18.86
keys:  dict_keys(['epoch', 'c10h_train_loss', 'c10h_train_acc', 'c10h_val_loss', 'c10h_val_acc', 'c10h_train_c10_loss', 'c10h_train_c10_acc', 'c10h_val_c10_loss', 'c10h_val_c10_acc', 'v4_loss', 'v4_acc', 'v6_loss', 'v6_acc', 'c10_50k_loss', 'c10_50k_acc']) 
 c10h_outdir:  /tigress/ruairidh/model_results/run_1/saves/vgg_15_BN_64/con_True_lr_0.1_seed_2
[2018/09/25 10:57:19 __main__ INFO] - Train 7
[2018/09/25 10:57:23 __main__ INFO] - TEST 7
[2018/09/25 10:57:42 __main__ INFO] - - epoch 7    c10h_train    : 0.4648 (acc: 0.9130) | c10h_val    : 0.6892 (acc: 0.8520)
[2018/09/25 10:57:42 __main__ INFO] - -            c10h_train_c10: 0.2209 (acc: 0.9181) | c10h_val_c10: 0.4759 (acc: 0.8540)
[2018/09/25 10:57:42 __main__ INFO] - -            v4            : 0.9167 (acc: 0.7303) |           v6: 0.8883 (acc: 0.7425)
[2018/09/25 10:57:42 __main__ INFO] - -            c10_50k       : 0.3609 (acc: 0.8784)
[2018/09/25 10:57:42 __main__ INFO] - Elapsed 18.75
keys:  dict_keys(['epoch', 'c10h_train_loss', 'c10h_train_acc', 'c10h_val_loss', 'c10h_val_acc', 'c10h_train_c10_loss', 'c10h_train_c10_acc', 'c10h_val_c10_loss', 'c10h_val_c10_acc', 'v4_loss', 'v4_acc', 'v6_loss', 'v6_acc', 'c10_50k_loss', 'c10_50k_acc']) 
 c10h_outdir:  /tigress/ruairidh/model_results/run_1/saves/vgg_15_BN_64/con_True_lr_0.1_seed_2
[2018/09/25 10:57:43 __main__ INFO] - Train 8
[2018/09/25 10:57:46 __main__ INFO] - TEST 8
[2018/09/25 10:58:05 __main__ INFO] - - epoch 8    c10h_train    : 0.4543 (acc: 0.9260) | c10h_val    : 0.7062 (acc: 0.8530)
[2018/09/25 10:58:05 __main__ INFO] - -            c10h_train_c10: 0.1838 (acc: 0.9318) | c10h_val_c10: 0.4812 (acc: 0.8570)
[2018/09/25 10:58:05 __main__ INFO] - -            v4            : 0.8620 (acc: 0.7427) |           v6: 0.8295 (acc: 0.7785)
[2018/09/25 10:58:05 __main__ INFO] - -            c10_50k       : 0.3554 (acc: 0.8871)
[2018/09/25 10:58:05 __main__ INFO] - Elapsed 18.74
keys:  dict_keys(['epoch', 'c10h_train_loss', 'c10h_train_acc', 'c10h_val_loss', 'c10h_val_acc', 'c10h_train_c10_loss', 'c10h_train_c10_acc', 'c10h_val_c10_loss', 'c10h_val_c10_acc', 'v4_loss', 'v4_acc', 'v6_loss', 'v6_acc', 'c10_50k_loss', 'c10_50k_acc']) 
 c10h_outdir:  /tigress/ruairidh/model_results/run_1/saves/vgg_15_BN_64/con_True_lr_0.1_seed_2
[2018/09/25 10:58:06 __main__ INFO] - Train 9
[2018/09/25 10:58:09 __main__ INFO] - TEST 9
[2018/09/25 10:58:28 __main__ INFO] - - epoch 9    c10h_train    : 0.5366 (acc: 0.9003) | c10h_val    : 0.7846 (acc: 0.8450)
[2018/09/25 10:58:28 __main__ INFO] - -            c10h_train_c10: 0.2708 (acc: 0.9046) | c10h_val_c10: 0.5619 (acc: 0.8470)
[2018/09/25 10:58:28 __main__ INFO] - -            v4            : 1.1094 (acc: 0.7001) |           v6: 1.0465 (acc: 0.7145)
[2018/09/25 10:58:28 __main__ INFO] - -            c10_50k       : 0.4450 (acc: 0.8614)
[2018/09/25 10:58:28 __main__ INFO] - Elapsed 18.77
keys:  dict_keys(['epoch', 'c10h_train_loss', 'c10h_train_acc', 'c10h_val_loss', 'c10h_val_acc', 'c10h_train_c10_loss', 'c10h_train_c10_acc', 'c10h_val_c10_loss', 'c10h_val_c10_acc', 'v4_loss', 'v4_acc', 'v6_loss', 'v6_acc', 'c10_50k_loss', 'c10_50k_acc']) 
 c10h_outdir:  /tigress/ruairidh/model_results/run_1/saves/vgg_15_BN_64/con_True_lr_0.1_seed_2
[2018/09/25 10:58:29 __main__ INFO] - Train 10
[2018/09/25 10:58:32 __main__ INFO] - TEST 10
[2018/09/25 10:58:51 __main__ INFO] - - epoch 10    c10h_train    : 0.4330 (acc: 0.9310) | c10h_val    : 0.6091 (acc: 0.8640)
[2018/09/25 10:58:51 __main__ INFO] - -            c10h_train_c10: 0.1738 (acc: 0.9364) | c10h_val_c10: 0.4083 (acc: 0.8660)
[2018/09/25 10:58:51 __main__ INFO] - -            v4            : 0.8995 (acc: 0.7348) |           v6: 0.8322 (acc: 0.7595)
[2018/09/25 10:58:51 __main__ INFO] - -            c10_50k       : 0.3438 (acc: 0.8865)
[2018/09/25 10:58:51 __main__ INFO] - Elapsed 18.80
keys:  dict_keys(['epoch', 'c10h_train_loss', 'c10h_train_acc', 'c10h_val_loss', 'c10h_val_acc', 'c10h_train_c10_loss', 'c10h_train_c10_acc', 'c10h_val_c10_loss', 'c10h_val_c10_acc', 'v4_loss', 'v4_acc', 'v6_loss', 'v6_acc', 'c10_50k_loss', 'c10_50k_acc']) 
 c10h_outdir:  /tigress/ruairidh/model_results/run_1/saves/vgg_15_BN_64/con_True_lr_0.1_seed_2
[2018/09/25 10:58:52 __main__ INFO] - Train 11
[2018/09/25 10:58:56 __main__ INFO] - TEST 11
[2018/09/25 10:59:14 __main__ INFO] - - epoch 11    c10h_train    : 0.4855 (acc: 0.9311) | c10h_val    : 0.7060 (acc: 0.8580)
[2018/09/25 10:59:15 __main__ INFO] - -            c10h_train_c10: 0.1743 (acc: 0.9368) | c10h_val_c10: 0.4466 (acc: 0.8580)
[2018/09/25 10:59:15 __main__ INFO] - -            v4            : 1.0443 (acc: 0.7363) |           v6: 0.9723 (acc: 0.7640)
[2018/09/25 10:59:15 __main__ INFO] - -            c10_50k       : 0.3751 (acc: 0.8875)
[2018/09/25 10:59:15 __main__ INFO] - Elapsed 18.84
keys:  dict_keys(['epoch', 'c10h_train_loss', 'c10h_train_acc', 'c10h_val_loss', 'c10h_val_acc', 'c10h_train_c10_loss', 'c10h_train_c10_acc', 'c10h_val_c10_loss', 'c10h_val_c10_acc', 'v4_loss', 'v4_acc', 'v6_loss', 'v6_acc', 'c10_50k_loss', 'c10_50k_acc']) 
 c10h_outdir:  /tigress/ruairidh/model_results/run_1/saves/vgg_15_BN_64/con_True_lr_0.1_seed_2
[2018/09/25 10:59:15 __main__ INFO] - Train 12
[2018/09/25 10:59:19 __main__ INFO] - TEST 12
[2018/09/25 10:59:38 __main__ INFO] - - epoch 12    c10h_train    : 0.4525 (acc: 0.9332) | c10h_val    : 0.6875 (acc: 0.8670)
[2018/09/25 10:59:38 __main__ INFO] - -            c10h_train_c10: 0.1659 (acc: 0.9382) | c10h_val_c10: 0.4671 (acc: 0.8670)
[2018/09/25 10:59:38 __main__ INFO] - -            v4            : 1.0225 (acc: 0.7091) |           v6: 0.9427 (acc: 0.7385)
[2018/09/25 10:59:38 __main__ INFO] - -            c10_50k       : 0.3680 (acc: 0.8829)
[2018/09/25 10:59:38 __main__ INFO] - Elapsed 18.77
keys:  dict_keys(['epoch', 'c10h_train_loss', 'c10h_train_acc', 'c10h_val_loss', 'c10h_val_acc', 'c10h_train_c10_loss', 'c10h_train_c10_acc', 'c10h_val_c10_loss', 'c10h_val_c10_acc', 'v4_loss', 'v4_acc', 'v6_loss', 'v6_acc', 'c10_50k_loss', 'c10_50k_acc']) 
 c10h_outdir:  /tigress/ruairidh/model_results/run_1/saves/vgg_15_BN_64/con_True_lr_0.1_seed_2
[2018/09/25 10:59:38 __main__ INFO] - Train 13
[2018/09/25 10:59:42 __main__ INFO] - TEST 13
[2018/09/25 11:00:01 __main__ INFO] - - epoch 13    c10h_train    : 0.4597 (acc: 0.9450) | c10h_val    : 0.7407 (acc: 0.8660)
[2018/09/25 11:00:01 __main__ INFO] - -            c10h_train_c10: 0.1253 (acc: 0.9520) | c10h_val_c10: 0.4840 (acc: 0.8670)
[2018/09/25 11:00:01 __main__ INFO] - -            v4            : 0.9359 (acc: 0.7472) |           v6: 0.8943 (acc: 0.7665)
[2018/09/25 11:00:01 __main__ INFO] - -            c10_50k       : 0.3698 (acc: 0.8856)
[2018/09/25 11:00:01 __main__ INFO] - Elapsed 18.75
keys:  dict_keys(['epoch', 'c10h_train_loss', 'c10h_train_acc', 'c10h_val_loss', 'c10h_val_acc', 'c10h_train_c10_loss', 'c10h_train_c10_acc', 'c10h_val_c10_loss', 'c10h_val_c10_acc', 'v4_loss', 'v4_acc', 'v6_loss', 'v6_acc', 'c10_50k_loss', 'c10_50k_acc']) 
 c10h_outdir:  /tigress/ruairidh/model_results/run_1/saves/vgg_15_BN_64/con_True_lr_0.1_seed_2
[2018/09/25 11:00:01 __main__ INFO] - Train 14
[2018/09/25 11:00:05 __main__ INFO] - TEST 14
[2018/09/25 11:00:24 __main__ INFO] - - epoch 14    c10h_train    : 0.4417 (acc: 0.9430) | c10h_val    : 0.7159 (acc: 0.8620)
[2018/09/25 11:00:24 __main__ INFO] - -            c10h_train_c10: 0.1353 (acc: 0.9490) | c10h_val_c10: 0.4783 (acc: 0.8640)
[2018/09/25 11:00:24 __main__ INFO] - -            v4            : 0.9866 (acc: 0.7387) |           v6: 0.9392 (acc: 0.7525)
[2018/09/25 11:00:24 __main__ INFO] - -            c10_50k       : 0.3618 (acc: 0.8838)
[2018/09/25 11:00:24 __main__ INFO] - Elapsed 18.86
keys:  dict_keys(['epoch', 'c10h_train_loss', 'c10h_train_acc', 'c10h_val_loss', 'c10h_val_acc', 'c10h_train_c10_loss', 'c10h_train_c10_acc', 'c10h_val_c10_loss', 'c10h_val_c10_acc', 'v4_loss', 'v4_acc', 'v6_loss', 'v6_acc', 'c10_50k_loss', 'c10_50k_acc']) 
 c10h_outdir:  /tigress/ruairidh/model_results/run_1/saves/vgg_15_BN_64/con_True_lr_0.1_seed_2
[2018/09/25 11:00:25 __main__ INFO] - Train 15
[2018/09/25 11:00:29 __main__ INFO] - TEST 15
[2018/09/25 11:00:48 __main__ INFO] - - epoch 15    c10h_train    : 0.4679 (acc: 0.9479) | c10h_val    : 0.7394 (acc: 0.8660)
[2018/09/25 11:00:48 __main__ INFO] - -            c10h_train_c10: 0.1211 (acc: 0.9538) | c10h_val_c10: 0.4775 (acc: 0.8680)
[2018/09/25 11:00:48 __main__ INFO] - -            v4            : 0.9766 (acc: 0.7650) |           v6: 0.9519 (acc: 0.7580)
[2018/09/25 11:00:48 __main__ INFO] - -            c10_50k       : 0.3604 (acc: 0.8915)
[2018/09/25 11:00:48 __main__ INFO] - Elapsed 18.90
keys:  dict_keys(['epoch', 'c10h_train_loss', 'c10h_train_acc', 'c10h_val_loss', 'c10h_val_acc', 'c10h_train_c10_loss', 'c10h_train_c10_acc', 'c10h_val_c10_loss', 'c10h_val_c10_acc', 'v4_loss', 'v4_acc', 'v6_loss', 'v6_acc', 'c10_50k_loss', 'c10_50k_acc']) 
 c10h_outdir:  /tigress/ruairidh/model_results/run_1/saves/vgg_15_BN_64/con_True_lr_0.1_seed_2
[2018/09/25 11:00:48 __main__ INFO] - Train 16
[2018/09/25 11:00:52 __main__ INFO] - TEST 16
[2018/09/25 11:01:11 __main__ INFO] - - epoch 16    c10h_train    : 0.4588 (acc: 0.9399) | c10h_val    : 0.7280 (acc: 0.8470)
[2018/09/25 11:01:11 __main__ INFO] - -            c10h_train_c10: 0.1476 (acc: 0.9459) | c10h_val_c10: 0.5039 (acc: 0.8450)
[2018/09/25 11:01:11 __main__ INFO] - -            v4            : 1.0534 (acc: 0.7219) |           v6: 1.0215 (acc: 0.7435)
[2018/09/25 11:01:11 __main__ INFO] - -            c10_50k       : 0.4153 (acc: 0.8741)
[2018/09/25 11:01:11 __main__ INFO] - Elapsed 18.89
keys:  dict_keys(['epoch', 'c10h_train_loss', 'c10h_train_acc', 'c10h_val_loss', 'c10h_val_acc', 'c10h_train_c10_loss', 'c10h_train_c10_acc', 'c10h_val_c10_loss', 'c10h_val_c10_acc', 'v4_loss', 'v4_acc', 'v6_loss', 'v6_acc', 'c10_50k_loss', 'c10_50k_acc']) 
 c10h_outdir:  /tigress/ruairidh/model_results/run_1/saves/vgg_15_BN_64/con_True_lr_0.1_seed_2
[2018/09/25 11:01:11 __main__ INFO] - Train 17
[2018/09/25 11:01:15 __main__ INFO] - TEST 17
[2018/09/25 11:01:34 __main__ INFO] - - epoch 17    c10h_train    : 0.4541 (acc: 0.9466) | c10h_val    : 0.7137 (acc: 0.8640)
[2018/09/25 11:01:34 __main__ INFO] - -            c10h_train_c10: 0.1249 (acc: 0.9531) | c10h_val_c10: 0.4689 (acc: 0.8670)
[2018/09/25 11:01:34 __main__ INFO] - -            v4            : 1.0362 (acc: 0.7387) |           v6: 0.9302 (acc: 0.7555)
[2018/09/25 11:01:34 __main__ INFO] - -            c10_50k       : 0.3931 (acc: 0.8807)
[2018/09/25 11:01:34 __main__ INFO] - Elapsed 18.74
keys:  dict_keys(['epoch', 'c10h_train_loss', 'c10h_train_acc', 'c10h_val_loss', 'c10h_val_acc', 'c10h_train_c10_loss', 'c10h_train_c10_acc', 'c10h_val_c10_loss', 'c10h_val_c10_acc', 'v4_loss', 'v4_acc', 'v6_loss', 'v6_acc', 'c10_50k_loss', 'c10_50k_acc']) 
 c10h_outdir:  /tigress/ruairidh/model_results/run_1/saves/vgg_15_BN_64/con_True_lr_0.1_seed_2
[2018/09/25 11:01:35 __main__ INFO] - Train 18
[2018/09/25 11:01:39 __main__ INFO] - TEST 18
[2018/09/25 11:01:57 __main__ INFO] - - epoch 18    c10h_train    : 0.4747 (acc: 0.9318) | c10h_val    : 0.7640 (acc: 0.8420)
[2018/09/25 11:01:57 __main__ INFO] - -            c10h_train_c10: 0.1709 (acc: 0.9370) | c10h_val_c10: 0.5304 (acc: 0.8460)
[2018/09/25 11:01:57 __main__ INFO] - -            v4            : 1.1685 (acc: 0.7229) |           v6: 1.0893 (acc: 0.7335)
[2018/09/25 11:01:57 __main__ INFO] - -            c10_50k       : 0.4468 (acc: 0.8694)
[2018/09/25 11:01:57 __main__ INFO] - Elapsed 18.79
keys:  dict_keys(['epoch', 'c10h_train_loss', 'c10h_train_acc', 'c10h_val_loss', 'c10h_val_acc', 'c10h_train_c10_loss', 'c10h_train_c10_acc', 'c10h_val_c10_loss', 'c10h_val_c10_acc', 'v4_loss', 'v4_acc', 'v6_loss', 'v6_acc', 'c10_50k_loss', 'c10_50k_acc']) 
 c10h_outdir:  /tigress/ruairidh/model_results/run_1/saves/vgg_15_BN_64/con_True_lr_0.1_seed_2
[2018/09/25 11:01:58 __main__ INFO] - Train 19
[2018/09/25 11:02:01 __main__ INFO] - TEST 19
[2018/09/25 11:02:20 __main__ INFO] - - epoch 19    c10h_train    : 0.4461 (acc: 0.9407) | c10h_val    : 0.7244 (acc: 0.8640)
[2018/09/25 11:02:20 __main__ INFO] - -            c10h_train_c10: 0.1375 (acc: 0.9463) | c10h_val_c10: 0.4893 (acc: 0.8680)
[2018/09/25 11:02:20 __main__ INFO] - -            v4            : 0.9836 (acc: 0.7293) |           v6: 0.9169 (acc: 0.7590)
[2018/09/25 11:02:20 __main__ INFO] - -            c10_50k       : 0.4141 (acc: 0.8739)
[2018/09/25 11:02:20 __main__ INFO] - Elapsed 18.80
keys:  dict_keys(['epoch', 'c10h_train_loss', 'c10h_train_acc', 'c10h_val_loss', 'c10h_val_acc', 'c10h_train_c10_loss', 'c10h_train_c10_acc', 'c10h_val_c10_loss', 'c10h_val_c10_acc', 'v4_loss', 'v4_acc', 'v6_loss', 'v6_acc', 'c10_50k_loss', 'c10_50k_acc']) 
 c10h_outdir:  /tigress/ruairidh/model_results/run_1/saves/vgg_15_BN_64/con_True_lr_0.1_seed_2
[2018/09/25 11:02:21 __main__ INFO] - Train 20
[2018/09/25 11:02:25 __main__ INFO] - TEST 20
[2018/09/25 11:02:44 __main__ INFO] - - epoch 20    c10h_train    : 0.4662 (acc: 0.9480) | c10h_val    : 0.7893 (acc: 0.8470)
[2018/09/25 11:02:44 __main__ INFO] - -            c10h_train_c10: 0.1162 (acc: 0.9538) | c10h_val_c10: 0.5394 (acc: 0.8490)
[2018/09/25 11:02:44 __main__ INFO] - -            v4            : 0.9941 (acc: 0.7476) |           v6: 0.9561 (acc: 0.7605)
[2018/09/25 11:02:44 __main__ INFO] - -            c10_50k       : 0.3952 (acc: 0.8844)
[2018/09/25 11:02:44 __main__ INFO] - Elapsed 18.88
keys:  dict_keys(['epoch', 'c10h_train_loss', 'c10h_train_acc', 'c10h_val_loss', 'c10h_val_acc', 'c10h_train_c10_loss', 'c10h_train_c10_acc', 'c10h_val_c10_loss', 'c10h_val_c10_acc', 'v4_loss', 'v4_acc', 'v6_loss', 'v6_acc', 'c10_50k_loss', 'c10_50k_acc']) 
 c10h_outdir:  /tigress/ruairidh/model_results/run_1/saves/vgg_15_BN_64/con_True_lr_0.1_seed_2
[2018/09/25 11:02:44 __main__ INFO] - Train 21
[2018/09/25 11:02:48 __main__ INFO] - TEST 21
[2018/09/25 11:03:07 __main__ INFO] - - epoch 21    c10h_train    : 0.4841 (acc: 0.9361) | c10h_val    : 0.8005 (acc: 0.8520)
[2018/09/25 11:03:07 __main__ INFO] - -            c10h_train_c10: 0.1602 (acc: 0.9408) | c10h_val_c10: 0.5577 (acc: 0.8540)
[2018/09/25 11:03:07 __main__ INFO] - -            v4            : 1.2496 (acc: 0.7125) |           v6: 1.1431 (acc: 0.7300)
[2018/09/25 11:03:07 __main__ INFO] - -            c10_50k       : 0.4895 (acc: 0.8629)
[2018/09/25 11:03:07 __main__ INFO] - Elapsed 18.73
keys:  dict_keys(['epoch', 'c10h_train_loss', 'c10h_train_acc', 'c10h_val_loss', 'c10h_val_acc', 'c10h_train_c10_loss', 'c10h_train_c10_acc', 'c10h_val_c10_loss', 'c10h_val_c10_acc', 'v4_loss', 'v4_acc', 'v6_loss', 'v6_acc', 'c10_50k_loss', 'c10_50k_acc']) 
 c10h_outdir:  /tigress/ruairidh/model_results/run_1/saves/vgg_15_BN_64/con_True_lr_0.1_seed_2
[2018/09/25 11:03:08 __main__ INFO] - Train 22
[2018/09/25 11:03:12 __main__ INFO] - TEST 22
[2018/09/25 11:03:30 __main__ INFO] - - epoch 22    c10h_train    : 0.5053 (acc: 0.9434) | c10h_val    : 0.8004 (acc: 0.8530)
[2018/09/25 11:03:30 __main__ INFO] - -            c10h_train_c10: 0.1338 (acc: 0.9507) | c10h_val_c10: 0.5312 (acc: 0.8550)
[2018/09/25 11:03:30 __main__ INFO] - -            v4            : 1.1012 (acc: 0.7353) |           v6: 1.0722 (acc: 0.7430)
[2018/09/25 11:03:30 __main__ INFO] - -            c10_50k       : 0.4743 (acc: 0.8702)
[2018/09/25 11:03:30 __main__ INFO] - Elapsed 18.76
keys:  dict_keys(['epoch', 'c10h_train_loss', 'c10h_train_acc', 'c10h_val_loss', 'c10h_val_acc', 'c10h_train_c10_loss', 'c10h_train_c10_acc', 'c10h_val_c10_loss', 'c10h_val_c10_acc', 'v4_loss', 'v4_acc', 'v6_loss', 'v6_acc', 'c10_50k_loss', 'c10_50k_acc']) 
 c10h_outdir:  /tigress/ruairidh/model_results/run_1/saves/vgg_15_BN_64/con_True_lr_0.1_seed_2
[2018/09/25 11:03:31 __main__ INFO] - Train 23
[2018/09/25 11:03:34 __main__ INFO] - TEST 23
[2018/09/25 11:03:53 __main__ INFO] - - epoch 23    c10h_train    : 0.4640 (acc: 0.9489) | c10h_val    : 0.7181 (acc: 0.8700)
[2018/09/25 11:03:53 __main__ INFO] - -            c10h_train_c10: 0.1330 (acc: 0.9548) | c10h_val_c10: 0.4733 (acc: 0.8710)
[2018/09/25 11:03:53 __main__ INFO] - -            v4            : 1.0712 (acc: 0.7190) |           v6: 0.9719 (acc: 0.7505)
[2018/09/25 11:03:53 __main__ INFO] - -            c10_50k       : 0.4106 (acc: 0.8788)
[2018/09/25 11:03:53 __main__ INFO] - Elapsed 18.96
keys:  dict_keys(['epoch', 'c10h_train_loss', 'c10h_train_acc', 'c10h_val_loss', 'c10h_val_acc', 'c10h_train_c10_loss', 'c10h_train_c10_acc', 'c10h_val_c10_loss', 'c10h_val_c10_acc', 'v4_loss', 'v4_acc', 'v6_loss', 'v6_acc', 'c10_50k_loss', 'c10_50k_acc']) 
 c10h_outdir:  /tigress/ruairidh/model_results/run_1/saves/vgg_15_BN_64/con_True_lr_0.1_seed_2
[2018/09/25 11:03:54 __main__ INFO] - Train 24
[2018/09/25 11:03:57 __main__ INFO] - TEST 24
[2018/09/25 11:04:16 __main__ INFO] - - epoch 24    c10h_train    : 0.4548 (acc: 0.9611) | c10h_val    : 0.7597 (acc: 0.8620)
[2018/09/25 11:04:16 __main__ INFO] - -            c10h_train_c10: 0.0820 (acc: 0.9682) | c10h_val_c10: 0.4920 (acc: 0.8640)
[2018/09/25 11:04:16 __main__ INFO] - -            v4            : 1.0846 (acc: 0.7288) |           v6: 1.0038 (acc: 0.7540)
[2018/09/25 11:04:16 __main__ INFO] - -            c10_50k       : 0.4177 (acc: 0.8809)
[2018/09/25 11:04:16 __main__ INFO] - Elapsed 18.80
keys:  dict_keys(['epoch', 'c10h_train_loss', 'c10h_train_acc', 'c10h_val_loss', 'c10h_val_acc', 'c10h_train_c10_loss', 'c10h_train_c10_acc', 'c10h_val_c10_loss', 'c10h_val_c10_acc', 'v4_loss', 'v4_acc', 'v6_loss', 'v6_acc', 'c10_50k_loss', 'c10_50k_acc']) 
 c10h_outdir:  /tigress/ruairidh/model_results/run_1/saves/vgg_15_BN_64/con_True_lr_0.1_seed_2
[2018/09/25 11:04:17 __main__ INFO] - Train 25
[2018/09/25 11:04:20 __main__ INFO] - TEST 25
[2018/09/25 11:04:39 __main__ INFO] - - epoch 25    c10h_train    : 0.5143 (acc: 0.9299) | c10h_val    : 0.9165 (acc: 0.8330)
[2018/09/25 11:04:39 __main__ INFO] - -            c10h_train_c10: 0.1865 (acc: 0.9358) | c10h_val_c10: 0.6961 (acc: 0.8340)
[2018/09/25 11:04:39 __main__ INFO] - -            v4            : 1.3582 (acc: 0.6957) |           v6: 1.3111 (acc: 0.7020)
[2018/09/25 11:04:39 __main__ INFO] - -            c10_50k       : 0.5647 (acc: 0.8495)
[2018/09/25 11:04:39 __main__ INFO] - Elapsed 18.75
keys:  dict_keys(['epoch', 'c10h_train_loss', 'c10h_train_acc', 'c10h_val_loss', 'c10h_val_acc', 'c10h_train_c10_loss', 'c10h_train_c10_acc', 'c10h_val_c10_loss', 'c10h_val_c10_acc', 'v4_loss', 'v4_acc', 'v6_loss', 'v6_acc', 'c10_50k_loss', 'c10_50k_acc']) 
 c10h_outdir:  /tigress/ruairidh/model_results/run_1/saves/vgg_15_BN_64/con_True_lr_0.1_seed_2
[2018/09/25 11:04:40 __main__ INFO] - Train 26
[2018/09/25 11:04:44 __main__ INFO] - TEST 26
[2018/09/25 11:05:02 __main__ INFO] - - epoch 26    c10h_train    : 0.4642 (acc: 0.9561) | c10h_val    : 0.7556 (acc: 0.8700)
[2018/09/25 11:05:02 __main__ INFO] - -            c10h_train_c10: 0.0967 (acc: 0.9630) | c10h_val_c10: 0.5145 (acc: 0.8680)
[2018/09/25 11:05:02 __main__ INFO] - -            v4            : 1.0781 (acc: 0.7353) |           v6: 1.0078 (acc: 0.7545)
[2018/09/25 11:05:02 __main__ INFO] - -            c10_50k       : 0.4424 (acc: 0.8730)
[2018/09/25 11:05:02 __main__ INFO] - Elapsed 18.74
keys:  dict_keys(['epoch', 'c10h_train_loss', 'c10h_train_acc', 'c10h_val_loss', 'c10h_val_acc', 'c10h_train_c10_loss', 'c10h_train_c10_acc', 'c10h_val_c10_loss', 'c10h_val_c10_acc', 'v4_loss', 'v4_acc', 'v6_loss', 'v6_acc', 'c10_50k_loss', 'c10_50k_acc']) 
 c10h_outdir:  /tigress/ruairidh/model_results/run_1/saves/vgg_15_BN_64/con_True_lr_0.1_seed_2
[2018/09/25 11:05:03 __main__ INFO] - Train 27
[2018/09/25 11:05:07 __main__ INFO] - TEST 27
[2018/09/25 11:05:25 __main__ INFO] - - epoch 27    c10h_train    : 0.4683 (acc: 0.9486) | c10h_val    : 0.7639 (acc: 0.8580)
[2018/09/25 11:05:25 __main__ INFO] - -            c10h_train_c10: 0.1140 (acc: 0.9553) | c10h_val_c10: 0.5192 (acc: 0.8560)
[2018/09/25 11:05:25 __main__ INFO] - -            v4            : 1.1564 (acc: 0.7105) |           v6: 1.0150 (acc: 0.7535)
[2018/09/25 11:05:25 __main__ INFO] - -            c10_50k       : 0.4607 (acc: 0.8691)
[2018/09/25 11:05:25 __main__ INFO] - Elapsed 18.83
keys:  dict_keys(['epoch', 'c10h_train_loss', 'c10h_train_acc', 'c10h_val_loss', 'c10h_val_acc', 'c10h_train_c10_loss', 'c10h_train_c10_acc', 'c10h_val_c10_loss', 'c10h_val_c10_acc', 'v4_loss', 'v4_acc', 'v6_loss', 'v6_acc', 'c10_50k_loss', 'c10_50k_acc']) 
 c10h_outdir:  /tigress/ruairidh/model_results/run_1/saves/vgg_15_BN_64/con_True_lr_0.1_seed_2
[2018/09/25 11:05:26 __main__ INFO] - Train 28
[2018/09/25 11:05:29 __main__ INFO] - TEST 28
[2018/09/25 11:05:48 __main__ INFO] - - epoch 28    c10h_train    : 0.5071 (acc: 0.9428) | c10h_val    : 0.8470 (acc: 0.8510)
[2018/09/25 11:05:48 __main__ INFO] - -            c10h_train_c10: 0.1313 (acc: 0.9476) | c10h_val_c10: 0.5462 (acc: 0.8530)
[2018/09/25 11:05:48 __main__ INFO] - -            v4            : 1.2925 (acc: 0.7135) |           v6: 1.1636 (acc: 0.7455)
[2018/09/25 11:05:48 __main__ INFO] - -            c10_50k       : 0.5014 (acc: 0.8646)
[2018/09/25 11:05:48 __main__ INFO] - Elapsed 18.82
keys:  dict_keys(['epoch', 'c10h_train_loss', 'c10h_train_acc', 'c10h_val_loss', 'c10h_val_acc', 'c10h_train_c10_loss', 'c10h_train_c10_acc', 'c10h_val_c10_loss', 'c10h_val_c10_acc', 'v4_loss', 'v4_acc', 'v6_loss', 'v6_acc', 'c10_50k_loss', 'c10_50k_acc']) 
 c10h_outdir:  /tigress/ruairidh/model_results/run_1/saves/vgg_15_BN_64/con_True_lr_0.1_seed_2
[2018/09/25 11:05:49 __main__ INFO] - Train 29
[2018/09/25 11:05:53 __main__ INFO] - TEST 29
[2018/09/25 11:06:12 __main__ INFO] - - epoch 29    c10h_train    : 0.4716 (acc: 0.9531) | c10h_val    : 0.7170 (acc: 0.8730)
[2018/09/25 11:06:12 __main__ INFO] - -            c10h_train_c10: 0.1052 (acc: 0.9598) | c10h_val_c10: 0.4423 (acc: 0.8760)
[2018/09/25 11:06:12 __main__ INFO] - -            v4            : 1.1070 (acc: 0.7279) |           v6: 1.0088 (acc: 0.7555)
[2018/09/25 11:06:12 __main__ INFO] - -            c10_50k       : 0.4472 (acc: 0.8707)
[2018/09/25 11:06:12 __main__ INFO] - Elapsed 18.89
keys:  dict_keys(['epoch', 'c10h_train_loss', 'c10h_train_acc', 'c10h_val_loss', 'c10h_val_acc', 'c10h_train_c10_loss', 'c10h_train_c10_acc', 'c10h_val_c10_loss', 'c10h_val_c10_acc', 'v4_loss', 'v4_acc', 'v6_loss', 'v6_acc', 'c10_50k_loss', 'c10_50k_acc']) 
 c10h_outdir:  /tigress/ruairidh/model_results/run_1/saves/vgg_15_BN_64/con_True_lr_0.1_seed_2
[2018/09/25 11:06:12 __main__ INFO] - Train 30
[2018/09/25 11:06:16 __main__ INFO] - TEST 30
[2018/09/25 11:06:34 __main__ INFO] - - epoch 30    c10h_train    : 0.5037 (acc: 0.9496) | c10h_val    : 0.8359 (acc: 0.8520)
[2018/09/25 11:06:34 __main__ INFO] - -            c10h_train_c10: 0.1193 (acc: 0.9563) | c10h_val_c10: 0.5670 (acc: 0.8550)
[2018/09/25 11:06:34 __main__ INFO] - -            v4            : 1.0829 (acc: 0.7407) |           v6: 1.0105 (acc: 0.7530)
[2018/09/25 11:06:34 __main__ INFO] - -            c10_50k       : 0.4977 (acc: 0.8649)
[2018/09/25 11:06:34 __main__ INFO] - Elapsed 18.68
keys:  dict_keys(['epoch', 'c10h_train_loss', 'c10h_train_acc', 'c10h_val_loss', 'c10h_val_acc', 'c10h_train_c10_loss', 'c10h_train_c10_acc', 'c10h_val_c10_loss', 'c10h_val_c10_acc', 'v4_loss', 'v4_acc', 'v6_loss', 'v6_acc', 'c10_50k_loss', 'c10_50k_acc']) 
 c10h_outdir:  /tigress/ruairidh/model_results/run_1/saves/vgg_15_BN_64/con_True_lr_0.1_seed_2
[2018/09/25 11:06:35 __main__ INFO] - Train 31
[2018/09/25 11:06:39 __main__ INFO] - TEST 31
[2018/09/25 11:06:58 __main__ INFO] - - epoch 31    c10h_train    : 0.4481 (acc: 0.9606) | c10h_val    : 0.7470 (acc: 0.8520)
[2018/09/25 11:06:58 __main__ INFO] - -            c10h_train_c10: 0.0831 (acc: 0.9683) | c10h_val_c10: 0.5004 (acc: 0.8540)
[2018/09/25 11:06:58 __main__ INFO] - -            v4            : 0.9967 (acc: 0.7506) |           v6: 0.9232 (acc: 0.7685)
[2018/09/25 11:06:58 __main__ INFO] - -            c10_50k       : 0.4306 (acc: 0.8783)
[2018/09/25 11:06:58 __main__ INFO] - Elapsed 18.81
keys:  dict_keys(['epoch', 'c10h_train_loss', 'c10h_train_acc', 'c10h_val_loss', 'c10h_val_acc', 'c10h_train_c10_loss', 'c10h_train_c10_acc', 'c10h_val_c10_loss', 'c10h_val_c10_acc', 'v4_loss', 'v4_acc', 'v6_loss', 'v6_acc', 'c10_50k_loss', 'c10_50k_acc']) 
 c10h_outdir:  /tigress/ruairidh/model_results/run_1/saves/vgg_15_BN_64/con_True_lr_0.1_seed_2
[2018/09/25 11:06:58 __main__ INFO] - Train 32
[2018/09/25 11:07:02 __main__ INFO] - TEST 32
[2018/09/25 11:07:21 __main__ INFO] - - epoch 32    c10h_train    : 0.4630 (acc: 0.9540) | c10h_val    : 0.7866 (acc: 0.8690)
[2018/09/25 11:07:21 __main__ INFO] - -            c10h_train_c10: 0.1036 (acc: 0.9600) | c10h_val_c10: 0.5262 (acc: 0.8710)
[2018/09/25 11:07:21 __main__ INFO] - -            v4            : 1.0546 (acc: 0.7323) |           v6: 0.9924 (acc: 0.7580)
[2018/09/25 11:07:21 __main__ INFO] - -            c10_50k       : 0.4814 (acc: 0.8685)
[2018/09/25 11:07:21 __main__ INFO] - Elapsed 18.77
keys:  dict_keys(['epoch', 'c10h_train_loss', 'c10h_train_acc', 'c10h_val_loss', 'c10h_val_acc', 'c10h_train_c10_loss', 'c10h_train_c10_acc', 'c10h_val_c10_loss', 'c10h_val_c10_acc', 'v4_loss', 'v4_acc', 'v6_loss', 'v6_acc', 'c10_50k_loss', 'c10_50k_acc']) 
 c10h_outdir:  /tigress/ruairidh/model_results/run_1/saves/vgg_15_BN_64/con_True_lr_0.1_seed_2
[2018/09/25 11:07:21 __main__ INFO] - Train 33
[2018/09/25 11:07:25 __main__ INFO] - TEST 33
[2018/09/25 11:07:44 __main__ INFO] - - epoch 33    c10h_train    : 0.4924 (acc: 0.9580) | c10h_val    : 0.7906 (acc: 0.8730)
[2018/09/25 11:07:44 __main__ INFO] - -            c10h_train_c10: 0.0920 (acc: 0.9644) | c10h_val_c10: 0.4928 (acc: 0.8740)
[2018/09/25 11:07:44 __main__ INFO] - -            v4            : 1.0686 (acc: 0.7412) |           v6: 0.9876 (acc: 0.7640)
[2018/09/25 11:07:44 __main__ INFO] - -            c10_50k       : 0.4705 (acc: 0.8739)
[2018/09/25 11:07:44 __main__ INFO] - Elapsed 18.92
keys:  dict_keys(['epoch', 'c10h_train_loss', 'c10h_train_acc', 'c10h_val_loss', 'c10h_val_acc', 'c10h_train_c10_loss', 'c10h_train_c10_acc', 'c10h_val_c10_loss', 'c10h_val_c10_acc', 'v4_loss', 'v4_acc', 'v6_loss', 'v6_acc', 'c10_50k_loss', 'c10_50k_acc']) 
 c10h_outdir:  /tigress/ruairidh/model_results/run_1/saves/vgg_15_BN_64/con_True_lr_0.1_seed_2
[2018/09/25 11:07:45 __main__ INFO] - Train 34
[2018/09/25 11:07:48 __main__ INFO] - TEST 34
[2018/09/25 11:08:07 __main__ INFO] - - epoch 34    c10h_train    : 0.4700 (acc: 0.9599) | c10h_val    : 0.7577 (acc: 0.8670)
[2018/09/25 11:08:07 __main__ INFO] - -            c10h_train_c10: 0.0778 (acc: 0.9667) | c10h_val_c10: 0.5011 (acc: 0.8680)
[2018/09/25 11:08:07 __main__ INFO] - -            v4            : 0.9492 (acc: 0.7496) |           v6: 0.8679 (acc: 0.7760)
[2018/09/25 11:08:07 __main__ INFO] - -            c10_50k       : 0.4383 (acc: 0.8772)
[2018/09/25 11:08:07 __main__ INFO] - Elapsed 18.73
keys:  dict_keys(['epoch', 'c10h_train_loss', 'c10h_train_acc', 'c10h_val_loss', 'c10h_val_acc', 'c10h_train_c10_loss', 'c10h_train_c10_acc', 'c10h_val_c10_loss', 'c10h_val_c10_acc', 'v4_loss', 'v4_acc', 'v6_loss', 'v6_acc', 'c10_50k_loss', 'c10_50k_acc']) 
 c10h_outdir:  /tigress/ruairidh/model_results/run_1/saves/vgg_15_BN_64/con_True_lr_0.1_seed_2
[2018/09/25 11:08:08 __main__ INFO] - Train 35
[2018/09/25 11:08:11 __main__ INFO] - TEST 35
[2018/09/25 11:08:30 __main__ INFO] - - epoch 35    c10h_train    : 0.4381 (acc: 0.9658) | c10h_val    : 0.7196 (acc: 0.8640)
[2018/09/25 11:08:30 __main__ INFO] - -            c10h_train_c10: 0.0603 (acc: 0.9728) | c10h_val_c10: 0.4741 (acc: 0.8630)
[2018/09/25 11:08:30 __main__ INFO] - -            v4            : 1.0538 (acc: 0.7298) |           v6: 0.9637 (acc: 0.7610)
[2018/09/25 11:08:30 __main__ INFO] - -            c10_50k       : 0.4160 (acc: 0.8814)
[2018/09/25 11:08:30 __main__ INFO] - Elapsed 18.90
keys:  dict_keys(['epoch', 'c10h_train_loss', 'c10h_train_acc', 'c10h_val_loss', 'c10h_val_acc', 'c10h_train_c10_loss', 'c10h_train_c10_acc', 'c10h_val_c10_loss', 'c10h_val_c10_acc', 'v4_loss', 'v4_acc', 'v6_loss', 'v6_acc', 'c10_50k_loss', 'c10_50k_acc']) 
 c10h_outdir:  /tigress/ruairidh/model_results/run_1/saves/vgg_15_BN_64/con_True_lr_0.1_seed_2
[2018/09/25 11:08:31 __main__ INFO] - Train 36
[2018/09/25 11:08:35 __main__ INFO] - TEST 36
[2018/09/25 11:08:53 __main__ INFO] - - epoch 36    c10h_train    : 0.4942 (acc: 0.9561) | c10h_val    : 0.8392 (acc: 0.8520)
[2018/09/25 11:08:53 __main__ INFO] - -            c10h_train_c10: 0.0923 (acc: 0.9629) | c10h_val_c10: 0.5627 (acc: 0.8520)
[2018/09/25 11:08:53 __main__ INFO] - -            v4            : 1.2467 (acc: 0.7209) |           v6: 1.1598 (acc: 0.7400)
[2018/09/25 11:08:53 __main__ INFO] - -            c10_50k       : 0.5283 (acc: 0.8621)
[2018/09/25 11:08:53 __main__ INFO] - Elapsed 18.84
keys:  dict_keys(['epoch', 'c10h_train_loss', 'c10h_train_acc', 'c10h_val_loss', 'c10h_val_acc', 'c10h_train_c10_loss', 'c10h_train_c10_acc', 'c10h_val_c10_loss', 'c10h_val_c10_acc', 'v4_loss', 'v4_acc', 'v6_loss', 'v6_acc', 'c10_50k_loss', 'c10_50k_acc']) 
 c10h_outdir:  /tigress/ruairidh/model_results/run_1/saves/vgg_15_BN_64/con_True_lr_0.1_seed_2
[2018/09/25 11:08:54 __main__ INFO] - Train 37
[2018/09/25 11:08:58 __main__ INFO] - TEST 37
[2018/09/25 11:09:17 __main__ INFO] - - epoch 37    c10h_train    : 0.5051 (acc: 0.9587) | c10h_val    : 0.8600 (acc: 0.8560)
[2018/09/25 11:09:17 __main__ INFO] - -            c10h_train_c10: 0.0933 (acc: 0.9651) | c10h_val_c10: 0.5697 (acc: 0.8570)
[2018/09/25 11:09:17 __main__ INFO] - -            v4            : 1.1893 (acc: 0.7204) |           v6: 1.1443 (acc: 0.7355)
[2018/09/25 11:09:17 __main__ INFO] - -            c10_50k       : 0.4613 (acc: 0.8711)
[2018/09/25 11:09:17 __main__ INFO] - Elapsed 18.74
keys:  dict_keys(['epoch', 'c10h_train_loss', 'c10h_train_acc', 'c10h_val_loss', 'c10h_val_acc', 'c10h_train_c10_loss', 'c10h_train_c10_acc', 'c10h_val_c10_loss', 'c10h_val_c10_acc', 'v4_loss', 'v4_acc', 'v6_loss', 'v6_acc', 'c10_50k_loss', 'c10_50k_acc']) 
 c10h_outdir:  /tigress/ruairidh/model_results/run_1/saves/vgg_15_BN_64/con_True_lr_0.1_seed_2
[2018/09/25 11:09:18 __main__ INFO] - Train 38
[2018/09/25 11:09:21 __main__ INFO] - TEST 38
[2018/09/25 11:09:40 __main__ INFO] - - epoch 38    c10h_train    : 0.5151 (acc: 0.9511) | c10h_val    : 0.8639 (acc: 0.8540)
[2018/09/25 11:09:40 __main__ INFO] - -            c10h_train_c10: 0.1158 (acc: 0.9583) | c10h_val_c10: 0.5852 (acc: 0.8520)
[2018/09/25 11:09:40 __main__ INFO] - -            v4            : 1.2393 (acc: 0.7130) |           v6: 1.1715 (acc: 0.7305)
[2018/09/25 11:09:40 __main__ INFO] - -            c10_50k       : 0.5337 (acc: 0.8542)
[2018/09/25 11:09:40 __main__ INFO] - Elapsed 18.72
keys:  dict_keys(['epoch', 'c10h_train_loss', 'c10h_train_acc', 'c10h_val_loss', 'c10h_val_acc', 'c10h_train_c10_loss', 'c10h_train_c10_acc', 'c10h_val_c10_loss', 'c10h_val_c10_acc', 'v4_loss', 'v4_acc', 'v6_loss', 'v6_acc', 'c10_50k_loss', 'c10_50k_acc']) 
 c10h_outdir:  /tigress/ruairidh/model_results/run_1/saves/vgg_15_BN_64/con_True_lr_0.1_seed_2
[2018/09/25 11:09:41 __main__ INFO] - Train 39
[2018/09/25 11:09:44 __main__ INFO] - TEST 39
[2018/09/25 11:10:03 __main__ INFO] - - epoch 39    c10h_train    : 0.4861 (acc: 0.9539) | c10h_val    : 0.8550 (acc: 0.8420)
[2018/09/25 11:10:03 __main__ INFO] - -            c10h_train_c10: 0.1041 (acc: 0.9604) | c10h_val_c10: 0.5870 (acc: 0.8430)
[2018/09/25 11:10:03 __main__ INFO] - -            v4            : 1.1461 (acc: 0.7397) |           v6: 1.0889 (acc: 0.7515)
[2018/09/25 11:10:03 __main__ INFO] - -            c10_50k       : 0.4913 (acc: 0.8644)
[2018/09/25 11:10:03 __main__ INFO] - Elapsed 18.82
keys:  dict_keys(['epoch', 'c10h_train_loss', 'c10h_train_acc', 'c10h_val_loss', 'c10h_val_acc', 'c10h_train_c10_loss', 'c10h_train_c10_acc', 'c10h_val_c10_loss', 'c10h_val_c10_acc', 'v4_loss', 'v4_acc', 'v6_loss', 'v6_acc', 'c10_50k_loss', 'c10_50k_acc']) 
 c10h_outdir:  /tigress/ruairidh/model_results/run_1/saves/vgg_15_BN_64/con_True_lr_0.1_seed_2
[2018/09/25 11:10:04 __main__ INFO] - Train 40
[2018/09/25 11:10:08 __main__ INFO] - TEST 40
[2018/09/25 11:10:26 __main__ INFO] - - epoch 40    c10h_train    : 0.4801 (acc: 0.9647) | c10h_val    : 0.8128 (acc: 0.8680)
[2018/09/25 11:10:26 __main__ INFO] - -            c10h_train_c10: 0.0727 (acc: 0.9720) | c10h_val_c10: 0.5232 (acc: 0.8660)
[2018/09/25 11:10:26 __main__ INFO] - -            v4            : 1.0900 (acc: 0.7382) |           v6: 1.0222 (acc: 0.7645)
[2018/09/25 11:10:26 __main__ INFO] - -            c10_50k       : 0.4604 (acc: 0.8753)
[2018/09/25 11:10:26 __main__ INFO] - Elapsed 18.87
keys:  dict_keys(['epoch', 'c10h_train_loss', 'c10h_train_acc', 'c10h_val_loss', 'c10h_val_acc', 'c10h_train_c10_loss', 'c10h_train_c10_acc', 'c10h_val_c10_loss', 'c10h_val_c10_acc', 'v4_loss', 'v4_acc', 'v6_loss', 'v6_acc', 'c10_50k_loss', 'c10_50k_acc']) 
 c10h_outdir:  /tigress/ruairidh/model_results/run_1/saves/vgg_15_BN_64/con_True_lr_0.1_seed_2
[2018/09/25 11:10:27 __main__ INFO] - Train 41
[2018/09/25 11:10:30 __main__ INFO] - TEST 41
[2018/09/25 11:10:49 __main__ INFO] - - epoch 41    c10h_train    : 0.4581 (acc: 0.9638) | c10h_val    : 0.8347 (acc: 0.8490)
[2018/09/25 11:10:49 __main__ INFO] - -            c10h_train_c10: 0.0701 (acc: 0.9713) | c10h_val_c10: 0.5666 (acc: 0.8490)
[2018/09/25 11:10:49 __main__ INFO] - -            v4            : 1.1164 (acc: 0.7259) |           v6: 1.0295 (acc: 0.7595)
[2018/09/25 11:10:49 __main__ INFO] - -            c10_50k       : 0.4680 (acc: 0.8717)
[2018/09/25 11:10:49 __main__ INFO] - Elapsed 18.83
keys:  dict_keys(['epoch', 'c10h_train_loss', 'c10h_train_acc', 'c10h_val_loss', 'c10h_val_acc', 'c10h_train_c10_loss', 'c10h_train_c10_acc', 'c10h_val_c10_loss', 'c10h_val_c10_acc', 'v4_loss', 'v4_acc', 'v6_loss', 'v6_acc', 'c10_50k_loss', 'c10_50k_acc']) 
 c10h_outdir:  /tigress/ruairidh/model_results/run_1/saves/vgg_15_BN_64/con_True_lr_0.1_seed_2
[2018/09/25 11:10:50 __main__ INFO] - Train 42
[2018/09/25 11:10:54 __main__ INFO] - TEST 42
[2018/09/25 11:11:12 __main__ INFO] - - epoch 42    c10h_train    : 0.4820 (acc: 0.9573) | c10h_val    : 0.8232 (acc: 0.8550)
[2018/09/25 11:11:12 __main__ INFO] - -            c10h_train_c10: 0.0955 (acc: 0.9637) | c10h_val_c10: 0.5414 (acc: 0.8590)
[2018/09/25 11:11:12 __main__ INFO] - -            v4            : 1.1413 (acc: 0.7279) |           v6: 1.0667 (acc: 0.7545)
[2018/09/25 11:11:12 __main__ INFO] - -            c10_50k       : 0.4919 (acc: 0.8690)
[2018/09/25 11:11:12 __main__ INFO] - Elapsed 18.75
keys:  dict_keys(['epoch', 'c10h_train_loss', 'c10h_train_acc', 'c10h_val_loss', 'c10h_val_acc', 'c10h_train_c10_loss', 'c10h_train_c10_acc', 'c10h_val_c10_loss', 'c10h_val_c10_acc', 'v4_loss', 'v4_acc', 'v6_loss', 'v6_acc', 'c10_50k_loss', 'c10_50k_acc']) 
 c10h_outdir:  /tigress/ruairidh/model_results/run_1/saves/vgg_15_BN_64/con_True_lr_0.1_seed_2
[2018/09/25 11:11:13 __main__ INFO] - Train 43
[2018/09/25 11:11:16 __main__ INFO] - TEST 43
[2018/09/25 11:11:35 __main__ INFO] - - epoch 43    c10h_train    : 0.5050 (acc: 0.9506) | c10h_val    : 0.8416 (acc: 0.8570)
[2018/09/25 11:11:35 __main__ INFO] - -            c10h_train_c10: 0.1081 (acc: 0.9581) | c10h_val_c10: 0.5546 (acc: 0.8550)
[2018/09/25 11:11:35 __main__ INFO] - -            v4            : 1.1876 (acc: 0.7239) |           v6: 1.1054 (acc: 0.7430)
[2018/09/25 11:11:35 __main__ INFO] - -            c10_50k       : 0.5377 (acc: 0.8586)
[2018/09/25 11:11:35 __main__ INFO] - Elapsed 18.80
keys:  dict_keys(['epoch', 'c10h_train_loss', 'c10h_train_acc', 'c10h_val_loss', 'c10h_val_acc', 'c10h_train_c10_loss', 'c10h_train_c10_acc', 'c10h_val_c10_loss', 'c10h_val_c10_acc', 'v4_loss', 'v4_acc', 'v6_loss', 'v6_acc', 'c10_50k_loss', 'c10_50k_acc']) 
 c10h_outdir:  /tigress/ruairidh/model_results/run_1/saves/vgg_15_BN_64/con_True_lr_0.1_seed_2
[2018/09/25 11:11:35 __main__ INFO] - Train 44
[2018/09/25 11:11:39 __main__ INFO] - TEST 44
[2018/09/25 11:11:58 __main__ INFO] - - epoch 44    c10h_train    : 0.4872 (acc: 0.9690) | c10h_val    : 0.8199 (acc: 0.8610)
[2018/09/25 11:11:58 __main__ INFO] - -            c10h_train_c10: 0.0574 (acc: 0.9764) | c10h_val_c10: 0.5131 (acc: 0.8620)
[2018/09/25 11:11:58 __main__ INFO] - -            v4            : 1.0090 (acc: 0.7650) |           v6: 1.0038 (acc: 0.7665)
[2018/09/25 11:11:58 __main__ INFO] - -            c10_50k       : 0.4438 (acc: 0.8794)
[2018/09/25 11:11:58 __main__ INFO] - Elapsed 19.06
keys:  dict_keys(['epoch', 'c10h_train_loss', 'c10h_train_acc', 'c10h_val_loss', 'c10h_val_acc', 'c10h_train_c10_loss', 'c10h_train_c10_acc', 'c10h_val_c10_loss', 'c10h_val_c10_acc', 'v4_loss', 'v4_acc', 'v6_loss', 'v6_acc', 'c10_50k_loss', 'c10_50k_acc']) 
 c10h_outdir:  /tigress/ruairidh/model_results/run_1/saves/vgg_15_BN_64/con_True_lr_0.1_seed_2
[2018/09/25 11:11:59 __main__ INFO] - Train 45
[2018/09/25 11:12:03 __main__ INFO] - TEST 45
[2018/09/25 11:12:22 __main__ INFO] - - epoch 45    c10h_train    : 0.4786 (acc: 0.9664) | c10h_val    : 0.8020 (acc: 0.8660)
[2018/09/25 11:12:22 __main__ INFO] - -            c10h_train_c10: 0.0690 (acc: 0.9733) | c10h_val_c10: 0.5038 (acc: 0.8710)
[2018/09/25 11:12:22 __main__ INFO] - -            v4            : 1.1475 (acc: 0.7229) |           v6: 1.0580 (acc: 0.7425)
[2018/09/25 11:12:22 __main__ INFO] - -            c10_50k       : 0.4806 (acc: 0.8719)
[2018/09/25 11:12:22 __main__ INFO] - Elapsed 18.85
keys:  dict_keys(['epoch', 'c10h_train_loss', 'c10h_train_acc', 'c10h_val_loss', 'c10h_val_acc', 'c10h_train_c10_loss', 'c10h_train_c10_acc', 'c10h_val_c10_loss', 'c10h_val_c10_acc', 'v4_loss', 'v4_acc', 'v6_loss', 'v6_acc', 'c10_50k_loss', 'c10_50k_acc']) 
 c10h_outdir:  /tigress/ruairidh/model_results/run_1/saves/vgg_15_BN_64/con_True_lr_0.1_seed_2
[2018/09/25 11:12:22 __main__ INFO] - Train 46
[2018/09/25 11:12:25 __main__ INFO] - TEST 46
[2018/09/25 11:12:44 __main__ INFO] - - epoch 46    c10h_train    : 0.4882 (acc: 0.9610) | c10h_val    : 0.8363 (acc: 0.8590)
[2018/09/25 11:12:44 __main__ INFO] - -            c10h_train_c10: 0.0827 (acc: 0.9676) | c10h_val_c10: 0.5633 (acc: 0.8610)
[2018/09/25 11:12:44 __main__ INFO] - -            v4            : 1.1191 (acc: 0.7303) |           v6: 1.0981 (acc: 0.7425)
[2018/09/25 11:12:44 __main__ INFO] - -            c10_50k       : 0.5177 (acc: 0.8646)
[2018/09/25 11:12:44 __main__ INFO] - Elapsed 18.87
keys:  dict_keys(['epoch', 'c10h_train_loss', 'c10h_train_acc', 'c10h_val_loss', 'c10h_val_acc', 'c10h_train_c10_loss', 'c10h_train_c10_acc', 'c10h_val_c10_loss', 'c10h_val_c10_acc', 'v4_loss', 'v4_acc', 'v6_loss', 'v6_acc', 'c10_50k_loss', 'c10_50k_acc']) 
 c10h_outdir:  /tigress/ruairidh/model_results/run_1/saves/vgg_15_BN_64/con_True_lr_0.1_seed_2
[2018/09/25 11:12:45 __main__ INFO] - Train 47
[2018/09/25 11:12:48 __main__ INFO] - TEST 47
[2018/09/25 11:13:07 __main__ INFO] - - epoch 47    c10h_train    : 0.4594 (acc: 0.9648) | c10h_val    : 0.7739 (acc: 0.8620)
[2018/09/25 11:13:07 __main__ INFO] - -            c10h_train_c10: 0.0736 (acc: 0.9721) | c10h_val_c10: 0.5201 (acc: 0.8620)
[2018/09/25 11:13:07 __main__ INFO] - -            v4            : 1.1320 (acc: 0.7353) |           v6: 1.0751 (acc: 0.7415)
[2018/09/25 11:13:07 __main__ INFO] - -            c10_50k       : 0.4804 (acc: 0.8696)
[2018/09/25 11:13:07 __main__ INFO] - Elapsed 18.70
keys:  dict_keys(['epoch', 'c10h_train_loss', 'c10h_train_acc', 'c10h_val_loss', 'c10h_val_acc', 'c10h_train_c10_loss', 'c10h_train_c10_acc', 'c10h_val_c10_loss', 'c10h_val_c10_acc', 'v4_loss', 'v4_acc', 'v6_loss', 'v6_acc', 'c10_50k_loss', 'c10_50k_acc']) 
 c10h_outdir:  /tigress/ruairidh/model_results/run_1/saves/vgg_15_BN_64/con_True_lr_0.1_seed_2
[2018/09/25 11:13:08 __main__ INFO] - Train 48
[2018/09/25 11:13:12 __main__ INFO] - TEST 48
[2018/09/25 11:13:31 __main__ INFO] - - epoch 48    c10h_train    : 0.5969 (acc: 0.9292) | c10h_val    : 1.0540 (acc: 0.8080)
[2018/09/25 11:13:31 __main__ INFO] - -            c10h_train_c10: 0.1953 (acc: 0.9354) | c10h_val_c10: 0.8179 (acc: 0.8060)
[2018/09/25 11:13:31 __main__ INFO] - -            v4            : 1.4371 (acc: 0.6823) |           v6: 1.4213 (acc: 0.6970)
[2018/09/25 11:13:31 __main__ INFO] - -            c10_50k       : 0.6848 (acc: 0.8308)
[2018/09/25 11:13:31 __main__ INFO] - Elapsed 18.84
keys:  dict_keys(['epoch', 'c10h_train_loss', 'c10h_train_acc', 'c10h_val_loss', 'c10h_val_acc', 'c10h_train_c10_loss', 'c10h_train_c10_acc', 'c10h_val_c10_loss', 'c10h_val_c10_acc', 'v4_loss', 'v4_acc', 'v6_loss', 'v6_acc', 'c10_50k_loss', 'c10_50k_acc']) 
 c10h_outdir:  /tigress/ruairidh/model_results/run_1/saves/vgg_15_BN_64/con_True_lr_0.1_seed_2
[2018/09/25 11:13:31 __main__ INFO] - Train 49
[2018/09/25 11:13:35 __main__ INFO] - TEST 49
[2018/09/25 11:13:53 __main__ INFO] - - epoch 49    c10h_train    : 0.4656 (acc: 0.9609) | c10h_val    : 0.8134 (acc: 0.8520)
[2018/09/25 11:13:54 __main__ INFO] - -            c10h_train_c10: 0.0840 (acc: 0.9679) | c10h_val_c10: 0.5771 (acc: 0.8500)
[2018/09/25 11:13:54 __main__ INFO] - -            v4            : 1.1567 (acc: 0.7190) |           v6: 1.0546 (acc: 0.7315)
[2018/09/25 11:13:54 __main__ INFO] - -            c10_50k       : 0.4879 (acc: 0.8625)
[2018/09/25 11:13:54 __main__ INFO] - Elapsed 18.88
keys:  dict_keys(['epoch', 'c10h_train_loss', 'c10h_train_acc', 'c10h_val_loss', 'c10h_val_acc', 'c10h_train_c10_loss', 'c10h_train_c10_acc', 'c10h_val_c10_loss', 'c10h_val_c10_acc', 'v4_loss', 'v4_acc', 'v6_loss', 'v6_acc', 'c10_50k_loss', 'c10_50k_acc']) 
 c10h_outdir:  /tigress/ruairidh/model_results/run_1/saves/vgg_15_BN_64/con_True_lr_0.1_seed_2
[2018/09/25 11:13:54 __main__ INFO] - Train 50
[2018/09/25 11:13:58 __main__ INFO] - TEST 50
[2018/09/25 11:14:17 __main__ INFO] - - epoch 50    c10h_train    : 0.4699 (acc: 0.9601) | c10h_val    : 0.8372 (acc: 0.8500)
[2018/09/25 11:14:17 __main__ INFO] - -            c10h_train_c10: 0.0906 (acc: 0.9660) | c10h_val_c10: 0.5867 (acc: 0.8500)
[2018/09/25 11:14:17 __main__ INFO] - -            v4            : 1.1376 (acc: 0.7254) |           v6: 1.0382 (acc: 0.7415)
[2018/09/25 11:14:17 __main__ INFO] - -            c10_50k       : 0.5048 (acc: 0.8657)
[2018/09/25 11:14:17 __main__ INFO] - Elapsed 18.82
keys:  dict_keys(['epoch', 'c10h_train_loss', 'c10h_train_acc', 'c10h_val_loss', 'c10h_val_acc', 'c10h_train_c10_loss', 'c10h_train_c10_acc', 'c10h_val_c10_loss', 'c10h_val_c10_acc', 'v4_loss', 'v4_acc', 'v6_loss', 'v6_acc', 'c10_50k_loss', 'c10_50k_acc']) 
 c10h_outdir:  /tigress/ruairidh/model_results/run_1/saves/vgg_15_BN_64/con_True_lr_0.1_seed_2
[2018/09/25 11:14:19 __main__ INFO] - Train 51
[2018/09/25 11:14:22 __main__ INFO] - TEST 51
[2018/09/25 11:14:41 __main__ INFO] - - epoch 51    c10h_train    : 0.5013 (acc: 0.9582) | c10h_val    : 0.8613 (acc: 0.8570)
[2018/09/25 11:14:41 __main__ INFO] - -            c10h_train_c10: 0.0972 (acc: 0.9648) | c10h_val_c10: 0.5882 (acc: 0.8590)
[2018/09/25 11:14:41 __main__ INFO] - -            v4            : 1.1774 (acc: 0.7303) |           v6: 1.0988 (acc: 0.7500)
[2018/09/25 11:14:41 __main__ INFO] - -            c10_50k       : 0.5158 (acc: 0.8652)
[2018/09/25 11:14:41 __main__ INFO] - Elapsed 18.95
keys:  dict_keys(['epoch', 'c10h_train_loss', 'c10h_train_acc', 'c10h_val_loss', 'c10h_val_acc', 'c10h_train_c10_loss', 'c10h_train_c10_acc', 'c10h_val_c10_loss', 'c10h_val_c10_acc', 'v4_loss', 'v4_acc', 'v6_loss', 'v6_acc', 'c10_50k_loss', 'c10_50k_acc']) 
 c10h_outdir:  /tigress/ruairidh/model_results/run_1/saves/vgg_15_BN_64/con_True_lr_0.1_seed_2
[2018/09/25 11:14:42 __main__ INFO] - Train 52
[2018/09/25 11:14:45 __main__ INFO] - TEST 52
[2018/09/25 11:15:04 __main__ INFO] - - epoch 52    c10h_train    : 0.5095 (acc: 0.9629) | c10h_val    : 0.8474 (acc: 0.8630)
[2018/09/25 11:15:04 __main__ INFO] - -            c10h_train_c10: 0.0751 (acc: 0.9697) | c10h_val_c10: 0.5575 (acc: 0.8670)
[2018/09/25 11:15:04 __main__ INFO] - -            v4            : 1.2453 (acc: 0.7264) |           v6: 1.0644 (acc: 0.7570)
[2018/09/25 11:15:04 __main__ INFO] - -            c10_50k       : 0.5389 (acc: 0.8659)
[2018/09/25 11:15:04 __main__ INFO] - Elapsed 18.74
keys:  dict_keys(['epoch', 'c10h_train_loss', 'c10h_train_acc', 'c10h_val_loss', 'c10h_val_acc', 'c10h_train_c10_loss', 'c10h_train_c10_acc', 'c10h_val_c10_loss', 'c10h_val_c10_acc', 'v4_loss', 'v4_acc', 'v6_loss', 'v6_acc', 'c10_50k_loss', 'c10_50k_acc']) 
 c10h_outdir:  /tigress/ruairidh/model_results/run_1/saves/vgg_15_BN_64/con_True_lr_0.1_seed_2
[2018/09/25 11:15:05 __main__ INFO] - Train 53
[2018/09/25 11:15:09 __main__ INFO] - TEST 53
[2018/09/25 11:15:28 __main__ INFO] - - epoch 53    c10h_train    : 0.4888 (acc: 0.9586) | c10h_val    : 0.9271 (acc: 0.8440)
[2018/09/25 11:15:28 __main__ INFO] - -            c10h_train_c10: 0.0845 (acc: 0.9660) | c10h_val_c10: 0.6643 (acc: 0.8460)
[2018/09/25 11:15:28 __main__ INFO] - -            v4            : 1.1530 (acc: 0.7249) |           v6: 1.0384 (acc: 0.7645)
[2018/09/25 11:15:28 __main__ INFO] - -            c10_50k       : 0.5363 (acc: 0.8599)
[2018/09/25 11:15:28 __main__ INFO] - Elapsed 18.75
keys:  dict_keys(['epoch', 'c10h_train_loss', 'c10h_train_acc', 'c10h_val_loss', 'c10h_val_acc', 'c10h_train_c10_loss', 'c10h_train_c10_acc', 'c10h_val_c10_loss', 'c10h_val_c10_acc', 'v4_loss', 'v4_acc', 'v6_loss', 'v6_acc', 'c10_50k_loss', 'c10_50k_acc']) 
 c10h_outdir:  /tigress/ruairidh/model_results/run_1/saves/vgg_15_BN_64/con_True_lr_0.1_seed_2
[2018/09/25 11:15:28 __main__ INFO] - Train 54
[2018/09/25 11:15:32 __main__ INFO] - TEST 54
[2018/09/25 11:15:50 __main__ INFO] - - epoch 54    c10h_train    : 0.4693 (acc: 0.9664) | c10h_val    : 0.8322 (acc: 0.8500)
[2018/09/25 11:15:50 __main__ INFO] - -            c10h_train_c10: 0.0645 (acc: 0.9737) | c10h_val_c10: 0.5758 (acc: 0.8500)
[2018/09/25 11:15:50 __main__ INFO] - -            v4            : 1.0809 (acc: 0.7526) |           v6: 0.9969 (acc: 0.7635)
[2018/09/25 11:15:50 __main__ INFO] - -            c10_50k       : 0.4827 (acc: 0.8699)
[2018/09/25 11:15:50 __main__ INFO] - Elapsed 18.74
keys:  dict_keys(['epoch', 'c10h_train_loss', 'c10h_train_acc', 'c10h_val_loss', 'c10h_val_acc', 'c10h_train_c10_loss', 'c10h_train_c10_acc', 'c10h_val_c10_loss', 'c10h_val_c10_acc', 'v4_loss', 'v4_acc', 'v6_loss', 'v6_acc', 'c10_50k_loss', 'c10_50k_acc']) 
 c10h_outdir:  /tigress/ruairidh/model_results/run_1/saves/vgg_15_BN_64/con_True_lr_0.1_seed_2
[2018/09/25 11:15:51 __main__ INFO] - Train 55
[2018/09/25 11:15:55 __main__ INFO] - TEST 55
[2018/09/25 11:16:14 __main__ INFO] - - epoch 55    c10h_train    : 0.5024 (acc: 0.9623) | c10h_val    : 0.8456 (acc: 0.8600)
[2018/09/25 11:16:14 __main__ INFO] - -            c10h_train_c10: 0.0771 (acc: 0.9697) | c10h_val_c10: 0.5480 (acc: 0.8630)
[2018/09/25 11:16:14 __main__ INFO] - -            v4            : 1.1262 (acc: 0.7343) |           v6: 1.0175 (acc: 0.7535)
[2018/09/25 11:16:14 __main__ INFO] - -            c10_50k       : 0.5233 (acc: 0.8662)
[2018/09/25 11:16:14 __main__ INFO] - Elapsed 18.98
keys:  dict_keys(['epoch', 'c10h_train_loss', 'c10h_train_acc', 'c10h_val_loss', 'c10h_val_acc', 'c10h_train_c10_loss', 'c10h_train_c10_acc', 'c10h_val_c10_loss', 'c10h_val_c10_acc', 'v4_loss', 'v4_acc', 'v6_loss', 'v6_acc', 'c10_50k_loss', 'c10_50k_acc']) 
 c10h_outdir:  /tigress/ruairidh/model_results/run_1/saves/vgg_15_BN_64/con_True_lr_0.1_seed_2
[2018/09/25 11:16:14 __main__ INFO] - Train 56
[2018/09/25 11:16:18 __main__ INFO] - TEST 56
[2018/09/25 11:16:37 __main__ INFO] - - epoch 56    c10h_train    : 0.5117 (acc: 0.9610) | c10h_val    : 0.8871 (acc: 0.8550)
[2018/09/25 11:16:37 __main__ INFO] - -            c10h_train_c10: 0.0847 (acc: 0.9682) | c10h_val_c10: 0.6026 (acc: 0.8530)
[2018/09/25 11:16:37 __main__ INFO] - -            v4            : 1.2715 (acc: 0.7254) |           v6: 1.0491 (acc: 0.7595)
[2018/09/25 11:16:37 __main__ INFO] - -            c10_50k       : 0.5298 (acc: 0.8629)
[2018/09/25 11:16:37 __main__ INFO] - Elapsed 18.86
keys:  dict_keys(['epoch', 'c10h_train_loss', 'c10h_train_acc', 'c10h_val_loss', 'c10h_val_acc', 'c10h_train_c10_loss', 'c10h_train_c10_acc', 'c10h_val_c10_loss', 'c10h_val_c10_acc', 'v4_loss', 'v4_acc', 'v6_loss', 'v6_acc', 'c10_50k_loss', 'c10_50k_acc']) 
 c10h_outdir:  /tigress/ruairidh/model_results/run_1/saves/vgg_15_BN_64/con_True_lr_0.1_seed_2
[2018/09/25 11:16:37 __main__ INFO] - Train 57
[2018/09/25 11:16:41 __main__ INFO] - TEST 57
[2018/09/25 11:17:00 __main__ INFO] - - epoch 57    c10h_train    : 0.4935 (acc: 0.9599) | c10h_val    : 0.9347 (acc: 0.8470)
[2018/09/25 11:17:00 __main__ INFO] - -            c10h_train_c10: 0.0846 (acc: 0.9670) | c10h_val_c10: 0.6674 (acc: 0.8470)
[2018/09/25 11:17:00 __main__ INFO] - -            v4            : 1.1389 (acc: 0.7298) |           v6: 1.1031 (acc: 0.7485)
[2018/09/25 11:17:00 __main__ INFO] - -            c10_50k       : 0.5438 (acc: 0.8608)
[2018/09/25 11:17:00 __main__ INFO] - Elapsed 18.84
keys:  dict_keys(['epoch', 'c10h_train_loss', 'c10h_train_acc', 'c10h_val_loss', 'c10h_val_acc', 'c10h_train_c10_loss', 'c10h_train_c10_acc', 'c10h_val_c10_loss', 'c10h_val_c10_acc', 'v4_loss', 'v4_acc', 'v6_loss', 'v6_acc', 'c10_50k_loss', 'c10_50k_acc']) 
 c10h_outdir:  /tigress/ruairidh/model_results/run_1/saves/vgg_15_BN_64/con_True_lr_0.1_seed_2
[2018/09/25 11:17:00 __main__ INFO] - Train 58
[2018/09/25 11:17:04 __main__ INFO] - TEST 58
[2018/09/25 11:17:23 __main__ INFO] - - epoch 58    c10h_train    : 0.4865 (acc: 0.9686) | c10h_val    : 0.8384 (acc: 0.8710)
[2018/09/25 11:17:23 __main__ INFO] - -            c10h_train_c10: 0.0600 (acc: 0.9754) | c10h_val_c10: 0.5340 (acc: 0.8760)
[2018/09/25 11:17:23 __main__ INFO] - -            v4            : 1.1705 (acc: 0.7343) |           v6: 1.0663 (acc: 0.7640)
[2018/09/25 11:17:23 __main__ INFO] - -            c10_50k       : 0.4804 (acc: 0.8725)
[2018/09/25 11:17:23 __main__ INFO] - Elapsed 18.79
keys:  dict_keys(['epoch', 'c10h_train_loss', 'c10h_train_acc', 'c10h_val_loss', 'c10h_val_acc', 'c10h_train_c10_loss', 'c10h_train_c10_acc', 'c10h_val_c10_loss', 'c10h_val_c10_acc', 'v4_loss', 'v4_acc', 'v6_loss', 'v6_acc', 'c10_50k_loss', 'c10_50k_acc']) 
 c10h_outdir:  /tigress/ruairidh/model_results/run_1/saves/vgg_15_BN_64/con_True_lr_0.1_seed_2
[2018/09/25 11:17:23 __main__ INFO] - Train 59
[2018/09/25 11:17:27 __main__ INFO] - TEST 59
[2018/09/25 11:17:46 __main__ INFO] - - epoch 59    c10h_train    : 0.4783 (acc: 0.9672) | c10h_val    : 0.8618 (acc: 0.8500)
[2018/09/25 11:17:46 __main__ INFO] - -            c10h_train_c10: 0.0637 (acc: 0.9748) | c10h_val_c10: 0.6100 (acc: 0.8480)
[2018/09/25 11:17:46 __main__ INFO] - -            v4            : 1.1467 (acc: 0.7303) |           v6: 1.0935 (acc: 0.7475)
[2018/09/25 11:17:46 __main__ INFO] - -            c10_50k       : 0.4988 (acc: 0.8682)
[2018/09/25 11:17:46 __main__ INFO] - Elapsed 18.83
keys:  dict_keys(['epoch', 'c10h_train_loss', 'c10h_train_acc', 'c10h_val_loss', 'c10h_val_acc', 'c10h_train_c10_loss', 'c10h_train_c10_acc', 'c10h_val_c10_loss', 'c10h_val_c10_acc', 'v4_loss', 'v4_acc', 'v6_loss', 'v6_acc', 'c10_50k_loss', 'c10_50k_acc']) 
 c10h_outdir:  /tigress/ruairidh/model_results/run_1/saves/vgg_15_BN_64/con_True_lr_0.1_seed_2
[2018/09/25 11:17:47 __main__ INFO] - Train 60
[2018/09/25 11:17:51 __main__ INFO] - TEST 60
[2018/09/25 11:18:10 __main__ INFO] - - epoch 60    c10h_train    : 0.4837 (acc: 0.9620) | c10h_val    : 0.8980 (acc: 0.8450)
[2018/09/25 11:18:10 __main__ INFO] - -            c10h_train_c10: 0.0817 (acc: 0.9684) | c10h_val_c10: 0.6479 (acc: 0.8450)
[2018/09/25 11:18:10 __main__ INFO] - -            v4            : 1.1600 (acc: 0.7358) |           v6: 1.0714 (acc: 0.7465)
[2018/09/25 11:18:10 __main__ INFO] - -            c10_50k       : 0.5356 (acc: 0.8580)
[2018/09/25 11:18:10 __main__ INFO] - Elapsed 18.80
keys:  dict_keys(['epoch', 'c10h_train_loss', 'c10h_train_acc', 'c10h_val_loss', 'c10h_val_acc', 'c10h_train_c10_loss', 'c10h_train_c10_acc', 'c10h_val_c10_loss', 'c10h_val_c10_acc', 'v4_loss', 'v4_acc', 'v6_loss', 'v6_acc', 'c10_50k_loss', 'c10_50k_acc']) 
 c10h_outdir:  /tigress/ruairidh/model_results/run_1/saves/vgg_15_BN_64/con_True_lr_0.1_seed_2
[2018/09/25 11:18:10 __main__ INFO] - Train 61
[2018/09/25 11:18:14 __main__ INFO] - TEST 61
[2018/09/25 11:18:32 __main__ INFO] - - epoch 61    c10h_train    : 0.4761 (acc: 0.9681) | c10h_val    : 0.8435 (acc: 0.8560)
[2018/09/25 11:18:32 __main__ INFO] - -            c10h_train_c10: 0.0573 (acc: 0.9756) | c10h_val_c10: 0.5880 (acc: 0.8560)
[2018/09/25 11:18:32 __main__ INFO] - -            v4            : 1.2214 (acc: 0.7308) |           v6: 1.0716 (acc: 0.7550)
[2018/09/25 11:18:32 __main__ INFO] - -            c10_50k       : 0.5217 (acc: 0.8666)
[2018/09/25 11:18:32 __main__ INFO] - Elapsed 18.82
keys:  dict_keys(['epoch', 'c10h_train_loss', 'c10h_train_acc', 'c10h_val_loss', 'c10h_val_acc', 'c10h_train_c10_loss', 'c10h_train_c10_acc', 'c10h_val_c10_loss', 'c10h_val_c10_acc', 'v4_loss', 'v4_acc', 'v6_loss', 'v6_acc', 'c10_50k_loss', 'c10_50k_acc']) 
 c10h_outdir:  /tigress/ruairidh/model_results/run_1/saves/vgg_15_BN_64/con_True_lr_0.1_seed_2
[2018/09/25 11:18:33 __main__ INFO] - Train 62
[2018/09/25 11:18:36 __main__ INFO] - TEST 62
[2018/09/25 11:18:55 __main__ INFO] - - epoch 62    c10h_train    : 0.5194 (acc: 0.9617) | c10h_val    : 0.9260 (acc: 0.8620)
[2018/09/25 11:18:56 __main__ INFO] - -            c10h_train_c10: 0.0795 (acc: 0.9684) | c10h_val_c10: 0.6231 (acc: 0.8630)
[2018/09/25 11:18:56 __main__ INFO] - -            v4            : 1.3124 (acc: 0.6972) |           v6: 1.2205 (acc: 0.7295)
[2018/09/25 11:18:56 __main__ INFO] - -            c10_50k       : 0.5808 (acc: 0.8533)
[2018/09/25 11:18:56 __main__ INFO] - Elapsed 18.95
keys:  dict_keys(['epoch', 'c10h_train_loss', 'c10h_train_acc', 'c10h_val_loss', 'c10h_val_acc', 'c10h_train_c10_loss', 'c10h_train_c10_acc', 'c10h_val_c10_loss', 'c10h_val_c10_acc', 'v4_loss', 'v4_acc', 'v6_loss', 'v6_acc', 'c10_50k_loss', 'c10_50k_acc']) 
 c10h_outdir:  /tigress/ruairidh/model_results/run_1/saves/vgg_15_BN_64/con_True_lr_0.1_seed_2
[2018/09/25 11:18:59 __main__ INFO] - Train 63
[2018/09/25 11:19:02 __main__ INFO] - TEST 63
[2018/09/25 11:19:21 __main__ INFO] - - epoch 63    c10h_train    : 0.5463 (acc: 0.9422) | c10h_val    : 0.9582 (acc: 0.8270)
[2018/09/25 11:19:21 __main__ INFO] - -            c10h_train_c10: 0.1497 (acc: 0.9484) | c10h_val_c10: 0.7100 (acc: 0.8240)
[2018/09/25 11:19:21 __main__ INFO] - -            v4            : 1.2637 (acc: 0.7150) |           v6: 1.2344 (acc: 0.7330)
[2018/09/25 11:19:21 __main__ INFO] - -            c10_50k       : 0.6288 (acc: 0.8364)
[2018/09/25 11:19:21 __main__ INFO] - Elapsed 18.92
keys:  dict_keys(['epoch', 'c10h_train_loss', 'c10h_train_acc', 'c10h_val_loss', 'c10h_val_acc', 'c10h_train_c10_loss', 'c10h_train_c10_acc', 'c10h_val_c10_loss', 'c10h_val_c10_acc', 'v4_loss', 'v4_acc', 'v6_loss', 'v6_acc', 'c10_50k_loss', 'c10_50k_acc']) 
 c10h_outdir:  /tigress/ruairidh/model_results/run_1/saves/vgg_15_BN_64/con_True_lr_0.1_seed_2
[2018/09/25 11:19:22 __main__ INFO] - Train 64
[2018/09/25 11:19:26 __main__ INFO] - TEST 64
[2018/09/25 11:19:44 __main__ INFO] - - epoch 64    c10h_train    : 0.5018 (acc: 0.9624) | c10h_val    : 0.8581 (acc: 0.8560)
[2018/09/25 11:19:45 __main__ INFO] - -            c10h_train_c10: 0.0776 (acc: 0.9697) | c10h_val_c10: 0.5843 (acc: 0.8540)
[2018/09/25 11:19:45 __main__ INFO] - -            v4            : 1.2616 (acc: 0.7170) |           v6: 1.1982 (acc: 0.7360)
[2018/09/25 11:19:45 __main__ INFO] - -            c10_50k       : 0.5446 (acc: 0.8609)
[2018/09/25 11:19:45 __main__ INFO] - Elapsed 18.92
keys:  dict_keys(['epoch', 'c10h_train_loss', 'c10h_train_acc', 'c10h_val_loss', 'c10h_val_acc', 'c10h_train_c10_loss', 'c10h_train_c10_acc', 'c10h_val_c10_loss', 'c10h_val_c10_acc', 'v4_loss', 'v4_acc', 'v6_loss', 'v6_acc', 'c10_50k_loss', 'c10_50k_acc']) 
 c10h_outdir:  /tigress/ruairidh/model_results/run_1/saves/vgg_15_BN_64/con_True_lr_0.1_seed_2
[2018/09/25 11:19:45 __main__ INFO] - Train 65
[2018/09/25 11:19:49 __main__ INFO] - TEST 65
[2018/09/25 11:20:08 __main__ INFO] - - epoch 65    c10h_train    : 0.5019 (acc: 0.9688) | c10h_val    : 0.9023 (acc: 0.8550)
[2018/09/25 11:20:08 __main__ INFO] - -            c10h_train_c10: 0.0621 (acc: 0.9758) | c10h_val_c10: 0.6018 (acc: 0.8570)
[2018/09/25 11:20:08 __main__ INFO] - -            v4            : 1.3039 (acc: 0.7145) |           v6: 1.2128 (acc: 0.7400)
[2018/09/25 11:20:08 __main__ INFO] - -            c10_50k       : 0.5366 (acc: 0.8644)
[2018/09/25 11:20:08 __main__ INFO] - Elapsed 18.79
keys:  dict_keys(['epoch', 'c10h_train_loss', 'c10h_train_acc', 'c10h_val_loss', 'c10h_val_acc', 'c10h_train_c10_loss', 'c10h_train_c10_acc', 'c10h_val_c10_loss', 'c10h_val_c10_acc', 'v4_loss', 'v4_acc', 'v6_loss', 'v6_acc', 'c10_50k_loss', 'c10_50k_acc']) 
 c10h_outdir:  /tigress/ruairidh/model_results/run_1/saves/vgg_15_BN_64/con_True_lr_0.1_seed_2
[2018/09/25 11:20:08 __main__ INFO] - Train 66
[2018/09/25 11:20:12 __main__ INFO] - TEST 66
[2018/09/25 11:20:30 __main__ INFO] - - epoch 66    c10h_train    : 0.5963 (acc: 0.9288) | c10h_val    : 1.0117 (acc: 0.8260)
[2018/09/25 11:20:30 __main__ INFO] - -            c10h_train_c10: 0.1943 (acc: 0.9348) | c10h_val_c10: 0.7686 (acc: 0.8260)
[2018/09/25 11:20:30 __main__ INFO] - -            v4            : 1.5682 (acc: 0.6744) |           v6: 1.4936 (acc: 0.6945)
[2018/09/25 11:20:30 __main__ INFO] - -            c10_50k       : 0.7607 (acc: 0.8216)
[2018/09/25 11:20:30 __main__ INFO] - Elapsed 18.76
keys:  dict_keys(['epoch', 'c10h_train_loss', 'c10h_train_acc', 'c10h_val_loss', 'c10h_val_acc', 'c10h_train_c10_loss', 'c10h_train_c10_acc', 'c10h_val_c10_loss', 'c10h_val_c10_acc', 'v4_loss', 'v4_acc', 'v6_loss', 'v6_acc', 'c10_50k_loss', 'c10_50k_acc']) 
 c10h_outdir:  /tigress/ruairidh/model_results/run_1/saves/vgg_15_BN_64/con_True_lr_0.1_seed_2
[2018/09/25 11:20:31 __main__ INFO] - Train 67
[2018/09/25 11:20:34 __main__ INFO] - TEST 67
[2018/09/25 11:20:53 __main__ INFO] - - epoch 67    c10h_train    : 0.5476 (acc: 0.9510) | c10h_val    : 0.9403 (acc: 0.8500)
[2018/09/25 11:20:53 __main__ INFO] - -            c10h_train_c10: 0.1126 (acc: 0.9580) | c10h_val_c10: 0.6615 (acc: 0.8500)
[2018/09/25 11:20:53 __main__ INFO] - -            v4            : 1.3847 (acc: 0.6987) |           v6: 1.2662 (acc: 0.7265)
[2018/09/25 11:20:53 __main__ INFO] - -            c10_50k       : 0.6162 (acc: 0.8487)
[2018/09/25 11:20:53 __main__ INFO] - Elapsed 18.77
keys:  dict_keys(['epoch', 'c10h_train_loss', 'c10h_train_acc', 'c10h_val_loss', 'c10h_val_acc', 'c10h_train_c10_loss', 'c10h_train_c10_acc', 'c10h_val_c10_loss', 'c10h_val_c10_acc', 'v4_loss', 'v4_acc', 'v6_loss', 'v6_acc', 'c10_50k_loss', 'c10_50k_acc']) 
 c10h_outdir:  /tigress/ruairidh/model_results/run_1/saves/vgg_15_BN_64/con_True_lr_0.1_seed_2
[2018/09/25 11:20:53 __main__ INFO] - Train 68
[2018/09/25 11:20:57 __main__ INFO] - TEST 68
[2018/09/25 11:21:16 __main__ INFO] - - epoch 68    c10h_train    : 0.5112 (acc: 0.9638) | c10h_val    : 0.8837 (acc: 0.8620)
[2018/09/25 11:21:16 __main__ INFO] - -            c10h_train_c10: 0.0715 (acc: 0.9711) | c10h_val_c10: 0.5984 (acc: 0.8610)
[2018/09/25 11:21:16 __main__ INFO] - -            v4            : 1.2192 (acc: 0.7244) |           v6: 1.0745 (acc: 0.7505)
[2018/09/25 11:21:16 __main__ INFO] - -            c10_50k       : 0.5595 (acc: 0.8606)
[2018/09/25 11:21:16 __main__ INFO] - Elapsed 18.77
keys:  dict_keys(['epoch', 'c10h_train_loss', 'c10h_train_acc', 'c10h_val_loss', 'c10h_val_acc', 'c10h_train_c10_loss', 'c10h_train_c10_acc', 'c10h_val_c10_loss', 'c10h_val_c10_acc', 'v4_loss', 'v4_acc', 'v6_loss', 'v6_acc', 'c10_50k_loss', 'c10_50k_acc']) 
 c10h_outdir:  /tigress/ruairidh/model_results/run_1/saves/vgg_15_BN_64/con_True_lr_0.1_seed_2
[2018/09/25 11:21:17 __main__ INFO] - Train 69
[2018/09/25 11:21:20 __main__ INFO] - TEST 69
[2018/09/25 11:21:39 __main__ INFO] - - epoch 69    c10h_train    : 0.5049 (acc: 0.9614) | c10h_val    : 0.8878 (acc: 0.8460)
[2018/09/25 11:21:39 __main__ INFO] - -            c10h_train_c10: 0.0855 (acc: 0.9692) | c10h_val_c10: 0.6198 (acc: 0.8440)
[2018/09/25 11:21:39 __main__ INFO] - -            v4            : 1.3020 (acc: 0.7051) |           v6: 1.1766 (acc: 0.7400)
[2018/09/25 11:21:39 __main__ INFO] - -            c10_50k       : 0.5474 (acc: 0.8563)
[2018/09/25 11:21:39 __main__ INFO] - Elapsed 18.83
keys:  dict_keys(['epoch', 'c10h_train_loss', 'c10h_train_acc', 'c10h_val_loss', 'c10h_val_acc', 'c10h_train_c10_loss', 'c10h_train_c10_acc', 'c10h_val_c10_loss', 'c10h_val_c10_acc', 'v4_loss', 'v4_acc', 'v6_loss', 'v6_acc', 'c10_50k_loss', 'c10_50k_acc']) 
 c10h_outdir:  /tigress/ruairidh/model_results/run_1/saves/vgg_15_BN_64/con_True_lr_0.1_seed_2
[2018/09/25 11:21:39 __main__ INFO] - Train 70
[2018/09/25 11:21:43 __main__ INFO] - TEST 70
[2018/09/25 11:22:02 __main__ INFO] - - epoch 70    c10h_train    : 0.5021 (acc: 0.9609) | c10h_val    : 0.9399 (acc: 0.8510)
[2018/09/25 11:22:02 __main__ INFO] - -            c10h_train_c10: 0.0810 (acc: 0.9680) | c10h_val_c10: 0.6479 (acc: 0.8540)
[2018/09/25 11:22:02 __main__ INFO] - -            v4            : 1.2355 (acc: 0.7170) |           v6: 1.1193 (acc: 0.7430)
[2018/09/25 11:22:02 __main__ INFO] - -            c10_50k       : 0.5678 (acc: 0.8581)
[2018/09/25 11:22:02 __main__ INFO] - Elapsed 18.78
keys:  dict_keys(['epoch', 'c10h_train_loss', 'c10h_train_acc', 'c10h_val_loss', 'c10h_val_acc', 'c10h_train_c10_loss', 'c10h_train_c10_acc', 'c10h_val_c10_loss', 'c10h_val_c10_acc', 'v4_loss', 'v4_acc', 'v6_loss', 'v6_acc', 'c10_50k_loss', 'c10_50k_acc']) 
 c10h_outdir:  /tigress/ruairidh/model_results/run_1/saves/vgg_15_BN_64/con_True_lr_0.1_seed_2
[2018/09/25 11:22:03 __main__ INFO] - Train 71
[2018/09/25 11:22:06 __main__ INFO] - TEST 71
[2018/09/25 11:22:25 __main__ INFO] - - epoch 71    c10h_train    : 0.4941 (acc: 0.9668) | c10h_val    : 0.8722 (acc: 0.8630)
[2018/09/25 11:22:25 __main__ INFO] - -            c10h_train_c10: 0.0668 (acc: 0.9742) | c10h_val_c10: 0.5846 (acc: 0.8660)
[2018/09/25 11:22:25 __main__ INFO] - -            v4            : 1.2493 (acc: 0.7269) |           v6: 1.1920 (acc: 0.7370)
[2018/09/25 11:22:25 __main__ INFO] - -            c10_50k       : 0.5614 (acc: 0.8594)
[2018/09/25 11:22:25 __main__ INFO] - Elapsed 18.80
keys:  dict_keys(['epoch', 'c10h_train_loss', 'c10h_train_acc', 'c10h_val_loss', 'c10h_val_acc', 'c10h_train_c10_loss', 'c10h_train_c10_acc', 'c10h_val_c10_loss', 'c10h_val_c10_acc', 'v4_loss', 'v4_acc', 'v6_loss', 'v6_acc', 'c10_50k_loss', 'c10_50k_acc']) 
 c10h_outdir:  /tigress/ruairidh/model_results/run_1/saves/vgg_15_BN_64/con_True_lr_0.1_seed_2
[2018/09/25 11:22:26 __main__ INFO] - Train 72
[2018/09/25 11:22:30 __main__ INFO] - TEST 72
[2018/09/25 11:22:49 __main__ INFO] - - epoch 72    c10h_train    : 0.5194 (acc: 0.9649) | c10h_val    : 0.9035 (acc: 0.8640)
[2018/09/25 11:22:49 __main__ INFO] - -            c10h_train_c10: 0.0672 (acc: 0.9720) | c10h_val_c10: 0.6230 (acc: 0.8640)
[2018/09/25 11:22:49 __main__ INFO] - -            v4            : 1.1746 (acc: 0.7392) |           v6: 1.1173 (acc: 0.7550)
[2018/09/25 11:22:49 __main__ INFO] - -            c10_50k       : 0.5604 (acc: 0.8606)
[2018/09/25 11:22:49 __main__ INFO] - Elapsed 18.83
keys:  dict_keys(['epoch', 'c10h_train_loss', 'c10h_train_acc', 'c10h_val_loss', 'c10h_val_acc', 'c10h_train_c10_loss', 'c10h_train_c10_acc', 'c10h_val_c10_loss', 'c10h_val_c10_acc', 'v4_loss', 'v4_acc', 'v6_loss', 'v6_acc', 'c10_50k_loss', 'c10_50k_acc']) 
 c10h_outdir:  /tigress/ruairidh/model_results/run_1/saves/vgg_15_BN_64/con_True_lr_0.1_seed_2
[2018/09/25 11:22:51 __main__ INFO] - Train 73
[2018/09/25 11:22:54 __main__ INFO] - TEST 73
[2018/09/25 11:23:13 __main__ INFO] - - epoch 73    c10h_train    : 0.4871 (acc: 0.9741) | c10h_val    : 0.8386 (acc: 0.8570)
[2018/09/25 11:23:13 __main__ INFO] - -            c10h_train_c10: 0.0360 (acc: 0.9817) | c10h_val_c10: 0.5529 (acc: 0.8600)
[2018/09/25 11:23:13 __main__ INFO] - -            v4            : 1.2260 (acc: 0.7343) |           v6: 1.1168 (acc: 0.7495)
[2018/09/25 11:23:13 __main__ INFO] - -            c10_50k       : 0.5073 (acc: 0.8724)
[2018/09/25 11:23:13 __main__ INFO] - Elapsed 18.82
keys:  dict_keys(['epoch', 'c10h_train_loss', 'c10h_train_acc', 'c10h_val_loss', 'c10h_val_acc', 'c10h_train_c10_loss', 'c10h_train_c10_acc', 'c10h_val_c10_loss', 'c10h_val_c10_acc', 'v4_loss', 'v4_acc', 'v6_loss', 'v6_acc', 'c10_50k_loss', 'c10_50k_acc']) 
 c10h_outdir:  /tigress/ruairidh/model_results/run_1/saves/vgg_15_BN_64/con_True_lr_0.1_seed_2
[2018/09/25 11:23:13 __main__ INFO] - Train 74
[2018/09/25 11:23:17 __main__ INFO] - TEST 74
[2018/09/25 11:23:36 __main__ INFO] - - epoch 74    c10h_train    : 0.4954 (acc: 0.9680) | c10h_val    : 0.8916 (acc: 0.8530)
[2018/09/25 11:23:36 __main__ INFO] - -            c10h_train_c10: 0.0589 (acc: 0.9754) | c10h_val_c10: 0.6057 (acc: 0.8530)
[2018/09/25 11:23:36 __main__ INFO] - -            v4            : 1.2351 (acc: 0.7185) |           v6: 1.1321 (acc: 0.7470)
[2018/09/25 11:23:36 __main__ INFO] - -            c10_50k       : 0.5211 (acc: 0.8645)
[2018/09/25 11:23:36 __main__ INFO] - Elapsed 18.84
keys:  dict_keys(['epoch', 'c10h_train_loss', 'c10h_train_acc', 'c10h_val_loss', 'c10h_val_acc', 'c10h_train_c10_loss', 'c10h_train_c10_acc', 'c10h_val_c10_loss', 'c10h_val_c10_acc', 'v4_loss', 'v4_acc', 'v6_loss', 'v6_acc', 'c10_50k_loss', 'c10_50k_acc']) 
 c10h_outdir:  /tigress/ruairidh/model_results/run_1/saves/vgg_15_BN_64/con_True_lr_0.1_seed_2
[2018/09/25 11:23:36 __main__ INFO] - Train 75
[2018/09/25 11:23:40 __main__ INFO] - TEST 75
[2018/09/25 11:23:59 __main__ INFO] - - epoch 75    c10h_train    : 0.5206 (acc: 0.9528) | c10h_val    : 0.9347 (acc: 0.8420)
[2018/09/25 11:23:59 __main__ INFO] - -            c10h_train_c10: 0.1077 (acc: 0.9602) | c10h_val_c10: 0.6912 (acc: 0.8430)
[2018/09/25 11:23:59 __main__ INFO] - -            v4            : 1.2242 (acc: 0.7081) |           v6: 1.1330 (acc: 0.7270)
[2018/09/25 11:23:59 __main__ INFO] - -            c10_50k       : 0.6184 (acc: 0.8436)
[2018/09/25 11:23:59 __main__ INFO] - Elapsed 18.79
keys:  dict_keys(['epoch', 'c10h_train_loss', 'c10h_train_acc', 'c10h_val_loss', 'c10h_val_acc', 'c10h_train_c10_loss', 'c10h_train_c10_acc', 'c10h_val_c10_loss', 'c10h_val_c10_acc', 'v4_loss', 'v4_acc', 'v6_loss', 'v6_acc', 'c10_50k_loss', 'c10_50k_acc']) 
 c10h_outdir:  /tigress/ruairidh/model_results/run_1/saves/vgg_15_BN_64/con_True_lr_0.1_seed_2
[2018/09/25 11:24:00 __main__ INFO] - Train 76
[2018/09/25 11:24:03 __main__ INFO] - TEST 76
[2018/09/25 11:24:22 __main__ INFO] - - epoch 76    c10h_train    : 0.5058 (acc: 0.9660) | c10h_val    : 0.9371 (acc: 0.8480)
[2018/09/25 11:24:22 __main__ INFO] - -            c10h_train_c10: 0.0593 (acc: 0.9729) | c10h_val_c10: 0.6514 (acc: 0.8470)
[2018/09/25 11:24:22 __main__ INFO] - -            v4            : 1.1778 (acc: 0.7387) |           v6: 1.1497 (acc: 0.7545)
[2018/09/25 11:24:22 __main__ INFO] - -            c10_50k       : 0.5337 (acc: 0.8646)
[2018/09/25 11:24:22 __main__ INFO] - Elapsed 18.82
keys:  dict_keys(['epoch', 'c10h_train_loss', 'c10h_train_acc', 'c10h_val_loss', 'c10h_val_acc', 'c10h_train_c10_loss', 'c10h_train_c10_acc', 'c10h_val_c10_loss', 'c10h_val_c10_acc', 'v4_loss', 'v4_acc', 'v6_loss', 'v6_acc', 'c10_50k_loss', 'c10_50k_acc']) 
 c10h_outdir:  /tigress/ruairidh/model_results/run_1/saves/vgg_15_BN_64/con_True_lr_0.1_seed_2
[2018/09/25 11:24:23 __main__ INFO] - Train 77
[2018/09/25 11:24:26 __main__ INFO] - TEST 77
[2018/09/25 11:24:45 __main__ INFO] - - epoch 77    c10h_train    : 0.4996 (acc: 0.9578) | c10h_val    : 0.9755 (acc: 0.8330)
[2018/09/25 11:24:45 __main__ INFO] - -            c10h_train_c10: 0.0907 (acc: 0.9650) | c10h_val_c10: 0.7206 (acc: 0.8350)
[2018/09/25 11:24:45 __main__ INFO] - -            v4            : 1.2954 (acc: 0.7091) |           v6: 1.1968 (acc: 0.7215)
[2018/09/25 11:24:45 __main__ INFO] - -            c10_50k       : 0.6179 (acc: 0.8450)
[2018/09/25 11:24:45 __main__ INFO] - Elapsed 18.82
keys:  dict_keys(['epoch', 'c10h_train_loss', 'c10h_train_acc', 'c10h_val_loss', 'c10h_val_acc', 'c10h_train_c10_loss', 'c10h_train_c10_acc', 'c10h_val_c10_loss', 'c10h_val_c10_acc', 'v4_loss', 'v4_acc', 'v6_loss', 'v6_acc', 'c10_50k_loss', 'c10_50k_acc']) 
 c10h_outdir:  /tigress/ruairidh/model_results/run_1/saves/vgg_15_BN_64/con_True_lr_0.1_seed_2
[2018/09/25 11:24:46 __main__ INFO] - Train 78
[2018/09/25 11:24:49 __main__ INFO] - TEST 78
[2018/09/25 11:25:08 __main__ INFO] - - epoch 78    c10h_train    : 0.5216 (acc: 0.9584) | c10h_val    : 0.9619 (acc: 0.8280)
[2018/09/25 11:25:08 __main__ INFO] - -            c10h_train_c10: 0.0873 (acc: 0.9661) | c10h_val_c10: 0.6908 (acc: 0.8290)
[2018/09/25 11:25:08 __main__ INFO] - -            v4            : 1.2759 (acc: 0.7081) |           v6: 1.2267 (acc: 0.7360)
[2018/09/25 11:25:08 __main__ INFO] - -            c10_50k       : 0.6224 (acc: 0.8475)
[2018/09/25 11:25:08 __main__ INFO] - Elapsed 18.72
keys:  dict_keys(['epoch', 'c10h_train_loss', 'c10h_train_acc', 'c10h_val_loss', 'c10h_val_acc', 'c10h_train_c10_loss', 'c10h_train_c10_acc', 'c10h_val_c10_loss', 'c10h_val_c10_acc', 'v4_loss', 'v4_acc', 'v6_loss', 'v6_acc', 'c10_50k_loss', 'c10_50k_acc']) 
 c10h_outdir:  /tigress/ruairidh/model_results/run_1/saves/vgg_15_BN_64/con_True_lr_0.1_seed_2
[2018/09/25 11:25:08 __main__ INFO] - Train 79
[2018/09/25 11:25:12 __main__ INFO] - TEST 79
[2018/09/25 11:25:31 __main__ INFO] - - epoch 79    c10h_train    : 0.5225 (acc: 0.9586) | c10h_val    : 0.9132 (acc: 0.8520)
[2018/09/25 11:25:31 __main__ INFO] - -            c10h_train_c10: 0.0863 (acc: 0.9663) | c10h_val_c10: 0.6334 (acc: 0.8510)
[2018/09/25 11:25:31 __main__ INFO] - -            v4            : 1.3565 (acc: 0.7095) |           v6: 1.2482 (acc: 0.7480)
[2018/09/25 11:25:31 __main__ INFO] - -            c10_50k       : 0.6109 (acc: 0.8557)
[2018/09/25 11:25:31 __main__ INFO] - Elapsed 18.85
keys:  dict_keys(['epoch', 'c10h_train_loss', 'c10h_train_acc', 'c10h_val_loss', 'c10h_val_acc', 'c10h_train_c10_loss', 'c10h_train_c10_acc', 'c10h_val_c10_loss', 'c10h_val_c10_acc', 'v4_loss', 'v4_acc', 'v6_loss', 'v6_acc', 'c10_50k_loss', 'c10_50k_acc']) 
 c10h_outdir:  /tigress/ruairidh/model_results/run_1/saves/vgg_15_BN_64/con_True_lr_0.1_seed_2
[2018/09/25 11:25:32 __main__ INFO] - Train 80
[2018/09/25 11:25:35 __main__ INFO] - TEST 80
[2018/09/25 11:25:54 __main__ INFO] - - epoch 80    c10h_train    : 0.5253 (acc: 0.9633) | c10h_val    : 0.9366 (acc: 0.8490)
[2018/09/25 11:25:54 __main__ INFO] - -            c10h_train_c10: 0.0723 (acc: 0.9707) | c10h_val_c10: 0.6530 (acc: 0.8510)
[2018/09/25 11:25:54 __main__ INFO] - -            v4            : 1.2156 (acc: 0.7214) |           v6: 1.1825 (acc: 0.7415)
[2018/09/25 11:25:54 __main__ INFO] - -            c10_50k       : 0.5858 (acc: 0.8571)
[2018/09/25 11:25:54 __main__ INFO] - Elapsed 18.75
keys:  dict_keys(['epoch', 'c10h_train_loss', 'c10h_train_acc', 'c10h_val_loss', 'c10h_val_acc', 'c10h_train_c10_loss', 'c10h_train_c10_acc', 'c10h_val_c10_loss', 'c10h_val_c10_acc', 'v4_loss', 'v4_acc', 'v6_loss', 'v6_acc', 'c10_50k_loss', 'c10_50k_acc']) 
 c10h_outdir:  /tigress/ruairidh/model_results/run_1/saves/vgg_15_BN_64/con_True_lr_0.1_seed_2
[2018/09/25 11:25:55 __main__ INFO] - Train 81
[2018/09/25 11:25:59 __main__ INFO] - TEST 81
[2018/09/25 11:26:18 __main__ INFO] - - epoch 81    c10h_train    : 0.4982 (acc: 0.9831) | c10h_val    : 0.7861 (acc: 0.8840)
[2018/09/25 11:26:18 __main__ INFO] - -            c10h_train_c10: 0.0156 (acc: 0.9911) | c10h_val_c10: 0.4843 (acc: 0.8860)
[2018/09/25 11:26:18 __main__ INFO] - -            v4            : 1.0450 (acc: 0.7655) |           v6: 0.9520 (acc: 0.7810)
[2018/09/25 11:26:18 __main__ INFO] - -            c10_50k       : 0.4278 (acc: 0.8895)
[2018/09/25 11:26:18 __main__ INFO] - Elapsed 18.89
keys:  dict_keys(['epoch', 'c10h_train_loss', 'c10h_train_acc', 'c10h_val_loss', 'c10h_val_acc', 'c10h_train_c10_loss', 'c10h_train_c10_acc', 'c10h_val_c10_loss', 'c10h_val_c10_acc', 'v4_loss', 'v4_acc', 'v6_loss', 'v6_acc', 'c10_50k_loss', 'c10_50k_acc']) 
 c10h_outdir:  /tigress/ruairidh/model_results/run_1/saves/vgg_15_BN_64/con_True_lr_0.1_seed_2
[2018/09/25 11:26:19 __main__ INFO] - Train 82
[2018/09/25 11:26:22 __main__ INFO] - TEST 82
[2018/09/25 11:26:41 __main__ INFO] - - epoch 82    c10h_train    : 0.4922 (acc: 0.9851) | c10h_val    : 0.7721 (acc: 0.8880)
[2018/09/25 11:26:41 __main__ INFO] - -            c10h_train_c10: 0.0091 (acc: 0.9932) | c10h_val_c10: 0.4651 (acc: 0.8910)
[2018/09/25 11:26:41 __main__ INFO] - -            v4            : 1.0510 (acc: 0.7625) |           v6: 0.9299 (acc: 0.7850)
[2018/09/25 11:26:41 __main__ INFO] - -            c10_50k       : 0.4153 (acc: 0.8929)
[2018/09/25 11:26:41 __main__ INFO] - Elapsed 18.72
keys:  dict_keys(['epoch', 'c10h_train_loss', 'c10h_train_acc', 'c10h_val_loss', 'c10h_val_acc', 'c10h_train_c10_loss', 'c10h_train_c10_acc', 'c10h_val_c10_loss', 'c10h_val_c10_acc', 'v4_loss', 'v4_acc', 'v6_loss', 'v6_acc', 'c10_50k_loss', 'c10_50k_acc']) 
 c10h_outdir:  /tigress/ruairidh/model_results/run_1/saves/vgg_15_BN_64/con_True_lr_0.1_seed_2
[2018/09/25 11:26:41 __main__ INFO] - Train 83
[2018/09/25 11:26:45 __main__ INFO] - TEST 83
[2018/09/25 11:27:04 __main__ INFO] - - epoch 83    c10h_train    : 0.4999 (acc: 0.9860) | c10h_val    : 0.7663 (acc: 0.8890)
[2018/09/25 11:27:04 __main__ INFO] - -            c10h_train_c10: 0.0068 (acc: 0.9941) | c10h_val_c10: 0.4555 (acc: 0.8890)
[2018/09/25 11:27:04 __main__ INFO] - -            v4            : 1.0083 (acc: 0.7674) |           v6: 0.9156 (acc: 0.7920)
[2018/09/25 11:27:04 __main__ INFO] - -            c10_50k       : 0.4032 (acc: 0.8953)
[2018/09/25 11:27:04 __main__ INFO] - Elapsed 18.93
keys:  dict_keys(['epoch', 'c10h_train_loss', 'c10h_train_acc', 'c10h_val_loss', 'c10h_val_acc', 'c10h_train_c10_loss', 'c10h_train_c10_acc', 'c10h_val_c10_loss', 'c10h_val_c10_acc', 'v4_loss', 'v4_acc', 'v6_loss', 'v6_acc', 'c10_50k_loss', 'c10_50k_acc']) 
 c10h_outdir:  /tigress/ruairidh/model_results/run_1/saves/vgg_15_BN_64/con_True_lr_0.1_seed_2
[2018/09/25 11:27:04 __main__ INFO] - Train 84
[2018/09/25 11:27:08 __main__ INFO] - TEST 84
[2018/09/25 11:27:27 __main__ INFO] - - epoch 84    c10h_train    : 0.5023 (acc: 0.9867) | c10h_val    : 0.7686 (acc: 0.8880)
[2018/09/25 11:27:27 __main__ INFO] - -            c10h_train_c10: 0.0046 (acc: 0.9947) | c10h_val_c10: 0.4564 (acc: 0.8880)
[2018/09/25 11:27:27 __main__ INFO] - -            v4            : 1.0508 (acc: 0.7595) |           v6: 0.9133 (acc: 0.7905)
[2018/09/25 11:27:27 __main__ INFO] - -            c10_50k       : 0.4014 (acc: 0.8966)
[2018/09/25 11:27:27 __main__ INFO] - Elapsed 18.74
keys:  dict_keys(['epoch', 'c10h_train_loss', 'c10h_train_acc', 'c10h_val_loss', 'c10h_val_acc', 'c10h_train_c10_loss', 'c10h_train_c10_acc', 'c10h_val_c10_loss', 'c10h_val_c10_acc', 'v4_loss', 'v4_acc', 'v6_loss', 'v6_acc', 'c10_50k_loss', 'c10_50k_acc']) 
 c10h_outdir:  /tigress/ruairidh/model_results/run_1/saves/vgg_15_BN_64/con_True_lr_0.1_seed_2
[2018/09/25 11:27:28 __main__ INFO] - Train 85
[2018/09/25 11:27:31 __main__ INFO] - TEST 85
[2018/09/25 11:27:50 __main__ INFO] - - epoch 85    c10h_train    : 0.5073 (acc: 0.9868) | c10h_val    : 0.7677 (acc: 0.8910)
[2018/09/25 11:27:50 __main__ INFO] - -            c10h_train_c10: 0.0044 (acc: 0.9947) | c10h_val_c10: 0.4552 (acc: 0.8910)
[2018/09/25 11:27:50 __main__ INFO] - -            v4            : 1.0442 (acc: 0.7655) |           v6: 0.9129 (acc: 0.7930)
[2018/09/25 11:27:50 __main__ INFO] - -            c10_50k       : 0.3950 (acc: 0.8981)
[2018/09/25 11:27:50 __main__ INFO] - Elapsed 18.86
keys:  dict_keys(['epoch', 'c10h_train_loss', 'c10h_train_acc', 'c10h_val_loss', 'c10h_val_acc', 'c10h_train_c10_loss', 'c10h_train_c10_acc', 'c10h_val_c10_loss', 'c10h_val_c10_acc', 'v4_loss', 'v4_acc', 'v6_loss', 'v6_acc', 'c10_50k_loss', 'c10_50k_acc']) 
 c10h_outdir:  /tigress/ruairidh/model_results/run_1/saves/vgg_15_BN_64/con_True_lr_0.1_seed_2
[2018/09/25 11:27:51 __main__ INFO] - Train 86
[2018/09/25 11:27:55 __main__ INFO] - TEST 86
[2018/09/25 11:28:14 __main__ INFO] - - epoch 86    c10h_train    : 0.5109 (acc: 0.9866) | c10h_val    : 0.7703 (acc: 0.8860)
[2018/09/25 11:28:14 __main__ INFO] - -            c10h_train_c10: 0.0046 (acc: 0.9942) | c10h_val_c10: 0.4541 (acc: 0.8860)
[2018/09/25 11:28:14 __main__ INFO] - -            v4            : 1.0122 (acc: 0.7704) |           v6: 0.9119 (acc: 0.7925)
[2018/09/25 11:28:14 __main__ INFO] - -            c10_50k       : 0.4030 (acc: 0.8967)
[2018/09/25 11:28:14 __main__ INFO] - Elapsed 18.83
keys:  dict_keys(['epoch', 'c10h_train_loss', 'c10h_train_acc', 'c10h_val_loss', 'c10h_val_acc', 'c10h_train_c10_loss', 'c10h_train_c10_acc', 'c10h_val_c10_loss', 'c10h_val_c10_acc', 'v4_loss', 'v4_acc', 'v6_loss', 'v6_acc', 'c10_50k_loss', 'c10_50k_acc']) 
 c10h_outdir:  /tigress/ruairidh/model_results/run_1/saves/vgg_15_BN_64/con_True_lr_0.1_seed_2
[2018/09/25 11:28:14 __main__ INFO] - Train 87
[2018/09/25 11:28:18 __main__ INFO] - TEST 87
[2018/09/25 11:28:36 __main__ INFO] - - epoch 87    c10h_train    : 0.5140 (acc: 0.9874) | c10h_val    : 0.7614 (acc: 0.8860)
[2018/09/25 11:28:36 __main__ INFO] - -            c10h_train_c10: 0.0031 (acc: 0.9956) | c10h_val_c10: 0.4462 (acc: 0.8860)
[2018/09/25 11:28:36 __main__ INFO] - -            v4            : 0.9527 (acc: 0.7744) |           v6: 0.9077 (acc: 0.7925)
[2018/09/25 11:28:36 __main__ INFO] - -            c10_50k       : 0.3956 (acc: 0.8998)
[2018/09/25 11:28:36 __main__ INFO] - Elapsed 18.83
keys:  dict_keys(['epoch', 'c10h_train_loss', 'c10h_train_acc', 'c10h_val_loss', 'c10h_val_acc', 'c10h_train_c10_loss', 'c10h_train_c10_acc', 'c10h_val_c10_loss', 'c10h_val_c10_acc', 'v4_loss', 'v4_acc', 'v6_loss', 'v6_acc', 'c10_50k_loss', 'c10_50k_acc']) 
 c10h_outdir:  /tigress/ruairidh/model_results/run_1/saves/vgg_15_BN_64/con_True_lr_0.1_seed_2
[2018/09/25 11:28:37 __main__ INFO] - Train 88
[2018/09/25 11:28:41 __main__ INFO] - TEST 88
[2018/09/25 11:29:00 __main__ INFO] - - epoch 88    c10h_train    : 0.5183 (acc: 0.9868) | c10h_val    : 0.7707 (acc: 0.8870)
[2018/09/25 11:29:00 __main__ INFO] - -            c10h_train_c10: 0.0039 (acc: 0.9949) | c10h_val_c10: 0.4560 (acc: 0.8890)
[2018/09/25 11:29:00 __main__ INFO] - -            v4            : 1.0067 (acc: 0.7714) |           v6: 0.9033 (acc: 0.7965)
[2018/09/25 11:29:00 __main__ INFO] - -            c10_50k       : 0.3931 (acc: 0.8993)
[2018/09/25 11:29:00 __main__ INFO] - Elapsed 18.74
keys:  dict_keys(['epoch', 'c10h_train_loss', 'c10h_train_acc', 'c10h_val_loss', 'c10h_val_acc', 'c10h_train_c10_loss', 'c10h_train_c10_acc', 'c10h_val_c10_loss', 'c10h_val_c10_acc', 'v4_loss', 'v4_acc', 'v6_loss', 'v6_acc', 'c10_50k_loss', 'c10_50k_acc']) 
 c10h_outdir:  /tigress/ruairidh/model_results/run_1/saves/vgg_15_BN_64/con_True_lr_0.1_seed_2
[2018/09/25 11:29:00 __main__ INFO] - Train 89
[2018/09/25 11:29:04 __main__ INFO] - TEST 89
[2018/09/25 11:29:22 __main__ INFO] - - epoch 89    c10h_train    : 0.5168 (acc: 0.9864) | c10h_val    : 0.7769 (acc: 0.8890)
[2018/09/25 11:29:22 __main__ INFO] - -            c10h_train_c10: 0.0035 (acc: 0.9946) | c10h_val_c10: 0.4640 (acc: 0.8890)
[2018/09/25 11:29:22 __main__ INFO] - -            v4            : 1.0026 (acc: 0.7749) |           v6: 0.9151 (acc: 0.7970)
[2018/09/25 11:29:22 __main__ INFO] - -            c10_50k       : 0.3895 (acc: 0.9013)
[2018/09/25 11:29:22 __main__ INFO] - Elapsed 18.81
keys:  dict_keys(['epoch', 'c10h_train_loss', 'c10h_train_acc', 'c10h_val_loss', 'c10h_val_acc', 'c10h_train_c10_loss', 'c10h_train_c10_acc', 'c10h_val_c10_loss', 'c10h_val_c10_acc', 'v4_loss', 'v4_acc', 'v6_loss', 'v6_acc', 'c10_50k_loss', 'c10_50k_acc']) 
 c10h_outdir:  /tigress/ruairidh/model_results/run_1/saves/vgg_15_BN_64/con_True_lr_0.1_seed_2
[2018/09/25 11:29:23 __main__ INFO] - Train 90
[2018/09/25 11:29:27 __main__ INFO] - TEST 90
[2018/09/25 11:29:46 __main__ INFO] - - epoch 90    c10h_train    : 0.5239 (acc: 0.9867) | c10h_val    : 0.7718 (acc: 0.8920)
[2018/09/25 11:29:46 __main__ INFO] - -            c10h_train_c10: 0.0030 (acc: 0.9948) | c10h_val_c10: 0.4550 (acc: 0.8920)
[2018/09/25 11:29:46 __main__ INFO] - -            v4            : 1.0345 (acc: 0.7615) |           v6: 0.9074 (acc: 0.7915)
[2018/09/25 11:29:46 __main__ INFO] - -            c10_50k       : 0.3913 (acc: 0.9000)
[2018/09/25 11:29:46 __main__ INFO] - Elapsed 18.70
keys:  dict_keys(['epoch', 'c10h_train_loss', 'c10h_train_acc', 'c10h_val_loss', 'c10h_val_acc', 'c10h_train_c10_loss', 'c10h_train_c10_acc', 'c10h_val_c10_loss', 'c10h_val_c10_acc', 'v4_loss', 'v4_acc', 'v6_loss', 'v6_acc', 'c10_50k_loss', 'c10_50k_acc']) 
 c10h_outdir:  /tigress/ruairidh/model_results/run_1/saves/vgg_15_BN_64/con_True_lr_0.1_seed_2
[2018/09/25 11:29:46 __main__ INFO] - Train 91
[2018/09/25 11:29:50 __main__ INFO] - TEST 91
[2018/09/25 11:30:09 __main__ INFO] - - epoch 91    c10h_train    : 0.5245 (acc: 0.9874) | c10h_val    : 0.7675 (acc: 0.8890)
[2018/09/25 11:30:09 __main__ INFO] - -            c10h_train_c10: 0.0019 (acc: 0.9956) | c10h_val_c10: 0.4520 (acc: 0.8890)
[2018/09/25 11:30:09 __main__ INFO] - -            v4            : 1.0289 (acc: 0.7655) |           v6: 0.9168 (acc: 0.7925)
[2018/09/25 11:30:09 __main__ INFO] - -            c10_50k       : 0.3866 (acc: 0.9020)
[2018/09/25 11:30:09 __main__ INFO] - Elapsed 18.89
keys:  dict_keys(['epoch', 'c10h_train_loss', 'c10h_train_acc', 'c10h_val_loss', 'c10h_val_acc', 'c10h_train_c10_loss', 'c10h_train_c10_acc', 'c10h_val_c10_loss', 'c10h_val_c10_acc', 'v4_loss', 'v4_acc', 'v6_loss', 'v6_acc', 'c10_50k_loss', 'c10_50k_acc']) 
 c10h_outdir:  /tigress/ruairidh/model_results/run_1/saves/vgg_15_BN_64/con_True_lr_0.1_seed_2
[2018/09/25 11:30:09 __main__ INFO] - Train 92
[2018/09/25 11:30:13 __main__ INFO] - TEST 92
[2018/09/25 11:30:32 __main__ INFO] - - epoch 92    c10h_train    : 0.5262 (acc: 0.9869) | c10h_val    : 0.7731 (acc: 0.8920)
[2018/09/25 11:30:32 __main__ INFO] - -            c10h_train_c10: 0.0024 (acc: 0.9950) | c10h_val_c10: 0.4547 (acc: 0.8920)
[2018/09/25 11:30:32 __main__ INFO] - -            v4            : 0.9851 (acc: 0.7768) |           v6: 0.9203 (acc: 0.7950)
[2018/09/25 11:30:32 __main__ INFO] - -            c10_50k       : 0.3895 (acc: 0.9023)
[2018/09/25 11:30:32 __main__ INFO] - Elapsed 18.86
keys:  dict_keys(['epoch', 'c10h_train_loss', 'c10h_train_acc', 'c10h_val_loss', 'c10h_val_acc', 'c10h_train_c10_loss', 'c10h_train_c10_acc', 'c10h_val_c10_loss', 'c10h_val_c10_acc', 'v4_loss', 'v4_acc', 'v6_loss', 'v6_acc', 'c10_50k_loss', 'c10_50k_acc']) 
 c10h_outdir:  /tigress/ruairidh/model_results/run_1/saves/vgg_15_BN_64/con_True_lr_0.1_seed_2
[2018/09/25 11:30:33 __main__ INFO] - Train 93
[2018/09/25 11:30:36 __main__ INFO] - TEST 93
[2018/09/25 11:30:55 __main__ INFO] - - epoch 93    c10h_train    : 0.5282 (acc: 0.9871) | c10h_val    : 0.7759 (acc: 0.8900)
[2018/09/25 11:30:55 __main__ INFO] - -            c10h_train_c10: 0.0020 (acc: 0.9951) | c10h_val_c10: 0.4582 (acc: 0.8900)
[2018/09/25 11:30:55 __main__ INFO] - -            v4            : 0.9847 (acc: 0.7768) |           v6: 0.9201 (acc: 0.7920)
[2018/09/25 11:30:55 __main__ INFO] - -            c10_50k       : 0.3953 (acc: 0.9008)
[2018/09/25 11:30:55 __main__ INFO] - Elapsed 18.81
keys:  dict_keys(['epoch', 'c10h_train_loss', 'c10h_train_acc', 'c10h_val_loss', 'c10h_val_acc', 'c10h_train_c10_loss', 'c10h_train_c10_acc', 'c10h_val_c10_loss', 'c10h_val_c10_acc', 'v4_loss', 'v4_acc', 'v6_loss', 'v6_acc', 'c10_50k_loss', 'c10_50k_acc']) 
 c10h_outdir:  /tigress/ruairidh/model_results/run_1/saves/vgg_15_BN_64/con_True_lr_0.1_seed_2
[2018/09/25 11:30:56 __main__ INFO] - Train 94
[2018/09/25 11:30:59 __main__ INFO] - TEST 94
[2018/09/25 11:31:18 __main__ INFO] - - epoch 94    c10h_train    : 0.5305 (acc: 0.9874) | c10h_val    : 0.7761 (acc: 0.8880)
[2018/09/25 11:31:18 __main__ INFO] - -            c10h_train_c10: 0.0017 (acc: 0.9954) | c10h_val_c10: 0.4580 (acc: 0.8880)
[2018/09/25 11:31:18 __main__ INFO] - -            v4            : 0.9949 (acc: 0.7773) |           v6: 0.9178 (acc: 0.7940)
[2018/09/25 11:31:18 __main__ INFO] - -            c10_50k       : 0.3871 (acc: 0.9017)
[2018/09/25 11:31:18 __main__ INFO] - Elapsed 18.81
keys:  dict_keys(['epoch', 'c10h_train_loss', 'c10h_train_acc', 'c10h_val_loss', 'c10h_val_acc', 'c10h_train_c10_loss', 'c10h_train_c10_acc', 'c10h_val_c10_loss', 'c10h_val_c10_acc', 'v4_loss', 'v4_acc', 'v6_loss', 'v6_acc', 'c10_50k_loss', 'c10_50k_acc']) 
 c10h_outdir:  /tigress/ruairidh/model_results/run_1/saves/vgg_15_BN_64/con_True_lr_0.1_seed_2
[2018/09/25 11:31:19 __main__ INFO] - Train 95
[2018/09/25 11:31:23 __main__ INFO] - TEST 95
[2018/09/25 11:31:42 __main__ INFO] - - epoch 95    c10h_train    : 0.5362 (acc: 0.9872) | c10h_val    : 0.7846 (acc: 0.8870)
[2018/09/25 11:31:42 __main__ INFO] - -            c10h_train_c10: 0.0019 (acc: 0.9953) | c10h_val_c10: 0.4632 (acc: 0.8870)
[2018/09/25 11:31:42 __main__ INFO] - -            v4            : 0.9959 (acc: 0.7660) |           v6: 0.9226 (acc: 0.7945)
[2018/09/25 11:31:42 __main__ INFO] - -            c10_50k       : 0.3946 (acc: 0.9008)
[2018/09/25 11:31:42 __main__ INFO] - Elapsed 18.95
keys:  dict_keys(['epoch', 'c10h_train_loss', 'c10h_train_acc', 'c10h_val_loss', 'c10h_val_acc', 'c10h_train_c10_loss', 'c10h_train_c10_acc', 'c10h_val_c10_loss', 'c10h_val_c10_acc', 'v4_loss', 'v4_acc', 'v6_loss', 'v6_acc', 'c10_50k_loss', 'c10_50k_acc']) 
 c10h_outdir:  /tigress/ruairidh/model_results/run_1/saves/vgg_15_BN_64/con_True_lr_0.1_seed_2
[2018/09/25 11:31:43 __main__ INFO] - Train 96
[2018/09/25 11:31:46 __main__ INFO] - TEST 96
[2018/09/25 11:32:05 __main__ INFO] - - epoch 96    c10h_train    : 0.5364 (acc: 0.9873) | c10h_val    : 0.7888 (acc: 0.8910)
[2018/09/25 11:32:05 __main__ INFO] - -            c10h_train_c10: 0.0015 (acc: 0.9954) | c10h_val_c10: 0.4652 (acc: 0.8910)
[2018/09/25 11:32:05 __main__ INFO] - -            v4            : 1.0369 (acc: 0.7694) |           v6: 0.9163 (acc: 0.7965)
[2018/09/25 11:32:05 __main__ INFO] - -            c10_50k       : 0.3871 (acc: 0.9036)
[2018/09/25 11:32:05 __main__ INFO] - Elapsed 18.82
keys:  dict_keys(['epoch', 'c10h_train_loss', 'c10h_train_acc', 'c10h_val_loss', 'c10h_val_acc', 'c10h_train_c10_loss', 'c10h_train_c10_acc', 'c10h_val_c10_loss', 'c10h_val_c10_acc', 'v4_loss', 'v4_acc', 'v6_loss', 'v6_acc', 'c10_50k_loss', 'c10_50k_acc']) 
 c10h_outdir:  /tigress/ruairidh/model_results/run_1/saves/vgg_15_BN_64/con_True_lr_0.1_seed_2
[2018/09/25 11:32:06 __main__ INFO] - Train 97
[2018/09/25 11:32:09 __main__ INFO] - TEST 97
[2018/09/25 11:32:28 __main__ INFO] - - epoch 97    c10h_train    : 0.5388 (acc: 0.9873) | c10h_val    : 0.7830 (acc: 0.8880)
[2018/09/25 11:32:28 __main__ INFO] - -            c10h_train_c10: 0.0020 (acc: 0.9952) | c10h_val_c10: 0.4568 (acc: 0.8880)
[2018/09/25 11:32:28 __main__ INFO] - -            v4            : 1.0191 (acc: 0.7759) |           v6: 0.9180 (acc: 0.7985)
[2018/09/25 11:32:28 __main__ INFO] - -            c10_50k       : 0.3882 (acc: 0.9038)
[2018/09/25 11:32:28 __main__ INFO] - Elapsed 18.81
keys:  dict_keys(['epoch', 'c10h_train_loss', 'c10h_train_acc', 'c10h_val_loss', 'c10h_val_acc', 'c10h_train_c10_loss', 'c10h_train_c10_acc', 'c10h_val_c10_loss', 'c10h_val_c10_acc', 'v4_loss', 'v4_acc', 'v6_loss', 'v6_acc', 'c10_50k_loss', 'c10_50k_acc']) 
 c10h_outdir:  /tigress/ruairidh/model_results/run_1/saves/vgg_15_BN_64/con_True_lr_0.1_seed_2
[2018/09/25 11:32:29 __main__ INFO] - Train 98
[2018/09/25 11:32:33 __main__ INFO] - TEST 98
[2018/09/25 11:32:51 __main__ INFO] - - epoch 98    c10h_train    : 0.5420 (acc: 0.9874) | c10h_val    : 0.7799 (acc: 0.8840)
[2018/09/25 11:32:52 __main__ INFO] - -            c10h_train_c10: 0.0012 (acc: 0.9956) | c10h_val_c10: 0.4544 (acc: 0.8840)
[2018/09/25 11:32:52 __main__ INFO] - -            v4            : 1.0150 (acc: 0.7734) |           v6: 0.9142 (acc: 0.7960)
[2018/09/25 11:32:52 __main__ INFO] - -            c10_50k       : 0.3928 (acc: 0.9021)
[2018/09/25 11:32:52 __main__ INFO] - Elapsed 18.76
keys:  dict_keys(['epoch', 'c10h_train_loss', 'c10h_train_acc', 'c10h_val_loss', 'c10h_val_acc', 'c10h_train_c10_loss', 'c10h_train_c10_acc', 'c10h_val_c10_loss', 'c10h_val_c10_acc', 'v4_loss', 'v4_acc', 'v6_loss', 'v6_acc', 'c10_50k_loss', 'c10_50k_acc']) 
 c10h_outdir:  /tigress/ruairidh/model_results/run_1/saves/vgg_15_BN_64/con_True_lr_0.1_seed_2
[2018/09/25 11:32:52 __main__ INFO] - Train 99
[2018/09/25 11:32:55 __main__ INFO] - TEST 99
[2018/09/25 11:33:14 __main__ INFO] - - epoch 99    c10h_train    : 0.5460 (acc: 0.9873) | c10h_val    : 0.7875 (acc: 0.8870)
[2018/09/25 11:33:14 __main__ INFO] - -            c10h_train_c10: 0.0016 (acc: 0.9954) | c10h_val_c10: 0.4593 (acc: 0.8870)
[2018/09/25 11:33:14 __main__ INFO] - -            v4            : 0.9767 (acc: 0.7783) |           v6: 0.9147 (acc: 0.7995)
[2018/09/25 11:33:14 __main__ INFO] - -            c10_50k       : 0.3907 (acc: 0.9027)
[2018/09/25 11:33:14 __main__ INFO] - Elapsed 18.81
keys:  dict_keys(['epoch', 'c10h_train_loss', 'c10h_train_acc', 'c10h_val_loss', 'c10h_val_acc', 'c10h_train_c10_loss', 'c10h_train_c10_acc', 'c10h_val_c10_loss', 'c10h_val_c10_acc', 'v4_loss', 'v4_acc', 'v6_loss', 'v6_acc', 'c10_50k_loss', 'c10_50k_acc']) 
 c10h_outdir:  /tigress/ruairidh/model_results/run_1/saves/vgg_15_BN_64/con_True_lr_0.1_seed_2
[2018/09/25 11:33:15 __main__ INFO] - Train 100
[2018/09/25 11:33:19 __main__ INFO] - TEST 100
[2018/09/25 11:33:38 __main__ INFO] - - epoch 100    c10h_train    : 0.5505 (acc: 0.9873) | c10h_val    : 0.7899 (acc: 0.8870)
[2018/09/25 11:33:38 __main__ INFO] - -            c10h_train_c10: 0.0016 (acc: 0.9954) | c10h_val_c10: 0.4588 (acc: 0.8870)
[2018/09/25 11:33:38 __main__ INFO] - -            v4            : 1.0107 (acc: 0.7763) |           v6: 0.9250 (acc: 0.8005)
[2018/09/25 11:33:38 __main__ INFO] - -            c10_50k       : 0.3849 (acc: 0.9055)
[2018/09/25 11:33:38 __main__ INFO] - Elapsed 18.89
keys:  dict_keys(['epoch', 'c10h_train_loss', 'c10h_train_acc', 'c10h_val_loss', 'c10h_val_acc', 'c10h_train_c10_loss', 'c10h_train_c10_acc', 'c10h_val_c10_loss', 'c10h_val_c10_acc', 'v4_loss', 'v4_acc', 'v6_loss', 'v6_acc', 'c10_50k_loss', 'c10_50k_acc']) 
 c10h_outdir:  /tigress/ruairidh/model_results/run_1/saves/vgg_15_BN_64/con_True_lr_0.1_seed_2
inner done
