entering inner script
activating virtual env
vgg_15_BN_64
identifier: con_True_lr_0.01_seed_1
--arch=vgg --c10h_save_interval=2 --dataset=CIFAR10H --no_output --c10h_datasplit_seed=1 --human_tune --nonhuman_control=True --base_lr=0.01
vgg_15_BN_64_control:True_lr:0.01_seed:1.out
entering python script
/tigress/ruairidh/model_results/run_1/vgg_15_BN_64/model_best_state.pth
/tigress/ruairidh/model_results/run_1/saves/vgg_15_BN_64/con_True_lr_0.01_seed_1
Using TensorFlow backend.
[2018/09/25 10:54:34 __main__ INFO] - {
  "model_config": {
    "arch": "vgg",
    "input_shape": [
      1,
      3,
      32,
      32
    ],
    "n_classes": 10,
    "n_channels": [
      64,
      128,
      256,
      512,
      512
    ],
    "n_layers": [
      2,
      2,
      3,
      3,
      3
    ],
    "use_bn": true
  },
  "optim_config": {
    "epochs": 160,
    "batch_size": 128,
    "optimizer": "sgd",
    "base_lr": 0.01,
    "weight_decay": 0.0001,
    "momentum": 0.9,
    "nesterov": true,
    "scheduler": "multistep",
    "milestones": [
      80,
      120
    ],
    "lr_decay": 0.1
  },
  "data_config": {
    "dataset": "CIFAR10H",
    "n_classes": 10,
    "num_workers": 7,
    "batch_size": 128,
    "use_cutout": false,
    "use_random_erasing": false,
    "use_mixup": false,
    "c10h_sample": false,
    "c10h_testsplit_percent": 0.1,
    "c10h_datasplit_seed": 1,
    "use_gpu": true
  },
  "run_config": {
    "seed": 17,
    "test_first": true,
    "gpu": "0",
    "tensorboard": false,
    "tensorboard_train_images": false,
    "tensorboard_test_images": false,
    "tensorboard_model_params": false,
    "resume": "/tigress/ruairidh/model_results/run_1/vgg_15_BN_64/model_best_state.pth",
    "human_tune": true,
    "no_output": true,
    "test_only": false,
    "nonhuman_control": true,
    "c10h_scores_outdir": "/tigress/ruairidh/model_results/run_1/saves/vgg_15_BN_64/con_True_lr_0.01_seed_1",
    "c10h_save_interval": "2",
    "use_gpu": true
  },
  "env_info": {
    "pytorch_version": "0.4.1",
    "cuda_version": "9.0.176",
    "cudnn_version": 7102,
    "gpu0": {
      "name": "Tesla P100-PCIE-16GB",
      "capability": "6.0"
    }
  }
}
Files already downloaded and verified
Files already downloaded and verified
Files already downloaded and verified
Files already downloaded and verified
Files already downloaded and verified
[2018/09/25 10:54:38 __main__ INFO] - Loading model...
[2018/09/25 10:54:38 __main__ INFO] - n_params: 14728266
[2018/09/25 10:54:40 __main__ INFO] - Done
=> loading checkpoint '/tigress/ruairidh/model_results/run_1/vgg_15_BN_64/model_best_state.pth'
=> loaded checkpoint '/tigress/ruairidh/model_results/run_1/vgg_15_BN_64/model_best_state.pth' (epoch 146)
[2018/09/25 10:54:40 __main__ INFO] - TEST 0
[2018/09/25 10:55:03 __main__ INFO] - - epoch 0    c10h_train    : 0.7950 (acc: 0.9196) | c10h_val    : 0.7764 (acc: 0.9450)
[2018/09/25 10:55:03 __main__ INFO] - -            c10h_train_c10: 0.3693 (acc: 0.9201) | c10h_val_c10: 0.2977 (acc: 0.9470)
[2018/09/25 10:55:03 __main__ INFO] - -            v4            : 0.8380 (acc: 0.8342) |           v6: 0.7882 (acc: 0.8535)
[2018/09/25 10:55:03 __main__ INFO] - -            c10_50k       : 0.0021 (acc: 0.9996)
[2018/09/25 10:55:03 __main__ INFO] - Elapsed 23.18
keys:  dict_keys(['epoch', 'c10h_train_loss', 'c10h_train_acc', 'c10h_val_loss', 'c10h_val_acc', 'c10h_train_c10_loss', 'c10h_train_c10_acc', 'c10h_val_c10_loss', 'c10h_val_c10_acc', 'v4_loss', 'v4_acc', 'v6_loss', 'v6_acc', 'c10_50k_loss', 'c10_50k_acc']) 
 c10h_outdir:  /tigress/ruairidh/model_results/run_1/saves/vgg_15_BN_64/con_True_lr_0.01_seed_1
[2018/09/25 10:55:04 __main__ INFO] - Train 1
[2018/09/25 10:55:09 __main__ INFO] - TEST 1
[2018/09/25 10:55:30 __main__ INFO] - - epoch 1    c10h_train    : 0.6161 (acc: 0.9213) | c10h_val    : 0.6523 (acc: 0.9190)
[2018/09/25 10:55:30 __main__ INFO] - -            c10h_train_c10: 0.2613 (acc: 0.9233) | c10h_val_c10: 0.2872 (acc: 0.9210)
[2018/09/25 10:55:30 __main__ INFO] - -            v4            : 0.7645 (acc: 0.8229) |           v6: 0.7076 (acc: 0.8395)
[2018/09/25 10:55:30 __main__ INFO] - -            c10_50k       : 0.0285 (acc: 0.9905)
[2018/09/25 10:55:30 __main__ INFO] - Elapsed 21.43
keys:  dict_keys(['epoch', 'c10h_train_loss', 'c10h_train_acc', 'c10h_val_loss', 'c10h_val_acc', 'c10h_train_c10_loss', 'c10h_train_c10_acc', 'c10h_val_c10_loss', 'c10h_val_c10_acc', 'v4_loss', 'v4_acc', 'v6_loss', 'v6_acc', 'c10_50k_loss', 'c10_50k_acc']) 
 c10h_outdir:  /tigress/ruairidh/model_results/run_1/saves/vgg_15_BN_64/con_True_lr_0.01_seed_1
[2018/09/25 10:55:31 __main__ INFO] - Train 2
[2018/09/25 10:55:35 __main__ INFO] - TEST 2
[2018/09/25 10:55:56 __main__ INFO] - - epoch 2    c10h_train    : 0.4976 (acc: 0.9400) | c10h_val    : 0.5751 (acc: 0.9260)
[2018/09/25 10:55:56 __main__ INFO] - -            c10h_train_c10: 0.1755 (acc: 0.9439) | c10h_val_c10: 0.2562 (acc: 0.9280)
[2018/09/25 10:55:56 __main__ INFO] - -            v4            : 0.6782 (acc: 0.8298) |           v6: 0.6220 (acc: 0.8425)
[2018/09/25 10:55:56 __main__ INFO] - -            c10_50k       : 0.0341 (acc: 0.9904)
[2018/09/25 10:55:56 __main__ INFO] - Elapsed 21.29
keys:  dict_keys(['epoch', 'c10h_train_loss', 'c10h_train_acc', 'c10h_val_loss', 'c10h_val_acc', 'c10h_train_c10_loss', 'c10h_train_c10_acc', 'c10h_val_c10_loss', 'c10h_val_c10_acc', 'v4_loss', 'v4_acc', 'v6_loss', 'v6_acc', 'c10_50k_loss', 'c10_50k_acc']) 
 c10h_outdir:  /tigress/ruairidh/model_results/run_1/saves/vgg_15_BN_64/con_True_lr_0.01_seed_1
[2018/09/25 10:55:57 __main__ INFO] - Train 3
[2018/09/25 10:56:01 __main__ INFO] - TEST 3
[2018/09/25 10:56:22 __main__ INFO] - - epoch 3    c10h_train    : 0.4368 (acc: 0.9481) | c10h_val    : 0.5156 (acc: 0.9270)
[2018/09/25 10:56:22 __main__ INFO] - -            c10h_train_c10: 0.1349 (acc: 0.9522) | c10h_val_c10: 0.2266 (acc: 0.9290)
[2018/09/25 10:56:22 __main__ INFO] - -            v4            : 0.6614 (acc: 0.8214) |           v6: 0.5811 (acc: 0.8395)
[2018/09/25 10:56:22 __main__ INFO] - -            c10_50k       : 0.0335 (acc: 0.9912)
[2018/09/25 10:56:22 __main__ INFO] - Elapsed 21.30
keys:  dict_keys(['epoch', 'c10h_train_loss', 'c10h_train_acc', 'c10h_val_loss', 'c10h_val_acc', 'c10h_train_c10_loss', 'c10h_train_c10_acc', 'c10h_val_c10_loss', 'c10h_val_c10_acc', 'v4_loss', 'v4_acc', 'v6_loss', 'v6_acc', 'c10_50k_loss', 'c10_50k_acc']) 
 c10h_outdir:  /tigress/ruairidh/model_results/run_1/saves/vgg_15_BN_64/con_True_lr_0.01_seed_1
[2018/09/25 10:56:23 __main__ INFO] - Train 4
[2018/09/25 10:56:27 __main__ INFO] - TEST 4
[2018/09/25 10:56:48 __main__ INFO] - - epoch 4    c10h_train    : 0.4183 (acc: 0.9524) | c10h_val    : 0.5030 (acc: 0.9290)
[2018/09/25 10:56:49 __main__ INFO] - -            c10h_train_c10: 0.1134 (acc: 0.9572) | c10h_val_c10: 0.2143 (acc: 0.9310)
[2018/09/25 10:56:49 __main__ INFO] - -            v4            : 0.6588 (acc: 0.8214) |           v6: 0.5808 (acc: 0.8420)
[2018/09/25 10:56:49 __main__ INFO] - -            c10_50k       : 0.0326 (acc: 0.9909)
[2018/09/25 10:56:49 __main__ INFO] - Elapsed 21.39
keys:  dict_keys(['epoch', 'c10h_train_loss', 'c10h_train_acc', 'c10h_val_loss', 'c10h_val_acc', 'c10h_train_c10_loss', 'c10h_train_c10_acc', 'c10h_val_c10_loss', 'c10h_val_c10_acc', 'v4_loss', 'v4_acc', 'v6_loss', 'v6_acc', 'c10_50k_loss', 'c10_50k_acc']) 
 c10h_outdir:  /tigress/ruairidh/model_results/run_1/saves/vgg_15_BN_64/con_True_lr_0.01_seed_1
[2018/09/25 10:56:49 __main__ INFO] - Train 5
[2018/09/25 10:56:53 __main__ INFO] - TEST 5
[2018/09/25 10:57:14 __main__ INFO] - - epoch 5    c10h_train    : 0.4090 (acc: 0.9568) | c10h_val    : 0.5143 (acc: 0.9300)
[2018/09/25 10:57:14 __main__ INFO] - -            c10h_train_c10: 0.1003 (acc: 0.9622) | c10h_val_c10: 0.2266 (acc: 0.9320)
[2018/09/25 10:57:14 __main__ INFO] - -            v4            : 0.6531 (acc: 0.8179) |           v6: 0.5845 (acc: 0.8380)
[2018/09/25 10:57:14 __main__ INFO] - -            c10_50k       : 0.0362 (acc: 0.9892)
[2018/09/25 10:57:14 __main__ INFO] - Elapsed 21.33
keys:  dict_keys(['epoch', 'c10h_train_loss', 'c10h_train_acc', 'c10h_val_loss', 'c10h_val_acc', 'c10h_train_c10_loss', 'c10h_train_c10_acc', 'c10h_val_c10_loss', 'c10h_val_c10_acc', 'v4_loss', 'v4_acc', 'v6_loss', 'v6_acc', 'c10_50k_loss', 'c10_50k_acc']) 
 c10h_outdir:  /tigress/ruairidh/model_results/run_1/saves/vgg_15_BN_64/con_True_lr_0.01_seed_1
[2018/09/25 10:57:15 __main__ INFO] - Train 6
[2018/09/25 10:57:19 __main__ INFO] - TEST 6
[2018/09/25 10:57:40 __main__ INFO] - - epoch 6    c10h_train    : 0.4015 (acc: 0.9632) | c10h_val    : 0.5160 (acc: 0.9310)
[2018/09/25 10:57:40 __main__ INFO] - -            c10h_train_c10: 0.0860 (acc: 0.9688) | c10h_val_c10: 0.2263 (acc: 0.9330)
[2018/09/25 10:57:40 __main__ INFO] - -            v4            : 0.6442 (acc: 0.8184) |           v6: 0.5783 (acc: 0.8430)
[2018/09/25 10:57:40 __main__ INFO] - -            c10_50k       : 0.0341 (acc: 0.9903)
[2018/09/25 10:57:40 __main__ INFO] - Elapsed 21.39
keys:  dict_keys(['epoch', 'c10h_train_loss', 'c10h_train_acc', 'c10h_val_loss', 'c10h_val_acc', 'c10h_train_c10_loss', 'c10h_train_c10_acc', 'c10h_val_c10_loss', 'c10h_val_c10_acc', 'v4_loss', 'v4_acc', 'v6_loss', 'v6_acc', 'c10_50k_loss', 'c10_50k_acc']) 
 c10h_outdir:  /tigress/ruairidh/model_results/run_1/saves/vgg_15_BN_64/con_True_lr_0.01_seed_1
[2018/09/25 10:57:41 __main__ INFO] - Train 7
[2018/09/25 10:57:45 __main__ INFO] - TEST 7
[2018/09/25 10:58:07 __main__ INFO] - - epoch 7    c10h_train    : 0.4034 (acc: 0.9661) | c10h_val    : 0.5298 (acc: 0.9300)
[2018/09/25 10:58:07 __main__ INFO] - -            c10h_train_c10: 0.0757 (acc: 0.9717) | c10h_val_c10: 0.2366 (acc: 0.9320)
[2018/09/25 10:58:07 __main__ INFO] - -            v4            : 0.6508 (acc: 0.8288) |           v6: 0.6027 (acc: 0.8410)
[2018/09/25 10:58:07 __main__ INFO] - -            c10_50k       : 0.0358 (acc: 0.9887)
[2018/09/25 10:58:07 __main__ INFO] - Elapsed 21.31
keys:  dict_keys(['epoch', 'c10h_train_loss', 'c10h_train_acc', 'c10h_val_loss', 'c10h_val_acc', 'c10h_train_c10_loss', 'c10h_train_c10_acc', 'c10h_val_c10_loss', 'c10h_val_c10_acc', 'v4_loss', 'v4_acc', 'v6_loss', 'v6_acc', 'c10_50k_loss', 'c10_50k_acc']) 
 c10h_outdir:  /tigress/ruairidh/model_results/run_1/saves/vgg_15_BN_64/con_True_lr_0.01_seed_1
[2018/09/25 10:58:07 __main__ INFO] - Train 8
[2018/09/25 10:58:11 __main__ INFO] - TEST 8
[2018/09/25 10:58:32 __main__ INFO] - - epoch 8    c10h_train    : 0.3990 (acc: 0.9670) | c10h_val    : 0.5211 (acc: 0.9340)
[2018/09/25 10:58:33 __main__ INFO] - -            c10h_train_c10: 0.0682 (acc: 0.9727) | c10h_val_c10: 0.2303 (acc: 0.9360)
[2018/09/25 10:58:33 __main__ INFO] - -            v4            : 0.6620 (acc: 0.8179) |           v6: 0.6054 (acc: 0.8385)
[2018/09/25 10:58:33 __main__ INFO] - -            c10_50k       : 0.0356 (acc: 0.9890)
[2018/09/25 10:58:33 __main__ INFO] - Elapsed 21.43
keys:  dict_keys(['epoch', 'c10h_train_loss', 'c10h_train_acc', 'c10h_val_loss', 'c10h_val_acc', 'c10h_train_c10_loss', 'c10h_train_c10_acc', 'c10h_val_c10_loss', 'c10h_val_c10_acc', 'v4_loss', 'v4_acc', 'v6_loss', 'v6_acc', 'c10_50k_loss', 'c10_50k_acc']) 
 c10h_outdir:  /tigress/ruairidh/model_results/run_1/saves/vgg_15_BN_64/con_True_lr_0.01_seed_1
[2018/09/25 10:58:33 __main__ INFO] - Train 9
[2018/09/25 10:58:37 __main__ INFO] - TEST 9
[2018/09/25 10:58:58 __main__ INFO] - - epoch 9    c10h_train    : 0.4054 (acc: 0.9699) | c10h_val    : 0.5469 (acc: 0.9300)
[2018/09/25 10:58:58 __main__ INFO] - -            c10h_train_c10: 0.0625 (acc: 0.9759) | c10h_val_c10: 0.2435 (acc: 0.9320)
[2018/09/25 10:58:58 __main__ INFO] - -            v4            : 0.7005 (acc: 0.8179) |           v6: 0.6261 (acc: 0.8385)
[2018/09/25 10:58:58 __main__ INFO] - -            c10_50k       : 0.0383 (acc: 0.9874)
[2018/09/25 10:58:58 __main__ INFO] - Elapsed 21.37
keys:  dict_keys(['epoch', 'c10h_train_loss', 'c10h_train_acc', 'c10h_val_loss', 'c10h_val_acc', 'c10h_train_c10_loss', 'c10h_train_c10_acc', 'c10h_val_c10_loss', 'c10h_val_c10_acc', 'v4_loss', 'v4_acc', 'v6_loss', 'v6_acc', 'c10_50k_loss', 'c10_50k_acc']) 
 c10h_outdir:  /tigress/ruairidh/model_results/run_1/saves/vgg_15_BN_64/con_True_lr_0.01_seed_1
[2018/09/25 10:58:59 __main__ INFO] - Train 10
[2018/09/25 10:59:03 __main__ INFO] - TEST 10
[2018/09/25 10:59:25 __main__ INFO] - - epoch 10    c10h_train    : 0.4107 (acc: 0.9729) | c10h_val    : 0.5681 (acc: 0.9240)
[2018/09/25 10:59:25 __main__ INFO] - -            c10h_train_c10: 0.0540 (acc: 0.9788) | c10h_val_c10: 0.2598 (acc: 0.9230)
[2018/09/25 10:59:25 __main__ INFO] - -            v4            : 0.6862 (acc: 0.8204) |           v6: 0.6317 (acc: 0.8340)
[2018/09/25 10:59:25 __main__ INFO] - -            c10_50k       : 0.0375 (acc: 0.9873)
[2018/09/25 10:59:25 __main__ INFO] - Elapsed 21.57
keys:  dict_keys(['epoch', 'c10h_train_loss', 'c10h_train_acc', 'c10h_val_loss', 'c10h_val_acc', 'c10h_train_c10_loss', 'c10h_train_c10_acc', 'c10h_val_c10_loss', 'c10h_val_c10_acc', 'v4_loss', 'v4_acc', 'v6_loss', 'v6_acc', 'c10_50k_loss', 'c10_50k_acc']) 
 c10h_outdir:  /tigress/ruairidh/model_results/run_1/saves/vgg_15_BN_64/con_True_lr_0.01_seed_1
[2018/09/25 10:59:25 __main__ INFO] - Train 11
[2018/09/25 10:59:29 __main__ INFO] - TEST 11
[2018/09/25 10:59:51 __main__ INFO] - - epoch 11    c10h_train    : 0.4165 (acc: 0.9743) | c10h_val    : 0.5534 (acc: 0.9280)
[2018/09/25 10:59:51 __main__ INFO] - -            c10h_train_c10: 0.0503 (acc: 0.9804) | c10h_val_c10: 0.2467 (acc: 0.9270)
[2018/09/25 10:59:51 __main__ INFO] - -            v4            : 0.6828 (acc: 0.8229) |           v6: 0.6130 (acc: 0.8405)
[2018/09/25 10:59:51 __main__ INFO] - -            c10_50k       : 0.0365 (acc: 0.9879)
[2018/09/25 10:59:51 __main__ INFO] - Elapsed 21.41
keys:  dict_keys(['epoch', 'c10h_train_loss', 'c10h_train_acc', 'c10h_val_loss', 'c10h_val_acc', 'c10h_train_c10_loss', 'c10h_train_c10_acc', 'c10h_val_c10_loss', 'c10h_val_c10_acc', 'v4_loss', 'v4_acc', 'v6_loss', 'v6_acc', 'c10_50k_loss', 'c10_50k_acc']) 
 c10h_outdir:  /tigress/ruairidh/model_results/run_1/saves/vgg_15_BN_64/con_True_lr_0.01_seed_1
[2018/09/25 10:59:51 __main__ INFO] - Train 12
[2018/09/25 10:59:55 __main__ INFO] - TEST 12
[2018/09/25 11:00:17 __main__ INFO] - - epoch 12    c10h_train    : 0.4200 (acc: 0.9734) | c10h_val    : 0.5718 (acc: 0.9260)
[2018/09/25 11:00:17 __main__ INFO] - -            c10h_train_c10: 0.0475 (acc: 0.9793) | c10h_val_c10: 0.2592 (acc: 0.9260)
[2018/09/25 11:00:17 __main__ INFO] - -            v4            : 0.7189 (acc: 0.8263) |           v6: 0.6365 (acc: 0.8455)
[2018/09/25 11:00:17 __main__ INFO] - -            c10_50k       : 0.0379 (acc: 0.9872)
[2018/09/25 11:00:17 __main__ INFO] - Elapsed 21.47
keys:  dict_keys(['epoch', 'c10h_train_loss', 'c10h_train_acc', 'c10h_val_loss', 'c10h_val_acc', 'c10h_train_c10_loss', 'c10h_train_c10_acc', 'c10h_val_c10_loss', 'c10h_val_c10_acc', 'v4_loss', 'v4_acc', 'v6_loss', 'v6_acc', 'c10_50k_loss', 'c10_50k_acc']) 
 c10h_outdir:  /tigress/ruairidh/model_results/run_1/saves/vgg_15_BN_64/con_True_lr_0.01_seed_1
[2018/09/25 11:00:18 __main__ INFO] - Train 13
[2018/09/25 11:00:22 __main__ INFO] - TEST 13
[2018/09/25 11:00:43 __main__ INFO] - - epoch 13    c10h_train    : 0.4265 (acc: 0.9778) | c10h_val    : 0.5973 (acc: 0.9280)
[2018/09/25 11:00:43 __main__ INFO] - -            c10h_train_c10: 0.0409 (acc: 0.9843) | c10h_val_c10: 0.2791 (acc: 0.9260)
[2018/09/25 11:00:43 __main__ INFO] - -            v4            : 0.7037 (acc: 0.8189) |           v6: 0.6282 (acc: 0.8415)
[2018/09/25 11:00:43 __main__ INFO] - -            c10_50k       : 0.0399 (acc: 0.9865)
[2018/09/25 11:00:43 __main__ INFO] - Elapsed 21.50
keys:  dict_keys(['epoch', 'c10h_train_loss', 'c10h_train_acc', 'c10h_val_loss', 'c10h_val_acc', 'c10h_train_c10_loss', 'c10h_train_c10_acc', 'c10h_val_c10_loss', 'c10h_val_c10_acc', 'v4_loss', 'v4_acc', 'v6_loss', 'v6_acc', 'c10_50k_loss', 'c10_50k_acc']) 
 c10h_outdir:  /tigress/ruairidh/model_results/run_1/saves/vgg_15_BN_64/con_True_lr_0.01_seed_1
[2018/09/25 11:00:44 __main__ INFO] - Train 14
[2018/09/25 11:00:48 __main__ INFO] - TEST 14
[2018/09/25 11:01:10 __main__ INFO] - - epoch 14    c10h_train    : 0.4271 (acc: 0.9780) | c10h_val    : 0.5964 (acc: 0.9290)
[2018/09/25 11:01:10 __main__ INFO] - -            c10h_train_c10: 0.0362 (acc: 0.9850) | c10h_val_c10: 0.2639 (acc: 0.9300)
[2018/09/25 11:01:10 __main__ INFO] - -            v4            : 0.7149 (acc: 0.8318) |           v6: 0.6489 (acc: 0.8425)
[2018/09/25 11:01:10 __main__ INFO] - -            c10_50k       : 0.0383 (acc: 0.9868)
[2018/09/25 11:01:10 __main__ INFO] - Elapsed 21.39
keys:  dict_keys(['epoch', 'c10h_train_loss', 'c10h_train_acc', 'c10h_val_loss', 'c10h_val_acc', 'c10h_train_c10_loss', 'c10h_train_c10_acc', 'c10h_val_c10_loss', 'c10h_val_c10_acc', 'v4_loss', 'v4_acc', 'v6_loss', 'v6_acc', 'c10_50k_loss', 'c10_50k_acc']) 
 c10h_outdir:  /tigress/ruairidh/model_results/run_1/saves/vgg_15_BN_64/con_True_lr_0.01_seed_1
[2018/09/25 11:01:10 __main__ INFO] - Train 15
[2018/09/25 11:01:14 __main__ INFO] - TEST 15
[2018/09/25 11:01:36 __main__ INFO] - - epoch 15    c10h_train    : 0.4279 (acc: 0.9792) | c10h_val    : 0.6039 (acc: 0.9210)
[2018/09/25 11:01:36 __main__ INFO] - -            c10h_train_c10: 0.0318 (acc: 0.9863) | c10h_val_c10: 0.2733 (acc: 0.9210)
[2018/09/25 11:01:36 __main__ INFO] - -            v4            : 0.6938 (acc: 0.8268) |           v6: 0.6421 (acc: 0.8480)
[2018/09/25 11:01:36 __main__ INFO] - -            c10_50k       : 0.0356 (acc: 0.9881)
[2018/09/25 11:01:36 __main__ INFO] - Elapsed 21.50
keys:  dict_keys(['epoch', 'c10h_train_loss', 'c10h_train_acc', 'c10h_val_loss', 'c10h_val_acc', 'c10h_train_c10_loss', 'c10h_train_c10_acc', 'c10h_val_c10_loss', 'c10h_val_c10_acc', 'v4_loss', 'v4_acc', 'v6_loss', 'v6_acc', 'c10_50k_loss', 'c10_50k_acc']) 
 c10h_outdir:  /tigress/ruairidh/model_results/run_1/saves/vgg_15_BN_64/con_True_lr_0.01_seed_1
[2018/09/25 11:01:37 __main__ INFO] - Train 16
[2018/09/25 11:01:41 __main__ INFO] - TEST 16
[2018/09/25 11:02:02 __main__ INFO] - - epoch 16    c10h_train    : 0.4368 (acc: 0.9806) | c10h_val    : 0.6205 (acc: 0.9270)
[2018/09/25 11:02:02 __main__ INFO] - -            c10h_train_c10: 0.0270 (acc: 0.9876) | c10h_val_c10: 0.2850 (acc: 0.9260)
[2018/09/25 11:02:02 __main__ INFO] - -            v4            : 0.7169 (acc: 0.8273) |           v6: 0.6600 (acc: 0.8410)
[2018/09/25 11:02:02 __main__ INFO] - -            c10_50k       : 0.0383 (acc: 0.9865)
[2018/09/25 11:02:02 __main__ INFO] - Elapsed 21.34
keys:  dict_keys(['epoch', 'c10h_train_loss', 'c10h_train_acc', 'c10h_val_loss', 'c10h_val_acc', 'c10h_train_c10_loss', 'c10h_train_c10_acc', 'c10h_val_c10_loss', 'c10h_val_c10_acc', 'v4_loss', 'v4_acc', 'v6_loss', 'v6_acc', 'c10_50k_loss', 'c10_50k_acc']) 
 c10h_outdir:  /tigress/ruairidh/model_results/run_1/saves/vgg_15_BN_64/con_True_lr_0.01_seed_1
[2018/09/25 11:02:03 __main__ INFO] - Train 17
[2018/09/25 11:02:07 __main__ INFO] - TEST 17
[2018/09/25 11:02:29 __main__ INFO] - - epoch 17    c10h_train    : 0.4479 (acc: 0.9786) | c10h_val    : 0.6136 (acc: 0.9250)
[2018/09/25 11:02:29 __main__ INFO] - -            c10h_train_c10: 0.0331 (acc: 0.9851) | c10h_val_c10: 0.2811 (acc: 0.9260)
[2018/09/25 11:02:29 __main__ INFO] - -            v4            : 0.7909 (acc: 0.8115) |           v6: 0.6900 (acc: 0.8400)
[2018/09/25 11:02:29 __main__ INFO] - -            c10_50k       : 0.0392 (acc: 0.9867)
[2018/09/25 11:02:29 __main__ INFO] - Elapsed 21.48
keys:  dict_keys(['epoch', 'c10h_train_loss', 'c10h_train_acc', 'c10h_val_loss', 'c10h_val_acc', 'c10h_train_c10_loss', 'c10h_train_c10_acc', 'c10h_val_c10_loss', 'c10h_val_c10_acc', 'v4_loss', 'v4_acc', 'v6_loss', 'v6_acc', 'c10_50k_loss', 'c10_50k_acc']) 
 c10h_outdir:  /tigress/ruairidh/model_results/run_1/saves/vgg_15_BN_64/con_True_lr_0.01_seed_1
[2018/09/25 11:02:30 __main__ INFO] - Train 18
[2018/09/25 11:02:34 __main__ INFO] - TEST 18
[2018/09/25 11:02:55 __main__ INFO] - - epoch 18    c10h_train    : 0.4542 (acc: 0.9806) | c10h_val    : 0.6356 (acc: 0.9260)
[2018/09/25 11:02:55 __main__ INFO] - -            c10h_train_c10: 0.0263 (acc: 0.9874) | c10h_val_c10: 0.2857 (acc: 0.9260)
[2018/09/25 11:02:55 __main__ INFO] - -            v4            : 0.7657 (acc: 0.8209) |           v6: 0.6867 (acc: 0.8420)
[2018/09/25 11:02:55 __main__ INFO] - -            c10_50k       : 0.0387 (acc: 0.9862)
[2018/09/25 11:02:55 __main__ INFO] - Elapsed 21.40
keys:  dict_keys(['epoch', 'c10h_train_loss', 'c10h_train_acc', 'c10h_val_loss', 'c10h_val_acc', 'c10h_train_c10_loss', 'c10h_train_c10_acc', 'c10h_val_c10_loss', 'c10h_val_c10_acc', 'v4_loss', 'v4_acc', 'v6_loss', 'v6_acc', 'c10_50k_loss', 'c10_50k_acc']) 
 c10h_outdir:  /tigress/ruairidh/model_results/run_1/saves/vgg_15_BN_64/con_True_lr_0.01_seed_1
[2018/09/25 11:02:56 __main__ INFO] - Train 19
[2018/09/25 11:03:00 __main__ INFO] - TEST 19
[2018/09/25 11:03:21 __main__ INFO] - - epoch 19    c10h_train    : 0.4582 (acc: 0.9813) | c10h_val    : 0.6397 (acc: 0.9230)
[2018/09/25 11:03:21 __main__ INFO] - -            c10h_train_c10: 0.0250 (acc: 0.9887) | c10h_val_c10: 0.2891 (acc: 0.9230)
[2018/09/25 11:03:21 __main__ INFO] - -            v4            : 0.7437 (acc: 0.8328) |           v6: 0.6805 (acc: 0.8420)
[2018/09/25 11:03:21 __main__ INFO] - -            c10_50k       : 0.0398 (acc: 0.9864)
[2018/09/25 11:03:21 __main__ INFO] - Elapsed 21.37
keys:  dict_keys(['epoch', 'c10h_train_loss', 'c10h_train_acc', 'c10h_val_loss', 'c10h_val_acc', 'c10h_train_c10_loss', 'c10h_train_c10_acc', 'c10h_val_c10_loss', 'c10h_val_c10_acc', 'v4_loss', 'v4_acc', 'v6_loss', 'v6_acc', 'c10_50k_loss', 'c10_50k_acc']) 
 c10h_outdir:  /tigress/ruairidh/model_results/run_1/saves/vgg_15_BN_64/con_True_lr_0.01_seed_1
[2018/09/25 11:03:22 __main__ INFO] - Train 20
[2018/09/25 11:03:26 __main__ INFO] - TEST 20
[2018/09/25 11:03:48 __main__ INFO] - - epoch 20    c10h_train    : 0.4611 (acc: 0.9824) | c10h_val    : 0.6385 (acc: 0.9260)
[2018/09/25 11:03:48 __main__ INFO] - -            c10h_train_c10: 0.0205 (acc: 0.9902) | c10h_val_c10: 0.2820 (acc: 0.9280)
[2018/09/25 11:03:48 __main__ INFO] - -            v4            : 0.8235 (acc: 0.8224) |           v6: 0.6843 (acc: 0.8440)
[2018/09/25 11:03:48 __main__ INFO] - -            c10_50k       : 0.0392 (acc: 0.9859)
[2018/09/25 11:03:48 __main__ INFO] - Elapsed 21.45
keys:  dict_keys(['epoch', 'c10h_train_loss', 'c10h_train_acc', 'c10h_val_loss', 'c10h_val_acc', 'c10h_train_c10_loss', 'c10h_train_c10_acc', 'c10h_val_c10_loss', 'c10h_val_c10_acc', 'v4_loss', 'v4_acc', 'v6_loss', 'v6_acc', 'c10_50k_loss', 'c10_50k_acc']) 
 c10h_outdir:  /tigress/ruairidh/model_results/run_1/saves/vgg_15_BN_64/con_True_lr_0.01_seed_1
[2018/09/25 11:03:48 __main__ INFO] - Train 21
[2018/09/25 11:03:52 __main__ INFO] - TEST 21
[2018/09/25 11:04:14 __main__ INFO] - - epoch 21    c10h_train    : 0.4726 (acc: 0.9832) | c10h_val    : 0.6586 (acc: 0.9250)
[2018/09/25 11:04:14 __main__ INFO] - -            c10h_train_c10: 0.0209 (acc: 0.9901) | c10h_val_c10: 0.2921 (acc: 0.9270)
[2018/09/25 11:04:14 __main__ INFO] - -            v4            : 0.7751 (acc: 0.8209) |           v6: 0.6879 (acc: 0.8465)
[2018/09/25 11:04:14 __main__ INFO] - -            c10_50k       : 0.0420 (acc: 0.9855)
[2018/09/25 11:04:14 __main__ INFO] - Elapsed 21.45
keys:  dict_keys(['epoch', 'c10h_train_loss', 'c10h_train_acc', 'c10h_val_loss', 'c10h_val_acc', 'c10h_train_c10_loss', 'c10h_train_c10_acc', 'c10h_val_c10_loss', 'c10h_val_c10_acc', 'v4_loss', 'v4_acc', 'v6_loss', 'v6_acc', 'c10_50k_loss', 'c10_50k_acc']) 
 c10h_outdir:  /tigress/ruairidh/model_results/run_1/saves/vgg_15_BN_64/con_True_lr_0.01_seed_1
[2018/09/25 11:04:15 __main__ INFO] - Train 22
[2018/09/25 11:04:19 __main__ INFO] - TEST 22
[2018/09/25 11:04:40 __main__ INFO] - - epoch 22    c10h_train    : 0.4716 (acc: 0.9812) | c10h_val    : 0.6471 (acc: 0.9220)
[2018/09/25 11:04:40 __main__ INFO] - -            c10h_train_c10: 0.0223 (acc: 0.9887) | c10h_val_c10: 0.2937 (acc: 0.9240)
[2018/09/25 11:04:40 __main__ INFO] - -            v4            : 0.7968 (acc: 0.8204) |           v6: 0.7253 (acc: 0.8370)
[2018/09/25 11:04:40 __main__ INFO] - -            c10_50k       : 0.0436 (acc: 0.9842)
[2018/09/25 11:04:40 __main__ INFO] - Elapsed 21.45
keys:  dict_keys(['epoch', 'c10h_train_loss', 'c10h_train_acc', 'c10h_val_loss', 'c10h_val_acc', 'c10h_train_c10_loss', 'c10h_train_c10_acc', 'c10h_val_c10_loss', 'c10h_val_c10_acc', 'v4_loss', 'v4_acc', 'v6_loss', 'v6_acc', 'c10_50k_loss', 'c10_50k_acc']) 
 c10h_outdir:  /tigress/ruairidh/model_results/run_1/saves/vgg_15_BN_64/con_True_lr_0.01_seed_1
[2018/09/25 11:04:41 __main__ INFO] - Train 23
[2018/09/25 11:04:45 __main__ INFO] - TEST 23
[2018/09/25 11:05:07 __main__ INFO] - - epoch 23    c10h_train    : 0.4804 (acc: 0.9831) | c10h_val    : 0.6738 (acc: 0.9200)
[2018/09/25 11:05:07 __main__ INFO] - -            c10h_train_c10: 0.0164 (acc: 0.9903) | c10h_val_c10: 0.3071 (acc: 0.9210)
[2018/09/25 11:05:07 __main__ INFO] - -            v4            : 0.7925 (acc: 0.8199) |           v6: 0.7136 (acc: 0.8405)
[2018/09/25 11:05:07 __main__ INFO] - -            c10_50k       : 0.0424 (acc: 0.9851)
[2018/09/25 11:05:07 __main__ INFO] - Elapsed 21.44
keys:  dict_keys(['epoch', 'c10h_train_loss', 'c10h_train_acc', 'c10h_val_loss', 'c10h_val_acc', 'c10h_train_c10_loss', 'c10h_train_c10_acc', 'c10h_val_c10_loss', 'c10h_val_c10_acc', 'v4_loss', 'v4_acc', 'v6_loss', 'v6_acc', 'c10_50k_loss', 'c10_50k_acc']) 
 c10h_outdir:  /tigress/ruairidh/model_results/run_1/saves/vgg_15_BN_64/con_True_lr_0.01_seed_1
[2018/09/25 11:05:07 __main__ INFO] - Train 24
[2018/09/25 11:05:11 __main__ INFO] - TEST 24
[2018/09/25 11:05:33 __main__ INFO] - - epoch 24    c10h_train    : 0.4786 (acc: 0.9840) | c10h_val    : 0.6473 (acc: 0.9210)
[2018/09/25 11:05:33 __main__ INFO] - -            c10h_train_c10: 0.0141 (acc: 0.9917) | c10h_val_c10: 0.2839 (acc: 0.9220)
[2018/09/25 11:05:33 __main__ INFO] - -            v4            : 0.7850 (acc: 0.8174) |           v6: 0.7146 (acc: 0.8450)
[2018/09/25 11:05:33 __main__ INFO] - -            c10_50k       : 0.0411 (acc: 0.9851)
[2018/09/25 11:05:33 __main__ INFO] - Elapsed 21.34
keys:  dict_keys(['epoch', 'c10h_train_loss', 'c10h_train_acc', 'c10h_val_loss', 'c10h_val_acc', 'c10h_train_c10_loss', 'c10h_train_c10_acc', 'c10h_val_c10_loss', 'c10h_val_c10_acc', 'v4_loss', 'v4_acc', 'v6_loss', 'v6_acc', 'c10_50k_loss', 'c10_50k_acc']) 
 c10h_outdir:  /tigress/ruairidh/model_results/run_1/saves/vgg_15_BN_64/con_True_lr_0.01_seed_1
[2018/09/25 11:05:34 __main__ INFO] - Train 25
[2018/09/25 11:05:38 __main__ INFO] - TEST 25
[2018/09/25 11:05:59 __main__ INFO] - - epoch 25    c10h_train    : 0.4844 (acc: 0.9831) | c10h_val    : 0.6696 (acc: 0.9270)
[2018/09/25 11:05:59 __main__ INFO] - -            c10h_train_c10: 0.0174 (acc: 0.9904) | c10h_val_c10: 0.3043 (acc: 0.9290)
[2018/09/25 11:05:59 __main__ INFO] - -            v4            : 0.7719 (acc: 0.8273) |           v6: 0.7174 (acc: 0.8425)
[2018/09/25 11:05:59 __main__ INFO] - -            c10_50k       : 0.0410 (acc: 0.9852)
[2018/09/25 11:05:59 __main__ INFO] - Elapsed 21.50
keys:  dict_keys(['epoch', 'c10h_train_loss', 'c10h_train_acc', 'c10h_val_loss', 'c10h_val_acc', 'c10h_train_c10_loss', 'c10h_train_c10_acc', 'c10h_val_c10_loss', 'c10h_val_c10_acc', 'v4_loss', 'v4_acc', 'v6_loss', 'v6_acc', 'c10_50k_loss', 'c10_50k_acc']) 
 c10h_outdir:  /tigress/ruairidh/model_results/run_1/saves/vgg_15_BN_64/con_True_lr_0.01_seed_1
[2018/09/25 11:05:59 __main__ INFO] - Train 26
[2018/09/25 11:06:04 __main__ INFO] - TEST 26
[2018/09/25 11:06:25 __main__ INFO] - - epoch 26    c10h_train    : 0.4847 (acc: 0.9832) | c10h_val    : 0.6684 (acc: 0.9210)
[2018/09/25 11:06:25 __main__ INFO] - -            c10h_train_c10: 0.0162 (acc: 0.9906) | c10h_val_c10: 0.3079 (acc: 0.9200)
[2018/09/25 11:06:25 __main__ INFO] - -            v4            : 0.7786 (acc: 0.8367) |           v6: 0.7222 (acc: 0.8500)
[2018/09/25 11:06:25 __main__ INFO] - -            c10_50k       : 0.0468 (acc: 0.9838)
[2018/09/25 11:06:25 __main__ INFO] - Elapsed 21.53
keys:  dict_keys(['epoch', 'c10h_train_loss', 'c10h_train_acc', 'c10h_val_loss', 'c10h_val_acc', 'c10h_train_c10_loss', 'c10h_train_c10_acc', 'c10h_val_c10_loss', 'c10h_val_c10_acc', 'v4_loss', 'v4_acc', 'v6_loss', 'v6_acc', 'c10_50k_loss', 'c10_50k_acc']) 
 c10h_outdir:  /tigress/ruairidh/model_results/run_1/saves/vgg_15_BN_64/con_True_lr_0.01_seed_1
[2018/09/25 11:06:25 __main__ INFO] - Train 27
[2018/09/25 11:06:29 __main__ INFO] - TEST 27
[2018/09/25 11:06:51 __main__ INFO] - - epoch 27    c10h_train    : 0.5022 (acc: 0.9824) | c10h_val    : 0.7132 (acc: 0.9170)
[2018/09/25 11:06:51 __main__ INFO] - -            c10h_train_c10: 0.0196 (acc: 0.9899) | c10h_val_c10: 0.3314 (acc: 0.9170)
[2018/09/25 11:06:51 __main__ INFO] - -            v4            : 0.8333 (acc: 0.8214) |           v6: 0.7214 (acc: 0.8415)
[2018/09/25 11:06:51 __main__ INFO] - -            c10_50k       : 0.0459 (acc: 0.9840)
[2018/09/25 11:06:51 __main__ INFO] - Elapsed 21.42
keys:  dict_keys(['epoch', 'c10h_train_loss', 'c10h_train_acc', 'c10h_val_loss', 'c10h_val_acc', 'c10h_train_c10_loss', 'c10h_train_c10_acc', 'c10h_val_c10_loss', 'c10h_val_c10_acc', 'v4_loss', 'v4_acc', 'v6_loss', 'v6_acc', 'c10_50k_loss', 'c10_50k_acc']) 
 c10h_outdir:  /tigress/ruairidh/model_results/run_1/saves/vgg_15_BN_64/con_True_lr_0.01_seed_1
[2018/09/25 11:06:52 __main__ INFO] - Train 28
[2018/09/25 11:06:56 __main__ INFO] - TEST 28
[2018/09/25 11:07:17 __main__ INFO] - - epoch 28    c10h_train    : 0.4902 (acc: 0.9846) | c10h_val    : 0.7001 (acc: 0.9190)
[2018/09/25 11:07:18 __main__ INFO] - -            c10h_train_c10: 0.0130 (acc: 0.9923) | c10h_val_c10: 0.3327 (acc: 0.9210)
[2018/09/25 11:07:18 __main__ INFO] - -            v4            : 0.8504 (acc: 0.8238) |           v6: 0.7348 (acc: 0.8405)
[2018/09/25 11:07:18 __main__ INFO] - -            c10_50k       : 0.0451 (acc: 0.9847)
[2018/09/25 11:07:18 __main__ INFO] - Elapsed 21.50
keys:  dict_keys(['epoch', 'c10h_train_loss', 'c10h_train_acc', 'c10h_val_loss', 'c10h_val_acc', 'c10h_train_c10_loss', 'c10h_train_c10_acc', 'c10h_val_c10_loss', 'c10h_val_c10_acc', 'v4_loss', 'v4_acc', 'v6_loss', 'v6_acc', 'c10_50k_loss', 'c10_50k_acc']) 
 c10h_outdir:  /tigress/ruairidh/model_results/run_1/saves/vgg_15_BN_64/con_True_lr_0.01_seed_1
[2018/09/25 11:07:18 __main__ INFO] - Train 29
[2018/09/25 11:07:22 __main__ INFO] - TEST 29
[2018/09/25 11:07:43 __main__ INFO] - - epoch 29    c10h_train    : 0.4976 (acc: 0.9840) | c10h_val    : 0.6917 (acc: 0.9230)
[2018/09/25 11:07:43 __main__ INFO] - -            c10h_train_c10: 0.0133 (acc: 0.9919) | c10h_val_c10: 0.3232 (acc: 0.9220)
[2018/09/25 11:07:43 __main__ INFO] - -            v4            : 0.8300 (acc: 0.8248) |           v6: 0.7531 (acc: 0.8385)
[2018/09/25 11:07:43 __main__ INFO] - -            c10_50k       : 0.0456 (acc: 0.9843)
[2018/09/25 11:07:43 __main__ INFO] - Elapsed 21.45
keys:  dict_keys(['epoch', 'c10h_train_loss', 'c10h_train_acc', 'c10h_val_loss', 'c10h_val_acc', 'c10h_train_c10_loss', 'c10h_train_c10_acc', 'c10h_val_c10_loss', 'c10h_val_c10_acc', 'v4_loss', 'v4_acc', 'v6_loss', 'v6_acc', 'c10_50k_loss', 'c10_50k_acc']) 
 c10h_outdir:  /tigress/ruairidh/model_results/run_1/saves/vgg_15_BN_64/con_True_lr_0.01_seed_1
[2018/09/25 11:07:44 __main__ INFO] - Train 30
[2018/09/25 11:07:49 __main__ INFO] - TEST 30
[2018/09/25 11:08:10 __main__ INFO] - - epoch 30    c10h_train    : 0.5088 (acc: 0.9841) | c10h_val    : 0.6950 (acc: 0.9190)
[2018/09/25 11:08:10 __main__ INFO] - -            c10h_train_c10: 0.0124 (acc: 0.9920) | c10h_val_c10: 0.3155 (acc: 0.9210)
[2018/09/25 11:08:10 __main__ INFO] - -            v4            : 0.8219 (acc: 0.8194) |           v6: 0.7588 (acc: 0.8420)
[2018/09/25 11:08:10 __main__ INFO] - -            c10_50k       : 0.0470 (acc: 0.9837)
[2018/09/25 11:08:10 __main__ INFO] - Elapsed 21.51
keys:  dict_keys(['epoch', 'c10h_train_loss', 'c10h_train_acc', 'c10h_val_loss', 'c10h_val_acc', 'c10h_train_c10_loss', 'c10h_train_c10_acc', 'c10h_val_c10_loss', 'c10h_val_c10_acc', 'v4_loss', 'v4_acc', 'v6_loss', 'v6_acc', 'c10_50k_loss', 'c10_50k_acc']) 
 c10h_outdir:  /tigress/ruairidh/model_results/run_1/saves/vgg_15_BN_64/con_True_lr_0.01_seed_1
[2018/09/25 11:08:10 __main__ INFO] - Train 31
[2018/09/25 11:08:14 __main__ INFO] - TEST 31
[2018/09/25 11:08:36 __main__ INFO] - - epoch 31    c10h_train    : 0.5045 (acc: 0.9850) | c10h_val    : 0.6806 (acc: 0.9230)
[2018/09/25 11:08:36 __main__ INFO] - -            c10h_train_c10: 0.0109 (acc: 0.9929) | c10h_val_c10: 0.3011 (acc: 0.9250)
[2018/09/25 11:08:36 __main__ INFO] - -            v4            : 0.8444 (acc: 0.8169) |           v6: 0.7655 (acc: 0.8405)
[2018/09/25 11:08:36 __main__ INFO] - -            c10_50k       : 0.0440 (acc: 0.9844)
[2018/09/25 11:08:36 __main__ INFO] - Elapsed 21.48
keys:  dict_keys(['epoch', 'c10h_train_loss', 'c10h_train_acc', 'c10h_val_loss', 'c10h_val_acc', 'c10h_train_c10_loss', 'c10h_train_c10_acc', 'c10h_val_c10_loss', 'c10h_val_c10_acc', 'v4_loss', 'v4_acc', 'v6_loss', 'v6_acc', 'c10_50k_loss', 'c10_50k_acc']) 
 c10h_outdir:  /tigress/ruairidh/model_results/run_1/saves/vgg_15_BN_64/con_True_lr_0.01_seed_1
[2018/09/25 11:08:36 __main__ INFO] - Train 32
[2018/09/25 11:08:40 __main__ INFO] - TEST 32
[2018/09/25 11:09:02 __main__ INFO] - - epoch 32    c10h_train    : 0.5057 (acc: 0.9846) | c10h_val    : 0.6757 (acc: 0.9220)
[2018/09/25 11:09:02 __main__ INFO] - -            c10h_train_c10: 0.0115 (acc: 0.9926) | c10h_val_c10: 0.3026 (acc: 0.9200)
[2018/09/25 11:09:02 __main__ INFO] - -            v4            : 0.8005 (acc: 0.8189) |           v6: 0.7528 (acc: 0.8410)
[2018/09/25 11:09:02 __main__ INFO] - -            c10_50k       : 0.0471 (acc: 0.9836)
[2018/09/25 11:09:02 __main__ INFO] - Elapsed 21.42
keys:  dict_keys(['epoch', 'c10h_train_loss', 'c10h_train_acc', 'c10h_val_loss', 'c10h_val_acc', 'c10h_train_c10_loss', 'c10h_train_c10_acc', 'c10h_val_c10_loss', 'c10h_val_c10_acc', 'v4_loss', 'v4_acc', 'v6_loss', 'v6_acc', 'c10_50k_loss', 'c10_50k_acc']) 
 c10h_outdir:  /tigress/ruairidh/model_results/run_1/saves/vgg_15_BN_64/con_True_lr_0.01_seed_1
[2018/09/25 11:09:03 __main__ INFO] - Train 33
[2018/09/25 11:09:07 __main__ INFO] - TEST 33
[2018/09/25 11:09:28 __main__ INFO] - - epoch 33    c10h_train    : 0.5187 (acc: 0.9850) | c10h_val    : 0.6948 (acc: 0.9190)
[2018/09/25 11:09:28 __main__ INFO] - -            c10h_train_c10: 0.0093 (acc: 0.9930) | c10h_val_c10: 0.3134 (acc: 0.9200)
[2018/09/25 11:09:28 __main__ INFO] - -            v4            : 0.8175 (acc: 0.8288) |           v6: 0.7460 (acc: 0.8445)
[2018/09/25 11:09:28 __main__ INFO] - -            c10_50k       : 0.0464 (acc: 0.9837)
[2018/09/25 11:09:28 __main__ INFO] - Elapsed 21.52
keys:  dict_keys(['epoch', 'c10h_train_loss', 'c10h_train_acc', 'c10h_val_loss', 'c10h_val_acc', 'c10h_train_c10_loss', 'c10h_train_c10_acc', 'c10h_val_c10_loss', 'c10h_val_c10_acc', 'v4_loss', 'v4_acc', 'v6_loss', 'v6_acc', 'c10_50k_loss', 'c10_50k_acc']) 
 c10h_outdir:  /tigress/ruairidh/model_results/run_1/saves/vgg_15_BN_64/con_True_lr_0.01_seed_1
[2018/09/25 11:09:29 __main__ INFO] - Train 34
[2018/09/25 11:09:33 __main__ INFO] - TEST 34
[2018/09/25 11:09:55 __main__ INFO] - - epoch 34    c10h_train    : 0.5236 (acc: 0.9850) | c10h_val    : 0.6950 (acc: 0.9160)
[2018/09/25 11:09:55 __main__ INFO] - -            c10h_train_c10: 0.0099 (acc: 0.9927) | c10h_val_c10: 0.3136 (acc: 0.9170)
[2018/09/25 11:09:55 __main__ INFO] - -            v4            : 0.8146 (acc: 0.8219) |           v6: 0.7529 (acc: 0.8420)
[2018/09/25 11:09:55 __main__ INFO] - -            c10_50k       : 0.0455 (acc: 0.9842)
[2018/09/25 11:09:55 __main__ INFO] - Elapsed 21.39
keys:  dict_keys(['epoch', 'c10h_train_loss', 'c10h_train_acc', 'c10h_val_loss', 'c10h_val_acc', 'c10h_train_c10_loss', 'c10h_train_c10_acc', 'c10h_val_c10_loss', 'c10h_val_c10_acc', 'v4_loss', 'v4_acc', 'v6_loss', 'v6_acc', 'c10_50k_loss', 'c10_50k_acc']) 
 c10h_outdir:  /tigress/ruairidh/model_results/run_1/saves/vgg_15_BN_64/con_True_lr_0.01_seed_1
[2018/09/25 11:09:55 __main__ INFO] - Train 35
[2018/09/25 11:09:59 __main__ INFO] - TEST 35
[2018/09/25 11:10:21 __main__ INFO] - - epoch 35    c10h_train    : 0.5196 (acc: 0.9853) | c10h_val    : 0.7102 (acc: 0.9220)
[2018/09/25 11:10:21 __main__ INFO] - -            c10h_train_c10: 0.0087 (acc: 0.9931) | c10h_val_c10: 0.3195 (acc: 0.9240)
[2018/09/25 11:10:21 __main__ INFO] - -            v4            : 0.8308 (acc: 0.8189) |           v6: 0.7578 (acc: 0.8440)
[2018/09/25 11:10:21 __main__ INFO] - -            c10_50k       : 0.0447 (acc: 0.9846)
[2018/09/25 11:10:21 __main__ INFO] - Elapsed 21.34
keys:  dict_keys(['epoch', 'c10h_train_loss', 'c10h_train_acc', 'c10h_val_loss', 'c10h_val_acc', 'c10h_train_c10_loss', 'c10h_train_c10_acc', 'c10h_val_c10_loss', 'c10h_val_c10_acc', 'v4_loss', 'v4_acc', 'v6_loss', 'v6_acc', 'c10_50k_loss', 'c10_50k_acc']) 
 c10h_outdir:  /tigress/ruairidh/model_results/run_1/saves/vgg_15_BN_64/con_True_lr_0.01_seed_1
[2018/09/25 11:10:21 __main__ INFO] - Train 36
[2018/09/25 11:10:25 __main__ INFO] - TEST 36
[2018/09/25 11:10:46 __main__ INFO] - - epoch 36    c10h_train    : 0.5221 (acc: 0.9860) | c10h_val    : 0.6938 (acc: 0.9230)
[2018/09/25 11:10:46 __main__ INFO] - -            c10h_train_c10: 0.0083 (acc: 0.9940) | c10h_val_c10: 0.3020 (acc: 0.9250)
[2018/09/25 11:10:46 __main__ INFO] - -            v4            : 0.8533 (acc: 0.8120) |           v6: 0.7707 (acc: 0.8385)
[2018/09/25 11:10:46 __main__ INFO] - -            c10_50k       : 0.0480 (acc: 0.9839)
[2018/09/25 11:10:46 __main__ INFO] - Elapsed 21.28
keys:  dict_keys(['epoch', 'c10h_train_loss', 'c10h_train_acc', 'c10h_val_loss', 'c10h_val_acc', 'c10h_train_c10_loss', 'c10h_train_c10_acc', 'c10h_val_c10_loss', 'c10h_val_c10_acc', 'v4_loss', 'v4_acc', 'v6_loss', 'v6_acc', 'c10_50k_loss', 'c10_50k_acc']) 
 c10h_outdir:  /tigress/ruairidh/model_results/run_1/saves/vgg_15_BN_64/con_True_lr_0.01_seed_1
[2018/09/25 11:10:47 __main__ INFO] - Train 37
[2018/09/25 11:10:52 __main__ INFO] - TEST 37
[2018/09/25 11:11:13 __main__ INFO] - - epoch 37    c10h_train    : 0.5313 (acc: 0.9858) | c10h_val    : 0.6984 (acc: 0.9200)
[2018/09/25 11:11:13 __main__ INFO] - -            c10h_train_c10: 0.0077 (acc: 0.9937) | c10h_val_c10: 0.3044 (acc: 0.9220)
[2018/09/25 11:11:13 __main__ INFO] - -            v4            : 0.8362 (acc: 0.8224) |           v6: 0.7721 (acc: 0.8440)
[2018/09/25 11:11:13 __main__ INFO] - -            c10_50k       : 0.0503 (acc: 0.9834)
[2018/09/25 11:11:13 __main__ INFO] - Elapsed 21.52
keys:  dict_keys(['epoch', 'c10h_train_loss', 'c10h_train_acc', 'c10h_val_loss', 'c10h_val_acc', 'c10h_train_c10_loss', 'c10h_train_c10_acc', 'c10h_val_c10_loss', 'c10h_val_c10_acc', 'v4_loss', 'v4_acc', 'v6_loss', 'v6_acc', 'c10_50k_loss', 'c10_50k_acc']) 
 c10h_outdir:  /tigress/ruairidh/model_results/run_1/saves/vgg_15_BN_64/con_True_lr_0.01_seed_1
[2018/09/25 11:11:13 __main__ INFO] - Train 38
[2018/09/25 11:11:17 __main__ INFO] - TEST 38
[2018/09/25 11:11:39 __main__ INFO] - - epoch 38    c10h_train    : 0.5270 (acc: 0.9867) | c10h_val    : 0.6957 (acc: 0.9280)
[2018/09/25 11:11:39 __main__ INFO] - -            c10h_train_c10: 0.0060 (acc: 0.9946) | c10h_val_c10: 0.3025 (acc: 0.9300)
[2018/09/25 11:11:39 __main__ INFO] - -            v4            : 0.8629 (acc: 0.8224) |           v6: 0.7562 (acc: 0.8445)
[2018/09/25 11:11:39 __main__ INFO] - -            c10_50k       : 0.0474 (acc: 0.9837)
[2018/09/25 11:11:39 __main__ INFO] - Elapsed 21.47
keys:  dict_keys(['epoch', 'c10h_train_loss', 'c10h_train_acc', 'c10h_val_loss', 'c10h_val_acc', 'c10h_train_c10_loss', 'c10h_train_c10_acc', 'c10h_val_c10_loss', 'c10h_val_c10_acc', 'v4_loss', 'v4_acc', 'v6_loss', 'v6_acc', 'c10_50k_loss', 'c10_50k_acc']) 
 c10h_outdir:  /tigress/ruairidh/model_results/run_1/saves/vgg_15_BN_64/con_True_lr_0.01_seed_1
[2018/09/25 11:11:39 __main__ INFO] - Train 39
[2018/09/25 11:11:43 __main__ INFO] - TEST 39
[2018/09/25 11:12:05 __main__ INFO] - - epoch 39    c10h_train    : 0.5287 (acc: 0.9852) | c10h_val    : 0.6847 (acc: 0.9190)
[2018/09/25 11:12:05 __main__ INFO] - -            c10h_train_c10: 0.0084 (acc: 0.9929) | c10h_val_c10: 0.2953 (acc: 0.9210)
[2018/09/25 11:12:05 __main__ INFO] - -            v4            : 0.8236 (acc: 0.8234) |           v6: 0.7735 (acc: 0.8395)
[2018/09/25 11:12:05 __main__ INFO] - -            c10_50k       : 0.0483 (acc: 0.9837)
[2018/09/25 11:12:05 __main__ INFO] - Elapsed 21.48
keys:  dict_keys(['epoch', 'c10h_train_loss', 'c10h_train_acc', 'c10h_val_loss', 'c10h_val_acc', 'c10h_train_c10_loss', 'c10h_train_c10_acc', 'c10h_val_c10_loss', 'c10h_val_c10_acc', 'v4_loss', 'v4_acc', 'v6_loss', 'v6_acc', 'c10_50k_loss', 'c10_50k_acc']) 
 c10h_outdir:  /tigress/ruairidh/model_results/run_1/saves/vgg_15_BN_64/con_True_lr_0.01_seed_1
[2018/09/25 11:12:06 __main__ INFO] - Train 40
[2018/09/25 11:12:10 __main__ INFO] - TEST 40
[2018/09/25 11:12:31 __main__ INFO] - - epoch 40    c10h_train    : 0.5292 (acc: 0.9857) | c10h_val    : 0.6915 (acc: 0.9270)
[2018/09/25 11:12:31 __main__ INFO] - -            c10h_train_c10: 0.0094 (acc: 0.9933) | c10h_val_c10: 0.2988 (acc: 0.9270)
[2018/09/25 11:12:31 __main__ INFO] - -            v4            : 0.8805 (acc: 0.8238) |           v6: 0.7623 (acc: 0.8385)
[2018/09/25 11:12:31 __main__ INFO] - -            c10_50k       : 0.0489 (acc: 0.9838)
[2018/09/25 11:12:31 __main__ INFO] - Elapsed 21.47
keys:  dict_keys(['epoch', 'c10h_train_loss', 'c10h_train_acc', 'c10h_val_loss', 'c10h_val_acc', 'c10h_train_c10_loss', 'c10h_train_c10_acc', 'c10h_val_c10_loss', 'c10h_val_c10_acc', 'v4_loss', 'v4_acc', 'v6_loss', 'v6_acc', 'c10_50k_loss', 'c10_50k_acc']) 
 c10h_outdir:  /tigress/ruairidh/model_results/run_1/saves/vgg_15_BN_64/con_True_lr_0.01_seed_1
[2018/09/25 11:12:32 __main__ INFO] - Train 41
[2018/09/25 11:12:36 __main__ INFO] - TEST 41
[2018/09/25 11:12:58 __main__ INFO] - - epoch 41    c10h_train    : 0.5343 (acc: 0.9859) | c10h_val    : 0.7038 (acc: 0.9240)
[2018/09/25 11:12:58 __main__ INFO] - -            c10h_train_c10: 0.0073 (acc: 0.9936) | c10h_val_c10: 0.3139 (acc: 0.9250)
[2018/09/25 11:12:58 __main__ INFO] - -            v4            : 0.8944 (acc: 0.8258) |           v6: 0.7613 (acc: 0.8430)
[2018/09/25 11:12:58 __main__ INFO] - -            c10_50k       : 0.0489 (acc: 0.9837)
[2018/09/25 11:12:58 __main__ INFO] - Elapsed 21.44
keys:  dict_keys(['epoch', 'c10h_train_loss', 'c10h_train_acc', 'c10h_val_loss', 'c10h_val_acc', 'c10h_train_c10_loss', 'c10h_train_c10_acc', 'c10h_val_c10_loss', 'c10h_val_c10_acc', 'v4_loss', 'v4_acc', 'v6_loss', 'v6_acc', 'c10_50k_loss', 'c10_50k_acc']) 
 c10h_outdir:  /tigress/ruairidh/model_results/run_1/saves/vgg_15_BN_64/con_True_lr_0.01_seed_1
[2018/09/25 11:12:59 __main__ INFO] - Train 42
[2018/09/25 11:13:03 __main__ INFO] - TEST 42
[2018/09/25 11:13:24 __main__ INFO] - - epoch 42    c10h_train    : 0.5470 (acc: 0.9860) | c10h_val    : 0.7240 (acc: 0.9230)
[2018/09/25 11:13:24 __main__ INFO] - -            c10h_train_c10: 0.0067 (acc: 0.9940) | c10h_val_c10: 0.3246 (acc: 0.9240)
[2018/09/25 11:13:24 __main__ INFO] - -            v4            : 0.8768 (acc: 0.8278) |           v6: 0.7853 (acc: 0.8435)
[2018/09/25 11:13:24 __main__ INFO] - -            c10_50k       : 0.0506 (acc: 0.9832)
[2018/09/25 11:13:24 __main__ INFO] - Elapsed 21.45
keys:  dict_keys(['epoch', 'c10h_train_loss', 'c10h_train_acc', 'c10h_val_loss', 'c10h_val_acc', 'c10h_train_c10_loss', 'c10h_train_c10_acc', 'c10h_val_c10_loss', 'c10h_val_c10_acc', 'v4_loss', 'v4_acc', 'v6_loss', 'v6_acc', 'c10_50k_loss', 'c10_50k_acc']) 
 c10h_outdir:  /tigress/ruairidh/model_results/run_1/saves/vgg_15_BN_64/con_True_lr_0.01_seed_1
[2018/09/25 11:13:25 __main__ INFO] - Train 43
[2018/09/25 11:13:29 __main__ INFO] - TEST 43
[2018/09/25 11:13:50 __main__ INFO] - - epoch 43    c10h_train    : 0.5404 (acc: 0.9856) | c10h_val    : 0.7156 (acc: 0.9220)
[2018/09/25 11:13:50 __main__ INFO] - -            c10h_train_c10: 0.0078 (acc: 0.9936) | c10h_val_c10: 0.3237 (acc: 0.9220)
[2018/09/25 11:13:50 __main__ INFO] - -            v4            : 0.8961 (acc: 0.8199) |           v6: 0.7892 (acc: 0.8410)
[2018/09/25 11:13:50 __main__ INFO] - -            c10_50k       : 0.0473 (acc: 0.9844)
[2018/09/25 11:13:50 __main__ INFO] - Elapsed 21.38
keys:  dict_keys(['epoch', 'c10h_train_loss', 'c10h_train_acc', 'c10h_val_loss', 'c10h_val_acc', 'c10h_train_c10_loss', 'c10h_train_c10_acc', 'c10h_val_c10_loss', 'c10h_val_c10_acc', 'v4_loss', 'v4_acc', 'v6_loss', 'v6_acc', 'c10_50k_loss', 'c10_50k_acc']) 
 c10h_outdir:  /tigress/ruairidh/model_results/run_1/saves/vgg_15_BN_64/con_True_lr_0.01_seed_1
[2018/09/25 11:13:51 __main__ INFO] - Train 44
[2018/09/25 11:13:55 __main__ INFO] - TEST 44
[2018/09/25 11:14:16 __main__ INFO] - - epoch 44    c10h_train    : 0.5446 (acc: 0.9854) | c10h_val    : 0.7373 (acc: 0.9190)
[2018/09/25 11:14:16 __main__ INFO] - -            c10h_train_c10: 0.0072 (acc: 0.9934) | c10h_val_c10: 0.3411 (acc: 0.9190)
[2018/09/25 11:14:16 __main__ INFO] - -            v4            : 0.8891 (acc: 0.8238) |           v6: 0.8056 (acc: 0.8410)
[2018/09/25 11:14:16 __main__ INFO] - -            c10_50k       : 0.0503 (acc: 0.9836)
[2018/09/25 11:14:16 __main__ INFO] - Elapsed 21.61
keys:  dict_keys(['epoch', 'c10h_train_loss', 'c10h_train_acc', 'c10h_val_loss', 'c10h_val_acc', 'c10h_train_c10_loss', 'c10h_train_c10_acc', 'c10h_val_c10_loss', 'c10h_val_c10_acc', 'v4_loss', 'v4_acc', 'v6_loss', 'v6_acc', 'c10_50k_loss', 'c10_50k_acc']) 
 c10h_outdir:  /tigress/ruairidh/model_results/run_1/saves/vgg_15_BN_64/con_True_lr_0.01_seed_1
[2018/09/25 11:14:18 __main__ INFO] - Train 45
[2018/09/25 11:14:23 __main__ INFO] - TEST 45
[2018/09/25 11:14:44 __main__ INFO] - - epoch 45    c10h_train    : 0.5529 (acc: 0.9852) | c10h_val    : 0.7248 (acc: 0.9180)
[2018/09/25 11:14:44 __main__ INFO] - -            c10h_train_c10: 0.0067 (acc: 0.9932) | c10h_val_c10: 0.3314 (acc: 0.9190)
[2018/09/25 11:14:44 __main__ INFO] - -            v4            : 0.8944 (acc: 0.8209) |           v6: 0.7835 (acc: 0.8420)
[2018/09/25 11:14:44 __main__ INFO] - -            c10_50k       : 0.0510 (acc: 0.9829)
[2018/09/25 11:14:44 __main__ INFO] - Elapsed 21.49
keys:  dict_keys(['epoch', 'c10h_train_loss', 'c10h_train_acc', 'c10h_val_loss', 'c10h_val_acc', 'c10h_train_c10_loss', 'c10h_train_c10_acc', 'c10h_val_c10_loss', 'c10h_val_c10_acc', 'v4_loss', 'v4_acc', 'v6_loss', 'v6_acc', 'c10_50k_loss', 'c10_50k_acc']) 
 c10h_outdir:  /tigress/ruairidh/model_results/run_1/saves/vgg_15_BN_64/con_True_lr_0.01_seed_1
[2018/09/25 11:14:45 __main__ INFO] - Train 46
[2018/09/25 11:14:49 __main__ INFO] - TEST 46
[2018/09/25 11:15:10 __main__ INFO] - - epoch 46    c10h_train    : 0.5525 (acc: 0.9858) | c10h_val    : 0.7349 (acc: 0.9190)
[2018/09/25 11:15:11 __main__ INFO] - -            c10h_train_c10: 0.0060 (acc: 0.9936) | c10h_val_c10: 0.3355 (acc: 0.9210)
[2018/09/25 11:15:11 __main__ INFO] - -            v4            : 0.8548 (acc: 0.8288) |           v6: 0.7963 (acc: 0.8445)
[2018/09/25 11:15:11 __main__ INFO] - -            c10_50k       : 0.0532 (acc: 0.9827)
[2018/09/25 11:15:11 __main__ INFO] - Elapsed 21.48
keys:  dict_keys(['epoch', 'c10h_train_loss', 'c10h_train_acc', 'c10h_val_loss', 'c10h_val_acc', 'c10h_train_c10_loss', 'c10h_train_c10_acc', 'c10h_val_c10_loss', 'c10h_val_c10_acc', 'v4_loss', 'v4_acc', 'v6_loss', 'v6_acc', 'c10_50k_loss', 'c10_50k_acc']) 
 c10h_outdir:  /tigress/ruairidh/model_results/run_1/saves/vgg_15_BN_64/con_True_lr_0.01_seed_1
[2018/09/25 11:15:11 __main__ INFO] - Train 47
[2018/09/25 11:15:15 __main__ INFO] - TEST 47
[2018/09/25 11:15:37 __main__ INFO] - - epoch 47    c10h_train    : 0.5577 (acc: 0.9862) | c10h_val    : 0.7365 (acc: 0.9170)
[2018/09/25 11:15:37 __main__ INFO] - -            c10h_train_c10: 0.0060 (acc: 0.9939) | c10h_val_c10: 0.3299 (acc: 0.9160)
[2018/09/25 11:15:37 __main__ INFO] - -            v4            : 0.9242 (acc: 0.8209) |           v6: 0.7850 (acc: 0.8410)
[2018/09/25 11:15:37 __main__ INFO] - -            c10_50k       : 0.0537 (acc: 0.9823)
[2018/09/25 11:15:37 __main__ INFO] - Elapsed 21.48
keys:  dict_keys(['epoch', 'c10h_train_loss', 'c10h_train_acc', 'c10h_val_loss', 'c10h_val_acc', 'c10h_train_c10_loss', 'c10h_train_c10_acc', 'c10h_val_c10_loss', 'c10h_val_c10_acc', 'v4_loss', 'v4_acc', 'v6_loss', 'v6_acc', 'c10_50k_loss', 'c10_50k_acc']) 
 c10h_outdir:  /tigress/ruairidh/model_results/run_1/saves/vgg_15_BN_64/con_True_lr_0.01_seed_1
[2018/09/25 11:15:37 __main__ INFO] - Train 48
[2018/09/25 11:15:41 __main__ INFO] - TEST 48
[2018/09/25 11:16:03 __main__ INFO] - - epoch 48    c10h_train    : 0.5549 (acc: 0.9857) | c10h_val    : 0.7405 (acc: 0.9200)
[2018/09/25 11:16:03 __main__ INFO] - -            c10h_train_c10: 0.0067 (acc: 0.9937) | c10h_val_c10: 0.3377 (acc: 0.9200)
[2018/09/25 11:16:03 __main__ INFO] - -            v4            : 0.8680 (acc: 0.8283) |           v6: 0.7790 (acc: 0.8445)
[2018/09/25 11:16:03 __main__ INFO] - -            c10_50k       : 0.0524 (acc: 0.9829)
[2018/09/25 11:16:03 __main__ INFO] - Elapsed 21.41
keys:  dict_keys(['epoch', 'c10h_train_loss', 'c10h_train_acc', 'c10h_val_loss', 'c10h_val_acc', 'c10h_train_c10_loss', 'c10h_train_c10_acc', 'c10h_val_c10_loss', 'c10h_val_c10_acc', 'v4_loss', 'v4_acc', 'v6_loss', 'v6_acc', 'c10_50k_loss', 'c10_50k_acc']) 
 c10h_outdir:  /tigress/ruairidh/model_results/run_1/saves/vgg_15_BN_64/con_True_lr_0.01_seed_1
[2018/09/25 11:16:03 __main__ INFO] - Train 49
[2018/09/25 11:16:07 __main__ INFO] - TEST 49
[2018/09/25 11:16:29 __main__ INFO] - - epoch 49    c10h_train    : 0.5593 (acc: 0.9864) | c10h_val    : 0.7387 (acc: 0.9200)
[2018/09/25 11:16:29 __main__ INFO] - -            c10h_train_c10: 0.0049 (acc: 0.9944) | c10h_val_c10: 0.3357 (acc: 0.9220)
[2018/09/25 11:16:29 __main__ INFO] - -            v4            : 0.9482 (acc: 0.8144) |           v6: 0.7906 (acc: 0.8405)
[2018/09/25 11:16:29 __main__ INFO] - -            c10_50k       : 0.0533 (acc: 0.9823)
[2018/09/25 11:16:29 __main__ INFO] - Elapsed 21.44
keys:  dict_keys(['epoch', 'c10h_train_loss', 'c10h_train_acc', 'c10h_val_loss', 'c10h_val_acc', 'c10h_train_c10_loss', 'c10h_train_c10_acc', 'c10h_val_c10_loss', 'c10h_val_c10_acc', 'v4_loss', 'v4_acc', 'v6_loss', 'v6_acc', 'c10_50k_loss', 'c10_50k_acc']) 
 c10h_outdir:  /tigress/ruairidh/model_results/run_1/saves/vgg_15_BN_64/con_True_lr_0.01_seed_1
[2018/09/25 11:16:29 __main__ INFO] - Train 50
[2018/09/25 11:16:33 __main__ INFO] - TEST 50
[2018/09/25 11:16:54 __main__ INFO] - - epoch 50    c10h_train    : 0.5625 (acc: 0.9863) | c10h_val    : 0.7392 (acc: 0.9230)
[2018/09/25 11:16:55 __main__ INFO] - -            c10h_train_c10: 0.0047 (acc: 0.9943) | c10h_val_c10: 0.3337 (acc: 0.9250)
[2018/09/25 11:16:55 __main__ INFO] - -            v4            : 0.9325 (acc: 0.8219) |           v6: 0.8192 (acc: 0.8425)
[2018/09/25 11:16:55 __main__ INFO] - -            c10_50k       : 0.0530 (acc: 0.9818)
[2018/09/25 11:16:55 __main__ INFO] - Elapsed 21.50
keys:  dict_keys(['epoch', 'c10h_train_loss', 'c10h_train_acc', 'c10h_val_loss', 'c10h_val_acc', 'c10h_train_c10_loss', 'c10h_train_c10_acc', 'c10h_val_c10_loss', 'c10h_val_c10_acc', 'v4_loss', 'v4_acc', 'v6_loss', 'v6_acc', 'c10_50k_loss', 'c10_50k_acc']) 
 c10h_outdir:  /tigress/ruairidh/model_results/run_1/saves/vgg_15_BN_64/con_True_lr_0.01_seed_1
[2018/09/25 11:16:55 __main__ INFO] - Train 51
[2018/09/25 11:16:59 __main__ INFO] - TEST 51
[2018/09/25 11:17:20 __main__ INFO] - - epoch 51    c10h_train    : 0.5645 (acc: 0.9862) | c10h_val    : 0.7391 (acc: 0.9190)
[2018/09/25 11:17:21 __main__ INFO] - -            c10h_train_c10: 0.0063 (acc: 0.9942) | c10h_val_c10: 0.3398 (acc: 0.9210)
[2018/09/25 11:17:21 __main__ INFO] - -            v4            : 0.8966 (acc: 0.8253) |           v6: 0.7902 (acc: 0.8495)
[2018/09/25 11:17:21 __main__ INFO] - -            c10_50k       : 0.0508 (acc: 0.9833)
[2018/09/25 11:17:21 __main__ INFO] - Elapsed 21.57
keys:  dict_keys(['epoch', 'c10h_train_loss', 'c10h_train_acc', 'c10h_val_loss', 'c10h_val_acc', 'c10h_train_c10_loss', 'c10h_train_c10_acc', 'c10h_val_c10_loss', 'c10h_val_c10_acc', 'v4_loss', 'v4_acc', 'v6_loss', 'v6_acc', 'c10_50k_loss', 'c10_50k_acc']) 
 c10h_outdir:  /tigress/ruairidh/model_results/run_1/saves/vgg_15_BN_64/con_True_lr_0.01_seed_1
[2018/09/25 11:17:21 __main__ INFO] - Train 52
[2018/09/25 11:17:25 __main__ INFO] - TEST 52
[2018/09/25 11:17:47 __main__ INFO] - - epoch 52    c10h_train    : 0.5659 (acc: 0.9868) | c10h_val    : 0.7509 (acc: 0.9140)
[2018/09/25 11:17:47 __main__ INFO] - -            c10h_train_c10: 0.0044 (acc: 0.9948) | c10h_val_c10: 0.3467 (acc: 0.9150)
[2018/09/25 11:17:47 __main__ INFO] - -            v4            : 0.8696 (acc: 0.8234) |           v6: 0.7814 (acc: 0.8495)
[2018/09/25 11:17:47 __main__ INFO] - -            c10_50k       : 0.0496 (acc: 0.9834)
[2018/09/25 11:17:47 __main__ INFO] - Elapsed 21.73
keys:  dict_keys(['epoch', 'c10h_train_loss', 'c10h_train_acc', 'c10h_val_loss', 'c10h_val_acc', 'c10h_train_c10_loss', 'c10h_train_c10_acc', 'c10h_val_c10_loss', 'c10h_val_c10_acc', 'v4_loss', 'v4_acc', 'v6_loss', 'v6_acc', 'c10_50k_loss', 'c10_50k_acc']) 
 c10h_outdir:  /tigress/ruairidh/model_results/run_1/saves/vgg_15_BN_64/con_True_lr_0.01_seed_1
[2018/09/25 11:17:48 __main__ INFO] - Train 53
[2018/09/25 11:17:52 __main__ INFO] - TEST 53
[2018/09/25 11:18:13 __main__ INFO] - - epoch 53    c10h_train    : 0.5689 (acc: 0.9864) | c10h_val    : 0.7483 (acc: 0.9210)
[2018/09/25 11:18:13 __main__ INFO] - -            c10h_train_c10: 0.0043 (acc: 0.9941) | c10h_val_c10: 0.3397 (acc: 0.9220)
[2018/09/25 11:18:13 __main__ INFO] - -            v4            : 0.9145 (acc: 0.8278) |           v6: 0.8107 (acc: 0.8425)
[2018/09/25 11:18:13 __main__ INFO] - -            c10_50k       : 0.0550 (acc: 0.9823)
[2018/09/25 11:18:13 __main__ INFO] - Elapsed 21.55
keys:  dict_keys(['epoch', 'c10h_train_loss', 'c10h_train_acc', 'c10h_val_loss', 'c10h_val_acc', 'c10h_train_c10_loss', 'c10h_train_c10_acc', 'c10h_val_c10_loss', 'c10h_val_c10_acc', 'v4_loss', 'v4_acc', 'v6_loss', 'v6_acc', 'c10_50k_loss', 'c10_50k_acc']) 
 c10h_outdir:  /tigress/ruairidh/model_results/run_1/saves/vgg_15_BN_64/con_True_lr_0.01_seed_1
[2018/09/25 11:18:14 __main__ INFO] - Train 54
[2018/09/25 11:18:18 __main__ INFO] - TEST 54
[2018/09/25 11:18:39 __main__ INFO] - - epoch 54    c10h_train    : 0.5758 (acc: 0.9862) | c10h_val    : 0.7714 (acc: 0.9130)
[2018/09/25 11:18:39 __main__ INFO] - -            c10h_train_c10: 0.0059 (acc: 0.9941) | c10h_val_c10: 0.3644 (acc: 0.9140)
[2018/09/25 11:18:39 __main__ INFO] - -            v4            : 0.9678 (acc: 0.8194) |           v6: 0.8192 (acc: 0.8470)
[2018/09/25 11:18:39 __main__ INFO] - -            c10_50k       : 0.0500 (acc: 0.9835)
[2018/09/25 11:18:39 __main__ INFO] - Elapsed 21.59
keys:  dict_keys(['epoch', 'c10h_train_loss', 'c10h_train_acc', 'c10h_val_loss', 'c10h_val_acc', 'c10h_train_c10_loss', 'c10h_train_c10_acc', 'c10h_val_c10_loss', 'c10h_val_c10_acc', 'v4_loss', 'v4_acc', 'v6_loss', 'v6_acc', 'c10_50k_loss', 'c10_50k_acc']) 
 c10h_outdir:  /tigress/ruairidh/model_results/run_1/saves/vgg_15_BN_64/con_True_lr_0.01_seed_1
[2018/09/25 11:18:41 __main__ INFO] - Train 55
[2018/09/25 11:18:45 __main__ INFO] - TEST 55
[2018/09/25 11:19:07 __main__ INFO] - - epoch 55    c10h_train    : 0.5778 (acc: 0.9864) | c10h_val    : 0.7663 (acc: 0.9170)
[2018/09/25 11:19:07 __main__ INFO] - -            c10h_train_c10: 0.0045 (acc: 0.9942) | c10h_val_c10: 0.3491 (acc: 0.9180)
[2018/09/25 11:19:07 __main__ INFO] - -            v4            : 0.9045 (acc: 0.8149) |           v6: 0.8137 (acc: 0.8430)
[2018/09/25 11:19:07 __main__ INFO] - -            c10_50k       : 0.0520 (acc: 0.9835)
[2018/09/25 11:19:07 __main__ INFO] - Elapsed 21.51
keys:  dict_keys(['epoch', 'c10h_train_loss', 'c10h_train_acc', 'c10h_val_loss', 'c10h_val_acc', 'c10h_train_c10_loss', 'c10h_train_c10_acc', 'c10h_val_c10_loss', 'c10h_val_c10_acc', 'v4_loss', 'v4_acc', 'v6_loss', 'v6_acc', 'c10_50k_loss', 'c10_50k_acc']) 
 c10h_outdir:  /tigress/ruairidh/model_results/run_1/saves/vgg_15_BN_64/con_True_lr_0.01_seed_1
[2018/09/25 11:19:07 __main__ INFO] - Train 56
[2018/09/25 11:19:12 __main__ INFO] - TEST 56
[2018/09/25 11:19:33 __main__ INFO] - - epoch 56    c10h_train    : 0.5690 (acc: 0.9867) | c10h_val    : 0.7592 (acc: 0.9190)
[2018/09/25 11:19:33 __main__ INFO] - -            c10h_train_c10: 0.0043 (acc: 0.9947) | c10h_val_c10: 0.3532 (acc: 0.9200)
[2018/09/25 11:19:33 __main__ INFO] - -            v4            : 0.9843 (acc: 0.8149) |           v6: 0.8210 (acc: 0.8420)
[2018/09/25 11:19:33 __main__ INFO] - -            c10_50k       : 0.0504 (acc: 0.9835)
[2018/09/25 11:19:33 __main__ INFO] - Elapsed 21.54
keys:  dict_keys(['epoch', 'c10h_train_loss', 'c10h_train_acc', 'c10h_val_loss', 'c10h_val_acc', 'c10h_train_c10_loss', 'c10h_train_c10_acc', 'c10h_val_c10_loss', 'c10h_val_c10_acc', 'v4_loss', 'v4_acc', 'v6_loss', 'v6_acc', 'c10_50k_loss', 'c10_50k_acc']) 
 c10h_outdir:  /tigress/ruairidh/model_results/run_1/saves/vgg_15_BN_64/con_True_lr_0.01_seed_1
[2018/09/25 11:19:33 __main__ INFO] - Train 57
[2018/09/25 11:19:37 __main__ INFO] - TEST 57
[2018/09/25 11:19:59 __main__ INFO] - - epoch 57    c10h_train    : 0.5725 (acc: 0.9867) | c10h_val    : 0.7558 (acc: 0.9250)
[2018/09/25 11:19:59 __main__ INFO] - -            c10h_train_c10: 0.0043 (acc: 0.9946) | c10h_val_c10: 0.3534 (acc: 0.9240)
[2018/09/25 11:19:59 __main__ INFO] - -            v4            : 0.9194 (acc: 0.8238) |           v6: 0.8118 (acc: 0.8395)
[2018/09/25 11:19:59 __main__ INFO] - -            c10_50k       : 0.0551 (acc: 0.9822)
[2018/09/25 11:19:59 __main__ INFO] - Elapsed 21.51
keys:  dict_keys(['epoch', 'c10h_train_loss', 'c10h_train_acc', 'c10h_val_loss', 'c10h_val_acc', 'c10h_train_c10_loss', 'c10h_train_c10_acc', 'c10h_val_c10_loss', 'c10h_val_c10_acc', 'v4_loss', 'v4_acc', 'v6_loss', 'v6_acc', 'c10_50k_loss', 'c10_50k_acc']) 
 c10h_outdir:  /tigress/ruairidh/model_results/run_1/saves/vgg_15_BN_64/con_True_lr_0.01_seed_1
[2018/09/25 11:19:59 __main__ INFO] - Train 58
[2018/09/25 11:20:03 __main__ INFO] - TEST 58
[2018/09/25 11:20:25 __main__ INFO] - - epoch 58    c10h_train    : 0.5762 (acc: 0.9862) | c10h_val    : 0.7561 (acc: 0.9190)
[2018/09/25 11:20:25 __main__ INFO] - -            c10h_train_c10: 0.0052 (acc: 0.9941) | c10h_val_c10: 0.3513 (acc: 0.9200)
[2018/09/25 11:20:25 __main__ INFO] - -            v4            : 0.9070 (acc: 0.8238) |           v6: 0.8115 (acc: 0.8445)
[2018/09/25 11:20:25 __main__ INFO] - -            c10_50k       : 0.0532 (acc: 0.9830)
[2018/09/25 11:20:25 __main__ INFO] - Elapsed 21.47
keys:  dict_keys(['epoch', 'c10h_train_loss', 'c10h_train_acc', 'c10h_val_loss', 'c10h_val_acc', 'c10h_train_c10_loss', 'c10h_train_c10_acc', 'c10h_val_c10_loss', 'c10h_val_c10_acc', 'v4_loss', 'v4_acc', 'v6_loss', 'v6_acc', 'c10_50k_loss', 'c10_50k_acc']) 
 c10h_outdir:  /tigress/ruairidh/model_results/run_1/saves/vgg_15_BN_64/con_True_lr_0.01_seed_1
[2018/09/25 11:20:25 __main__ INFO] - Train 59
[2018/09/25 11:20:30 __main__ INFO] - TEST 59
[2018/09/25 11:20:51 __main__ INFO] - - epoch 59    c10h_train    : 0.5741 (acc: 0.9870) | c10h_val    : 0.7544 (acc: 0.9200)
[2018/09/25 11:20:51 __main__ INFO] - -            c10h_train_c10: 0.0033 (acc: 0.9950) | c10h_val_c10: 0.3449 (acc: 0.9210)
[2018/09/25 11:20:51 __main__ INFO] - -            v4            : 0.9445 (acc: 0.8214) |           v6: 0.8155 (acc: 0.8440)
[2018/09/25 11:20:51 __main__ INFO] - -            c10_50k       : 0.0511 (acc: 0.9831)
[2018/09/25 11:20:51 __main__ INFO] - Elapsed 21.43
keys:  dict_keys(['epoch', 'c10h_train_loss', 'c10h_train_acc', 'c10h_val_loss', 'c10h_val_acc', 'c10h_train_c10_loss', 'c10h_train_c10_acc', 'c10h_val_c10_loss', 'c10h_val_c10_acc', 'v4_loss', 'v4_acc', 'v6_loss', 'v6_acc', 'c10_50k_loss', 'c10_50k_acc']) 
 c10h_outdir:  /tigress/ruairidh/model_results/run_1/saves/vgg_15_BN_64/con_True_lr_0.01_seed_1
[2018/09/25 11:20:51 __main__ INFO] - Train 60
[2018/09/25 11:20:55 __main__ INFO] - TEST 60
[2018/09/25 11:21:17 __main__ INFO] - - epoch 60    c10h_train    : 0.5838 (acc: 0.9867) | c10h_val    : 0.7662 (acc: 0.9200)
[2018/09/25 11:21:17 __main__ INFO] - -            c10h_train_c10: 0.0041 (acc: 0.9947) | c10h_val_c10: 0.3524 (acc: 0.9220)
[2018/09/25 11:21:17 __main__ INFO] - -            v4            : 0.9533 (acc: 0.8169) |           v6: 0.8451 (acc: 0.8430)
[2018/09/25 11:21:17 __main__ INFO] - -            c10_50k       : 0.0503 (acc: 0.9837)
[2018/09/25 11:21:17 __main__ INFO] - Elapsed 21.36
keys:  dict_keys(['epoch', 'c10h_train_loss', 'c10h_train_acc', 'c10h_val_loss', 'c10h_val_acc', 'c10h_train_c10_loss', 'c10h_train_c10_acc', 'c10h_val_c10_loss', 'c10h_val_c10_acc', 'v4_loss', 'v4_acc', 'v6_loss', 'v6_acc', 'c10_50k_loss', 'c10_50k_acc']) 
 c10h_outdir:  /tigress/ruairidh/model_results/run_1/saves/vgg_15_BN_64/con_True_lr_0.01_seed_1
[2018/09/25 11:21:18 __main__ INFO] - Train 61
[2018/09/25 11:21:22 __main__ INFO] - TEST 61
[2018/09/25 11:21:43 __main__ INFO] - - epoch 61    c10h_train    : 0.5800 (acc: 0.9868) | c10h_val    : 0.7700 (acc: 0.9230)
[2018/09/25 11:21:43 __main__ INFO] - -            c10h_train_c10: 0.0039 (acc: 0.9946) | c10h_val_c10: 0.3618 (acc: 0.9240)
[2018/09/25 11:21:43 __main__ INFO] - -            v4            : 0.9309 (acc: 0.8189) |           v6: 0.8235 (acc: 0.8435)
[2018/09/25 11:21:43 __main__ INFO] - -            c10_50k       : 0.0543 (acc: 0.9825)
[2018/09/25 11:21:43 __main__ INFO] - Elapsed 21.34
keys:  dict_keys(['epoch', 'c10h_train_loss', 'c10h_train_acc', 'c10h_val_loss', 'c10h_val_acc', 'c10h_train_c10_loss', 'c10h_train_c10_acc', 'c10h_val_c10_loss', 'c10h_val_c10_acc', 'v4_loss', 'v4_acc', 'v6_loss', 'v6_acc', 'c10_50k_loss', 'c10_50k_acc']) 
 c10h_outdir:  /tigress/ruairidh/model_results/run_1/saves/vgg_15_BN_64/con_True_lr_0.01_seed_1
[2018/09/25 11:21:43 __main__ INFO] - Train 62
[2018/09/25 11:21:48 __main__ INFO] - TEST 62
[2018/09/25 11:22:09 __main__ INFO] - - epoch 62    c10h_train    : 0.5815 (acc: 0.9872) | c10h_val    : 0.7736 (acc: 0.9210)
[2018/09/25 11:22:09 __main__ INFO] - -            c10h_train_c10: 0.0034 (acc: 0.9948) | c10h_val_c10: 0.3596 (acc: 0.9220)
[2018/09/25 11:22:09 __main__ INFO] - -            v4            : 0.9523 (acc: 0.8189) |           v6: 0.8199 (acc: 0.8460)
[2018/09/25 11:22:09 __main__ INFO] - -            c10_50k       : 0.0503 (acc: 0.9832)
[2018/09/25 11:22:09 __main__ INFO] - Elapsed 21.45
keys:  dict_keys(['epoch', 'c10h_train_loss', 'c10h_train_acc', 'c10h_val_loss', 'c10h_val_acc', 'c10h_train_c10_loss', 'c10h_train_c10_acc', 'c10h_val_c10_loss', 'c10h_val_c10_acc', 'v4_loss', 'v4_acc', 'v6_loss', 'v6_acc', 'c10_50k_loss', 'c10_50k_acc']) 
 c10h_outdir:  /tigress/ruairidh/model_results/run_1/saves/vgg_15_BN_64/con_True_lr_0.01_seed_1
[2018/09/25 11:22:10 __main__ INFO] - Train 63
[2018/09/25 11:22:14 __main__ INFO] - TEST 63
[2018/09/25 11:22:36 __main__ INFO] - - epoch 63    c10h_train    : 0.5915 (acc: 0.9863) | c10h_val    : 0.7863 (acc: 0.9250)
[2018/09/25 11:22:36 __main__ INFO] - -            c10h_train_c10: 0.0046 (acc: 0.9941) | c10h_val_c10: 0.3669 (acc: 0.9270)
[2018/09/25 11:22:36 __main__ INFO] - -            v4            : 0.9707 (acc: 0.8219) |           v6: 0.8456 (acc: 0.8415)
[2018/09/25 11:22:36 __main__ INFO] - -            c10_50k       : 0.0579 (acc: 0.9816)
[2018/09/25 11:22:36 __main__ INFO] - Elapsed 21.49
keys:  dict_keys(['epoch', 'c10h_train_loss', 'c10h_train_acc', 'c10h_val_loss', 'c10h_val_acc', 'c10h_train_c10_loss', 'c10h_train_c10_acc', 'c10h_val_c10_loss', 'c10h_val_c10_acc', 'v4_loss', 'v4_acc', 'v6_loss', 'v6_acc', 'c10_50k_loss', 'c10_50k_acc']) 
 c10h_outdir:  /tigress/ruairidh/model_results/run_1/saves/vgg_15_BN_64/con_True_lr_0.01_seed_1
[2018/09/25 11:22:36 __main__ INFO] - Train 64
[2018/09/25 11:22:40 __main__ INFO] - TEST 64
[2018/09/25 11:23:02 __main__ INFO] - - epoch 64    c10h_train    : 0.5935 (acc: 0.9869) | c10h_val    : 0.7739 (acc: 0.9250)
[2018/09/25 11:23:02 __main__ INFO] - -            c10h_train_c10: 0.0040 (acc: 0.9946) | c10h_val_c10: 0.3505 (acc: 0.9270)
[2018/09/25 11:23:02 __main__ INFO] - -            v4            : 0.9563 (acc: 0.8154) |           v6: 0.8320 (acc: 0.8425)
[2018/09/25 11:23:02 __main__ INFO] - -            c10_50k       : 0.0575 (acc: 0.9815)
[2018/09/25 11:23:02 __main__ INFO] - Elapsed 21.42
keys:  dict_keys(['epoch', 'c10h_train_loss', 'c10h_train_acc', 'c10h_val_loss', 'c10h_val_acc', 'c10h_train_c10_loss', 'c10h_train_c10_acc', 'c10h_val_c10_loss', 'c10h_val_c10_acc', 'v4_loss', 'v4_acc', 'v6_loss', 'v6_acc', 'c10_50k_loss', 'c10_50k_acc']) 
 c10h_outdir:  /tigress/ruairidh/model_results/run_1/saves/vgg_15_BN_64/con_True_lr_0.01_seed_1
[2018/09/25 11:23:03 __main__ INFO] - Train 65
[2018/09/25 11:23:07 __main__ INFO] - TEST 65
[2018/09/25 11:23:28 __main__ INFO] - - epoch 65    c10h_train    : 0.5848 (acc: 0.9868) | c10h_val    : 0.7656 (acc: 0.9200)
[2018/09/25 11:23:28 __main__ INFO] - -            c10h_train_c10: 0.0039 (acc: 0.9946) | c10h_val_c10: 0.3580 (acc: 0.9210)
[2018/09/25 11:23:28 __main__ INFO] - -            v4            : 0.9480 (acc: 0.8174) |           v6: 0.8383 (acc: 0.8390)
[2018/09/25 11:23:28 __main__ INFO] - -            c10_50k       : 0.0584 (acc: 0.9810)
[2018/09/25 11:23:28 __main__ INFO] - Elapsed 21.36
keys:  dict_keys(['epoch', 'c10h_train_loss', 'c10h_train_acc', 'c10h_val_loss', 'c10h_val_acc', 'c10h_train_c10_loss', 'c10h_train_c10_acc', 'c10h_val_c10_loss', 'c10h_val_c10_acc', 'v4_loss', 'v4_acc', 'v6_loss', 'v6_acc', 'c10_50k_loss', 'c10_50k_acc']) 
 c10h_outdir:  /tigress/ruairidh/model_results/run_1/saves/vgg_15_BN_64/con_True_lr_0.01_seed_1
[2018/09/25 11:23:29 __main__ INFO] - Train 66
[2018/09/25 11:23:33 __main__ INFO] - TEST 66
[2018/09/25 11:23:54 __main__ INFO] - - epoch 66    c10h_train    : 0.5982 (acc: 0.9870) | c10h_val    : 0.7923 (acc: 0.9220)
[2018/09/25 11:23:54 __main__ INFO] - -            c10h_train_c10: 0.0034 (acc: 0.9949) | c10h_val_c10: 0.3738 (acc: 0.9210)
[2018/09/25 11:23:54 __main__ INFO] - -            v4            : 0.9864 (acc: 0.8179) |           v6: 0.8268 (acc: 0.8415)
[2018/09/25 11:23:54 __main__ INFO] - -            c10_50k       : 0.0563 (acc: 0.9822)
[2018/09/25 11:23:54 __main__ INFO] - Elapsed 21.48
keys:  dict_keys(['epoch', 'c10h_train_loss', 'c10h_train_acc', 'c10h_val_loss', 'c10h_val_acc', 'c10h_train_c10_loss', 'c10h_train_c10_acc', 'c10h_val_c10_loss', 'c10h_val_c10_acc', 'v4_loss', 'v4_acc', 'v6_loss', 'v6_acc', 'c10_50k_loss', 'c10_50k_acc']) 
 c10h_outdir:  /tigress/ruairidh/model_results/run_1/saves/vgg_15_BN_64/con_True_lr_0.01_seed_1
[2018/09/25 11:23:55 __main__ INFO] - Train 67
[2018/09/25 11:23:59 __main__ INFO] - TEST 67
[2018/09/25 11:24:20 __main__ INFO] - - epoch 67    c10h_train    : 0.5899 (acc: 0.9871) | c10h_val    : 0.7710 (acc: 0.9220)
[2018/09/25 11:24:20 __main__ INFO] - -            c10h_train_c10: 0.0038 (acc: 0.9949) | c10h_val_c10: 0.3534 (acc: 0.9220)
[2018/09/25 11:24:20 __main__ INFO] - -            v4            : 0.9449 (acc: 0.8229) |           v6: 0.8218 (acc: 0.8425)
[2018/09/25 11:24:20 __main__ INFO] - -            c10_50k       : 0.0526 (acc: 0.9835)
[2018/09/25 11:24:20 __main__ INFO] - Elapsed 21.42
keys:  dict_keys(['epoch', 'c10h_train_loss', 'c10h_train_acc', 'c10h_val_loss', 'c10h_val_acc', 'c10h_train_c10_loss', 'c10h_train_c10_acc', 'c10h_val_c10_loss', 'c10h_val_c10_acc', 'v4_loss', 'v4_acc', 'v6_loss', 'v6_acc', 'c10_50k_loss', 'c10_50k_acc']) 
 c10h_outdir:  /tigress/ruairidh/model_results/run_1/saves/vgg_15_BN_64/con_True_lr_0.01_seed_1
[2018/09/25 11:24:21 __main__ INFO] - Train 68
[2018/09/25 11:24:25 __main__ INFO] - TEST 68
[2018/09/25 11:24:47 __main__ INFO] - - epoch 68    c10h_train    : 0.6045 (acc: 0.9873) | c10h_val    : 0.8043 (acc: 0.9200)
[2018/09/25 11:24:47 __main__ INFO] - -            c10h_train_c10: 0.0026 (acc: 0.9953) | c10h_val_c10: 0.3763 (acc: 0.9200)
[2018/09/25 11:24:47 __main__ INFO] - -            v4            : 0.8828 (acc: 0.8288) |           v6: 0.8329 (acc: 0.8430)
[2018/09/25 11:24:47 __main__ INFO] - -            c10_50k       : 0.0559 (acc: 0.9816)
[2018/09/25 11:24:47 __main__ INFO] - Elapsed 21.59
keys:  dict_keys(['epoch', 'c10h_train_loss', 'c10h_train_acc', 'c10h_val_loss', 'c10h_val_acc', 'c10h_train_c10_loss', 'c10h_train_c10_acc', 'c10h_val_c10_loss', 'c10h_val_c10_acc', 'v4_loss', 'v4_acc', 'v6_loss', 'v6_acc', 'c10_50k_loss', 'c10_50k_acc']) 
 c10h_outdir:  /tigress/ruairidh/model_results/run_1/saves/vgg_15_BN_64/con_True_lr_0.01_seed_1
[2018/09/25 11:24:48 __main__ INFO] - Train 69
[2018/09/25 11:24:52 __main__ INFO] - TEST 69
[2018/09/25 11:25:13 __main__ INFO] - - epoch 69    c10h_train    : 0.5957 (acc: 0.9872) | c10h_val    : 0.7858 (acc: 0.9250)
[2018/09/25 11:25:13 __main__ INFO] - -            c10h_train_c10: 0.0020 (acc: 0.9952) | c10h_val_c10: 0.3696 (acc: 0.9270)
[2018/09/25 11:25:13 __main__ INFO] - -            v4            : 0.9070 (acc: 0.8278) |           v6: 0.8065 (acc: 0.8475)
[2018/09/25 11:25:13 __main__ INFO] - -            c10_50k       : 0.0502 (acc: 0.9837)
[2018/09/25 11:25:13 __main__ INFO] - Elapsed 21.38
keys:  dict_keys(['epoch', 'c10h_train_loss', 'c10h_train_acc', 'c10h_val_loss', 'c10h_val_acc', 'c10h_train_c10_loss', 'c10h_train_c10_acc', 'c10h_val_c10_loss', 'c10h_val_c10_acc', 'v4_loss', 'v4_acc', 'v6_loss', 'v6_acc', 'c10_50k_loss', 'c10_50k_acc']) 
 c10h_outdir:  /tigress/ruairidh/model_results/run_1/saves/vgg_15_BN_64/con_True_lr_0.01_seed_1
[2018/09/25 11:25:14 __main__ INFO] - Train 70
[2018/09/25 11:25:18 __main__ INFO] - TEST 70
[2018/09/25 11:25:39 __main__ INFO] - - epoch 70    c10h_train    : 0.6004 (acc: 0.9868) | c10h_val    : 0.7741 (acc: 0.9220)
[2018/09/25 11:25:39 __main__ INFO] - -            c10h_train_c10: 0.0034 (acc: 0.9948) | c10h_val_c10: 0.3602 (acc: 0.9220)
[2018/09/25 11:25:39 __main__ INFO] - -            v4            : 0.9707 (acc: 0.8189) |           v6: 0.8166 (acc: 0.8405)
[2018/09/25 11:25:39 __main__ INFO] - -            c10_50k       : 0.0548 (acc: 0.9816)
[2018/09/25 11:25:39 __main__ INFO] - Elapsed 21.43
keys:  dict_keys(['epoch', 'c10h_train_loss', 'c10h_train_acc', 'c10h_val_loss', 'c10h_val_acc', 'c10h_train_c10_loss', 'c10h_train_c10_acc', 'c10h_val_c10_loss', 'c10h_val_c10_acc', 'v4_loss', 'v4_acc', 'v6_loss', 'v6_acc', 'c10_50k_loss', 'c10_50k_acc']) 
 c10h_outdir:  /tigress/ruairidh/model_results/run_1/saves/vgg_15_BN_64/con_True_lr_0.01_seed_1
[2018/09/25 11:25:40 __main__ INFO] - Train 71
[2018/09/25 11:25:44 __main__ INFO] - TEST 71
[2018/09/25 11:26:06 __main__ INFO] - - epoch 71    c10h_train    : 0.5979 (acc: 0.9864) | c10h_val    : 0.7996 (acc: 0.9140)
[2018/09/25 11:26:06 __main__ INFO] - -            c10h_train_c10: 0.0035 (acc: 0.9944) | c10h_val_c10: 0.3893 (acc: 0.9150)
[2018/09/25 11:26:06 __main__ INFO] - -            v4            : 0.9618 (acc: 0.8164) |           v6: 0.8284 (acc: 0.8405)
[2018/09/25 11:26:06 __main__ INFO] - -            c10_50k       : 0.0571 (acc: 0.9822)
[2018/09/25 11:26:06 __main__ INFO] - Elapsed 21.41
keys:  dict_keys(['epoch', 'c10h_train_loss', 'c10h_train_acc', 'c10h_val_loss', 'c10h_val_acc', 'c10h_train_c10_loss', 'c10h_train_c10_acc', 'c10h_val_c10_loss', 'c10h_val_c10_acc', 'v4_loss', 'v4_acc', 'v6_loss', 'v6_acc', 'c10_50k_loss', 'c10_50k_acc']) 
 c10h_outdir:  /tigress/ruairidh/model_results/run_1/saves/vgg_15_BN_64/con_True_lr_0.01_seed_1
[2018/09/25 11:26:07 __main__ INFO] - Train 72
[2018/09/25 11:26:11 __main__ INFO] - TEST 72
[2018/09/25 11:26:32 __main__ INFO] - - epoch 72    c10h_train    : 0.5927 (acc: 0.9869) | c10h_val    : 0.8078 (acc: 0.9170)
[2018/09/25 11:26:32 __main__ INFO] - -            c10h_train_c10: 0.0030 (acc: 0.9948) | c10h_val_c10: 0.3969 (acc: 0.9180)
[2018/09/25 11:26:32 __main__ INFO] - -            v4            : 0.9466 (acc: 0.8248) |           v6: 0.8187 (acc: 0.8430)
[2018/09/25 11:26:32 __main__ INFO] - -            c10_50k       : 0.0569 (acc: 0.9814)
[2018/09/25 11:26:32 __main__ INFO] - Elapsed 21.38
keys:  dict_keys(['epoch', 'c10h_train_loss', 'c10h_train_acc', 'c10h_val_loss', 'c10h_val_acc', 'c10h_train_c10_loss', 'c10h_train_c10_acc', 'c10h_val_c10_loss', 'c10h_val_c10_acc', 'v4_loss', 'v4_acc', 'v6_loss', 'v6_acc', 'c10_50k_loss', 'c10_50k_acc']) 
 c10h_outdir:  /tigress/ruairidh/model_results/run_1/saves/vgg_15_BN_64/con_True_lr_0.01_seed_1
[2018/09/25 11:26:32 __main__ INFO] - Train 73
[2018/09/25 11:26:37 __main__ INFO] - TEST 73
[2018/09/25 11:26:58 __main__ INFO] - - epoch 73    c10h_train    : 0.5957 (acc: 0.9870) | c10h_val    : 0.8016 (acc: 0.9210)
[2018/09/25 11:26:58 __main__ INFO] - -            c10h_train_c10: 0.0036 (acc: 0.9949) | c10h_val_c10: 0.3905 (acc: 0.9220)
[2018/09/25 11:26:58 __main__ INFO] - -            v4            : 0.9673 (acc: 0.8184) |           v6: 0.8297 (acc: 0.8425)
[2018/09/25 11:26:58 __main__ INFO] - -            c10_50k       : 0.0548 (acc: 0.9824)
[2018/09/25 11:26:58 __main__ INFO] - Elapsed 21.36
keys:  dict_keys(['epoch', 'c10h_train_loss', 'c10h_train_acc', 'c10h_val_loss', 'c10h_val_acc', 'c10h_train_c10_loss', 'c10h_train_c10_acc', 'c10h_val_c10_loss', 'c10h_val_c10_acc', 'v4_loss', 'v4_acc', 'v6_loss', 'v6_acc', 'c10_50k_loss', 'c10_50k_acc']) 
 c10h_outdir:  /tigress/ruairidh/model_results/run_1/saves/vgg_15_BN_64/con_True_lr_0.01_seed_1
[2018/09/25 11:26:58 __main__ INFO] - Train 74
[2018/09/25 11:27:02 __main__ INFO] - TEST 74
[2018/09/25 11:27:24 __main__ INFO] - - epoch 74    c10h_train    : 0.5954 (acc: 0.9867) | c10h_val    : 0.7929 (acc: 0.9240)
[2018/09/25 11:27:24 __main__ INFO] - -            c10h_train_c10: 0.0036 (acc: 0.9947) | c10h_val_c10: 0.3831 (acc: 0.9230)
[2018/09/25 11:27:24 __main__ INFO] - -            v4            : 0.9044 (acc: 0.8313) |           v6: 0.8150 (acc: 0.8410)
[2018/09/25 11:27:24 __main__ INFO] - -            c10_50k       : 0.0550 (acc: 0.9830)
[2018/09/25 11:27:24 __main__ INFO] - Elapsed 21.37
keys:  dict_keys(['epoch', 'c10h_train_loss', 'c10h_train_acc', 'c10h_val_loss', 'c10h_val_acc', 'c10h_train_c10_loss', 'c10h_train_c10_acc', 'c10h_val_c10_loss', 'c10h_val_c10_acc', 'v4_loss', 'v4_acc', 'v6_loss', 'v6_acc', 'c10_50k_loss', 'c10_50k_acc']) 
 c10h_outdir:  /tigress/ruairidh/model_results/run_1/saves/vgg_15_BN_64/con_True_lr_0.01_seed_1
[2018/09/25 11:27:24 __main__ INFO] - Train 75
[2018/09/25 11:27:28 __main__ INFO] - TEST 75
[2018/09/25 11:27:50 __main__ INFO] - - epoch 75    c10h_train    : 0.5997 (acc: 0.9870) | c10h_val    : 0.7882 (acc: 0.9230)
[2018/09/25 11:27:50 __main__ INFO] - -            c10h_train_c10: 0.0025 (acc: 0.9949) | c10h_val_c10: 0.3694 (acc: 0.9240)
[2018/09/25 11:27:50 __main__ INFO] - -            v4            : 0.9468 (acc: 0.8209) |           v6: 0.8120 (acc: 0.8455)
[2018/09/25 11:27:50 __main__ INFO] - -            c10_50k       : 0.0560 (acc: 0.9819)
[2018/09/25 11:27:50 __main__ INFO] - Elapsed 21.46
keys:  dict_keys(['epoch', 'c10h_train_loss', 'c10h_train_acc', 'c10h_val_loss', 'c10h_val_acc', 'c10h_train_c10_loss', 'c10h_train_c10_acc', 'c10h_val_c10_loss', 'c10h_val_c10_acc', 'v4_loss', 'v4_acc', 'v6_loss', 'v6_acc', 'c10_50k_loss', 'c10_50k_acc']) 
 c10h_outdir:  /tigress/ruairidh/model_results/run_1/saves/vgg_15_BN_64/con_True_lr_0.01_seed_1
[2018/09/25 11:27:50 __main__ INFO] - Train 76
[2018/09/25 11:27:54 __main__ INFO] - TEST 76
[2018/09/25 11:28:16 __main__ INFO] - - epoch 76    c10h_train    : 0.5971 (acc: 0.9868) | c10h_val    : 0.7923 (acc: 0.9240)
[2018/09/25 11:28:16 __main__ INFO] - -            c10h_train_c10: 0.0047 (acc: 0.9947) | c10h_val_c10: 0.3758 (acc: 0.9250)
[2018/09/25 11:28:16 __main__ INFO] - -            v4            : 0.9636 (acc: 0.8174) |           v6: 0.8417 (acc: 0.8380)
[2018/09/25 11:28:16 __main__ INFO] - -            c10_50k       : 0.0572 (acc: 0.9817)
[2018/09/25 11:28:16 __main__ INFO] - Elapsed 21.51
keys:  dict_keys(['epoch', 'c10h_train_loss', 'c10h_train_acc', 'c10h_val_loss', 'c10h_val_acc', 'c10h_train_c10_loss', 'c10h_train_c10_acc', 'c10h_val_c10_loss', 'c10h_val_c10_acc', 'v4_loss', 'v4_acc', 'v6_loss', 'v6_acc', 'c10_50k_loss', 'c10_50k_acc']) 
 c10h_outdir:  /tigress/ruairidh/model_results/run_1/saves/vgg_15_BN_64/con_True_lr_0.01_seed_1
[2018/09/25 11:28:17 __main__ INFO] - Train 77
[2018/09/25 11:28:21 __main__ INFO] - TEST 77
[2018/09/25 11:28:43 __main__ INFO] - - epoch 77    c10h_train    : 0.6080 (acc: 0.9874) | c10h_val    : 0.8136 (acc: 0.9220)
[2018/09/25 11:28:43 __main__ INFO] - -            c10h_train_c10: 0.0018 (acc: 0.9953) | c10h_val_c10: 0.3907 (acc: 0.9220)
[2018/09/25 11:28:43 __main__ INFO] - -            v4            : 0.9492 (acc: 0.8243) |           v6: 0.8224 (acc: 0.8475)
[2018/09/25 11:28:43 __main__ INFO] - -            c10_50k       : 0.0543 (acc: 0.9831)
[2018/09/25 11:28:43 __main__ INFO] - Elapsed 21.41
keys:  dict_keys(['epoch', 'c10h_train_loss', 'c10h_train_acc', 'c10h_val_loss', 'c10h_val_acc', 'c10h_train_c10_loss', 'c10h_train_c10_acc', 'c10h_val_c10_loss', 'c10h_val_c10_acc', 'v4_loss', 'v4_acc', 'v6_loss', 'v6_acc', 'c10_50k_loss', 'c10_50k_acc']) 
 c10h_outdir:  /tigress/ruairidh/model_results/run_1/saves/vgg_15_BN_64/con_True_lr_0.01_seed_1
[2018/09/25 11:28:43 __main__ INFO] - Train 78
[2018/09/25 11:28:47 __main__ INFO] - TEST 78
[2018/09/25 11:29:09 __main__ INFO] - - epoch 78    c10h_train    : 0.6010 (acc: 0.9871) | c10h_val    : 0.8037 (acc: 0.9150)
[2018/09/25 11:29:09 __main__ INFO] - -            c10h_train_c10: 0.0029 (acc: 0.9951) | c10h_val_c10: 0.3889 (acc: 0.9160)
[2018/09/25 11:29:09 __main__ INFO] - -            v4            : 0.9289 (acc: 0.8323) |           v6: 0.8189 (acc: 0.8430)
[2018/09/25 11:29:09 __main__ INFO] - -            c10_50k       : 0.0581 (acc: 0.9816)
[2018/09/25 11:29:09 __main__ INFO] - Elapsed 21.50
keys:  dict_keys(['epoch', 'c10h_train_loss', 'c10h_train_acc', 'c10h_val_loss', 'c10h_val_acc', 'c10h_train_c10_loss', 'c10h_train_c10_acc', 'c10h_val_c10_loss', 'c10h_val_c10_acc', 'v4_loss', 'v4_acc', 'v6_loss', 'v6_acc', 'c10_50k_loss', 'c10_50k_acc']) 
 c10h_outdir:  /tigress/ruairidh/model_results/run_1/saves/vgg_15_BN_64/con_True_lr_0.01_seed_1
[2018/09/25 11:29:10 __main__ INFO] - Train 79
[2018/09/25 11:29:14 __main__ INFO] - TEST 79
[2018/09/25 11:29:35 __main__ INFO] - - epoch 79    c10h_train    : 0.6053 (acc: 0.9871) | c10h_val    : 0.7986 (acc: 0.9180)
[2018/09/25 11:29:35 __main__ INFO] - -            c10h_train_c10: 0.0020 (acc: 0.9951) | c10h_val_c10: 0.3791 (acc: 0.9190)
[2018/09/25 11:29:35 __main__ INFO] - -            v4            : 0.9145 (acc: 0.8298) |           v6: 0.8172 (acc: 0.8485)
[2018/09/25 11:29:35 __main__ INFO] - -            c10_50k       : 0.0534 (acc: 0.9827)
[2018/09/25 11:29:35 __main__ INFO] - Elapsed 21.51
keys:  dict_keys(['epoch', 'c10h_train_loss', 'c10h_train_acc', 'c10h_val_loss', 'c10h_val_acc', 'c10h_train_c10_loss', 'c10h_train_c10_acc', 'c10h_val_c10_loss', 'c10h_val_c10_acc', 'v4_loss', 'v4_acc', 'v6_loss', 'v6_acc', 'c10_50k_loss', 'c10_50k_acc']) 
 c10h_outdir:  /tigress/ruairidh/model_results/run_1/saves/vgg_15_BN_64/con_True_lr_0.01_seed_1
[2018/09/25 11:29:36 __main__ INFO] - Train 80
[2018/09/25 11:29:40 __main__ INFO] - TEST 80
[2018/09/25 11:30:01 __main__ INFO] - - epoch 80    c10h_train    : 0.6108 (acc: 0.9869) | c10h_val    : 0.8105 (acc: 0.9180)
[2018/09/25 11:30:01 __main__ INFO] - -            c10h_train_c10: 0.0029 (acc: 0.9949) | c10h_val_c10: 0.3825 (acc: 0.9190)
[2018/09/25 11:30:01 __main__ INFO] - -            v4            : 0.9406 (acc: 0.8303) |           v6: 0.8125 (acc: 0.8440)
[2018/09/25 11:30:01 __main__ INFO] - -            c10_50k       : 0.0563 (acc: 0.9823)
[2018/09/25 11:30:01 __main__ INFO] - Elapsed 21.56
keys:  dict_keys(['epoch', 'c10h_train_loss', 'c10h_train_acc', 'c10h_val_loss', 'c10h_val_acc', 'c10h_train_c10_loss', 'c10h_train_c10_acc', 'c10h_val_c10_loss', 'c10h_val_c10_acc', 'v4_loss', 'v4_acc', 'v6_loss', 'v6_acc', 'c10_50k_loss', 'c10_50k_acc']) 
 c10h_outdir:  /tigress/ruairidh/model_results/run_1/saves/vgg_15_BN_64/con_True_lr_0.01_seed_1
[2018/09/25 11:30:02 __main__ INFO] - Train 81
[2018/09/25 11:30:06 __main__ INFO] - TEST 81
[2018/09/25 11:30:28 __main__ INFO] - - epoch 81    c10h_train    : 0.6013 (acc: 0.9871) | c10h_val    : 0.7979 (acc: 0.9180)
[2018/09/25 11:30:28 __main__ INFO] - -            c10h_train_c10: 0.0019 (acc: 0.9951) | c10h_val_c10: 0.3764 (acc: 0.9190)
[2018/09/25 11:30:28 __main__ INFO] - -            v4            : 0.9324 (acc: 0.8273) |           v6: 0.8071 (acc: 0.8460)
[2018/09/25 11:30:28 __main__ INFO] - -            c10_50k       : 0.0515 (acc: 0.9835)
[2018/09/25 11:30:28 __main__ INFO] - Elapsed 21.48
keys:  dict_keys(['epoch', 'c10h_train_loss', 'c10h_train_acc', 'c10h_val_loss', 'c10h_val_acc', 'c10h_train_c10_loss', 'c10h_train_c10_acc', 'c10h_val_c10_loss', 'c10h_val_c10_acc', 'v4_loss', 'v4_acc', 'v6_loss', 'v6_acc', 'c10_50k_loss', 'c10_50k_acc']) 
 c10h_outdir:  /tigress/ruairidh/model_results/run_1/saves/vgg_15_BN_64/con_True_lr_0.01_seed_1
[2018/09/25 11:30:29 __main__ INFO] - Train 82
[2018/09/25 11:30:33 __main__ INFO] - TEST 82
[2018/09/25 11:30:54 __main__ INFO] - - epoch 82    c10h_train    : 0.6079 (acc: 0.9876) | c10h_val    : 0.7974 (acc: 0.9200)
[2018/09/25 11:30:54 __main__ INFO] - -            c10h_train_c10: 0.0017 (acc: 0.9953) | c10h_val_c10: 0.3771 (acc: 0.9210)
[2018/09/25 11:30:54 __main__ INFO] - -            v4            : 0.9280 (acc: 0.8204) |           v6: 0.8061 (acc: 0.8425)
[2018/09/25 11:30:54 __main__ INFO] - -            c10_50k       : 0.0534 (acc: 0.9827)
[2018/09/25 11:30:54 __main__ INFO] - Elapsed 21.62
keys:  dict_keys(['epoch', 'c10h_train_loss', 'c10h_train_acc', 'c10h_val_loss', 'c10h_val_acc', 'c10h_train_c10_loss', 'c10h_train_c10_acc', 'c10h_val_c10_loss', 'c10h_val_c10_acc', 'v4_loss', 'v4_acc', 'v6_loss', 'v6_acc', 'c10_50k_loss', 'c10_50k_acc']) 
 c10h_outdir:  /tigress/ruairidh/model_results/run_1/saves/vgg_15_BN_64/con_True_lr_0.01_seed_1
[2018/09/25 11:30:55 __main__ INFO] - Train 83
[2018/09/25 11:30:59 __main__ INFO] - TEST 83
[2018/09/25 11:31:20 __main__ INFO] - - epoch 83    c10h_train    : 0.6111 (acc: 0.9872) | c10h_val    : 0.8007 (acc: 0.9160)
[2018/09/25 11:31:20 __main__ INFO] - -            c10h_train_c10: 0.0017 (acc: 0.9952) | c10h_val_c10: 0.3778 (acc: 0.9170)
[2018/09/25 11:31:20 __main__ INFO] - -            v4            : 0.8985 (acc: 0.8372) |           v6: 0.8159 (acc: 0.8445)
[2018/09/25 11:31:20 __main__ INFO] - -            c10_50k       : 0.0515 (acc: 0.9834)
[2018/09/25 11:31:20 __main__ INFO] - Elapsed 21.39
keys:  dict_keys(['epoch', 'c10h_train_loss', 'c10h_train_acc', 'c10h_val_loss', 'c10h_val_acc', 'c10h_train_c10_loss', 'c10h_train_c10_acc', 'c10h_val_c10_loss', 'c10h_val_c10_acc', 'v4_loss', 'v4_acc', 'v6_loss', 'v6_acc', 'c10_50k_loss', 'c10_50k_acc']) 
 c10h_outdir:  /tigress/ruairidh/model_results/run_1/saves/vgg_15_BN_64/con_True_lr_0.01_seed_1
[2018/09/25 11:31:21 __main__ INFO] - Train 84
[2018/09/25 11:31:25 __main__ INFO] - TEST 84
[2018/09/25 11:31:46 __main__ INFO] - - epoch 84    c10h_train    : 0.6080 (acc: 0.9874) | c10h_val    : 0.7961 (acc: 0.9190)
[2018/09/25 11:31:46 __main__ INFO] - -            c10h_train_c10: 0.0015 (acc: 0.9953) | c10h_val_c10: 0.3746 (acc: 0.9200)
[2018/09/25 11:31:46 __main__ INFO] - -            v4            : 0.9209 (acc: 0.8318) |           v6: 0.8098 (acc: 0.8480)
[2018/09/25 11:31:46 __main__ INFO] - -            c10_50k       : 0.0508 (acc: 0.9840)
[2018/09/25 11:31:46 __main__ INFO] - Elapsed 21.51
keys:  dict_keys(['epoch', 'c10h_train_loss', 'c10h_train_acc', 'c10h_val_loss', 'c10h_val_acc', 'c10h_train_c10_loss', 'c10h_train_c10_acc', 'c10h_val_c10_loss', 'c10h_val_c10_acc', 'v4_loss', 'v4_acc', 'v6_loss', 'v6_acc', 'c10_50k_loss', 'c10_50k_acc']) 
 c10h_outdir:  /tigress/ruairidh/model_results/run_1/saves/vgg_15_BN_64/con_True_lr_0.01_seed_1
[2018/09/25 11:31:47 __main__ INFO] - Train 85
[2018/09/25 11:31:51 __main__ INFO] - TEST 85
[2018/09/25 11:32:12 __main__ INFO] - - epoch 85    c10h_train    : 0.6144 (acc: 0.9871) | c10h_val    : 0.8068 (acc: 0.9180)
[2018/09/25 11:32:12 __main__ INFO] - -            c10h_train_c10: 0.0021 (acc: 0.9950) | c10h_val_c10: 0.3828 (acc: 0.9180)
[2018/09/25 11:32:12 __main__ INFO] - -            v4            : 0.9062 (acc: 0.8229) |           v6: 0.8122 (acc: 0.8450)
[2018/09/25 11:32:12 __main__ INFO] - -            c10_50k       : 0.0536 (acc: 0.9826)
[2018/09/25 11:32:12 __main__ INFO] - Elapsed 21.48
keys:  dict_keys(['epoch', 'c10h_train_loss', 'c10h_train_acc', 'c10h_val_loss', 'c10h_val_acc', 'c10h_train_c10_loss', 'c10h_train_c10_acc', 'c10h_val_c10_loss', 'c10h_val_c10_acc', 'v4_loss', 'v4_acc', 'v6_loss', 'v6_acc', 'c10_50k_loss', 'c10_50k_acc']) 
 c10h_outdir:  /tigress/ruairidh/model_results/run_1/saves/vgg_15_BN_64/con_True_lr_0.01_seed_1
[2018/09/25 11:32:13 __main__ INFO] - Train 86
[2018/09/25 11:32:17 __main__ INFO] - TEST 86
[2018/09/25 11:32:39 __main__ INFO] - - epoch 86    c10h_train    : 0.6031 (acc: 0.9874) | c10h_val    : 0.7958 (acc: 0.9190)
[2018/09/25 11:32:39 __main__ INFO] - -            c10h_train_c10: 0.0013 (acc: 0.9954) | c10h_val_c10: 0.3744 (acc: 0.9200)
[2018/09/25 11:32:39 __main__ INFO] - -            v4            : 0.9270 (acc: 0.8298) |           v6: 0.8064 (acc: 0.8465)
[2018/09/25 11:32:39 __main__ INFO] - -            c10_50k       : 0.0533 (acc: 0.9827)
[2018/09/25 11:32:39 __main__ INFO] - Elapsed 21.47
keys:  dict_keys(['epoch', 'c10h_train_loss', 'c10h_train_acc', 'c10h_val_loss', 'c10h_val_acc', 'c10h_train_c10_loss', 'c10h_train_c10_acc', 'c10h_val_c10_loss', 'c10h_val_c10_acc', 'v4_loss', 'v4_acc', 'v6_loss', 'v6_acc', 'c10_50k_loss', 'c10_50k_acc']) 
 c10h_outdir:  /tigress/ruairidh/model_results/run_1/saves/vgg_15_BN_64/con_True_lr_0.01_seed_1
[2018/09/25 11:32:39 __main__ INFO] - Train 87
[2018/09/25 11:32:43 __main__ INFO] - TEST 87
[2018/09/25 11:33:05 __main__ INFO] - - epoch 87    c10h_train    : 0.6131 (acc: 0.9873) | c10h_val    : 0.8024 (acc: 0.9200)
[2018/09/25 11:33:05 __main__ INFO] - -            c10h_train_c10: 0.0014 (acc: 0.9953) | c10h_val_c10: 0.3783 (acc: 0.9210)
[2018/09/25 11:33:05 __main__ INFO] - -            v4            : 0.9235 (acc: 0.8194) |           v6: 0.8182 (acc: 0.8445)
[2018/09/25 11:33:05 __main__ INFO] - -            c10_50k       : 0.0516 (acc: 0.9833)
[2018/09/25 11:33:05 __main__ INFO] - Elapsed 21.51
keys:  dict_keys(['epoch', 'c10h_train_loss', 'c10h_train_acc', 'c10h_val_loss', 'c10h_val_acc', 'c10h_train_c10_loss', 'c10h_train_c10_acc', 'c10h_val_c10_loss', 'c10h_val_c10_acc', 'v4_loss', 'v4_acc', 'v6_loss', 'v6_acc', 'c10_50k_loss', 'c10_50k_acc']) 
 c10h_outdir:  /tigress/ruairidh/model_results/run_1/saves/vgg_15_BN_64/con_True_lr_0.01_seed_1
[2018/09/25 11:33:05 __main__ INFO] - Train 88
[2018/09/25 11:33:09 __main__ INFO] - TEST 88
[2018/09/25 11:33:31 __main__ INFO] - - epoch 88    c10h_train    : 0.6120 (acc: 0.9877) | c10h_val    : 0.8039 (acc: 0.9190)
[2018/09/25 11:33:31 __main__ INFO] - -            c10h_train_c10: 0.0014 (acc: 0.9954) | c10h_val_c10: 0.3781 (acc: 0.9200)
[2018/09/25 11:33:31 __main__ INFO] - -            v4            : 0.9467 (acc: 0.8318) |           v6: 0.8201 (acc: 0.8495)
[2018/09/25 11:33:31 __main__ INFO] - -            c10_50k       : 0.0510 (acc: 0.9832)
[2018/09/25 11:33:31 __main__ INFO] - Elapsed 21.48
keys:  dict_keys(['epoch', 'c10h_train_loss', 'c10h_train_acc', 'c10h_val_loss', 'c10h_val_acc', 'c10h_train_c10_loss', 'c10h_train_c10_acc', 'c10h_val_c10_loss', 'c10h_val_c10_acc', 'v4_loss', 'v4_acc', 'v6_loss', 'v6_acc', 'c10_50k_loss', 'c10_50k_acc']) 
 c10h_outdir:  /tigress/ruairidh/model_results/run_1/saves/vgg_15_BN_64/con_True_lr_0.01_seed_1
[2018/09/25 11:33:32 __main__ INFO] - Train 89
[2018/09/25 11:33:36 __main__ INFO] - TEST 89
[2018/09/25 11:33:57 __main__ INFO] - - epoch 89    c10h_train    : 0.6070 (acc: 0.9874) | c10h_val    : 0.7916 (acc: 0.9170)
[2018/09/25 11:33:57 __main__ INFO] - -            c10h_train_c10: 0.0015 (acc: 0.9953) | c10h_val_c10: 0.3718 (acc: 0.9180)
[2018/09/25 11:33:57 __main__ INFO] - -            v4            : 0.9297 (acc: 0.8273) |           v6: 0.8109 (acc: 0.8485)
[2018/09/25 11:33:57 __main__ INFO] - -            c10_50k       : 0.0526 (acc: 0.9841)
[2018/09/25 11:33:57 __main__ INFO] - Elapsed 21.49
keys:  dict_keys(['epoch', 'c10h_train_loss', 'c10h_train_acc', 'c10h_val_loss', 'c10h_val_acc', 'c10h_train_c10_loss', 'c10h_train_c10_acc', 'c10h_val_c10_loss', 'c10h_val_c10_acc', 'v4_loss', 'v4_acc', 'v6_loss', 'v6_acc', 'c10_50k_loss', 'c10_50k_acc']) 
 c10h_outdir:  /tigress/ruairidh/model_results/run_1/saves/vgg_15_BN_64/con_True_lr_0.01_seed_1
[2018/09/25 11:33:58 __main__ INFO] - Train 90
[2018/09/25 11:34:02 __main__ INFO] - TEST 90
[2018/09/25 11:34:23 __main__ INFO] - - epoch 90    c10h_train    : 0.6187 (acc: 0.9876) | c10h_val    : 0.7983 (acc: 0.9180)
[2018/09/25 11:34:23 __main__ INFO] - -            c10h_train_c10: 0.0016 (acc: 0.9953) | c10h_val_c10: 0.3757 (acc: 0.9190)
[2018/09/25 11:34:23 __main__ INFO] - -            v4            : 0.9815 (acc: 0.8234) |           v6: 0.8119 (acc: 0.8455)
[2018/09/25 11:34:23 __main__ INFO] - -            c10_50k       : 0.0509 (acc: 0.9833)
[2018/09/25 11:34:23 __main__ INFO] - Elapsed 21.50
keys:  dict_keys(['epoch', 'c10h_train_loss', 'c10h_train_acc', 'c10h_val_loss', 'c10h_val_acc', 'c10h_train_c10_loss', 'c10h_train_c10_acc', 'c10h_val_c10_loss', 'c10h_val_c10_acc', 'v4_loss', 'v4_acc', 'v6_loss', 'v6_acc', 'c10_50k_loss', 'c10_50k_acc']) 
 c10h_outdir:  /tigress/ruairidh/model_results/run_1/saves/vgg_15_BN_64/con_True_lr_0.01_seed_1
[2018/09/25 11:34:24 __main__ INFO] - Train 91
[2018/09/25 11:34:28 __main__ INFO] - TEST 91
[2018/09/25 11:34:49 __main__ INFO] - - epoch 91    c10h_train    : 0.6158 (acc: 0.9871) | c10h_val    : 0.8009 (acc: 0.9190)
[2018/09/25 11:34:49 __main__ INFO] - -            c10h_train_c10: 0.0020 (acc: 0.9951) | c10h_val_c10: 0.3759 (acc: 0.9200)
[2018/09/25 11:34:49 __main__ INFO] - -            v4            : 0.9279 (acc: 0.8273) |           v6: 0.8154 (acc: 0.8475)
[2018/09/25 11:34:49 __main__ INFO] - -            c10_50k       : 0.0523 (acc: 0.9830)
[2018/09/25 11:34:49 __main__ INFO] - Elapsed 21.44
keys:  dict_keys(['epoch', 'c10h_train_loss', 'c10h_train_acc', 'c10h_val_loss', 'c10h_val_acc', 'c10h_train_c10_loss', 'c10h_train_c10_acc', 'c10h_val_c10_loss', 'c10h_val_c10_acc', 'v4_loss', 'v4_acc', 'v6_loss', 'v6_acc', 'c10_50k_loss', 'c10_50k_acc']) 
 c10h_outdir:  /tigress/ruairidh/model_results/run_1/saves/vgg_15_BN_64/con_True_lr_0.01_seed_1
[2018/09/25 11:34:50 __main__ INFO] - Train 92
[2018/09/25 11:34:54 __main__ INFO] - TEST 92
[2018/09/25 11:35:15 __main__ INFO] - - epoch 92    c10h_train    : 0.6149 (acc: 0.9877) | c10h_val    : 0.8044 (acc: 0.9180)
[2018/09/25 11:35:15 __main__ INFO] - -            c10h_train_c10: 0.0013 (acc: 0.9956) | c10h_val_c10: 0.3797 (acc: 0.9190)
[2018/09/25 11:35:15 __main__ INFO] - -            v4            : 0.9308 (acc: 0.8323) |           v6: 0.8135 (acc: 0.8495)
[2018/09/25 11:35:15 __main__ INFO] - -            c10_50k       : 0.0501 (acc: 0.9843)
[2018/09/25 11:35:15 __main__ INFO] - Elapsed 21.45
keys:  dict_keys(['epoch', 'c10h_train_loss', 'c10h_train_acc', 'c10h_val_loss', 'c10h_val_acc', 'c10h_train_c10_loss', 'c10h_train_c10_acc', 'c10h_val_c10_loss', 'c10h_val_c10_acc', 'v4_loss', 'v4_acc', 'v6_loss', 'v6_acc', 'c10_50k_loss', 'c10_50k_acc']) 
 c10h_outdir:  /tigress/ruairidh/model_results/run_1/saves/vgg_15_BN_64/con_True_lr_0.01_seed_1
[2018/09/25 11:35:16 __main__ INFO] - Train 93
[2018/09/25 11:35:20 __main__ INFO] - TEST 93
[2018/09/25 11:35:42 __main__ INFO] - - epoch 93    c10h_train    : 0.6145 (acc: 0.9871) | c10h_val    : 0.8031 (acc: 0.9190)
[2018/09/25 11:35:42 __main__ INFO] - -            c10h_train_c10: 0.0019 (acc: 0.9951) | c10h_val_c10: 0.3792 (acc: 0.9200)
[2018/09/25 11:35:42 __main__ INFO] - -            v4            : 0.9185 (acc: 0.8288) |           v6: 0.8167 (acc: 0.8500)
[2018/09/25 11:35:42 __main__ INFO] - -            c10_50k       : 0.0513 (acc: 0.9832)
[2018/09/25 11:35:42 __main__ INFO] - Elapsed 21.46
keys:  dict_keys(['epoch', 'c10h_train_loss', 'c10h_train_acc', 'c10h_val_loss', 'c10h_val_acc', 'c10h_train_c10_loss', 'c10h_train_c10_acc', 'c10h_val_c10_loss', 'c10h_val_c10_acc', 'v4_loss', 'v4_acc', 'v6_loss', 'v6_acc', 'c10_50k_loss', 'c10_50k_acc']) 
 c10h_outdir:  /tigress/ruairidh/model_results/run_1/saves/vgg_15_BN_64/con_True_lr_0.01_seed_1
[2018/09/25 11:35:42 __main__ INFO] - Train 94
[2018/09/25 11:35:46 __main__ INFO] - TEST 94
[2018/09/25 11:36:08 __main__ INFO] - - epoch 94    c10h_train    : 0.6152 (acc: 0.9876) | c10h_val    : 0.7980 (acc: 0.9170)
[2018/09/25 11:36:08 __main__ INFO] - -            c10h_train_c10: 0.0008 (acc: 0.9956) | c10h_val_c10: 0.3745 (acc: 0.9180)
[2018/09/25 11:36:08 __main__ INFO] - -            v4            : 0.9319 (acc: 0.8308) |           v6: 0.8110 (acc: 0.8480)
[2018/09/25 11:36:08 __main__ INFO] - -            c10_50k       : 0.0490 (acc: 0.9843)
[2018/09/25 11:36:08 __main__ INFO] - Elapsed 21.53
keys:  dict_keys(['epoch', 'c10h_train_loss', 'c10h_train_acc', 'c10h_val_loss', 'c10h_val_acc', 'c10h_train_c10_loss', 'c10h_train_c10_acc', 'c10h_val_c10_loss', 'c10h_val_c10_acc', 'v4_loss', 'v4_acc', 'v6_loss', 'v6_acc', 'c10_50k_loss', 'c10_50k_acc']) 
 c10h_outdir:  /tigress/ruairidh/model_results/run_1/saves/vgg_15_BN_64/con_True_lr_0.01_seed_1
[2018/09/25 11:36:09 __main__ INFO] - Train 95
[2018/09/25 11:36:13 __main__ INFO] - TEST 95
[2018/09/25 11:36:34 __main__ INFO] - - epoch 95    c10h_train    : 0.6128 (acc: 0.9873) | c10h_val    : 0.8012 (acc: 0.9190)
[2018/09/25 11:36:34 __main__ INFO] - -            c10h_train_c10: 0.0016 (acc: 0.9952) | c10h_val_c10: 0.3752 (acc: 0.9200)
[2018/09/25 11:36:34 __main__ INFO] - -            v4            : 0.9620 (acc: 0.8248) |           v6: 0.8108 (acc: 0.8500)
[2018/09/25 11:36:34 __main__ INFO] - -            c10_50k       : 0.0507 (acc: 0.9838)
[2018/09/25 11:36:34 __main__ INFO] - Elapsed 21.48
keys:  dict_keys(['epoch', 'c10h_train_loss', 'c10h_train_acc', 'c10h_val_loss', 'c10h_val_acc', 'c10h_train_c10_loss', 'c10h_train_c10_acc', 'c10h_val_c10_loss', 'c10h_val_c10_acc', 'v4_loss', 'v4_acc', 'v6_loss', 'v6_acc', 'c10_50k_loss', 'c10_50k_acc']) 
 c10h_outdir:  /tigress/ruairidh/model_results/run_1/saves/vgg_15_BN_64/con_True_lr_0.01_seed_1
[2018/09/25 11:36:35 __main__ INFO] - Train 96
[2018/09/25 11:36:39 __main__ INFO] - TEST 96
[2018/09/25 11:37:01 __main__ INFO] - - epoch 96    c10h_train    : 0.6105 (acc: 0.9872) | c10h_val    : 0.8049 (acc: 0.9180)
[2018/09/25 11:37:01 __main__ INFO] - -            c10h_train_c10: 0.0018 (acc: 0.9951) | c10h_val_c10: 0.3823 (acc: 0.9190)
[2018/09/25 11:37:01 __main__ INFO] - -            v4            : 0.9330 (acc: 0.8293) |           v6: 0.8151 (acc: 0.8465)
[2018/09/25 11:37:01 __main__ INFO] - -            c10_50k       : 0.0522 (acc: 0.9837)
[2018/09/25 11:37:01 __main__ INFO] - Elapsed 21.52
keys:  dict_keys(['epoch', 'c10h_train_loss', 'c10h_train_acc', 'c10h_val_loss', 'c10h_val_acc', 'c10h_train_c10_loss', 'c10h_train_c10_acc', 'c10h_val_c10_loss', 'c10h_val_c10_acc', 'v4_loss', 'v4_acc', 'v6_loss', 'v6_acc', 'c10_50k_loss', 'c10_50k_acc']) 
 c10h_outdir:  /tigress/ruairidh/model_results/run_1/saves/vgg_15_BN_64/con_True_lr_0.01_seed_1
[2018/09/25 11:37:02 __main__ INFO] - Train 97
[2018/09/25 11:37:06 __main__ INFO] - TEST 97
[2018/09/25 11:37:27 __main__ INFO] - - epoch 97    c10h_train    : 0.6111 (acc: 0.9873) | c10h_val    : 0.7938 (acc: 0.9170)
[2018/09/25 11:37:27 __main__ INFO] - -            c10h_train_c10: 0.0015 (acc: 0.9952) | c10h_val_c10: 0.3727 (acc: 0.9180)
[2018/09/25 11:37:27 __main__ INFO] - -            v4            : 0.9620 (acc: 0.8248) |           v6: 0.8192 (acc: 0.8485)
[2018/09/25 11:37:27 __main__ INFO] - -            c10_50k       : 0.0499 (acc: 0.9840)
[2018/09/25 11:37:27 __main__ INFO] - Elapsed 21.52
keys:  dict_keys(['epoch', 'c10h_train_loss', 'c10h_train_acc', 'c10h_val_loss', 'c10h_val_acc', 'c10h_train_c10_loss', 'c10h_train_c10_acc', 'c10h_val_c10_loss', 'c10h_val_c10_acc', 'v4_loss', 'v4_acc', 'v6_loss', 'v6_acc', 'c10_50k_loss', 'c10_50k_acc']) 
 c10h_outdir:  /tigress/ruairidh/model_results/run_1/saves/vgg_15_BN_64/con_True_lr_0.01_seed_1
[2018/09/25 11:37:27 __main__ INFO] - Train 98
[2018/09/25 11:37:32 __main__ INFO] - TEST 98
[2018/09/25 11:37:53 __main__ INFO] - - epoch 98    c10h_train    : 0.6146 (acc: 0.9876) | c10h_val    : 0.8022 (acc: 0.9200)
[2018/09/25 11:37:53 __main__ INFO] - -            c10h_train_c10: 0.0012 (acc: 0.9956) | c10h_val_c10: 0.3775 (acc: 0.9210)
[2018/09/25 11:37:53 __main__ INFO] - -            v4            : 0.9157 (acc: 0.8288) |           v6: 0.8111 (acc: 0.8475)
[2018/09/25 11:37:53 __main__ INFO] - -            c10_50k       : 0.0528 (acc: 0.9833)
[2018/09/25 11:37:53 __main__ INFO] - Elapsed 21.46
keys:  dict_keys(['epoch', 'c10h_train_loss', 'c10h_train_acc', 'c10h_val_loss', 'c10h_val_acc', 'c10h_train_c10_loss', 'c10h_train_c10_acc', 'c10h_val_c10_loss', 'c10h_val_c10_acc', 'v4_loss', 'v4_acc', 'v6_loss', 'v6_acc', 'c10_50k_loss', 'c10_50k_acc']) 
 c10h_outdir:  /tigress/ruairidh/model_results/run_1/saves/vgg_15_BN_64/con_True_lr_0.01_seed_1
[2018/09/25 11:37:54 __main__ INFO] - Train 99
[2018/09/25 11:37:58 __main__ INFO] - TEST 99
[2018/09/25 11:38:20 __main__ INFO] - - epoch 99    c10h_train    : 0.6192 (acc: 0.9873) | c10h_val    : 0.7998 (acc: 0.9210)
[2018/09/25 11:38:20 __main__ INFO] - -            c10h_train_c10: 0.0013 (acc: 0.9953) | c10h_val_c10: 0.3751 (acc: 0.9220)
[2018/09/25 11:38:20 __main__ INFO] - -            v4            : 0.8485 (acc: 0.8367) |           v6: 0.8159 (acc: 0.8470)
[2018/09/25 11:38:20 __main__ INFO] - -            c10_50k       : 0.0481 (acc: 0.9847)
[2018/09/25 11:38:20 __main__ INFO] - Elapsed 21.44
keys:  dict_keys(['epoch', 'c10h_train_loss', 'c10h_train_acc', 'c10h_val_loss', 'c10h_val_acc', 'c10h_train_c10_loss', 'c10h_train_c10_acc', 'c10h_val_c10_loss', 'c10h_val_c10_acc', 'v4_loss', 'v4_acc', 'v6_loss', 'v6_acc', 'c10_50k_loss', 'c10_50k_acc']) 
 c10h_outdir:  /tigress/ruairidh/model_results/run_1/saves/vgg_15_BN_64/con_True_lr_0.01_seed_1
[2018/09/25 11:38:21 __main__ INFO] - Train 100
[2018/09/25 11:38:25 __main__ INFO] - TEST 100
[2018/09/25 11:38:46 __main__ INFO] - - epoch 100    c10h_train    : 0.6158 (acc: 0.9874) | c10h_val    : 0.7962 (acc: 0.9220)
[2018/09/25 11:38:46 __main__ INFO] - -            c10h_train_c10: 0.0012 (acc: 0.9954) | c10h_val_c10: 0.3747 (acc: 0.9230)
[2018/09/25 11:38:46 __main__ INFO] - -            v4            : 0.9589 (acc: 0.8273) |           v6: 0.8122 (acc: 0.8465)
[2018/09/25 11:38:46 __main__ INFO] - -            c10_50k       : 0.0511 (acc: 0.9835)
[2018/09/25 11:38:46 __main__ INFO] - Elapsed 21.48
keys:  dict_keys(['epoch', 'c10h_train_loss', 'c10h_train_acc', 'c10h_val_loss', 'c10h_val_acc', 'c10h_train_c10_loss', 'c10h_train_c10_acc', 'c10h_val_c10_loss', 'c10h_val_c10_acc', 'v4_loss', 'v4_acc', 'v6_loss', 'v6_acc', 'c10_50k_loss', 'c10_50k_acc']) 
 c10h_outdir:  /tigress/ruairidh/model_results/run_1/saves/vgg_15_BN_64/con_True_lr_0.01_seed_1
inner done
