entering inner script
activating virtual env
wrn_28_10
identifier: con_True_lr_0.01_seed_0
--arch=wrn --c10h_save_interval=2 --dataset=CIFAR10H --no_output --c10h_datasplit_seed=0 --human_tune --nonhuman_control=True --base_lr=0.01
wrn_28_10_control:True_lr:0.01_seed:0.out
entering python script
/tigress/ruairidh/model_results/run_1/wrn_28_10/model_best_state.pth
/tigress/ruairidh/model_results/run_1/saves/wrn_28_10/con_True_lr_0.01_seed_0
Using TensorFlow backend.
[2018/09/25 12:37:41 __main__ INFO] - {
  "model_config": {
    "arch": "wrn",
    "input_shape": [
      1,
      3,
      32,
      32
    ],
    "n_classes": 10,
    "base_channels": 16,
    "depth": 28,
    "widening_factor": 10,
    "drop_rate": 0
  },
  "optim_config": {
    "epochs": 200,
    "batch_size": 128,
    "optimizer": "sgd",
    "base_lr": 0.01,
    "weight_decay": 0.0005,
    "momentum": 0.9,
    "nesterov": true,
    "scheduler": "multistep",
    "milestones": [
      60,
      120,
      160
    ],
    "lr_decay": 0.2
  },
  "data_config": {
    "dataset": "CIFAR10H",
    "n_classes": 10,
    "num_workers": 7,
    "batch_size": 128,
    "use_cutout": false,
    "use_random_erasing": false,
    "use_mixup": false,
    "c10h_sample": false,
    "c10h_testsplit_percent": 0.1,
    "c10h_datasplit_seed": 0,
    "use_gpu": true
  },
  "run_config": {
    "seed": 17,
    "test_first": true,
    "gpu": "0",
    "tensorboard": false,
    "tensorboard_train_images": false,
    "tensorboard_test_images": false,
    "tensorboard_model_params": false,
    "resume": "/tigress/ruairidh/model_results/run_1/wrn_28_10/model_best_state.pth",
    "human_tune": true,
    "no_output": true,
    "test_only": false,
    "nonhuman_control": true,
    "c10h_scores_outdir": "/tigress/ruairidh/model_results/run_1/saves/wrn_28_10/con_True_lr_0.01_seed_0",
    "c10h_save_interval": "2",
    "use_gpu": true
  },
  "env_info": {
    "pytorch_version": "0.4.1",
    "cuda_version": "9.0.176",
    "cudnn_version": 7102,
    "gpu0": {
      "name": "Tesla P100-PCIE-16GB",
      "capability": "6.0"
    }
  }
}
Files already downloaded and verified
Files already downloaded and verified
Files already downloaded and verified
Files already downloaded and verified
Files already downloaded and verified
[2018/09/25 12:37:45 __main__ INFO] - Loading model...
[2018/09/25 12:37:46 __main__ INFO] - n_params: 36479194
[2018/09/25 12:37:47 __main__ INFO] - Done
=> loading checkpoint '/tigress/ruairidh/model_results/run_1/wrn_28_10/model_best_state.pth'
=> loaded checkpoint '/tigress/ruairidh/model_results/run_1/wrn_28_10/model_best_state.pth' (epoch 197)
[2018/09/25 12:37:47 __main__ INFO] - TEST 0
[2018/09/25 12:38:37 __main__ INFO] - - epoch 0    c10h_train    : 0.4654 (acc: 0.9482) | c10h_val    : 0.4411 (acc: 0.9630)
[2018/09/25 12:38:37 __main__ INFO] - -            c10h_train_c10: 0.1782 (acc: 0.9510) | c10h_val_c10: 0.1525 (acc: 0.9640)
[2018/09/25 12:38:37 __main__ INFO] - -            v4            : 0.4034 (acc: 0.8986) |           v6: 0.3818 (acc: 0.9100)
[2018/09/25 12:38:37 __main__ INFO] - -            c10_50k       : 0.0012 (acc: 1.0000)
[2018/09/25 12:38:37 __main__ INFO] - Elapsed 49.78
keys:  dict_keys(['epoch', 'c10h_train_loss', 'c10h_train_acc', 'c10h_val_loss', 'c10h_val_acc', 'c10h_train_c10_loss', 'c10h_train_c10_acc', 'c10h_val_c10_loss', 'c10h_val_c10_acc', 'v4_loss', 'v4_acc', 'v6_loss', 'v6_acc', 'c10_50k_loss', 'c10_50k_acc']) 
 c10h_outdir:  /tigress/ruairidh/model_results/run_1/saves/wrn_28_10/con_True_lr_0.01_seed_0
[2018/09/25 12:38:38 __main__ INFO] - Train 1
[2018/09/25 12:38:58 __main__ INFO] - TEST 1
[2018/09/25 12:39:46 __main__ INFO] - - epoch 1    c10h_train    : 0.3972 (acc: 0.9246) | c10h_val    : 0.4159 (acc: 0.9160)
[2018/09/25 12:39:46 __main__ INFO] - -            c10h_train_c10: 0.2113 (acc: 0.9279) | c10h_val_c10: 0.2400 (acc: 0.9200)
[2018/09/25 12:39:46 __main__ INFO] - -            v4            : 0.5884 (acc: 0.8140) |           v6: 0.5662 (acc: 0.8150)
[2018/09/25 12:39:46 __main__ INFO] - -            c10_50k       : 0.1581 (acc: 0.9501)
[2018/09/25 12:39:46 __main__ INFO] - Elapsed 47.71
keys:  dict_keys(['epoch', 'c10h_train_loss', 'c10h_train_acc', 'c10h_val_loss', 'c10h_val_acc', 'c10h_train_c10_loss', 'c10h_train_c10_acc', 'c10h_val_c10_loss', 'c10h_val_c10_acc', 'v4_loss', 'v4_acc', 'v6_loss', 'v6_acc', 'c10_50k_loss', 'c10_50k_acc']) 
 c10h_outdir:  /tigress/ruairidh/model_results/run_1/saves/wrn_28_10/con_True_lr_0.01_seed_0
[2018/09/25 12:39:48 __main__ INFO] - Train 2
[2018/09/25 12:40:07 __main__ INFO] - TEST 2
[2018/09/25 12:40:55 __main__ INFO] - - epoch 2    c10h_train    : 0.3745 (acc: 0.9453) | c10h_val    : 0.4135 (acc: 0.9270)
[2018/09/25 12:40:55 __main__ INFO] - -            c10h_train_c10: 0.1511 (acc: 0.9499) | c10h_val_c10: 0.2154 (acc: 0.9310)
[2018/09/25 12:40:55 __main__ INFO] - -            v4            : 0.5558 (acc: 0.8169) |           v6: 0.5138 (acc: 0.8325)
[2018/09/25 12:40:55 __main__ INFO] - -            c10_50k       : 0.1404 (acc: 0.9550)
[2018/09/25 12:40:55 __main__ INFO] - Elapsed 47.75
keys:  dict_keys(['epoch', 'c10h_train_loss', 'c10h_train_acc', 'c10h_val_loss', 'c10h_val_acc', 'c10h_train_c10_loss', 'c10h_train_c10_acc', 'c10h_val_c10_loss', 'c10h_val_c10_acc', 'v4_loss', 'v4_acc', 'v6_loss', 'v6_acc', 'c10_50k_loss', 'c10_50k_acc']) 
 c10h_outdir:  /tigress/ruairidh/model_results/run_1/saves/wrn_28_10/con_True_lr_0.01_seed_0
[2018/09/25 12:40:57 __main__ INFO] - Train 3
[2018/09/25 12:41:17 __main__ INFO] - TEST 3
[2018/09/25 12:42:04 __main__ INFO] - - epoch 3    c10h_train    : 0.3983 (acc: 0.9374) | c10h_val    : 0.5423 (acc: 0.8970)
[2018/09/25 12:42:05 __main__ INFO] - -            c10h_train_c10: 0.1616 (acc: 0.9413) | c10h_val_c10: 0.3640 (acc: 0.8980)
[2018/09/25 12:42:05 __main__ INFO] - -            v4            : 0.6391 (acc: 0.7991) |           v6: 0.6718 (acc: 0.8000)
[2018/09/25 12:42:05 __main__ INFO] - -            c10_50k       : 0.1730 (acc: 0.9435)
[2018/09/25 12:42:05 __main__ INFO] - Elapsed 47.81
keys:  dict_keys(['epoch', 'c10h_train_loss', 'c10h_train_acc', 'c10h_val_loss', 'c10h_val_acc', 'c10h_train_c10_loss', 'c10h_train_c10_acc', 'c10h_val_c10_loss', 'c10h_val_c10_acc', 'v4_loss', 'v4_acc', 'v6_loss', 'v6_acc', 'c10_50k_loss', 'c10_50k_acc']) 
 c10h_outdir:  /tigress/ruairidh/model_results/run_1/saves/wrn_28_10/con_True_lr_0.01_seed_0
[2018/09/25 12:42:09 __main__ INFO] - Train 4
[2018/09/25 12:42:28 __main__ INFO] - TEST 4
[2018/09/25 12:43:16 __main__ INFO] - - epoch 4    c10h_train    : 0.3679 (acc: 0.9549) | c10h_val    : 0.4608 (acc: 0.9190)
[2018/09/25 12:43:16 __main__ INFO] - -            c10h_train_c10: 0.1103 (acc: 0.9601) | c10h_val_c10: 0.2514 (acc: 0.9230)
[2018/09/25 12:43:16 __main__ INFO] - -            v4            : 0.5829 (acc: 0.8169) |           v6: 0.5633 (acc: 0.8265)
[2018/09/25 12:43:16 __main__ INFO] - -            c10_50k       : 0.1372 (acc: 0.9540)
[2018/09/25 12:43:16 __main__ INFO] - Elapsed 47.74
keys:  dict_keys(['epoch', 'c10h_train_loss', 'c10h_train_acc', 'c10h_val_loss', 'c10h_val_acc', 'c10h_train_c10_loss', 'c10h_train_c10_acc', 'c10h_val_c10_loss', 'c10h_val_c10_acc', 'v4_loss', 'v4_acc', 'v6_loss', 'v6_acc', 'c10_50k_loss', 'c10_50k_acc']) 
 c10h_outdir:  /tigress/ruairidh/model_results/run_1/saves/wrn_28_10/con_True_lr_0.01_seed_0
[2018/09/25 12:43:16 __main__ INFO] - Train 5
[2018/09/25 12:43:36 __main__ INFO] - TEST 5
[2018/09/25 12:44:24 __main__ INFO] - - epoch 5    c10h_train    : 0.3546 (acc: 0.9656) | c10h_val    : 0.4596 (acc: 0.9210)
[2018/09/25 12:44:24 __main__ INFO] - -            c10h_train_c10: 0.0792 (acc: 0.9709) | c10h_val_c10: 0.2347 (acc: 0.9260)
[2018/09/25 12:44:24 __main__ INFO] - -            v4            : 0.5720 (acc: 0.8179) |           v6: 0.5826 (acc: 0.8355)
[2018/09/25 12:44:24 __main__ INFO] - -            c10_50k       : 0.1198 (acc: 0.9606)
[2018/09/25 12:44:24 __main__ INFO] - Elapsed 47.80
keys:  dict_keys(['epoch', 'c10h_train_loss', 'c10h_train_acc', 'c10h_val_loss', 'c10h_val_acc', 'c10h_train_c10_loss', 'c10h_train_c10_acc', 'c10h_val_c10_loss', 'c10h_val_c10_acc', 'v4_loss', 'v4_acc', 'v6_loss', 'v6_acc', 'c10_50k_loss', 'c10_50k_acc']) 
 c10h_outdir:  /tigress/ruairidh/model_results/run_1/saves/wrn_28_10/con_True_lr_0.01_seed_0
[2018/09/25 12:44:24 __main__ INFO] - Train 6
[2018/09/25 12:44:43 __main__ INFO] - TEST 6
[2018/09/25 12:45:31 __main__ INFO] - - epoch 6    c10h_train    : 0.3585 (acc: 0.9673) | c10h_val    : 0.4687 (acc: 0.9220)
[2018/09/25 12:45:32 __main__ INFO] - -            c10h_train_c10: 0.0643 (acc: 0.9731) | c10h_val_c10: 0.2386 (acc: 0.9260)
[2018/09/25 12:45:32 __main__ INFO] - -            v4            : 0.5807 (acc: 0.8323) |           v6: 0.5317 (acc: 0.8505)
[2018/09/25 12:45:32 __main__ INFO] - -            c10_50k       : 0.1204 (acc: 0.9611)
[2018/09/25 12:45:32 __main__ INFO] - Elapsed 47.98
keys:  dict_keys(['epoch', 'c10h_train_loss', 'c10h_train_acc', 'c10h_val_loss', 'c10h_val_acc', 'c10h_train_c10_loss', 'c10h_train_c10_acc', 'c10h_val_c10_loss', 'c10h_val_c10_acc', 'v4_loss', 'v4_acc', 'v6_loss', 'v6_acc', 'c10_50k_loss', 'c10_50k_acc']) 
 c10h_outdir:  /tigress/ruairidh/model_results/run_1/saves/wrn_28_10/con_True_lr_0.01_seed_0
[2018/09/25 12:45:32 __main__ INFO] - Train 7
[2018/09/25 12:45:51 __main__ INFO] - TEST 7
[2018/09/25 12:46:39 __main__ INFO] - - epoch 7    c10h_train    : 0.3573 (acc: 0.9739) | c10h_val    : 0.5018 (acc: 0.9130)
[2018/09/25 12:46:40 __main__ INFO] - -            c10h_train_c10: 0.0491 (acc: 0.9801) | c10h_val_c10: 0.2958 (acc: 0.9130)
[2018/09/25 12:46:40 __main__ INFO] - -            v4            : 0.6634 (acc: 0.8184) |           v6: 0.6478 (acc: 0.8300)
[2018/09/25 12:46:40 __main__ INFO] - -            c10_50k       : 0.1115 (acc: 0.9636)
[2018/09/25 12:46:40 __main__ INFO] - Elapsed 47.96
keys:  dict_keys(['epoch', 'c10h_train_loss', 'c10h_train_acc', 'c10h_val_loss', 'c10h_val_acc', 'c10h_train_c10_loss', 'c10h_train_c10_acc', 'c10h_val_c10_loss', 'c10h_val_c10_acc', 'v4_loss', 'v4_acc', 'v6_loss', 'v6_acc', 'c10_50k_loss', 'c10_50k_acc']) 
 c10h_outdir:  /tigress/ruairidh/model_results/run_1/saves/wrn_28_10/con_True_lr_0.01_seed_0
[2018/09/25 12:46:42 __main__ INFO] - Train 8
[2018/09/25 12:47:01 __main__ INFO] - TEST 8
[2018/09/25 12:47:49 __main__ INFO] - - epoch 8    c10h_train    : 0.3663 (acc: 0.9729) | c10h_val    : 0.5200 (acc: 0.9200)
[2018/09/25 12:47:50 __main__ INFO] - -            c10h_train_c10: 0.0487 (acc: 0.9796) | c10h_val_c10: 0.2814 (acc: 0.9230)
[2018/09/25 12:47:50 __main__ INFO] - -            v4            : 0.6116 (acc: 0.8333) |           v6: 0.6136 (acc: 0.8350)
[2018/09/25 12:47:50 __main__ INFO] - -            c10_50k       : 0.1269 (acc: 0.9585)
[2018/09/25 12:47:50 __main__ INFO] - Elapsed 48.00
keys:  dict_keys(['epoch', 'c10h_train_loss', 'c10h_train_acc', 'c10h_val_loss', 'c10h_val_acc', 'c10h_train_c10_loss', 'c10h_train_c10_acc', 'c10h_val_c10_loss', 'c10h_val_c10_acc', 'v4_loss', 'v4_acc', 'v6_loss', 'v6_acc', 'c10_50k_loss', 'c10_50k_acc']) 
 c10h_outdir:  /tigress/ruairidh/model_results/run_1/saves/wrn_28_10/con_True_lr_0.01_seed_0
[2018/09/25 12:47:52 __main__ INFO] - Train 9
[2018/09/25 12:48:11 __main__ INFO] - TEST 9
[2018/09/25 12:48:59 __main__ INFO] - - epoch 9    c10h_train    : 0.3803 (acc: 0.9650) | c10h_val    : 0.5471 (acc: 0.9020)
[2018/09/25 12:48:59 __main__ INFO] - -            c10h_train_c10: 0.0735 (acc: 0.9713) | c10h_val_c10: 0.3162 (acc: 0.9050)
[2018/09/25 12:48:59 __main__ INFO] - -            v4            : 0.6053 (acc: 0.8258) |           v6: 0.5882 (acc: 0.8380)
[2018/09/25 12:48:59 __main__ INFO] - -            c10_50k       : 0.1630 (acc: 0.9464)
[2018/09/25 12:48:59 __main__ INFO] - Elapsed 47.69
keys:  dict_keys(['epoch', 'c10h_train_loss', 'c10h_train_acc', 'c10h_val_loss', 'c10h_val_acc', 'c10h_train_c10_loss', 'c10h_train_c10_acc', 'c10h_val_c10_loss', 'c10h_val_c10_acc', 'v4_loss', 'v4_acc', 'v6_loss', 'v6_acc', 'c10_50k_loss', 'c10_50k_acc']) 
 c10h_outdir:  /tigress/ruairidh/model_results/run_1/saves/wrn_28_10/con_True_lr_0.01_seed_0
[2018/09/25 12:49:02 __main__ INFO] - Train 10
[2018/09/25 12:49:22 __main__ INFO] - TEST 10
[2018/09/25 12:50:09 __main__ INFO] - - epoch 10    c10h_train    : 0.3779 (acc: 0.9754) | c10h_val    : 0.4903 (acc: 0.9260)
[2018/09/25 12:50:10 __main__ INFO] - -            c10h_train_c10: 0.0431 (acc: 0.9823) | c10h_val_c10: 0.2381 (acc: 0.9280)
[2018/09/25 12:50:10 __main__ INFO] - -            v4            : 0.5396 (acc: 0.8402) |           v6: 0.5524 (acc: 0.8500)
[2018/09/25 12:50:10 __main__ INFO] - -            c10_50k       : 0.1276 (acc: 0.9580)
[2018/09/25 12:50:10 __main__ INFO] - Elapsed 47.91
keys:  dict_keys(['epoch', 'c10h_train_loss', 'c10h_train_acc', 'c10h_val_loss', 'c10h_val_acc', 'c10h_train_c10_loss', 'c10h_train_c10_acc', 'c10h_val_c10_loss', 'c10h_val_c10_acc', 'v4_loss', 'v4_acc', 'v6_loss', 'v6_acc', 'c10_50k_loss', 'c10_50k_acc']) 
 c10h_outdir:  /tigress/ruairidh/model_results/run_1/saves/wrn_28_10/con_True_lr_0.01_seed_0
[2018/09/25 12:50:10 __main__ INFO] - Train 11
[2018/09/25 12:50:30 __main__ INFO] - TEST 11
[2018/09/25 12:51:17 __main__ INFO] - - epoch 11    c10h_train    : 0.3691 (acc: 0.9788) | c10h_val    : 0.4774 (acc: 0.9270)
[2018/09/25 12:51:18 __main__ INFO] - -            c10h_train_c10: 0.0341 (acc: 0.9854) | c10h_val_c10: 0.2344 (acc: 0.9290)
[2018/09/25 12:51:18 __main__ INFO] - -            v4            : 0.5899 (acc: 0.8431) |           v6: 0.6139 (acc: 0.8405)
[2018/09/25 12:51:18 __main__ INFO] - -            c10_50k       : 0.1072 (acc: 0.9648)
[2018/09/25 12:51:18 __main__ INFO] - Elapsed 47.55
keys:  dict_keys(['epoch', 'c10h_train_loss', 'c10h_train_acc', 'c10h_val_loss', 'c10h_val_acc', 'c10h_train_c10_loss', 'c10h_train_c10_acc', 'c10h_val_c10_loss', 'c10h_val_c10_acc', 'v4_loss', 'v4_acc', 'v6_loss', 'v6_acc', 'c10_50k_loss', 'c10_50k_acc']) 
 c10h_outdir:  /tigress/ruairidh/model_results/run_1/saves/wrn_28_10/con_True_lr_0.01_seed_0
[2018/09/25 12:51:20 __main__ INFO] - Train 12
[2018/09/25 12:51:39 __main__ INFO] - TEST 12
[2018/09/25 12:52:28 __main__ INFO] - - epoch 12    c10h_train    : 0.3744 (acc: 0.9823) | c10h_val    : 0.4822 (acc: 0.9220)
[2018/09/25 12:52:28 __main__ INFO] - -            c10h_train_c10: 0.0224 (acc: 0.9892) | c10h_val_c10: 0.2443 (acc: 0.9240)
[2018/09/25 12:52:28 __main__ INFO] - -            v4            : 0.5800 (acc: 0.8372) |           v6: 0.6422 (acc: 0.8330)
[2018/09/25 12:52:28 __main__ INFO] - -            c10_50k       : 0.1031 (acc: 0.9658)
[2018/09/25 12:52:28 __main__ INFO] - Elapsed 48.10
keys:  dict_keys(['epoch', 'c10h_train_loss', 'c10h_train_acc', 'c10h_val_loss', 'c10h_val_acc', 'c10h_train_c10_loss', 'c10h_train_c10_acc', 'c10h_val_c10_loss', 'c10h_val_c10_acc', 'v4_loss', 'v4_acc', 'v6_loss', 'v6_acc', 'c10_50k_loss', 'c10_50k_acc']) 
 c10h_outdir:  /tigress/ruairidh/model_results/run_1/saves/wrn_28_10/con_True_lr_0.01_seed_0
[2018/09/25 12:52:30 __main__ INFO] - Train 13
[2018/09/25 12:52:50 __main__ INFO] - TEST 13
[2018/09/25 12:53:37 __main__ INFO] - - epoch 13    c10h_train    : 0.3790 (acc: 0.9840) | c10h_val    : 0.5070 (acc: 0.9230)
[2018/09/25 12:53:38 __main__ INFO] - -            c10h_train_c10: 0.0172 (acc: 0.9914) | c10h_val_c10: 0.2595 (acc: 0.9250)
[2018/09/25 12:53:38 __main__ INFO] - -            v4            : 0.5695 (acc: 0.8392) |           v6: 0.5786 (acc: 0.8465)
[2018/09/25 12:53:38 __main__ INFO] - -            c10_50k       : 0.0934 (acc: 0.9692)
[2018/09/25 12:53:38 __main__ INFO] - Elapsed 47.75
keys:  dict_keys(['epoch', 'c10h_train_loss', 'c10h_train_acc', 'c10h_val_loss', 'c10h_val_acc', 'c10h_train_c10_loss', 'c10h_train_c10_acc', 'c10h_val_c10_loss', 'c10h_val_c10_acc', 'v4_loss', 'v4_acc', 'v6_loss', 'v6_acc', 'c10_50k_loss', 'c10_50k_acc']) 
 c10h_outdir:  /tigress/ruairidh/model_results/run_1/saves/wrn_28_10/con_True_lr_0.01_seed_0
[2018/09/25 12:53:39 __main__ INFO] - Train 14
[2018/09/25 12:53:59 __main__ INFO] - TEST 14
[2018/09/25 12:54:46 __main__ INFO] - - epoch 14    c10h_train    : 0.3881 (acc: 0.9844) | c10h_val    : 0.5131 (acc: 0.9330)
[2018/09/25 12:54:47 __main__ INFO] - -            c10h_train_c10: 0.0191 (acc: 0.9913) | c10h_val_c10: 0.2668 (acc: 0.9350)
[2018/09/25 12:54:47 __main__ INFO] - -            v4            : 0.5446 (acc: 0.8496) |           v6: 0.5692 (acc: 0.8540)
[2018/09/25 12:54:47 __main__ INFO] - -            c10_50k       : 0.0958 (acc: 0.9690)
[2018/09/25 12:54:47 __main__ INFO] - Elapsed 47.76
keys:  dict_keys(['epoch', 'c10h_train_loss', 'c10h_train_acc', 'c10h_val_loss', 'c10h_val_acc', 'c10h_train_c10_loss', 'c10h_train_c10_acc', 'c10h_val_c10_loss', 'c10h_val_c10_acc', 'v4_loss', 'v4_acc', 'v6_loss', 'v6_acc', 'c10_50k_loss', 'c10_50k_acc']) 
 c10h_outdir:  /tigress/ruairidh/model_results/run_1/saves/wrn_28_10/con_True_lr_0.01_seed_0
[2018/09/25 12:54:49 __main__ INFO] - Train 15
[2018/09/25 12:55:08 __main__ INFO] - TEST 15
[2018/09/25 12:55:57 __main__ INFO] - - epoch 15    c10h_train    : 0.3840 (acc: 0.9818) | c10h_val    : 0.5087 (acc: 0.9330)
[2018/09/25 12:55:57 __main__ INFO] - -            c10h_train_c10: 0.0223 (acc: 0.9890) | c10h_val_c10: 0.2644 (acc: 0.9350)
[2018/09/25 12:55:57 __main__ INFO] - -            v4            : 0.5281 (acc: 0.8521) |           v6: 0.5592 (acc: 0.8535)
[2018/09/25 12:55:57 __main__ INFO] - -            c10_50k       : 0.1151 (acc: 0.9628)
[2018/09/25 12:55:57 __main__ INFO] - Elapsed 48.22
keys:  dict_keys(['epoch', 'c10h_train_loss', 'c10h_train_acc', 'c10h_val_loss', 'c10h_val_acc', 'c10h_train_c10_loss', 'c10h_train_c10_acc', 'c10h_val_c10_loss', 'c10h_val_c10_acc', 'v4_loss', 'v4_acc', 'v6_loss', 'v6_acc', 'c10_50k_loss', 'c10_50k_acc']) 
 c10h_outdir:  /tigress/ruairidh/model_results/run_1/saves/wrn_28_10/con_True_lr_0.01_seed_0
[2018/09/25 12:55:57 __main__ INFO] - Train 16
[2018/09/25 12:56:17 __main__ INFO] - TEST 16
[2018/09/25 12:57:05 __main__ INFO] - - epoch 16    c10h_train    : 0.3945 (acc: 0.9819) | c10h_val    : 0.5196 (acc: 0.9290)
[2018/09/25 12:57:05 __main__ INFO] - -            c10h_train_c10: 0.0219 (acc: 0.9889) | c10h_val_c10: 0.2705 (acc: 0.9310)
[2018/09/25 12:57:05 __main__ INFO] - -            v4            : 0.5853 (acc: 0.8427) |           v6: 0.5642 (acc: 0.8545)
[2018/09/25 12:57:05 __main__ INFO] - -            c10_50k       : 0.1239 (acc: 0.9627)
[2018/09/25 12:57:05 __main__ INFO] - Elapsed 47.84
keys:  dict_keys(['epoch', 'c10h_train_loss', 'c10h_train_acc', 'c10h_val_loss', 'c10h_val_acc', 'c10h_train_c10_loss', 'c10h_train_c10_acc', 'c10h_val_c10_loss', 'c10h_val_c10_acc', 'v4_loss', 'v4_acc', 'v6_loss', 'v6_acc', 'c10_50k_loss', 'c10_50k_acc']) 
 c10h_outdir:  /tigress/ruairidh/model_results/run_1/saves/wrn_28_10/con_True_lr_0.01_seed_0
[2018/09/25 12:57:07 __main__ INFO] - Train 17
[2018/09/25 12:57:26 __main__ INFO] - TEST 17
[2018/09/25 12:58:14 __main__ INFO] - - epoch 17    c10h_train    : 0.3939 (acc: 0.9837) | c10h_val    : 0.5064 (acc: 0.9300)
[2018/09/25 12:58:14 __main__ INFO] - -            c10h_train_c10: 0.0182 (acc: 0.9911) | c10h_val_c10: 0.2416 (acc: 0.9320)
[2018/09/25 12:58:14 __main__ INFO] - -            v4            : 0.5583 (acc: 0.8506) |           v6: 0.5640 (acc: 0.8615)
[2018/09/25 12:58:14 __main__ INFO] - -            c10_50k       : 0.1092 (acc: 0.9656)
[2018/09/25 12:58:14 __main__ INFO] - Elapsed 47.90
keys:  dict_keys(['epoch', 'c10h_train_loss', 'c10h_train_acc', 'c10h_val_loss', 'c10h_val_acc', 'c10h_train_c10_loss', 'c10h_train_c10_acc', 'c10h_val_c10_loss', 'c10h_val_c10_acc', 'v4_loss', 'v4_acc', 'v6_loss', 'v6_acc', 'c10_50k_loss', 'c10_50k_acc']) 
 c10h_outdir:  /tigress/ruairidh/model_results/run_1/saves/wrn_28_10/con_True_lr_0.01_seed_0
[2018/09/25 12:58:15 __main__ INFO] - Train 18
[2018/09/25 12:58:34 __main__ INFO] - TEST 18
[2018/09/25 12:59:22 __main__ INFO] - - epoch 18    c10h_train    : 0.3923 (acc: 0.9797) | c10h_val    : 0.5270 (acc: 0.9220)
[2018/09/25 12:59:22 __main__ INFO] - -            c10h_train_c10: 0.0289 (acc: 0.9868) | c10h_val_c10: 0.2888 (acc: 0.9240)
[2018/09/25 12:59:22 __main__ INFO] - -            v4            : 0.6685 (acc: 0.8219) |           v6: 0.6472 (acc: 0.8350)
[2018/09/25 12:59:22 __main__ INFO] - -            c10_50k       : 0.1302 (acc: 0.9594)
[2018/09/25 12:59:22 __main__ INFO] - Elapsed 48.05
keys:  dict_keys(['epoch', 'c10h_train_loss', 'c10h_train_acc', 'c10h_val_loss', 'c10h_val_acc', 'c10h_train_c10_loss', 'c10h_train_c10_acc', 'c10h_val_c10_loss', 'c10h_val_c10_acc', 'v4_loss', 'v4_acc', 'v6_loss', 'v6_acc', 'c10_50k_loss', 'c10_50k_acc']) 
 c10h_outdir:  /tigress/ruairidh/model_results/run_1/saves/wrn_28_10/con_True_lr_0.01_seed_0
[2018/09/25 12:59:24 __main__ INFO] - Train 19
[2018/09/25 12:59:43 __main__ INFO] - TEST 19
[2018/09/25 13:00:31 __main__ INFO] - - epoch 19    c10h_train    : 0.3746 (acc: 0.9798) | c10h_val    : 0.5021 (acc: 0.9260)
[2018/09/25 13:00:31 __main__ INFO] - -            c10h_train_c10: 0.0293 (acc: 0.9872) | c10h_val_c10: 0.2686 (acc: 0.9280)
[2018/09/25 13:00:31 __main__ INFO] - -            v4            : 0.5651 (acc: 0.8328) |           v6: 0.5877 (acc: 0.8445)
[2018/09/25 13:00:31 __main__ INFO] - -            c10_50k       : 0.1340 (acc: 0.9567)
[2018/09/25 13:00:31 __main__ INFO] - Elapsed 48.15
keys:  dict_keys(['epoch', 'c10h_train_loss', 'c10h_train_acc', 'c10h_val_loss', 'c10h_val_acc', 'c10h_train_c10_loss', 'c10h_train_c10_acc', 'c10h_val_c10_loss', 'c10h_val_c10_acc', 'v4_loss', 'v4_acc', 'v6_loss', 'v6_acc', 'c10_50k_loss', 'c10_50k_acc']) 
 c10h_outdir:  /tigress/ruairidh/model_results/run_1/saves/wrn_28_10/con_True_lr_0.01_seed_0
[2018/09/25 13:00:33 __main__ INFO] - Train 20
[2018/09/25 13:00:52 __main__ INFO] - TEST 20
[2018/09/25 13:01:40 __main__ INFO] - - epoch 20    c10h_train    : 0.4198 (acc: 0.9684) | c10h_val    : 0.6682 (acc: 0.8930)
[2018/09/25 13:01:40 __main__ INFO] - -            c10h_train_c10: 0.0640 (acc: 0.9752) | c10h_val_c10: 0.4205 (acc: 0.8970)
[2018/09/25 13:01:40 __main__ INFO] - -            v4            : 0.8159 (acc: 0.7887) |           v6: 0.8168 (acc: 0.7990)
[2018/09/25 13:01:40 __main__ INFO] - -            c10_50k       : 0.2193 (acc: 0.9335)
[2018/09/25 13:01:40 __main__ INFO] - Elapsed 47.89
keys:  dict_keys(['epoch', 'c10h_train_loss', 'c10h_train_acc', 'c10h_val_loss', 'c10h_val_acc', 'c10h_train_c10_loss', 'c10h_train_c10_acc', 'c10h_val_c10_loss', 'c10h_val_c10_acc', 'v4_loss', 'v4_acc', 'v6_loss', 'v6_acc', 'c10_50k_loss', 'c10_50k_acc']) 
 c10h_outdir:  /tigress/ruairidh/model_results/run_1/saves/wrn_28_10/con_True_lr_0.01_seed_0
[2018/09/25 13:01:41 __main__ INFO] - Train 21
[2018/09/25 13:02:01 __main__ INFO] - TEST 21
[2018/09/25 13:02:48 __main__ INFO] - - epoch 21    c10h_train    : 0.3846 (acc: 0.9798) | c10h_val    : 0.5704 (acc: 0.9050)
[2018/09/25 13:02:49 __main__ INFO] - -            c10h_train_c10: 0.0289 (acc: 0.9869) | c10h_val_c10: 0.3327 (acc: 0.9090)
[2018/09/25 13:02:49 __main__ INFO] - -            v4            : 0.6136 (acc: 0.8278) |           v6: 0.6300 (acc: 0.8350)
[2018/09/25 13:02:49 __main__ INFO] - -            c10_50k       : 0.1392 (acc: 0.9552)
[2018/09/25 13:02:49 __main__ INFO] - Elapsed 47.77
keys:  dict_keys(['epoch', 'c10h_train_loss', 'c10h_train_acc', 'c10h_val_loss', 'c10h_val_acc', 'c10h_train_c10_loss', 'c10h_train_c10_acc', 'c10h_val_c10_loss', 'c10h_val_c10_acc', 'v4_loss', 'v4_acc', 'v6_loss', 'v6_acc', 'c10_50k_loss', 'c10_50k_acc']) 
 c10h_outdir:  /tigress/ruairidh/model_results/run_1/saves/wrn_28_10/con_True_lr_0.01_seed_0
[2018/09/25 13:02:49 __main__ INFO] - Train 22
[2018/09/25 13:03:08 __main__ INFO] - TEST 22
[2018/09/25 13:03:56 __main__ INFO] - - epoch 22    c10h_train    : 0.3861 (acc: 0.9811) | c10h_val    : 0.5268 (acc: 0.9200)
[2018/09/25 13:03:56 __main__ INFO] - -            c10h_train_c10: 0.0277 (acc: 0.9881) | c10h_val_c10: 0.2883 (acc: 0.9220)
[2018/09/25 13:03:56 __main__ INFO] - -            v4            : 0.6815 (acc: 0.8214) |           v6: 0.6921 (acc: 0.8330)
[2018/09/25 13:03:56 __main__ INFO] - -            c10_50k       : 0.1424 (acc: 0.9536)
[2018/09/25 13:03:56 __main__ INFO] - Elapsed 47.82
keys:  dict_keys(['epoch', 'c10h_train_loss', 'c10h_train_acc', 'c10h_val_loss', 'c10h_val_acc', 'c10h_train_c10_loss', 'c10h_train_c10_acc', 'c10h_val_c10_loss', 'c10h_val_c10_acc', 'v4_loss', 'v4_acc', 'v6_loss', 'v6_acc', 'c10_50k_loss', 'c10_50k_acc']) 
 c10h_outdir:  /tigress/ruairidh/model_results/run_1/saves/wrn_28_10/con_True_lr_0.01_seed_0
[2018/09/25 13:03:57 __main__ INFO] - Train 23
[2018/09/25 13:04:17 __main__ INFO] - TEST 23
[2018/09/25 13:05:04 __main__ INFO] - - epoch 23    c10h_train    : 0.3960 (acc: 0.9821) | c10h_val    : 0.5565 (acc: 0.9190)
[2018/09/25 13:05:05 __main__ INFO] - -            c10h_train_c10: 0.0211 (acc: 0.9894) | c10h_val_c10: 0.3186 (acc: 0.9210)
[2018/09/25 13:05:05 __main__ INFO] - -            v4            : 0.6304 (acc: 0.8318) |           v6: 0.6183 (acc: 0.8505)
[2018/09/25 13:05:05 __main__ INFO] - -            c10_50k       : 0.1419 (acc: 0.9562)
[2018/09/25 13:05:05 __main__ INFO] - Elapsed 47.53
keys:  dict_keys(['epoch', 'c10h_train_loss', 'c10h_train_acc', 'c10h_val_loss', 'c10h_val_acc', 'c10h_train_c10_loss', 'c10h_train_c10_acc', 'c10h_val_c10_loss', 'c10h_val_c10_acc', 'v4_loss', 'v4_acc', 'v6_loss', 'v6_acc', 'c10_50k_loss', 'c10_50k_acc']) 
 c10h_outdir:  /tigress/ruairidh/model_results/run_1/saves/wrn_28_10/con_True_lr_0.01_seed_0
[2018/09/25 13:05:06 __main__ INFO] - Train 24
[2018/09/25 13:05:25 __main__ INFO] - TEST 24
[2018/09/25 13:06:13 __main__ INFO] - - epoch 24    c10h_train    : 0.4171 (acc: 0.9720) | c10h_val    : 0.6207 (acc: 0.9000)
[2018/09/25 13:06:13 __main__ INFO] - -            c10h_train_c10: 0.0478 (acc: 0.9797) | c10h_val_c10: 0.3715 (acc: 0.9020)
[2018/09/25 13:06:13 __main__ INFO] - -            v4            : 0.7814 (acc: 0.7986) |           v6: 0.7602 (acc: 0.8060)
[2018/09/25 13:06:13 __main__ INFO] - -            c10_50k       : 0.2012 (acc: 0.9399)
[2018/09/25 13:06:13 __main__ INFO] - Elapsed 47.58
keys:  dict_keys(['epoch', 'c10h_train_loss', 'c10h_train_acc', 'c10h_val_loss', 'c10h_val_acc', 'c10h_train_c10_loss', 'c10h_train_c10_acc', 'c10h_val_c10_loss', 'c10h_val_c10_acc', 'v4_loss', 'v4_acc', 'v6_loss', 'v6_acc', 'c10_50k_loss', 'c10_50k_acc']) 
 c10h_outdir:  /tigress/ruairidh/model_results/run_1/saves/wrn_28_10/con_True_lr_0.01_seed_0
[2018/09/25 13:06:14 __main__ INFO] - Train 25
[2018/09/25 13:06:33 __main__ INFO] - TEST 25
[2018/09/25 13:07:21 __main__ INFO] - - epoch 25    c10h_train    : 0.4017 (acc: 0.9784) | c10h_val    : 0.5634 (acc: 0.9070)
[2018/09/25 13:07:21 __main__ INFO] - -            c10h_train_c10: 0.0316 (acc: 0.9859) | c10h_val_c10: 0.3321 (acc: 0.9080)
[2018/09/25 13:07:21 __main__ INFO] - -            v4            : 0.6871 (acc: 0.8184) |           v6: 0.6957 (acc: 0.8200)
[2018/09/25 13:07:21 __main__ INFO] - -            c10_50k       : 0.1615 (acc: 0.9505)
[2018/09/25 13:07:21 __main__ INFO] - Elapsed 47.96
keys:  dict_keys(['epoch', 'c10h_train_loss', 'c10h_train_acc', 'c10h_val_loss', 'c10h_val_acc', 'c10h_train_c10_loss', 'c10h_train_c10_acc', 'c10h_val_c10_loss', 'c10h_val_c10_acc', 'v4_loss', 'v4_acc', 'v6_loss', 'v6_acc', 'c10_50k_loss', 'c10_50k_acc']) 
 c10h_outdir:  /tigress/ruairidh/model_results/run_1/saves/wrn_28_10/con_True_lr_0.01_seed_0
[2018/09/25 13:07:24 __main__ INFO] - Train 26
[2018/09/25 13:07:43 __main__ INFO] - TEST 26
[2018/09/25 13:08:31 __main__ INFO] - - epoch 26    c10h_train    : 0.4019 (acc: 0.9853) | c10h_val    : 0.5437 (acc: 0.9160)
[2018/09/25 13:08:31 __main__ INFO] - -            c10h_train_c10: 0.0121 (acc: 0.9929) | c10h_val_c10: 0.2892 (acc: 0.9200)
[2018/09/25 13:08:31 __main__ INFO] - -            v4            : 0.5690 (acc: 0.8451) |           v6: 0.6016 (acc: 0.8440)
[2018/09/25 13:08:31 __main__ INFO] - -            c10_50k       : 0.1139 (acc: 0.9626)
[2018/09/25 13:08:31 __main__ INFO] - Elapsed 47.64
keys:  dict_keys(['epoch', 'c10h_train_loss', 'c10h_train_acc', 'c10h_val_loss', 'c10h_val_acc', 'c10h_train_c10_loss', 'c10h_train_c10_acc', 'c10h_val_c10_loss', 'c10h_val_c10_acc', 'v4_loss', 'v4_acc', 'v6_loss', 'v6_acc', 'c10_50k_loss', 'c10_50k_acc']) 
 c10h_outdir:  /tigress/ruairidh/model_results/run_1/saves/wrn_28_10/con_True_lr_0.01_seed_0
[2018/09/25 13:08:32 __main__ INFO] - Train 27
[2018/09/25 13:08:51 __main__ INFO] - TEST 27
[2018/09/25 13:09:39 __main__ INFO] - - epoch 27    c10h_train    : 0.4084 (acc: 0.9848) | c10h_val    : 0.5245 (acc: 0.9290)
[2018/09/25 13:09:39 __main__ INFO] - -            c10h_train_c10: 0.0119 (acc: 0.9922) | c10h_val_c10: 0.2621 (acc: 0.9320)
[2018/09/25 13:09:39 __main__ INFO] - -            v4            : 0.5680 (acc: 0.8501) |           v6: 0.5897 (acc: 0.8510)
[2018/09/25 13:09:39 __main__ INFO] - -            c10_50k       : 0.1175 (acc: 0.9626)
[2018/09/25 13:09:39 __main__ INFO] - Elapsed 48.07
keys:  dict_keys(['epoch', 'c10h_train_loss', 'c10h_train_acc', 'c10h_val_loss', 'c10h_val_acc', 'c10h_train_c10_loss', 'c10h_train_c10_acc', 'c10h_val_c10_loss', 'c10h_val_c10_acc', 'v4_loss', 'v4_acc', 'v6_loss', 'v6_acc', 'c10_50k_loss', 'c10_50k_acc']) 
 c10h_outdir:  /tigress/ruairidh/model_results/run_1/saves/wrn_28_10/con_True_lr_0.01_seed_0
[2018/09/25 13:09:40 __main__ INFO] - Train 28
[2018/09/25 13:10:00 __main__ INFO] - TEST 28
[2018/09/25 13:10:48 __main__ INFO] - - epoch 28    c10h_train    : 0.4134 (acc: 0.9868) | c10h_val    : 0.5286 (acc: 0.9310)
[2018/09/25 13:10:48 __main__ INFO] - -            c10h_train_c10: 0.0084 (acc: 0.9943) | c10h_val_c10: 0.2613 (acc: 0.9340)
[2018/09/25 13:10:48 __main__ INFO] - -            v4            : 0.5513 (acc: 0.8506) |           v6: 0.5794 (acc: 0.8585)
[2018/09/25 13:10:48 __main__ INFO] - -            c10_50k       : 0.1090 (acc: 0.9653)
[2018/09/25 13:10:48 __main__ INFO] - Elapsed 47.86
keys:  dict_keys(['epoch', 'c10h_train_loss', 'c10h_train_acc', 'c10h_val_loss', 'c10h_val_acc', 'c10h_train_c10_loss', 'c10h_train_c10_acc', 'c10h_val_c10_loss', 'c10h_val_c10_acc', 'v4_loss', 'v4_acc', 'v6_loss', 'v6_acc', 'c10_50k_loss', 'c10_50k_acc']) 
 c10h_outdir:  /tigress/ruairidh/model_results/run_1/saves/wrn_28_10/con_True_lr_0.01_seed_0
[2018/09/25 13:10:49 __main__ INFO] - Train 29
[2018/09/25 13:11:08 __main__ INFO] - TEST 29
[2018/09/25 13:11:56 __main__ INFO] - - epoch 29    c10h_train    : 0.4173 (acc: 0.9866) | c10h_val    : 0.5123 (acc: 0.9330)
[2018/09/25 13:11:56 __main__ INFO] - -            c10h_train_c10: 0.0060 (acc: 0.9941) | c10h_val_c10: 0.2443 (acc: 0.9370)
[2018/09/25 13:11:56 __main__ INFO] - -            v4            : 0.5765 (acc: 0.8550) |           v6: 0.5779 (acc: 0.8635)
[2018/09/25 13:11:56 __main__ INFO] - -            c10_50k       : 0.1064 (acc: 0.9669)
[2018/09/25 13:11:56 __main__ INFO] - Elapsed 47.97
keys:  dict_keys(['epoch', 'c10h_train_loss', 'c10h_train_acc', 'c10h_val_loss', 'c10h_val_acc', 'c10h_train_c10_loss', 'c10h_train_c10_acc', 'c10h_val_c10_loss', 'c10h_val_c10_acc', 'v4_loss', 'v4_acc', 'v6_loss', 'v6_acc', 'c10_50k_loss', 'c10_50k_acc']) 
 c10h_outdir:  /tigress/ruairidh/model_results/run_1/saves/wrn_28_10/con_True_lr_0.01_seed_0
[2018/09/25 13:11:58 __main__ INFO] - Train 30
[2018/09/25 13:12:18 __main__ INFO] - TEST 30
[2018/09/25 13:13:06 __main__ INFO] - - epoch 30    c10h_train    : 0.4192 (acc: 0.9878) | c10h_val    : 0.5162 (acc: 0.9320)
[2018/09/25 13:13:06 __main__ INFO] - -            c10h_train_c10: 0.0033 (acc: 0.9954) | c10h_val_c10: 0.2566 (acc: 0.9360)
[2018/09/25 13:13:06 __main__ INFO] - -            v4            : 0.5823 (acc: 0.8501) |           v6: 0.5828 (acc: 0.8595)
[2018/09/25 13:13:06 __main__ INFO] - -            c10_50k       : 0.0938 (acc: 0.9707)
[2018/09/25 13:13:06 __main__ INFO] - Elapsed 47.85
keys:  dict_keys(['epoch', 'c10h_train_loss', 'c10h_train_acc', 'c10h_val_loss', 'c10h_val_acc', 'c10h_train_c10_loss', 'c10h_train_c10_acc', 'c10h_val_c10_loss', 'c10h_val_c10_acc', 'v4_loss', 'v4_acc', 'v6_loss', 'v6_acc', 'c10_50k_loss', 'c10_50k_acc']) 
 c10h_outdir:  /tigress/ruairidh/model_results/run_1/saves/wrn_28_10/con_True_lr_0.01_seed_0
[2018/09/25 13:13:07 __main__ INFO] - Train 31
[2018/09/25 13:13:27 __main__ INFO] - TEST 31
[2018/09/25 13:14:14 __main__ INFO] - - epoch 31    c10h_train    : 0.4291 (acc: 0.9863) | c10h_val    : 0.5459 (acc: 0.9330)
[2018/09/25 13:14:15 __main__ INFO] - -            c10h_train_c10: 0.0070 (acc: 0.9939) | c10h_val_c10: 0.2667 (acc: 0.9370)
[2018/09/25 13:14:15 __main__ INFO] - -            v4            : 0.5656 (acc: 0.8516) |           v6: 0.5996 (acc: 0.8610)
[2018/09/25 13:14:15 __main__ INFO] - -            c10_50k       : 0.0994 (acc: 0.9689)
[2018/09/25 13:14:15 __main__ INFO] - Elapsed 47.74
keys:  dict_keys(['epoch', 'c10h_train_loss', 'c10h_train_acc', 'c10h_val_loss', 'c10h_val_acc', 'c10h_train_c10_loss', 'c10h_train_c10_acc', 'c10h_val_c10_loss', 'c10h_val_c10_acc', 'v4_loss', 'v4_acc', 'v6_loss', 'v6_acc', 'c10_50k_loss', 'c10_50k_acc']) 
 c10h_outdir:  /tigress/ruairidh/model_results/run_1/saves/wrn_28_10/con_True_lr_0.01_seed_0
[2018/09/25 13:14:16 __main__ INFO] - Train 32
[2018/09/25 13:14:35 __main__ INFO] - TEST 32
[2018/09/25 13:15:23 __main__ INFO] - - epoch 32    c10h_train    : 0.4243 (acc: 0.9878) | c10h_val    : 0.5013 (acc: 0.9420)
[2018/09/25 13:15:24 __main__ INFO] - -            c10h_train_c10: 0.0027 (acc: 0.9953) | c10h_val_c10: 0.2256 (acc: 0.9450)
[2018/09/25 13:15:24 __main__ INFO] - -            v4            : 0.5779 (acc: 0.8506) |           v6: 0.5834 (acc: 0.8560)
[2018/09/25 13:15:24 __main__ INFO] - -            c10_50k       : 0.0910 (acc: 0.9707)
[2018/09/25 13:15:24 __main__ INFO] - Elapsed 48.26
keys:  dict_keys(['epoch', 'c10h_train_loss', 'c10h_train_acc', 'c10h_val_loss', 'c10h_val_acc', 'c10h_train_c10_loss', 'c10h_train_c10_acc', 'c10h_val_c10_loss', 'c10h_val_c10_acc', 'v4_loss', 'v4_acc', 'v6_loss', 'v6_acc', 'c10_50k_loss', 'c10_50k_acc']) 
 c10h_outdir:  /tigress/ruairidh/model_results/run_1/saves/wrn_28_10/con_True_lr_0.01_seed_0
[2018/09/25 13:15:26 __main__ INFO] - Train 33
[2018/09/25 13:15:45 __main__ INFO] - TEST 33
[2018/09/25 13:16:33 __main__ INFO] - - epoch 33    c10h_train    : 0.4195 (acc: 0.9802) | c10h_val    : 0.5459 (acc: 0.9240)
[2018/09/25 13:16:33 __main__ INFO] - -            c10h_train_c10: 0.0238 (acc: 0.9876) | c10h_val_c10: 0.3089 (acc: 0.9270)
[2018/09/25 13:16:33 __main__ INFO] - -            v4            : 0.6500 (acc: 0.8328) |           v6: 0.6944 (acc: 0.8395)
[2018/09/25 13:16:33 __main__ INFO] - -            c10_50k       : 0.1600 (acc: 0.9526)
[2018/09/25 13:16:33 __main__ INFO] - Elapsed 47.59
keys:  dict_keys(['epoch', 'c10h_train_loss', 'c10h_train_acc', 'c10h_val_loss', 'c10h_val_acc', 'c10h_train_c10_loss', 'c10h_train_c10_acc', 'c10h_val_c10_loss', 'c10h_val_c10_acc', 'v4_loss', 'v4_acc', 'v6_loss', 'v6_acc', 'c10_50k_loss', 'c10_50k_acc']) 
 c10h_outdir:  /tigress/ruairidh/model_results/run_1/saves/wrn_28_10/con_True_lr_0.01_seed_0
[2018/09/25 13:16:34 __main__ INFO] - Train 34
[2018/09/25 13:16:54 __main__ INFO] - TEST 34
[2018/09/25 13:17:41 __main__ INFO] - - epoch 34    c10h_train    : 0.4177 (acc: 0.9878) | c10h_val    : 0.4889 (acc: 0.9370)
[2018/09/25 13:17:41 __main__ INFO] - -            c10h_train_c10: 0.0025 (acc: 0.9954) | c10h_val_c10: 0.2197 (acc: 0.9390)
[2018/09/25 13:17:41 __main__ INFO] - -            v4            : 0.5644 (acc: 0.8525) |           v6: 0.5469 (acc: 0.8630)
[2018/09/25 13:17:41 __main__ INFO] - -            c10_50k       : 0.0906 (acc: 0.9717)
[2018/09/25 13:17:41 __main__ INFO] - Elapsed 47.74
keys:  dict_keys(['epoch', 'c10h_train_loss', 'c10h_train_acc', 'c10h_val_loss', 'c10h_val_acc', 'c10h_train_c10_loss', 'c10h_train_c10_acc', 'c10h_val_c10_loss', 'c10h_val_c10_acc', 'v4_loss', 'v4_acc', 'v6_loss', 'v6_acc', 'c10_50k_loss', 'c10_50k_acc']) 
 c10h_outdir:  /tigress/ruairidh/model_results/run_1/saves/wrn_28_10/con_True_lr_0.01_seed_0
[2018/09/25 13:17:43 __main__ INFO] - Train 35
[2018/09/25 13:18:02 __main__ INFO] - TEST 35
[2018/09/25 13:18:50 __main__ INFO] - - epoch 35    c10h_train    : 0.4247 (acc: 0.9869) | c10h_val    : 0.5125 (acc: 0.9330)
[2018/09/25 13:18:50 __main__ INFO] - -            c10h_train_c10: 0.0059 (acc: 0.9946) | c10h_val_c10: 0.2367 (acc: 0.9370)
[2018/09/25 13:18:50 __main__ INFO] - -            v4            : 0.5715 (acc: 0.8575) |           v6: 0.6078 (acc: 0.8610)
[2018/09/25 13:18:50 __main__ INFO] - -            c10_50k       : 0.1015 (acc: 0.9699)
[2018/09/25 13:18:50 __main__ INFO] - Elapsed 47.74
keys:  dict_keys(['epoch', 'c10h_train_loss', 'c10h_train_acc', 'c10h_val_loss', 'c10h_val_acc', 'c10h_train_c10_loss', 'c10h_train_c10_acc', 'c10h_val_c10_loss', 'c10h_val_c10_acc', 'v4_loss', 'v4_acc', 'v6_loss', 'v6_acc', 'c10_50k_loss', 'c10_50k_acc']) 
 c10h_outdir:  /tigress/ruairidh/model_results/run_1/saves/wrn_28_10/con_True_lr_0.01_seed_0
[2018/09/25 13:18:52 __main__ INFO] - Train 36
[2018/09/25 13:19:12 __main__ INFO] - TEST 36
[2018/09/25 13:20:00 __main__ INFO] - - epoch 36    c10h_train    : 0.4310 (acc: 0.9878) | c10h_val    : 0.4812 (acc: 0.9480)
[2018/09/25 13:20:00 __main__ INFO] - -            c10h_train_c10: 0.0018 (acc: 0.9953) | c10h_val_c10: 0.1986 (acc: 0.9510)
[2018/09/25 13:20:00 __main__ INFO] - -            v4            : 0.5330 (acc: 0.8624) |           v6: 0.5247 (acc: 0.8735)
[2018/09/25 13:20:00 __main__ INFO] - -            c10_50k       : 0.0795 (acc: 0.9747)
[2018/09/25 13:20:00 __main__ INFO] - Elapsed 47.86
keys:  dict_keys(['epoch', 'c10h_train_loss', 'c10h_train_acc', 'c10h_val_loss', 'c10h_val_acc', 'c10h_train_c10_loss', 'c10h_train_c10_acc', 'c10h_val_c10_loss', 'c10h_val_c10_acc', 'v4_loss', 'v4_acc', 'v6_loss', 'v6_acc', 'c10_50k_loss', 'c10_50k_acc']) 
 c10h_outdir:  /tigress/ruairidh/model_results/run_1/saves/wrn_28_10/con_True_lr_0.01_seed_0
[2018/09/25 13:20:01 __main__ INFO] - Train 37
[2018/09/25 13:20:20 __main__ INFO] - TEST 37
[2018/09/25 13:21:08 __main__ INFO] - - epoch 37    c10h_train    : 0.4198 (acc: 0.9854) | c10h_val    : 0.5441 (acc: 0.9260)
[2018/09/25 13:21:08 __main__ INFO] - -            c10h_train_c10: 0.0103 (acc: 0.9929) | c10h_val_c10: 0.2735 (acc: 0.9290)
[2018/09/25 13:21:08 __main__ INFO] - -            v4            : 0.6525 (acc: 0.8288) |           v6: 0.6505 (acc: 0.8420)
[2018/09/25 13:21:08 __main__ INFO] - -            c10_50k       : 0.1286 (acc: 0.9599)
[2018/09/25 13:21:08 __main__ INFO] - Elapsed 47.93
keys:  dict_keys(['epoch', 'c10h_train_loss', 'c10h_train_acc', 'c10h_val_loss', 'c10h_val_acc', 'c10h_train_c10_loss', 'c10h_train_c10_acc', 'c10h_val_c10_loss', 'c10h_val_c10_acc', 'v4_loss', 'v4_acc', 'v6_loss', 'v6_acc', 'c10_50k_loss', 'c10_50k_acc']) 
 c10h_outdir:  /tigress/ruairidh/model_results/run_1/saves/wrn_28_10/con_True_lr_0.01_seed_0
[2018/09/25 13:21:10 __main__ INFO] - Train 38
[2018/09/25 13:21:30 __main__ INFO] - TEST 38
[2018/09/25 13:22:18 __main__ INFO] - - epoch 38    c10h_train    : 0.4122 (acc: 0.9866) | c10h_val    : 0.4983 (acc: 0.9350)
[2018/09/25 13:22:18 __main__ INFO] - -            c10h_train_c10: 0.0070 (acc: 0.9940) | c10h_val_c10: 0.2363 (acc: 0.9390)
[2018/09/25 13:22:18 __main__ INFO] - -            v4            : 0.5455 (acc: 0.8550) |           v6: 0.5568 (acc: 0.8605)
[2018/09/25 13:22:18 __main__ INFO] - -            c10_50k       : 0.0989 (acc: 0.9696)
[2018/09/25 13:22:18 __main__ INFO] - Elapsed 47.64
keys:  dict_keys(['epoch', 'c10h_train_loss', 'c10h_train_acc', 'c10h_val_loss', 'c10h_val_acc', 'c10h_train_c10_loss', 'c10h_train_c10_acc', 'c10h_val_c10_loss', 'c10h_val_c10_acc', 'v4_loss', 'v4_acc', 'v6_loss', 'v6_acc', 'c10_50k_loss', 'c10_50k_acc']) 
 c10h_outdir:  /tigress/ruairidh/model_results/run_1/saves/wrn_28_10/con_True_lr_0.01_seed_0
[2018/09/25 13:22:19 __main__ INFO] - Train 39
[2018/09/25 13:22:38 __main__ INFO] - TEST 39
[2018/09/25 13:23:26 __main__ INFO] - - epoch 39    c10h_train    : 0.4297 (acc: 0.9858) | c10h_val    : 0.5170 (acc: 0.9380)
[2018/09/25 13:23:26 __main__ INFO] - -            c10h_train_c10: 0.0079 (acc: 0.9934) | c10h_val_c10: 0.2325 (acc: 0.9420)
[2018/09/25 13:23:26 __main__ INFO] - -            v4            : 0.5856 (acc: 0.8525) |           v6: 0.6207 (acc: 0.8520)
[2018/09/25 13:23:26 __main__ INFO] - -            c10_50k       : 0.1112 (acc: 0.9658)
[2018/09/25 13:23:26 __main__ INFO] - Elapsed 47.88
keys:  dict_keys(['epoch', 'c10h_train_loss', 'c10h_train_acc', 'c10h_val_loss', 'c10h_val_acc', 'c10h_train_c10_loss', 'c10h_train_c10_acc', 'c10h_val_c10_loss', 'c10h_val_c10_acc', 'v4_loss', 'v4_acc', 'v6_loss', 'v6_acc', 'c10_50k_loss', 'c10_50k_acc']) 
 c10h_outdir:  /tigress/ruairidh/model_results/run_1/saves/wrn_28_10/con_True_lr_0.01_seed_0
[2018/09/25 13:23:29 __main__ INFO] - Train 40
[2018/09/25 13:23:48 __main__ INFO] - TEST 40
[2018/09/25 13:24:36 __main__ INFO] - - epoch 40    c10h_train    : 0.4123 (acc: 0.9829) | c10h_val    : 0.5573 (acc: 0.9140)
[2018/09/25 13:24:36 __main__ INFO] - -            c10h_train_c10: 0.0201 (acc: 0.9900) | c10h_val_c10: 0.2946 (acc: 0.9180)
[2018/09/25 13:24:36 __main__ INFO] - -            v4            : 0.6428 (acc: 0.8333) |           v6: 0.6592 (acc: 0.8420)
[2018/09/25 13:24:36 __main__ INFO] - -            c10_50k       : 0.1559 (acc: 0.9514)
[2018/09/25 13:24:36 __main__ INFO] - Elapsed 47.78
keys:  dict_keys(['epoch', 'c10h_train_loss', 'c10h_train_acc', 'c10h_val_loss', 'c10h_val_acc', 'c10h_train_c10_loss', 'c10h_train_c10_acc', 'c10h_val_c10_loss', 'c10h_val_c10_acc', 'v4_loss', 'v4_acc', 'v6_loss', 'v6_acc', 'c10_50k_loss', 'c10_50k_acc']) 
 c10h_outdir:  /tigress/ruairidh/model_results/run_1/saves/wrn_28_10/con_True_lr_0.01_seed_0
[2018/09/25 13:24:38 __main__ INFO] - Train 41
[2018/09/25 13:24:57 __main__ INFO] - TEST 41
[2018/09/25 13:25:45 __main__ INFO] - - epoch 41    c10h_train    : 0.4669 (acc: 0.9547) | c10h_val    : 0.6952 (acc: 0.8890)
[2018/09/25 13:25:45 __main__ INFO] - -            c10h_train_c10: 0.1129 (acc: 0.9610) | c10h_val_c10: 0.4304 (acc: 0.8930)
[2018/09/25 13:25:45 __main__ INFO] - -            v4            : 0.7922 (acc: 0.7907) |           v6: 0.8412 (acc: 0.7940)
[2018/09/25 13:25:45 __main__ INFO] - -            c10_50k       : 0.3101 (acc: 0.9136)
[2018/09/25 13:25:45 __main__ INFO] - Elapsed 47.79
keys:  dict_keys(['epoch', 'c10h_train_loss', 'c10h_train_acc', 'c10h_val_loss', 'c10h_val_acc', 'c10h_train_c10_loss', 'c10h_train_c10_acc', 'c10h_val_c10_loss', 'c10h_val_c10_acc', 'v4_loss', 'v4_acc', 'v6_loss', 'v6_acc', 'c10_50k_loss', 'c10_50k_acc']) 
 c10h_outdir:  /tigress/ruairidh/model_results/run_1/saves/wrn_28_10/con_True_lr_0.01_seed_0
[2018/09/25 13:25:48 __main__ INFO] - Train 42
[2018/09/25 13:26:08 __main__ INFO] - TEST 42
[2018/09/25 13:26:56 __main__ INFO] - - epoch 42    c10h_train    : 0.3966 (acc: 0.9824) | c10h_val    : 0.5068 (acc: 0.9290)
[2018/09/25 13:26:56 __main__ INFO] - -            c10h_train_c10: 0.0210 (acc: 0.9896) | c10h_val_c10: 0.2454 (acc: 0.9310)
[2018/09/25 13:26:56 __main__ INFO] - -            v4            : 0.6519 (acc: 0.8263) |           v6: 0.6542 (acc: 0.8400)
[2018/09/25 13:26:56 __main__ INFO] - -            c10_50k       : 0.1602 (acc: 0.9505)
[2018/09/25 13:26:56 __main__ INFO] - Elapsed 47.79
keys:  dict_keys(['epoch', 'c10h_train_loss', 'c10h_train_acc', 'c10h_val_loss', 'c10h_val_acc', 'c10h_train_c10_loss', 'c10h_train_c10_acc', 'c10h_val_c10_loss', 'c10h_val_c10_acc', 'v4_loss', 'v4_acc', 'v6_loss', 'v6_acc', 'c10_50k_loss', 'c10_50k_acc']) 
 c10h_outdir:  /tigress/ruairidh/model_results/run_1/saves/wrn_28_10/con_True_lr_0.01_seed_0
[2018/09/25 13:26:57 __main__ INFO] - Train 43
[2018/09/25 13:27:17 __main__ INFO] - TEST 43
[2018/09/25 13:28:05 __main__ INFO] - - epoch 43    c10h_train    : 0.3979 (acc: 0.9797) | c10h_val    : 0.5707 (acc: 0.9110)
[2018/09/25 13:28:05 __main__ INFO] - -            c10h_train_c10: 0.0291 (acc: 0.9871) | c10h_val_c10: 0.3306 (acc: 0.9150)
[2018/09/25 13:28:05 __main__ INFO] - -            v4            : 0.7575 (acc: 0.8011) |           v6: 0.7642 (acc: 0.8125)
[2018/09/25 13:28:05 __main__ INFO] - -            c10_50k       : 0.1882 (acc: 0.9420)
[2018/09/25 13:28:05 __main__ INFO] - Elapsed 47.73
keys:  dict_keys(['epoch', 'c10h_train_loss', 'c10h_train_acc', 'c10h_val_loss', 'c10h_val_acc', 'c10h_train_c10_loss', 'c10h_train_c10_acc', 'c10h_val_c10_loss', 'c10h_val_c10_acc', 'v4_loss', 'v4_acc', 'v6_loss', 'v6_acc', 'c10_50k_loss', 'c10_50k_acc']) 
 c10h_outdir:  /tigress/ruairidh/model_results/run_1/saves/wrn_28_10/con_True_lr_0.01_seed_0
[2018/09/25 13:28:08 __main__ INFO] - Train 44
[2018/09/25 13:28:27 __main__ INFO] - TEST 44
[2018/09/25 13:29:15 __main__ INFO] - - epoch 44    c10h_train    : 0.3963 (acc: 0.9847) | c10h_val    : 0.5434 (acc: 0.9200)
[2018/09/25 13:29:15 __main__ INFO] - -            c10h_train_c10: 0.0139 (acc: 0.9914) | c10h_val_c10: 0.3005 (acc: 0.9220)
[2018/09/25 13:29:15 __main__ INFO] - -            v4            : 0.6376 (acc: 0.8323) |           v6: 0.6051 (acc: 0.8560)
[2018/09/25 13:29:15 __main__ INFO] - -            c10_50k       : 0.1386 (acc: 0.9571)
[2018/09/25 13:29:15 __main__ INFO] - Elapsed 47.87
keys:  dict_keys(['epoch', 'c10h_train_loss', 'c10h_train_acc', 'c10h_val_loss', 'c10h_val_acc', 'c10h_train_c10_loss', 'c10h_train_c10_acc', 'c10h_val_c10_loss', 'c10h_val_c10_acc', 'v4_loss', 'v4_acc', 'v6_loss', 'v6_acc', 'c10_50k_loss', 'c10_50k_acc']) 
 c10h_outdir:  /tigress/ruairidh/model_results/run_1/saves/wrn_28_10/con_True_lr_0.01_seed_0
[2018/09/25 13:29:16 __main__ INFO] - Train 45
[2018/09/25 13:29:36 __main__ INFO] - TEST 45
[2018/09/25 13:30:23 __main__ INFO] - - epoch 45    c10h_train    : 0.4123 (acc: 0.9769) | c10h_val    : 0.6148 (acc: 0.9020)
[2018/09/25 13:30:23 __main__ INFO] - -            c10h_train_c10: 0.0382 (acc: 0.9837) | c10h_val_c10: 0.3731 (acc: 0.9060)
[2018/09/25 13:30:23 __main__ INFO] - -            v4            : 0.7895 (acc: 0.7971) |           v6: 0.7725 (acc: 0.8115)
[2018/09/25 13:30:23 __main__ INFO] - -            c10_50k       : 0.2142 (acc: 0.9363)
[2018/09/25 13:30:23 __main__ INFO] - Elapsed 47.70
keys:  dict_keys(['epoch', 'c10h_train_loss', 'c10h_train_acc', 'c10h_val_loss', 'c10h_val_acc', 'c10h_train_c10_loss', 'c10h_train_c10_acc', 'c10h_val_c10_loss', 'c10h_val_c10_acc', 'v4_loss', 'v4_acc', 'v6_loss', 'v6_acc', 'c10_50k_loss', 'c10_50k_acc']) 
 c10h_outdir:  /tigress/ruairidh/model_results/run_1/saves/wrn_28_10/con_True_lr_0.01_seed_0
[2018/09/25 13:30:27 __main__ INFO] - Train 46
[2018/09/25 13:30:46 __main__ INFO] - TEST 46
[2018/09/25 13:31:34 __main__ INFO] - - epoch 46    c10h_train    : 0.3937 (acc: 0.9791) | c10h_val    : 0.5434 (acc: 0.9260)
[2018/09/25 13:31:34 __main__ INFO] - -            c10h_train_c10: 0.0290 (acc: 0.9858) | c10h_val_c10: 0.3001 (acc: 0.9280)
[2018/09/25 13:31:34 __main__ INFO] - -            v4            : 0.7197 (acc: 0.8169) |           v6: 0.6783 (acc: 0.8260)
[2018/09/25 13:31:34 __main__ INFO] - -            c10_50k       : 0.1762 (acc: 0.9456)
[2018/09/25 13:31:34 __main__ INFO] - Elapsed 47.89
keys:  dict_keys(['epoch', 'c10h_train_loss', 'c10h_train_acc', 'c10h_val_loss', 'c10h_val_acc', 'c10h_train_c10_loss', 'c10h_train_c10_acc', 'c10h_val_c10_loss', 'c10h_val_c10_acc', 'v4_loss', 'v4_acc', 'v6_loss', 'v6_acc', 'c10_50k_loss', 'c10_50k_acc']) 
 c10h_outdir:  /tigress/ruairidh/model_results/run_1/saves/wrn_28_10/con_True_lr_0.01_seed_0
[2018/09/25 13:31:36 __main__ INFO] - Train 47
[2018/09/25 13:31:55 __main__ INFO] - TEST 47
[2018/09/25 13:32:43 __main__ INFO] - - epoch 47    c10h_train    : 0.4023 (acc: 0.9723) | c10h_val    : 0.5926 (acc: 0.9120)
[2018/09/25 13:32:43 __main__ INFO] - -            c10h_train_c10: 0.0492 (acc: 0.9789) | c10h_val_c10: 0.3688 (acc: 0.9140)
[2018/09/25 13:32:43 __main__ INFO] - -            v4            : 0.6467 (acc: 0.8303) |           v6: 0.6135 (acc: 0.8450)
[2018/09/25 13:32:43 __main__ INFO] - -            c10_50k       : 0.2143 (acc: 0.9363)
[2018/09/25 13:32:43 __main__ INFO] - Elapsed 48.04
keys:  dict_keys(['epoch', 'c10h_train_loss', 'c10h_train_acc', 'c10h_val_loss', 'c10h_val_acc', 'c10h_train_c10_loss', 'c10h_train_c10_acc', 'c10h_val_c10_loss', 'c10h_val_c10_acc', 'v4_loss', 'v4_acc', 'v6_loss', 'v6_acc', 'c10_50k_loss', 'c10_50k_acc']) 
 c10h_outdir:  /tigress/ruairidh/model_results/run_1/saves/wrn_28_10/con_True_lr_0.01_seed_0
[2018/09/25 13:32:45 __main__ INFO] - Train 48
[2018/09/25 13:33:04 __main__ INFO] - TEST 48
[2018/09/25 13:33:52 __main__ INFO] - - epoch 48    c10h_train    : 0.4013 (acc: 0.9828) | c10h_val    : 0.5176 (acc: 0.9200)
[2018/09/25 13:33:52 __main__ INFO] - -            c10h_train_c10: 0.0173 (acc: 0.9904) | c10h_val_c10: 0.2535 (acc: 0.9240)
[2018/09/25 13:33:52 __main__ INFO] - -            v4            : 0.6576 (acc: 0.8293) |           v6: 0.6201 (acc: 0.8430)
[2018/09/25 13:33:52 __main__ INFO] - -            c10_50k       : 0.1623 (acc: 0.9505)
[2018/09/25 13:33:52 __main__ INFO] - Elapsed 47.86
keys:  dict_keys(['epoch', 'c10h_train_loss', 'c10h_train_acc', 'c10h_val_loss', 'c10h_val_acc', 'c10h_train_c10_loss', 'c10h_train_c10_acc', 'c10h_val_c10_loss', 'c10h_val_c10_acc', 'v4_loss', 'v4_acc', 'v6_loss', 'v6_acc', 'c10_50k_loss', 'c10_50k_acc']) 
 c10h_outdir:  /tigress/ruairidh/model_results/run_1/saves/wrn_28_10/con_True_lr_0.01_seed_0
[2018/09/25 13:33:54 __main__ INFO] - Train 49
[2018/09/25 13:34:14 __main__ INFO] - TEST 49
[2018/09/25 13:35:01 __main__ INFO] - - epoch 49    c10h_train    : 0.4050 (acc: 0.9846) | c10h_val    : 0.5627 (acc: 0.9230)
[2018/09/25 13:35:02 __main__ INFO] - -            c10h_train_c10: 0.0141 (acc: 0.9922) | c10h_val_c10: 0.3056 (acc: 0.9260)
[2018/09/25 13:35:02 __main__ INFO] - -            v4            : 0.6590 (acc: 0.8308) |           v6: 0.6595 (acc: 0.8345)
[2018/09/25 13:35:02 __main__ INFO] - -            c10_50k       : 0.1686 (acc: 0.9487)
[2018/09/25 13:35:02 __main__ INFO] - Elapsed 47.77
keys:  dict_keys(['epoch', 'c10h_train_loss', 'c10h_train_acc', 'c10h_val_loss', 'c10h_val_acc', 'c10h_train_c10_loss', 'c10h_train_c10_acc', 'c10h_val_c10_loss', 'c10h_val_c10_acc', 'v4_loss', 'v4_acc', 'v6_loss', 'v6_acc', 'c10_50k_loss', 'c10_50k_acc']) 
 c10h_outdir:  /tigress/ruairidh/model_results/run_1/saves/wrn_28_10/con_True_lr_0.01_seed_0
[2018/09/25 13:35:03 __main__ INFO] - Train 50
[2018/09/25 13:35:23 __main__ INFO] - TEST 50
[2018/09/25 13:36:11 __main__ INFO] - - epoch 50    c10h_train    : 0.4034 (acc: 0.9824) | c10h_val    : 0.5553 (acc: 0.9170)
[2018/09/25 13:36:11 __main__ INFO] - -            c10h_train_c10: 0.0193 (acc: 0.9901) | c10h_val_c10: 0.3058 (acc: 0.9200)
[2018/09/25 13:36:11 __main__ INFO] - -            v4            : 0.6881 (acc: 0.8214) |           v6: 0.6479 (acc: 0.8435)
[2018/09/25 13:36:11 __main__ INFO] - -            c10_50k       : 0.1731 (acc: 0.9465)
[2018/09/25 13:36:11 __main__ INFO] - Elapsed 47.83
keys:  dict_keys(['epoch', 'c10h_train_loss', 'c10h_train_acc', 'c10h_val_loss', 'c10h_val_acc', 'c10h_train_c10_loss', 'c10h_train_c10_acc', 'c10h_val_c10_loss', 'c10h_val_c10_acc', 'v4_loss', 'v4_acc', 'v6_loss', 'v6_acc', 'c10_50k_loss', 'c10_50k_acc']) 
 c10h_outdir:  /tigress/ruairidh/model_results/run_1/saves/wrn_28_10/con_True_lr_0.01_seed_0
[2018/09/25 13:36:12 __main__ INFO] - Train 51
[2018/09/25 13:36:32 __main__ INFO] - TEST 51
[2018/09/25 13:37:20 __main__ INFO] - - epoch 51    c10h_train    : 0.4189 (acc: 0.9827) | c10h_val    : 0.5544 (acc: 0.9060)
[2018/09/25 13:37:20 __main__ INFO] - -            c10h_train_c10: 0.0178 (acc: 0.9902) | c10h_val_c10: 0.2912 (acc: 0.9090)
[2018/09/25 13:37:20 __main__ INFO] - -            v4            : 0.6731 (acc: 0.8268) |           v6: 0.6179 (acc: 0.8465)
[2018/09/25 13:37:20 __main__ INFO] - -            c10_50k       : 0.1724 (acc: 0.9488)
[2018/09/25 13:37:20 __main__ INFO] - Elapsed 47.86
keys:  dict_keys(['epoch', 'c10h_train_loss', 'c10h_train_acc', 'c10h_val_loss', 'c10h_val_acc', 'c10h_train_c10_loss', 'c10h_train_c10_acc', 'c10h_val_c10_loss', 'c10h_val_c10_acc', 'v4_loss', 'v4_acc', 'v6_loss', 'v6_acc', 'c10_50k_loss', 'c10_50k_acc']) 
 c10h_outdir:  /tigress/ruairidh/model_results/run_1/saves/wrn_28_10/con_True_lr_0.01_seed_0
[2018/09/25 13:37:21 __main__ INFO] - Train 52
[2018/09/25 13:37:41 __main__ INFO] - TEST 52
[2018/09/25 13:38:29 __main__ INFO] - - epoch 52    c10h_train    : 0.4059 (acc: 0.9860) | c10h_val    : 0.5351 (acc: 0.9240)
[2018/09/25 13:38:29 __main__ INFO] - -            c10h_train_c10: 0.0080 (acc: 0.9937) | c10h_val_c10: 0.2916 (acc: 0.9270)
[2018/09/25 13:38:29 __main__ INFO] - -            v4            : 0.5902 (acc: 0.8422) |           v6: 0.5997 (acc: 0.8475)
[2018/09/25 13:38:29 __main__ INFO] - -            c10_50k       : 0.1333 (acc: 0.9588)
[2018/09/25 13:38:29 __main__ INFO] - Elapsed 47.82
keys:  dict_keys(['epoch', 'c10h_train_loss', 'c10h_train_acc', 'c10h_val_loss', 'c10h_val_acc', 'c10h_train_c10_loss', 'c10h_train_c10_acc', 'c10h_val_c10_loss', 'c10h_val_c10_acc', 'v4_loss', 'v4_acc', 'v6_loss', 'v6_acc', 'c10_50k_loss', 'c10_50k_acc']) 
 c10h_outdir:  /tigress/ruairidh/model_results/run_1/saves/wrn_28_10/con_True_lr_0.01_seed_0
[2018/09/25 13:38:29 __main__ INFO] - Train 53
[2018/09/25 13:38:49 __main__ INFO] - TEST 53
[2018/09/25 13:39:37 __main__ INFO] - - epoch 53    c10h_train    : 0.4112 (acc: 0.9841) | c10h_val    : 0.5586 (acc: 0.9150)
[2018/09/25 13:39:37 __main__ INFO] - -            c10h_train_c10: 0.0140 (acc: 0.9917) | c10h_val_c10: 0.3207 (acc: 0.9180)
[2018/09/25 13:39:37 __main__ INFO] - -            v4            : 0.6829 (acc: 0.8318) |           v6: 0.6783 (acc: 0.8335)
[2018/09/25 13:39:37 __main__ INFO] - -            c10_50k       : 0.1744 (acc: 0.9489)
[2018/09/25 13:39:37 __main__ INFO] - Elapsed 47.74
keys:  dict_keys(['epoch', 'c10h_train_loss', 'c10h_train_acc', 'c10h_val_loss', 'c10h_val_acc', 'c10h_train_c10_loss', 'c10h_train_c10_acc', 'c10h_val_c10_loss', 'c10h_val_c10_acc', 'v4_loss', 'v4_acc', 'v6_loss', 'v6_acc', 'c10_50k_loss', 'c10_50k_acc']) 
 c10h_outdir:  /tigress/ruairidh/model_results/run_1/saves/wrn_28_10/con_True_lr_0.01_seed_0
[2018/09/25 13:39:37 __main__ INFO] - Train 54
[2018/09/25 13:39:57 __main__ INFO] - TEST 54
[2018/09/25 13:40:44 __main__ INFO] - - epoch 54    c10h_train    : 0.4267 (acc: 0.9854) | c10h_val    : 0.5536 (acc: 0.9190)
[2018/09/25 13:40:45 __main__ INFO] - -            c10h_train_c10: 0.0105 (acc: 0.9930) | c10h_val_c10: 0.2792 (acc: 0.9220)
[2018/09/25 13:40:45 __main__ INFO] - -            v4            : 0.7476 (acc: 0.8154) |           v6: 0.7169 (acc: 0.8245)
[2018/09/25 13:40:45 __main__ INFO] - -            c10_50k       : 0.1543 (acc: 0.9532)
[2018/09/25 13:40:45 __main__ INFO] - Elapsed 47.90
keys:  dict_keys(['epoch', 'c10h_train_loss', 'c10h_train_acc', 'c10h_val_loss', 'c10h_val_acc', 'c10h_train_c10_loss', 'c10h_train_c10_acc', 'c10h_val_c10_loss', 'c10h_val_c10_acc', 'v4_loss', 'v4_acc', 'v6_loss', 'v6_acc', 'c10_50k_loss', 'c10_50k_acc']) 
 c10h_outdir:  /tigress/ruairidh/model_results/run_1/saves/wrn_28_10/con_True_lr_0.01_seed_0
[2018/09/25 13:40:46 __main__ INFO] - Train 55
[2018/09/25 13:41:05 __main__ INFO] - TEST 55
[2018/09/25 13:41:53 __main__ INFO] - - epoch 55    c10h_train    : 0.4219 (acc: 0.9769) | c10h_val    : 0.6005 (acc: 0.9070)
[2018/09/25 13:41:53 __main__ INFO] - -            c10h_train_c10: 0.0337 (acc: 0.9841) | c10h_val_c10: 0.3623 (acc: 0.9100)
[2018/09/25 13:41:53 __main__ INFO] - -            v4            : 0.8272 (acc: 0.8016) |           v6: 0.7948 (acc: 0.8105)
[2018/09/25 13:41:53 __main__ INFO] - -            c10_50k       : 0.2271 (acc: 0.9340)
[2018/09/25 13:41:53 __main__ INFO] - Elapsed 47.74
keys:  dict_keys(['epoch', 'c10h_train_loss', 'c10h_train_acc', 'c10h_val_loss', 'c10h_val_acc', 'c10h_train_c10_loss', 'c10h_train_c10_acc', 'c10h_val_c10_loss', 'c10h_val_c10_acc', 'v4_loss', 'v4_acc', 'v6_loss', 'v6_acc', 'c10_50k_loss', 'c10_50k_acc']) 
 c10h_outdir:  /tigress/ruairidh/model_results/run_1/saves/wrn_28_10/con_True_lr_0.01_seed_0
[2018/09/25 13:41:55 __main__ INFO] - Train 56
[2018/09/25 13:42:14 __main__ INFO] - TEST 56
[2018/09/25 13:43:02 __main__ INFO] - - epoch 56    c10h_train    : 0.4128 (acc: 0.9828) | c10h_val    : 0.5682 (acc: 0.9170)
[2018/09/25 13:43:02 __main__ INFO] - -            c10h_train_c10: 0.0178 (acc: 0.9903) | c10h_val_c10: 0.3207 (acc: 0.9190)
[2018/09/25 13:43:02 __main__ INFO] - -            v4            : 0.6970 (acc: 0.8258) |           v6: 0.6752 (acc: 0.8400)
[2018/09/25 13:43:02 __main__ INFO] - -            c10_50k       : 0.1804 (acc: 0.9465)
[2018/09/25 13:43:02 __main__ INFO] - Elapsed 47.96
keys:  dict_keys(['epoch', 'c10h_train_loss', 'c10h_train_acc', 'c10h_val_loss', 'c10h_val_acc', 'c10h_train_c10_loss', 'c10h_train_c10_acc', 'c10h_val_c10_loss', 'c10h_val_c10_acc', 'v4_loss', 'v4_acc', 'v6_loss', 'v6_acc', 'c10_50k_loss', 'c10_50k_acc']) 
 c10h_outdir:  /tigress/ruairidh/model_results/run_1/saves/wrn_28_10/con_True_lr_0.01_seed_0
[2018/09/25 13:43:05 __main__ INFO] - Train 57
[2018/09/25 13:43:25 __main__ INFO] - TEST 57
[2018/09/25 13:44:13 __main__ INFO] - - epoch 57    c10h_train    : 0.4102 (acc: 0.9839) | c10h_val    : 0.5573 (acc: 0.9180)
[2018/09/25 13:44:13 __main__ INFO] - -            c10h_train_c10: 0.0180 (acc: 0.9914) | c10h_val_c10: 0.2989 (acc: 0.9220)
[2018/09/25 13:44:13 __main__ INFO] - -            v4            : 0.7046 (acc: 0.8248) |           v6: 0.7175 (acc: 0.8320)
[2018/09/25 13:44:13 __main__ INFO] - -            c10_50k       : 0.1837 (acc: 0.9445)
[2018/09/25 13:44:13 __main__ INFO] - Elapsed 47.93
keys:  dict_keys(['epoch', 'c10h_train_loss', 'c10h_train_acc', 'c10h_val_loss', 'c10h_val_acc', 'c10h_train_c10_loss', 'c10h_train_c10_acc', 'c10h_val_c10_loss', 'c10h_val_c10_acc', 'v4_loss', 'v4_acc', 'v6_loss', 'v6_acc', 'c10_50k_loss', 'c10_50k_acc']) 
 c10h_outdir:  /tigress/ruairidh/model_results/run_1/saves/wrn_28_10/con_True_lr_0.01_seed_0
[2018/09/25 13:44:14 __main__ INFO] - Train 58
[2018/09/25 13:44:33 __main__ INFO] - TEST 58
[2018/09/25 13:45:21 __main__ INFO] - - epoch 58    c10h_train    : 0.4082 (acc: 0.9739) | c10h_val    : 0.6309 (acc: 0.8940)
[2018/09/25 13:45:22 __main__ INFO] - -            c10h_train_c10: 0.0471 (acc: 0.9811) | c10h_val_c10: 0.4138 (acc: 0.8970)
[2018/09/25 13:45:22 __main__ INFO] - -            v4            : 0.8320 (acc: 0.7937) |           v6: 0.8487 (acc: 0.7995)
[2018/09/25 13:45:22 __main__ INFO] - -            c10_50k       : 0.2577 (acc: 0.9245)
[2018/09/25 13:45:22 __main__ INFO] - Elapsed 48.08
keys:  dict_keys(['epoch', 'c10h_train_loss', 'c10h_train_acc', 'c10h_val_loss', 'c10h_val_acc', 'c10h_train_c10_loss', 'c10h_train_c10_acc', 'c10h_val_c10_loss', 'c10h_val_c10_acc', 'v4_loss', 'v4_acc', 'v6_loss', 'v6_acc', 'c10_50k_loss', 'c10_50k_acc']) 
 c10h_outdir:  /tigress/ruairidh/model_results/run_1/saves/wrn_28_10/con_True_lr_0.01_seed_0
[2018/09/25 13:45:24 __main__ INFO] - Train 59
[2018/09/25 13:45:43 __main__ INFO] - TEST 59
[2018/09/25 13:46:31 __main__ INFO] - - epoch 59    c10h_train    : 0.4091 (acc: 0.9759) | c10h_val    : 0.6079 (acc: 0.9010)
[2018/09/25 13:46:31 __main__ INFO] - -            c10h_train_c10: 0.0356 (acc: 0.9829) | c10h_val_c10: 0.3819 (acc: 0.9040)
[2018/09/25 13:46:31 __main__ INFO] - -            v4            : 0.6999 (acc: 0.8169) |           v6: 0.6658 (acc: 0.8360)
[2018/09/25 13:46:31 __main__ INFO] - -            c10_50k       : 0.2286 (acc: 0.9326)
[2018/09/25 13:46:31 __main__ INFO] - Elapsed 47.88
keys:  dict_keys(['epoch', 'c10h_train_loss', 'c10h_train_acc', 'c10h_val_loss', 'c10h_val_acc', 'c10h_train_c10_loss', 'c10h_train_c10_acc', 'c10h_val_c10_loss', 'c10h_val_c10_acc', 'v4_loss', 'v4_acc', 'v6_loss', 'v6_acc', 'c10_50k_loss', 'c10_50k_acc']) 
 c10h_outdir:  /tigress/ruairidh/model_results/run_1/saves/wrn_28_10/con_True_lr_0.01_seed_0
[2018/09/25 13:46:31 __main__ INFO] - Train 60
[2018/09/25 13:46:51 __main__ INFO] - TEST 60
[2018/09/25 13:47:39 __main__ INFO] - - epoch 60    c10h_train    : 0.4161 (acc: 0.9843) | c10h_val    : 0.5800 (acc: 0.9180)
[2018/09/25 13:47:39 __main__ INFO] - -            c10h_train_c10: 0.0119 (acc: 0.9920) | c10h_val_c10: 0.3113 (acc: 0.9210)
[2018/09/25 13:47:39 __main__ INFO] - -            v4            : 0.6537 (acc: 0.8337) |           v6: 0.6349 (acc: 0.8430)
[2018/09/25 13:47:39 __main__ INFO] - -            c10_50k       : 0.1699 (acc: 0.9492)
[2018/09/25 13:47:39 __main__ INFO] - Elapsed 47.88
keys:  dict_keys(['epoch', 'c10h_train_loss', 'c10h_train_acc', 'c10h_val_loss', 'c10h_val_acc', 'c10h_train_c10_loss', 'c10h_train_c10_acc', 'c10h_val_c10_loss', 'c10h_val_c10_acc', 'v4_loss', 'v4_acc', 'v6_loss', 'v6_acc', 'c10_50k_loss', 'c10_50k_acc']) 
 c10h_outdir:  /tigress/ruairidh/model_results/run_1/saves/wrn_28_10/con_True_lr_0.01_seed_0
[2018/09/25 13:47:40 __main__ INFO] - Train 61
[2018/09/25 13:48:00 __main__ INFO] - TEST 61
[2018/09/25 13:48:47 __main__ INFO] - - epoch 61    c10h_train    : 0.4147 (acc: 0.9877) | c10h_val    : 0.5363 (acc: 0.9240)
[2018/09/25 13:48:48 __main__ INFO] - -            c10h_train_c10: 0.0031 (acc: 0.9952) | c10h_val_c10: 0.2756 (acc: 0.9270)
[2018/09/25 13:48:48 __main__ INFO] - -            v4            : 0.5631 (acc: 0.8530) |           v6: 0.5556 (acc: 0.8615)
[2018/09/25 13:48:48 __main__ INFO] - -            c10_50k       : 0.1195 (acc: 0.9631)
[2018/09/25 13:48:48 __main__ INFO] - Elapsed 47.84
keys:  dict_keys(['epoch', 'c10h_train_loss', 'c10h_train_acc', 'c10h_val_loss', 'c10h_val_acc', 'c10h_train_c10_loss', 'c10h_train_c10_acc', 'c10h_val_c10_loss', 'c10h_val_c10_acc', 'v4_loss', 'v4_acc', 'v6_loss', 'v6_acc', 'c10_50k_loss', 'c10_50k_acc']) 
 c10h_outdir:  /tigress/ruairidh/model_results/run_1/saves/wrn_28_10/con_True_lr_0.01_seed_0
[2018/09/25 13:48:49 __main__ INFO] - Train 62
[2018/09/25 13:49:08 __main__ INFO] - TEST 62
[2018/09/25 13:49:56 __main__ INFO] - - epoch 62    c10h_train    : 0.4238 (acc: 0.9876) | c10h_val    : 0.5357 (acc: 0.9250)
[2018/09/25 13:49:56 __main__ INFO] - -            c10h_train_c10: 0.0020 (acc: 0.9952) | c10h_val_c10: 0.2721 (acc: 0.9280)
[2018/09/25 13:49:56 __main__ INFO] - -            v4            : 0.5687 (acc: 0.8565) |           v6: 0.5501 (acc: 0.8630)
[2018/09/25 13:49:56 __main__ INFO] - -            c10_50k       : 0.1122 (acc: 0.9654)
[2018/09/25 13:49:56 __main__ INFO] - Elapsed 47.65
keys:  dict_keys(['epoch', 'c10h_train_loss', 'c10h_train_acc', 'c10h_val_loss', 'c10h_val_acc', 'c10h_train_c10_loss', 'c10h_train_c10_acc', 'c10h_val_c10_loss', 'c10h_val_c10_acc', 'v4_loss', 'v4_acc', 'v6_loss', 'v6_acc', 'c10_50k_loss', 'c10_50k_acc']) 
 c10h_outdir:  /tigress/ruairidh/model_results/run_1/saves/wrn_28_10/con_True_lr_0.01_seed_0
[2018/09/25 13:49:57 __main__ INFO] - Train 63
[2018/09/25 13:50:16 __main__ INFO] - TEST 63
[2018/09/25 13:51:04 __main__ INFO] - - epoch 63    c10h_train    : 0.4249 (acc: 0.9879) | c10h_val    : 0.5305 (acc: 0.9270)
[2018/09/25 13:51:04 __main__ INFO] - -            c10h_train_c10: 0.0016 (acc: 0.9956) | c10h_val_c10: 0.2622 (acc: 0.9300)
[2018/09/25 13:51:04 __main__ INFO] - -            v4            : 0.5469 (acc: 0.8550) |           v6: 0.5401 (acc: 0.8670)
[2018/09/25 13:51:04 __main__ INFO] - -            c10_50k       : 0.1091 (acc: 0.9667)
[2018/09/25 13:51:04 __main__ INFO] - Elapsed 47.91
keys:  dict_keys(['epoch', 'c10h_train_loss', 'c10h_train_acc', 'c10h_val_loss', 'c10h_val_acc', 'c10h_train_c10_loss', 'c10h_train_c10_acc', 'c10h_val_c10_loss', 'c10h_val_c10_acc', 'v4_loss', 'v4_acc', 'v6_loss', 'v6_acc', 'c10_50k_loss', 'c10_50k_acc']) 
 c10h_outdir:  /tigress/ruairidh/model_results/run_1/saves/wrn_28_10/con_True_lr_0.01_seed_0
[2018/09/25 13:51:05 __main__ INFO] - Train 64
[2018/09/25 13:51:24 __main__ INFO] - TEST 64
[2018/09/25 13:52:12 __main__ INFO] - - epoch 64    c10h_train    : 0.4235 (acc: 0.9882) | c10h_val    : 0.5307 (acc: 0.9280)
[2018/09/25 13:52:12 __main__ INFO] - -            c10h_train_c10: 0.0016 (acc: 0.9954) | c10h_val_c10: 0.2625 (acc: 0.9310)
[2018/09/25 13:52:12 __main__ INFO] - -            v4            : 0.5890 (acc: 0.8525) |           v6: 0.5376 (acc: 0.8660)
[2018/09/25 13:52:12 __main__ INFO] - -            c10_50k       : 0.1026 (acc: 0.9683)
[2018/09/25 13:52:12 __main__ INFO] - Elapsed 48.00
keys:  dict_keys(['epoch', 'c10h_train_loss', 'c10h_train_acc', 'c10h_val_loss', 'c10h_val_acc', 'c10h_train_c10_loss', 'c10h_train_c10_acc', 'c10h_val_c10_loss', 'c10h_val_c10_acc', 'v4_loss', 'v4_acc', 'v6_loss', 'v6_acc', 'c10_50k_loss', 'c10_50k_acc']) 
 c10h_outdir:  /tigress/ruairidh/model_results/run_1/saves/wrn_28_10/con_True_lr_0.01_seed_0
[2018/09/25 13:52:15 __main__ INFO] - Train 65
[2018/09/25 13:52:34 __main__ INFO] - TEST 65
slurmstepd: error: *** JOB 1456655 ON tiger-i20g13 CANCELLED AT 2018-09-25T13:52:46 DUE TO TIME LIMIT ***
