entering inner script
activating virtual env
wrn_28_10
identifier: con_True_lr_0.1_seed_0
--arch=wrn --c10h_save_interval=2 --dataset=CIFAR10H --no_output --c10h_datasplit_seed=0 --human_tune --nonhuman_control=True --base_lr=0.1
wrn_28_10_control:True_lr:0.1_seed:0.out
entering python script
/tigress/ruairidh/model_results/run_1/wrn_28_10/model_best_state.pth
/tigress/ruairidh/model_results/run_1/saves/wrn_28_10/con_True_lr_0.1_seed_0
Using TensorFlow backend.
[2018/09/25 12:37:43 __main__ INFO] - {
  "model_config": {
    "arch": "wrn",
    "input_shape": [
      1,
      3,
      32,
      32
    ],
    "n_classes": 10,
    "base_channels": 16,
    "depth": 28,
    "widening_factor": 10,
    "drop_rate": 0
  },
  "optim_config": {
    "epochs": 200,
    "batch_size": 128,
    "optimizer": "sgd",
    "base_lr": 0.1,
    "weight_decay": 0.0005,
    "momentum": 0.9,
    "nesterov": true,
    "scheduler": "multistep",
    "milestones": [
      60,
      120,
      160
    ],
    "lr_decay": 0.2
  },
  "data_config": {
    "dataset": "CIFAR10H",
    "n_classes": 10,
    "num_workers": 7,
    "batch_size": 128,
    "use_cutout": false,
    "use_random_erasing": false,
    "use_mixup": false,
    "c10h_sample": false,
    "c10h_testsplit_percent": 0.1,
    "c10h_datasplit_seed": 0,
    "use_gpu": true
  },
  "run_config": {
    "seed": 17,
    "test_first": true,
    "gpu": "0",
    "tensorboard": false,
    "tensorboard_train_images": false,
    "tensorboard_test_images": false,
    "tensorboard_model_params": false,
    "resume": "/tigress/ruairidh/model_results/run_1/wrn_28_10/model_best_state.pth",
    "human_tune": true,
    "no_output": true,
    "test_only": false,
    "nonhuman_control": true,
    "c10h_scores_outdir": "/tigress/ruairidh/model_results/run_1/saves/wrn_28_10/con_True_lr_0.1_seed_0",
    "c10h_save_interval": "2",
    "use_gpu": true
  },
  "env_info": {
    "pytorch_version": "0.4.1",
    "cuda_version": "9.0.176",
    "cudnn_version": 7102,
    "gpu0": {
      "name": "Tesla P100-PCIE-16GB",
      "capability": "6.0"
    }
  }
}
Files already downloaded and verified
Files already downloaded and verified
Files already downloaded and verified
Files already downloaded and verified
Files already downloaded and verified
[2018/09/25 12:37:47 __main__ INFO] - Loading model...
[2018/09/25 12:37:48 __main__ INFO] - n_params: 36479194
[2018/09/25 12:37:50 __main__ INFO] - Done
=> loading checkpoint '/tigress/ruairidh/model_results/run_1/wrn_28_10/model_best_state.pth'
=> loaded checkpoint '/tigress/ruairidh/model_results/run_1/wrn_28_10/model_best_state.pth' (epoch 197)
[2018/09/25 12:37:51 __main__ INFO] - TEST 0
[2018/09/25 12:38:44 __main__ INFO] - - epoch 0    c10h_train    : 0.4654 (acc: 0.9482) | c10h_val    : 0.4411 (acc: 0.9630)
[2018/09/25 12:38:44 __main__ INFO] - -            c10h_train_c10: 0.1782 (acc: 0.9510) | c10h_val_c10: 0.1525 (acc: 0.9640)
[2018/09/25 12:38:44 __main__ INFO] - -            v4            : 0.4034 (acc: 0.8986) |           v6: 0.3818 (acc: 0.9100)
[2018/09/25 12:38:44 __main__ INFO] - -            c10_50k       : 0.0012 (acc: 1.0000)
[2018/09/25 12:38:44 __main__ INFO] - Elapsed 53.47
keys:  dict_keys(['epoch', 'c10h_train_loss', 'c10h_train_acc', 'c10h_val_loss', 'c10h_val_acc', 'c10h_train_c10_loss', 'c10h_train_c10_acc', 'c10h_val_c10_loss', 'c10h_val_c10_acc', 'v4_loss', 'v4_acc', 'v6_loss', 'v6_acc', 'c10_50k_loss', 'c10_50k_acc']) 
 c10h_outdir:  /tigress/ruairidh/model_results/run_1/saves/wrn_28_10/con_True_lr_0.1_seed_0
[2018/09/25 12:38:46 __main__ INFO] - Train 1
[2018/09/25 12:39:07 __main__ INFO] - TEST 1
[2018/09/25 12:39:58 __main__ INFO] - - epoch 1    c10h_train    : 1.8750 (acc: 0.2978) | c10h_val    : 1.9270 (acc: 0.2820)
[2018/09/25 12:39:58 __main__ INFO] - -            c10h_train_c10: 1.8642 (acc: 0.2980) | c10h_val_c10: 1.9185 (acc: 0.2820)
[2018/09/25 12:39:58 __main__ INFO] - -            v4            : 2.0327 (acc: 0.2405) |           v6: 2.0682 (acc: 0.2365)
[2018/09/25 12:39:58 __main__ INFO] - -            c10_50k       : 1.8852 (acc: 0.2925)
[2018/09/25 12:39:58 __main__ INFO] - Elapsed 50.81
keys:  dict_keys(['epoch', 'c10h_train_loss', 'c10h_train_acc', 'c10h_val_loss', 'c10h_val_acc', 'c10h_train_c10_loss', 'c10h_train_c10_acc', 'c10h_val_c10_loss', 'c10h_val_c10_acc', 'v4_loss', 'v4_acc', 'v6_loss', 'v6_acc', 'c10_50k_loss', 'c10_50k_acc']) 
 c10h_outdir:  /tigress/ruairidh/model_results/run_1/saves/wrn_28_10/con_True_lr_0.1_seed_0
[2018/09/25 12:39:58 __main__ INFO] - Train 2
[2018/09/25 12:40:18 __main__ INFO] - TEST 2
[2018/09/25 12:41:09 __main__ INFO] - - epoch 2    c10h_train    : 1.6159 (acc: 0.4146) | c10h_val    : 1.6566 (acc: 0.3840)
[2018/09/25 12:41:09 __main__ INFO] - -            c10h_train_c10: 1.5909 (acc: 0.4143) | c10h_val_c10: 1.6331 (acc: 0.3860)
[2018/09/25 12:41:09 __main__ INFO] - -            v4            : 1.8988 (acc: 0.3182) |           v6: 1.9460 (acc: 0.3170)
[2018/09/25 12:41:09 __main__ INFO] - -            c10_50k       : 1.6238 (acc: 0.4043)
[2018/09/25 12:41:09 __main__ INFO] - Elapsed 50.69
keys:  dict_keys(['epoch', 'c10h_train_loss', 'c10h_train_acc', 'c10h_val_loss', 'c10h_val_acc', 'c10h_train_c10_loss', 'c10h_train_c10_acc', 'c10h_val_c10_loss', 'c10h_val_c10_acc', 'v4_loss', 'v4_acc', 'v6_loss', 'v6_acc', 'c10_50k_loss', 'c10_50k_acc']) 
 c10h_outdir:  /tigress/ruairidh/model_results/run_1/saves/wrn_28_10/con_True_lr_0.1_seed_0
[2018/09/25 12:41:10 __main__ INFO] - Train 3
[2018/09/25 12:41:30 __main__ INFO] - TEST 3
[2018/09/25 12:42:20 __main__ INFO] - - epoch 3    c10h_train    : 2.6535 (acc: 0.2509) | c10h_val    : 2.8546 (acc: 0.2470)
[2018/09/25 12:42:20 __main__ INFO] - -            c10h_train_c10: 2.6366 (acc: 0.2514) | c10h_val_c10: 2.8403 (acc: 0.2480)
[2018/09/25 12:42:20 __main__ INFO] - -            v4            : 3.0316 (acc: 0.1945) |           v6: 3.2290 (acc: 0.2060)
[2018/09/25 12:42:20 __main__ INFO] - -            c10_50k       : 2.6661 (acc: 0.2445)
[2018/09/25 12:42:20 __main__ INFO] - Elapsed 50.75
keys:  dict_keys(['epoch', 'c10h_train_loss', 'c10h_train_acc', 'c10h_val_loss', 'c10h_val_acc', 'c10h_train_c10_loss', 'c10h_train_c10_acc', 'c10h_val_c10_loss', 'c10h_val_c10_acc', 'v4_loss', 'v4_acc', 'v6_loss', 'v6_acc', 'c10_50k_loss', 'c10_50k_acc']) 
 c10h_outdir:  /tigress/ruairidh/model_results/run_1/saves/wrn_28_10/con_True_lr_0.1_seed_0
[2018/09/25 12:42:22 __main__ INFO] - Train 4
[2018/09/25 12:42:41 __main__ INFO] - TEST 4
[2018/09/25 12:43:32 __main__ INFO] - - epoch 4    c10h_train    : 1.4139 (acc: 0.5160) | c10h_val    : 1.5533 (acc: 0.4830)
[2018/09/25 12:43:32 __main__ INFO] - -            c10h_train_c10: 1.3650 (acc: 0.5168) | c10h_val_c10: 1.5107 (acc: 0.4870)
[2018/09/25 12:43:32 __main__ INFO] - -            v4            : 1.7780 (acc: 0.4008) |           v6: 1.8676 (acc: 0.4055)
[2018/09/25 12:43:32 __main__ INFO] - -            c10_50k       : 1.4201 (acc: 0.5067)
[2018/09/25 12:43:32 __main__ INFO] - Elapsed 50.65
keys:  dict_keys(['epoch', 'c10h_train_loss', 'c10h_train_acc', 'c10h_val_loss', 'c10h_val_acc', 'c10h_train_c10_loss', 'c10h_train_c10_acc', 'c10h_val_c10_loss', 'c10h_val_c10_acc', 'v4_loss', 'v4_acc', 'v6_loss', 'v6_acc', 'c10_50k_loss', 'c10_50k_acc']) 
 c10h_outdir:  /tigress/ruairidh/model_results/run_1/saves/wrn_28_10/con_True_lr_0.1_seed_0
[2018/09/25 12:43:34 __main__ INFO] - Train 5
[2018/09/25 12:43:54 __main__ INFO] - TEST 5
[2018/09/25 12:44:45 __main__ INFO] - - epoch 5    c10h_train    : 1.4167 (acc: 0.5381) | c10h_val    : 1.5296 (acc: 0.5350)
[2018/09/25 12:44:45 __main__ INFO] - -            c10h_train_c10: 1.3585 (acc: 0.5387) | c10h_val_c10: 1.4709 (acc: 0.5360)
[2018/09/25 12:44:45 __main__ INFO] - -            v4            : 1.9496 (acc: 0.3919) |           v6: 2.0678 (acc: 0.4165)
[2018/09/25 12:44:45 __main__ INFO] - -            c10_50k       : 1.3960 (acc: 0.5306)
[2018/09/25 12:44:45 __main__ INFO] - Elapsed 51.03
keys:  dict_keys(['epoch', 'c10h_train_loss', 'c10h_train_acc', 'c10h_val_loss', 'c10h_val_acc', 'c10h_train_c10_loss', 'c10h_train_c10_acc', 'c10h_val_c10_loss', 'c10h_val_c10_acc', 'v4_loss', 'v4_acc', 'v6_loss', 'v6_acc', 'c10_50k_loss', 'c10_50k_acc']) 
 c10h_outdir:  /tigress/ruairidh/model_results/run_1/saves/wrn_28_10/con_True_lr_0.1_seed_0
[2018/09/25 12:44:45 __main__ INFO] - Train 6
[2018/09/25 12:45:05 __main__ INFO] - TEST 6
[2018/09/25 12:45:56 __main__ INFO] - - epoch 6    c10h_train    : 1.1438 (acc: 0.6166) | c10h_val    : 1.3075 (acc: 0.5800)
[2018/09/25 12:45:56 __main__ INFO] - -            c10h_train_c10: 1.0786 (acc: 0.6168) | c10h_val_c10: 1.2436 (acc: 0.5810)
[2018/09/25 12:45:56 __main__ INFO] - -            v4            : 1.6237 (acc: 0.4557) |           v6: 1.7407 (acc: 0.4570)
[2018/09/25 12:45:56 __main__ INFO] - -            c10_50k       : 1.1517 (acc: 0.6014)
[2018/09/25 12:45:56 __main__ INFO] - Elapsed 50.73
keys:  dict_keys(['epoch', 'c10h_train_loss', 'c10h_train_acc', 'c10h_val_loss', 'c10h_val_acc', 'c10h_train_c10_loss', 'c10h_train_c10_acc', 'c10h_val_c10_loss', 'c10h_val_c10_acc', 'v4_loss', 'v4_acc', 'v6_loss', 'v6_acc', 'c10_50k_loss', 'c10_50k_acc']) 
 c10h_outdir:  /tigress/ruairidh/model_results/run_1/saves/wrn_28_10/con_True_lr_0.1_seed_0
[2018/09/25 12:45:58 __main__ INFO] - Train 7
[2018/09/25 12:46:17 __main__ INFO] - TEST 7
[2018/09/25 12:47:08 __main__ INFO] - - epoch 7    c10h_train    : 1.2702 (acc: 0.5832) | c10h_val    : 1.5608 (acc: 0.5300)
[2018/09/25 12:47:08 __main__ INFO] - -            c10h_train_c10: 1.2057 (acc: 0.5837) | c10h_val_c10: 1.5183 (acc: 0.5350)
[2018/09/25 12:47:08 __main__ INFO] - -            v4            : 1.7567 (acc: 0.4552) |           v6: 2.0219 (acc: 0.4425)
[2018/09/25 12:47:08 __main__ INFO] - -            c10_50k       : 1.3111 (acc: 0.5626)
[2018/09/25 12:47:08 __main__ INFO] - Elapsed 50.76
keys:  dict_keys(['epoch', 'c10h_train_loss', 'c10h_train_acc', 'c10h_val_loss', 'c10h_val_acc', 'c10h_train_c10_loss', 'c10h_train_c10_acc', 'c10h_val_c10_loss', 'c10h_val_c10_acc', 'v4_loss', 'v4_acc', 'v6_loss', 'v6_acc', 'c10_50k_loss', 'c10_50k_acc']) 
 c10h_outdir:  /tigress/ruairidh/model_results/run_1/saves/wrn_28_10/con_True_lr_0.1_seed_0
[2018/09/25 12:47:08 __main__ INFO] - Train 8
[2018/09/25 12:47:28 __main__ INFO] - TEST 8
[2018/09/25 12:48:19 __main__ INFO] - - epoch 8    c10h_train    : 1.1452 (acc: 0.6251) | c10h_val    : 1.2966 (acc: 0.6160)
[2018/09/25 12:48:19 __main__ INFO] - -            c10h_train_c10: 1.0748 (acc: 0.6257) | c10h_val_c10: 1.2089 (acc: 0.6200)
[2018/09/25 12:48:19 __main__ INFO] - -            v4            : 1.5364 (acc: 0.4864) |           v6: 1.6451 (acc: 0.4835)
[2018/09/25 12:48:19 __main__ INFO] - -            c10_50k       : 1.1512 (acc: 0.6045)
[2018/09/25 12:48:19 __main__ INFO] - Elapsed 50.69
keys:  dict_keys(['epoch', 'c10h_train_loss', 'c10h_train_acc', 'c10h_val_loss', 'c10h_val_acc', 'c10h_train_c10_loss', 'c10h_train_c10_acc', 'c10h_val_c10_loss', 'c10h_val_c10_acc', 'v4_loss', 'v4_acc', 'v6_loss', 'v6_acc', 'c10_50k_loss', 'c10_50k_acc']) 
 c10h_outdir:  /tigress/ruairidh/model_results/run_1/saves/wrn_28_10/con_True_lr_0.1_seed_0
[2018/09/25 12:48:19 __main__ INFO] - Train 9
[2018/09/25 12:48:39 __main__ INFO] - TEST 9
[2018/09/25 12:49:30 __main__ INFO] - - epoch 9    c10h_train    : 1.0066 (acc: 0.6743) | c10h_val    : 1.1251 (acc: 0.6500)
[2018/09/25 12:49:30 __main__ INFO] - -            c10h_train_c10: 0.9184 (acc: 0.6746) | c10h_val_c10: 1.0453 (acc: 0.6520)
[2018/09/25 12:49:30 __main__ INFO] - -            v4            : 1.5072 (acc: 0.5027) |           v6: 1.5951 (acc: 0.5050)
[2018/09/25 12:49:30 __main__ INFO] - -            c10_50k       : 1.0370 (acc: 0.6450)
[2018/09/25 12:49:30 __main__ INFO] - Elapsed 50.73
keys:  dict_keys(['epoch', 'c10h_train_loss', 'c10h_train_acc', 'c10h_val_loss', 'c10h_val_acc', 'c10h_train_c10_loss', 'c10h_train_c10_acc', 'c10h_val_c10_loss', 'c10h_val_c10_acc', 'v4_loss', 'v4_acc', 'v6_loss', 'v6_acc', 'c10_50k_loss', 'c10_50k_acc']) 
 c10h_outdir:  /tigress/ruairidh/model_results/run_1/saves/wrn_28_10/con_True_lr_0.1_seed_0
[2018/09/25 12:49:31 __main__ INFO] - Train 10
[2018/09/25 12:49:51 __main__ INFO] - TEST 10
[2018/09/25 12:50:42 __main__ INFO] - - epoch 10    c10h_train    : 0.9322 (acc: 0.6888) | c10h_val    : 1.1071 (acc: 0.6540)
[2018/09/25 12:50:42 __main__ INFO] - -            c10h_train_c10: 0.8455 (acc: 0.6897) | c10h_val_c10: 1.0120 (acc: 0.6570)
[2018/09/25 12:50:42 __main__ INFO] - -            v4            : 1.3282 (acc: 0.5403) |           v6: 1.3915 (acc: 0.5385)
[2018/09/25 12:50:42 __main__ INFO] - -            c10_50k       : 0.9689 (acc: 0.6603)
[2018/09/25 12:50:42 __main__ INFO] - Elapsed 50.81
keys:  dict_keys(['epoch', 'c10h_train_loss', 'c10h_train_acc', 'c10h_val_loss', 'c10h_val_acc', 'c10h_train_c10_loss', 'c10h_train_c10_acc', 'c10h_val_c10_loss', 'c10h_val_c10_acc', 'v4_loss', 'v4_acc', 'v6_loss', 'v6_acc', 'c10_50k_loss', 'c10_50k_acc']) 
 c10h_outdir:  /tigress/ruairidh/model_results/run_1/saves/wrn_28_10/con_True_lr_0.1_seed_0
[2018/09/25 12:50:44 __main__ INFO] - Train 11
[2018/09/25 12:51:04 __main__ INFO] - TEST 11
[2018/09/25 12:51:54 __main__ INFO] - - epoch 11    c10h_train    : 1.0071 (acc: 0.6790) | c10h_val    : 1.1144 (acc: 0.6740)
[2018/09/25 12:51:54 __main__ INFO] - -            c10h_train_c10: 0.9027 (acc: 0.6812) | c10h_val_c10: 1.0139 (acc: 0.6760)
[2018/09/25 12:51:54 __main__ INFO] - -            v4            : 1.4833 (acc: 0.5057) |           v6: 1.5504 (acc: 0.5175)
[2018/09/25 12:51:54 __main__ INFO] - -            c10_50k       : 1.0297 (acc: 0.6485)
[2018/09/25 12:51:54 __main__ INFO] - Elapsed 50.64
keys:  dict_keys(['epoch', 'c10h_train_loss', 'c10h_train_acc', 'c10h_val_loss', 'c10h_val_acc', 'c10h_train_c10_loss', 'c10h_train_c10_acc', 'c10h_val_c10_loss', 'c10h_val_c10_acc', 'v4_loss', 'v4_acc', 'v6_loss', 'v6_acc', 'c10_50k_loss', 'c10_50k_acc']) 
 c10h_outdir:  /tigress/ruairidh/model_results/run_1/saves/wrn_28_10/con_True_lr_0.1_seed_0
[2018/09/25 12:51:57 __main__ INFO] - Train 12
[2018/09/25 12:52:17 __main__ INFO] - TEST 12
[2018/09/25 12:53:07 __main__ INFO] - - epoch 12    c10h_train    : 0.9964 (acc: 0.6892) | c10h_val    : 1.0657 (acc: 0.6850)
[2018/09/25 12:53:07 __main__ INFO] - -            c10h_train_c10: 0.8867 (acc: 0.6910) | c10h_val_c10: 0.9591 (acc: 0.6880)
[2018/09/25 12:53:07 __main__ INFO] - -            v4            : 1.4651 (acc: 0.5176) |           v6: 1.4795 (acc: 0.5460)
[2018/09/25 12:53:07 __main__ INFO] - -            c10_50k       : 1.0259 (acc: 0.6541)
[2018/09/25 12:53:07 __main__ INFO] - Elapsed 50.70
keys:  dict_keys(['epoch', 'c10h_train_loss', 'c10h_train_acc', 'c10h_val_loss', 'c10h_val_acc', 'c10h_train_c10_loss', 'c10h_train_c10_acc', 'c10h_val_c10_loss', 'c10h_val_c10_acc', 'v4_loss', 'v4_acc', 'v6_loss', 'v6_acc', 'c10_50k_loss', 'c10_50k_acc']) 
 c10h_outdir:  /tigress/ruairidh/model_results/run_1/saves/wrn_28_10/con_True_lr_0.1_seed_0
[2018/09/25 12:53:08 __main__ INFO] - Train 13
[2018/09/25 12:53:28 __main__ INFO] - TEST 13
[2018/09/25 12:54:18 __main__ INFO] - - epoch 13    c10h_train    : 0.9168 (acc: 0.7293) | c10h_val    : 1.0564 (acc: 0.6990)
[2018/09/25 12:54:18 __main__ INFO] - -            c10h_train_c10: 0.8058 (acc: 0.7306) | c10h_val_c10: 0.9572 (acc: 0.7000)
[2018/09/25 12:54:18 __main__ INFO] - -            v4            : 1.4818 (acc: 0.5468) |           v6: 1.5489 (acc: 0.5600)
[2018/09/25 12:54:18 __main__ INFO] - -            c10_50k       : 0.9918 (acc: 0.6861)
[2018/09/25 12:54:18 __main__ INFO] - Elapsed 50.62
keys:  dict_keys(['epoch', 'c10h_train_loss', 'c10h_train_acc', 'c10h_val_loss', 'c10h_val_acc', 'c10h_train_c10_loss', 'c10h_train_c10_acc', 'c10h_val_c10_loss', 'c10h_val_c10_acc', 'v4_loss', 'v4_acc', 'v6_loss', 'v6_acc', 'c10_50k_loss', 'c10_50k_acc']) 
 c10h_outdir:  /tigress/ruairidh/model_results/run_1/saves/wrn_28_10/con_True_lr_0.1_seed_0
[2018/09/25 12:54:19 __main__ INFO] - Train 14
[2018/09/25 12:54:39 __main__ INFO] - TEST 14
[2018/09/25 12:55:29 __main__ INFO] - - epoch 14    c10h_train    : 0.8384 (acc: 0.7511) | c10h_val    : 1.0328 (acc: 0.6920)
[2018/09/25 12:55:29 __main__ INFO] - -            c10h_train_c10: 0.7278 (acc: 0.7526) | c10h_val_c10: 0.9352 (acc: 0.6950)
[2018/09/25 12:55:29 __main__ INFO] - -            v4            : 1.3796 (acc: 0.5616) |           v6: 1.4355 (acc: 0.5675)
[2018/09/25 12:55:29 __main__ INFO] - -            c10_50k       : 0.9305 (acc: 0.6912)
[2018/09/25 12:55:29 __main__ INFO] - Elapsed 50.31
keys:  dict_keys(['epoch', 'c10h_train_loss', 'c10h_train_acc', 'c10h_val_loss', 'c10h_val_acc', 'c10h_train_c10_loss', 'c10h_train_c10_acc', 'c10h_val_c10_loss', 'c10h_val_c10_acc', 'v4_loss', 'v4_acc', 'v6_loss', 'v6_acc', 'c10_50k_loss', 'c10_50k_acc']) 
 c10h_outdir:  /tigress/ruairidh/model_results/run_1/saves/wrn_28_10/con_True_lr_0.1_seed_0
[2018/09/25 12:55:31 __main__ INFO] - Train 15
[2018/09/25 12:55:50 __main__ INFO] - TEST 15
[2018/09/25 12:56:40 __main__ INFO] - - epoch 15    c10h_train    : 0.8510 (acc: 0.7331) | c10h_val    : 1.0602 (acc: 0.6980)
[2018/09/25 12:56:40 __main__ INFO] - -            c10h_train_c10: 0.7397 (acc: 0.7342) | c10h_val_c10: 0.9651 (acc: 0.7000)
[2018/09/25 12:56:40 __main__ INFO] - -            v4            : 1.3782 (acc: 0.5473) |           v6: 1.4476 (acc: 0.5630)
[2018/09/25 12:56:40 __main__ INFO] - -            c10_50k       : 0.9258 (acc: 0.6862)
[2018/09/25 12:56:40 __main__ INFO] - Elapsed 49.72
keys:  dict_keys(['epoch', 'c10h_train_loss', 'c10h_train_acc', 'c10h_val_loss', 'c10h_val_acc', 'c10h_train_c10_loss', 'c10h_train_c10_acc', 'c10h_val_c10_loss', 'c10h_val_c10_acc', 'v4_loss', 'v4_acc', 'v6_loss', 'v6_acc', 'c10_50k_loss', 'c10_50k_acc']) 
 c10h_outdir:  /tigress/ruairidh/model_results/run_1/saves/wrn_28_10/con_True_lr_0.1_seed_0
[2018/09/25 12:56:40 __main__ INFO] - Train 16
[2018/09/25 12:57:00 __main__ INFO] - TEST 16
[2018/09/25 12:57:50 __main__ INFO] - - epoch 16    c10h_train    : 0.6972 (acc: 0.8011) | c10h_val    : 0.9614 (acc: 0.7320)
[2018/09/25 12:57:50 __main__ INFO] - -            c10h_train_c10: 0.5700 (acc: 0.8020) | c10h_val_c10: 0.8538 (acc: 0.7350)
[2018/09/25 12:57:50 __main__ INFO] - -            v4            : 1.2108 (acc: 0.6190) |           v6: 1.3223 (acc: 0.6105)
[2018/09/25 12:57:50 __main__ INFO] - -            c10_50k       : 0.8012 (acc: 0.7369)
[2018/09/25 12:57:50 __main__ INFO] - Elapsed 49.80
keys:  dict_keys(['epoch', 'c10h_train_loss', 'c10h_train_acc', 'c10h_val_loss', 'c10h_val_acc', 'c10h_train_c10_loss', 'c10h_train_c10_acc', 'c10h_val_c10_loss', 'c10h_val_c10_acc', 'v4_loss', 'v4_acc', 'v6_loss', 'v6_acc', 'c10_50k_loss', 'c10_50k_acc']) 
 c10h_outdir:  /tigress/ruairidh/model_results/run_1/saves/wrn_28_10/con_True_lr_0.1_seed_0
[2018/09/25 12:57:52 __main__ INFO] - Train 17
[2018/09/25 12:58:11 __main__ INFO] - TEST 17
[2018/09/25 12:59:01 __main__ INFO] - - epoch 17    c10h_train    : 1.1391 (acc: 0.6707) | c10h_val    : 1.5177 (acc: 0.6430)
[2018/09/25 12:59:01 __main__ INFO] - -            c10h_train_c10: 1.0024 (acc: 0.6717) | c10h_val_c10: 1.3984 (acc: 0.6450)
[2018/09/25 12:59:01 __main__ INFO] - -            v4            : 1.6458 (acc: 0.5304) |           v6: 1.8583 (acc: 0.5225)
[2018/09/25 12:59:01 __main__ INFO] - -            c10_50k       : 1.2330 (acc: 0.6271)
[2018/09/25 12:59:01 __main__ INFO] - Elapsed 49.85
keys:  dict_keys(['epoch', 'c10h_train_loss', 'c10h_train_acc', 'c10h_val_loss', 'c10h_val_acc', 'c10h_train_c10_loss', 'c10h_train_c10_acc', 'c10h_val_c10_loss', 'c10h_val_c10_acc', 'v4_loss', 'v4_acc', 'v6_loss', 'v6_acc', 'c10_50k_loss', 'c10_50k_acc']) 
 c10h_outdir:  /tigress/ruairidh/model_results/run_1/saves/wrn_28_10/con_True_lr_0.1_seed_0
[2018/09/25 12:59:03 __main__ INFO] - Train 18
[2018/09/25 12:59:23 __main__ INFO] - TEST 18
[2018/09/25 13:00:13 __main__ INFO] - - epoch 18    c10h_train    : 0.8282 (acc: 0.7667) | c10h_val    : 1.0751 (acc: 0.7000)
[2018/09/25 13:00:13 __main__ INFO] - -            c10h_train_c10: 0.6821 (acc: 0.7684) | c10h_val_c10: 0.9769 (acc: 0.7020)
[2018/09/25 13:00:13 __main__ INFO] - -            v4            : 1.4642 (acc: 0.5730) |           v6: 1.5626 (acc: 0.5805)
[2018/09/25 13:00:13 __main__ INFO] - -            c10_50k       : 0.9316 (acc: 0.7112)
[2018/09/25 13:00:13 __main__ INFO] - Elapsed 50.08
keys:  dict_keys(['epoch', 'c10h_train_loss', 'c10h_train_acc', 'c10h_val_loss', 'c10h_val_acc', 'c10h_train_c10_loss', 'c10h_train_c10_acc', 'c10h_val_c10_loss', 'c10h_val_c10_acc', 'v4_loss', 'v4_acc', 'v6_loss', 'v6_acc', 'c10_50k_loss', 'c10_50k_acc']) 
 c10h_outdir:  /tigress/ruairidh/model_results/run_1/saves/wrn_28_10/con_True_lr_0.1_seed_0
[2018/09/25 13:00:14 __main__ INFO] - Train 19
[2018/09/25 13:00:34 __main__ INFO] - TEST 19
[2018/09/25 13:01:24 __main__ INFO] - - epoch 19    c10h_train    : 0.6676 (acc: 0.8117) | c10h_val    : 0.8796 (acc: 0.7640)
[2018/09/25 13:01:24 __main__ INFO] - -            c10h_train_c10: 0.5219 (acc: 0.8149) | c10h_val_c10: 0.7687 (acc: 0.7700)
[2018/09/25 13:01:24 __main__ INFO] - -            v4            : 1.2315 (acc: 0.6175) |           v6: 1.2739 (acc: 0.6365)
[2018/09/25 13:01:24 __main__ INFO] - -            c10_50k       : 0.8023 (acc: 0.7391)
[2018/09/25 13:01:24 __main__ INFO] - Elapsed 49.95
keys:  dict_keys(['epoch', 'c10h_train_loss', 'c10h_train_acc', 'c10h_val_loss', 'c10h_val_acc', 'c10h_train_c10_loss', 'c10h_train_c10_acc', 'c10h_val_c10_loss', 'c10h_val_c10_acc', 'v4_loss', 'v4_acc', 'v6_loss', 'v6_acc', 'c10_50k_loss', 'c10_50k_acc']) 
 c10h_outdir:  /tigress/ruairidh/model_results/run_1/saves/wrn_28_10/con_True_lr_0.1_seed_0
[2018/09/25 13:01:26 __main__ INFO] - Train 20
[2018/09/25 13:01:45 __main__ INFO] - TEST 20
[2018/09/25 13:02:35 __main__ INFO] - - epoch 20    c10h_train    : 0.6663 (acc: 0.8032) | c10h_val    : 0.8499 (acc: 0.7570)
[2018/09/25 13:02:36 __main__ INFO] - -            c10h_train_c10: 0.5275 (acc: 0.8063) | c10h_val_c10: 0.7289 (acc: 0.7590)
[2018/09/25 13:02:36 __main__ INFO] - -            v4            : 1.2503 (acc: 0.6012) |           v6: 1.2952 (acc: 0.6205)
[2018/09/25 13:02:36 __main__ INFO] - -            c10_50k       : 0.7772 (acc: 0.7374)
[2018/09/25 13:02:36 __main__ INFO] - Elapsed 50.26
keys:  dict_keys(['epoch', 'c10h_train_loss', 'c10h_train_acc', 'c10h_val_loss', 'c10h_val_acc', 'c10h_train_c10_loss', 'c10h_train_c10_acc', 'c10h_val_c10_loss', 'c10h_val_c10_acc', 'v4_loss', 'v4_acc', 'v6_loss', 'v6_acc', 'c10_50k_loss', 'c10_50k_acc']) 
 c10h_outdir:  /tigress/ruairidh/model_results/run_1/saves/wrn_28_10/con_True_lr_0.1_seed_0
[2018/09/25 13:02:37 __main__ INFO] - Train 21
[2018/09/25 13:02:56 __main__ INFO] - TEST 21
[2018/09/25 13:03:46 __main__ INFO] - - epoch 21    c10h_train    : 0.8726 (acc: 0.7452) | c10h_val    : 1.1693 (acc: 0.6920)
[2018/09/25 13:03:46 __main__ INFO] - -            c10h_train_c10: 0.7392 (acc: 0.7462) | c10h_val_c10: 1.0740 (acc: 0.6930)
[2018/09/25 13:03:46 __main__ INFO] - -            v4            : 1.5095 (acc: 0.5502) |           v6: 1.6908 (acc: 0.5370)
[2018/09/25 13:03:46 __main__ INFO] - -            c10_50k       : 1.0223 (acc: 0.6778)
[2018/09/25 13:03:46 __main__ INFO] - Elapsed 49.83
keys:  dict_keys(['epoch', 'c10h_train_loss', 'c10h_train_acc', 'c10h_val_loss', 'c10h_val_acc', 'c10h_train_c10_loss', 'c10h_train_c10_acc', 'c10h_val_c10_loss', 'c10h_val_c10_acc', 'v4_loss', 'v4_acc', 'v6_loss', 'v6_acc', 'c10_50k_loss', 'c10_50k_acc']) 
 c10h_outdir:  /tigress/ruairidh/model_results/run_1/saves/wrn_28_10/con_True_lr_0.1_seed_0
[2018/09/25 13:03:48 __main__ INFO] - Train 22
[2018/09/25 13:04:08 __main__ INFO] - TEST 22
[2018/09/25 13:04:58 __main__ INFO] - - epoch 22    c10h_train    : 0.6714 (acc: 0.8241) | c10h_val    : 1.0495 (acc: 0.7430)
[2018/09/25 13:04:58 __main__ INFO] - -            c10h_train_c10: 0.5049 (acc: 0.8262) | c10h_val_c10: 0.9218 (acc: 0.7440)
[2018/09/25 13:04:58 __main__ INFO] - -            v4            : 1.3475 (acc: 0.6091) |           v6: 1.5054 (acc: 0.5990)
[2018/09/25 13:04:58 __main__ INFO] - -            c10_50k       : 0.8381 (acc: 0.7436)
[2018/09/25 13:04:58 __main__ INFO] - Elapsed 49.85
keys:  dict_keys(['epoch', 'c10h_train_loss', 'c10h_train_acc', 'c10h_val_loss', 'c10h_val_acc', 'c10h_train_c10_loss', 'c10h_train_c10_acc', 'c10h_val_c10_loss', 'c10h_val_c10_acc', 'v4_loss', 'v4_acc', 'v6_loss', 'v6_acc', 'c10_50k_loss', 'c10_50k_acc']) 
 c10h_outdir:  /tigress/ruairidh/model_results/run_1/saves/wrn_28_10/con_True_lr_0.1_seed_0
[2018/09/25 13:05:00 __main__ INFO] - Train 23
[2018/09/25 13:05:19 __main__ INFO] - TEST 23
[2018/09/25 13:06:09 __main__ INFO] - - epoch 23    c10h_train    : 0.5616 (acc: 0.8582) | c10h_val    : 0.8247 (acc: 0.7630)
[2018/09/25 13:06:09 __main__ INFO] - -            c10h_train_c10: 0.4023 (acc: 0.8604) | c10h_val_c10: 0.7083 (acc: 0.7640)
[2018/09/25 13:06:09 __main__ INFO] - -            v4            : 1.1181 (acc: 0.6398) |           v6: 1.1180 (acc: 0.6520)
[2018/09/25 13:06:09 __main__ INFO] - -            c10_50k       : 0.7005 (acc: 0.7643)
[2018/09/25 13:06:09 __main__ INFO] - Elapsed 49.71
keys:  dict_keys(['epoch', 'c10h_train_loss', 'c10h_train_acc', 'c10h_val_loss', 'c10h_val_acc', 'c10h_train_c10_loss', 'c10h_train_c10_acc', 'c10h_val_c10_loss', 'c10h_val_c10_acc', 'v4_loss', 'v4_acc', 'v6_loss', 'v6_acc', 'c10_50k_loss', 'c10_50k_acc']) 
 c10h_outdir:  /tigress/ruairidh/model_results/run_1/saves/wrn_28_10/con_True_lr_0.1_seed_0
[2018/09/25 13:06:11 __main__ INFO] - Train 24
[2018/09/25 13:06:31 __main__ INFO] - TEST 24
[2018/09/25 13:07:20 __main__ INFO] - - epoch 24    c10h_train    : 0.5402 (acc: 0.8669) | c10h_val    : 0.8099 (acc: 0.7840)
[2018/09/25 13:07:20 __main__ INFO] - -            c10h_train_c10: 0.3644 (acc: 0.8709) | c10h_val_c10: 0.6765 (acc: 0.7860)
[2018/09/25 13:07:20 __main__ INFO] - -            v4            : 1.1671 (acc: 0.6329) |           v6: 1.2104 (acc: 0.6315)
[2018/09/25 13:07:20 __main__ INFO] - -            c10_50k       : 0.7013 (acc: 0.7746)
[2018/09/25 13:07:20 __main__ INFO] - Elapsed 49.68
keys:  dict_keys(['epoch', 'c10h_train_loss', 'c10h_train_acc', 'c10h_val_loss', 'c10h_val_acc', 'c10h_train_c10_loss', 'c10h_train_c10_acc', 'c10h_val_c10_loss', 'c10h_val_c10_acc', 'v4_loss', 'v4_acc', 'v6_loss', 'v6_acc', 'c10_50k_loss', 'c10_50k_acc']) 
 c10h_outdir:  /tigress/ruairidh/model_results/run_1/saves/wrn_28_10/con_True_lr_0.1_seed_0
[2018/09/25 13:07:24 __main__ INFO] - Train 25
[2018/09/25 13:07:43 __main__ INFO] - TEST 25
[2018/09/25 13:08:33 __main__ INFO] - - epoch 25    c10h_train    : 0.6745 (acc: 0.8179) | c10h_val    : 1.1061 (acc: 0.7240)
[2018/09/25 13:08:33 __main__ INFO] - -            c10h_train_c10: 0.5193 (acc: 0.8187) | c10h_val_c10: 0.9917 (acc: 0.7270)
[2018/09/25 13:08:33 __main__ INFO] - -            v4            : 1.4065 (acc: 0.5834) |           v6: 1.6417 (acc: 0.5700)
[2018/09/25 13:08:33 __main__ INFO] - -            c10_50k       : 0.8653 (acc: 0.7317)
[2018/09/25 13:08:33 __main__ INFO] - Elapsed 49.58
keys:  dict_keys(['epoch', 'c10h_train_loss', 'c10h_train_acc', 'c10h_val_loss', 'c10h_val_acc', 'c10h_train_c10_loss', 'c10h_train_c10_acc', 'c10h_val_c10_loss', 'c10h_val_c10_acc', 'v4_loss', 'v4_acc', 'v6_loss', 'v6_acc', 'c10_50k_loss', 'c10_50k_acc']) 
 c10h_outdir:  /tigress/ruairidh/model_results/run_1/saves/wrn_28_10/con_True_lr_0.1_seed_0
[2018/09/25 13:08:34 __main__ INFO] - Train 26
[2018/09/25 13:08:53 __main__ INFO] - TEST 26
[2018/09/25 13:09:43 __main__ INFO] - - epoch 26    c10h_train    : 0.9847 (acc: 0.7589) | c10h_val    : 1.5488 (acc: 0.6770)
[2018/09/25 13:09:43 __main__ INFO] - -            c10h_train_c10: 0.7780 (acc: 0.7610) | c10h_val_c10: 1.3868 (acc: 0.6790)
[2018/09/25 13:09:43 __main__ INFO] - -            v4            : 1.9843 (acc: 0.5364) |           v6: 2.2747 (acc: 0.5325)
[2018/09/25 13:09:43 __main__ INFO] - -            c10_50k       : 1.2269 (acc: 0.6835)
[2018/09/25 13:09:43 __main__ INFO] - Elapsed 49.54
keys:  dict_keys(['epoch', 'c10h_train_loss', 'c10h_train_acc', 'c10h_val_loss', 'c10h_val_acc', 'c10h_train_c10_loss', 'c10h_train_c10_acc', 'c10h_val_c10_loss', 'c10h_val_c10_acc', 'v4_loss', 'v4_acc', 'v6_loss', 'v6_acc', 'c10_50k_loss', 'c10_50k_acc']) 
 c10h_outdir:  /tigress/ruairidh/model_results/run_1/saves/wrn_28_10/con_True_lr_0.1_seed_0
[2018/09/25 13:09:44 __main__ INFO] - Train 27
[2018/09/25 13:10:03 __main__ INFO] - TEST 27
[2018/09/25 13:10:53 __main__ INFO] - - epoch 27    c10h_train    : 0.6457 (acc: 0.8361) | c10h_val    : 0.9971 (acc: 0.7580)
[2018/09/25 13:10:53 __main__ INFO] - -            c10h_train_c10: 0.4485 (acc: 0.8394) | c10h_val_c10: 0.8173 (acc: 0.7650)
[2018/09/25 13:10:53 __main__ INFO] - -            v4            : 1.3024 (acc: 0.6071) |           v6: 1.3668 (acc: 0.6290)
[2018/09/25 13:10:53 __main__ INFO] - -            c10_50k       : 0.8301 (acc: 0.7494)
[2018/09/25 13:10:53 __main__ INFO] - Elapsed 49.83
keys:  dict_keys(['epoch', 'c10h_train_loss', 'c10h_train_acc', 'c10h_val_loss', 'c10h_val_acc', 'c10h_train_c10_loss', 'c10h_train_c10_acc', 'c10h_val_c10_loss', 'c10h_val_c10_acc', 'v4_loss', 'v4_acc', 'v6_loss', 'v6_acc', 'c10_50k_loss', 'c10_50k_acc']) 
 c10h_outdir:  /tigress/ruairidh/model_results/run_1/saves/wrn_28_10/con_True_lr_0.1_seed_0
[2018/09/25 13:10:55 __main__ INFO] - Train 28
[2018/09/25 13:11:14 __main__ INFO] - TEST 28
[2018/09/25 13:12:04 __main__ INFO] - - epoch 28    c10h_train    : 0.6732 (acc: 0.8204) | c10h_val    : 1.0355 (acc: 0.7410)
[2018/09/25 13:12:04 __main__ INFO] - -            c10h_train_c10: 0.4863 (acc: 0.8248) | c10h_val_c10: 0.8949 (acc: 0.7430)
[2018/09/25 13:12:04 __main__ INFO] - -            v4            : 1.3041 (acc: 0.6160) |           v6: 1.3929 (acc: 0.6415)
[2018/09/25 13:12:04 __main__ INFO] - -            c10_50k       : 0.8397 (acc: 0.7351)
[2018/09/25 13:12:04 __main__ INFO] - Elapsed 49.79
keys:  dict_keys(['epoch', 'c10h_train_loss', 'c10h_train_acc', 'c10h_val_loss', 'c10h_val_acc', 'c10h_train_c10_loss', 'c10h_train_c10_acc', 'c10h_val_c10_loss', 'c10h_val_c10_acc', 'v4_loss', 'v4_acc', 'v6_loss', 'v6_acc', 'c10_50k_loss', 'c10_50k_acc']) 
 c10h_outdir:  /tigress/ruairidh/model_results/run_1/saves/wrn_28_10/con_True_lr_0.1_seed_0
[2018/09/25 13:12:06 __main__ INFO] - Train 29
[2018/09/25 13:12:26 __main__ INFO] - TEST 29
[2018/09/25 13:13:15 __main__ INFO] - - epoch 29    c10h_train    : 0.7165 (acc: 0.8264) | c10h_val    : 1.1062 (acc: 0.7550)
[2018/09/25 13:13:16 __main__ INFO] - -            c10h_train_c10: 0.5199 (acc: 0.8292) | c10h_val_c10: 0.9444 (acc: 0.7570)
[2018/09/25 13:13:16 __main__ INFO] - -            v4            : 1.5165 (acc: 0.6037) |           v6: 1.6076 (acc: 0.6280)
[2018/09/25 13:13:16 __main__ INFO] - -            c10_50k       : 0.9346 (acc: 0.7410)
[2018/09/25 13:13:16 __main__ INFO] - Elapsed 49.63
keys:  dict_keys(['epoch', 'c10h_train_loss', 'c10h_train_acc', 'c10h_val_loss', 'c10h_val_acc', 'c10h_train_c10_loss', 'c10h_train_c10_acc', 'c10h_val_c10_loss', 'c10h_val_c10_acc', 'v4_loss', 'v4_acc', 'v6_loss', 'v6_acc', 'c10_50k_loss', 'c10_50k_acc']) 
 c10h_outdir:  /tigress/ruairidh/model_results/run_1/saves/wrn_28_10/con_True_lr_0.1_seed_0
[2018/09/25 13:13:18 __main__ INFO] - Train 30
[2018/09/25 13:13:38 __main__ INFO] - TEST 30
[2018/09/25 13:14:28 __main__ INFO] - - epoch 30    c10h_train    : 0.6287 (acc: 0.8372) | c10h_val    : 1.0466 (acc: 0.7500)
[2018/09/25 13:14:28 __main__ INFO] - -            c10h_train_c10: 0.4389 (acc: 0.8416) | c10h_val_c10: 0.9070 (acc: 0.7530)
[2018/09/25 13:14:28 __main__ INFO] - -            v4            : 1.2428 (acc: 0.6442) |           v6: 1.3873 (acc: 0.6440)
[2018/09/25 13:14:28 __main__ INFO] - -            c10_50k       : 0.8272 (acc: 0.7433)
[2018/09/25 13:14:28 __main__ INFO] - Elapsed 50.33
keys:  dict_keys(['epoch', 'c10h_train_loss', 'c10h_train_acc', 'c10h_val_loss', 'c10h_val_acc', 'c10h_train_c10_loss', 'c10h_train_c10_acc', 'c10h_val_c10_loss', 'c10h_val_c10_acc', 'v4_loss', 'v4_acc', 'v6_loss', 'v6_acc', 'c10_50k_loss', 'c10_50k_acc']) 
 c10h_outdir:  /tigress/ruairidh/model_results/run_1/saves/wrn_28_10/con_True_lr_0.1_seed_0
[2018/09/25 13:14:32 __main__ INFO] - Train 31
[2018/09/25 13:14:52 __main__ INFO] - TEST 31
[2018/09/25 13:15:41 __main__ INFO] - - epoch 31    c10h_train    : 0.6175 (acc: 0.8590) | c10h_val    : 1.0044 (acc: 0.7580)
[2018/09/25 13:15:41 __main__ INFO] - -            c10h_train_c10: 0.3927 (acc: 0.8621) | c10h_val_c10: 0.8391 (acc: 0.7630)
[2018/09/25 13:15:41 __main__ INFO] - -            v4            : 1.2967 (acc: 0.6526) |           v6: 1.3293 (acc: 0.6540)
[2018/09/25 13:15:41 __main__ INFO] - -            c10_50k       : 0.8104 (acc: 0.7620)
[2018/09/25 13:15:41 __main__ INFO] - Elapsed 49.69
keys:  dict_keys(['epoch', 'c10h_train_loss', 'c10h_train_acc', 'c10h_val_loss', 'c10h_val_acc', 'c10h_train_c10_loss', 'c10h_train_c10_acc', 'c10h_val_c10_loss', 'c10h_val_c10_acc', 'v4_loss', 'v4_acc', 'v6_loss', 'v6_acc', 'c10_50k_loss', 'c10_50k_acc']) 
 c10h_outdir:  /tigress/ruairidh/model_results/run_1/saves/wrn_28_10/con_True_lr_0.1_seed_0
[2018/09/25 13:15:43 __main__ INFO] - Train 32
[2018/09/25 13:16:02 __main__ INFO] - TEST 32
[2018/09/25 13:16:52 __main__ INFO] - - epoch 32    c10h_train    : 0.6920 (acc: 0.8212) | c10h_val    : 1.1371 (acc: 0.7320)
[2018/09/25 13:16:52 __main__ INFO] - -            c10h_train_c10: 0.4988 (acc: 0.8246) | c10h_val_c10: 0.9940 (acc: 0.7360)
[2018/09/25 13:16:52 __main__ INFO] - -            v4            : 1.3871 (acc: 0.5883) |           v6: 1.5384 (acc: 0.6000)
[2018/09/25 13:16:52 __main__ INFO] - -            c10_50k       : 0.9358 (acc: 0.7161)
[2018/09/25 13:16:52 __main__ INFO] - Elapsed 49.50
keys:  dict_keys(['epoch', 'c10h_train_loss', 'c10h_train_acc', 'c10h_val_loss', 'c10h_val_acc', 'c10h_train_c10_loss', 'c10h_train_c10_acc', 'c10h_val_c10_loss', 'c10h_val_c10_acc', 'v4_loss', 'v4_acc', 'v6_loss', 'v6_acc', 'c10_50k_loss', 'c10_50k_acc']) 
 c10h_outdir:  /tigress/ruairidh/model_results/run_1/saves/wrn_28_10/con_True_lr_0.1_seed_0
[2018/09/25 13:16:54 __main__ INFO] - Train 33
[2018/09/25 13:17:14 __main__ INFO] - TEST 33
[2018/09/25 13:18:03 __main__ INFO] - - epoch 33    c10h_train    : 0.7939 (acc: 0.7844) | c10h_val    : 1.1455 (acc: 0.7140)
[2018/09/25 13:18:03 __main__ INFO] - -            c10h_train_c10: 0.6069 (acc: 0.7879) | c10h_val_c10: 1.0032 (acc: 0.7150)
[2018/09/25 13:18:03 __main__ INFO] - -            v4            : 1.4175 (acc: 0.5769) |           v6: 1.4730 (acc: 0.5905)
[2018/09/25 13:18:03 __main__ INFO] - -            c10_50k       : 0.9908 (acc: 0.6975)
[2018/09/25 13:18:03 __main__ INFO] - Elapsed 49.72
keys:  dict_keys(['epoch', 'c10h_train_loss', 'c10h_train_acc', 'c10h_val_loss', 'c10h_val_acc', 'c10h_train_c10_loss', 'c10h_train_c10_acc', 'c10h_val_c10_loss', 'c10h_val_c10_acc', 'v4_loss', 'v4_acc', 'v6_loss', 'v6_acc', 'c10_50k_loss', 'c10_50k_acc']) 
 c10h_outdir:  /tigress/ruairidh/model_results/run_1/saves/wrn_28_10/con_True_lr_0.1_seed_0
[2018/09/25 13:18:05 __main__ INFO] - Train 34
[2018/09/25 13:18:25 __main__ INFO] - TEST 34
[2018/09/25 13:19:15 __main__ INFO] - - epoch 34    c10h_train    : 0.5764 (acc: 0.8662) | c10h_val    : 0.9210 (acc: 0.7710)
[2018/09/25 13:19:15 __main__ INFO] - -            c10h_train_c10: 0.3701 (acc: 0.8692) | c10h_val_c10: 0.7619 (acc: 0.7730)
[2018/09/25 13:19:15 __main__ INFO] - -            v4            : 1.2174 (acc: 0.6378) |           v6: 1.2084 (acc: 0.6645)
[2018/09/25 13:19:15 __main__ INFO] - -            c10_50k       : 0.7801 (acc: 0.7624)
[2018/09/25 13:19:15 __main__ INFO] - Elapsed 49.76
keys:  dict_keys(['epoch', 'c10h_train_loss', 'c10h_train_acc', 'c10h_val_loss', 'c10h_val_acc', 'c10h_train_c10_loss', 'c10h_train_c10_acc', 'c10h_val_c10_loss', 'c10h_val_c10_acc', 'v4_loss', 'v4_acc', 'v6_loss', 'v6_acc', 'c10_50k_loss', 'c10_50k_acc']) 
 c10h_outdir:  /tigress/ruairidh/model_results/run_1/saves/wrn_28_10/con_True_lr_0.1_seed_0
[2018/09/25 13:19:18 __main__ INFO] - Train 35
[2018/09/25 13:19:37 __main__ INFO] - TEST 35
[2018/09/25 13:20:27 __main__ INFO] - - epoch 35    c10h_train    : 0.6026 (acc: 0.8598) | c10h_val    : 1.0332 (acc: 0.7650)
[2018/09/25 13:20:27 __main__ INFO] - -            c10h_train_c10: 0.3723 (acc: 0.8651) | c10h_val_c10: 0.8593 (acc: 0.7680)
[2018/09/25 13:20:27 __main__ INFO] - -            v4            : 1.2769 (acc: 0.6279) |           v6: 1.3480 (acc: 0.6295)
[2018/09/25 13:20:27 __main__ INFO] - -            c10_50k       : 0.8157 (acc: 0.7506)
[2018/09/25 13:20:27 __main__ INFO] - Elapsed 49.71
keys:  dict_keys(['epoch', 'c10h_train_loss', 'c10h_train_acc', 'c10h_val_loss', 'c10h_val_acc', 'c10h_train_c10_loss', 'c10h_train_c10_acc', 'c10h_val_c10_loss', 'c10h_val_c10_acc', 'v4_loss', 'v4_acc', 'v6_loss', 'v6_acc', 'c10_50k_loss', 'c10_50k_acc']) 
 c10h_outdir:  /tigress/ruairidh/model_results/run_1/saves/wrn_28_10/con_True_lr_0.1_seed_0
[2018/09/25 13:20:28 __main__ INFO] - Train 36
[2018/09/25 13:20:48 __main__ INFO] - TEST 36
[2018/09/25 13:21:37 __main__ INFO] - - epoch 36    c10h_train    : 0.6212 (acc: 0.8567) | c10h_val    : 1.0513 (acc: 0.7580)
[2018/09/25 13:21:38 __main__ INFO] - -            c10h_train_c10: 0.4007 (acc: 0.8610) | c10h_val_c10: 0.8790 (acc: 0.7620)
[2018/09/25 13:21:38 __main__ INFO] - -            v4            : 1.3067 (acc: 0.6348) |           v6: 1.4179 (acc: 0.6425)
[2018/09/25 13:21:38 __main__ INFO] - -            c10_50k       : 0.8442 (acc: 0.7494)
[2018/09/25 13:21:38 __main__ INFO] - Elapsed 49.64
keys:  dict_keys(['epoch', 'c10h_train_loss', 'c10h_train_acc', 'c10h_val_loss', 'c10h_val_acc', 'c10h_train_c10_loss', 'c10h_train_c10_acc', 'c10h_val_c10_loss', 'c10h_val_c10_acc', 'v4_loss', 'v4_acc', 'v6_loss', 'v6_acc', 'c10_50k_loss', 'c10_50k_acc']) 
 c10h_outdir:  /tigress/ruairidh/model_results/run_1/saves/wrn_28_10/con_True_lr_0.1_seed_0
[2018/09/25 13:21:41 __main__ INFO] - Train 37
[2018/09/25 13:22:00 __main__ INFO] - TEST 37
[2018/09/25 13:22:50 __main__ INFO] - - epoch 37    c10h_train    : 0.5643 (acc: 0.8749) | c10h_val    : 1.0398 (acc: 0.7700)
[2018/09/25 13:22:50 __main__ INFO] - -            c10h_train_c10: 0.3266 (acc: 0.8787) | c10h_val_c10: 0.8868 (acc: 0.7690)
[2018/09/25 13:22:50 __main__ INFO] - -            v4            : 1.2675 (acc: 0.6408) |           v6: 1.4164 (acc: 0.6335)
[2018/09/25 13:22:50 __main__ INFO] - -            c10_50k       : 0.8057 (acc: 0.7621)
[2018/09/25 13:22:50 __main__ INFO] - Elapsed 49.89
keys:  dict_keys(['epoch', 'c10h_train_loss', 'c10h_train_acc', 'c10h_val_loss', 'c10h_val_acc', 'c10h_train_c10_loss', 'c10h_train_c10_acc', 'c10h_val_c10_loss', 'c10h_val_c10_acc', 'v4_loss', 'v4_acc', 'v6_loss', 'v6_acc', 'c10_50k_loss', 'c10_50k_acc']) 
 c10h_outdir:  /tigress/ruairidh/model_results/run_1/saves/wrn_28_10/con_True_lr_0.1_seed_0
[2018/09/25 13:22:51 __main__ INFO] - Train 38
[2018/09/25 13:23:10 __main__ INFO] - TEST 38
[2018/09/25 13:24:00 __main__ INFO] - - epoch 38    c10h_train    : 0.7189 (acc: 0.8337) | c10h_val    : 1.1997 (acc: 0.7400)
[2018/09/25 13:24:00 __main__ INFO] - -            c10h_train_c10: 0.4750 (acc: 0.8386) | c10h_val_c10: 0.9786 (acc: 0.7430)
[2018/09/25 13:24:00 __main__ INFO] - -            v4            : 1.4538 (acc: 0.6264) |           v6: 1.5865 (acc: 0.6125)
[2018/09/25 13:24:00 __main__ INFO] - -            c10_50k       : 0.9515 (acc: 0.7375)
[2018/09/25 13:24:00 __main__ INFO] - Elapsed 49.70
keys:  dict_keys(['epoch', 'c10h_train_loss', 'c10h_train_acc', 'c10h_val_loss', 'c10h_val_acc', 'c10h_train_c10_loss', 'c10h_train_c10_acc', 'c10h_val_c10_loss', 'c10h_val_c10_acc', 'v4_loss', 'v4_acc', 'v6_loss', 'v6_acc', 'c10_50k_loss', 'c10_50k_acc']) 
 c10h_outdir:  /tigress/ruairidh/model_results/run_1/saves/wrn_28_10/con_True_lr_0.1_seed_0
[2018/09/25 13:24:02 __main__ INFO] - Train 39
[2018/09/25 13:24:22 __main__ INFO] - TEST 39
[2018/09/25 13:25:12 __main__ INFO] - - epoch 39    c10h_train    : 0.5192 (acc: 0.8900) | c10h_val    : 0.9689 (acc: 0.7790)
[2018/09/25 13:25:12 __main__ INFO] - -            c10h_train_c10: 0.2879 (acc: 0.8940) | c10h_val_c10: 0.8044 (acc: 0.7800)
[2018/09/25 13:25:12 __main__ INFO] - -            v4            : 1.1900 (acc: 0.6650) |           v6: 1.2087 (acc: 0.6730)
[2018/09/25 13:25:12 __main__ INFO] - -            c10_50k       : 0.7473 (acc: 0.7762)
[2018/09/25 13:25:12 __main__ INFO] - Elapsed 49.74
keys:  dict_keys(['epoch', 'c10h_train_loss', 'c10h_train_acc', 'c10h_val_loss', 'c10h_val_acc', 'c10h_train_c10_loss', 'c10h_train_c10_acc', 'c10h_val_c10_loss', 'c10h_val_c10_acc', 'v4_loss', 'v4_acc', 'v6_loss', 'v6_acc', 'c10_50k_loss', 'c10_50k_acc']) 
 c10h_outdir:  /tigress/ruairidh/model_results/run_1/saves/wrn_28_10/con_True_lr_0.1_seed_0
[2018/09/25 13:25:13 __main__ INFO] - Train 40
[2018/09/25 13:25:33 __main__ INFO] - TEST 40
[2018/09/25 13:26:23 __main__ INFO] - - epoch 40    c10h_train    : 0.6913 (acc: 0.8391) | c10h_val    : 1.2359 (acc: 0.7320)
[2018/09/25 13:26:23 __main__ INFO] - -            c10h_train_c10: 0.4435 (acc: 0.8424) | c10h_val_c10: 1.0542 (acc: 0.7340)
[2018/09/25 13:26:23 __main__ INFO] - -            v4            : 1.5540 (acc: 0.6037) |           v6: 1.7029 (acc: 0.6090)
[2018/09/25 13:26:23 __main__ INFO] - -            c10_50k       : 1.0021 (acc: 0.7314)
[2018/09/25 13:26:23 __main__ INFO] - Elapsed 49.66
keys:  dict_keys(['epoch', 'c10h_train_loss', 'c10h_train_acc', 'c10h_val_loss', 'c10h_val_acc', 'c10h_train_c10_loss', 'c10h_train_c10_acc', 'c10h_val_c10_loss', 'c10h_val_c10_acc', 'v4_loss', 'v4_acc', 'v6_loss', 'v6_acc', 'c10_50k_loss', 'c10_50k_acc']) 
 c10h_outdir:  /tigress/ruairidh/model_results/run_1/saves/wrn_28_10/con_True_lr_0.1_seed_0
[2018/09/25 13:26:24 __main__ INFO] - Train 41
[2018/09/25 13:26:44 __main__ INFO] - TEST 41
[2018/09/25 13:27:34 __main__ INFO] - - epoch 41    c10h_train    : 0.9657 (acc: 0.7732) | c10h_val    : 1.6742 (acc: 0.6720)
[2018/09/25 13:27:34 __main__ INFO] - -            c10h_train_c10: 0.7290 (acc: 0.7764) | c10h_val_c10: 1.4721 (acc: 0.6740)
[2018/09/25 13:27:34 __main__ INFO] - -            v4            : 1.9031 (acc: 0.5463) |           v6: 2.3146 (acc: 0.5240)
[2018/09/25 13:27:34 __main__ INFO] - -            c10_50k       : 1.3074 (acc: 0.6788)
[2018/09/25 13:27:34 __main__ INFO] - Elapsed 49.80
keys:  dict_keys(['epoch', 'c10h_train_loss', 'c10h_train_acc', 'c10h_val_loss', 'c10h_val_acc', 'c10h_train_c10_loss', 'c10h_train_c10_acc', 'c10h_val_c10_loss', 'c10h_val_c10_acc', 'v4_loss', 'v4_acc', 'v6_loss', 'v6_acc', 'c10_50k_loss', 'c10_50k_acc']) 
 c10h_outdir:  /tigress/ruairidh/model_results/run_1/saves/wrn_28_10/con_True_lr_0.1_seed_0
[2018/09/25 13:27:35 __main__ INFO] - Train 42
[2018/09/25 13:27:54 __main__ INFO] - TEST 42
[2018/09/25 13:28:44 __main__ INFO] - - epoch 42    c10h_train    : 0.7163 (acc: 0.8424) | c10h_val    : 1.2835 (acc: 0.7280)
[2018/09/25 13:28:44 __main__ INFO] - -            c10h_train_c10: 0.4832 (acc: 0.8443) | c10h_val_c10: 1.1379 (acc: 0.7280)
[2018/09/25 13:28:44 __main__ INFO] - -            v4            : 1.6509 (acc: 0.5987) |           v6: 1.7983 (acc: 0.6090)
[2018/09/25 13:28:44 __main__ INFO] - -            c10_50k       : 1.0508 (acc: 0.7301)
[2018/09/25 13:28:44 __main__ INFO] - Elapsed 49.73
keys:  dict_keys(['epoch', 'c10h_train_loss', 'c10h_train_acc', 'c10h_val_loss', 'c10h_val_acc', 'c10h_train_c10_loss', 'c10h_train_c10_acc', 'c10h_val_c10_loss', 'c10h_val_c10_acc', 'v4_loss', 'v4_acc', 'v6_loss', 'v6_acc', 'c10_50k_loss', 'c10_50k_acc']) 
 c10h_outdir:  /tigress/ruairidh/model_results/run_1/saves/wrn_28_10/con_True_lr_0.1_seed_0
[2018/09/25 13:28:47 __main__ INFO] - Train 43
[2018/09/25 13:29:07 __main__ INFO] - TEST 43
[2018/09/25 13:29:56 __main__ INFO] - - epoch 43    c10h_train    : 0.6565 (acc: 0.8608) | c10h_val    : 1.1466 (acc: 0.7520)
[2018/09/25 13:29:56 __main__ INFO] - -            c10h_train_c10: 0.3959 (acc: 0.8649) | c10h_val_c10: 0.9681 (acc: 0.7550)
[2018/09/25 13:29:56 __main__ INFO] - -            v4            : 1.5352 (acc: 0.6116) |           v6: 1.5888 (acc: 0.6305)
[2018/09/25 13:29:56 __main__ INFO] - -            c10_50k       : 0.9317 (acc: 0.7502)
[2018/09/25 13:29:56 __main__ INFO] - Elapsed 49.60
keys:  dict_keys(['epoch', 'c10h_train_loss', 'c10h_train_acc', 'c10h_val_loss', 'c10h_val_acc', 'c10h_train_c10_loss', 'c10h_train_c10_acc', 'c10h_val_c10_loss', 'c10h_val_c10_acc', 'v4_loss', 'v4_acc', 'v6_loss', 'v6_acc', 'c10_50k_loss', 'c10_50k_acc']) 
 c10h_outdir:  /tigress/ruairidh/model_results/run_1/saves/wrn_28_10/con_True_lr_0.1_seed_0
[2018/09/25 13:29:58 __main__ INFO] - Train 44
[2018/09/25 13:30:18 __main__ INFO] - TEST 44
[2018/09/25 13:31:07 __main__ INFO] - - epoch 44    c10h_train    : 0.6446 (acc: 0.8647) | c10h_val    : 1.1242 (acc: 0.7490)
[2018/09/25 13:31:08 __main__ INFO] - -            c10h_train_c10: 0.3767 (acc: 0.8697) | c10h_val_c10: 0.9196 (acc: 0.7510)
[2018/09/25 13:31:08 __main__ INFO] - -            v4            : 1.3830 (acc: 0.6314) |           v6: 1.4889 (acc: 0.6275)
[2018/09/25 13:31:08 __main__ INFO] - -            c10_50k       : 0.8778 (acc: 0.7595)
[2018/09/25 13:31:08 __main__ INFO] - Elapsed 49.69
keys:  dict_keys(['epoch', 'c10h_train_loss', 'c10h_train_acc', 'c10h_val_loss', 'c10h_val_acc', 'c10h_train_c10_loss', 'c10h_train_c10_acc', 'c10h_val_c10_loss', 'c10h_val_c10_acc', 'v4_loss', 'v4_acc', 'v6_loss', 'v6_acc', 'c10_50k_loss', 'c10_50k_acc']) 
 c10h_outdir:  /tigress/ruairidh/model_results/run_1/saves/wrn_28_10/con_True_lr_0.1_seed_0
[2018/09/25 13:31:10 __main__ INFO] - Train 45
[2018/09/25 13:31:30 __main__ INFO] - TEST 45
[2018/09/25 13:32:19 __main__ INFO] - - epoch 45    c10h_train    : 0.6024 (acc: 0.8739) | c10h_val    : 1.1584 (acc: 0.7500)
[2018/09/25 13:32:19 __main__ INFO] - -            c10h_train_c10: 0.3427 (acc: 0.8788) | c10h_val_c10: 0.9734 (acc: 0.7530)
[2018/09/25 13:32:19 __main__ INFO] - -            v4            : 1.5213 (acc: 0.6136) |           v6: 1.7346 (acc: 0.6105)
[2018/09/25 13:32:19 __main__ INFO] - -            c10_50k       : 0.9204 (acc: 0.7476)
[2018/09/25 13:32:19 __main__ INFO] - Elapsed 49.54
keys:  dict_keys(['epoch', 'c10h_train_loss', 'c10h_train_acc', 'c10h_val_loss', 'c10h_val_acc', 'c10h_train_c10_loss', 'c10h_train_c10_acc', 'c10h_val_c10_loss', 'c10h_val_c10_acc', 'v4_loss', 'v4_acc', 'v6_loss', 'v6_acc', 'c10_50k_loss', 'c10_50k_acc']) 
 c10h_outdir:  /tigress/ruairidh/model_results/run_1/saves/wrn_28_10/con_True_lr_0.1_seed_0
[2018/09/25 13:32:22 __main__ INFO] - Train 46
[2018/09/25 13:32:42 __main__ INFO] - TEST 46
[2018/09/25 13:33:31 __main__ INFO] - - epoch 46    c10h_train    : 0.5304 (acc: 0.8970) | c10h_val    : 1.0985 (acc: 0.7670)
[2018/09/25 13:33:31 __main__ INFO] - -            c10h_train_c10: 0.2592 (acc: 0.9014) | c10h_val_c10: 0.9107 (acc: 0.7670)
[2018/09/25 13:33:31 __main__ INFO] - -            v4            : 1.2965 (acc: 0.6497) |           v6: 1.4599 (acc: 0.6455)
[2018/09/25 13:33:31 __main__ INFO] - -            c10_50k       : 0.7747 (acc: 0.7712)
[2018/09/25 13:33:31 __main__ INFO] - Elapsed 49.56
keys:  dict_keys(['epoch', 'c10h_train_loss', 'c10h_train_acc', 'c10h_val_loss', 'c10h_val_acc', 'c10h_train_c10_loss', 'c10h_train_c10_acc', 'c10h_val_c10_loss', 'c10h_val_c10_acc', 'v4_loss', 'v4_acc', 'v6_loss', 'v6_acc', 'c10_50k_loss', 'c10_50k_acc']) 
 c10h_outdir:  /tigress/ruairidh/model_results/run_1/saves/wrn_28_10/con_True_lr_0.1_seed_0
[2018/09/25 13:33:33 __main__ INFO] - Train 47
[2018/09/25 13:33:53 __main__ INFO] - TEST 47
[2018/09/25 13:34:43 __main__ INFO] - - epoch 47    c10h_train    : 0.6852 (acc: 0.8473) | c10h_val    : 1.1370 (acc: 0.7590)
[2018/09/25 13:34:43 __main__ INFO] - -            c10h_train_c10: 0.4273 (acc: 0.8526) | c10h_val_c10: 0.9685 (acc: 0.7600)
[2018/09/25 13:34:43 __main__ INFO] - -            v4            : 1.5178 (acc: 0.6027) |           v6: 1.6567 (acc: 0.6180)
[2018/09/25 13:34:43 __main__ INFO] - -            c10_50k       : 0.9242 (acc: 0.7342)
[2018/09/25 13:34:43 __main__ INFO] - Elapsed 49.72
keys:  dict_keys(['epoch', 'c10h_train_loss', 'c10h_train_acc', 'c10h_val_loss', 'c10h_val_acc', 'c10h_train_c10_loss', 'c10h_train_c10_acc', 'c10h_val_c10_loss', 'c10h_val_c10_acc', 'v4_loss', 'v4_acc', 'v6_loss', 'v6_acc', 'c10_50k_loss', 'c10_50k_acc']) 
 c10h_outdir:  /tigress/ruairidh/model_results/run_1/saves/wrn_28_10/con_True_lr_0.1_seed_0
[2018/09/25 13:34:46 __main__ INFO] - Train 48
[2018/09/25 13:35:05 __main__ INFO] - TEST 48
[2018/09/25 13:35:55 __main__ INFO] - - epoch 48    c10h_train    : 0.5929 (acc: 0.8736) | c10h_val    : 1.1600 (acc: 0.7570)
[2018/09/25 13:35:55 __main__ INFO] - -            c10h_train_c10: 0.3469 (acc: 0.8780) | c10h_val_c10: 0.9904 (acc: 0.7580)
[2018/09/25 13:35:55 __main__ INFO] - -            v4            : 1.4050 (acc: 0.6205) |           v6: 1.6018 (acc: 0.6290)
[2018/09/25 13:35:55 __main__ INFO] - -            c10_50k       : 0.8991 (acc: 0.7477)
[2018/09/25 13:35:55 __main__ INFO] - Elapsed 49.43
keys:  dict_keys(['epoch', 'c10h_train_loss', 'c10h_train_acc', 'c10h_val_loss', 'c10h_val_acc', 'c10h_train_c10_loss', 'c10h_train_c10_acc', 'c10h_val_c10_loss', 'c10h_val_c10_acc', 'v4_loss', 'v4_acc', 'v6_loss', 'v6_acc', 'c10_50k_loss', 'c10_50k_acc']) 
 c10h_outdir:  /tigress/ruairidh/model_results/run_1/saves/wrn_28_10/con_True_lr_0.1_seed_0
[2018/09/25 13:35:57 __main__ INFO] - Train 49
[2018/09/25 13:36:16 __main__ INFO] - TEST 49
[2018/09/25 13:37:06 __main__ INFO] - - epoch 49    c10h_train    : 0.6300 (acc: 0.8683) | c10h_val    : 1.2364 (acc: 0.7300)
[2018/09/25 13:37:06 __main__ INFO] - -            c10h_train_c10: 0.3750 (acc: 0.8714) | c10h_val_c10: 1.0926 (acc: 0.7330)
[2018/09/25 13:37:06 __main__ INFO] - -            v4            : 1.5504 (acc: 0.6131) |           v6: 1.7337 (acc: 0.6220)
[2018/09/25 13:37:06 __main__ INFO] - -            c10_50k       : 0.9268 (acc: 0.7559)
[2018/09/25 13:37:06 __main__ INFO] - Elapsed 49.74
keys:  dict_keys(['epoch', 'c10h_train_loss', 'c10h_train_acc', 'c10h_val_loss', 'c10h_val_acc', 'c10h_train_c10_loss', 'c10h_train_c10_acc', 'c10h_val_c10_loss', 'c10h_val_c10_acc', 'v4_loss', 'v4_acc', 'v6_loss', 'v6_acc', 'c10_50k_loss', 'c10_50k_acc']) 
 c10h_outdir:  /tigress/ruairidh/model_results/run_1/saves/wrn_28_10/con_True_lr_0.1_seed_0
[2018/09/25 13:37:07 __main__ INFO] - Train 50
[2018/09/25 13:37:26 __main__ INFO] - TEST 50
[2018/09/25 13:38:16 __main__ INFO] - - epoch 50    c10h_train    : 0.4834 (acc: 0.9210) | c10h_val    : 0.9304 (acc: 0.7990)
[2018/09/25 13:38:16 __main__ INFO] - -            c10h_train_c10: 0.2009 (acc: 0.9270) | c10h_val_c10: 0.7338 (acc: 0.8030)
[2018/09/25 13:38:16 __main__ INFO] - -            v4            : 1.1558 (acc: 0.6774) |           v6: 1.2498 (acc: 0.6880)
[2018/09/25 13:38:16 __main__ INFO] - -            c10_50k       : 0.7207 (acc: 0.7924)
[2018/09/25 13:38:16 __main__ INFO] - Elapsed 49.58
keys:  dict_keys(['epoch', 'c10h_train_loss', 'c10h_train_acc', 'c10h_val_loss', 'c10h_val_acc', 'c10h_train_c10_loss', 'c10h_train_c10_acc', 'c10h_val_c10_loss', 'c10h_val_c10_acc', 'v4_loss', 'v4_acc', 'v6_loss', 'v6_acc', 'c10_50k_loss', 'c10_50k_acc']) 
 c10h_outdir:  /tigress/ruairidh/model_results/run_1/saves/wrn_28_10/con_True_lr_0.1_seed_0
[2018/09/25 13:38:18 __main__ INFO] - Train 51
[2018/09/25 13:38:38 __main__ INFO] - TEST 51
[2018/09/25 13:39:27 __main__ INFO] - - epoch 51    c10h_train    : 0.9020 (acc: 0.7996) | c10h_val    : 1.6511 (acc: 0.6980)
[2018/09/25 13:39:28 __main__ INFO] - -            c10h_train_c10: 0.6370 (acc: 0.8026) | c10h_val_c10: 1.4486 (acc: 0.7020)
[2018/09/25 13:39:28 __main__ INFO] - -            v4            : 2.2191 (acc: 0.5270) |           v6: 2.4609 (acc: 0.5370)
[2018/09/25 13:39:28 __main__ INFO] - -            c10_50k       : 1.3065 (acc: 0.6847)
[2018/09/25 13:39:28 __main__ INFO] - Elapsed 49.85
keys:  dict_keys(['epoch', 'c10h_train_loss', 'c10h_train_acc', 'c10h_val_loss', 'c10h_val_acc', 'c10h_train_c10_loss', 'c10h_train_c10_acc', 'c10h_val_c10_loss', 'c10h_val_c10_acc', 'v4_loss', 'v4_acc', 'v6_loss', 'v6_acc', 'c10_50k_loss', 'c10_50k_acc']) 
 c10h_outdir:  /tigress/ruairidh/model_results/run_1/saves/wrn_28_10/con_True_lr_0.1_seed_0
[2018/09/25 13:39:29 __main__ INFO] - Train 52
[2018/09/25 13:39:48 __main__ INFO] - TEST 52
[2018/09/25 13:40:38 __main__ INFO] - - epoch 52    c10h_train    : 0.6275 (acc: 0.8851) | c10h_val    : 1.1868 (acc: 0.7700)
[2018/09/25 13:40:38 __main__ INFO] - -            c10h_train_c10: 0.3349 (acc: 0.8899) | c10h_val_c10: 0.9935 (acc: 0.7710)
[2018/09/25 13:40:38 __main__ INFO] - -            v4            : 1.4808 (acc: 0.6368) |           v6: 1.5851 (acc: 0.6335)
[2018/09/25 13:40:38 __main__ INFO] - -            c10_50k       : 0.8865 (acc: 0.7640)
[2018/09/25 13:40:38 __main__ INFO] - Elapsed 49.75
keys:  dict_keys(['epoch', 'c10h_train_loss', 'c10h_train_acc', 'c10h_val_loss', 'c10h_val_acc', 'c10h_train_c10_loss', 'c10h_train_c10_acc', 'c10h_val_c10_loss', 'c10h_val_c10_acc', 'v4_loss', 'v4_acc', 'v6_loss', 'v6_acc', 'c10_50k_loss', 'c10_50k_acc']) 
 c10h_outdir:  /tigress/ruairidh/model_results/run_1/saves/wrn_28_10/con_True_lr_0.1_seed_0
[2018/09/25 13:40:39 __main__ INFO] - Train 53
[2018/09/25 13:40:58 __main__ INFO] - TEST 53
[2018/09/25 13:41:48 __main__ INFO] - - epoch 53    c10h_train    : 0.4999 (acc: 0.9171) | c10h_val    : 0.9612 (acc: 0.7820)
[2018/09/25 13:41:48 __main__ INFO] - -            c10h_train_c10: 0.2042 (acc: 0.9230) | c10h_val_c10: 0.7752 (acc: 0.7820)
[2018/09/25 13:41:48 __main__ INFO] - -            v4            : 1.3198 (acc: 0.6442) |           v6: 1.4559 (acc: 0.6460)
[2018/09/25 13:41:48 __main__ INFO] - -            c10_50k       : 0.7341 (acc: 0.7875)
[2018/09/25 13:41:48 __main__ INFO] - Elapsed 49.84
keys:  dict_keys(['epoch', 'c10h_train_loss', 'c10h_train_acc', 'c10h_val_loss', 'c10h_val_acc', 'c10h_train_c10_loss', 'c10h_train_c10_acc', 'c10h_val_c10_loss', 'c10h_val_c10_acc', 'v4_loss', 'v4_acc', 'v6_loss', 'v6_acc', 'c10_50k_loss', 'c10_50k_acc']) 
 c10h_outdir:  /tigress/ruairidh/model_results/run_1/saves/wrn_28_10/con_True_lr_0.1_seed_0
[2018/09/25 13:41:49 __main__ INFO] - Train 54
[2018/09/25 13:42:08 __main__ INFO] - TEST 54
[2018/09/25 13:42:58 __main__ INFO] - - epoch 54    c10h_train    : 0.5482 (acc: 0.9007) | c10h_val    : 1.0465 (acc: 0.7820)
[2018/09/25 13:42:58 __main__ INFO] - -            c10h_train_c10: 0.2632 (acc: 0.9057) | c10h_val_c10: 0.8795 (acc: 0.7820)
[2018/09/25 13:42:58 __main__ INFO] - -            v4            : 1.4449 (acc: 0.6472) |           v6: 1.4629 (acc: 0.6760)
[2018/09/25 13:42:58 __main__ INFO] - -            c10_50k       : 0.8373 (acc: 0.7736)
[2018/09/25 13:42:58 __main__ INFO] - Elapsed 49.86
keys:  dict_keys(['epoch', 'c10h_train_loss', 'c10h_train_acc', 'c10h_val_loss', 'c10h_val_acc', 'c10h_train_c10_loss', 'c10h_train_c10_acc', 'c10h_val_c10_loss', 'c10h_val_c10_acc', 'v4_loss', 'v4_acc', 'v6_loss', 'v6_acc', 'c10_50k_loss', 'c10_50k_acc']) 
 c10h_outdir:  /tigress/ruairidh/model_results/run_1/saves/wrn_28_10/con_True_lr_0.1_seed_0
[2018/09/25 13:43:00 __main__ INFO] - Train 55
[2018/09/25 13:43:19 __main__ INFO] - TEST 55
[2018/09/25 13:44:09 __main__ INFO] - - epoch 55    c10h_train    : 0.6113 (acc: 0.8842) | c10h_val    : 1.0968 (acc: 0.7810)
[2018/09/25 13:44:09 __main__ INFO] - -            c10h_train_c10: 0.3216 (acc: 0.8891) | c10h_val_c10: 0.9323 (acc: 0.7810)
[2018/09/25 13:44:09 __main__ INFO] - -            v4            : 1.4215 (acc: 0.6423) |           v6: 1.5311 (acc: 0.6380)
[2018/09/25 13:44:09 __main__ INFO] - -            c10_50k       : 0.8797 (acc: 0.7692)
[2018/09/25 13:44:09 __main__ INFO] - Elapsed 49.76
keys:  dict_keys(['epoch', 'c10h_train_loss', 'c10h_train_acc', 'c10h_val_loss', 'c10h_val_acc', 'c10h_train_c10_loss', 'c10h_train_c10_acc', 'c10h_val_c10_loss', 'c10h_val_c10_acc', 'v4_loss', 'v4_acc', 'v6_loss', 'v6_acc', 'c10_50k_loss', 'c10_50k_acc']) 
 c10h_outdir:  /tigress/ruairidh/model_results/run_1/saves/wrn_28_10/con_True_lr_0.1_seed_0
[2018/09/25 13:44:11 __main__ INFO] - Train 56
[2018/09/25 13:44:30 __main__ INFO] - TEST 56
[2018/09/25 13:45:20 __main__ INFO] - - epoch 56    c10h_train    : 0.5044 (acc: 0.9167) | c10h_val    : 1.0434 (acc: 0.7920)
[2018/09/25 13:45:20 __main__ INFO] - -            c10h_train_c10: 0.2086 (acc: 0.9230) | c10h_val_c10: 0.8535 (acc: 0.7940)
[2018/09/25 13:45:20 __main__ INFO] - -            v4            : 1.3217 (acc: 0.6531) |           v6: 1.4119 (acc: 0.6700)
[2018/09/25 13:45:20 __main__ INFO] - -            c10_50k       : 0.7846 (acc: 0.7844)
[2018/09/25 13:45:20 __main__ INFO] - Elapsed 49.77
keys:  dict_keys(['epoch', 'c10h_train_loss', 'c10h_train_acc', 'c10h_val_loss', 'c10h_val_acc', 'c10h_train_c10_loss', 'c10h_train_c10_acc', 'c10h_val_c10_loss', 'c10h_val_c10_acc', 'v4_loss', 'v4_acc', 'v6_loss', 'v6_acc', 'c10_50k_loss', 'c10_50k_acc']) 
 c10h_outdir:  /tigress/ruairidh/model_results/run_1/saves/wrn_28_10/con_True_lr_0.1_seed_0
[2018/09/25 13:45:22 __main__ INFO] - Train 57
[2018/09/25 13:45:42 __main__ INFO] - TEST 57
[2018/09/25 13:46:32 __main__ INFO] - - epoch 57    c10h_train    : 0.7090 (acc: 0.8481) | c10h_val    : 1.3015 (acc: 0.7430)
[2018/09/25 13:46:32 __main__ INFO] - -            c10h_train_c10: 0.4467 (acc: 0.8531) | c10h_val_c10: 1.0996 (acc: 0.7450)
[2018/09/25 13:46:32 __main__ INFO] - -            v4            : 1.5665 (acc: 0.5982) |           v6: 1.6901 (acc: 0.6035)
[2018/09/25 13:46:32 __main__ INFO] - -            c10_50k       : 1.0238 (acc: 0.7322)
[2018/09/25 13:46:32 __main__ INFO] - Elapsed 49.74
keys:  dict_keys(['epoch', 'c10h_train_loss', 'c10h_train_acc', 'c10h_val_loss', 'c10h_val_acc', 'c10h_train_c10_loss', 'c10h_train_c10_acc', 'c10h_val_c10_loss', 'c10h_val_c10_acc', 'v4_loss', 'v4_acc', 'v6_loss', 'v6_acc', 'c10_50k_loss', 'c10_50k_acc']) 
 c10h_outdir:  /tigress/ruairidh/model_results/run_1/saves/wrn_28_10/con_True_lr_0.1_seed_0
[2018/09/25 13:46:32 __main__ INFO] - Train 58
[2018/09/25 13:46:52 __main__ INFO] - TEST 58
[2018/09/25 13:47:41 __main__ INFO] - - epoch 58    c10h_train    : 0.5397 (acc: 0.9089) | c10h_val    : 1.1120 (acc: 0.7850)
[2018/09/25 13:47:42 __main__ INFO] - -            c10h_train_c10: 0.2363 (acc: 0.9139) | c10h_val_c10: 0.8951 (acc: 0.7880)
[2018/09/25 13:47:42 __main__ INFO] - -            v4            : 1.3123 (acc: 0.6606) |           v6: 1.4160 (acc: 0.6725)
[2018/09/25 13:47:42 __main__ INFO] - -            c10_50k       : 0.8047 (acc: 0.7798)
[2018/09/25 13:47:42 __main__ INFO] - Elapsed 49.61
keys:  dict_keys(['epoch', 'c10h_train_loss', 'c10h_train_acc', 'c10h_val_loss', 'c10h_val_acc', 'c10h_train_c10_loss', 'c10h_train_c10_acc', 'c10h_val_c10_loss', 'c10h_val_c10_acc', 'v4_loss', 'v4_acc', 'v6_loss', 'v6_acc', 'c10_50k_loss', 'c10_50k_acc']) 
 c10h_outdir:  /tigress/ruairidh/model_results/run_1/saves/wrn_28_10/con_True_lr_0.1_seed_0
[2018/09/25 13:47:43 __main__ INFO] - Train 59
[2018/09/25 13:48:03 __main__ INFO] - TEST 59
[2018/09/25 13:48:53 __main__ INFO] - - epoch 59    c10h_train    : 0.6571 (acc: 0.8746) | c10h_val    : 1.2550 (acc: 0.7500)
[2018/09/25 13:48:53 __main__ INFO] - -            c10h_train_c10: 0.3463 (acc: 0.8798) | c10h_val_c10: 1.0386 (acc: 0.7540)
[2018/09/25 13:48:53 __main__ INFO] - -            v4            : 1.5755 (acc: 0.6254) |           v6: 1.6403 (acc: 0.6370)
[2018/09/25 13:48:53 __main__ INFO] - -            c10_50k       : 0.9619 (acc: 0.7540)
[2018/09/25 13:48:53 __main__ INFO] - Elapsed 49.65
keys:  dict_keys(['epoch', 'c10h_train_loss', 'c10h_train_acc', 'c10h_val_loss', 'c10h_val_acc', 'c10h_train_c10_loss', 'c10h_train_c10_acc', 'c10h_val_c10_loss', 'c10h_val_c10_acc', 'v4_loss', 'v4_acc', 'v6_loss', 'v6_acc', 'c10_50k_loss', 'c10_50k_acc']) 
 c10h_outdir:  /tigress/ruairidh/model_results/run_1/saves/wrn_28_10/con_True_lr_0.1_seed_0
[2018/09/25 13:48:55 __main__ INFO] - Train 60
[2018/09/25 13:49:14 __main__ INFO] - TEST 60
[2018/09/25 13:50:04 __main__ INFO] - - epoch 60    c10h_train    : 0.7818 (acc: 0.8404) | c10h_val    : 1.6068 (acc: 0.7130)
[2018/09/25 13:50:04 __main__ INFO] - -            c10h_train_c10: 0.4756 (acc: 0.8454) | c10h_val_c10: 1.3930 (acc: 0.7160)
[2018/09/25 13:50:04 __main__ INFO] - -            v4            : 1.8988 (acc: 0.5764) |           v6: 2.1354 (acc: 0.5810)
[2018/09/25 13:50:04 __main__ INFO] - -            c10_50k       : 1.1422 (acc: 0.7263)
[2018/09/25 13:50:04 __main__ INFO] - Elapsed 49.60
keys:  dict_keys(['epoch', 'c10h_train_loss', 'c10h_train_acc', 'c10h_val_loss', 'c10h_val_acc', 'c10h_train_c10_loss', 'c10h_train_c10_acc', 'c10h_val_c10_loss', 'c10h_val_c10_acc', 'v4_loss', 'v4_acc', 'v6_loss', 'v6_acc', 'c10_50k_loss', 'c10_50k_acc']) 
 c10h_outdir:  /tigress/ruairidh/model_results/run_1/saves/wrn_28_10/con_True_lr_0.1_seed_0
[2018/09/25 13:50:06 __main__ INFO] - Train 61
[2018/09/25 13:50:25 __main__ INFO] - TEST 61
[2018/09/25 13:51:15 __main__ INFO] - - epoch 61    c10h_train    : 0.3725 (acc: 0.9836) | c10h_val    : 0.7544 (acc: 0.8570)
[2018/09/25 13:51:15 __main__ INFO] - -            c10h_train_c10: 0.0314 (acc: 0.9909) | c10h_val_c10: 0.5449 (acc: 0.8590)
[2018/09/25 13:51:15 __main__ INFO] - -            v4            : 0.9409 (acc: 0.7298) |           v6: 0.9744 (acc: 0.7425)
[2018/09/25 13:51:15 __main__ INFO] - -            c10_50k       : 0.5137 (acc: 0.8458)
[2018/09/25 13:51:15 __main__ INFO] - Elapsed 49.56
keys:  dict_keys(['epoch', 'c10h_train_loss', 'c10h_train_acc', 'c10h_val_loss', 'c10h_val_acc', 'c10h_train_c10_loss', 'c10h_train_c10_acc', 'c10h_val_c10_loss', 'c10h_val_c10_acc', 'v4_loss', 'v4_acc', 'v6_loss', 'v6_acc', 'c10_50k_loss', 'c10_50k_acc']) 
 c10h_outdir:  /tigress/ruairidh/model_results/run_1/saves/wrn_28_10/con_True_lr_0.1_seed_0
[2018/09/25 13:51:16 __main__ INFO] - Train 62
[2018/09/25 13:51:36 __main__ INFO] - TEST 62
[2018/09/25 13:52:25 __main__ INFO] - - epoch 62    c10h_train    : 0.3806 (acc: 0.9864) | c10h_val    : 0.7284 (acc: 0.8600)
[2018/09/25 13:52:25 __main__ INFO] - -            c10h_train_c10: 0.0175 (acc: 0.9940) | c10h_val_c10: 0.5078 (acc: 0.8620)
[2018/09/25 13:52:25 __main__ INFO] - -            v4            : 0.9333 (acc: 0.7387) |           v6: 0.9196 (acc: 0.7560)
[2018/09/25 13:52:25 __main__ INFO] - -            c10_50k       : 0.5007 (acc: 0.8520)
[2018/09/25 13:52:25 __main__ INFO] - Elapsed 49.69
keys:  dict_keys(['epoch', 'c10h_train_loss', 'c10h_train_acc', 'c10h_val_loss', 'c10h_val_acc', 'c10h_train_c10_loss', 'c10h_train_c10_acc', 'c10h_val_c10_loss', 'c10h_val_c10_acc', 'v4_loss', 'v4_acc', 'v6_loss', 'v6_acc', 'c10_50k_loss', 'c10_50k_acc']) 
 c10h_outdir:  /tigress/ruairidh/model_results/run_1/saves/wrn_28_10/con_True_lr_0.1_seed_0
[2018/09/25 13:52:27 __main__ INFO] - Train 63
slurmstepd: error: *** JOB 1456652 ON tiger-i21g6 CANCELLED AT 2018-09-25T13:52:46 DUE TO TIME LIMIT ***
