entering inner script
activating virtual env
wrn_28_10
identifier: con_True_lr_0.1_seed_1
--arch=wrn --c10h_save_interval=2 --dataset=CIFAR10H --no_output --c10h_datasplit_seed=1 --human_tune --nonhuman_control=True --base_lr=0.1
wrn_28_10_control:True_lr:0.1_seed:1.out
entering python script
/tigress/ruairidh/model_results/run_1/wrn_28_10/model_best_state.pth
/tigress/ruairidh/model_results/run_1/saves/wrn_28_10/con_True_lr_0.1_seed_1
Using TensorFlow backend.
[2018/09/25 12:37:42 __main__ INFO] - {
  "model_config": {
    "arch": "wrn",
    "input_shape": [
      1,
      3,
      32,
      32
    ],
    "n_classes": 10,
    "base_channels": 16,
    "depth": 28,
    "widening_factor": 10,
    "drop_rate": 0
  },
  "optim_config": {
    "epochs": 200,
    "batch_size": 128,
    "optimizer": "sgd",
    "base_lr": 0.1,
    "weight_decay": 0.0005,
    "momentum": 0.9,
    "nesterov": true,
    "scheduler": "multistep",
    "milestones": [
      60,
      120,
      160
    ],
    "lr_decay": 0.2
  },
  "data_config": {
    "dataset": "CIFAR10H",
    "n_classes": 10,
    "num_workers": 7,
    "batch_size": 128,
    "use_cutout": false,
    "use_random_erasing": false,
    "use_mixup": false,
    "c10h_sample": false,
    "c10h_testsplit_percent": 0.1,
    "c10h_datasplit_seed": 1,
    "use_gpu": true
  },
  "run_config": {
    "seed": 17,
    "test_first": true,
    "gpu": "0",
    "tensorboard": false,
    "tensorboard_train_images": false,
    "tensorboard_test_images": false,
    "tensorboard_model_params": false,
    "resume": "/tigress/ruairidh/model_results/run_1/wrn_28_10/model_best_state.pth",
    "human_tune": true,
    "no_output": true,
    "test_only": false,
    "nonhuman_control": true,
    "c10h_scores_outdir": "/tigress/ruairidh/model_results/run_1/saves/wrn_28_10/con_True_lr_0.1_seed_1",
    "c10h_save_interval": "2",
    "use_gpu": true
  },
  "env_info": {
    "pytorch_version": "0.4.1",
    "cuda_version": "9.0.176",
    "cudnn_version": 7102,
    "gpu0": {
      "name": "Tesla P100-PCIE-16GB",
      "capability": "6.0"
    }
  }
}
Files already downloaded and verified
Files already downloaded and verified
Files already downloaded and verified
Files already downloaded and verified
Files already downloaded and verified
[2018/09/25 12:37:46 __main__ INFO] - Loading model...
[2018/09/25 12:37:47 __main__ INFO] - n_params: 36479194
[2018/09/25 12:37:48 __main__ INFO] - Done
=> loading checkpoint '/tigress/ruairidh/model_results/run_1/wrn_28_10/model_best_state.pth'
=> loaded checkpoint '/tigress/ruairidh/model_results/run_1/wrn_28_10/model_best_state.pth' (epoch 197)
[2018/09/25 12:37:48 __main__ INFO] - TEST 0
[2018/09/25 12:38:39 __main__ INFO] - - epoch 0    c10h_train    : 0.4616 (acc: 0.9479) | c10h_val    : 0.4554 (acc: 0.9650)
[2018/09/25 12:38:39 __main__ INFO] - -            c10h_train_c10: 0.1773 (acc: 0.9502) | c10h_val_c10: 0.1349 (acc: 0.9690)
[2018/09/25 12:38:39 __main__ INFO] - -            v4            : 0.4034 (acc: 0.8986) |           v6: 0.3818 (acc: 0.9100)
[2018/09/25 12:38:39 __main__ INFO] - -            c10_50k       : 0.0012 (acc: 1.0000)
[2018/09/25 12:38:39 __main__ INFO] - Elapsed 50.58
keys:  dict_keys(['epoch', 'c10h_train_loss', 'c10h_train_acc', 'c10h_val_loss', 'c10h_val_acc', 'c10h_train_c10_loss', 'c10h_train_c10_acc', 'c10h_val_c10_loss', 'c10h_val_c10_acc', 'v4_loss', 'v4_acc', 'v6_loss', 'v6_acc', 'c10_50k_loss', 'c10_50k_acc']) 
 c10h_outdir:  /tigress/ruairidh/model_results/run_1/saves/wrn_28_10/con_True_lr_0.1_seed_1
[2018/09/25 12:38:39 __main__ INFO] - Train 1
[2018/09/25 12:39:00 __main__ INFO] - TEST 1
[2018/09/25 12:39:48 __main__ INFO] - - epoch 1    c10h_train    : 1.8461 (acc: 0.3223) | c10h_val    : 1.8160 (acc: 0.3270)
[2018/09/25 12:39:48 __main__ INFO] - -            c10h_train_c10: 1.8293 (acc: 0.3219) | c10h_val_c10: 1.7946 (acc: 0.3250)
[2018/09/25 12:39:48 __main__ INFO] - -            v4            : 2.1317 (acc: 0.2608) |           v6: 2.1003 (acc: 0.2780)
[2018/09/25 12:39:48 __main__ INFO] - -            c10_50k       : 1.8705 (acc: 0.3176)
[2018/09/25 12:39:48 __main__ INFO] - Elapsed 48.37
keys:  dict_keys(['epoch', 'c10h_train_loss', 'c10h_train_acc', 'c10h_val_loss', 'c10h_val_acc', 'c10h_train_c10_loss', 'c10h_train_c10_acc', 'c10h_val_c10_loss', 'c10h_val_c10_acc', 'v4_loss', 'v4_acc', 'v6_loss', 'v6_acc', 'c10_50k_loss', 'c10_50k_acc']) 
 c10h_outdir:  /tigress/ruairidh/model_results/run_1/saves/wrn_28_10/con_True_lr_0.1_seed_1
[2018/09/25 12:39:50 __main__ INFO] - Train 2
[2018/09/25 12:40:10 __main__ INFO] - TEST 2
[2018/09/25 12:40:58 __main__ INFO] - - epoch 2    c10h_train    : 1.7724 (acc: 0.4092) | c10h_val    : 1.8026 (acc: 0.4070)
[2018/09/25 12:40:58 __main__ INFO] - -            c10h_train_c10: 1.7445 (acc: 0.4102) | c10h_val_c10: 1.7684 (acc: 0.4070)
[2018/09/25 12:40:58 __main__ INFO] - -            v4            : 2.0757 (acc: 0.3305) |           v6: 2.1471 (acc: 0.3305)
[2018/09/25 12:40:58 __main__ INFO] - -            c10_50k       : 1.7680 (acc: 0.4075)
[2018/09/25 12:40:58 __main__ INFO] - Elapsed 48.36
keys:  dict_keys(['epoch', 'c10h_train_loss', 'c10h_train_acc', 'c10h_val_loss', 'c10h_val_acc', 'c10h_train_c10_loss', 'c10h_train_c10_acc', 'c10h_val_c10_loss', 'c10h_val_c10_acc', 'v4_loss', 'v4_acc', 'v6_loss', 'v6_acc', 'c10_50k_loss', 'c10_50k_acc']) 
 c10h_outdir:  /tigress/ruairidh/model_results/run_1/saves/wrn_28_10/con_True_lr_0.1_seed_1
[2018/09/25 12:41:00 __main__ INFO] - Train 3
[2018/09/25 12:41:20 __main__ INFO] - TEST 3
[2018/09/25 12:42:08 __main__ INFO] - - epoch 3    c10h_train    : 1.5506 (acc: 0.4630) | c10h_val    : 1.5708 (acc: 0.4790)
[2018/09/25 12:42:08 __main__ INFO] - -            c10h_train_c10: 1.5102 (acc: 0.4619) | c10h_val_c10: 1.5236 (acc: 0.4790)
[2018/09/25 12:42:08 __main__ INFO] - -            v4            : 1.9445 (acc: 0.3459) |           v6: 2.0157 (acc: 0.3595)
[2018/09/25 12:42:08 __main__ INFO] - -            c10_50k       : 1.5384 (acc: 0.4616)
[2018/09/25 12:42:08 __main__ INFO] - Elapsed 48.40
keys:  dict_keys(['epoch', 'c10h_train_loss', 'c10h_train_acc', 'c10h_val_loss', 'c10h_val_acc', 'c10h_train_c10_loss', 'c10h_train_c10_acc', 'c10h_val_c10_loss', 'c10h_val_c10_acc', 'v4_loss', 'v4_acc', 'v6_loss', 'v6_acc', 'c10_50k_loss', 'c10_50k_acc']) 
 c10h_outdir:  /tigress/ruairidh/model_results/run_1/saves/wrn_28_10/con_True_lr_0.1_seed_1
[2018/09/25 12:42:11 __main__ INFO] - Train 4
[2018/09/25 12:42:30 __main__ INFO] - TEST 4
[2018/09/25 12:43:19 __main__ INFO] - - epoch 4    c10h_train    : 2.0193 (acc: 0.3832) | c10h_val    : 2.3364 (acc: 0.3740)
[2018/09/25 12:43:19 __main__ INFO] - -            c10h_train_c10: 1.9702 (acc: 0.3833) | c10h_val_c10: 2.2795 (acc: 0.3750)
[2018/09/25 12:43:19 __main__ INFO] - -            v4            : 2.4863 (acc: 0.2890) |           v6: 2.6895 (acc: 0.2930)
[2018/09/25 12:43:19 __main__ INFO] - -            c10_50k       : 2.0171 (acc: 0.3780)
[2018/09/25 12:43:19 __main__ INFO] - Elapsed 48.74
keys:  dict_keys(['epoch', 'c10h_train_loss', 'c10h_train_acc', 'c10h_val_loss', 'c10h_val_acc', 'c10h_train_c10_loss', 'c10h_train_c10_acc', 'c10h_val_c10_loss', 'c10h_val_c10_acc', 'v4_loss', 'v4_acc', 'v6_loss', 'v6_acc', 'c10_50k_loss', 'c10_50k_acc']) 
 c10h_outdir:  /tigress/ruairidh/model_results/run_1/saves/wrn_28_10/con_True_lr_0.1_seed_1
[2018/09/25 12:43:21 __main__ INFO] - Train 5
[2018/09/25 12:43:40 __main__ INFO] - TEST 5
[2018/09/25 12:44:29 __main__ INFO] - - epoch 5    c10h_train    : 1.3137 (acc: 0.5458) | c10h_val    : 1.4268 (acc: 0.5310)
[2018/09/25 12:44:29 __main__ INFO] - -            c10h_train_c10: 1.2679 (acc: 0.5461) | c10h_val_c10: 1.3737 (acc: 0.5330)
[2018/09/25 12:44:29 __main__ INFO] - -            v4            : 1.7586 (acc: 0.4171) |           v6: 1.8920 (acc: 0.4310)
[2018/09/25 12:44:29 __main__ INFO] - -            c10_50k       : 1.3362 (acc: 0.5359)
[2018/09/25 12:44:29 __main__ INFO] - Elapsed 48.48
keys:  dict_keys(['epoch', 'c10h_train_loss', 'c10h_train_acc', 'c10h_val_loss', 'c10h_val_acc', 'c10h_train_c10_loss', 'c10h_train_c10_acc', 'c10h_val_c10_loss', 'c10h_val_c10_acc', 'v4_loss', 'v4_acc', 'v6_loss', 'v6_acc', 'c10_50k_loss', 'c10_50k_acc']) 
 c10h_outdir:  /tigress/ruairidh/model_results/run_1/saves/wrn_28_10/con_True_lr_0.1_seed_1
[2018/09/25 12:44:30 __main__ INFO] - Train 6
[2018/09/25 12:44:49 __main__ INFO] - TEST 6
[2018/09/25 12:45:37 __main__ INFO] - - epoch 6    c10h_train    : 1.1278 (acc: 0.6164) | c10h_val    : 1.2630 (acc: 0.6010)
[2018/09/25 12:45:37 __main__ INFO] - -            c10h_train_c10: 1.0514 (acc: 0.6182) | c10h_val_c10: 1.1688 (acc: 0.6010)
[2018/09/25 12:45:37 __main__ INFO] - -            v4            : 1.5757 (acc: 0.4661) |           v6: 1.6233 (acc: 0.4625)
[2018/09/25 12:45:37 __main__ INFO] - -            c10_50k       : 1.1503 (acc: 0.5896)
[2018/09/25 12:45:37 __main__ INFO] - Elapsed 47.81
keys:  dict_keys(['epoch', 'c10h_train_loss', 'c10h_train_acc', 'c10h_val_loss', 'c10h_val_acc', 'c10h_train_c10_loss', 'c10h_train_c10_acc', 'c10h_val_c10_loss', 'c10h_val_c10_acc', 'v4_loss', 'v4_acc', 'v6_loss', 'v6_acc', 'c10_50k_loss', 'c10_50k_acc']) 
 c10h_outdir:  /tigress/ruairidh/model_results/run_1/saves/wrn_28_10/con_True_lr_0.1_seed_1
[2018/09/25 12:45:39 __main__ INFO] - Train 7
[2018/09/25 12:45:59 __main__ INFO] - TEST 7
[2018/09/25 12:46:46 __main__ INFO] - - epoch 7    c10h_train    : 0.8949 (acc: 0.7136) | c10h_val    : 0.9841 (acc: 0.6860)
[2018/09/25 12:46:47 __main__ INFO] - -            c10h_train_c10: 0.8084 (acc: 0.7146) | c10h_val_c10: 0.8852 (acc: 0.6870)
[2018/09/25 12:46:47 __main__ INFO] - -            v4            : 1.3664 (acc: 0.5557) |           v6: 1.4114 (acc: 0.5580)
[2018/09/25 12:46:47 __main__ INFO] - -            c10_50k       : 0.9054 (acc: 0.6881)
[2018/09/25 12:46:47 __main__ INFO] - Elapsed 47.82
keys:  dict_keys(['epoch', 'c10h_train_loss', 'c10h_train_acc', 'c10h_val_loss', 'c10h_val_acc', 'c10h_train_c10_loss', 'c10h_train_c10_acc', 'c10h_val_c10_loss', 'c10h_val_c10_acc', 'v4_loss', 'v4_acc', 'v6_loss', 'v6_acc', 'c10_50k_loss', 'c10_50k_acc']) 
 c10h_outdir:  /tigress/ruairidh/model_results/run_1/saves/wrn_28_10/con_True_lr_0.1_seed_1
[2018/09/25 12:46:47 __main__ INFO] - Train 8
[2018/09/25 12:47:06 __main__ INFO] - TEST 8
[2018/09/25 12:47:54 __main__ INFO] - - epoch 8    c10h_train    : 1.0076 (acc: 0.6742) | c10h_val    : 1.1410 (acc: 0.6550)
[2018/09/25 12:47:54 __main__ INFO] - -            c10h_train_c10: 0.9123 (acc: 0.6756) | c10h_val_c10: 1.0327 (acc: 0.6580)
[2018/09/25 12:47:54 __main__ INFO] - -            v4            : 1.5215 (acc: 0.5067) |           v6: 1.5819 (acc: 0.5125)
[2018/09/25 12:47:54 __main__ INFO] - -            c10_50k       : 1.0273 (acc: 0.6426)
[2018/09/25 12:47:54 __main__ INFO] - Elapsed 47.92
keys:  dict_keys(['epoch', 'c10h_train_loss', 'c10h_train_acc', 'c10h_val_loss', 'c10h_val_acc', 'c10h_train_c10_loss', 'c10h_train_c10_acc', 'c10h_val_c10_loss', 'c10h_val_c10_acc', 'v4_loss', 'v4_acc', 'v6_loss', 'v6_acc', 'c10_50k_loss', 'c10_50k_acc']) 
 c10h_outdir:  /tigress/ruairidh/model_results/run_1/saves/wrn_28_10/con_True_lr_0.1_seed_1
[2018/09/25 12:47:56 __main__ INFO] - Train 9
[2018/09/25 12:48:16 __main__ INFO] - TEST 9
[2018/09/25 12:49:04 __main__ INFO] - - epoch 9    c10h_train    : 0.8287 (acc: 0.7388) | c10h_val    : 0.9738 (acc: 0.7110)
[2018/09/25 12:49:04 __main__ INFO] - -            c10h_train_c10: 0.7397 (acc: 0.7402) | c10h_val_c10: 0.8769 (acc: 0.7110)
[2018/09/25 12:49:04 __main__ INFO] - -            v4            : 1.2592 (acc: 0.5829) |           v6: 1.3566 (acc: 0.5675)
[2018/09/25 12:49:04 __main__ INFO] - -            c10_50k       : 0.8615 (acc: 0.7043)
[2018/09/25 12:49:04 __main__ INFO] - Elapsed 48.44
keys:  dict_keys(['epoch', 'c10h_train_loss', 'c10h_train_acc', 'c10h_val_loss', 'c10h_val_acc', 'c10h_train_c10_loss', 'c10h_train_c10_acc', 'c10h_val_c10_loss', 'c10h_val_c10_acc', 'v4_loss', 'v4_acc', 'v6_loss', 'v6_acc', 'c10_50k_loss', 'c10_50k_acc']) 
 c10h_outdir:  /tigress/ruairidh/model_results/run_1/saves/wrn_28_10/con_True_lr_0.1_seed_1
[2018/09/25 12:49:06 __main__ INFO] - Train 10
[2018/09/25 12:49:25 __main__ INFO] - TEST 10
[2018/09/25 12:50:13 __main__ INFO] - - epoch 10    c10h_train    : 1.1990 (acc: 0.6372) | c10h_val    : 1.4903 (acc: 0.5960)
[2018/09/25 12:50:13 __main__ INFO] - -            c10h_train_c10: 1.0989 (acc: 0.6383) | c10h_val_c10: 1.3818 (acc: 0.5980)
[2018/09/25 12:50:13 __main__ INFO] - -            v4            : 1.7588 (acc: 0.4814) |           v6: 2.0540 (acc: 0.4680)
[2018/09/25 12:50:13 __main__ INFO] - -            c10_50k       : 1.2376 (acc: 0.6082)
[2018/09/25 12:50:13 __main__ INFO] - Elapsed 48.37
keys:  dict_keys(['epoch', 'c10h_train_loss', 'c10h_train_acc', 'c10h_val_loss', 'c10h_val_acc', 'c10h_train_c10_loss', 'c10h_train_c10_acc', 'c10h_val_c10_loss', 'c10h_val_c10_acc', 'v4_loss', 'v4_acc', 'v6_loss', 'v6_acc', 'c10_50k_loss', 'c10_50k_acc']) 
 c10h_outdir:  /tigress/ruairidh/model_results/run_1/saves/wrn_28_10/con_True_lr_0.1_seed_1
[2018/09/25 12:50:15 __main__ INFO] - Train 11
[2018/09/25 12:50:35 __main__ INFO] - TEST 11
[2018/09/25 12:51:23 __main__ INFO] - - epoch 11    c10h_train    : 0.8619 (acc: 0.7441) | c10h_val    : 1.0338 (acc: 0.7160)
[2018/09/25 12:51:23 __main__ INFO] - -            c10h_train_c10: 0.7426 (acc: 0.7467) | c10h_val_c10: 0.9005 (acc: 0.7180)
[2018/09/25 12:51:23 __main__ INFO] - -            v4            : 1.3852 (acc: 0.5675) |           v6: 1.3681 (acc: 0.5925)
[2018/09/25 12:51:23 __main__ INFO] - -            c10_50k       : 0.9186 (acc: 0.6990)
[2018/09/25 12:51:23 __main__ INFO] - Elapsed 48.33
keys:  dict_keys(['epoch', 'c10h_train_loss', 'c10h_train_acc', 'c10h_val_loss', 'c10h_val_acc', 'c10h_train_c10_loss', 'c10h_train_c10_acc', 'c10h_val_c10_loss', 'c10h_val_c10_acc', 'v4_loss', 'v4_acc', 'v6_loss', 'v6_acc', 'c10_50k_loss', 'c10_50k_acc']) 
 c10h_outdir:  /tigress/ruairidh/model_results/run_1/saves/wrn_28_10/con_True_lr_0.1_seed_1
[2018/09/25 12:51:25 __main__ INFO] - Train 12
[2018/09/25 12:51:44 __main__ INFO] - TEST 12
[2018/09/25 12:52:33 __main__ INFO] - - epoch 12    c10h_train    : 0.8373 (acc: 0.7430) | c10h_val    : 1.1015 (acc: 0.6840)
[2018/09/25 12:52:33 __main__ INFO] - -            c10h_train_c10: 0.7211 (acc: 0.7454) | c10h_val_c10: 0.9829 (acc: 0.6850)
[2018/09/25 12:52:33 __main__ INFO] - -            v4            : 1.4285 (acc: 0.5532) |           v6: 1.5468 (acc: 0.5490)
[2018/09/25 12:52:33 __main__ INFO] - -            c10_50k       : 0.9088 (acc: 0.6931)
[2018/09/25 12:52:33 __main__ INFO] - Elapsed 48.77
keys:  dict_keys(['epoch', 'c10h_train_loss', 'c10h_train_acc', 'c10h_val_loss', 'c10h_val_acc', 'c10h_train_c10_loss', 'c10h_train_c10_acc', 'c10h_val_c10_loss', 'c10h_val_c10_acc', 'v4_loss', 'v4_acc', 'v6_loss', 'v6_acc', 'c10_50k_loss', 'c10_50k_acc']) 
 c10h_outdir:  /tigress/ruairidh/model_results/run_1/saves/wrn_28_10/con_True_lr_0.1_seed_1
[2018/09/25 12:52:35 __main__ INFO] - Train 13
[2018/09/25 12:52:54 __main__ INFO] - TEST 13
[2018/09/25 12:53:43 __main__ INFO] - - epoch 13    c10h_train    : 1.0490 (acc: 0.6932) | c10h_val    : 1.3174 (acc: 0.6440)
[2018/09/25 12:53:43 __main__ INFO] - -            c10h_train_c10: 0.9225 (acc: 0.6938) | c10h_val_c10: 1.1908 (acc: 0.6460)
[2018/09/25 12:53:43 __main__ INFO] - -            v4            : 1.6155 (acc: 0.5344) |           v6: 1.7562 (acc: 0.5295)
[2018/09/25 12:53:43 __main__ INFO] - -            c10_50k       : 1.0963 (acc: 0.6604)
[2018/09/25 12:53:43 __main__ INFO] - Elapsed 48.42
keys:  dict_keys(['epoch', 'c10h_train_loss', 'c10h_train_acc', 'c10h_val_loss', 'c10h_val_acc', 'c10h_train_c10_loss', 'c10h_train_c10_acc', 'c10h_val_c10_loss', 'c10h_val_c10_acc', 'v4_loss', 'v4_acc', 'v6_loss', 'v6_acc', 'c10_50k_loss', 'c10_50k_acc']) 
 c10h_outdir:  /tigress/ruairidh/model_results/run_1/saves/wrn_28_10/con_True_lr_0.1_seed_1
[2018/09/25 12:53:43 __main__ INFO] - Train 14
[2018/09/25 12:54:03 __main__ INFO] - TEST 14
[2018/09/25 12:54:51 __main__ INFO] - - epoch 14    c10h_train    : 1.4114 (acc: 0.6169) | c10h_val    : 1.7378 (acc: 0.6070)
[2018/09/25 12:54:51 __main__ INFO] - -            c10h_train_c10: 1.2921 (acc: 0.6180) | c10h_val_c10: 1.6156 (acc: 0.6050)
[2018/09/25 12:54:51 __main__ INFO] - -            v4            : 2.1971 (acc: 0.4696) |           v6: 2.3544 (acc: 0.4720)
[2018/09/25 12:54:51 __main__ INFO] - -            c10_50k       : 1.5372 (acc: 0.5841)
[2018/09/25 12:54:51 __main__ INFO] - Elapsed 48.50
keys:  dict_keys(['epoch', 'c10h_train_loss', 'c10h_train_acc', 'c10h_val_loss', 'c10h_val_acc', 'c10h_train_c10_loss', 'c10h_train_c10_acc', 'c10h_val_c10_loss', 'c10h_val_c10_acc', 'v4_loss', 'v4_acc', 'v6_loss', 'v6_acc', 'c10_50k_loss', 'c10_50k_acc']) 
 c10h_outdir:  /tigress/ruairidh/model_results/run_1/saves/wrn_28_10/con_True_lr_0.1_seed_1
[2018/09/25 12:54:53 __main__ INFO] - Train 15
[2018/09/25 12:55:13 __main__ INFO] - TEST 15
[2018/09/25 12:56:01 __main__ INFO] - - epoch 15    c10h_train    : 0.9368 (acc: 0.7190) | c10h_val    : 1.2018 (acc: 0.6800)
[2018/09/25 12:56:01 __main__ INFO] - -            c10h_train_c10: 0.8100 (acc: 0.7200) | c10h_val_c10: 1.0734 (acc: 0.6790)
[2018/09/25 12:56:01 __main__ INFO] - -            v4            : 1.4610 (acc: 0.5552) |           v6: 1.6295 (acc: 0.5500)
[2018/09/25 12:56:01 __main__ INFO] - -            c10_50k       : 1.0407 (acc: 0.6721)
[2018/09/25 12:56:01 __main__ INFO] - Elapsed 48.44
keys:  dict_keys(['epoch', 'c10h_train_loss', 'c10h_train_acc', 'c10h_val_loss', 'c10h_val_acc', 'c10h_train_c10_loss', 'c10h_train_c10_acc', 'c10h_val_c10_loss', 'c10h_val_c10_acc', 'v4_loss', 'v4_acc', 'v6_loss', 'v6_acc', 'c10_50k_loss', 'c10_50k_acc']) 
 c10h_outdir:  /tigress/ruairidh/model_results/run_1/saves/wrn_28_10/con_True_lr_0.1_seed_1
[2018/09/25 12:56:03 __main__ INFO] - Train 16
[2018/09/25 12:56:23 __main__ INFO] - TEST 16
[2018/09/25 12:57:11 __main__ INFO] - - epoch 16    c10h_train    : 1.1442 (acc: 0.6747) | c10h_val    : 1.5223 (acc: 0.6130)
[2018/09/25 12:57:11 __main__ INFO] - -            c10h_train_c10: 1.0283 (acc: 0.6763) | c10h_val_c10: 1.4078 (acc: 0.6140)
[2018/09/25 12:57:11 __main__ INFO] - -            v4            : 1.6968 (acc: 0.5225) |           v6: 2.0225 (acc: 0.4940)
[2018/09/25 12:57:11 __main__ INFO] - -            c10_50k       : 1.2723 (acc: 0.6273)
[2018/09/25 12:57:11 __main__ INFO] - Elapsed 48.46
keys:  dict_keys(['epoch', 'c10h_train_loss', 'c10h_train_acc', 'c10h_val_loss', 'c10h_val_acc', 'c10h_train_c10_loss', 'c10h_train_c10_acc', 'c10h_val_c10_loss', 'c10h_val_c10_acc', 'v4_loss', 'v4_acc', 'v6_loss', 'v6_acc', 'c10_50k_loss', 'c10_50k_acc']) 
 c10h_outdir:  /tigress/ruairidh/model_results/run_1/saves/wrn_28_10/con_True_lr_0.1_seed_1
[2018/09/25 12:57:13 __main__ INFO] - Train 17
[2018/09/25 12:57:33 __main__ INFO] - TEST 17
[2018/09/25 12:58:21 __main__ INFO] - - epoch 17    c10h_train    : 0.9118 (acc: 0.7178) | c10h_val    : 1.3093 (acc: 0.6660)
[2018/09/25 12:58:21 __main__ INFO] - -            c10h_train_c10: 0.7793 (acc: 0.7198) | c10h_val_c10: 1.1804 (acc: 0.6670)
[2018/09/25 12:58:21 __main__ INFO] - -            v4            : 1.4803 (acc: 0.5507) |           v6: 1.7042 (acc: 0.5415)
[2018/09/25 12:58:21 __main__ INFO] - -            c10_50k       : 1.0453 (acc: 0.6649)
[2018/09/25 12:58:21 __main__ INFO] - Elapsed 48.26
keys:  dict_keys(['epoch', 'c10h_train_loss', 'c10h_train_acc', 'c10h_val_loss', 'c10h_val_acc', 'c10h_train_c10_loss', 'c10h_train_c10_acc', 'c10h_val_c10_loss', 'c10h_val_c10_acc', 'v4_loss', 'v4_acc', 'v6_loss', 'v6_acc', 'c10_50k_loss', 'c10_50k_acc']) 
 c10h_outdir:  /tigress/ruairidh/model_results/run_1/saves/wrn_28_10/con_True_lr_0.1_seed_1
[2018/09/25 12:58:22 __main__ INFO] - Train 18
[2018/09/25 12:58:42 __main__ INFO] - TEST 18
[2018/09/25 12:59:31 __main__ INFO] - - epoch 18    c10h_train    : 0.8411 (acc: 0.7481) | c10h_val    : 1.1919 (acc: 0.6790)
[2018/09/25 12:59:31 __main__ INFO] - -            c10h_train_c10: 0.7010 (acc: 0.7490) | c10h_val_c10: 1.0691 (acc: 0.6790)
[2018/09/25 12:59:31 __main__ INFO] - -            v4            : 1.5201 (acc: 0.5562) |           v6: 1.6830 (acc: 0.5565)
[2018/09/25 12:59:31 __main__ INFO] - -            c10_50k       : 0.9867 (acc: 0.6871)
[2018/09/25 12:59:31 __main__ INFO] - Elapsed 48.69
keys:  dict_keys(['epoch', 'c10h_train_loss', 'c10h_train_acc', 'c10h_val_loss', 'c10h_val_acc', 'c10h_train_c10_loss', 'c10h_train_c10_acc', 'c10h_val_c10_loss', 'c10h_val_c10_acc', 'v4_loss', 'v4_acc', 'v6_loss', 'v6_acc', 'c10_50k_loss', 'c10_50k_acc']) 
 c10h_outdir:  /tigress/ruairidh/model_results/run_1/saves/wrn_28_10/con_True_lr_0.1_seed_1
[2018/09/25 12:59:31 __main__ INFO] - Train 19
[2018/09/25 12:59:51 __main__ INFO] - TEST 19
[2018/09/25 13:00:39 __main__ INFO] - - epoch 19    c10h_train    : 0.6694 (acc: 0.8173) | c10h_val    : 1.0097 (acc: 0.7340)
[2018/09/25 13:00:39 __main__ INFO] - -            c10h_train_c10: 0.5036 (acc: 0.8192) | c10h_val_c10: 0.8534 (acc: 0.7340)
[2018/09/25 13:00:39 __main__ INFO] - -            v4            : 1.3510 (acc: 0.6066) |           v6: 1.4780 (acc: 0.6025)
[2018/09/25 13:00:39 __main__ INFO] - -            c10_50k       : 0.8217 (acc: 0.7382)
[2018/09/25 13:00:39 __main__ INFO] - Elapsed 48.32
keys:  dict_keys(['epoch', 'c10h_train_loss', 'c10h_train_acc', 'c10h_val_loss', 'c10h_val_acc', 'c10h_train_c10_loss', 'c10h_train_c10_acc', 'c10h_val_c10_loss', 'c10h_val_c10_acc', 'v4_loss', 'v4_acc', 'v6_loss', 'v6_acc', 'c10_50k_loss', 'c10_50k_acc']) 
 c10h_outdir:  /tigress/ruairidh/model_results/run_1/saves/wrn_28_10/con_True_lr_0.1_seed_1
[2018/09/25 13:00:41 __main__ INFO] - Train 20
[2018/09/25 13:01:00 __main__ INFO] - TEST 20
[2018/09/25 13:01:49 __main__ INFO] - - epoch 20    c10h_train    : 0.6660 (acc: 0.8249) | c10h_val    : 1.0318 (acc: 0.7430)
[2018/09/25 13:01:49 __main__ INFO] - -            c10h_train_c10: 0.4785 (acc: 0.8286) | c10h_val_c10: 0.8721 (acc: 0.7440)
[2018/09/25 13:01:49 __main__ INFO] - -            v4            : 1.2631 (acc: 0.6333) |           v6: 1.3005 (acc: 0.6430)
[2018/09/25 13:01:49 __main__ INFO] - -            c10_50k       : 0.8062 (acc: 0.7489)
[2018/09/25 13:01:49 __main__ INFO] - Elapsed 48.22
keys:  dict_keys(['epoch', 'c10h_train_loss', 'c10h_train_acc', 'c10h_val_loss', 'c10h_val_acc', 'c10h_train_c10_loss', 'c10h_train_c10_acc', 'c10h_val_c10_loss', 'c10h_val_c10_acc', 'v4_loss', 'v4_acc', 'v6_loss', 'v6_acc', 'c10_50k_loss', 'c10_50k_acc']) 
 c10h_outdir:  /tigress/ruairidh/model_results/run_1/saves/wrn_28_10/con_True_lr_0.1_seed_1
[2018/09/25 13:01:51 __main__ INFO] - Train 21
[2018/09/25 13:02:10 __main__ INFO] - TEST 21
[2018/09/25 13:02:59 __main__ INFO] - - epoch 21    c10h_train    : 0.7900 (acc: 0.7980) | c10h_val    : 1.2315 (acc: 0.7340)
[2018/09/25 13:02:59 __main__ INFO] - -            c10h_train_c10: 0.6016 (acc: 0.8024) | c10h_val_c10: 1.0678 (acc: 0.7360)
[2018/09/25 13:02:59 __main__ INFO] - -            v4            : 1.6340 (acc: 0.5710) |           v6: 1.7470 (acc: 0.5790)
[2018/09/25 13:02:59 __main__ INFO] - -            c10_50k       : 0.9481 (acc: 0.7257)
[2018/09/25 13:02:59 __main__ INFO] - Elapsed 48.38
keys:  dict_keys(['epoch', 'c10h_train_loss', 'c10h_train_acc', 'c10h_val_loss', 'c10h_val_acc', 'c10h_train_c10_loss', 'c10h_train_c10_acc', 'c10h_val_c10_loss', 'c10h_val_c10_acc', 'v4_loss', 'v4_acc', 'v6_loss', 'v6_acc', 'c10_50k_loss', 'c10_50k_acc']) 
 c10h_outdir:  /tigress/ruairidh/model_results/run_1/saves/wrn_28_10/con_True_lr_0.1_seed_1
[2018/09/25 13:03:01 __main__ INFO] - Train 22
[2018/09/25 13:03:20 __main__ INFO] - TEST 22
[2018/09/25 13:04:09 __main__ INFO] - - epoch 22    c10h_train    : 0.7489 (acc: 0.7974) | c10h_val    : 1.0924 (acc: 0.7280)
[2018/09/25 13:04:09 __main__ INFO] - -            c10h_train_c10: 0.5792 (acc: 0.8016) | c10h_val_c10: 0.9454 (acc: 0.7290)
[2018/09/25 13:04:09 __main__ INFO] - -            v4            : 1.4957 (acc: 0.5868) |           v6: 1.5909 (acc: 0.5850)
[2018/09/25 13:04:09 __main__ INFO] - -            c10_50k       : 0.9257 (acc: 0.7195)
[2018/09/25 13:04:09 __main__ INFO] - Elapsed 48.35
keys:  dict_keys(['epoch', 'c10h_train_loss', 'c10h_train_acc', 'c10h_val_loss', 'c10h_val_acc', 'c10h_train_c10_loss', 'c10h_train_c10_acc', 'c10h_val_c10_loss', 'c10h_val_c10_acc', 'v4_loss', 'v4_acc', 'v6_loss', 'v6_acc', 'c10_50k_loss', 'c10_50k_acc']) 
 c10h_outdir:  /tigress/ruairidh/model_results/run_1/saves/wrn_28_10/con_True_lr_0.1_seed_1
[2018/09/25 13:04:09 __main__ INFO] - Train 23
[2018/09/25 13:04:29 __main__ INFO] - TEST 23
[2018/09/25 13:05:17 __main__ INFO] - - epoch 23    c10h_train    : 0.6953 (acc: 0.8183) | c10h_val    : 1.0902 (acc: 0.7350)
[2018/09/25 13:05:17 __main__ INFO] - -            c10h_train_c10: 0.5148 (acc: 0.8206) | c10h_val_c10: 0.9345 (acc: 0.7340)
[2018/09/25 13:05:17 __main__ INFO] - -            v4            : 1.3030 (acc: 0.6289) |           v6: 1.4044 (acc: 0.6350)
[2018/09/25 13:05:17 __main__ INFO] - -            c10_50k       : 0.8733 (acc: 0.7336)
[2018/09/25 13:05:17 __main__ INFO] - Elapsed 48.09
keys:  dict_keys(['epoch', 'c10h_train_loss', 'c10h_train_acc', 'c10h_val_loss', 'c10h_val_acc', 'c10h_train_c10_loss', 'c10h_train_c10_acc', 'c10h_val_c10_loss', 'c10h_val_c10_acc', 'v4_loss', 'v4_acc', 'v6_loss', 'v6_acc', 'c10_50k_loss', 'c10_50k_acc']) 
 c10h_outdir:  /tigress/ruairidh/model_results/run_1/saves/wrn_28_10/con_True_lr_0.1_seed_1
[2018/09/25 13:05:17 __main__ INFO] - Train 24
[2018/09/25 13:05:37 __main__ INFO] - TEST 24
[2018/09/25 13:06:25 __main__ INFO] - - epoch 24    c10h_train    : 0.6269 (acc: 0.8343) | c10h_val    : 0.9746 (acc: 0.7640)
[2018/09/25 13:06:25 __main__ INFO] - -            c10h_train_c10: 0.4554 (acc: 0.8386) | c10h_val_c10: 0.8204 (acc: 0.7640)
[2018/09/25 13:06:25 __main__ INFO] - -            v4            : 1.2742 (acc: 0.6205) |           v6: 1.3364 (acc: 0.6215)
[2018/09/25 13:06:25 __main__ INFO] - -            c10_50k       : 0.7828 (acc: 0.7501)
[2018/09/25 13:06:25 __main__ INFO] - Elapsed 48.56
keys:  dict_keys(['epoch', 'c10h_train_loss', 'c10h_train_acc', 'c10h_val_loss', 'c10h_val_acc', 'c10h_train_c10_loss', 'c10h_train_c10_acc', 'c10h_val_c10_loss', 'c10h_val_c10_acc', 'v4_loss', 'v4_acc', 'v6_loss', 'v6_acc', 'c10_50k_loss', 'c10_50k_acc']) 
 c10h_outdir:  /tigress/ruairidh/model_results/run_1/saves/wrn_28_10/con_True_lr_0.1_seed_1
[2018/09/25 13:06:28 __main__ INFO] - Train 25
[2018/09/25 13:06:47 __main__ INFO] - TEST 25
[2018/09/25 13:07:36 __main__ INFO] - - epoch 25    c10h_train    : 0.7724 (acc: 0.8011) | c10h_val    : 1.2063 (acc: 0.7180)
[2018/09/25 13:07:36 __main__ INFO] - -            c10h_train_c10: 0.5901 (acc: 0.8040) | c10h_val_c10: 1.0440 (acc: 0.7190)
[2018/09/25 13:07:36 __main__ INFO] - -            v4            : 1.3910 (acc: 0.6081) |           v6: 1.5618 (acc: 0.5990)
[2018/09/25 13:07:36 __main__ INFO] - -            c10_50k       : 0.9668 (acc: 0.7157)
[2018/09/25 13:07:36 __main__ INFO] - Elapsed 48.51
keys:  dict_keys(['epoch', 'c10h_train_loss', 'c10h_train_acc', 'c10h_val_loss', 'c10h_val_acc', 'c10h_train_c10_loss', 'c10h_train_c10_acc', 'c10h_val_c10_loss', 'c10h_val_c10_acc', 'v4_loss', 'v4_acc', 'v6_loss', 'v6_acc', 'c10_50k_loss', 'c10_50k_acc']) 
 c10h_outdir:  /tigress/ruairidh/model_results/run_1/saves/wrn_28_10/con_True_lr_0.1_seed_1
[2018/09/25 13:07:36 __main__ INFO] - Train 26
[2018/09/25 13:07:56 __main__ INFO] - TEST 26
[2018/09/25 13:08:44 __main__ INFO] - - epoch 26    c10h_train    : 0.5538 (acc: 0.8592) | c10h_val    : 0.8639 (acc: 0.7800)
[2018/09/25 13:08:45 __main__ INFO] - -            c10h_train_c10: 0.3912 (acc: 0.8620) | c10h_val_c10: 0.7170 (acc: 0.7800)
[2018/09/25 13:08:45 __main__ INFO] - -            v4            : 1.2009 (acc: 0.6249) |           v6: 1.2232 (acc: 0.6545)
[2018/09/25 13:08:45 __main__ INFO] - -            c10_50k       : 0.7047 (acc: 0.7650)
[2018/09/25 13:08:45 __main__ INFO] - Elapsed 48.62
keys:  dict_keys(['epoch', 'c10h_train_loss', 'c10h_train_acc', 'c10h_val_loss', 'c10h_val_acc', 'c10h_train_c10_loss', 'c10h_train_c10_acc', 'c10h_val_c10_loss', 'c10h_val_c10_acc', 'v4_loss', 'v4_acc', 'v6_loss', 'v6_acc', 'c10_50k_loss', 'c10_50k_acc']) 
 c10h_outdir:  /tigress/ruairidh/model_results/run_1/saves/wrn_28_10/con_True_lr_0.1_seed_1
[2018/09/25 13:08:46 __main__ INFO] - Train 27
[2018/09/25 13:09:05 __main__ INFO] - TEST 27
[2018/09/25 13:09:53 __main__ INFO] - - epoch 27    c10h_train    : 0.7078 (acc: 0.8258) | c10h_val    : 1.0145 (acc: 0.7620)
[2018/09/25 13:09:54 __main__ INFO] - -            c10h_train_c10: 0.5090 (acc: 0.8282) | c10h_val_c10: 0.8453 (acc: 0.7640)
[2018/09/25 13:09:54 __main__ INFO] - -            v4            : 1.4036 (acc: 0.6056) |           v6: 1.4822 (acc: 0.6210)
[2018/09/25 13:09:54 __main__ INFO] - -            c10_50k       : 0.9167 (acc: 0.7335)
[2018/09/25 13:09:54 __main__ INFO] - Elapsed 48.47
keys:  dict_keys(['epoch', 'c10h_train_loss', 'c10h_train_acc', 'c10h_val_loss', 'c10h_val_acc', 'c10h_train_c10_loss', 'c10h_train_c10_acc', 'c10h_val_c10_loss', 'c10h_val_c10_acc', 'v4_loss', 'v4_acc', 'v6_loss', 'v6_acc', 'c10_50k_loss', 'c10_50k_acc']) 
 c10h_outdir:  /tigress/ruairidh/model_results/run_1/saves/wrn_28_10/con_True_lr_0.1_seed_1
[2018/09/25 13:09:54 __main__ INFO] - Train 28
[2018/09/25 13:10:14 __main__ INFO] - TEST 28
[2018/09/25 13:11:02 __main__ INFO] - - epoch 28    c10h_train    : 0.8643 (acc: 0.7707) | c10h_val    : 1.2714 (acc: 0.6920)
[2018/09/25 13:11:02 __main__ INFO] - -            c10h_train_c10: 0.6916 (acc: 0.7727) | c10h_val_c10: 1.1203 (acc: 0.6930)
[2018/09/25 13:11:02 __main__ INFO] - -            v4            : 1.5545 (acc: 0.5675) |           v6: 1.7834 (acc: 0.5605)
[2018/09/25 13:11:02 __main__ INFO] - -            c10_50k       : 1.0398 (acc: 0.6973)
[2018/09/25 13:11:02 __main__ INFO] - Elapsed 48.42
keys:  dict_keys(['epoch', 'c10h_train_loss', 'c10h_train_acc', 'c10h_val_loss', 'c10h_val_acc', 'c10h_train_c10_loss', 'c10h_train_c10_acc', 'c10h_val_c10_loss', 'c10h_val_c10_acc', 'v4_loss', 'v4_acc', 'v6_loss', 'v6_acc', 'c10_50k_loss', 'c10_50k_acc']) 
 c10h_outdir:  /tigress/ruairidh/model_results/run_1/saves/wrn_28_10/con_True_lr_0.1_seed_1
[2018/09/25 13:11:04 __main__ INFO] - Train 29
[2018/09/25 13:11:24 __main__ INFO] - TEST 29
[2018/09/25 13:12:12 __main__ INFO] - - epoch 29    c10h_train    : 0.7600 (acc: 0.8176) | c10h_val    : 1.2798 (acc: 0.7300)
[2018/09/25 13:12:12 __main__ INFO] - -            c10h_train_c10: 0.5459 (acc: 0.8211) | c10h_val_c10: 1.1020 (acc: 0.7320)
[2018/09/25 13:12:12 __main__ INFO] - -            v4            : 1.4140 (acc: 0.6185) |           v6: 1.6087 (acc: 0.6190)
[2018/09/25 13:12:12 __main__ INFO] - -            c10_50k       : 0.9710 (acc: 0.7219)
[2018/09/25 13:12:12 __main__ INFO] - Elapsed 48.34
keys:  dict_keys(['epoch', 'c10h_train_loss', 'c10h_train_acc', 'c10h_val_loss', 'c10h_val_acc', 'c10h_train_c10_loss', 'c10h_train_c10_acc', 'c10h_val_c10_loss', 'c10h_val_c10_acc', 'v4_loss', 'v4_acc', 'v6_loss', 'v6_acc', 'c10_50k_loss', 'c10_50k_acc']) 
 c10h_outdir:  /tigress/ruairidh/model_results/run_1/saves/wrn_28_10/con_True_lr_0.1_seed_1
[2018/09/25 13:12:16 __main__ INFO] - Train 30
[2018/09/25 13:12:35 __main__ INFO] - TEST 30
[2018/09/25 13:13:24 __main__ INFO] - - epoch 30    c10h_train    : 0.6558 (acc: 0.8241) | c10h_val    : 0.9846 (acc: 0.7560)
[2018/09/25 13:13:24 __main__ INFO] - -            c10h_train_c10: 0.4751 (acc: 0.8289) | c10h_val_c10: 0.8385 (acc: 0.7570)
[2018/09/25 13:13:24 __main__ INFO] - -            v4            : 1.4367 (acc: 0.5750) |           v6: 1.4419 (acc: 0.6035)
[2018/09/25 13:13:24 __main__ INFO] - -            c10_50k       : 0.8815 (acc: 0.7202)
[2018/09/25 13:13:24 __main__ INFO] - Elapsed 48.84
keys:  dict_keys(['epoch', 'c10h_train_loss', 'c10h_train_acc', 'c10h_val_loss', 'c10h_val_acc', 'c10h_train_c10_loss', 'c10h_train_c10_acc', 'c10h_val_c10_loss', 'c10h_val_c10_acc', 'v4_loss', 'v4_acc', 'v6_loss', 'v6_acc', 'c10_50k_loss', 'c10_50k_acc']) 
 c10h_outdir:  /tigress/ruairidh/model_results/run_1/saves/wrn_28_10/con_True_lr_0.1_seed_1
[2018/09/25 13:13:26 __main__ INFO] - Train 31
[2018/09/25 13:13:46 __main__ INFO] - TEST 31
[2018/09/25 13:14:34 __main__ INFO] - - epoch 31    c10h_train    : 0.5723 (acc: 0.8696) | c10h_val    : 0.9293 (acc: 0.7830)
[2018/09/25 13:14:34 __main__ INFO] - -            c10h_train_c10: 0.3509 (acc: 0.8737) | c10h_val_c10: 0.7429 (acc: 0.7850)
[2018/09/25 13:14:34 __main__ INFO] - -            v4            : 1.2275 (acc: 0.6423) |           v6: 1.3045 (acc: 0.6395)
[2018/09/25 13:14:34 __main__ INFO] - -            c10_50k       : 0.7284 (acc: 0.7722)
[2018/09/25 13:14:34 __main__ INFO] - Elapsed 48.28
keys:  dict_keys(['epoch', 'c10h_train_loss', 'c10h_train_acc', 'c10h_val_loss', 'c10h_val_acc', 'c10h_train_c10_loss', 'c10h_train_c10_acc', 'c10h_val_c10_loss', 'c10h_val_c10_acc', 'v4_loss', 'v4_acc', 'v6_loss', 'v6_acc', 'c10_50k_loss', 'c10_50k_acc']) 
 c10h_outdir:  /tigress/ruairidh/model_results/run_1/saves/wrn_28_10/con_True_lr_0.1_seed_1
[2018/09/25 13:14:37 __main__ INFO] - Train 32
[2018/09/25 13:14:56 __main__ INFO] - TEST 32
[2018/09/25 13:15:45 __main__ INFO] - - epoch 32    c10h_train    : 0.6702 (acc: 0.8363) | c10h_val    : 1.1246 (acc: 0.7440)
[2018/09/25 13:15:45 __main__ INFO] - -            c10h_train_c10: 0.4684 (acc: 0.8387) | c10h_val_c10: 0.9701 (acc: 0.7440)
[2018/09/25 13:15:45 __main__ INFO] - -            v4            : 1.5777 (acc: 0.6007) |           v6: 1.6953 (acc: 0.6075)
[2018/09/25 13:15:45 __main__ INFO] - -            c10_50k       : 0.9360 (acc: 0.7375)
[2018/09/25 13:15:45 __main__ INFO] - Elapsed 48.53
keys:  dict_keys(['epoch', 'c10h_train_loss', 'c10h_train_acc', 'c10h_val_loss', 'c10h_val_acc', 'c10h_train_c10_loss', 'c10h_train_c10_acc', 'c10h_val_c10_loss', 'c10h_val_c10_acc', 'v4_loss', 'v4_acc', 'v6_loss', 'v6_acc', 'c10_50k_loss', 'c10_50k_acc']) 
 c10h_outdir:  /tigress/ruairidh/model_results/run_1/saves/wrn_28_10/con_True_lr_0.1_seed_1
[2018/09/25 13:15:47 __main__ INFO] - Train 33
[2018/09/25 13:16:07 __main__ INFO] - TEST 33
[2018/09/25 13:16:55 __main__ INFO] - - epoch 33    c10h_train    : 0.5607 (acc: 0.8790) | c10h_val    : 0.9788 (acc: 0.7810)
[2018/09/25 13:16:55 __main__ INFO] - -            c10h_train_c10: 0.3391 (acc: 0.8824) | c10h_val_c10: 0.8090 (acc: 0.7810)
[2018/09/25 13:16:55 __main__ INFO] - -            v4            : 1.3208 (acc: 0.6467) |           v6: 1.3972 (acc: 0.6600)
[2018/09/25 13:16:55 __main__ INFO] - -            c10_50k       : 0.7778 (acc: 0.7756)
[2018/09/25 13:16:55 __main__ INFO] - Elapsed 48.68
keys:  dict_keys(['epoch', 'c10h_train_loss', 'c10h_train_acc', 'c10h_val_loss', 'c10h_val_acc', 'c10h_train_c10_loss', 'c10h_train_c10_acc', 'c10h_val_c10_loss', 'c10h_val_c10_acc', 'v4_loss', 'v4_acc', 'v6_loss', 'v6_acc', 'c10_50k_loss', 'c10_50k_acc']) 
 c10h_outdir:  /tigress/ruairidh/model_results/run_1/saves/wrn_28_10/con_True_lr_0.1_seed_1
[2018/09/25 13:16:57 __main__ INFO] - Train 34
[2018/09/25 13:17:17 __main__ INFO] - TEST 34
[2018/09/25 13:18:05 __main__ INFO] - - epoch 34    c10h_train    : 0.7760 (acc: 0.8056) | c10h_val    : 1.3121 (acc: 0.7110)
[2018/09/25 13:18:05 __main__ INFO] - -            c10h_train_c10: 0.5669 (acc: 0.8084) | c10h_val_c10: 1.1603 (acc: 0.7120)
[2018/09/25 13:18:05 __main__ INFO] - -            v4            : 1.5946 (acc: 0.5854) |           v6: 1.7610 (acc: 0.5840)
[2018/09/25 13:18:05 __main__ INFO] - -            c10_50k       : 0.9933 (acc: 0.7182)
[2018/09/25 13:18:05 __main__ INFO] - Elapsed 48.51
keys:  dict_keys(['epoch', 'c10h_train_loss', 'c10h_train_acc', 'c10h_val_loss', 'c10h_val_acc', 'c10h_train_c10_loss', 'c10h_train_c10_acc', 'c10h_val_c10_loss', 'c10h_val_c10_acc', 'v4_loss', 'v4_acc', 'v6_loss', 'v6_acc', 'c10_50k_loss', 'c10_50k_acc']) 
 c10h_outdir:  /tigress/ruairidh/model_results/run_1/saves/wrn_28_10/con_True_lr_0.1_seed_1
[2018/09/25 13:18:07 __main__ INFO] - Train 35
[2018/09/25 13:18:27 __main__ INFO] - TEST 35
[2018/09/25 13:19:16 __main__ INFO] - - epoch 35    c10h_train    : 0.5161 (acc: 0.8928) | c10h_val    : 0.9918 (acc: 0.7840)
[2018/09/25 13:19:16 __main__ INFO] - -            c10h_train_c10: 0.2897 (acc: 0.8981) | c10h_val_c10: 0.8286 (acc: 0.7850)
[2018/09/25 13:19:16 __main__ INFO] - -            v4            : 1.2515 (acc: 0.6586) |           v6: 1.2875 (acc: 0.6775)
[2018/09/25 13:19:16 __main__ INFO] - -            c10_50k       : 0.7558 (acc: 0.7772)
[2018/09/25 13:19:16 __main__ INFO] - Elapsed 48.92
keys:  dict_keys(['epoch', 'c10h_train_loss', 'c10h_train_acc', 'c10h_val_loss', 'c10h_val_acc', 'c10h_train_c10_loss', 'c10h_train_c10_acc', 'c10h_val_c10_loss', 'c10h_val_c10_acc', 'v4_loss', 'v4_acc', 'v6_loss', 'v6_acc', 'c10_50k_loss', 'c10_50k_acc']) 
 c10h_outdir:  /tigress/ruairidh/model_results/run_1/saves/wrn_28_10/con_True_lr_0.1_seed_1
[2018/09/25 13:19:18 __main__ INFO] - Train 36
[2018/09/25 13:19:38 __main__ INFO] - TEST 36
[2018/09/25 13:20:26 __main__ INFO] - - epoch 36    c10h_train    : 0.5836 (acc: 0.8799) | c10h_val    : 1.0362 (acc: 0.7730)
[2018/09/25 13:20:26 __main__ INFO] - -            c10h_train_c10: 0.3242 (acc: 0.8833) | c10h_val_c10: 0.8206 (acc: 0.7740)
[2018/09/25 13:20:26 __main__ INFO] - -            v4            : 1.2495 (acc: 0.6541) |           v6: 1.3241 (acc: 0.6755)
[2018/09/25 13:20:26 __main__ INFO] - -            c10_50k       : 0.7818 (acc: 0.7706)
[2018/09/25 13:20:26 __main__ INFO] - Elapsed 48.41
keys:  dict_keys(['epoch', 'c10h_train_loss', 'c10h_train_acc', 'c10h_val_loss', 'c10h_val_acc', 'c10h_train_c10_loss', 'c10h_train_c10_acc', 'c10h_val_c10_loss', 'c10h_val_c10_acc', 'v4_loss', 'v4_acc', 'v6_loss', 'v6_acc', 'c10_50k_loss', 'c10_50k_acc']) 
 c10h_outdir:  /tigress/ruairidh/model_results/run_1/saves/wrn_28_10/con_True_lr_0.1_seed_1
[2018/09/25 13:20:27 __main__ INFO] - Train 37
[2018/09/25 13:20:46 __main__ INFO] - TEST 37
[2018/09/25 13:21:35 __main__ INFO] - - epoch 37    c10h_train    : 0.5991 (acc: 0.8687) | c10h_val    : 1.0649 (acc: 0.7770)
[2018/09/25 13:21:35 __main__ INFO] - -            c10h_train_c10: 0.3462 (acc: 0.8742) | c10h_val_c10: 0.8533 (acc: 0.7780)
[2018/09/25 13:21:35 __main__ INFO] - -            v4            : 1.3059 (acc: 0.6437) |           v6: 1.4444 (acc: 0.6450)
[2018/09/25 13:21:35 __main__ INFO] - -            c10_50k       : 0.8193 (acc: 0.7601)
[2018/09/25 13:21:35 __main__ INFO] - Elapsed 48.73
keys:  dict_keys(['epoch', 'c10h_train_loss', 'c10h_train_acc', 'c10h_val_loss', 'c10h_val_acc', 'c10h_train_c10_loss', 'c10h_train_c10_acc', 'c10h_val_c10_loss', 'c10h_val_c10_acc', 'v4_loss', 'v4_acc', 'v6_loss', 'v6_acc', 'c10_50k_loss', 'c10_50k_acc']) 
 c10h_outdir:  /tigress/ruairidh/model_results/run_1/saves/wrn_28_10/con_True_lr_0.1_seed_1
[2018/09/25 13:21:39 __main__ INFO] - Train 38
[2018/09/25 13:21:58 __main__ INFO] - TEST 38
[2018/09/25 13:22:46 __main__ INFO] - - epoch 38    c10h_train    : 0.5493 (acc: 0.8892) | c10h_val    : 1.0190 (acc: 0.7950)
[2018/09/25 13:22:47 __main__ INFO] - -            c10h_train_c10: 0.2987 (acc: 0.8946) | c10h_val_c10: 0.8140 (acc: 0.7960)
[2018/09/25 13:22:47 __main__ INFO] - -            v4            : 1.2389 (acc: 0.6650) |           v6: 1.3507 (acc: 0.6680)
[2018/09/25 13:22:47 __main__ INFO] - -            c10_50k       : 0.7738 (acc: 0.7779)
[2018/09/25 13:22:47 __main__ INFO] - Elapsed 48.45
keys:  dict_keys(['epoch', 'c10h_train_loss', 'c10h_train_acc', 'c10h_val_loss', 'c10h_val_acc', 'c10h_train_c10_loss', 'c10h_train_c10_acc', 'c10h_val_c10_loss', 'c10h_val_c10_acc', 'v4_loss', 'v4_acc', 'v6_loss', 'v6_acc', 'c10_50k_loss', 'c10_50k_acc']) 
 c10h_outdir:  /tigress/ruairidh/model_results/run_1/saves/wrn_28_10/con_True_lr_0.1_seed_1
[2018/09/25 13:22:49 __main__ INFO] - Train 39
[2018/09/25 13:23:08 __main__ INFO] - TEST 39
[2018/09/25 13:23:57 __main__ INFO] - - epoch 39    c10h_train    : 0.6922 (acc: 0.8397) | c10h_val    : 1.0712 (acc: 0.7570)
[2018/09/25 13:23:57 __main__ INFO] - -            c10h_train_c10: 0.4623 (acc: 0.8437) | c10h_val_c10: 0.8635 (acc: 0.7590)
[2018/09/25 13:23:57 __main__ INFO] - -            v4            : 1.5216 (acc: 0.6002) |           v6: 1.5446 (acc: 0.6125)
[2018/09/25 13:23:57 __main__ INFO] - -            c10_50k       : 0.9068 (acc: 0.7325)
[2018/09/25 13:23:57 __main__ INFO] - Elapsed 48.45
keys:  dict_keys(['epoch', 'c10h_train_loss', 'c10h_train_acc', 'c10h_val_loss', 'c10h_val_acc', 'c10h_train_c10_loss', 'c10h_train_c10_acc', 'c10h_val_c10_loss', 'c10h_val_c10_acc', 'v4_loss', 'v4_acc', 'v6_loss', 'v6_acc', 'c10_50k_loss', 'c10_50k_acc']) 
 c10h_outdir:  /tigress/ruairidh/model_results/run_1/saves/wrn_28_10/con_True_lr_0.1_seed_1
[2018/09/25 13:23:59 __main__ INFO] - Train 40
[2018/09/25 13:24:18 __main__ INFO] - TEST 40
[2018/09/25 13:25:07 __main__ INFO] - - epoch 40    c10h_train    : 0.5533 (acc: 0.8802) | c10h_val    : 1.0576 (acc: 0.7700)
[2018/09/25 13:25:07 __main__ INFO] - -            c10h_train_c10: 0.3102 (acc: 0.8852) | c10h_val_c10: 0.8562 (acc: 0.7730)
[2018/09/25 13:25:07 __main__ INFO] - -            v4            : 1.2898 (acc: 0.6393) |           v6: 1.3173 (acc: 0.6560)
[2018/09/25 13:25:07 __main__ INFO] - -            c10_50k       : 0.7878 (acc: 0.7641)
[2018/09/25 13:25:07 __main__ INFO] - Elapsed 48.43
keys:  dict_keys(['epoch', 'c10h_train_loss', 'c10h_train_acc', 'c10h_val_loss', 'c10h_val_acc', 'c10h_train_c10_loss', 'c10h_train_c10_acc', 'c10h_val_c10_loss', 'c10h_val_c10_acc', 'v4_loss', 'v4_acc', 'v6_loss', 'v6_acc', 'c10_50k_loss', 'c10_50k_acc']) 
 c10h_outdir:  /tigress/ruairidh/model_results/run_1/saves/wrn_28_10/con_True_lr_0.1_seed_1
[2018/09/25 13:25:09 __main__ INFO] - Train 41
[2018/09/25 13:25:28 __main__ INFO] - TEST 41
[2018/09/25 13:26:17 __main__ INFO] - - epoch 41    c10h_train    : 1.5384 (acc: 0.6771) | c10h_val    : 2.6071 (acc: 0.5710)
[2018/09/25 13:26:17 __main__ INFO] - -            c10h_train_c10: 1.2889 (acc: 0.6794) | c10h_val_c10: 2.3855 (acc: 0.5750)
[2018/09/25 13:26:17 __main__ INFO] - -            v4            : 2.6788 (acc: 0.4844) |           v6: 3.3471 (acc: 0.4545)
[2018/09/25 13:26:17 __main__ INFO] - -            c10_50k       : 1.9213 (acc: 0.5970)
[2018/09/25 13:26:17 __main__ INFO] - Elapsed 48.35
keys:  dict_keys(['epoch', 'c10h_train_loss', 'c10h_train_acc', 'c10h_val_loss', 'c10h_val_acc', 'c10h_train_c10_loss', 'c10h_train_c10_acc', 'c10h_val_c10_loss', 'c10h_val_c10_acc', 'v4_loss', 'v4_acc', 'v6_loss', 'v6_acc', 'c10_50k_loss', 'c10_50k_acc']) 
 c10h_outdir:  /tigress/ruairidh/model_results/run_1/saves/wrn_28_10/con_True_lr_0.1_seed_1
[2018/09/25 13:26:19 __main__ INFO] - Train 42
[2018/09/25 13:26:38 __main__ INFO] - TEST 42
[2018/09/25 13:27:26 __main__ INFO] - - epoch 42    c10h_train    : 0.5768 (acc: 0.8768) | c10h_val    : 1.0143 (acc: 0.7830)
[2018/09/25 13:27:27 __main__ INFO] - -            c10h_train_c10: 0.3285 (acc: 0.8809) | c10h_val_c10: 0.8131 (acc: 0.7850)
[2018/09/25 13:27:27 __main__ INFO] - -            v4            : 1.3434 (acc: 0.6403) |           v6: 1.3844 (acc: 0.6515)
[2018/09/25 13:27:27 __main__ INFO] - -            c10_50k       : 0.7624 (acc: 0.7743)
[2018/09/25 13:27:27 __main__ INFO] - Elapsed 48.38
keys:  dict_keys(['epoch', 'c10h_train_loss', 'c10h_train_acc', 'c10h_val_loss', 'c10h_val_acc', 'c10h_train_c10_loss', 'c10h_train_c10_acc', 'c10h_val_c10_loss', 'c10h_val_c10_acc', 'v4_loss', 'v4_acc', 'v6_loss', 'v6_acc', 'c10_50k_loss', 'c10_50k_acc']) 
 c10h_outdir:  /tigress/ruairidh/model_results/run_1/saves/wrn_28_10/con_True_lr_0.1_seed_1
[2018/09/25 13:27:29 __main__ INFO] - Train 43
[2018/09/25 13:27:48 __main__ INFO] - TEST 43
[2018/09/25 13:28:37 __main__ INFO] - - epoch 43    c10h_train    : 0.4635 (acc: 0.9221) | c10h_val    : 1.0169 (acc: 0.7870)
[2018/09/25 13:28:37 __main__ INFO] - -            c10h_train_c10: 0.1945 (acc: 0.9276) | c10h_val_c10: 0.8046 (acc: 0.7880)
[2018/09/25 13:28:37 __main__ INFO] - -            v4            : 1.1953 (acc: 0.6719) |           v6: 1.2736 (acc: 0.6650)
[2018/09/25 13:28:37 __main__ INFO] - -            c10_50k       : 0.6712 (acc: 0.7992)
[2018/09/25 13:28:37 __main__ INFO] - Elapsed 48.44
keys:  dict_keys(['epoch', 'c10h_train_loss', 'c10h_train_acc', 'c10h_val_loss', 'c10h_val_acc', 'c10h_train_c10_loss', 'c10h_train_c10_acc', 'c10h_val_c10_loss', 'c10h_val_c10_acc', 'v4_loss', 'v4_acc', 'v6_loss', 'v6_acc', 'c10_50k_loss', 'c10_50k_acc']) 
 c10h_outdir:  /tigress/ruairidh/model_results/run_1/saves/wrn_28_10/con_True_lr_0.1_seed_1
[2018/09/25 13:28:39 __main__ INFO] - Train 44
[2018/09/25 13:28:59 __main__ INFO] - TEST 44
[2018/09/25 13:29:48 __main__ INFO] - - epoch 44    c10h_train    : 0.5503 (acc: 0.8796) | c10h_val    : 1.0303 (acc: 0.7690)
[2018/09/25 13:29:48 __main__ INFO] - -            c10h_train_c10: 0.3141 (acc: 0.8844) | c10h_val_c10: 0.8458 (acc: 0.7690)
[2018/09/25 13:29:48 __main__ INFO] - -            v4            : 1.3952 (acc: 0.6299) |           v6: 1.4858 (acc: 0.6295)
[2018/09/25 13:29:48 __main__ INFO] - -            c10_50k       : 0.8274 (acc: 0.7615)
[2018/09/25 13:29:48 __main__ INFO] - Elapsed 48.89
keys:  dict_keys(['epoch', 'c10h_train_loss', 'c10h_train_acc', 'c10h_val_loss', 'c10h_val_acc', 'c10h_train_c10_loss', 'c10h_train_c10_acc', 'c10h_val_c10_loss', 'c10h_val_c10_acc', 'v4_loss', 'v4_acc', 'v6_loss', 'v6_acc', 'c10_50k_loss', 'c10_50k_acc']) 
 c10h_outdir:  /tigress/ruairidh/model_results/run_1/saves/wrn_28_10/con_True_lr_0.1_seed_1
[2018/09/25 13:29:48 __main__ INFO] - Train 45
[2018/09/25 13:30:08 __main__ INFO] - TEST 45
[2018/09/25 13:30:56 __main__ INFO] - - epoch 45    c10h_train    : 0.8987 (acc: 0.7924) | c10h_val    : 1.5386 (acc: 0.6990)
[2018/09/25 13:30:56 __main__ INFO] - -            c10h_train_c10: 0.6591 (acc: 0.7978) | c10h_val_c10: 1.3499 (acc: 0.7000)
[2018/09/25 13:30:56 __main__ INFO] - -            v4            : 1.7606 (acc: 0.5834) |           v6: 1.9423 (acc: 0.5770)
[2018/09/25 13:30:56 __main__ INFO] - -            c10_50k       : 1.2378 (acc: 0.6907)
[2018/09/25 13:30:56 __main__ INFO] - Elapsed 48.21
keys:  dict_keys(['epoch', 'c10h_train_loss', 'c10h_train_acc', 'c10h_val_loss', 'c10h_val_acc', 'c10h_train_c10_loss', 'c10h_train_c10_acc', 'c10h_val_c10_loss', 'c10h_val_c10_acc', 'v4_loss', 'v4_acc', 'v6_loss', 'v6_acc', 'c10_50k_loss', 'c10_50k_acc']) 
 c10h_outdir:  /tigress/ruairidh/model_results/run_1/saves/wrn_28_10/con_True_lr_0.1_seed_1
[2018/09/25 13:31:00 __main__ INFO] - Train 46
[2018/09/25 13:31:19 __main__ INFO] - TEST 46
[2018/09/25 13:32:08 __main__ INFO] - - epoch 46    c10h_train    : 0.5071 (acc: 0.9073) | c10h_val    : 0.9812 (acc: 0.7850)
[2018/09/25 13:32:08 __main__ INFO] - -            c10h_train_c10: 0.2412 (acc: 0.9126) | c10h_val_c10: 0.7868 (acc: 0.7870)
[2018/09/25 13:32:08 __main__ INFO] - -            v4            : 1.3060 (acc: 0.6517) |           v6: 1.3434 (acc: 0.6685)
[2018/09/25 13:32:08 __main__ INFO] - -            c10_50k       : 0.7798 (acc: 0.7781)
[2018/09/25 13:32:08 __main__ INFO] - Elapsed 48.50
keys:  dict_keys(['epoch', 'c10h_train_loss', 'c10h_train_acc', 'c10h_val_loss', 'c10h_val_acc', 'c10h_train_c10_loss', 'c10h_train_c10_acc', 'c10h_val_c10_loss', 'c10h_val_c10_acc', 'v4_loss', 'v4_acc', 'v6_loss', 'v6_acc', 'c10_50k_loss', 'c10_50k_acc']) 
 c10h_outdir:  /tigress/ruairidh/model_results/run_1/saves/wrn_28_10/con_True_lr_0.1_seed_1
[2018/09/25 13:32:10 __main__ INFO] - Train 47
[2018/09/25 13:32:30 __main__ INFO] - TEST 47
[2018/09/25 13:33:19 __main__ INFO] - - epoch 47    c10h_train    : 0.6220 (acc: 0.8711) | c10h_val    : 1.1390 (acc: 0.7660)
[2018/09/25 13:33:19 __main__ INFO] - -            c10h_train_c10: 0.3621 (acc: 0.8758) | c10h_val_c10: 0.9311 (acc: 0.7660)
[2018/09/25 13:33:19 __main__ INFO] - -            v4            : 1.4038 (acc: 0.6329) |           v6: 1.5256 (acc: 0.6285)
[2018/09/25 13:33:19 __main__ INFO] - -            c10_50k       : 0.8958 (acc: 0.7497)
[2018/09/25 13:33:19 __main__ INFO] - Elapsed 48.62
keys:  dict_keys(['epoch', 'c10h_train_loss', 'c10h_train_acc', 'c10h_val_loss', 'c10h_val_acc', 'c10h_train_c10_loss', 'c10h_train_c10_acc', 'c10h_val_c10_loss', 'c10h_val_c10_acc', 'v4_loss', 'v4_acc', 'v6_loss', 'v6_acc', 'c10_50k_loss', 'c10_50k_acc']) 
 c10h_outdir:  /tigress/ruairidh/model_results/run_1/saves/wrn_28_10/con_True_lr_0.1_seed_1
[2018/09/25 13:33:20 __main__ INFO] - Train 48
[2018/09/25 13:33:39 __main__ INFO] - TEST 48
[2018/09/25 13:34:28 __main__ INFO] - - epoch 48    c10h_train    : 0.5610 (acc: 0.8896) | c10h_val    : 1.1963 (acc: 0.7440)
[2018/09/25 13:34:28 __main__ INFO] - -            c10h_train_c10: 0.2874 (acc: 0.8949) | c10h_val_c10: 0.9919 (acc: 0.7450)
[2018/09/25 13:34:28 __main__ INFO] - -            v4            : 1.3961 (acc: 0.6338) |           v6: 1.5551 (acc: 0.6320)
[2018/09/25 13:34:28 __main__ INFO] - -            c10_50k       : 0.8718 (acc: 0.7561)
[2018/09/25 13:34:28 __main__ INFO] - Elapsed 48.52
keys:  dict_keys(['epoch', 'c10h_train_loss', 'c10h_train_acc', 'c10h_val_loss', 'c10h_val_acc', 'c10h_train_c10_loss', 'c10h_train_c10_acc', 'c10h_val_c10_loss', 'c10h_val_c10_acc', 'v4_loss', 'v4_acc', 'v6_loss', 'v6_acc', 'c10_50k_loss', 'c10_50k_acc']) 
 c10h_outdir:  /tigress/ruairidh/model_results/run_1/saves/wrn_28_10/con_True_lr_0.1_seed_1
[2018/09/25 13:34:30 __main__ INFO] - Train 49
[2018/09/25 13:34:50 __main__ INFO] - TEST 49
[2018/09/25 13:35:38 __main__ INFO] - - epoch 49    c10h_train    : 0.6356 (acc: 0.8688) | c10h_val    : 1.2057 (acc: 0.7710)
[2018/09/25 13:35:38 __main__ INFO] - -            c10h_train_c10: 0.3659 (acc: 0.8721) | c10h_val_c10: 0.9941 (acc: 0.7710)
[2018/09/25 13:35:38 __main__ INFO] - -            v4            : 1.5766 (acc: 0.6071) |           v6: 1.7662 (acc: 0.6075)
[2018/09/25 13:35:38 __main__ INFO] - -            c10_50k       : 0.9145 (acc: 0.7527)
[2018/09/25 13:35:38 __main__ INFO] - Elapsed 48.43
keys:  dict_keys(['epoch', 'c10h_train_loss', 'c10h_train_acc', 'c10h_val_loss', 'c10h_val_acc', 'c10h_train_c10_loss', 'c10h_train_c10_acc', 'c10h_val_c10_loss', 'c10h_val_c10_acc', 'v4_loss', 'v4_acc', 'v6_loss', 'v6_acc', 'c10_50k_loss', 'c10_50k_acc']) 
 c10h_outdir:  /tigress/ruairidh/model_results/run_1/saves/wrn_28_10/con_True_lr_0.1_seed_1
[2018/09/25 13:35:40 __main__ INFO] - Train 50
[2018/09/25 13:36:00 __main__ INFO] - TEST 50
[2018/09/25 13:36:49 __main__ INFO] - - epoch 50    c10h_train    : 0.4468 (acc: 0.9294) | c10h_val    : 0.8854 (acc: 0.8140)
[2018/09/25 13:36:49 __main__ INFO] - -            c10h_train_c10: 0.1817 (acc: 0.9358) | c10h_val_c10: 0.6693 (acc: 0.8150)
[2018/09/25 13:36:49 __main__ INFO] - -            v4            : 1.1341 (acc: 0.6660) |           v6: 1.1834 (acc: 0.6775)
[2018/09/25 13:36:49 __main__ INFO] - -            c10_50k       : 0.6491 (acc: 0.7998)
[2018/09/25 13:36:49 __main__ INFO] - Elapsed 48.83
keys:  dict_keys(['epoch', 'c10h_train_loss', 'c10h_train_acc', 'c10h_val_loss', 'c10h_val_acc', 'c10h_train_c10_loss', 'c10h_train_c10_acc', 'c10h_val_c10_loss', 'c10h_val_c10_acc', 'v4_loss', 'v4_acc', 'v6_loss', 'v6_acc', 'c10_50k_loss', 'c10_50k_acc']) 
 c10h_outdir:  /tigress/ruairidh/model_results/run_1/saves/wrn_28_10/con_True_lr_0.1_seed_1
[2018/09/25 13:36:51 __main__ INFO] - Train 51
[2018/09/25 13:37:10 __main__ INFO] - TEST 51
[2018/09/25 13:37:59 __main__ INFO] - - epoch 51    c10h_train    : 0.5697 (acc: 0.8964) | c10h_val    : 1.0185 (acc: 0.7900)
[2018/09/25 13:37:59 __main__ INFO] - -            c10h_train_c10: 0.2748 (acc: 0.9014) | c10h_val_c10: 0.7977 (acc: 0.7930)
[2018/09/25 13:37:59 __main__ INFO] - -            v4            : 1.2712 (acc: 0.6690) |           v6: 1.3512 (acc: 0.6795)
[2018/09/25 13:37:59 __main__ INFO] - -            c10_50k       : 0.7813 (acc: 0.7801)
[2018/09/25 13:37:59 __main__ INFO] - Elapsed 48.63
keys:  dict_keys(['epoch', 'c10h_train_loss', 'c10h_train_acc', 'c10h_val_loss', 'c10h_val_acc', 'c10h_train_c10_loss', 'c10h_train_c10_acc', 'c10h_val_c10_loss', 'c10h_val_c10_acc', 'v4_loss', 'v4_acc', 'v6_loss', 'v6_acc', 'c10_50k_loss', 'c10_50k_acc']) 
 c10h_outdir:  /tigress/ruairidh/model_results/run_1/saves/wrn_28_10/con_True_lr_0.1_seed_1
[2018/09/25 13:38:02 __main__ INFO] - Train 52
[2018/09/25 13:38:21 __main__ INFO] - TEST 52
[2018/09/25 13:39:10 __main__ INFO] - - epoch 52    c10h_train    : 0.6657 (acc: 0.8478) | c10h_val    : 1.1736 (acc: 0.7470)
[2018/09/25 13:39:10 __main__ INFO] - -            c10h_train_c10: 0.4171 (acc: 0.8529) | c10h_val_c10: 0.9889 (acc: 0.7500)
[2018/09/25 13:39:10 __main__ INFO] - -            v4            : 1.5166 (acc: 0.6145) |           v6: 1.6312 (acc: 0.6210)
[2018/09/25 13:39:10 __main__ INFO] - -            c10_50k       : 0.9679 (acc: 0.7280)
[2018/09/25 13:39:10 __main__ INFO] - Elapsed 48.40
keys:  dict_keys(['epoch', 'c10h_train_loss', 'c10h_train_acc', 'c10h_val_loss', 'c10h_val_acc', 'c10h_train_c10_loss', 'c10h_train_c10_acc', 'c10h_val_c10_loss', 'c10h_val_c10_acc', 'v4_loss', 'v4_acc', 'v6_loss', 'v6_acc', 'c10_50k_loss', 'c10_50k_acc']) 
 c10h_outdir:  /tigress/ruairidh/model_results/run_1/saves/wrn_28_10/con_True_lr_0.1_seed_1
[2018/09/25 13:39:11 __main__ INFO] - Train 53
[2018/09/25 13:39:30 __main__ INFO] - TEST 53
[2018/09/25 13:40:19 __main__ INFO] - - epoch 53    c10h_train    : 0.8558 (acc: 0.8249) | c10h_val    : 1.5446 (acc: 0.7130)
[2018/09/25 13:40:19 __main__ INFO] - -            c10h_train_c10: 0.5836 (acc: 0.8300) | c10h_val_c10: 1.3194 (acc: 0.7140)
[2018/09/25 13:40:19 __main__ INFO] - -            v4            : 1.9198 (acc: 0.5814) |           v6: 2.2487 (acc: 0.5800)
[2018/09/25 13:40:19 __main__ INFO] - -            c10_50k       : 1.1969 (acc: 0.7105)
[2018/09/25 13:40:19 __main__ INFO] - Elapsed 48.56
keys:  dict_keys(['epoch', 'c10h_train_loss', 'c10h_train_acc', 'c10h_val_loss', 'c10h_val_acc', 'c10h_train_c10_loss', 'c10h_train_c10_acc', 'c10h_val_c10_loss', 'c10h_val_c10_acc', 'v4_loss', 'v4_acc', 'v6_loss', 'v6_acc', 'c10_50k_loss', 'c10_50k_acc']) 
 c10h_outdir:  /tigress/ruairidh/model_results/run_1/saves/wrn_28_10/con_True_lr_0.1_seed_1
[2018/09/25 13:40:21 __main__ INFO] - Train 54
[2018/09/25 13:40:41 __main__ INFO] - TEST 54
[2018/09/25 13:41:29 __main__ INFO] - - epoch 54    c10h_train    : 0.6619 (acc: 0.8707) | c10h_val    : 1.2582 (acc: 0.7510)
[2018/09/25 13:41:29 __main__ INFO] - -            c10h_train_c10: 0.3782 (acc: 0.8762) | c10h_val_c10: 1.0415 (acc: 0.7540)
[2018/09/25 13:41:29 __main__ INFO] - -            v4            : 1.6481 (acc: 0.6111) |           v6: 1.7461 (acc: 0.6240)
[2018/09/25 13:41:29 __main__ INFO] - -            c10_50k       : 0.9622 (acc: 0.7495)
[2018/09/25 13:41:29 __main__ INFO] - Elapsed 48.30
keys:  dict_keys(['epoch', 'c10h_train_loss', 'c10h_train_acc', 'c10h_val_loss', 'c10h_val_acc', 'c10h_train_c10_loss', 'c10h_train_c10_acc', 'c10h_val_c10_loss', 'c10h_val_c10_acc', 'v4_loss', 'v4_acc', 'v6_loss', 'v6_acc', 'c10_50k_loss', 'c10_50k_acc']) 
 c10h_outdir:  /tigress/ruairidh/model_results/run_1/saves/wrn_28_10/con_True_lr_0.1_seed_1
[2018/09/25 13:41:29 __main__ INFO] - Train 55
[2018/09/25 13:41:49 __main__ INFO] - TEST 55
[2018/09/25 13:42:37 __main__ INFO] - - epoch 55    c10h_train    : 0.9225 (acc: 0.7782) | c10h_val    : 1.4972 (acc: 0.6810)
[2018/09/25 13:42:37 __main__ INFO] - -            c10h_train_c10: 0.6794 (acc: 0.7817) | c10h_val_c10: 1.3051 (acc: 0.6830)
[2018/09/25 13:42:37 __main__ INFO] - -            v4            : 1.8674 (acc: 0.5586) |           v6: 2.0640 (acc: 0.5670)
[2018/09/25 13:42:37 __main__ INFO] - -            c10_50k       : 1.2588 (acc: 0.6724)
[2018/09/25 13:42:37 __main__ INFO] - Elapsed 48.35
keys:  dict_keys(['epoch', 'c10h_train_loss', 'c10h_train_acc', 'c10h_val_loss', 'c10h_val_acc', 'c10h_train_c10_loss', 'c10h_train_c10_acc', 'c10h_val_c10_loss', 'c10h_val_c10_acc', 'v4_loss', 'v4_acc', 'v6_loss', 'v6_acc', 'c10_50k_loss', 'c10_50k_acc']) 
 c10h_outdir:  /tigress/ruairidh/model_results/run_1/saves/wrn_28_10/con_True_lr_0.1_seed_1
[2018/09/25 13:42:38 __main__ INFO] - Train 56
[2018/09/25 13:42:57 __main__ INFO] - TEST 56
[2018/09/25 13:43:46 __main__ INFO] - - epoch 56    c10h_train    : 0.5574 (acc: 0.9004) | c10h_val    : 1.0298 (acc: 0.7820)
[2018/09/25 13:43:46 __main__ INFO] - -            c10h_train_c10: 0.2679 (acc: 0.9058) | c10h_val_c10: 0.8289 (acc: 0.7810)
[2018/09/25 13:43:46 __main__ INFO] - -            v4            : 1.3833 (acc: 0.6442) |           v6: 1.4927 (acc: 0.6460)
[2018/09/25 13:43:46 __main__ INFO] - -            c10_50k       : 0.8382 (acc: 0.7651)
[2018/09/25 13:43:46 __main__ INFO] - Elapsed 48.44
keys:  dict_keys(['epoch', 'c10h_train_loss', 'c10h_train_acc', 'c10h_val_loss', 'c10h_val_acc', 'c10h_train_c10_loss', 'c10h_train_c10_acc', 'c10h_val_c10_loss', 'c10h_val_c10_acc', 'v4_loss', 'v4_acc', 'v6_loss', 'v6_acc', 'c10_50k_loss', 'c10_50k_acc']) 
 c10h_outdir:  /tigress/ruairidh/model_results/run_1/saves/wrn_28_10/con_True_lr_0.1_seed_1
[2018/09/25 13:43:47 __main__ INFO] - Train 57
[2018/09/25 13:44:07 __main__ INFO] - TEST 57
[2018/09/25 13:44:55 __main__ INFO] - - epoch 57    c10h_train    : 0.6389 (acc: 0.8697) | c10h_val    : 1.1210 (acc: 0.7680)
[2018/09/25 13:44:55 __main__ INFO] - -            c10h_train_c10: 0.3668 (acc: 0.8736) | c10h_val_c10: 0.9266 (acc: 0.7670)
[2018/09/25 13:44:55 __main__ INFO] - -            v4            : 1.4298 (acc: 0.6398) |           v6: 1.5554 (acc: 0.6415)
[2018/09/25 13:44:55 __main__ INFO] - -            c10_50k       : 0.9110 (acc: 0.7546)
[2018/09/25 13:44:55 __main__ INFO] - Elapsed 48.09
keys:  dict_keys(['epoch', 'c10h_train_loss', 'c10h_train_acc', 'c10h_val_loss', 'c10h_val_acc', 'c10h_train_c10_loss', 'c10h_train_c10_acc', 'c10h_val_c10_loss', 'c10h_val_c10_acc', 'v4_loss', 'v4_acc', 'v6_loss', 'v6_acc', 'c10_50k_loss', 'c10_50k_acc']) 
 c10h_outdir:  /tigress/ruairidh/model_results/run_1/saves/wrn_28_10/con_True_lr_0.1_seed_1
[2018/09/25 13:44:55 __main__ INFO] - Train 58
[2018/09/25 13:45:15 __main__ INFO] - TEST 58
[2018/09/25 13:46:03 __main__ INFO] - - epoch 58    c10h_train    : 0.6788 (acc: 0.8711) | c10h_val    : 1.3640 (acc: 0.7470)
[2018/09/25 13:46:03 __main__ INFO] - -            c10h_train_c10: 0.3614 (acc: 0.8760) | c10h_val_c10: 1.1050 (acc: 0.7520)
[2018/09/25 13:46:03 __main__ INFO] - -            v4            : 1.6531 (acc: 0.6175) |           v6: 1.8502 (acc: 0.6130)
[2018/09/25 13:46:03 __main__ INFO] - -            c10_50k       : 0.9934 (acc: 0.7446)
[2018/09/25 13:46:03 __main__ INFO] - Elapsed 48.23
keys:  dict_keys(['epoch', 'c10h_train_loss', 'c10h_train_acc', 'c10h_val_loss', 'c10h_val_acc', 'c10h_train_c10_loss', 'c10h_train_c10_acc', 'c10h_val_c10_loss', 'c10h_val_c10_acc', 'v4_loss', 'v4_acc', 'v6_loss', 'v6_acc', 'c10_50k_loss', 'c10_50k_acc']) 
 c10h_outdir:  /tigress/ruairidh/model_results/run_1/saves/wrn_28_10/con_True_lr_0.1_seed_1
[2018/09/25 13:46:06 __main__ INFO] - Train 59
[2018/09/25 13:46:25 __main__ INFO] - TEST 59
[2018/09/25 13:47:14 __main__ INFO] - - epoch 59    c10h_train    : 0.4892 (acc: 0.9212) | c10h_val    : 0.9118 (acc: 0.8140)
[2018/09/25 13:47:14 __main__ INFO] - -            c10h_train_c10: 0.1966 (acc: 0.9264) | c10h_val_c10: 0.6796 (acc: 0.8150)
[2018/09/25 13:47:14 __main__ INFO] - -            v4            : 1.1534 (acc: 0.6843) |           v6: 1.2630 (acc: 0.6800)
[2018/09/25 13:47:14 __main__ INFO] - -            c10_50k       : 0.7063 (acc: 0.7977)
[2018/09/25 13:47:14 __main__ INFO] - Elapsed 48.49
keys:  dict_keys(['epoch', 'c10h_train_loss', 'c10h_train_acc', 'c10h_val_loss', 'c10h_val_acc', 'c10h_train_c10_loss', 'c10h_train_c10_acc', 'c10h_val_c10_loss', 'c10h_val_c10_acc', 'v4_loss', 'v4_acc', 'v6_loss', 'v6_acc', 'c10_50k_loss', 'c10_50k_acc']) 
 c10h_outdir:  /tigress/ruairidh/model_results/run_1/saves/wrn_28_10/con_True_lr_0.1_seed_1
[2018/09/25 13:47:15 __main__ INFO] - Train 60
[2018/09/25 13:47:35 __main__ INFO] - TEST 60
[2018/09/25 13:48:23 __main__ INFO] - - epoch 60    c10h_train    : 0.7773 (acc: 0.8289) | c10h_val    : 1.3552 (acc: 0.7260)
[2018/09/25 13:48:23 __main__ INFO] - -            c10h_train_c10: 0.5057 (acc: 0.8336) | c10h_val_c10: 1.1383 (acc: 0.7270)
[2018/09/25 13:48:23 __main__ INFO] - -            v4            : 1.7087 (acc: 0.5972) |           v6: 1.9172 (acc: 0.5915)
[2018/09/25 13:48:23 __main__ INFO] - -            c10_50k       : 1.1075 (acc: 0.7167)
[2018/09/25 13:48:23 __main__ INFO] - Elapsed 48.14
keys:  dict_keys(['epoch', 'c10h_train_loss', 'c10h_train_acc', 'c10h_val_loss', 'c10h_val_acc', 'c10h_train_c10_loss', 'c10h_train_c10_acc', 'c10h_val_c10_loss', 'c10h_val_c10_acc', 'v4_loss', 'v4_acc', 'v6_loss', 'v6_acc', 'c10_50k_loss', 'c10_50k_acc']) 
 c10h_outdir:  /tigress/ruairidh/model_results/run_1/saves/wrn_28_10/con_True_lr_0.1_seed_1
[2018/09/25 13:48:26 __main__ INFO] - Train 61
[2018/09/25 13:48:45 __main__ INFO] - TEST 61
[2018/09/25 13:49:33 __main__ INFO] - - epoch 61    c10h_train    : 0.3829 (acc: 0.9816) | c10h_val    : 0.7914 (acc: 0.8570)
[2018/09/25 13:49:33 __main__ INFO] - -            c10h_train_c10: 0.0286 (acc: 0.9894) | c10h_val_c10: 0.5469 (acc: 0.8570)
[2018/09/25 13:49:33 __main__ INFO] - -            v4            : 0.9182 (acc: 0.7516) |           v6: 1.0072 (acc: 0.7460)
[2018/09/25 13:49:33 __main__ INFO] - -            c10_50k       : 0.5059 (acc: 0.8506)
[2018/09/25 13:49:33 __main__ INFO] - Elapsed 48.07
keys:  dict_keys(['epoch', 'c10h_train_loss', 'c10h_train_acc', 'c10h_val_loss', 'c10h_val_acc', 'c10h_train_c10_loss', 'c10h_train_c10_acc', 'c10h_val_c10_loss', 'c10h_val_c10_acc', 'v4_loss', 'v4_acc', 'v6_loss', 'v6_acc', 'c10_50k_loss', 'c10_50k_acc']) 
 c10h_outdir:  /tigress/ruairidh/model_results/run_1/saves/wrn_28_10/con_True_lr_0.1_seed_1
[2018/09/25 13:49:34 __main__ INFO] - Train 62
[2018/09/25 13:49:53 __main__ INFO] - TEST 62
[2018/09/25 13:50:42 __main__ INFO] - - epoch 62    c10h_train    : 0.4043 (acc: 0.9849) | c10h_val    : 0.8183 (acc: 0.8510)
[2018/09/25 13:50:42 __main__ INFO] - -            c10h_train_c10: 0.0182 (acc: 0.9927) | c10h_val_c10: 0.5544 (acc: 0.8510)
[2018/09/25 13:50:42 __main__ INFO] - -            v4            : 0.9313 (acc: 0.7467) |           v6: 0.9748 (acc: 0.7585)
[2018/09/25 13:50:42 __main__ INFO] - -            c10_50k       : 0.4908 (acc: 0.8586)
[2018/09/25 13:50:42 __main__ INFO] - Elapsed 48.45
keys:  dict_keys(['epoch', 'c10h_train_loss', 'c10h_train_acc', 'c10h_val_loss', 'c10h_val_acc', 'c10h_train_c10_loss', 'c10h_train_c10_acc', 'c10h_val_c10_loss', 'c10h_val_c10_acc', 'v4_loss', 'v4_acc', 'v6_loss', 'v6_acc', 'c10_50k_loss', 'c10_50k_acc']) 
 c10h_outdir:  /tigress/ruairidh/model_results/run_1/saves/wrn_28_10/con_True_lr_0.1_seed_1
[2018/09/25 13:50:43 __main__ INFO] - Train 63
[2018/09/25 13:51:02 __main__ INFO] - TEST 63
[2018/09/25 13:51:51 __main__ INFO] - - epoch 63    c10h_train    : 0.4127 (acc: 0.9867) | c10h_val    : 0.8025 (acc: 0.8580)
[2018/09/25 13:51:51 __main__ INFO] - -            c10h_train_c10: 0.0122 (acc: 0.9944) | c10h_val_c10: 0.5327 (acc: 0.8580)
[2018/09/25 13:51:51 __main__ INFO] - -            v4            : 0.9204 (acc: 0.7531) |           v6: 0.9691 (acc: 0.7645)
[2018/09/25 13:51:51 __main__ INFO] - -            c10_50k       : 0.4926 (acc: 0.8591)
[2018/09/25 13:51:51 __main__ INFO] - Elapsed 48.46
keys:  dict_keys(['epoch', 'c10h_train_loss', 'c10h_train_acc', 'c10h_val_loss', 'c10h_val_acc', 'c10h_train_c10_loss', 'c10h_train_c10_acc', 'c10h_val_c10_loss', 'c10h_val_c10_acc', 'v4_loss', 'v4_acc', 'v6_loss', 'v6_acc', 'c10_50k_loss', 'c10_50k_acc']) 
 c10h_outdir:  /tigress/ruairidh/model_results/run_1/saves/wrn_28_10/con_True_lr_0.1_seed_1
[2018/09/25 13:51:53 __main__ INFO] - Train 64
[2018/09/25 13:52:13 __main__ INFO] - TEST 64
slurmstepd: error: *** JOB 1456653 ON tiger-i21g1 CANCELLED AT 2018-09-25T13:52:46 DUE TO TIME LIMIT ***
