entering inner script
activating virtual env
wrn_28_10
identifier: con_False_lr_0.01_seed_2
--arch=wrn --c10h_save_interval=2 --dataset=CIFAR10H --no_output --c10h_datasplit_seed=2 --human_tune --nonhuman_control=False --base_lr=0.01
wrn_28_10_control:False_lr:0.01_seed:2.out
entering python script
/tigress/ruairidh/model_results/run_1/wrn_28_10/model_best_state.pth
/tigress/ruairidh/model_results/run_1/saves/wrn_28_10/con_False_lr_0.01_seed_2
Using TensorFlow backend.
[2018/09/25 12:40:42 __main__ INFO] - {
  "model_config": {
    "arch": "wrn",
    "input_shape": [
      1,
      3,
      32,
      32
    ],
    "n_classes": 10,
    "base_channels": 16,
    "depth": 28,
    "widening_factor": 10,
    "drop_rate": 0
  },
  "optim_config": {
    "epochs": 200,
    "batch_size": 128,
    "optimizer": "sgd",
    "base_lr": 0.01,
    "weight_decay": 0.0005,
    "momentum": 0.9,
    "nesterov": true,
    "scheduler": "multistep",
    "milestones": [
      60,
      120,
      160
    ],
    "lr_decay": 0.2
  },
  "data_config": {
    "dataset": "CIFAR10H",
    "n_classes": 10,
    "num_workers": 7,
    "batch_size": 128,
    "use_cutout": false,
    "use_random_erasing": false,
    "use_mixup": false,
    "c10h_sample": false,
    "c10h_testsplit_percent": 0.1,
    "c10h_datasplit_seed": 2,
    "use_gpu": true
  },
  "run_config": {
    "seed": 17,
    "test_first": true,
    "gpu": "0",
    "tensorboard": false,
    "tensorboard_train_images": false,
    "tensorboard_test_images": false,
    "tensorboard_model_params": false,
    "resume": "/tigress/ruairidh/model_results/run_1/wrn_28_10/model_best_state.pth",
    "human_tune": true,
    "no_output": true,
    "test_only": false,
    "nonhuman_control": false,
    "c10h_scores_outdir": "/tigress/ruairidh/model_results/run_1/saves/wrn_28_10/con_False_lr_0.01_seed_2",
    "c10h_save_interval": "2",
    "use_gpu": true
  },
  "env_info": {
    "pytorch_version": "0.4.1",
    "cuda_version": "9.0.176",
    "cudnn_version": 7102,
    "gpu0": {
      "name": "Tesla P100-PCIE-16GB",
      "capability": "6.0"
    }
  }
}
Files already downloaded and verified
Files already downloaded and verified
Files already downloaded and verified
Files already downloaded and verified
Files already downloaded and verified
[2018/09/25 12:40:46 __main__ INFO] - Loading model...
[2018/09/25 12:40:47 __main__ INFO] - n_params: 36479194
[2018/09/25 12:40:48 __main__ INFO] - Done
=> loading checkpoint '/tigress/ruairidh/model_results/run_1/wrn_28_10/model_best_state.pth'
=> loaded checkpoint '/tigress/ruairidh/model_results/run_1/wrn_28_10/model_best_state.pth' (epoch 197)
[2018/09/25 12:40:48 __main__ INFO] - TEST 0
[2018/09/25 12:41:38 __main__ INFO] - - epoch 0    c10h_train    : 0.4530 (acc: 0.9493) | c10h_val    : 0.4780 (acc: 0.9620)
[2018/09/25 12:41:38 __main__ INFO] - -            c10h_train_c10: 0.1676 (acc: 0.9526) | c10h_val_c10: 0.1461 (acc: 0.9650)
[2018/09/25 12:41:38 __main__ INFO] - -            v4            : 0.4034 (acc: 0.8986) |           v6: 0.3818 (acc: 0.9100)
[2018/09/25 12:41:38 __main__ INFO] - -            c10_50k       : 0.0012 (acc: 1.0000)
[2018/09/25 12:41:38 __main__ INFO] - Elapsed 50.37
keys:  dict_keys(['epoch', 'c10h_train_loss', 'c10h_train_acc', 'c10h_val_loss', 'c10h_val_acc', 'c10h_train_c10_loss', 'c10h_train_c10_acc', 'c10h_val_c10_loss', 'c10h_val_c10_acc', 'v4_loss', 'v4_acc', 'v6_loss', 'v6_acc', 'c10_50k_loss', 'c10_50k_acc']) 
 c10h_outdir:  /tigress/ruairidh/model_results/run_1/saves/wrn_28_10/con_False_lr_0.01_seed_2
[2018/09/25 12:41:39 __main__ INFO] - Train 1
[2018/09/25 12:42:00 __main__ INFO] - TEST 1
[2018/09/25 12:42:48 __main__ INFO] - - epoch 1    c10h_train    : 0.3388 (acc: 0.9392) | c10h_val    : 0.3922 (acc: 0.9190)
[2018/09/25 12:42:48 __main__ INFO] - -            c10h_train_c10: 0.2011 (acc: 0.9387) | c10h_val_c10: 0.2352 (acc: 0.9230)
[2018/09/25 12:42:48 __main__ INFO] - -            v4            : 0.5003 (acc: 0.8313) |           v6: 0.4481 (acc: 0.8505)
[2018/09/25 12:42:48 __main__ INFO] - -            c10_50k       : 0.1293 (acc: 0.9721)
[2018/09/25 12:42:48 __main__ INFO] - Elapsed 48.33
keys:  dict_keys(['epoch', 'c10h_train_loss', 'c10h_train_acc', 'c10h_val_loss', 'c10h_val_acc', 'c10h_train_c10_loss', 'c10h_train_c10_acc', 'c10h_val_c10_loss', 'c10h_val_c10_acc', 'v4_loss', 'v4_acc', 'v6_loss', 'v6_acc', 'c10_50k_loss', 'c10_50k_acc']) 
 c10h_outdir:  /tigress/ruairidh/model_results/run_1/saves/wrn_28_10/con_False_lr_0.01_seed_2
[2018/09/25 12:42:49 __main__ INFO] - Train 2
[2018/09/25 12:43:08 __main__ INFO] - TEST 2
[2018/09/25 12:43:57 __main__ INFO] - - epoch 2    c10h_train    : 0.2915 (acc: 0.9574) | c10h_val    : 0.3756 (acc: 0.9410)
[2018/09/25 12:43:57 __main__ INFO] - -            c10h_train_c10: 0.1538 (acc: 0.9579) | c10h_val_c10: 0.2128 (acc: 0.9420)
[2018/09/25 12:43:57 __main__ INFO] - -            v4            : 0.4586 (acc: 0.8535) |           v6: 0.4214 (acc: 0.8650)
[2018/09/25 12:43:57 __main__ INFO] - -            c10_50k       : 0.1099 (acc: 0.9788)
[2018/09/25 12:43:57 __main__ INFO] - Elapsed 48.24
keys:  dict_keys(['epoch', 'c10h_train_loss', 'c10h_train_acc', 'c10h_val_loss', 'c10h_val_acc', 'c10h_train_c10_loss', 'c10h_train_c10_acc', 'c10h_val_c10_loss', 'c10h_val_c10_acc', 'v4_loss', 'v4_acc', 'v6_loss', 'v6_acc', 'c10_50k_loss', 'c10_50k_acc']) 
 c10h_outdir:  /tigress/ruairidh/model_results/run_1/saves/wrn_28_10/con_False_lr_0.01_seed_2
[2018/09/25 12:43:57 __main__ INFO] - Train 3
[2018/09/25 12:44:17 __main__ INFO] - TEST 3
[2018/09/25 12:45:05 __main__ INFO] - - epoch 3    c10h_train    : 0.2542 (acc: 0.9713) | c10h_val    : 0.3624 (acc: 0.9340)
[2018/09/25 12:45:05 __main__ INFO] - -            c10h_train_c10: 0.1027 (acc: 0.9713) | c10h_val_c10: 0.1929 (acc: 0.9370)
[2018/09/25 12:45:05 __main__ INFO] - -            v4            : 0.4195 (acc: 0.8679) |           v6: 0.3764 (acc: 0.8770)
[2018/09/25 12:45:05 __main__ INFO] - -            c10_50k       : 0.0808 (acc: 0.9861)
[2018/09/25 12:45:05 __main__ INFO] - Elapsed 48.39
keys:  dict_keys(['epoch', 'c10h_train_loss', 'c10h_train_acc', 'c10h_val_loss', 'c10h_val_acc', 'c10h_train_c10_loss', 'c10h_train_c10_acc', 'c10h_val_c10_loss', 'c10h_val_c10_acc', 'v4_loss', 'v4_acc', 'v6_loss', 'v6_acc', 'c10_50k_loss', 'c10_50k_acc']) 
 c10h_outdir:  /tigress/ruairidh/model_results/run_1/saves/wrn_28_10/con_False_lr_0.01_seed_2
[2018/09/25 12:45:08 __main__ INFO] - Train 4
[2018/09/25 12:45:28 __main__ INFO] - TEST 4
[2018/09/25 12:46:16 __main__ INFO] - - epoch 4    c10h_train    : 0.2465 (acc: 0.9763) | c10h_val    : 0.3635 (acc: 0.9370)
[2018/09/25 12:46:16 __main__ INFO] - -            c10h_train_c10: 0.1002 (acc: 0.9747) | c10h_val_c10: 0.1908 (acc: 0.9400)
[2018/09/25 12:46:16 __main__ INFO] - -            v4            : 0.4317 (acc: 0.8525) |           v6: 0.3885 (acc: 0.8720)
[2018/09/25 12:46:16 __main__ INFO] - -            c10_50k       : 0.0849 (acc: 0.9848)
[2018/09/25 12:46:16 __main__ INFO] - Elapsed 48.39
keys:  dict_keys(['epoch', 'c10h_train_loss', 'c10h_train_acc', 'c10h_val_loss', 'c10h_val_acc', 'c10h_train_c10_loss', 'c10h_train_c10_acc', 'c10h_val_c10_loss', 'c10h_val_c10_acc', 'v4_loss', 'v4_acc', 'v6_loss', 'v6_acc', 'c10_50k_loss', 'c10_50k_acc']) 
 c10h_outdir:  /tigress/ruairidh/model_results/run_1/saves/wrn_28_10/con_False_lr_0.01_seed_2
[2018/09/25 12:46:17 __main__ INFO] - Train 5
[2018/09/25 12:46:37 __main__ INFO] - TEST 5
[2018/09/25 12:47:25 __main__ INFO] - - epoch 5    c10h_train    : 0.2286 (acc: 0.9800) | c10h_val    : 0.3464 (acc: 0.9440)
[2018/09/25 12:47:25 __main__ INFO] - -            c10h_train_c10: 0.0806 (acc: 0.9793) | c10h_val_c10: 0.1805 (acc: 0.9470)
[2018/09/25 12:47:25 __main__ INFO] - -            v4            : 0.4041 (acc: 0.8723) |           v6: 0.3637 (acc: 0.8825)
[2018/09/25 12:47:25 __main__ INFO] - -            c10_50k       : 0.0730 (acc: 0.9884)
[2018/09/25 12:47:25 __main__ INFO] - Elapsed 48.20
keys:  dict_keys(['epoch', 'c10h_train_loss', 'c10h_train_acc', 'c10h_val_loss', 'c10h_val_acc', 'c10h_train_c10_loss', 'c10h_train_c10_acc', 'c10h_val_c10_loss', 'c10h_val_c10_acc', 'v4_loss', 'v4_acc', 'v6_loss', 'v6_acc', 'c10_50k_loss', 'c10_50k_acc']) 
 c10h_outdir:  /tigress/ruairidh/model_results/run_1/saves/wrn_28_10/con_False_lr_0.01_seed_2
[2018/09/25 12:47:26 __main__ INFO] - Train 6
[2018/09/25 12:47:46 __main__ INFO] - TEST 6
[2018/09/25 12:48:34 __main__ INFO] - - epoch 6    c10h_train    : 0.2221 (acc: 0.9827) | c10h_val    : 0.3441 (acc: 0.9430)
[2018/09/25 12:48:34 __main__ INFO] - -            c10h_train_c10: 0.0753 (acc: 0.9820) | c10h_val_c10: 0.1738 (acc: 0.9460)
[2018/09/25 12:48:34 __main__ INFO] - -            v4            : 0.4071 (acc: 0.8634) |           v6: 0.3741 (acc: 0.8790)
[2018/09/25 12:48:34 __main__ INFO] - -            c10_50k       : 0.0707 (acc: 0.9889)
[2018/09/25 12:48:34 __main__ INFO] - Elapsed 48.18
keys:  dict_keys(['epoch', 'c10h_train_loss', 'c10h_train_acc', 'c10h_val_loss', 'c10h_val_acc', 'c10h_train_c10_loss', 'c10h_train_c10_acc', 'c10h_val_c10_loss', 'c10h_val_c10_acc', 'v4_loss', 'v4_acc', 'v6_loss', 'v6_acc', 'c10_50k_loss', 'c10_50k_acc']) 
 c10h_outdir:  /tigress/ruairidh/model_results/run_1/saves/wrn_28_10/con_False_lr_0.01_seed_2
[2018/09/25 12:48:37 __main__ INFO] - Train 7
[2018/09/25 12:48:56 __main__ INFO] - TEST 7
[2018/09/25 12:49:44 __main__ INFO] - - epoch 7    c10h_train    : 0.2222 (acc: 0.9826) | c10h_val    : 0.3399 (acc: 0.9420)
[2018/09/25 12:49:44 __main__ INFO] - -            c10h_train_c10: 0.0802 (acc: 0.9792) | c10h_val_c10: 0.1807 (acc: 0.9450)
[2018/09/25 12:49:44 __main__ INFO] - -            v4            : 0.4219 (acc: 0.8639) |           v6: 0.3961 (acc: 0.8730)
[2018/09/25 12:49:44 __main__ INFO] - -            c10_50k       : 0.0770 (acc: 0.9875)
[2018/09/25 12:49:44 __main__ INFO] - Elapsed 48.16
keys:  dict_keys(['epoch', 'c10h_train_loss', 'c10h_train_acc', 'c10h_val_loss', 'c10h_val_acc', 'c10h_train_c10_loss', 'c10h_train_c10_acc', 'c10h_val_c10_loss', 'c10h_val_c10_acc', 'v4_loss', 'v4_acc', 'v6_loss', 'v6_acc', 'c10_50k_loss', 'c10_50k_acc']) 
 c10h_outdir:  /tigress/ruairidh/model_results/run_1/saves/wrn_28_10/con_False_lr_0.01_seed_2
[2018/09/25 12:49:45 __main__ INFO] - Train 8
[2018/09/25 12:50:05 __main__ INFO] - TEST 8
[2018/09/25 12:50:53 __main__ INFO] - - epoch 8    c10h_train    : 0.2156 (acc: 0.9849) | c10h_val    : 0.3309 (acc: 0.9480)
[2018/09/25 12:50:53 __main__ INFO] - -            c10h_train_c10: 0.0729 (acc: 0.9819) | c10h_val_c10: 0.1684 (acc: 0.9510)
[2018/09/25 12:50:53 __main__ INFO] - -            v4            : 0.3855 (acc: 0.8798) |           v6: 0.3512 (acc: 0.8850)
[2018/09/25 12:50:53 __main__ INFO] - -            c10_50k       : 0.0679 (acc: 0.9906)
[2018/09/25 12:50:53 __main__ INFO] - Elapsed 48.37
keys:  dict_keys(['epoch', 'c10h_train_loss', 'c10h_train_acc', 'c10h_val_loss', 'c10h_val_acc', 'c10h_train_c10_loss', 'c10h_train_c10_acc', 'c10h_val_c10_loss', 'c10h_val_c10_acc', 'v4_loss', 'v4_acc', 'v6_loss', 'v6_acc', 'c10_50k_loss', 'c10_50k_acc']) 
 c10h_outdir:  /tigress/ruairidh/model_results/run_1/saves/wrn_28_10/con_False_lr_0.01_seed_2
[2018/09/25 12:50:56 __main__ INFO] - Train 9
[2018/09/25 12:51:15 __main__ INFO] - TEST 9
[2018/09/25 12:52:04 __main__ INFO] - - epoch 9    c10h_train    : 0.2139 (acc: 0.9853) | c10h_val    : 0.3238 (acc: 0.9480)
[2018/09/25 12:52:04 __main__ INFO] - -            c10h_train_c10: 0.0757 (acc: 0.9813) | c10h_val_c10: 0.1657 (acc: 0.9510)
[2018/09/25 12:52:04 __main__ INFO] - -            v4            : 0.3815 (acc: 0.8817) |           v6: 0.3469 (acc: 0.8850)
[2018/09/25 12:52:04 __main__ INFO] - -            c10_50k       : 0.0694 (acc: 0.9908)
[2018/09/25 12:52:04 __main__ INFO] - Elapsed 48.39
keys:  dict_keys(['epoch', 'c10h_train_loss', 'c10h_train_acc', 'c10h_val_loss', 'c10h_val_acc', 'c10h_train_c10_loss', 'c10h_train_c10_acc', 'c10h_val_c10_loss', 'c10h_val_c10_acc', 'v4_loss', 'v4_acc', 'v6_loss', 'v6_acc', 'c10_50k_loss', 'c10_50k_acc']) 
 c10h_outdir:  /tigress/ruairidh/model_results/run_1/saves/wrn_28_10/con_False_lr_0.01_seed_2
[2018/09/25 12:52:06 __main__ INFO] - Train 10
[2018/09/25 12:52:26 __main__ INFO] - TEST 10
[2018/09/25 12:53:14 __main__ INFO] - - epoch 10    c10h_train    : 0.2112 (acc: 0.9851) | c10h_val    : 0.3273 (acc: 0.9470)
[2018/09/25 12:53:14 __main__ INFO] - -            c10h_train_c10: 0.0719 (acc: 0.9818) | c10h_val_c10: 0.1685 (acc: 0.9480)
[2018/09/25 12:53:14 __main__ INFO] - -            v4            : 0.3840 (acc: 0.8728) |           v6: 0.3689 (acc: 0.8785)
[2018/09/25 12:53:14 __main__ INFO] - -            c10_50k       : 0.0700 (acc: 0.9904)
[2018/09/25 12:53:14 __main__ INFO] - Elapsed 48.32
keys:  dict_keys(['epoch', 'c10h_train_loss', 'c10h_train_acc', 'c10h_val_loss', 'c10h_val_acc', 'c10h_train_c10_loss', 'c10h_train_c10_acc', 'c10h_val_c10_loss', 'c10h_val_c10_acc', 'v4_loss', 'v4_acc', 'v6_loss', 'v6_acc', 'c10_50k_loss', 'c10_50k_acc']) 
 c10h_outdir:  /tigress/ruairidh/model_results/run_1/saves/wrn_28_10/con_False_lr_0.01_seed_2
[2018/09/25 12:53:15 __main__ INFO] - Train 11
[2018/09/25 12:53:34 __main__ INFO] - TEST 11
[2018/09/25 12:54:22 __main__ INFO] - - epoch 11    c10h_train    : 0.2099 (acc: 0.9861) | c10h_val    : 0.3233 (acc: 0.9530)
[2018/09/25 12:54:22 __main__ INFO] - -            c10h_train_c10: 0.0635 (acc: 0.9828) | c10h_val_c10: 0.1560 (acc: 0.9520)
[2018/09/25 12:54:22 __main__ INFO] - -            v4            : 0.3780 (acc: 0.8783) |           v6: 0.3463 (acc: 0.8895)
[2018/09/25 12:54:22 __main__ INFO] - -            c10_50k       : 0.0622 (acc: 0.9913)
[2018/09/25 12:54:22 __main__ INFO] - Elapsed 48.29
keys:  dict_keys(['epoch', 'c10h_train_loss', 'c10h_train_acc', 'c10h_val_loss', 'c10h_val_acc', 'c10h_train_c10_loss', 'c10h_train_c10_acc', 'c10h_val_c10_loss', 'c10h_val_c10_acc', 'v4_loss', 'v4_acc', 'v6_loss', 'v6_acc', 'c10_50k_loss', 'c10_50k_acc']) 
 c10h_outdir:  /tigress/ruairidh/model_results/run_1/saves/wrn_28_10/con_False_lr_0.01_seed_2
[2018/09/25 12:54:24 __main__ INFO] - Train 12
[2018/09/25 12:54:44 __main__ INFO] - TEST 12
[2018/09/25 12:55:32 __main__ INFO] - - epoch 12    c10h_train    : 0.2062 (acc: 0.9849) | c10h_val    : 0.3299 (acc: 0.9450)
[2018/09/25 12:55:32 __main__ INFO] - -            c10h_train_c10: 0.0697 (acc: 0.9811) | c10h_val_c10: 0.1737 (acc: 0.9430)
[2018/09/25 12:55:32 __main__ INFO] - -            v4            : 0.3854 (acc: 0.8773) |           v6: 0.3394 (acc: 0.8920)
[2018/09/25 12:55:32 __main__ INFO] - -            c10_50k       : 0.0654 (acc: 0.9910)
[2018/09/25 12:55:32 __main__ INFO] - Elapsed 48.26
keys:  dict_keys(['epoch', 'c10h_train_loss', 'c10h_train_acc', 'c10h_val_loss', 'c10h_val_acc', 'c10h_train_c10_loss', 'c10h_train_c10_acc', 'c10h_val_c10_loss', 'c10h_val_c10_acc', 'v4_loss', 'v4_acc', 'v6_loss', 'v6_acc', 'c10_50k_loss', 'c10_50k_acc']) 
 c10h_outdir:  /tigress/ruairidh/model_results/run_1/saves/wrn_28_10/con_False_lr_0.01_seed_2
[2018/09/25 12:55:34 __main__ INFO] - Train 13
[2018/09/25 12:55:53 __main__ INFO] - TEST 13
[2018/09/25 12:56:41 __main__ INFO] - - epoch 13    c10h_train    : 0.2055 (acc: 0.9866) | c10h_val    : 0.3239 (acc: 0.9450)
[2018/09/25 12:56:41 __main__ INFO] - -            c10h_train_c10: 0.0773 (acc: 0.9819) | c10h_val_c10: 0.1772 (acc: 0.9480)
[2018/09/25 12:56:41 __main__ INFO] - -            v4            : 0.3988 (acc: 0.8694) |           v6: 0.3371 (acc: 0.8980)
[2018/09/25 12:56:41 __main__ INFO] - -            c10_50k       : 0.0742 (acc: 0.9911)
[2018/09/25 12:56:41 __main__ INFO] - Elapsed 48.01
keys:  dict_keys(['epoch', 'c10h_train_loss', 'c10h_train_acc', 'c10h_val_loss', 'c10h_val_acc', 'c10h_train_c10_loss', 'c10h_train_c10_acc', 'c10h_val_c10_loss', 'c10h_val_c10_acc', 'v4_loss', 'v4_acc', 'v6_loss', 'v6_acc', 'c10_50k_loss', 'c10_50k_acc']) 
 c10h_outdir:  /tigress/ruairidh/model_results/run_1/saves/wrn_28_10/con_False_lr_0.01_seed_2
[2018/09/25 12:56:42 __main__ INFO] - Train 14
[2018/09/25 12:57:02 __main__ INFO] - TEST 14
[2018/09/25 12:57:50 __main__ INFO] - - epoch 14    c10h_train    : 0.2029 (acc: 0.9867) | c10h_val    : 0.3178 (acc: 0.9550)
[2018/09/25 12:57:50 __main__ INFO] - -            c10h_train_c10: 0.0665 (acc: 0.9836) | c10h_val_c10: 0.1598 (acc: 0.9560)
[2018/09/25 12:57:50 __main__ INFO] - -            v4            : 0.3580 (acc: 0.8902) |           v6: 0.3244 (acc: 0.9000)
[2018/09/25 12:57:50 __main__ INFO] - -            c10_50k       : 0.0656 (acc: 0.9917)
[2018/09/25 12:57:50 __main__ INFO] - Elapsed 48.49
keys:  dict_keys(['epoch', 'c10h_train_loss', 'c10h_train_acc', 'c10h_val_loss', 'c10h_val_acc', 'c10h_train_c10_loss', 'c10h_train_c10_acc', 'c10h_val_c10_loss', 'c10h_val_c10_acc', 'v4_loss', 'v4_acc', 'v6_loss', 'v6_acc', 'c10_50k_loss', 'c10_50k_acc']) 
 c10h_outdir:  /tigress/ruairidh/model_results/run_1/saves/wrn_28_10/con_False_lr_0.01_seed_2
[2018/09/25 12:57:53 __main__ INFO] - Train 15
[2018/09/25 12:58:12 __main__ INFO] - TEST 15
[2018/09/25 12:59:01 __main__ INFO] - - epoch 15    c10h_train    : 0.2030 (acc: 0.9867) | c10h_val    : 0.3121 (acc: 0.9570)
[2018/09/25 12:59:01 __main__ INFO] - -            c10h_train_c10: 0.0690 (acc: 0.9837) | c10h_val_c10: 0.1551 (acc: 0.9580)
[2018/09/25 12:59:01 __main__ INFO] - -            v4            : 0.3608 (acc: 0.8827) |           v6: 0.3356 (acc: 0.8975)
[2018/09/25 12:59:01 __main__ INFO] - -            c10_50k       : 0.0692 (acc: 0.9921)
[2018/09/25 12:59:01 __main__ INFO] - Elapsed 48.47
keys:  dict_keys(['epoch', 'c10h_train_loss', 'c10h_train_acc', 'c10h_val_loss', 'c10h_val_acc', 'c10h_train_c10_loss', 'c10h_train_c10_acc', 'c10h_val_c10_loss', 'c10h_val_c10_acc', 'v4_loss', 'v4_acc', 'v6_loss', 'v6_acc', 'c10_50k_loss', 'c10_50k_acc']) 
 c10h_outdir:  /tigress/ruairidh/model_results/run_1/saves/wrn_28_10/con_False_lr_0.01_seed_2
[2018/09/25 12:59:03 __main__ INFO] - Train 16
[2018/09/25 12:59:22 __main__ INFO] - TEST 16
[2018/09/25 13:00:11 __main__ INFO] - - epoch 16    c10h_train    : 0.2024 (acc: 0.9861) | c10h_val    : 0.3199 (acc: 0.9440)
[2018/09/25 13:00:11 __main__ INFO] - -            c10h_train_c10: 0.0717 (acc: 0.9824) | c10h_val_c10: 0.1681 (acc: 0.9450)
[2018/09/25 13:00:11 __main__ INFO] - -            v4            : 0.3615 (acc: 0.8827) |           v6: 0.3319 (acc: 0.8905)
[2018/09/25 13:00:11 __main__ INFO] - -            c10_50k       : 0.0704 (acc: 0.9909)
[2018/09/25 13:00:11 __main__ INFO] - Elapsed 48.61
keys:  dict_keys(['epoch', 'c10h_train_loss', 'c10h_train_acc', 'c10h_val_loss', 'c10h_val_acc', 'c10h_train_c10_loss', 'c10h_train_c10_acc', 'c10h_val_c10_loss', 'c10h_val_c10_acc', 'v4_loss', 'v4_acc', 'v6_loss', 'v6_acc', 'c10_50k_loss', 'c10_50k_acc']) 
 c10h_outdir:  /tigress/ruairidh/model_results/run_1/saves/wrn_28_10/con_False_lr_0.01_seed_2
[2018/09/25 13:00:13 __main__ INFO] - Train 17
[2018/09/25 13:00:32 __main__ INFO] - TEST 17
[2018/09/25 13:01:21 __main__ INFO] - - epoch 17    c10h_train    : 0.2013 (acc: 0.9861) | c10h_val    : 0.3286 (acc: 0.9420)
[2018/09/25 13:01:21 __main__ INFO] - -            c10h_train_c10: 0.0682 (acc: 0.9827) | c10h_val_c10: 0.1761 (acc: 0.9440)
[2018/09/25 13:01:21 __main__ INFO] - -            v4            : 0.3636 (acc: 0.8763) |           v6: 0.3393 (acc: 0.8945)
[2018/09/25 13:01:21 __main__ INFO] - -            c10_50k       : 0.0698 (acc: 0.9912)
[2018/09/25 13:01:21 __main__ INFO] - Elapsed 48.38
keys:  dict_keys(['epoch', 'c10h_train_loss', 'c10h_train_acc', 'c10h_val_loss', 'c10h_val_acc', 'c10h_train_c10_loss', 'c10h_train_c10_acc', 'c10h_val_c10_loss', 'c10h_val_c10_acc', 'v4_loss', 'v4_acc', 'v6_loss', 'v6_acc', 'c10_50k_loss', 'c10_50k_acc']) 
 c10h_outdir:  /tigress/ruairidh/model_results/run_1/saves/wrn_28_10/con_False_lr_0.01_seed_2
[2018/09/25 13:01:22 __main__ INFO] - Train 18
[2018/09/25 13:01:42 __main__ INFO] - TEST 18
[2018/09/25 13:02:30 __main__ INFO] - - epoch 18    c10h_train    : 0.1996 (acc: 0.9871) | c10h_val    : 0.3154 (acc: 0.9520)
[2018/09/25 13:02:30 __main__ INFO] - -            c10h_train_c10: 0.0620 (acc: 0.9839) | c10h_val_c10: 0.1567 (acc: 0.9540)
[2018/09/25 13:02:30 __main__ INFO] - -            v4            : 0.3507 (acc: 0.8837) |           v6: 0.3299 (acc: 0.8965)
[2018/09/25 13:02:30 __main__ INFO] - -            c10_50k       : 0.0632 (acc: 0.9922)
[2018/09/25 13:02:30 __main__ INFO] - Elapsed 48.27
keys:  dict_keys(['epoch', 'c10h_train_loss', 'c10h_train_acc', 'c10h_val_loss', 'c10h_val_acc', 'c10h_train_c10_loss', 'c10h_train_c10_acc', 'c10h_val_c10_loss', 'c10h_val_c10_acc', 'v4_loss', 'v4_acc', 'v6_loss', 'v6_acc', 'c10_50k_loss', 'c10_50k_acc']) 
 c10h_outdir:  /tigress/ruairidh/model_results/run_1/saves/wrn_28_10/con_False_lr_0.01_seed_2
[2018/09/25 13:02:32 __main__ INFO] - Train 19
[2018/09/25 13:02:51 __main__ INFO] - TEST 19
[2018/09/25 13:03:40 __main__ INFO] - - epoch 19    c10h_train    : 0.1984 (acc: 0.9874) | c10h_val    : 0.3221 (acc: 0.9470)
[2018/09/25 13:03:40 __main__ INFO] - -            c10h_train_c10: 0.0646 (acc: 0.9840) | c10h_val_c10: 0.1636 (acc: 0.9500)
[2018/09/25 13:03:40 __main__ INFO] - -            v4            : 0.3701 (acc: 0.8808) |           v6: 0.3304 (acc: 0.8990)
[2018/09/25 13:03:40 __main__ INFO] - -            c10_50k       : 0.0644 (acc: 0.9923)
[2018/09/25 13:03:40 __main__ INFO] - Elapsed 48.61
keys:  dict_keys(['epoch', 'c10h_train_loss', 'c10h_train_acc', 'c10h_val_loss', 'c10h_val_acc', 'c10h_train_c10_loss', 'c10h_train_c10_acc', 'c10h_val_c10_loss', 'c10h_val_c10_acc', 'v4_loss', 'v4_acc', 'v6_loss', 'v6_acc', 'c10_50k_loss', 'c10_50k_acc']) 
 c10h_outdir:  /tigress/ruairidh/model_results/run_1/saves/wrn_28_10/con_False_lr_0.01_seed_2
[2018/09/25 13:03:42 __main__ INFO] - Train 20
[2018/09/25 13:04:01 __main__ INFO] - TEST 20
[2018/09/25 13:04:50 __main__ INFO] - - epoch 20    c10h_train    : 0.1963 (acc: 0.9869) | c10h_val    : 0.3087 (acc: 0.9520)
[2018/09/25 13:04:50 __main__ INFO] - -            c10h_train_c10: 0.0658 (acc: 0.9831) | c10h_val_c10: 0.1521 (acc: 0.9550)
[2018/09/25 13:04:50 __main__ INFO] - -            v4            : 0.3640 (acc: 0.8867) |           v6: 0.3323 (acc: 0.8950)
[2018/09/25 13:04:50 __main__ INFO] - -            c10_50k       : 0.0649 (acc: 0.9925)
[2018/09/25 13:04:50 __main__ INFO] - Elapsed 48.35
keys:  dict_keys(['epoch', 'c10h_train_loss', 'c10h_train_acc', 'c10h_val_loss', 'c10h_val_acc', 'c10h_train_c10_loss', 'c10h_train_c10_acc', 'c10h_val_c10_loss', 'c10h_val_c10_acc', 'v4_loss', 'v4_acc', 'v6_loss', 'v6_acc', 'c10_50k_loss', 'c10_50k_acc']) 
 c10h_outdir:  /tigress/ruairidh/model_results/run_1/saves/wrn_28_10/con_False_lr_0.01_seed_2
[2018/09/25 13:04:51 __main__ INFO] - Train 21
[2018/09/25 13:05:11 __main__ INFO] - TEST 21
[2018/09/25 13:06:00 __main__ INFO] - - epoch 21    c10h_train    : 0.1969 (acc: 0.9866) | c10h_val    : 0.3107 (acc: 0.9520)
[2018/09/25 13:06:00 __main__ INFO] - -            c10h_train_c10: 0.0639 (acc: 0.9840) | c10h_val_c10: 0.1517 (acc: 0.9550)
[2018/09/25 13:06:00 __main__ INFO] - -            v4            : 0.3669 (acc: 0.8827) |           v6: 0.3237 (acc: 0.8960)
[2018/09/25 13:06:00 __main__ INFO] - -            c10_50k       : 0.0634 (acc: 0.9932)
[2018/09/25 13:06:00 __main__ INFO] - Elapsed 48.60
keys:  dict_keys(['epoch', 'c10h_train_loss', 'c10h_train_acc', 'c10h_val_loss', 'c10h_val_acc', 'c10h_train_c10_loss', 'c10h_train_c10_acc', 'c10h_val_c10_loss', 'c10h_val_c10_acc', 'v4_loss', 'v4_acc', 'v6_loss', 'v6_acc', 'c10_50k_loss', 'c10_50k_acc']) 
 c10h_outdir:  /tigress/ruairidh/model_results/run_1/saves/wrn_28_10/con_False_lr_0.01_seed_2
[2018/09/25 13:06:01 __main__ INFO] - Train 22
[2018/09/25 13:06:20 __main__ INFO] - TEST 22
[2018/09/25 13:07:09 __main__ INFO] - - epoch 22    c10h_train    : 0.1958 (acc: 0.9880) | c10h_val    : 0.3112 (acc: 0.9600)
[2018/09/25 13:07:09 __main__ INFO] - -            c10h_train_c10: 0.0613 (acc: 0.9849) | c10h_val_c10: 0.1508 (acc: 0.9610)
[2018/09/25 13:07:09 __main__ INFO] - -            v4            : 0.3543 (acc: 0.8897) |           v6: 0.3267 (acc: 0.9035)
[2018/09/25 13:07:09 __main__ INFO] - -            c10_50k       : 0.0628 (acc: 0.9929)
[2018/09/25 13:07:09 __main__ INFO] - Elapsed 48.31
keys:  dict_keys(['epoch', 'c10h_train_loss', 'c10h_train_acc', 'c10h_val_loss', 'c10h_val_acc', 'c10h_train_c10_loss', 'c10h_train_c10_acc', 'c10h_val_c10_loss', 'c10h_val_c10_acc', 'v4_loss', 'v4_acc', 'v6_loss', 'v6_acc', 'c10_50k_loss', 'c10_50k_acc']) 
 c10h_outdir:  /tigress/ruairidh/model_results/run_1/saves/wrn_28_10/con_False_lr_0.01_seed_2
[2018/09/25 13:07:11 __main__ INFO] - Train 23
[2018/09/25 13:07:30 __main__ INFO] - TEST 23
[2018/09/25 13:08:18 __main__ INFO] - - epoch 23    c10h_train    : 0.1958 (acc: 0.9882) | c10h_val    : 0.3155 (acc: 0.9500)
[2018/09/25 13:08:19 __main__ INFO] - -            c10h_train_c10: 0.0644 (acc: 0.9842) | c10h_val_c10: 0.1594 (acc: 0.9530)
[2018/09/25 13:08:19 __main__ INFO] - -            v4            : 0.3658 (acc: 0.8803) |           v6: 0.3415 (acc: 0.8910)
[2018/09/25 13:08:19 __main__ INFO] - -            c10_50k       : 0.0643 (acc: 0.9929)
[2018/09/25 13:08:19 __main__ INFO] - Elapsed 48.33
keys:  dict_keys(['epoch', 'c10h_train_loss', 'c10h_train_acc', 'c10h_val_loss', 'c10h_val_acc', 'c10h_train_c10_loss', 'c10h_train_c10_acc', 'c10h_val_c10_loss', 'c10h_val_c10_acc', 'v4_loss', 'v4_acc', 'v6_loss', 'v6_acc', 'c10_50k_loss', 'c10_50k_acc']) 
 c10h_outdir:  /tigress/ruairidh/model_results/run_1/saves/wrn_28_10/con_False_lr_0.01_seed_2
[2018/09/25 13:08:21 __main__ INFO] - Train 24
[2018/09/25 13:08:40 __main__ INFO] - TEST 24
[2018/09/25 13:09:28 __main__ INFO] - - epoch 24    c10h_train    : 0.1948 (acc: 0.9882) | c10h_val    : 0.3157 (acc: 0.9510)
[2018/09/25 13:09:28 __main__ INFO] - -            c10h_train_c10: 0.0634 (acc: 0.9831) | c10h_val_c10: 0.1583 (acc: 0.9540)
[2018/09/25 13:09:28 __main__ INFO] - -            v4            : 0.3801 (acc: 0.8768) |           v6: 0.3486 (acc: 0.8875)
[2018/09/25 13:09:28 __main__ INFO] - -            c10_50k       : 0.0628 (acc: 0.9922)
[2018/09/25 13:09:28 __main__ INFO] - Elapsed 48.24
keys:  dict_keys(['epoch', 'c10h_train_loss', 'c10h_train_acc', 'c10h_val_loss', 'c10h_val_acc', 'c10h_train_c10_loss', 'c10h_train_c10_acc', 'c10h_val_c10_loss', 'c10h_val_c10_acc', 'v4_loss', 'v4_acc', 'v6_loss', 'v6_acc', 'c10_50k_loss', 'c10_50k_acc']) 
 c10h_outdir:  /tigress/ruairidh/model_results/run_1/saves/wrn_28_10/con_False_lr_0.01_seed_2
[2018/09/25 13:09:30 __main__ INFO] - Train 25
[2018/09/25 13:09:50 __main__ INFO] - TEST 25
[2018/09/25 13:10:38 __main__ INFO] - - epoch 25    c10h_train    : 0.1940 (acc: 0.9886) | c10h_val    : 0.3171 (acc: 0.9440)
[2018/09/25 13:10:38 __main__ INFO] - -            c10h_train_c10: 0.0633 (acc: 0.9837) | c10h_val_c10: 0.1607 (acc: 0.9470)
[2018/09/25 13:10:38 __main__ INFO] - -            v4            : 0.3776 (acc: 0.8753) |           v6: 0.3398 (acc: 0.8890)
[2018/09/25 13:10:38 __main__ INFO] - -            c10_50k       : 0.0621 (acc: 0.9927)
[2018/09/25 13:10:38 __main__ INFO] - Elapsed 47.98
keys:  dict_keys(['epoch', 'c10h_train_loss', 'c10h_train_acc', 'c10h_val_loss', 'c10h_val_acc', 'c10h_train_c10_loss', 'c10h_train_c10_acc', 'c10h_val_c10_loss', 'c10h_val_c10_acc', 'v4_loss', 'v4_acc', 'v6_loss', 'v6_acc', 'c10_50k_loss', 'c10_50k_acc']) 
 c10h_outdir:  /tigress/ruairidh/model_results/run_1/saves/wrn_28_10/con_False_lr_0.01_seed_2
[2018/09/25 13:10:38 __main__ INFO] - Train 26
[2018/09/25 13:10:58 __main__ INFO] - TEST 26
[2018/09/25 13:11:46 __main__ INFO] - - epoch 26    c10h_train    : 0.1938 (acc: 0.9881) | c10h_val    : 0.3145 (acc: 0.9540)
[2018/09/25 13:11:46 __main__ INFO] - -            c10h_train_c10: 0.0613 (acc: 0.9850) | c10h_val_c10: 0.1535 (acc: 0.9570)
[2018/09/25 13:11:46 __main__ INFO] - -            v4            : 0.3499 (acc: 0.8822) |           v6: 0.3344 (acc: 0.8925)
[2018/09/25 13:11:46 __main__ INFO] - -            c10_50k       : 0.0626 (acc: 0.9924)
[2018/09/25 13:11:46 __main__ INFO] - Elapsed 48.14
keys:  dict_keys(['epoch', 'c10h_train_loss', 'c10h_train_acc', 'c10h_val_loss', 'c10h_val_acc', 'c10h_train_c10_loss', 'c10h_train_c10_acc', 'c10h_val_c10_loss', 'c10h_val_c10_acc', 'v4_loss', 'v4_acc', 'v6_loss', 'v6_acc', 'c10_50k_loss', 'c10_50k_acc']) 
 c10h_outdir:  /tigress/ruairidh/model_results/run_1/saves/wrn_28_10/con_False_lr_0.01_seed_2
[2018/09/25 13:11:47 __main__ INFO] - Train 27
[2018/09/25 13:12:07 __main__ INFO] - TEST 27
[2018/09/25 13:12:55 __main__ INFO] - - epoch 27    c10h_train    : 0.1932 (acc: 0.9886) | c10h_val    : 0.3115 (acc: 0.9520)
[2018/09/25 13:12:55 __main__ INFO] - -            c10h_train_c10: 0.0674 (acc: 0.9843) | c10h_val_c10: 0.1606 (acc: 0.9550)
[2018/09/25 13:12:55 __main__ INFO] - -            v4            : 0.3685 (acc: 0.8847) |           v6: 0.3374 (acc: 0.8925)
[2018/09/25 13:12:55 __main__ INFO] - -            c10_50k       : 0.0695 (acc: 0.9926)
[2018/09/25 13:12:55 __main__ INFO] - Elapsed 48.30
keys:  dict_keys(['epoch', 'c10h_train_loss', 'c10h_train_acc', 'c10h_val_loss', 'c10h_val_acc', 'c10h_train_c10_loss', 'c10h_train_c10_acc', 'c10h_val_c10_loss', 'c10h_val_c10_acc', 'v4_loss', 'v4_acc', 'v6_loss', 'v6_acc', 'c10_50k_loss', 'c10_50k_acc']) 
 c10h_outdir:  /tigress/ruairidh/model_results/run_1/saves/wrn_28_10/con_False_lr_0.01_seed_2
[2018/09/25 13:12:57 __main__ INFO] - Train 28
[2018/09/25 13:13:17 __main__ INFO] - TEST 28
[2018/09/25 13:14:05 __main__ INFO] - - epoch 28    c10h_train    : 0.1927 (acc: 0.9894) | c10h_val    : 0.3166 (acc: 0.9550)
[2018/09/25 13:14:05 __main__ INFO] - -            c10h_train_c10: 0.0647 (acc: 0.9842) | c10h_val_c10: 0.1624 (acc: 0.9560)
[2018/09/25 13:14:05 __main__ INFO] - -            v4            : 0.3691 (acc: 0.8837) |           v6: 0.3347 (acc: 0.8895)
[2018/09/25 13:14:05 __main__ INFO] - -            c10_50k       : 0.0654 (acc: 0.9918)
[2018/09/25 13:14:05 __main__ INFO] - Elapsed 48.51
keys:  dict_keys(['epoch', 'c10h_train_loss', 'c10h_train_acc', 'c10h_val_loss', 'c10h_val_acc', 'c10h_train_c10_loss', 'c10h_train_c10_acc', 'c10h_val_c10_loss', 'c10h_val_c10_acc', 'v4_loss', 'v4_acc', 'v6_loss', 'v6_acc', 'c10_50k_loss', 'c10_50k_acc']) 
 c10h_outdir:  /tigress/ruairidh/model_results/run_1/saves/wrn_28_10/con_False_lr_0.01_seed_2
[2018/09/25 13:14:08 __main__ INFO] - Train 29
[2018/09/25 13:14:27 __main__ INFO] - TEST 29
[2018/09/25 13:15:15 __main__ INFO] - - epoch 29    c10h_train    : 0.1919 (acc: 0.9887) | c10h_val    : 0.3170 (acc: 0.9540)
[2018/09/25 13:15:15 __main__ INFO] - -            c10h_train_c10: 0.0634 (acc: 0.9848) | c10h_val_c10: 0.1583 (acc: 0.9570)
[2018/09/25 13:15:15 __main__ INFO] - -            v4            : 0.3580 (acc: 0.8872) |           v6: 0.3298 (acc: 0.8950)
[2018/09/25 13:15:15 __main__ INFO] - -            c10_50k       : 0.0634 (acc: 0.9927)
[2018/09/25 13:15:15 __main__ INFO] - Elapsed 48.34
keys:  dict_keys(['epoch', 'c10h_train_loss', 'c10h_train_acc', 'c10h_val_loss', 'c10h_val_acc', 'c10h_train_c10_loss', 'c10h_train_c10_acc', 'c10h_val_c10_loss', 'c10h_val_c10_acc', 'v4_loss', 'v4_acc', 'v6_loss', 'v6_acc', 'c10_50k_loss', 'c10_50k_acc']) 
 c10h_outdir:  /tigress/ruairidh/model_results/run_1/saves/wrn_28_10/con_False_lr_0.01_seed_2
[2018/09/25 13:15:17 __main__ INFO] - Train 30
[2018/09/25 13:15:37 __main__ INFO] - TEST 30
[2018/09/25 13:16:25 __main__ INFO] - - epoch 30    c10h_train    : 0.1910 (acc: 0.9891) | c10h_val    : 0.3212 (acc: 0.9500)
[2018/09/25 13:16:25 __main__ INFO] - -            c10h_train_c10: 0.0587 (acc: 0.9848) | c10h_val_c10: 0.1600 (acc: 0.9530)
[2018/09/25 13:16:25 __main__ INFO] - -            v4            : 0.3592 (acc: 0.8842) |           v6: 0.3265 (acc: 0.8955)
[2018/09/25 13:16:25 __main__ INFO] - -            c10_50k       : 0.0588 (acc: 0.9927)
[2018/09/25 13:16:25 __main__ INFO] - Elapsed 48.15
keys:  dict_keys(['epoch', 'c10h_train_loss', 'c10h_train_acc', 'c10h_val_loss', 'c10h_val_acc', 'c10h_train_c10_loss', 'c10h_train_c10_acc', 'c10h_val_c10_loss', 'c10h_val_c10_acc', 'v4_loss', 'v4_acc', 'v6_loss', 'v6_acc', 'c10_50k_loss', 'c10_50k_acc']) 
 c10h_outdir:  /tigress/ruairidh/model_results/run_1/saves/wrn_28_10/con_False_lr_0.01_seed_2
[2018/09/25 13:16:26 __main__ INFO] - Train 31
[2018/09/25 13:16:45 __main__ INFO] - TEST 31
[2018/09/25 13:17:34 __main__ INFO] - - epoch 31    c10h_train    : 0.1896 (acc: 0.9888) | c10h_val    : 0.3106 (acc: 0.9570)
[2018/09/25 13:17:34 __main__ INFO] - -            c10h_train_c10: 0.0622 (acc: 0.9838) | c10h_val_c10: 0.1517 (acc: 0.9580)
[2018/09/25 13:17:34 __main__ INFO] - -            v4            : 0.3607 (acc: 0.8832) |           v6: 0.3358 (acc: 0.8945)
[2018/09/25 13:17:34 __main__ INFO] - -            c10_50k       : 0.0616 (acc: 0.9933)
[2018/09/25 13:17:34 __main__ INFO] - Elapsed 48.27
keys:  dict_keys(['epoch', 'c10h_train_loss', 'c10h_train_acc', 'c10h_val_loss', 'c10h_val_acc', 'c10h_train_c10_loss', 'c10h_train_c10_acc', 'c10h_val_c10_loss', 'c10h_val_c10_acc', 'v4_loss', 'v4_acc', 'v6_loss', 'v6_acc', 'c10_50k_loss', 'c10_50k_acc']) 
 c10h_outdir:  /tigress/ruairidh/model_results/run_1/saves/wrn_28_10/con_False_lr_0.01_seed_2
[2018/09/25 13:17:35 __main__ INFO] - Train 32
[2018/09/25 13:17:55 __main__ INFO] - TEST 32
[2018/09/25 13:18:43 __main__ INFO] - - epoch 32    c10h_train    : 0.1901 (acc: 0.9891) | c10h_val    : 0.3171 (acc: 0.9480)
[2018/09/25 13:18:43 __main__ INFO] - -            c10h_train_c10: 0.0692 (acc: 0.9840) | c10h_val_c10: 0.1642 (acc: 0.9510)
[2018/09/25 13:18:43 __main__ INFO] - -            v4            : 0.3703 (acc: 0.8857) |           v6: 0.3495 (acc: 0.8880)
[2018/09/25 13:18:43 __main__ INFO] - -            c10_50k       : 0.0702 (acc: 0.9922)
[2018/09/25 13:18:43 __main__ INFO] - Elapsed 48.68
keys:  dict_keys(['epoch', 'c10h_train_loss', 'c10h_train_acc', 'c10h_val_loss', 'c10h_val_acc', 'c10h_train_c10_loss', 'c10h_train_c10_acc', 'c10h_val_c10_loss', 'c10h_val_c10_acc', 'v4_loss', 'v4_acc', 'v6_loss', 'v6_acc', 'c10_50k_loss', 'c10_50k_acc']) 
 c10h_outdir:  /tigress/ruairidh/model_results/run_1/saves/wrn_28_10/con_False_lr_0.01_seed_2
[2018/09/25 13:18:45 __main__ INFO] - Train 33
[2018/09/25 13:19:05 __main__ INFO] - TEST 33
[2018/09/25 13:19:53 __main__ INFO] - - epoch 33    c10h_train    : 0.1890 (acc: 0.9886) | c10h_val    : 0.3142 (acc: 0.9510)
[2018/09/25 13:19:53 __main__ INFO] - -            c10h_train_c10: 0.0643 (acc: 0.9850) | c10h_val_c10: 0.1593 (acc: 0.9540)
[2018/09/25 13:19:53 __main__ INFO] - -            v4            : 0.3681 (acc: 0.8808) |           v6: 0.3386 (acc: 0.8925)
[2018/09/25 13:19:53 __main__ INFO] - -            c10_50k       : 0.0663 (acc: 0.9926)
[2018/09/25 13:19:53 __main__ INFO] - Elapsed 48.35
keys:  dict_keys(['epoch', 'c10h_train_loss', 'c10h_train_acc', 'c10h_val_loss', 'c10h_val_acc', 'c10h_train_c10_loss', 'c10h_train_c10_acc', 'c10h_val_c10_loss', 'c10h_val_c10_acc', 'v4_loss', 'v4_acc', 'v6_loss', 'v6_acc', 'c10_50k_loss', 'c10_50k_acc']) 
 c10h_outdir:  /tigress/ruairidh/model_results/run_1/saves/wrn_28_10/con_False_lr_0.01_seed_2
[2018/09/25 13:19:55 __main__ INFO] - Train 34
[2018/09/25 13:20:15 __main__ INFO] - TEST 34
[2018/09/25 13:21:03 __main__ INFO] - - epoch 34    c10h_train    : 0.1893 (acc: 0.9881) | c10h_val    : 0.3163 (acc: 0.9540)
[2018/09/25 13:21:03 __main__ INFO] - -            c10h_train_c10: 0.0667 (acc: 0.9843) | c10h_val_c10: 0.1643 (acc: 0.9550)
[2018/09/25 13:21:03 __main__ INFO] - -            v4            : 0.3779 (acc: 0.8768) |           v6: 0.3409 (acc: 0.8900)
[2018/09/25 13:21:03 __main__ INFO] - -            c10_50k       : 0.0673 (acc: 0.9920)
[2018/09/25 13:21:03 __main__ INFO] - Elapsed 48.26
keys:  dict_keys(['epoch', 'c10h_train_loss', 'c10h_train_acc', 'c10h_val_loss', 'c10h_val_acc', 'c10h_train_c10_loss', 'c10h_train_c10_acc', 'c10h_val_c10_loss', 'c10h_val_c10_acc', 'v4_loss', 'v4_acc', 'v6_loss', 'v6_acc', 'c10_50k_loss', 'c10_50k_acc']) 
 c10h_outdir:  /tigress/ruairidh/model_results/run_1/saves/wrn_28_10/con_False_lr_0.01_seed_2
[2018/09/25 13:21:04 __main__ INFO] - Train 35
[2018/09/25 13:21:24 __main__ INFO] - TEST 35
[2018/09/25 13:22:12 __main__ INFO] - - epoch 35    c10h_train    : 0.1890 (acc: 0.9904) | c10h_val    : 0.3260 (acc: 0.9440)
[2018/09/25 13:22:12 __main__ INFO] - -            c10h_train_c10: 0.0603 (acc: 0.9854) | c10h_val_c10: 0.1710 (acc: 0.9470)
[2018/09/25 13:22:12 __main__ INFO] - -            v4            : 0.3645 (acc: 0.8778) |           v6: 0.3424 (acc: 0.8930)
[2018/09/25 13:22:12 __main__ INFO] - -            c10_50k       : 0.0607 (acc: 0.9924)
[2018/09/25 13:22:12 __main__ INFO] - Elapsed 48.45
keys:  dict_keys(['epoch', 'c10h_train_loss', 'c10h_train_acc', 'c10h_val_loss', 'c10h_val_acc', 'c10h_train_c10_loss', 'c10h_train_c10_acc', 'c10h_val_c10_loss', 'c10h_val_c10_acc', 'v4_loss', 'v4_acc', 'v6_loss', 'v6_acc', 'c10_50k_loss', 'c10_50k_acc']) 
 c10h_outdir:  /tigress/ruairidh/model_results/run_1/saves/wrn_28_10/con_False_lr_0.01_seed_2
[2018/09/25 13:22:14 __main__ INFO] - Train 36
[2018/09/25 13:22:34 __main__ INFO] - TEST 36
[2018/09/25 13:23:22 __main__ INFO] - - epoch 36    c10h_train    : 0.1875 (acc: 0.9888) | c10h_val    : 0.3159 (acc: 0.9550)
[2018/09/25 13:23:22 __main__ INFO] - -            c10h_train_c10: 0.0602 (acc: 0.9846) | c10h_val_c10: 0.1584 (acc: 0.9560)
[2018/09/25 13:23:22 __main__ INFO] - -            v4            : 0.3598 (acc: 0.8817) |           v6: 0.3337 (acc: 0.8925)
[2018/09/25 13:23:22 __main__ INFO] - -            c10_50k       : 0.0614 (acc: 0.9926)
[2018/09/25 13:23:22 __main__ INFO] - Elapsed 48.63
keys:  dict_keys(['epoch', 'c10h_train_loss', 'c10h_train_acc', 'c10h_val_loss', 'c10h_val_acc', 'c10h_train_c10_loss', 'c10h_train_c10_acc', 'c10h_val_c10_loss', 'c10h_val_c10_acc', 'v4_loss', 'v4_acc', 'v6_loss', 'v6_acc', 'c10_50k_loss', 'c10_50k_acc']) 
 c10h_outdir:  /tigress/ruairidh/model_results/run_1/saves/wrn_28_10/con_False_lr_0.01_seed_2
[2018/09/25 13:23:23 __main__ INFO] - Train 37
[2018/09/25 13:23:43 __main__ INFO] - TEST 37
[2018/09/25 13:24:31 __main__ INFO] - - epoch 37    c10h_train    : 0.1871 (acc: 0.9893) | c10h_val    : 0.3184 (acc: 0.9480)
[2018/09/25 13:24:31 __main__ INFO] - -            c10h_train_c10: 0.0668 (acc: 0.9851) | c10h_val_c10: 0.1680 (acc: 0.9510)
[2018/09/25 13:24:31 __main__ INFO] - -            v4            : 0.3686 (acc: 0.8862) |           v6: 0.3374 (acc: 0.8975)
[2018/09/25 13:24:31 __main__ INFO] - -            c10_50k       : 0.0685 (acc: 0.9927)
[2018/09/25 13:24:31 __main__ INFO] - Elapsed 48.42
keys:  dict_keys(['epoch', 'c10h_train_loss', 'c10h_train_acc', 'c10h_val_loss', 'c10h_val_acc', 'c10h_train_c10_loss', 'c10h_train_c10_acc', 'c10h_val_c10_loss', 'c10h_val_c10_acc', 'v4_loss', 'v4_acc', 'v6_loss', 'v6_acc', 'c10_50k_loss', 'c10_50k_acc']) 
 c10h_outdir:  /tigress/ruairidh/model_results/run_1/saves/wrn_28_10/con_False_lr_0.01_seed_2
[2018/09/25 13:24:33 __main__ INFO] - Train 38
[2018/09/25 13:24:52 __main__ INFO] - TEST 38
[2018/09/25 13:25:41 __main__ INFO] - - epoch 38    c10h_train    : 0.1864 (acc: 0.9884) | c10h_val    : 0.3178 (acc: 0.9510)
[2018/09/25 13:25:41 __main__ INFO] - -            c10h_train_c10: 0.0637 (acc: 0.9856) | c10h_val_c10: 0.1632 (acc: 0.9540)
[2018/09/25 13:25:41 __main__ INFO] - -            v4            : 0.3535 (acc: 0.8862) |           v6: 0.3333 (acc: 0.8895)
[2018/09/25 13:25:41 __main__ INFO] - -            c10_50k       : 0.0650 (acc: 0.9924)
[2018/09/25 13:25:41 __main__ INFO] - Elapsed 48.42
keys:  dict_keys(['epoch', 'c10h_train_loss', 'c10h_train_acc', 'c10h_val_loss', 'c10h_val_acc', 'c10h_train_c10_loss', 'c10h_train_c10_acc', 'c10h_val_c10_loss', 'c10h_val_c10_acc', 'v4_loss', 'v4_acc', 'v6_loss', 'v6_acc', 'c10_50k_loss', 'c10_50k_acc']) 
 c10h_outdir:  /tigress/ruairidh/model_results/run_1/saves/wrn_28_10/con_False_lr_0.01_seed_2
[2018/09/25 13:25:43 __main__ INFO] - Train 39
[2018/09/25 13:26:02 __main__ INFO] - TEST 39
[2018/09/25 13:26:51 __main__ INFO] - - epoch 39    c10h_train    : 0.1871 (acc: 0.9893) | c10h_val    : 0.3134 (acc: 0.9510)
[2018/09/25 13:26:51 __main__ INFO] - -            c10h_train_c10: 0.0691 (acc: 0.9856) | c10h_val_c10: 0.1624 (acc: 0.9540)
[2018/09/25 13:26:51 __main__ INFO] - -            v4            : 0.3572 (acc: 0.8862) |           v6: 0.3356 (acc: 0.8920)
[2018/09/25 13:26:51 __main__ INFO] - -            c10_50k       : 0.0697 (acc: 0.9925)
[2018/09/25 13:26:51 __main__ INFO] - Elapsed 48.14
keys:  dict_keys(['epoch', 'c10h_train_loss', 'c10h_train_acc', 'c10h_val_loss', 'c10h_val_acc', 'c10h_train_c10_loss', 'c10h_train_c10_acc', 'c10h_val_c10_loss', 'c10h_val_c10_acc', 'v4_loss', 'v4_acc', 'v6_loss', 'v6_acc', 'c10_50k_loss', 'c10_50k_acc']) 
 c10h_outdir:  /tigress/ruairidh/model_results/run_1/saves/wrn_28_10/con_False_lr_0.01_seed_2
[2018/09/25 13:26:52 __main__ INFO] - Train 40
[2018/09/25 13:27:12 __main__ INFO] - TEST 40
[2018/09/25 13:28:01 __main__ INFO] - - epoch 40    c10h_train    : 0.1854 (acc: 0.9900) | c10h_val    : 0.3133 (acc: 0.9540)
[2018/09/25 13:28:01 __main__ INFO] - -            c10h_train_c10: 0.0654 (acc: 0.9852) | c10h_val_c10: 0.1581 (acc: 0.9570)
[2018/09/25 13:28:01 __main__ INFO] - -            v4            : 0.3716 (acc: 0.8788) |           v6: 0.3422 (acc: 0.8885)
[2018/09/25 13:28:01 __main__ INFO] - -            c10_50k       : 0.0659 (acc: 0.9918)
[2018/09/25 13:28:01 __main__ INFO] - Elapsed 48.83
keys:  dict_keys(['epoch', 'c10h_train_loss', 'c10h_train_acc', 'c10h_val_loss', 'c10h_val_acc', 'c10h_train_c10_loss', 'c10h_train_c10_acc', 'c10h_val_c10_loss', 'c10h_val_c10_acc', 'v4_loss', 'v4_acc', 'v6_loss', 'v6_acc', 'c10_50k_loss', 'c10_50k_acc']) 
 c10h_outdir:  /tigress/ruairidh/model_results/run_1/saves/wrn_28_10/con_False_lr_0.01_seed_2
[2018/09/25 13:28:03 __main__ INFO] - Train 41
[2018/09/25 13:28:22 __main__ INFO] - TEST 41
[2018/09/25 13:29:11 __main__ INFO] - - epoch 41    c10h_train    : 0.1855 (acc: 0.9887) | c10h_val    : 0.3180 (acc: 0.9520)
[2018/09/25 13:29:11 __main__ INFO] - -            c10h_train_c10: 0.0625 (acc: 0.9843) | c10h_val_c10: 0.1598 (acc: 0.9550)
[2018/09/25 13:29:11 __main__ INFO] - -            v4            : 0.3525 (acc: 0.8882) |           v6: 0.3347 (acc: 0.8935)
[2018/09/25 13:29:11 __main__ INFO] - -            c10_50k       : 0.0632 (acc: 0.9924)
[2018/09/25 13:29:11 __main__ INFO] - Elapsed 48.44
keys:  dict_keys(['epoch', 'c10h_train_loss', 'c10h_train_acc', 'c10h_val_loss', 'c10h_val_acc', 'c10h_train_c10_loss', 'c10h_train_c10_acc', 'c10h_val_c10_loss', 'c10h_val_c10_acc', 'v4_loss', 'v4_acc', 'v6_loss', 'v6_acc', 'c10_50k_loss', 'c10_50k_acc']) 
 c10h_outdir:  /tigress/ruairidh/model_results/run_1/saves/wrn_28_10/con_False_lr_0.01_seed_2
[2018/09/25 13:29:13 __main__ INFO] - Train 42
[2018/09/25 13:29:32 __main__ INFO] - TEST 42
[2018/09/25 13:30:20 __main__ INFO] - - epoch 42    c10h_train    : 0.1856 (acc: 0.9884) | c10h_val    : 0.3120 (acc: 0.9550)
[2018/09/25 13:30:21 __main__ INFO] - -            c10h_train_c10: 0.0675 (acc: 0.9843) | c10h_val_c10: 0.1610 (acc: 0.9580)
[2018/09/25 13:30:21 __main__ INFO] - -            v4            : 0.3603 (acc: 0.8827) |           v6: 0.3330 (acc: 0.8920)
[2018/09/25 13:30:21 __main__ INFO] - -            c10_50k       : 0.0693 (acc: 0.9922)
[2018/09/25 13:30:21 __main__ INFO] - Elapsed 48.26
keys:  dict_keys(['epoch', 'c10h_train_loss', 'c10h_train_acc', 'c10h_val_loss', 'c10h_val_acc', 'c10h_train_c10_loss', 'c10h_train_c10_acc', 'c10h_val_c10_loss', 'c10h_val_c10_acc', 'v4_loss', 'v4_acc', 'v6_loss', 'v6_acc', 'c10_50k_loss', 'c10_50k_acc']) 
 c10h_outdir:  /tigress/ruairidh/model_results/run_1/saves/wrn_28_10/con_False_lr_0.01_seed_2
[2018/09/25 13:30:22 __main__ INFO] - Train 43
[2018/09/25 13:30:41 __main__ INFO] - TEST 43
[2018/09/25 13:31:30 __main__ INFO] - - epoch 43    c10h_train    : 0.1849 (acc: 0.9891) | c10h_val    : 0.3250 (acc: 0.9470)
[2018/09/25 13:31:30 __main__ INFO] - -            c10h_train_c10: 0.0650 (acc: 0.9850) | c10h_val_c10: 0.1715 (acc: 0.9480)
[2018/09/25 13:31:30 __main__ INFO] - -            v4            : 0.3670 (acc: 0.8857) |           v6: 0.3409 (acc: 0.8890)
[2018/09/25 13:31:30 __main__ INFO] - -            c10_50k       : 0.0668 (acc: 0.9924)
[2018/09/25 13:31:30 __main__ INFO] - Elapsed 48.45
keys:  dict_keys(['epoch', 'c10h_train_loss', 'c10h_train_acc', 'c10h_val_loss', 'c10h_val_acc', 'c10h_train_c10_loss', 'c10h_train_c10_acc', 'c10h_val_c10_loss', 'c10h_val_c10_acc', 'v4_loss', 'v4_acc', 'v6_loss', 'v6_acc', 'c10_50k_loss', 'c10_50k_acc']) 
 c10h_outdir:  /tigress/ruairidh/model_results/run_1/saves/wrn_28_10/con_False_lr_0.01_seed_2
[2018/09/25 13:31:30 __main__ INFO] - Train 44
[2018/09/25 13:31:50 __main__ INFO] - TEST 44
[2018/09/25 13:32:38 __main__ INFO] - - epoch 44    c10h_train    : 0.1842 (acc: 0.9898) | c10h_val    : 0.3217 (acc: 0.9470)
[2018/09/25 13:32:38 __main__ INFO] - -            c10h_train_c10: 0.0590 (acc: 0.9854) | c10h_val_c10: 0.1609 (acc: 0.9500)
[2018/09/25 13:32:38 __main__ INFO] - -            v4            : 0.3608 (acc: 0.8862) |           v6: 0.3278 (acc: 0.8950)
[2018/09/25 13:32:38 __main__ INFO] - -            c10_50k       : 0.0591 (acc: 0.9929)
[2018/09/25 13:32:38 __main__ INFO] - Elapsed 48.13
keys:  dict_keys(['epoch', 'c10h_train_loss', 'c10h_train_acc', 'c10h_val_loss', 'c10h_val_acc', 'c10h_train_c10_loss', 'c10h_train_c10_acc', 'c10h_val_c10_loss', 'c10h_val_c10_acc', 'v4_loss', 'v4_acc', 'v6_loss', 'v6_acc', 'c10_50k_loss', 'c10_50k_acc']) 
 c10h_outdir:  /tigress/ruairidh/model_results/run_1/saves/wrn_28_10/con_False_lr_0.01_seed_2
[2018/09/25 13:32:39 __main__ INFO] - Train 45
[2018/09/25 13:32:59 __main__ INFO] - TEST 45
[2018/09/25 13:33:47 __main__ INFO] - - epoch 45    c10h_train    : 0.1842 (acc: 0.9897) | c10h_val    : 0.3218 (acc: 0.9560)
[2018/09/25 13:33:47 __main__ INFO] - -            c10h_train_c10: 0.0652 (acc: 0.9853) | c10h_val_c10: 0.1649 (acc: 0.9590)
[2018/09/25 13:33:47 __main__ INFO] - -            v4            : 0.3588 (acc: 0.8832) |           v6: 0.3344 (acc: 0.8930)
[2018/09/25 13:33:47 __main__ INFO] - -            c10_50k       : 0.0647 (acc: 0.9929)
[2018/09/25 13:33:47 __main__ INFO] - Elapsed 48.38
keys:  dict_keys(['epoch', 'c10h_train_loss', 'c10h_train_acc', 'c10h_val_loss', 'c10h_val_acc', 'c10h_train_c10_loss', 'c10h_train_c10_acc', 'c10h_val_c10_loss', 'c10h_val_c10_acc', 'v4_loss', 'v4_acc', 'v6_loss', 'v6_acc', 'c10_50k_loss', 'c10_50k_acc']) 
 c10h_outdir:  /tigress/ruairidh/model_results/run_1/saves/wrn_28_10/con_False_lr_0.01_seed_2
[2018/09/25 13:33:49 __main__ INFO] - Train 46
[2018/09/25 13:34:09 __main__ INFO] - TEST 46
[2018/09/25 13:34:57 __main__ INFO] - - epoch 46    c10h_train    : 0.1841 (acc: 0.9902) | c10h_val    : 0.3292 (acc: 0.9480)
[2018/09/25 13:34:57 __main__ INFO] - -            c10h_train_c10: 0.0609 (acc: 0.9859) | c10h_val_c10: 0.1700 (acc: 0.9500)
[2018/09/25 13:34:57 __main__ INFO] - -            v4            : 0.3709 (acc: 0.8822) |           v6: 0.3445 (acc: 0.8890)
[2018/09/25 13:34:57 __main__ INFO] - -            c10_50k       : 0.0601 (acc: 0.9925)
[2018/09/25 13:34:57 __main__ INFO] - Elapsed 48.64
keys:  dict_keys(['epoch', 'c10h_train_loss', 'c10h_train_acc', 'c10h_val_loss', 'c10h_val_acc', 'c10h_train_c10_loss', 'c10h_train_c10_acc', 'c10h_val_c10_loss', 'c10h_val_c10_acc', 'v4_loss', 'v4_acc', 'v6_loss', 'v6_acc', 'c10_50k_loss', 'c10_50k_acc']) 
 c10h_outdir:  /tigress/ruairidh/model_results/run_1/saves/wrn_28_10/con_False_lr_0.01_seed_2
[2018/09/25 13:34:59 __main__ INFO] - Train 47
[2018/09/25 13:35:19 __main__ INFO] - TEST 47
[2018/09/25 13:36:07 __main__ INFO] - - epoch 47    c10h_train    : 0.1833 (acc: 0.9906) | c10h_val    : 0.3215 (acc: 0.9530)
[2018/09/25 13:36:07 __main__ INFO] - -            c10h_train_c10: 0.0641 (acc: 0.9850) | c10h_val_c10: 0.1641 (acc: 0.9540)
[2018/09/25 13:36:07 __main__ INFO] - -            v4            : 0.3656 (acc: 0.8862) |           v6: 0.3297 (acc: 0.8945)
[2018/09/25 13:36:07 __main__ INFO] - -            c10_50k       : 0.0628 (acc: 0.9921)
[2018/09/25 13:36:07 __main__ INFO] - Elapsed 48.35
keys:  dict_keys(['epoch', 'c10h_train_loss', 'c10h_train_acc', 'c10h_val_loss', 'c10h_val_acc', 'c10h_train_c10_loss', 'c10h_train_c10_acc', 'c10h_val_c10_loss', 'c10h_val_c10_acc', 'v4_loss', 'v4_acc', 'v6_loss', 'v6_acc', 'c10_50k_loss', 'c10_50k_acc']) 
 c10h_outdir:  /tigress/ruairidh/model_results/run_1/saves/wrn_28_10/con_False_lr_0.01_seed_2
[2018/09/25 13:36:08 __main__ INFO] - Train 48
[2018/09/25 13:36:27 __main__ INFO] - TEST 48
[2018/09/25 13:37:15 __main__ INFO] - - epoch 48    c10h_train    : 0.1825 (acc: 0.9903) | c10h_val    : 0.3182 (acc: 0.9500)
[2018/09/25 13:37:16 __main__ INFO] - -            c10h_train_c10: 0.0637 (acc: 0.9846) | c10h_val_c10: 0.1611 (acc: 0.9530)
[2018/09/25 13:37:16 __main__ INFO] - -            v4            : 0.3557 (acc: 0.8867) |           v6: 0.3326 (acc: 0.8945)
[2018/09/25 13:37:16 __main__ INFO] - -            c10_50k       : 0.0630 (acc: 0.9930)
[2018/09/25 13:37:16 __main__ INFO] - Elapsed 48.12
keys:  dict_keys(['epoch', 'c10h_train_loss', 'c10h_train_acc', 'c10h_val_loss', 'c10h_val_acc', 'c10h_train_c10_loss', 'c10h_train_c10_acc', 'c10h_val_c10_loss', 'c10h_val_c10_acc', 'v4_loss', 'v4_acc', 'v6_loss', 'v6_acc', 'c10_50k_loss', 'c10_50k_acc']) 
 c10h_outdir:  /tigress/ruairidh/model_results/run_1/saves/wrn_28_10/con_False_lr_0.01_seed_2
[2018/09/25 13:37:18 __main__ INFO] - Train 49
[2018/09/25 13:37:37 __main__ INFO] - TEST 49
[2018/09/25 13:38:25 __main__ INFO] - - epoch 49    c10h_train    : 0.1830 (acc: 0.9897) | c10h_val    : 0.3208 (acc: 0.9520)
[2018/09/25 13:38:26 __main__ INFO] - -            c10h_train_c10: 0.0633 (acc: 0.9849) | c10h_val_c10: 0.1613 (acc: 0.9550)
[2018/09/25 13:38:26 __main__ INFO] - -            v4            : 0.3609 (acc: 0.8832) |           v6: 0.3373 (acc: 0.8895)
[2018/09/25 13:38:26 __main__ INFO] - -            c10_50k       : 0.0620 (acc: 0.9933)
[2018/09/25 13:38:26 __main__ INFO] - Elapsed 48.11
keys:  dict_keys(['epoch', 'c10h_train_loss', 'c10h_train_acc', 'c10h_val_loss', 'c10h_val_acc', 'c10h_train_c10_loss', 'c10h_train_c10_acc', 'c10h_val_c10_loss', 'c10h_val_c10_acc', 'v4_loss', 'v4_acc', 'v6_loss', 'v6_acc', 'c10_50k_loss', 'c10_50k_acc']) 
 c10h_outdir:  /tigress/ruairidh/model_results/run_1/saves/wrn_28_10/con_False_lr_0.01_seed_2
[2018/09/25 13:38:27 __main__ INFO] - Train 50
[2018/09/25 13:38:47 __main__ INFO] - TEST 50
[2018/09/25 13:39:35 __main__ INFO] - - epoch 50    c10h_train    : 0.1825 (acc: 0.9909) | c10h_val    : 0.3188 (acc: 0.9500)
[2018/09/25 13:39:35 __main__ INFO] - -            c10h_train_c10: 0.0631 (acc: 0.9862) | c10h_val_c10: 0.1607 (acc: 0.9530)
[2018/09/25 13:39:35 __main__ INFO] - -            v4            : 0.3729 (acc: 0.8803) |           v6: 0.3489 (acc: 0.8880)
[2018/09/25 13:39:35 __main__ INFO] - -            c10_50k       : 0.0646 (acc: 0.9926)
[2018/09/25 13:39:35 __main__ INFO] - Elapsed 48.12
keys:  dict_keys(['epoch', 'c10h_train_loss', 'c10h_train_acc', 'c10h_val_loss', 'c10h_val_acc', 'c10h_train_c10_loss', 'c10h_train_c10_acc', 'c10h_val_c10_loss', 'c10h_val_c10_acc', 'v4_loss', 'v4_acc', 'v6_loss', 'v6_acc', 'c10_50k_loss', 'c10_50k_acc']) 
 c10h_outdir:  /tigress/ruairidh/model_results/run_1/saves/wrn_28_10/con_False_lr_0.01_seed_2
[2018/09/25 13:39:36 __main__ INFO] - Train 51
[2018/09/25 13:39:56 __main__ INFO] - TEST 51
[2018/09/25 13:40:44 __main__ INFO] - - epoch 51    c10h_train    : 0.1833 (acc: 0.9891) | c10h_val    : 0.3177 (acc: 0.9490)
[2018/09/25 13:40:44 __main__ INFO] - -            c10h_train_c10: 0.0655 (acc: 0.9836) | c10h_val_c10: 0.1614 (acc: 0.9520)
[2018/09/25 13:40:44 __main__ INFO] - -            v4            : 0.3628 (acc: 0.8803) |           v6: 0.3273 (acc: 0.8980)
[2018/09/25 13:40:44 __main__ INFO] - -            c10_50k       : 0.0657 (acc: 0.9925)
[2018/09/25 13:40:44 __main__ INFO] - Elapsed 48.41
keys:  dict_keys(['epoch', 'c10h_train_loss', 'c10h_train_acc', 'c10h_val_loss', 'c10h_val_acc', 'c10h_train_c10_loss', 'c10h_train_c10_acc', 'c10h_val_c10_loss', 'c10h_val_c10_acc', 'v4_loss', 'v4_acc', 'v6_loss', 'v6_acc', 'c10_50k_loss', 'c10_50k_acc']) 
 c10h_outdir:  /tigress/ruairidh/model_results/run_1/saves/wrn_28_10/con_False_lr_0.01_seed_2
[2018/09/25 13:40:45 __main__ INFO] - Train 52
[2018/09/25 13:41:05 __main__ INFO] - TEST 52
[2018/09/25 13:41:53 __main__ INFO] - - epoch 52    c10h_train    : 0.1820 (acc: 0.9900) | c10h_val    : 0.3250 (acc: 0.9440)
[2018/09/25 13:41:53 __main__ INFO] - -            c10h_train_c10: 0.0625 (acc: 0.9851) | c10h_val_c10: 0.1675 (acc: 0.9470)
[2018/09/25 13:41:53 __main__ INFO] - -            v4            : 0.3752 (acc: 0.8808) |           v6: 0.3387 (acc: 0.8945)
[2018/09/25 13:41:53 __main__ INFO] - -            c10_50k       : 0.0650 (acc: 0.9910)
[2018/09/25 13:41:53 __main__ INFO] - Elapsed 48.16
keys:  dict_keys(['epoch', 'c10h_train_loss', 'c10h_train_acc', 'c10h_val_loss', 'c10h_val_acc', 'c10h_train_c10_loss', 'c10h_train_c10_acc', 'c10h_val_c10_loss', 'c10h_val_c10_acc', 'v4_loss', 'v4_acc', 'v6_loss', 'v6_acc', 'c10_50k_loss', 'c10_50k_acc']) 
 c10h_outdir:  /tigress/ruairidh/model_results/run_1/saves/wrn_28_10/con_False_lr_0.01_seed_2
[2018/09/25 13:41:55 __main__ INFO] - Train 53
[2018/09/25 13:42:14 __main__ INFO] - TEST 53
[2018/09/25 13:43:02 __main__ INFO] - - epoch 53    c10h_train    : 0.1810 (acc: 0.9902) | c10h_val    : 0.3202 (acc: 0.9530)
[2018/09/25 13:43:03 __main__ INFO] - -            c10h_train_c10: 0.0624 (acc: 0.9849) | c10h_val_c10: 0.1607 (acc: 0.9560)
[2018/09/25 13:43:03 __main__ INFO] - -            v4            : 0.3584 (acc: 0.8822) |           v6: 0.3301 (acc: 0.8990)
[2018/09/25 13:43:03 __main__ INFO] - -            c10_50k       : 0.0626 (acc: 0.9926)
[2018/09/25 13:43:03 __main__ INFO] - Elapsed 48.07
keys:  dict_keys(['epoch', 'c10h_train_loss', 'c10h_train_acc', 'c10h_val_loss', 'c10h_val_acc', 'c10h_train_c10_loss', 'c10h_train_c10_acc', 'c10h_val_c10_loss', 'c10h_val_c10_acc', 'v4_loss', 'v4_acc', 'v6_loss', 'v6_acc', 'c10_50k_loss', 'c10_50k_acc']) 
 c10h_outdir:  /tigress/ruairidh/model_results/run_1/saves/wrn_28_10/con_False_lr_0.01_seed_2
[2018/09/25 13:43:05 __main__ INFO] - Train 54
[2018/09/25 13:43:25 __main__ INFO] - TEST 54
[2018/09/25 13:44:13 __main__ INFO] - - epoch 54    c10h_train    : 0.1820 (acc: 0.9906) | c10h_val    : 0.3256 (acc: 0.9510)
[2018/09/25 13:44:13 __main__ INFO] - -            c10h_train_c10: 0.0621 (acc: 0.9879) | c10h_val_c10: 0.1672 (acc: 0.9540)
[2018/09/25 13:44:13 __main__ INFO] - -            v4            : 0.3734 (acc: 0.8788) |           v6: 0.3449 (acc: 0.8895)
[2018/09/25 13:44:13 __main__ INFO] - -            c10_50k       : 0.0652 (acc: 0.9920)
[2018/09/25 13:44:13 __main__ INFO] - Elapsed 48.21
keys:  dict_keys(['epoch', 'c10h_train_loss', 'c10h_train_acc', 'c10h_val_loss', 'c10h_val_acc', 'c10h_train_c10_loss', 'c10h_train_c10_acc', 'c10h_val_c10_loss', 'c10h_val_c10_acc', 'v4_loss', 'v4_acc', 'v6_loss', 'v6_acc', 'c10_50k_loss', 'c10_50k_acc']) 
 c10h_outdir:  /tigress/ruairidh/model_results/run_1/saves/wrn_28_10/con_False_lr_0.01_seed_2
[2018/09/25 13:44:14 __main__ INFO] - Train 55
[2018/09/25 13:44:34 __main__ INFO] - TEST 55
[2018/09/25 13:45:22 __main__ INFO] - - epoch 55    c10h_train    : 0.1815 (acc: 0.9901) | c10h_val    : 0.3183 (acc: 0.9550)
[2018/09/25 13:45:22 __main__ INFO] - -            c10h_train_c10: 0.0658 (acc: 0.9860) | c10h_val_c10: 0.1595 (acc: 0.9580)
[2018/09/25 13:45:22 __main__ INFO] - -            v4            : 0.3802 (acc: 0.8793) |           v6: 0.3472 (acc: 0.8905)
[2018/09/25 13:45:22 __main__ INFO] - -            c10_50k       : 0.0674 (acc: 0.9920)
[2018/09/25 13:45:22 __main__ INFO] - Elapsed 48.23
keys:  dict_keys(['epoch', 'c10h_train_loss', 'c10h_train_acc', 'c10h_val_loss', 'c10h_val_acc', 'c10h_train_c10_loss', 'c10h_train_c10_acc', 'c10h_val_c10_loss', 'c10h_val_c10_acc', 'v4_loss', 'v4_acc', 'v6_loss', 'v6_acc', 'c10_50k_loss', 'c10_50k_acc']) 
 c10h_outdir:  /tigress/ruairidh/model_results/run_1/saves/wrn_28_10/con_False_lr_0.01_seed_2
[2018/09/25 13:45:24 __main__ INFO] - Train 56
[2018/09/25 13:45:43 __main__ INFO] - TEST 56
[2018/09/25 13:46:32 __main__ INFO] - - epoch 56    c10h_train    : 0.1806 (acc: 0.9912) | c10h_val    : 0.3226 (acc: 0.9540)
[2018/09/25 13:46:32 __main__ INFO] - -            c10h_train_c10: 0.0617 (acc: 0.9877) | c10h_val_c10: 0.1600 (acc: 0.9570)
[2018/09/25 13:46:32 __main__ INFO] - -            v4            : 0.3689 (acc: 0.8808) |           v6: 0.3428 (acc: 0.8925)
[2018/09/25 13:46:32 __main__ INFO] - -            c10_50k       : 0.0663 (acc: 0.9919)
[2018/09/25 13:46:32 __main__ INFO] - Elapsed 48.21
keys:  dict_keys(['epoch', 'c10h_train_loss', 'c10h_train_acc', 'c10h_val_loss', 'c10h_val_acc', 'c10h_train_c10_loss', 'c10h_train_c10_acc', 'c10h_val_c10_loss', 'c10h_val_c10_acc', 'v4_loss', 'v4_acc', 'v6_loss', 'v6_acc', 'c10_50k_loss', 'c10_50k_acc']) 
 c10h_outdir:  /tigress/ruairidh/model_results/run_1/saves/wrn_28_10/con_False_lr_0.01_seed_2
[2018/09/25 13:46:32 __main__ INFO] - Train 57
[2018/09/25 13:46:52 __main__ INFO] - TEST 57
[2018/09/25 13:47:40 __main__ INFO] - - epoch 57    c10h_train    : 0.1807 (acc: 0.9901) | c10h_val    : 0.3276 (acc: 0.9530)
[2018/09/25 13:47:40 __main__ INFO] - -            c10h_train_c10: 0.0616 (acc: 0.9841) | c10h_val_c10: 0.1641 (acc: 0.9560)
[2018/09/25 13:47:40 __main__ INFO] - -            v4            : 0.3695 (acc: 0.8798) |           v6: 0.3395 (acc: 0.8910)
[2018/09/25 13:47:40 __main__ INFO] - -            c10_50k       : 0.0623 (acc: 0.9918)
[2018/09/25 13:47:40 __main__ INFO] - Elapsed 48.30
keys:  dict_keys(['epoch', 'c10h_train_loss', 'c10h_train_acc', 'c10h_val_loss', 'c10h_val_acc', 'c10h_train_c10_loss', 'c10h_train_c10_acc', 'c10h_val_c10_loss', 'c10h_val_c10_acc', 'v4_loss', 'v4_acc', 'v6_loss', 'v6_acc', 'c10_50k_loss', 'c10_50k_acc']) 
 c10h_outdir:  /tigress/ruairidh/model_results/run_1/saves/wrn_28_10/con_False_lr_0.01_seed_2
[2018/09/25 13:47:42 __main__ INFO] - Train 58
[2018/09/25 13:48:02 __main__ INFO] - TEST 58
[2018/09/25 13:48:50 __main__ INFO] - - epoch 58    c10h_train    : 0.1801 (acc: 0.9907) | c10h_val    : 0.3247 (acc: 0.9470)
[2018/09/25 13:48:50 __main__ INFO] - -            c10h_train_c10: 0.0658 (acc: 0.9860) | c10h_val_c10: 0.1705 (acc: 0.9500)
[2018/09/25 13:48:50 __main__ INFO] - -            v4            : 0.3694 (acc: 0.8822) |           v6: 0.3462 (acc: 0.8950)
[2018/09/25 13:48:50 __main__ INFO] - -            c10_50k       : 0.0692 (acc: 0.9913)
[2018/09/25 13:48:50 __main__ INFO] - Elapsed 48.28
keys:  dict_keys(['epoch', 'c10h_train_loss', 'c10h_train_acc', 'c10h_val_loss', 'c10h_val_acc', 'c10h_train_c10_loss', 'c10h_train_c10_acc', 'c10h_val_c10_loss', 'c10h_val_c10_acc', 'v4_loss', 'v4_acc', 'v6_loss', 'v6_acc', 'c10_50k_loss', 'c10_50k_acc']) 
 c10h_outdir:  /tigress/ruairidh/model_results/run_1/saves/wrn_28_10/con_False_lr_0.01_seed_2
[2018/09/25 13:48:51 __main__ INFO] - Train 59
[2018/09/25 13:49:10 __main__ INFO] - TEST 59
[2018/09/25 13:49:58 __main__ INFO] - - epoch 59    c10h_train    : 0.1802 (acc: 0.9914) | c10h_val    : 0.3290 (acc: 0.9500)
[2018/09/25 13:49:58 __main__ INFO] - -            c10h_train_c10: 0.0561 (acc: 0.9866) | c10h_val_c10: 0.1624 (acc: 0.9530)
[2018/09/25 13:49:58 __main__ INFO] - -            v4            : 0.3621 (acc: 0.8812) |           v6: 0.3333 (acc: 0.8950)
[2018/09/25 13:49:58 __main__ INFO] - -            c10_50k       : 0.0556 (acc: 0.9927)
[2018/09/25 13:49:58 __main__ INFO] - Elapsed 48.19
keys:  dict_keys(['epoch', 'c10h_train_loss', 'c10h_train_acc', 'c10h_val_loss', 'c10h_val_acc', 'c10h_train_c10_loss', 'c10h_train_c10_acc', 'c10h_val_c10_loss', 'c10h_val_c10_acc', 'v4_loss', 'v4_acc', 'v6_loss', 'v6_acc', 'c10_50k_loss', 'c10_50k_acc']) 
 c10h_outdir:  /tigress/ruairidh/model_results/run_1/saves/wrn_28_10/con_False_lr_0.01_seed_2
[2018/09/25 13:49:59 __main__ INFO] - Train 60
[2018/09/25 13:50:19 __main__ INFO] - TEST 60
[2018/09/25 13:51:07 __main__ INFO] - - epoch 60    c10h_train    : 0.1801 (acc: 0.9897) | c10h_val    : 0.3230 (acc: 0.9480)
[2018/09/25 13:51:07 __main__ INFO] - -            c10h_train_c10: 0.0672 (acc: 0.9841) | c10h_val_c10: 0.1654 (acc: 0.9510)
[2018/09/25 13:51:07 __main__ INFO] - -            v4            : 0.3682 (acc: 0.8817) |           v6: 0.3404 (acc: 0.8930)
[2018/09/25 13:51:07 __main__ INFO] - -            c10_50k       : 0.0677 (acc: 0.9916)
[2018/09/25 13:51:07 __main__ INFO] - Elapsed 48.23
keys:  dict_keys(['epoch', 'c10h_train_loss', 'c10h_train_acc', 'c10h_val_loss', 'c10h_val_acc', 'c10h_train_c10_loss', 'c10h_train_c10_acc', 'c10h_val_c10_loss', 'c10h_val_c10_acc', 'v4_loss', 'v4_acc', 'v6_loss', 'v6_acc', 'c10_50k_loss', 'c10_50k_acc']) 
 c10h_outdir:  /tigress/ruairidh/model_results/run_1/saves/wrn_28_10/con_False_lr_0.01_seed_2
[2018/09/25 13:51:07 __main__ INFO] - Train 61
[2018/09/25 13:51:27 __main__ INFO] - TEST 61
[2018/09/25 13:52:15 __main__ INFO] - - epoch 61    c10h_train    : 0.1778 (acc: 0.9909) | c10h_val    : 0.3223 (acc: 0.9500)
[2018/09/25 13:52:15 __main__ INFO] - -            c10h_train_c10: 0.0615 (acc: 0.9862) | c10h_val_c10: 0.1619 (acc: 0.9530)
[2018/09/25 13:52:15 __main__ INFO] - -            v4            : 0.3671 (acc: 0.8837) |           v6: 0.3319 (acc: 0.8920)
[2018/09/25 13:52:15 __main__ INFO] - -            c10_50k       : 0.0604 (acc: 0.9933)
[2018/09/25 13:52:15 __main__ INFO] - Elapsed 48.10
keys:  dict_keys(['epoch', 'c10h_train_loss', 'c10h_train_acc', 'c10h_val_loss', 'c10h_val_acc', 'c10h_train_c10_loss', 'c10h_train_c10_acc', 'c10h_val_c10_loss', 'c10h_val_c10_acc', 'v4_loss', 'v4_acc', 'v6_loss', 'v6_acc', 'c10_50k_loss', 'c10_50k_acc']) 
 c10h_outdir:  /tigress/ruairidh/model_results/run_1/saves/wrn_28_10/con_False_lr_0.01_seed_2
[2018/09/25 13:52:16 __main__ INFO] - Train 62
[2018/09/25 13:52:35 __main__ INFO] - TEST 62
[2018/09/25 13:53:23 __main__ INFO] - - epoch 62    c10h_train    : 0.1769 (acc: 0.9914) | c10h_val    : 0.3227 (acc: 0.9510)
[2018/09/25 13:53:23 __main__ INFO] - -            c10h_train_c10: 0.0612 (acc: 0.9869) | c10h_val_c10: 0.1627 (acc: 0.9540)
[2018/09/25 13:53:23 __main__ INFO] - -            v4            : 0.3599 (acc: 0.8832) |           v6: 0.3282 (acc: 0.8965)
[2018/09/25 13:53:23 __main__ INFO] - -            c10_50k       : 0.0603 (acc: 0.9933)
[2018/09/25 13:53:23 __main__ INFO] - Elapsed 48.21
keys:  dict_keys(['epoch', 'c10h_train_loss', 'c10h_train_acc', 'c10h_val_loss', 'c10h_val_acc', 'c10h_train_c10_loss', 'c10h_train_c10_acc', 'c10h_val_c10_loss', 'c10h_val_c10_acc', 'v4_loss', 'v4_acc', 'v6_loss', 'v6_acc', 'c10_50k_loss', 'c10_50k_acc']) 
 c10h_outdir:  /tigress/ruairidh/model_results/run_1/saves/wrn_28_10/con_False_lr_0.01_seed_2
[2018/09/25 13:53:26 __main__ INFO] - Train 63
[2018/09/25 13:53:45 __main__ INFO] - TEST 63
[2018/09/25 13:54:33 __main__ INFO] - - epoch 63    c10h_train    : 0.1768 (acc: 0.9914) | c10h_val    : 0.3203 (acc: 0.9540)
[2018/09/25 13:54:34 __main__ INFO] - -            c10h_train_c10: 0.0617 (acc: 0.9867) | c10h_val_c10: 0.1606 (acc: 0.9570)
[2018/09/25 13:54:34 __main__ INFO] - -            v4            : 0.3592 (acc: 0.8837) |           v6: 0.3315 (acc: 0.8960)
[2018/09/25 13:54:34 __main__ INFO] - -            c10_50k       : 0.0596 (acc: 0.9936)
[2018/09/25 13:54:34 __main__ INFO] - Elapsed 48.20
keys:  dict_keys(['epoch', 'c10h_train_loss', 'c10h_train_acc', 'c10h_val_loss', 'c10h_val_acc', 'c10h_train_c10_loss', 'c10h_train_c10_acc', 'c10h_val_c10_loss', 'c10h_val_c10_acc', 'v4_loss', 'v4_acc', 'v6_loss', 'v6_acc', 'c10_50k_loss', 'c10_50k_acc']) 
 c10h_outdir:  /tigress/ruairidh/model_results/run_1/saves/wrn_28_10/con_False_lr_0.01_seed_2
[2018/09/25 13:54:36 __main__ INFO] - Train 64
[2018/09/25 13:54:55 __main__ INFO] - TEST 64
[2018/09/25 13:55:44 __main__ INFO] - - epoch 64    c10h_train    : 0.1761 (acc: 0.9926) | c10h_val    : 0.3214 (acc: 0.9540)
[2018/09/25 13:55:44 __main__ INFO] - -            c10h_train_c10: 0.0615 (acc: 0.9876) | c10h_val_c10: 0.1629 (acc: 0.9570)
[2018/09/25 13:55:44 __main__ INFO] - -            v4            : 0.3646 (acc: 0.8822) |           v6: 0.3301 (acc: 0.8985)
[2018/09/25 13:55:44 __main__ INFO] - -            c10_50k       : 0.0601 (acc: 0.9936)
[2018/09/25 13:55:44 __main__ INFO] - Elapsed 48.19
keys:  dict_keys(['epoch', 'c10h_train_loss', 'c10h_train_acc', 'c10h_val_loss', 'c10h_val_acc', 'c10h_train_c10_loss', 'c10h_train_c10_acc', 'c10h_val_c10_loss', 'c10h_val_c10_acc', 'v4_loss', 'v4_acc', 'v6_loss', 'v6_acc', 'c10_50k_loss', 'c10_50k_acc']) 
 c10h_outdir:  /tigress/ruairidh/model_results/run_1/saves/wrn_28_10/con_False_lr_0.01_seed_2
[2018/09/25 13:55:44 __main__ INFO] - Train 65
slurmstepd: error: *** JOB 1456666 ON tiger-i20g12 CANCELLED AT 2018-09-25T13:55:46 DUE TO TIME LIMIT ***
