entering inner script
activating virtual env
wrn_28_10
identifier: con_False_lr_0.001_seed_1
--arch=wrn --c10h_save_interval=2 --dataset=CIFAR10H --no_output --c10h_datasplit_seed=1 --human_tune --nonhuman_control=False --base_lr=0.001
wrn_28_10_control:False_lr:0.001_seed:1.out
entering python script
/tigress/ruairidh/model_results/run_1/wrn_28_10/model_best_state.pth
/tigress/ruairidh/model_results/run_1/saves/wrn_28_10/con_False_lr_0.001_seed_1
Using TensorFlow backend.
[2018/09/25 12:40:43 __main__ INFO] - {
  "model_config": {
    "arch": "wrn",
    "input_shape": [
      1,
      3,
      32,
      32
    ],
    "n_classes": 10,
    "base_channels": 16,
    "depth": 28,
    "widening_factor": 10,
    "drop_rate": 0
  },
  "optim_config": {
    "epochs": 200,
    "batch_size": 128,
    "optimizer": "sgd",
    "base_lr": 0.001,
    "weight_decay": 0.0005,
    "momentum": 0.9,
    "nesterov": true,
    "scheduler": "multistep",
    "milestones": [
      60,
      120,
      160
    ],
    "lr_decay": 0.2
  },
  "data_config": {
    "dataset": "CIFAR10H",
    "n_classes": 10,
    "num_workers": 7,
    "batch_size": 128,
    "use_cutout": false,
    "use_random_erasing": false,
    "use_mixup": false,
    "c10h_sample": false,
    "c10h_testsplit_percent": 0.1,
    "c10h_datasplit_seed": 1,
    "use_gpu": true
  },
  "run_config": {
    "seed": 17,
    "test_first": true,
    "gpu": "0",
    "tensorboard": false,
    "tensorboard_train_images": false,
    "tensorboard_test_images": false,
    "tensorboard_model_params": false,
    "resume": "/tigress/ruairidh/model_results/run_1/wrn_28_10/model_best_state.pth",
    "human_tune": true,
    "no_output": true,
    "test_only": false,
    "nonhuman_control": false,
    "c10h_scores_outdir": "/tigress/ruairidh/model_results/run_1/saves/wrn_28_10/con_False_lr_0.001_seed_1",
    "c10h_save_interval": "2",
    "use_gpu": true
  },
  "env_info": {
    "pytorch_version": "0.4.1",
    "cuda_version": "9.0.176",
    "cudnn_version": 7102,
    "gpu0": {
      "name": "Tesla P100-PCIE-16GB",
      "capability": "6.0"
    }
  }
}
Files already downloaded and verified
Files already downloaded and verified
Files already downloaded and verified
Files already downloaded and verified
Files already downloaded and verified
[2018/09/25 12:40:47 __main__ INFO] - Loading model...
[2018/09/25 12:40:48 __main__ INFO] - n_params: 36479194
[2018/09/25 12:40:49 __main__ INFO] - Done
=> loading checkpoint '/tigress/ruairidh/model_results/run_1/wrn_28_10/model_best_state.pth'
=> loaded checkpoint '/tigress/ruairidh/model_results/run_1/wrn_28_10/model_best_state.pth' (epoch 197)
[2018/09/25 12:40:49 __main__ INFO] - TEST 0
[2018/09/25 12:41:39 __main__ INFO] - - epoch 0    c10h_train    : 0.4616 (acc: 0.9479) | c10h_val    : 0.4554 (acc: 0.9650)
[2018/09/25 12:41:39 __main__ INFO] - -            c10h_train_c10: 0.1773 (acc: 0.9502) | c10h_val_c10: 0.1349 (acc: 0.9690)
[2018/09/25 12:41:39 __main__ INFO] - -            v4            : 0.4034 (acc: 0.8986) |           v6: 0.3818 (acc: 0.9100)
[2018/09/25 12:41:39 __main__ INFO] - -            c10_50k       : 0.0012 (acc: 1.0000)
[2018/09/25 12:41:39 __main__ INFO] - Elapsed 50.25
keys:  dict_keys(['epoch', 'c10h_train_loss', 'c10h_train_acc', 'c10h_val_loss', 'c10h_val_acc', 'c10h_train_c10_loss', 'c10h_train_c10_acc', 'c10h_val_c10_loss', 'c10h_val_c10_acc', 'v4_loss', 'v4_acc', 'v6_loss', 'v6_acc', 'c10_50k_loss', 'c10_50k_acc']) 
 c10h_outdir:  /tigress/ruairidh/model_results/run_1/saves/wrn_28_10/con_False_lr_0.001_seed_1
[2018/09/25 12:41:40 __main__ INFO] - Train 1
[2018/09/25 12:42:01 __main__ INFO] - TEST 1
[2018/09/25 12:42:49 __main__ INFO] - - epoch 1    c10h_train    : 0.3309 (acc: 0.9580) | c10h_val    : 0.3805 (acc: 0.9470)
[2018/09/25 12:42:49 __main__ INFO] - -            c10h_train_c10: 0.1123 (acc: 0.9590) | c10h_val_c10: 0.1515 (acc: 0.9490)
[2018/09/25 12:42:49 __main__ INFO] - -            v4            : 0.3421 (acc: 0.8926) |           v6: 0.3328 (acc: 0.9005)
[2018/09/25 12:42:49 __main__ INFO] - -            c10_50k       : 0.0106 (acc: 0.9998)
[2018/09/25 12:42:49 __main__ INFO] - Elapsed 48.13
keys:  dict_keys(['epoch', 'c10h_train_loss', 'c10h_train_acc', 'c10h_val_loss', 'c10h_val_acc', 'c10h_train_c10_loss', 'c10h_train_c10_acc', 'c10h_val_c10_loss', 'c10h_val_c10_acc', 'v4_loss', 'v4_acc', 'v6_loss', 'v6_acc', 'c10_50k_loss', 'c10_50k_acc']) 
 c10h_outdir:  /tigress/ruairidh/model_results/run_1/saves/wrn_28_10/con_False_lr_0.001_seed_1
[2018/09/25 12:42:50 __main__ INFO] - Train 2
[2018/09/25 12:43:09 __main__ INFO] - TEST 2
[2018/09/25 12:43:57 __main__ INFO] - - epoch 2    c10h_train    : 0.2875 (acc: 0.9657) | c10h_val    : 0.3361 (acc: 0.9470)
[2018/09/25 12:43:57 __main__ INFO] - -            c10h_train_c10: 0.1088 (acc: 0.9666) | c10h_val_c10: 0.1492 (acc: 0.9500)
[2018/09/25 12:43:57 __main__ INFO] - -            v4            : 0.3481 (acc: 0.8902) |           v6: 0.3125 (acc: 0.9000)
[2018/09/25 12:43:57 __main__ INFO] - -            c10_50k       : 0.0245 (acc: 0.9998)
[2018/09/25 12:43:57 __main__ INFO] - Elapsed 47.70
keys:  dict_keys(['epoch', 'c10h_train_loss', 'c10h_train_acc', 'c10h_val_loss', 'c10h_val_acc', 'c10h_train_c10_loss', 'c10h_train_c10_acc', 'c10h_val_c10_loss', 'c10h_val_c10_acc', 'v4_loss', 'v4_acc', 'v6_loss', 'v6_acc', 'c10_50k_loss', 'c10_50k_acc']) 
 c10h_outdir:  /tigress/ruairidh/model_results/run_1/saves/wrn_28_10/con_False_lr_0.001_seed_1
[2018/09/25 12:43:58 __main__ INFO] - Train 3
[2018/09/25 12:44:17 __main__ INFO] - TEST 3
[2018/09/25 12:45:05 __main__ INFO] - - epoch 3    c10h_train    : 0.2655 (acc: 0.9719) | c10h_val    : 0.3098 (acc: 0.9540)
[2018/09/25 12:45:05 __main__ INFO] - -            c10h_train_c10: 0.1000 (acc: 0.9737) | c10h_val_c10: 0.1348 (acc: 0.9590)
[2018/09/25 12:45:05 __main__ INFO] - -            v4            : 0.3330 (acc: 0.8961) |           v6: 0.2973 (acc: 0.9020)
[2018/09/25 12:45:05 __main__ INFO] - -            c10_50k       : 0.0293 (acc: 1.0000)
[2018/09/25 12:45:05 __main__ INFO] - Elapsed 47.65
keys:  dict_keys(['epoch', 'c10h_train_loss', 'c10h_train_acc', 'c10h_val_loss', 'c10h_val_acc', 'c10h_train_c10_loss', 'c10h_train_c10_acc', 'c10h_val_c10_loss', 'c10h_val_c10_acc', 'v4_loss', 'v4_acc', 'v6_loss', 'v6_acc', 'c10_50k_loss', 'c10_50k_acc']) 
 c10h_outdir:  /tigress/ruairidh/model_results/run_1/saves/wrn_28_10/con_False_lr_0.001_seed_1
[2018/09/25 12:45:08 __main__ INFO] - Train 4
[2018/09/25 12:45:27 __main__ INFO] - TEST 4
[2018/09/25 12:46:15 __main__ INFO] - - epoch 4    c10h_train    : 0.2529 (acc: 0.9743) | c10h_val    : 0.3135 (acc: 0.9530)
[2018/09/25 12:46:15 __main__ INFO] - -            c10h_train_c10: 0.0925 (acc: 0.9758) | c10h_val_c10: 0.1436 (acc: 0.9560)
[2018/09/25 12:46:15 __main__ INFO] - -            v4            : 0.3155 (acc: 0.8946) |           v6: 0.2981 (acc: 0.9035)
[2018/09/25 12:46:15 __main__ INFO] - -            c10_50k       : 0.0299 (acc: 0.9997)
[2018/09/25 12:46:15 __main__ INFO] - Elapsed 47.49
keys:  dict_keys(['epoch', 'c10h_train_loss', 'c10h_train_acc', 'c10h_val_loss', 'c10h_val_acc', 'c10h_train_c10_loss', 'c10h_train_c10_acc', 'c10h_val_c10_loss', 'c10h_val_c10_acc', 'v4_loss', 'v4_acc', 'v6_loss', 'v6_acc', 'c10_50k_loss', 'c10_50k_acc']) 
 c10h_outdir:  /tigress/ruairidh/model_results/run_1/saves/wrn_28_10/con_False_lr_0.001_seed_1
[2018/09/25 12:46:15 __main__ INFO] - Train 5
[2018/09/25 12:46:35 __main__ INFO] - TEST 5
[2018/09/25 12:47:22 __main__ INFO] - - epoch 5    c10h_train    : 0.2463 (acc: 0.9768) | c10h_val    : 0.3041 (acc: 0.9540)
[2018/09/25 12:47:22 __main__ INFO] - -            c10h_train_c10: 0.0879 (acc: 0.9772) | c10h_val_c10: 0.1399 (acc: 0.9570)
[2018/09/25 12:47:22 __main__ INFO] - -            v4            : 0.3337 (acc: 0.8961) |           v6: 0.3019 (acc: 0.9030)
[2018/09/25 12:47:22 __main__ INFO] - -            c10_50k       : 0.0310 (acc: 0.9996)
[2018/09/25 12:47:22 __main__ INFO] - Elapsed 47.61
keys:  dict_keys(['epoch', 'c10h_train_loss', 'c10h_train_acc', 'c10h_val_loss', 'c10h_val_acc', 'c10h_train_c10_loss', 'c10h_train_c10_acc', 'c10h_val_c10_loss', 'c10h_val_c10_acc', 'v4_loss', 'v4_acc', 'v6_loss', 'v6_acc', 'c10_50k_loss', 'c10_50k_acc']) 
 c10h_outdir:  /tigress/ruairidh/model_results/run_1/saves/wrn_28_10/con_False_lr_0.001_seed_1
[2018/09/25 12:47:23 __main__ INFO] - Train 6
[2018/09/25 12:47:42 __main__ INFO] - TEST 6
[2018/09/25 12:48:30 __main__ INFO] - - epoch 6    c10h_train    : 0.2412 (acc: 0.9786) | c10h_val    : 0.3012 (acc: 0.9500)
[2018/09/25 12:48:30 __main__ INFO] - -            c10h_train_c10: 0.0826 (acc: 0.9793) | c10h_val_c10: 0.1369 (acc: 0.9510)
[2018/09/25 12:48:30 __main__ INFO] - -            v4            : 0.3255 (acc: 0.8951) |           v6: 0.3029 (acc: 0.9000)
[2018/09/25 12:48:30 __main__ INFO] - -            c10_50k       : 0.0314 (acc: 0.9995)
[2018/09/25 12:48:30 __main__ INFO] - Elapsed 47.57
keys:  dict_keys(['epoch', 'c10h_train_loss', 'c10h_train_acc', 'c10h_val_loss', 'c10h_val_acc', 'c10h_train_c10_loss', 'c10h_train_c10_acc', 'c10h_val_c10_loss', 'c10h_val_c10_acc', 'v4_loss', 'v4_acc', 'v6_loss', 'v6_acc', 'c10_50k_loss', 'c10_50k_acc']) 
 c10h_outdir:  /tigress/ruairidh/model_results/run_1/saves/wrn_28_10/con_False_lr_0.001_seed_1
[2018/09/25 12:48:31 __main__ INFO] - Train 7
[2018/09/25 12:48:50 __main__ INFO] - TEST 7
[2018/09/25 12:49:38 __main__ INFO] - - epoch 7    c10h_train    : 0.2363 (acc: 0.9807) | c10h_val    : 0.3053 (acc: 0.9490)
[2018/09/25 12:49:38 __main__ INFO] - -            c10h_train_c10: 0.0817 (acc: 0.9801) | c10h_val_c10: 0.1430 (acc: 0.9510)
[2018/09/25 12:49:38 __main__ INFO] - -            v4            : 0.3247 (acc: 0.8976) |           v6: 0.2994 (acc: 0.8995)
[2018/09/25 12:49:38 __main__ INFO] - -            c10_50k       : 0.0323 (acc: 0.9998)
[2018/09/25 12:49:38 __main__ INFO] - Elapsed 47.51
keys:  dict_keys(['epoch', 'c10h_train_loss', 'c10h_train_acc', 'c10h_val_loss', 'c10h_val_acc', 'c10h_train_c10_loss', 'c10h_train_c10_acc', 'c10h_val_c10_loss', 'c10h_val_c10_acc', 'v4_loss', 'v4_acc', 'v6_loss', 'v6_acc', 'c10_50k_loss', 'c10_50k_acc']) 
 c10h_outdir:  /tigress/ruairidh/model_results/run_1/saves/wrn_28_10/con_False_lr_0.001_seed_1
[2018/09/25 12:49:40 __main__ INFO] - Train 8
[2018/09/25 12:50:00 __main__ INFO] - TEST 8
[2018/09/25 12:50:48 __main__ INFO] - - epoch 8    c10h_train    : 0.2325 (acc: 0.9823) | c10h_val    : 0.3056 (acc: 0.9560)
[2018/09/25 12:50:48 __main__ INFO] - -            c10h_train_c10: 0.0756 (acc: 0.9826) | c10h_val_c10: 0.1407 (acc: 0.9570)
[2018/09/25 12:50:48 __main__ INFO] - -            v4            : 0.3308 (acc: 0.9000) |           v6: 0.3015 (acc: 0.8995)
[2018/09/25 12:50:48 __main__ INFO] - -            c10_50k       : 0.0313 (acc: 0.9997)
[2018/09/25 12:50:48 __main__ INFO] - Elapsed 47.66
keys:  dict_keys(['epoch', 'c10h_train_loss', 'c10h_train_acc', 'c10h_val_loss', 'c10h_val_acc', 'c10h_train_c10_loss', 'c10h_train_c10_acc', 'c10h_val_c10_loss', 'c10h_val_c10_acc', 'v4_loss', 'v4_acc', 'v6_loss', 'v6_acc', 'c10_50k_loss', 'c10_50k_acc']) 
 c10h_outdir:  /tigress/ruairidh/model_results/run_1/saves/wrn_28_10/con_False_lr_0.001_seed_1
[2018/09/25 12:50:49 __main__ INFO] - Train 9
[2018/09/25 12:51:08 __main__ INFO] - TEST 9
[2018/09/25 12:51:56 __main__ INFO] - - epoch 9    c10h_train    : 0.2294 (acc: 0.9850) | c10h_val    : 0.3079 (acc: 0.9510)
[2018/09/25 12:51:56 __main__ INFO] - -            c10h_train_c10: 0.0750 (acc: 0.9820) | c10h_val_c10: 0.1448 (acc: 0.9520)
[2018/09/25 12:51:56 __main__ INFO] - -            v4            : 0.3272 (acc: 0.8961) |           v6: 0.3030 (acc: 0.9020)
[2018/09/25 12:51:56 __main__ INFO] - -            c10_50k       : 0.0311 (acc: 0.9997)
[2018/09/25 12:51:56 __main__ INFO] - Elapsed 47.36
keys:  dict_keys(['epoch', 'c10h_train_loss', 'c10h_train_acc', 'c10h_val_loss', 'c10h_val_acc', 'c10h_train_c10_loss', 'c10h_train_c10_acc', 'c10h_val_c10_loss', 'c10h_val_c10_acc', 'v4_loss', 'v4_acc', 'v6_loss', 'v6_acc', 'c10_50k_loss', 'c10_50k_acc']) 
 c10h_outdir:  /tigress/ruairidh/model_results/run_1/saves/wrn_28_10/con_False_lr_0.001_seed_1
[2018/09/25 12:51:57 __main__ INFO] - Train 10
[2018/09/25 12:52:17 __main__ INFO] - TEST 10
[2018/09/25 12:53:04 __main__ INFO] - - epoch 10    c10h_train    : 0.2263 (acc: 0.9861) | c10h_val    : 0.3062 (acc: 0.9540)
[2018/09/25 12:53:04 __main__ INFO] - -            c10h_train_c10: 0.0698 (acc: 0.9852) | c10h_val_c10: 0.1438 (acc: 0.9560)
[2018/09/25 12:53:04 __main__ INFO] - -            v4            : 0.3296 (acc: 0.8936) |           v6: 0.3013 (acc: 0.9005)
[2018/09/25 12:53:04 __main__ INFO] - -            c10_50k       : 0.0314 (acc: 0.9998)
[2018/09/25 12:53:04 __main__ INFO] - Elapsed 47.31
keys:  dict_keys(['epoch', 'c10h_train_loss', 'c10h_train_acc', 'c10h_val_loss', 'c10h_val_acc', 'c10h_train_c10_loss', 'c10h_train_c10_acc', 'c10h_val_c10_loss', 'c10h_val_c10_acc', 'v4_loss', 'v4_acc', 'v6_loss', 'v6_acc', 'c10_50k_loss', 'c10_50k_acc']) 
 c10h_outdir:  /tigress/ruairidh/model_results/run_1/saves/wrn_28_10/con_False_lr_0.001_seed_1
[2018/09/25 12:53:06 __main__ INFO] - Train 11
[2018/09/25 12:53:25 __main__ INFO] - TEST 11
[2018/09/25 12:54:13 __main__ INFO] - - epoch 11    c10h_train    : 0.2244 (acc: 0.9857) | c10h_val    : 0.3047 (acc: 0.9560)
[2018/09/25 12:54:13 __main__ INFO] - -            c10h_train_c10: 0.0687 (acc: 0.9842) | c10h_val_c10: 0.1426 (acc: 0.9570)
[2018/09/25 12:54:13 __main__ INFO] - -            v4            : 0.3238 (acc: 0.8926) |           v6: 0.3020 (acc: 0.8990)
[2018/09/25 12:54:13 __main__ INFO] - -            c10_50k       : 0.0316 (acc: 0.9996)
[2018/09/25 12:54:13 __main__ INFO] - Elapsed 47.65
keys:  dict_keys(['epoch', 'c10h_train_loss', 'c10h_train_acc', 'c10h_val_loss', 'c10h_val_acc', 'c10h_train_c10_loss', 'c10h_train_c10_acc', 'c10h_val_c10_loss', 'c10h_val_c10_acc', 'v4_loss', 'v4_acc', 'v6_loss', 'v6_acc', 'c10_50k_loss', 'c10_50k_acc']) 
 c10h_outdir:  /tigress/ruairidh/model_results/run_1/saves/wrn_28_10/con_False_lr_0.001_seed_1
[2018/09/25 12:54:14 __main__ INFO] - Train 12
[2018/09/25 12:54:34 __main__ INFO] - TEST 12
[2018/09/25 12:55:21 __main__ INFO] - - epoch 12    c10h_train    : 0.2236 (acc: 0.9867) | c10h_val    : 0.3034 (acc: 0.9540)
[2018/09/25 12:55:21 __main__ INFO] - -            c10h_train_c10: 0.0675 (acc: 0.9850) | c10h_val_c10: 0.1403 (acc: 0.9550)
[2018/09/25 12:55:21 __main__ INFO] - -            v4            : 0.3372 (acc: 0.8911) |           v6: 0.2987 (acc: 0.8990)
[2018/09/25 12:55:21 __main__ INFO] - -            c10_50k       : 0.0303 (acc: 0.9996)
[2018/09/25 12:55:21 __main__ INFO] - Elapsed 47.66
keys:  dict_keys(['epoch', 'c10h_train_loss', 'c10h_train_acc', 'c10h_val_loss', 'c10h_val_acc', 'c10h_train_c10_loss', 'c10h_train_c10_acc', 'c10h_val_c10_loss', 'c10h_val_c10_acc', 'v4_loss', 'v4_acc', 'v6_loss', 'v6_acc', 'c10_50k_loss', 'c10_50k_acc']) 
 c10h_outdir:  /tigress/ruairidh/model_results/run_1/saves/wrn_28_10/con_False_lr_0.001_seed_1
[2018/09/25 12:55:22 __main__ INFO] - Train 13
[2018/09/25 12:55:42 __main__ INFO] - TEST 13
[2018/09/25 12:56:29 __main__ INFO] - - epoch 13    c10h_train    : 0.2210 (acc: 0.9867) | c10h_val    : 0.3023 (acc: 0.9530)
[2018/09/25 12:56:30 __main__ INFO] - -            c10h_train_c10: 0.0686 (acc: 0.9848) | c10h_val_c10: 0.1411 (acc: 0.9540)
[2018/09/25 12:56:30 __main__ INFO] - -            v4            : 0.3480 (acc: 0.8862) |           v6: 0.2943 (acc: 0.9015)
[2018/09/25 12:56:30 __main__ INFO] - -            c10_50k       : 0.0317 (acc: 0.9997)
[2018/09/25 12:56:30 __main__ INFO] - Elapsed 47.76
keys:  dict_keys(['epoch', 'c10h_train_loss', 'c10h_train_acc', 'c10h_val_loss', 'c10h_val_acc', 'c10h_train_c10_loss', 'c10h_train_c10_acc', 'c10h_val_c10_loss', 'c10h_val_c10_acc', 'v4_loss', 'v4_acc', 'v6_loss', 'v6_acc', 'c10_50k_loss', 'c10_50k_acc']) 
 c10h_outdir:  /tigress/ruairidh/model_results/run_1/saves/wrn_28_10/con_False_lr_0.001_seed_1
[2018/09/25 12:56:30 __main__ INFO] - Train 14
[2018/09/25 12:56:50 __main__ INFO] - TEST 14
[2018/09/25 12:57:37 __main__ INFO] - - epoch 14    c10h_train    : 0.2196 (acc: 0.9867) | c10h_val    : 0.3034 (acc: 0.9540)
[2018/09/25 12:57:37 __main__ INFO] - -            c10h_train_c10: 0.0687 (acc: 0.9849) | c10h_val_c10: 0.1439 (acc: 0.9550)
[2018/09/25 12:57:37 __main__ INFO] - -            v4            : 0.3320 (acc: 0.8916) |           v6: 0.2998 (acc: 0.9030)
[2018/09/25 12:57:37 __main__ INFO] - -            c10_50k       : 0.0334 (acc: 0.9995)
[2018/09/25 12:57:37 __main__ INFO] - Elapsed 47.57
keys:  dict_keys(['epoch', 'c10h_train_loss', 'c10h_train_acc', 'c10h_val_loss', 'c10h_val_acc', 'c10h_train_c10_loss', 'c10h_train_c10_acc', 'c10h_val_c10_loss', 'c10h_val_c10_acc', 'v4_loss', 'v4_acc', 'v6_loss', 'v6_acc', 'c10_50k_loss', 'c10_50k_acc']) 
 c10h_outdir:  /tigress/ruairidh/model_results/run_1/saves/wrn_28_10/con_False_lr_0.001_seed_1
[2018/09/25 12:57:39 __main__ INFO] - Train 15
[2018/09/25 12:57:58 __main__ INFO] - TEST 15
[2018/09/25 12:58:46 __main__ INFO] - - epoch 15    c10h_train    : 0.2184 (acc: 0.9858) | c10h_val    : 0.2999 (acc: 0.9540)
[2018/09/25 12:58:46 __main__ INFO] - -            c10h_train_c10: 0.0664 (acc: 0.9838) | c10h_val_c10: 0.1404 (acc: 0.9550)
[2018/09/25 12:58:46 __main__ INFO] - -            v4            : 0.3268 (acc: 0.8961) |           v6: 0.2936 (acc: 0.9030)
[2018/09/25 12:58:46 __main__ INFO] - -            c10_50k       : 0.0326 (acc: 0.9995)
[2018/09/25 12:58:46 __main__ INFO] - Elapsed 47.58
keys:  dict_keys(['epoch', 'c10h_train_loss', 'c10h_train_acc', 'c10h_val_loss', 'c10h_val_acc', 'c10h_train_c10_loss', 'c10h_train_c10_acc', 'c10h_val_c10_loss', 'c10h_val_c10_acc', 'v4_loss', 'v4_acc', 'v6_loss', 'v6_acc', 'c10_50k_loss', 'c10_50k_acc']) 
 c10h_outdir:  /tigress/ruairidh/model_results/run_1/saves/wrn_28_10/con_False_lr_0.001_seed_1
[2018/09/25 12:58:47 __main__ INFO] - Train 16
[2018/09/25 12:59:06 __main__ INFO] - TEST 16
[2018/09/25 12:59:54 __main__ INFO] - - epoch 16    c10h_train    : 0.2177 (acc: 0.9868) | c10h_val    : 0.3016 (acc: 0.9550)
[2018/09/25 12:59:54 __main__ INFO] - -            c10h_train_c10: 0.0635 (acc: 0.9854) | c10h_val_c10: 0.1395 (acc: 0.9560)
[2018/09/25 12:59:54 __main__ INFO] - -            v4            : 0.3392 (acc: 0.8906) |           v6: 0.2997 (acc: 0.9035)
[2018/09/25 12:59:54 __main__ INFO] - -            c10_50k       : 0.0316 (acc: 0.9994)
[2018/09/25 12:59:54 __main__ INFO] - Elapsed 47.81
keys:  dict_keys(['epoch', 'c10h_train_loss', 'c10h_train_acc', 'c10h_val_loss', 'c10h_val_acc', 'c10h_train_c10_loss', 'c10h_train_c10_acc', 'c10h_val_c10_loss', 'c10h_val_c10_acc', 'v4_loss', 'v4_acc', 'v6_loss', 'v6_acc', 'c10_50k_loss', 'c10_50k_acc']) 
 c10h_outdir:  /tigress/ruairidh/model_results/run_1/saves/wrn_28_10/con_False_lr_0.001_seed_1
[2018/09/25 12:59:56 __main__ INFO] - Train 17
[2018/09/25 13:00:16 __main__ INFO] - TEST 17
[2018/09/25 13:01:04 __main__ INFO] - - epoch 17    c10h_train    : 0.2161 (acc: 0.9877) | c10h_val    : 0.2998 (acc: 0.9560)
[2018/09/25 13:01:04 __main__ INFO] - -            c10h_train_c10: 0.0666 (acc: 0.9852) | c10h_val_c10: 0.1405 (acc: 0.9570)
[2018/09/25 13:01:04 __main__ INFO] - -            v4            : 0.3199 (acc: 0.8946) |           v6: 0.2919 (acc: 0.9030)
[2018/09/25 13:01:04 __main__ INFO] - -            c10_50k       : 0.0327 (acc: 0.9993)
[2018/09/25 13:01:04 __main__ INFO] - Elapsed 47.88
keys:  dict_keys(['epoch', 'c10h_train_loss', 'c10h_train_acc', 'c10h_val_loss', 'c10h_val_acc', 'c10h_train_c10_loss', 'c10h_train_c10_acc', 'c10h_val_c10_loss', 'c10h_val_c10_acc', 'v4_loss', 'v4_acc', 'v6_loss', 'v6_acc', 'c10_50k_loss', 'c10_50k_acc']) 
 c10h_outdir:  /tigress/ruairidh/model_results/run_1/saves/wrn_28_10/con_False_lr_0.001_seed_1
[2018/09/25 13:01:05 __main__ INFO] - Train 18
[2018/09/25 13:01:25 __main__ INFO] - TEST 18
[2018/09/25 13:02:12 __main__ INFO] - - epoch 18    c10h_train    : 0.2152 (acc: 0.9883) | c10h_val    : 0.3072 (acc: 0.9520)
[2018/09/25 13:02:12 __main__ INFO] - -            c10h_train_c10: 0.0631 (acc: 0.9860) | c10h_val_c10: 0.1477 (acc: 0.9530)
[2018/09/25 13:02:12 __main__ INFO] - -            v4            : 0.3181 (acc: 0.8981) |           v6: 0.2939 (acc: 0.9105)
[2018/09/25 13:02:12 __main__ INFO] - -            c10_50k       : 0.0329 (acc: 0.9994)
[2018/09/25 13:02:12 __main__ INFO] - Elapsed 47.56
keys:  dict_keys(['epoch', 'c10h_train_loss', 'c10h_train_acc', 'c10h_val_loss', 'c10h_val_acc', 'c10h_train_c10_loss', 'c10h_train_c10_acc', 'c10h_val_c10_loss', 'c10h_val_c10_acc', 'v4_loss', 'v4_acc', 'v6_loss', 'v6_acc', 'c10_50k_loss', 'c10_50k_acc']) 
 c10h_outdir:  /tigress/ruairidh/model_results/run_1/saves/wrn_28_10/con_False_lr_0.001_seed_1
[2018/09/25 13:02:15 __main__ INFO] - Train 19
[2018/09/25 13:02:34 __main__ INFO] - TEST 19
[2018/09/25 13:03:22 __main__ INFO] - - epoch 19    c10h_train    : 0.2133 (acc: 0.9882) | c10h_val    : 0.3053 (acc: 0.9550)
[2018/09/25 13:03:22 __main__ INFO] - -            c10h_train_c10: 0.0628 (acc: 0.9850) | c10h_val_c10: 0.1453 (acc: 0.9560)
[2018/09/25 13:03:22 __main__ INFO] - -            v4            : 0.3292 (acc: 0.8936) |           v6: 0.2961 (acc: 0.9025)
[2018/09/25 13:03:22 __main__ INFO] - -            c10_50k       : 0.0319 (acc: 0.9995)
[2018/09/25 13:03:22 __main__ INFO] - Elapsed 47.88
keys:  dict_keys(['epoch', 'c10h_train_loss', 'c10h_train_acc', 'c10h_val_loss', 'c10h_val_acc', 'c10h_train_c10_loss', 'c10h_train_c10_acc', 'c10h_val_c10_loss', 'c10h_val_c10_acc', 'v4_loss', 'v4_acc', 'v6_loss', 'v6_acc', 'c10_50k_loss', 'c10_50k_acc']) 
 c10h_outdir:  /tigress/ruairidh/model_results/run_1/saves/wrn_28_10/con_False_lr_0.001_seed_1
[2018/09/25 13:03:24 __main__ INFO] - Train 20
[2018/09/25 13:03:44 __main__ INFO] - TEST 20
[2018/09/25 13:04:31 __main__ INFO] - - epoch 20    c10h_train    : 0.2128 (acc: 0.9879) | c10h_val    : 0.3016 (acc: 0.9540)
[2018/09/25 13:04:31 __main__ INFO] - -            c10h_train_c10: 0.0649 (acc: 0.9846) | c10h_val_c10: 0.1448 (acc: 0.9550)
[2018/09/25 13:04:31 __main__ INFO] - -            v4            : 0.3279 (acc: 0.8916) |           v6: 0.2951 (acc: 0.9060)
[2018/09/25 13:04:31 __main__ INFO] - -            c10_50k       : 0.0335 (acc: 0.9992)
[2018/09/25 13:04:31 __main__ INFO] - Elapsed 47.57
keys:  dict_keys(['epoch', 'c10h_train_loss', 'c10h_train_acc', 'c10h_val_loss', 'c10h_val_acc', 'c10h_train_c10_loss', 'c10h_train_c10_acc', 'c10h_val_c10_loss', 'c10h_val_c10_acc', 'v4_loss', 'v4_acc', 'v6_loss', 'v6_acc', 'c10_50k_loss', 'c10_50k_acc']) 
 c10h_outdir:  /tigress/ruairidh/model_results/run_1/saves/wrn_28_10/con_False_lr_0.001_seed_1
[2018/09/25 13:04:33 __main__ INFO] - Train 21
[2018/09/25 13:04:52 __main__ INFO] - TEST 21
[2018/09/25 13:05:40 __main__ INFO] - - epoch 21    c10h_train    : 0.2121 (acc: 0.9887) | c10h_val    : 0.3045 (acc: 0.9550)
[2018/09/25 13:05:40 __main__ INFO] - -            c10h_train_c10: 0.0625 (acc: 0.9869) | c10h_val_c10: 0.1447 (acc: 0.9560)
[2018/09/25 13:05:40 __main__ INFO] - -            v4            : 0.3420 (acc: 0.8887) |           v6: 0.2994 (acc: 0.9030)
[2018/09/25 13:05:40 __main__ INFO] - -            c10_50k       : 0.0323 (acc: 0.9994)
[2018/09/25 13:05:40 __main__ INFO] - Elapsed 47.56
keys:  dict_keys(['epoch', 'c10h_train_loss', 'c10h_train_acc', 'c10h_val_loss', 'c10h_val_acc', 'c10h_train_c10_loss', 'c10h_train_c10_acc', 'c10h_val_c10_loss', 'c10h_val_c10_acc', 'v4_loss', 'v4_acc', 'v6_loss', 'v6_acc', 'c10_50k_loss', 'c10_50k_acc']) 
 c10h_outdir:  /tigress/ruairidh/model_results/run_1/saves/wrn_28_10/con_False_lr_0.001_seed_1
[2018/09/25 13:05:41 __main__ INFO] - Train 22
[2018/09/25 13:06:01 __main__ INFO] - TEST 22
[2018/09/25 13:06:48 __main__ INFO] - - epoch 22    c10h_train    : 0.2125 (acc: 0.9880) | c10h_val    : 0.3060 (acc: 0.9500)
[2018/09/25 13:06:48 __main__ INFO] - -            c10h_train_c10: 0.0639 (acc: 0.9856) | c10h_val_c10: 0.1490 (acc: 0.9510)
[2018/09/25 13:06:48 __main__ INFO] - -            v4            : 0.3318 (acc: 0.8986) |           v6: 0.2951 (acc: 0.9050)
[2018/09/25 13:06:48 __main__ INFO] - -            c10_50k       : 0.0335 (acc: 0.9993)
[2018/09/25 13:06:48 __main__ INFO] - Elapsed 47.74
keys:  dict_keys(['epoch', 'c10h_train_loss', 'c10h_train_acc', 'c10h_val_loss', 'c10h_val_acc', 'c10h_train_c10_loss', 'c10h_train_c10_acc', 'c10h_val_c10_loss', 'c10h_val_c10_acc', 'v4_loss', 'v4_acc', 'v6_loss', 'v6_acc', 'c10_50k_loss', 'c10_50k_acc']) 
 c10h_outdir:  /tigress/ruairidh/model_results/run_1/saves/wrn_28_10/con_False_lr_0.001_seed_1
[2018/09/25 13:06:51 __main__ INFO] - Train 23
[2018/09/25 13:07:10 __main__ INFO] - TEST 23
[2018/09/25 13:07:58 __main__ INFO] - - epoch 23    c10h_train    : 0.2111 (acc: 0.9890) | c10h_val    : 0.3035 (acc: 0.9540)
[2018/09/25 13:07:58 __main__ INFO] - -            c10h_train_c10: 0.0617 (acc: 0.9867) | c10h_val_c10: 0.1457 (acc: 0.9550)
[2018/09/25 13:07:58 __main__ INFO] - -            v4            : 0.3362 (acc: 0.8897) |           v6: 0.3037 (acc: 0.9005)
[2018/09/25 13:07:58 __main__ INFO] - -            c10_50k       : 0.0335 (acc: 0.9993)
[2018/09/25 13:07:58 __main__ INFO] - Elapsed 47.47
keys:  dict_keys(['epoch', 'c10h_train_loss', 'c10h_train_acc', 'c10h_val_loss', 'c10h_val_acc', 'c10h_train_c10_loss', 'c10h_train_c10_acc', 'c10h_val_c10_loss', 'c10h_val_c10_acc', 'v4_loss', 'v4_acc', 'v6_loss', 'v6_acc', 'c10_50k_loss', 'c10_50k_acc']) 
 c10h_outdir:  /tigress/ruairidh/model_results/run_1/saves/wrn_28_10/con_False_lr_0.001_seed_1
[2018/09/25 13:08:00 __main__ INFO] - Train 24
[2018/09/25 13:08:19 __main__ INFO] - TEST 24
[2018/09/25 13:09:07 __main__ INFO] - - epoch 24    c10h_train    : 0.2100 (acc: 0.9892) | c10h_val    : 0.3063 (acc: 0.9520)
[2018/09/25 13:09:07 __main__ INFO] - -            c10h_train_c10: 0.0616 (acc: 0.9869) | c10h_val_c10: 0.1499 (acc: 0.9530)
[2018/09/25 13:09:07 __main__ INFO] - -            v4            : 0.3292 (acc: 0.8921) |           v6: 0.2975 (acc: 0.9015)
[2018/09/25 13:09:07 __main__ INFO] - -            c10_50k       : 0.0339 (acc: 0.9993)
[2018/09/25 13:09:07 __main__ INFO] - Elapsed 47.77
keys:  dict_keys(['epoch', 'c10h_train_loss', 'c10h_train_acc', 'c10h_val_loss', 'c10h_val_acc', 'c10h_train_c10_loss', 'c10h_train_c10_acc', 'c10h_val_c10_loss', 'c10h_val_c10_acc', 'v4_loss', 'v4_acc', 'v6_loss', 'v6_acc', 'c10_50k_loss', 'c10_50k_acc']) 
 c10h_outdir:  /tigress/ruairidh/model_results/run_1/saves/wrn_28_10/con_False_lr_0.001_seed_1
[2018/09/25 13:09:10 __main__ INFO] - Train 25
[2018/09/25 13:09:29 __main__ INFO] - TEST 25
[2018/09/25 13:10:17 __main__ INFO] - - epoch 25    c10h_train    : 0.2098 (acc: 0.9880) | c10h_val    : 0.3008 (acc: 0.9570)
[2018/09/25 13:10:17 __main__ INFO] - -            c10h_train_c10: 0.0634 (acc: 0.9857) | c10h_val_c10: 0.1443 (acc: 0.9580)
[2018/09/25 13:10:17 __main__ INFO] - -            v4            : 0.3333 (acc: 0.8897) |           v6: 0.2926 (acc: 0.9040)
[2018/09/25 13:10:17 __main__ INFO] - -            c10_50k       : 0.0338 (acc: 0.9993)
[2018/09/25 13:10:17 __main__ INFO] - Elapsed 47.93
keys:  dict_keys(['epoch', 'c10h_train_loss', 'c10h_train_acc', 'c10h_val_loss', 'c10h_val_acc', 'c10h_train_c10_loss', 'c10h_train_c10_acc', 'c10h_val_c10_loss', 'c10h_val_c10_acc', 'v4_loss', 'v4_acc', 'v6_loss', 'v6_acc', 'c10_50k_loss', 'c10_50k_acc']) 
 c10h_outdir:  /tigress/ruairidh/model_results/run_1/saves/wrn_28_10/con_False_lr_0.001_seed_1
[2018/09/25 13:10:20 __main__ INFO] - Train 26
[2018/09/25 13:10:39 __main__ INFO] - TEST 26
[2018/09/25 13:11:27 __main__ INFO] - - epoch 26    c10h_train    : 0.2086 (acc: 0.9881) | c10h_val    : 0.3036 (acc: 0.9530)
[2018/09/25 13:11:27 __main__ INFO] - -            c10h_train_c10: 0.0633 (acc: 0.9847) | c10h_val_c10: 0.1483 (acc: 0.9540)
[2018/09/25 13:11:27 __main__ INFO] - -            v4            : 0.3123 (acc: 0.8976) |           v6: 0.3014 (acc: 0.9005)
[2018/09/25 13:11:27 __main__ INFO] - -            c10_50k       : 0.0337 (acc: 0.9992)
[2018/09/25 13:11:27 __main__ INFO] - Elapsed 47.55
keys:  dict_keys(['epoch', 'c10h_train_loss', 'c10h_train_acc', 'c10h_val_loss', 'c10h_val_acc', 'c10h_train_c10_loss', 'c10h_train_c10_acc', 'c10h_val_c10_loss', 'c10h_val_c10_acc', 'v4_loss', 'v4_acc', 'v6_loss', 'v6_acc', 'c10_50k_loss', 'c10_50k_acc']) 
 c10h_outdir:  /tigress/ruairidh/model_results/run_1/saves/wrn_28_10/con_False_lr_0.001_seed_1
[2018/09/25 13:11:27 __main__ INFO] - Train 27
[2018/09/25 13:11:46 __main__ INFO] - TEST 27
[2018/09/25 13:12:34 __main__ INFO] - - epoch 27    c10h_train    : 0.2087 (acc: 0.9891) | c10h_val    : 0.3012 (acc: 0.9530)
[2018/09/25 13:12:34 __main__ INFO] - -            c10h_train_c10: 0.0622 (acc: 0.9857) | c10h_val_c10: 0.1465 (acc: 0.9540)
[2018/09/25 13:12:34 __main__ INFO] - -            v4            : 0.3346 (acc: 0.8921) |           v6: 0.3014 (acc: 0.9030)
[2018/09/25 13:12:34 __main__ INFO] - -            c10_50k       : 0.0336 (acc: 0.9990)
[2018/09/25 13:12:34 __main__ INFO] - Elapsed 47.78
keys:  dict_keys(['epoch', 'c10h_train_loss', 'c10h_train_acc', 'c10h_val_loss', 'c10h_val_acc', 'c10h_train_c10_loss', 'c10h_train_c10_acc', 'c10h_val_c10_loss', 'c10h_val_c10_acc', 'v4_loss', 'v4_acc', 'v6_loss', 'v6_acc', 'c10_50k_loss', 'c10_50k_acc']) 
 c10h_outdir:  /tigress/ruairidh/model_results/run_1/saves/wrn_28_10/con_False_lr_0.001_seed_1
[2018/09/25 13:12:37 __main__ INFO] - Train 28
[2018/09/25 13:12:56 __main__ INFO] - TEST 28
[2018/09/25 13:13:44 __main__ INFO] - - epoch 28    c10h_train    : 0.2083 (acc: 0.9892) | c10h_val    : 0.3027 (acc: 0.9530)
[2018/09/25 13:13:44 __main__ INFO] - -            c10h_train_c10: 0.0596 (acc: 0.9868) | c10h_val_c10: 0.1456 (acc: 0.9540)
[2018/09/25 13:13:44 __main__ INFO] - -            v4            : 0.3281 (acc: 0.8926) |           v6: 0.2995 (acc: 0.9015)
[2018/09/25 13:13:44 __main__ INFO] - -            c10_50k       : 0.0322 (acc: 0.9993)
[2018/09/25 13:13:44 __main__ INFO] - Elapsed 47.55
keys:  dict_keys(['epoch', 'c10h_train_loss', 'c10h_train_acc', 'c10h_val_loss', 'c10h_val_acc', 'c10h_train_c10_loss', 'c10h_train_c10_acc', 'c10h_val_c10_loss', 'c10h_val_c10_acc', 'v4_loss', 'v4_acc', 'v6_loss', 'v6_acc', 'c10_50k_loss', 'c10_50k_acc']) 
 c10h_outdir:  /tigress/ruairidh/model_results/run_1/saves/wrn_28_10/con_False_lr_0.001_seed_1
[2018/09/25 13:13:45 __main__ INFO] - Train 29
[2018/09/25 13:14:04 __main__ INFO] - TEST 29
[2018/09/25 13:14:52 __main__ INFO] - - epoch 29    c10h_train    : 0.2072 (acc: 0.9890) | c10h_val    : 0.3057 (acc: 0.9520)
[2018/09/25 13:14:52 __main__ INFO] - -            c10h_train_c10: 0.0607 (acc: 0.9872) | c10h_val_c10: 0.1507 (acc: 0.9530)
[2018/09/25 13:14:52 __main__ INFO] - -            v4            : 0.3280 (acc: 0.8916) |           v6: 0.3008 (acc: 0.9035)
[2018/09/25 13:14:52 __main__ INFO] - -            c10_50k       : 0.0339 (acc: 0.9991)
[2018/09/25 13:14:52 __main__ INFO] - Elapsed 47.69
keys:  dict_keys(['epoch', 'c10h_train_loss', 'c10h_train_acc', 'c10h_val_loss', 'c10h_val_acc', 'c10h_train_c10_loss', 'c10h_train_c10_acc', 'c10h_val_c10_loss', 'c10h_val_c10_acc', 'v4_loss', 'v4_acc', 'v6_loss', 'v6_acc', 'c10_50k_loss', 'c10_50k_acc']) 
 c10h_outdir:  /tigress/ruairidh/model_results/run_1/saves/wrn_28_10/con_False_lr_0.001_seed_1
[2018/09/25 13:14:58 __main__ INFO] - Train 30
[2018/09/25 13:15:18 __main__ INFO] - TEST 30
[2018/09/25 13:16:06 __main__ INFO] - - epoch 30    c10h_train    : 0.2066 (acc: 0.9897) | c10h_val    : 0.3027 (acc: 0.9500)
[2018/09/25 13:16:06 __main__ INFO] - -            c10h_train_c10: 0.0599 (acc: 0.9871) | c10h_val_c10: 0.1475 (acc: 0.9510)
[2018/09/25 13:16:06 __main__ INFO] - -            v4            : 0.3433 (acc: 0.8902) |           v6: 0.3048 (acc: 0.9025)
[2018/09/25 13:16:06 __main__ INFO] - -            c10_50k       : 0.0335 (acc: 0.9989)
[2018/09/25 13:16:06 __main__ INFO] - Elapsed 47.91
keys:  dict_keys(['epoch', 'c10h_train_loss', 'c10h_train_acc', 'c10h_val_loss', 'c10h_val_acc', 'c10h_train_c10_loss', 'c10h_train_c10_acc', 'c10h_val_c10_loss', 'c10h_val_c10_acc', 'v4_loss', 'v4_acc', 'v6_loss', 'v6_acc', 'c10_50k_loss', 'c10_50k_acc']) 
 c10h_outdir:  /tigress/ruairidh/model_results/run_1/saves/wrn_28_10/con_False_lr_0.001_seed_1
[2018/09/25 13:16:07 __main__ INFO] - Train 31
[2018/09/25 13:16:26 __main__ INFO] - TEST 31
[2018/09/25 13:17:14 __main__ INFO] - - epoch 31    c10h_train    : 0.2063 (acc: 0.9899) | c10h_val    : 0.3039 (acc: 0.9550)
[2018/09/25 13:17:14 __main__ INFO] - -            c10h_train_c10: 0.0612 (acc: 0.9861) | c10h_val_c10: 0.1494 (acc: 0.9560)
[2018/09/25 13:17:14 __main__ INFO] - -            v4            : 0.3319 (acc: 0.8971) |           v6: 0.3014 (acc: 0.9015)
[2018/09/25 13:17:14 __main__ INFO] - -            c10_50k       : 0.0339 (acc: 0.9992)
[2018/09/25 13:17:14 __main__ INFO] - Elapsed 47.60
keys:  dict_keys(['epoch', 'c10h_train_loss', 'c10h_train_acc', 'c10h_val_loss', 'c10h_val_acc', 'c10h_train_c10_loss', 'c10h_train_c10_acc', 'c10h_val_c10_loss', 'c10h_val_c10_acc', 'v4_loss', 'v4_acc', 'v6_loss', 'v6_acc', 'c10_50k_loss', 'c10_50k_acc']) 
 c10h_outdir:  /tigress/ruairidh/model_results/run_1/saves/wrn_28_10/con_False_lr_0.001_seed_1
[2018/09/25 13:17:15 __main__ INFO] - Train 32
[2018/09/25 13:17:34 __main__ INFO] - TEST 32
[2018/09/25 13:18:22 __main__ INFO] - - epoch 32    c10h_train    : 0.2064 (acc: 0.9878) | c10h_val    : 0.3075 (acc: 0.9490)
[2018/09/25 13:18:22 __main__ INFO] - -            c10h_train_c10: 0.0654 (acc: 0.9842) | c10h_val_c10: 0.1545 (acc: 0.9500)
[2018/09/25 13:18:22 __main__ INFO] - -            v4            : 0.3351 (acc: 0.8946) |           v6: 0.2993 (acc: 0.9065)
[2018/09/25 13:18:22 __main__ INFO] - -            c10_50k       : 0.0356 (acc: 0.9992)
[2018/09/25 13:18:22 __main__ INFO] - Elapsed 47.52
keys:  dict_keys(['epoch', 'c10h_train_loss', 'c10h_train_acc', 'c10h_val_loss', 'c10h_val_acc', 'c10h_train_c10_loss', 'c10h_train_c10_acc', 'c10h_val_c10_loss', 'c10h_val_c10_acc', 'v4_loss', 'v4_acc', 'v6_loss', 'v6_acc', 'c10_50k_loss', 'c10_50k_acc']) 
 c10h_outdir:  /tigress/ruairidh/model_results/run_1/saves/wrn_28_10/con_False_lr_0.001_seed_1
[2018/09/25 13:18:24 __main__ INFO] - Train 33
[2018/09/25 13:18:44 __main__ INFO] - TEST 33
[2018/09/25 13:19:32 __main__ INFO] - - epoch 33    c10h_train    : 0.2046 (acc: 0.9891) | c10h_val    : 0.3044 (acc: 0.9500)
[2018/09/25 13:19:32 __main__ INFO] - -            c10h_train_c10: 0.0611 (acc: 0.9853) | c10h_val_c10: 0.1507 (acc: 0.9510)
[2018/09/25 13:19:32 __main__ INFO] - -            v4            : 0.3415 (acc: 0.8921) |           v6: 0.3094 (acc: 0.9025)
[2018/09/25 13:19:32 __main__ INFO] - -            c10_50k       : 0.0341 (acc: 0.9992)
[2018/09/25 13:19:32 __main__ INFO] - Elapsed 47.96
keys:  dict_keys(['epoch', 'c10h_train_loss', 'c10h_train_acc', 'c10h_val_loss', 'c10h_val_acc', 'c10h_train_c10_loss', 'c10h_train_c10_acc', 'c10h_val_c10_loss', 'c10h_val_c10_acc', 'v4_loss', 'v4_acc', 'v6_loss', 'v6_acc', 'c10_50k_loss', 'c10_50k_acc']) 
 c10h_outdir:  /tigress/ruairidh/model_results/run_1/saves/wrn_28_10/con_False_lr_0.001_seed_1
[2018/09/25 13:19:35 __main__ INFO] - Train 34
[2018/09/25 13:19:54 __main__ INFO] - TEST 34
[2018/09/25 13:20:42 __main__ INFO] - - epoch 34    c10h_train    : 0.2042 (acc: 0.9890) | c10h_val    : 0.3057 (acc: 0.9520)
[2018/09/25 13:20:42 __main__ INFO] - -            c10h_train_c10: 0.0643 (acc: 0.9851) | c10h_val_c10: 0.1538 (acc: 0.9530)
[2018/09/25 13:20:42 __main__ INFO] - -            v4            : 0.3303 (acc: 0.8951) |           v6: 0.3087 (acc: 0.9000)
[2018/09/25 13:20:42 __main__ INFO] - -            c10_50k       : 0.0359 (acc: 0.9989)
[2018/09/25 13:20:42 __main__ INFO] - Elapsed 48.03
keys:  dict_keys(['epoch', 'c10h_train_loss', 'c10h_train_acc', 'c10h_val_loss', 'c10h_val_acc', 'c10h_train_c10_loss', 'c10h_train_c10_acc', 'c10h_val_c10_loss', 'c10h_val_c10_acc', 'v4_loss', 'v4_acc', 'v6_loss', 'v6_acc', 'c10_50k_loss', 'c10_50k_acc']) 
 c10h_outdir:  /tigress/ruairidh/model_results/run_1/saves/wrn_28_10/con_False_lr_0.001_seed_1
[2018/09/25 13:20:44 __main__ INFO] - Train 35
[2018/09/25 13:21:03 __main__ INFO] - TEST 35
[2018/09/25 13:21:51 __main__ INFO] - - epoch 35    c10h_train    : 0.2046 (acc: 0.9887) | c10h_val    : 0.3023 (acc: 0.9540)
[2018/09/25 13:21:51 __main__ INFO] - -            c10h_train_c10: 0.0608 (acc: 0.9861) | c10h_val_c10: 0.1473 (acc: 0.9550)
[2018/09/25 13:21:51 __main__ INFO] - -            v4            : 0.3317 (acc: 0.8882) |           v6: 0.3034 (acc: 0.9060)
[2018/09/25 13:21:51 __main__ INFO] - -            c10_50k       : 0.0338 (acc: 0.9993)
[2018/09/25 13:21:51 __main__ INFO] - Elapsed 47.59
keys:  dict_keys(['epoch', 'c10h_train_loss', 'c10h_train_acc', 'c10h_val_loss', 'c10h_val_acc', 'c10h_train_c10_loss', 'c10h_train_c10_acc', 'c10h_val_c10_loss', 'c10h_val_c10_acc', 'v4_loss', 'v4_acc', 'v6_loss', 'v6_acc', 'c10_50k_loss', 'c10_50k_acc']) 
 c10h_outdir:  /tigress/ruairidh/model_results/run_1/saves/wrn_28_10/con_False_lr_0.001_seed_1
[2018/09/25 13:21:53 __main__ INFO] - Train 36
[2018/09/25 13:22:12 __main__ INFO] - TEST 36
[2018/09/25 13:23:00 __main__ INFO] - - epoch 36    c10h_train    : 0.2036 (acc: 0.9896) | c10h_val    : 0.3001 (acc: 0.9530)
[2018/09/25 13:23:00 __main__ INFO] - -            c10h_train_c10: 0.0614 (acc: 0.9853) | c10h_val_c10: 0.1461 (acc: 0.9540)
[2018/09/25 13:23:00 __main__ INFO] - -            v4            : 0.3350 (acc: 0.8921) |           v6: 0.3030 (acc: 0.9020)
[2018/09/25 13:23:00 __main__ INFO] - -            c10_50k       : 0.0336 (acc: 0.9993)
[2018/09/25 13:23:00 __main__ INFO] - Elapsed 47.87
keys:  dict_keys(['epoch', 'c10h_train_loss', 'c10h_train_acc', 'c10h_val_loss', 'c10h_val_acc', 'c10h_train_c10_loss', 'c10h_train_c10_acc', 'c10h_val_c10_loss', 'c10h_val_c10_acc', 'v4_loss', 'v4_acc', 'v6_loss', 'v6_acc', 'c10_50k_loss', 'c10_50k_acc']) 
 c10h_outdir:  /tigress/ruairidh/model_results/run_1/saves/wrn_28_10/con_False_lr_0.001_seed_1
[2018/09/25 13:23:02 __main__ INFO] - Train 37
[2018/09/25 13:23:21 __main__ INFO] - TEST 37
[2018/09/25 13:24:09 __main__ INFO] - - epoch 37    c10h_train    : 0.2033 (acc: 0.9890) | c10h_val    : 0.3017 (acc: 0.9520)
[2018/09/25 13:24:09 __main__ INFO] - -            c10h_train_c10: 0.0607 (acc: 0.9859) | c10h_val_c10: 0.1488 (acc: 0.9520)
[2018/09/25 13:24:09 __main__ INFO] - -            v4            : 0.3436 (acc: 0.8887) |           v6: 0.3003 (acc: 0.9040)
[2018/09/25 13:24:09 __main__ INFO] - -            c10_50k       : 0.0338 (acc: 0.9990)
[2018/09/25 13:24:09 __main__ INFO] - Elapsed 48.03
keys:  dict_keys(['epoch', 'c10h_train_loss', 'c10h_train_acc', 'c10h_val_loss', 'c10h_val_acc', 'c10h_train_c10_loss', 'c10h_train_c10_acc', 'c10h_val_c10_loss', 'c10h_val_c10_acc', 'v4_loss', 'v4_acc', 'v6_loss', 'v6_acc', 'c10_50k_loss', 'c10_50k_acc']) 
 c10h_outdir:  /tigress/ruairidh/model_results/run_1/saves/wrn_28_10/con_False_lr_0.001_seed_1
[2018/09/25 13:24:10 __main__ INFO] - Train 38
[2018/09/25 13:24:30 __main__ INFO] - TEST 38
[2018/09/25 13:25:18 __main__ INFO] - - epoch 38    c10h_train    : 0.2038 (acc: 0.9888) | c10h_val    : 0.2999 (acc: 0.9500)
[2018/09/25 13:25:18 __main__ INFO] - -            c10h_train_c10: 0.0622 (acc: 0.9857) | c10h_val_c10: 0.1469 (acc: 0.9510)
[2018/09/25 13:25:18 __main__ INFO] - -            v4            : 0.3337 (acc: 0.8936) |           v6: 0.3031 (acc: 0.9025)
[2018/09/25 13:25:18 __main__ INFO] - -            c10_50k       : 0.0341 (acc: 0.9993)
[2018/09/25 13:25:18 __main__ INFO] - Elapsed 48.14
keys:  dict_keys(['epoch', 'c10h_train_loss', 'c10h_train_acc', 'c10h_val_loss', 'c10h_val_acc', 'c10h_train_c10_loss', 'c10h_train_c10_acc', 'c10h_val_c10_loss', 'c10h_val_c10_acc', 'v4_loss', 'v4_acc', 'v6_loss', 'v6_acc', 'c10_50k_loss', 'c10_50k_acc']) 
 c10h_outdir:  /tigress/ruairidh/model_results/run_1/saves/wrn_28_10/con_False_lr_0.001_seed_1
[2018/09/25 13:25:19 __main__ INFO] - Train 39
[2018/09/25 13:25:39 __main__ INFO] - TEST 39
[2018/09/25 13:26:27 __main__ INFO] - - epoch 39    c10h_train    : 0.2020 (acc: 0.9883) | c10h_val    : 0.3071 (acc: 0.9500)
[2018/09/25 13:26:27 __main__ INFO] - -            c10h_train_c10: 0.0624 (acc: 0.9851) | c10h_val_c10: 0.1559 (acc: 0.9510)
[2018/09/25 13:26:27 __main__ INFO] - -            v4            : 0.3263 (acc: 0.8911) |           v6: 0.3027 (acc: 0.9025)
[2018/09/25 13:26:27 __main__ INFO] - -            c10_50k       : 0.0354 (acc: 0.9993)
[2018/09/25 13:26:27 __main__ INFO] - Elapsed 47.87
keys:  dict_keys(['epoch', 'c10h_train_loss', 'c10h_train_acc', 'c10h_val_loss', 'c10h_val_acc', 'c10h_train_c10_loss', 'c10h_train_c10_acc', 'c10h_val_c10_loss', 'c10h_val_c10_acc', 'v4_loss', 'v4_acc', 'v6_loss', 'v6_acc', 'c10_50k_loss', 'c10_50k_acc']) 
 c10h_outdir:  /tigress/ruairidh/model_results/run_1/saves/wrn_28_10/con_False_lr_0.001_seed_1
[2018/09/25 13:26:27 __main__ INFO] - Train 40
[2018/09/25 13:26:47 __main__ INFO] - TEST 40
[2018/09/25 13:27:35 __main__ INFO] - - epoch 40    c10h_train    : 0.2024 (acc: 0.9893) | c10h_val    : 0.3075 (acc: 0.9500)
[2018/09/25 13:27:35 __main__ INFO] - -            c10h_train_c10: 0.0590 (acc: 0.9868) | c10h_val_c10: 0.1531 (acc: 0.9510)
[2018/09/25 13:27:35 __main__ INFO] - -            v4            : 0.3225 (acc: 0.8961) |           v6: 0.3004 (acc: 0.9025)
[2018/09/25 13:27:35 __main__ INFO] - -            c10_50k       : 0.0336 (acc: 0.9990)
[2018/09/25 13:27:35 __main__ INFO] - Elapsed 48.00
keys:  dict_keys(['epoch', 'c10h_train_loss', 'c10h_train_acc', 'c10h_val_loss', 'c10h_val_acc', 'c10h_train_c10_loss', 'c10h_train_c10_acc', 'c10h_val_c10_loss', 'c10h_val_c10_acc', 'v4_loss', 'v4_acc', 'v6_loss', 'v6_acc', 'c10_50k_loss', 'c10_50k_acc']) 
 c10h_outdir:  /tigress/ruairidh/model_results/run_1/saves/wrn_28_10/con_False_lr_0.001_seed_1
[2018/09/25 13:27:36 __main__ INFO] - Train 41
[2018/09/25 13:27:56 __main__ INFO] - TEST 41
[2018/09/25 13:28:44 __main__ INFO] - - epoch 41    c10h_train    : 0.2014 (acc: 0.9896) | c10h_val    : 0.3025 (acc: 0.9490)
[2018/09/25 13:28:44 __main__ INFO] - -            c10h_train_c10: 0.0595 (acc: 0.9859) | c10h_val_c10: 0.1482 (acc: 0.9500)
[2018/09/25 13:28:44 __main__ INFO] - -            v4            : 0.3335 (acc: 0.8941) |           v6: 0.2974 (acc: 0.9040)
[2018/09/25 13:28:44 __main__ INFO] - -            c10_50k       : 0.0338 (acc: 0.9989)
[2018/09/25 13:28:44 __main__ INFO] - Elapsed 47.97
keys:  dict_keys(['epoch', 'c10h_train_loss', 'c10h_train_acc', 'c10h_val_loss', 'c10h_val_acc', 'c10h_train_c10_loss', 'c10h_train_c10_acc', 'c10h_val_c10_loss', 'c10h_val_c10_acc', 'v4_loss', 'v4_acc', 'v6_loss', 'v6_acc', 'c10_50k_loss', 'c10_50k_acc']) 
 c10h_outdir:  /tigress/ruairidh/model_results/run_1/saves/wrn_28_10/con_False_lr_0.001_seed_1
[2018/09/25 13:28:46 __main__ INFO] - Train 42
[2018/09/25 13:29:05 __main__ INFO] - TEST 42
[2018/09/25 13:29:53 __main__ INFO] - - epoch 42    c10h_train    : 0.2016 (acc: 0.9896) | c10h_val    : 0.3055 (acc: 0.9490)
[2018/09/25 13:29:53 __main__ INFO] - -            c10h_train_c10: 0.0627 (acc: 0.9861) | c10h_val_c10: 0.1531 (acc: 0.9500)
[2018/09/25 13:29:53 __main__ INFO] - -            v4            : 0.3502 (acc: 0.8906) |           v6: 0.3015 (acc: 0.9050)
[2018/09/25 13:29:53 __main__ INFO] - -            c10_50k       : 0.0354 (acc: 0.9991)
[2018/09/25 13:29:53 __main__ INFO] - Elapsed 47.91
keys:  dict_keys(['epoch', 'c10h_train_loss', 'c10h_train_acc', 'c10h_val_loss', 'c10h_val_acc', 'c10h_train_c10_loss', 'c10h_train_c10_acc', 'c10h_val_c10_loss', 'c10h_val_c10_acc', 'v4_loss', 'v4_acc', 'v6_loss', 'v6_acc', 'c10_50k_loss', 'c10_50k_acc']) 
 c10h_outdir:  /tigress/ruairidh/model_results/run_1/saves/wrn_28_10/con_False_lr_0.001_seed_1
[2018/09/25 13:29:54 __main__ INFO] - Train 43
[2018/09/25 13:30:13 __main__ INFO] - TEST 43
[2018/09/25 13:31:01 __main__ INFO] - - epoch 43    c10h_train    : 0.2018 (acc: 0.9893) | c10h_val    : 0.3056 (acc: 0.9510)
[2018/09/25 13:31:01 __main__ INFO] - -            c10h_train_c10: 0.0595 (acc: 0.9862) | c10h_val_c10: 0.1501 (acc: 0.9520)
[2018/09/25 13:31:01 __main__ INFO] - -            v4            : 0.3457 (acc: 0.8842) |           v6: 0.3078 (acc: 0.9025)
[2018/09/25 13:31:01 __main__ INFO] - -            c10_50k       : 0.0333 (acc: 0.9991)
[2018/09/25 13:31:01 __main__ INFO] - Elapsed 47.79
keys:  dict_keys(['epoch', 'c10h_train_loss', 'c10h_train_acc', 'c10h_val_loss', 'c10h_val_acc', 'c10h_train_c10_loss', 'c10h_train_c10_acc', 'c10h_val_c10_loss', 'c10h_val_c10_acc', 'v4_loss', 'v4_acc', 'v6_loss', 'v6_acc', 'c10_50k_loss', 'c10_50k_acc']) 
 c10h_outdir:  /tigress/ruairidh/model_results/run_1/saves/wrn_28_10/con_False_lr_0.001_seed_1
[2018/09/25 13:31:03 __main__ INFO] - Train 44
[2018/09/25 13:31:22 __main__ INFO] - TEST 44
[2018/09/25 13:32:10 __main__ INFO] - - epoch 44    c10h_train    : 0.2004 (acc: 0.9888) | c10h_val    : 0.3042 (acc: 0.9520)
[2018/09/25 13:32:10 __main__ INFO] - -            c10h_train_c10: 0.0614 (acc: 0.9854) | c10h_val_c10: 0.1529 (acc: 0.9530)
[2018/09/25 13:32:10 __main__ INFO] - -            v4            : 0.3347 (acc: 0.8936) |           v6: 0.3084 (acc: 0.9030)
[2018/09/25 13:32:10 __main__ INFO] - -            c10_50k       : 0.0357 (acc: 0.9990)
[2018/09/25 13:32:10 __main__ INFO] - Elapsed 47.96
keys:  dict_keys(['epoch', 'c10h_train_loss', 'c10h_train_acc', 'c10h_val_loss', 'c10h_val_acc', 'c10h_train_c10_loss', 'c10h_train_c10_acc', 'c10h_val_c10_loss', 'c10h_val_c10_acc', 'v4_loss', 'v4_acc', 'v6_loss', 'v6_acc', 'c10_50k_loss', 'c10_50k_acc']) 
 c10h_outdir:  /tigress/ruairidh/model_results/run_1/saves/wrn_28_10/con_False_lr_0.001_seed_1
[2018/09/25 13:32:11 __main__ INFO] - Train 45
[2018/09/25 13:32:30 __main__ INFO] - TEST 45
[2018/09/25 13:33:18 __main__ INFO] - - epoch 45    c10h_train    : 0.2006 (acc: 0.9899) | c10h_val    : 0.3061 (acc: 0.9490)
[2018/09/25 13:33:18 __main__ INFO] - -            c10h_train_c10: 0.0602 (acc: 0.9867) | c10h_val_c10: 0.1524 (acc: 0.9500)
[2018/09/25 13:33:18 __main__ INFO] - -            v4            : 0.3278 (acc: 0.8921) |           v6: 0.3022 (acc: 0.9035)
[2018/09/25 13:33:18 __main__ INFO] - -            c10_50k       : 0.0342 (acc: 0.9992)
[2018/09/25 13:33:18 __main__ INFO] - Elapsed 48.01
keys:  dict_keys(['epoch', 'c10h_train_loss', 'c10h_train_acc', 'c10h_val_loss', 'c10h_val_acc', 'c10h_train_c10_loss', 'c10h_train_c10_acc', 'c10h_val_c10_loss', 'c10h_val_c10_acc', 'v4_loss', 'v4_acc', 'v6_loss', 'v6_acc', 'c10_50k_loss', 'c10_50k_acc']) 
 c10h_outdir:  /tigress/ruairidh/model_results/run_1/saves/wrn_28_10/con_False_lr_0.001_seed_1
[2018/09/25 13:33:19 __main__ INFO] - Train 46
[2018/09/25 13:33:38 __main__ INFO] - TEST 46
[2018/09/25 13:34:26 __main__ INFO] - - epoch 46    c10h_train    : 0.1998 (acc: 0.9898) | c10h_val    : 0.3041 (acc: 0.9520)
[2018/09/25 13:34:26 __main__ INFO] - -            c10h_train_c10: 0.0627 (acc: 0.9859) | c10h_val_c10: 0.1508 (acc: 0.9530)
[2018/09/25 13:34:26 __main__ INFO] - -            v4            : 0.3301 (acc: 0.8936) |           v6: 0.3050 (acc: 0.9035)
[2018/09/25 13:34:26 __main__ INFO] - -            c10_50k       : 0.0355 (acc: 0.9992)
[2018/09/25 13:34:26 __main__ INFO] - Elapsed 47.90
keys:  dict_keys(['epoch', 'c10h_train_loss', 'c10h_train_acc', 'c10h_val_loss', 'c10h_val_acc', 'c10h_train_c10_loss', 'c10h_train_c10_acc', 'c10h_val_c10_loss', 'c10h_val_c10_acc', 'v4_loss', 'v4_acc', 'v6_loss', 'v6_acc', 'c10_50k_loss', 'c10_50k_acc']) 
 c10h_outdir:  /tigress/ruairidh/model_results/run_1/saves/wrn_28_10/con_False_lr_0.001_seed_1
[2018/09/25 13:34:30 __main__ INFO] - Train 47
[2018/09/25 13:34:50 __main__ INFO] - TEST 47
[2018/09/25 13:35:38 __main__ INFO] - - epoch 47    c10h_train    : 0.1991 (acc: 0.9908) | c10h_val    : 0.3016 (acc: 0.9520)
[2018/09/25 13:35:38 __main__ INFO] - -            c10h_train_c10: 0.0592 (acc: 0.9873) | c10h_val_c10: 0.1475 (acc: 0.9530)
[2018/09/25 13:35:38 __main__ INFO] - -            v4            : 0.3380 (acc: 0.8897) |           v6: 0.3044 (acc: 0.9060)
[2018/09/25 13:35:38 __main__ INFO] - -            c10_50k       : 0.0344 (acc: 0.9991)
[2018/09/25 13:35:38 __main__ INFO] - Elapsed 48.02
keys:  dict_keys(['epoch', 'c10h_train_loss', 'c10h_train_acc', 'c10h_val_loss', 'c10h_val_acc', 'c10h_train_c10_loss', 'c10h_train_c10_acc', 'c10h_val_c10_loss', 'c10h_val_c10_acc', 'v4_loss', 'v4_acc', 'v6_loss', 'v6_acc', 'c10_50k_loss', 'c10_50k_acc']) 
 c10h_outdir:  /tigress/ruairidh/model_results/run_1/saves/wrn_28_10/con_False_lr_0.001_seed_1
[2018/09/25 13:35:40 __main__ INFO] - Train 48
[2018/09/25 13:35:59 __main__ INFO] - TEST 48
[2018/09/25 13:36:47 __main__ INFO] - - epoch 48    c10h_train    : 0.2004 (acc: 0.9900) | c10h_val    : 0.3029 (acc: 0.9490)
[2018/09/25 13:36:47 __main__ INFO] - -            c10h_train_c10: 0.0620 (acc: 0.9854) | c10h_val_c10: 0.1491 (acc: 0.9500)
[2018/09/25 13:36:47 __main__ INFO] - -            v4            : 0.3462 (acc: 0.8882) |           v6: 0.3009 (acc: 0.9060)
[2018/09/25 13:36:47 __main__ INFO] - -            c10_50k       : 0.0351 (acc: 0.9990)
[2018/09/25 13:36:47 __main__ INFO] - Elapsed 47.86
keys:  dict_keys(['epoch', 'c10h_train_loss', 'c10h_train_acc', 'c10h_val_loss', 'c10h_val_acc', 'c10h_train_c10_loss', 'c10h_train_c10_acc', 'c10h_val_c10_loss', 'c10h_val_c10_acc', 'v4_loss', 'v4_acc', 'v6_loss', 'v6_acc', 'c10_50k_loss', 'c10_50k_acc']) 
 c10h_outdir:  /tigress/ruairidh/model_results/run_1/saves/wrn_28_10/con_False_lr_0.001_seed_1
[2018/09/25 13:36:49 __main__ INFO] - Train 49
[2018/09/25 13:37:09 __main__ INFO] - TEST 49
[2018/09/25 13:37:57 __main__ INFO] - - epoch 49    c10h_train    : 0.1994 (acc: 0.9888) | c10h_val    : 0.3035 (acc: 0.9500)
[2018/09/25 13:37:57 __main__ INFO] - -            c10h_train_c10: 0.0622 (acc: 0.9846) | c10h_val_c10: 0.1502 (acc: 0.9510)
[2018/09/25 13:37:57 __main__ INFO] - -            v4            : 0.3353 (acc: 0.8921) |           v6: 0.3032 (acc: 0.9065)
[2018/09/25 13:37:57 __main__ INFO] - -            c10_50k       : 0.0343 (acc: 0.9990)
[2018/09/25 13:37:57 __main__ INFO] - Elapsed 48.03
keys:  dict_keys(['epoch', 'c10h_train_loss', 'c10h_train_acc', 'c10h_val_loss', 'c10h_val_acc', 'c10h_train_c10_loss', 'c10h_train_c10_acc', 'c10h_val_c10_loss', 'c10h_val_c10_acc', 'v4_loss', 'v4_acc', 'v6_loss', 'v6_acc', 'c10_50k_loss', 'c10_50k_acc']) 
 c10h_outdir:  /tigress/ruairidh/model_results/run_1/saves/wrn_28_10/con_False_lr_0.001_seed_1
[2018/09/25 13:37:59 __main__ INFO] - Train 50
[2018/09/25 13:38:18 __main__ INFO] - TEST 50
[2018/09/25 13:39:07 __main__ INFO] - - epoch 50    c10h_train    : 0.1988 (acc: 0.9894) | c10h_val    : 0.3048 (acc: 0.9500)
[2018/09/25 13:39:07 __main__ INFO] - -            c10h_train_c10: 0.0598 (acc: 0.9856) | c10h_val_c10: 0.1515 (acc: 0.9510)
[2018/09/25 13:39:07 __main__ INFO] - -            v4            : 0.3285 (acc: 0.8986) |           v6: 0.3051 (acc: 0.9045)
[2018/09/25 13:39:07 __main__ INFO] - -            c10_50k       : 0.0348 (acc: 0.9989)
[2018/09/25 13:39:07 __main__ INFO] - Elapsed 48.27
keys:  dict_keys(['epoch', 'c10h_train_loss', 'c10h_train_acc', 'c10h_val_loss', 'c10h_val_acc', 'c10h_train_c10_loss', 'c10h_train_c10_acc', 'c10h_val_c10_loss', 'c10h_val_c10_acc', 'v4_loss', 'v4_acc', 'v6_loss', 'v6_acc', 'c10_50k_loss', 'c10_50k_acc']) 
 c10h_outdir:  /tigress/ruairidh/model_results/run_1/saves/wrn_28_10/con_False_lr_0.001_seed_1
[2018/09/25 13:39:08 __main__ INFO] - Train 51
[2018/09/25 13:39:28 __main__ INFO] - TEST 51
[2018/09/25 13:40:16 __main__ INFO] - - epoch 51    c10h_train    : 0.1993 (acc: 0.9899) | c10h_val    : 0.3088 (acc: 0.9520)
[2018/09/25 13:40:16 __main__ INFO] - -            c10h_train_c10: 0.0581 (acc: 0.9870) | c10h_val_c10: 0.1551 (acc: 0.9530)
[2018/09/25 13:40:16 __main__ INFO] - -            v4            : 0.3445 (acc: 0.8887) |           v6: 0.3063 (acc: 0.9000)
[2018/09/25 13:40:16 __main__ INFO] - -            c10_50k       : 0.0342 (acc: 0.9986)
[2018/09/25 13:40:16 __main__ INFO] - Elapsed 48.17
keys:  dict_keys(['epoch', 'c10h_train_loss', 'c10h_train_acc', 'c10h_val_loss', 'c10h_val_acc', 'c10h_train_c10_loss', 'c10h_train_c10_acc', 'c10h_val_c10_loss', 'c10h_val_c10_acc', 'v4_loss', 'v4_acc', 'v6_loss', 'v6_acc', 'c10_50k_loss', 'c10_50k_acc']) 
 c10h_outdir:  /tigress/ruairidh/model_results/run_1/saves/wrn_28_10/con_False_lr_0.001_seed_1
[2018/09/25 13:40:17 __main__ INFO] - Train 52
[2018/09/25 13:40:36 __main__ INFO] - TEST 52
[2018/09/25 13:41:24 __main__ INFO] - - epoch 52    c10h_train    : 0.1987 (acc: 0.9906) | c10h_val    : 0.3027 (acc: 0.9500)
[2018/09/25 13:41:24 __main__ INFO] - -            c10h_train_c10: 0.0593 (acc: 0.9864) | c10h_val_c10: 0.1486 (acc: 0.9510)
[2018/09/25 13:41:24 __main__ INFO] - -            v4            : 0.3376 (acc: 0.8892) |           v6: 0.3052 (acc: 0.9015)
[2018/09/25 13:41:24 __main__ INFO] - -            c10_50k       : 0.0345 (acc: 0.9989)
[2018/09/25 13:41:24 __main__ INFO] - Elapsed 47.79
keys:  dict_keys(['epoch', 'c10h_train_loss', 'c10h_train_acc', 'c10h_val_loss', 'c10h_val_acc', 'c10h_train_c10_loss', 'c10h_train_c10_acc', 'c10h_val_c10_loss', 'c10h_val_c10_acc', 'v4_loss', 'v4_acc', 'v6_loss', 'v6_acc', 'c10_50k_loss', 'c10_50k_acc']) 
 c10h_outdir:  /tigress/ruairidh/model_results/run_1/saves/wrn_28_10/con_False_lr_0.001_seed_1
[2018/09/25 13:41:27 __main__ INFO] - Train 53
[2018/09/25 13:41:46 __main__ INFO] - TEST 53
[2018/09/25 13:42:34 __main__ INFO] - - epoch 53    c10h_train    : 0.1984 (acc: 0.9901) | c10h_val    : 0.2995 (acc: 0.9510)
[2018/09/25 13:42:34 __main__ INFO] - -            c10h_train_c10: 0.0629 (acc: 0.9858) | c10h_val_c10: 0.1489 (acc: 0.9520)
[2018/09/25 13:42:34 __main__ INFO] - -            v4            : 0.3357 (acc: 0.8926) |           v6: 0.3027 (acc: 0.9070)
[2018/09/25 13:42:34 __main__ INFO] - -            c10_50k       : 0.0355 (acc: 0.9987)
[2018/09/25 13:42:34 __main__ INFO] - Elapsed 48.01
keys:  dict_keys(['epoch', 'c10h_train_loss', 'c10h_train_acc', 'c10h_val_loss', 'c10h_val_acc', 'c10h_train_c10_loss', 'c10h_train_c10_acc', 'c10h_val_c10_loss', 'c10h_val_c10_acc', 'v4_loss', 'v4_acc', 'v6_loss', 'v6_acc', 'c10_50k_loss', 'c10_50k_acc']) 
 c10h_outdir:  /tigress/ruairidh/model_results/run_1/saves/wrn_28_10/con_False_lr_0.001_seed_1
[2018/09/25 13:42:35 __main__ INFO] - Train 54
[2018/09/25 13:42:55 __main__ INFO] - TEST 54
[2018/09/25 13:43:43 __main__ INFO] - - epoch 54    c10h_train    : 0.1970 (acc: 0.9908) | c10h_val    : 0.3010 (acc: 0.9490)
[2018/09/25 13:43:43 __main__ INFO] - -            c10h_train_c10: 0.0596 (acc: 0.9869) | c10h_val_c10: 0.1474 (acc: 0.9500)
[2018/09/25 13:43:43 __main__ INFO] - -            v4            : 0.3375 (acc: 0.8936) |           v6: 0.2992 (acc: 0.9060)
[2018/09/25 13:43:43 __main__ INFO] - -            c10_50k       : 0.0347 (acc: 0.9986)
[2018/09/25 13:43:43 __main__ INFO] - Elapsed 48.24
keys:  dict_keys(['epoch', 'c10h_train_loss', 'c10h_train_acc', 'c10h_val_loss', 'c10h_val_acc', 'c10h_train_c10_loss', 'c10h_train_c10_acc', 'c10h_val_c10_loss', 'c10h_val_c10_acc', 'v4_loss', 'v4_acc', 'v6_loss', 'v6_acc', 'c10_50k_loss', 'c10_50k_acc']) 
 c10h_outdir:  /tigress/ruairidh/model_results/run_1/saves/wrn_28_10/con_False_lr_0.001_seed_1
[2018/09/25 13:43:45 __main__ INFO] - Train 55
[2018/09/25 13:44:05 __main__ INFO] - TEST 55
[2018/09/25 13:44:53 __main__ INFO] - - epoch 55    c10h_train    : 0.1974 (acc: 0.9899) | c10h_val    : 0.3006 (acc: 0.9490)
[2018/09/25 13:44:53 __main__ INFO] - -            c10h_train_c10: 0.0601 (acc: 0.9861) | c10h_val_c10: 0.1473 (acc: 0.9500)
[2018/09/25 13:44:53 __main__ INFO] - -            v4            : 0.3464 (acc: 0.8926) |           v6: 0.3048 (acc: 0.9005)
[2018/09/25 13:44:53 __main__ INFO] - -            c10_50k       : 0.0354 (acc: 0.9988)
[2018/09/25 13:44:53 __main__ INFO] - Elapsed 47.98
keys:  dict_keys(['epoch', 'c10h_train_loss', 'c10h_train_acc', 'c10h_val_loss', 'c10h_val_acc', 'c10h_train_c10_loss', 'c10h_train_c10_acc', 'c10h_val_c10_loss', 'c10h_val_c10_acc', 'v4_loss', 'v4_acc', 'v6_loss', 'v6_acc', 'c10_50k_loss', 'c10_50k_acc']) 
 c10h_outdir:  /tigress/ruairidh/model_results/run_1/saves/wrn_28_10/con_False_lr_0.001_seed_1
[2018/09/25 13:44:54 __main__ INFO] - Train 56
[2018/09/25 13:45:14 __main__ INFO] - TEST 56
[2018/09/25 13:46:02 __main__ INFO] - - epoch 56    c10h_train    : 0.1972 (acc: 0.9899) | c10h_val    : 0.3023 (acc: 0.9480)
[2018/09/25 13:46:02 __main__ INFO] - -            c10h_train_c10: 0.0606 (acc: 0.9856) | c10h_val_c10: 0.1509 (acc: 0.9490)
[2018/09/25 13:46:02 __main__ INFO] - -            v4            : 0.3577 (acc: 0.8882) |           v6: 0.3045 (acc: 0.9010)
[2018/09/25 13:46:02 __main__ INFO] - -            c10_50k       : 0.0348 (acc: 0.9988)
[2018/09/25 13:46:02 __main__ INFO] - Elapsed 47.95
keys:  dict_keys(['epoch', 'c10h_train_loss', 'c10h_train_acc', 'c10h_val_loss', 'c10h_val_acc', 'c10h_train_c10_loss', 'c10h_train_c10_acc', 'c10h_val_c10_loss', 'c10h_val_c10_acc', 'v4_loss', 'v4_acc', 'v6_loss', 'v6_acc', 'c10_50k_loss', 'c10_50k_acc']) 
 c10h_outdir:  /tigress/ruairidh/model_results/run_1/saves/wrn_28_10/con_False_lr_0.001_seed_1
[2018/09/25 13:46:04 __main__ INFO] - Train 57
[2018/09/25 13:46:23 __main__ INFO] - TEST 57
[2018/09/25 13:47:11 __main__ INFO] - - epoch 57    c10h_train    : 0.1971 (acc: 0.9898) | c10h_val    : 0.3037 (acc: 0.9510)
[2018/09/25 13:47:11 __main__ INFO] - -            c10h_train_c10: 0.0616 (acc: 0.9862) | c10h_val_c10: 0.1534 (acc: 0.9520)
[2018/09/25 13:47:11 __main__ INFO] - -            v4            : 0.3525 (acc: 0.8827) |           v6: 0.3039 (acc: 0.9030)
[2018/09/25 13:47:11 __main__ INFO] - -            c10_50k       : 0.0361 (acc: 0.9989)
[2018/09/25 13:47:11 __main__ INFO] - Elapsed 47.94
keys:  dict_keys(['epoch', 'c10h_train_loss', 'c10h_train_acc', 'c10h_val_loss', 'c10h_val_acc', 'c10h_train_c10_loss', 'c10h_train_c10_acc', 'c10h_val_c10_loss', 'c10h_val_c10_acc', 'v4_loss', 'v4_acc', 'v6_loss', 'v6_acc', 'c10_50k_loss', 'c10_50k_acc']) 
 c10h_outdir:  /tigress/ruairidh/model_results/run_1/saves/wrn_28_10/con_False_lr_0.001_seed_1
[2018/09/25 13:47:13 __main__ INFO] - Train 58
[2018/09/25 13:47:33 __main__ INFO] - TEST 58
[2018/09/25 13:48:21 __main__ INFO] - - epoch 58    c10h_train    : 0.1967 (acc: 0.9897) | c10h_val    : 0.3054 (acc: 0.9530)
[2018/09/25 13:48:21 __main__ INFO] - -            c10h_train_c10: 0.0615 (acc: 0.9862) | c10h_val_c10: 0.1537 (acc: 0.9530)
[2018/09/25 13:48:21 __main__ INFO] - -            v4            : 0.3280 (acc: 0.8986) |           v6: 0.2959 (acc: 0.9075)
[2018/09/25 13:48:21 __main__ INFO] - -            c10_50k       : 0.0357 (acc: 0.9987)
[2018/09/25 13:48:21 __main__ INFO] - Elapsed 48.24
keys:  dict_keys(['epoch', 'c10h_train_loss', 'c10h_train_acc', 'c10h_val_loss', 'c10h_val_acc', 'c10h_train_c10_loss', 'c10h_train_c10_acc', 'c10h_val_c10_loss', 'c10h_val_c10_acc', 'v4_loss', 'v4_acc', 'v6_loss', 'v6_acc', 'c10_50k_loss', 'c10_50k_acc']) 
 c10h_outdir:  /tigress/ruairidh/model_results/run_1/saves/wrn_28_10/con_False_lr_0.001_seed_1
[2018/09/25 13:48:24 __main__ INFO] - Train 59
[2018/09/25 13:48:44 __main__ INFO] - TEST 59
[2018/09/25 13:49:32 __main__ INFO] - - epoch 59    c10h_train    : 0.1964 (acc: 0.9902) | c10h_val    : 0.3006 (acc: 0.9530)
[2018/09/25 13:49:32 __main__ INFO] - -            c10h_train_c10: 0.0623 (acc: 0.9856) | c10h_val_c10: 0.1504 (acc: 0.9530)
[2018/09/25 13:49:32 __main__ INFO] - -            v4            : 0.3354 (acc: 0.8892) |           v6: 0.2978 (acc: 0.9075)
[2018/09/25 13:49:32 __main__ INFO] - -            c10_50k       : 0.0363 (acc: 0.9988)
[2018/09/25 13:49:32 __main__ INFO] - Elapsed 48.15
keys:  dict_keys(['epoch', 'c10h_train_loss', 'c10h_train_acc', 'c10h_val_loss', 'c10h_val_acc', 'c10h_train_c10_loss', 'c10h_train_c10_acc', 'c10h_val_c10_loss', 'c10h_val_c10_acc', 'v4_loss', 'v4_acc', 'v6_loss', 'v6_acc', 'c10_50k_loss', 'c10_50k_acc']) 
 c10h_outdir:  /tigress/ruairidh/model_results/run_1/saves/wrn_28_10/con_False_lr_0.001_seed_1
[2018/09/25 13:49:33 __main__ INFO] - Train 60
[2018/09/25 13:49:53 __main__ INFO] - TEST 60
[2018/09/25 13:50:41 __main__ INFO] - - epoch 60    c10h_train    : 0.1961 (acc: 0.9896) | c10h_val    : 0.3025 (acc: 0.9500)
[2018/09/25 13:50:41 __main__ INFO] - -            c10h_train_c10: 0.0611 (acc: 0.9854) | c10h_val_c10: 0.1536 (acc: 0.9510)
[2018/09/25 13:50:41 __main__ INFO] - -            v4            : 0.3354 (acc: 0.8906) |           v6: 0.3033 (acc: 0.9040)
[2018/09/25 13:50:41 __main__ INFO] - -            c10_50k       : 0.0365 (acc: 0.9990)
[2018/09/25 13:50:41 __main__ INFO] - Elapsed 48.06
keys:  dict_keys(['epoch', 'c10h_train_loss', 'c10h_train_acc', 'c10h_val_loss', 'c10h_val_acc', 'c10h_train_c10_loss', 'c10h_train_c10_acc', 'c10h_val_c10_loss', 'c10h_val_c10_acc', 'v4_loss', 'v4_acc', 'v6_loss', 'v6_acc', 'c10_50k_loss', 'c10_50k_acc']) 
 c10h_outdir:  /tigress/ruairidh/model_results/run_1/saves/wrn_28_10/con_False_lr_0.001_seed_1
[2018/09/25 13:50:42 __main__ INFO] - Train 61
[2018/09/25 13:51:02 __main__ INFO] - TEST 61
[2018/09/25 13:51:50 __main__ INFO] - - epoch 61    c10h_train    : 0.1957 (acc: 0.9909) | c10h_val    : 0.3021 (acc: 0.9510)
[2018/09/25 13:51:50 __main__ INFO] - -            c10h_train_c10: 0.0604 (acc: 0.9863) | c10h_val_c10: 0.1519 (acc: 0.9510)
[2018/09/25 13:51:50 __main__ INFO] - -            v4            : 0.3217 (acc: 0.8996) |           v6: 0.3027 (acc: 0.9045)
[2018/09/25 13:51:50 __main__ INFO] - -            c10_50k       : 0.0354 (acc: 0.9988)
[2018/09/25 13:51:50 __main__ INFO] - Elapsed 47.95
keys:  dict_keys(['epoch', 'c10h_train_loss', 'c10h_train_acc', 'c10h_val_loss', 'c10h_val_acc', 'c10h_train_c10_loss', 'c10h_train_c10_acc', 'c10h_val_c10_loss', 'c10h_val_c10_acc', 'v4_loss', 'v4_acc', 'v6_loss', 'v6_acc', 'c10_50k_loss', 'c10_50k_acc']) 
 c10h_outdir:  /tigress/ruairidh/model_results/run_1/saves/wrn_28_10/con_False_lr_0.001_seed_1
[2018/09/25 13:51:52 __main__ INFO] - Train 62
[2018/09/25 13:52:11 __main__ INFO] - TEST 62
[2018/09/25 13:52:59 __main__ INFO] - - epoch 62    c10h_train    : 0.1959 (acc: 0.9900) | c10h_val    : 0.3031 (acc: 0.9500)
[2018/09/25 13:53:00 __main__ INFO] - -            c10h_train_c10: 0.0594 (acc: 0.9853) | c10h_val_c10: 0.1504 (acc: 0.9510)
[2018/09/25 13:53:00 __main__ INFO] - -            v4            : 0.3417 (acc: 0.8872) |           v6: 0.2996 (acc: 0.9080)
[2018/09/25 13:53:00 __main__ INFO] - -            c10_50k       : 0.0338 (acc: 0.9989)
[2018/09/25 13:53:00 __main__ INFO] - Elapsed 48.15
keys:  dict_keys(['epoch', 'c10h_train_loss', 'c10h_train_acc', 'c10h_val_loss', 'c10h_val_acc', 'c10h_train_c10_loss', 'c10h_train_c10_acc', 'c10h_val_c10_loss', 'c10h_val_c10_acc', 'v4_loss', 'v4_acc', 'v6_loss', 'v6_acc', 'c10_50k_loss', 'c10_50k_acc']) 
 c10h_outdir:  /tigress/ruairidh/model_results/run_1/saves/wrn_28_10/con_False_lr_0.001_seed_1
[2018/09/25 13:53:02 __main__ INFO] - Train 63
[2018/09/25 13:53:22 __main__ INFO] - TEST 63
[2018/09/25 13:54:10 __main__ INFO] - - epoch 63    c10h_train    : 0.1956 (acc: 0.9890) | c10h_val    : 0.3021 (acc: 0.9500)
[2018/09/25 13:54:10 __main__ INFO] - -            c10h_train_c10: 0.0612 (acc: 0.9858) | c10h_val_c10: 0.1518 (acc: 0.9510)
[2018/09/25 13:54:10 __main__ INFO] - -            v4            : 0.3229 (acc: 0.8971) |           v6: 0.2987 (acc: 0.9055)
[2018/09/25 13:54:10 __main__ INFO] - -            c10_50k       : 0.0355 (acc: 0.9988)
[2018/09/25 13:54:10 __main__ INFO] - Elapsed 48.12
keys:  dict_keys(['epoch', 'c10h_train_loss', 'c10h_train_acc', 'c10h_val_loss', 'c10h_val_acc', 'c10h_train_c10_loss', 'c10h_train_c10_acc', 'c10h_val_c10_loss', 'c10h_val_c10_acc', 'v4_loss', 'v4_acc', 'v6_loss', 'v6_acc', 'c10_50k_loss', 'c10_50k_acc']) 
 c10h_outdir:  /tigress/ruairidh/model_results/run_1/saves/wrn_28_10/con_False_lr_0.001_seed_1
[2018/09/25 13:54:11 __main__ INFO] - Train 64
[2018/09/25 13:54:31 __main__ INFO] - TEST 64
[2018/09/25 13:55:19 __main__ INFO] - - epoch 64    c10h_train    : 0.1959 (acc: 0.9904) | c10h_val    : 0.3035 (acc: 0.9540)
[2018/09/25 13:55:19 __main__ INFO] - -            c10h_train_c10: 0.0600 (acc: 0.9854) | c10h_val_c10: 0.1508 (acc: 0.9550)
[2018/09/25 13:55:19 __main__ INFO] - -            v4            : 0.3489 (acc: 0.8916) |           v6: 0.2993 (acc: 0.9080)
[2018/09/25 13:55:19 __main__ INFO] - -            c10_50k       : 0.0345 (acc: 0.9990)
[2018/09/25 13:55:19 __main__ INFO] - Elapsed 47.94
keys:  dict_keys(['epoch', 'c10h_train_loss', 'c10h_train_acc', 'c10h_val_loss', 'c10h_val_acc', 'c10h_train_c10_loss', 'c10h_train_c10_acc', 'c10h_val_c10_loss', 'c10h_val_c10_acc', 'v4_loss', 'v4_acc', 'v6_loss', 'v6_acc', 'c10_50k_loss', 'c10_50k_acc']) 
 c10h_outdir:  /tigress/ruairidh/model_results/run_1/saves/wrn_28_10/con_False_lr_0.001_seed_1
[2018/09/25 13:55:21 __main__ INFO] - Train 65
[2018/09/25 13:55:40 __main__ INFO] - TEST 65
slurmstepd: error: *** JOB 1456668 ON tiger-i20g8 CANCELLED AT 2018-09-25T13:55:47 DUE TO TIME LIMIT ***
