entering inner script
activating virtual env
wrn_28_10
identifier: con_False_lr_0.001_seed_0
--arch=wrn --c10h_save_interval=2 --dataset=CIFAR10H --no_output --c10h_datasplit_seed=0 --human_tune --nonhuman_control=False --base_lr=0.001
wrn_28_10_control:False_lr:0.001_seed:0.out
entering python script
/tigress/ruairidh/model_results/run_1/wrn_28_10/model_best_state.pth
/tigress/ruairidh/model_results/run_1/saves/wrn_28_10/con_False_lr_0.001_seed_0
Using TensorFlow backend.
[2018/09/25 12:40:43 __main__ INFO] - {
  "model_config": {
    "arch": "wrn",
    "input_shape": [
      1,
      3,
      32,
      32
    ],
    "n_classes": 10,
    "base_channels": 16,
    "depth": 28,
    "widening_factor": 10,
    "drop_rate": 0
  },
  "optim_config": {
    "epochs": 200,
    "batch_size": 128,
    "optimizer": "sgd",
    "base_lr": 0.001,
    "weight_decay": 0.0005,
    "momentum": 0.9,
    "nesterov": true,
    "scheduler": "multistep",
    "milestones": [
      60,
      120,
      160
    ],
    "lr_decay": 0.2
  },
  "data_config": {
    "dataset": "CIFAR10H",
    "n_classes": 10,
    "num_workers": 7,
    "batch_size": 128,
    "use_cutout": false,
    "use_random_erasing": false,
    "use_mixup": false,
    "c10h_sample": false,
    "c10h_testsplit_percent": 0.1,
    "c10h_datasplit_seed": 0,
    "use_gpu": true
  },
  "run_config": {
    "seed": 17,
    "test_first": true,
    "gpu": "0",
    "tensorboard": false,
    "tensorboard_train_images": false,
    "tensorboard_test_images": false,
    "tensorboard_model_params": false,
    "resume": "/tigress/ruairidh/model_results/run_1/wrn_28_10/model_best_state.pth",
    "human_tune": true,
    "no_output": true,
    "test_only": false,
    "nonhuman_control": false,
    "c10h_scores_outdir": "/tigress/ruairidh/model_results/run_1/saves/wrn_28_10/con_False_lr_0.001_seed_0",
    "c10h_save_interval": "2",
    "use_gpu": true
  },
  "env_info": {
    "pytorch_version": "0.4.1",
    "cuda_version": "9.0.176",
    "cudnn_version": 7102,
    "gpu0": {
      "name": "Tesla P100-PCIE-16GB",
      "capability": "6.0"
    }
  }
}
Files already downloaded and verified
Files already downloaded and verified
Files already downloaded and verified
Files already downloaded and verified
Files already downloaded and verified
[2018/09/25 12:40:47 __main__ INFO] - Loading model...
[2018/09/25 12:40:47 __main__ INFO] - n_params: 36479194
[2018/09/25 12:40:49 __main__ INFO] - Done
=> loading checkpoint '/tigress/ruairidh/model_results/run_1/wrn_28_10/model_best_state.pth'
=> loaded checkpoint '/tigress/ruairidh/model_results/run_1/wrn_28_10/model_best_state.pth' (epoch 197)
[2018/09/25 12:40:49 __main__ INFO] - TEST 0
[2018/09/25 12:41:40 __main__ INFO] - - epoch 0    c10h_train    : 0.4654 (acc: 0.9482) | c10h_val    : 0.4411 (acc: 0.9630)
[2018/09/25 12:41:40 __main__ INFO] - -            c10h_train_c10: 0.1782 (acc: 0.9510) | c10h_val_c10: 0.1525 (acc: 0.9640)
[2018/09/25 12:41:40 __main__ INFO] - -            v4            : 0.4034 (acc: 0.8986) |           v6: 0.3818 (acc: 0.9100)
[2018/09/25 12:41:40 __main__ INFO] - -            c10_50k       : 0.0012 (acc: 1.0000)
[2018/09/25 12:41:40 __main__ INFO] - Elapsed 50.45
keys:  dict_keys(['epoch', 'c10h_train_loss', 'c10h_train_acc', 'c10h_val_loss', 'c10h_val_acc', 'c10h_train_c10_loss', 'c10h_train_c10_acc', 'c10h_val_c10_loss', 'c10h_val_c10_acc', 'v4_loss', 'v4_acc', 'v6_loss', 'v6_acc', 'c10_50k_loss', 'c10_50k_acc']) 
 c10h_outdir:  /tigress/ruairidh/model_results/run_1/saves/wrn_28_10/con_False_lr_0.001_seed_0
[2018/09/25 12:41:41 __main__ INFO] - Train 1
[2018/09/25 12:42:01 __main__ INFO] - TEST 1
[2018/09/25 12:42:49 __main__ INFO] - - epoch 1    c10h_train    : 0.3422 (acc: 0.9571) | c10h_val    : 0.3482 (acc: 0.9590)
[2018/09/25 12:42:49 __main__ INFO] - -            c10h_train_c10: 0.1253 (acc: 0.9587) | c10h_val_c10: 0.1204 (acc: 0.9600)
[2018/09/25 12:42:49 __main__ INFO] - -            v4            : 0.3527 (acc: 0.8921) |           v6: 0.3277 (acc: 0.9025)
[2018/09/25 12:42:49 __main__ INFO] - -            c10_50k       : 0.0114 (acc: 0.9999)
[2018/09/25 12:42:49 __main__ INFO] - Elapsed 48.23
keys:  dict_keys(['epoch', 'c10h_train_loss', 'c10h_train_acc', 'c10h_val_loss', 'c10h_val_acc', 'c10h_train_c10_loss', 'c10h_train_c10_acc', 'c10h_val_c10_loss', 'c10h_val_c10_acc', 'v4_loss', 'v4_acc', 'v6_loss', 'v6_acc', 'c10_50k_loss', 'c10_50k_acc']) 
 c10h_outdir:  /tigress/ruairidh/model_results/run_1/saves/wrn_28_10/con_False_lr_0.001_seed_0
[2018/09/25 12:42:50 __main__ INFO] - Train 2
[2018/09/25 12:43:09 __main__ INFO] - TEST 2
[2018/09/25 12:43:57 __main__ INFO] - - epoch 2    c10h_train    : 0.2845 (acc: 0.9662) | c10h_val    : 0.3206 (acc: 0.9540)
[2018/09/25 12:43:57 __main__ INFO] - -            c10h_train_c10: 0.1096 (acc: 0.9667) | c10h_val_c10: 0.1372 (acc: 0.9550)
[2018/09/25 12:43:57 __main__ INFO] - -            v4            : 0.3659 (acc: 0.8827) |           v6: 0.3275 (acc: 0.8965)
[2018/09/25 12:43:57 __main__ INFO] - -            c10_50k       : 0.0267 (acc: 0.9998)
[2018/09/25 12:43:57 __main__ INFO] - Elapsed 47.66
keys:  dict_keys(['epoch', 'c10h_train_loss', 'c10h_train_acc', 'c10h_val_loss', 'c10h_val_acc', 'c10h_train_c10_loss', 'c10h_train_c10_acc', 'c10h_val_c10_loss', 'c10h_val_c10_acc', 'v4_loss', 'v4_acc', 'v6_loss', 'v6_acc', 'c10_50k_loss', 'c10_50k_acc']) 
 c10h_outdir:  /tigress/ruairidh/model_results/run_1/saves/wrn_28_10/con_False_lr_0.001_seed_0
[2018/09/25 12:43:58 __main__ INFO] - Train 3
[2018/09/25 12:44:17 __main__ INFO] - TEST 3
[2018/09/25 12:45:05 __main__ INFO] - - epoch 3    c10h_train    : 0.2658 (acc: 0.9714) | c10h_val    : 0.2949 (acc: 0.9600)
[2018/09/25 12:45:05 __main__ INFO] - -            c10h_train_c10: 0.1005 (acc: 0.9716) | c10h_val_c10: 0.1210 (acc: 0.9610)
[2018/09/25 12:45:05 __main__ INFO] - -            v4            : 0.3284 (acc: 0.8936) |           v6: 0.2902 (acc: 0.9095)
[2018/09/25 12:45:05 __main__ INFO] - -            c10_50k       : 0.0279 (acc: 1.0000)
[2018/09/25 12:45:05 __main__ INFO] - Elapsed 47.57
keys:  dict_keys(['epoch', 'c10h_train_loss', 'c10h_train_acc', 'c10h_val_loss', 'c10h_val_acc', 'c10h_train_c10_loss', 'c10h_train_c10_acc', 'c10h_val_c10_loss', 'c10h_val_c10_acc', 'v4_loss', 'v4_acc', 'v6_loss', 'v6_acc', 'c10_50k_loss', 'c10_50k_acc']) 
 c10h_outdir:  /tigress/ruairidh/model_results/run_1/saves/wrn_28_10/con_False_lr_0.001_seed_0
[2018/09/25 12:45:07 __main__ INFO] - Train 4
[2018/09/25 12:45:26 __main__ INFO] - TEST 4
[2018/09/25 12:46:14 __main__ INFO] - - epoch 4    c10h_train    : 0.2575 (acc: 0.9722) | c10h_val    : 0.2930 (acc: 0.9600)
[2018/09/25 12:46:14 __main__ INFO] - -            c10h_train_c10: 0.0975 (acc: 0.9726) | c10h_val_c10: 0.1258 (acc: 0.9610)
[2018/09/25 12:46:14 __main__ INFO] - -            v4            : 0.3286 (acc: 0.8931) |           v6: 0.3030 (acc: 0.9010)
[2018/09/25 12:46:14 __main__ INFO] - -            c10_50k       : 0.0315 (acc: 0.9998)
[2018/09/25 12:46:14 __main__ INFO] - Elapsed 47.68
keys:  dict_keys(['epoch', 'c10h_train_loss', 'c10h_train_acc', 'c10h_val_loss', 'c10h_val_acc', 'c10h_train_c10_loss', 'c10h_train_c10_acc', 'c10h_val_c10_loss', 'c10h_val_c10_acc', 'v4_loss', 'v4_acc', 'v6_loss', 'v6_acc', 'c10_50k_loss', 'c10_50k_acc']) 
 c10h_outdir:  /tigress/ruairidh/model_results/run_1/saves/wrn_28_10/con_False_lr_0.001_seed_0
[2018/09/25 12:46:14 __main__ INFO] - Train 5
[2018/09/25 12:46:34 __main__ INFO] - TEST 5
[2018/09/25 12:47:21 __main__ INFO] - - epoch 5    c10h_train    : 0.2480 (acc: 0.9768) | c10h_val    : 0.2860 (acc: 0.9600)
[2018/09/25 12:47:21 __main__ INFO] - -            c10h_train_c10: 0.0896 (acc: 0.9763) | c10h_val_c10: 0.1206 (acc: 0.9610)
[2018/09/25 12:47:21 __main__ INFO] - -            v4            : 0.3299 (acc: 0.8951) |           v6: 0.2876 (acc: 0.9125)
[2018/09/25 12:47:21 __main__ INFO] - -            c10_50k       : 0.0322 (acc: 0.9998)
[2018/09/25 12:47:21 __main__ INFO] - Elapsed 47.55
keys:  dict_keys(['epoch', 'c10h_train_loss', 'c10h_train_acc', 'c10h_val_loss', 'c10h_val_acc', 'c10h_train_c10_loss', 'c10h_train_c10_acc', 'c10h_val_c10_loss', 'c10h_val_c10_acc', 'v4_loss', 'v4_acc', 'v6_loss', 'v6_acc', 'c10_50k_loss', 'c10_50k_acc']) 
 c10h_outdir:  /tigress/ruairidh/model_results/run_1/saves/wrn_28_10/con_False_lr_0.001_seed_0
[2018/09/25 12:47:22 __main__ INFO] - Train 6
[2018/09/25 12:47:41 __main__ INFO] - TEST 6
[2018/09/25 12:48:29 __main__ INFO] - - epoch 6    c10h_train    : 0.2427 (acc: 0.9792) | c10h_val    : 0.2848 (acc: 0.9600)
[2018/09/25 12:48:29 __main__ INFO] - -            c10h_train_c10: 0.0814 (acc: 0.9788) | c10h_val_c10: 0.1205 (acc: 0.9610)
[2018/09/25 12:48:29 __main__ INFO] - -            v4            : 0.3240 (acc: 0.8946) |           v6: 0.2901 (acc: 0.9100)
[2018/09/25 12:48:29 __main__ INFO] - -            c10_50k       : 0.0298 (acc: 0.9997)
[2018/09/25 12:48:29 __main__ INFO] - Elapsed 47.59
keys:  dict_keys(['epoch', 'c10h_train_loss', 'c10h_train_acc', 'c10h_val_loss', 'c10h_val_acc', 'c10h_train_c10_loss', 'c10h_train_c10_acc', 'c10h_val_c10_loss', 'c10h_val_c10_acc', 'v4_loss', 'v4_acc', 'v6_loss', 'v6_acc', 'c10_50k_loss', 'c10_50k_acc']) 
 c10h_outdir:  /tigress/ruairidh/model_results/run_1/saves/wrn_28_10/con_False_lr_0.001_seed_0
[2018/09/25 12:48:30 __main__ INFO] - Train 7
[2018/09/25 12:48:49 __main__ INFO] - TEST 7
[2018/09/25 12:49:37 __main__ INFO] - - epoch 7    c10h_train    : 0.2388 (acc: 0.9807) | c10h_val    : 0.2830 (acc: 0.9590)
[2018/09/25 12:49:37 __main__ INFO] - -            c10h_train_c10: 0.0808 (acc: 0.9803) | c10h_val_c10: 0.1230 (acc: 0.9600)
[2018/09/25 12:49:37 __main__ INFO] - -            v4            : 0.3187 (acc: 0.8971) |           v6: 0.2917 (acc: 0.9060)
[2018/09/25 12:49:37 __main__ INFO] - -            c10_50k       : 0.0308 (acc: 0.9998)
[2018/09/25 12:49:37 __main__ INFO] - Elapsed 47.65
keys:  dict_keys(['epoch', 'c10h_train_loss', 'c10h_train_acc', 'c10h_val_loss', 'c10h_val_acc', 'c10h_train_c10_loss', 'c10h_train_c10_acc', 'c10h_val_c10_loss', 'c10h_val_c10_acc', 'v4_loss', 'v4_acc', 'v6_loss', 'v6_acc', 'c10_50k_loss', 'c10_50k_acc']) 
 c10h_outdir:  /tigress/ruairidh/model_results/run_1/saves/wrn_28_10/con_False_lr_0.001_seed_0
[2018/09/25 12:49:39 __main__ INFO] - Train 8
[2018/09/25 12:49:59 __main__ INFO] - TEST 8
[2018/09/25 12:50:46 __main__ INFO] - - epoch 8    c10h_train    : 0.2350 (acc: 0.9814) | c10h_val    : 0.2820 (acc: 0.9640)
[2018/09/25 12:50:46 __main__ INFO] - -            c10h_train_c10: 0.0789 (acc: 0.9810) | c10h_val_c10: 0.1211 (acc: 0.9650)
[2018/09/25 12:50:46 __main__ INFO] - -            v4            : 0.3377 (acc: 0.8941) |           v6: 0.2955 (acc: 0.9080)
[2018/09/25 12:50:46 __main__ INFO] - -            c10_50k       : 0.0326 (acc: 0.9996)
[2018/09/25 12:50:46 __main__ INFO] - Elapsed 47.34
keys:  dict_keys(['epoch', 'c10h_train_loss', 'c10h_train_acc', 'c10h_val_loss', 'c10h_val_acc', 'c10h_train_c10_loss', 'c10h_train_c10_acc', 'c10h_val_c10_loss', 'c10h_val_c10_acc', 'v4_loss', 'v4_acc', 'v6_loss', 'v6_acc', 'c10_50k_loss', 'c10_50k_acc']) 
 c10h_outdir:  /tigress/ruairidh/model_results/run_1/saves/wrn_28_10/con_False_lr_0.001_seed_0
[2018/09/25 12:50:47 __main__ INFO] - Train 9
[2018/09/25 12:51:06 __main__ INFO] - TEST 9
[2018/09/25 12:51:54 __main__ INFO] - - epoch 9    c10h_train    : 0.2296 (acc: 0.9831) | c10h_val    : 0.2769 (acc: 0.9630)
[2018/09/25 12:51:54 __main__ INFO] - -            c10h_train_c10: 0.0756 (acc: 0.9814) | c10h_val_c10: 0.1178 (acc: 0.9640)
[2018/09/25 12:51:54 __main__ INFO] - -            v4            : 0.3173 (acc: 0.9000) |           v6: 0.2848 (acc: 0.9090)
[2018/09/25 12:51:54 __main__ INFO] - -            c10_50k       : 0.0315 (acc: 0.9997)
[2018/09/25 12:51:54 __main__ INFO] - Elapsed 47.53
keys:  dict_keys(['epoch', 'c10h_train_loss', 'c10h_train_acc', 'c10h_val_loss', 'c10h_val_acc', 'c10h_train_c10_loss', 'c10h_train_c10_acc', 'c10h_val_c10_loss', 'c10h_val_c10_acc', 'v4_loss', 'v4_acc', 'v6_loss', 'v6_acc', 'c10_50k_loss', 'c10_50k_acc']) 
 c10h_outdir:  /tigress/ruairidh/model_results/run_1/saves/wrn_28_10/con_False_lr_0.001_seed_0
[2018/09/25 12:51:56 __main__ INFO] - Train 10
[2018/09/25 12:52:15 __main__ INFO] - TEST 10
[2018/09/25 12:53:03 __main__ INFO] - - epoch 10    c10h_train    : 0.2269 (acc: 0.9842) | c10h_val    : 0.2768 (acc: 0.9650)
[2018/09/25 12:53:03 __main__ INFO] - -            c10h_train_c10: 0.0722 (acc: 0.9831) | c10h_val_c10: 0.1182 (acc: 0.9660)
[2018/09/25 12:53:03 __main__ INFO] - -            v4            : 0.3279 (acc: 0.8911) |           v6: 0.2927 (acc: 0.9075)
[2018/09/25 12:53:03 __main__ INFO] - -            c10_50k       : 0.0320 (acc: 0.9998)
[2018/09/25 12:53:03 __main__ INFO] - Elapsed 47.50
keys:  dict_keys(['epoch', 'c10h_train_loss', 'c10h_train_acc', 'c10h_val_loss', 'c10h_val_acc', 'c10h_train_c10_loss', 'c10h_train_c10_acc', 'c10h_val_c10_loss', 'c10h_val_c10_acc', 'v4_loss', 'v4_acc', 'v6_loss', 'v6_acc', 'c10_50k_loss', 'c10_50k_acc']) 
 c10h_outdir:  /tigress/ruairidh/model_results/run_1/saves/wrn_28_10/con_False_lr_0.001_seed_0
[2018/09/25 12:53:05 __main__ INFO] - Train 11
[2018/09/25 12:53:25 __main__ INFO] - TEST 11
[2018/09/25 12:54:12 __main__ INFO] - - epoch 11    c10h_train    : 0.2256 (acc: 0.9849) | c10h_val    : 0.2757 (acc: 0.9660)
[2018/09/25 12:54:12 __main__ INFO] - -            c10h_train_c10: 0.0709 (acc: 0.9827) | c10h_val_c10: 0.1165 (acc: 0.9670)
[2018/09/25 12:54:12 __main__ INFO] - -            v4            : 0.3247 (acc: 0.8936) |           v6: 0.2941 (acc: 0.9070)
[2018/09/25 12:54:12 __main__ INFO] - -            c10_50k       : 0.0315 (acc: 0.9997)
[2018/09/25 12:54:12 __main__ INFO] - Elapsed 47.71
keys:  dict_keys(['epoch', 'c10h_train_loss', 'c10h_train_acc', 'c10h_val_loss', 'c10h_val_acc', 'c10h_train_c10_loss', 'c10h_train_c10_acc', 'c10h_val_c10_loss', 'c10h_val_c10_acc', 'v4_loss', 'v4_acc', 'v6_loss', 'v6_acc', 'c10_50k_loss', 'c10_50k_acc']) 
 c10h_outdir:  /tigress/ruairidh/model_results/run_1/saves/wrn_28_10/con_False_lr_0.001_seed_0
[2018/09/25 12:54:14 __main__ INFO] - Train 12
[2018/09/25 12:54:34 __main__ INFO] - TEST 12
[2018/09/25 12:55:21 __main__ INFO] - - epoch 12    c10h_train    : 0.2232 (acc: 0.9861) | c10h_val    : 0.2755 (acc: 0.9680)
[2018/09/25 12:55:21 __main__ INFO] - -            c10h_train_c10: 0.0687 (acc: 0.9836) | c10h_val_c10: 0.1165 (acc: 0.9690)
[2018/09/25 12:55:21 __main__ INFO] - -            v4            : 0.3385 (acc: 0.8902) |           v6: 0.2943 (acc: 0.9065)
[2018/09/25 12:55:21 __main__ INFO] - -            c10_50k       : 0.0315 (acc: 0.9996)
[2018/09/25 12:55:21 __main__ INFO] - Elapsed 47.56
keys:  dict_keys(['epoch', 'c10h_train_loss', 'c10h_train_acc', 'c10h_val_loss', 'c10h_val_acc', 'c10h_train_c10_loss', 'c10h_train_c10_acc', 'c10h_val_c10_loss', 'c10h_val_c10_acc', 'v4_loss', 'v4_acc', 'v6_loss', 'v6_acc', 'c10_50k_loss', 'c10_50k_acc']) 
 c10h_outdir:  /tigress/ruairidh/model_results/run_1/saves/wrn_28_10/con_False_lr_0.001_seed_0
[2018/09/25 12:55:23 __main__ INFO] - Train 13
[2018/09/25 12:55:42 __main__ INFO] - TEST 13
[2018/09/25 12:56:30 __main__ INFO] - - epoch 13    c10h_train    : 0.2219 (acc: 0.9869) | c10h_val    : 0.2767 (acc: 0.9640)
[2018/09/25 12:56:30 __main__ INFO] - -            c10h_train_c10: 0.0653 (acc: 0.9847) | c10h_val_c10: 0.1185 (acc: 0.9650)
[2018/09/25 12:56:30 __main__ INFO] - -            v4            : 0.3446 (acc: 0.8882) |           v6: 0.2925 (acc: 0.9070)
[2018/09/25 12:56:30 __main__ INFO] - -            c10_50k       : 0.0301 (acc: 0.9998)
[2018/09/25 12:56:30 __main__ INFO] - Elapsed 47.82
keys:  dict_keys(['epoch', 'c10h_train_loss', 'c10h_train_acc', 'c10h_val_loss', 'c10h_val_acc', 'c10h_train_c10_loss', 'c10h_train_c10_acc', 'c10h_val_c10_loss', 'c10h_val_c10_acc', 'v4_loss', 'v4_acc', 'v6_loss', 'v6_acc', 'c10_50k_loss', 'c10_50k_acc']) 
 c10h_outdir:  /tigress/ruairidh/model_results/run_1/saves/wrn_28_10/con_False_lr_0.001_seed_0
[2018/09/25 12:56:30 __main__ INFO] - Train 14
[2018/09/25 12:56:50 __main__ INFO] - TEST 14
[2018/09/25 12:57:37 __main__ INFO] - - epoch 14    c10h_train    : 0.2207 (acc: 0.9868) | c10h_val    : 0.2774 (acc: 0.9610)
[2018/09/25 12:57:37 __main__ INFO] - -            c10h_train_c10: 0.0693 (acc: 0.9844) | c10h_val_c10: 0.1236 (acc: 0.9620)
[2018/09/25 12:57:37 __main__ INFO] - -            v4            : 0.3244 (acc: 0.8976) |           v6: 0.2974 (acc: 0.9065)
[2018/09/25 12:57:37 __main__ INFO] - -            c10_50k       : 0.0333 (acc: 0.9995)
[2018/09/25 12:57:37 __main__ INFO] - Elapsed 47.48
keys:  dict_keys(['epoch', 'c10h_train_loss', 'c10h_train_acc', 'c10h_val_loss', 'c10h_val_acc', 'c10h_train_c10_loss', 'c10h_train_c10_acc', 'c10h_val_c10_loss', 'c10h_val_c10_acc', 'v4_loss', 'v4_acc', 'v6_loss', 'v6_acc', 'c10_50k_loss', 'c10_50k_acc']) 
 c10h_outdir:  /tigress/ruairidh/model_results/run_1/saves/wrn_28_10/con_False_lr_0.001_seed_0
[2018/09/25 12:57:40 __main__ INFO] - Train 15
[2018/09/25 12:57:59 __main__ INFO] - TEST 15
[2018/09/25 12:58:47 __main__ INFO] - - epoch 15    c10h_train    : 0.2191 (acc: 0.9868) | c10h_val    : 0.2752 (acc: 0.9680)
[2018/09/25 12:58:47 __main__ INFO] - -            c10h_train_c10: 0.0673 (acc: 0.9842) | c10h_val_c10: 0.1185 (acc: 0.9690)
[2018/09/25 12:58:47 __main__ INFO] - -            v4            : 0.3237 (acc: 0.8981) |           v6: 0.2911 (acc: 0.9065)
[2018/09/25 12:58:47 __main__ INFO] - -            c10_50k       : 0.0325 (acc: 0.9995)
[2018/09/25 12:58:47 __main__ INFO] - Elapsed 47.44
keys:  dict_keys(['epoch', 'c10h_train_loss', 'c10h_train_acc', 'c10h_val_loss', 'c10h_val_acc', 'c10h_train_c10_loss', 'c10h_train_c10_acc', 'c10h_val_c10_loss', 'c10h_val_c10_acc', 'v4_loss', 'v4_acc', 'v6_loss', 'v6_acc', 'c10_50k_loss', 'c10_50k_acc']) 
 c10h_outdir:  /tigress/ruairidh/model_results/run_1/saves/wrn_28_10/con_False_lr_0.001_seed_0
[2018/09/25 12:58:47 __main__ INFO] - Train 16
[2018/09/25 12:59:07 __main__ INFO] - TEST 16
[2018/09/25 12:59:54 __main__ INFO] - - epoch 16    c10h_train    : 0.2180 (acc: 0.9866) | c10h_val    : 0.2740 (acc: 0.9660)
[2018/09/25 12:59:54 __main__ INFO] - -            c10h_train_c10: 0.0664 (acc: 0.9844) | c10h_val_c10: 0.1172 (acc: 0.9670)
[2018/09/25 12:59:54 __main__ INFO] - -            v4            : 0.3315 (acc: 0.8867) |           v6: 0.2932 (acc: 0.9085)
[2018/09/25 12:59:54 __main__ INFO] - -            c10_50k       : 0.0324 (acc: 0.9995)
[2018/09/25 12:59:54 __main__ INFO] - Elapsed 47.44
keys:  dict_keys(['epoch', 'c10h_train_loss', 'c10h_train_acc', 'c10h_val_loss', 'c10h_val_acc', 'c10h_train_c10_loss', 'c10h_train_c10_acc', 'c10h_val_c10_loss', 'c10h_val_c10_acc', 'v4_loss', 'v4_acc', 'v6_loss', 'v6_acc', 'c10_50k_loss', 'c10_50k_acc']) 
 c10h_outdir:  /tigress/ruairidh/model_results/run_1/saves/wrn_28_10/con_False_lr_0.001_seed_0
[2018/09/25 12:59:56 __main__ INFO] - Train 17
[2018/09/25 13:00:15 __main__ INFO] - TEST 17
[2018/09/25 13:01:03 __main__ INFO] - - epoch 17    c10h_train    : 0.2160 (acc: 0.9878) | c10h_val    : 0.2748 (acc: 0.9670)
[2018/09/25 13:01:03 __main__ INFO] - -            c10h_train_c10: 0.0653 (acc: 0.9861) | c10h_val_c10: 0.1201 (acc: 0.9680)
[2018/09/25 13:01:03 __main__ INFO] - -            v4            : 0.3270 (acc: 0.8921) |           v6: 0.2991 (acc: 0.9065)
[2018/09/25 13:01:03 __main__ INFO] - -            c10_50k       : 0.0333 (acc: 0.9993)
[2018/09/25 13:01:03 __main__ INFO] - Elapsed 47.69
keys:  dict_keys(['epoch', 'c10h_train_loss', 'c10h_train_acc', 'c10h_val_loss', 'c10h_val_acc', 'c10h_train_c10_loss', 'c10h_train_c10_acc', 'c10h_val_c10_loss', 'c10h_val_c10_acc', 'v4_loss', 'v4_acc', 'v6_loss', 'v6_acc', 'c10_50k_loss', 'c10_50k_acc']) 
 c10h_outdir:  /tigress/ruairidh/model_results/run_1/saves/wrn_28_10/con_False_lr_0.001_seed_0
[2018/09/25 13:01:05 __main__ INFO] - Train 18
[2018/09/25 13:01:25 __main__ INFO] - TEST 18
[2018/09/25 13:02:12 __main__ INFO] - - epoch 18    c10h_train    : 0.2152 (acc: 0.9877) | c10h_val    : 0.2747 (acc: 0.9670)
[2018/09/25 13:02:12 __main__ INFO] - -            c10h_train_c10: 0.0643 (acc: 0.9851) | c10h_val_c10: 0.1193 (acc: 0.9680)
[2018/09/25 13:02:12 __main__ INFO] - -            v4            : 0.3226 (acc: 0.8946) |           v6: 0.2950 (acc: 0.9100)
[2018/09/25 13:02:12 __main__ INFO] - -            c10_50k       : 0.0329 (acc: 0.9994)
[2018/09/25 13:02:12 __main__ INFO] - Elapsed 47.53
keys:  dict_keys(['epoch', 'c10h_train_loss', 'c10h_train_acc', 'c10h_val_loss', 'c10h_val_acc', 'c10h_train_c10_loss', 'c10h_train_c10_acc', 'c10h_val_c10_loss', 'c10h_val_c10_acc', 'v4_loss', 'v4_acc', 'v6_loss', 'v6_acc', 'c10_50k_loss', 'c10_50k_acc']) 
 c10h_outdir:  /tigress/ruairidh/model_results/run_1/saves/wrn_28_10/con_False_lr_0.001_seed_0
[2018/09/25 13:02:14 __main__ INFO] - Train 19
[2018/09/25 13:02:34 __main__ INFO] - TEST 19
[2018/09/25 13:03:21 __main__ INFO] - - epoch 19    c10h_train    : 0.2146 (acc: 0.9878) | c10h_val    : 0.2826 (acc: 0.9630)
[2018/09/25 13:03:21 __main__ INFO] - -            c10h_train_c10: 0.0629 (acc: 0.9863) | c10h_val_c10: 0.1268 (acc: 0.9640)
[2018/09/25 13:03:21 __main__ INFO] - -            v4            : 0.3380 (acc: 0.8936) |           v6: 0.2984 (acc: 0.9035)
[2018/09/25 13:03:21 __main__ INFO] - -            c10_50k       : 0.0327 (acc: 0.9994)
[2018/09/25 13:03:21 __main__ INFO] - Elapsed 47.49
keys:  dict_keys(['epoch', 'c10h_train_loss', 'c10h_train_acc', 'c10h_val_loss', 'c10h_val_acc', 'c10h_train_c10_loss', 'c10h_train_c10_acc', 'c10h_val_c10_loss', 'c10h_val_c10_acc', 'v4_loss', 'v4_acc', 'v6_loss', 'v6_acc', 'c10_50k_loss', 'c10_50k_acc']) 
 c10h_outdir:  /tigress/ruairidh/model_results/run_1/saves/wrn_28_10/con_False_lr_0.001_seed_0
[2018/09/25 13:03:23 __main__ INFO] - Train 20
[2018/09/25 13:03:43 __main__ INFO] - TEST 20
[2018/09/25 13:04:30 __main__ INFO] - - epoch 20    c10h_train    : 0.2137 (acc: 0.9883) | c10h_val    : 0.2763 (acc: 0.9630)
[2018/09/25 13:04:30 __main__ INFO] - -            c10h_train_c10: 0.0621 (acc: 0.9861) | c10h_val_c10: 0.1205 (acc: 0.9640)
[2018/09/25 13:04:30 __main__ INFO] - -            v4            : 0.3288 (acc: 0.8971) |           v6: 0.2966 (acc: 0.9060)
[2018/09/25 13:04:30 __main__ INFO] - -            c10_50k       : 0.0327 (acc: 0.9993)
[2018/09/25 13:04:30 __main__ INFO] - Elapsed 47.54
keys:  dict_keys(['epoch', 'c10h_train_loss', 'c10h_train_acc', 'c10h_val_loss', 'c10h_val_acc', 'c10h_train_c10_loss', 'c10h_train_c10_acc', 'c10h_val_c10_loss', 'c10h_val_c10_acc', 'v4_loss', 'v4_acc', 'v6_loss', 'v6_acc', 'c10_50k_loss', 'c10_50k_acc']) 
 c10h_outdir:  /tigress/ruairidh/model_results/run_1/saves/wrn_28_10/con_False_lr_0.001_seed_0
[2018/09/25 13:04:31 __main__ INFO] - Train 21
[2018/09/25 13:04:50 __main__ INFO] - TEST 21
[2018/09/25 13:05:37 __main__ INFO] - - epoch 21    c10h_train    : 0.2138 (acc: 0.9890) | c10h_val    : 0.2785 (acc: 0.9650)
[2018/09/25 13:05:38 __main__ INFO] - -            c10h_train_c10: 0.0627 (acc: 0.9863) | c10h_val_c10: 0.1221 (acc: 0.9660)
[2018/09/25 13:05:38 __main__ INFO] - -            v4            : 0.3419 (acc: 0.8931) |           v6: 0.2975 (acc: 0.9060)
[2018/09/25 13:05:38 __main__ INFO] - -            c10_50k       : 0.0325 (acc: 0.9993)
[2018/09/25 13:05:38 __main__ INFO] - Elapsed 47.38
keys:  dict_keys(['epoch', 'c10h_train_loss', 'c10h_train_acc', 'c10h_val_loss', 'c10h_val_acc', 'c10h_train_c10_loss', 'c10h_train_c10_acc', 'c10h_val_c10_loss', 'c10h_val_c10_acc', 'v4_loss', 'v4_acc', 'v6_loss', 'v6_acc', 'c10_50k_loss', 'c10_50k_acc']) 
 c10h_outdir:  /tigress/ruairidh/model_results/run_1/saves/wrn_28_10/con_False_lr_0.001_seed_0
[2018/09/25 13:05:39 __main__ INFO] - Train 22
[2018/09/25 13:05:58 __main__ INFO] - TEST 22
[2018/09/25 13:06:46 __main__ INFO] - - epoch 22    c10h_train    : 0.2128 (acc: 0.9888) | c10h_val    : 0.2787 (acc: 0.9620)
[2018/09/25 13:06:46 __main__ INFO] - -            c10h_train_c10: 0.0646 (acc: 0.9860) | c10h_val_c10: 0.1263 (acc: 0.9630)
[2018/09/25 13:06:46 __main__ INFO] - -            v4            : 0.3366 (acc: 0.8956) |           v6: 0.3024 (acc: 0.9040)
[2018/09/25 13:06:46 __main__ INFO] - -            c10_50k       : 0.0333 (acc: 0.9994)
[2018/09/25 13:06:46 __main__ INFO] - Elapsed 47.59
keys:  dict_keys(['epoch', 'c10h_train_loss', 'c10h_train_acc', 'c10h_val_loss', 'c10h_val_acc', 'c10h_train_c10_loss', 'c10h_train_c10_acc', 'c10h_val_c10_loss', 'c10h_val_c10_acc', 'v4_loss', 'v4_acc', 'v6_loss', 'v6_acc', 'c10_50k_loss', 'c10_50k_acc']) 
 c10h_outdir:  /tigress/ruairidh/model_results/run_1/saves/wrn_28_10/con_False_lr_0.001_seed_0
[2018/09/25 13:06:48 __main__ INFO] - Train 23
[2018/09/25 13:07:08 __main__ INFO] - TEST 23
[2018/09/25 13:07:55 __main__ INFO] - - epoch 23    c10h_train    : 0.2114 (acc: 0.9884) | c10h_val    : 0.2789 (acc: 0.9670)
[2018/09/25 13:07:56 __main__ INFO] - -            c10h_train_c10: 0.0619 (acc: 0.9866) | c10h_val_c10: 0.1254 (acc: 0.9680)
[2018/09/25 13:07:56 __main__ INFO] - -            v4            : 0.3287 (acc: 0.8986) |           v6: 0.2981 (acc: 0.9045)
[2018/09/25 13:07:56 __main__ INFO] - -            c10_50k       : 0.0335 (acc: 0.9993)
[2018/09/25 13:07:56 __main__ INFO] - Elapsed 47.65
keys:  dict_keys(['epoch', 'c10h_train_loss', 'c10h_train_acc', 'c10h_val_loss', 'c10h_val_acc', 'c10h_train_c10_loss', 'c10h_train_c10_acc', 'c10h_val_c10_loss', 'c10h_val_c10_acc', 'v4_loss', 'v4_acc', 'v6_loss', 'v6_acc', 'c10_50k_loss', 'c10_50k_acc']) 
 c10h_outdir:  /tigress/ruairidh/model_results/run_1/saves/wrn_28_10/con_False_lr_0.001_seed_0
[2018/09/25 13:07:57 __main__ INFO] - Train 24
[2018/09/25 13:08:16 __main__ INFO] - TEST 24
[2018/09/25 13:09:04 __main__ INFO] - - epoch 24    c10h_train    : 0.2112 (acc: 0.9886) | c10h_val    : 0.2774 (acc: 0.9660)
[2018/09/25 13:09:04 __main__ INFO] - -            c10h_train_c10: 0.0618 (acc: 0.9868) | c10h_val_c10: 0.1242 (acc: 0.9670)
[2018/09/25 13:09:04 __main__ INFO] - -            v4            : 0.3261 (acc: 0.8931) |           v6: 0.2927 (acc: 0.9110)
[2018/09/25 13:09:04 __main__ INFO] - -            c10_50k       : 0.0331 (acc: 0.9992)
[2018/09/25 13:09:04 __main__ INFO] - Elapsed 47.58
keys:  dict_keys(['epoch', 'c10h_train_loss', 'c10h_train_acc', 'c10h_val_loss', 'c10h_val_acc', 'c10h_train_c10_loss', 'c10h_train_c10_acc', 'c10h_val_c10_loss', 'c10h_val_c10_acc', 'v4_loss', 'v4_acc', 'v6_loss', 'v6_acc', 'c10_50k_loss', 'c10_50k_acc']) 
 c10h_outdir:  /tigress/ruairidh/model_results/run_1/saves/wrn_28_10/con_False_lr_0.001_seed_0
[2018/09/25 13:09:05 __main__ INFO] - Train 25
[2018/09/25 13:09:24 __main__ INFO] - TEST 25
[2018/09/25 13:10:11 __main__ INFO] - - epoch 25    c10h_train    : 0.2094 (acc: 0.9880) | c10h_val    : 0.2775 (acc: 0.9670)
[2018/09/25 13:10:11 __main__ INFO] - -            c10h_train_c10: 0.0625 (acc: 0.9858) | c10h_val_c10: 0.1266 (acc: 0.9680)
[2018/09/25 13:10:11 __main__ INFO] - -            v4            : 0.3326 (acc: 0.8946) |           v6: 0.2961 (acc: 0.9090)
[2018/09/25 13:10:11 __main__ INFO] - -            c10_50k       : 0.0337 (acc: 0.9993)
[2018/09/25 13:10:11 __main__ INFO] - Elapsed 47.39
keys:  dict_keys(['epoch', 'c10h_train_loss', 'c10h_train_acc', 'c10h_val_loss', 'c10h_val_acc', 'c10h_train_c10_loss', 'c10h_train_c10_acc', 'c10h_val_c10_loss', 'c10h_val_c10_acc', 'v4_loss', 'v4_acc', 'v6_loss', 'v6_acc', 'c10_50k_loss', 'c10_50k_acc']) 
 c10h_outdir:  /tigress/ruairidh/model_results/run_1/saves/wrn_28_10/con_False_lr_0.001_seed_0
[2018/09/25 13:10:13 __main__ INFO] - Train 26
[2018/09/25 13:10:32 __main__ INFO] - TEST 26
[2018/09/25 13:11:20 __main__ INFO] - - epoch 26    c10h_train    : 0.2093 (acc: 0.9890) | c10h_val    : 0.2771 (acc: 0.9660)
[2018/09/25 13:11:20 __main__ INFO] - -            c10h_train_c10: 0.0613 (acc: 0.9860) | c10h_val_c10: 0.1250 (acc: 0.9670)
[2018/09/25 13:11:20 __main__ INFO] - -            v4            : 0.3043 (acc: 0.9040) |           v6: 0.2904 (acc: 0.9100)
[2018/09/25 13:11:20 __main__ INFO] - -            c10_50k       : 0.0324 (acc: 0.9993)
[2018/09/25 13:11:20 __main__ INFO] - Elapsed 47.32
keys:  dict_keys(['epoch', 'c10h_train_loss', 'c10h_train_acc', 'c10h_val_loss', 'c10h_val_acc', 'c10h_train_c10_loss', 'c10h_train_c10_acc', 'c10h_val_c10_loss', 'c10h_val_c10_acc', 'v4_loss', 'v4_acc', 'v6_loss', 'v6_acc', 'c10_50k_loss', 'c10_50k_acc']) 
 c10h_outdir:  /tigress/ruairidh/model_results/run_1/saves/wrn_28_10/con_False_lr_0.001_seed_0
[2018/09/25 13:11:22 __main__ INFO] - Train 27
[2018/09/25 13:11:41 __main__ INFO] - TEST 27
[2018/09/25 13:12:29 __main__ INFO] - - epoch 27    c10h_train    : 0.2089 (acc: 0.9880) | c10h_val    : 0.2762 (acc: 0.9650)
[2018/09/25 13:12:29 __main__ INFO] - -            c10h_train_c10: 0.0625 (acc: 0.9861) | c10h_val_c10: 0.1259 (acc: 0.9660)
[2018/09/25 13:12:29 __main__ INFO] - -            v4            : 0.3389 (acc: 0.8887) |           v6: 0.2986 (acc: 0.9065)
[2018/09/25 13:12:29 __main__ INFO] - -            c10_50k       : 0.0341 (acc: 0.9991)
[2018/09/25 13:12:29 __main__ INFO] - Elapsed 47.65
keys:  dict_keys(['epoch', 'c10h_train_loss', 'c10h_train_acc', 'c10h_val_loss', 'c10h_val_acc', 'c10h_train_c10_loss', 'c10h_train_c10_acc', 'c10h_val_c10_loss', 'c10h_val_c10_acc', 'v4_loss', 'v4_acc', 'v6_loss', 'v6_acc', 'c10_50k_loss', 'c10_50k_acc']) 
 c10h_outdir:  /tigress/ruairidh/model_results/run_1/saves/wrn_28_10/con_False_lr_0.001_seed_0
[2018/09/25 13:12:31 __main__ INFO] - Train 28
[2018/09/25 13:12:51 __main__ INFO] - TEST 28
[2018/09/25 13:13:38 __main__ INFO] - - epoch 28    c10h_train    : 0.2095 (acc: 0.9890) | c10h_val    : 0.2764 (acc: 0.9690)
[2018/09/25 13:13:38 __main__ INFO] - -            c10h_train_c10: 0.0585 (acc: 0.9862) | c10h_val_c10: 0.1229 (acc: 0.9700)
[2018/09/25 13:13:38 __main__ INFO] - -            v4            : 0.3233 (acc: 0.8971) |           v6: 0.2878 (acc: 0.9075)
[2018/09/25 13:13:38 __main__ INFO] - -            c10_50k       : 0.0317 (acc: 0.9994)
[2018/09/25 13:13:38 __main__ INFO] - Elapsed 47.57
keys:  dict_keys(['epoch', 'c10h_train_loss', 'c10h_train_acc', 'c10h_val_loss', 'c10h_val_acc', 'c10h_train_c10_loss', 'c10h_train_c10_acc', 'c10h_val_c10_loss', 'c10h_val_c10_acc', 'v4_loss', 'v4_acc', 'v6_loss', 'v6_acc', 'c10_50k_loss', 'c10_50k_acc']) 
 c10h_outdir:  /tigress/ruairidh/model_results/run_1/saves/wrn_28_10/con_False_lr_0.001_seed_0
[2018/09/25 13:13:39 __main__ INFO] - Train 29
[2018/09/25 13:13:59 __main__ INFO] - TEST 29
[2018/09/25 13:14:46 __main__ INFO] - - epoch 29    c10h_train    : 0.2084 (acc: 0.9888) | c10h_val    : 0.2790 (acc: 0.9650)
[2018/09/25 13:14:46 __main__ INFO] - -            c10h_train_c10: 0.0608 (acc: 0.9863) | c10h_val_c10: 0.1274 (acc: 0.9660)
[2018/09/25 13:14:46 __main__ INFO] - -            v4            : 0.3283 (acc: 0.8951) |           v6: 0.2936 (acc: 0.9080)
[2018/09/25 13:14:46 __main__ INFO] - -            c10_50k       : 0.0325 (acc: 0.9993)
[2018/09/25 13:14:46 __main__ INFO] - Elapsed 47.47
keys:  dict_keys(['epoch', 'c10h_train_loss', 'c10h_train_acc', 'c10h_val_loss', 'c10h_val_acc', 'c10h_train_c10_loss', 'c10h_train_c10_acc', 'c10h_val_c10_loss', 'c10h_val_c10_acc', 'v4_loss', 'v4_acc', 'v6_loss', 'v6_acc', 'c10_50k_loss', 'c10_50k_acc']) 
 c10h_outdir:  /tigress/ruairidh/model_results/run_1/saves/wrn_28_10/con_False_lr_0.001_seed_0
[2018/09/25 13:14:50 __main__ INFO] - Train 30
[2018/09/25 13:15:10 __main__ INFO] - TEST 30
[2018/09/25 13:15:57 __main__ INFO] - - epoch 30    c10h_train    : 0.2070 (acc: 0.9893) | c10h_val    : 0.2757 (acc: 0.9670)
[2018/09/25 13:15:57 __main__ INFO] - -            c10h_train_c10: 0.0618 (acc: 0.9868) | c10h_val_c10: 0.1243 (acc: 0.9680)
[2018/09/25 13:15:57 __main__ INFO] - -            v4            : 0.3337 (acc: 0.8902) |           v6: 0.2974 (acc: 0.9090)
[2018/09/25 13:15:57 __main__ INFO] - -            c10_50k       : 0.0343 (acc: 0.9991)
[2018/09/25 13:15:57 __main__ INFO] - Elapsed 47.40
keys:  dict_keys(['epoch', 'c10h_train_loss', 'c10h_train_acc', 'c10h_val_loss', 'c10h_val_acc', 'c10h_train_c10_loss', 'c10h_train_c10_acc', 'c10h_val_c10_loss', 'c10h_val_c10_acc', 'v4_loss', 'v4_acc', 'v6_loss', 'v6_acc', 'c10_50k_loss', 'c10_50k_acc']) 
 c10h_outdir:  /tigress/ruairidh/model_results/run_1/saves/wrn_28_10/con_False_lr_0.001_seed_0
[2018/09/25 13:16:00 __main__ INFO] - Train 31
[2018/09/25 13:16:19 __main__ INFO] - TEST 31
[2018/09/25 13:17:07 __main__ INFO] - - epoch 31    c10h_train    : 0.2074 (acc: 0.9881) | c10h_val    : 0.2747 (acc: 0.9690)
[2018/09/25 13:17:07 __main__ INFO] - -            c10h_train_c10: 0.0630 (acc: 0.9848) | c10h_val_c10: 0.1216 (acc: 0.9700)
[2018/09/25 13:17:07 __main__ INFO] - -            v4            : 0.3231 (acc: 0.8956) |           v6: 0.2898 (acc: 0.9110)
[2018/09/25 13:17:07 __main__ INFO] - -            c10_50k       : 0.0327 (acc: 0.9992)
[2018/09/25 13:17:07 __main__ INFO] - Elapsed 47.80
keys:  dict_keys(['epoch', 'c10h_train_loss', 'c10h_train_acc', 'c10h_val_loss', 'c10h_val_acc', 'c10h_train_c10_loss', 'c10h_train_c10_acc', 'c10h_val_c10_loss', 'c10h_val_c10_acc', 'v4_loss', 'v4_acc', 'v6_loss', 'v6_acc', 'c10_50k_loss', 'c10_50k_acc']) 
 c10h_outdir:  /tigress/ruairidh/model_results/run_1/saves/wrn_28_10/con_False_lr_0.001_seed_0
[2018/09/25 13:17:08 __main__ INFO] - Train 32
[2018/09/25 13:17:28 __main__ INFO] - TEST 32
[2018/09/25 13:18:15 __main__ INFO] - - epoch 32    c10h_train    : 0.2055 (acc: 0.9899) | c10h_val    : 0.2752 (acc: 0.9680)
[2018/09/25 13:18:15 __main__ INFO] - -            c10h_train_c10: 0.0597 (acc: 0.9874) | c10h_val_c10: 0.1236 (acc: 0.9690)
[2018/09/25 13:18:15 __main__ INFO] - -            v4            : 0.3332 (acc: 0.8897) |           v6: 0.2915 (acc: 0.9095)
[2018/09/25 13:18:15 __main__ INFO] - -            c10_50k       : 0.0333 (acc: 0.9992)
[2018/09/25 13:18:15 __main__ INFO] - Elapsed 47.40
keys:  dict_keys(['epoch', 'c10h_train_loss', 'c10h_train_acc', 'c10h_val_loss', 'c10h_val_acc', 'c10h_train_c10_loss', 'c10h_train_c10_acc', 'c10h_val_c10_loss', 'c10h_val_c10_acc', 'v4_loss', 'v4_acc', 'v6_loss', 'v6_acc', 'c10_50k_loss', 'c10_50k_acc']) 
 c10h_outdir:  /tigress/ruairidh/model_results/run_1/saves/wrn_28_10/con_False_lr_0.001_seed_0
[2018/09/25 13:18:17 __main__ INFO] - Train 33
[2018/09/25 13:18:37 __main__ INFO] - TEST 33
[2018/09/25 13:19:25 __main__ INFO] - - epoch 33    c10h_train    : 0.2060 (acc: 0.9890) | c10h_val    : 0.2755 (acc: 0.9650)
[2018/09/25 13:19:25 __main__ INFO] - -            c10h_train_c10: 0.0632 (acc: 0.9846) | c10h_val_c10: 0.1248 (acc: 0.9660)
[2018/09/25 13:19:25 __main__ INFO] - -            v4            : 0.3329 (acc: 0.8991) |           v6: 0.3010 (acc: 0.9090)
[2018/09/25 13:19:25 __main__ INFO] - -            c10_50k       : 0.0342 (acc: 0.9988)
[2018/09/25 13:19:25 __main__ INFO] - Elapsed 47.79
keys:  dict_keys(['epoch', 'c10h_train_loss', 'c10h_train_acc', 'c10h_val_loss', 'c10h_val_acc', 'c10h_train_c10_loss', 'c10h_train_c10_acc', 'c10h_val_c10_loss', 'c10h_val_c10_acc', 'v4_loss', 'v4_acc', 'v6_loss', 'v6_acc', 'c10_50k_loss', 'c10_50k_acc']) 
 c10h_outdir:  /tigress/ruairidh/model_results/run_1/saves/wrn_28_10/con_False_lr_0.001_seed_0
[2018/09/25 13:19:27 __main__ INFO] - Train 34
[2018/09/25 13:19:46 __main__ INFO] - TEST 34
[2018/09/25 13:20:34 __main__ INFO] - - epoch 34    c10h_train    : 0.2053 (acc: 0.9890) | c10h_val    : 0.2730 (acc: 0.9660)
[2018/09/25 13:20:34 __main__ INFO] - -            c10h_train_c10: 0.0614 (acc: 0.9858) | c10h_val_c10: 0.1217 (acc: 0.9670)
[2018/09/25 13:20:34 __main__ INFO] - -            v4            : 0.3279 (acc: 0.8931) |           v6: 0.2996 (acc: 0.9100)
[2018/09/25 13:20:34 __main__ INFO] - -            c10_50k       : 0.0342 (acc: 0.9992)
[2018/09/25 13:20:34 __main__ INFO] - Elapsed 47.92
keys:  dict_keys(['epoch', 'c10h_train_loss', 'c10h_train_acc', 'c10h_val_loss', 'c10h_val_acc', 'c10h_train_c10_loss', 'c10h_train_c10_acc', 'c10h_val_c10_loss', 'c10h_val_c10_acc', 'v4_loss', 'v4_acc', 'v6_loss', 'v6_acc', 'c10_50k_loss', 'c10_50k_acc']) 
 c10h_outdir:  /tigress/ruairidh/model_results/run_1/saves/wrn_28_10/con_False_lr_0.001_seed_0
[2018/09/25 13:20:35 __main__ INFO] - Train 35
[2018/09/25 13:20:55 __main__ INFO] - TEST 35
[2018/09/25 13:21:43 __main__ INFO] - - epoch 35    c10h_train    : 0.2052 (acc: 0.9903) | c10h_val    : 0.2762 (acc: 0.9660)
[2018/09/25 13:21:43 __main__ INFO] - -            c10h_train_c10: 0.0608 (acc: 0.9862) | c10h_val_c10: 0.1254 (acc: 0.9670)
[2018/09/25 13:21:43 __main__ INFO] - -            v4            : 0.3359 (acc: 0.8892) |           v6: 0.2987 (acc: 0.9050)
[2018/09/25 13:21:43 __main__ INFO] - -            c10_50k       : 0.0346 (acc: 0.9990)
[2018/09/25 13:21:43 __main__ INFO] - Elapsed 47.80
keys:  dict_keys(['epoch', 'c10h_train_loss', 'c10h_train_acc', 'c10h_val_loss', 'c10h_val_acc', 'c10h_train_c10_loss', 'c10h_train_c10_acc', 'c10h_val_c10_loss', 'c10h_val_c10_acc', 'v4_loss', 'v4_acc', 'v6_loss', 'v6_acc', 'c10_50k_loss', 'c10_50k_acc']) 
 c10h_outdir:  /tigress/ruairidh/model_results/run_1/saves/wrn_28_10/con_False_lr_0.001_seed_0
[2018/09/25 13:21:43 __main__ INFO] - Train 36
[2018/09/25 13:22:03 __main__ INFO] - TEST 36
[2018/09/25 13:22:51 __main__ INFO] - - epoch 36    c10h_train    : 0.2045 (acc: 0.9901) | c10h_val    : 0.2754 (acc: 0.9650)
[2018/09/25 13:22:51 __main__ INFO] - -            c10h_train_c10: 0.0607 (acc: 0.9862) | c10h_val_c10: 0.1224 (acc: 0.9660)
[2018/09/25 13:22:51 __main__ INFO] - -            v4            : 0.3308 (acc: 0.8897) |           v6: 0.2939 (acc: 0.9080)
[2018/09/25 13:22:51 __main__ INFO] - -            c10_50k       : 0.0333 (acc: 0.9993)
[2018/09/25 13:22:51 __main__ INFO] - Elapsed 48.08
keys:  dict_keys(['epoch', 'c10h_train_loss', 'c10h_train_acc', 'c10h_val_loss', 'c10h_val_acc', 'c10h_train_c10_loss', 'c10h_train_c10_acc', 'c10h_val_c10_loss', 'c10h_val_c10_acc', 'v4_loss', 'v4_acc', 'v6_loss', 'v6_acc', 'c10_50k_loss', 'c10_50k_acc']) 
 c10h_outdir:  /tigress/ruairidh/model_results/run_1/saves/wrn_28_10/con_False_lr_0.001_seed_0
[2018/09/25 13:22:53 __main__ INFO] - Train 37
[2018/09/25 13:23:13 __main__ INFO] - TEST 37
[2018/09/25 13:24:00 __main__ INFO] - - epoch 37    c10h_train    : 0.2052 (acc: 0.9892) | c10h_val    : 0.2785 (acc: 0.9680)
[2018/09/25 13:24:01 __main__ INFO] - -            c10h_train_c10: 0.0594 (acc: 0.9861) | c10h_val_c10: 0.1257 (acc: 0.9690)
[2018/09/25 13:24:01 __main__ INFO] - -            v4            : 0.3487 (acc: 0.8872) |           v6: 0.2986 (acc: 0.9050)
[2018/09/25 13:24:01 __main__ INFO] - -            c10_50k       : 0.0328 (acc: 0.9990)
[2018/09/25 13:24:01 __main__ INFO] - Elapsed 47.83
keys:  dict_keys(['epoch', 'c10h_train_loss', 'c10h_train_acc', 'c10h_val_loss', 'c10h_val_acc', 'c10h_train_c10_loss', 'c10h_train_c10_acc', 'c10h_val_c10_loss', 'c10h_val_c10_acc', 'v4_loss', 'v4_acc', 'v6_loss', 'v6_acc', 'c10_50k_loss', 'c10_50k_acc']) 
 c10h_outdir:  /tigress/ruairidh/model_results/run_1/saves/wrn_28_10/con_False_lr_0.001_seed_0
[2018/09/25 13:24:02 __main__ INFO] - Train 38
[2018/09/25 13:24:22 __main__ INFO] - TEST 38
[2018/09/25 13:25:10 __main__ INFO] - - epoch 38    c10h_train    : 0.2041 (acc: 0.9901) | c10h_val    : 0.2768 (acc: 0.9660)
[2018/09/25 13:25:10 __main__ INFO] - -            c10h_train_c10: 0.0605 (acc: 0.9867) | c10h_val_c10: 0.1260 (acc: 0.9670)
[2018/09/25 13:25:10 __main__ INFO] - -            v4            : 0.3145 (acc: 0.9000) |           v6: 0.2914 (acc: 0.9085)
[2018/09/25 13:25:10 __main__ INFO] - -            c10_50k       : 0.0326 (acc: 0.9993)
[2018/09/25 13:25:10 __main__ INFO] - Elapsed 47.83
keys:  dict_keys(['epoch', 'c10h_train_loss', 'c10h_train_acc', 'c10h_val_loss', 'c10h_val_acc', 'c10h_train_c10_loss', 'c10h_train_c10_acc', 'c10h_val_c10_loss', 'c10h_val_c10_acc', 'v4_loss', 'v4_acc', 'v6_loss', 'v6_acc', 'c10_50k_loss', 'c10_50k_acc']) 
 c10h_outdir:  /tigress/ruairidh/model_results/run_1/saves/wrn_28_10/con_False_lr_0.001_seed_0
[2018/09/25 13:25:12 __main__ INFO] - Train 39
[2018/09/25 13:25:32 __main__ INFO] - TEST 39
[2018/09/25 13:26:19 __main__ INFO] - - epoch 39    c10h_train    : 0.2035 (acc: 0.9893) | c10h_val    : 0.2771 (acc: 0.9680)
[2018/09/25 13:26:20 __main__ INFO] - -            c10h_train_c10: 0.0582 (acc: 0.9866) | c10h_val_c10: 0.1235 (acc: 0.9690)
[2018/09/25 13:26:20 __main__ INFO] - -            v4            : 0.3312 (acc: 0.8906) |           v6: 0.2990 (acc: 0.9085)
[2018/09/25 13:26:20 __main__ INFO] - -            c10_50k       : 0.0323 (acc: 0.9991)
[2018/09/25 13:26:20 __main__ INFO] - Elapsed 47.68
keys:  dict_keys(['epoch', 'c10h_train_loss', 'c10h_train_acc', 'c10h_val_loss', 'c10h_val_acc', 'c10h_train_c10_loss', 'c10h_train_c10_acc', 'c10h_val_c10_loss', 'c10h_val_c10_acc', 'v4_loss', 'v4_acc', 'v6_loss', 'v6_acc', 'c10_50k_loss', 'c10_50k_acc']) 
 c10h_outdir:  /tigress/ruairidh/model_results/run_1/saves/wrn_28_10/con_False_lr_0.001_seed_0
[2018/09/25 13:26:21 __main__ INFO] - Train 40
[2018/09/25 13:26:40 __main__ INFO] - TEST 40
[2018/09/25 13:27:28 __main__ INFO] - - epoch 40    c10h_train    : 0.2031 (acc: 0.9899) | c10h_val    : 0.2749 (acc: 0.9660)
[2018/09/25 13:27:28 __main__ INFO] - -            c10h_train_c10: 0.0596 (acc: 0.9858) | c10h_val_c10: 0.1220 (acc: 0.9670)
[2018/09/25 13:27:28 __main__ INFO] - -            v4            : 0.3289 (acc: 0.8941) |           v6: 0.3033 (acc: 0.9060)
[2018/09/25 13:27:28 __main__ INFO] - -            c10_50k       : 0.0339 (acc: 0.9988)
[2018/09/25 13:27:28 __main__ INFO] - Elapsed 47.68
keys:  dict_keys(['epoch', 'c10h_train_loss', 'c10h_train_acc', 'c10h_val_loss', 'c10h_val_acc', 'c10h_train_c10_loss', 'c10h_train_c10_acc', 'c10h_val_c10_loss', 'c10h_val_c10_acc', 'v4_loss', 'v4_acc', 'v6_loss', 'v6_acc', 'c10_50k_loss', 'c10_50k_acc']) 
 c10h_outdir:  /tigress/ruairidh/model_results/run_1/saves/wrn_28_10/con_False_lr_0.001_seed_0
[2018/09/25 13:27:31 __main__ INFO] - Train 41
[2018/09/25 13:27:50 __main__ INFO] - TEST 41
[2018/09/25 13:28:38 __main__ INFO] - - epoch 41    c10h_train    : 0.2024 (acc: 0.9907) | c10h_val    : 0.2746 (acc: 0.9640)
[2018/09/25 13:28:38 __main__ INFO] - -            c10h_train_c10: 0.0598 (acc: 0.9864) | c10h_val_c10: 0.1228 (acc: 0.9650)
[2018/09/25 13:28:38 __main__ INFO] - -            v4            : 0.3332 (acc: 0.8986) |           v6: 0.2946 (acc: 0.9100)
[2018/09/25 13:28:38 __main__ INFO] - -            c10_50k       : 0.0336 (acc: 0.9990)
[2018/09/25 13:28:38 __main__ INFO] - Elapsed 47.70
keys:  dict_keys(['epoch', 'c10h_train_loss', 'c10h_train_acc', 'c10h_val_loss', 'c10h_val_acc', 'c10h_train_c10_loss', 'c10h_train_c10_acc', 'c10h_val_c10_loss', 'c10h_val_c10_acc', 'v4_loss', 'v4_acc', 'v6_loss', 'v6_acc', 'c10_50k_loss', 'c10_50k_acc']) 
 c10h_outdir:  /tigress/ruairidh/model_results/run_1/saves/wrn_28_10/con_False_lr_0.001_seed_0
[2018/09/25 13:28:41 __main__ INFO] - Train 42
[2018/09/25 13:29:00 __main__ INFO] - TEST 42
[2018/09/25 13:29:48 __main__ INFO] - - epoch 42    c10h_train    : 0.2027 (acc: 0.9902) | c10h_val    : 0.2766 (acc: 0.9680)
[2018/09/25 13:29:48 __main__ INFO] - -            c10h_train_c10: 0.0609 (acc: 0.9856) | c10h_val_c10: 0.1269 (acc: 0.9690)
[2018/09/25 13:29:48 __main__ INFO] - -            v4            : 0.3491 (acc: 0.8877) |           v6: 0.2986 (acc: 0.9090)
[2018/09/25 13:29:48 __main__ INFO] - -            c10_50k       : 0.0341 (acc: 0.9991)
[2018/09/25 13:29:48 __main__ INFO] - Elapsed 47.88
keys:  dict_keys(['epoch', 'c10h_train_loss', 'c10h_train_acc', 'c10h_val_loss', 'c10h_val_acc', 'c10h_train_c10_loss', 'c10h_train_c10_acc', 'c10h_val_c10_loss', 'c10h_val_c10_acc', 'v4_loss', 'v4_acc', 'v6_loss', 'v6_acc', 'c10_50k_loss', 'c10_50k_acc']) 
 c10h_outdir:  /tigress/ruairidh/model_results/run_1/saves/wrn_28_10/con_False_lr_0.001_seed_0
[2018/09/25 13:29:49 __main__ INFO] - Train 43
[2018/09/25 13:30:08 __main__ INFO] - TEST 43
[2018/09/25 13:30:56 __main__ INFO] - - epoch 43    c10h_train    : 0.2019 (acc: 0.9909) | c10h_val    : 0.2754 (acc: 0.9620)
[2018/09/25 13:30:56 __main__ INFO] - -            c10h_train_c10: 0.0621 (acc: 0.9867) | c10h_val_c10: 0.1257 (acc: 0.9630)
[2018/09/25 13:30:56 __main__ INFO] - -            v4            : 0.3426 (acc: 0.8926) |           v6: 0.3035 (acc: 0.9070)
[2018/09/25 13:30:56 __main__ INFO] - -            c10_50k       : 0.0358 (acc: 0.9989)
[2018/09/25 13:30:56 __main__ INFO] - Elapsed 47.80
keys:  dict_keys(['epoch', 'c10h_train_loss', 'c10h_train_acc', 'c10h_val_loss', 'c10h_val_acc', 'c10h_train_c10_loss', 'c10h_train_c10_acc', 'c10h_val_c10_loss', 'c10h_val_c10_acc', 'v4_loss', 'v4_acc', 'v6_loss', 'v6_acc', 'c10_50k_loss', 'c10_50k_acc']) 
 c10h_outdir:  /tigress/ruairidh/model_results/run_1/saves/wrn_28_10/con_False_lr_0.001_seed_0
[2018/09/25 13:30:58 __main__ INFO] - Train 44
[2018/09/25 13:31:18 __main__ INFO] - TEST 44
[2018/09/25 13:32:06 __main__ INFO] - - epoch 44    c10h_train    : 0.2016 (acc: 0.9903) | c10h_val    : 0.2760 (acc: 0.9650)
[2018/09/25 13:32:06 __main__ INFO] - -            c10h_train_c10: 0.0610 (acc: 0.9873) | c10h_val_c10: 0.1272 (acc: 0.9660)
[2018/09/25 13:32:06 __main__ INFO] - -            v4            : 0.3315 (acc: 0.8931) |           v6: 0.3006 (acc: 0.9060)
[2018/09/25 13:32:06 __main__ INFO] - -            c10_50k       : 0.0351 (acc: 0.9990)
[2018/09/25 13:32:06 __main__ INFO] - Elapsed 47.84
keys:  dict_keys(['epoch', 'c10h_train_loss', 'c10h_train_acc', 'c10h_val_loss', 'c10h_val_acc', 'c10h_train_c10_loss', 'c10h_train_c10_acc', 'c10h_val_c10_loss', 'c10h_val_c10_acc', 'v4_loss', 'v4_acc', 'v6_loss', 'v6_acc', 'c10_50k_loss', 'c10_50k_acc']) 
 c10h_outdir:  /tigress/ruairidh/model_results/run_1/saves/wrn_28_10/con_False_lr_0.001_seed_0
[2018/09/25 13:32:07 __main__ INFO] - Train 45
[2018/09/25 13:32:27 __main__ INFO] - TEST 45
[2018/09/25 13:33:15 __main__ INFO] - - epoch 45    c10h_train    : 0.2010 (acc: 0.9901) | c10h_val    : 0.2726 (acc: 0.9660)
[2018/09/25 13:33:15 __main__ INFO] - -            c10h_train_c10: 0.0601 (acc: 0.9864) | c10h_val_c10: 0.1222 (acc: 0.9670)
[2018/09/25 13:33:15 __main__ INFO] - -            v4            : 0.3238 (acc: 0.8976) |           v6: 0.2917 (acc: 0.9090)
[2018/09/25 13:33:15 __main__ INFO] - -            c10_50k       : 0.0343 (acc: 0.9995)
[2018/09/25 13:33:15 __main__ INFO] - Elapsed 47.75
keys:  dict_keys(['epoch', 'c10h_train_loss', 'c10h_train_acc', 'c10h_val_loss', 'c10h_val_acc', 'c10h_train_c10_loss', 'c10h_train_c10_acc', 'c10h_val_c10_loss', 'c10h_val_c10_acc', 'v4_loss', 'v4_acc', 'v6_loss', 'v6_acc', 'c10_50k_loss', 'c10_50k_acc']) 
 c10h_outdir:  /tigress/ruairidh/model_results/run_1/saves/wrn_28_10/con_False_lr_0.001_seed_0
[2018/09/25 13:33:17 __main__ INFO] - Train 46
[2018/09/25 13:33:36 __main__ INFO] - TEST 46
[2018/09/25 13:34:24 __main__ INFO] - - epoch 46    c10h_train    : 0.2008 (acc: 0.9911) | c10h_val    : 0.2745 (acc: 0.9650)
[2018/09/25 13:34:24 __main__ INFO] - -            c10h_train_c10: 0.0612 (acc: 0.9872) | c10h_val_c10: 0.1243 (acc: 0.9660)
[2018/09/25 13:34:24 __main__ INFO] - -            v4            : 0.3272 (acc: 0.8991) |           v6: 0.2930 (acc: 0.9085)
[2018/09/25 13:34:24 __main__ INFO] - -            c10_50k       : 0.0344 (acc: 0.9991)
[2018/09/25 13:34:24 __main__ INFO] - Elapsed 47.74
keys:  dict_keys(['epoch', 'c10h_train_loss', 'c10h_train_acc', 'c10h_val_loss', 'c10h_val_acc', 'c10h_train_c10_loss', 'c10h_train_c10_acc', 'c10h_val_c10_loss', 'c10h_val_c10_acc', 'v4_loss', 'v4_acc', 'v6_loss', 'v6_acc', 'c10_50k_loss', 'c10_50k_acc']) 
 c10h_outdir:  /tigress/ruairidh/model_results/run_1/saves/wrn_28_10/con_False_lr_0.001_seed_0
[2018/09/25 13:34:24 __main__ INFO] - Train 47
[2018/09/25 13:34:44 __main__ INFO] - TEST 47
[2018/09/25 13:35:32 __main__ INFO] - - epoch 47    c10h_train    : 0.2001 (acc: 0.9900) | c10h_val    : 0.2759 (acc: 0.9650)
[2018/09/25 13:35:32 __main__ INFO] - -            c10h_train_c10: 0.0571 (acc: 0.9869) | c10h_val_c10: 0.1250 (acc: 0.9660)
[2018/09/25 13:35:32 __main__ INFO] - -            v4            : 0.3325 (acc: 0.8926) |           v6: 0.2939 (acc: 0.9085)
[2018/09/25 13:35:32 __main__ INFO] - -            c10_50k       : 0.0325 (acc: 0.9989)
[2018/09/25 13:35:32 __main__ INFO] - Elapsed 48.11
keys:  dict_keys(['epoch', 'c10h_train_loss', 'c10h_train_acc', 'c10h_val_loss', 'c10h_val_acc', 'c10h_train_c10_loss', 'c10h_train_c10_acc', 'c10h_val_c10_loss', 'c10h_val_c10_acc', 'v4_loss', 'v4_acc', 'v6_loss', 'v6_acc', 'c10_50k_loss', 'c10_50k_acc']) 
 c10h_outdir:  /tigress/ruairidh/model_results/run_1/saves/wrn_28_10/con_False_lr_0.001_seed_0
[2018/09/25 13:35:34 __main__ INFO] - Train 48
[2018/09/25 13:35:53 __main__ INFO] - TEST 48
[2018/09/25 13:36:41 __main__ INFO] - - epoch 48    c10h_train    : 0.1997 (acc: 0.9897) | c10h_val    : 0.2769 (acc: 0.9650)
[2018/09/25 13:36:41 __main__ INFO] - -            c10h_train_c10: 0.0588 (acc: 0.9869) | c10h_val_c10: 0.1258 (acc: 0.9660)
[2018/09/25 13:36:41 __main__ INFO] - -            v4            : 0.3459 (acc: 0.8897) |           v6: 0.2937 (acc: 0.9110)
[2018/09/25 13:36:41 __main__ INFO] - -            c10_50k       : 0.0328 (acc: 0.9992)
[2018/09/25 13:36:41 __main__ INFO] - Elapsed 47.72
keys:  dict_keys(['epoch', 'c10h_train_loss', 'c10h_train_acc', 'c10h_val_loss', 'c10h_val_acc', 'c10h_train_c10_loss', 'c10h_train_c10_acc', 'c10h_val_c10_loss', 'c10h_val_c10_acc', 'v4_loss', 'v4_acc', 'v6_loss', 'v6_acc', 'c10_50k_loss', 'c10_50k_acc']) 
 c10h_outdir:  /tigress/ruairidh/model_results/run_1/saves/wrn_28_10/con_False_lr_0.001_seed_0
[2018/09/25 13:36:43 __main__ INFO] - Train 49
[2018/09/25 13:37:02 __main__ INFO] - TEST 49
[2018/09/25 13:37:51 __main__ INFO] - - epoch 49    c10h_train    : 0.2002 (acc: 0.9899) | c10h_val    : 0.2772 (acc: 0.9650)
[2018/09/25 13:37:51 __main__ INFO] - -            c10h_train_c10: 0.0593 (acc: 0.9866) | c10h_val_c10: 0.1274 (acc: 0.9660)
[2018/09/25 13:37:51 __main__ INFO] - -            v4            : 0.3298 (acc: 0.8926) |           v6: 0.2946 (acc: 0.9075)
[2018/09/25 13:37:51 __main__ INFO] - -            c10_50k       : 0.0343 (acc: 0.9990)
[2018/09/25 13:37:51 __main__ INFO] - Elapsed 48.15
keys:  dict_keys(['epoch', 'c10h_train_loss', 'c10h_train_acc', 'c10h_val_loss', 'c10h_val_acc', 'c10h_train_c10_loss', 'c10h_train_c10_acc', 'c10h_val_c10_loss', 'c10h_val_c10_acc', 'v4_loss', 'v4_acc', 'v6_loss', 'v6_acc', 'c10_50k_loss', 'c10_50k_acc']) 
 c10h_outdir:  /tigress/ruairidh/model_results/run_1/saves/wrn_28_10/con_False_lr_0.001_seed_0
[2018/09/25 13:37:53 __main__ INFO] - Train 50
[2018/09/25 13:38:12 __main__ INFO] - TEST 50
[2018/09/25 13:39:00 __main__ INFO] - - epoch 50    c10h_train    : 0.1994 (acc: 0.9903) | c10h_val    : 0.2771 (acc: 0.9610)
[2018/09/25 13:39:00 __main__ INFO] - -            c10h_train_c10: 0.0621 (acc: 0.9854) | c10h_val_c10: 0.1297 (acc: 0.9620)
[2018/09/25 13:39:00 __main__ INFO] - -            v4            : 0.3291 (acc: 0.8936) |           v6: 0.3028 (acc: 0.9060)
[2018/09/25 13:39:00 __main__ INFO] - -            c10_50k       : 0.0360 (acc: 0.9987)
[2018/09/25 13:39:00 __main__ INFO] - Elapsed 47.97
keys:  dict_keys(['epoch', 'c10h_train_loss', 'c10h_train_acc', 'c10h_val_loss', 'c10h_val_acc', 'c10h_train_c10_loss', 'c10h_train_c10_acc', 'c10h_val_c10_loss', 'c10h_val_c10_acc', 'v4_loss', 'v4_acc', 'v6_loss', 'v6_acc', 'c10_50k_loss', 'c10_50k_acc']) 
 c10h_outdir:  /tigress/ruairidh/model_results/run_1/saves/wrn_28_10/con_False_lr_0.001_seed_0
[2018/09/25 13:39:01 __main__ INFO] - Train 51
[2018/09/25 13:39:20 __main__ INFO] - TEST 51
[2018/09/25 13:40:08 __main__ INFO] - - epoch 51    c10h_train    : 0.2000 (acc: 0.9907) | c10h_val    : 0.2799 (acc: 0.9630)
[2018/09/25 13:40:08 __main__ INFO] - -            c10h_train_c10: 0.0604 (acc: 0.9853) | c10h_val_c10: 0.1296 (acc: 0.9640)
[2018/09/25 13:40:08 __main__ INFO] - -            v4            : 0.3306 (acc: 0.8951) |           v6: 0.2956 (acc: 0.9075)
[2018/09/25 13:40:08 __main__ INFO] - -            c10_50k       : 0.0335 (acc: 0.9987)
[2018/09/25 13:40:08 __main__ INFO] - Elapsed 47.95
keys:  dict_keys(['epoch', 'c10h_train_loss', 'c10h_train_acc', 'c10h_val_loss', 'c10h_val_acc', 'c10h_train_c10_loss', 'c10h_train_c10_acc', 'c10h_val_c10_loss', 'c10h_val_c10_acc', 'v4_loss', 'v4_acc', 'v6_loss', 'v6_acc', 'c10_50k_loss', 'c10_50k_acc']) 
 c10h_outdir:  /tigress/ruairidh/model_results/run_1/saves/wrn_28_10/con_False_lr_0.001_seed_0
[2018/09/25 13:40:10 __main__ INFO] - Train 52
[2018/09/25 13:40:30 __main__ INFO] - TEST 52
[2018/09/25 13:41:17 __main__ INFO] - - epoch 52    c10h_train    : 0.1991 (acc: 0.9909) | c10h_val    : 0.2763 (acc: 0.9630)
[2018/09/25 13:41:18 __main__ INFO] - -            c10h_train_c10: 0.0609 (acc: 0.9861) | c10h_val_c10: 0.1294 (acc: 0.9640)
[2018/09/25 13:41:18 __main__ INFO] - -            v4            : 0.3296 (acc: 0.8941) |           v6: 0.2999 (acc: 0.9100)
[2018/09/25 13:41:18 __main__ INFO] - -            c10_50k       : 0.0360 (acc: 0.9988)
[2018/09/25 13:41:18 __main__ INFO] - Elapsed 47.92
keys:  dict_keys(['epoch', 'c10h_train_loss', 'c10h_train_acc', 'c10h_val_loss', 'c10h_val_acc', 'c10h_train_c10_loss', 'c10h_train_c10_acc', 'c10h_val_c10_loss', 'c10h_val_c10_acc', 'v4_loss', 'v4_acc', 'v6_loss', 'v6_acc', 'c10_50k_loss', 'c10_50k_acc']) 
 c10h_outdir:  /tigress/ruairidh/model_results/run_1/saves/wrn_28_10/con_False_lr_0.001_seed_0
[2018/09/25 13:41:19 __main__ INFO] - Train 53
[2018/09/25 13:41:38 __main__ INFO] - TEST 53
[2018/09/25 13:42:26 __main__ INFO] - - epoch 53    c10h_train    : 0.1988 (acc: 0.9907) | c10h_val    : 0.2753 (acc: 0.9620)
[2018/09/25 13:42:26 __main__ INFO] - -            c10h_train_c10: 0.0599 (acc: 0.9863) | c10h_val_c10: 0.1270 (acc: 0.9630)
[2018/09/25 13:42:26 __main__ INFO] - -            v4            : 0.3323 (acc: 0.8936) |           v6: 0.2973 (acc: 0.9095)
[2018/09/25 13:42:26 __main__ INFO] - -            c10_50k       : 0.0348 (acc: 0.9991)
[2018/09/25 13:42:26 __main__ INFO] - Elapsed 48.04
keys:  dict_keys(['epoch', 'c10h_train_loss', 'c10h_train_acc', 'c10h_val_loss', 'c10h_val_acc', 'c10h_train_c10_loss', 'c10h_train_c10_acc', 'c10h_val_c10_loss', 'c10h_val_c10_acc', 'v4_loss', 'v4_acc', 'v6_loss', 'v6_acc', 'c10_50k_loss', 'c10_50k_acc']) 
 c10h_outdir:  /tigress/ruairidh/model_results/run_1/saves/wrn_28_10/con_False_lr_0.001_seed_0
[2018/09/25 13:42:29 __main__ INFO] - Train 54
[2018/09/25 13:42:48 __main__ INFO] - TEST 54
[2018/09/25 13:43:37 __main__ INFO] - - epoch 54    c10h_train    : 0.1989 (acc: 0.9892) | c10h_val    : 0.2789 (acc: 0.9630)
[2018/09/25 13:43:37 __main__ INFO] - -            c10h_train_c10: 0.0589 (acc: 0.9857) | c10h_val_c10: 0.1278 (acc: 0.9640)
[2018/09/25 13:43:37 __main__ INFO] - -            v4            : 0.3449 (acc: 0.8931) |           v6: 0.2994 (acc: 0.9055)
[2018/09/25 13:43:37 __main__ INFO] - -            c10_50k       : 0.0330 (acc: 0.9987)
[2018/09/25 13:43:37 __main__ INFO] - Elapsed 48.81
keys:  dict_keys(['epoch', 'c10h_train_loss', 'c10h_train_acc', 'c10h_val_loss', 'c10h_val_acc', 'c10h_train_c10_loss', 'c10h_train_c10_acc', 'c10h_val_c10_loss', 'c10h_val_c10_acc', 'v4_loss', 'v4_acc', 'v6_loss', 'v6_acc', 'c10_50k_loss', 'c10_50k_acc']) 
 c10h_outdir:  /tigress/ruairidh/model_results/run_1/saves/wrn_28_10/con_False_lr_0.001_seed_0
[2018/09/25 13:43:39 __main__ INFO] - Train 55
[2018/09/25 13:43:58 __main__ INFO] - TEST 55
[2018/09/25 13:44:47 __main__ INFO] - - epoch 55    c10h_train    : 0.1976 (acc: 0.9901) | c10h_val    : 0.2762 (acc: 0.9600)
[2018/09/25 13:44:47 __main__ INFO] - -            c10h_train_c10: 0.0601 (acc: 0.9853) | c10h_val_c10: 0.1280 (acc: 0.9610)
[2018/09/25 13:44:47 __main__ INFO] - -            v4            : 0.3476 (acc: 0.8902) |           v6: 0.3020 (acc: 0.9055)
[2018/09/25 13:44:47 __main__ INFO] - -            c10_50k       : 0.0347 (acc: 0.9989)
[2018/09/25 13:44:47 __main__ INFO] - Elapsed 48.04
keys:  dict_keys(['epoch', 'c10h_train_loss', 'c10h_train_acc', 'c10h_val_loss', 'c10h_val_acc', 'c10h_train_c10_loss', 'c10h_train_c10_acc', 'c10h_val_c10_loss', 'c10h_val_c10_acc', 'v4_loss', 'v4_acc', 'v6_loss', 'v6_acc', 'c10_50k_loss', 'c10_50k_acc']) 
 c10h_outdir:  /tigress/ruairidh/model_results/run_1/saves/wrn_28_10/con_False_lr_0.001_seed_0
[2018/09/25 13:44:47 __main__ INFO] - Train 56
[2018/09/25 13:45:07 __main__ INFO] - TEST 56
[2018/09/25 13:45:55 __main__ INFO] - - epoch 56    c10h_train    : 0.1984 (acc: 0.9896) | c10h_val    : 0.2763 (acc: 0.9660)
[2018/09/25 13:45:55 __main__ INFO] - -            c10h_train_c10: 0.0589 (acc: 0.9859) | c10h_val_c10: 0.1271 (acc: 0.9670)
[2018/09/25 13:45:55 __main__ INFO] - -            v4            : 0.3510 (acc: 0.8931) |           v6: 0.2950 (acc: 0.9090)
[2018/09/25 13:45:55 __main__ INFO] - -            c10_50k       : 0.0342 (acc: 0.9988)
[2018/09/25 13:45:55 __main__ INFO] - Elapsed 47.79
keys:  dict_keys(['epoch', 'c10h_train_loss', 'c10h_train_acc', 'c10h_val_loss', 'c10h_val_acc', 'c10h_train_c10_loss', 'c10h_train_c10_acc', 'c10h_val_c10_loss', 'c10h_val_c10_acc', 'v4_loss', 'v4_acc', 'v6_loss', 'v6_acc', 'c10_50k_loss', 'c10_50k_acc']) 
 c10h_outdir:  /tigress/ruairidh/model_results/run_1/saves/wrn_28_10/con_False_lr_0.001_seed_0
[2018/09/25 13:45:56 __main__ INFO] - Train 57
[2018/09/25 13:46:16 __main__ INFO] - TEST 57
[2018/09/25 13:47:04 __main__ INFO] - - epoch 57    c10h_train    : 0.1972 (acc: 0.9900) | c10h_val    : 0.2794 (acc: 0.9580)
[2018/09/25 13:47:04 __main__ INFO] - -            c10h_train_c10: 0.0611 (acc: 0.9850) | c10h_val_c10: 0.1336 (acc: 0.9590)
[2018/09/25 13:47:04 __main__ INFO] - -            v4            : 0.3440 (acc: 0.8902) |           v6: 0.2971 (acc: 0.9100)
[2018/09/25 13:47:04 __main__ INFO] - -            c10_50k       : 0.0349 (acc: 0.9988)
[2018/09/25 13:47:04 __main__ INFO] - Elapsed 48.10
keys:  dict_keys(['epoch', 'c10h_train_loss', 'c10h_train_acc', 'c10h_val_loss', 'c10h_val_acc', 'c10h_train_c10_loss', 'c10h_train_c10_acc', 'c10h_val_c10_loss', 'c10h_val_c10_acc', 'v4_loss', 'v4_acc', 'v6_loss', 'v6_acc', 'c10_50k_loss', 'c10_50k_acc']) 
 c10h_outdir:  /tigress/ruairidh/model_results/run_1/saves/wrn_28_10/con_False_lr_0.001_seed_0
[2018/09/25 13:47:05 __main__ INFO] - Train 58
[2018/09/25 13:47:25 __main__ INFO] - TEST 58
[2018/09/25 13:48:13 __main__ INFO] - - epoch 58    c10h_train    : 0.1970 (acc: 0.9906) | c10h_val    : 0.2769 (acc: 0.9600)
[2018/09/25 13:48:13 __main__ INFO] - -            c10h_train_c10: 0.0609 (acc: 0.9864) | c10h_val_c10: 0.1283 (acc: 0.9610)
[2018/09/25 13:48:13 __main__ INFO] - -            v4            : 0.3330 (acc: 0.8966) |           v6: 0.2957 (acc: 0.9105)
[2018/09/25 13:48:13 __main__ INFO] - -            c10_50k       : 0.0352 (acc: 0.9988)
[2018/09/25 13:48:13 __main__ INFO] - Elapsed 48.29
keys:  dict_keys(['epoch', 'c10h_train_loss', 'c10h_train_acc', 'c10h_val_loss', 'c10h_val_acc', 'c10h_train_c10_loss', 'c10h_train_c10_acc', 'c10h_val_c10_loss', 'c10h_val_c10_acc', 'v4_loss', 'v4_acc', 'v6_loss', 'v6_acc', 'c10_50k_loss', 'c10_50k_acc']) 
 c10h_outdir:  /tigress/ruairidh/model_results/run_1/saves/wrn_28_10/con_False_lr_0.001_seed_0
[2018/09/25 13:48:14 __main__ INFO] - Train 59
[2018/09/25 13:48:33 __main__ INFO] - TEST 59
[2018/09/25 13:49:21 __main__ INFO] - - epoch 59    c10h_train    : 0.1976 (acc: 0.9903) | c10h_val    : 0.2781 (acc: 0.9620)
[2018/09/25 13:49:22 __main__ INFO] - -            c10h_train_c10: 0.0560 (acc: 0.9867) | c10h_val_c10: 0.1256 (acc: 0.9630)
[2018/09/25 13:49:22 __main__ INFO] - -            v4            : 0.3377 (acc: 0.8906) |           v6: 0.2982 (acc: 0.9095)
[2018/09/25 13:49:22 __main__ INFO] - -            c10_50k       : 0.0319 (acc: 0.9988)
[2018/09/25 13:49:22 __main__ INFO] - Elapsed 48.06
keys:  dict_keys(['epoch', 'c10h_train_loss', 'c10h_train_acc', 'c10h_val_loss', 'c10h_val_acc', 'c10h_train_c10_loss', 'c10h_train_c10_acc', 'c10h_val_c10_loss', 'c10h_val_c10_acc', 'v4_loss', 'v4_acc', 'v6_loss', 'v6_acc', 'c10_50k_loss', 'c10_50k_acc']) 
 c10h_outdir:  /tigress/ruairidh/model_results/run_1/saves/wrn_28_10/con_False_lr_0.001_seed_0
[2018/09/25 13:49:23 __main__ INFO] - Train 60
[2018/09/25 13:49:42 __main__ INFO] - TEST 60
[2018/09/25 13:50:30 __main__ INFO] - - epoch 60    c10h_train    : 0.1967 (acc: 0.9906) | c10h_val    : 0.2757 (acc: 0.9620)
[2018/09/25 13:50:30 __main__ INFO] - -            c10h_train_c10: 0.0597 (acc: 0.9862) | c10h_val_c10: 0.1270 (acc: 0.9630)
[2018/09/25 13:50:30 __main__ INFO] - -            v4            : 0.3333 (acc: 0.8956) |           v6: 0.2989 (acc: 0.9095)
[2018/09/25 13:50:30 __main__ INFO] - -            c10_50k       : 0.0345 (acc: 0.9990)
[2018/09/25 13:50:30 __main__ INFO] - Elapsed 48.05
keys:  dict_keys(['epoch', 'c10h_train_loss', 'c10h_train_acc', 'c10h_val_loss', 'c10h_val_acc', 'c10h_train_c10_loss', 'c10h_train_c10_acc', 'c10h_val_c10_loss', 'c10h_val_c10_acc', 'v4_loss', 'v4_acc', 'v6_loss', 'v6_acc', 'c10_50k_loss', 'c10_50k_acc']) 
 c10h_outdir:  /tigress/ruairidh/model_results/run_1/saves/wrn_28_10/con_False_lr_0.001_seed_0
[2018/09/25 13:50:32 __main__ INFO] - Train 61
[2018/09/25 13:50:52 __main__ INFO] - TEST 61
[2018/09/25 13:51:40 __main__ INFO] - - epoch 61    c10h_train    : 0.1968 (acc: 0.9901) | c10h_val    : 0.2756 (acc: 0.9590)
[2018/09/25 13:51:40 __main__ INFO] - -            c10h_train_c10: 0.0608 (acc: 0.9856) | c10h_val_c10: 0.1283 (acc: 0.9600)
[2018/09/25 13:51:40 __main__ INFO] - -            v4            : 0.3243 (acc: 0.8946) |           v6: 0.3018 (acc: 0.9110)
[2018/09/25 13:51:40 __main__ INFO] - -            c10_50k       : 0.0355 (acc: 0.9986)
[2018/09/25 13:51:40 __main__ INFO] - Elapsed 47.88
keys:  dict_keys(['epoch', 'c10h_train_loss', 'c10h_train_acc', 'c10h_val_loss', 'c10h_val_acc', 'c10h_train_c10_loss', 'c10h_train_c10_acc', 'c10h_val_c10_loss', 'c10h_val_c10_acc', 'v4_loss', 'v4_acc', 'v6_loss', 'v6_acc', 'c10_50k_loss', 'c10_50k_acc']) 
 c10h_outdir:  /tigress/ruairidh/model_results/run_1/saves/wrn_28_10/con_False_lr_0.001_seed_0
[2018/09/25 13:51:42 __main__ INFO] - Train 62
[2018/09/25 13:52:01 __main__ INFO] - TEST 62
[2018/09/25 13:52:49 __main__ INFO] - - epoch 62    c10h_train    : 0.1971 (acc: 0.9906) | c10h_val    : 0.2770 (acc: 0.9670)
[2018/09/25 13:52:49 __main__ INFO] - -            c10h_train_c10: 0.0596 (acc: 0.9858) | c10h_val_c10: 0.1272 (acc: 0.9680)
[2018/09/25 13:52:49 __main__ INFO] - -            v4            : 0.3382 (acc: 0.8872) |           v6: 0.2967 (acc: 0.9095)
[2018/09/25 13:52:49 __main__ INFO] - -            c10_50k       : 0.0341 (acc: 0.9989)
[2018/09/25 13:52:49 __main__ INFO] - Elapsed 47.92
keys:  dict_keys(['epoch', 'c10h_train_loss', 'c10h_train_acc', 'c10h_val_loss', 'c10h_val_acc', 'c10h_train_c10_loss', 'c10h_train_c10_acc', 'c10h_val_c10_loss', 'c10h_val_c10_acc', 'v4_loss', 'v4_acc', 'v6_loss', 'v6_acc', 'c10_50k_loss', 'c10_50k_acc']) 
 c10h_outdir:  /tigress/ruairidh/model_results/run_1/saves/wrn_28_10/con_False_lr_0.001_seed_0
[2018/09/25 13:52:50 __main__ INFO] - Train 63
[2018/09/25 13:53:10 __main__ INFO] - TEST 63
[2018/09/25 13:53:58 __main__ INFO] - - epoch 63    c10h_train    : 0.1966 (acc: 0.9909) | c10h_val    : 0.2764 (acc: 0.9630)
[2018/09/25 13:53:58 __main__ INFO] - -            c10h_train_c10: 0.0592 (acc: 0.9860) | c10h_val_c10: 0.1258 (acc: 0.9640)
[2018/09/25 13:53:58 __main__ INFO] - -            v4            : 0.3299 (acc: 0.8996) |           v6: 0.3004 (acc: 0.9070)
[2018/09/25 13:53:58 __main__ INFO] - -            c10_50k       : 0.0345 (acc: 0.9989)
[2018/09/25 13:53:58 __main__ INFO] - Elapsed 47.79
keys:  dict_keys(['epoch', 'c10h_train_loss', 'c10h_train_acc', 'c10h_val_loss', 'c10h_val_acc', 'c10h_train_c10_loss', 'c10h_train_c10_acc', 'c10h_val_c10_loss', 'c10h_val_c10_acc', 'v4_loss', 'v4_acc', 'v6_loss', 'v6_acc', 'c10_50k_loss', 'c10_50k_acc']) 
 c10h_outdir:  /tigress/ruairidh/model_results/run_1/saves/wrn_28_10/con_False_lr_0.001_seed_0
[2018/09/25 13:54:00 __main__ INFO] - Train 64
[2018/09/25 13:54:19 __main__ INFO] - TEST 64
[2018/09/25 13:55:07 __main__ INFO] - - epoch 64    c10h_train    : 0.1962 (acc: 0.9912) | c10h_val    : 0.2752 (acc: 0.9620)
[2018/09/25 13:55:07 __main__ INFO] - -            c10h_train_c10: 0.0606 (acc: 0.9859) | c10h_val_c10: 0.1267 (acc: 0.9630)
[2018/09/25 13:55:07 __main__ INFO] - -            v4            : 0.3432 (acc: 0.8936) |           v6: 0.2985 (acc: 0.9085)
[2018/09/25 13:55:07 __main__ INFO] - -            c10_50k       : 0.0351 (acc: 0.9990)
[2018/09/25 13:55:07 __main__ INFO] - Elapsed 47.95
keys:  dict_keys(['epoch', 'c10h_train_loss', 'c10h_train_acc', 'c10h_val_loss', 'c10h_val_acc', 'c10h_train_c10_loss', 'c10h_train_c10_acc', 'c10h_val_c10_loss', 'c10h_val_c10_acc', 'v4_loss', 'v4_acc', 'v6_loss', 'v6_acc', 'c10_50k_loss', 'c10_50k_acc']) 
 c10h_outdir:  /tigress/ruairidh/model_results/run_1/saves/wrn_28_10/con_False_lr_0.001_seed_0
[2018/09/25 13:55:08 __main__ INFO] - Train 65
[2018/09/25 13:55:27 __main__ INFO] - TEST 65
slurmstepd: error: *** JOB 1456667 ON tiger-i20g8 CANCELLED AT 2018-09-25T13:55:47 DUE TO TIME LIMIT ***
