entering inner script
activating virtual env
wrn_28_10
identifier: con_True_lr_0.001_seed_2
--arch=wrn --c10h_save_interval=2 --dataset=CIFAR10H --no_output --c10h_datasplit_seed=2 --human_tune --nonhuman_control=True --base_lr=0.001
wrn_28_10_control:True_lr:0.001_seed:2.out
entering python script
/tigress/ruairidh/model_results/run_1/wrn_28_10/model_best_state.pth
/tigress/ruairidh/model_results/run_1/saves/wrn_28_10/con_True_lr_0.001_seed_2
Using TensorFlow backend.
[2018/09/25 12:37:42 __main__ INFO] - {
  "model_config": {
    "arch": "wrn",
    "input_shape": [
      1,
      3,
      32,
      32
    ],
    "n_classes": 10,
    "base_channels": 16,
    "depth": 28,
    "widening_factor": 10,
    "drop_rate": 0
  },
  "optim_config": {
    "epochs": 200,
    "batch_size": 128,
    "optimizer": "sgd",
    "base_lr": 0.001,
    "weight_decay": 0.0005,
    "momentum": 0.9,
    "nesterov": true,
    "scheduler": "multistep",
    "milestones": [
      60,
      120,
      160
    ],
    "lr_decay": 0.2
  },
  "data_config": {
    "dataset": "CIFAR10H",
    "n_classes": 10,
    "num_workers": 7,
    "batch_size": 128,
    "use_cutout": false,
    "use_random_erasing": false,
    "use_mixup": false,
    "c10h_sample": false,
    "c10h_testsplit_percent": 0.1,
    "c10h_datasplit_seed": 2,
    "use_gpu": true
  },
  "run_config": {
    "seed": 17,
    "test_first": true,
    "gpu": "0",
    "tensorboard": false,
    "tensorboard_train_images": false,
    "tensorboard_test_images": false,
    "tensorboard_model_params": false,
    "resume": "/tigress/ruairidh/model_results/run_1/wrn_28_10/model_best_state.pth",
    "human_tune": true,
    "no_output": true,
    "test_only": false,
    "nonhuman_control": true,
    "c10h_scores_outdir": "/tigress/ruairidh/model_results/run_1/saves/wrn_28_10/con_True_lr_0.001_seed_2",
    "c10h_save_interval": "2",
    "use_gpu": true
  },
  "env_info": {
    "pytorch_version": "0.4.1",
    "cuda_version": "9.0.176",
    "cudnn_version": 7102,
    "gpu0": {
      "name": "Tesla P100-PCIE-16GB",
      "capability": "6.0"
    }
  }
}
Files already downloaded and verified
Files already downloaded and verified
Files already downloaded and verified
Files already downloaded and verified
Files already downloaded and verified
[2018/09/25 12:37:46 __main__ INFO] - Loading model...
[2018/09/25 12:37:47 __main__ INFO] - n_params: 36479194
[2018/09/25 12:37:48 __main__ INFO] - Done
=> loading checkpoint '/tigress/ruairidh/model_results/run_1/wrn_28_10/model_best_state.pth'
=> loaded checkpoint '/tigress/ruairidh/model_results/run_1/wrn_28_10/model_best_state.pth' (epoch 197)
[2018/09/25 12:37:50 __main__ INFO] - TEST 0
[2018/09/25 12:38:40 __main__ INFO] - - epoch 0    c10h_train    : 0.4530 (acc: 0.9493) | c10h_val    : 0.4780 (acc: 0.9620)
[2018/09/25 12:38:40 __main__ INFO] - -            c10h_train_c10: 0.1676 (acc: 0.9526) | c10h_val_c10: 0.1461 (acc: 0.9650)
[2018/09/25 12:38:40 __main__ INFO] - -            v4            : 0.4034 (acc: 0.8986) |           v6: 0.3818 (acc: 0.9100)
[2018/09/25 12:38:40 __main__ INFO] - -            c10_50k       : 0.0012 (acc: 1.0000)
[2018/09/25 12:38:40 __main__ INFO] - Elapsed 49.53
keys:  dict_keys(['epoch', 'c10h_train_loss', 'c10h_train_acc', 'c10h_val_loss', 'c10h_val_acc', 'c10h_train_c10_loss', 'c10h_train_c10_acc', 'c10h_val_c10_loss', 'c10h_val_c10_acc', 'v4_loss', 'v4_acc', 'v6_loss', 'v6_acc', 'c10_50k_loss', 'c10_50k_acc']) 
 c10h_outdir:  /tigress/ruairidh/model_results/run_1/saves/wrn_28_10/con_True_lr_0.001_seed_2
[2018/09/25 12:38:40 __main__ INFO] - Train 1
[2018/09/25 12:39:01 __main__ INFO] - TEST 1
[2018/09/25 12:39:48 __main__ INFO] - - epoch 1    c10h_train    : 0.3918 (acc: 0.9601) | c10h_val    : 0.4626 (acc: 0.9490)
[2018/09/25 12:39:48 __main__ INFO] - -            c10h_train_c10: 0.1074 (acc: 0.9633) | c10h_val_c10: 0.1504 (acc: 0.9540)
[2018/09/25 12:39:48 __main__ INFO] - -            v4            : 0.3731 (acc: 0.8961) |           v6: 0.3696 (acc: 0.9025)
[2018/09/25 12:39:48 __main__ INFO] - -            c10_50k       : 0.0030 (acc: 0.9999)
[2018/09/25 12:39:48 __main__ INFO] - Elapsed 47.21
keys:  dict_keys(['epoch', 'c10h_train_loss', 'c10h_train_acc', 'c10h_val_loss', 'c10h_val_acc', 'c10h_train_c10_loss', 'c10h_train_c10_acc', 'c10h_val_c10_loss', 'c10h_val_c10_acc', 'v4_loss', 'v4_acc', 'v6_loss', 'v6_acc', 'c10_50k_loss', 'c10_50k_acc']) 
 c10h_outdir:  /tigress/ruairidh/model_results/run_1/saves/wrn_28_10/con_True_lr_0.001_seed_2
[2018/09/25 12:39:50 __main__ INFO] - Train 2
[2018/09/25 12:40:09 __main__ INFO] - TEST 2
[2018/09/25 12:40:57 __main__ INFO] - - epoch 2    c10h_train    : 0.3642 (acc: 0.9662) | c10h_val    : 0.4642 (acc: 0.9480)
[2018/09/25 12:40:57 __main__ INFO] - -            c10h_train_c10: 0.0760 (acc: 0.9706) | c10h_val_c10: 0.1646 (acc: 0.9510)
[2018/09/25 12:40:57 __main__ INFO] - -            v4            : 0.3892 (acc: 0.8788) |           v6: 0.3471 (acc: 0.9035)
[2018/09/25 12:40:57 __main__ INFO] - -            c10_50k       : 0.0044 (acc: 0.9998)
[2018/09/25 12:40:57 __main__ INFO] - Elapsed 47.76
keys:  dict_keys(['epoch', 'c10h_train_loss', 'c10h_train_acc', 'c10h_val_loss', 'c10h_val_acc', 'c10h_train_c10_loss', 'c10h_train_c10_acc', 'c10h_val_c10_loss', 'c10h_val_c10_acc', 'v4_loss', 'v4_acc', 'v6_loss', 'v6_acc', 'c10_50k_loss', 'c10_50k_acc']) 
 c10h_outdir:  /tigress/ruairidh/model_results/run_1/saves/wrn_28_10/con_True_lr_0.001_seed_2
[2018/09/25 12:40:59 __main__ INFO] - Train 3
[2018/09/25 12:41:19 __main__ INFO] - TEST 3
[2018/09/25 12:42:06 __main__ INFO] - - epoch 3    c10h_train    : 0.3458 (acc: 0.9742) | c10h_val    : 0.4509 (acc: 0.9570)
[2018/09/25 12:42:06 __main__ INFO] - -            c10h_train_c10: 0.0560 (acc: 0.9796) | c10h_val_c10: 0.1543 (acc: 0.9590)
[2018/09/25 12:42:06 __main__ INFO] - -            v4            : 0.3785 (acc: 0.8857) |           v6: 0.3370 (acc: 0.9050)
[2018/09/25 12:42:06 __main__ INFO] - -            c10_50k       : 0.0047 (acc: 0.9996)
[2018/09/25 12:42:06 __main__ INFO] - Elapsed 47.27
keys:  dict_keys(['epoch', 'c10h_train_loss', 'c10h_train_acc', 'c10h_val_loss', 'c10h_val_acc', 'c10h_train_c10_loss', 'c10h_train_c10_acc', 'c10h_val_c10_loss', 'c10h_val_c10_acc', 'v4_loss', 'v4_acc', 'v6_loss', 'v6_acc', 'c10_50k_loss', 'c10_50k_acc']) 
 c10h_outdir:  /tigress/ruairidh/model_results/run_1/saves/wrn_28_10/con_True_lr_0.001_seed_2
[2018/09/25 12:42:11 __main__ INFO] - Train 4
[2018/09/25 12:42:30 __main__ INFO] - TEST 4
[2018/09/25 12:43:17 __main__ INFO] - - epoch 4    c10h_train    : 0.3395 (acc: 0.9792) | c10h_val    : 0.4575 (acc: 0.9520)
[2018/09/25 12:43:17 __main__ INFO] - -            c10h_train_c10: 0.0395 (acc: 0.9849) | c10h_val_c10: 0.1546 (acc: 0.9550)
[2018/09/25 12:43:17 __main__ INFO] - -            v4            : 0.3538 (acc: 0.8921) |           v6: 0.3485 (acc: 0.9040)
[2018/09/25 12:43:17 __main__ INFO] - -            c10_50k       : 0.0041 (acc: 0.9997)
[2018/09/25 12:43:17 __main__ INFO] - Elapsed 47.30
keys:  dict_keys(['epoch', 'c10h_train_loss', 'c10h_train_acc', 'c10h_val_loss', 'c10h_val_acc', 'c10h_train_c10_loss', 'c10h_train_c10_acc', 'c10h_val_c10_loss', 'c10h_val_c10_acc', 'v4_loss', 'v4_acc', 'v6_loss', 'v6_acc', 'c10_50k_loss', 'c10_50k_acc']) 
 c10h_outdir:  /tigress/ruairidh/model_results/run_1/saves/wrn_28_10/con_True_lr_0.001_seed_2
[2018/09/25 12:43:19 __main__ INFO] - Train 5
[2018/09/25 12:43:39 __main__ INFO] - TEST 5
[2018/09/25 12:44:26 __main__ INFO] - - epoch 5    c10h_train    : 0.3429 (acc: 0.9813) | c10h_val    : 0.4568 (acc: 0.9550)
[2018/09/25 12:44:26 __main__ INFO] - -            c10h_train_c10: 0.0320 (acc: 0.9876) | c10h_val_c10: 0.1499 (acc: 0.9580)
[2018/09/25 12:44:26 __main__ INFO] - -            v4            : 0.3783 (acc: 0.8911) |           v6: 0.3491 (acc: 0.9020)
[2018/09/25 12:44:26 __main__ INFO] - -            c10_50k       : 0.0038 (acc: 0.9997)
[2018/09/25 12:44:26 __main__ INFO] - Elapsed 47.31
keys:  dict_keys(['epoch', 'c10h_train_loss', 'c10h_train_acc', 'c10h_val_loss', 'c10h_val_acc', 'c10h_train_c10_loss', 'c10h_train_c10_acc', 'c10h_val_c10_loss', 'c10h_val_c10_acc', 'v4_loss', 'v4_acc', 'v6_loss', 'v6_acc', 'c10_50k_loss', 'c10_50k_acc']) 
 c10h_outdir:  /tigress/ruairidh/model_results/run_1/saves/wrn_28_10/con_True_lr_0.001_seed_2
[2018/09/25 12:44:27 __main__ INFO] - Train 6
[2018/09/25 12:44:47 __main__ INFO] - TEST 6
[2018/09/25 12:45:35 __main__ INFO] - - epoch 6    c10h_train    : 0.3433 (acc: 0.9834) | c10h_val    : 0.4726 (acc: 0.9480)
[2018/09/25 12:45:35 __main__ INFO] - -            c10h_train_c10: 0.0248 (acc: 0.9899) | c10h_val_c10: 0.1650 (acc: 0.9510)
[2018/09/25 12:45:35 __main__ INFO] - -            v4            : 0.3893 (acc: 0.8857) |           v6: 0.3669 (acc: 0.8975)
[2018/09/25 12:45:35 __main__ INFO] - -            c10_50k       : 0.0045 (acc: 0.9996)
[2018/09/25 12:45:35 __main__ INFO] - Elapsed 47.58
keys:  dict_keys(['epoch', 'c10h_train_loss', 'c10h_train_acc', 'c10h_val_loss', 'c10h_val_acc', 'c10h_train_c10_loss', 'c10h_train_c10_acc', 'c10h_val_c10_loss', 'c10h_val_c10_acc', 'v4_loss', 'v4_acc', 'v6_loss', 'v6_acc', 'c10_50k_loss', 'c10_50k_acc']) 
 c10h_outdir:  /tigress/ruairidh/model_results/run_1/saves/wrn_28_10/con_True_lr_0.001_seed_2
[2018/09/25 12:45:36 __main__ INFO] - Train 7
[2018/09/25 12:45:56 __main__ INFO] - TEST 7
[2018/09/25 12:46:43 __main__ INFO] - - epoch 7    c10h_train    : 0.3435 (acc: 0.9844) | c10h_val    : 0.4640 (acc: 0.9540)
[2018/09/25 12:46:43 __main__ INFO] - -            c10h_train_c10: 0.0186 (acc: 0.9916) | c10h_val_c10: 0.1526 (acc: 0.9570)
[2018/09/25 12:46:43 __main__ INFO] - -            v4            : 0.3925 (acc: 0.8877) |           v6: 0.3835 (acc: 0.8980)
[2018/09/25 12:46:43 __main__ INFO] - -            c10_50k       : 0.0039 (acc: 0.9996)
[2018/09/25 12:46:43 __main__ INFO] - Elapsed 47.39
keys:  dict_keys(['epoch', 'c10h_train_loss', 'c10h_train_acc', 'c10h_val_loss', 'c10h_val_acc', 'c10h_train_c10_loss', 'c10h_train_c10_acc', 'c10h_val_c10_loss', 'c10h_val_c10_acc', 'v4_loss', 'v4_acc', 'v6_loss', 'v6_acc', 'c10_50k_loss', 'c10_50k_acc']) 
 c10h_outdir:  /tigress/ruairidh/model_results/run_1/saves/wrn_28_10/con_True_lr_0.001_seed_2
[2018/09/25 12:46:46 __main__ INFO] - Train 8
[2018/09/25 12:47:05 __main__ INFO] - TEST 8
[2018/09/25 12:47:52 __main__ INFO] - - epoch 8    c10h_train    : 0.3527 (acc: 0.9832) | c10h_val    : 0.4819 (acc: 0.9540)
[2018/09/25 12:47:53 __main__ INFO] - -            c10h_train_c10: 0.0195 (acc: 0.9902) | c10h_val_c10: 0.1693 (acc: 0.9570)
[2018/09/25 12:47:53 __main__ INFO] - -            v4            : 0.4021 (acc: 0.8906) |           v6: 0.3671 (acc: 0.9030)
[2018/09/25 12:47:53 __main__ INFO] - -            c10_50k       : 0.0039 (acc: 0.9996)
[2018/09/25 12:47:53 __main__ INFO] - Elapsed 47.40
keys:  dict_keys(['epoch', 'c10h_train_loss', 'c10h_train_acc', 'c10h_val_loss', 'c10h_val_acc', 'c10h_train_c10_loss', 'c10h_train_c10_acc', 'c10h_val_c10_loss', 'c10h_val_c10_acc', 'v4_loss', 'v4_acc', 'v6_loss', 'v6_acc', 'c10_50k_loss', 'c10_50k_acc']) 
 c10h_outdir:  /tigress/ruairidh/model_results/run_1/saves/wrn_28_10/con_True_lr_0.001_seed_2
[2018/09/25 12:47:54 __main__ INFO] - Train 9
[2018/09/25 12:48:14 __main__ INFO] - TEST 9
[2018/09/25 12:49:01 __main__ INFO] - - epoch 9    c10h_train    : 0.3518 (acc: 0.9854) | c10h_val    : 0.4881 (acc: 0.9520)
[2018/09/25 12:49:01 __main__ INFO] - -            c10h_train_c10: 0.0145 (acc: 0.9929) | c10h_val_c10: 0.1727 (acc: 0.9550)
[2018/09/25 12:49:01 __main__ INFO] - -            v4            : 0.3892 (acc: 0.8847) |           v6: 0.3801 (acc: 0.8970)
[2018/09/25 12:49:01 __main__ INFO] - -            c10_50k       : 0.0036 (acc: 0.9996)
[2018/09/25 12:49:01 __main__ INFO] - Elapsed 47.38
keys:  dict_keys(['epoch', 'c10h_train_loss', 'c10h_train_acc', 'c10h_val_loss', 'c10h_val_acc', 'c10h_train_c10_loss', 'c10h_train_c10_acc', 'c10h_val_c10_loss', 'c10h_val_c10_acc', 'v4_loss', 'v4_acc', 'v6_loss', 'v6_acc', 'c10_50k_loss', 'c10_50k_acc']) 
 c10h_outdir:  /tigress/ruairidh/model_results/run_1/saves/wrn_28_10/con_True_lr_0.001_seed_2
[2018/09/25 12:49:05 __main__ INFO] - Train 10
[2018/09/25 12:49:24 __main__ INFO] - TEST 10
[2018/09/25 12:50:12 __main__ INFO] - - epoch 10    c10h_train    : 0.3527 (acc: 0.9851) | c10h_val    : 0.4777 (acc: 0.9560)
[2018/09/25 12:50:12 __main__ INFO] - -            c10h_train_c10: 0.0131 (acc: 0.9927) | c10h_val_c10: 0.1655 (acc: 0.9580)
[2018/09/25 12:50:12 __main__ INFO] - -            v4            : 0.3994 (acc: 0.8892) |           v6: 0.3835 (acc: 0.8995)
[2018/09/25 12:50:12 __main__ INFO] - -            c10_50k       : 0.0036 (acc: 0.9997)
[2018/09/25 12:50:12 __main__ INFO] - Elapsed 47.50
keys:  dict_keys(['epoch', 'c10h_train_loss', 'c10h_train_acc', 'c10h_val_loss', 'c10h_val_acc', 'c10h_train_c10_loss', 'c10h_train_c10_acc', 'c10h_val_c10_loss', 'c10h_val_c10_acc', 'v4_loss', 'v4_acc', 'v6_loss', 'v6_acc', 'c10_50k_loss', 'c10_50k_acc']) 
 c10h_outdir:  /tigress/ruairidh/model_results/run_1/saves/wrn_28_10/con_True_lr_0.001_seed_2
[2018/09/25 12:50:14 __main__ INFO] - Train 11
[2018/09/25 12:50:33 __main__ INFO] - TEST 11
[2018/09/25 12:51:20 __main__ INFO] - - epoch 11    c10h_train    : 0.3599 (acc: 0.9868) | c10h_val    : 0.4753 (acc: 0.9550)
[2018/09/25 12:51:20 __main__ INFO] - -            c10h_train_c10: 0.0112 (acc: 0.9940) | c10h_val_c10: 0.1547 (acc: 0.9580)
[2018/09/25 12:51:20 __main__ INFO] - -            v4            : 0.4143 (acc: 0.8857) |           v6: 0.4032 (acc: 0.8980)
[2018/09/25 12:51:20 __main__ INFO] - -            c10_50k       : 0.0041 (acc: 0.9995)
[2018/09/25 12:51:20 __main__ INFO] - Elapsed 47.15
keys:  dict_keys(['epoch', 'c10h_train_loss', 'c10h_train_acc', 'c10h_val_loss', 'c10h_val_acc', 'c10h_train_c10_loss', 'c10h_train_c10_acc', 'c10h_val_c10_loss', 'c10h_val_c10_acc', 'v4_loss', 'v4_acc', 'v6_loss', 'v6_acc', 'c10_50k_loss', 'c10_50k_acc']) 
 c10h_outdir:  /tigress/ruairidh/model_results/run_1/saves/wrn_28_10/con_True_lr_0.001_seed_2
[2018/09/25 12:51:22 __main__ INFO] - Train 12
[2018/09/25 12:51:42 __main__ INFO] - TEST 12
[2018/09/25 12:52:29 __main__ INFO] - - epoch 12    c10h_train    : 0.3625 (acc: 0.9861) | c10h_val    : 0.4927 (acc: 0.9530)
[2018/09/25 12:52:29 __main__ INFO] - -            c10h_train_c10: 0.0099 (acc: 0.9938) | c10h_val_c10: 0.1710 (acc: 0.9560)
[2018/09/25 12:52:29 __main__ INFO] - -            v4            : 0.4121 (acc: 0.8941) |           v6: 0.4015 (acc: 0.9030)
[2018/09/25 12:52:29 __main__ INFO] - -            c10_50k       : 0.0039 (acc: 0.9995)
[2018/09/25 12:52:29 __main__ INFO] - Elapsed 47.54
keys:  dict_keys(['epoch', 'c10h_train_loss', 'c10h_train_acc', 'c10h_val_loss', 'c10h_val_acc', 'c10h_train_c10_loss', 'c10h_train_c10_acc', 'c10h_val_c10_loss', 'c10h_val_c10_acc', 'v4_loss', 'v4_acc', 'v6_loss', 'v6_acc', 'c10_50k_loss', 'c10_50k_acc']) 
 c10h_outdir:  /tigress/ruairidh/model_results/run_1/saves/wrn_28_10/con_True_lr_0.001_seed_2
[2018/09/25 12:52:31 __main__ INFO] - Train 13
[2018/09/25 12:52:51 __main__ INFO] - TEST 13
[2018/09/25 12:53:38 __main__ INFO] - - epoch 13    c10h_train    : 0.3636 (acc: 0.9870) | c10h_val    : 0.4888 (acc: 0.9530)
[2018/09/25 12:53:38 __main__ INFO] - -            c10h_train_c10: 0.0092 (acc: 0.9946) | c10h_val_c10: 0.1630 (acc: 0.9560)
[2018/09/25 12:53:38 __main__ INFO] - -            v4            : 0.4372 (acc: 0.8808) |           v6: 0.3931 (acc: 0.9010)
[2018/09/25 12:53:38 __main__ INFO] - -            c10_50k       : 0.0034 (acc: 0.9997)
[2018/09/25 12:53:38 __main__ INFO] - Elapsed 47.07
keys:  dict_keys(['epoch', 'c10h_train_loss', 'c10h_train_acc', 'c10h_val_loss', 'c10h_val_acc', 'c10h_train_c10_loss', 'c10h_train_c10_acc', 'c10h_val_c10_loss', 'c10h_val_c10_acc', 'v4_loss', 'v4_acc', 'v6_loss', 'v6_acc', 'c10_50k_loss', 'c10_50k_acc']) 
 c10h_outdir:  /tigress/ruairidh/model_results/run_1/saves/wrn_28_10/con_True_lr_0.001_seed_2
[2018/09/25 12:53:40 __main__ INFO] - Train 14
[2018/09/25 12:53:59 __main__ INFO] - TEST 14
[2018/09/25 12:54:46 __main__ INFO] - - epoch 14    c10h_train    : 0.3663 (acc: 0.9869) | c10h_val    : 0.4930 (acc: 0.9520)
[2018/09/25 12:54:46 __main__ INFO] - -            c10h_train_c10: 0.0083 (acc: 0.9943) | c10h_val_c10: 0.1674 (acc: 0.9550)
[2018/09/25 12:54:46 __main__ INFO] - -            v4            : 0.4116 (acc: 0.8966) |           v6: 0.3938 (acc: 0.9005)
[2018/09/25 12:54:46 __main__ INFO] - -            c10_50k       : 0.0036 (acc: 0.9996)
[2018/09/25 12:54:46 __main__ INFO] - Elapsed 47.15
keys:  dict_keys(['epoch', 'c10h_train_loss', 'c10h_train_acc', 'c10h_val_loss', 'c10h_val_acc', 'c10h_train_c10_loss', 'c10h_train_c10_acc', 'c10h_val_c10_loss', 'c10h_val_c10_acc', 'v4_loss', 'v4_acc', 'v6_loss', 'v6_acc', 'c10_50k_loss', 'c10_50k_acc']) 
 c10h_outdir:  /tigress/ruairidh/model_results/run_1/saves/wrn_28_10/con_True_lr_0.001_seed_2
[2018/09/25 12:54:48 __main__ INFO] - Train 15
[2018/09/25 12:55:08 __main__ INFO] - TEST 15
[2018/09/25 12:55:55 __main__ INFO] - - epoch 15    c10h_train    : 0.3688 (acc: 0.9872) | c10h_val    : 0.5025 (acc: 0.9550)
[2018/09/25 12:55:55 __main__ INFO] - -            c10h_train_c10: 0.0067 (acc: 0.9948) | c10h_val_c10: 0.1716 (acc: 0.9580)
[2018/09/25 12:55:55 __main__ INFO] - -            v4            : 0.4114 (acc: 0.8902) |           v6: 0.4026 (acc: 0.9015)
[2018/09/25 12:55:55 __main__ INFO] - -            c10_50k       : 0.0037 (acc: 0.9995)
[2018/09/25 12:55:55 __main__ INFO] - Elapsed 47.68
keys:  dict_keys(['epoch', 'c10h_train_loss', 'c10h_train_acc', 'c10h_val_loss', 'c10h_val_acc', 'c10h_train_c10_loss', 'c10h_train_c10_acc', 'c10h_val_c10_loss', 'c10h_val_c10_acc', 'v4_loss', 'v4_acc', 'v6_loss', 'v6_acc', 'c10_50k_loss', 'c10_50k_acc']) 
 c10h_outdir:  /tigress/ruairidh/model_results/run_1/saves/wrn_28_10/con_True_lr_0.001_seed_2
[2018/09/25 12:55:57 __main__ INFO] - Train 16
[2018/09/25 12:56:17 __main__ INFO] - TEST 16
[2018/09/25 12:57:04 __main__ INFO] - - epoch 16    c10h_train    : 0.3682 (acc: 0.9873) | c10h_val    : 0.4979 (acc: 0.9490)
[2018/09/25 12:57:04 __main__ INFO] - -            c10h_train_c10: 0.0061 (acc: 0.9947) | c10h_val_c10: 0.1729 (acc: 0.9520)
[2018/09/25 12:57:04 __main__ INFO] - -            v4            : 0.4206 (acc: 0.8892) |           v6: 0.4063 (acc: 0.8980)
[2018/09/25 12:57:04 __main__ INFO] - -            c10_50k       : 0.0036 (acc: 0.9995)
[2018/09/25 12:57:04 __main__ INFO] - Elapsed 47.27
keys:  dict_keys(['epoch', 'c10h_train_loss', 'c10h_train_acc', 'c10h_val_loss', 'c10h_val_acc', 'c10h_train_c10_loss', 'c10h_train_c10_acc', 'c10h_val_c10_loss', 'c10h_val_c10_acc', 'v4_loss', 'v4_acc', 'v6_loss', 'v6_acc', 'c10_50k_loss', 'c10_50k_acc']) 
 c10h_outdir:  /tigress/ruairidh/model_results/run_1/saves/wrn_28_10/con_True_lr_0.001_seed_2
[2018/09/25 12:57:06 __main__ INFO] - Train 17
[2018/09/25 12:57:25 __main__ INFO] - TEST 17
[2018/09/25 12:58:13 __main__ INFO] - - epoch 17    c10h_train    : 0.3707 (acc: 0.9871) | c10h_val    : 0.4998 (acc: 0.9520)
[2018/09/25 12:58:13 __main__ INFO] - -            c10h_train_c10: 0.0060 (acc: 0.9948) | c10h_val_c10: 0.1772 (acc: 0.9550)
[2018/09/25 12:58:13 __main__ INFO] - -            v4            : 0.3995 (acc: 0.8867) |           v6: 0.4023 (acc: 0.9000)
[2018/09/25 12:58:13 __main__ INFO] - -            c10_50k       : 0.0039 (acc: 0.9995)
[2018/09/25 12:58:13 __main__ INFO] - Elapsed 47.08
keys:  dict_keys(['epoch', 'c10h_train_loss', 'c10h_train_acc', 'c10h_val_loss', 'c10h_val_acc', 'c10h_train_c10_loss', 'c10h_train_c10_acc', 'c10h_val_c10_loss', 'c10h_val_c10_acc', 'v4_loss', 'v4_acc', 'v6_loss', 'v6_acc', 'c10_50k_loss', 'c10_50k_acc']) 
 c10h_outdir:  /tigress/ruairidh/model_results/run_1/saves/wrn_28_10/con_True_lr_0.001_seed_2
[2018/09/25 12:58:14 __main__ INFO] - Train 18
[2018/09/25 12:58:34 __main__ INFO] - TEST 18
[2018/09/25 12:59:21 __main__ INFO] - - epoch 18    c10h_train    : 0.3814 (acc: 0.9872) | c10h_val    : 0.5088 (acc: 0.9490)
[2018/09/25 12:59:21 __main__ INFO] - -            c10h_train_c10: 0.0049 (acc: 0.9953) | c10h_val_c10: 0.1815 (acc: 0.9520)
[2018/09/25 12:59:21 __main__ INFO] - -            v4            : 0.4150 (acc: 0.8906) |           v6: 0.4149 (acc: 0.8975)
[2018/09/25 12:59:21 __main__ INFO] - -            c10_50k       : 0.0044 (acc: 0.9992)
[2018/09/25 12:59:21 __main__ INFO] - Elapsed 47.13
keys:  dict_keys(['epoch', 'c10h_train_loss', 'c10h_train_acc', 'c10h_val_loss', 'c10h_val_acc', 'c10h_train_c10_loss', 'c10h_train_c10_acc', 'c10h_val_c10_loss', 'c10h_val_c10_acc', 'v4_loss', 'v4_acc', 'v6_loss', 'v6_acc', 'c10_50k_loss', 'c10_50k_acc']) 
 c10h_outdir:  /tigress/ruairidh/model_results/run_1/saves/wrn_28_10/con_True_lr_0.001_seed_2
[2018/09/25 12:59:23 __main__ INFO] - Train 19
[2018/09/25 12:59:42 __main__ INFO] - TEST 19
[2018/09/25 13:00:29 __main__ INFO] - - epoch 19    c10h_train    : 0.3794 (acc: 0.9871) | c10h_val    : 0.5066 (acc: 0.9520)
[2018/09/25 13:00:30 __main__ INFO] - -            c10h_train_c10: 0.0047 (acc: 0.9950) | c10h_val_c10: 0.1750 (acc: 0.9550)
[2018/09/25 13:00:30 __main__ INFO] - -            v4            : 0.4140 (acc: 0.8887) |           v6: 0.4085 (acc: 0.8990)
[2018/09/25 13:00:30 __main__ INFO] - -            c10_50k       : 0.0035 (acc: 0.9996)
[2018/09/25 13:00:30 __main__ INFO] - Elapsed 47.00
keys:  dict_keys(['epoch', 'c10h_train_loss', 'c10h_train_acc', 'c10h_val_loss', 'c10h_val_acc', 'c10h_train_c10_loss', 'c10h_train_c10_acc', 'c10h_val_c10_loss', 'c10h_val_c10_acc', 'v4_loss', 'v4_acc', 'v6_loss', 'v6_acc', 'c10_50k_loss', 'c10_50k_acc']) 
 c10h_outdir:  /tigress/ruairidh/model_results/run_1/saves/wrn_28_10/con_True_lr_0.001_seed_2
[2018/09/25 13:00:31 __main__ INFO] - Train 20
[2018/09/25 13:00:51 __main__ INFO] - TEST 20
[2018/09/25 13:01:38 __main__ INFO] - - epoch 20    c10h_train    : 0.3816 (acc: 0.9876) | c10h_val    : 0.5127 (acc: 0.9520)
[2018/09/25 13:01:38 __main__ INFO] - -            c10h_train_c10: 0.0045 (acc: 0.9952) | c10h_val_c10: 0.1798 (acc: 0.9550)
[2018/09/25 13:01:38 __main__ INFO] - -            v4            : 0.4211 (acc: 0.8931) |           v6: 0.4102 (acc: 0.9030)
[2018/09/25 13:01:38 __main__ INFO] - -            c10_50k       : 0.0038 (acc: 0.9995)
[2018/09/25 13:01:38 __main__ INFO] - Elapsed 47.06
keys:  dict_keys(['epoch', 'c10h_train_loss', 'c10h_train_acc', 'c10h_val_loss', 'c10h_val_acc', 'c10h_train_c10_loss', 'c10h_train_c10_acc', 'c10h_val_c10_loss', 'c10h_val_c10_acc', 'v4_loss', 'v4_acc', 'v6_loss', 'v6_acc', 'c10_50k_loss', 'c10_50k_acc']) 
 c10h_outdir:  /tigress/ruairidh/model_results/run_1/saves/wrn_28_10/con_True_lr_0.001_seed_2
[2018/09/25 13:01:40 __main__ INFO] - Train 21
[2018/09/25 13:01:59 __main__ INFO] - TEST 21
[2018/09/25 13:02:47 __main__ INFO] - - epoch 21    c10h_train    : 0.3774 (acc: 0.9872) | c10h_val    : 0.4996 (acc: 0.9530)
[2018/09/25 13:02:47 __main__ INFO] - -            c10h_train_c10: 0.0046 (acc: 0.9952) | c10h_val_c10: 0.1697 (acc: 0.9560)
[2018/09/25 13:02:47 __main__ INFO] - -            v4            : 0.4267 (acc: 0.8832) |           v6: 0.4084 (acc: 0.9030)
[2018/09/25 13:02:47 __main__ INFO] - -            c10_50k       : 0.0037 (acc: 0.9995)
[2018/09/25 13:02:47 __main__ INFO] - Elapsed 47.49
keys:  dict_keys(['epoch', 'c10h_train_loss', 'c10h_train_acc', 'c10h_val_loss', 'c10h_val_acc', 'c10h_train_c10_loss', 'c10h_train_c10_acc', 'c10h_val_c10_loss', 'c10h_val_c10_acc', 'v4_loss', 'v4_acc', 'v6_loss', 'v6_acc', 'c10_50k_loss', 'c10_50k_acc']) 
 c10h_outdir:  /tigress/ruairidh/model_results/run_1/saves/wrn_28_10/con_True_lr_0.001_seed_2
[2018/09/25 13:02:48 __main__ INFO] - Train 22
[2018/09/25 13:03:07 __main__ INFO] - TEST 22
[2018/09/25 13:03:55 __main__ INFO] - - epoch 22    c10h_train    : 0.3799 (acc: 0.9869) | c10h_val    : 0.5055 (acc: 0.9510)
[2018/09/25 13:03:55 __main__ INFO] - -            c10h_train_c10: 0.0044 (acc: 0.9949) | c10h_val_c10: 0.1731 (acc: 0.9540)
[2018/09/25 13:03:55 __main__ INFO] - -            v4            : 0.4181 (acc: 0.8921) |           v6: 0.4045 (acc: 0.9055)
[2018/09/25 13:03:55 __main__ INFO] - -            c10_50k       : 0.0039 (acc: 0.9994)
[2018/09/25 13:03:55 __main__ INFO] - Elapsed 47.43
keys:  dict_keys(['epoch', 'c10h_train_loss', 'c10h_train_acc', 'c10h_val_loss', 'c10h_val_acc', 'c10h_train_c10_loss', 'c10h_train_c10_acc', 'c10h_val_c10_loss', 'c10h_val_c10_acc', 'v4_loss', 'v4_acc', 'v6_loss', 'v6_acc', 'c10_50k_loss', 'c10_50k_acc']) 
 c10h_outdir:  /tigress/ruairidh/model_results/run_1/saves/wrn_28_10/con_True_lr_0.001_seed_2
[2018/09/25 13:03:56 __main__ INFO] - Train 23
[2018/09/25 13:04:15 __main__ INFO] - TEST 23
[2018/09/25 13:05:02 __main__ INFO] - - epoch 23    c10h_train    : 0.3846 (acc: 0.9872) | c10h_val    : 0.5037 (acc: 0.9560)
[2018/09/25 13:05:02 __main__ INFO] - -            c10h_train_c10: 0.0037 (acc: 0.9953) | c10h_val_c10: 0.1680 (acc: 0.9590)
[2018/09/25 13:05:02 __main__ INFO] - -            v4            : 0.4253 (acc: 0.8906) |           v6: 0.4144 (acc: 0.9030)
[2018/09/25 13:05:02 __main__ INFO] - -            c10_50k       : 0.0038 (acc: 0.9994)
[2018/09/25 13:05:02 __main__ INFO] - Elapsed 47.33
keys:  dict_keys(['epoch', 'c10h_train_loss', 'c10h_train_acc', 'c10h_val_loss', 'c10h_val_acc', 'c10h_train_c10_loss', 'c10h_train_c10_acc', 'c10h_val_c10_loss', 'c10h_val_c10_acc', 'v4_loss', 'v4_acc', 'v6_loss', 'v6_acc', 'c10_50k_loss', 'c10_50k_acc']) 
 c10h_outdir:  /tigress/ruairidh/model_results/run_1/saves/wrn_28_10/con_True_lr_0.001_seed_2
[2018/09/25 13:05:04 __main__ INFO] - Train 24
[2018/09/25 13:05:24 __main__ INFO] - TEST 24
[2018/09/25 13:06:11 __main__ INFO] - - epoch 24    c10h_train    : 0.3849 (acc: 0.9872) | c10h_val    : 0.5072 (acc: 0.9540)
[2018/09/25 13:06:11 __main__ INFO] - -            c10h_train_c10: 0.0035 (acc: 0.9953) | c10h_val_c10: 0.1699 (acc: 0.9570)
[2018/09/25 13:06:11 __main__ INFO] - -            v4            : 0.4214 (acc: 0.8852) |           v6: 0.4033 (acc: 0.9010)
[2018/09/25 13:06:11 __main__ INFO] - -            c10_50k       : 0.0034 (acc: 0.9996)
[2018/09/25 13:06:11 __main__ INFO] - Elapsed 47.25
keys:  dict_keys(['epoch', 'c10h_train_loss', 'c10h_train_acc', 'c10h_val_loss', 'c10h_val_acc', 'c10h_train_c10_loss', 'c10h_train_c10_acc', 'c10h_val_c10_loss', 'c10h_val_c10_acc', 'v4_loss', 'v4_acc', 'v6_loss', 'v6_acc', 'c10_50k_loss', 'c10_50k_acc']) 
 c10h_outdir:  /tigress/ruairidh/model_results/run_1/saves/wrn_28_10/con_True_lr_0.001_seed_2
[2018/09/25 13:06:13 __main__ INFO] - Train 25
[2018/09/25 13:06:32 __main__ INFO] - TEST 25
[2018/09/25 13:07:19 __main__ INFO] - - epoch 25    c10h_train    : 0.3842 (acc: 0.9873) | c10h_val    : 0.5069 (acc: 0.9550)
[2018/09/25 13:07:19 __main__ INFO] - -            c10h_train_c10: 0.0030 (acc: 0.9954) | c10h_val_c10: 0.1723 (acc: 0.9580)
[2018/09/25 13:07:19 __main__ INFO] - -            v4            : 0.4253 (acc: 0.8887) |           v6: 0.4118 (acc: 0.9015)
[2018/09/25 13:07:19 __main__ INFO] - -            c10_50k       : 0.0038 (acc: 0.9994)
[2018/09/25 13:07:19 __main__ INFO] - Elapsed 47.27
keys:  dict_keys(['epoch', 'c10h_train_loss', 'c10h_train_acc', 'c10h_val_loss', 'c10h_val_acc', 'c10h_train_c10_loss', 'c10h_train_c10_acc', 'c10h_val_c10_loss', 'c10h_val_c10_acc', 'v4_loss', 'v4_acc', 'v6_loss', 'v6_acc', 'c10_50k_loss', 'c10_50k_acc']) 
 c10h_outdir:  /tigress/ruairidh/model_results/run_1/saves/wrn_28_10/con_True_lr_0.001_seed_2
[2018/09/25 13:07:22 __main__ INFO] - Train 26
[2018/09/25 13:07:42 __main__ INFO] - TEST 26
[2018/09/25 13:08:29 __main__ INFO] - - epoch 26    c10h_train    : 0.3831 (acc: 0.9874) | c10h_val    : 0.5006 (acc: 0.9560)
[2018/09/25 13:08:29 __main__ INFO] - -            c10h_train_c10: 0.0030 (acc: 0.9954) | c10h_val_c10: 0.1679 (acc: 0.9590)
[2018/09/25 13:08:29 __main__ INFO] - -            v4            : 0.4140 (acc: 0.8892) |           v6: 0.4164 (acc: 0.8990)
[2018/09/25 13:08:29 __main__ INFO] - -            c10_50k       : 0.0036 (acc: 0.9995)
[2018/09/25 13:08:29 __main__ INFO] - Elapsed 47.46
keys:  dict_keys(['epoch', 'c10h_train_loss', 'c10h_train_acc', 'c10h_val_loss', 'c10h_val_acc', 'c10h_train_c10_loss', 'c10h_train_c10_acc', 'c10h_val_c10_loss', 'c10h_val_c10_acc', 'v4_loss', 'v4_acc', 'v6_loss', 'v6_acc', 'c10_50k_loss', 'c10_50k_acc']) 
 c10h_outdir:  /tigress/ruairidh/model_results/run_1/saves/wrn_28_10/con_True_lr_0.001_seed_2
[2018/09/25 13:08:30 __main__ INFO] - Train 27
[2018/09/25 13:08:49 __main__ INFO] - TEST 27
[2018/09/25 13:09:37 __main__ INFO] - - epoch 27    c10h_train    : 0.3858 (acc: 0.9874) | c10h_val    : 0.5038 (acc: 0.9560)
[2018/09/25 13:09:37 __main__ INFO] - -            c10h_train_c10: 0.0030 (acc: 0.9956) | c10h_val_c10: 0.1694 (acc: 0.9590)
[2018/09/25 13:09:37 __main__ INFO] - -            v4            : 0.4264 (acc: 0.8897) |           v6: 0.4172 (acc: 0.9005)
[2018/09/25 13:09:37 __main__ INFO] - -            c10_50k       : 0.0039 (acc: 0.9993)
[2018/09/25 13:09:37 __main__ INFO] - Elapsed 47.38
keys:  dict_keys(['epoch', 'c10h_train_loss', 'c10h_train_acc', 'c10h_val_loss', 'c10h_val_acc', 'c10h_train_c10_loss', 'c10h_train_c10_acc', 'c10h_val_c10_loss', 'c10h_val_c10_acc', 'v4_loss', 'v4_acc', 'v6_loss', 'v6_acc', 'c10_50k_loss', 'c10_50k_acc']) 
 c10h_outdir:  /tigress/ruairidh/model_results/run_1/saves/wrn_28_10/con_True_lr_0.001_seed_2
[2018/09/25 13:09:39 __main__ INFO] - Train 28
[2018/09/25 13:09:58 __main__ INFO] - TEST 28
[2018/09/25 13:10:46 __main__ INFO] - - epoch 28    c10h_train    : 0.3869 (acc: 0.9874) | c10h_val    : 0.5122 (acc: 0.9520)
[2018/09/25 13:10:46 __main__ INFO] - -            c10h_train_c10: 0.0029 (acc: 0.9956) | c10h_val_c10: 0.1799 (acc: 0.9550)
[2018/09/25 13:10:46 __main__ INFO] - -            v4            : 0.4218 (acc: 0.8926) |           v6: 0.4144 (acc: 0.9035)
[2018/09/25 13:10:46 __main__ INFO] - -            c10_50k       : 0.0043 (acc: 0.9991)
[2018/09/25 13:10:46 __main__ INFO] - Elapsed 47.34
keys:  dict_keys(['epoch', 'c10h_train_loss', 'c10h_train_acc', 'c10h_val_loss', 'c10h_val_acc', 'c10h_train_c10_loss', 'c10h_train_c10_acc', 'c10h_val_c10_loss', 'c10h_val_c10_acc', 'v4_loss', 'v4_acc', 'v6_loss', 'v6_acc', 'c10_50k_loss', 'c10_50k_acc']) 
 c10h_outdir:  /tigress/ruairidh/model_results/run_1/saves/wrn_28_10/con_True_lr_0.001_seed_2
[2018/09/25 13:10:48 __main__ INFO] - Train 29
[2018/09/25 13:11:08 __main__ INFO] - TEST 29
[2018/09/25 13:11:55 __main__ INFO] - - epoch 29    c10h_train    : 0.3839 (acc: 0.9876) | c10h_val    : 0.5130 (acc: 0.9540)
[2018/09/25 13:11:55 __main__ INFO] - -            c10h_train_c10: 0.0031 (acc: 0.9956) | c10h_val_c10: 0.1771 (acc: 0.9570)
[2018/09/25 13:11:55 __main__ INFO] - -            v4            : 0.4277 (acc: 0.8882) |           v6: 0.4141 (acc: 0.8995)
[2018/09/25 13:11:55 __main__ INFO] - -            c10_50k       : 0.0042 (acc: 0.9992)
[2018/09/25 13:11:55 __main__ INFO] - Elapsed 47.32
keys:  dict_keys(['epoch', 'c10h_train_loss', 'c10h_train_acc', 'c10h_val_loss', 'c10h_val_acc', 'c10h_train_c10_loss', 'c10h_train_c10_acc', 'c10h_val_c10_loss', 'c10h_val_c10_acc', 'v4_loss', 'v4_acc', 'v6_loss', 'v6_acc', 'c10_50k_loss', 'c10_50k_acc']) 
 c10h_outdir:  /tigress/ruairidh/model_results/run_1/saves/wrn_28_10/con_True_lr_0.001_seed_2
[2018/09/25 13:11:57 __main__ INFO] - Train 30
[2018/09/25 13:12:17 __main__ INFO] - TEST 30
[2018/09/25 13:13:04 __main__ INFO] - - epoch 30    c10h_train    : 0.3857 (acc: 0.9873) | c10h_val    : 0.5148 (acc: 0.9530)
[2018/09/25 13:13:04 __main__ INFO] - -            c10h_train_c10: 0.0028 (acc: 0.9954) | c10h_val_c10: 0.1798 (acc: 0.9560)
[2018/09/25 13:13:04 __main__ INFO] - -            v4            : 0.4289 (acc: 0.8852) |           v6: 0.4143 (acc: 0.9005)
[2018/09/25 13:13:04 __main__ INFO] - -            c10_50k       : 0.0038 (acc: 0.9993)
[2018/09/25 13:13:04 __main__ INFO] - Elapsed 47.32
keys:  dict_keys(['epoch', 'c10h_train_loss', 'c10h_train_acc', 'c10h_val_loss', 'c10h_val_acc', 'c10h_train_c10_loss', 'c10h_train_c10_acc', 'c10h_val_c10_loss', 'c10h_val_c10_acc', 'v4_loss', 'v4_acc', 'v6_loss', 'v6_acc', 'c10_50k_loss', 'c10_50k_acc']) 
 c10h_outdir:  /tigress/ruairidh/model_results/run_1/saves/wrn_28_10/con_True_lr_0.001_seed_2
[2018/09/25 13:13:06 __main__ INFO] - Train 31
[2018/09/25 13:13:25 __main__ INFO] - TEST 31
[2018/09/25 13:14:12 __main__ INFO] - - epoch 31    c10h_train    : 0.3870 (acc: 0.9873) | c10h_val    : 0.5109 (acc: 0.9530)
[2018/09/25 13:14:12 __main__ INFO] - -            c10h_train_c10: 0.0028 (acc: 0.9954) | c10h_val_c10: 0.1766 (acc: 0.9560)
[2018/09/25 13:14:12 __main__ INFO] - -            v4            : 0.4346 (acc: 0.8906) |           v6: 0.4093 (acc: 0.9040)
[2018/09/25 13:14:12 __main__ INFO] - -            c10_50k       : 0.0034 (acc: 0.9996)
[2018/09/25 13:14:12 __main__ INFO] - Elapsed 47.16
keys:  dict_keys(['epoch', 'c10h_train_loss', 'c10h_train_acc', 'c10h_val_loss', 'c10h_val_acc', 'c10h_train_c10_loss', 'c10h_train_c10_acc', 'c10h_val_c10_loss', 'c10h_val_c10_acc', 'v4_loss', 'v4_acc', 'v6_loss', 'v6_acc', 'c10_50k_loss', 'c10_50k_acc']) 
 c10h_outdir:  /tigress/ruairidh/model_results/run_1/saves/wrn_28_10/con_True_lr_0.001_seed_2
[2018/09/25 13:14:14 __main__ INFO] - Train 32
[2018/09/25 13:14:34 __main__ INFO] - TEST 32
[2018/09/25 13:15:21 __main__ INFO] - - epoch 32    c10h_train    : 0.3840 (acc: 0.9872) | c10h_val    : 0.5177 (acc: 0.9530)
[2018/09/25 13:15:21 __main__ INFO] - -            c10h_train_c10: 0.0028 (acc: 0.9953) | c10h_val_c10: 0.1854 (acc: 0.9560)
[2018/09/25 13:15:21 __main__ INFO] - -            v4            : 0.4265 (acc: 0.8882) |           v6: 0.4125 (acc: 0.9015)
[2018/09/25 13:15:21 __main__ INFO] - -            c10_50k       : 0.0037 (acc: 0.9993)
[2018/09/25 13:15:21 __main__ INFO] - Elapsed 47.12
keys:  dict_keys(['epoch', 'c10h_train_loss', 'c10h_train_acc', 'c10h_val_loss', 'c10h_val_acc', 'c10h_train_c10_loss', 'c10h_train_c10_acc', 'c10h_val_c10_loss', 'c10h_val_c10_acc', 'v4_loss', 'v4_acc', 'v6_loss', 'v6_acc', 'c10_50k_loss', 'c10_50k_acc']) 
 c10h_outdir:  /tigress/ruairidh/model_results/run_1/saves/wrn_28_10/con_True_lr_0.001_seed_2
[2018/09/25 13:15:23 __main__ INFO] - Train 33
[2018/09/25 13:15:42 __main__ INFO] - TEST 33
[2018/09/25 13:16:30 __main__ INFO] - - epoch 33    c10h_train    : 0.3897 (acc: 0.9876) | c10h_val    : 0.5171 (acc: 0.9530)
[2018/09/25 13:16:30 __main__ INFO] - -            c10h_train_c10: 0.0025 (acc: 0.9956) | c10h_val_c10: 0.1812 (acc: 0.9560)
[2018/09/25 13:16:30 __main__ INFO] - -            v4            : 0.4281 (acc: 0.8971) |           v6: 0.4156 (acc: 0.9000)
[2018/09/25 13:16:30 __main__ INFO] - -            c10_50k       : 0.0039 (acc: 0.9993)
[2018/09/25 13:16:30 __main__ INFO] - Elapsed 47.47
keys:  dict_keys(['epoch', 'c10h_train_loss', 'c10h_train_acc', 'c10h_val_loss', 'c10h_val_acc', 'c10h_train_c10_loss', 'c10h_train_c10_acc', 'c10h_val_c10_loss', 'c10h_val_c10_acc', 'v4_loss', 'v4_acc', 'v6_loss', 'v6_acc', 'c10_50k_loss', 'c10_50k_acc']) 
 c10h_outdir:  /tigress/ruairidh/model_results/run_1/saves/wrn_28_10/con_True_lr_0.001_seed_2
[2018/09/25 13:16:31 __main__ INFO] - Train 34
[2018/09/25 13:16:50 __main__ INFO] - TEST 34
[2018/09/25 13:17:38 __main__ INFO] - - epoch 34    c10h_train    : 0.3889 (acc: 0.9876) | c10h_val    : 0.5168 (acc: 0.9520)
[2018/09/25 13:17:38 __main__ INFO] - -            c10h_train_c10: 0.0026 (acc: 0.9956) | c10h_val_c10: 0.1830 (acc: 0.9550)
[2018/09/25 13:17:38 __main__ INFO] - -            v4            : 0.3980 (acc: 0.8906) |           v6: 0.4130 (acc: 0.9025)
[2018/09/25 13:17:38 __main__ INFO] - -            c10_50k       : 0.0037 (acc: 0.9994)
[2018/09/25 13:17:38 __main__ INFO] - Elapsed 47.43
keys:  dict_keys(['epoch', 'c10h_train_loss', 'c10h_train_acc', 'c10h_val_loss', 'c10h_val_acc', 'c10h_train_c10_loss', 'c10h_train_c10_acc', 'c10h_val_c10_loss', 'c10h_val_c10_acc', 'v4_loss', 'v4_acc', 'v6_loss', 'v6_acc', 'c10_50k_loss', 'c10_50k_acc']) 
 c10h_outdir:  /tigress/ruairidh/model_results/run_1/saves/wrn_28_10/con_True_lr_0.001_seed_2
[2018/09/25 13:17:41 __main__ INFO] - Train 35
[2018/09/25 13:18:00 __main__ INFO] - TEST 35
[2018/09/25 13:18:47 __main__ INFO] - - epoch 35    c10h_train    : 0.3948 (acc: 0.9873) | c10h_val    : 0.5199 (acc: 0.9500)
[2018/09/25 13:18:47 __main__ INFO] - -            c10h_train_c10: 0.0024 (acc: 0.9954) | c10h_val_c10: 0.1828 (acc: 0.9530)
[2018/09/25 13:18:47 __main__ INFO] - -            v4            : 0.4411 (acc: 0.8892) |           v6: 0.4162 (acc: 0.8990)
[2018/09/25 13:18:47 __main__ INFO] - -            c10_50k       : 0.0035 (acc: 0.9995)
[2018/09/25 13:18:47 __main__ INFO] - Elapsed 47.01
keys:  dict_keys(['epoch', 'c10h_train_loss', 'c10h_train_acc', 'c10h_val_loss', 'c10h_val_acc', 'c10h_train_c10_loss', 'c10h_train_c10_acc', 'c10h_val_c10_loss', 'c10h_val_c10_acc', 'v4_loss', 'v4_acc', 'v6_loss', 'v6_acc', 'c10_50k_loss', 'c10_50k_acc']) 
 c10h_outdir:  /tigress/ruairidh/model_results/run_1/saves/wrn_28_10/con_True_lr_0.001_seed_2
[2018/09/25 13:18:49 __main__ INFO] - Train 36
[2018/09/25 13:19:08 __main__ INFO] - TEST 36
[2018/09/25 13:19:55 __main__ INFO] - - epoch 36    c10h_train    : 0.3922 (acc: 0.9873) | c10h_val    : 0.5156 (acc: 0.9520)
[2018/09/25 13:19:56 __main__ INFO] - -            c10h_train_c10: 0.0024 (acc: 0.9953) | c10h_val_c10: 0.1820 (acc: 0.9550)
[2018/09/25 13:19:56 __main__ INFO] - -            v4            : 0.4344 (acc: 0.8906) |           v6: 0.4149 (acc: 0.9000)
[2018/09/25 13:19:56 __main__ INFO] - -            c10_50k       : 0.0037 (acc: 0.9994)
[2018/09/25 13:19:56 __main__ INFO] - Elapsed 47.03
keys:  dict_keys(['epoch', 'c10h_train_loss', 'c10h_train_acc', 'c10h_val_loss', 'c10h_val_acc', 'c10h_train_c10_loss', 'c10h_train_c10_acc', 'c10h_val_c10_loss', 'c10h_val_c10_acc', 'v4_loss', 'v4_acc', 'v6_loss', 'v6_acc', 'c10_50k_loss', 'c10_50k_acc']) 
 c10h_outdir:  /tigress/ruairidh/model_results/run_1/saves/wrn_28_10/con_True_lr_0.001_seed_2
[2018/09/25 13:19:57 __main__ INFO] - Train 37
[2018/09/25 13:20:16 __main__ INFO] - TEST 37
[2018/09/25 13:21:04 __main__ INFO] - - epoch 37    c10h_train    : 0.3943 (acc: 0.9873) | c10h_val    : 0.5211 (acc: 0.9510)
[2018/09/25 13:21:04 __main__ INFO] - -            c10h_train_c10: 0.0025 (acc: 0.9952) | c10h_val_c10: 0.1828 (acc: 0.9540)
[2018/09/25 13:21:04 __main__ INFO] - -            v4            : 0.4571 (acc: 0.8882) |           v6: 0.4157 (acc: 0.9020)
[2018/09/25 13:21:04 __main__ INFO] - -            c10_50k       : 0.0039 (acc: 0.9994)
[2018/09/25 13:21:04 __main__ INFO] - Elapsed 47.44
keys:  dict_keys(['epoch', 'c10h_train_loss', 'c10h_train_acc', 'c10h_val_loss', 'c10h_val_acc', 'c10h_train_c10_loss', 'c10h_train_c10_acc', 'c10h_val_c10_loss', 'c10h_val_c10_acc', 'v4_loss', 'v4_acc', 'v6_loss', 'v6_acc', 'c10_50k_loss', 'c10_50k_acc']) 
 c10h_outdir:  /tigress/ruairidh/model_results/run_1/saves/wrn_28_10/con_True_lr_0.001_seed_2
[2018/09/25 13:21:05 __main__ INFO] - Train 38
[2018/09/25 13:21:25 __main__ INFO] - TEST 38
[2018/09/25 13:22:12 __main__ INFO] - - epoch 38    c10h_train    : 0.3918 (acc: 0.9873) | c10h_val    : 0.5189 (acc: 0.9500)
[2018/09/25 13:22:12 __main__ INFO] - -            c10h_train_c10: 0.0026 (acc: 0.9954) | c10h_val_c10: 0.1846 (acc: 0.9530)
[2018/09/25 13:22:12 __main__ INFO] - -            v4            : 0.4388 (acc: 0.8911) |           v6: 0.4298 (acc: 0.8990)
[2018/09/25 13:22:12 __main__ INFO] - -            c10_50k       : 0.0038 (acc: 0.9993)
[2018/09/25 13:22:12 __main__ INFO] - Elapsed 47.44
keys:  dict_keys(['epoch', 'c10h_train_loss', 'c10h_train_acc', 'c10h_val_loss', 'c10h_val_acc', 'c10h_train_c10_loss', 'c10h_train_c10_acc', 'c10h_val_c10_loss', 'c10h_val_c10_acc', 'v4_loss', 'v4_acc', 'v6_loss', 'v6_acc', 'c10_50k_loss', 'c10_50k_acc']) 
 c10h_outdir:  /tigress/ruairidh/model_results/run_1/saves/wrn_28_10/con_True_lr_0.001_seed_2
[2018/09/25 13:22:14 __main__ INFO] - Train 39
[2018/09/25 13:22:33 __main__ INFO] - TEST 39
[2018/09/25 13:23:21 __main__ INFO] - - epoch 39    c10h_train    : 0.3924 (acc: 0.9873) | c10h_val    : 0.5177 (acc: 0.9530)
[2018/09/25 13:23:21 __main__ INFO] - -            c10h_train_c10: 0.0026 (acc: 0.9953) | c10h_val_c10: 0.1794 (acc: 0.9560)
[2018/09/25 13:23:21 __main__ INFO] - -            v4            : 0.4161 (acc: 0.8966) |           v6: 0.4224 (acc: 0.9015)
[2018/09/25 13:23:21 __main__ INFO] - -            c10_50k       : 0.0039 (acc: 0.9995)
[2018/09/25 13:23:21 __main__ INFO] - Elapsed 47.51
keys:  dict_keys(['epoch', 'c10h_train_loss', 'c10h_train_acc', 'c10h_val_loss', 'c10h_val_acc', 'c10h_train_c10_loss', 'c10h_train_c10_acc', 'c10h_val_c10_loss', 'c10h_val_c10_acc', 'v4_loss', 'v4_acc', 'v6_loss', 'v6_acc', 'c10_50k_loss', 'c10_50k_acc']) 
 c10h_outdir:  /tigress/ruairidh/model_results/run_1/saves/wrn_28_10/con_True_lr_0.001_seed_2
[2018/09/25 13:23:22 __main__ INFO] - Train 40
[2018/09/25 13:23:42 __main__ INFO] - TEST 40
[2018/09/25 13:24:29 __main__ INFO] - - epoch 40    c10h_train    : 0.3925 (acc: 0.9874) | c10h_val    : 0.5157 (acc: 0.9530)
[2018/09/25 13:24:29 __main__ INFO] - -            c10h_train_c10: 0.0022 (acc: 0.9956) | c10h_val_c10: 0.1773 (acc: 0.9560)
[2018/09/25 13:24:29 __main__ INFO] - -            v4            : 0.4244 (acc: 0.8946) |           v6: 0.4147 (acc: 0.9005)
[2018/09/25 13:24:29 __main__ INFO] - -            c10_50k       : 0.0040 (acc: 0.9993)
[2018/09/25 13:24:29 __main__ INFO] - Elapsed 47.50
keys:  dict_keys(['epoch', 'c10h_train_loss', 'c10h_train_acc', 'c10h_val_loss', 'c10h_val_acc', 'c10h_train_c10_loss', 'c10h_train_c10_acc', 'c10h_val_c10_loss', 'c10h_val_c10_acc', 'v4_loss', 'v4_acc', 'v6_loss', 'v6_acc', 'c10_50k_loss', 'c10_50k_acc']) 
 c10h_outdir:  /tigress/ruairidh/model_results/run_1/saves/wrn_28_10/con_True_lr_0.001_seed_2
[2018/09/25 13:24:31 __main__ INFO] - Train 41
[2018/09/25 13:24:51 __main__ INFO] - TEST 41
[2018/09/25 13:25:38 __main__ INFO] - - epoch 41    c10h_train    : 0.3953 (acc: 0.9873) | c10h_val    : 0.5176 (acc: 0.9550)
[2018/09/25 13:25:38 __main__ INFO] - -            c10h_train_c10: 0.0023 (acc: 0.9954) | c10h_val_c10: 0.1782 (acc: 0.9580)
[2018/09/25 13:25:38 __main__ INFO] - -            v4            : 0.4247 (acc: 0.8916) |           v6: 0.4232 (acc: 0.8975)
[2018/09/25 13:25:38 __main__ INFO] - -            c10_50k       : 0.0037 (acc: 0.9992)
[2018/09/25 13:25:38 __main__ INFO] - Elapsed 47.38
keys:  dict_keys(['epoch', 'c10h_train_loss', 'c10h_train_acc', 'c10h_val_loss', 'c10h_val_acc', 'c10h_train_c10_loss', 'c10h_train_c10_acc', 'c10h_val_c10_loss', 'c10h_val_c10_acc', 'v4_loss', 'v4_acc', 'v6_loss', 'v6_acc', 'c10_50k_loss', 'c10_50k_acc']) 
 c10h_outdir:  /tigress/ruairidh/model_results/run_1/saves/wrn_28_10/con_True_lr_0.001_seed_2
[2018/09/25 13:25:39 __main__ INFO] - Train 42
[2018/09/25 13:25:58 __main__ INFO] - TEST 42
[2018/09/25 13:26:46 __main__ INFO] - - epoch 42    c10h_train    : 0.3925 (acc: 0.9874) | c10h_val    : 0.5106 (acc: 0.9530)
[2018/09/25 13:26:46 __main__ INFO] - -            c10h_train_c10: 0.0023 (acc: 0.9954) | c10h_val_c10: 0.1747 (acc: 0.9560)
[2018/09/25 13:26:46 __main__ INFO] - -            v4            : 0.4569 (acc: 0.8862) |           v6: 0.4236 (acc: 0.8995)
[2018/09/25 13:26:46 __main__ INFO] - -            c10_50k       : 0.0035 (acc: 0.9994)
[2018/09/25 13:26:46 __main__ INFO] - Elapsed 47.44
keys:  dict_keys(['epoch', 'c10h_train_loss', 'c10h_train_acc', 'c10h_val_loss', 'c10h_val_acc', 'c10h_train_c10_loss', 'c10h_train_c10_acc', 'c10h_val_c10_loss', 'c10h_val_c10_acc', 'v4_loss', 'v4_acc', 'v6_loss', 'v6_acc', 'c10_50k_loss', 'c10_50k_acc']) 
 c10h_outdir:  /tigress/ruairidh/model_results/run_1/saves/wrn_28_10/con_True_lr_0.001_seed_2
[2018/09/25 13:26:47 __main__ INFO] - Train 43
[2018/09/25 13:27:07 __main__ INFO] - TEST 43
[2018/09/25 13:27:54 __main__ INFO] - - epoch 43    c10h_train    : 0.3947 (acc: 0.9873) | c10h_val    : 0.5170 (acc: 0.9500)
[2018/09/25 13:27:54 __main__ INFO] - -            c10h_train_c10: 0.0022 (acc: 0.9954) | c10h_val_c10: 0.1812 (acc: 0.9530)
[2018/09/25 13:27:54 __main__ INFO] - -            v4            : 0.4498 (acc: 0.8887) |           v6: 0.4164 (acc: 0.8965)
[2018/09/25 13:27:54 __main__ INFO] - -            c10_50k       : 0.0034 (acc: 0.9994)
[2018/09/25 13:27:54 __main__ INFO] - Elapsed 47.39
keys:  dict_keys(['epoch', 'c10h_train_loss', 'c10h_train_acc', 'c10h_val_loss', 'c10h_val_acc', 'c10h_train_c10_loss', 'c10h_train_c10_acc', 'c10h_val_c10_loss', 'c10h_val_c10_acc', 'v4_loss', 'v4_acc', 'v6_loss', 'v6_acc', 'c10_50k_loss', 'c10_50k_acc']) 
 c10h_outdir:  /tigress/ruairidh/model_results/run_1/saves/wrn_28_10/con_True_lr_0.001_seed_2
[2018/09/25 13:27:55 __main__ INFO] - Train 44
[2018/09/25 13:28:15 __main__ INFO] - TEST 44
[2018/09/25 13:29:02 __main__ INFO] - - epoch 44    c10h_train    : 0.3971 (acc: 0.9874) | c10h_val    : 0.5198 (acc: 0.9510)
[2018/09/25 13:29:02 __main__ INFO] - -            c10h_train_c10: 0.0023 (acc: 0.9953) | c10h_val_c10: 0.1790 (acc: 0.9540)
[2018/09/25 13:29:02 __main__ INFO] - -            v4            : 0.4486 (acc: 0.8887) |           v6: 0.4174 (acc: 0.8985)
[2018/09/25 13:29:02 __main__ INFO] - -            c10_50k       : 0.0037 (acc: 0.9994)
[2018/09/25 13:29:02 __main__ INFO] - Elapsed 47.39
keys:  dict_keys(['epoch', 'c10h_train_loss', 'c10h_train_acc', 'c10h_val_loss', 'c10h_val_acc', 'c10h_train_c10_loss', 'c10h_train_c10_acc', 'c10h_val_c10_loss', 'c10h_val_c10_acc', 'v4_loss', 'v4_acc', 'v6_loss', 'v6_acc', 'c10_50k_loss', 'c10_50k_acc']) 
 c10h_outdir:  /tigress/ruairidh/model_results/run_1/saves/wrn_28_10/con_True_lr_0.001_seed_2
[2018/09/25 13:29:03 __main__ INFO] - Train 45
[2018/09/25 13:29:23 __main__ INFO] - TEST 45
[2018/09/25 13:30:10 __main__ INFO] - - epoch 45    c10h_train    : 0.3978 (acc: 0.9874) | c10h_val    : 0.5221 (acc: 0.9490)
[2018/09/25 13:30:10 __main__ INFO] - -            c10h_train_c10: 0.0020 (acc: 0.9956) | c10h_val_c10: 0.1838 (acc: 0.9520)
[2018/09/25 13:30:10 __main__ INFO] - -            v4            : 0.4058 (acc: 0.8946) |           v6: 0.4048 (acc: 0.9040)
[2018/09/25 13:30:10 __main__ INFO] - -            c10_50k       : 0.0031 (acc: 0.9995)
[2018/09/25 13:30:10 __main__ INFO] - Elapsed 47.43
keys:  dict_keys(['epoch', 'c10h_train_loss', 'c10h_train_acc', 'c10h_val_loss', 'c10h_val_acc', 'c10h_train_c10_loss', 'c10h_train_c10_acc', 'c10h_val_c10_loss', 'c10h_val_c10_acc', 'v4_loss', 'v4_acc', 'v6_loss', 'v6_acc', 'c10_50k_loss', 'c10_50k_acc']) 
 c10h_outdir:  /tigress/ruairidh/model_results/run_1/saves/wrn_28_10/con_True_lr_0.001_seed_2
[2018/09/25 13:30:12 __main__ INFO] - Train 46
[2018/09/25 13:30:32 __main__ INFO] - TEST 46
[2018/09/25 13:31:20 __main__ INFO] - - epoch 46    c10h_train    : 0.3951 (acc: 0.9874) | c10h_val    : 0.5184 (acc: 0.9510)
[2018/09/25 13:31:20 __main__ INFO] - -            c10h_train_c10: 0.0020 (acc: 0.9956) | c10h_val_c10: 0.1828 (acc: 0.9540)
[2018/09/25 13:31:20 __main__ INFO] - -            v4            : 0.4315 (acc: 0.8926) |           v6: 0.4108 (acc: 0.9010)
[2018/09/25 13:31:20 __main__ INFO] - -            c10_50k       : 0.0035 (acc: 0.9994)
[2018/09/25 13:31:20 __main__ INFO] - Elapsed 47.52
keys:  dict_keys(['epoch', 'c10h_train_loss', 'c10h_train_acc', 'c10h_val_loss', 'c10h_val_acc', 'c10h_train_c10_loss', 'c10h_train_c10_acc', 'c10h_val_c10_loss', 'c10h_val_c10_acc', 'v4_loss', 'v4_acc', 'v6_loss', 'v6_acc', 'c10_50k_loss', 'c10_50k_acc']) 
 c10h_outdir:  /tigress/ruairidh/model_results/run_1/saves/wrn_28_10/con_True_lr_0.001_seed_2
[2018/09/25 13:31:20 __main__ INFO] - Train 47
[2018/09/25 13:31:40 __main__ INFO] - TEST 47
[2018/09/25 13:32:27 __main__ INFO] - - epoch 47    c10h_train    : 0.3931 (acc: 0.9873) | c10h_val    : 0.5227 (acc: 0.9480)
[2018/09/25 13:32:27 __main__ INFO] - -            c10h_train_c10: 0.0023 (acc: 0.9954) | c10h_val_c10: 0.1890 (acc: 0.9510)
[2018/09/25 13:32:27 __main__ INFO] - -            v4            : 0.4375 (acc: 0.8892) |           v6: 0.4097 (acc: 0.9035)
[2018/09/25 13:32:27 __main__ INFO] - -            c10_50k       : 0.0035 (acc: 0.9995)
[2018/09/25 13:32:27 __main__ INFO] - Elapsed 47.45
keys:  dict_keys(['epoch', 'c10h_train_loss', 'c10h_train_acc', 'c10h_val_loss', 'c10h_val_acc', 'c10h_train_c10_loss', 'c10h_train_c10_acc', 'c10h_val_c10_loss', 'c10h_val_c10_acc', 'v4_loss', 'v4_acc', 'v6_loss', 'v6_acc', 'c10_50k_loss', 'c10_50k_acc']) 
 c10h_outdir:  /tigress/ruairidh/model_results/run_1/saves/wrn_28_10/con_True_lr_0.001_seed_2
[2018/09/25 13:32:28 __main__ INFO] - Train 48
[2018/09/25 13:32:48 __main__ INFO] - TEST 48
[2018/09/25 13:33:35 __main__ INFO] - - epoch 48    c10h_train    : 0.3963 (acc: 0.9874) | c10h_val    : 0.5214 (acc: 0.9500)
[2018/09/25 13:33:35 __main__ INFO] - -            c10h_train_c10: 0.0018 (acc: 0.9956) | c10h_val_c10: 0.1857 (acc: 0.9530)
[2018/09/25 13:33:35 __main__ INFO] - -            v4            : 0.4488 (acc: 0.8842) |           v6: 0.4144 (acc: 0.9030)
[2018/09/25 13:33:35 __main__ INFO] - -            c10_50k       : 0.0033 (acc: 0.9994)
[2018/09/25 13:33:35 __main__ INFO] - Elapsed 47.18
keys:  dict_keys(['epoch', 'c10h_train_loss', 'c10h_train_acc', 'c10h_val_loss', 'c10h_val_acc', 'c10h_train_c10_loss', 'c10h_train_c10_acc', 'c10h_val_c10_loss', 'c10h_val_c10_acc', 'v4_loss', 'v4_acc', 'v6_loss', 'v6_acc', 'c10_50k_loss', 'c10_50k_acc']) 
 c10h_outdir:  /tigress/ruairidh/model_results/run_1/saves/wrn_28_10/con_True_lr_0.001_seed_2
[2018/09/25 13:33:37 __main__ INFO] - Train 49
[2018/09/25 13:33:56 __main__ INFO] - TEST 49
[2018/09/25 13:34:43 __main__ INFO] - - epoch 49    c10h_train    : 0.3972 (acc: 0.9874) | c10h_val    : 0.5178 (acc: 0.9520)
[2018/09/25 13:34:43 __main__ INFO] - -            c10h_train_c10: 0.0019 (acc: 0.9956) | c10h_val_c10: 0.1806 (acc: 0.9550)
[2018/09/25 13:34:43 __main__ INFO] - -            v4            : 0.4251 (acc: 0.8941) |           v6: 0.4202 (acc: 0.9005)
[2018/09/25 13:34:43 __main__ INFO] - -            c10_50k       : 0.0033 (acc: 0.9995)
[2018/09/25 13:34:43 __main__ INFO] - Elapsed 47.05
keys:  dict_keys(['epoch', 'c10h_train_loss', 'c10h_train_acc', 'c10h_val_loss', 'c10h_val_acc', 'c10h_train_c10_loss', 'c10h_train_c10_acc', 'c10h_val_c10_loss', 'c10h_val_c10_acc', 'v4_loss', 'v4_acc', 'v6_loss', 'v6_acc', 'c10_50k_loss', 'c10_50k_acc']) 
 c10h_outdir:  /tigress/ruairidh/model_results/run_1/saves/wrn_28_10/con_True_lr_0.001_seed_2
[2018/09/25 13:34:46 __main__ INFO] - Train 50
[2018/09/25 13:35:05 __main__ INFO] - TEST 50
[2018/09/25 13:35:53 __main__ INFO] - - epoch 50    c10h_train    : 0.3979 (acc: 0.9874) | c10h_val    : 0.5198 (acc: 0.9500)
[2018/09/25 13:35:53 __main__ INFO] - -            c10h_train_c10: 0.0018 (acc: 0.9956) | c10h_val_c10: 0.1839 (acc: 0.9530)
[2018/09/25 13:35:53 __main__ INFO] - -            v4            : 0.4086 (acc: 0.8941) |           v6: 0.4183 (acc: 0.9020)
[2018/09/25 13:35:53 __main__ INFO] - -            c10_50k       : 0.0034 (acc: 0.9994)
[2018/09/25 13:35:53 __main__ INFO] - Elapsed 47.36
keys:  dict_keys(['epoch', 'c10h_train_loss', 'c10h_train_acc', 'c10h_val_loss', 'c10h_val_acc', 'c10h_train_c10_loss', 'c10h_train_c10_acc', 'c10h_val_c10_loss', 'c10h_val_c10_acc', 'v4_loss', 'v4_acc', 'v6_loss', 'v6_acc', 'c10_50k_loss', 'c10_50k_acc']) 
 c10h_outdir:  /tigress/ruairidh/model_results/run_1/saves/wrn_28_10/con_True_lr_0.001_seed_2
[2018/09/25 13:35:53 __main__ INFO] - Train 51
[2018/09/25 13:36:13 __main__ INFO] - TEST 51
[2018/09/25 13:37:00 __main__ INFO] - - epoch 51    c10h_train    : 0.3974 (acc: 0.9874) | c10h_val    : 0.5134 (acc: 0.9510)
[2018/09/25 13:37:00 __main__ INFO] - -            c10h_train_c10: 0.0019 (acc: 0.9956) | c10h_val_c10: 0.1803 (acc: 0.9540)
[2018/09/25 13:37:00 __main__ INFO] - -            v4            : 0.4465 (acc: 0.8857) |           v6: 0.4178 (acc: 0.9035)
[2018/09/25 13:37:00 __main__ INFO] - -            c10_50k       : 0.0037 (acc: 0.9993)
[2018/09/25 13:37:00 __main__ INFO] - Elapsed 47.27
keys:  dict_keys(['epoch', 'c10h_train_loss', 'c10h_train_acc', 'c10h_val_loss', 'c10h_val_acc', 'c10h_train_c10_loss', 'c10h_train_c10_acc', 'c10h_val_c10_loss', 'c10h_val_c10_acc', 'v4_loss', 'v4_acc', 'v6_loss', 'v6_acc', 'c10_50k_loss', 'c10_50k_acc']) 
 c10h_outdir:  /tigress/ruairidh/model_results/run_1/saves/wrn_28_10/con_True_lr_0.001_seed_2
[2018/09/25 13:37:03 __main__ INFO] - Train 52
[2018/09/25 13:37:23 __main__ INFO] - TEST 52
[2018/09/25 13:38:10 __main__ INFO] - - epoch 52    c10h_train    : 0.3981 (acc: 0.9876) | c10h_val    : 0.5165 (acc: 0.9510)
[2018/09/25 13:38:10 __main__ INFO] - -            c10h_train_c10: 0.0018 (acc: 0.9956) | c10h_val_c10: 0.1804 (acc: 0.9540)
[2018/09/25 13:38:10 __main__ INFO] - -            v4            : 0.4448 (acc: 0.8902) |           v6: 0.4183 (acc: 0.9000)
[2018/09/25 13:38:10 __main__ INFO] - -            c10_50k       : 0.0034 (acc: 0.9994)
[2018/09/25 13:38:10 __main__ INFO] - Elapsed 46.85
keys:  dict_keys(['epoch', 'c10h_train_loss', 'c10h_train_acc', 'c10h_val_loss', 'c10h_val_acc', 'c10h_train_c10_loss', 'c10h_train_c10_acc', 'c10h_val_c10_loss', 'c10h_val_c10_acc', 'v4_loss', 'v4_acc', 'v6_loss', 'v6_acc', 'c10_50k_loss', 'c10_50k_acc']) 
 c10h_outdir:  /tigress/ruairidh/model_results/run_1/saves/wrn_28_10/con_True_lr_0.001_seed_2
[2018/09/25 13:38:11 __main__ INFO] - Train 53
[2018/09/25 13:38:31 __main__ INFO] - TEST 53
[2018/09/25 13:39:18 __main__ INFO] - - epoch 53    c10h_train    : 0.3975 (acc: 0.9876) | c10h_val    : 0.5131 (acc: 0.9530)
[2018/09/25 13:39:18 __main__ INFO] - -            c10h_train_c10: 0.0018 (acc: 0.9956) | c10h_val_c10: 0.1785 (acc: 0.9560)
[2018/09/25 13:39:18 __main__ INFO] - -            v4            : 0.4249 (acc: 0.8867) |           v6: 0.4067 (acc: 0.9045)
[2018/09/25 13:39:18 __main__ INFO] - -            c10_50k       : 0.0033 (acc: 0.9995)
[2018/09/25 13:39:18 __main__ INFO] - Elapsed 46.95
keys:  dict_keys(['epoch', 'c10h_train_loss', 'c10h_train_acc', 'c10h_val_loss', 'c10h_val_acc', 'c10h_train_c10_loss', 'c10h_train_c10_acc', 'c10h_val_c10_loss', 'c10h_val_c10_acc', 'v4_loss', 'v4_acc', 'v6_loss', 'v6_acc', 'c10_50k_loss', 'c10_50k_acc']) 
 c10h_outdir:  /tigress/ruairidh/model_results/run_1/saves/wrn_28_10/con_True_lr_0.001_seed_2
[2018/09/25 13:39:19 __main__ INFO] - Train 54
[2018/09/25 13:39:38 __main__ INFO] - TEST 54
[2018/09/25 13:40:26 __main__ INFO] - - epoch 54    c10h_train    : 0.4001 (acc: 0.9877) | c10h_val    : 0.5129 (acc: 0.9520)
[2018/09/25 13:40:26 __main__ INFO] - -            c10h_train_c10: 0.0019 (acc: 0.9956) | c10h_val_c10: 0.1752 (acc: 0.9550)
[2018/09/25 13:40:26 __main__ INFO] - -            v4            : 0.4583 (acc: 0.8842) |           v6: 0.4163 (acc: 0.9015)
[2018/09/25 13:40:26 __main__ INFO] - -            c10_50k       : 0.0032 (acc: 0.9995)
[2018/09/25 13:40:26 __main__ INFO] - Elapsed 47.32
keys:  dict_keys(['epoch', 'c10h_train_loss', 'c10h_train_acc', 'c10h_val_loss', 'c10h_val_acc', 'c10h_train_c10_loss', 'c10h_train_c10_acc', 'c10h_val_c10_loss', 'c10h_val_c10_acc', 'v4_loss', 'v4_acc', 'v6_loss', 'v6_acc', 'c10_50k_loss', 'c10_50k_acc']) 
 c10h_outdir:  /tigress/ruairidh/model_results/run_1/saves/wrn_28_10/con_True_lr_0.001_seed_2
[2018/09/25 13:40:28 __main__ INFO] - Train 55
[2018/09/25 13:40:48 __main__ INFO] - TEST 55
[2018/09/25 13:41:35 __main__ INFO] - - epoch 55    c10h_train    : 0.4011 (acc: 0.9874) | c10h_val    : 0.5169 (acc: 0.9540)
[2018/09/25 13:41:35 __main__ INFO] - -            c10h_train_c10: 0.0017 (acc: 0.9956) | c10h_val_c10: 0.1787 (acc: 0.9570)
[2018/09/25 13:41:35 __main__ INFO] - -            v4            : 0.4465 (acc: 0.8798) |           v6: 0.4149 (acc: 0.9015)
[2018/09/25 13:41:35 __main__ INFO] - -            c10_50k       : 0.0034 (acc: 0.9993)
[2018/09/25 13:41:35 __main__ INFO] - Elapsed 47.54
keys:  dict_keys(['epoch', 'c10h_train_loss', 'c10h_train_acc', 'c10h_val_loss', 'c10h_val_acc', 'c10h_train_c10_loss', 'c10h_train_c10_acc', 'c10h_val_c10_loss', 'c10h_val_c10_acc', 'v4_loss', 'v4_acc', 'v6_loss', 'v6_acc', 'c10_50k_loss', 'c10_50k_acc']) 
 c10h_outdir:  /tigress/ruairidh/model_results/run_1/saves/wrn_28_10/con_True_lr_0.001_seed_2
[2018/09/25 13:41:37 __main__ INFO] - Train 56
[2018/09/25 13:41:56 __main__ INFO] - TEST 56
[2018/09/25 13:42:43 __main__ INFO] - - epoch 56    c10h_train    : 0.3983 (acc: 0.9877) | c10h_val    : 0.5202 (acc: 0.9530)
[2018/09/25 13:42:43 __main__ INFO] - -            c10h_train_c10: 0.0018 (acc: 0.9956) | c10h_val_c10: 0.1833 (acc: 0.9560)
[2018/09/25 13:42:43 __main__ INFO] - -            v4            : 0.4546 (acc: 0.8966) |           v6: 0.4100 (acc: 0.9040)
[2018/09/25 13:42:43 __main__ INFO] - -            c10_50k       : 0.0036 (acc: 0.9994)
[2018/09/25 13:42:43 __main__ INFO] - Elapsed 47.36
keys:  dict_keys(['epoch', 'c10h_train_loss', 'c10h_train_acc', 'c10h_val_loss', 'c10h_val_acc', 'c10h_train_c10_loss', 'c10h_train_c10_acc', 'c10h_val_c10_loss', 'c10h_val_c10_acc', 'v4_loss', 'v4_acc', 'v6_loss', 'v6_acc', 'c10_50k_loss', 'c10_50k_acc']) 
 c10h_outdir:  /tigress/ruairidh/model_results/run_1/saves/wrn_28_10/con_True_lr_0.001_seed_2
[2018/09/25 13:42:46 __main__ INFO] - Train 57
[2018/09/25 13:43:06 __main__ INFO] - TEST 57
[2018/09/25 13:43:53 __main__ INFO] - - epoch 57    c10h_train    : 0.4010 (acc: 0.9874) | c10h_val    : 0.5192 (acc: 0.9560)
[2018/09/25 13:43:54 __main__ INFO] - -            c10h_train_c10: 0.0017 (acc: 0.9956) | c10h_val_c10: 0.1821 (acc: 0.9590)
[2018/09/25 13:43:54 __main__ INFO] - -            v4            : 0.4685 (acc: 0.8842) |           v6: 0.4069 (acc: 0.9065)
[2018/09/25 13:43:54 __main__ INFO] - -            c10_50k       : 0.0037 (acc: 0.9993)
[2018/09/25 13:43:54 __main__ INFO] - Elapsed 47.54
keys:  dict_keys(['epoch', 'c10h_train_loss', 'c10h_train_acc', 'c10h_val_loss', 'c10h_val_acc', 'c10h_train_c10_loss', 'c10h_train_c10_acc', 'c10h_val_c10_loss', 'c10h_val_c10_acc', 'v4_loss', 'v4_acc', 'v6_loss', 'v6_acc', 'c10_50k_loss', 'c10_50k_acc']) 
 c10h_outdir:  /tigress/ruairidh/model_results/run_1/saves/wrn_28_10/con_True_lr_0.001_seed_2
[2018/09/25 13:43:56 __main__ INFO] - Train 58
[2018/09/25 13:44:15 __main__ INFO] - TEST 58
[2018/09/25 13:45:03 __main__ INFO] - - epoch 58    c10h_train    : 0.4035 (acc: 0.9874) | c10h_val    : 0.5185 (acc: 0.9550)
[2018/09/25 13:45:03 __main__ INFO] - -            c10h_train_c10: 0.0017 (acc: 0.9956) | c10h_val_c10: 0.1820 (acc: 0.9580)
[2018/09/25 13:45:03 __main__ INFO] - -            v4            : 0.4383 (acc: 0.8902) |           v6: 0.4121 (acc: 0.9010)
[2018/09/25 13:45:03 __main__ INFO] - -            c10_50k       : 0.0033 (acc: 0.9995)
[2018/09/25 13:45:03 __main__ INFO] - Elapsed 47.38
keys:  dict_keys(['epoch', 'c10h_train_loss', 'c10h_train_acc', 'c10h_val_loss', 'c10h_val_acc', 'c10h_train_c10_loss', 'c10h_train_c10_acc', 'c10h_val_c10_loss', 'c10h_val_c10_acc', 'v4_loss', 'v4_acc', 'v6_loss', 'v6_acc', 'c10_50k_loss', 'c10_50k_acc']) 
 c10h_outdir:  /tigress/ruairidh/model_results/run_1/saves/wrn_28_10/con_True_lr_0.001_seed_2
[2018/09/25 13:45:04 __main__ INFO] - Train 59
[2018/09/25 13:45:24 __main__ INFO] - TEST 59
[2018/09/25 13:46:12 __main__ INFO] - - epoch 59    c10h_train    : 0.4002 (acc: 0.9874) | c10h_val    : 0.5129 (acc: 0.9560)
[2018/09/25 13:46:12 __main__ INFO] - -            c10h_train_c10: 0.0017 (acc: 0.9956) | c10h_val_c10: 0.1772 (acc: 0.9590)
[2018/09/25 13:46:12 __main__ INFO] - -            v4            : 0.4318 (acc: 0.8887) |           v6: 0.4048 (acc: 0.9060)
[2018/09/25 13:46:12 __main__ INFO] - -            c10_50k       : 0.0034 (acc: 0.9995)
[2018/09/25 13:46:12 __main__ INFO] - Elapsed 47.64
keys:  dict_keys(['epoch', 'c10h_train_loss', 'c10h_train_acc', 'c10h_val_loss', 'c10h_val_acc', 'c10h_train_c10_loss', 'c10h_train_c10_acc', 'c10h_val_c10_loss', 'c10h_val_c10_acc', 'v4_loss', 'v4_acc', 'v6_loss', 'v6_acc', 'c10_50k_loss', 'c10_50k_acc']) 
 c10h_outdir:  /tigress/ruairidh/model_results/run_1/saves/wrn_28_10/con_True_lr_0.001_seed_2
[2018/09/25 13:46:13 __main__ INFO] - Train 60
[2018/09/25 13:46:33 __main__ INFO] - TEST 60
[2018/09/25 13:47:20 __main__ INFO] - - epoch 60    c10h_train    : 0.4027 (acc: 0.9876) | c10h_val    : 0.5159 (acc: 0.9510)
[2018/09/25 13:47:20 __main__ INFO] - -            c10h_train_c10: 0.0017 (acc: 0.9956) | c10h_val_c10: 0.1773 (acc: 0.9540)
[2018/09/25 13:47:20 __main__ INFO] - -            v4            : 0.4238 (acc: 0.8892) |           v6: 0.4052 (acc: 0.9040)
[2018/09/25 13:47:20 __main__ INFO] - -            c10_50k       : 0.0031 (acc: 0.9994)
[2018/09/25 13:47:20 __main__ INFO] - Elapsed 47.66
keys:  dict_keys(['epoch', 'c10h_train_loss', 'c10h_train_acc', 'c10h_val_loss', 'c10h_val_acc', 'c10h_train_c10_loss', 'c10h_train_c10_acc', 'c10h_val_c10_loss', 'c10h_val_c10_acc', 'v4_loss', 'v4_acc', 'v6_loss', 'v6_acc', 'c10_50k_loss', 'c10_50k_acc']) 
 c10h_outdir:  /tigress/ruairidh/model_results/run_1/saves/wrn_28_10/con_True_lr_0.001_seed_2
[2018/09/25 13:47:22 __main__ INFO] - Train 61
[2018/09/25 13:47:41 __main__ INFO] - TEST 61
[2018/09/25 13:48:29 __main__ INFO] - - epoch 61    c10h_train    : 0.4016 (acc: 0.9873) | c10h_val    : 0.5130 (acc: 0.9530)
[2018/09/25 13:48:29 __main__ INFO] - -            c10h_train_c10: 0.0019 (acc: 0.9954) | c10h_val_c10: 0.1783 (acc: 0.9560)
[2018/09/25 13:48:29 __main__ INFO] - -            v4            : 0.4251 (acc: 0.8996) |           v6: 0.4043 (acc: 0.9035)
[2018/09/25 13:48:29 __main__ INFO] - -            c10_50k       : 0.0035 (acc: 0.9994)
[2018/09/25 13:48:29 __main__ INFO] - Elapsed 47.39
keys:  dict_keys(['epoch', 'c10h_train_loss', 'c10h_train_acc', 'c10h_val_loss', 'c10h_val_acc', 'c10h_train_c10_loss', 'c10h_train_c10_acc', 'c10h_val_c10_loss', 'c10h_val_c10_acc', 'v4_loss', 'v4_acc', 'v6_loss', 'v6_acc', 'c10_50k_loss', 'c10_50k_acc']) 
 c10h_outdir:  /tigress/ruairidh/model_results/run_1/saves/wrn_28_10/con_True_lr_0.001_seed_2
[2018/09/25 13:48:30 __main__ INFO] - Train 62
[2018/09/25 13:48:50 __main__ INFO] - TEST 62
[2018/09/25 13:49:37 __main__ INFO] - - epoch 62    c10h_train    : 0.4015 (acc: 0.9874) | c10h_val    : 0.5133 (acc: 0.9540)
[2018/09/25 13:49:37 __main__ INFO] - -            c10h_train_c10: 0.0017 (acc: 0.9956) | c10h_val_c10: 0.1772 (acc: 0.9570)
[2018/09/25 13:49:37 __main__ INFO] - -            v4            : 0.4318 (acc: 0.8926) |           v6: 0.4009 (acc: 0.9060)
[2018/09/25 13:49:37 __main__ INFO] - -            c10_50k       : 0.0036 (acc: 0.9994)
[2018/09/25 13:49:37 __main__ INFO] - Elapsed 47.54
keys:  dict_keys(['epoch', 'c10h_train_loss', 'c10h_train_acc', 'c10h_val_loss', 'c10h_val_acc', 'c10h_train_c10_loss', 'c10h_train_c10_acc', 'c10h_val_c10_loss', 'c10h_val_c10_acc', 'v4_loss', 'v4_acc', 'v6_loss', 'v6_acc', 'c10_50k_loss', 'c10_50k_acc']) 
 c10h_outdir:  /tigress/ruairidh/model_results/run_1/saves/wrn_28_10/con_True_lr_0.001_seed_2
[2018/09/25 13:49:38 __main__ INFO] - Train 63
[2018/09/25 13:49:57 __main__ INFO] - TEST 63
[2018/09/25 13:50:45 __main__ INFO] - - epoch 63    c10h_train    : 0.3995 (acc: 0.9876) | c10h_val    : 0.5137 (acc: 0.9530)
[2018/09/25 13:50:45 __main__ INFO] - -            c10h_train_c10: 0.0017 (acc: 0.9956) | c10h_val_c10: 0.1787 (acc: 0.9560)
[2018/09/25 13:50:45 __main__ INFO] - -            v4            : 0.4132 (acc: 0.8946) |           v6: 0.4018 (acc: 0.9045)
[2018/09/25 13:50:45 __main__ INFO] - -            c10_50k       : 0.0031 (acc: 0.9996)
[2018/09/25 13:50:45 __main__ INFO] - Elapsed 47.43
keys:  dict_keys(['epoch', 'c10h_train_loss', 'c10h_train_acc', 'c10h_val_loss', 'c10h_val_acc', 'c10h_train_c10_loss', 'c10h_train_c10_acc', 'c10h_val_c10_loss', 'c10h_val_c10_acc', 'v4_loss', 'v4_acc', 'v6_loss', 'v6_acc', 'c10_50k_loss', 'c10_50k_acc']) 
 c10h_outdir:  /tigress/ruairidh/model_results/run_1/saves/wrn_28_10/con_True_lr_0.001_seed_2
[2018/09/25 13:50:48 __main__ INFO] - Train 64
[2018/09/25 13:51:07 __main__ INFO] - TEST 64
[2018/09/25 13:51:55 __main__ INFO] - - epoch 64    c10h_train    : 0.4017 (acc: 0.9874) | c10h_val    : 0.5118 (acc: 0.9540)
[2018/09/25 13:51:55 __main__ INFO] - -            c10h_train_c10: 0.0017 (acc: 0.9956) | c10h_val_c10: 0.1772 (acc: 0.9570)
[2018/09/25 13:51:55 __main__ INFO] - -            v4            : 0.4417 (acc: 0.8936) |           v6: 0.4045 (acc: 0.9045)
[2018/09/25 13:51:55 __main__ INFO] - -            c10_50k       : 0.0031 (acc: 0.9995)
[2018/09/25 13:51:55 __main__ INFO] - Elapsed 47.58
keys:  dict_keys(['epoch', 'c10h_train_loss', 'c10h_train_acc', 'c10h_val_loss', 'c10h_val_acc', 'c10h_train_c10_loss', 'c10h_train_c10_acc', 'c10h_val_c10_loss', 'c10h_val_c10_acc', 'v4_loss', 'v4_acc', 'v6_loss', 'v6_acc', 'c10_50k_loss', 'c10_50k_acc']) 
 c10h_outdir:  /tigress/ruairidh/model_results/run_1/saves/wrn_28_10/con_True_lr_0.001_seed_2
[2018/09/25 13:51:56 __main__ INFO] - Train 65
[2018/09/25 13:52:16 __main__ INFO] - TEST 65
slurmstepd: error: *** JOB 1456660 ON tiger-i20g9 CANCELLED AT 2018-09-25T13:52:46 DUE TO TIME LIMIT ***
