entering inner script
activating virtual env
wrn_28_10
identifier: con_True_lr_0.01_seed_2
--arch=wrn --c10h_save_interval=2 --dataset=CIFAR10H --no_output --c10h_datasplit_seed=2 --human_tune --nonhuman_control=True --base_lr=0.01
wrn_28_10_control:True_lr:0.01_seed:2.out
entering python script
/tigress/ruairidh/model_results/run_1/wrn_28_10/model_best_state.pth
/tigress/ruairidh/model_results/run_1/saves/wrn_28_10/con_True_lr_0.01_seed_2
Using TensorFlow backend.
[2018/09/25 12:37:43 __main__ INFO] - {
  "model_config": {
    "arch": "wrn",
    "input_shape": [
      1,
      3,
      32,
      32
    ],
    "n_classes": 10,
    "base_channels": 16,
    "depth": 28,
    "widening_factor": 10,
    "drop_rate": 0
  },
  "optim_config": {
    "epochs": 200,
    "batch_size": 128,
    "optimizer": "sgd",
    "base_lr": 0.01,
    "weight_decay": 0.0005,
    "momentum": 0.9,
    "nesterov": true,
    "scheduler": "multistep",
    "milestones": [
      60,
      120,
      160
    ],
    "lr_decay": 0.2
  },
  "data_config": {
    "dataset": "CIFAR10H",
    "n_classes": 10,
    "num_workers": 7,
    "batch_size": 128,
    "use_cutout": false,
    "use_random_erasing": false,
    "use_mixup": false,
    "c10h_sample": false,
    "c10h_testsplit_percent": 0.1,
    "c10h_datasplit_seed": 2,
    "use_gpu": true
  },
  "run_config": {
    "seed": 17,
    "test_first": true,
    "gpu": "0",
    "tensorboard": false,
    "tensorboard_train_images": false,
    "tensorboard_test_images": false,
    "tensorboard_model_params": false,
    "resume": "/tigress/ruairidh/model_results/run_1/wrn_28_10/model_best_state.pth",
    "human_tune": true,
    "no_output": true,
    "test_only": false,
    "nonhuman_control": true,
    "c10h_scores_outdir": "/tigress/ruairidh/model_results/run_1/saves/wrn_28_10/con_True_lr_0.01_seed_2",
    "c10h_save_interval": "2",
    "use_gpu": true
  },
  "env_info": {
    "pytorch_version": "0.4.1",
    "cuda_version": "9.0.176",
    "cudnn_version": 7102,
    "gpu0": {
      "name": "Tesla P100-PCIE-16GB",
      "capability": "6.0"
    }
  }
}
Files already downloaded and verified
Files already downloaded and verified
Files already downloaded and verified
Files already downloaded and verified
Files already downloaded and verified
[2018/09/25 12:37:47 __main__ INFO] - Loading model...
[2018/09/25 12:37:48 __main__ INFO] - n_params: 36479194
[2018/09/25 12:37:49 __main__ INFO] - Done
=> loading checkpoint '/tigress/ruairidh/model_results/run_1/wrn_28_10/model_best_state.pth'
=> loaded checkpoint '/tigress/ruairidh/model_results/run_1/wrn_28_10/model_best_state.pth' (epoch 197)
[2018/09/25 12:37:49 __main__ INFO] - TEST 0
[2018/09/25 12:38:40 __main__ INFO] - - epoch 0    c10h_train    : 0.4530 (acc: 0.9493) | c10h_val    : 0.4780 (acc: 0.9620)
[2018/09/25 12:38:40 __main__ INFO] - -            c10h_train_c10: 0.1676 (acc: 0.9526) | c10h_val_c10: 0.1461 (acc: 0.9650)
[2018/09/25 12:38:40 __main__ INFO] - -            v4            : 0.4034 (acc: 0.8986) |           v6: 0.3818 (acc: 0.9100)
[2018/09/25 12:38:40 __main__ INFO] - -            c10_50k       : 0.0012 (acc: 1.0000)
[2018/09/25 12:38:40 __main__ INFO] - Elapsed 50.85
keys:  dict_keys(['epoch', 'c10h_train_loss', 'c10h_train_acc', 'c10h_val_loss', 'c10h_val_acc', 'c10h_train_c10_loss', 'c10h_train_c10_acc', 'c10h_val_c10_loss', 'c10h_val_c10_acc', 'v4_loss', 'v4_acc', 'v6_loss', 'v6_acc', 'c10_50k_loss', 'c10_50k_acc']) 
 c10h_outdir:  /tigress/ruairidh/model_results/run_1/saves/wrn_28_10/con_True_lr_0.01_seed_2
[2018/09/25 12:38:41 __main__ INFO] - Train 1
[2018/09/25 12:39:01 __main__ INFO] - TEST 1
[2018/09/25 12:39:50 __main__ INFO] - - epoch 1    c10h_train    : 0.4385 (acc: 0.9146) | c10h_val    : 0.5403 (acc: 0.8900)
[2018/09/25 12:39:50 __main__ INFO] - -            c10h_train_c10: 0.2489 (acc: 0.9180) | c10h_val_c10: 0.3448 (acc: 0.8930)
[2018/09/25 12:39:50 __main__ INFO] - -            v4            : 0.6395 (acc: 0.8060) |           v6: 0.6055 (acc: 0.8130)
[2018/09/25 12:39:50 __main__ INFO] - -            c10_50k       : 0.1971 (acc: 0.9381)
[2018/09/25 12:39:50 __main__ INFO] - Elapsed 48.82
keys:  dict_keys(['epoch', 'c10h_train_loss', 'c10h_train_acc', 'c10h_val_loss', 'c10h_val_acc', 'c10h_train_c10_loss', 'c10h_train_c10_acc', 'c10h_val_c10_loss', 'c10h_val_c10_acc', 'v4_loss', 'v4_acc', 'v6_loss', 'v6_acc', 'c10_50k_loss', 'c10_50k_acc']) 
 c10h_outdir:  /tigress/ruairidh/model_results/run_1/saves/wrn_28_10/con_True_lr_0.01_seed_2
[2018/09/25 12:39:53 __main__ INFO] - Train 2
[2018/09/25 12:40:12 __main__ INFO] - TEST 2
[2018/09/25 12:41:01 __main__ INFO] - - epoch 2    c10h_train    : 0.3514 (acc: 0.9516) | c10h_val    : 0.4634 (acc: 0.9120)
[2018/09/25 12:41:01 __main__ INFO] - -            c10h_train_c10: 0.1335 (acc: 0.9556) | c10h_val_c10: 0.2570 (acc: 0.9140)
[2018/09/25 12:41:01 __main__ INFO] - -            v4            : 0.5198 (acc: 0.8313) |           v6: 0.5001 (acc: 0.8425)
[2018/09/25 12:41:01 __main__ INFO] - -            c10_50k       : 0.1224 (acc: 0.9616)
[2018/09/25 12:41:01 __main__ INFO] - Elapsed 48.72
keys:  dict_keys(['epoch', 'c10h_train_loss', 'c10h_train_acc', 'c10h_val_loss', 'c10h_val_acc', 'c10h_train_c10_loss', 'c10h_train_c10_acc', 'c10h_val_c10_loss', 'c10h_val_c10_acc', 'v4_loss', 'v4_acc', 'v6_loss', 'v6_acc', 'c10_50k_loss', 'c10_50k_acc']) 
 c10h_outdir:  /tigress/ruairidh/model_results/run_1/saves/wrn_28_10/con_True_lr_0.01_seed_2
[2018/09/25 12:41:03 __main__ INFO] - Train 3
[2018/09/25 12:41:23 __main__ INFO] - TEST 3
[2018/09/25 12:42:11 __main__ INFO] - - epoch 3    c10h_train    : 0.3528 (acc: 0.9616) | c10h_val    : 0.4665 (acc: 0.9260)
[2018/09/25 12:42:11 __main__ INFO] - -            c10h_train_c10: 0.0898 (acc: 0.9672) | c10h_val_c10: 0.2278 (acc: 0.9310)
[2018/09/25 12:42:11 __main__ INFO] - -            v4            : 0.5459 (acc: 0.8352) |           v6: 0.5061 (acc: 0.8465)
[2018/09/25 12:42:11 __main__ INFO] - -            c10_50k       : 0.0971 (acc: 0.9687)
[2018/09/25 12:42:11 __main__ INFO] - Elapsed 48.43
keys:  dict_keys(['epoch', 'c10h_train_loss', 'c10h_train_acc', 'c10h_val_loss', 'c10h_val_acc', 'c10h_train_c10_loss', 'c10h_train_c10_acc', 'c10h_val_c10_loss', 'c10h_val_c10_acc', 'v4_loss', 'v4_acc', 'v6_loss', 'v6_acc', 'c10_50k_loss', 'c10_50k_acc']) 
 c10h_outdir:  /tigress/ruairidh/model_results/run_1/saves/wrn_28_10/con_True_lr_0.01_seed_2
[2018/09/25 12:42:13 __main__ INFO] - Train 4
[2018/09/25 12:42:33 __main__ INFO] - TEST 4
[2018/09/25 12:43:21 __main__ INFO] - - epoch 4    c10h_train    : 0.3964 (acc: 0.9477) | c10h_val    : 0.5802 (acc: 0.9000)
[2018/09/25 12:43:21 __main__ INFO] - -            c10h_train_c10: 0.1311 (acc: 0.9527) | c10h_val_c10: 0.3319 (acc: 0.9020)
[2018/09/25 12:43:21 __main__ INFO] - -            v4            : 0.6250 (acc: 0.8179) |           v6: 0.6333 (acc: 0.8235)
[2018/09/25 12:43:21 __main__ INFO] - -            c10_50k       : 0.1662 (acc: 0.9466)
[2018/09/25 12:43:21 __main__ INFO] - Elapsed 48.57
keys:  dict_keys(['epoch', 'c10h_train_loss', 'c10h_train_acc', 'c10h_val_loss', 'c10h_val_acc', 'c10h_train_c10_loss', 'c10h_train_c10_acc', 'c10h_val_c10_loss', 'c10h_val_c10_acc', 'v4_loss', 'v4_acc', 'v6_loss', 'v6_acc', 'c10_50k_loss', 'c10_50k_acc']) 
 c10h_outdir:  /tigress/ruairidh/model_results/run_1/saves/wrn_28_10/con_True_lr_0.01_seed_2
[2018/09/25 12:43:22 __main__ INFO] - Train 5
[2018/09/25 12:43:41 __main__ INFO] - TEST 5
[2018/09/25 12:44:30 __main__ INFO] - - epoch 5    c10h_train    : 0.3654 (acc: 0.9666) | c10h_val    : 0.5212 (acc: 0.9200)
[2018/09/25 12:44:30 __main__ INFO] - -            c10h_train_c10: 0.0776 (acc: 0.9721) | c10h_val_c10: 0.2607 (acc: 0.9230)
[2018/09/25 12:44:30 __main__ INFO] - -            v4            : 0.5925 (acc: 0.8238) |           v6: 0.5700 (acc: 0.8410)
[2018/09/25 12:44:30 __main__ INFO] - -            c10_50k       : 0.1290 (acc: 0.9580)
[2018/09/25 12:44:30 __main__ INFO] - Elapsed 48.71
keys:  dict_keys(['epoch', 'c10h_train_loss', 'c10h_train_acc', 'c10h_val_loss', 'c10h_val_acc', 'c10h_train_c10_loss', 'c10h_train_c10_acc', 'c10h_val_c10_loss', 'c10h_val_c10_acc', 'v4_loss', 'v4_acc', 'v6_loss', 'v6_acc', 'c10_50k_loss', 'c10_50k_acc']) 
 c10h_outdir:  /tigress/ruairidh/model_results/run_1/saves/wrn_28_10/con_True_lr_0.01_seed_2
[2018/09/25 12:44:31 __main__ INFO] - Train 6
[2018/09/25 12:44:50 __main__ INFO] - TEST 6
[2018/09/25 12:45:39 __main__ INFO] - - epoch 6    c10h_train    : 0.3542 (acc: 0.9691) | c10h_val    : 0.5211 (acc: 0.9060)
[2018/09/25 12:45:39 __main__ INFO] - -            c10h_train_c10: 0.0654 (acc: 0.9760) | c10h_val_c10: 0.2836 (acc: 0.9080)
[2018/09/25 12:45:39 __main__ INFO] - -            v4            : 0.6502 (acc: 0.8055) |           v6: 0.6357 (acc: 0.8210)
[2018/09/25 12:45:39 __main__ INFO] - -            c10_50k       : 0.1361 (acc: 0.9555)
[2018/09/25 12:45:39 __main__ INFO] - Elapsed 48.49
keys:  dict_keys(['epoch', 'c10h_train_loss', 'c10h_train_acc', 'c10h_val_loss', 'c10h_val_acc', 'c10h_train_c10_loss', 'c10h_train_c10_acc', 'c10h_val_c10_loss', 'c10h_val_c10_acc', 'v4_loss', 'v4_acc', 'v6_loss', 'v6_acc', 'c10_50k_loss', 'c10_50k_acc']) 
 c10h_outdir:  /tigress/ruairidh/model_results/run_1/saves/wrn_28_10/con_True_lr_0.01_seed_2
[2018/09/25 12:45:41 __main__ INFO] - Train 7
[2018/09/25 12:46:01 __main__ INFO] - TEST 7
[2018/09/25 12:46:49 __main__ INFO] - - epoch 7    c10h_train    : 0.3747 (acc: 0.9650) | c10h_val    : 0.5459 (acc: 0.9090)
[2018/09/25 12:46:50 __main__ INFO] - -            c10h_train_c10: 0.0747 (acc: 0.9714) | c10h_val_c10: 0.3134 (acc: 0.9120)
[2018/09/25 12:46:50 __main__ INFO] - -            v4            : 0.6965 (acc: 0.8055) |           v6: 0.6858 (acc: 0.8220)
[2018/09/25 12:46:50 __main__ INFO] - -            c10_50k       : 0.1551 (acc: 0.9487)
[2018/09/25 12:46:50 __main__ INFO] - Elapsed 48.58
keys:  dict_keys(['epoch', 'c10h_train_loss', 'c10h_train_acc', 'c10h_val_loss', 'c10h_val_acc', 'c10h_train_c10_loss', 'c10h_train_c10_acc', 'c10h_val_c10_loss', 'c10h_val_c10_acc', 'v4_loss', 'v4_acc', 'v6_loss', 'v6_acc', 'c10_50k_loss', 'c10_50k_acc']) 
 c10h_outdir:  /tigress/ruairidh/model_results/run_1/saves/wrn_28_10/con_True_lr_0.01_seed_2
[2018/09/25 12:46:51 __main__ INFO] - Train 8
[2018/09/25 12:47:11 __main__ INFO] - TEST 8
[2018/09/25 12:47:59 __main__ INFO] - - epoch 8    c10h_train    : 0.3660 (acc: 0.9717) | c10h_val    : 0.5846 (acc: 0.9030)
[2018/09/25 12:47:59 __main__ INFO] - -            c10h_train_c10: 0.0585 (acc: 0.9781) | c10h_val_c10: 0.3321 (acc: 0.9060)
[2018/09/25 12:47:59 __main__ INFO] - -            v4            : 0.5701 (acc: 0.8362) |           v6: 0.5653 (acc: 0.8485)
[2018/09/25 12:47:59 __main__ INFO] - -            c10_50k       : 0.1261 (acc: 0.9588)
[2018/09/25 12:47:59 __main__ INFO] - Elapsed 48.51
keys:  dict_keys(['epoch', 'c10h_train_loss', 'c10h_train_acc', 'c10h_val_loss', 'c10h_val_acc', 'c10h_train_c10_loss', 'c10h_train_c10_acc', 'c10h_val_c10_loss', 'c10h_val_c10_acc', 'v4_loss', 'v4_acc', 'v6_loss', 'v6_acc', 'c10_50k_loss', 'c10_50k_acc']) 
 c10h_outdir:  /tigress/ruairidh/model_results/run_1/saves/wrn_28_10/con_True_lr_0.01_seed_2
[2018/09/25 12:48:00 __main__ INFO] - Train 9
[2018/09/25 12:48:20 __main__ INFO] - TEST 9
[2018/09/25 12:49:08 __main__ INFO] - - epoch 9    c10h_train    : 0.3658 (acc: 0.9716) | c10h_val    : 0.5408 (acc: 0.9120)
[2018/09/25 12:49:08 __main__ INFO] - -            c10h_train_c10: 0.0586 (acc: 0.9788) | c10h_val_c10: 0.2856 (acc: 0.9140)
[2018/09/25 12:49:08 __main__ INFO] - -            v4            : 0.7194 (acc: 0.8021) |           v6: 0.7062 (acc: 0.8195)
[2018/09/25 12:49:08 __main__ INFO] - -            c10_50k       : 0.1353 (acc: 0.9554)
[2018/09/25 12:49:08 __main__ INFO] - Elapsed 48.43
keys:  dict_keys(['epoch', 'c10h_train_loss', 'c10h_train_acc', 'c10h_val_loss', 'c10h_val_acc', 'c10h_train_c10_loss', 'c10h_train_c10_acc', 'c10h_val_c10_loss', 'c10h_val_c10_acc', 'v4_loss', 'v4_acc', 'v6_loss', 'v6_acc', 'c10_50k_loss', 'c10_50k_acc']) 
 c10h_outdir:  /tigress/ruairidh/model_results/run_1/saves/wrn_28_10/con_True_lr_0.01_seed_2
[2018/09/25 12:49:09 __main__ INFO] - Train 10
[2018/09/25 12:49:29 __main__ INFO] - TEST 10
[2018/09/25 12:50:18 __main__ INFO] - - epoch 10    c10h_train    : 0.3751 (acc: 0.9747) | c10h_val    : 0.5284 (acc: 0.9200)
[2018/09/25 12:50:18 __main__ INFO] - -            c10h_train_c10: 0.0486 (acc: 0.9817) | c10h_val_c10: 0.2652 (acc: 0.9250)
[2018/09/25 12:50:18 __main__ INFO] - -            v4            : 0.5557 (acc: 0.8382) |           v6: 0.5690 (acc: 0.8535)
[2018/09/25 12:50:18 __main__ INFO] - -            c10_50k       : 0.1309 (acc: 0.9566)
[2018/09/25 12:50:18 __main__ INFO] - Elapsed 48.73
keys:  dict_keys(['epoch', 'c10h_train_loss', 'c10h_train_acc', 'c10h_val_loss', 'c10h_val_acc', 'c10h_train_c10_loss', 'c10h_train_c10_acc', 'c10h_val_c10_loss', 'c10h_val_c10_acc', 'v4_loss', 'v4_acc', 'v6_loss', 'v6_acc', 'c10_50k_loss', 'c10_50k_acc']) 
 c10h_outdir:  /tigress/ruairidh/model_results/run_1/saves/wrn_28_10/con_True_lr_0.01_seed_2
[2018/09/25 12:50:18 __main__ INFO] - Train 11
[2018/09/25 12:50:38 __main__ INFO] - TEST 11
[2018/09/25 12:51:26 __main__ INFO] - - epoch 11    c10h_train    : 0.3734 (acc: 0.9756) | c10h_val    : 0.5189 (acc: 0.9210)
[2018/09/25 12:51:26 __main__ INFO] - -            c10h_train_c10: 0.0440 (acc: 0.9826) | c10h_val_c10: 0.2675 (acc: 0.9210)
[2018/09/25 12:51:26 __main__ INFO] - -            v4            : 0.6661 (acc: 0.8199) |           v6: 0.6250 (acc: 0.8335)
[2018/09/25 12:51:26 __main__ INFO] - -            c10_50k       : 0.1277 (acc: 0.9585)
[2018/09/25 12:51:26 __main__ INFO] - Elapsed 48.47
keys:  dict_keys(['epoch', 'c10h_train_loss', 'c10h_train_acc', 'c10h_val_loss', 'c10h_val_acc', 'c10h_train_c10_loss', 'c10h_train_c10_acc', 'c10h_val_c10_loss', 'c10h_val_c10_acc', 'v4_loss', 'v4_acc', 'v6_loss', 'v6_acc', 'c10_50k_loss', 'c10_50k_acc']) 
 c10h_outdir:  /tigress/ruairidh/model_results/run_1/saves/wrn_28_10/con_True_lr_0.01_seed_2
[2018/09/25 12:51:27 __main__ INFO] - Train 12
[2018/09/25 12:51:46 __main__ INFO] - TEST 12
[2018/09/25 12:52:35 __main__ INFO] - - epoch 12    c10h_train    : 0.3639 (acc: 0.9793) | c10h_val    : 0.5263 (acc: 0.9260)
[2018/09/25 12:52:35 __main__ INFO] - -            c10h_train_c10: 0.0296 (acc: 0.9866) | c10h_val_c10: 0.2740 (acc: 0.9270)
[2018/09/25 12:52:35 __main__ INFO] - -            v4            : 0.5878 (acc: 0.8308) |           v6: 0.5809 (acc: 0.8460)
[2018/09/25 12:52:35 __main__ INFO] - -            c10_50k       : 0.1088 (acc: 0.9651)
[2018/09/25 12:52:35 __main__ INFO] - Elapsed 48.63
keys:  dict_keys(['epoch', 'c10h_train_loss', 'c10h_train_acc', 'c10h_val_loss', 'c10h_val_acc', 'c10h_train_c10_loss', 'c10h_train_c10_acc', 'c10h_val_c10_loss', 'c10h_val_c10_acc', 'v4_loss', 'v4_acc', 'v6_loss', 'v6_acc', 'c10_50k_loss', 'c10_50k_acc']) 
 c10h_outdir:  /tigress/ruairidh/model_results/run_1/saves/wrn_28_10/con_True_lr_0.01_seed_2
[2018/09/25 12:52:38 __main__ INFO] - Train 13
[2018/09/25 12:52:57 __main__ INFO] - TEST 13
[2018/09/25 12:53:46 __main__ INFO] - - epoch 13    c10h_train    : 0.3698 (acc: 0.9828) | c10h_val    : 0.5053 (acc: 0.9260)
[2018/09/25 12:53:46 __main__ INFO] - -            c10h_train_c10: 0.0201 (acc: 0.9900) | c10h_val_c10: 0.2266 (acc: 0.9290)
[2018/09/25 12:53:46 __main__ INFO] - -            v4            : 0.5824 (acc: 0.8397) |           v6: 0.5369 (acc: 0.8565)
[2018/09/25 12:53:46 __main__ INFO] - -            c10_50k       : 0.0930 (acc: 0.9688)
[2018/09/25 12:53:46 __main__ INFO] - Elapsed 48.49
keys:  dict_keys(['epoch', 'c10h_train_loss', 'c10h_train_acc', 'c10h_val_loss', 'c10h_val_acc', 'c10h_train_c10_loss', 'c10h_train_c10_acc', 'c10h_val_c10_loss', 'c10h_val_c10_acc', 'v4_loss', 'v4_acc', 'v6_loss', 'v6_acc', 'c10_50k_loss', 'c10_50k_acc']) 
 c10h_outdir:  /tigress/ruairidh/model_results/run_1/saves/wrn_28_10/con_True_lr_0.01_seed_2
[2018/09/25 12:53:46 __main__ INFO] - Train 14
[2018/09/25 12:54:06 __main__ INFO] - TEST 14
[2018/09/25 12:54:54 __main__ INFO] - - epoch 14    c10h_train    : 0.3765 (acc: 0.9804) | c10h_val    : 0.5699 (acc: 0.9160)
[2018/09/25 12:54:54 __main__ INFO] - -            c10h_train_c10: 0.0282 (acc: 0.9881) | c10h_val_c10: 0.3067 (acc: 0.9180)
[2018/09/25 12:54:54 __main__ INFO] - -            v4            : 0.5875 (acc: 0.8451) |           v6: 0.5838 (acc: 0.8520)
[2018/09/25 12:54:54 __main__ INFO] - -            c10_50k       : 0.1190 (acc: 0.9615)
[2018/09/25 12:54:54 __main__ INFO] - Elapsed 48.59
keys:  dict_keys(['epoch', 'c10h_train_loss', 'c10h_train_acc', 'c10h_val_loss', 'c10h_val_acc', 'c10h_train_c10_loss', 'c10h_train_c10_acc', 'c10h_val_c10_loss', 'c10h_val_c10_acc', 'v4_loss', 'v4_acc', 'v6_loss', 'v6_acc', 'c10_50k_loss', 'c10_50k_acc']) 
 c10h_outdir:  /tigress/ruairidh/model_results/run_1/saves/wrn_28_10/con_True_lr_0.01_seed_2
[2018/09/25 12:54:57 __main__ INFO] - Train 15
[2018/09/25 12:55:16 __main__ INFO] - TEST 15
[2018/09/25 12:56:04 __main__ INFO] - - epoch 15    c10h_train    : 0.3865 (acc: 0.9746) | c10h_val    : 0.6122 (acc: 0.9100)
[2018/09/25 12:56:05 __main__ INFO] - -            c10h_train_c10: 0.0447 (acc: 0.9824) | c10h_val_c10: 0.3467 (acc: 0.9140)
[2018/09/25 12:56:05 __main__ INFO] - -            v4            : 0.6978 (acc: 0.8184) |           v6: 0.7762 (acc: 0.8135)
[2018/09/25 12:56:05 __main__ INFO] - -            c10_50k       : 0.1649 (acc: 0.9482)
[2018/09/25 12:56:05 __main__ INFO] - Elapsed 48.30
keys:  dict_keys(['epoch', 'c10h_train_loss', 'c10h_train_acc', 'c10h_val_loss', 'c10h_val_acc', 'c10h_train_c10_loss', 'c10h_train_c10_acc', 'c10h_val_c10_loss', 'c10h_val_c10_acc', 'v4_loss', 'v4_acc', 'v6_loss', 'v6_acc', 'c10_50k_loss', 'c10_50k_acc']) 
 c10h_outdir:  /tigress/ruairidh/model_results/run_1/saves/wrn_28_10/con_True_lr_0.01_seed_2
[2018/09/25 12:56:06 __main__ INFO] - Train 16
[2018/09/25 12:56:25 __main__ INFO] - TEST 16
[2018/09/25 12:57:14 __main__ INFO] - - epoch 16    c10h_train    : 0.3809 (acc: 0.9774) | c10h_val    : 0.6167 (acc: 0.9010)
[2018/09/25 12:57:14 __main__ INFO] - -            c10h_train_c10: 0.0332 (acc: 0.9852) | c10h_val_c10: 0.3523 (acc: 0.9030)
[2018/09/25 12:57:14 __main__ INFO] - -            v4            : 0.5861 (acc: 0.8377) |           v6: 0.6360 (acc: 0.8360)
[2018/09/25 12:57:14 __main__ INFO] - -            c10_50k       : 0.1336 (acc: 0.9568)
[2018/09/25 12:57:14 __main__ INFO] - Elapsed 48.44
keys:  dict_keys(['epoch', 'c10h_train_loss', 'c10h_train_acc', 'c10h_val_loss', 'c10h_val_acc', 'c10h_train_c10_loss', 'c10h_train_c10_acc', 'c10h_val_c10_loss', 'c10h_val_c10_acc', 'v4_loss', 'v4_acc', 'v6_loss', 'v6_acc', 'c10_50k_loss', 'c10_50k_acc']) 
 c10h_outdir:  /tigress/ruairidh/model_results/run_1/saves/wrn_28_10/con_True_lr_0.01_seed_2
[2018/09/25 12:57:16 __main__ INFO] - Train 17
[2018/09/25 12:57:35 __main__ INFO] - TEST 17
[2018/09/25 12:58:24 __main__ INFO] - - epoch 17    c10h_train    : 0.3819 (acc: 0.9812) | c10h_val    : 0.5934 (acc: 0.9120)
[2018/09/25 12:58:24 __main__ INFO] - -            c10h_train_c10: 0.0231 (acc: 0.9892) | c10h_val_c10: 0.3231 (acc: 0.9150)
[2018/09/25 12:58:24 __main__ INFO] - -            v4            : 0.5395 (acc: 0.8486) |           v6: 0.5621 (acc: 0.8605)
[2018/09/25 12:58:24 __main__ INFO] - -            c10_50k       : 0.1271 (acc: 0.9594)
[2018/09/25 12:58:24 __main__ INFO] - Elapsed 48.41
keys:  dict_keys(['epoch', 'c10h_train_loss', 'c10h_train_acc', 'c10h_val_loss', 'c10h_val_acc', 'c10h_train_c10_loss', 'c10h_train_c10_acc', 'c10h_val_c10_loss', 'c10h_val_c10_acc', 'v4_loss', 'v4_acc', 'v6_loss', 'v6_acc', 'c10_50k_loss', 'c10_50k_acc']) 
 c10h_outdir:  /tigress/ruairidh/model_results/run_1/saves/wrn_28_10/con_True_lr_0.01_seed_2
[2018/09/25 12:58:26 __main__ INFO] - Train 18
[2018/09/25 12:58:45 __main__ INFO] - TEST 18
[2018/09/25 12:59:34 __main__ INFO] - - epoch 18    c10h_train    : 0.3940 (acc: 0.9842) | c10h_val    : 0.5565 (acc: 0.9270)
[2018/09/25 12:59:34 __main__ INFO] - -            c10h_train_c10: 0.0131 (acc: 0.9918) | c10h_val_c10: 0.2677 (acc: 0.9300)
[2018/09/25 12:59:34 __main__ INFO] - -            v4            : 0.5334 (acc: 0.8525) |           v6: 0.5607 (acc: 0.8525)
[2018/09/25 12:59:34 __main__ INFO] - -            c10_50k       : 0.1102 (acc: 0.9643)
[2018/09/25 12:59:34 __main__ INFO] - Elapsed 48.70
keys:  dict_keys(['epoch', 'c10h_train_loss', 'c10h_train_acc', 'c10h_val_loss', 'c10h_val_acc', 'c10h_train_c10_loss', 'c10h_train_c10_acc', 'c10h_val_c10_loss', 'c10h_val_c10_acc', 'v4_loss', 'v4_acc', 'v6_loss', 'v6_acc', 'c10_50k_loss', 'c10_50k_acc']) 
 c10h_outdir:  /tigress/ruairidh/model_results/run_1/saves/wrn_28_10/con_True_lr_0.01_seed_2
[2018/09/25 12:59:35 __main__ INFO] - Train 19
[2018/09/25 12:59:55 __main__ INFO] - TEST 19
[2018/09/25 13:00:43 __main__ INFO] - - epoch 19    c10h_train    : 0.3981 (acc: 0.9819) | c10h_val    : 0.5819 (acc: 0.9140)
[2018/09/25 13:00:43 __main__ INFO] - -            c10h_train_c10: 0.0193 (acc: 0.9899) | c10h_val_c10: 0.2891 (acc: 0.9170)
[2018/09/25 13:00:43 __main__ INFO] - -            v4            : 0.6291 (acc: 0.8333) |           v6: 0.6202 (acc: 0.8455)
[2018/09/25 13:00:43 __main__ INFO] - -            c10_50k       : 0.1155 (acc: 0.9633)
[2018/09/25 13:00:43 __main__ INFO] - Elapsed 48.33
keys:  dict_keys(['epoch', 'c10h_train_loss', 'c10h_train_acc', 'c10h_val_loss', 'c10h_val_acc', 'c10h_train_c10_loss', 'c10h_train_c10_acc', 'c10h_val_c10_loss', 'c10h_val_c10_acc', 'v4_loss', 'v4_acc', 'v6_loss', 'v6_acc', 'c10_50k_loss', 'c10_50k_acc']) 
 c10h_outdir:  /tigress/ruairidh/model_results/run_1/saves/wrn_28_10/con_True_lr_0.01_seed_2
[2018/09/25 13:00:46 __main__ INFO] - Train 20
[2018/09/25 13:01:05 __main__ INFO] - TEST 20
[2018/09/25 13:01:54 __main__ INFO] - - epoch 20    c10h_train    : 0.3974 (acc: 0.9856) | c10h_val    : 0.5278 (acc: 0.9330)
[2018/09/25 13:01:54 __main__ INFO] - -            c10h_train_c10: 0.0094 (acc: 0.9936) | c10h_val_c10: 0.2307 (acc: 0.9350)
[2018/09/25 13:01:54 __main__ INFO] - -            v4            : 0.5646 (acc: 0.8535) |           v6: 0.5269 (acc: 0.8720)
[2018/09/25 13:01:54 __main__ INFO] - -            c10_50k       : 0.0921 (acc: 0.9700)
[2018/09/25 13:01:54 __main__ INFO] - Elapsed 48.60
keys:  dict_keys(['epoch', 'c10h_train_loss', 'c10h_train_acc', 'c10h_val_loss', 'c10h_val_acc', 'c10h_train_c10_loss', 'c10h_train_c10_acc', 'c10h_val_c10_loss', 'c10h_val_c10_acc', 'v4_loss', 'v4_acc', 'v6_loss', 'v6_acc', 'c10_50k_loss', 'c10_50k_acc']) 
 c10h_outdir:  /tigress/ruairidh/model_results/run_1/saves/wrn_28_10/con_True_lr_0.01_seed_2
[2018/09/25 13:01:56 __main__ INFO] - Train 21
[2018/09/25 13:02:15 __main__ INFO] - TEST 21
[2018/09/25 13:03:04 __main__ INFO] - - epoch 21    c10h_train    : 0.3953 (acc: 0.9789) | c10h_val    : 0.6161 (acc: 0.9140)
[2018/09/25 13:03:04 __main__ INFO] - -            c10h_train_c10: 0.0271 (acc: 0.9864) | c10h_val_c10: 0.3464 (acc: 0.9160)
[2018/09/25 13:03:04 __main__ INFO] - -            v4            : 0.6797 (acc: 0.8209) |           v6: 0.6633 (acc: 0.8345)
[2018/09/25 13:03:04 __main__ INFO] - -            c10_50k       : 0.1545 (acc: 0.9507)
[2018/09/25 13:03:04 __main__ INFO] - Elapsed 48.43
keys:  dict_keys(['epoch', 'c10h_train_loss', 'c10h_train_acc', 'c10h_val_loss', 'c10h_val_acc', 'c10h_train_c10_loss', 'c10h_train_c10_acc', 'c10h_val_c10_loss', 'c10h_val_c10_acc', 'v4_loss', 'v4_acc', 'v6_loss', 'v6_acc', 'c10_50k_loss', 'c10_50k_acc']) 
 c10h_outdir:  /tigress/ruairidh/model_results/run_1/saves/wrn_28_10/con_True_lr_0.01_seed_2
[2018/09/25 13:03:06 __main__ INFO] - Train 22
[2018/09/25 13:03:26 __main__ INFO] - TEST 22
[2018/09/25 13:04:14 __main__ INFO] - - epoch 22    c10h_train    : 0.4061 (acc: 0.9842) | c10h_val    : 0.5692 (acc: 0.9180)
[2018/09/25 13:04:14 __main__ INFO] - -            c10h_train_c10: 0.0140 (acc: 0.9922) | c10h_val_c10: 0.2818 (acc: 0.9200)
[2018/09/25 13:04:14 __main__ INFO] - -            v4            : 0.6487 (acc: 0.8328) |           v6: 0.6216 (acc: 0.8405)
[2018/09/25 13:04:14 __main__ INFO] - -            c10_50k       : 0.1276 (acc: 0.9597)
[2018/09/25 13:04:14 __main__ INFO] - Elapsed 48.52
keys:  dict_keys(['epoch', 'c10h_train_loss', 'c10h_train_acc', 'c10h_val_loss', 'c10h_val_acc', 'c10h_train_c10_loss', 'c10h_train_c10_acc', 'c10h_val_c10_loss', 'c10h_val_c10_acc', 'v4_loss', 'v4_acc', 'v6_loss', 'v6_acc', 'c10_50k_loss', 'c10_50k_acc']) 
 c10h_outdir:  /tigress/ruairidh/model_results/run_1/saves/wrn_28_10/con_True_lr_0.01_seed_2
[2018/09/25 13:04:15 __main__ INFO] - Train 23
[2018/09/25 13:04:34 __main__ INFO] - TEST 23
[2018/09/25 13:05:23 __main__ INFO] - - epoch 23    c10h_train    : 0.4054 (acc: 0.9848) | c10h_val    : 0.5971 (acc: 0.9200)
[2018/09/25 13:05:23 __main__ INFO] - -            c10h_train_c10: 0.0101 (acc: 0.9929) | c10h_val_c10: 0.3025 (acc: 0.9230)
[2018/09/25 13:05:23 __main__ INFO] - -            v4            : 0.5608 (acc: 0.8521) |           v6: 0.5345 (acc: 0.8660)
[2018/09/25 13:05:23 __main__ INFO] - -            c10_50k       : 0.1081 (acc: 0.9657)
[2018/09/25 13:05:23 __main__ INFO] - Elapsed 48.61
keys:  dict_keys(['epoch', 'c10h_train_loss', 'c10h_train_acc', 'c10h_val_loss', 'c10h_val_acc', 'c10h_train_c10_loss', 'c10h_train_c10_acc', 'c10h_val_c10_loss', 'c10h_val_c10_acc', 'v4_loss', 'v4_acc', 'v6_loss', 'v6_acc', 'c10_50k_loss', 'c10_50k_acc']) 
 c10h_outdir:  /tigress/ruairidh/model_results/run_1/saves/wrn_28_10/con_True_lr_0.01_seed_2
[2018/09/25 13:05:24 __main__ INFO] - Train 24
[2018/09/25 13:05:43 __main__ INFO] - TEST 24
[2018/09/25 13:06:32 __main__ INFO] - - epoch 24    c10h_train    : 0.3996 (acc: 0.9830) | c10h_val    : 0.6133 (acc: 0.9170)
[2018/09/25 13:06:32 __main__ INFO] - -            c10h_train_c10: 0.0140 (acc: 0.9909) | c10h_val_c10: 0.3372 (acc: 0.9190)
[2018/09/25 13:06:32 __main__ INFO] - -            v4            : 0.7246 (acc: 0.8238) |           v6: 0.6807 (acc: 0.8375)
[2018/09/25 13:06:32 __main__ INFO] - -            c10_50k       : 0.1301 (acc: 0.9597)
[2018/09/25 13:06:32 __main__ INFO] - Elapsed 48.56
keys:  dict_keys(['epoch', 'c10h_train_loss', 'c10h_train_acc', 'c10h_val_loss', 'c10h_val_acc', 'c10h_train_c10_loss', 'c10h_train_c10_acc', 'c10h_val_c10_loss', 'c10h_val_c10_acc', 'v4_loss', 'v4_acc', 'v6_loss', 'v6_acc', 'c10_50k_loss', 'c10_50k_acc']) 
 c10h_outdir:  /tigress/ruairidh/model_results/run_1/saves/wrn_28_10/con_True_lr_0.01_seed_2
[2018/09/25 13:06:34 __main__ INFO] - Train 25
[2018/09/25 13:06:54 __main__ INFO] - TEST 25
[2018/09/25 13:07:42 __main__ INFO] - - epoch 25    c10h_train    : 0.4075 (acc: 0.9833) | c10h_val    : 0.6389 (acc: 0.9120)
[2018/09/25 13:07:42 __main__ INFO] - -            c10h_train_c10: 0.0173 (acc: 0.9912) | c10h_val_c10: 0.3445 (acc: 0.9140)
[2018/09/25 13:07:42 __main__ INFO] - -            v4            : 0.6437 (acc: 0.8342) |           v6: 0.6364 (acc: 0.8425)
[2018/09/25 13:07:42 __main__ INFO] - -            c10_50k       : 0.1309 (acc: 0.9593)
[2018/09/25 13:07:42 __main__ INFO] - Elapsed 48.41
keys:  dict_keys(['epoch', 'c10h_train_loss', 'c10h_train_acc', 'c10h_val_loss', 'c10h_val_acc', 'c10h_train_c10_loss', 'c10h_train_c10_acc', 'c10h_val_c10_loss', 'c10h_val_c10_acc', 'v4_loss', 'v4_acc', 'v6_loss', 'v6_acc', 'c10_50k_loss', 'c10_50k_acc']) 
 c10h_outdir:  /tigress/ruairidh/model_results/run_1/saves/wrn_28_10/con_True_lr_0.01_seed_2
[2018/09/25 13:07:46 __main__ INFO] - Train 26
[2018/09/25 13:08:05 __main__ INFO] - TEST 26
[2018/09/25 13:08:54 __main__ INFO] - - epoch 26    c10h_train    : 0.4025 (acc: 0.9860) | c10h_val    : 0.5659 (acc: 0.9300)
[2018/09/25 13:08:54 __main__ INFO] - -            c10h_train_c10: 0.0072 (acc: 0.9939) | c10h_val_c10: 0.2723 (acc: 0.9320)
[2018/09/25 13:08:54 __main__ INFO] - -            v4            : 0.5476 (acc: 0.8575) |           v6: 0.5380 (acc: 0.8690)
[2018/09/25 13:08:54 __main__ INFO] - -            c10_50k       : 0.0979 (acc: 0.9685)
[2018/09/25 13:08:54 __main__ INFO] - Elapsed 48.66
keys:  dict_keys(['epoch', 'c10h_train_loss', 'c10h_train_acc', 'c10h_val_loss', 'c10h_val_acc', 'c10h_train_c10_loss', 'c10h_train_c10_acc', 'c10h_val_c10_loss', 'c10h_val_c10_acc', 'v4_loss', 'v4_acc', 'v6_loss', 'v6_acc', 'c10_50k_loss', 'c10_50k_acc']) 
 c10h_outdir:  /tigress/ruairidh/model_results/run_1/saves/wrn_28_10/con_True_lr_0.01_seed_2
[2018/09/25 13:08:57 __main__ INFO] - Train 27
[2018/09/25 13:09:16 __main__ INFO] - TEST 27
[2018/09/25 13:10:05 __main__ INFO] - - epoch 27    c10h_train    : 0.4034 (acc: 0.9818) | c10h_val    : 0.6435 (acc: 0.9090)
[2018/09/25 13:10:05 __main__ INFO] - -            c10h_train_c10: 0.0192 (acc: 0.9899) | c10h_val_c10: 0.3525 (acc: 0.9110)
[2018/09/25 13:10:05 __main__ INFO] - -            v4            : 0.6477 (acc: 0.8362) |           v6: 0.6672 (acc: 0.8430)
[2018/09/25 13:10:05 __main__ INFO] - -            c10_50k       : 0.1426 (acc: 0.9564)
[2018/09/25 13:10:05 __main__ INFO] - Elapsed 48.51
keys:  dict_keys(['epoch', 'c10h_train_loss', 'c10h_train_acc', 'c10h_val_loss', 'c10h_val_acc', 'c10h_train_c10_loss', 'c10h_train_c10_acc', 'c10h_val_c10_loss', 'c10h_val_c10_acc', 'v4_loss', 'v4_acc', 'v6_loss', 'v6_acc', 'c10_50k_loss', 'c10_50k_acc']) 
 c10h_outdir:  /tigress/ruairidh/model_results/run_1/saves/wrn_28_10/con_True_lr_0.01_seed_2
[2018/09/25 13:10:07 __main__ INFO] - Train 28
[2018/09/25 13:10:26 __main__ INFO] - TEST 28
[2018/09/25 13:11:15 __main__ INFO] - - epoch 28    c10h_train    : 0.4017 (acc: 0.9817) | c10h_val    : 0.5933 (acc: 0.9170)
[2018/09/25 13:11:15 __main__ INFO] - -            c10h_train_c10: 0.0206 (acc: 0.9898) | c10h_val_c10: 0.3272 (acc: 0.9170)
[2018/09/25 13:11:15 __main__ INFO] - -            v4            : 0.6405 (acc: 0.8303) |           v6: 0.6465 (acc: 0.8305)
[2018/09/25 13:11:15 __main__ INFO] - -            c10_50k       : 0.1556 (acc: 0.9505)
[2018/09/25 13:11:15 __main__ INFO] - Elapsed 48.52
keys:  dict_keys(['epoch', 'c10h_train_loss', 'c10h_train_acc', 'c10h_val_loss', 'c10h_val_acc', 'c10h_train_c10_loss', 'c10h_train_c10_acc', 'c10h_val_c10_loss', 'c10h_val_c10_acc', 'v4_loss', 'v4_acc', 'v6_loss', 'v6_acc', 'c10_50k_loss', 'c10_50k_acc']) 
 c10h_outdir:  /tigress/ruairidh/model_results/run_1/saves/wrn_28_10/con_True_lr_0.01_seed_2
[2018/09/25 13:11:15 __main__ INFO] - Train 29
[2018/09/25 13:11:35 __main__ INFO] - TEST 29
[2018/09/25 13:12:23 __main__ INFO] - - epoch 29    c10h_train    : 0.3929 (acc: 0.9849) | c10h_val    : 0.6250 (acc: 0.9140)
[2018/09/25 13:12:23 __main__ INFO] - -            c10h_train_c10: 0.0115 (acc: 0.9929) | c10h_val_c10: 0.3422 (acc: 0.9150)
[2018/09/25 13:12:23 __main__ INFO] - -            v4            : 0.6305 (acc: 0.8347) |           v6: 0.6330 (acc: 0.8450)
[2018/09/25 13:12:23 __main__ INFO] - -            c10_50k       : 0.1300 (acc: 0.9602)
[2018/09/25 13:12:23 __main__ INFO] - Elapsed 48.17
keys:  dict_keys(['epoch', 'c10h_train_loss', 'c10h_train_acc', 'c10h_val_loss', 'c10h_val_acc', 'c10h_train_c10_loss', 'c10h_train_c10_acc', 'c10h_val_c10_loss', 'c10h_val_c10_acc', 'v4_loss', 'v4_acc', 'v6_loss', 'v6_acc', 'c10_50k_loss', 'c10_50k_acc']) 
 c10h_outdir:  /tigress/ruairidh/model_results/run_1/saves/wrn_28_10/con_True_lr_0.01_seed_2
[2018/09/25 13:12:25 __main__ INFO] - Train 30
[2018/09/25 13:12:44 __main__ INFO] - TEST 30
[2018/09/25 13:13:32 __main__ INFO] - - epoch 30    c10h_train    : 0.4121 (acc: 0.9854) | c10h_val    : 0.6199 (acc: 0.9220)
[2018/09/25 13:13:33 __main__ INFO] - -            c10h_train_c10: 0.0098 (acc: 0.9936) | c10h_val_c10: 0.3152 (acc: 0.9240)
[2018/09/25 13:13:33 __main__ INFO] - -            v4            : 0.6117 (acc: 0.8407) |           v6: 0.5828 (acc: 0.8530)
[2018/09/25 13:13:33 __main__ INFO] - -            c10_50k       : 0.1256 (acc: 0.9611)
[2018/09/25 13:13:33 __main__ INFO] - Elapsed 48.25
keys:  dict_keys(['epoch', 'c10h_train_loss', 'c10h_train_acc', 'c10h_val_loss', 'c10h_val_acc', 'c10h_train_c10_loss', 'c10h_train_c10_acc', 'c10h_val_c10_loss', 'c10h_val_c10_acc', 'v4_loss', 'v4_acc', 'v6_loss', 'v6_acc', 'c10_50k_loss', 'c10_50k_acc']) 
 c10h_outdir:  /tigress/ruairidh/model_results/run_1/saves/wrn_28_10/con_True_lr_0.01_seed_2
[2018/09/25 13:13:36 __main__ INFO] - Train 31
[2018/09/25 13:13:55 __main__ INFO] - TEST 31
[2018/09/25 13:14:44 __main__ INFO] - - epoch 31    c10h_train    : 0.4007 (acc: 0.9798) | c10h_val    : 0.6114 (acc: 0.9130)
[2018/09/25 13:14:44 __main__ INFO] - -            c10h_train_c10: 0.0264 (acc: 0.9874) | c10h_val_c10: 0.3279 (acc: 0.9140)
[2018/09/25 13:14:44 __main__ INFO] - -            v4            : 0.7324 (acc: 0.8149) |           v6: 0.7315 (acc: 0.8250)
[2018/09/25 13:14:44 __main__ INFO] - -            c10_50k       : 0.1814 (acc: 0.9462)
[2018/09/25 13:14:44 __main__ INFO] - Elapsed 48.34
keys:  dict_keys(['epoch', 'c10h_train_loss', 'c10h_train_acc', 'c10h_val_loss', 'c10h_val_acc', 'c10h_train_c10_loss', 'c10h_train_c10_acc', 'c10h_val_c10_loss', 'c10h_val_c10_acc', 'v4_loss', 'v4_acc', 'v6_loss', 'v6_acc', 'c10_50k_loss', 'c10_50k_acc']) 
 c10h_outdir:  /tigress/ruairidh/model_results/run_1/saves/wrn_28_10/con_True_lr_0.01_seed_2
[2018/09/25 13:14:47 __main__ INFO] - Train 32
[2018/09/25 13:15:06 __main__ INFO] - TEST 32
[2018/09/25 13:15:55 __main__ INFO] - - epoch 32    c10h_train    : 0.3943 (acc: 0.9793) | c10h_val    : 0.6064 (acc: 0.9080)
[2018/09/25 13:15:55 __main__ INFO] - -            c10h_train_c10: 0.0293 (acc: 0.9867) | c10h_val_c10: 0.3598 (acc: 0.9100)
[2018/09/25 13:15:55 __main__ INFO] - -            v4            : 0.7351 (acc: 0.8100) |           v6: 0.7264 (acc: 0.8220)
[2018/09/25 13:15:55 __main__ INFO] - -            c10_50k       : 0.1877 (acc: 0.9428)
[2018/09/25 13:15:55 __main__ INFO] - Elapsed 48.55
keys:  dict_keys(['epoch', 'c10h_train_loss', 'c10h_train_acc', 'c10h_val_loss', 'c10h_val_acc', 'c10h_train_c10_loss', 'c10h_train_c10_acc', 'c10h_val_c10_loss', 'c10h_val_c10_acc', 'v4_loss', 'v4_acc', 'v6_loss', 'v6_acc', 'c10_50k_loss', 'c10_50k_acc']) 
 c10h_outdir:  /tigress/ruairidh/model_results/run_1/saves/wrn_28_10/con_True_lr_0.01_seed_2
[2018/09/25 13:15:55 __main__ INFO] - Train 33
[2018/09/25 13:16:15 __main__ INFO] - TEST 33
[2018/09/25 13:17:03 __main__ INFO] - - epoch 33    c10h_train    : 0.4043 (acc: 0.9780) | c10h_val    : 0.6168 (acc: 0.9030)
[2018/09/25 13:17:04 __main__ INFO] - -            c10h_train_c10: 0.0323 (acc: 0.9852) | c10h_val_c10: 0.3451 (acc: 0.9040)
[2018/09/25 13:17:04 __main__ INFO] - -            v4            : 0.7015 (acc: 0.8080) |           v6: 0.7029 (acc: 0.8225)
[2018/09/25 13:17:04 __main__ INFO] - -            c10_50k       : 0.1862 (acc: 0.9432)
[2018/09/25 13:17:04 __main__ INFO] - Elapsed 48.54
keys:  dict_keys(['epoch', 'c10h_train_loss', 'c10h_train_acc', 'c10h_val_loss', 'c10h_val_acc', 'c10h_train_c10_loss', 'c10h_train_c10_acc', 'c10h_val_c10_loss', 'c10h_val_c10_acc', 'v4_loss', 'v4_acc', 'v6_loss', 'v6_acc', 'c10_50k_loss', 'c10_50k_acc']) 
 c10h_outdir:  /tigress/ruairidh/model_results/run_1/saves/wrn_28_10/con_True_lr_0.01_seed_2
[2018/09/25 13:17:07 __main__ INFO] - Train 34
[2018/09/25 13:17:26 __main__ INFO] - TEST 34
[2018/09/25 13:18:15 __main__ INFO] - - epoch 34    c10h_train    : 0.4035 (acc: 0.9752) | c10h_val    : 0.6503 (acc: 0.9050)
[2018/09/25 13:18:15 __main__ INFO] - -            c10h_train_c10: 0.0424 (acc: 0.9827) | c10h_val_c10: 0.3804 (acc: 0.9080)
[2018/09/25 13:18:15 __main__ INFO] - -            v4            : 0.6830 (acc: 0.8199) |           v6: 0.7036 (acc: 0.8245)
[2018/09/25 13:18:15 __main__ INFO] - -            c10_50k       : 0.1931 (acc: 0.9410)
[2018/09/25 13:18:15 __main__ INFO] - Elapsed 48.74
keys:  dict_keys(['epoch', 'c10h_train_loss', 'c10h_train_acc', 'c10h_val_loss', 'c10h_val_acc', 'c10h_train_c10_loss', 'c10h_train_c10_acc', 'c10h_val_c10_loss', 'c10h_val_c10_acc', 'v4_loss', 'v4_acc', 'v6_loss', 'v6_acc', 'c10_50k_loss', 'c10_50k_acc']) 
 c10h_outdir:  /tigress/ruairidh/model_results/run_1/saves/wrn_28_10/con_True_lr_0.01_seed_2
[2018/09/25 13:18:17 __main__ INFO] - Train 35
[2018/09/25 13:18:37 __main__ INFO] - TEST 35
[2018/09/25 13:19:25 __main__ INFO] - - epoch 35    c10h_train    : 0.3976 (acc: 0.9822) | c10h_val    : 0.5980 (acc: 0.9240)
[2018/09/25 13:19:26 __main__ INFO] - -            c10h_train_c10: 0.0217 (acc: 0.9897) | c10h_val_c10: 0.3034 (acc: 0.9270)
[2018/09/25 13:19:26 __main__ INFO] - -            v4            : 0.6824 (acc: 0.8179) |           v6: 0.6639 (acc: 0.8275)
[2018/09/25 13:19:26 __main__ INFO] - -            c10_50k       : 0.1539 (acc: 0.9521)
[2018/09/25 13:19:26 __main__ INFO] - Elapsed 48.47
keys:  dict_keys(['epoch', 'c10h_train_loss', 'c10h_train_acc', 'c10h_val_loss', 'c10h_val_acc', 'c10h_train_c10_loss', 'c10h_train_c10_acc', 'c10h_val_c10_loss', 'c10h_val_c10_acc', 'v4_loss', 'v4_acc', 'v6_loss', 'v6_acc', 'c10_50k_loss', 'c10_50k_acc']) 
 c10h_outdir:  /tigress/ruairidh/model_results/run_1/saves/wrn_28_10/con_True_lr_0.01_seed_2
[2018/09/25 13:19:28 __main__ INFO] - Train 36
[2018/09/25 13:19:47 __main__ INFO] - TEST 36
[2018/09/25 13:20:36 __main__ INFO] - - epoch 36    c10h_train    : 0.4017 (acc: 0.9813) | c10h_val    : 0.5865 (acc: 0.9270)
[2018/09/25 13:20:36 __main__ INFO] - -            c10h_train_c10: 0.0209 (acc: 0.9891) | c10h_val_c10: 0.2773 (acc: 0.9300)
[2018/09/25 13:20:36 __main__ INFO] - -            v4            : 0.6864 (acc: 0.8199) |           v6: 0.6797 (acc: 0.8335)
[2018/09/25 13:20:36 __main__ INFO] - -            c10_50k       : 0.1781 (acc: 0.9463)
[2018/09/25 13:20:36 __main__ INFO] - Elapsed 48.42
keys:  dict_keys(['epoch', 'c10h_train_loss', 'c10h_train_acc', 'c10h_val_loss', 'c10h_val_acc', 'c10h_train_c10_loss', 'c10h_train_c10_acc', 'c10h_val_c10_loss', 'c10h_val_c10_acc', 'v4_loss', 'v4_acc', 'v6_loss', 'v6_acc', 'c10_50k_loss', 'c10_50k_acc']) 
 c10h_outdir:  /tigress/ruairidh/model_results/run_1/saves/wrn_28_10/con_True_lr_0.01_seed_2
[2018/09/25 13:20:38 __main__ INFO] - Train 37
[2018/09/25 13:20:58 __main__ INFO] - TEST 37
[2018/09/25 13:21:46 __main__ INFO] - - epoch 37    c10h_train    : 0.3976 (acc: 0.9820) | c10h_val    : 0.5968 (acc: 0.9240)
[2018/09/25 13:21:46 __main__ INFO] - -            c10h_train_c10: 0.0183 (acc: 0.9899) | c10h_val_c10: 0.3077 (acc: 0.9260)
[2018/09/25 13:21:46 __main__ INFO] - -            v4            : 0.7195 (acc: 0.8229) |           v6: 0.6643 (acc: 0.8380)
[2018/09/25 13:21:46 __main__ INFO] - -            c10_50k       : 0.1642 (acc: 0.9503)
[2018/09/25 13:21:46 __main__ INFO] - Elapsed 48.38
keys:  dict_keys(['epoch', 'c10h_train_loss', 'c10h_train_acc', 'c10h_val_loss', 'c10h_val_acc', 'c10h_train_c10_loss', 'c10h_train_c10_acc', 'c10h_val_c10_loss', 'c10h_val_c10_acc', 'v4_loss', 'v4_acc', 'v6_loss', 'v6_acc', 'c10_50k_loss', 'c10_50k_acc']) 
 c10h_outdir:  /tigress/ruairidh/model_results/run_1/saves/wrn_28_10/con_True_lr_0.01_seed_2
[2018/09/25 13:21:50 __main__ INFO] - Train 38
[2018/09/25 13:22:09 __main__ INFO] - TEST 38
[2018/09/25 13:22:58 __main__ INFO] - - epoch 38    c10h_train    : 0.4050 (acc: 0.9833) | c10h_val    : 0.5768 (acc: 0.9180)
[2018/09/25 13:22:58 __main__ INFO] - -            c10h_train_c10: 0.0146 (acc: 0.9914) | c10h_val_c10: 0.2836 (acc: 0.9190)
[2018/09/25 13:22:58 __main__ INFO] - -            v4            : 0.6857 (acc: 0.8209) |           v6: 0.6845 (acc: 0.8375)
[2018/09/25 13:22:58 __main__ INFO] - -            c10_50k       : 0.1479 (acc: 0.9542)
[2018/09/25 13:22:58 __main__ INFO] - Elapsed 48.55
keys:  dict_keys(['epoch', 'c10h_train_loss', 'c10h_train_acc', 'c10h_val_loss', 'c10h_val_acc', 'c10h_train_c10_loss', 'c10h_train_c10_acc', 'c10h_val_c10_loss', 'c10h_val_c10_acc', 'v4_loss', 'v4_acc', 'v6_loss', 'v6_acc', 'c10_50k_loss', 'c10_50k_acc']) 
 c10h_outdir:  /tigress/ruairidh/model_results/run_1/saves/wrn_28_10/con_True_lr_0.01_seed_2
[2018/09/25 13:22:59 __main__ INFO] - Train 39
[2018/09/25 13:23:19 __main__ INFO] - TEST 39
[2018/09/25 13:24:07 __main__ INFO] - - epoch 39    c10h_train    : 0.3971 (acc: 0.9820) | c10h_val    : 0.5924 (acc: 0.9190)
[2018/09/25 13:24:07 __main__ INFO] - -            c10h_train_c10: 0.0197 (acc: 0.9899) | c10h_val_c10: 0.3115 (acc: 0.9220)
[2018/09/25 13:24:07 __main__ INFO] - -            v4            : 0.6273 (acc: 0.8243) |           v6: 0.6016 (acc: 0.8430)
[2018/09/25 13:24:07 __main__ INFO] - -            c10_50k       : 0.1632 (acc: 0.9499)
[2018/09/25 13:24:07 __main__ INFO] - Elapsed 48.35
keys:  dict_keys(['epoch', 'c10h_train_loss', 'c10h_train_acc', 'c10h_val_loss', 'c10h_val_acc', 'c10h_train_c10_loss', 'c10h_train_c10_acc', 'c10h_val_c10_loss', 'c10h_val_c10_acc', 'v4_loss', 'v4_acc', 'v6_loss', 'v6_acc', 'c10_50k_loss', 'c10_50k_acc']) 
 c10h_outdir:  /tigress/ruairidh/model_results/run_1/saves/wrn_28_10/con_True_lr_0.01_seed_2
[2018/09/25 13:24:09 __main__ INFO] - Train 40
[2018/09/25 13:24:28 __main__ INFO] - TEST 40
[2018/09/25 13:25:17 __main__ INFO] - - epoch 40    c10h_train    : 0.3977 (acc: 0.9837) | c10h_val    : 0.5739 (acc: 0.9280)
[2018/09/25 13:25:17 __main__ INFO] - -            c10h_train_c10: 0.0146 (acc: 0.9916) | c10h_val_c10: 0.2834 (acc: 0.9290)
[2018/09/25 13:25:17 __main__ INFO] - -            v4            : 0.6847 (acc: 0.8278) |           v6: 0.6681 (acc: 0.8370)
[2018/09/25 13:25:17 __main__ INFO] - -            c10_50k       : 0.1575 (acc: 0.9513)
[2018/09/25 13:25:17 __main__ INFO] - Elapsed 48.67
keys:  dict_keys(['epoch', 'c10h_train_loss', 'c10h_train_acc', 'c10h_val_loss', 'c10h_val_acc', 'c10h_train_c10_loss', 'c10h_train_c10_acc', 'c10h_val_c10_loss', 'c10h_val_c10_acc', 'v4_loss', 'v4_acc', 'v6_loss', 'v6_acc', 'c10_50k_loss', 'c10_50k_acc']) 
 c10h_outdir:  /tigress/ruairidh/model_results/run_1/saves/wrn_28_10/con_True_lr_0.01_seed_2
[2018/09/25 13:25:19 __main__ INFO] - Train 41
[2018/09/25 13:25:38 __main__ INFO] - TEST 41
[2018/09/25 13:26:27 __main__ INFO] - - epoch 41    c10h_train    : 0.4046 (acc: 0.9853) | c10h_val    : 0.5859 (acc: 0.9230)
[2018/09/25 13:26:27 __main__ INFO] - -            c10h_train_c10: 0.0100 (acc: 0.9930) | c10h_val_c10: 0.3011 (acc: 0.9230)
[2018/09/25 13:26:27 __main__ INFO] - -            v4            : 0.5752 (acc: 0.8417) |           v6: 0.5712 (acc: 0.8515)
[2018/09/25 13:26:27 __main__ INFO] - -            c10_50k       : 0.1300 (acc: 0.9588)
[2018/09/25 13:26:27 __main__ INFO] - Elapsed 48.61
keys:  dict_keys(['epoch', 'c10h_train_loss', 'c10h_train_acc', 'c10h_val_loss', 'c10h_val_acc', 'c10h_train_c10_loss', 'c10h_train_c10_acc', 'c10h_val_c10_loss', 'c10h_val_c10_acc', 'v4_loss', 'v4_acc', 'v6_loss', 'v6_acc', 'c10_50k_loss', 'c10_50k_acc']) 
 c10h_outdir:  /tigress/ruairidh/model_results/run_1/saves/wrn_28_10/con_True_lr_0.01_seed_2
[2018/09/25 13:26:27 __main__ INFO] - Train 42
[2018/09/25 13:26:47 __main__ INFO] - TEST 42
[2018/09/25 13:27:35 __main__ INFO] - - epoch 42    c10h_train    : 0.4118 (acc: 0.9836) | c10h_val    : 0.5938 (acc: 0.9160)
[2018/09/25 13:27:35 __main__ INFO] - -            c10h_train_c10: 0.0128 (acc: 0.9916) | c10h_val_c10: 0.3037 (acc: 0.9190)
[2018/09/25 13:27:35 __main__ INFO] - -            v4            : 0.6526 (acc: 0.8352) |           v6: 0.6497 (acc: 0.8435)
[2018/09/25 13:27:35 __main__ INFO] - -            c10_50k       : 0.1398 (acc: 0.9562)
[2018/09/25 13:27:35 __main__ INFO] - Elapsed 48.37
keys:  dict_keys(['epoch', 'c10h_train_loss', 'c10h_train_acc', 'c10h_val_loss', 'c10h_val_acc', 'c10h_train_c10_loss', 'c10h_train_c10_acc', 'c10h_val_c10_loss', 'c10h_val_c10_acc', 'v4_loss', 'v4_acc', 'v6_loss', 'v6_acc', 'c10_50k_loss', 'c10_50k_acc']) 
 c10h_outdir:  /tigress/ruairidh/model_results/run_1/saves/wrn_28_10/con_True_lr_0.01_seed_2
[2018/09/25 13:27:38 __main__ INFO] - Train 43
[2018/09/25 13:27:57 __main__ INFO] - TEST 43
[2018/09/25 13:28:46 __main__ INFO] - - epoch 43    c10h_train    : 0.4152 (acc: 0.9851) | c10h_val    : 0.6139 (acc: 0.9240)
[2018/09/25 13:28:46 __main__ INFO] - -            c10h_train_c10: 0.0082 (acc: 0.9932) | c10h_val_c10: 0.3176 (acc: 0.9240)
[2018/09/25 13:28:46 __main__ INFO] - -            v4            : 0.6811 (acc: 0.8298) |           v6: 0.6657 (acc: 0.8410)
[2018/09/25 13:28:46 __main__ INFO] - -            c10_50k       : 0.1459 (acc: 0.9562)
[2018/09/25 13:28:46 __main__ INFO] - Elapsed 48.61
keys:  dict_keys(['epoch', 'c10h_train_loss', 'c10h_train_acc', 'c10h_val_loss', 'c10h_val_acc', 'c10h_train_c10_loss', 'c10h_train_c10_acc', 'c10h_val_c10_loss', 'c10h_val_c10_acc', 'v4_loss', 'v4_acc', 'v6_loss', 'v6_acc', 'c10_50k_loss', 'c10_50k_acc']) 
 c10h_outdir:  /tigress/ruairidh/model_results/run_1/saves/wrn_28_10/con_True_lr_0.01_seed_2
[2018/09/25 13:28:48 __main__ INFO] - Train 44
[2018/09/25 13:29:08 __main__ INFO] - TEST 44
[2018/09/25 13:29:56 __main__ INFO] - - epoch 44    c10h_train    : 0.4129 (acc: 0.9860) | c10h_val    : 0.6113 (acc: 0.9230)
[2018/09/25 13:29:57 __main__ INFO] - -            c10h_train_c10: 0.0076 (acc: 0.9937) | c10h_val_c10: 0.3032 (acc: 0.9260)
[2018/09/25 13:29:57 __main__ INFO] - -            v4            : 0.5796 (acc: 0.8481) |           v6: 0.5546 (acc: 0.8655)
[2018/09/25 13:29:57 __main__ INFO] - -            c10_50k       : 0.1227 (acc: 0.9621)
[2018/09/25 13:29:57 __main__ INFO] - Elapsed 48.55
keys:  dict_keys(['epoch', 'c10h_train_loss', 'c10h_train_acc', 'c10h_val_loss', 'c10h_val_acc', 'c10h_train_c10_loss', 'c10h_train_c10_acc', 'c10h_val_c10_loss', 'c10h_val_c10_acc', 'v4_loss', 'v4_acc', 'v6_loss', 'v6_acc', 'c10_50k_loss', 'c10_50k_acc']) 
 c10h_outdir:  /tigress/ruairidh/model_results/run_1/saves/wrn_28_10/con_True_lr_0.01_seed_2
[2018/09/25 13:29:59 __main__ INFO] - Train 45
[2018/09/25 13:30:19 __main__ INFO] - TEST 45
[2018/09/25 13:31:07 __main__ INFO] - - epoch 45    c10h_train    : 0.4154 (acc: 0.9841) | c10h_val    : 0.6381 (acc: 0.9150)
[2018/09/25 13:31:07 __main__ INFO] - -            c10h_train_c10: 0.0141 (acc: 0.9920) | c10h_val_c10: 0.3414 (acc: 0.9170)
[2018/09/25 13:31:07 __main__ INFO] - -            v4            : 0.7052 (acc: 0.8229) |           v6: 0.6668 (acc: 0.8370)
[2018/09/25 13:31:07 __main__ INFO] - -            c10_50k       : 0.1633 (acc: 0.9513)
[2018/09/25 13:31:07 __main__ INFO] - Elapsed 48.57
keys:  dict_keys(['epoch', 'c10h_train_loss', 'c10h_train_acc', 'c10h_val_loss', 'c10h_val_acc', 'c10h_train_c10_loss', 'c10h_train_c10_acc', 'c10h_val_c10_loss', 'c10h_val_c10_acc', 'v4_loss', 'v4_acc', 'v6_loss', 'v6_acc', 'c10_50k_loss', 'c10_50k_acc']) 
 c10h_outdir:  /tigress/ruairidh/model_results/run_1/saves/wrn_28_10/con_True_lr_0.01_seed_2
[2018/09/25 13:31:09 __main__ INFO] - Train 46
[2018/09/25 13:31:29 __main__ INFO] - TEST 46
[2018/09/25 13:32:17 __main__ INFO] - - epoch 46    c10h_train    : 0.4109 (acc: 0.9866) | c10h_val    : 0.5548 (acc: 0.9340)
[2018/09/25 13:32:17 __main__ INFO] - -            c10h_train_c10: 0.0065 (acc: 0.9942) | c10h_val_c10: 0.2651 (acc: 0.9370)
[2018/09/25 13:32:17 __main__ INFO] - -            v4            : 0.5956 (acc: 0.8407) |           v6: 0.5840 (acc: 0.8590)
[2018/09/25 13:32:17 __main__ INFO] - -            c10_50k       : 0.1156 (acc: 0.9637)
[2018/09/25 13:32:17 __main__ INFO] - Elapsed 48.55
keys:  dict_keys(['epoch', 'c10h_train_loss', 'c10h_train_acc', 'c10h_val_loss', 'c10h_val_acc', 'c10h_train_c10_loss', 'c10h_train_c10_acc', 'c10h_val_c10_loss', 'c10h_val_c10_acc', 'v4_loss', 'v4_acc', 'v6_loss', 'v6_acc', 'c10_50k_loss', 'c10_50k_acc']) 
 c10h_outdir:  /tigress/ruairidh/model_results/run_1/saves/wrn_28_10/con_True_lr_0.01_seed_2
[2018/09/25 13:32:19 __main__ INFO] - Train 47
[2018/09/25 13:32:39 __main__ INFO] - TEST 47
[2018/09/25 13:33:27 __main__ INFO] - - epoch 47    c10h_train    : 0.4105 (acc: 0.9863) | c10h_val    : 0.5844 (acc: 0.9250)
[2018/09/25 13:33:27 __main__ INFO] - -            c10h_train_c10: 0.0051 (acc: 0.9943) | c10h_val_c10: 0.2883 (acc: 0.9260)
[2018/09/25 13:33:27 __main__ INFO] - -            v4            : 0.6306 (acc: 0.8333) |           v6: 0.5939 (acc: 0.8610)
[2018/09/25 13:33:27 __main__ INFO] - -            c10_50k       : 0.1202 (acc: 0.9628)
[2018/09/25 13:33:27 __main__ INFO] - Elapsed 48.35
keys:  dict_keys(['epoch', 'c10h_train_loss', 'c10h_train_acc', 'c10h_val_loss', 'c10h_val_acc', 'c10h_train_c10_loss', 'c10h_train_c10_acc', 'c10h_val_c10_loss', 'c10h_val_c10_acc', 'v4_loss', 'v4_acc', 'v6_loss', 'v6_acc', 'c10_50k_loss', 'c10_50k_acc']) 
 c10h_outdir:  /tigress/ruairidh/model_results/run_1/saves/wrn_28_10/con_True_lr_0.01_seed_2
[2018/09/25 13:33:28 __main__ INFO] - Train 48
[2018/09/25 13:33:47 __main__ INFO] - TEST 48
[2018/09/25 13:34:36 __main__ INFO] - - epoch 48    c10h_train    : 0.4182 (acc: 0.9860) | c10h_val    : 0.6258 (acc: 0.9120)
[2018/09/25 13:34:36 __main__ INFO] - -            c10h_train_c10: 0.0058 (acc: 0.9941) | c10h_val_c10: 0.3237 (acc: 0.9140)
[2018/09/25 13:34:36 __main__ INFO] - -            v4            : 0.6837 (acc: 0.8278) |           v6: 0.6442 (acc: 0.8440)
[2018/09/25 13:34:36 __main__ INFO] - -            c10_50k       : 0.1283 (acc: 0.9603)
[2018/09/25 13:34:36 __main__ INFO] - Elapsed 48.78
keys:  dict_keys(['epoch', 'c10h_train_loss', 'c10h_train_acc', 'c10h_val_loss', 'c10h_val_acc', 'c10h_train_c10_loss', 'c10h_train_c10_acc', 'c10h_val_c10_loss', 'c10h_val_c10_acc', 'v4_loss', 'v4_acc', 'v6_loss', 'v6_acc', 'c10_50k_loss', 'c10_50k_acc']) 
 c10h_outdir:  /tigress/ruairidh/model_results/run_1/saves/wrn_28_10/con_True_lr_0.01_seed_2
[2018/09/25 13:34:37 __main__ INFO] - Train 49
[2018/09/25 13:34:56 __main__ INFO] - TEST 49
[2018/09/25 13:35:44 __main__ INFO] - - epoch 49    c10h_train    : 0.4249 (acc: 0.9852) | c10h_val    : 0.5916 (acc: 0.9240)
[2018/09/25 13:35:44 __main__ INFO] - -            c10h_train_c10: 0.0085 (acc: 0.9933) | c10h_val_c10: 0.3033 (acc: 0.9270)
[2018/09/25 13:35:44 __main__ INFO] - -            v4            : 0.6164 (acc: 0.8431) |           v6: 0.6209 (acc: 0.8570)
[2018/09/25 13:35:44 __main__ INFO] - -            c10_50k       : 0.1357 (acc: 0.9585)
[2018/09/25 13:35:44 __main__ INFO] - Elapsed 48.19
keys:  dict_keys(['epoch', 'c10h_train_loss', 'c10h_train_acc', 'c10h_val_loss', 'c10h_val_acc', 'c10h_train_c10_loss', 'c10h_train_c10_acc', 'c10h_val_c10_loss', 'c10h_val_c10_acc', 'v4_loss', 'v4_acc', 'v6_loss', 'v6_acc', 'c10_50k_loss', 'c10_50k_acc']) 
 c10h_outdir:  /tigress/ruairidh/model_results/run_1/saves/wrn_28_10/con_True_lr_0.01_seed_2
[2018/09/25 13:35:46 __main__ INFO] - Train 50
[2018/09/25 13:36:05 __main__ INFO] - TEST 50
[2018/09/25 13:36:54 __main__ INFO] - - epoch 50    c10h_train    : 0.4144 (acc: 0.9830) | c10h_val    : 0.6144 (acc: 0.9220)
[2018/09/25 13:36:54 __main__ INFO] - -            c10h_train_c10: 0.0141 (acc: 0.9911) | c10h_val_c10: 0.3169 (acc: 0.9250)
[2018/09/25 13:36:54 __main__ INFO] - -            v4            : 0.6524 (acc: 0.8293) |           v6: 0.6423 (acc: 0.8475)
[2018/09/25 13:36:54 __main__ INFO] - -            c10_50k       : 0.1640 (acc: 0.9497)
[2018/09/25 13:36:54 __main__ INFO] - Elapsed 48.44
keys:  dict_keys(['epoch', 'c10h_train_loss', 'c10h_train_acc', 'c10h_val_loss', 'c10h_val_acc', 'c10h_train_c10_loss', 'c10h_train_c10_acc', 'c10h_val_c10_loss', 'c10h_val_c10_acc', 'v4_loss', 'v4_acc', 'v6_loss', 'v6_acc', 'c10_50k_loss', 'c10_50k_acc']) 
 c10h_outdir:  /tigress/ruairidh/model_results/run_1/saves/wrn_28_10/con_True_lr_0.01_seed_2
[2018/09/25 13:36:56 __main__ INFO] - Train 51
[2018/09/25 13:37:16 __main__ INFO] - TEST 51
[2018/09/25 13:38:04 __main__ INFO] - - epoch 51    c10h_train    : 0.4366 (acc: 0.9692) | c10h_val    : 0.7178 (acc: 0.8890)
[2018/09/25 13:38:04 __main__ INFO] - -            c10h_train_c10: 0.0618 (acc: 0.9764) | c10h_val_c10: 0.4383 (acc: 0.8920)
[2018/09/25 13:38:04 __main__ INFO] - -            v4            : 0.8611 (acc: 0.7956) |           v6: 0.7991 (acc: 0.8120)
[2018/09/25 13:38:04 __main__ INFO] - -            c10_50k       : 0.2894 (acc: 0.9185)
[2018/09/25 13:38:04 __main__ INFO] - Elapsed 48.57
keys:  dict_keys(['epoch', 'c10h_train_loss', 'c10h_train_acc', 'c10h_val_loss', 'c10h_val_acc', 'c10h_train_c10_loss', 'c10h_train_c10_acc', 'c10h_val_c10_loss', 'c10h_val_c10_acc', 'v4_loss', 'v4_acc', 'v6_loss', 'v6_acc', 'c10_50k_loss', 'c10_50k_acc']) 
 c10h_outdir:  /tigress/ruairidh/model_results/run_1/saves/wrn_28_10/con_True_lr_0.01_seed_2
[2018/09/25 13:38:06 __main__ INFO] - Train 52
[2018/09/25 13:38:26 __main__ INFO] - TEST 52
[2018/09/25 13:39:14 __main__ INFO] - - epoch 52    c10h_train    : 0.4065 (acc: 0.9811) | c10h_val    : 0.6662 (acc: 0.9030)
[2018/09/25 13:39:14 __main__ INFO] - -            c10h_train_c10: 0.0209 (acc: 0.9889) | c10h_val_c10: 0.3923 (acc: 0.9030)
[2018/09/25 13:39:14 __main__ INFO] - -            v4            : 0.6919 (acc: 0.8199) |           v6: 0.6553 (acc: 0.8435)
[2018/09/25 13:39:14 __main__ INFO] - -            c10_50k       : 0.1972 (acc: 0.9413)
[2018/09/25 13:39:14 __main__ INFO] - Elapsed 48.36
keys:  dict_keys(['epoch', 'c10h_train_loss', 'c10h_train_acc', 'c10h_val_loss', 'c10h_val_acc', 'c10h_train_c10_loss', 'c10h_train_c10_acc', 'c10h_val_c10_loss', 'c10h_val_c10_acc', 'v4_loss', 'v4_acc', 'v6_loss', 'v6_acc', 'c10_50k_loss', 'c10_50k_acc']) 
 c10h_outdir:  /tigress/ruairidh/model_results/run_1/saves/wrn_28_10/con_True_lr_0.01_seed_2
[2018/09/25 13:39:16 __main__ INFO] - Train 53
[2018/09/25 13:39:36 __main__ INFO] - TEST 53
[2018/09/25 13:40:24 __main__ INFO] - - epoch 53    c10h_train    : 0.4079 (acc: 0.9859) | c10h_val    : 0.6040 (acc: 0.9210)
[2018/09/25 13:40:24 __main__ INFO] - -            c10h_train_c10: 0.0083 (acc: 0.9939) | c10h_val_c10: 0.2992 (acc: 0.9240)
[2018/09/25 13:40:24 __main__ INFO] - -            v4            : 0.6304 (acc: 0.8367) |           v6: 0.5936 (acc: 0.8485)
[2018/09/25 13:40:24 __main__ INFO] - -            c10_50k       : 0.1462 (acc: 0.9560)
[2018/09/25 13:40:24 __main__ INFO] - Elapsed 48.26
keys:  dict_keys(['epoch', 'c10h_train_loss', 'c10h_train_acc', 'c10h_val_loss', 'c10h_val_acc', 'c10h_train_c10_loss', 'c10h_train_c10_acc', 'c10h_val_c10_loss', 'c10h_val_c10_acc', 'v4_loss', 'v4_acc', 'v6_loss', 'v6_acc', 'c10_50k_loss', 'c10_50k_acc']) 
 c10h_outdir:  /tigress/ruairidh/model_results/run_1/saves/wrn_28_10/con_True_lr_0.01_seed_2
[2018/09/25 13:40:26 __main__ INFO] - Train 54
[2018/09/25 13:40:46 __main__ INFO] - TEST 54
[2018/09/25 13:41:34 __main__ INFO] - - epoch 54    c10h_train    : 0.4106 (acc: 0.9847) | c10h_val    : 0.6461 (acc: 0.9190)
[2018/09/25 13:41:34 __main__ INFO] - -            c10h_train_c10: 0.0110 (acc: 0.9926) | c10h_val_c10: 0.3346 (acc: 0.9220)
[2018/09/25 13:41:34 __main__ INFO] - -            v4            : 0.6208 (acc: 0.8352) |           v6: 0.5930 (acc: 0.8480)
[2018/09/25 13:41:34 __main__ INFO] - -            c10_50k       : 0.1683 (acc: 0.9498)
[2018/09/25 13:41:34 __main__ INFO] - Elapsed 48.31
keys:  dict_keys(['epoch', 'c10h_train_loss', 'c10h_train_acc', 'c10h_val_loss', 'c10h_val_acc', 'c10h_train_c10_loss', 'c10h_train_c10_acc', 'c10h_val_c10_loss', 'c10h_val_c10_acc', 'v4_loss', 'v4_acc', 'v6_loss', 'v6_acc', 'c10_50k_loss', 'c10_50k_acc']) 
 c10h_outdir:  /tigress/ruairidh/model_results/run_1/saves/wrn_28_10/con_True_lr_0.01_seed_2
[2018/09/25 13:41:36 __main__ INFO] - Train 55
[2018/09/25 13:41:55 __main__ INFO] - TEST 55
[2018/09/25 13:42:43 __main__ INFO] - - epoch 55    c10h_train    : 0.4005 (acc: 0.9822) | c10h_val    : 0.5870 (acc: 0.9200)
[2018/09/25 13:42:43 __main__ INFO] - -            c10h_train_c10: 0.0181 (acc: 0.9902) | c10h_val_c10: 0.3156 (acc: 0.9230)
[2018/09/25 13:42:43 __main__ INFO] - -            v4            : 0.7165 (acc: 0.8164) |           v6: 0.6906 (acc: 0.8270)
[2018/09/25 13:42:43 __main__ INFO] - -            c10_50k       : 0.1800 (acc: 0.9455)
[2018/09/25 13:42:43 __main__ INFO] - Elapsed 48.35
keys:  dict_keys(['epoch', 'c10h_train_loss', 'c10h_train_acc', 'c10h_val_loss', 'c10h_val_acc', 'c10h_train_c10_loss', 'c10h_train_c10_acc', 'c10h_val_c10_loss', 'c10h_val_c10_acc', 'v4_loss', 'v4_acc', 'v6_loss', 'v6_acc', 'c10_50k_loss', 'c10_50k_acc']) 
 c10h_outdir:  /tigress/ruairidh/model_results/run_1/saves/wrn_28_10/con_True_lr_0.01_seed_2
[2018/09/25 13:42:45 __main__ INFO] - Train 56
[2018/09/25 13:43:05 __main__ INFO] - TEST 56
[2018/09/25 13:43:53 __main__ INFO] - - epoch 56    c10h_train    : 0.4091 (acc: 0.9776) | c10h_val    : 0.6754 (acc: 0.9110)
[2018/09/25 13:43:53 __main__ INFO] - -            c10h_train_c10: 0.0354 (acc: 0.9850) | c10h_val_c10: 0.3987 (acc: 0.9120)
[2018/09/25 13:43:53 __main__ INFO] - -            v4            : 0.7863 (acc: 0.8021) |           v6: 0.7785 (acc: 0.8205)
[2018/09/25 13:43:53 __main__ INFO] - -            c10_50k       : 0.2273 (acc: 0.9335)
[2018/09/25 13:43:53 __main__ INFO] - Elapsed 48.39
keys:  dict_keys(['epoch', 'c10h_train_loss', 'c10h_train_acc', 'c10h_val_loss', 'c10h_val_acc', 'c10h_train_c10_loss', 'c10h_train_c10_acc', 'c10h_val_c10_loss', 'c10h_val_c10_acc', 'v4_loss', 'v4_acc', 'v6_loss', 'v6_acc', 'c10_50k_loss', 'c10_50k_acc']) 
 c10h_outdir:  /tigress/ruairidh/model_results/run_1/saves/wrn_28_10/con_True_lr_0.01_seed_2
[2018/09/25 13:43:56 __main__ INFO] - Train 57
[2018/09/25 13:44:15 __main__ INFO] - TEST 57
[2018/09/25 13:45:04 __main__ INFO] - - epoch 57    c10h_train    : 0.4091 (acc: 0.9802) | c10h_val    : 0.6447 (acc: 0.9120)
[2018/09/25 13:45:04 __main__ INFO] - -            c10h_train_c10: 0.0267 (acc: 0.9878) | c10h_val_c10: 0.3606 (acc: 0.9130)
[2018/09/25 13:45:04 __main__ INFO] - -            v4            : 0.7835 (acc: 0.8085) |           v6: 0.7842 (acc: 0.8185)
[2018/09/25 13:45:04 __main__ INFO] - -            c10_50k       : 0.2152 (acc: 0.9374)
[2018/09/25 13:45:04 __main__ INFO] - Elapsed 48.58
keys:  dict_keys(['epoch', 'c10h_train_loss', 'c10h_train_acc', 'c10h_val_loss', 'c10h_val_acc', 'c10h_train_c10_loss', 'c10h_train_c10_acc', 'c10h_val_c10_loss', 'c10h_val_c10_acc', 'v4_loss', 'v4_acc', 'v6_loss', 'v6_acc', 'c10_50k_loss', 'c10_50k_acc']) 
 c10h_outdir:  /tigress/ruairidh/model_results/run_1/saves/wrn_28_10/con_True_lr_0.01_seed_2
[2018/09/25 13:45:06 __main__ INFO] - Train 58
[2018/09/25 13:45:25 __main__ INFO] - TEST 58
[2018/09/25 13:46:13 __main__ INFO] - - epoch 58    c10h_train    : 0.4049 (acc: 0.9839) | c10h_val    : 0.6051 (acc: 0.9240)
[2018/09/25 13:46:14 __main__ INFO] - -            c10h_train_c10: 0.0135 (acc: 0.9920) | c10h_val_c10: 0.3124 (acc: 0.9260)
[2018/09/25 13:46:14 __main__ INFO] - -            v4            : 0.6631 (acc: 0.8263) |           v6: 0.6432 (acc: 0.8340)
[2018/09/25 13:46:14 __main__ INFO] - -            c10_50k       : 0.1654 (acc: 0.9490)
[2018/09/25 13:46:14 __main__ INFO] - Elapsed 48.30
keys:  dict_keys(['epoch', 'c10h_train_loss', 'c10h_train_acc', 'c10h_val_loss', 'c10h_val_acc', 'c10h_train_c10_loss', 'c10h_train_c10_acc', 'c10h_val_c10_loss', 'c10h_val_c10_acc', 'v4_loss', 'v4_acc', 'v6_loss', 'v6_acc', 'c10_50k_loss', 'c10_50k_acc']) 
 c10h_outdir:  /tigress/ruairidh/model_results/run_1/saves/wrn_28_10/con_True_lr_0.01_seed_2
[2018/09/25 13:46:14 __main__ INFO] - Train 59
[2018/09/25 13:46:34 __main__ INFO] - TEST 59
[2018/09/25 13:47:22 __main__ INFO] - - epoch 59    c10h_train    : 0.4116 (acc: 0.9847) | c10h_val    : 0.5811 (acc: 0.9240)
[2018/09/25 13:47:22 __main__ INFO] - -            c10h_train_c10: 0.0103 (acc: 0.9928) | c10h_val_c10: 0.2841 (acc: 0.9270)
[2018/09/25 13:47:22 __main__ INFO] - -            v4            : 0.6106 (acc: 0.8402) |           v6: 0.5984 (acc: 0.8535)
[2018/09/25 13:47:22 __main__ INFO] - -            c10_50k       : 0.1533 (acc: 0.9535)
[2018/09/25 13:47:22 __main__ INFO] - Elapsed 48.62
keys:  dict_keys(['epoch', 'c10h_train_loss', 'c10h_train_acc', 'c10h_val_loss', 'c10h_val_acc', 'c10h_train_c10_loss', 'c10h_train_c10_acc', 'c10h_val_c10_loss', 'c10h_val_c10_acc', 'v4_loss', 'v4_acc', 'v6_loss', 'v6_acc', 'c10_50k_loss', 'c10_50k_acc']) 
 c10h_outdir:  /tigress/ruairidh/model_results/run_1/saves/wrn_28_10/con_True_lr_0.01_seed_2
[2018/09/25 13:47:24 __main__ INFO] - Train 60
[2018/09/25 13:47:44 __main__ INFO] - TEST 60
[2018/09/25 13:48:32 __main__ INFO] - - epoch 60    c10h_train    : 0.4086 (acc: 0.9864) | c10h_val    : 0.5809 (acc: 0.9270)
[2018/09/25 13:48:32 __main__ INFO] - -            c10h_train_c10: 0.0071 (acc: 0.9942) | c10h_val_c10: 0.2867 (acc: 0.9300)
[2018/09/25 13:48:32 __main__ INFO] - -            v4            : 0.7107 (acc: 0.8258) |           v6: 0.6806 (acc: 0.8335)
[2018/09/25 13:48:32 __main__ INFO] - -            c10_50k       : 0.1522 (acc: 0.9541)
[2018/09/25 13:48:32 __main__ INFO] - Elapsed 48.20
keys:  dict_keys(['epoch', 'c10h_train_loss', 'c10h_train_acc', 'c10h_val_loss', 'c10h_val_acc', 'c10h_train_c10_loss', 'c10h_train_c10_acc', 'c10h_val_c10_loss', 'c10h_val_c10_acc', 'v4_loss', 'v4_acc', 'v6_loss', 'v6_acc', 'c10_50k_loss', 'c10_50k_acc']) 
 c10h_outdir:  /tigress/ruairidh/model_results/run_1/saves/wrn_28_10/con_True_lr_0.01_seed_2
[2018/09/25 13:48:34 __main__ INFO] - Train 61
[2018/09/25 13:48:53 __main__ INFO] - TEST 61
[2018/09/25 13:49:42 __main__ INFO] - - epoch 61    c10h_train    : 0.4178 (acc: 0.9873) | c10h_val    : 0.5706 (acc: 0.9280)
[2018/09/25 13:49:42 __main__ INFO] - -            c10h_train_c10: 0.0024 (acc: 0.9954) | c10h_val_c10: 0.2676 (acc: 0.9310)
[2018/09/25 13:49:42 __main__ INFO] - -            v4            : 0.6244 (acc: 0.8352) |           v6: 0.6014 (acc: 0.8510)
[2018/09/25 13:49:42 __main__ INFO] - -            c10_50k       : 0.1224 (acc: 0.9628)
[2018/09/25 13:49:42 __main__ INFO] - Elapsed 48.41
keys:  dict_keys(['epoch', 'c10h_train_loss', 'c10h_train_acc', 'c10h_val_loss', 'c10h_val_acc', 'c10h_train_c10_loss', 'c10h_train_c10_acc', 'c10h_val_c10_loss', 'c10h_val_c10_acc', 'v4_loss', 'v4_acc', 'v6_loss', 'v6_acc', 'c10_50k_loss', 'c10_50k_acc']) 
 c10h_outdir:  /tigress/ruairidh/model_results/run_1/saves/wrn_28_10/con_True_lr_0.01_seed_2
[2018/09/25 13:49:43 __main__ INFO] - Train 62
[2018/09/25 13:50:03 __main__ INFO] - TEST 62
[2018/09/25 13:50:51 __main__ INFO] - - epoch 62    c10h_train    : 0.4248 (acc: 0.9874) | c10h_val    : 0.5726 (acc: 0.9340)
[2018/09/25 13:50:51 __main__ INFO] - -            c10h_train_c10: 0.0018 (acc: 0.9956) | c10h_val_c10: 0.2674 (acc: 0.9370)
[2018/09/25 13:50:51 __main__ INFO] - -            v4            : 0.5518 (acc: 0.8545) |           v6: 0.5789 (acc: 0.8600)
[2018/09/25 13:50:51 __main__ INFO] - -            c10_50k       : 0.1138 (acc: 0.9651)
[2018/09/25 13:50:51 __main__ INFO] - Elapsed 48.51
keys:  dict_keys(['epoch', 'c10h_train_loss', 'c10h_train_acc', 'c10h_val_loss', 'c10h_val_acc', 'c10h_train_c10_loss', 'c10h_train_c10_acc', 'c10h_val_c10_loss', 'c10h_val_c10_acc', 'v4_loss', 'v4_acc', 'v6_loss', 'v6_acc', 'c10_50k_loss', 'c10_50k_acc']) 
 c10h_outdir:  /tigress/ruairidh/model_results/run_1/saves/wrn_28_10/con_True_lr_0.01_seed_2
[2018/09/25 13:50:52 __main__ INFO] - Train 63
[2018/09/25 13:51:11 __main__ INFO] - TEST 63
[2018/09/25 13:52:00 __main__ INFO] - - epoch 63    c10h_train    : 0.4246 (acc: 0.9874) | c10h_val    : 0.5730 (acc: 0.9360)
[2018/09/25 13:52:00 __main__ INFO] - -            c10h_train_c10: 0.0019 (acc: 0.9954) | c10h_val_c10: 0.2691 (acc: 0.9390)
[2018/09/25 13:52:00 __main__ INFO] - -            v4            : 0.5941 (acc: 0.8431) |           v6: 0.5794 (acc: 0.8585)
[2018/09/25 13:52:00 __main__ INFO] - -            c10_50k       : 0.1133 (acc: 0.9646)
[2018/09/25 13:52:00 __main__ INFO] - Elapsed 48.46
keys:  dict_keys(['epoch', 'c10h_train_loss', 'c10h_train_acc', 'c10h_val_loss', 'c10h_val_acc', 'c10h_train_c10_loss', 'c10h_train_c10_acc', 'c10h_val_c10_loss', 'c10h_val_c10_acc', 'v4_loss', 'v4_acc', 'v6_loss', 'v6_acc', 'c10_50k_loss', 'c10_50k_acc']) 
 c10h_outdir:  /tigress/ruairidh/model_results/run_1/saves/wrn_28_10/con_True_lr_0.01_seed_2
[2018/09/25 13:52:01 __main__ INFO] - Train 64
[2018/09/25 13:52:21 __main__ INFO] - TEST 64
slurmstepd: error: *** JOB 1456657 ON tiger-i20g10 CANCELLED AT 2018-09-25T13:52:46 DUE TO TIME LIMIT ***
