entering inner script
activating virtual env
wrn_28_10
identifier: con_False_lr_0.01_seed_0
--arch=wrn --c10h_save_interval=2 --dataset=CIFAR10H --no_output --c10h_datasplit_seed=0 --human_tune --nonhuman_control=False --base_lr=0.01
wrn_28_10_control:False_lr:0.01_seed:0.out
entering python script
/tigress/ruairidh/model_results/run_1/wrn_28_10/model_best_state.pth
/tigress/ruairidh/model_results/run_1/saves/wrn_28_10/con_False_lr_0.01_seed_0
Using TensorFlow backend.
[2018/09/25 12:37:42 __main__ INFO] - {
  "model_config": {
    "arch": "wrn",
    "input_shape": [
      1,
      3,
      32,
      32
    ],
    "n_classes": 10,
    "base_channels": 16,
    "depth": 28,
    "widening_factor": 10,
    "drop_rate": 0
  },
  "optim_config": {
    "epochs": 200,
    "batch_size": 128,
    "optimizer": "sgd",
    "base_lr": 0.01,
    "weight_decay": 0.0005,
    "momentum": 0.9,
    "nesterov": true,
    "scheduler": "multistep",
    "milestones": [
      60,
      120,
      160
    ],
    "lr_decay": 0.2
  },
  "data_config": {
    "dataset": "CIFAR10H",
    "n_classes": 10,
    "num_workers": 7,
    "batch_size": 128,
    "use_cutout": false,
    "use_random_erasing": false,
    "use_mixup": false,
    "c10h_sample": false,
    "c10h_testsplit_percent": 0.1,
    "c10h_datasplit_seed": 0,
    "use_gpu": true
  },
  "run_config": {
    "seed": 17,
    "test_first": true,
    "gpu": "0",
    "tensorboard": false,
    "tensorboard_train_images": false,
    "tensorboard_test_images": false,
    "tensorboard_model_params": false,
    "resume": "/tigress/ruairidh/model_results/run_1/wrn_28_10/model_best_state.pth",
    "human_tune": true,
    "no_output": true,
    "test_only": false,
    "nonhuman_control": false,
    "c10h_scores_outdir": "/tigress/ruairidh/model_results/run_1/saves/wrn_28_10/con_False_lr_0.01_seed_0",
    "c10h_save_interval": "2",
    "use_gpu": true
  },
  "env_info": {
    "pytorch_version": "0.4.1",
    "cuda_version": "9.0.176",
    "cudnn_version": 7102,
    "gpu0": {
      "name": "Tesla P100-PCIE-16GB",
      "capability": "6.0"
    }
  }
}
Files already downloaded and verified
Files already downloaded and verified
Files already downloaded and verified
Files already downloaded and verified
Files already downloaded and verified
[2018/09/25 12:37:46 __main__ INFO] - Loading model...
[2018/09/25 12:37:47 __main__ INFO] - n_params: 36479194
[2018/09/25 12:37:48 __main__ INFO] - Done
=> loading checkpoint '/tigress/ruairidh/model_results/run_1/wrn_28_10/model_best_state.pth'
=> loaded checkpoint '/tigress/ruairidh/model_results/run_1/wrn_28_10/model_best_state.pth' (epoch 197)
[2018/09/25 12:37:50 __main__ INFO] - TEST 0
[2018/09/25 12:38:41 __main__ INFO] - - epoch 0    c10h_train    : 0.4654 (acc: 0.9482) | c10h_val    : 0.4411 (acc: 0.9630)
[2018/09/25 12:38:42 __main__ INFO] - -            c10h_train_c10: 0.1782 (acc: 0.9510) | c10h_val_c10: 0.1525 (acc: 0.9640)
[2018/09/25 12:38:42 __main__ INFO] - -            v4            : 0.4034 (acc: 0.8986) |           v6: 0.3818 (acc: 0.9100)
[2018/09/25 12:38:42 __main__ INFO] - -            c10_50k       : 0.0012 (acc: 1.0000)
[2018/09/25 12:38:42 __main__ INFO] - Elapsed 51.21
keys:  dict_keys(['epoch', 'c10h_train_loss', 'c10h_train_acc', 'c10h_val_loss', 'c10h_val_acc', 'c10h_train_c10_loss', 'c10h_train_c10_acc', 'c10h_val_c10_loss', 'c10h_val_c10_acc', 'v4_loss', 'v4_acc', 'v6_loss', 'v6_acc', 'c10_50k_loss', 'c10_50k_acc']) 
 c10h_outdir:  /tigress/ruairidh/model_results/run_1/saves/wrn_28_10/con_False_lr_0.01_seed_0
[2018/09/25 12:38:43 __main__ INFO] - Train 1
[2018/09/25 12:39:04 __main__ INFO] - TEST 1
[2018/09/25 12:39:53 __main__ INFO] - - epoch 1    c10h_train    : 0.3320 (acc: 0.9369) | c10h_val    : 0.3540 (acc: 0.9330)
[2018/09/25 12:39:53 __main__ INFO] - -            c10h_train_c10: 0.1971 (acc: 0.9371) | c10h_val_c10: 0.2104 (acc: 0.9350)
[2018/09/25 12:39:53 __main__ INFO] - -            v4            : 0.5065 (acc: 0.8313) |           v6: 0.4731 (acc: 0.8435)
[2018/09/25 12:39:53 __main__ INFO] - -            c10_50k       : 0.1303 (acc: 0.9709)
[2018/09/25 12:39:53 __main__ INFO] - Elapsed 49.27
keys:  dict_keys(['epoch', 'c10h_train_loss', 'c10h_train_acc', 'c10h_val_loss', 'c10h_val_acc', 'c10h_train_c10_loss', 'c10h_train_c10_acc', 'c10h_val_c10_loss', 'c10h_val_c10_acc', 'v4_loss', 'v4_acc', 'v6_loss', 'v6_acc', 'c10_50k_loss', 'c10_50k_acc']) 
 c10h_outdir:  /tigress/ruairidh/model_results/run_1/saves/wrn_28_10/con_False_lr_0.01_seed_0
[2018/09/25 12:39:55 __main__ INFO] - Train 2
[2018/09/25 12:40:14 __main__ INFO] - TEST 2
[2018/09/25 12:41:03 __main__ INFO] - - epoch 2    c10h_train    : 0.2876 (acc: 0.9583) | c10h_val    : 0.3340 (acc: 0.9330)
[2018/09/25 12:41:03 __main__ INFO] - -            c10h_train_c10: 0.1485 (acc: 0.9574) | c10h_val_c10: 0.1913 (acc: 0.9370)
[2018/09/25 12:41:03 __main__ INFO] - -            v4            : 0.4821 (acc: 0.8461) |           v6: 0.4336 (acc: 0.8535)
[2018/09/25 12:41:03 __main__ INFO] - -            c10_50k       : 0.1076 (acc: 0.9793)
[2018/09/25 12:41:03 __main__ INFO] - Elapsed 49.12
keys:  dict_keys(['epoch', 'c10h_train_loss', 'c10h_train_acc', 'c10h_val_loss', 'c10h_val_acc', 'c10h_train_c10_loss', 'c10h_train_c10_acc', 'c10h_val_c10_loss', 'c10h_val_c10_acc', 'v4_loss', 'v4_acc', 'v6_loss', 'v6_acc', 'c10_50k_loss', 'c10_50k_acc']) 
 c10h_outdir:  /tigress/ruairidh/model_results/run_1/saves/wrn_28_10/con_False_lr_0.01_seed_0
[2018/09/25 12:41:06 __main__ INFO] - Train 3
[2018/09/25 12:41:26 __main__ INFO] - TEST 3
[2018/09/25 12:42:15 __main__ INFO] - - epoch 3    c10h_train    : 0.2664 (acc: 0.9656) | c10h_val    : 0.3373 (acc: 0.9390)
[2018/09/25 12:42:15 __main__ INFO] - -            c10h_train_c10: 0.1279 (acc: 0.9633) | c10h_val_c10: 0.1939 (acc: 0.9410)
[2018/09/25 12:42:15 __main__ INFO] - -            v4            : 0.4574 (acc: 0.8481) |           v6: 0.4295 (acc: 0.8630)
[2018/09/25 12:42:15 __main__ INFO] - -            c10_50k       : 0.0996 (acc: 0.9808)
[2018/09/25 12:42:15 __main__ INFO] - Elapsed 49.39
keys:  dict_keys(['epoch', 'c10h_train_loss', 'c10h_train_acc', 'c10h_val_loss', 'c10h_val_acc', 'c10h_train_c10_loss', 'c10h_train_c10_acc', 'c10h_val_c10_loss', 'c10h_val_c10_acc', 'v4_loss', 'v4_acc', 'v6_loss', 'v6_acc', 'c10_50k_loss', 'c10_50k_acc']) 
 c10h_outdir:  /tigress/ruairidh/model_results/run_1/saves/wrn_28_10/con_False_lr_0.01_seed_0
[2018/09/25 12:42:17 __main__ INFO] - Train 4
[2018/09/25 12:42:37 __main__ INFO] - TEST 4
[2018/09/25 12:43:26 __main__ INFO] - - epoch 4    c10h_train    : 0.2414 (acc: 0.9754) | c10h_val    : 0.3007 (acc: 0.9510)
[2018/09/25 12:43:26 __main__ INFO] - -            c10h_train_c10: 0.0954 (acc: 0.9743) | c10h_val_c10: 0.1536 (acc: 0.9550)
[2018/09/25 12:43:26 __main__ INFO] - -            v4            : 0.4168 (acc: 0.8654) |           v6: 0.3743 (acc: 0.8795)
[2018/09/25 12:43:26 __main__ INFO] - -            c10_50k       : 0.0831 (acc: 0.9868)
[2018/09/25 12:43:26 __main__ INFO] - Elapsed 48.74
keys:  dict_keys(['epoch', 'c10h_train_loss', 'c10h_train_acc', 'c10h_val_loss', 'c10h_val_acc', 'c10h_train_c10_loss', 'c10h_train_c10_acc', 'c10h_val_c10_loss', 'c10h_val_c10_acc', 'v4_loss', 'v4_acc', 'v6_loss', 'v6_acc', 'c10_50k_loss', 'c10_50k_acc']) 
 c10h_outdir:  /tigress/ruairidh/model_results/run_1/saves/wrn_28_10/con_False_lr_0.01_seed_0
[2018/09/25 12:43:28 __main__ INFO] - Train 5
[2018/09/25 12:43:48 __main__ INFO] - TEST 5
[2018/09/25 12:44:37 __main__ INFO] - - epoch 5    c10h_train    : 0.2342 (acc: 0.9784) | c10h_val    : 0.3002 (acc: 0.9520)
[2018/09/25 12:44:37 __main__ INFO] - -            c10h_train_c10: 0.0896 (acc: 0.9761) | c10h_val_c10: 0.1568 (acc: 0.9540)
[2018/09/25 12:44:37 __main__ INFO] - -            v4            : 0.4105 (acc: 0.8649) |           v6: 0.3919 (acc: 0.8720)
[2018/09/25 12:44:37 __main__ INFO] - -            c10_50k       : 0.0786 (acc: 0.9874)
[2018/09/25 12:44:37 __main__ INFO] - Elapsed 48.98
keys:  dict_keys(['epoch', 'c10h_train_loss', 'c10h_train_acc', 'c10h_val_loss', 'c10h_val_acc', 'c10h_train_c10_loss', 'c10h_train_c10_acc', 'c10h_val_c10_loss', 'c10h_val_c10_acc', 'v4_loss', 'v4_acc', 'v6_loss', 'v6_acc', 'c10_50k_loss', 'c10_50k_acc']) 
 c10h_outdir:  /tigress/ruairidh/model_results/run_1/saves/wrn_28_10/con_False_lr_0.01_seed_0
[2018/09/25 12:44:40 __main__ INFO] - Train 6
[2018/09/25 12:45:00 __main__ INFO] - TEST 6
[2018/09/25 12:45:49 __main__ INFO] - - epoch 6    c10h_train    : 0.2291 (acc: 0.9813) | c10h_val    : 0.2993 (acc: 0.9510)
[2018/09/25 12:45:49 __main__ INFO] - -            c10h_train_c10: 0.0840 (acc: 0.9781) | c10h_val_c10: 0.1490 (acc: 0.9550)
[2018/09/25 12:45:49 __main__ INFO] - -            v4            : 0.4231 (acc: 0.8560) |           v6: 0.3858 (acc: 0.8760)
[2018/09/25 12:45:49 __main__ INFO] - -            c10_50k       : 0.0791 (acc: 0.9871)
[2018/09/25 12:45:49 __main__ INFO] - Elapsed 49.04
keys:  dict_keys(['epoch', 'c10h_train_loss', 'c10h_train_acc', 'c10h_val_loss', 'c10h_val_acc', 'c10h_train_c10_loss', 'c10h_train_c10_acc', 'c10h_val_c10_loss', 'c10h_val_c10_acc', 'v4_loss', 'v4_acc', 'v6_loss', 'v6_acc', 'c10_50k_loss', 'c10_50k_acc']) 
 c10h_outdir:  /tigress/ruairidh/model_results/run_1/saves/wrn_28_10/con_False_lr_0.01_seed_0
[2018/09/25 12:45:50 __main__ INFO] - Train 7
[2018/09/25 12:46:10 __main__ INFO] - TEST 7
[2018/09/25 12:46:59 __main__ INFO] - - epoch 7    c10h_train    : 0.2230 (acc: 0.9836) | c10h_val    : 0.3001 (acc: 0.9480)
[2018/09/25 12:46:59 __main__ INFO] - -            c10h_train_c10: 0.0749 (acc: 0.9812) | c10h_val_c10: 0.1554 (acc: 0.9490)
[2018/09/25 12:46:59 __main__ INFO] - -            v4            : 0.3972 (acc: 0.8699) |           v6: 0.3587 (acc: 0.8835)
[2018/09/25 12:46:59 __main__ INFO] - -            c10_50k       : 0.0719 (acc: 0.9895)
[2018/09/25 12:46:59 __main__ INFO] - Elapsed 49.01
keys:  dict_keys(['epoch', 'c10h_train_loss', 'c10h_train_acc', 'c10h_val_loss', 'c10h_val_acc', 'c10h_train_c10_loss', 'c10h_train_c10_acc', 'c10h_val_c10_loss', 'c10h_val_c10_acc', 'v4_loss', 'v4_acc', 'v6_loss', 'v6_acc', 'c10_50k_loss', 'c10_50k_acc']) 
 c10h_outdir:  /tigress/ruairidh/model_results/run_1/saves/wrn_28_10/con_False_lr_0.01_seed_0
[2018/09/25 12:47:01 __main__ INFO] - Train 8
[2018/09/25 12:47:21 __main__ INFO] - TEST 8
[2018/09/25 12:48:10 __main__ INFO] - - epoch 8    c10h_train    : 0.2173 (acc: 0.9843) | c10h_val    : 0.2923 (acc: 0.9550)
[2018/09/25 12:48:10 __main__ INFO] - -            c10h_train_c10: 0.0784 (acc: 0.9803) | c10h_val_c10: 0.1474 (acc: 0.9590)
[2018/09/25 12:48:10 __main__ INFO] - -            v4            : 0.3928 (acc: 0.8694) |           v6: 0.3554 (acc: 0.8845)
[2018/09/25 12:48:10 __main__ INFO] - -            c10_50k       : 0.0746 (acc: 0.9892)
[2018/09/25 12:48:10 __main__ INFO] - Elapsed 48.92
keys:  dict_keys(['epoch', 'c10h_train_loss', 'c10h_train_acc', 'c10h_val_loss', 'c10h_val_acc', 'c10h_train_c10_loss', 'c10h_train_c10_acc', 'c10h_val_c10_loss', 'c10h_val_c10_acc', 'v4_loss', 'v4_acc', 'v6_loss', 'v6_acc', 'c10_50k_loss', 'c10_50k_acc']) 
 c10h_outdir:  /tigress/ruairidh/model_results/run_1/saves/wrn_28_10/con_False_lr_0.01_seed_0
[2018/09/25 12:48:12 __main__ INFO] - Train 9
[2018/09/25 12:48:31 __main__ INFO] - TEST 9
[2018/09/25 12:49:20 __main__ INFO] - - epoch 9    c10h_train    : 0.2135 (acc: 0.9853) | c10h_val    : 0.2922 (acc: 0.9510)
[2018/09/25 12:49:20 __main__ INFO] - -            c10h_train_c10: 0.0747 (acc: 0.9826) | c10h_val_c10: 0.1507 (acc: 0.9550)
[2018/09/25 12:49:20 __main__ INFO] - -            v4            : 0.3791 (acc: 0.8837) |           v6: 0.3500 (acc: 0.8885)
[2018/09/25 12:49:20 __main__ INFO] - -            c10_50k       : 0.0743 (acc: 0.9904)
[2018/09/25 12:49:20 __main__ INFO] - Elapsed 48.86
keys:  dict_keys(['epoch', 'c10h_train_loss', 'c10h_train_acc', 'c10h_val_loss', 'c10h_val_acc', 'c10h_train_c10_loss', 'c10h_train_c10_acc', 'c10h_val_c10_loss', 'c10h_val_c10_acc', 'v4_loss', 'v4_acc', 'v6_loss', 'v6_acc', 'c10_50k_loss', 'c10_50k_acc']) 
 c10h_outdir:  /tigress/ruairidh/model_results/run_1/saves/wrn_28_10/con_False_lr_0.01_seed_0
[2018/09/25 12:49:21 __main__ INFO] - Train 10
[2018/09/25 12:49:41 __main__ INFO] - TEST 10
[2018/09/25 12:50:30 __main__ INFO] - - epoch 10    c10h_train    : 0.2123 (acc: 0.9860) | c10h_val    : 0.2887 (acc: 0.9450)
[2018/09/25 12:50:30 __main__ INFO] - -            c10h_train_c10: 0.0691 (acc: 0.9823) | c10h_val_c10: 0.1399 (acc: 0.9490)
[2018/09/25 12:50:30 __main__ INFO] - -            v4            : 0.3772 (acc: 0.8778) |           v6: 0.3495 (acc: 0.8845)
[2018/09/25 12:50:30 __main__ INFO] - -            c10_50k       : 0.0665 (acc: 0.9910)
[2018/09/25 12:50:30 __main__ INFO] - Elapsed 48.96
keys:  dict_keys(['epoch', 'c10h_train_loss', 'c10h_train_acc', 'c10h_val_loss', 'c10h_val_acc', 'c10h_train_c10_loss', 'c10h_train_c10_acc', 'c10h_val_c10_loss', 'c10h_val_c10_acc', 'v4_loss', 'v4_acc', 'v6_loss', 'v6_acc', 'c10_50k_loss', 'c10_50k_acc']) 
 c10h_outdir:  /tigress/ruairidh/model_results/run_1/saves/wrn_28_10/con_False_lr_0.01_seed_0
[2018/09/25 12:50:31 __main__ INFO] - Train 11
[2018/09/25 12:50:50 __main__ INFO] - TEST 11
[2018/09/25 12:51:39 __main__ INFO] - - epoch 11    c10h_train    : 0.2107 (acc: 0.9866) | c10h_val    : 0.2956 (acc: 0.9490)
[2018/09/25 12:51:39 __main__ INFO] - -            c10h_train_c10: 0.0670 (acc: 0.9837) | c10h_val_c10: 0.1501 (acc: 0.9530)
[2018/09/25 12:51:39 __main__ INFO] - -            v4            : 0.3787 (acc: 0.8763) |           v6: 0.3579 (acc: 0.8860)
[2018/09/25 12:51:39 __main__ INFO] - -            c10_50k       : 0.0688 (acc: 0.9901)
[2018/09/25 12:51:39 __main__ INFO] - Elapsed 48.74
keys:  dict_keys(['epoch', 'c10h_train_loss', 'c10h_train_acc', 'c10h_val_loss', 'c10h_val_acc', 'c10h_train_c10_loss', 'c10h_train_c10_acc', 'c10h_val_c10_loss', 'c10h_val_c10_acc', 'v4_loss', 'v4_acc', 'v6_loss', 'v6_acc', 'c10_50k_loss', 'c10_50k_acc']) 
 c10h_outdir:  /tigress/ruairidh/model_results/run_1/saves/wrn_28_10/con_False_lr_0.01_seed_0
[2018/09/25 12:51:41 __main__ INFO] - Train 12
[2018/09/25 12:52:01 __main__ INFO] - TEST 12
[2018/09/25 12:52:50 __main__ INFO] - - epoch 12    c10h_train    : 0.2077 (acc: 0.9867) | c10h_val    : 0.2916 (acc: 0.9470)
[2018/09/25 12:52:50 __main__ INFO] - -            c10h_train_c10: 0.0687 (acc: 0.9827) | c10h_val_c10: 0.1478 (acc: 0.9480)
[2018/09/25 12:52:50 __main__ INFO] - -            v4            : 0.3848 (acc: 0.8738) |           v6: 0.3577 (acc: 0.8805)
[2018/09/25 12:52:50 __main__ INFO] - -            c10_50k       : 0.0686 (acc: 0.9912)
[2018/09/25 12:52:50 __main__ INFO] - Elapsed 49.01
keys:  dict_keys(['epoch', 'c10h_train_loss', 'c10h_train_acc', 'c10h_val_loss', 'c10h_val_acc', 'c10h_train_c10_loss', 'c10h_train_c10_acc', 'c10h_val_c10_loss', 'c10h_val_c10_acc', 'v4_loss', 'v4_acc', 'v6_loss', 'v6_acc', 'c10_50k_loss', 'c10_50k_acc']) 
 c10h_outdir:  /tigress/ruairidh/model_results/run_1/saves/wrn_28_10/con_False_lr_0.01_seed_0
[2018/09/25 12:52:52 __main__ INFO] - Train 13
[2018/09/25 12:53:11 __main__ INFO] - TEST 13
[2018/09/25 12:54:00 __main__ INFO] - - epoch 13    c10h_train    : 0.2056 (acc: 0.9869) | c10h_val    : 0.2881 (acc: 0.9480)
[2018/09/25 12:54:00 __main__ INFO] - -            c10h_train_c10: 0.0637 (acc: 0.9842) | c10h_val_c10: 0.1455 (acc: 0.9500)
[2018/09/25 12:54:00 __main__ INFO] - -            v4            : 0.3806 (acc: 0.8743) |           v6: 0.3469 (acc: 0.8870)
[2018/09/25 12:54:00 __main__ INFO] - -            c10_50k       : 0.0639 (acc: 0.9928)
[2018/09/25 12:54:00 __main__ INFO] - Elapsed 49.17
keys:  dict_keys(['epoch', 'c10h_train_loss', 'c10h_train_acc', 'c10h_val_loss', 'c10h_val_acc', 'c10h_train_c10_loss', 'c10h_train_c10_acc', 'c10h_val_c10_loss', 'c10h_val_c10_acc', 'v4_loss', 'v4_acc', 'v6_loss', 'v6_acc', 'c10_50k_loss', 'c10_50k_acc']) 
 c10h_outdir:  /tigress/ruairidh/model_results/run_1/saves/wrn_28_10/con_False_lr_0.01_seed_0
[2018/09/25 12:54:02 __main__ INFO] - Train 14
[2018/09/25 12:54:21 __main__ INFO] - TEST 14
[2018/09/25 12:55:10 __main__ INFO] - - epoch 14    c10h_train    : 0.2043 (acc: 0.9879) | c10h_val    : 0.2895 (acc: 0.9510)
[2018/09/25 12:55:10 __main__ INFO] - -            c10h_train_c10: 0.0682 (acc: 0.9838) | c10h_val_c10: 0.1513 (acc: 0.9520)
[2018/09/25 12:55:10 __main__ INFO] - -            v4            : 0.3710 (acc: 0.8822) |           v6: 0.3428 (acc: 0.8910)
[2018/09/25 12:55:10 __main__ INFO] - -            c10_50k       : 0.0678 (acc: 0.9921)
[2018/09/25 12:55:10 __main__ INFO] - Elapsed 48.89
keys:  dict_keys(['epoch', 'c10h_train_loss', 'c10h_train_acc', 'c10h_val_loss', 'c10h_val_acc', 'c10h_train_c10_loss', 'c10h_train_c10_acc', 'c10h_val_c10_loss', 'c10h_val_c10_acc', 'v4_loss', 'v4_acc', 'v6_loss', 'v6_acc', 'c10_50k_loss', 'c10_50k_acc']) 
 c10h_outdir:  /tigress/ruairidh/model_results/run_1/saves/wrn_28_10/con_False_lr_0.01_seed_0
[2018/09/25 12:55:13 __main__ INFO] - Train 15
[2018/09/25 12:55:32 __main__ INFO] - TEST 15
[2018/09/25 12:56:21 __main__ INFO] - - epoch 15    c10h_train    : 0.2032 (acc: 0.9873) | c10h_val    : 0.2980 (acc: 0.9530)
[2018/09/25 12:56:21 __main__ INFO] - -            c10h_train_c10: 0.0631 (acc: 0.9833) | c10h_val_c10: 0.1542 (acc: 0.9540)
[2018/09/25 12:56:21 __main__ INFO] - -            v4            : 0.3690 (acc: 0.8783) |           v6: 0.3484 (acc: 0.8900)
[2018/09/25 12:56:21 __main__ INFO] - -            c10_50k       : 0.0624 (acc: 0.9922)
[2018/09/25 12:56:21 __main__ INFO] - Elapsed 49.11
keys:  dict_keys(['epoch', 'c10h_train_loss', 'c10h_train_acc', 'c10h_val_loss', 'c10h_val_acc', 'c10h_train_c10_loss', 'c10h_train_c10_acc', 'c10h_val_c10_loss', 'c10h_val_c10_acc', 'v4_loss', 'v4_acc', 'v6_loss', 'v6_acc', 'c10_50k_loss', 'c10_50k_acc']) 
 c10h_outdir:  /tigress/ruairidh/model_results/run_1/saves/wrn_28_10/con_False_lr_0.01_seed_0
[2018/09/25 12:56:22 __main__ INFO] - Train 16
[2018/09/25 12:56:42 __main__ INFO] - TEST 16
[2018/09/25 12:57:31 __main__ INFO] - - epoch 16    c10h_train    : 0.2018 (acc: 0.9867) | c10h_val    : 0.2832 (acc: 0.9540)
[2018/09/25 12:57:31 __main__ INFO] - -            c10h_train_c10: 0.0684 (acc: 0.9836) | c10h_val_c10: 0.1444 (acc: 0.9580)
[2018/09/25 12:57:31 __main__ INFO] - -            v4            : 0.3894 (acc: 0.8817) |           v6: 0.3510 (acc: 0.8875)
[2018/09/25 12:57:31 __main__ INFO] - -            c10_50k       : 0.0685 (acc: 0.9926)
[2018/09/25 12:57:31 __main__ INFO] - Elapsed 48.91
keys:  dict_keys(['epoch', 'c10h_train_loss', 'c10h_train_acc', 'c10h_val_loss', 'c10h_val_acc', 'c10h_train_c10_loss', 'c10h_train_c10_acc', 'c10h_val_c10_loss', 'c10h_val_c10_acc', 'v4_loss', 'v4_acc', 'v6_loss', 'v6_acc', 'c10_50k_loss', 'c10_50k_acc']) 
 c10h_outdir:  /tigress/ruairidh/model_results/run_1/saves/wrn_28_10/con_False_lr_0.01_seed_0
[2018/09/25 12:57:33 __main__ INFO] - Train 17
[2018/09/25 12:57:53 __main__ INFO] - TEST 17
[2018/09/25 12:58:41 __main__ INFO] - - epoch 17    c10h_train    : 0.2011 (acc: 0.9870) | c10h_val    : 0.2874 (acc: 0.9510)
[2018/09/25 12:58:42 __main__ INFO] - -            c10h_train_c10: 0.0672 (acc: 0.9831) | c10h_val_c10: 0.1458 (acc: 0.9530)
[2018/09/25 12:58:42 __main__ INFO] - -            v4            : 0.3785 (acc: 0.8743) |           v6: 0.3522 (acc: 0.8870)
[2018/09/25 12:58:42 __main__ INFO] - -            c10_50k       : 0.0676 (acc: 0.9912)
[2018/09/25 12:58:42 __main__ INFO] - Elapsed 48.91
keys:  dict_keys(['epoch', 'c10h_train_loss', 'c10h_train_acc', 'c10h_val_loss', 'c10h_val_acc', 'c10h_train_c10_loss', 'c10h_train_c10_acc', 'c10h_val_c10_loss', 'c10h_val_c10_acc', 'v4_loss', 'v4_acc', 'v6_loss', 'v6_acc', 'c10_50k_loss', 'c10_50k_acc']) 
 c10h_outdir:  /tigress/ruairidh/model_results/run_1/saves/wrn_28_10/con_False_lr_0.01_seed_0
[2018/09/25 12:58:44 __main__ INFO] - Train 18
[2018/09/25 12:59:03 __main__ INFO] - TEST 18
[2018/09/25 12:59:52 __main__ INFO] - - epoch 18    c10h_train    : 0.1996 (acc: 0.9880) | c10h_val    : 0.2913 (acc: 0.9500)
[2018/09/25 12:59:52 __main__ INFO] - -            c10h_train_c10: 0.0638 (acc: 0.9840) | c10h_val_c10: 0.1525 (acc: 0.9520)
[2018/09/25 12:59:52 __main__ INFO] - -            v4            : 0.3901 (acc: 0.8714) |           v6: 0.3546 (acc: 0.8830)
[2018/09/25 12:59:52 __main__ INFO] - -            c10_50k       : 0.0661 (acc: 0.9911)
[2018/09/25 12:59:52 __main__ INFO] - Elapsed 49.28
keys:  dict_keys(['epoch', 'c10h_train_loss', 'c10h_train_acc', 'c10h_val_loss', 'c10h_val_acc', 'c10h_train_c10_loss', 'c10h_train_c10_acc', 'c10h_val_c10_loss', 'c10h_val_c10_acc', 'v4_loss', 'v4_acc', 'v6_loss', 'v6_acc', 'c10_50k_loss', 'c10_50k_acc']) 
 c10h_outdir:  /tigress/ruairidh/model_results/run_1/saves/wrn_28_10/con_False_lr_0.01_seed_0
[2018/09/25 12:59:54 __main__ INFO] - Train 19
[2018/09/25 13:00:14 __main__ INFO] - TEST 19
[2018/09/25 13:01:03 __main__ INFO] - - epoch 19    c10h_train    : 0.1989 (acc: 0.9863) | c10h_val    : 0.2852 (acc: 0.9570)
[2018/09/25 13:01:03 __main__ INFO] - -            c10h_train_c10: 0.0691 (acc: 0.9821) | c10h_val_c10: 0.1435 (acc: 0.9590)
[2018/09/25 13:01:03 __main__ INFO] - -            v4            : 0.3811 (acc: 0.8778) |           v6: 0.3494 (acc: 0.8910)
[2018/09/25 13:01:03 __main__ INFO] - -            c10_50k       : 0.0682 (acc: 0.9915)
[2018/09/25 13:01:03 __main__ INFO] - Elapsed 48.84
keys:  dict_keys(['epoch', 'c10h_train_loss', 'c10h_train_acc', 'c10h_val_loss', 'c10h_val_acc', 'c10h_train_c10_loss', 'c10h_train_c10_acc', 'c10h_val_c10_loss', 'c10h_val_c10_acc', 'v4_loss', 'v4_acc', 'v6_loss', 'v6_acc', 'c10_50k_loss', 'c10_50k_acc']) 
 c10h_outdir:  /tigress/ruairidh/model_results/run_1/saves/wrn_28_10/con_False_lr_0.01_seed_0
[2018/09/25 13:01:04 __main__ INFO] - Train 20
[2018/09/25 13:01:24 __main__ INFO] - TEST 20
[2018/09/25 13:02:13 __main__ INFO] - - epoch 20    c10h_train    : 0.1997 (acc: 0.9872) | c10h_val    : 0.2862 (acc: 0.9570)
[2018/09/25 13:02:13 __main__ INFO] - -            c10h_train_c10: 0.0668 (acc: 0.9841) | c10h_val_c10: 0.1382 (acc: 0.9610)
[2018/09/25 13:02:13 __main__ INFO] - -            v4            : 0.3748 (acc: 0.8753) |           v6: 0.3450 (acc: 0.8870)
[2018/09/25 13:02:13 __main__ INFO] - -            c10_50k       : 0.0687 (acc: 0.9910)
[2018/09/25 13:02:13 __main__ INFO] - Elapsed 48.84
keys:  dict_keys(['epoch', 'c10h_train_loss', 'c10h_train_acc', 'c10h_val_loss', 'c10h_val_acc', 'c10h_train_c10_loss', 'c10h_train_c10_acc', 'c10h_val_c10_loss', 'c10h_val_c10_acc', 'v4_loss', 'v4_acc', 'v6_loss', 'v6_acc', 'c10_50k_loss', 'c10_50k_acc']) 
 c10h_outdir:  /tigress/ruairidh/model_results/run_1/saves/wrn_28_10/con_False_lr_0.01_seed_0
[2018/09/25 13:02:16 __main__ INFO] - Train 21
[2018/09/25 13:02:35 __main__ INFO] - TEST 21
[2018/09/25 13:03:25 __main__ INFO] - - epoch 21    c10h_train    : 0.1984 (acc: 0.9882) | c10h_val    : 0.2871 (acc: 0.9520)
[2018/09/25 13:03:25 __main__ INFO] - -            c10h_train_c10: 0.0613 (acc: 0.9842) | c10h_val_c10: 0.1435 (acc: 0.9560)
[2018/09/25 13:03:25 __main__ INFO] - -            v4            : 0.3823 (acc: 0.8812) |           v6: 0.3484 (acc: 0.8925)
[2018/09/25 13:03:25 __main__ INFO] - -            c10_50k       : 0.0630 (acc: 0.9922)
[2018/09/25 13:03:25 __main__ INFO] - Elapsed 49.22
keys:  dict_keys(['epoch', 'c10h_train_loss', 'c10h_train_acc', 'c10h_val_loss', 'c10h_val_acc', 'c10h_train_c10_loss', 'c10h_train_c10_acc', 'c10h_val_c10_loss', 'c10h_val_c10_acc', 'v4_loss', 'v4_acc', 'v6_loss', 'v6_acc', 'c10_50k_loss', 'c10_50k_acc']) 
 c10h_outdir:  /tigress/ruairidh/model_results/run_1/saves/wrn_28_10/con_False_lr_0.01_seed_0
[2018/09/25 13:03:25 __main__ INFO] - Train 22
[2018/09/25 13:03:45 __main__ INFO] - TEST 22
[2018/09/25 13:04:33 __main__ INFO] - - epoch 22    c10h_train    : 0.1978 (acc: 0.9882) | c10h_val    : 0.2833 (acc: 0.9550)
[2018/09/25 13:04:33 __main__ INFO] - -            c10h_train_c10: 0.0705 (acc: 0.9837) | c10h_val_c10: 0.1431 (acc: 0.9590)
[2018/09/25 13:04:33 __main__ INFO] - -            v4            : 0.3867 (acc: 0.8728) |           v6: 0.3498 (acc: 0.8860)
[2018/09/25 13:04:33 __main__ INFO] - -            c10_50k       : 0.0722 (acc: 0.9918)
[2018/09/25 13:04:33 __main__ INFO] - Elapsed 48.53
keys:  dict_keys(['epoch', 'c10h_train_loss', 'c10h_train_acc', 'c10h_val_loss', 'c10h_val_acc', 'c10h_train_c10_loss', 'c10h_train_c10_acc', 'c10h_val_c10_loss', 'c10h_val_c10_acc', 'v4_loss', 'v4_acc', 'v6_loss', 'v6_acc', 'c10_50k_loss', 'c10_50k_acc']) 
 c10h_outdir:  /tigress/ruairidh/model_results/run_1/saves/wrn_28_10/con_False_lr_0.01_seed_0
[2018/09/25 13:04:35 __main__ INFO] - Train 23
[2018/09/25 13:04:54 __main__ INFO] - TEST 23
[2018/09/25 13:05:43 __main__ INFO] - - epoch 23    c10h_train    : 0.1964 (acc: 0.9891) | c10h_val    : 0.2916 (acc: 0.9510)
[2018/09/25 13:05:43 __main__ INFO] - -            c10h_train_c10: 0.0631 (acc: 0.9849) | c10h_val_c10: 0.1465 (acc: 0.9550)
[2018/09/25 13:05:43 __main__ INFO] - -            v4            : 0.3701 (acc: 0.8748) |           v6: 0.3470 (acc: 0.8930)
[2018/09/25 13:05:43 __main__ INFO] - -            c10_50k       : 0.0653 (acc: 0.9916)
[2018/09/25 13:05:43 __main__ INFO] - Elapsed 49.16
keys:  dict_keys(['epoch', 'c10h_train_loss', 'c10h_train_acc', 'c10h_val_loss', 'c10h_val_acc', 'c10h_train_c10_loss', 'c10h_train_c10_acc', 'c10h_val_c10_loss', 'c10h_val_c10_acc', 'v4_loss', 'v4_acc', 'v6_loss', 'v6_acc', 'c10_50k_loss', 'c10_50k_acc']) 
 c10h_outdir:  /tigress/ruairidh/model_results/run_1/saves/wrn_28_10/con_False_lr_0.01_seed_0
[2018/09/25 13:05:44 __main__ INFO] - Train 24
[2018/09/25 13:06:03 __main__ INFO] - TEST 24
[2018/09/25 13:06:52 __main__ INFO] - - epoch 24    c10h_train    : 0.1982 (acc: 0.9864) | c10h_val    : 0.2908 (acc: 0.9540)
[2018/09/25 13:06:52 __main__ INFO] - -            c10h_train_c10: 0.0614 (acc: 0.9836) | c10h_val_c10: 0.1412 (acc: 0.9580)
[2018/09/25 13:06:52 __main__ INFO] - -            v4            : 0.3674 (acc: 0.8842) |           v6: 0.3542 (acc: 0.8800)
[2018/09/25 13:06:52 __main__ INFO] - -            c10_50k       : 0.0657 (acc: 0.9911)
[2018/09/25 13:06:52 __main__ INFO] - Elapsed 48.95
keys:  dict_keys(['epoch', 'c10h_train_loss', 'c10h_train_acc', 'c10h_val_loss', 'c10h_val_acc', 'c10h_train_c10_loss', 'c10h_train_c10_acc', 'c10h_val_c10_loss', 'c10h_val_c10_acc', 'v4_loss', 'v4_acc', 'v6_loss', 'v6_acc', 'c10_50k_loss', 'c10_50k_acc']) 
 c10h_outdir:  /tigress/ruairidh/model_results/run_1/saves/wrn_28_10/con_False_lr_0.01_seed_0
[2018/09/25 13:06:54 __main__ INFO] - Train 25
[2018/09/25 13:07:13 __main__ INFO] - TEST 25
[2018/09/25 13:08:02 __main__ INFO] - - epoch 25    c10h_train    : 0.1941 (acc: 0.9884) | c10h_val    : 0.2849 (acc: 0.9560)
[2018/09/25 13:08:02 __main__ INFO] - -            c10h_train_c10: 0.0625 (acc: 0.9844) | c10h_val_c10: 0.1422 (acc: 0.9590)
[2018/09/25 13:08:02 __main__ INFO] - -            v4            : 0.3683 (acc: 0.8788) |           v6: 0.3387 (acc: 0.8925)
[2018/09/25 13:08:02 __main__ INFO] - -            c10_50k       : 0.0634 (acc: 0.9925)
[2018/09/25 13:08:02 __main__ INFO] - Elapsed 48.82
keys:  dict_keys(['epoch', 'c10h_train_loss', 'c10h_train_acc', 'c10h_val_loss', 'c10h_val_acc', 'c10h_train_c10_loss', 'c10h_train_c10_acc', 'c10h_val_c10_loss', 'c10h_val_c10_acc', 'v4_loss', 'v4_acc', 'v6_loss', 'v6_acc', 'c10_50k_loss', 'c10_50k_acc']) 
 c10h_outdir:  /tigress/ruairidh/model_results/run_1/saves/wrn_28_10/con_False_lr_0.01_seed_0
[2018/09/25 13:08:04 __main__ INFO] - Train 26
[2018/09/25 13:08:24 __main__ INFO] - TEST 26
[2018/09/25 13:09:13 __main__ INFO] - - epoch 26    c10h_train    : 0.1951 (acc: 0.9877) | c10h_val    : 0.2884 (acc: 0.9470)
[2018/09/25 13:09:13 __main__ INFO] - -            c10h_train_c10: 0.0680 (acc: 0.9840) | c10h_val_c10: 0.1529 (acc: 0.9510)
[2018/09/25 13:09:13 __main__ INFO] - -            v4            : 0.3693 (acc: 0.8847) |           v6: 0.3520 (acc: 0.8880)
[2018/09/25 13:09:13 __main__ INFO] - -            c10_50k       : 0.0705 (acc: 0.9919)
[2018/09/25 13:09:13 __main__ INFO] - Elapsed 49.17
keys:  dict_keys(['epoch', 'c10h_train_loss', 'c10h_train_acc', 'c10h_val_loss', 'c10h_val_acc', 'c10h_train_c10_loss', 'c10h_train_c10_acc', 'c10h_val_c10_loss', 'c10h_val_c10_acc', 'v4_loss', 'v4_acc', 'v6_loss', 'v6_acc', 'c10_50k_loss', 'c10_50k_acc']) 
 c10h_outdir:  /tigress/ruairidh/model_results/run_1/saves/wrn_28_10/con_False_lr_0.01_seed_0
[2018/09/25 13:09:16 __main__ INFO] - Train 27
[2018/09/25 13:09:35 __main__ INFO] - TEST 27
[2018/09/25 13:10:24 __main__ INFO] - - epoch 27    c10h_train    : 0.1944 (acc: 0.9892) | c10h_val    : 0.2825 (acc: 0.9560)
[2018/09/25 13:10:24 __main__ INFO] - -            c10h_train_c10: 0.0616 (acc: 0.9867) | c10h_val_c10: 0.1411 (acc: 0.9600)
[2018/09/25 13:10:24 __main__ INFO] - -            v4            : 0.3657 (acc: 0.8827) |           v6: 0.3392 (acc: 0.8920)
[2018/09/25 13:10:24 __main__ INFO] - -            c10_50k       : 0.0643 (acc: 0.9920)
[2018/09/25 13:10:24 __main__ INFO] - Elapsed 49.02
keys:  dict_keys(['epoch', 'c10h_train_loss', 'c10h_train_acc', 'c10h_val_loss', 'c10h_val_acc', 'c10h_train_c10_loss', 'c10h_train_c10_acc', 'c10h_val_c10_loss', 'c10h_val_c10_acc', 'v4_loss', 'v4_acc', 'v6_loss', 'v6_acc', 'c10_50k_loss', 'c10_50k_acc']) 
 c10h_outdir:  /tigress/ruairidh/model_results/run_1/saves/wrn_28_10/con_False_lr_0.01_seed_0
[2018/09/25 13:10:26 __main__ INFO] - Train 28
[2018/09/25 13:10:46 __main__ INFO] - TEST 28
[2018/09/25 13:11:35 __main__ INFO] - - epoch 28    c10h_train    : 0.1931 (acc: 0.9890) | c10h_val    : 0.2822 (acc: 0.9560)
[2018/09/25 13:11:35 __main__ INFO] - -            c10h_train_c10: 0.0603 (acc: 0.9856) | c10h_val_c10: 0.1377 (acc: 0.9600)
[2018/09/25 13:11:35 __main__ INFO] - -            v4            : 0.3724 (acc: 0.8778) |           v6: 0.3394 (acc: 0.8940)
[2018/09/25 13:11:35 __main__ INFO] - -            c10_50k       : 0.0615 (acc: 0.9932)
[2018/09/25 13:11:35 __main__ INFO] - Elapsed 48.98
keys:  dict_keys(['epoch', 'c10h_train_loss', 'c10h_train_acc', 'c10h_val_loss', 'c10h_val_acc', 'c10h_train_c10_loss', 'c10h_train_c10_acc', 'c10h_val_c10_loss', 'c10h_val_c10_acc', 'v4_loss', 'v4_acc', 'v6_loss', 'v6_acc', 'c10_50k_loss', 'c10_50k_acc']) 
 c10h_outdir:  /tigress/ruairidh/model_results/run_1/saves/wrn_28_10/con_False_lr_0.01_seed_0
[2018/09/25 13:11:35 __main__ INFO] - Train 29
[2018/09/25 13:11:55 __main__ INFO] - TEST 29
[2018/09/25 13:12:44 __main__ INFO] - - epoch 29    c10h_train    : 0.1925 (acc: 0.9887) | c10h_val    : 0.2835 (acc: 0.9510)
[2018/09/25 13:12:44 __main__ INFO] - -            c10h_train_c10: 0.0706 (acc: 0.9842) | c10h_val_c10: 0.1478 (acc: 0.9550)
[2018/09/25 13:12:44 __main__ INFO] - -            v4            : 0.3732 (acc: 0.8808) |           v6: 0.3516 (acc: 0.8870)
[2018/09/25 13:12:44 __main__ INFO] - -            c10_50k       : 0.0728 (acc: 0.9922)
[2018/09/25 13:12:44 __main__ INFO] - Elapsed 49.03
keys:  dict_keys(['epoch', 'c10h_train_loss', 'c10h_train_acc', 'c10h_val_loss', 'c10h_val_acc', 'c10h_train_c10_loss', 'c10h_train_c10_acc', 'c10h_val_c10_loss', 'c10h_val_c10_acc', 'v4_loss', 'v4_acc', 'v6_loss', 'v6_acc', 'c10_50k_loss', 'c10_50k_acc']) 
 c10h_outdir:  /tigress/ruairidh/model_results/run_1/saves/wrn_28_10/con_False_lr_0.01_seed_0
[2018/09/25 13:12:44 __main__ INFO] - Train 30
[2018/09/25 13:13:04 __main__ INFO] - TEST 30
[2018/09/25 13:13:53 __main__ INFO] - - epoch 30    c10h_train    : 0.1916 (acc: 0.9903) | c10h_val    : 0.2819 (acc: 0.9550)
[2018/09/25 13:13:53 __main__ INFO] - -            c10h_train_c10: 0.0673 (acc: 0.9848) | c10h_val_c10: 0.1442 (acc: 0.9590)
[2018/09/25 13:13:53 __main__ INFO] - -            v4            : 0.3595 (acc: 0.8857) |           v6: 0.3374 (acc: 0.8960)
[2018/09/25 13:13:53 __main__ INFO] - -            c10_50k       : 0.0676 (acc: 0.9928)
[2018/09/25 13:13:53 __main__ INFO] - Elapsed 48.83
keys:  dict_keys(['epoch', 'c10h_train_loss', 'c10h_train_acc', 'c10h_val_loss', 'c10h_val_acc', 'c10h_train_c10_loss', 'c10h_train_c10_acc', 'c10h_val_c10_loss', 'c10h_val_c10_acc', 'v4_loss', 'v4_acc', 'v6_loss', 'v6_acc', 'c10_50k_loss', 'c10_50k_acc']) 
 c10h_outdir:  /tigress/ruairidh/model_results/run_1/saves/wrn_28_10/con_False_lr_0.01_seed_0
[2018/09/25 13:13:53 __main__ INFO] - Train 31
[2018/09/25 13:14:13 __main__ INFO] - TEST 31
[2018/09/25 13:15:02 __main__ INFO] - - epoch 31    c10h_train    : 0.1919 (acc: 0.9887) | c10h_val    : 0.2825 (acc: 0.9490)
[2018/09/25 13:15:02 __main__ INFO] - -            c10h_train_c10: 0.0637 (acc: 0.9847) | c10h_val_c10: 0.1402 (acc: 0.9510)
[2018/09/25 13:15:02 __main__ INFO] - -            v4            : 0.3540 (acc: 0.8852) |           v6: 0.3372 (acc: 0.8920)
[2018/09/25 13:15:02 __main__ INFO] - -            c10_50k       : 0.0619 (acc: 0.9929)
[2018/09/25 13:15:02 __main__ INFO] - Elapsed 48.96
keys:  dict_keys(['epoch', 'c10h_train_loss', 'c10h_train_acc', 'c10h_val_loss', 'c10h_val_acc', 'c10h_train_c10_loss', 'c10h_train_c10_acc', 'c10h_val_c10_loss', 'c10h_val_c10_acc', 'v4_loss', 'v4_acc', 'v6_loss', 'v6_acc', 'c10_50k_loss', 'c10_50k_acc']) 
 c10h_outdir:  /tigress/ruairidh/model_results/run_1/saves/wrn_28_10/con_False_lr_0.01_seed_0
[2018/09/25 13:15:05 __main__ INFO] - Train 32
[2018/09/25 13:15:25 __main__ INFO] - TEST 32
[2018/09/25 13:16:14 __main__ INFO] - - epoch 32    c10h_train    : 0.1917 (acc: 0.9903) | c10h_val    : 0.2841 (acc: 0.9510)
[2018/09/25 13:16:14 __main__ INFO] - -            c10h_train_c10: 0.0640 (acc: 0.9863) | c10h_val_c10: 0.1391 (acc: 0.9550)
[2018/09/25 13:16:14 __main__ INFO] - -            v4            : 0.3787 (acc: 0.8753) |           v6: 0.3416 (acc: 0.8890)
[2018/09/25 13:16:14 __main__ INFO] - -            c10_50k       : 0.0694 (acc: 0.9923)
[2018/09/25 13:16:14 __main__ INFO] - Elapsed 49.09
keys:  dict_keys(['epoch', 'c10h_train_loss', 'c10h_train_acc', 'c10h_val_loss', 'c10h_val_acc', 'c10h_train_c10_loss', 'c10h_train_c10_acc', 'c10h_val_c10_loss', 'c10h_val_c10_acc', 'v4_loss', 'v4_acc', 'v6_loss', 'v6_acc', 'c10_50k_loss', 'c10_50k_acc']) 
 c10h_outdir:  /tigress/ruairidh/model_results/run_1/saves/wrn_28_10/con_False_lr_0.01_seed_0
[2018/09/25 13:16:16 __main__ INFO] - Train 33
[2018/09/25 13:16:36 __main__ INFO] - TEST 33
[2018/09/25 13:17:25 __main__ INFO] - - epoch 33    c10h_train    : 0.1908 (acc: 0.9892) | c10h_val    : 0.2848 (acc: 0.9550)
[2018/09/25 13:17:25 __main__ INFO] - -            c10h_train_c10: 0.0617 (acc: 0.9840) | c10h_val_c10: 0.1374 (acc: 0.9590)
[2018/09/25 13:17:25 __main__ INFO] - -            v4            : 0.3763 (acc: 0.8758) |           v6: 0.3417 (acc: 0.8885)
[2018/09/25 13:17:25 __main__ INFO] - -            c10_50k       : 0.0629 (acc: 0.9920)
[2018/09/25 13:17:25 __main__ INFO] - Elapsed 48.77
keys:  dict_keys(['epoch', 'c10h_train_loss', 'c10h_train_acc', 'c10h_val_loss', 'c10h_val_acc', 'c10h_train_c10_loss', 'c10h_train_c10_acc', 'c10h_val_c10_loss', 'c10h_val_c10_acc', 'v4_loss', 'v4_acc', 'v6_loss', 'v6_acc', 'c10_50k_loss', 'c10_50k_acc']) 
 c10h_outdir:  /tigress/ruairidh/model_results/run_1/saves/wrn_28_10/con_False_lr_0.01_seed_0
[2018/09/25 13:17:25 __main__ INFO] - Train 34
[2018/09/25 13:17:45 __main__ INFO] - TEST 34
[2018/09/25 13:18:34 __main__ INFO] - - epoch 34    c10h_train    : 0.1900 (acc: 0.9914) | c10h_val    : 0.2824 (acc: 0.9530)
[2018/09/25 13:18:34 __main__ INFO] - -            c10h_train_c10: 0.0607 (acc: 0.9862) | c10h_val_c10: 0.1370 (acc: 0.9570)
[2018/09/25 13:18:34 __main__ INFO] - -            v4            : 0.3755 (acc: 0.8758) |           v6: 0.3431 (acc: 0.8975)
[2018/09/25 13:18:34 __main__ INFO] - -            c10_50k       : 0.0628 (acc: 0.9927)
[2018/09/25 13:18:34 __main__ INFO] - Elapsed 49.06
keys:  dict_keys(['epoch', 'c10h_train_loss', 'c10h_train_acc', 'c10h_val_loss', 'c10h_val_acc', 'c10h_train_c10_loss', 'c10h_train_c10_acc', 'c10h_val_c10_loss', 'c10h_val_c10_acc', 'v4_loss', 'v4_acc', 'v6_loss', 'v6_acc', 'c10_50k_loss', 'c10_50k_acc']) 
 c10h_outdir:  /tigress/ruairidh/model_results/run_1/saves/wrn_28_10/con_False_lr_0.01_seed_0
[2018/09/25 13:18:35 __main__ INFO] - Train 35
[2018/09/25 13:18:55 __main__ INFO] - TEST 35
[2018/09/25 13:19:44 __main__ INFO] - - epoch 35    c10h_train    : 0.1890 (acc: 0.9903) | c10h_val    : 0.2796 (acc: 0.9570)
[2018/09/25 13:19:44 __main__ INFO] - -            c10h_train_c10: 0.0626 (acc: 0.9853) | c10h_val_c10: 0.1376 (acc: 0.9610)
[2018/09/25 13:19:44 __main__ INFO] - -            v4            : 0.3643 (acc: 0.8773) |           v6: 0.3335 (acc: 0.8900)
[2018/09/25 13:19:44 __main__ INFO] - -            c10_50k       : 0.0646 (acc: 0.9926)
[2018/09/25 13:19:44 __main__ INFO] - Elapsed 49.31
keys:  dict_keys(['epoch', 'c10h_train_loss', 'c10h_train_acc', 'c10h_val_loss', 'c10h_val_acc', 'c10h_train_c10_loss', 'c10h_train_c10_acc', 'c10h_val_c10_loss', 'c10h_val_c10_acc', 'v4_loss', 'v4_acc', 'v6_loss', 'v6_acc', 'c10_50k_loss', 'c10_50k_acc']) 
 c10h_outdir:  /tigress/ruairidh/model_results/run_1/saves/wrn_28_10/con_False_lr_0.01_seed_0
[2018/09/25 13:19:47 __main__ INFO] - Train 36
[2018/09/25 13:20:07 __main__ INFO] - TEST 36
[2018/09/25 13:20:56 __main__ INFO] - - epoch 36    c10h_train    : 0.1891 (acc: 0.9909) | c10h_val    : 0.2819 (acc: 0.9530)
[2018/09/25 13:20:56 __main__ INFO] - -            c10h_train_c10: 0.0656 (acc: 0.9856) | c10h_val_c10: 0.1398 (acc: 0.9570)
[2018/09/25 13:20:56 __main__ INFO] - -            v4            : 0.3768 (acc: 0.8793) |           v6: 0.3396 (acc: 0.8930)
[2018/09/25 13:20:56 __main__ INFO] - -            c10_50k       : 0.0668 (acc: 0.9924)
[2018/09/25 13:20:56 __main__ INFO] - Elapsed 48.88
keys:  dict_keys(['epoch', 'c10h_train_loss', 'c10h_train_acc', 'c10h_val_loss', 'c10h_val_acc', 'c10h_train_c10_loss', 'c10h_train_c10_acc', 'c10h_val_c10_loss', 'c10h_val_c10_acc', 'v4_loss', 'v4_acc', 'v6_loss', 'v6_acc', 'c10_50k_loss', 'c10_50k_acc']) 
 c10h_outdir:  /tigress/ruairidh/model_results/run_1/saves/wrn_28_10/con_False_lr_0.01_seed_0
[2018/09/25 13:20:58 __main__ INFO] - Train 37
[2018/09/25 13:21:18 __main__ INFO] - TEST 37
[2018/09/25 13:22:07 __main__ INFO] - - epoch 37    c10h_train    : 0.1884 (acc: 0.9893) | c10h_val    : 0.2829 (acc: 0.9550)
[2018/09/25 13:22:07 __main__ INFO] - -            c10h_train_c10: 0.0616 (acc: 0.9856) | c10h_val_c10: 0.1375 (acc: 0.9590)
[2018/09/25 13:22:07 __main__ INFO] - -            v4            : 0.3712 (acc: 0.8803) |           v6: 0.3439 (acc: 0.8905)
[2018/09/25 13:22:07 __main__ INFO] - -            c10_50k       : 0.0630 (acc: 0.9926)
[2018/09/25 13:22:07 __main__ INFO] - Elapsed 49.05
keys:  dict_keys(['epoch', 'c10h_train_loss', 'c10h_train_acc', 'c10h_val_loss', 'c10h_val_acc', 'c10h_train_c10_loss', 'c10h_train_c10_acc', 'c10h_val_c10_loss', 'c10h_val_c10_acc', 'v4_loss', 'v4_acc', 'v6_loss', 'v6_acc', 'c10_50k_loss', 'c10_50k_acc']) 
 c10h_outdir:  /tigress/ruairidh/model_results/run_1/saves/wrn_28_10/con_False_lr_0.01_seed_0
[2018/09/25 13:22:08 __main__ INFO] - Train 38
[2018/09/25 13:22:28 __main__ INFO] - TEST 38
[2018/09/25 13:23:17 __main__ INFO] - - epoch 38    c10h_train    : 0.1880 (acc: 0.9900) | c10h_val    : 0.2817 (acc: 0.9530)
[2018/09/25 13:23:17 __main__ INFO] - -            c10h_train_c10: 0.0631 (acc: 0.9860) | c10h_val_c10: 0.1394 (acc: 0.9570)
[2018/09/25 13:23:17 __main__ INFO] - -            v4            : 0.3637 (acc: 0.8842) |           v6: 0.3413 (acc: 0.8940)
[2018/09/25 13:23:17 __main__ INFO] - -            c10_50k       : 0.0648 (acc: 0.9923)
[2018/09/25 13:23:17 __main__ INFO] - Elapsed 48.77
keys:  dict_keys(['epoch', 'c10h_train_loss', 'c10h_train_acc', 'c10h_val_loss', 'c10h_val_acc', 'c10h_train_c10_loss', 'c10h_train_c10_acc', 'c10h_val_c10_loss', 'c10h_val_c10_acc', 'v4_loss', 'v4_acc', 'v6_loss', 'v6_acc', 'c10_50k_loss', 'c10_50k_acc']) 
 c10h_outdir:  /tigress/ruairidh/model_results/run_1/saves/wrn_28_10/con_False_lr_0.01_seed_0
[2018/09/25 13:23:17 __main__ INFO] - Train 39
[2018/09/25 13:23:37 __main__ INFO] - TEST 39
[2018/09/25 13:24:25 __main__ INFO] - - epoch 39    c10h_train    : 0.1890 (acc: 0.9893) | c10h_val    : 0.2855 (acc: 0.9580)
[2018/09/25 13:24:25 __main__ INFO] - -            c10h_train_c10: 0.0592 (acc: 0.9854) | c10h_val_c10: 0.1361 (acc: 0.9620)
[2018/09/25 13:24:25 __main__ INFO] - -            v4            : 0.3773 (acc: 0.8768) |           v6: 0.3529 (acc: 0.8845)
[2018/09/25 13:24:25 __main__ INFO] - -            c10_50k       : 0.0622 (acc: 0.9916)
[2018/09/25 13:24:25 __main__ INFO] - Elapsed 48.66
keys:  dict_keys(['epoch', 'c10h_train_loss', 'c10h_train_acc', 'c10h_val_loss', 'c10h_val_acc', 'c10h_train_c10_loss', 'c10h_train_c10_acc', 'c10h_val_c10_loss', 'c10h_val_c10_acc', 'v4_loss', 'v4_acc', 'v6_loss', 'v6_acc', 'c10_50k_loss', 'c10_50k_acc']) 
 c10h_outdir:  /tigress/ruairidh/model_results/run_1/saves/wrn_28_10/con_False_lr_0.01_seed_0
[2018/09/25 13:24:26 __main__ INFO] - Train 40
[2018/09/25 13:24:46 __main__ INFO] - TEST 40
[2018/09/25 13:25:34 __main__ INFO] - - epoch 40    c10h_train    : 0.1874 (acc: 0.9909) | c10h_val    : 0.2814 (acc: 0.9560)
[2018/09/25 13:25:35 __main__ INFO] - -            c10h_train_c10: 0.0637 (acc: 0.9863) | c10h_val_c10: 0.1375 (acc: 0.9600)
[2018/09/25 13:25:35 __main__ INFO] - -            v4            : 0.3692 (acc: 0.8832) |           v6: 0.3484 (acc: 0.8865)
[2018/09/25 13:25:35 __main__ INFO] - -            c10_50k       : 0.0669 (acc: 0.9915)
[2018/09/25 13:25:35 __main__ INFO] - Elapsed 48.84
keys:  dict_keys(['epoch', 'c10h_train_loss', 'c10h_train_acc', 'c10h_val_loss', 'c10h_val_acc', 'c10h_train_c10_loss', 'c10h_train_c10_acc', 'c10h_val_c10_loss', 'c10h_val_c10_acc', 'v4_loss', 'v4_acc', 'v6_loss', 'v6_acc', 'c10_50k_loss', 'c10_50k_acc']) 
 c10h_outdir:  /tigress/ruairidh/model_results/run_1/saves/wrn_28_10/con_False_lr_0.01_seed_0
[2018/09/25 13:25:35 __main__ INFO] - Train 41
[2018/09/25 13:25:55 __main__ INFO] - TEST 41
[2018/09/25 13:26:44 __main__ INFO] - - epoch 41    c10h_train    : 0.1870 (acc: 0.9899) | c10h_val    : 0.2772 (acc: 0.9580)
[2018/09/25 13:26:44 __main__ INFO] - -            c10h_train_c10: 0.0610 (acc: 0.9863) | c10h_val_c10: 0.1302 (acc: 0.9620)
[2018/09/25 13:26:44 __main__ INFO] - -            v4            : 0.3600 (acc: 0.8852) |           v6: 0.3401 (acc: 0.8915)
[2018/09/25 13:26:44 __main__ INFO] - -            c10_50k       : 0.0642 (acc: 0.9925)
[2018/09/25 13:26:44 __main__ INFO] - Elapsed 49.12
keys:  dict_keys(['epoch', 'c10h_train_loss', 'c10h_train_acc', 'c10h_val_loss', 'c10h_val_acc', 'c10h_train_c10_loss', 'c10h_train_c10_acc', 'c10h_val_c10_loss', 'c10h_val_c10_acc', 'v4_loss', 'v4_acc', 'v6_loss', 'v6_acc', 'c10_50k_loss', 'c10_50k_acc']) 
 c10h_outdir:  /tigress/ruairidh/model_results/run_1/saves/wrn_28_10/con_False_lr_0.01_seed_0
[2018/09/25 13:26:45 __main__ INFO] - Train 42
[2018/09/25 13:27:05 __main__ INFO] - TEST 42
[2018/09/25 13:27:54 __main__ INFO] - - epoch 42    c10h_train    : 0.1861 (acc: 0.9909) | c10h_val    : 0.2838 (acc: 0.9540)
[2018/09/25 13:27:54 __main__ INFO] - -            c10h_train_c10: 0.0646 (acc: 0.9862) | c10h_val_c10: 0.1460 (acc: 0.9580)
[2018/09/25 13:27:54 __main__ INFO] - -            v4            : 0.3645 (acc: 0.8872) |           v6: 0.3428 (acc: 0.8915)
[2018/09/25 13:27:54 __main__ INFO] - -            c10_50k       : 0.0667 (acc: 0.9928)
[2018/09/25 13:27:54 __main__ INFO] - Elapsed 48.89
keys:  dict_keys(['epoch', 'c10h_train_loss', 'c10h_train_acc', 'c10h_val_loss', 'c10h_val_acc', 'c10h_train_c10_loss', 'c10h_train_c10_acc', 'c10h_val_c10_loss', 'c10h_val_c10_acc', 'v4_loss', 'v4_acc', 'v6_loss', 'v6_acc', 'c10_50k_loss', 'c10_50k_acc']) 
 c10h_outdir:  /tigress/ruairidh/model_results/run_1/saves/wrn_28_10/con_False_lr_0.01_seed_0
[2018/09/25 13:27:55 __main__ INFO] - Train 43
[2018/09/25 13:28:14 __main__ INFO] - TEST 43
[2018/09/25 13:29:03 __main__ INFO] - - epoch 43    c10h_train    : 0.1863 (acc: 0.9906) | c10h_val    : 0.2838 (acc: 0.9530)
[2018/09/25 13:29:03 __main__ INFO] - -            c10h_train_c10: 0.0625 (acc: 0.9859) | c10h_val_c10: 0.1436 (acc: 0.9570)
[2018/09/25 13:29:03 __main__ INFO] - -            v4            : 0.3832 (acc: 0.8852) |           v6: 0.3570 (acc: 0.8865)
[2018/09/25 13:29:03 __main__ INFO] - -            c10_50k       : 0.0655 (acc: 0.9918)
[2018/09/25 13:29:03 __main__ INFO] - Elapsed 49.05
keys:  dict_keys(['epoch', 'c10h_train_loss', 'c10h_train_acc', 'c10h_val_loss', 'c10h_val_acc', 'c10h_train_c10_loss', 'c10h_train_c10_acc', 'c10h_val_c10_loss', 'c10h_val_c10_acc', 'v4_loss', 'v4_acc', 'v6_loss', 'v6_acc', 'c10_50k_loss', 'c10_50k_acc']) 
 c10h_outdir:  /tigress/ruairidh/model_results/run_1/saves/wrn_28_10/con_False_lr_0.01_seed_0
[2018/09/25 13:29:05 __main__ INFO] - Train 44
[2018/09/25 13:29:25 __main__ INFO] - TEST 44
[2018/09/25 13:30:14 __main__ INFO] - - epoch 44    c10h_train    : 0.1851 (acc: 0.9909) | c10h_val    : 0.2815 (acc: 0.9520)
[2018/09/25 13:30:14 __main__ INFO] - -            c10h_train_c10: 0.0616 (acc: 0.9864) | c10h_val_c10: 0.1370 (acc: 0.9560)
[2018/09/25 13:30:14 __main__ INFO] - -            v4            : 0.3619 (acc: 0.8857) |           v6: 0.3372 (acc: 0.8930)
[2018/09/25 13:30:14 __main__ INFO] - -            c10_50k       : 0.0632 (acc: 0.9932)
[2018/09/25 13:30:14 __main__ INFO] - Elapsed 49.04
keys:  dict_keys(['epoch', 'c10h_train_loss', 'c10h_train_acc', 'c10h_val_loss', 'c10h_val_acc', 'c10h_train_c10_loss', 'c10h_train_c10_acc', 'c10h_val_c10_loss', 'c10h_val_c10_acc', 'v4_loss', 'v4_acc', 'v6_loss', 'v6_acc', 'c10_50k_loss', 'c10_50k_acc']) 
 c10h_outdir:  /tigress/ruairidh/model_results/run_1/saves/wrn_28_10/con_False_lr_0.01_seed_0
[2018/09/25 13:30:15 __main__ INFO] - Train 45
[2018/09/25 13:30:34 __main__ INFO] - TEST 45
[2018/09/25 13:31:23 __main__ INFO] - - epoch 45    c10h_train    : 0.1853 (acc: 0.9907) | c10h_val    : 0.2888 (acc: 0.9480)
[2018/09/25 13:31:23 __main__ INFO] - -            c10h_train_c10: 0.0641 (acc: 0.9859) | c10h_val_c10: 0.1488 (acc: 0.9520)
[2018/09/25 13:31:23 __main__ INFO] - -            v4            : 0.3552 (acc: 0.8882) |           v6: 0.3414 (acc: 0.8890)
[2018/09/25 13:31:23 __main__ INFO] - -            c10_50k       : 0.0667 (acc: 0.9925)
[2018/09/25 13:31:23 __main__ INFO] - Elapsed 48.79
keys:  dict_keys(['epoch', 'c10h_train_loss', 'c10h_train_acc', 'c10h_val_loss', 'c10h_val_acc', 'c10h_train_c10_loss', 'c10h_train_c10_acc', 'c10h_val_c10_loss', 'c10h_val_c10_acc', 'v4_loss', 'v4_acc', 'v6_loss', 'v6_acc', 'c10_50k_loss', 'c10_50k_acc']) 
 c10h_outdir:  /tigress/ruairidh/model_results/run_1/saves/wrn_28_10/con_False_lr_0.01_seed_0
[2018/09/25 13:31:25 __main__ INFO] - Train 46
[2018/09/25 13:31:44 __main__ INFO] - TEST 46
[2018/09/25 13:32:33 __main__ INFO] - - epoch 46    c10h_train    : 0.1851 (acc: 0.9909) | c10h_val    : 0.2882 (acc: 0.9530)
[2018/09/25 13:32:33 __main__ INFO] - -            c10h_train_c10: 0.0633 (acc: 0.9869) | c10h_val_c10: 0.1434 (acc: 0.9570)
[2018/09/25 13:32:33 __main__ INFO] - -            v4            : 0.3718 (acc: 0.8803) |           v6: 0.3420 (acc: 0.8925)
[2018/09/25 13:32:33 __main__ INFO] - -            c10_50k       : 0.0640 (acc: 0.9925)
[2018/09/25 13:32:33 __main__ INFO] - Elapsed 49.11
keys:  dict_keys(['epoch', 'c10h_train_loss', 'c10h_train_acc', 'c10h_val_loss', 'c10h_val_acc', 'c10h_train_c10_loss', 'c10h_train_c10_acc', 'c10h_val_c10_loss', 'c10h_val_c10_acc', 'v4_loss', 'v4_acc', 'v6_loss', 'v6_acc', 'c10_50k_loss', 'c10_50k_acc']) 
 c10h_outdir:  /tigress/ruairidh/model_results/run_1/saves/wrn_28_10/con_False_lr_0.01_seed_0
[2018/09/25 13:32:36 __main__ INFO] - Train 47
[2018/09/25 13:32:56 __main__ INFO] - TEST 47
[2018/09/25 13:33:45 __main__ INFO] - - epoch 47    c10h_train    : 0.1852 (acc: 0.9894) | c10h_val    : 0.2868 (acc: 0.9490)
[2018/09/25 13:33:45 __main__ INFO] - -            c10h_train_c10: 0.0634 (acc: 0.9866) | c10h_val_c10: 0.1454 (acc: 0.9530)
[2018/09/25 13:33:45 __main__ INFO] - -            v4            : 0.3829 (acc: 0.8709) |           v6: 0.3479 (acc: 0.8850)
[2018/09/25 13:33:45 __main__ INFO] - -            c10_50k       : 0.0671 (acc: 0.9919)
[2018/09/25 13:33:45 __main__ INFO] - Elapsed 49.00
keys:  dict_keys(['epoch', 'c10h_train_loss', 'c10h_train_acc', 'c10h_val_loss', 'c10h_val_acc', 'c10h_train_c10_loss', 'c10h_train_c10_acc', 'c10h_val_c10_loss', 'c10h_val_c10_acc', 'v4_loss', 'v4_acc', 'v6_loss', 'v6_acc', 'c10_50k_loss', 'c10_50k_acc']) 
 c10h_outdir:  /tigress/ruairidh/model_results/run_1/saves/wrn_28_10/con_False_lr_0.01_seed_0
[2018/09/25 13:33:46 __main__ INFO] - Train 48
[2018/09/25 13:34:06 __main__ INFO] - TEST 48
[2018/09/25 13:34:55 __main__ INFO] - - epoch 48    c10h_train    : 0.1834 (acc: 0.9902) | c10h_val    : 0.2812 (acc: 0.9560)
[2018/09/25 13:34:55 __main__ INFO] - -            c10h_train_c10: 0.0643 (acc: 0.9866) | c10h_val_c10: 0.1370 (acc: 0.9600)
[2018/09/25 13:34:55 __main__ INFO] - -            v4            : 0.3660 (acc: 0.8852) |           v6: 0.3314 (acc: 0.8960)
[2018/09/25 13:34:55 __main__ INFO] - -            c10_50k       : 0.0664 (acc: 0.9923)
[2018/09/25 13:34:55 __main__ INFO] - Elapsed 49.42
keys:  dict_keys(['epoch', 'c10h_train_loss', 'c10h_train_acc', 'c10h_val_loss', 'c10h_val_acc', 'c10h_train_c10_loss', 'c10h_train_c10_acc', 'c10h_val_c10_loss', 'c10h_val_c10_acc', 'v4_loss', 'v4_acc', 'v6_loss', 'v6_acc', 'c10_50k_loss', 'c10_50k_acc']) 
 c10h_outdir:  /tigress/ruairidh/model_results/run_1/saves/wrn_28_10/con_False_lr_0.01_seed_0
[2018/09/25 13:34:58 __main__ INFO] - Train 49
[2018/09/25 13:35:17 __main__ INFO] - TEST 49
[2018/09/25 13:36:07 __main__ INFO] - - epoch 49    c10h_train    : 0.1846 (acc: 0.9904) | c10h_val    : 0.2834 (acc: 0.9520)
[2018/09/25 13:36:07 __main__ INFO] - -            c10h_train_c10: 0.0637 (acc: 0.9868) | c10h_val_c10: 0.1383 (acc: 0.9560)
[2018/09/25 13:36:07 __main__ INFO] - -            v4            : 0.3791 (acc: 0.8808) |           v6: 0.3426 (acc: 0.8900)
[2018/09/25 13:36:07 __main__ INFO] - -            c10_50k       : 0.0690 (acc: 0.9906)
[2018/09/25 13:36:07 __main__ INFO] - Elapsed 49.20
keys:  dict_keys(['epoch', 'c10h_train_loss', 'c10h_train_acc', 'c10h_val_loss', 'c10h_val_acc', 'c10h_train_c10_loss', 'c10h_train_c10_acc', 'c10h_val_c10_loss', 'c10h_val_c10_acc', 'v4_loss', 'v4_acc', 'v6_loss', 'v6_acc', 'c10_50k_loss', 'c10_50k_acc']) 
 c10h_outdir:  /tigress/ruairidh/model_results/run_1/saves/wrn_28_10/con_False_lr_0.01_seed_0
[2018/09/25 13:36:07 __main__ INFO] - Train 50
[2018/09/25 13:36:27 __main__ INFO] - TEST 50
[2018/09/25 13:37:16 __main__ INFO] - - epoch 50    c10h_train    : 0.1829 (acc: 0.9906) | c10h_val    : 0.2844 (acc: 0.9540)
[2018/09/25 13:37:16 __main__ INFO] - -            c10h_train_c10: 0.0631 (acc: 0.9866) | c10h_val_c10: 0.1385 (acc: 0.9580)
[2018/09/25 13:37:16 __main__ INFO] - -            v4            : 0.3719 (acc: 0.8827) |           v6: 0.3417 (acc: 0.8945)
[2018/09/25 13:37:16 __main__ INFO] - -            c10_50k       : 0.0632 (acc: 0.9926)
[2018/09/25 13:37:16 __main__ INFO] - Elapsed 49.26
keys:  dict_keys(['epoch', 'c10h_train_loss', 'c10h_train_acc', 'c10h_val_loss', 'c10h_val_acc', 'c10h_train_c10_loss', 'c10h_train_c10_acc', 'c10h_val_c10_loss', 'c10h_val_c10_acc', 'v4_loss', 'v4_acc', 'v6_loss', 'v6_acc', 'c10_50k_loss', 'c10_50k_acc']) 
 c10h_outdir:  /tigress/ruairidh/model_results/run_1/saves/wrn_28_10/con_False_lr_0.01_seed_0
[2018/09/25 13:37:19 __main__ INFO] - Train 51
[2018/09/25 13:37:38 __main__ INFO] - TEST 51
[2018/09/25 13:38:27 __main__ INFO] - - epoch 51    c10h_train    : 0.1830 (acc: 0.9901) | c10h_val    : 0.2753 (acc: 0.9520)
[2018/09/25 13:38:28 __main__ INFO] - -            c10h_train_c10: 0.0647 (acc: 0.9841) | c10h_val_c10: 0.1297 (acc: 0.9560)
[2018/09/25 13:38:28 __main__ INFO] - -            v4            : 0.3721 (acc: 0.8728) |           v6: 0.3403 (acc: 0.8895)
[2018/09/25 13:38:28 __main__ INFO] - -            c10_50k       : 0.0652 (acc: 0.9920)
[2018/09/25 13:38:28 __main__ INFO] - Elapsed 49.01
keys:  dict_keys(['epoch', 'c10h_train_loss', 'c10h_train_acc', 'c10h_val_loss', 'c10h_val_acc', 'c10h_train_c10_loss', 'c10h_train_c10_acc', 'c10h_val_c10_loss', 'c10h_val_c10_acc', 'v4_loss', 'v4_acc', 'v6_loss', 'v6_acc', 'c10_50k_loss', 'c10_50k_acc']) 
 c10h_outdir:  /tigress/ruairidh/model_results/run_1/saves/wrn_28_10/con_False_lr_0.01_seed_0
[2018/09/25 13:38:29 __main__ INFO] - Train 52
[2018/09/25 13:38:49 __main__ INFO] - TEST 52
[2018/09/25 13:39:37 __main__ INFO] - - epoch 52    c10h_train    : 0.1831 (acc: 0.9897) | c10h_val    : 0.2811 (acc: 0.9550)
[2018/09/25 13:39:38 __main__ INFO] - -            c10h_train_c10: 0.0615 (acc: 0.9849) | c10h_val_c10: 0.1333 (acc: 0.9590)
[2018/09/25 13:39:38 __main__ INFO] - -            v4            : 0.3660 (acc: 0.8827) |           v6: 0.3431 (acc: 0.8895)
[2018/09/25 13:39:38 __main__ INFO] - -            c10_50k       : 0.0629 (acc: 0.9923)
[2018/09/25 13:39:38 __main__ INFO] - Elapsed 48.92
keys:  dict_keys(['epoch', 'c10h_train_loss', 'c10h_train_acc', 'c10h_val_loss', 'c10h_val_acc', 'c10h_train_c10_loss', 'c10h_train_c10_acc', 'c10h_val_c10_loss', 'c10h_val_c10_acc', 'v4_loss', 'v4_acc', 'v6_loss', 'v6_acc', 'c10_50k_loss', 'c10_50k_acc']) 
 c10h_outdir:  /tigress/ruairidh/model_results/run_1/saves/wrn_28_10/con_False_lr_0.01_seed_0
[2018/09/25 13:39:38 __main__ INFO] - Train 53
[2018/09/25 13:39:58 __main__ INFO] - TEST 53
[2018/09/25 13:40:47 __main__ INFO] - - epoch 53    c10h_train    : 0.1819 (acc: 0.9909) | c10h_val    : 0.2765 (acc: 0.9590)
[2018/09/25 13:40:47 __main__ INFO] - -            c10h_train_c10: 0.0603 (acc: 0.9873) | c10h_val_c10: 0.1316 (acc: 0.9630)
[2018/09/25 13:40:47 __main__ INFO] - -            v4            : 0.3756 (acc: 0.8783) |           v6: 0.3401 (acc: 0.8875)
[2018/09/25 13:40:47 __main__ INFO] - -            c10_50k       : 0.0614 (acc: 0.9929)
[2018/09/25 13:40:47 __main__ INFO] - Elapsed 49.21
keys:  dict_keys(['epoch', 'c10h_train_loss', 'c10h_train_acc', 'c10h_val_loss', 'c10h_val_acc', 'c10h_train_c10_loss', 'c10h_train_c10_acc', 'c10h_val_c10_loss', 'c10h_val_c10_acc', 'v4_loss', 'v4_acc', 'v6_loss', 'v6_acc', 'c10_50k_loss', 'c10_50k_acc']) 
 c10h_outdir:  /tigress/ruairidh/model_results/run_1/saves/wrn_28_10/con_False_lr_0.01_seed_0
[2018/09/25 13:40:47 __main__ INFO] - Train 54
[2018/09/25 13:41:07 __main__ INFO] - TEST 54
[2018/09/25 13:41:56 __main__ INFO] - - epoch 54    c10h_train    : 0.1822 (acc: 0.9910) | c10h_val    : 0.2748 (acc: 0.9570)
[2018/09/25 13:41:56 __main__ INFO] - -            c10h_train_c10: 0.0664 (acc: 0.9870) | c10h_val_c10: 0.1331 (acc: 0.9610)
[2018/09/25 13:41:56 __main__ INFO] - -            v4            : 0.3695 (acc: 0.8862) |           v6: 0.3329 (acc: 0.8970)
[2018/09/25 13:41:56 __main__ INFO] - -            c10_50k       : 0.0683 (acc: 0.9920)
[2018/09/25 13:41:56 __main__ INFO] - Elapsed 48.83
keys:  dict_keys(['epoch', 'c10h_train_loss', 'c10h_train_acc', 'c10h_val_loss', 'c10h_val_acc', 'c10h_train_c10_loss', 'c10h_train_c10_acc', 'c10h_val_c10_loss', 'c10h_val_c10_acc', 'v4_loss', 'v4_acc', 'v6_loss', 'v6_acc', 'c10_50k_loss', 'c10_50k_acc']) 
 c10h_outdir:  /tigress/ruairidh/model_results/run_1/saves/wrn_28_10/con_False_lr_0.01_seed_0
[2018/09/25 13:41:56 __main__ INFO] - Train 55
[2018/09/25 13:42:16 __main__ INFO] - TEST 55
[2018/09/25 13:43:05 __main__ INFO] - - epoch 55    c10h_train    : 0.1827 (acc: 0.9896) | c10h_val    : 0.2811 (acc: 0.9560)
[2018/09/25 13:43:05 __main__ INFO] - -            c10h_train_c10: 0.0645 (acc: 0.9864) | c10h_val_c10: 0.1373 (acc: 0.9600)
[2018/09/25 13:43:05 __main__ INFO] - -            v4            : 0.3743 (acc: 0.8803) |           v6: 0.3421 (acc: 0.8930)
[2018/09/25 13:43:05 __main__ INFO] - -            c10_50k       : 0.0654 (acc: 0.9933)
[2018/09/25 13:43:05 __main__ INFO] - Elapsed 48.90
keys:  dict_keys(['epoch', 'c10h_train_loss', 'c10h_train_acc', 'c10h_val_loss', 'c10h_val_acc', 'c10h_train_c10_loss', 'c10h_train_c10_acc', 'c10h_val_c10_loss', 'c10h_val_c10_acc', 'v4_loss', 'v4_acc', 'v6_loss', 'v6_acc', 'c10_50k_loss', 'c10_50k_acc']) 
 c10h_outdir:  /tigress/ruairidh/model_results/run_1/saves/wrn_28_10/con_False_lr_0.01_seed_0
[2018/09/25 13:43:08 __main__ INFO] - Train 56
[2018/09/25 13:43:27 __main__ INFO] - TEST 56
[2018/09/25 13:44:16 __main__ INFO] - - epoch 56    c10h_train    : 0.1818 (acc: 0.9906) | c10h_val    : 0.2805 (acc: 0.9540)
[2018/09/25 13:44:16 __main__ INFO] - -            c10h_train_c10: 0.0637 (acc: 0.9867) | c10h_val_c10: 0.1378 (acc: 0.9580)
[2018/09/25 13:44:16 __main__ INFO] - -            v4            : 0.3902 (acc: 0.8773) |           v6: 0.3600 (acc: 0.8860)
[2018/09/25 13:44:16 __main__ INFO] - -            c10_50k       : 0.0640 (acc: 0.9921)
[2018/09/25 13:44:16 __main__ INFO] - Elapsed 49.17
keys:  dict_keys(['epoch', 'c10h_train_loss', 'c10h_train_acc', 'c10h_val_loss', 'c10h_val_acc', 'c10h_train_c10_loss', 'c10h_train_c10_acc', 'c10h_val_c10_loss', 'c10h_val_c10_acc', 'v4_loss', 'v4_acc', 'v6_loss', 'v6_acc', 'c10_50k_loss', 'c10_50k_acc']) 
 c10h_outdir:  /tigress/ruairidh/model_results/run_1/saves/wrn_28_10/con_False_lr_0.01_seed_0
[2018/09/25 13:44:19 __main__ INFO] - Train 57
[2018/09/25 13:44:38 __main__ INFO] - TEST 57
[2018/09/25 13:45:27 __main__ INFO] - - epoch 57    c10h_train    : 0.1812 (acc: 0.9901) | c10h_val    : 0.2822 (acc: 0.9560)
[2018/09/25 13:45:27 __main__ INFO] - -            c10h_train_c10: 0.0663 (acc: 0.9858) | c10h_val_c10: 0.1413 (acc: 0.9580)
[2018/09/25 13:45:27 __main__ INFO] - -            v4            : 0.3712 (acc: 0.8808) |           v6: 0.3400 (acc: 0.8950)
[2018/09/25 13:45:27 __main__ INFO] - -            c10_50k       : 0.0669 (acc: 0.9930)
[2018/09/25 13:45:27 __main__ INFO] - Elapsed 48.97
keys:  dict_keys(['epoch', 'c10h_train_loss', 'c10h_train_acc', 'c10h_val_loss', 'c10h_val_acc', 'c10h_train_c10_loss', 'c10h_train_c10_acc', 'c10h_val_c10_loss', 'c10h_val_c10_acc', 'v4_loss', 'v4_acc', 'v6_loss', 'v6_acc', 'c10_50k_loss', 'c10_50k_acc']) 
 c10h_outdir:  /tigress/ruairidh/model_results/run_1/saves/wrn_28_10/con_False_lr_0.01_seed_0
[2018/09/25 13:45:31 __main__ INFO] - Train 58
[2018/09/25 13:45:50 __main__ INFO] - TEST 58
[2018/09/25 13:46:40 __main__ INFO] - - epoch 58    c10h_train    : 0.1807 (acc: 0.9913) | c10h_val    : 0.2791 (acc: 0.9520)
[2018/09/25 13:46:40 __main__ INFO] - -            c10h_train_c10: 0.0656 (acc: 0.9872) | c10h_val_c10: 0.1351 (acc: 0.9560)
[2018/09/25 13:46:40 __main__ INFO] - -            v4            : 0.3826 (acc: 0.8803) |           v6: 0.3370 (acc: 0.8970)
[2018/09/25 13:46:40 __main__ INFO] - -            c10_50k       : 0.0673 (acc: 0.9920)
[2018/09/25 13:46:40 __main__ INFO] - Elapsed 49.35
keys:  dict_keys(['epoch', 'c10h_train_loss', 'c10h_train_acc', 'c10h_val_loss', 'c10h_val_acc', 'c10h_train_c10_loss', 'c10h_train_c10_acc', 'c10h_val_c10_loss', 'c10h_val_c10_acc', 'v4_loss', 'v4_acc', 'v6_loss', 'v6_acc', 'c10_50k_loss', 'c10_50k_acc']) 
 c10h_outdir:  /tigress/ruairidh/model_results/run_1/saves/wrn_28_10/con_False_lr_0.01_seed_0
[2018/09/25 13:46:43 __main__ INFO] - Train 59
[2018/09/25 13:47:03 __main__ INFO] - TEST 59
[2018/09/25 13:47:52 __main__ INFO] - - epoch 59    c10h_train    : 0.1809 (acc: 0.9908) | c10h_val    : 0.2890 (acc: 0.9500)
[2018/09/25 13:47:52 __main__ INFO] - -            c10h_train_c10: 0.0584 (acc: 0.9863) | c10h_val_c10: 0.1351 (acc: 0.9540)
[2018/09/25 13:47:52 __main__ INFO] - -            v4            : 0.3739 (acc: 0.8743) |           v6: 0.3338 (acc: 0.8985)
[2018/09/25 13:47:52 __main__ INFO] - -            c10_50k       : 0.0593 (acc: 0.9922)
[2018/09/25 13:47:52 __main__ INFO] - Elapsed 49.03
keys:  dict_keys(['epoch', 'c10h_train_loss', 'c10h_train_acc', 'c10h_val_loss', 'c10h_val_acc', 'c10h_train_c10_loss', 'c10h_train_c10_acc', 'c10h_val_c10_loss', 'c10h_val_c10_acc', 'v4_loss', 'v4_acc', 'v6_loss', 'v6_acc', 'c10_50k_loss', 'c10_50k_acc']) 
 c10h_outdir:  /tigress/ruairidh/model_results/run_1/saves/wrn_28_10/con_False_lr_0.01_seed_0
[2018/09/25 13:47:53 __main__ INFO] - Train 60
[2018/09/25 13:48:12 __main__ INFO] - TEST 60
[2018/09/25 13:49:01 __main__ INFO] - - epoch 60    c10h_train    : 0.1801 (acc: 0.9910) | c10h_val    : 0.2829 (acc: 0.9490)
[2018/09/25 13:49:01 __main__ INFO] - -            c10h_train_c10: 0.0614 (acc: 0.9870) | c10h_val_c10: 0.1344 (acc: 0.9530)
[2018/09/25 13:49:01 __main__ INFO] - -            v4            : 0.3657 (acc: 0.8812) |           v6: 0.3376 (acc: 0.8915)
[2018/09/25 13:49:01 __main__ INFO] - -            c10_50k       : 0.0635 (acc: 0.9929)
[2018/09/25 13:49:01 __main__ INFO] - Elapsed 48.80
keys:  dict_keys(['epoch', 'c10h_train_loss', 'c10h_train_acc', 'c10h_val_loss', 'c10h_val_acc', 'c10h_train_c10_loss', 'c10h_train_c10_acc', 'c10h_val_c10_loss', 'c10h_val_c10_acc', 'v4_loss', 'v4_acc', 'v6_loss', 'v6_acc', 'c10_50k_loss', 'c10_50k_acc']) 
 c10h_outdir:  /tigress/ruairidh/model_results/run_1/saves/wrn_28_10/con_False_lr_0.01_seed_0
[2018/09/25 13:49:03 __main__ INFO] - Train 61
[2018/09/25 13:49:22 __main__ INFO] - TEST 61
[2018/09/25 13:50:11 __main__ INFO] - - epoch 61    c10h_train    : 0.1784 (acc: 0.9913) | c10h_val    : 0.2791 (acc: 0.9510)
[2018/09/25 13:50:11 __main__ INFO] - -            c10h_train_c10: 0.0620 (acc: 0.9869) | c10h_val_c10: 0.1334 (acc: 0.9550)
[2018/09/25 13:50:11 __main__ INFO] - -            v4            : 0.3624 (acc: 0.8847) |           v6: 0.3377 (acc: 0.8970)
[2018/09/25 13:50:11 __main__ INFO] - -            c10_50k       : 0.0627 (acc: 0.9930)
[2018/09/25 13:50:11 __main__ INFO] - Elapsed 48.89
keys:  dict_keys(['epoch', 'c10h_train_loss', 'c10h_train_acc', 'c10h_val_loss', 'c10h_val_acc', 'c10h_train_c10_loss', 'c10h_train_c10_acc', 'c10h_val_c10_loss', 'c10h_val_c10_acc', 'v4_loss', 'v4_acc', 'v6_loss', 'v6_acc', 'c10_50k_loss', 'c10_50k_acc']) 
 c10h_outdir:  /tigress/ruairidh/model_results/run_1/saves/wrn_28_10/con_False_lr_0.01_seed_0
[2018/09/25 13:50:12 __main__ INFO] - Train 62
[2018/09/25 13:50:32 __main__ INFO] - TEST 62
[2018/09/25 13:51:21 __main__ INFO] - - epoch 62    c10h_train    : 0.1781 (acc: 0.9919) | c10h_val    : 0.2800 (acc: 0.9520)
[2018/09/25 13:51:21 __main__ INFO] - -            c10h_train_c10: 0.0616 (acc: 0.9864) | c10h_val_c10: 0.1321 (acc: 0.9560)
[2018/09/25 13:51:21 __main__ INFO] - -            v4            : 0.3685 (acc: 0.8827) |           v6: 0.3353 (acc: 0.8950)
[2018/09/25 13:51:21 __main__ INFO] - -            c10_50k       : 0.0611 (acc: 0.9931)
[2018/09/25 13:51:21 __main__ INFO] - Elapsed 49.16
keys:  dict_keys(['epoch', 'c10h_train_loss', 'c10h_train_acc', 'c10h_val_loss', 'c10h_val_acc', 'c10h_train_c10_loss', 'c10h_train_c10_acc', 'c10h_val_c10_loss', 'c10h_val_c10_acc', 'v4_loss', 'v4_acc', 'v6_loss', 'v6_acc', 'c10_50k_loss', 'c10_50k_acc']) 
 c10h_outdir:  /tigress/ruairidh/model_results/run_1/saves/wrn_28_10/con_False_lr_0.01_seed_0
[2018/09/25 13:51:21 __main__ INFO] - Train 63
[2018/09/25 13:51:41 __main__ INFO] - TEST 63
[2018/09/25 13:52:30 __main__ INFO] - - epoch 63    c10h_train    : 0.1775 (acc: 0.9920) | c10h_val    : 0.2770 (acc: 0.9540)
[2018/09/25 13:52:30 __main__ INFO] - -            c10h_train_c10: 0.0625 (acc: 0.9874) | c10h_val_c10: 0.1307 (acc: 0.9580)
[2018/09/25 13:52:30 __main__ INFO] - -            v4            : 0.3600 (acc: 0.8837) |           v6: 0.3366 (acc: 0.8990)
[2018/09/25 13:52:30 __main__ INFO] - -            c10_50k       : 0.0628 (acc: 0.9934)
[2018/09/25 13:52:30 __main__ INFO] - Elapsed 48.93
keys:  dict_keys(['epoch', 'c10h_train_loss', 'c10h_train_acc', 'c10h_val_loss', 'c10h_val_acc', 'c10h_train_c10_loss', 'c10h_train_c10_acc', 'c10h_val_c10_loss', 'c10h_val_c10_acc', 'v4_loss', 'v4_acc', 'v6_loss', 'v6_acc', 'c10_50k_loss', 'c10_50k_acc']) 
 c10h_outdir:  /tigress/ruairidh/model_results/run_1/saves/wrn_28_10/con_False_lr_0.01_seed_0
[2018/09/25 13:52:31 __main__ INFO] - Train 64
slurmstepd: error: *** JOB 1456664 ON tiger-i20g7 CANCELLED AT 2018-09-25T13:52:46 DUE TO TIME LIMIT ***
