entering inner script
activating virtual env
wrn_28_10
identifier: con_False_lr_0.01_seed_1
--arch=wrn --c10h_save_interval=2 --dataset=CIFAR10H --no_output --c10h_datasplit_seed=1 --human_tune --nonhuman_control=False --base_lr=0.01
wrn_28_10_control:False_lr:0.01_seed:1.out
entering python script
/tigress/ruairidh/model_results/run_1/wrn_28_10/model_best_state.pth
/tigress/ruairidh/model_results/run_1/saves/wrn_28_10/con_False_lr_0.01_seed_1
Using TensorFlow backend.
[2018/09/25 12:37:42 __main__ INFO] - {
  "model_config": {
    "arch": "wrn",
    "input_shape": [
      1,
      3,
      32,
      32
    ],
    "n_classes": 10,
    "base_channels": 16,
    "depth": 28,
    "widening_factor": 10,
    "drop_rate": 0
  },
  "optim_config": {
    "epochs": 200,
    "batch_size": 128,
    "optimizer": "sgd",
    "base_lr": 0.01,
    "weight_decay": 0.0005,
    "momentum": 0.9,
    "nesterov": true,
    "scheduler": "multistep",
    "milestones": [
      60,
      120,
      160
    ],
    "lr_decay": 0.2
  },
  "data_config": {
    "dataset": "CIFAR10H",
    "n_classes": 10,
    "num_workers": 7,
    "batch_size": 128,
    "use_cutout": false,
    "use_random_erasing": false,
    "use_mixup": false,
    "c10h_sample": false,
    "c10h_testsplit_percent": 0.1,
    "c10h_datasplit_seed": 1,
    "use_gpu": true
  },
  "run_config": {
    "seed": 17,
    "test_first": true,
    "gpu": "0",
    "tensorboard": false,
    "tensorboard_train_images": false,
    "tensorboard_test_images": false,
    "tensorboard_model_params": false,
    "resume": "/tigress/ruairidh/model_results/run_1/wrn_28_10/model_best_state.pth",
    "human_tune": true,
    "no_output": true,
    "test_only": false,
    "nonhuman_control": false,
    "c10h_scores_outdir": "/tigress/ruairidh/model_results/run_1/saves/wrn_28_10/con_False_lr_0.01_seed_1",
    "c10h_save_interval": "2",
    "use_gpu": true
  },
  "env_info": {
    "pytorch_version": "0.4.1",
    "cuda_version": "9.0.176",
    "cudnn_version": 7102,
    "gpu0": {
      "name": "Tesla P100-PCIE-16GB",
      "capability": "6.0"
    }
  }
}
Files already downloaded and verified
Files already downloaded and verified
Files already downloaded and verified
Files already downloaded and verified
Files already downloaded and verified
[2018/09/25 12:37:46 __main__ INFO] - Loading model...
[2018/09/25 12:37:47 __main__ INFO] - n_params: 36479194
[2018/09/25 12:37:48 __main__ INFO] - Done
=> loading checkpoint '/tigress/ruairidh/model_results/run_1/wrn_28_10/model_best_state.pth'
=> loaded checkpoint '/tigress/ruairidh/model_results/run_1/wrn_28_10/model_best_state.pth' (epoch 197)
[2018/09/25 12:37:50 __main__ INFO] - TEST 0
[2018/09/25 12:38:41 __main__ INFO] - - epoch 0    c10h_train    : 0.4616 (acc: 0.9479) | c10h_val    : 0.4554 (acc: 0.9650)
[2018/09/25 12:38:42 __main__ INFO] - -            c10h_train_c10: 0.1773 (acc: 0.9502) | c10h_val_c10: 0.1349 (acc: 0.9690)
[2018/09/25 12:38:42 __main__ INFO] - -            v4            : 0.4034 (acc: 0.8986) |           v6: 0.3818 (acc: 0.9100)
[2018/09/25 12:38:42 __main__ INFO] - -            c10_50k       : 0.0012 (acc: 1.0000)
[2018/09/25 12:38:42 __main__ INFO] - Elapsed 51.29
keys:  dict_keys(['epoch', 'c10h_train_loss', 'c10h_train_acc', 'c10h_val_loss', 'c10h_val_acc', 'c10h_train_c10_loss', 'c10h_train_c10_acc', 'c10h_val_c10_loss', 'c10h_val_c10_acc', 'v4_loss', 'v4_acc', 'v6_loss', 'v6_acc', 'c10_50k_loss', 'c10_50k_acc']) 
 c10h_outdir:  /tigress/ruairidh/model_results/run_1/saves/wrn_28_10/con_False_lr_0.01_seed_1
[2018/09/25 12:38:43 __main__ INFO] - Train 1
[2018/09/25 12:39:04 __main__ INFO] - TEST 1
[2018/09/25 12:39:53 __main__ INFO] - - epoch 1    c10h_train    : 0.3223 (acc: 0.9438) | c10h_val    : 0.3712 (acc: 0.9350)
[2018/09/25 12:39:53 __main__ INFO] - -            c10h_train_c10: 0.1893 (acc: 0.9444) | c10h_val_c10: 0.2292 (acc: 0.9370)
[2018/09/25 12:39:53 __main__ INFO] - -            v4            : 0.5053 (acc: 0.8263) |           v6: 0.4730 (acc: 0.8335)
[2018/09/25 12:39:53 __main__ INFO] - -            c10_50k       : 0.1269 (acc: 0.9760)
[2018/09/25 12:39:53 __main__ INFO] - Elapsed 49.18
keys:  dict_keys(['epoch', 'c10h_train_loss', 'c10h_train_acc', 'c10h_val_loss', 'c10h_val_acc', 'c10h_train_c10_loss', 'c10h_train_c10_acc', 'c10h_val_c10_loss', 'c10h_val_c10_acc', 'v4_loss', 'v4_acc', 'v6_loss', 'v6_acc', 'c10_50k_loss', 'c10_50k_acc']) 
 c10h_outdir:  /tigress/ruairidh/model_results/run_1/saves/wrn_28_10/con_False_lr_0.01_seed_1
[2018/09/25 12:39:55 __main__ INFO] - Train 2
[2018/09/25 12:40:14 __main__ INFO] - TEST 2
[2018/09/25 12:41:03 __main__ INFO] - - epoch 2    c10h_train    : 0.2784 (acc: 0.9604) | c10h_val    : 0.3453 (acc: 0.9260)
[2018/09/25 12:41:03 __main__ INFO] - -            c10h_train_c10: 0.1380 (acc: 0.9600) | c10h_val_c10: 0.1978 (acc: 0.9250)
[2018/09/25 12:41:03 __main__ INFO] - -            v4            : 0.4540 (acc: 0.8491) |           v6: 0.3866 (acc: 0.8745)
[2018/09/25 12:41:03 __main__ INFO] - -            c10_50k       : 0.0961 (acc: 0.9820)
[2018/09/25 12:41:03 __main__ INFO] - Elapsed 49.11
keys:  dict_keys(['epoch', 'c10h_train_loss', 'c10h_train_acc', 'c10h_val_loss', 'c10h_val_acc', 'c10h_train_c10_loss', 'c10h_train_c10_acc', 'c10h_val_c10_loss', 'c10h_val_c10_acc', 'v4_loss', 'v4_acc', 'v6_loss', 'v6_acc', 'c10_50k_loss', 'c10_50k_acc']) 
 c10h_outdir:  /tigress/ruairidh/model_results/run_1/saves/wrn_28_10/con_False_lr_0.01_seed_1
[2018/09/25 12:41:06 __main__ INFO] - Train 3
[2018/09/25 12:41:25 __main__ INFO] - TEST 3
[2018/09/25 12:42:14 __main__ INFO] - - epoch 3    c10h_train    : 0.2599 (acc: 0.9684) | c10h_val    : 0.3346 (acc: 0.9460)
[2018/09/25 12:42:14 __main__ INFO] - -            c10h_train_c10: 0.1170 (acc: 0.9682) | c10h_val_c10: 0.1819 (acc: 0.9480)
[2018/09/25 12:42:14 __main__ INFO] - -            v4            : 0.4529 (acc: 0.8595) |           v6: 0.4241 (acc: 0.8665)
[2018/09/25 12:42:14 __main__ INFO] - -            c10_50k       : 0.0970 (acc: 0.9830)
[2018/09/25 12:42:14 __main__ INFO] - Elapsed 49.03
keys:  dict_keys(['epoch', 'c10h_train_loss', 'c10h_train_acc', 'c10h_val_loss', 'c10h_val_acc', 'c10h_train_c10_loss', 'c10h_train_c10_acc', 'c10h_val_c10_loss', 'c10h_val_c10_acc', 'v4_loss', 'v4_acc', 'v6_loss', 'v6_acc', 'c10_50k_loss', 'c10_50k_acc']) 
 c10h_outdir:  /tigress/ruairidh/model_results/run_1/saves/wrn_28_10/con_False_lr_0.01_seed_1
[2018/09/25 12:42:17 __main__ INFO] - Train 4
[2018/09/25 12:42:36 __main__ INFO] - TEST 4
[2018/09/25 12:43:25 __main__ INFO] - - epoch 4    c10h_train    : 0.2536 (acc: 0.9700) | c10h_val    : 0.3689 (acc: 0.9360)
[2018/09/25 12:43:25 __main__ INFO] - -            c10h_train_c10: 0.1123 (acc: 0.9676) | c10h_val_c10: 0.2200 (acc: 0.9380)
[2018/09/25 12:43:25 __main__ INFO] - -            v4            : 0.4738 (acc: 0.8496) |           v6: 0.4671 (acc: 0.8515)
[2018/09/25 12:43:25 __main__ INFO] - -            c10_50k       : 0.0982 (acc: 0.9802)
[2018/09/25 12:43:25 __main__ INFO] - Elapsed 48.83
keys:  dict_keys(['epoch', 'c10h_train_loss', 'c10h_train_acc', 'c10h_val_loss', 'c10h_val_acc', 'c10h_train_c10_loss', 'c10h_train_c10_acc', 'c10h_val_c10_loss', 'c10h_val_c10_acc', 'v4_loss', 'v4_acc', 'v6_loss', 'v6_acc', 'c10_50k_loss', 'c10_50k_acc']) 
 c10h_outdir:  /tigress/ruairidh/model_results/run_1/saves/wrn_28_10/con_False_lr_0.01_seed_1
[2018/09/25 12:43:27 __main__ INFO] - Train 5
[2018/09/25 12:43:47 __main__ INFO] - TEST 5
[2018/09/25 12:44:36 __main__ INFO] - - epoch 5    c10h_train    : 0.2325 (acc: 0.9809) | c10h_val    : 0.3401 (acc: 0.9330)
[2018/09/25 12:44:36 __main__ INFO] - -            c10h_train_c10: 0.0843 (acc: 0.9791) | c10h_val_c10: 0.1893 (acc: 0.9310)
[2018/09/25 12:44:36 __main__ INFO] - -            v4            : 0.4190 (acc: 0.8610) |           v6: 0.3864 (acc: 0.8815)
[2018/09/25 12:44:36 __main__ INFO] - -            c10_50k       : 0.0748 (acc: 0.9883)
[2018/09/25 12:44:36 __main__ INFO] - Elapsed 49.17
keys:  dict_keys(['epoch', 'c10h_train_loss', 'c10h_train_acc', 'c10h_val_loss', 'c10h_val_acc', 'c10h_train_c10_loss', 'c10h_train_c10_acc', 'c10h_val_c10_loss', 'c10h_val_c10_acc', 'v4_loss', 'v4_acc', 'v6_loss', 'v6_acc', 'c10_50k_loss', 'c10_50k_acc']) 
 c10h_outdir:  /tigress/ruairidh/model_results/run_1/saves/wrn_28_10/con_False_lr_0.01_seed_1
[2018/09/25 12:44:39 __main__ INFO] - Train 6
[2018/09/25 12:44:58 __main__ INFO] - TEST 6
[2018/09/25 12:45:47 __main__ INFO] - - epoch 6    c10h_train    : 0.2269 (acc: 0.9830) | c10h_val    : 0.3313 (acc: 0.9450)
[2018/09/25 12:45:48 __main__ INFO] - -            c10h_train_c10: 0.0781 (acc: 0.9810) | c10h_val_c10: 0.1751 (acc: 0.9460)
[2018/09/25 12:45:48 __main__ INFO] - -            v4            : 0.4107 (acc: 0.8684) |           v6: 0.3743 (acc: 0.8765)
[2018/09/25 12:45:48 __main__ INFO] - -            c10_50k       : 0.0728 (acc: 0.9886)
[2018/09/25 12:45:48 __main__ INFO] - Elapsed 49.09
keys:  dict_keys(['epoch', 'c10h_train_loss', 'c10h_train_acc', 'c10h_val_loss', 'c10h_val_acc', 'c10h_train_c10_loss', 'c10h_train_c10_acc', 'c10h_val_c10_loss', 'c10h_val_c10_acc', 'v4_loss', 'v4_acc', 'v6_loss', 'v6_acc', 'c10_50k_loss', 'c10_50k_acc']) 
 c10h_outdir:  /tigress/ruairidh/model_results/run_1/saves/wrn_28_10/con_False_lr_0.01_seed_1
[2018/09/25 12:45:49 __main__ INFO] - Train 7
[2018/09/25 12:46:09 __main__ INFO] - TEST 7
[2018/09/25 12:46:58 __main__ INFO] - - epoch 7    c10h_train    : 0.2238 (acc: 0.9811) | c10h_val    : 0.3377 (acc: 0.9360)
[2018/09/25 12:46:58 __main__ INFO] - -            c10h_train_c10: 0.0805 (acc: 0.9797) | c10h_val_c10: 0.1844 (acc: 0.9400)
[2018/09/25 12:46:58 __main__ INFO] - -            v4            : 0.4094 (acc: 0.8649) |           v6: 0.3713 (acc: 0.8780)
[2018/09/25 12:46:58 __main__ INFO] - -            c10_50k       : 0.0770 (acc: 0.9879)
[2018/09/25 12:46:58 __main__ INFO] - Elapsed 48.82
keys:  dict_keys(['epoch', 'c10h_train_loss', 'c10h_train_acc', 'c10h_val_loss', 'c10h_val_acc', 'c10h_train_c10_loss', 'c10h_train_c10_acc', 'c10h_val_c10_loss', 'c10h_val_c10_acc', 'v4_loss', 'v4_acc', 'v6_loss', 'v6_acc', 'c10_50k_loss', 'c10_50k_acc']) 
 c10h_outdir:  /tigress/ruairidh/model_results/run_1/saves/wrn_28_10/con_False_lr_0.01_seed_1
[2018/09/25 12:46:59 __main__ INFO] - Train 8
[2018/09/25 12:47:19 __main__ INFO] - TEST 8
[2018/09/25 12:48:08 __main__ INFO] - - epoch 8    c10h_train    : 0.2158 (acc: 0.9847) | c10h_val    : 0.3250 (acc: 0.9450)
[2018/09/25 12:48:08 __main__ INFO] - -            c10h_train_c10: 0.0699 (acc: 0.9828) | c10h_val_c10: 0.1746 (acc: 0.9440)
[2018/09/25 12:48:08 __main__ INFO] - -            v4            : 0.4065 (acc: 0.8669) |           v6: 0.3798 (acc: 0.8780)
[2018/09/25 12:48:08 __main__ INFO] - -            c10_50k       : 0.0707 (acc: 0.9889)
[2018/09/25 12:48:08 __main__ INFO] - Elapsed 48.97
keys:  dict_keys(['epoch', 'c10h_train_loss', 'c10h_train_acc', 'c10h_val_loss', 'c10h_val_acc', 'c10h_train_c10_loss', 'c10h_train_c10_acc', 'c10h_val_c10_loss', 'c10h_val_c10_acc', 'v4_loss', 'v4_acc', 'v6_loss', 'v6_acc', 'c10_50k_loss', 'c10_50k_acc']) 
 c10h_outdir:  /tigress/ruairidh/model_results/run_1/saves/wrn_28_10/con_False_lr_0.01_seed_1
[2018/09/25 12:48:09 __main__ INFO] - Train 9
[2018/09/25 12:48:29 __main__ INFO] - TEST 9
[2018/09/25 12:49:18 __main__ INFO] - - epoch 9    c10h_train    : 0.2125 (acc: 0.9862) | c10h_val    : 0.3216 (acc: 0.9430)
[2018/09/25 12:49:18 __main__ INFO] - -            c10h_train_c10: 0.0729 (acc: 0.9822) | c10h_val_c10: 0.1760 (acc: 0.9420)
[2018/09/25 12:49:18 __main__ INFO] - -            v4            : 0.3993 (acc: 0.8704) |           v6: 0.3646 (acc: 0.8810)
[2018/09/25 12:49:18 __main__ INFO] - -            c10_50k       : 0.0720 (acc: 0.9901)
[2018/09/25 12:49:18 __main__ INFO] - Elapsed 49.05
keys:  dict_keys(['epoch', 'c10h_train_loss', 'c10h_train_acc', 'c10h_val_loss', 'c10h_val_acc', 'c10h_train_c10_loss', 'c10h_train_c10_acc', 'c10h_val_c10_loss', 'c10h_val_c10_acc', 'v4_loss', 'v4_acc', 'v6_loss', 'v6_acc', 'c10_50k_loss', 'c10_50k_acc']) 
 c10h_outdir:  /tigress/ruairidh/model_results/run_1/saves/wrn_28_10/con_False_lr_0.01_seed_1
[2018/09/25 12:49:21 __main__ INFO] - Train 10
[2018/09/25 12:49:40 __main__ INFO] - TEST 10
[2018/09/25 12:50:29 __main__ INFO] - - epoch 10    c10h_train    : 0.2110 (acc: 0.9862) | c10h_val    : 0.3085 (acc: 0.9470)
[2018/09/25 12:50:29 __main__ INFO] - -            c10h_train_c10: 0.0714 (acc: 0.9821) | c10h_val_c10: 0.1632 (acc: 0.9480)
[2018/09/25 12:50:29 __main__ INFO] - -            v4            : 0.3900 (acc: 0.8728) |           v6: 0.3484 (acc: 0.8890)
[2018/09/25 12:50:29 __main__ INFO] - -            c10_50k       : 0.0688 (acc: 0.9907)
[2018/09/25 12:50:29 __main__ INFO] - Elapsed 48.90
keys:  dict_keys(['epoch', 'c10h_train_loss', 'c10h_train_acc', 'c10h_val_loss', 'c10h_val_acc', 'c10h_train_c10_loss', 'c10h_train_c10_acc', 'c10h_val_c10_loss', 'c10h_val_c10_acc', 'v4_loss', 'v4_acc', 'v6_loss', 'v6_acc', 'c10_50k_loss', 'c10_50k_acc']) 
 c10h_outdir:  /tigress/ruairidh/model_results/run_1/saves/wrn_28_10/con_False_lr_0.01_seed_1
[2018/09/25 12:50:31 __main__ INFO] - Train 11
[2018/09/25 12:50:50 __main__ INFO] - TEST 11
[2018/09/25 12:51:39 __main__ INFO] - - epoch 11    c10h_train    : 0.2088 (acc: 0.9876) | c10h_val    : 0.2961 (acc: 0.9530)
[2018/09/25 12:51:39 __main__ INFO] - -            c10h_train_c10: 0.0676 (acc: 0.9838) | c10h_val_c10: 0.1461 (acc: 0.9500)
[2018/09/25 12:51:39 __main__ INFO] - -            v4            : 0.3760 (acc: 0.8763) |           v6: 0.3391 (acc: 0.8890)
[2018/09/25 12:51:39 __main__ INFO] - -            c10_50k       : 0.0659 (acc: 0.9912)
[2018/09/25 12:51:39 __main__ INFO] - Elapsed 48.83
keys:  dict_keys(['epoch', 'c10h_train_loss', 'c10h_train_acc', 'c10h_val_loss', 'c10h_val_acc', 'c10h_train_c10_loss', 'c10h_train_c10_acc', 'c10h_val_c10_loss', 'c10h_val_c10_acc', 'v4_loss', 'v4_acc', 'v6_loss', 'v6_acc', 'c10_50k_loss', 'c10_50k_acc']) 
 c10h_outdir:  /tigress/ruairidh/model_results/run_1/saves/wrn_28_10/con_False_lr_0.01_seed_1
[2018/09/25 12:51:41 __main__ INFO] - Train 12
[2018/09/25 12:52:00 __main__ INFO] - TEST 12
[2018/09/25 12:52:49 __main__ INFO] - - epoch 12    c10h_train    : 0.2077 (acc: 0.9859) | c10h_val    : 0.2998 (acc: 0.9480)
[2018/09/25 12:52:49 __main__ INFO] - -            c10h_train_c10: 0.0660 (acc: 0.9847) | c10h_val_c10: 0.1510 (acc: 0.9480)
[2018/09/25 12:52:49 __main__ INFO] - -            v4            : 0.3795 (acc: 0.8714) |           v6: 0.3466 (acc: 0.8840)
[2018/09/25 12:52:49 __main__ INFO] - -            c10_50k       : 0.0675 (acc: 0.9908)
[2018/09/25 12:52:49 __main__ INFO] - Elapsed 48.27
keys:  dict_keys(['epoch', 'c10h_train_loss', 'c10h_train_acc', 'c10h_val_loss', 'c10h_val_acc', 'c10h_train_c10_loss', 'c10h_train_c10_acc', 'c10h_val_c10_loss', 'c10h_val_c10_acc', 'v4_loss', 'v4_acc', 'v6_loss', 'v6_acc', 'c10_50k_loss', 'c10_50k_acc']) 
 c10h_outdir:  /tigress/ruairidh/model_results/run_1/saves/wrn_28_10/con_False_lr_0.01_seed_1
[2018/09/25 12:52:51 __main__ INFO] - Train 13
[2018/09/25 12:53:11 __main__ INFO] - TEST 13
[2018/09/25 12:53:59 __main__ INFO] - - epoch 13    c10h_train    : 0.2055 (acc: 0.9873) | c10h_val    : 0.3126 (acc: 0.9440)
[2018/09/25 12:53:59 __main__ INFO] - -            c10h_train_c10: 0.0713 (acc: 0.9839) | c10h_val_c10: 0.1696 (acc: 0.9440)
[2018/09/25 12:53:59 __main__ INFO] - -            v4            : 0.4000 (acc: 0.8733) |           v6: 0.3560 (acc: 0.8810)
[2018/09/25 12:53:59 __main__ INFO] - -            c10_50k       : 0.0695 (acc: 0.9919)
[2018/09/25 12:53:59 __main__ INFO] - Elapsed 48.24
keys:  dict_keys(['epoch', 'c10h_train_loss', 'c10h_train_acc', 'c10h_val_loss', 'c10h_val_acc', 'c10h_train_c10_loss', 'c10h_train_c10_acc', 'c10h_val_c10_loss', 'c10h_val_c10_acc', 'v4_loss', 'v4_acc', 'v6_loss', 'v6_acc', 'c10_50k_loss', 'c10_50k_acc']) 
 c10h_outdir:  /tigress/ruairidh/model_results/run_1/saves/wrn_28_10/con_False_lr_0.01_seed_1
[2018/09/25 12:54:00 __main__ INFO] - Train 14
[2018/09/25 12:54:20 __main__ INFO] - TEST 14
[2018/09/25 12:55:08 __main__ INFO] - - epoch 14    c10h_train    : 0.2031 (acc: 0.9886) | c10h_val    : 0.3071 (acc: 0.9450)
[2018/09/25 12:55:08 __main__ INFO] - -            c10h_train_c10: 0.0676 (acc: 0.9838) | c10h_val_c10: 0.1679 (acc: 0.9440)
[2018/09/25 12:55:08 __main__ INFO] - -            v4            : 0.3687 (acc: 0.8827) |           v6: 0.3478 (acc: 0.8860)
[2018/09/25 12:55:08 __main__ INFO] - -            c10_50k       : 0.0683 (acc: 0.9913)
[2018/09/25 12:55:08 __main__ INFO] - Elapsed 48.16
keys:  dict_keys(['epoch', 'c10h_train_loss', 'c10h_train_acc', 'c10h_val_loss', 'c10h_val_acc', 'c10h_train_c10_loss', 'c10h_train_c10_acc', 'c10h_val_c10_loss', 'c10h_val_c10_acc', 'v4_loss', 'v4_acc', 'v6_loss', 'v6_acc', 'c10_50k_loss', 'c10_50k_acc']) 
 c10h_outdir:  /tigress/ruairidh/model_results/run_1/saves/wrn_28_10/con_False_lr_0.01_seed_1
[2018/09/25 12:55:11 __main__ INFO] - Train 15
[2018/09/25 12:55:31 __main__ INFO] - TEST 15
[2018/09/25 12:56:19 __main__ INFO] - - epoch 15    c10h_train    : 0.2041 (acc: 0.9869) | c10h_val    : 0.2976 (acc: 0.9480)
[2018/09/25 12:56:19 __main__ INFO] - -            c10h_train_c10: 0.0706 (acc: 0.9842) | c10h_val_c10: 0.1577 (acc: 0.9490)
[2018/09/25 12:56:19 __main__ INFO] - -            v4            : 0.3891 (acc: 0.8763) |           v6: 0.3470 (acc: 0.8915)
[2018/09/25 12:56:19 __main__ INFO] - -            c10_50k       : 0.0726 (acc: 0.9908)
[2018/09/25 12:56:19 __main__ INFO] - Elapsed 48.13
keys:  dict_keys(['epoch', 'c10h_train_loss', 'c10h_train_acc', 'c10h_val_loss', 'c10h_val_acc', 'c10h_train_c10_loss', 'c10h_train_c10_acc', 'c10h_val_c10_loss', 'c10h_val_c10_acc', 'v4_loss', 'v4_acc', 'v6_loss', 'v6_acc', 'c10_50k_loss', 'c10_50k_acc']) 
 c10h_outdir:  /tigress/ruairidh/model_results/run_1/saves/wrn_28_10/con_False_lr_0.01_seed_1
[2018/09/25 12:56:19 __main__ INFO] - Train 16
[2018/09/25 12:56:39 __main__ INFO] - TEST 16
[2018/09/25 12:57:27 __main__ INFO] - - epoch 16    c10h_train    : 0.2023 (acc: 0.9883) | c10h_val    : 0.3100 (acc: 0.9450)
[2018/09/25 12:57:27 __main__ INFO] - -            c10h_train_c10: 0.0632 (acc: 0.9844) | c10h_val_c10: 0.1612 (acc: 0.9450)
[2018/09/25 12:57:27 __main__ INFO] - -            v4            : 0.3598 (acc: 0.8872) |           v6: 0.3222 (acc: 0.8975)
[2018/09/25 12:57:27 __main__ INFO] - -            c10_50k       : 0.0627 (acc: 0.9925)
[2018/09/25 12:57:27 __main__ INFO] - Elapsed 48.29
keys:  dict_keys(['epoch', 'c10h_train_loss', 'c10h_train_acc', 'c10h_val_loss', 'c10h_val_acc', 'c10h_train_c10_loss', 'c10h_train_c10_acc', 'c10h_val_c10_loss', 'c10h_val_c10_acc', 'v4_loss', 'v4_acc', 'v6_loss', 'v6_acc', 'c10_50k_loss', 'c10_50k_acc']) 
 c10h_outdir:  /tigress/ruairidh/model_results/run_1/saves/wrn_28_10/con_False_lr_0.01_seed_1
[2018/09/25 12:57:28 __main__ INFO] - Train 17
[2018/09/25 12:57:47 __main__ INFO] - TEST 17
[2018/09/25 12:58:36 __main__ INFO] - - epoch 17    c10h_train    : 0.2002 (acc: 0.9891) | c10h_val    : 0.3002 (acc: 0.9510)
[2018/09/25 12:58:36 __main__ INFO] - -            c10h_train_c10: 0.0675 (acc: 0.9846) | c10h_val_c10: 0.1623 (acc: 0.9490)
[2018/09/25 12:58:36 __main__ INFO] - -            v4            : 0.3683 (acc: 0.8803) |           v6: 0.3376 (acc: 0.8910)
[2018/09/25 12:58:36 __main__ INFO] - -            c10_50k       : 0.0703 (acc: 0.9898)
[2018/09/25 12:58:36 __main__ INFO] - Elapsed 48.39
keys:  dict_keys(['epoch', 'c10h_train_loss', 'c10h_train_acc', 'c10h_val_loss', 'c10h_val_acc', 'c10h_train_c10_loss', 'c10h_train_c10_acc', 'c10h_val_c10_loss', 'c10h_val_c10_acc', 'v4_loss', 'v4_acc', 'v6_loss', 'v6_acc', 'c10_50k_loss', 'c10_50k_acc']) 
 c10h_outdir:  /tigress/ruairidh/model_results/run_1/saves/wrn_28_10/con_False_lr_0.01_seed_1
[2018/09/25 12:58:38 __main__ INFO] - Train 18
[2018/09/25 12:58:57 __main__ INFO] - TEST 18
[2018/09/25 12:59:45 __main__ INFO] - - epoch 18    c10h_train    : 0.1993 (acc: 0.9887) | c10h_val    : 0.2993 (acc: 0.9510)
[2018/09/25 12:59:46 __main__ INFO] - -            c10h_train_c10: 0.0652 (acc: 0.9850) | c10h_val_c10: 0.1569 (acc: 0.9510)
[2018/09/25 12:59:46 __main__ INFO] - -            v4            : 0.3775 (acc: 0.8788) |           v6: 0.3387 (acc: 0.8845)
[2018/09/25 12:59:46 __main__ INFO] - -            c10_50k       : 0.0659 (acc: 0.9922)
[2018/09/25 12:59:46 __main__ INFO] - Elapsed 48.30
keys:  dict_keys(['epoch', 'c10h_train_loss', 'c10h_train_acc', 'c10h_val_loss', 'c10h_val_acc', 'c10h_train_c10_loss', 'c10h_train_c10_acc', 'c10h_val_c10_loss', 'c10h_val_c10_acc', 'v4_loss', 'v4_acc', 'v6_loss', 'v6_acc', 'c10_50k_loss', 'c10_50k_acc']) 
 c10h_outdir:  /tigress/ruairidh/model_results/run_1/saves/wrn_28_10/con_False_lr_0.01_seed_1
[2018/09/25 12:59:47 __main__ INFO] - Train 19
[2018/09/25 13:00:06 __main__ INFO] - TEST 19
[2018/09/25 13:00:55 __main__ INFO] - - epoch 19    c10h_train    : 0.1983 (acc: 0.9869) | c10h_val    : 0.2931 (acc: 0.9530)
[2018/09/25 13:00:55 __main__ INFO] - -            c10h_train_c10: 0.0646 (acc: 0.9832) | c10h_val_c10: 0.1514 (acc: 0.9520)
[2018/09/25 13:00:55 __main__ INFO] - -            v4            : 0.3882 (acc: 0.8738) |           v6: 0.3363 (acc: 0.8860)
[2018/09/25 13:00:55 __main__ INFO] - -            c10_50k       : 0.0650 (acc: 0.9915)
[2018/09/25 13:00:55 __main__ INFO] - Elapsed 48.41
keys:  dict_keys(['epoch', 'c10h_train_loss', 'c10h_train_acc', 'c10h_val_loss', 'c10h_val_acc', 'c10h_train_c10_loss', 'c10h_train_c10_acc', 'c10h_val_c10_loss', 'c10h_val_c10_acc', 'v4_loss', 'v4_acc', 'v6_loss', 'v6_acc', 'c10_50k_loss', 'c10_50k_acc']) 
 c10h_outdir:  /tigress/ruairidh/model_results/run_1/saves/wrn_28_10/con_False_lr_0.01_seed_1
[2018/09/25 13:00:56 __main__ INFO] - Train 20
[2018/09/25 13:01:16 __main__ INFO] - TEST 20
[2018/09/25 13:02:04 __main__ INFO] - - epoch 20    c10h_train    : 0.1971 (acc: 0.9883) | c10h_val    : 0.2865 (acc: 0.9510)
[2018/09/25 13:02:04 __main__ INFO] - -            c10h_train_c10: 0.0658 (acc: 0.9842) | c10h_val_c10: 0.1451 (acc: 0.9510)
[2018/09/25 13:02:04 __main__ INFO] - -            v4            : 0.3617 (acc: 0.8877) |           v6: 0.3282 (acc: 0.8905)
[2018/09/25 13:02:04 __main__ INFO] - -            c10_50k       : 0.0669 (acc: 0.9912)
[2018/09/25 13:02:04 __main__ INFO] - Elapsed 48.31
keys:  dict_keys(['epoch', 'c10h_train_loss', 'c10h_train_acc', 'c10h_val_loss', 'c10h_val_acc', 'c10h_train_c10_loss', 'c10h_train_c10_acc', 'c10h_val_c10_loss', 'c10h_val_c10_acc', 'v4_loss', 'v4_acc', 'v6_loss', 'v6_acc', 'c10_50k_loss', 'c10_50k_acc']) 
 c10h_outdir:  /tigress/ruairidh/model_results/run_1/saves/wrn_28_10/con_False_lr_0.01_seed_1
[2018/09/25 13:02:04 __main__ INFO] - Train 21
[2018/09/25 13:02:24 __main__ INFO] - TEST 21
[2018/09/25 13:03:13 __main__ INFO] - - epoch 21    c10h_train    : 0.1967 (acc: 0.9884) | c10h_val    : 0.2948 (acc: 0.9510)
[2018/09/25 13:03:13 __main__ INFO] - -            c10h_train_c10: 0.0642 (acc: 0.9854) | c10h_val_c10: 0.1523 (acc: 0.9510)
[2018/09/25 13:03:13 __main__ INFO] - -            v4            : 0.3810 (acc: 0.8763) |           v6: 0.3290 (acc: 0.8915)
[2018/09/25 13:03:13 __main__ INFO] - -            c10_50k       : 0.0660 (acc: 0.9925)
[2018/09/25 13:03:13 __main__ INFO] - Elapsed 48.69
keys:  dict_keys(['epoch', 'c10h_train_loss', 'c10h_train_acc', 'c10h_val_loss', 'c10h_val_acc', 'c10h_train_c10_loss', 'c10h_train_c10_acc', 'c10h_val_c10_loss', 'c10h_val_c10_acc', 'v4_loss', 'v4_acc', 'v6_loss', 'v6_acc', 'c10_50k_loss', 'c10_50k_acc']) 
 c10h_outdir:  /tigress/ruairidh/model_results/run_1/saves/wrn_28_10/con_False_lr_0.01_seed_1
[2018/09/25 13:03:14 __main__ INFO] - Train 22
[2018/09/25 13:03:33 __main__ INFO] - TEST 22
[2018/09/25 13:04:22 __main__ INFO] - - epoch 22    c10h_train    : 0.1972 (acc: 0.9882) | c10h_val    : 0.3011 (acc: 0.9460)
[2018/09/25 13:04:22 __main__ INFO] - -            c10h_train_c10: 0.0667 (acc: 0.9837) | c10h_val_c10: 0.1621 (acc: 0.9460)
[2018/09/25 13:04:22 __main__ INFO] - -            v4            : 0.3766 (acc: 0.8803) |           v6: 0.3334 (acc: 0.8885)
[2018/09/25 13:04:22 __main__ INFO] - -            c10_50k       : 0.0692 (acc: 0.9917)
[2018/09/25 13:04:22 __main__ INFO] - Elapsed 48.30
keys:  dict_keys(['epoch', 'c10h_train_loss', 'c10h_train_acc', 'c10h_val_loss', 'c10h_val_acc', 'c10h_train_c10_loss', 'c10h_train_c10_acc', 'c10h_val_c10_loss', 'c10h_val_c10_acc', 'v4_loss', 'v4_acc', 'v6_loss', 'v6_acc', 'c10_50k_loss', 'c10_50k_acc']) 
 c10h_outdir:  /tigress/ruairidh/model_results/run_1/saves/wrn_28_10/con_False_lr_0.01_seed_1
[2018/09/25 13:04:24 __main__ INFO] - Train 23
[2018/09/25 13:04:43 __main__ INFO] - TEST 23
[2018/09/25 13:05:32 __main__ INFO] - - epoch 23    c10h_train    : 0.1945 (acc: 0.9886) | c10h_val    : 0.2977 (acc: 0.9490)
[2018/09/25 13:05:32 __main__ INFO] - -            c10h_train_c10: 0.0599 (acc: 0.9857) | c10h_val_c10: 0.1532 (acc: 0.9490)
[2018/09/25 13:05:32 __main__ INFO] - -            v4            : 0.3587 (acc: 0.8857) |           v6: 0.3271 (acc: 0.8975)
[2018/09/25 13:05:32 __main__ INFO] - -            c10_50k       : 0.0626 (acc: 0.9923)
[2018/09/25 13:05:32 __main__ INFO] - Elapsed 48.48
keys:  dict_keys(['epoch', 'c10h_train_loss', 'c10h_train_acc', 'c10h_val_loss', 'c10h_val_acc', 'c10h_train_c10_loss', 'c10h_train_c10_acc', 'c10h_val_c10_loss', 'c10h_val_c10_acc', 'v4_loss', 'v4_acc', 'v6_loss', 'v6_acc', 'c10_50k_loss', 'c10_50k_acc']) 
 c10h_outdir:  /tigress/ruairidh/model_results/run_1/saves/wrn_28_10/con_False_lr_0.01_seed_1
[2018/09/25 13:05:34 __main__ INFO] - Train 24
[2018/09/25 13:05:53 __main__ INFO] - TEST 24
[2018/09/25 13:06:42 __main__ INFO] - - epoch 24    c10h_train    : 0.1949 (acc: 0.9890) | c10h_val    : 0.2985 (acc: 0.9530)
[2018/09/25 13:06:42 __main__ INFO] - -            c10h_train_c10: 0.0638 (acc: 0.9831) | c10h_val_c10: 0.1592 (acc: 0.9500)
[2018/09/25 13:06:42 __main__ INFO] - -            v4            : 0.3684 (acc: 0.8709) |           v6: 0.3341 (acc: 0.8905)
[2018/09/25 13:06:42 __main__ INFO] - -            c10_50k       : 0.0665 (acc: 0.9915)
[2018/09/25 13:06:42 __main__ INFO] - Elapsed 48.67
keys:  dict_keys(['epoch', 'c10h_train_loss', 'c10h_train_acc', 'c10h_val_loss', 'c10h_val_acc', 'c10h_train_c10_loss', 'c10h_train_c10_acc', 'c10h_val_c10_loss', 'c10h_val_c10_acc', 'v4_loss', 'v4_acc', 'v6_loss', 'v6_acc', 'c10_50k_loss', 'c10_50k_acc']) 
 c10h_outdir:  /tigress/ruairidh/model_results/run_1/saves/wrn_28_10/con_False_lr_0.01_seed_1
[2018/09/25 13:06:43 __main__ INFO] - Train 25
[2018/09/25 13:07:02 __main__ INFO] - TEST 25
[2018/09/25 13:07:50 __main__ INFO] - - epoch 25    c10h_train    : 0.1942 (acc: 0.9882) | c10h_val    : 0.2971 (acc: 0.9540)
[2018/09/25 13:07:50 __main__ INFO] - -            c10h_train_c10: 0.0643 (acc: 0.9846) | c10h_val_c10: 0.1554 (acc: 0.9540)
[2018/09/25 13:07:50 __main__ INFO] - -            v4            : 0.3782 (acc: 0.8793) |           v6: 0.3281 (acc: 0.8960)
[2018/09/25 13:07:50 __main__ INFO] - -            c10_50k       : 0.0642 (acc: 0.9930)
[2018/09/25 13:07:50 __main__ INFO] - Elapsed 48.18
keys:  dict_keys(['epoch', 'c10h_train_loss', 'c10h_train_acc', 'c10h_val_loss', 'c10h_val_acc', 'c10h_train_c10_loss', 'c10h_train_c10_acc', 'c10h_val_c10_loss', 'c10h_val_c10_acc', 'v4_loss', 'v4_acc', 'v6_loss', 'v6_acc', 'c10_50k_loss', 'c10_50k_acc']) 
 c10h_outdir:  /tigress/ruairidh/model_results/run_1/saves/wrn_28_10/con_False_lr_0.01_seed_1
[2018/09/25 13:07:51 __main__ INFO] - Train 26
[2018/09/25 13:08:10 __main__ INFO] - TEST 26
[2018/09/25 13:08:59 __main__ INFO] - - epoch 26    c10h_train    : 0.1929 (acc: 0.9878) | c10h_val    : 0.2987 (acc: 0.9500)
[2018/09/25 13:08:59 __main__ INFO] - -            c10h_train_c10: 0.0622 (acc: 0.9841) | c10h_val_c10: 0.1565 (acc: 0.9500)
[2018/09/25 13:08:59 __main__ INFO] - -            v4            : 0.3503 (acc: 0.8847) |           v6: 0.3325 (acc: 0.8950)
[2018/09/25 13:08:59 __main__ INFO] - -            c10_50k       : 0.0618 (acc: 0.9927)
[2018/09/25 13:08:59 __main__ INFO] - Elapsed 48.23
keys:  dict_keys(['epoch', 'c10h_train_loss', 'c10h_train_acc', 'c10h_val_loss', 'c10h_val_acc', 'c10h_train_c10_loss', 'c10h_train_c10_acc', 'c10h_val_c10_loss', 'c10h_val_c10_acc', 'v4_loss', 'v4_acc', 'v6_loss', 'v6_acc', 'c10_50k_loss', 'c10_50k_acc']) 
 c10h_outdir:  /tigress/ruairidh/model_results/run_1/saves/wrn_28_10/con_False_lr_0.01_seed_1
[2018/09/25 13:09:01 __main__ INFO] - Train 27
[2018/09/25 13:09:21 __main__ INFO] - TEST 27
[2018/09/25 13:10:09 __main__ INFO] - - epoch 27    c10h_train    : 0.1926 (acc: 0.9894) | c10h_val    : 0.2948 (acc: 0.9520)
[2018/09/25 13:10:09 __main__ INFO] - -            c10h_train_c10: 0.0682 (acc: 0.9847) | c10h_val_c10: 0.1616 (acc: 0.9500)
[2018/09/25 13:10:09 __main__ INFO] - -            v4            : 0.3728 (acc: 0.8827) |           v6: 0.3414 (acc: 0.8905)
[2018/09/25 13:10:09 __main__ INFO] - -            c10_50k       : 0.0710 (acc: 0.9914)
[2018/09/25 13:10:09 __main__ INFO] - Elapsed 48.50
keys:  dict_keys(['epoch', 'c10h_train_loss', 'c10h_train_acc', 'c10h_val_loss', 'c10h_val_acc', 'c10h_train_c10_loss', 'c10h_train_c10_acc', 'c10h_val_c10_loss', 'c10h_val_c10_acc', 'v4_loss', 'v4_acc', 'v6_loss', 'v6_acc', 'c10_50k_loss', 'c10_50k_acc']) 
 c10h_outdir:  /tigress/ruairidh/model_results/run_1/saves/wrn_28_10/con_False_lr_0.01_seed_1
[2018/09/25 13:10:12 __main__ INFO] - Train 28
[2018/09/25 13:10:31 __main__ INFO] - TEST 28
[2018/09/25 13:11:20 __main__ INFO] - - epoch 28    c10h_train    : 0.1919 (acc: 0.9887) | c10h_val    : 0.2950 (acc: 0.9510)
[2018/09/25 13:11:20 __main__ INFO] - -            c10h_train_c10: 0.0650 (acc: 0.9853) | c10h_val_c10: 0.1552 (acc: 0.9490)
[2018/09/25 13:11:20 __main__ INFO] - -            v4            : 0.3604 (acc: 0.8793) |           v6: 0.3310 (acc: 0.8960)
[2018/09/25 13:11:20 __main__ INFO] - -            c10_50k       : 0.0657 (acc: 0.9926)
[2018/09/25 13:11:20 __main__ INFO] - Elapsed 48.45
keys:  dict_keys(['epoch', 'c10h_train_loss', 'c10h_train_acc', 'c10h_val_loss', 'c10h_val_acc', 'c10h_train_c10_loss', 'c10h_train_c10_acc', 'c10h_val_c10_loss', 'c10h_val_c10_acc', 'v4_loss', 'v4_acc', 'v6_loss', 'v6_acc', 'c10_50k_loss', 'c10_50k_acc']) 
 c10h_outdir:  /tigress/ruairidh/model_results/run_1/saves/wrn_28_10/con_False_lr_0.01_seed_1
[2018/09/25 13:11:22 __main__ INFO] - Train 29
[2018/09/25 13:11:42 __main__ INFO] - TEST 29
[2018/09/25 13:12:30 __main__ INFO] - - epoch 29    c10h_train    : 0.1918 (acc: 0.9888) | c10h_val    : 0.2971 (acc: 0.9500)
[2018/09/25 13:12:30 __main__ INFO] - -            c10h_train_c10: 0.0630 (acc: 0.9856) | c10h_val_c10: 0.1518 (acc: 0.9490)
[2018/09/25 13:12:30 __main__ INFO] - -            v4            : 0.3638 (acc: 0.8758) |           v6: 0.3309 (acc: 0.8915)
[2018/09/25 13:12:30 __main__ INFO] - -            c10_50k       : 0.0649 (acc: 0.9921)
[2018/09/25 13:12:30 __main__ INFO] - Elapsed 48.12
keys:  dict_keys(['epoch', 'c10h_train_loss', 'c10h_train_acc', 'c10h_val_loss', 'c10h_val_acc', 'c10h_train_c10_loss', 'c10h_train_c10_acc', 'c10h_val_c10_loss', 'c10h_val_c10_acc', 'v4_loss', 'v4_acc', 'v6_loss', 'v6_acc', 'c10_50k_loss', 'c10_50k_acc']) 
 c10h_outdir:  /tigress/ruairidh/model_results/run_1/saves/wrn_28_10/con_False_lr_0.01_seed_1
[2018/09/25 13:12:32 __main__ INFO] - Train 30
[2018/09/25 13:12:52 __main__ INFO] - TEST 30
[2018/09/25 13:13:40 __main__ INFO] - - epoch 30    c10h_train    : 0.1903 (acc: 0.9890) | c10h_val    : 0.2965 (acc: 0.9530)
[2018/09/25 13:13:40 __main__ INFO] - -            c10h_train_c10: 0.0671 (acc: 0.9848) | c10h_val_c10: 0.1594 (acc: 0.9510)
[2018/09/25 13:13:40 __main__ INFO] - -            v4            : 0.3745 (acc: 0.8798) |           v6: 0.3367 (acc: 0.8945)
[2018/09/25 13:13:40 __main__ INFO] - -            c10_50k       : 0.0688 (acc: 0.9920)
[2018/09/25 13:13:40 __main__ INFO] - Elapsed 48.11
keys:  dict_keys(['epoch', 'c10h_train_loss', 'c10h_train_acc', 'c10h_val_loss', 'c10h_val_acc', 'c10h_train_c10_loss', 'c10h_train_c10_acc', 'c10h_val_c10_loss', 'c10h_val_c10_acc', 'v4_loss', 'v4_acc', 'v6_loss', 'v6_acc', 'c10_50k_loss', 'c10_50k_acc']) 
 c10h_outdir:  /tigress/ruairidh/model_results/run_1/saves/wrn_28_10/con_False_lr_0.01_seed_1
[2018/09/25 13:13:41 __main__ INFO] - Train 31
[2018/09/25 13:14:00 __main__ INFO] - TEST 31
[2018/09/25 13:14:49 __main__ INFO] - - epoch 31    c10h_train    : 0.1913 (acc: 0.9898) | c10h_val    : 0.2953 (acc: 0.9510)
[2018/09/25 13:14:49 __main__ INFO] - -            c10h_train_c10: 0.0622 (acc: 0.9863) | c10h_val_c10: 0.1530 (acc: 0.9500)
[2018/09/25 13:14:49 __main__ INFO] - -            v4            : 0.3644 (acc: 0.8882) |           v6: 0.3324 (acc: 0.8945)
[2018/09/25 13:14:49 __main__ INFO] - -            c10_50k       : 0.0637 (acc: 0.9926)
[2018/09/25 13:14:49 __main__ INFO] - Elapsed 48.39
keys:  dict_keys(['epoch', 'c10h_train_loss', 'c10h_train_acc', 'c10h_val_loss', 'c10h_val_acc', 'c10h_train_c10_loss', 'c10h_train_c10_acc', 'c10h_val_c10_loss', 'c10h_val_c10_acc', 'v4_loss', 'v4_acc', 'v6_loss', 'v6_acc', 'c10_50k_loss', 'c10_50k_acc']) 
 c10h_outdir:  /tigress/ruairidh/model_results/run_1/saves/wrn_28_10/con_False_lr_0.01_seed_1
[2018/09/25 13:14:53 __main__ INFO] - Train 32
[2018/09/25 13:15:12 __main__ INFO] - TEST 32
[2018/09/25 13:16:01 __main__ INFO] - - epoch 32    c10h_train    : 0.1901 (acc: 0.9898) | c10h_val    : 0.2904 (acc: 0.9550)
[2018/09/25 13:16:01 __main__ INFO] - -            c10h_train_c10: 0.0675 (acc: 0.9858) | c10h_val_c10: 0.1516 (acc: 0.9550)
[2018/09/25 13:16:01 __main__ INFO] - -            v4            : 0.3547 (acc: 0.8926) |           v6: 0.3216 (acc: 0.8950)
[2018/09/25 13:16:01 __main__ INFO] - -            c10_50k       : 0.0675 (acc: 0.9925)
[2018/09/25 13:16:01 __main__ INFO] - Elapsed 48.72
keys:  dict_keys(['epoch', 'c10h_train_loss', 'c10h_train_acc', 'c10h_val_loss', 'c10h_val_acc', 'c10h_train_c10_loss', 'c10h_train_c10_acc', 'c10h_val_c10_loss', 'c10h_val_c10_acc', 'v4_loss', 'v4_acc', 'v6_loss', 'v6_acc', 'c10_50k_loss', 'c10_50k_acc']) 
 c10h_outdir:  /tigress/ruairidh/model_results/run_1/saves/wrn_28_10/con_False_lr_0.01_seed_1
[2018/09/25 13:16:02 __main__ INFO] - Train 33
[2018/09/25 13:16:22 __main__ INFO] - TEST 33
[2018/09/25 13:17:10 __main__ INFO] - - epoch 33    c10h_train    : 0.1897 (acc: 0.9889) | c10h_val    : 0.2914 (acc: 0.9520)
[2018/09/25 13:17:10 __main__ INFO] - -            c10h_train_c10: 0.0667 (acc: 0.9837) | c10h_val_c10: 0.1520 (acc: 0.9530)
[2018/09/25 13:17:10 __main__ INFO] - -            v4            : 0.3675 (acc: 0.8798) |           v6: 0.3407 (acc: 0.8875)
[2018/09/25 13:17:10 __main__ INFO] - -            c10_50k       : 0.0676 (acc: 0.9916)
[2018/09/25 13:17:10 __main__ INFO] - Elapsed 48.29
keys:  dict_keys(['epoch', 'c10h_train_loss', 'c10h_train_acc', 'c10h_val_loss', 'c10h_val_acc', 'c10h_train_c10_loss', 'c10h_train_c10_acc', 'c10h_val_c10_loss', 'c10h_val_c10_acc', 'v4_loss', 'v4_acc', 'v6_loss', 'v6_acc', 'c10_50k_loss', 'c10_50k_acc']) 
 c10h_outdir:  /tigress/ruairidh/model_results/run_1/saves/wrn_28_10/con_False_lr_0.01_seed_1
[2018/09/25 13:17:13 __main__ INFO] - Train 34
[2018/09/25 13:17:32 __main__ INFO] - TEST 34
[2018/09/25 13:18:21 __main__ INFO] - - epoch 34    c10h_train    : 0.1882 (acc: 0.9896) | c10h_val    : 0.2861 (acc: 0.9560)
[2018/09/25 13:18:21 __main__ INFO] - -            c10h_train_c10: 0.0685 (acc: 0.9849) | c10h_val_c10: 0.1486 (acc: 0.9540)
[2018/09/25 13:18:21 __main__ INFO] - -            v4            : 0.3703 (acc: 0.8778) |           v6: 0.3380 (acc: 0.8895)
[2018/09/25 13:18:21 __main__ INFO] - -            c10_50k       : 0.0687 (acc: 0.9925)
[2018/09/25 13:18:21 __main__ INFO] - Elapsed 48.54
keys:  dict_keys(['epoch', 'c10h_train_loss', 'c10h_train_acc', 'c10h_val_loss', 'c10h_val_acc', 'c10h_train_c10_loss', 'c10h_train_c10_acc', 'c10h_val_c10_loss', 'c10h_val_c10_acc', 'v4_loss', 'v4_acc', 'v6_loss', 'v6_acc', 'c10_50k_loss', 'c10_50k_acc']) 
 c10h_outdir:  /tigress/ruairidh/model_results/run_1/saves/wrn_28_10/con_False_lr_0.01_seed_1
[2018/09/25 13:18:23 __main__ INFO] - Train 35
[2018/09/25 13:18:43 __main__ INFO] - TEST 35
[2018/09/25 13:19:31 __main__ INFO] - - epoch 35    c10h_train    : 0.1890 (acc: 0.9881) | c10h_val    : 0.2912 (acc: 0.9560)
[2018/09/25 13:19:31 __main__ INFO] - -            c10h_train_c10: 0.0671 (acc: 0.9837) | c10h_val_c10: 0.1495 (acc: 0.9540)
[2018/09/25 13:19:31 __main__ INFO] - -            v4            : 0.3651 (acc: 0.8793) |           v6: 0.3264 (acc: 0.8980)
[2018/09/25 13:19:31 __main__ INFO] - -            c10_50k       : 0.0670 (acc: 0.9915)
[2018/09/25 13:19:31 __main__ INFO] - Elapsed 48.39
keys:  dict_keys(['epoch', 'c10h_train_loss', 'c10h_train_acc', 'c10h_val_loss', 'c10h_val_acc', 'c10h_train_c10_loss', 'c10h_train_c10_acc', 'c10h_val_c10_loss', 'c10h_val_c10_acc', 'v4_loss', 'v4_acc', 'v6_loss', 'v6_acc', 'c10_50k_loss', 'c10_50k_acc']) 
 c10h_outdir:  /tigress/ruairidh/model_results/run_1/saves/wrn_28_10/con_False_lr_0.01_seed_1
[2018/09/25 13:19:33 __main__ INFO] - Train 36
[2018/09/25 13:19:53 __main__ INFO] - TEST 36
[2018/09/25 13:20:42 __main__ INFO] - - epoch 36    c10h_train    : 0.1881 (acc: 0.9889) | c10h_val    : 0.2883 (acc: 0.9550)
[2018/09/25 13:20:42 __main__ INFO] - -            c10h_train_c10: 0.0639 (acc: 0.9843) | c10h_val_c10: 0.1427 (acc: 0.9530)
[2018/09/25 13:20:42 __main__ INFO] - -            v4            : 0.3585 (acc: 0.8852) |           v6: 0.3288 (acc: 0.8960)
[2018/09/25 13:20:42 __main__ INFO] - -            c10_50k       : 0.0626 (acc: 0.9931)
[2018/09/25 13:20:42 __main__ INFO] - Elapsed 48.60
keys:  dict_keys(['epoch', 'c10h_train_loss', 'c10h_train_acc', 'c10h_val_loss', 'c10h_val_acc', 'c10h_train_c10_loss', 'c10h_train_c10_acc', 'c10h_val_c10_loss', 'c10h_val_c10_acc', 'v4_loss', 'v4_acc', 'v6_loss', 'v6_acc', 'c10_50k_loss', 'c10_50k_acc']) 
 c10h_outdir:  /tigress/ruairidh/model_results/run_1/saves/wrn_28_10/con_False_lr_0.01_seed_1
[2018/09/25 13:20:43 __main__ INFO] - Train 37
[2018/09/25 13:21:03 __main__ INFO] - TEST 37
[2018/09/25 13:21:52 __main__ INFO] - - epoch 37    c10h_train    : 0.1869 (acc: 0.9900) | c10h_val    : 0.2874 (acc: 0.9520)
[2018/09/25 13:21:52 __main__ INFO] - -            c10h_train_c10: 0.0643 (acc: 0.9852) | c10h_val_c10: 0.1470 (acc: 0.9520)
[2018/09/25 13:21:52 __main__ INFO] - -            v4            : 0.3659 (acc: 0.8793) |           v6: 0.3266 (acc: 0.8920)
[2018/09/25 13:21:52 __main__ INFO] - -            c10_50k       : 0.0655 (acc: 0.9926)
[2018/09/25 13:21:52 __main__ INFO] - Elapsed 48.69
keys:  dict_keys(['epoch', 'c10h_train_loss', 'c10h_train_acc', 'c10h_val_loss', 'c10h_val_acc', 'c10h_train_c10_loss', 'c10h_train_c10_acc', 'c10h_val_c10_loss', 'c10h_val_c10_acc', 'v4_loss', 'v4_acc', 'v6_loss', 'v6_acc', 'c10_50k_loss', 'c10_50k_acc']) 
 c10h_outdir:  /tigress/ruairidh/model_results/run_1/saves/wrn_28_10/con_False_lr_0.01_seed_1
[2018/09/25 13:21:54 __main__ INFO] - Train 38
[2018/09/25 13:22:14 __main__ INFO] - TEST 38
[2018/09/25 13:23:02 __main__ INFO] - - epoch 38    c10h_train    : 0.1868 (acc: 0.9897) | c10h_val    : 0.2856 (acc: 0.9620)
[2018/09/25 13:23:02 __main__ INFO] - -            c10h_train_c10: 0.0624 (acc: 0.9860) | c10h_val_c10: 0.1424 (acc: 0.9610)
[2018/09/25 13:23:02 __main__ INFO] - -            v4            : 0.3502 (acc: 0.8906) |           v6: 0.3229 (acc: 0.8960)
[2018/09/25 13:23:02 __main__ INFO] - -            c10_50k       : 0.0640 (acc: 0.9933)
[2018/09/25 13:23:02 __main__ INFO] - Elapsed 48.23
keys:  dict_keys(['epoch', 'c10h_train_loss', 'c10h_train_acc', 'c10h_val_loss', 'c10h_val_acc', 'c10h_train_c10_loss', 'c10h_train_c10_acc', 'c10h_val_c10_loss', 'c10h_val_c10_acc', 'v4_loss', 'v4_acc', 'v6_loss', 'v6_acc', 'c10_50k_loss', 'c10_50k_acc']) 
 c10h_outdir:  /tigress/ruairidh/model_results/run_1/saves/wrn_28_10/con_False_lr_0.01_seed_1
[2018/09/25 13:23:03 __main__ INFO] - Train 39
[2018/09/25 13:23:23 __main__ INFO] - TEST 39
[2018/09/25 13:24:11 __main__ INFO] - - epoch 39    c10h_train    : 0.1863 (acc: 0.9894) | c10h_val    : 0.2981 (acc: 0.9520)
[2018/09/25 13:24:11 __main__ INFO] - -            c10h_train_c10: 0.0634 (acc: 0.9853) | c10h_val_c10: 0.1560 (acc: 0.9510)
[2018/09/25 13:24:11 __main__ INFO] - -            v4            : 0.3630 (acc: 0.8867) |           v6: 0.3341 (acc: 0.8900)
[2018/09/25 13:24:11 __main__ INFO] - -            c10_50k       : 0.0640 (acc: 0.9922)
[2018/09/25 13:24:11 __main__ INFO] - Elapsed 48.14
keys:  dict_keys(['epoch', 'c10h_train_loss', 'c10h_train_acc', 'c10h_val_loss', 'c10h_val_acc', 'c10h_train_c10_loss', 'c10h_train_c10_acc', 'c10h_val_c10_loss', 'c10h_val_c10_acc', 'v4_loss', 'v4_acc', 'v6_loss', 'v6_acc', 'c10_50k_loss', 'c10_50k_acc']) 
 c10h_outdir:  /tigress/ruairidh/model_results/run_1/saves/wrn_28_10/con_False_lr_0.01_seed_1
[2018/09/25 13:24:12 __main__ INFO] - Train 40
[2018/09/25 13:24:31 __main__ INFO] - TEST 40
[2018/09/25 13:25:19 __main__ INFO] - - epoch 40    c10h_train    : 0.1865 (acc: 0.9899) | c10h_val    : 0.2980 (acc: 0.9600)
[2018/09/25 13:25:19 __main__ INFO] - -            c10h_train_c10: 0.0668 (acc: 0.9861) | c10h_val_c10: 0.1566 (acc: 0.9580)
[2018/09/25 13:25:19 __main__ INFO] - -            v4            : 0.3596 (acc: 0.8822) |           v6: 0.3340 (acc: 0.8910)
[2018/09/25 13:25:19 __main__ INFO] - -            c10_50k       : 0.0693 (acc: 0.9922)
[2018/09/25 13:25:19 __main__ INFO] - Elapsed 47.94
keys:  dict_keys(['epoch', 'c10h_train_loss', 'c10h_train_acc', 'c10h_val_loss', 'c10h_val_acc', 'c10h_train_c10_loss', 'c10h_train_c10_acc', 'c10h_val_c10_loss', 'c10h_val_c10_acc', 'v4_loss', 'v4_acc', 'v6_loss', 'v6_acc', 'c10_50k_loss', 'c10_50k_acc']) 
 c10h_outdir:  /tigress/ruairidh/model_results/run_1/saves/wrn_28_10/con_False_lr_0.01_seed_1
[2018/09/25 13:25:20 __main__ INFO] - Train 41
[2018/09/25 13:25:39 __main__ INFO] - TEST 41
[2018/09/25 13:26:28 __main__ INFO] - - epoch 41    c10h_train    : 0.1856 (acc: 0.9899) | c10h_val    : 0.2925 (acc: 0.9540)
[2018/09/25 13:26:28 __main__ INFO] - -            c10h_train_c10: 0.0619 (acc: 0.9846) | c10h_val_c10: 0.1456 (acc: 0.9540)
[2018/09/25 13:26:28 __main__ INFO] - -            v4            : 0.3472 (acc: 0.8852) |           v6: 0.3291 (acc: 0.8900)
[2018/09/25 13:26:28 __main__ INFO] - -            c10_50k       : 0.0622 (acc: 0.9923)
[2018/09/25 13:26:28 __main__ INFO] - Elapsed 48.40
keys:  dict_keys(['epoch', 'c10h_train_loss', 'c10h_train_acc', 'c10h_val_loss', 'c10h_val_acc', 'c10h_train_c10_loss', 'c10h_train_c10_acc', 'c10h_val_c10_loss', 'c10h_val_c10_acc', 'v4_loss', 'v4_acc', 'v6_loss', 'v6_acc', 'c10_50k_loss', 'c10_50k_acc']) 
 c10h_outdir:  /tigress/ruairidh/model_results/run_1/saves/wrn_28_10/con_False_lr_0.01_seed_1
[2018/09/25 13:26:28 __main__ INFO] - Train 42
[2018/09/25 13:26:48 __main__ INFO] - TEST 42
[2018/09/25 13:27:36 __main__ INFO] - - epoch 42    c10h_train    : 0.1852 (acc: 0.9907) | c10h_val    : 0.2976 (acc: 0.9500)
[2018/09/25 13:27:36 __main__ INFO] - -            c10h_train_c10: 0.0643 (acc: 0.9851) | c10h_val_c10: 0.1572 (acc: 0.9480)
[2018/09/25 13:27:36 __main__ INFO] - -            v4            : 0.3623 (acc: 0.8897) |           v6: 0.3291 (acc: 0.8955)
[2018/09/25 13:27:36 __main__ INFO] - -            c10_50k       : 0.0669 (acc: 0.9916)
[2018/09/25 13:27:36 __main__ INFO] - Elapsed 48.25
keys:  dict_keys(['epoch', 'c10h_train_loss', 'c10h_train_acc', 'c10h_val_loss', 'c10h_val_acc', 'c10h_train_c10_loss', 'c10h_train_c10_acc', 'c10h_val_c10_loss', 'c10h_val_c10_acc', 'v4_loss', 'v4_acc', 'v6_loss', 'v6_acc', 'c10_50k_loss', 'c10_50k_acc']) 
 c10h_outdir:  /tigress/ruairidh/model_results/run_1/saves/wrn_28_10/con_False_lr_0.01_seed_1
[2018/09/25 13:27:39 __main__ INFO] - Train 43
[2018/09/25 13:27:59 __main__ INFO] - TEST 43
[2018/09/25 13:28:47 __main__ INFO] - - epoch 43    c10h_train    : 0.1853 (acc: 0.9892) | c10h_val    : 0.2892 (acc: 0.9550)
[2018/09/25 13:28:47 __main__ INFO] - -            c10h_train_c10: 0.0638 (acc: 0.9861) | c10h_val_c10: 0.1463 (acc: 0.9580)
[2018/09/25 13:28:47 __main__ INFO] - -            v4            : 0.3626 (acc: 0.8817) |           v6: 0.3353 (acc: 0.8935)
[2018/09/25 13:28:47 __main__ INFO] - -            c10_50k       : 0.0639 (acc: 0.9930)
[2018/09/25 13:28:47 __main__ INFO] - Elapsed 48.73
keys:  dict_keys(['epoch', 'c10h_train_loss', 'c10h_train_acc', 'c10h_val_loss', 'c10h_val_acc', 'c10h_train_c10_loss', 'c10h_train_c10_acc', 'c10h_val_c10_loss', 'c10h_val_c10_acc', 'v4_loss', 'v4_acc', 'v6_loss', 'v6_acc', 'c10_50k_loss', 'c10_50k_acc']) 
 c10h_outdir:  /tigress/ruairidh/model_results/run_1/saves/wrn_28_10/con_False_lr_0.01_seed_1
[2018/09/25 13:28:49 __main__ INFO] - Train 44
[2018/09/25 13:29:09 __main__ INFO] - TEST 44
[2018/09/25 13:29:57 __main__ INFO] - - epoch 44    c10h_train    : 0.1847 (acc: 0.9899) | c10h_val    : 0.2858 (acc: 0.9550)
[2018/09/25 13:29:57 __main__ INFO] - -            c10h_train_c10: 0.0621 (acc: 0.9851) | c10h_val_c10: 0.1393 (acc: 0.9540)
[2018/09/25 13:29:57 __main__ INFO] - -            v4            : 0.3484 (acc: 0.8852) |           v6: 0.3195 (acc: 0.9005)
[2018/09/25 13:29:57 __main__ INFO] - -            c10_50k       : 0.0613 (acc: 0.9924)
[2018/09/25 13:29:57 __main__ INFO] - Elapsed 48.31
keys:  dict_keys(['epoch', 'c10h_train_loss', 'c10h_train_acc', 'c10h_val_loss', 'c10h_val_acc', 'c10h_train_c10_loss', 'c10h_train_c10_acc', 'c10h_val_c10_loss', 'c10h_val_c10_acc', 'v4_loss', 'v4_acc', 'v6_loss', 'v6_acc', 'c10_50k_loss', 'c10_50k_acc']) 
 c10h_outdir:  /tigress/ruairidh/model_results/run_1/saves/wrn_28_10/con_False_lr_0.01_seed_1
[2018/09/25 13:30:00 __main__ INFO] - Train 45
[2018/09/25 13:30:20 __main__ INFO] - TEST 45
[2018/09/25 13:31:08 __main__ INFO] - - epoch 45    c10h_train    : 0.1846 (acc: 0.9901) | c10h_val    : 0.2919 (acc: 0.9530)
[2018/09/25 13:31:08 __main__ INFO] - -            c10h_train_c10: 0.0646 (acc: 0.9852) | c10h_val_c10: 0.1489 (acc: 0.9530)
[2018/09/25 13:31:08 __main__ INFO] - -            v4            : 0.3600 (acc: 0.8852) |           v6: 0.3327 (acc: 0.8955)
[2018/09/25 13:31:08 __main__ INFO] - -            c10_50k       : 0.0634 (acc: 0.9930)
[2018/09/25 13:31:08 __main__ INFO] - Elapsed 48.22
keys:  dict_keys(['epoch', 'c10h_train_loss', 'c10h_train_acc', 'c10h_val_loss', 'c10h_val_acc', 'c10h_train_c10_loss', 'c10h_train_c10_acc', 'c10h_val_c10_loss', 'c10h_val_c10_acc', 'v4_loss', 'v4_acc', 'v6_loss', 'v6_acc', 'c10_50k_loss', 'c10_50k_acc']) 
 c10h_outdir:  /tigress/ruairidh/model_results/run_1/saves/wrn_28_10/con_False_lr_0.01_seed_1
[2018/09/25 13:31:12 __main__ INFO] - Train 46
[2018/09/25 13:31:31 __main__ INFO] - TEST 46
[2018/09/25 13:32:20 __main__ INFO] - - epoch 46    c10h_train    : 0.1837 (acc: 0.9910) | c10h_val    : 0.2916 (acc: 0.9590)
[2018/09/25 13:32:20 __main__ INFO] - -            c10h_train_c10: 0.0657 (acc: 0.9858) | c10h_val_c10: 0.1502 (acc: 0.9590)
[2018/09/25 13:32:20 __main__ INFO] - -            v4            : 0.3687 (acc: 0.8798) |           v6: 0.3358 (acc: 0.8930)
[2018/09/25 13:32:20 __main__ INFO] - -            c10_50k       : 0.0678 (acc: 0.9922)
[2018/09/25 13:32:20 __main__ INFO] - Elapsed 48.43
keys:  dict_keys(['epoch', 'c10h_train_loss', 'c10h_train_acc', 'c10h_val_loss', 'c10h_val_acc', 'c10h_train_c10_loss', 'c10h_train_c10_acc', 'c10h_val_c10_loss', 'c10h_val_c10_acc', 'v4_loss', 'v4_acc', 'v6_loss', 'v6_acc', 'c10_50k_loss', 'c10_50k_acc']) 
 c10h_outdir:  /tigress/ruairidh/model_results/run_1/saves/wrn_28_10/con_False_lr_0.01_seed_1
[2018/09/25 13:32:24 __main__ INFO] - Train 47
[2018/09/25 13:32:43 __main__ INFO] - TEST 47
[2018/09/25 13:33:32 __main__ INFO] - - epoch 47    c10h_train    : 0.1837 (acc: 0.9900) | c10h_val    : 0.2947 (acc: 0.9550)
[2018/09/25 13:33:32 __main__ INFO] - -            c10h_train_c10: 0.0594 (acc: 0.9860) | c10h_val_c10: 0.1455 (acc: 0.9550)
[2018/09/25 13:33:32 __main__ INFO] - -            v4            : 0.3537 (acc: 0.8872) |           v6: 0.3299 (acc: 0.8950)
[2018/09/25 13:33:32 __main__ INFO] - -            c10_50k       : 0.0580 (acc: 0.9930)
[2018/09/25 13:33:32 __main__ INFO] - Elapsed 48.46
keys:  dict_keys(['epoch', 'c10h_train_loss', 'c10h_train_acc', 'c10h_val_loss', 'c10h_val_acc', 'c10h_train_c10_loss', 'c10h_train_c10_acc', 'c10h_val_c10_loss', 'c10h_val_c10_acc', 'v4_loss', 'v4_acc', 'v6_loss', 'v6_acc', 'c10_50k_loss', 'c10_50k_acc']) 
 c10h_outdir:  /tigress/ruairidh/model_results/run_1/saves/wrn_28_10/con_False_lr_0.01_seed_1
[2018/09/25 13:33:36 __main__ INFO] - Train 48
[2018/09/25 13:33:55 __main__ INFO] - TEST 48
[2018/09/25 13:34:44 __main__ INFO] - - epoch 48    c10h_train    : 0.1836 (acc: 0.9926) | c10h_val    : 0.2990 (acc: 0.9460)
[2018/09/25 13:34:44 __main__ INFO] - -            c10h_train_c10: 0.0665 (acc: 0.9870) | c10h_val_c10: 0.1572 (acc: 0.9460)
[2018/09/25 13:34:44 __main__ INFO] - -            v4            : 0.3602 (acc: 0.8842) |           v6: 0.3262 (acc: 0.8985)
[2018/09/25 13:34:44 __main__ INFO] - -            c10_50k       : 0.0697 (acc: 0.9921)
[2018/09/25 13:34:44 __main__ INFO] - Elapsed 48.31
keys:  dict_keys(['epoch', 'c10h_train_loss', 'c10h_train_acc', 'c10h_val_loss', 'c10h_val_acc', 'c10h_train_c10_loss', 'c10h_train_c10_acc', 'c10h_val_c10_loss', 'c10h_val_c10_acc', 'v4_loss', 'v4_acc', 'v6_loss', 'v6_acc', 'c10_50k_loss', 'c10_50k_acc']) 
 c10h_outdir:  /tigress/ruairidh/model_results/run_1/saves/wrn_28_10/con_False_lr_0.01_seed_1
[2018/09/25 13:34:47 __main__ INFO] - Train 49
[2018/09/25 13:35:06 __main__ INFO] - TEST 49
[2018/09/25 13:35:55 __main__ INFO] - - epoch 49    c10h_train    : 0.1832 (acc: 0.9893) | c10h_val    : 0.2964 (acc: 0.9570)
[2018/09/25 13:35:55 __main__ INFO] - -            c10h_train_c10: 0.0601 (acc: 0.9850) | c10h_val_c10: 0.1435 (acc: 0.9560)
[2018/09/25 13:35:55 __main__ INFO] - -            v4            : 0.3437 (acc: 0.8916) |           v6: 0.3225 (acc: 0.8975)
[2018/09/25 13:35:55 __main__ INFO] - -            c10_50k       : 0.0590 (acc: 0.9927)
[2018/09/25 13:35:55 __main__ INFO] - Elapsed 48.50
keys:  dict_keys(['epoch', 'c10h_train_loss', 'c10h_train_acc', 'c10h_val_loss', 'c10h_val_acc', 'c10h_train_c10_loss', 'c10h_train_c10_acc', 'c10h_val_c10_loss', 'c10h_val_c10_acc', 'v4_loss', 'v4_acc', 'v6_loss', 'v6_acc', 'c10_50k_loss', 'c10_50k_acc']) 
 c10h_outdir:  /tigress/ruairidh/model_results/run_1/saves/wrn_28_10/con_False_lr_0.01_seed_1
[2018/09/25 13:35:57 __main__ INFO] - Train 50
[2018/09/25 13:36:16 __main__ INFO] - TEST 50
[2018/09/25 13:37:05 __main__ INFO] - - epoch 50    c10h_train    : 0.1825 (acc: 0.9917) | c10h_val    : 0.2974 (acc: 0.9510)
[2018/09/25 13:37:05 __main__ INFO] - -            c10h_train_c10: 0.0631 (acc: 0.9859) | c10h_val_c10: 0.1524 (acc: 0.9490)
[2018/09/25 13:37:05 __main__ INFO] - -            v4            : 0.3692 (acc: 0.8773) |           v6: 0.3413 (acc: 0.8905)
[2018/09/25 13:37:05 __main__ INFO] - -            c10_50k       : 0.0643 (acc: 0.9919)
[2018/09/25 13:37:05 __main__ INFO] - Elapsed 48.55
keys:  dict_keys(['epoch', 'c10h_train_loss', 'c10h_train_acc', 'c10h_val_loss', 'c10h_val_acc', 'c10h_train_c10_loss', 'c10h_train_c10_acc', 'c10h_val_c10_loss', 'c10h_val_c10_acc', 'v4_loss', 'v4_acc', 'v6_loss', 'v6_acc', 'c10_50k_loss', 'c10_50k_acc']) 
 c10h_outdir:  /tigress/ruairidh/model_results/run_1/saves/wrn_28_10/con_False_lr_0.01_seed_1
[2018/09/25 13:37:06 __main__ INFO] - Train 51
[2018/09/25 13:37:26 __main__ INFO] - TEST 51
[2018/09/25 13:38:14 __main__ INFO] - - epoch 51    c10h_train    : 0.1829 (acc: 0.9916) | c10h_val    : 0.2886 (acc: 0.9600)
[2018/09/25 13:38:14 __main__ INFO] - -            c10h_train_c10: 0.0646 (acc: 0.9867) | c10h_val_c10: 0.1431 (acc: 0.9600)
[2018/09/25 13:38:14 __main__ INFO] - -            v4            : 0.3607 (acc: 0.8867) |           v6: 0.3271 (acc: 0.8965)
[2018/09/25 13:38:14 __main__ INFO] - -            c10_50k       : 0.0667 (acc: 0.9919)
[2018/09/25 13:38:14 __main__ INFO] - Elapsed 48.47
keys:  dict_keys(['epoch', 'c10h_train_loss', 'c10h_train_acc', 'c10h_val_loss', 'c10h_val_acc', 'c10h_train_c10_loss', 'c10h_train_c10_acc', 'c10h_val_c10_loss', 'c10h_val_c10_acc', 'v4_loss', 'v4_acc', 'v6_loss', 'v6_acc', 'c10_50k_loss', 'c10_50k_acc']) 
 c10h_outdir:  /tigress/ruairidh/model_results/run_1/saves/wrn_28_10/con_False_lr_0.01_seed_1
[2018/09/25 13:38:17 __main__ INFO] - Train 52
[2018/09/25 13:38:36 __main__ INFO] - TEST 52
[2018/09/25 13:39:25 __main__ INFO] - - epoch 52    c10h_train    : 0.1829 (acc: 0.9913) | c10h_val    : 0.3047 (acc: 0.9530)
[2018/09/25 13:39:25 __main__ INFO] - -            c10h_train_c10: 0.0603 (acc: 0.9860) | c10h_val_c10: 0.1588 (acc: 0.9530)
[2018/09/25 13:39:25 __main__ INFO] - -            v4            : 0.3763 (acc: 0.8758) |           v6: 0.3511 (acc: 0.8865)
[2018/09/25 13:39:25 __main__ INFO] - -            c10_50k       : 0.0639 (acc: 0.9915)
[2018/09/25 13:39:25 __main__ INFO] - Elapsed 48.35
keys:  dict_keys(['epoch', 'c10h_train_loss', 'c10h_train_acc', 'c10h_val_loss', 'c10h_val_acc', 'c10h_train_c10_loss', 'c10h_train_c10_acc', 'c10h_val_c10_loss', 'c10h_val_c10_acc', 'v4_loss', 'v4_acc', 'v6_loss', 'v6_acc', 'c10_50k_loss', 'c10_50k_acc']) 
 c10h_outdir:  /tigress/ruairidh/model_results/run_1/saves/wrn_28_10/con_False_lr_0.01_seed_1
[2018/09/25 13:39:27 __main__ INFO] - Train 53
[2018/09/25 13:39:46 __main__ INFO] - TEST 53
[2018/09/25 13:40:35 __main__ INFO] - - epoch 53    c10h_train    : 0.1836 (acc: 0.9893) | c10h_val    : 0.3064 (acc: 0.9520)
[2018/09/25 13:40:35 __main__ INFO] - -            c10h_train_c10: 0.0628 (acc: 0.9850) | c10h_val_c10: 0.1571 (acc: 0.9520)
[2018/09/25 13:40:35 __main__ INFO] - -            v4            : 0.3714 (acc: 0.8808) |           v6: 0.3428 (acc: 0.8895)
[2018/09/25 13:40:35 __main__ INFO] - -            c10_50k       : 0.0670 (acc: 0.9907)
[2018/09/25 13:40:35 __main__ INFO] - Elapsed 48.50
keys:  dict_keys(['epoch', 'c10h_train_loss', 'c10h_train_acc', 'c10h_val_loss', 'c10h_val_acc', 'c10h_train_c10_loss', 'c10h_train_c10_acc', 'c10h_val_c10_loss', 'c10h_val_c10_acc', 'v4_loss', 'v4_acc', 'v6_loss', 'v6_acc', 'c10_50k_loss', 'c10_50k_acc']) 
 c10h_outdir:  /tigress/ruairidh/model_results/run_1/saves/wrn_28_10/con_False_lr_0.01_seed_1
[2018/09/25 13:40:36 __main__ INFO] - Train 54
[2018/09/25 13:40:56 __main__ INFO] - TEST 54
[2018/09/25 13:41:44 __main__ INFO] - - epoch 54    c10h_train    : 0.1817 (acc: 0.9899) | c10h_val    : 0.3045 (acc: 0.9480)
[2018/09/25 13:41:45 __main__ INFO] - -            c10h_train_c10: 0.0632 (acc: 0.9854) | c10h_val_c10: 0.1580 (acc: 0.9490)
[2018/09/25 13:41:45 __main__ INFO] - -            v4            : 0.3656 (acc: 0.8847) |           v6: 0.3321 (acc: 0.8950)
[2018/09/25 13:41:45 __main__ INFO] - -            c10_50k       : 0.0644 (acc: 0.9916)
[2018/09/25 13:41:45 __main__ INFO] - Elapsed 48.53
keys:  dict_keys(['epoch', 'c10h_train_loss', 'c10h_train_acc', 'c10h_val_loss', 'c10h_val_acc', 'c10h_train_c10_loss', 'c10h_train_c10_acc', 'c10h_val_c10_loss', 'c10h_val_c10_acc', 'v4_loss', 'v4_acc', 'v6_loss', 'v6_acc', 'c10_50k_loss', 'c10_50k_acc']) 
 c10h_outdir:  /tigress/ruairidh/model_results/run_1/saves/wrn_28_10/con_False_lr_0.01_seed_1
[2018/09/25 13:41:45 __main__ INFO] - Train 55
[2018/09/25 13:42:05 __main__ INFO] - TEST 55
[2018/09/25 13:42:53 __main__ INFO] - - epoch 55    c10h_train    : 0.1816 (acc: 0.9900) | c10h_val    : 0.2972 (acc: 0.9520)
[2018/09/25 13:42:53 __main__ INFO] - -            c10h_train_c10: 0.0639 (acc: 0.9856) | c10h_val_c10: 0.1491 (acc: 0.9530)
[2018/09/25 13:42:53 __main__ INFO] - -            v4            : 0.3683 (acc: 0.8812) |           v6: 0.3299 (acc: 0.8930)
[2018/09/25 13:42:53 __main__ INFO] - -            c10_50k       : 0.0658 (acc: 0.9915)
[2018/09/25 13:42:53 __main__ INFO] - Elapsed 48.26
keys:  dict_keys(['epoch', 'c10h_train_loss', 'c10h_train_acc', 'c10h_val_loss', 'c10h_val_acc', 'c10h_train_c10_loss', 'c10h_train_c10_acc', 'c10h_val_c10_loss', 'c10h_val_c10_acc', 'v4_loss', 'v4_acc', 'v6_loss', 'v6_acc', 'c10_50k_loss', 'c10_50k_acc']) 
 c10h_outdir:  /tigress/ruairidh/model_results/run_1/saves/wrn_28_10/con_False_lr_0.01_seed_1
[2018/09/25 13:42:55 __main__ INFO] - Train 56
[2018/09/25 13:43:14 __main__ INFO] - TEST 56
[2018/09/25 13:44:03 __main__ INFO] - - epoch 56    c10h_train    : 0.1814 (acc: 0.9901) | c10h_val    : 0.2950 (acc: 0.9570)
[2018/09/25 13:44:03 __main__ INFO] - -            c10h_train_c10: 0.0665 (acc: 0.9853) | c10h_val_c10: 0.1497 (acc: 0.9580)
[2018/09/25 13:44:03 __main__ INFO] - -            v4            : 0.3824 (acc: 0.8768) |           v6: 0.3328 (acc: 0.8975)
[2018/09/25 13:44:03 __main__ INFO] - -            c10_50k       : 0.0687 (acc: 0.9916)
[2018/09/25 13:44:03 __main__ INFO] - Elapsed 48.66
keys:  dict_keys(['epoch', 'c10h_train_loss', 'c10h_train_acc', 'c10h_val_loss', 'c10h_val_acc', 'c10h_train_c10_loss', 'c10h_train_c10_acc', 'c10h_val_c10_loss', 'c10h_val_c10_acc', 'v4_loss', 'v4_acc', 'v6_loss', 'v6_acc', 'c10_50k_loss', 'c10_50k_acc']) 
 c10h_outdir:  /tigress/ruairidh/model_results/run_1/saves/wrn_28_10/con_False_lr_0.01_seed_1
[2018/09/25 13:44:05 __main__ INFO] - Train 57
[2018/09/25 13:44:25 __main__ INFO] - TEST 57
[2018/09/25 13:45:13 __main__ INFO] - - epoch 57    c10h_train    : 0.1810 (acc: 0.9906) | c10h_val    : 0.2958 (acc: 0.9550)
[2018/09/25 13:45:13 __main__ INFO] - -            c10h_train_c10: 0.0610 (acc: 0.9859) | c10h_val_c10: 0.1443 (acc: 0.9550)
[2018/09/25 13:45:13 __main__ INFO] - -            v4            : 0.3654 (acc: 0.8882) |           v6: 0.3340 (acc: 0.8970)
[2018/09/25 13:45:13 __main__ INFO] - -            c10_50k       : 0.0604 (acc: 0.9926)
[2018/09/25 13:45:13 __main__ INFO] - Elapsed 48.48
keys:  dict_keys(['epoch', 'c10h_train_loss', 'c10h_train_acc', 'c10h_val_loss', 'c10h_val_acc', 'c10h_train_c10_loss', 'c10h_train_c10_acc', 'c10h_val_c10_loss', 'c10h_val_c10_acc', 'v4_loss', 'v4_acc', 'v6_loss', 'v6_acc', 'c10_50k_loss', 'c10_50k_acc']) 
 c10h_outdir:  /tigress/ruairidh/model_results/run_1/saves/wrn_28_10/con_False_lr_0.01_seed_1
[2018/09/25 13:45:16 __main__ INFO] - Train 58
[2018/09/25 13:45:35 __main__ INFO] - TEST 58
[2018/09/25 13:46:23 __main__ INFO] - - epoch 58    c10h_train    : 0.1813 (acc: 0.9902) | c10h_val    : 0.2939 (acc: 0.9560)
[2018/09/25 13:46:23 __main__ INFO] - -            c10h_train_c10: 0.0651 (acc: 0.9848) | c10h_val_c10: 0.1474 (acc: 0.9560)
[2018/09/25 13:46:23 __main__ INFO] - -            v4            : 0.3723 (acc: 0.8852) |           v6: 0.3381 (acc: 0.8930)
[2018/09/25 13:46:23 __main__ INFO] - -            c10_50k       : 0.0651 (acc: 0.9913)
[2018/09/25 13:46:23 __main__ INFO] - Elapsed 48.17
keys:  dict_keys(['epoch', 'c10h_train_loss', 'c10h_train_acc', 'c10h_val_loss', 'c10h_val_acc', 'c10h_train_c10_loss', 'c10h_train_c10_acc', 'c10h_val_c10_loss', 'c10h_val_c10_acc', 'v4_loss', 'v4_acc', 'v6_loss', 'v6_acc', 'c10_50k_loss', 'c10_50k_acc']) 
 c10h_outdir:  /tigress/ruairidh/model_results/run_1/saves/wrn_28_10/con_False_lr_0.01_seed_1
[2018/09/25 13:46:25 __main__ INFO] - Train 59
[2018/09/25 13:46:44 __main__ INFO] - TEST 59
[2018/09/25 13:47:33 __main__ INFO] - - epoch 59    c10h_train    : 0.1806 (acc: 0.9907) | c10h_val    : 0.2897 (acc: 0.9550)
[2018/09/25 13:47:33 __main__ INFO] - -            c10h_train_c10: 0.0656 (acc: 0.9859) | c10h_val_c10: 0.1400 (acc: 0.9560)
[2018/09/25 13:47:33 __main__ INFO] - -            v4            : 0.3778 (acc: 0.8808) |           v6: 0.3364 (acc: 0.8980)
[2018/09/25 13:47:33 __main__ INFO] - -            c10_50k       : 0.0656 (acc: 0.9924)
[2018/09/25 13:47:33 __main__ INFO] - Elapsed 48.32
keys:  dict_keys(['epoch', 'c10h_train_loss', 'c10h_train_acc', 'c10h_val_loss', 'c10h_val_acc', 'c10h_train_c10_loss', 'c10h_train_c10_acc', 'c10h_val_c10_loss', 'c10h_val_c10_acc', 'v4_loss', 'v4_acc', 'v6_loss', 'v6_acc', 'c10_50k_loss', 'c10_50k_acc']) 
 c10h_outdir:  /tigress/ruairidh/model_results/run_1/saves/wrn_28_10/con_False_lr_0.01_seed_1
[2018/09/25 13:47:33 __main__ INFO] - Train 60
[2018/09/25 13:47:53 __main__ INFO] - TEST 60
[2018/09/25 13:48:41 __main__ INFO] - - epoch 60    c10h_train    : 0.1801 (acc: 0.9912) | c10h_val    : 0.2928 (acc: 0.9570)
[2018/09/25 13:48:41 __main__ INFO] - -            c10h_train_c10: 0.0627 (acc: 0.9857) | c10h_val_c10: 0.1464 (acc: 0.9570)
[2018/09/25 13:48:41 __main__ INFO] - -            v4            : 0.3563 (acc: 0.8832) |           v6: 0.3356 (acc: 0.8945)
[2018/09/25 13:48:41 __main__ INFO] - -            c10_50k       : 0.0637 (acc: 0.9923)
[2018/09/25 13:48:41 __main__ INFO] - Elapsed 48.45
keys:  dict_keys(['epoch', 'c10h_train_loss', 'c10h_train_acc', 'c10h_val_loss', 'c10h_val_acc', 'c10h_train_c10_loss', 'c10h_train_c10_acc', 'c10h_val_c10_loss', 'c10h_val_c10_acc', 'v4_loss', 'v4_acc', 'v6_loss', 'v6_acc', 'c10_50k_loss', 'c10_50k_acc']) 
 c10h_outdir:  /tigress/ruairidh/model_results/run_1/saves/wrn_28_10/con_False_lr_0.01_seed_1
[2018/09/25 13:48:42 __main__ INFO] - Train 61
[2018/09/25 13:49:02 __main__ INFO] - TEST 61
[2018/09/25 13:49:50 __main__ INFO] - - epoch 61    c10h_train    : 0.1779 (acc: 0.9910) | c10h_val    : 0.2927 (acc: 0.9590)
[2018/09/25 13:49:50 __main__ INFO] - -            c10h_train_c10: 0.0615 (acc: 0.9864) | c10h_val_c10: 0.1447 (acc: 0.9590)
[2018/09/25 13:49:50 __main__ INFO] - -            v4            : 0.3526 (acc: 0.8842) |           v6: 0.3309 (acc: 0.8990)
[2018/09/25 13:49:50 __main__ INFO] - -            c10_50k       : 0.0604 (acc: 0.9931)
[2018/09/25 13:49:50 __main__ INFO] - Elapsed 48.40
keys:  dict_keys(['epoch', 'c10h_train_loss', 'c10h_train_acc', 'c10h_val_loss', 'c10h_val_acc', 'c10h_train_c10_loss', 'c10h_train_c10_acc', 'c10h_val_c10_loss', 'c10h_val_c10_acc', 'v4_loss', 'v4_acc', 'v6_loss', 'v6_acc', 'c10_50k_loss', 'c10_50k_acc']) 
 c10h_outdir:  /tigress/ruairidh/model_results/run_1/saves/wrn_28_10/con_False_lr_0.01_seed_1
[2018/09/25 13:49:52 __main__ INFO] - Train 62
[2018/09/25 13:50:11 __main__ INFO] - TEST 62
[2018/09/25 13:51:00 __main__ INFO] - - epoch 62    c10h_train    : 0.1772 (acc: 0.9921) | c10h_val    : 0.2915 (acc: 0.9600)
[2018/09/25 13:51:00 __main__ INFO] - -            c10h_train_c10: 0.0607 (acc: 0.9870) | c10h_val_c10: 0.1416 (acc: 0.9600)
[2018/09/25 13:51:00 __main__ INFO] - -            v4            : 0.3492 (acc: 0.8892) |           v6: 0.3279 (acc: 0.9010)
[2018/09/25 13:51:00 __main__ INFO] - -            c10_50k       : 0.0588 (acc: 0.9932)
[2018/09/25 13:51:00 __main__ INFO] - Elapsed 48.77
keys:  dict_keys(['epoch', 'c10h_train_loss', 'c10h_train_acc', 'c10h_val_loss', 'c10h_val_acc', 'c10h_train_c10_loss', 'c10h_train_c10_acc', 'c10h_val_c10_loss', 'c10h_val_c10_acc', 'v4_loss', 'v4_acc', 'v6_loss', 'v6_acc', 'c10_50k_loss', 'c10_50k_acc']) 
 c10h_outdir:  /tigress/ruairidh/model_results/run_1/saves/wrn_28_10/con_False_lr_0.01_seed_1
[2018/09/25 13:51:03 __main__ INFO] - Train 63
[2018/09/25 13:51:23 __main__ INFO] - TEST 63
[2018/09/25 13:52:11 __main__ INFO] - - epoch 63    c10h_train    : 0.1771 (acc: 0.9910) | c10h_val    : 0.2888 (acc: 0.9570)
[2018/09/25 13:52:11 __main__ INFO] - -            c10h_train_c10: 0.0622 (acc: 0.9872) | c10h_val_c10: 0.1403 (acc: 0.9570)
[2018/09/25 13:52:11 __main__ INFO] - -            v4            : 0.3485 (acc: 0.8921) |           v6: 0.3293 (acc: 0.9010)
[2018/09/25 13:52:11 __main__ INFO] - -            c10_50k       : 0.0611 (acc: 0.9931)
[2018/09/25 13:52:11 __main__ INFO] - Elapsed 48.30
keys:  dict_keys(['epoch', 'c10h_train_loss', 'c10h_train_acc', 'c10h_val_loss', 'c10h_val_acc', 'c10h_train_c10_loss', 'c10h_train_c10_acc', 'c10h_val_c10_loss', 'c10h_val_c10_acc', 'v4_loss', 'v4_acc', 'v6_loss', 'v6_acc', 'c10_50k_loss', 'c10_50k_acc']) 
 c10h_outdir:  /tigress/ruairidh/model_results/run_1/saves/wrn_28_10/con_False_lr_0.01_seed_1
[2018/09/25 13:52:13 __main__ INFO] - Train 64
[2018/09/25 13:52:33 __main__ INFO] - TEST 64
slurmstepd: error: *** JOB 1456665 ON tiger-i20g6 CANCELLED AT 2018-09-25T13:52:46 DUE TO TIME LIMIT ***
